17P1R1A4_03405	17P1R1A4_03405	100.000	1133	0	0	1	1133	1	1133	0.0	2341
17P1R1A4_03405	8P2R1A11_04509	98.072	1089	21	0	45	1133	1	1089	0.0	2214
17P1R1A4_03405	1P1R1A1_04700	96.561	785	27	0	349	1133	1	785	0.0	1569
17P1R1A4_03405	3P1R3A2_04808	97.487	756	19	0	378	1133	1	756	0.0	1522
17P1R1A4_03405	40P3R1A10_04613	95.614	342	15	0	792	1133	1	342	0.0	675
17P1R1A4_03405	11P3R3A1_04724	95.906	342	14	0	792	1133	1	342	0.0	674
17P1R1A4_03405	34P3R2A10_05234	97.260	219	6	0	915	1133	1	219	2.65e-145	435
17P1R1A4_03405	29P3R3A9_01791	95.312	64	3	0	495	558	1	64	1.29e-31	118
17P1R1A4_03407	17P1R1A4_03407	100.000	248	0	0	1	248	1	248	0.0	516
17P1R1A4_03407	25P2R1A13_03689	97.177	248	7	0	1	248	1	248	0.0	503
17P1R1A4_03407	3P1R3A2_04579	95.968	248	10	0	1	248	1	248	0.0	499
17P1R1A4_03407	19P1R1A6_03593	96.341	246	9	0	1	246	1	246	1.22e-180	495
17P1R1A4_03407	7P1R3A5_04159	97.500	200	5	0	49	248	1	200	1.82e-146	407
17P1R1A4_03407	34P3R2A10_04741	95.500	200	9	0	49	248	1	200	1.61e-145	404
17P1R1A4_03407	11P3R3A1_04469	96.000	200	8	0	49	248	1	200	2.05e-145	404
17P1R1A4_03407	1P1R1A1_04625	96.500	200	7	0	49	248	1	200	6.57e-144	400
17P1R1A4_03407	12_1P1R2A2-1_04429	96.000	200	8	0	49	248	1	200	8.18e-144	400
17P1R1A4_03407	11P3R3A1_04668	95.960	198	8	0	49	246	1	198	3.12e-143	399
17P1R1A4_03407	2P1R1A2_02483	95.500	200	9	0	49	248	1	200	3.22e-143	399
17P1R1A4_03407	32P3R2A9_05789	97.895	190	4	0	59	248	1	190	1.96e-139	389
17P1R1A4_03407	15P1R1A16_05065	96.277	188	7	0	59	246	1	188	9.71e-136	379
17P1R1A4_03407	7P1R3A5_04733	97.814	183	4	0	64	246	1	183	5.18e-133	372
17P1R1A4_03407	43P2R2A2_04912	100.000	113	0	0	136	248	1	113	8.17e-81	238
17P1R1A4_03407	43P2R2A2_05513	95.495	111	5	0	136	246	1	111	3.40e-75	223
17P1R1A4_03410	17P1R1A4_03410	100.000	1019	0	0	1	1019	1	1019	0.0	2051
17P1R1A4_03410	11P3R3A1_04466	95.401	1022	44	1	1	1019	1	1022	0.0	1905
17P1R1A4_03410	40P3R1A10_04626	100.000	55	0	0	965	1019	1	55	1.60e-31	117
17P1R1A4_03412	17P1R1A4_03412	100.000	129	0	0	1	129	1	129	5.50e-93	264
17P1R1A4_03412	3P1R3A2_04584	96.124	129	5	0	1	129	1	129	1.16e-88	253
17P1R1A4_03413	17P1R1A4_03413	100.000	248	0	0	1	248	1	248	7.39e-180	493
17P1R1A4_03413	11P3R3A1_04463	97.581	248	6	0	1	248	1	248	6.95e-176	483
17P1R1A4_03413	40P3R1A10_04580	96.000	150	6	0	99	248	1	150	1.96e-97	281
17P1R1A4_03419	17P1R1A4_03419	100.000	492	0	0	1	492	1	492	0.0	1002
17P1R1A4_03419	11P3R3A1_04457	98.982	491	5	0	1	491	1	491	0.0	991
17P1R1A4_03419	15P1R1A16_04514	100.000	74	0	0	418	491	1	74	2.55e-45	153
17P1R1A4_03421	17P1R1A4_03421	100.000	645	0	0	1	645	1	645	0.0	1329
17P1R1A4_03421	12_1P1R2A2-1_04283	98.908	641	7	0	5	645	60	700	0.0	1304
17P1R1A4_03421	9P3R1A9_04553	97.368	114	3	0	532	645	1	114	4.97e-73	230
17P1R1A4_03421	30P2R3A4_00391	100.000	67	0	0	5	71	60	126	5.24e-38	138
17P1R1A4_03422	17P1R1A4_03422	100.000	200	0	0	1	200	1	200	2.51e-148	409
17P1R1A4_03424	17P1R1A4_03424	100.000	936	0	0	1	936	1	936	0.0	1870
17P1R1A4_03424	32P3R2A9_03098	97.329	936	25	0	1	936	1	936	0.0	1826
17P1R1A4_03428	17P1R1A4_03428	100.000	370	0	0	1	370	1	370	0.0	762
17P1R1A4_03429	17P1R1A4_03429	100.000	222	0	0	1	222	1	222	2.28e-166	457
17P1R1A4_03430	17P1R1A4_03430	100.000	87	0	0	1	87	1	87	1.38e-62	184
17P1R1A4_03430	16_1P2R1A8-1_02295	97.701	87	2	0	1	87	1	87	2.87e-61	181
17P1R1A4_03431	17P1R1A4_03431	100.000	47	0	0	1	47	1	47	2.10e-28	94.7
17P1R1A4_03431	16_1P2R1A8-1_02296	97.872	47	1	0	1	47	1	47	8.02e-28	93.6
17P1R1A4_03431	10P3R2A13_04670	97.872	47	1	0	1	47	1	47	8.02e-28	93.6
17P1R1A4_03431	32P3R2A9_03091	95.745	47	2	0	1	47	1	47	6.19e-27	91.3
17P1R1A4_03450	17P1R1A4_03450	100.000	146	0	0	1	146	1	146	5.72e-105	295
17P1R1A4_03450	10P3R2A13_00907	99.315	146	1	0	1	146	123	268	2.41e-103	296
17P1R1A4_03450	25P2R1A13_00856	97.260	146	4	0	1	146	123	268	5.16e-101	290
17P1R1A4_03450	28P2R1A12_01057	96.575	146	5	0	1	146	123	268	6.68e-100	287
17P1R1A4_03450	12_1P1R2A2-1_00855	98.958	96	1	0	51	146	1	96	4.48e-65	193
17P1R1A4_03451	17P1R1A4_03451	100.000	119	0	0	1	119	1	119	9.72e-85	242
17P1R1A4_03451	11P3R3A1_02607	99.160	119	1	0	1	119	5	123	3.05e-84	241
17P1R1A4_03451	28P2R1A12_01057	95.763	118	5	0	1	118	1	118	7.98e-80	235
17P1R1A4_03476	17P1R1A4_03476	100.000	512	0	0	1	512	1	512	0.0	973
17P1R1A4_03476	25P2R1A13_00881	97.656	512	12	0	1	512	1	512	0.0	949
17P1R1A4_03476	10P3R2A13_00932	97.852	512	11	0	1	512	1	512	0.0	949
17P1R1A4_03480	17P1R1A4_03480	100.000	136	0	0	1	136	1	136	7.16e-96	272
17P1R1A4_03480	27P2R2A12_01258	97.794	136	3	0	1	136	1	136	4.35e-93	265
17P1R1A4_03480	10P3R2A13_00936	96.324	136	5	0	1	136	1	136	1.24e-91	261
17P1R1A4_03481	17P1R1A4_03481	100.000	91	0	0	1	91	1	91	7.33e-64	187
17P1R1A4_03481	10P3R2A13_00937	97.802	91	2	0	1	91	1	91	6.89e-63	185
17P1R1A4_03489	17P1R1A4_03489	100.000	214	0	0	1	214	1	214	6.64e-162	445
17P1R1A4_03489	10P3R2A13_00945	97.664	214	5	0	1	214	1	214	1.20e-156	432
17P1R1A4_03489	34P3R2A10_01420	100.000	66	0	0	149	214	1	66	1.63e-42	137
17P1R1A4_03525	10P3R2A13_03023	99.432	176	1	0	1	176	86	261	1.21e-129	363
17P1R1A4_03525	17P1R1A4_03525	100.000	176	0	0	1	176	1	176	1.43e-129	360
17P1R1A4_03526	17P1R1A4_03526	100.000	75	0	0	1	75	1	75	1.66e-51	155
17P1R1A4_03526	10P3R2A13_03023	100.000	74	0	0	1	74	1	74	3.59e-49	155
17P1R1A4_03547	17P1R1A4_03547	100.000	100	0	0	1	100	1	100	1.03e-65	192
17P1R1A4_03547	10P3R2A13_03002	98.000	100	2	0	1	100	1	100	7.97e-64	188
17P1R1A4_03598	17P1R1A4_03598	100.000	30	0	0	1	30	1	30	2.54e-14	58.2
17P1R1A4_03598	1P1R1A1_03753	96.667	30	1	0	1	30	1	30	1.84e-13	55.8
17P1R1A4_03723	17P1R1A4_03723	100.000	328	0	0	1	328	1	328	0.0	675
17P1R1A4_03723	27P2R2A12_02735	96.341	328	12	0	1	328	1	328	0.0	654
17P1R1A4_03723	12_1P1R2A2-1_01131	96.037	328	13	0	1	328	1	328	0.0	652
17P1R1A4_03724	17P1R1A4_03724	100.000	343	0	0	1	343	1	343	0.0	707
17P1R1A4_03758	17P1R1A4_03758	100.000	408	0	0	1	408	1	408	0.0	842
17P1R1A4_03759	17P1R1A4_03759	100.000	542	0	0	1	542	1	542	0.0	1122
17P1R1A4_03760	17P1R1A4_03760	100.000	567	0	0	1	567	1	567	0.0	1139
17P1R1A4_03761	17P1R1A4_03761	100.000	145	0	0	1	145	1	145	3.73e-106	298
17P1R1A4_03762	17P1R1A4_03762	100.000	344	0	0	1	344	1	344	0.0	718
17P1R1A4_03763	17P1R1A4_03763	100.000	68	0	0	1	68	1	68	1.37e-45	139
17P1R1A4_03764	17P1R1A4_03764	100.000	387	0	0	1	387	1	387	0.0	791
17P1R1A4_03765	17P1R1A4_03765	100.000	98	0	0	1	98	1	98	4.42e-69	201
17P1R1A4_03766	17P1R1A4_03766	100.000	54	0	0	1	54	1	54	1.17e-33	108
17P1R1A4_03766	43P2R2A2_04349	98.148	54	1	0	1	54	99	152	2.57e-32	108
17P1R1A4_03766	14P1R2A4_04777	98.148	54	1	0	1	54	407	460	9.43e-30	107
17P1R1A4_03804	17P1R1A4_03804	100.000	1845	0	0	1	1845	1	1845	0.0	3698
17P1R1A4_03804	11P3R3A1_03117	97.606	1838	44	0	8	1845	1	1838	0.0	3601
17P1R1A4_03804	32P3R2A9_03027	97.073	1845	54	0	1	1845	524	2368	0.0	3573
17P1R1A4_03804	33P3R2A2_00402	96.477	1845	65	0	1	1845	524	2368	0.0	3554
17P1R1A4_03804	16_1P2R1A8-1_04421	96.369	1845	67	0	1	1845	451	2295	0.0	3549
17P1R1A4_03804	14P1R2A4_04863	98.655	892	12	0	1	892	451	1342	0.0	1740
17P1R1A4_03804	19P1R1A6_04398	96.745	768	25	0	920	1687	1	768	0.0	1469
17P1R1A4_03804	15P1R1A16_04856	96.567	699	24	0	989	1687	1	699	0.0	1336
17P1R1A4_03804	30P2R3A4_00005	97.441	469	12	0	1377	1845	1	469	0.0	943
17P1R1A4_03804	34P3R2A10_04829	96.802	469	15	0	1377	1845	1	469	0.0	935
17P1R1A4_03804	15P1R1A16_04765	96.009	426	17	0	1420	1845	1	426	0.0	855
17P1R1A4_03804	1P1R1A1_00925	96.392	194	7	0	1652	1845	1	194	5.13e-131	407
17P1R1A4_03818	17P1R1A4_03818	100.000	372	0	0	1	372	1	372	0.0	751
17P1R1A4_03892	17P1R1A4_03892	100.000	385	0	0	1	385	1	385	0.0	783
17P1R1A4_03892	25P2R1A13_01318	97.922	385	8	0	1	385	1	385	0.0	766
17P1R1A4_03892	10P3R2A13_02602	97.403	385	10	0	1	385	1	385	0.0	766
17P1R1A4_03892	11P3R3A1_03614	96.364	385	14	0	1	385	1	385	0.0	754
17P1R1A4_03892	15P1R1A16_05043	95.113	266	13	0	120	385	1	266	0.0	514
17P1R1A4_03979	17P1R1A4_03979	100.000	565	0	0	1	565	1	565	0.0	1099
17P1R1A4_03979	11P3R3A1_04150	95.082	183	9	0	1	183	1	183	1.96e-111	344
17P1R1A4_04009	17P1R1A4_04009	100.000	70	0	0	1	70	1	70	1.62e-45	139
17P1R1A4_04009	10P3R2A13_03483	97.143	70	2	0	1	70	1	70	1.57e-43	134
17P1R1A4_04056	17P1R1A4_04056	100.000	237	0	0	1	237	1	237	2.34e-180	494
17P1R1A4_04056	25P2R1A13_03601	95.781	237	10	0	1	237	1	237	1.30e-173	476
17P1R1A4_04056	10P3R2A13_04700	100.000	226	0	0	1	226	1	226	1.25e-172	474
17P1R1A4_04056	16_1P2R1A8-1_04720	100.000	75	0	0	1	75	1	75	1.99e-50	159
17P1R1A4_04057	17P1R1A4_04057	100.000	164	0	0	1	164	1	164	2.78e-120	336
17P1R1A4_04058	17P1R1A4_04058	100.000	124	0	0	1	124	1	124	2.80e-90	256
17P1R1A4_04058	10P3R2A13_03929	99.010	101	1	0	1	101	1	101	4.94e-72	210
17P1R1A4_04058	1P1R1A1_04103	99.010	101	1	0	1	101	1	101	6.27e-72	211
17P1R1A4_04094	10P3R2A13_04712	100.000	573	0	0	1	573	419	991	0.0	1187
17P1R1A4_04094	5P3R2A4_04600	100.000	573	0	0	1	573	30	602	0.0	1176
17P1R1A4_04094	17P1R1A4_04094	100.000	573	0	0	1	573	1	573	0.0	1174
17P1R1A4_04094	25P2R1A13_03563	99.662	296	1	0	278	573	1	296	0.0	618
17P1R1A4_04094	25P2R1A13_03562	97.810	274	6	0	1	274	419	692	0.0	545
17P1R1A4_04095	17P1R1A4_04095	100.000	391	0	0	1	391	1	391	0.0	790
17P1R1A4_04095	10P3R2A13_04712	99.744	390	1	0	1	390	1	390	0.0	782
17P1R1A4_04095	25P2R1A13_03562	99.231	390	3	0	1	390	1	390	0.0	779
17P1R1A4_04097	17P1R1A4_04097	100.000	81	0	0	1	81	1	81	4.62e-56	167
17P1R1A4_04097	11P3R3A1_04195	95.062	81	4	0	1	81	40	120	4.33e-53	160
17P1R1A4_04097	25P2R1A13_03925	96.250	80	3	0	1	80	14	93	4.39e-53	164
17P1R1A4_04097	1P1R1A1_04544	96.250	80	3	0	1	80	1	80	5.62e-53	163
17P1R1A4_04097	4P1R1A3_04048	95.062	81	4	0	1	81	14	94	7.30e-53	159
17P1R1A4_04097	10P3R2A13_02531	95.062	81	4	0	1	81	1	81	9.13e-53	159
17P1R1A4_04097	14P1R2A4_02174	95.062	81	4	0	1	81	81	161	1.08e-52	161
17P1R1A4_04097	12_1P1R2A2-1_03750	96.250	80	3	0	1	80	81	160	2.94e-52	164
17P1R1A4_04097	12_1P1R2A2-1_03414	95.062	81	4	0	1	81	143	223	2.08e-51	160
17P1R1A4_04097	27P2R2A12_01795	95.062	81	4	0	1	81	153	233	2.81e-51	160
17P1R1A4_04097	25P2R1A13_01389	95.062	81	4	0	1	81	174	254	3.44e-51	160
17P1R1A4_04097	19P1R1A6_04705	96.250	80	3	0	1	80	174	253	6.72e-51	163
17P1R1A4_04097	10P3R2A13_03392	96.552	29	1	0	52	80	1	29	1.90e-14	63.9
17P1R1A4_04097	28P2R1A12_03914	96.552	29	1	0	52	80	1	29	1.98e-14	63.9
17P1R1A4_04122	17P1R1A4_04122	100.000	509	0	0	1	509	1	509	0.0	1031
17P1R1A4_04122	10P3R2A13_02556	99.174	484	4	0	1	484	1	484	0.0	966
17P1R1A4_04122	32P3R2A9_04100	100.000	304	0	0	1	304	1	304	0.0	611
17P1R1A4_04122	32P3R2A9_04099	99.342	152	1	0	333	484	1	152	6.48e-100	303
17P1R1A4_04123	17P1R1A4_04123	100.000	126	0	0	1	126	1	126	1.46e-85	245
17P1R1A4_04123	32P3R2A9_04099	100.000	126	0	0	1	126	182	307	6.48e-84	247
17P1R1A4_04123	10P3R2A13_02556	100.000	126	0	0	1	126	514	639	1.68e-81	251
17P1R1A4_04201	17P1R1A4_04201	100.000	298	0	0	1	298	1	298	0.0	614
17P1R1A4_04201	10P3R2A13_04161	97.987	298	6	0	1	298	1	298	0.0	603
17P1R1A4_04201	25P2R1A13_04445	97.987	298	6	0	1	298	1	298	0.0	602
17P1R1A4_04201	27P2R2A12_04222	96.309	298	11	0	1	298	1	298	0.0	591
17P1R1A4_04206	17P1R1A4_04206	100.000	268	0	0	1	268	1	268	0.0	546
17P1R1A4_04206	10P3R2A13_04566	97.761	268	6	0	1	268	1	268	0.0	537
17P1R1A4_04206	15P1R1A16_03610	96.491	57	2	0	212	268	1	57	4.28e-33	115
17P1R1A4_04222	17P1R1A4_04222	100.000	458	0	0	1	458	1	458	0.0	932
17P1R1A4_04222	11P3R3A1_04289	97.240	471	0	1	1	458	1	471	0.0	923
17P1R1A4_04236	17P1R1A4_04236	100.000	279	0	0	1	279	1	279	0.0	557
17P1R1A4_04236	26P1R3A4_03871	98.953	191	2	0	89	279	1	191	1.91e-135	380
17P1R1A4_04236	34P3R2A10_04508	97.222	144	4	0	136	279	1	144	2.14e-95	277
17P1R1A4_04243	17P1R1A4_04243	100.000	371	0	0	1	371	1	371	0.0	758
17P1R1A4_04244	17P1R1A4_04244	100.000	236	0	0	1	236	1	236	0.0	498
17P1R1A4_04273	17P1R1A4_04273	100.000	40	0	0	1	40	1	40	2.08e-21	76.6
17P1R1A4_04274	11P3R3A1_01275	100.000	247	0	0	1	247	117	363	0.0	513
17P1R1A4_04274	10P3R2A13_01000	100.000	247	0	0	1	247	117	363	0.0	512
17P1R1A4_04274	3P1R3A2_01196	100.000	247	0	0	1	247	81	327	0.0	511
17P1R1A4_04274	17P1R1A4_04274	100.000	247	0	0	1	247	1	247	0.0	509
17P1R1A4_04274	17P1R1A4_02951	95.413	218	10	0	26	243	1	218	1.83e-155	431
17P1R1A4_04274	15P1R1A16_04305	100.000	192	0	0	56	247	1	192	9.68e-142	395
17P1R1A4_04435	17P1R1A4_04435	100.000	54	0	0	1	54	1	54	6.52e-33	106
17P1R1A4_04435	43P2R2A2_05672	98.148	54	1	0	1	54	231	284	8.34e-31	107
17P1R1A4_04435	15P1R1A16_04920	98.148	54	1	0	1	54	415	468	8.46e-31	110
17P1R1A4_04435	20P1R1A7_04417	100.000	54	0	0	1	54	407	460	2.24e-30	109
17P1R1A4_04435	8P2R1A11_00287	98.148	54	1	0	1	54	404	457	7.83e-30	107
17P1R1A4_04442	17P1R1A4_04442	100.000	413	0	0	1	413	1	413	0.0	813
17P1R1A4_04443	17P1R1A4_04443	100.000	448	0	0	1	448	1	448	0.0	888
17P1R1A4_04444	17P1R1A4_04444	100.000	287	0	0	1	287	1	287	0.0	585
17P1R1A4_04445	17P1R1A4_04445	100.000	344	0	0	1	344	1	344	0.0	703
17P1R1A4_04446	17P1R1A4_04446	100.000	382	0	0	1	382	1	382	0.0	769
17P1R1A4_04447	17P1R1A4_04447	100.000	336	0	0	1	336	1	336	0.0	687
17P1R1A4_04448	17P1R1A4_04448	100.000	402	0	0	1	402	1	402	0.0	819
17P1R1A4_04449	17P1R1A4_04449	100.000	480	0	0	1	480	1	480	0.0	993
17P1R1A4_04450	17P1R1A4_04450	100.000	335	0	0	1	335	1	335	0.0	666
17P1R1A4_04451	17P1R1A4_04451	100.000	1130	0	0	1	1130	1	1130	0.0	2300
17P1R1A4_04452	17P1R1A4_04452	100.000	405	0	0	1	405	1	405	0.0	810
17P1R1A4_04452	32P3R2A9_05403	97.468	316	8	0	1	316	1	316	0.0	621
17P1R1A4_04453	17P1R1A4_04453	100.000	184	0	0	1	184	1	184	9.20e-135	374
17P1R1A4_04454	32P3R2A9_05401	100.000	141	0	0	1	141	73	213	3.41e-103	293
17P1R1A4_04454	17P1R1A4_04454	100.000	141	0	0	1	141	1	141	9.49e-103	290
17P1R1A4_04455	32P3R2A9_05400	100.000	448	0	0	1	448	48	495	0.0	920
17P1R1A4_04455	17P1R1A4_04455	100.000	448	0	0	1	448	1	448	0.0	919
17P1R1A4_04455	32P3R2A9_04934	98.658	149	2	0	1	149	48	196	5.29e-108	317
17P1R1A4_04456	16_1P2R1A8-1_04735	100.000	214	0	0	1	214	35	248	3.40e-156	432
17P1R1A4_04456	17P1R1A4_04456	100.000	214	0	0	1	214	1	214	4.10e-156	431
17P1R1A4_04456	32P3R2A9_05828	100.000	214	0	0	1	214	138	351	2.10e-153	429
17P1R1A4_04456	10P3R2A13_04966	100.000	214	0	0	1	214	199	412	1.13e-152	429
17P1R1A4_04456	30P2R3A4_04530	100.000	214	0	0	1	214	225	438	2.40e-152	429
17P1R1A4_04456	26P1R3A4_04753	99.533	214	1	0	1	214	277	490	1.92e-151	429
17P1R1A4_04456	11P3R3A1_04275	100.000	214	0	0	1	214	501	714	8.98e-150	432
17P1R1A4_04456	33P3R2A2_04361	99.425	174	1	0	1	174	501	674	7.24e-111	340
17P1R1A4_04457	17P1R1A4_04457	100.000	1350	0	0	1	1350	1	1350	0.0	2764
17P1R1A4_04457	1P1R1A1_04729	100.000	251	0	0	1100	1350	1	251	4.16e-179	530
17P1R1A4_04457	11P3R3A1_04716	98.361	122	2	0	644	765	1	122	1.27e-75	248
17P1R1A4_04458	17P1R1A4_04458	100.000	146	0	0	1	146	1	146	5.39e-107	301
17P1R1A4_04459	17P1R1A4_04459	100.000	138	0	0	1	138	1	138	8.59e-101	284
17P1R1A4_04459	19P1R1A6_04705	98.413	126	2	0	1	126	1	126	3.80e-89	263
17P1R1A4_04459	16_1P2R1A8-1_03764	96.032	126	5	0	1	126	1	126	6.07e-87	254
17P1R1A4_04459	12_1P1R2A2-1_03414	95.789	95	4	0	32	126	1	95	2.18e-63	193
17P1R1A4_04459	1P1R1A1_04322	95.789	95	4	0	32	126	1	95	9.65e-63	191
17P1R1A4_04459	25P2R1A13_01390	95.789	95	4	0	32	126	1	95	1.38e-62	195
17P1R1A4_04459	12_1P1R2A2-1_04444	96.429	56	2	0	24	79	2	57	4.26e-34	113
17P1R1A4_04459	4P1R1A3_04652	96.429	56	2	0	1	56	1	56	1.53e-32	114
17P1R1A4_04459	1P1R1A1_04696	96.429	56	2	0	1	56	1	56	5.33e-32	115
17P1R1A4_04459	14P1R2A4_02174	100.000	33	0	0	94	126	1	33	1.57e-16	71.6
17P1R1A4_04459	10P3R2A13_04165	100.000	33	0	0	94	126	1	33	4.87e-16	70.5
17P1R1A4_04459	12_1P1R2A2-1_03750	100.000	33	0	0	94	126	1	33	1.30e-15	71.2
17P1R1A4_04468	17P1R1A4_04468	100.000	101	0	0	1	101	1	101	1.62e-70	205
17P1R1A4_04469	17P1R1A4_04469	100.000	196	0	0	1	196	1	196	1.45e-143	397
17P1R1A4_04470	17P1R1A4_04470	100.000	284	0	0	1	284	1	284	0.0	582
17P1R1A4_04471	17P1R1A4_04471	100.000	441	0	0	1	441	1	441	0.0	904
17P1R1A4_04471	32P3R2A9_04934	98.658	149	2	0	1	149	48	196	2.06e-107	316
17P1R1A4_04477	17P1R1A4_04477	100.000	189	0	0	1	189	1	189	6.09e-131	365
17P1R1A4_04477	1P1R1A1_04754	96.825	189	6	0	1	189	1	189	2.17e-125	351
17P1R1A4_04477	3P1R3A2_04925	95.767	189	8	0	1	189	1	189	1.40e-123	346
17P1R1A4_04477	16_1P2R1A8-1_04734	95.767	189	8	0	1	189	1	189	5.73e-116	327
17P1R1A4_04477	25P2R1A13_04866	97.959	98	2	0	92	189	1	98	1.02e-62	189
17P1R1A4_04484	17P1R1A4_04484	100.000	180	0	0	1	180	1	180	3.67e-134	372
17P1R1A4_04485	17P1R1A4_04485	100.000	283	0	0	1	283	1	283	0.0	579
17P1R1A4_04485	16_1P2R1A8-1_04759	95.302	149	7	0	1	149	1	149	1.95e-102	301
17P1R1A4_04485	28P2R1A12_04500	95.890	146	6	0	1	146	1325	1470	4.41e-92	297
17P1R1A4_04485	40P3R1A10_04523	95.205	146	7	0	1	146	1325	1470	5.26e-91	294
17P1R1A4_04486	17P1R1A4_04486	100.000	204	0	0	1	204	1	204	4.99e-150	414
17P1R1A4_04487	17P1R1A4_04487	100.000	183	0	0	1	183	1	183	1.46e-134	373
17P1R1A4_04487	16_1P2R1A8-1_04744	99.454	183	1	0	1	183	115	297	7.56e-132	371
17P1R1A4_04487	15P1R1A16_04689	99.454	183	1	0	1	183	621	803	6.47e-126	372
17P1R1A4_04487	1P1R1A1_04672	100.000	183	0	0	1	183	1439	1621	2.57e-121	375
17P1R1A4_04490	17P1R1A4_04490	100.000	36	0	0	1	36	1	36	9.96e-19	69.7
17P1R1A4_04491	17P1R1A4_04491	100.000	270	0	0	1	270	1	270	0.0	558
17P1R1A4_04494	17P1R1A4_04494	100.000	189	0	0	1	189	1	189	2.33e-134	373
17P1R1A4_04494	12_1P1R2A2-1_04440	96.825	189	6	0	1	189	1	189	1.15e-129	362
17P1R1A4_04494	1P1R1A1_04746	95.238	189	9	0	1	189	1	189	6.90e-128	357
17P1R1A4_04494	3P1R3A2_04873	95.767	189	8	0	1	189	1	189	3.46e-127	355
17P1R1A4_04494	15P1R1A16_05215	100.000	99	0	0	91	189	1	99	2.69e-65	195
17P1R1A4_04494	40P3R1A10_04611	97.980	99	2	0	91	189	1	99	1.31e-63	191
17P1R1A4_04496	17P1R1A4_04496	100.000	453	0	0	1	453	1	453	0.0	907
17P1R1A4_04497	17P1R1A4_04497	100.000	138	0	0	1	138	1	138	9.09e-100	282
17P1R1A4_04498	17P1R1A4_04498	100.000	164	0	0	1	164	1	164	9.23e-123	342
17P1R1A4_04507	17P1R1A4_04507	100.000	175	0	0	1	175	1	175	8.65e-124	345
17P1R1A4_04507	16_1P2R1A8-1_04824	98.758	161	2	0	1	161	35	195	2.70e-110	314
17P1R1A4_04507	29P3R3A9_03341	99.379	161	1	0	1	161	199	359	7.54e-110	318
17P1R1A4_04507	11P3R3A1_04715	98.137	161	3	0	1	161	92	252	1.75e-108	311
17P1R1A4_04507	12_1P1R2A2-1_04016	98.758	161	2	0	1	161	315	475	2.47e-108	318
17P1R1A4_04507	25P2R1A13_04359	99.379	161	1	0	1	161	493	653	2.16e-107	322
17P1R1A4_04507	28P2R1A12_04135	98.137	161	3	0	1	161	501	661	1.77e-106	319
18P3R3A11_00001	18P3R3A11_00001	100.000	196	0	0	1	196	1	196	8.46e-143	395
18P3R3A11_00002	18P3R3A11_00002	100.000	46	0	0	1	46	1	46	7.85e-28	93.2
18P3R3A11_00002	38P2R3A13_08506	97.826	46	1	0	1	46	1	46	5.87e-27	91.3
18P3R3A11_00002	38P2R3A13_00094	97.826	46	1	0	1	46	1	46	7.23e-27	90.9
18P3R3A11_00003	18P3R3A11_00003	100.000	72	0	0	1	72	1	72	5.05e-49	148
18P3R3A11_00003	38P2R3A13_03181	95.833	72	3	0	1	72	1	72	2.03e-46	142
18P3R3A11_00004	18P3R3A11_00004	100.000	284	0	0	1	284	1	284	0.0	578
18P3R3A11_00005	18P3R3A11_00005	100.000	294	0	0	1	294	1	294	0.0	602
18P3R3A11_00006	18P3R3A11_00006	100.000	143	0	0	1	143	1	143	2.22e-103	291
18P3R3A11_00007	18P3R3A11_00007	100.000	302	0	0	1	302	1	302	0.0	616
18P3R3A11_00008	18P3R3A11_00008	100.000	250	0	0	1	250	1	250	1.67e-177	488
18P3R3A11_00009	18P3R3A11_00009	100.000	310	0	0	1	310	1	310	0.0	632
18P3R3A11_00010	18P3R3A11_00010	100.000	329	0	0	1	329	1	329	0.0	675
18P3R3A11_00011	18P3R3A11_00011	100.000	298	0	0	1	298	1	298	0.0	589
18P3R3A11_00011	38P2R3A13_03190	95.286	297	14	0	1	297	1	297	0.0	565
18P3R3A11_00012	18P3R3A11_00012	100.000	341	0	0	1	341	1	341	0.0	672
18P3R3A11_00012	38P2R3A13_00105	96.481	341	12	0	1	341	1	341	0.0	655
18P3R3A11_00013	18P3R3A11_00013	100.000	511	0	0	1	511	1	511	0.0	1044
18P3R3A11_00014	18P3R3A11_00014	100.000	192	0	0	1	192	1	192	1.13e-144	400
18P3R3A11_00015	18P3R3A11_00015	100.000	285	0	0	1	285	1	285	0.0	586
18P3R3A11_00016	18P3R3A11_00016	100.000	492	0	0	1	492	1	492	0.0	1006
18P3R3A11_00017	18P3R3A11_00017	100.000	421	0	0	1	421	1	421	0.0	862
18P3R3A11_00018	18P3R3A11_00018	100.000	297	0	0	1	297	1	297	0.0	602
18P3R3A11_00019	18P3R3A11_00019	100.000	506	0	0	1	506	1	506	0.0	1038
18P3R3A11_00019	38P2R3A13_03198	97.036	506	15	0	1	506	1	506	0.0	1013
18P3R3A11_00019	38P2R3A13_00112	95.257	506	24	0	1	506	1	506	0.0	963
18P3R3A11_00020	18P3R3A11_00020	100.000	457	0	0	1	457	1	457	0.0	904
18P3R3A11_00020	38P2R3A13_03199	97.374	457	12	0	1	457	1	457	0.0	885
18P3R3A11_00020	42P1R1A12_04741	95.186	457	22	0	1	457	1	457	0.0	849
18P3R3A11_00021	18P3R3A11_00021	100.000	469	0	0	1	469	1	469	0.0	976
18P3R3A11_00022	18P3R3A11_00022	100.000	339	0	0	1	339	1	339	0.0	700
18P3R3A11_00022	38P2R3A13_03201	97.015	335	10	0	1	335	1	335	0.0	678
18P3R3A11_00022	38P2R3A13_00115	95.536	336	15	0	1	336	1	336	0.0	671
18P3R3A11_00023	18P3R3A11_00023	100.000	517	0	0	1	517	1	517	0.0	1037
18P3R3A11_00023	38P2R3A13_00116	95.164	517	25	0	1	517	1	517	0.0	951
18P3R3A11_00024	18P3R3A11_00024	100.000	138	0	0	1	138	1	138	1.75e-96	273
18P3R3A11_00024	37P2R3-2A1_00873	97.826	138	3	0	1	138	1	138	7.47e-95	269
18P3R3A11_00025	18P3R3A11_00025	100.000	187	0	0	1	187	1	187	1.64e-135	376
18P3R3A11_00026	18P3R3A11_00026	100.000	259	0	0	1	259	1	259	0.0	527
18P3R3A11_00027	18P3R3A11_00027	100.000	431	0	0	1	431	1	431	0.0	887
18P3R3A11_00028	18P3R3A11_00028	100.000	96	0	0	1	96	1	96	1.88e-68	199
18P3R3A11_00028	38P2R3A13_00126	97.917	96	2	0	1	96	1	96	5.12e-67	196
18P3R3A11_00028	56P2R2A4_00645	97.917	96	2	0	1	96	1	96	1.13e-66	195
18P3R3A11_00029	18P3R3A11_00029	100.000	496	0	0	1	496	1	496	0.0	1019
18P3R3A11_00029	38P2R3A13_03215	95.547	494	22	0	1	494	1	494	0.0	978
18P3R3A11_00030	18P3R3A11_00030	100.000	295	0	0	1	295	1	295	0.0	600
18P3R3A11_00030	38P2R3A13_00140	97.288	295	8	0	1	295	1	295	0.0	588
18P3R3A11_00031	18P3R3A11_00031	100.000	304	0	0	1	304	1	304	0.0	615
18P3R3A11_00032	18P3R3A11_00032	100.000	329	0	0	1	329	1	329	0.0	664
18P3R3A11_00034	18P3R3A11_00034	100.000	176	0	0	1	176	1	176	8.21e-133	368
18P3R3A11_00034	38P2R3A13_00144	97.727	176	4	0	1	176	1	176	1.65e-129	360
18P3R3A11_00035	18P3R3A11_00035	100.000	596	0	0	1	596	1	596	0.0	1219
18P3R3A11_00036	18P3R3A11_00036	100.000	823	0	0	1	823	1	823	0.0	1685
18P3R3A11_00036	37P2R3-2A1_00861	97.934	823	17	0	1	823	1	823	0.0	1657
18P3R3A11_00037	18P3R3A11_00037	100.000	692	0	0	1	692	1	692	0.0	1422
18P3R3A11_00037	38P2R3A13_00147	96.243	692	26	0	1	692	1	692	0.0	1379
18P3R3A11_00038	18P3R3A11_00038	100.000	182	0	0	1	182	1	182	1.09e-134	374
18P3R3A11_00038	38P2R3A13_03224	95.082	183	8	1	1	182	1	183	1.64e-127	355
18P3R3A11_00039	18P3R3A11_00039	100.000	241	0	0	1	241	1	241	7.34e-174	478
18P3R3A11_00039	38P2R3A13_03225	97.490	239	6	0	1	239	1	239	4.60e-170	468
18P3R3A11_00039	38P2R3A13_00149	97.925	241	5	0	1	241	1	241	1.83e-169	466
18P3R3A11_00040	18P3R3A11_00040	100.000	329	0	0	1	329	1	329	0.0	656
18P3R3A11_00040	38P2R3A13_00150	97.872	329	7	0	1	329	1	329	0.0	646
18P3R3A11_00040	38P2R3A13_03226	96.960	329	10	0	1	329	1	329	0.0	635
18P3R3A11_00041	18P3R3A11_00041	100.000	332	0	0	1	332	1	332	0.0	684
18P3R3A11_00041	37P2R3-2A1_00856	97.892	332	7	0	1	332	1	332	0.0	672
18P3R3A11_00042	18P3R3A11_00042	100.000	462	0	0	1	462	1	462	0.0	903
18P3R3A11_00042	37P2R3-2A1_00855	97.835	462	10	0	1	462	1	462	0.0	884
18P3R3A11_00043	18P3R3A11_00043	100.000	302	0	0	1	302	1	302	0.0	611
18P3R3A11_00044	18P3R3A11_00044	100.000	486	0	0	1	486	1	486	0.0	998
18P3R3A11_00045	18P3R3A11_00045	100.000	228	0	0	1	228	1	228	1.13e-166	458
18P3R3A11_00046	18P3R3A11_00046	100.000	462	0	0	1	462	1	462	0.0	930
18P3R3A11_00047	18P3R3A11_00047	100.000	114	0	0	1	114	1	114	8.11e-80	229
18P3R3A11_00047	37P2R3-2A1_00850	97.368	114	3	0	1	114	1	114	7.25e-77	222
18P3R3A11_00048	18P3R3A11_00048	100.000	417	0	0	1	417	1	417	0.0	853
18P3R3A11_00049	18P3R3A11_00049	100.000	1059	0	0	1	1059	1	1059	0.0	2141
18P3R3A11_00049	38P2R3A13_00159	96.750	1046	34	0	1	1046	1	1046	0.0	2062
18P3R3A11_00049	10P3R2A13_03868	95.706	1048	45	0	1	1048	1	1048	0.0	2052
18P3R3A11_00049	38P2R3A13_03235	95.977	1044	42	0	1	1044	1	1044	0.0	2017
18P3R3A11_00049	27P2R2A12_04150	95.152	330	16	0	1	330	1	330	0.0	654
18P3R3A11_00050	18P3R3A11_00050	100.000	435	0	0	1	435	1	435	0.0	888
18P3R3A11_00050	37P2R3-2A1_00847	99.512	410	2	0	26	435	1	410	0.0	836
18P3R3A11_00051	18P3R3A11_00051	100.000	196	0	0	1	196	1	196	2.13e-140	389
18P3R3A11_00052	18P3R3A11_00052	100.000	133	0	0	1	133	1	133	2.84e-95	270
18P3R3A11_00053	18P3R3A11_00053	100.000	652	0	0	1	652	1	652	0.0	1340
18P3R3A11_00054	18P3R3A11_00054	100.000	403	0	0	1	403	1	403	0.0	826
18P3R3A11_00055	18P3R3A11_00055	100.000	138	0	0	1	138	1	138	8.84e-98	277
18P3R3A11_00056	18P3R3A11_00056	100.000	585	0	0	1	585	1	585	0.0	1220
18P3R3A11_00057	18P3R3A11_00057	100.000	1021	0	0	1	1021	1	1021	0.0	2086
18P3R3A11_00058	18P3R3A11_00058	100.000	56	0	0	1	56	1	56	1.12e-35	114
18P3R3A11_00059	18P3R3A11_00059	100.000	2022	0	0	1	2022	1	2022	0.0	4179
18P3R3A11_00060	18P3R3A11_00060	100.000	88	0	0	1	88	1	88	7.24e-59	174
18P3R3A11_00060	38P2R3A13_06947	96.591	88	3	0	1	88	1	88	1.99e-57	171
18P3R3A11_00060	54P2R2A3_05175	100.000	42	0	0	47	88	1	42	1.23e-21	79.3
18P3R3A11_00061	18P3R3A11_00061	100.000	162	0	0	1	162	1	162	5.97e-122	340
18P3R3A11_00061	38P2R3A13_08684	95.679	162	7	0	1	162	114	275	2.41e-115	327
18P3R3A11_00062	18P3R3A11_00062	100.000	251	0	0	1	251	1	251	0.0	525
18P3R3A11_00063	18P3R3A11_00063	100.000	187	0	0	1	187	1	187	1.19e-132	369
18P3R3A11_00064	18P3R3A11_00064	100.000	148	0	0	1	148	1	148	1.00e-103	293
18P3R3A11_00065	18P3R3A11_00065	100.000	788	0	0	1	788	1	788	0.0	1632
18P3R3A11_00066	18P3R3A11_00066	100.000	517	0	0	1	517	1	517	0.0	1080
18P3R3A11_00067	18P3R3A11_00067	100.000	454	0	0	1	454	1	454	0.0	936
18P3R3A11_00068	18P3R3A11_00068	100.000	44	0	0	1	44	1	44	8.35e-27	90.5
18P3R3A11_00068	37P2R3-2A1_00845	100.000	41	0	0	1	41	1	41	1.22e-24	85.1
18P3R3A11_00069	18P3R3A11_00069	100.000	127	0	0	1	127	1	127	9.98e-93	263
18P3R3A11_00070	18P3R3A11_00070	100.000	40	0	0	1	40	1	40	1.14e-22	79.7
18P3R3A11_00071	18P3R3A11_00071	100.000	121	0	0	1	121	1	121	5.59e-85	243
18P3R3A11_00072	18P3R3A11_00072	100.000	431	0	0	1	431	1	431	0.0	885
18P3R3A11_00072	37P2R3-2A1_00842	97.448	431	11	0	1	431	1	431	0.0	867
18P3R3A11_00073	18P3R3A11_00073	100.000	258	0	0	1	258	1	258	0.0	516
18P3R3A11_00074	18P3R3A11_00074	100.000	195	0	0	1	195	1	195	1.69e-142	394
18P3R3A11_00075	18P3R3A11_00075	100.000	253	0	0	1	253	1	253	0.0	520
18P3R3A11_00076	18P3R3A11_00076	100.000	397	0	0	1	397	1	397	0.0	805
18P3R3A11_00077	18P3R3A11_00077	100.000	432	0	0	1	432	1	432	0.0	869
18P3R3A11_00078	18P3R3A11_00078	100.000	247	0	0	1	247	1	247	0.0	499
18P3R3A11_00079	18P3R3A11_00079	100.000	332	0	0	1	332	1	332	0.0	684
18P3R3A11_00080	18P3R3A11_00080	100.000	147	0	0	1	147	1	147	6.54e-108	303
18P3R3A11_00081	18P3R3A11_00081	100.000	157	0	0	1	157	1	157	4.13e-117	327
18P3R3A11_00081	37P2R3-2A1_00833	97.452	157	4	0	1	157	1	157	3.73e-114	320
18P3R3A11_00082	18P3R3A11_00082	100.000	196	0	0	1	196	1	196	7.90e-138	383
18P3R3A11_00083	18P3R3A11_00083	100.000	321	0	0	1	321	1	321	0.0	647
18P3R3A11_00083	38P2R3A13_00179	97.508	321	8	0	1	321	1	321	0.0	635
18P3R3A11_00084	18P3R3A11_00084	100.000	183	0	0	1	183	1	183	8.71e-135	374
18P3R3A11_00084	38P2R3A13_03258	95.628	183	8	0	1	183	1	183	2.64e-120	337
18P3R3A11_00085	18P3R3A11_00085	100.000	305	0	0	1	305	1	305	0.0	625
18P3R3A11_00085	38P2R3A13_03259	96.393	305	11	0	1	305	1	305	0.0	603
18P3R3A11_00085	56P2R2A4_00689	95.738	305	13	0	1	305	41	345	0.0	600
18P3R3A11_00085	38P2R3A13_00181	95.738	305	13	0	1	305	1	305	0.0	595
18P3R3A11_00086	18P3R3A11_00086	100.000	484	0	0	1	484	1	484	0.0	996
18P3R3A11_00086	37P2R3-2A1_00830	97.521	484	12	0	1	484	1	484	0.0	971
18P3R3A11_00087	18P3R3A11_00087	100.000	176	0	0	1	176	1	176	1.13e-131	365
18P3R3A11_00088	18P3R3A11_00088	100.000	322	0	0	1	322	1	322	0.0	659
18P3R3A11_00089	18P3R3A11_00089	100.000	352	0	0	1	352	1	352	0.0	714
18P3R3A11_00090	18P3R3A11_00090	100.000	119	0	0	1	119	1	119	1.10e-87	249
18P3R3A11_00091	18P3R3A11_00091	100.000	309	0	0	1	309	1	309	0.0	635
18P3R3A11_00091	38P2R3A13_00187	95.793	309	13	0	1	309	1	309	0.0	600
18P3R3A11_00091	38P2R3A13_03265	95.793	309	13	0	1	309	1	309	0.0	596
18P3R3A11_00092	18P3R3A11_00092	100.000	530	0	0	1	530	1	530	0.0	1071
18P3R3A11_00092	37P2R3-2A1_00824	99.057	530	5	0	1	530	37	566	0.0	1058
18P3R3A11_00093	18P3R3A11_00093	100.000	463	0	0	1	463	1	463	0.0	945
18P3R3A11_00094	18P3R3A11_00094	100.000	293	0	0	1	293	1	293	0.0	599
18P3R3A11_00094	38P2R3A13_03268	97.611	293	7	0	1	293	1	293	0.0	587
18P3R3A11_00094	38P2R3A13_00190	97.611	293	7	0	1	293	1	293	0.0	586
18P3R3A11_00095	18P3R3A11_00095	100.000	161	0	0	1	161	1	161	1.03e-116	327
18P3R3A11_00096	18P3R3A11_00096	100.000	264	0	0	1	264	1	264	0.0	548
18P3R3A11_00097	18P3R3A11_00097	100.000	263	0	0	1	263	1	263	0.0	546
18P3R3A11_00098	18P3R3A11_00098	100.000	399	0	0	1	399	1	399	0.0	776
18P3R3A11_00098	38P2R3A13_00194	95.739	399	17	0	1	399	1	399	0.0	735
18P3R3A11_00098	38P2R3A13_03274	95.238	399	19	0	1	399	1	399	0.0	731
18P3R3A11_00099	18P3R3A11_00099	100.000	222	0	0	1	222	1	222	6.12e-160	441
18P3R3A11_00099	38P2R3A13_00195	96.847	222	7	0	1	222	1	222	1.70e-156	432
18P3R3A11_00100	18P3R3A11_00100	100.000	145	0	0	1	145	1	145	1.82e-103	291
18P3R3A11_00100	38P2R3A13_00196	97.241	145	4	0	1	145	1	145	1.53e-102	289
18P3R3A11_00101	18P3R3A11_00101	100.000	127	0	0	1	127	1	127	9.24e-93	263
18P3R3A11_00102	18P3R3A11_00102	100.000	73	0	0	1	73	1	73	6.88e-50	150
18P3R3A11_00103	18P3R3A11_00103	100.000	300	0	0	1	300	1	300	0.0	578
18P3R3A11_00103	56P2R2A4_00707	95.652	299	13	0	1	299	1	299	0.0	557
18P3R3A11_00104	18P3R3A11_00104	100.000	406	0	0	1	406	1	406	0.0	809
18P3R3A11_00104	37P2R3-2A1_00812	98.711	388	5	0	1	388	1	388	0.0	766
18P3R3A11_00104	38P2R3A13_00200	96.907	388	12	0	1	388	1	388	0.0	754
18P3R3A11_00104	56P2R2A4_00708	96.657	359	12	0	30	388	1	359	0.0	698
18P3R3A11_00105	18P3R3A11_00105	100.000	213	0	0	1	213	1	213	9.54e-162	444
18P3R3A11_00106	18P3R3A11_00106	100.000	233	0	0	1	233	1	233	3.98e-171	470
18P3R3A11_00106	37P2R3-2A1_00810	97.854	233	5	0	1	233	1	233	1.84e-165	456
18P3R3A11_00107	18P3R3A11_00107	100.000	266	0	0	1	266	1	266	0.0	540
18P3R3A11_00107	38P2R3A13_00203	95.113	266	13	0	1	266	1	266	0.0	518
18P3R3A11_00108	18P3R3A11_00108	100.000	358	0	0	1	358	1	358	0.0	702
18P3R3A11_00108	38P2R3A13_00204	97.486	358	9	0	1	358	1	358	0.0	688
18P3R3A11_00108	38P2R3A13_03284	95.810	358	15	0	1	358	1	358	0.0	679
18P3R3A11_00109	18P3R3A11_00109	100.000	525	0	0	1	525	1	525	0.0	1040
18P3R3A11_00110	18P3R3A11_00110	100.000	424	0	0	1	424	1	424	0.0	875
18P3R3A11_00110	38P2R3A13_00206	97.877	424	9	0	1	424	1	424	0.0	859
18P3R3A11_00111	18P3R3A11_00111	100.000	368	0	0	1	368	1	368	0.0	760
18P3R3A11_00111	38P2R3A13_03287	97.826	368	8	0	1	368	1	368	0.0	747
18P3R3A11_00111	38P2R3A13_00207	97.011	368	11	0	1	368	1	368	0.0	744
18P3R3A11_00112	18P3R3A11_00112	100.000	138	0	0	1	138	1	138	1.52e-100	284
18P3R3A11_00113	18P3R3A11_00113	100.000	337	0	0	1	337	1	337	0.0	686
18P3R3A11_00114	18P3R3A11_00114	100.000	121	0	0	1	121	1	121	1.46e-86	247
18P3R3A11_00115	18P3R3A11_00115	100.000	68	0	0	1	68	1	68	1.51e-45	139
18P3R3A11_00116	18P3R3A11_00116	100.000	655	0	0	1	655	1	655	0.0	1363
18P3R3A11_00117	18P3R3A11_00117	100.000	176	0	0	1	176	1	176	4.42e-130	362
18P3R3A11_00118	18P3R3A11_00118	100.000	389	0	0	1	389	1	389	0.0	745
18P3R3A11_00119	18P3R3A11_00119	100.000	291	0	0	1	291	1	291	0.0	608
18P3R3A11_00120	18P3R3A11_00120	100.000	299	0	0	1	299	1	299	0.0	595
18P3R3A11_00121	18P3R3A11_00121	100.000	225	0	0	1	225	1	225	3.16e-169	464
18P3R3A11_00121	38P2R3A13_03297	96.889	225	7	0	1	225	1	225	4.83e-164	451
18P3R3A11_00122	18P3R3A11_00122	100.000	532	0	0	1	532	1	532	0.0	1106
18P3R3A11_00122	38P2R3A13_03298	96.975	529	16	0	1	529	1	529	0.0	1079
18P3R3A11_00122	38P2R3A13_00220	95.463	529	24	0	1	529	1	529	0.0	1041
18P3R3A11_00123	18P3R3A11_00123	100.000	410	0	0	1	410	1	410	0.0	849
18P3R3A11_00123	38P2R3A13_00221	97.561	410	10	0	1	410	1	410	0.0	828
18P3R3A11_00123	56P2R2A4_04080	97.317	410	11	0	1	410	1	410	0.0	826
18P3R3A11_00124	18P3R3A11_00124	100.000	198	0	0	1	198	1	198	3.52e-148	409
18P3R3A11_00125	18P3R3A11_00125	100.000	334	0	0	1	334	1	334	0.0	663
18P3R3A11_00126	18P3R3A11_00126	100.000	349	0	0	1	349	1	349	0.0	714
18P3R3A11_00127	18P3R3A11_00127	100.000	180	0	0	1	180	1	180	5.37e-136	377
18P3R3A11_00128	18P3R3A11_00128	100.000	540	0	0	1	540	1	540	0.0	1124
18P3R3A11_00128	38P2R3A13_00225	97.593	540	13	0	1	540	13	552	0.0	1106
18P3R3A11_00128	38P2R3A13_03304	97.407	540	14	0	1	540	1	540	0.0	1102
18P3R3A11_00129	18P3R3A11_00129	100.000	258	0	0	1	258	1	258	0.0	525
18P3R3A11_00129	38P2R3A13_00226	97.287	258	7	0	1	258	1	258	0.0	511
18P3R3A11_00129	38P2R3A13_03305	99.038	104	1	0	155	258	1	104	2.68e-67	203
18P3R3A11_00130	18P3R3A11_00130	100.000	390	0	0	1	390	1	390	0.0	810
18P3R3A11_00131	18P3R3A11_00131	100.000	281	0	0	1	281	1	281	0.0	572
18P3R3A11_00132	18P3R3A11_00132	100.000	502	0	0	1	502	1	502	0.0	1035
18P3R3A11_00133	18P3R3A11_00133	100.000	448	0	0	1	448	1	448	0.0	921
18P3R3A11_00134	18P3R3A11_00134	100.000	308	0	0	1	308	1	308	0.0	619
18P3R3A11_00135	18P3R3A11_00135	100.000	795	0	0	1	795	1	795	0.0	1628
18P3R3A11_00135	38P2R3A13_00246	96.730	795	25	1	1	795	1	794	0.0	1574
18P3R3A11_00136	18P3R3A11_00136	100.000	564	0	0	1	564	1	564	0.0	1134
18P3R3A11_00138	18P3R3A11_00138	100.000	92	0	0	1	92	1	92	1.76e-62	184
18P3R3A11_00138	37P2R3-2A1_00778	97.826	92	2	0	1	92	1	92	5.48e-61	180
18P3R3A11_00139	18P3R3A11_00139	100.000	193	0	0	1	193	1	193	1.53e-141	392
18P3R3A11_00140	18P3R3A11_00140	100.000	140	0	0	1	140	1	140	1.76e-102	289
18P3R3A11_00141	18P3R3A11_00141	100.000	147	0	0	1	147	1	147	7.45e-109	305
18P3R3A11_00142	18P3R3A11_00142	100.000	289	0	0	1	289	1	289	0.0	604
18P3R3A11_00142	56P2R2A4_04004	95.502	289	13	0	1	289	1	289	0.0	577
18P3R3A11_00143	18P3R3A11_00143	100.000	309	0	0	1	309	1	309	0.0	625
18P3R3A11_00143	56P2R2A4_04003	96.440	309	11	0	1	309	2	310	0.0	603
18P3R3A11_00143	37P2R3-2A1_00775	97.360	303	8	0	4	306	1	303	0.0	598
18P3R3A11_00143	38P2R3A13_00258	96.711	304	10	0	1	304	1	304	0.0	596
18P3R3A11_00144	18P3R3A11_00144	100.000	159	0	0	1	159	1	159	2.88e-115	323
18P3R3A11_00145	18P3R3A11_00145	100.000	91	0	0	1	91	1	91	3.75e-61	181
18P3R3A11_00146	18P3R3A11_00146	100.000	488	0	0	1	488	1	488	0.0	1012
18P3R3A11_00147	18P3R3A11_00147	100.000	317	0	0	1	317	1	317	0.0	653
18P3R3A11_00147	37P2R3-2A1_00771	99.322	295	2	0	23	317	1	295	0.0	604
18P3R3A11_00147	38P2R3A13_00263	95.254	295	14	0	23	317	1	295	0.0	588
18P3R3A11_00148	18P3R3A11_00148	100.000	392	0	0	1	392	1	392	0.0	794
18P3R3A11_00148	38P2R3A13_05123	96.173	392	15	0	1	392	1	392	0.0	769
18P3R3A11_00149	18P3R3A11_00149	100.000	722	0	0	1	722	1	722	0.0	1459
18P3R3A11_00149	38P2R3A13_00265	97.920	721	15	0	1	721	1	721	0.0	1431
18P3R3A11_00149	38P2R3A13_05122	95.700	721	31	0	1	721	25	745	0.0	1366
18P3R3A11_00150	18P3R3A11_00150	100.000	6002	0	0	1	6002	1	6002	0.0	11524
18P3R3A11_00150	56P2R2A4_03995	95.102	6002	294	0	1	6002	1	6002	0.0	10892
18P3R3A11_00150	38P2R3A13_00266	95.252	6002	285	0	1	6002	1	6002	0.0	10874
18P3R3A11_00151	18P3R3A11_00151	100.000	446	0	0	1	446	1	446	0.0	902
18P3R3A11_00152	18P3R3A11_00152	100.000	248	0	0	1	248	1	248	0.0	501
18P3R3A11_00153	18P3R3A11_00153	100.000	356	0	0	1	356	1	356	0.0	721
18P3R3A11_00154	18P3R3A11_00154	100.000	177	0	0	1	177	1	177	3.15e-129	359
18P3R3A11_00155	18P3R3A11_00155	100.000	334	0	0	1	334	1	334	0.0	679
18P3R3A11_00155	38P2R3A13_00271	97.305	334	9	0	1	334	1	334	0.0	662
18P3R3A11_00155	38P2R3A13_04403	96.707	334	11	0	1	334	1	334	0.0	661
18P3R3A11_00156	18P3R3A11_00156	100.000	480	0	0	1	480	1	480	0.0	974
18P3R3A11_00157	18P3R3A11_00157	100.000	264	0	0	1	264	1	264	0.0	538
18P3R3A11_00158	18P3R3A11_00158	100.000	440	0	0	1	440	1	440	0.0	875
18P3R3A11_00159	18P3R3A11_00159	100.000	551	0	0	1	551	1	551	0.0	1105
18P3R3A11_00159	38P2R3A13_00273	97.641	551	13	0	1	551	1	551	0.0	1088
18P3R3A11_00159	38P2R3A13_04405	96.552	551	19	0	1	551	1	551	0.0	1077
18P3R3A11_00160	18P3R3A11_00160	100.000	361	0	0	1	361	1	361	0.0	727
18P3R3A11_00160	38P2R3A13_00274	97.507	361	9	0	1	361	1	361	0.0	708
18P3R3A11_00160	38P2R3A13_04406	96.122	361	14	0	1	361	1	361	0.0	700
18P3R3A11_00161	18P3R3A11_00161	100.000	460	0	0	1	460	1	460	0.0	914
18P3R3A11_00162	18P3R3A11_00162	100.000	220	0	0	1	220	1	220	1.20e-161	445
18P3R3A11_00162	37P2R3-2A1_00756	97.273	220	6	0	1	220	1	220	9.41e-158	435
18P3R3A11_00162	38P2R3A13_00276	96.313	217	8	0	1	217	1	217	1.51e-154	427
18P3R3A11_00163	18P3R3A11_00163	100.000	1301	0	0	1	1301	1	1301	0.0	2675
18P3R3A11_00163	38P2R3A13_04409	97.156	1301	37	0	1	1301	1	1301	0.0	2610
18P3R3A11_00164	18P3R3A11_00164	100.000	202	0	0	1	202	1	202	3.72e-148	409
18P3R3A11_00164	38P2R3A13_00278	97.525	202	5	0	1	202	1	202	1.70e-145	402
18P3R3A11_00165	18P3R3A11_00165	100.000	229	0	0	1	229	1	229	1.46e-172	473
18P3R3A11_00165	37P2R3-2A1_00753	95.197	229	11	0	1	229	1	229	9.52e-166	456
18P3R3A11_00166	18P3R3A11_00166	100.000	180	0	0	1	180	1	180	1.04e-128	358
18P3R3A11_00166	38P2R3A13_00280	97.222	180	5	0	1	180	1	180	1.89e-125	350
18P3R3A11_00166	56P2R2A4_01815	96.111	180	7	0	1	180	1	180	5.14e-124	347
18P3R3A11_00166	38P2R3A13_04412	95.556	180	8	0	1	180	1	180	6.00e-124	346
18P3R3A11_00167	18P3R3A11_00167	100.000	325	0	0	1	325	1	325	0.0	679
18P3R3A11_00168	18P3R3A11_00168	100.000	343	0	0	1	343	1	343	0.0	708
18P3R3A11_00168	38P2R3A13_00282	97.361	341	9	0	1	341	1	341	0.0	694
18P3R3A11_00168	38P2R3A13_04414	96.176	340	13	0	1	340	1	340	0.0	683
18P3R3A11_00169	18P3R3A11_00169	100.000	313	0	0	1	313	1	313	0.0	637
18P3R3A11_00169	37P2R3-2A1_00749	97.764	313	7	0	1	313	1	313	0.0	627
18P3R3A11_00170	18P3R3A11_00170	100.000	145	0	0	1	145	1	145	1.04e-96	275
18P3R3A11_00171	18P3R3A11_00171	100.000	153	0	0	1	153	1	153	8.49e-106	298
18P3R3A11_00172	18P3R3A11_00172	100.000	178	0	0	1	178	1	178	2.99e-133	370
18P3R3A11_00173	18P3R3A11_00173	100.000	175	0	0	1	175	1	175	6.54e-127	353
18P3R3A11_00173	37P2R3-2A1_00745	96.000	175	7	0	1	175	1	175	1.83e-121	340
18P3R3A11_00174	18P3R3A11_00174	100.000	162	0	0	1	162	1	162	4.86e-110	310
18P3R3A11_00175	18P3R3A11_00175	100.000	407	0	0	1	407	1	407	0.0	835
18P3R3A11_00175	38P2R3A13_00289	95.332	407	19	0	1	407	1	407	0.0	805
18P3R3A11_00176	18P3R3A11_00176	100.000	241	0	0	1	241	1	241	0.0	498
18P3R3A11_00177	18P3R3A11_00177	100.000	420	0	0	1	420	1	420	0.0	871
18P3R3A11_00178	18P3R3A11_00178	100.000	240	0	0	1	240	1	240	6.25e-179	490
18P3R3A11_00179	18P3R3A11_00179	100.000	145	0	0	1	145	1	145	7.10e-107	300
18P3R3A11_00180	18P3R3A11_00180	100.000	66	0	0	1	66	1	66	8.28e-43	132
18P3R3A11_00180	38P2R3A13_00294	96.970	66	2	0	1	66	1	66	1.17e-41	129
18P3R3A11_00181	18P3R3A11_00181	100.000	257	0	0	1	257	1	257	0.0	531
18P3R3A11_00182	18P3R3A11_00182	100.000	62	0	0	1	62	1	62	1.03e-39	124
18P3R3A11_00182	56P2R2A4_01835	100.000	61	0	0	1	61	1	61	5.47e-39	124
18P3R3A11_00182	37P2R3-2A1_00736	98.361	61	1	0	1	61	1	61	2.48e-38	122
18P3R3A11_00182	38P2R3A13_04050	95.082	61	3	0	1	61	1	61	2.75e-37	119
18P3R3A11_00183	18P3R3A11_00183	100.000	260	0	0	1	260	1	260	0.0	514
18P3R3A11_00184	18P3R3A11_00184	100.000	193	0	0	1	193	1	193	1.90e-144	399
18P3R3A11_00184	37P2R3-2A1_00734	95.855	193	8	0	1	193	1	193	3.44e-137	381
18P3R3A11_00185	18P3R3A11_00185	100.000	156	0	0	1	156	1	156	2.43e-114	320
18P3R3A11_00185	38P2R3A13_00300	97.436	156	4	0	1	156	1	156	5.00e-111	311
18P3R3A11_00186	18P3R3A11_00186	100.000	105	0	0	1	105	1	105	7.77e-74	214
18P3R3A11_00186	38P2R3A13_00305	96.190	105	4	0	1	105	1	105	1.40e-70	205
18P3R3A11_00187	18P3R3A11_00187	100.000	205	0	0	1	205	1	205	3.87e-151	417
18P3R3A11_00188	18P3R3A11_00188	100.000	366	0	0	1	366	1	366	0.0	726
18P3R3A11_00189	18P3R3A11_00189	100.000	1030	0	0	1	1030	1	1030	0.0	2070
18P3R3A11_00190	18P3R3A11_00190	100.000	198	0	0	1	198	1	198	2.58e-144	399
18P3R3A11_00191	18P3R3A11_00191	100.000	199	0	0	1	199	1	199	4.95e-148	409
18P3R3A11_00191	37P2R3-2A1_00727	96.970	198	6	0	1	198	1	198	1.31e-143	397
18P3R3A11_00192	18P3R3A11_00192	100.000	157	0	0	1	157	1	157	4.45e-113	317
18P3R3A11_00193	18P3R3A11_00193	100.000	309	0	0	1	309	1	309	0.0	630
18P3R3A11_00193	56P2R2A4_01854	95.098	306	15	0	1	306	1	306	0.0	602
18P3R3A11_00194	18P3R3A11_00194	100.000	179	0	0	1	179	1	179	1.68e-131	365
18P3R3A11_00194	37P2R3-2A1_00723	97.765	179	4	0	1	179	1	179	6.73e-128	356
18P3R3A11_00195	18P3R3A11_00195	100.000	386	0	0	1	386	1	386	0.0	733
18P3R3A11_00196	18P3R3A11_00196	100.000	146	0	0	1	146	1	146	2.36e-104	294
18P3R3A11_00196	37P2R3-2A1_00721	97.945	146	3	0	1	146	1	146	9.55e-102	287
18P3R3A11_00197	18P3R3A11_00197	100.000	313	0	0	1	313	1	313	0.0	643
18P3R3A11_00197	37P2R3-2A1_00720	96.805	313	10	0	1	313	1	313	0.0	630
18P3R3A11_00198	18P3R3A11_00198	100.000	161	0	0	1	161	1	161	7.74e-119	332
18P3R3A11_00199	18P3R3A11_00199	100.000	248	0	0	1	248	1	248	0.0	504
18P3R3A11_00200	18P3R3A11_00200	100.000	199	0	0	1	199	1	199	3.41e-147	407
18P3R3A11_00200	56P2R2A4_01862	97.990	199	4	0	1	199	1	199	5.03e-145	401
18P3R3A11_00200	38P2R3A13_04444	95.431	197	9	0	1	197	1	197	8.50e-140	388
18P3R3A11_00201	18P3R3A11_00201	100.000	312	0	0	1	312	1	312	0.0	634
18P3R3A11_00201	38P2R3A13_04445	98.039	306	6	0	4	309	1	306	0.0	613
18P3R3A11_00202	18P3R3A11_00202	100.000	439	0	0	1	439	1	439	0.0	915
18P3R3A11_00202	38P2R3A13_04446	97.039	439	13	0	1	439	1	439	0.0	890
18P3R3A11_00203	18P3R3A11_00203	100.000	402	0	0	1	402	1	402	0.0	808
18P3R3A11_00203	38P2R3A13_00327	96.517	402	14	0	1	402	1	402	0.0	789
18P3R3A11_00203	56P2R2A4_01865	96.517	402	14	0	1	402	1	402	0.0	785
18P3R3A11_00204	18P3R3A11_00204	100.000	143	0	0	1	143	1	143	1.44e-105	297
18P3R3A11_00204	56P2R2A4_01866	97.143	140	4	0	1	140	1	140	1.38e-100	284
18P3R3A11_00205	18P3R3A11_00205	100.000	475	0	0	1	475	1	475	0.0	967
18P3R3A11_00205	38P2R3A13_00329	95.158	475	23	0	1	475	1	475	0.0	931
18P3R3A11_00206	18P3R3A11_00206	100.000	262	0	0	1	262	1	262	0.0	537
18P3R3A11_00206	38P2R3A13_04450	96.183	262	10	0	1	262	1	262	0.0	517
18P3R3A11_00207	18P3R3A11_00207	100.000	256	0	0	1	256	1	256	0.0	510
18P3R3A11_00207	38P2R3A13_00331	96.094	256	10	0	1	256	1	256	2.06e-179	493
18P3R3A11_00208	18P3R3A11_00208	100.000	357	0	0	1	357	1	357	0.0	733
18P3R3A11_00208	38P2R3A13_00332	96.919	357	11	0	1	357	1	357	0.0	713
18P3R3A11_00208	56P2R2A4_01870	96.919	357	11	0	1	357	1	357	0.0	711
18P3R3A11_00209	18P3R3A11_00209	100.000	166	0	0	1	166	1	166	4.82e-123	343
18P3R3A11_00209	38P2R3A13_00333	96.988	166	5	0	1	166	1	166	1.23e-120	337
18P3R3A11_00209	56P2R2A4_01871	96.386	166	6	0	1	166	1	166	1.05e-119	334
18P3R3A11_00209	37P2R3-2A1_00707	96.386	166	6	0	1	166	1	166	2.44e-119	333
18P3R3A11_00210	18P3R3A11_00210	100.000	249	0	0	1	249	1	249	0.0	505
18P3R3A11_00210	56P2R2A4_01872	95.984	249	10	0	1	249	1	249	1.68e-169	467
18P3R3A11_00211	18P3R3A11_00211	100.000	96	0	0	1	96	1	96	3.17e-69	201
18P3R3A11_00211	56P2R2A4_01873	97.917	96	2	0	1	96	1	96	9.09e-69	200
18P3R3A11_00211	10P3R2A13_03657	95.833	96	4	0	1	96	1	96	8.11e-67	195
18P3R3A11_00212	18P3R3A11_00212	100.000	310	0	0	1	310	1	310	0.0	644
18P3R3A11_00212	38P2R3A13_04456	97.097	310	9	0	1	310	1	310	0.0	631
18P3R3A11_00212	10P3R2A13_03656	95.161	310	15	0	1	310	1	310	0.0	618
18P3R3A11_00213	18P3R3A11_00213	100.000	680	0	0	1	680	1	680	0.0	1392
18P3R3A11_00213	38P2R3A13_00337	97.349	679	18	0	1	679	1	679	0.0	1366
18P3R3A11_00214	18P3R3A11_00214	100.000	759	0	0	1	759	1	759	0.0	1571
18P3R3A11_00214	38P2R3A13_00338	97.365	759	20	0	1	759	1	759	0.0	1536
18P3R3A11_00215	18P3R3A11_00215	100.000	658	0	0	1	658	1	658	0.0	1353
18P3R3A11_00216	18P3R3A11_00216	100.000	369	0	0	1	369	1	369	0.0	753
18P3R3A11_00217	18P3R3A11_00217	100.000	500	0	0	1	500	1	500	0.0	1025
18P3R3A11_00217	38P2R3A13_04461	96.000	500	20	0	1	500	1	500	0.0	986
18P3R3A11_00218	18P3R3A11_00218	100.000	303	0	0	1	303	1	303	0.0	624
18P3R3A11_00219	18P3R3A11_00219	100.000	107	0	0	1	107	1	107	2.69e-74	215
18P3R3A11_00220	18P3R3A11_00220	100.000	64	0	0	1	64	1	64	4.10e-41	128
18P3R3A11_00221	18P3R3A11_00221	100.000	880	0	0	1	880	1	880	0.0	1776
18P3R3A11_00222	18P3R3A11_00222	100.000	108	0	0	1	108	1	108	7.11e-75	216
18P3R3A11_00222	56P2R2A4_01883	97.222	108	3	0	1	108	1	108	1.08e-72	211
18P3R3A11_00223	18P3R3A11_00223	100.000	252	0	0	1	252	1	252	0.0	522
18P3R3A11_00223	56P2R2A4_01884	97.222	252	7	0	1	252	1	252	0.0	512
18P3R3A11_00224	18P3R3A11_00224	100.000	330	0	0	1	330	1	330	0.0	680
18P3R3A11_00224	47P2R3A6_01294	97.879	330	7	0	1	330	1	330	0.0	668
18P3R3A11_00224	38P2R3A13_05409	97.491	279	7	0	52	330	1	279	0.0	561
18P3R3A11_00225	18P3R3A11_00225	100.000	402	0	0	1	402	1	402	0.0	785
18P3R3A11_00225	37P2R3-2A1_00693	98.731	394	5	0	1	394	1	394	0.0	757
18P3R3A11_00226	18P3R3A11_00226	100.000	145	0	0	1	145	1	145	2.59e-102	289
18P3R3A11_00226	38P2R3A13_00349	97.931	145	3	0	1	145	1	145	8.99e-100	282
18P3R3A11_00227	18P3R3A11_00227	100.000	153	0	0	1	153	1	153	1.14e-109	308
18P3R3A11_00227	37P2R3-2A1_00691	96.479	142	5	0	12	153	720	861	1.69e-89	278
18P3R3A11_00228	18P3R3A11_00228	100.000	678	0	0	1	678	1	678	0.0	1392
18P3R3A11_00229	18P3R3A11_00229	100.000	249	0	0	1	249	1	249	0.0	507
18P3R3A11_00229	38P2R3A13_05428	97.992	249	5	0	1	249	1	249	0.0	500
18P3R3A11_00230	18P3R3A11_00230	100.000	229	0	0	1	229	1	229	9.04e-171	469
18P3R3A11_00230	38P2R3A13_00353	97.817	229	5	0	1	229	1	229	5.09e-167	459
18P3R3A11_00231	18P3R3A11_00231	100.000	144	0	0	1	144	1	144	7.65e-104	293
18P3R3A11_00232	18P3R3A11_00232	100.000	68	0	0	1	68	1	68	6.18e-44	135
18P3R3A11_00233	18P3R3A11_00233	100.000	488	0	0	1	488	1	488	0.0	1007
18P3R3A11_00234	18P3R3A11_00234	100.000	460	0	0	1	460	1	460	0.0	918
18P3R3A11_00235	18P3R3A11_00235	100.000	340	0	0	1	340	1	340	0.0	697
18P3R3A11_00235	56P2R2A4_01897	95.294	340	16	0	1	340	1	340	0.0	669
18P3R3A11_00235	38P2R3A13_00358	95.294	340	16	0	1	340	1	340	0.0	669
18P3R3A11_00236	18P3R3A11_00236	100.000	405	0	0	1	405	1	405	0.0	848
18P3R3A11_00236	38P2R3A13_00359	97.284	405	11	0	1	405	1	405	0.0	834
18P3R3A11_00237	18P3R3A11_00237	100.000	109	0	0	1	109	1	109	2.55e-71	207
18P3R3A11_00237	38P2R3A13_00360	95.413	109	5	0	1	109	1	109	1.09e-68	201
18P3R3A11_00238	18P3R3A11_00238	100.000	113	0	0	1	113	1	113	6.34e-79	227
18P3R3A11_00239	18P3R3A11_00239	100.000	187	0	0	1	187	1	187	2.58e-139	385
18P3R3A11_00239	38P2R3A13_00362	97.326	187	5	0	1	187	1	187	2.07e-135	376
18P3R3A11_00240	18P3R3A11_00240	100.000	249	0	0	1	249	1	249	0.0	515
18P3R3A11_00241	18P3R3A11_00241	100.000	98	0	0	1	98	1	98	2.73e-69	201
18P3R3A11_00242	18P3R3A11_00242	100.000	813	0	0	1	813	1	813	0.0	1696
18P3R3A11_00242	38P2R3A13_00365	96.310	813	30	0	1	813	1	813	0.0	1647
18P3R3A11_00242	56P2R2A4_01904	96.433	813	29	0	1	813	1	813	0.0	1644
18P3R3A11_00243	18P3R3A11_00243	100.000	205	0	0	1	205	1	205	2.95e-149	412
18P3R3A11_00243	37P2R3-2A1_00675	96.098	205	8	0	1	205	1	205	2.84e-136	379
18P3R3A11_00244	18P3R3A11_00244	100.000	128	0	0	1	128	1	128	2.80e-92	262
18P3R3A11_00245	18P3R3A11_00245	100.000	485	0	0	1	485	1	485	0.0	942
18P3R3A11_00246	18P3R3A11_00246	100.000	249	0	0	1	249	1	249	0.0	496
18P3R3A11_00247	18P3R3A11_00247	100.000	290	0	0	1	290	1	290	0.0	584
18P3R3A11_00248	18P3R3A11_00248	100.000	180	0	0	1	180	1	180	1.35e-124	348
18P3R3A11_00249	18P3R3A11_00249	100.000	352	0	0	1	352	1	352	0.0	728
18P3R3A11_00250	18P3R3A11_00250	100.000	191	0	0	1	191	1	191	1.52e-140	389
18P3R3A11_00251	18P3R3A11_00251	100.000	195	0	0	1	195	1	195	5.08e-146	403
18P3R3A11_00252	18P3R3A11_00252	100.000	84	0	0	1	84	1	84	4.31e-56	167
18P3R3A11_00252	37P2R3-2A1_00666	97.619	84	2	0	1	84	1	84	5.27e-55	164
18P3R3A11_00253	18P3R3A11_00253	100.000	132	0	0	1	132	1	132	4.02e-97	275
18P3R3A11_00254	18P3R3A11_00254	100.000	197	0	0	1	197	1	197	1.51e-142	395
18P3R3A11_00255	18P3R3A11_00255	100.000	168	0	0	1	168	1	168	2.21e-123	344
18P3R3A11_00256	18P3R3A11_00256	100.000	137	0	0	1	137	1	137	6.22e-99	280
18P3R3A11_00256	37P2R3-2A1_00660	97.810	137	3	0	1	137	1	137	1.89e-97	276
18P3R3A11_00257	18P3R3A11_00257	100.000	300	0	0	1	300	1	300	0.0	608
18P3R3A11_00258	18P3R3A11_00258	100.000	191	0	0	1	191	1	191	9.64e-144	397
18P3R3A11_00259	18P3R3A11_00259	100.000	279	0	0	1	279	1	279	0.0	561
18P3R3A11_00260	18P3R3A11_00260	100.000	226	0	0	1	226	1	226	1.15e-161	446
18P3R3A11_00260	38P2R3A13_00370	96.875	224	7	0	1	224	1	224	1.28e-157	435
18P3R3A11_00261	18P3R3A11_00261	100.000	463	0	0	1	463	1	463	0.0	938
18P3R3A11_00262	18P3R3A11_00262	100.000	160	0	0	1	160	1	160	1.11e-116	326
18P3R3A11_00262	42P1R1A12_03416	98.101	158	3	0	1	158	1	158	2.42e-114	320
18P3R3A11_00263	18P3R3A11_00263	100.000	1052	0	0	1	1052	1	1052	0.0	2124
18P3R3A11_00263	42P1R1A12_05943	97.624	1052	24	1	1	1052	1	1051	0.0	2069
18P3R3A11_00263	38P2R3A13_04066	97.148	1052	29	1	1	1052	1	1051	0.0	2069
18P3R3A11_00263	31P2R1A5_02024	96.863	1052	32	1	1	1052	1	1051	0.0	2055
18P3R3A11_00264	18P3R3A11_00264	100.000	392	0	0	1	392	1	392	0.0	799
18P3R3A11_00264	38P2R3A13_00374	96.173	392	15	0	1	392	1	392	0.0	724
18P3R3A11_00265	18P3R3A11_00265	100.000	118	0	0	1	118	1	118	6.55e-86	245
18P3R3A11_00265	56P2R2A4_01915	96.610	118	4	0	1	118	17	134	1.67e-81	234
18P3R3A11_00266	18P3R3A11_00266	100.000	106	0	0	1	106	1	106	7.77e-73	211
18P3R3A11_00266	56P2R2A4_01916	97.170	106	3	0	1	106	1	106	1.35e-70	206
18P3R3A11_00266	38P2R3A13_00378	96.226	106	4	0	1	106	1	106	6.43e-70	204
18P3R3A11_00267	18P3R3A11_00267	100.000	72	0	0	1	72	1	72	1.07e-48	147
18P3R3A11_00267	38P2R3A13_00379	97.222	72	2	0	1	72	1	72	2.88e-47	144
18P3R3A11_00268	18P3R3A11_00268	100.000	358	0	0	1	358	1	358	0.0	733
18P3R3A11_00269	18P3R3A11_00269	100.000	390	0	0	1	390	1	390	0.0	790
18P3R3A11_00270	18P3R3A11_00270	100.000	212	0	0	1	212	1	212	5.73e-152	420
18P3R3A11_00270	30P2R3A4_00924	96.774	62	2	0	1	62	1	62	2.70e-39	129
18P3R3A11_00271	18P3R3A11_00271	100.000	371	0	0	1	371	1	371	0.0	767
18P3R3A11_00271	51P2R2A10_02707	96.765	371	12	0	1	371	1	371	0.0	748
18P3R3A11_00272	18P3R3A11_00272	100.000	463	0	0	1	463	1	463	0.0	957
18P3R3A11_00272	51P2R2A10_02706	96.112	463	18	0	1	463	1	463	0.0	928
18P3R3A11_00273	18P3R3A11_00273	100.000	134	0	0	1	134	1	134	2.96e-99	280
18P3R3A11_00274	18P3R3A11_00274	100.000	152	0	0	1	152	1	152	4.78e-108	304
18P3R3A11_00274	37P2R3-2A1_00645	97.368	152	4	0	1	152	1	152	1.00e-104	295
18P3R3A11_00275	18P3R3A11_00275	100.000	71	0	0	1	71	1	71	1.41e-46	142
18P3R3A11_00276	18P3R3A11_00276	100.000	295	0	0	1	295	1	295	0.0	603
18P3R3A11_00277	18P3R3A11_00277	100.000	353	0	0	1	353	1	353	0.0	733
18P3R3A11_00277	38P2R3A13_00394	97.734	353	8	0	1	353	1	353	0.0	721
18P3R3A11_00278	18P3R3A11_00278	100.000	401	0	0	1	401	1	401	0.0	779
18P3R3A11_00278	37P2R3-2A1_00641	96.947	393	12	0	1	393	1	393	0.0	748
18P3R3A11_00279	18P3R3A11_00279	100.000	208	0	0	1	208	1	208	2.58e-157	433
18P3R3A11_00280	18P3R3A11_00280	100.000	264	0	0	1	264	1	264	0.0	518
18P3R3A11_00280	38P2R3A13_00397	95.802	262	11	0	1	262	1	262	0.0	499
18P3R3A11_00280	37P2R3-2A1_00635	100.000	246	0	0	19	264	1	246	8.88e-176	484
18P3R3A11_00281	18P3R3A11_00281	100.000	237	0	0	1	237	1	237	5.39e-166	457
18P3R3A11_00281	38P2R3A13_05816	95.359	237	11	0	1	237	1	237	1.06e-159	441
18P3R3A11_00282	18P3R3A11_00282	100.000	300	0	0	1	300	1	300	0.0	624
18P3R3A11_00282	38P2R3A13_00399	98.000	300	6	0	1	300	1	300	0.0	613
18P3R3A11_00282	38P2R3A13_05817	96.333	300	11	0	1	300	1	300	0.0	601
18P3R3A11_00283	18P3R3A11_00283	100.000	216	0	0	1	216	1	216	2.59e-147	408
18P3R3A11_00284	18P3R3A11_00284	100.000	383	0	0	1	383	1	383	0.0	792
18P3R3A11_00284	38P2R3A13_05819	96.867	383	12	0	1	383	1	383	0.0	770
18P3R3A11_00285	18P3R3A11_00285	100.000	437	0	0	1	437	1	437	0.0	850
18P3R3A11_00286	18P3R3A11_00286	100.000	232	0	0	1	232	1	232	3.24e-169	465
18P3R3A11_00287	18P3R3A11_00287	100.000	407	0	0	1	407	1	407	0.0	827
18P3R3A11_00287	38P2R3A13_00404	97.789	407	9	0	1	407	1	407	0.0	813
18P3R3A11_00288	18P3R3A11_00288	100.000	302	0	0	1	302	1	302	0.0	609
18P3R3A11_00289	18P3R3A11_00289	100.000	418	0	0	1	418	1	418	0.0	825
18P3R3A11_00289	38P2R3A13_00406	95.455	418	19	0	1	418	1	418	0.0	757
18P3R3A11_00290	18P3R3A11_00290	100.000	495	0	0	1	495	1	495	0.0	1029
18P3R3A11_00290	56P2R2A4_01935	96.356	494	18	0	2	495	3	496	0.0	997
18P3R3A11_00290	38P2R3A13_05826	95.547	494	22	0	2	495	3	496	0.0	995
18P3R3A11_00291	18P3R3A11_00291	100.000	274	0	0	1	274	1	274	0.0	557
18P3R3A11_00292	18P3R3A11_00292	100.000	110	0	0	1	110	1	110	1.21e-71	208
18P3R3A11_00293	18P3R3A11_00293	100.000	131	0	0	1	131	1	131	9.34e-90	256
18P3R3A11_00293	38P2R3A13_06070	95.420	131	6	0	1	131	1	131	4.47e-86	246
18P3R3A11_00294	18P3R3A11_00294	100.000	345	0	0	1	345	1	345	0.0	657
18P3R3A11_00294	38P2R3A13_00413	95.640	344	15	0	2	345	2	345	0.0	632
18P3R3A11_00295	18P3R3A11_00295	100.000	341	0	0	1	341	1	341	0.0	699
18P3R3A11_00295	38P2R3A13_06072	96.471	340	12	0	1	340	1	340	0.0	679
18P3R3A11_00295	38P2R3A13_00414	96.765	340	11	0	1	340	1	340	0.0	679
18P3R3A11_00296	18P3R3A11_00296	100.000	116	0	0	1	116	1	116	1.56e-86	246
18P3R3A11_00297	18P3R3A11_00297	100.000	31	0	0	1	31	1	31	1.15e-15	61.6
18P3R3A11_00298	18P3R3A11_00298	100.000	262	0	0	1	262	1	262	0.0	533
18P3R3A11_00298	56P2R2A4_01947	95.420	262	12	0	1	262	1	262	0.0	513
18P3R3A11_00299	18P3R3A11_00299	100.000	232	0	0	1	232	1	232	7.05e-169	464
18P3R3A11_00299	38P2R3A13_00417	97.845	232	5	0	1	232	1	232	1.55e-164	453
18P3R3A11_00300	18P3R3A11_00300	100.000	399	0	0	1	399	1	399	0.0	821
18P3R3A11_00300	38P2R3A13_00418	95.489	399	18	0	1	399	1	399	0.0	784
18P3R3A11_00301	18P3R3A11_00301	100.000	383	0	0	1	383	1	383	0.0	764
18P3R3A11_00302	18P3R3A11_00302	100.000	1026	0	0	1	1026	1	1026	0.0	2062
18P3R3A11_00302	38P2R3A13_00420	96.967	1022	31	0	1	1022	1	1022	0.0	1995
18P3R3A11_00303	18P3R3A11_00303	100.000	256	0	0	1	256	1	256	0.0	533
18P3R3A11_00303	37P2R3-2A1_00612	97.656	256	6	0	1	256	1	256	0.0	524
18P3R3A11_00304	18P3R3A11_00304	100.000	485	0	0	1	485	1	485	0.0	957
18P3R3A11_00305	18P3R3A11_00305	100.000	326	0	0	1	326	1	326	0.0	668
18P3R3A11_00306	18P3R3A11_00306	100.000	327	0	0	1	327	1	327	0.0	651
18P3R3A11_00306	38P2R3A13_00424	96.636	327	11	0	1	327	1	327	0.0	630
18P3R3A11_00307	18P3R3A11_00307	100.000	149	0	0	1	149	1	149	1.85e-107	302
18P3R3A11_00308	18P3R3A11_00308	100.000	352	0	0	1	352	1	352	0.0	721
18P3R3A11_00309	18P3R3A11_00309	100.000	299	0	0	1	299	1	299	0.0	592
18P3R3A11_00309	37P2R3-2A1_00607	96.990	299	9	0	1	299	1	299	0.0	577
18P3R3A11_00310	18P3R3A11_00310	100.000	421	0	0	1	421	1	421	0.0	880
18P3R3A11_00310	38P2R3A13_00428	97.625	421	10	0	1	421	1	421	0.0	865
18P3R3A11_00310	56P2R2A4_01959	96.675	421	14	0	1	421	1	421	0.0	857
18P3R3A11_00311	18P3R3A11_00311	100.000	145	0	0	1	145	1	145	2.28e-105	296
18P3R3A11_00311	38P2R3A13_00429	95.862	145	6	0	1	145	1	145	1.60e-100	284
18P3R3A11_00312	18P3R3A11_00312	100.000	508	0	0	1	508	1	508	0.0	1040
18P3R3A11_00313	18P3R3A11_00313	100.000	70	0	0	1	70	1	70	1.32e-45	139
18P3R3A11_00313	38P2R3A13_00430	95.238	63	3	0	1	63	1	63	2.71e-39	124
18P3R3A11_00314	18P3R3A11_00314	100.000	289	0	0	1	289	1	289	0.0	583
18P3R3A11_00315	18P3R3A11_00315	100.000	553	0	0	1	553	1	553	0.0	1119
18P3R3A11_00316	18P3R3A11_00316	100.000	188	0	0	1	188	1	188	3.24e-140	388
18P3R3A11_00317	18P3R3A11_00317	100.000	304	0	0	1	304	1	304	0.0	625
18P3R3A11_00317	38P2R3A13_00434	97.039	304	9	0	1	304	1	304	0.0	608
18P3R3A11_00317	38P2R3A13_06084	96.013	301	12	0	1	301	1	301	0.0	602
18P3R3A11_00318	18P3R3A11_00318	100.000	437	0	0	1	437	1	437	0.0	892
18P3R3A11_00318	56P2R2A4_01966	97.483	437	11	0	1	437	1	437	0.0	876
18P3R3A11_00318	38P2R3A13_00435	97.254	437	12	0	1	437	1	437	0.0	871
18P3R3A11_00319	18P3R3A11_00319	100.000	482	0	0	1	482	1	482	0.0	998
18P3R3A11_00320	18P3R3A11_00320	100.000	509	0	0	1	509	1	509	0.0	998
18P3R3A11_00320	38P2R3A13_06087	96.857	509	16	0	1	509	1	509	0.0	976
18P3R3A11_00321	18P3R3A11_00321	100.000	172	0	0	1	172	1	172	1.26e-126	352
18P3R3A11_00321	56P2R2A4_01969	95.349	172	8	0	1	172	1	172	1.91e-109	309
18P3R3A11_00322	18P3R3A11_00322	100.000	251	0	0	1	251	1	251	0.0	515
18P3R3A11_00322	10P3R2A13_01959	97.610	251	6	0	1	251	1	251	0.0	504
18P3R3A11_00322	31P2R1A5_00284	97.211	251	7	0	1	251	1	251	0.0	498
18P3R3A11_00322	15P1R1A16_03191	96.078	153	6	0	99	251	1	153	8.29e-106	302
18P3R3A11_00323	18P3R3A11_00323	100.000	65	0	0	1	65	1	65	1.36e-38	122
18P3R3A11_00323	37P2R3-2A1_00593	96.923	65	2	0	1	65	1	65	4.47e-37	118
18P3R3A11_00324	18P3R3A11_00324	100.000	317	0	0	1	317	1	317	0.0	653
18P3R3A11_00326	18P3R3A11_00326	100.000	510	0	0	1	510	1	510	0.0	1030
18P3R3A11_00326	38P2R3A13_00443	97.843	510	11	0	1	510	1	510	0.0	1015
18P3R3A11_00327	18P3R3A11_00327	100.000	315	0	0	1	315	1	315	0.0	635
18P3R3A11_00328	18P3R3A11_00328	100.000	461	0	0	1	461	1	461	0.0	905
18P3R3A11_00328	38P2R3A13_00445	96.963	461	14	0	1	461	1	461	0.0	889
18P3R3A11_00328	38P2R3A13_06324	96.095	461	18	0	1	461	1	461	0.0	847
18P3R3A11_00329	18P3R3A11_00329	100.000	241	0	0	1	241	1	241	0.0	497
18P3R3A11_00329	38P2R3A13_06323	95.021	241	12	0	1	241	1	241	1.69e-163	451
18P3R3A11_00330	18P3R3A11_00330	100.000	112	0	0	1	112	1	112	2.68e-74	215
18P3R3A11_00331	18P3R3A11_00331	100.000	251	0	0	1	251	1	251	0.0	509
18P3R3A11_00331	38P2R3A13_06321	97.211	251	7	0	1	251	1	251	0.0	496
18P3R3A11_00331	38P2R3A13_00448	96.813	251	8	0	1	251	1	251	5.32e-180	494
18P3R3A11_00332	18P3R3A11_00332	100.000	87	0	0	1	87	1	87	2.06e-58	173
18P3R3A11_00333	18P3R3A11_00333	100.000	433	0	0	1	433	1	433	0.0	886
18P3R3A11_00333	38P2R3A13_00450	96.074	433	17	0	1	433	1	433	0.0	861
18P3R3A11_00334	18P3R3A11_00334	100.000	310	0	0	1	310	1	310	0.0	636
18P3R3A11_00335	18P3R3A11_00335	100.000	465	0	0	1	465	1	465	0.0	955
18P3R3A11_00335	38P2R3A13_06317	96.559	465	16	0	1	465	1	465	0.0	929
18P3R3A11_00336	18P3R3A11_00336	100.000	549	0	0	1	549	1	549	0.0	1139
18P3R3A11_00336	38P2R3A13_00453	97.632	549	13	0	1	549	1	549	0.0	1119
18P3R3A11_00337	18P3R3A11_00337	100.000	392	0	0	1	392	1	392	0.0	791
18P3R3A11_00337	56P2R2A4_01985	97.187	391	11	0	1	391	1	391	0.0	768
18P3R3A11_00338	18P3R3A11_00338	100.000	511	0	0	1	511	1	511	0.0	1041
18P3R3A11_00339	18P3R3A11_00339	100.000	343	0	0	1	343	1	343	0.0	692
18P3R3A11_00339	38P2R3A13_00456	97.376	343	9	0	1	343	1	343	0.0	676
18P3R3A11_00339	38P2R3A13_06313	95.335	343	16	0	1	343	1	343	0.0	663
18P3R3A11_00340	18P3R3A11_00340	100.000	531	0	0	1	531	1	531	0.0	1063
18P3R3A11_00341	18P3R3A11_00341	100.000	391	0	0	1	391	1	391	0.0	811
18P3R3A11_00342	18P3R3A11_00342	100.000	334	0	0	1	334	1	334	0.0	682
18P3R3A11_00342	38P2R3A13_00459	97.305	334	9	0	1	334	1	334	0.0	662
18P3R3A11_00343	18P3R3A11_00343	100.000	347	0	0	1	347	1	347	0.0	712
18P3R3A11_00344	18P3R3A11_00344	100.000	72	0	0	1	72	1	72	1.30e-48	147
18P3R3A11_00344	38P2R3A13_00461	95.833	72	3	0	1	72	1	72	2.73e-46	141
18P3R3A11_00345	18P3R3A11_00345	100.000	147	0	0	1	147	1	147	6.59e-100	283
18P3R3A11_00345	56P2R2A4_01996	95.918	147	6	0	1	147	1	147	4.25e-74	218
18P3R3A11_00345	38P2R3A13_07728	95.238	147	7	0	1	147	1	147	6.44e-74	217
18P3R3A11_00346	18P3R3A11_00346	100.000	194	0	0	1	194	1	194	2.82e-137	381
18P3R3A11_00346	38P2R3A13_00463	97.938	194	4	0	1	194	1	194	2.96e-134	374
18P3R3A11_00347	18P3R3A11_00347	100.000	193	0	0	1	193	1	193	4.13e-140	388
18P3R3A11_00347	38P2R3A13_00464	97.409	193	5	0	1	193	1	193	5.70e-137	380
18P3R3A11_00347	38P2R3A13_07730	95.855	193	8	0	1	193	1	193	8.41e-134	372
18P3R3A11_00348	18P3R3A11_00348	100.000	674	0	0	1	674	1	674	0.0	1367
18P3R3A11_00349	18P3R3A11_00349	100.000	351	0	0	1	351	1	351	0.0	701
18P3R3A11_00349	38P2R3A13_07732	97.721	351	8	0	1	351	1	351	0.0	688
18P3R3A11_00350	18P3R3A11_00350	100.000	207	0	0	1	207	1	207	4.90e-154	424
18P3R3A11_00350	37P2R3-2A1_00563	97.585	207	5	0	1	207	1	207	1.28e-149	413
18P3R3A11_00351	18P3R3A11_00351	100.000	229	0	0	1	229	1	229	8.08e-166	456
18P3R3A11_00351	38P2R3A13_00468	97.817	229	5	0	1	229	1	229	3.98e-162	447
18P3R3A11_00351	38P2R3A13_07734	96.943	229	7	0	1	229	1	229	1.03e-160	443
18P3R3A11_00352	18P3R3A11_00352	100.000	212	0	0	1	212	1	212	2.33e-158	436
18P3R3A11_00352	15P1R1A16_00134	95.506	178	8	0	32	209	1	178	1.87e-125	352
18P3R3A11_00353	18P3R3A11_00353	100.000	503	0	0	1	503	1	503	0.0	1013
18P3R3A11_00353	38P2R3A13_00470	97.813	503	11	0	1	503	1	503	0.0	994
18P3R3A11_00353	47P2R3A6_01950	95.723	491	21	0	1	491	1	491	0.0	959
18P3R3A11_00353	38P2R3A13_08243	95.249	421	20	0	71	491	1	421	0.0	818
18P3R3A11_00354	18P3R3A11_00354	100.000	202	0	0	1	202	1	202	2.05e-150	415
18P3R3A11_00355	18P3R3A11_00355	100.000	287	0	0	1	287	1	287	0.0	591
18P3R3A11_00355	38P2R3A13_08241	95.122	287	14	0	1	287	1	287	0.0	567
18P3R3A11_00356	18P3R3A11_00356	100.000	425	0	0	1	425	1	425	0.0	881
18P3R3A11_00356	42P1R1A12_01884	95.294	425	20	0	1	425	1	425	0.0	853
18P3R3A11_00356	31P2R1A5_01451	95.294	425	20	0	1	425	1	425	0.0	850
18P3R3A11_00356	37P2R3-2A1_00557	95.047	424	21	0	1	424	1	424	0.0	842
18P3R3A11_00356	38P2R3A13_08240	97.611	293	7	0	133	425	1	293	0.0	593
18P3R3A11_00357	18P3R3A11_00357	100.000	224	0	0	1	224	1	224	4.44e-169	464
18P3R3A11_00358	18P3R3A11_00358	100.000	108	0	0	1	108	1	108	4.92e-77	222
18P3R3A11_00358	38P2R3A13_08071	96.296	108	4	0	1	108	1	108	2.93e-66	195
18P3R3A11_00359	18P3R3A11_00359	100.000	375	0	0	1	375	1	375	0.0	759
18P3R3A11_00360	18P3R3A11_00360	100.000	156	0	0	1	156	1	156	5.82e-106	299
18P3R3A11_00360	56P2R2A4_02011	97.436	156	4	0	1	156	1	156	2.65e-103	292
18P3R3A11_00360	38P2R3A13_08069	96.154	156	6	0	1	156	1	156	3.74e-102	289
18P3R3A11_00361	18P3R3A11_00361	100.000	454	0	0	1	454	1	454	0.0	925
18P3R3A11_00361	37P2R3-2A1_00552	96.256	454	17	0	1	454	1	454	0.0	897
18P3R3A11_00362	18P3R3A11_00362	100.000	145	0	0	1	145	1	145	2.02e-100	284
18P3R3A11_00362	38P2R3A13_00479	97.241	145	4	0	1	145	1	145	5.16e-98	278
18P3R3A11_00363	18P3R3A11_00363	100.000	79	0	0	1	79	1	79	7.43e-52	156
18P3R3A11_00364	18P3R3A11_00364	100.000	288	0	0	1	288	1	288	0.0	592
18P3R3A11_00365	18P3R3A11_00365	100.000	678	0	0	1	678	1	678	0.0	1377
18P3R3A11_00365	38P2R3A13_07577	95.133	678	33	0	1	678	1	678	0.0	1276
18P3R3A11_00366	18P3R3A11_00366	100.000	173	0	0	1	173	1	173	1.15e-123	345
18P3R3A11_00366	38P2R3A13_07576	95.954	173	7	0	1	173	1	173	7.66e-119	333
18P3R3A11_00366	38P2R3A13_00483	95.954	173	7	0	1	173	1	173	3.84e-118	331
18P3R3A11_00367	18P3R3A11_00367	100.000	299	0	0	1	299	1	299	0.0	615
18P3R3A11_00367	38P2R3A13_07575	96.321	299	11	0	1	299	1	299	0.0	598
18P3R3A11_00367	38P2R3A13_00484	96.656	299	10	0	1	299	1	299	0.0	595
18P3R3A11_00368	18P3R3A11_00368	100.000	80	0	0	1	80	1	80	1.16e-54	163
18P3R3A11_00368	38P2R3A13_07574	96.250	80	3	0	1	80	1	80	7.05e-53	159
18P3R3A11_00369	18P3R3A11_00369	100.000	548	0	0	1	548	1	548	0.0	1144
18P3R3A11_00370	18P3R3A11_00370	100.000	200	0	0	1	200	1	200	6.85e-150	414
18P3R3A11_00371	18P3R3A11_00371	100.000	366	0	0	1	366	1	366	0.0	748
18P3R3A11_00371	38P2R3A13_07571	97.268	366	10	0	1	366	1	366	0.0	732
18P3R3A11_00371	38P2R3A13_00488	96.995	366	11	0	1	366	1	366	0.0	731
18P3R3A11_00372	18P3R3A11_00372	100.000	136	0	0	1	136	1	136	1.54e-97	276
18P3R3A11_00372	38P2R3A13_00489	97.794	136	3	0	1	136	1	136	1.23e-95	271
18P3R3A11_00372	38P2R3A13_08099	98.925	93	1	0	44	136	1	93	3.75e-62	185
18P3R3A11_00373	18P3R3A11_00373	100.000	220	0	0	1	220	1	220	7.69e-167	458
18P3R3A11_00373	38P2R3A13_00490	96.714	213	7	0	1	213	1	213	7.74e-157	432
18P3R3A11_00374	18P3R3A11_00374	100.000	116	0	0	1	116	1	116	3.63e-83	238
18P3R3A11_00374	10P3R2A13_00831	96.552	116	4	0	1	116	1	116	3.03e-81	233
18P3R3A11_00374	42P1R1A12_01901	95.690	116	5	0	1	116	1	116	2.21e-80	231
18P3R3A11_00375	18P3R3A11_00375	100.000	258	0	0	1	258	1	258	0.0	533
18P3R3A11_00376	18P3R3A11_00376	100.000	194	0	0	1	194	1	194	6.78e-144	398
18P3R3A11_00376	56P2R2A4_02027	97.938	194	4	0	1	194	1	194	5.72e-141	390
18P3R3A11_00376	38P2R3A13_08103	96.392	194	7	0	1	194	1	194	6.07e-139	385
18P3R3A11_00377	18P3R3A11_00377	100.000	389	0	0	1	389	1	389	0.0	753
18P3R3A11_00377	38P2R3A13_00494	97.172	389	11	0	1	389	1	389	0.0	738
18P3R3A11_00377	38P2R3A13_08104	97.172	389	11	0	1	389	1	389	0.0	734
18P3R3A11_00378	18P3R3A11_00378	100.000	30	0	0	1	30	1	30	2.12e-13	55.8
18P3R3A11_00379	18P3R3A11_00379	100.000	342	0	0	1	342	1	342	0.0	712
18P3R3A11_00379	10P3R2A13_00836	95.029	342	17	0	1	342	1	342	0.0	688
18P3R3A11_00379	38P2R3A13_07793	99.683	315	1	0	28	342	1	315	0.0	654
18P3R3A11_00380	18P3R3A11_00380	100.000	304	0	0	1	304	1	304	0.0	624
18P3R3A11_00380	38P2R3A13_00497	97.697	304	7	0	1	304	1	304	0.0	612
18P3R3A11_00381	18P3R3A11_00381	100.000	400	0	0	1	400	1	400	0.0	792
18P3R3A11_00382	18P3R3A11_00382	100.000	383	0	0	1	383	1	383	0.0	801
18P3R3A11_00382	38P2R3A13_07790	95.300	383	18	0	1	383	1	383	0.0	768
18P3R3A11_00383	18P3R3A11_00383	100.000	214	0	0	1	214	1	214	1.61e-158	436
18P3R3A11_00383	38P2R3A13_07789	97.196	214	6	0	1	214	1	214	1.15e-154	427
18P3R3A11_00383	38P2R3A13_00500	96.714	213	7	0	1	213	1	213	5.31e-154	425
18P3R3A11_00384	18P3R3A11_00384	100.000	454	0	0	1	454	1	454	0.0	907
18P3R3A11_00384	38P2R3A13_00501	97.577	454	11	0	1	454	1	454	0.0	889
18P3R3A11_00384	38P2R3A13_07788	96.696	454	15	0	1	454	1	454	0.0	883
18P3R3A11_00387	18P3R3A11_00387	100.000	532	0	0	1	532	1	532	0.0	1091
18P3R3A11_00388	18P3R3A11_00388	100.000	212	0	0	1	212	1	212	7.96e-159	437
18P3R3A11_00388	38P2R3A13_00505	97.170	212	6	0	1	212	1	212	9.14e-155	427
18P3R3A11_00389	18P3R3A11_00389	100.000	261	0	0	1	261	1	261	0.0	544
18P3R3A11_00390	18P3R3A11_00390	100.000	47	0	0	1	47	1	47	2.56e-26	89.7
18P3R3A11_00390	38P2R3A13_00507	97.872	47	1	0	1	47	1	47	1.03e-25	88.2
18P3R3A11_00391	18P3R3A11_00391	100.000	160	0	0	1	160	1	160	5.91e-112	314
18P3R3A11_00392	18P3R3A11_00392	100.000	204	0	0	1	204	1	204	1.43e-150	416
18P3R3A11_00393	18P3R3A11_00393	100.000	450	0	0	1	450	1	450	0.0	921
18P3R3A11_00393	37P2R3-2A1_00520	99.315	438	3	0	13	450	1	438	0.0	892
18P3R3A11_00394	18P3R3A11_00394	100.000	469	0	0	1	469	1	469	0.0	986
18P3R3A11_00395	18P3R3A11_00395	100.000	56	0	0	1	56	1	56	2.15e-36	115
18P3R3A11_00396	18P3R3A11_00396	100.000	279	0	0	1	279	1	279	0.0	558
18P3R3A11_00396	38P2R3A13_00509	96.416	279	10	0	1	279	1	279	0.0	536
18P3R3A11_00397	18P3R3A11_00397	100.000	272	0	0	1	272	1	272	0.0	549
18P3R3A11_00398	18P3R3A11_00398	100.000	249	0	0	1	249	1	249	3.96e-179	491
18P3R3A11_00399	18P3R3A11_00399	100.000	229	0	0	1	229	1	229	4.48e-164	452
18P3R3A11_00400	18P3R3A11_00400	100.000	70	0	0	1	70	1	70	2.05e-45	139
18P3R3A11_00401	18P3R3A11_00401	100.000	271	0	0	1	271	1	271	0.0	545
18P3R3A11_00402	18P3R3A11_00402	100.000	223	0	0	1	223	1	223	6.70e-158	436
18P3R3A11_00402	38P2R3A13_00515	97.758	223	5	0	1	223	1	223	4.89e-155	428
18P3R3A11_00402	38P2R3A13_06691	96.413	223	8	0	1	223	1	223	3.16e-152	421
18P3R3A11_00403	18P3R3A11_00403	100.000	341	0	0	1	341	1	341	0.0	696
18P3R3A11_00403	38P2R3A13_00516	95.894	341	14	0	1	341	1	341	0.0	673
18P3R3A11_00403	38P2R3A13_06690	95.308	341	16	0	1	341	1	341	0.0	668
18P3R3A11_00404	18P3R3A11_00404	100.000	457	0	0	1	457	1	457	0.0	936
18P3R3A11_00404	38P2R3A13_06689	96.718	457	15	0	1	457	1	457	0.0	911
18P3R3A11_00405	18P3R3A11_00405	100.000	382	0	0	1	382	1	382	0.0	775
18P3R3A11_00405	38P2R3A13_00518	97.906	382	8	0	1	382	1	382	0.0	760
18P3R3A11_00406	18P3R3A11_00406	100.000	42	0	0	1	42	1	42	5.55e-24	83.2
18P3R3A11_00407	18P3R3A11_00407	100.000	471	0	0	1	471	1	471	0.0	954
18P3R3A11_00407	42P1R1A12_00606	95.754	471	20	0	1	471	1	471	0.0	919
18P3R3A11_00407	38P2R3A13_00519	95.781	474	17	1	1	471	1	474	0.0	916
18P3R3A11_00407	38P2R3A13_08675	98.281	349	6	0	123	471	1	349	0.0	693
18P3R3A11_00408	18P3R3A11_00408	100.000	79	0	0	1	79	1	79	3.36e-50	152
18P3R3A11_00408	42P1R1A12_00605	97.468	79	2	0	1	79	1	79	9.36e-49	148
18P3R3A11_00408	31P2R1A5_01259	97.468	79	2	0	1	79	1	79	1.62e-48	147
18P3R3A11_00409	18P3R3A11_00409	100.000	338	0	0	1	338	1	338	0.0	673
18P3R3A11_00410	18P3R3A11_00410	100.000	139	0	0	1	139	1	139	4.62e-102	288
18P3R3A11_00411	18P3R3A11_00411	100.000	407	0	0	1	407	1	407	0.0	836
18P3R3A11_00411	38P2R3A13_00523	97.052	407	12	0	1	407	1	407	0.0	819
18P3R3A11_00411	38P2R3A13_07803	95.823	407	17	0	1	407	1	407	0.0	809
18P3R3A11_00412	18P3R3A11_00412	100.000	424	0	0	1	424	1	424	0.0	877
18P3R3A11_00413	18P3R3A11_00413	100.000	249	0	0	1	249	1	249	0.0	506
18P3R3A11_00413	38P2R3A13_00525	97.590	249	6	0	1	249	1	249	0.0	499
18P3R3A11_00413	38P2R3A13_07805	97.992	249	5	0	1	249	1	249	0.0	496
18P3R3A11_00414	18P3R3A11_00414	100.000	497	0	0	1	497	1	497	0.0	1041
18P3R3A11_00414	31P2R1A5_01253	95.171	497	23	1	1	497	1	496	0.0	996
18P3R3A11_00414	10P3R2A13_00861	95.171	497	23	1	1	497	1	496	0.0	993
18P3R3A11_00415	18P3R3A11_00415	100.000	123	0	0	1	123	1	123	4.32e-89	253
18P3R3A11_00416	18P3R3A11_00416	100.000	243	0	0	1	243	1	243	0.0	503
18P3R3A11_00416	38P2R3A13_00529	96.708	243	8	0	1	243	1	243	1.32e-178	489
18P3R3A11_00417	18P3R3A11_00417	100.000	407	0	0	1	407	1	407	0.0	843
18P3R3A11_00418	18P3R3A11_00418	100.000	80	0	0	1	80	1	80	8.72e-55	164
18P3R3A11_00419	18P3R3A11_00419	100.000	93	0	0	1	93	1	93	5.16e-65	190
18P3R3A11_00419	38P2R3A13_00532	95.699	93	4	0	1	93	1	93	2.52e-62	184
18P3R3A11_00420	18P3R3A11_00420	100.000	717	0	0	1	717	1	717	0.0	1498
18P3R3A11_00420	38P2R3A13_00533	96.653	717	24	0	1	717	1	717	0.0	1456
18P3R3A11_00420	38P2R3A13_05784	95.258	717	34	0	1	717	1	717	0.0	1436
18P3R3A11_00421	18P3R3A11_00421	100.000	214	0	0	1	214	1	214	1.27e-161	444
18P3R3A11_00421	37P2R3-2A1_00490	97.196	214	6	0	1	214	1	214	4.27e-157	433
18P3R3A11_00422	18P3R3A11_00422	100.000	171	0	0	1	171	1	171	2.31e-122	342
18P3R3A11_00422	37P2R3-2A1_00489	95.425	153	7	0	19	171	19	171	7.74e-102	290
18P3R3A11_00423	18P3R3A11_00423	100.000	317	0	0	1	317	1	317	0.0	624
18P3R3A11_00424	18P3R3A11_00424	100.000	848	0	0	1	848	1	848	0.0	1740
18P3R3A11_00425	18P3R3A11_00425	100.000	226	0	0	1	226	1	226	7.53e-168	461
18P3R3A11_00425	37P2R3-2A1_00486	95.575	226	10	0	1	226	1	226	2.04e-152	422
18P3R3A11_00426	18P3R3A11_00426	100.000	95	0	0	1	95	1	95	2.54e-61	181
18P3R3A11_00426	37P2R3-2A1_00485	100.000	95	0	0	1	95	83	177	6.89e-61	183
18P3R3A11_00427	18P3R3A11_00427	100.000	53	0	0	1	53	1	53	1.81e-32	105
18P3R3A11_00428	18P3R3A11_00428	100.000	220	0	0	1	220	1	220	7.47e-165	453
18P3R3A11_00429	18P3R3A11_00429	100.000	209	0	0	1	209	1	209	1.34e-155	429
18P3R3A11_00430	18P3R3A11_00430	100.000	65	0	0	1	65	1	65	1.31e-42	132
18P3R3A11_00431	18P3R3A11_00431	100.000	137	0	0	1	137	1	137	3.19e-98	278
18P3R3A11_00431	38P2R3A13_05796	97.080	137	4	0	1	137	1	137	7.63e-96	272
18P3R3A11_00431	38P2R3A13_00535	95.620	137	6	0	1	137	1	137	4.88e-95	270
18P3R3A11_00432	18P3R3A11_00432	100.000	1019	0	0	1	1019	1	1019	0.0	2113
18P3R3A11_00432	38P2R3A13_00536	95.780	1019	43	0	1	1019	1	1019	0.0	2043
18P3R3A11_00432	38P2R3A13_05797	95.682	1019	44	0	1	1019	1	1019	0.0	2037
18P3R3A11_00433	18P3R3A11_00433	100.000	372	0	0	1	372	1	372	0.0	722
18P3R3A11_00433	38P2R3A13_00537	96.505	372	13	0	1	372	1	372	0.0	705
18P3R3A11_00433	38P2R3A13_05798	95.430	372	17	0	1	372	1	372	0.0	638
18P3R3A11_00434	18P3R3A11_00434	100.000	792	0	0	1	792	1	792	0.0	1625
18P3R3A11_00434	38P2R3A13_00538	96.212	792	30	0	1	792	1	792	0.0	1568
18P3R3A11_00435	18P3R3A11_00435	100.000	467	0	0	1	467	1	467	0.0	942
18P3R3A11_00436	18P3R3A11_00436	100.000	793	0	0	1	793	1	793	0.0	1641
18P3R3A11_00436	10P3R2A13_00880	95.082	793	39	0	1	793	1	793	0.0	1578
18P3R3A11_00436	38P2R3A13_05801	98.067	776	15	0	18	793	1	776	0.0	1574
18P3R3A11_00437	18P3R3A11_00437	100.000	278	0	0	1	278	1	278	0.0	573
18P3R3A11_00438	18P3R3A11_00438	100.000	349	0	0	1	349	1	349	0.0	728
18P3R3A11_00438	38P2R3A13_00542	97.135	349	10	0	1	349	1	349	0.0	715
18P3R3A11_00438	38P2R3A13_06386	96.562	349	12	0	1	349	1	349	0.0	704
18P3R3A11_00439	18P3R3A11_00439	100.000	662	0	0	1	662	1	662	0.0	1351
18P3R3A11_00440	18P3R3A11_00440	100.000	343	0	0	1	343	1	343	0.0	709
18P3R3A11_00440	37P2R3-2A1_00465	97.959	343	7	0	1	343	1	343	0.0	696
18P3R3A11_00441	18P3R3A11_00441	100.000	274	0	0	1	274	1	274	0.0	542
18P3R3A11_00442	18P3R3A11_00442	100.000	331	0	0	1	331	1	331	0.0	619
18P3R3A11_00443	18P3R3A11_00443	100.000	260	0	0	1	260	1	260	0.0	523
18P3R3A11_00443	37P2R3-2A1_00462	98.062	258	5	0	1	258	1	258	0.0	511
18P3R3A11_00444	18P3R3A11_00444	100.000	481	0	0	1	481	1	481	0.0	992
18P3R3A11_00445	18P3R3A11_00445	100.000	237	0	0	1	237	1	237	1.03e-175	482
18P3R3A11_00446	18P3R3A11_00446	100.000	155	0	0	1	155	1	155	7.20e-115	321
18P3R3A11_00446	38P2R3A13_00557	96.774	155	5	0	1	155	1	155	2.20e-111	312
18P3R3A11_00447	18P3R3A11_00447	100.000	252	0	0	1	252	1	252	0.0	503
18P3R3A11_00448	18P3R3A11_00448	100.000	184	0	0	1	184	1	184	3.81e-137	380
18P3R3A11_00448	38P2R3A13_00559	96.739	184	6	0	1	184	1	184	3.79e-134	372
18P3R3A11_00448	38P2R3A13_06369	96.196	184	7	0	1	184	1	184	4.15e-133	370
18P3R3A11_00449	18P3R3A11_00449	100.000	353	0	0	1	353	1	353	0.0	679
18P3R3A11_00450	18P3R3A11_00450	100.000	100	0	0	1	100	1	100	1.75e-68	199
18P3R3A11_00450	10P3R2A13_00890	98.000	100	2	0	1	100	1	100	4.93e-67	196
18P3R3A11_00450	42P1R1A12_00576	96.907	97	3	0	1	97	1	97	6.65e-66	193
18P3R3A11_00451	18P3R3A11_00451	100.000	796	0	0	1	796	1	796	0.0	1623
18P3R3A11_00451	47P2R3A6_02055	96.985	796	24	0	1	796	1	796	0.0	1581
18P3R3A11_00452	18P3R3A11_00452	100.000	328	0	0	1	328	1	328	0.0	678
18P3R3A11_00452	31P2R1A5_01220	97.561	328	8	0	1	328	1	328	0.0	664
18P3R3A11_00452	10P3R2A13_00892	96.951	328	10	0	1	328	1	328	0.0	661
18P3R3A11_00452	42P1R1A12_00574	95.427	328	15	0	1	328	1	328	0.0	652
18P3R3A11_00452	38P2R3A13_08442	99.505	202	1	0	127	328	1	202	9.72e-153	426
18P3R3A11_00452	15P1R1A16_03523	97.030	202	6	0	127	328	1	202	1.89e-149	418
18P3R3A11_00454	18P3R3A11_00454	100.000	66	0	0	1	66	1	66	6.14e-41	127
18P3R3A11_00454	24P1R3A1_05663	95.455	66	3	0	1	66	1	66	6.30e-40	125
18P3R3A11_00455	18P3R3A11_00455	100.000	114	0	0	1	114	1	114	8.69e-79	227
18P3R3A11_00455	42P1R1A12_00571	99.123	114	1	0	1	114	35	148	1.14e-77	225
18P3R3A11_00455	31P2R1A5_01217	98.246	114	2	0	1	114	43	156	1.99e-77	225
18P3R3A11_00455	54P2R2A3_03239	97.368	114	3	0	1	114	32	145	1.31e-76	223
18P3R3A11_00455	10P3R2A13_00895	96.491	114	4	0	1	114	32	145	3.22e-76	221
18P3R3A11_00456	18P3R3A11_00456	100.000	643	0	0	1	643	1	643	0.0	1345
18P3R3A11_00456	31P2R1A5_01216	96.734	643	21	0	1	643	1	643	0.0	1311
18P3R3A11_00457	18P3R3A11_00457	100.000	36	0	0	1	36	1	36	3.58e-19	70.9
18P3R3A11_00458	18P3R3A11_00458	100.000	69	0	0	1	69	1	69	7.08e-44	135
18P3R3A11_00459	18P3R3A11_00459	100.000	253	0	0	1	253	1	253	0.0	519
18P3R3A11_00459	38P2R3A13_00570	96.047	253	10	0	1	253	23	275	0.0	505
18P3R3A11_00459	38P2R3A13_08487	95.257	253	12	0	1	253	23	275	0.0	503
18P3R3A11_00460	18P3R3A11_00460	100.000	311	0	0	1	311	1	311	0.0	627
18P3R3A11_00461	18P3R3A11_00461	100.000	97	0	0	1	97	1	97	2.65e-65	191
18P3R3A11_00462	18P3R3A11_00462	100.000	287	0	0	1	287	1	287	0.0	584
18P3R3A11_00462	38P2R3A13_00573	95.819	287	12	0	1	287	1	287	0.0	563
18P3R3A11_00463	18P3R3A11_00463	100.000	179	0	0	1	179	1	179	1.96e-130	362
18P3R3A11_00464	18P3R3A11_00464	100.000	224	0	0	1	224	1	224	6.03e-163	449
18P3R3A11_00465	18P3R3A11_00465	100.000	254	0	0	1	254	1	254	0.0	512
18P3R3A11_00466	18P3R3A11_00466	100.000	197	0	0	1	197	1	197	1.47e-145	402
18P3R3A11_00466	38P2R3A13_00576	97.462	197	5	0	1	197	1	197	4.06e-143	396
18P3R3A11_00466	38P2R3A13_08054	96.954	197	6	0	1	197	1	197	2.23e-141	392
18P3R3A11_00467	18P3R3A11_00467	100.000	464	0	0	1	464	1	464	0.0	911
18P3R3A11_00467	38P2R3A13_07399	98.800	250	3	0	215	464	1	250	6.26e-174	488
18P3R3A11_00467	38P2R3A13_07400	96.098	205	8	0	1	205	1	205	4.32e-128	369
18P3R3A11_00468	18P3R3A11_00468	100.000	119	0	0	1	119	1	119	1.83e-85	244
18P3R3A11_00468	38P2R3A13_00578	96.639	119	4	0	1	119	13	131	1.76e-81	234
18P3R3A11_00468	56P2R2A4_02110	95.798	119	5	0	1	119	13	131	3.01e-81	234
18P3R3A11_00469	18P3R3A11_00469	100.000	750	0	0	1	750	1	750	0.0	1546
18P3R3A11_00469	38P2R3A13_00579	97.733	750	17	0	1	750	1	750	0.0	1516
18P3R3A11_00469	38P2R3A13_07397	96.933	750	23	0	1	750	1	750	0.0	1509
18P3R3A11_00470	18P3R3A11_00470	100.000	250	0	0	1	250	1	250	0.0	514
18P3R3A11_00470	37P2R3-2A1_00435	97.600	250	6	0	1	250	1	250	0.0	503
18P3R3A11_00471	18P3R3A11_00471	100.000	452	0	0	1	452	1	452	0.0	933
18P3R3A11_00471	38P2R3A13_00581	97.788	452	10	0	1	452	1	452	0.0	919
18P3R3A11_00471	38P2R3A13_07395	95.575	452	20	0	1	452	1	452	0.0	897
18P3R3A11_00472	18P3R3A11_00472	100.000	273	0	0	1	273	1	273	0.0	565
18P3R3A11_00472	38P2R3A13_07394	97.070	273	8	0	1	273	1	273	0.0	553
18P3R3A11_00473	18P3R3A11_00473	100.000	116	0	0	1	116	1	116	1.23e-78	226
18P3R3A11_00473	38P2R3A13_00583	97.414	116	3	0	1	116	1	116	4.04e-76	220
18P3R3A11_00473	38P2R3A13_07393	95.690	116	5	0	1	116	1	116	1.40e-74	216
18P3R3A11_00474	18P3R3A11_00474	100.000	453	0	0	1	453	1	453	0.0	890
18P3R3A11_00475	18P3R3A11_00475	100.000	106	0	0	1	106	1	106	5.29e-73	211
18P3R3A11_00475	38P2R3A13_07391	96.774	93	3	0	1	93	1	93	1.23e-62	185
18P3R3A11_00476	18P3R3A11_00476	100.000	115	0	0	1	115	1	115	1.30e-82	236
18P3R3A11_00476	47P2R3A6_02080	97.391	115	3	0	1	115	1	115	3.35e-81	233
18P3R3A11_00477	18P3R3A11_00477	100.000	276	0	0	1	276	1	276	0.0	567
18P3R3A11_00477	38P2R3A13_00587	97.101	276	8	0	1	276	1	276	0.0	553
18P3R3A11_00477	38P2R3A13_08410	95.290	276	13	0	1	276	1	276	0.0	543
18P3R3A11_00478	18P3R3A11_00478	100.000	293	0	0	1	293	1	293	0.0	602
18P3R3A11_00478	37P2R3-2A1_00427	99.659	293	1	0	1	293	33	325	0.0	601
18P3R3A11_00479	18P3R3A11_00479	100.000	186	0	0	1	186	1	186	5.82e-139	385
18P3R3A11_00480	18P3R3A11_00480	100.000	165	0	0	1	165	1	165	1.12e-119	334
18P3R3A11_00480	38P2R3A13_07786	95.181	166	7	1	1	165	1	166	1.05e-104	296
18P3R3A11_00481	18P3R3A11_00481	100.000	322	0	0	1	322	1	322	0.0	657
18P3R3A11_00482	18P3R3A11_00482	100.000	442	0	0	1	442	1	442	0.0	908
18P3R3A11_00482	38P2R3A13_00592	95.249	442	21	0	1	442	1	442	0.0	855
18P3R3A11_00483	18P3R3A11_00483	100.000	496	0	0	1	496	1	496	0.0	1009
18P3R3A11_00483	38P2R3A13_00593	96.976	496	15	0	1	496	1	496	0.0	983
18P3R3A11_00483	56P2R2A4_02125	96.573	496	17	0	1	496	1	496	0.0	983
18P3R3A11_00484	18P3R3A11_00484	100.000	345	0	0	1	345	1	345	0.0	717
18P3R3A11_00484	38P2R3A13_00594	97.101	345	10	0	1	345	1	345	0.0	700
18P3R3A11_00484	38P2R3A13_07781	96.522	345	12	0	1	345	1	345	0.0	700
18P3R3A11_00485	18P3R3A11_00485	100.000	407	0	0	1	407	1	407	0.0	838
18P3R3A11_00485	38P2R3A13_07780	97.543	407	10	0	1	407	1	407	0.0	820
18P3R3A11_00485	56P2R2A4_02127	96.806	407	13	0	1	407	1	407	0.0	814
18P3R3A11_00486	18P3R3A11_00486	100.000	269	0	0	1	269	1	269	0.0	558
18P3R3A11_00486	38P2R3A13_06407	95.539	269	12	0	1	269	1	269	0.0	535
18P3R3A11_00487	18P3R3A11_00487	100.000	228	0	0	1	228	1	228	1.08e-160	443
18P3R3A11_00488	18P3R3A11_00488	100.000	390	0	0	1	390	1	390	0.0	792
18P3R3A11_00489	18P3R3A11_00489	100.000	512	0	0	1	512	1	512	0.0	967
18P3R3A11_00490	18P3R3A11_00490	100.000	207	0	0	1	207	1	207	5.37e-151	417
18P3R3A11_00491	18P3R3A11_00491	100.000	436	0	0	1	436	1	436	0.0	897
18P3R3A11_00491	37P2R3-2A1_00413	97.248	436	12	0	1	436	1	436	0.0	868
18P3R3A11_00492	18P3R3A11_00492	100.000	206	0	0	1	206	1	206	2.63e-145	402
18P3R3A11_00492	37P2R3-2A1_00412	97.549	204	5	0	1	204	1	204	6.65e-141	391
18P3R3A11_00493	18P3R3A11_00493	100.000	190	0	0	1	190	1	190	7.79e-141	390
18P3R3A11_00494	18P3R3A11_00494	100.000	139	0	0	1	139	1	139	8.32e-100	282
18P3R3A11_00495	18P3R3A11_00495	100.000	91	0	0	1	91	1	91	4.33e-64	188
18P3R3A11_00495	37P2R3-2A1_00409	97.802	91	2	0	1	91	1	91	1.45e-62	184
18P3R3A11_00496	18P3R3A11_00496	100.000	448	0	0	1	448	1	448	0.0	925
18P3R3A11_00496	38P2R3A13_06397	96.429	448	16	0	1	448	1	448	0.0	900
18P3R3A11_00497	18P3R3A11_00497	100.000	638	0	0	1	638	1	638	0.0	1320
18P3R3A11_00497	38P2R3A13_06396	97.008	635	19	0	1	635	1	635	0.0	1286
18P3R3A11_00498	18P3R3A11_00498	100.000	348	0	0	1	348	1	348	0.0	710
18P3R3A11_00498	56P2R2A4_02140	97.989	348	7	0	1	348	1	348	0.0	700
18P3R3A11_00498	38P2R3A13_06395	97.701	348	8	0	1	348	1	348	0.0	697
18P3R3A11_00499	18P3R3A11_00499	100.000	184	0	0	1	184	1	184	1.38e-135	376
18P3R3A11_00500	18P3R3A11_00500	100.000	619	0	0	1	619	1	619	0.0	1271
18P3R3A11_00500	38P2R3A13_06393	96.123	619	24	0	1	619	1	619	0.0	1210
18P3R3A11_00500	38P2R3A13_00610	95.315	619	29	0	1	619	1	619	0.0	1204
18P3R3A11_00501	18P3R3A11_00501	100.000	339	0	0	1	339	1	339	0.0	699
18P3R3A11_00502	18P3R3A11_00502	100.000	214	0	0	1	214	1	214	1.40e-160	442
18P3R3A11_00502	38P2R3A13_00612	97.664	214	5	0	1	214	1	214	3.08e-157	433
18P3R3A11_00502	37P2R3-2A1_00402	96.729	214	7	0	1	214	1	214	5.06e-155	427
18P3R3A11_00503	18P3R3A11_00503	100.000	418	0	0	1	418	1	418	0.0	850
18P3R3A11_00504	18P3R3A11_00504	100.000	91	0	0	1	91	1	91	4.83e-64	188
18P3R3A11_00504	38P2R3A13_06389	96.667	90	3	0	1	90	1	90	8.76e-62	182
18P3R3A11_00504	38P2R3A13_00613	96.471	85	3	0	6	90	1	85	5.98e-58	172
18P3R3A11_00505	18P3R3A11_00505	100.000	138	0	0	1	138	1	138	3.40e-103	290
18P3R3A11_00505	38P2R3A13_00614	96.377	138	5	0	1	138	1	138	3.31e-100	283
18P3R3A11_00506	18P3R3A11_00506	100.000	332	0	0	1	332	1	332	0.0	676
18P3R3A11_00506	31P2R1A5_04170	97.892	332	7	0	1	332	1	332	0.0	664
18P3R3A11_00506	42P1R1A12_02153	95.482	332	15	0	1	332	1	332	0.0	655
18P3R3A11_00506	38P2R3A13_08360	100.000	65	0	0	268	332	1	65	1.20e-39	134
18P3R3A11_00507	18P3R3A11_00507	100.000	295	0	0	1	295	1	295	0.0	609
18P3R3A11_00507	38P2R3A13_00617	95.593	295	13	0	1	295	1	295	0.0	563
18P3R3A11_00508	18P3R3A11_00508	100.000	249	0	0	1	249	1	249	0.0	501
18P3R3A11_00509	18P3R3A11_00509	100.000	645	0	0	1	645	1	645	0.0	1340
18P3R3A11_00509	42P1R1A12_02149	97.829	645	14	0	1	645	1	645	0.0	1315
18P3R3A11_00509	31P2R1A5_04166	97.519	645	16	0	1	645	1	645	0.0	1312
18P3R3A11_00509	10P3R2A13_00952	97.519	645	16	0	1	645	1	645	0.0	1310
18P3R3A11_00509	34P3R2A10_03688	97.881	519	11	0	127	645	1	519	0.0	1063
18P3R3A11_00509	38P2R3A13_07593	98.876	89	1	0	557	645	1	89	1.13e-56	186
18P3R3A11_00510	18P3R3A11_00510	100.000	434	0	0	1	434	1	434	0.0	908
18P3R3A11_00511	18P3R3A11_00511	100.000	167	0	0	1	167	1	167	1.15e-120	337
18P3R3A11_00511	38P2R3A13_00621	97.605	167	4	0	1	167	1	167	3.87e-118	330
18P3R3A11_00511	38P2R3A13_07595	95.808	167	7	0	1	167	1	167	1.05e-115	324
18P3R3A11_00512	18P3R3A11_00512	100.000	35	0	0	1	35	1	35	6.14e-18	67.8
18P3R3A11_00512	38P2R3A13_00622	97.143	35	1	0	1	35	1	35	1.07e-17	67.0
18P3R3A11_00513	18P3R3A11_00513	100.000	149	0	0	1	149	1	149	2.28e-97	276
18P3R3A11_00514	18P3R3A11_00514	100.000	264	0	0	1	264	1	264	0.0	541
18P3R3A11_00515	18P3R3A11_00515	100.000	396	0	0	1	396	1	396	0.0	762
18P3R3A11_00516	18P3R3A11_00516	100.000	236	0	0	1	236	1	236	6.32e-177	485
18P3R3A11_00516	38P2R3A13_07600	95.339	236	11	0	1	236	1	236	1.59e-161	446
18P3R3A11_00517	18P3R3A11_00517	100.000	115	0	0	1	115	1	115	2.48e-82	236
18P3R3A11_00518	18P3R3A11_00518	100.000	102	0	0	1	102	1	102	9.81e-73	211
18P3R3A11_00519	18P3R3A11_00519	100.000	86	0	0	1	86	1	86	1.33e-59	176
18P3R3A11_00520	18P3R3A11_00520	100.000	370	0	0	1	370	1	370	0.0	763
18P3R3A11_00521	18P3R3A11_00521	100.000	33	0	0	1	33	1	33	1.37e-15	61.6
18P3R3A11_00522	18P3R3A11_00522	100.000	83	0	0	1	83	1	83	6.95e-49	149
18P3R3A11_00522	38P2R3A13_00631	97.590	83	2	0	1	83	1	83	8.41e-48	146
18P3R3A11_00522	38P2R3A13_07605	96.825	63	2	0	21	83	1	63	1.72e-34	112
18P3R3A11_00523	18P3R3A11_00523	100.000	491	0	0	1	491	1	491	0.0	1000
18P3R3A11_00524	18P3R3A11_00524	100.000	82	0	0	1	82	1	82	1.57e-55	166
18P3R3A11_00525	18P3R3A11_00525	100.000	116	0	0	1	116	1	116	8.93e-79	227
18P3R3A11_00527	18P3R3A11_00527	100.000	417	0	0	1	417	1	417	0.0	853
18P3R3A11_00527	31P2R1A5_04012	96.643	417	14	0	1	417	1	417	0.0	834
18P3R3A11_00527	10P3R2A13_04313	96.403	417	15	0	1	417	1	417	0.0	828
18P3R3A11_00527	38P2R3A13_07484	99.457	184	1	0	234	417	1	184	2.51e-131	375
18P3R3A11_00527	34P3R2A10_04785	96.552	116	4	0	302	417	1	116	2.83e-74	227
18P3R3A11_00527	31P2R1A5_04063	96.078	51	2	0	367	417	1	51	1.27e-26	101
18P3R3A11_00528	18P3R3A11_00528	100.000	218	0	0	1	218	1	218	2.89e-161	444
18P3R3A11_00528	38P2R3A13_00638	95.872	218	9	0	1	218	1	218	8.18e-156	430
18P3R3A11_00529	18P3R3A11_00529	100.000	158	0	0	1	158	1	158	2.26e-116	325
18P3R3A11_00529	38P2R3A13_00639	95.570	158	7	0	1	158	1	158	4.72e-111	312
18P3R3A11_00530	18P3R3A11_00530	100.000	371	0	0	1	371	1	371	0.0	765
18P3R3A11_00530	38P2R3A13_00640	99.730	371	1	0	1	371	20	390	0.0	764
18P3R3A11_00530	31P2R1A5_04009	96.419	363	13	0	5	367	24	386	0.0	733
18P3R3A11_00531	18P3R3A11_00531	100.000	210	0	0	1	210	1	210	1.39e-152	421
18P3R3A11_00531	38P2R3A13_00641	97.619	210	5	0	1	210	1	210	3.44e-149	412
18P3R3A11_00532	18P3R3A11_00532	100.000	457	0	0	1	457	1	457	0.0	948
18P3R3A11_00532	38P2R3A13_05348	98.357	426	7	0	32	457	1	426	0.0	873
18P3R3A11_00533	18P3R3A11_00533	100.000	225	0	0	1	225	1	225	1.74e-166	457
18P3R3A11_00533	38P2R3A13_05353	97.333	225	6	0	1	225	1	225	7.10e-163	448
18P3R3A11_00533	38P2R3A13_00643	97.333	225	6	0	1	225	1	225	5.29e-162	446
18P3R3A11_00534	18P3R3A11_00534	100.000	488	0	0	1	488	1	488	0.0	998
18P3R3A11_00535	18P3R3A11_00535	100.000	374	0	0	1	374	1	374	0.0	759
18P3R3A11_00535	38P2R3A13_00645	97.059	374	11	0	1	374	1	374	0.0	742
18P3R3A11_00535	38P2R3A13_05355	95.455	374	17	0	1	374	1	374	0.0	732
18P3R3A11_00536	18P3R3A11_00536	100.000	124	0	0	1	124	1	124	1.75e-90	257
18P3R3A11_00536	37P2R3-2A1_00370	97.581	124	3	0	1	124	41	164	2.20e-88	253
18P3R3A11_00537	18P3R3A11_00537	100.000	408	0	0	1	408	1	408	0.0	842
18P3R3A11_00537	38P2R3A13_05356	97.304	408	11	0	1	408	1	408	0.0	818
18P3R3A11_00538	18P3R3A11_00538	100.000	362	0	0	1	362	1	362	0.0	740
18P3R3A11_00538	38P2R3A13_00647	97.238	362	10	0	1	362	1	362	0.0	722
18P3R3A11_00538	38P2R3A13_05357	95.304	362	17	0	1	362	1	362	0.0	709
18P3R3A11_00539	18P3R3A11_00539	100.000	286	0	0	1	286	1	286	0.0	561
18P3R3A11_00539	38P2R3A13_05358	96.154	286	11	0	1	286	1	286	0.0	546
18P3R3A11_00540	18P3R3A11_00540	100.000	264	0	0	1	264	1	264	0.0	524
18P3R3A11_00541	18P3R3A11_00541	100.000	345	0	0	1	345	1	345	0.0	702
18P3R3A11_00541	38P2R3A13_05360	96.812	345	11	0	1	345	1	345	0.0	684
18P3R3A11_00541	38P2R3A13_00650	95.942	345	14	0	1	345	1	345	0.0	680
