18P3R3A11_00542	18P3R3A11_00542	100.000	274	0	0	1	274	1	274	0.0	562
18P3R3A11_00542	38P2R3A13_00653	96.350	274	10	0	1	274	1	274	0.0	526
18P3R3A11_00542	38P2R3A13_05363	95.985	274	11	0	1	274	1	274	0.0	523
18P3R3A11_00543	18P3R3A11_00543	100.000	304	0	0	1	304	1	304	0.0	617
18P3R3A11_00543	38P2R3A13_05364	96.711	304	10	0	1	304	1	304	0.0	600
18P3R3A11_00544	18P3R3A11_00544	100.000	415	0	0	1	415	1	415	0.0	835
18P3R3A11_00544	38P2R3A13_00655	97.831	415	9	0	1	415	1	415	0.0	820
18P3R3A11_00544	38P2R3A13_05365	96.867	415	13	0	1	415	1	415	0.0	815
18P3R3A11_00545	18P3R3A11_00545	100.000	234	0	0	1	234	1	234	1.56e-172	474
18P3R3A11_00546	18P3R3A11_00546	100.000	387	0	0	1	387	1	387	0.0	763
18P3R3A11_00546	38P2R3A13_05367	96.899	387	12	0	1	387	1	387	0.0	743
18P3R3A11_00546	38P2R3A13_00657	96.899	387	12	0	1	387	1	387	0.0	743
18P3R3A11_00547	18P3R3A11_00547	100.000	358	0	0	1	358	1	358	0.0	714
18P3R3A11_00548	18P3R3A11_00548	100.000	1149	0	0	1	1149	1	1149	0.0	2363
18P3R3A11_00548	56P2R2A4_02191	97.737	1149	26	0	1	1149	1	1149	0.0	2322
18P3R3A11_00548	38P2R3A13_05369	97.389	1149	30	0	1	1149	1	1149	0.0	2312
18P3R3A11_00549	18P3R3A11_00549	100.000	321	0	0	1	321	1	321	0.0	650
18P3R3A11_00550	18P3R3A11_00550	100.000	86	0	0	1	86	1	86	1.33e-57	171
18P3R3A11_00550	38P2R3A13_05371	97.674	86	2	0	1	86	1	86	5.73e-56	167
18P3R3A11_00551	18P3R3A11_00551	100.000	212	0	0	1	212	1	212	1.21e-158	437
18P3R3A11_00552	18P3R3A11_00552	100.000	180	0	0	1	180	1	180	6.21e-129	359
18P3R3A11_00553	18P3R3A11_00553	100.000	435	0	0	1	435	1	435	0.0	894
18P3R3A11_00554	18P3R3A11_00554	100.000	181	0	0	1	181	1	181	2.97e-136	377
18P3R3A11_00554	38P2R3A13_00665	97.790	181	4	0	1	181	1	181	3.16e-133	370
18P3R3A11_00554	10P3R2A13_02924	95.028	181	9	0	1	181	1	181	4.13e-130	362
18P3R3A11_00555	18P3R3A11_00555	100.000	342	0	0	1	342	1	342	0.0	704
18P3R3A11_00555	38P2R3A13_05376	97.076	342	10	0	1	342	1	342	0.0	680
18P3R3A11_00555	38P2R3A13_00666	96.491	342	12	0	1	342	3	344	0.0	677
18P3R3A11_00556	18P3R3A11_00556	100.000	275	0	0	1	275	1	275	0.0	565
18P3R3A11_00557	18P3R3A11_00557	100.000	212	0	0	1	212	1	212	1.37e-154	426
18P3R3A11_00558	18P3R3A11_00558	100.000	125	0	0	1	125	1	125	3.70e-88	251
18P3R3A11_00559	18P3R3A11_00559	100.000	120	0	0	1	120	1	120	3.20e-85	243
18P3R3A11_00560	18P3R3A11_00560	100.000	730	0	0	1	730	1	730	0.0	1505
18P3R3A11_00561	18P3R3A11_00561	100.000	478	0	0	1	478	1	478	0.0	959
18P3R3A11_00561	31P2R1A5_01487	97.280	478	13	0	1	478	1	478	0.0	940
18P3R3A11_00561	10P3R2A13_02917	97.071	478	14	0	1	478	1	478	0.0	934
18P3R3A11_00561	38P2R3A13_05382	97.126	174	5	0	305	478	1	174	2.77e-118	344
18P3R3A11_00561	43P2R2A2_05029	96.154	78	3	0	401	478	1	78	3.35e-45	152
18P3R3A11_00562	18P3R3A11_00562	100.000	265	0	0	1	265	1	265	0.0	543
18P3R3A11_00562	38P2R3A13_00672	96.604	265	9	0	1	265	1	265	0.0	526
18P3R3A11_00562	38P2R3A13_08003	95.472	265	12	0	1	265	1	265	0.0	522
18P3R3A11_00563	18P3R3A11_00563	100.000	335	0	0	1	335	1	335	0.0	676
18P3R3A11_00564	18P3R3A11_00564	100.000	214	0	0	1	214	1	214	5.52e-155	427
18P3R3A11_00564	38P2R3A13_08001	96.262	214	8	0	1	214	1	214	7.82e-149	412
18P3R3A11_00565	18P3R3A11_00565	100.000	341	0	0	1	341	1	341	0.0	703
18P3R3A11_00565	38P2R3A13_08000	95.601	341	15	0	1	341	1	341	0.0	684
18P3R3A11_00566	18P3R3A11_00566	100.000	270	0	0	1	270	1	270	0.0	556
18P3R3A11_00567	18P3R3A11_00567	100.000	414	0	0	1	414	1	414	0.0	844
18P3R3A11_00567	47P2R3A6_02180	97.343	414	11	0	1	414	1	414	0.0	827
18P3R3A11_00567	31P2R1A5_01493	96.377	414	15	0	1	414	1	414	0.0	788
18P3R3A11_00567	10P3R2A13_02911	95.894	414	17	0	1	414	1	414	0.0	761
18P3R3A11_00567	38P2R3A13_07998	96.575	292	10	0	123	414	1	292	0.0	582
18P3R3A11_00568	18P3R3A11_00568	100.000	79	0	0	1	79	1	79	6.12e-51	154
18P3R3A11_00568	10P3R2A13_02910	97.468	79	2	0	1	79	1	79	9.43e-50	150
18P3R3A11_00569	18P3R3A11_00569	100.000	245	0	0	1	245	1	245	1.37e-176	485
18P3R3A11_00569	31P2R1A5_01495	95.510	245	11	0	1	245	1	245	1.40e-169	467
18P3R3A11_00570	18P3R3A11_00570	100.000	310	0	0	1	310	1	310	0.0	628
18P3R3A11_00570	38P2R3A13_00680	96.774	310	10	0	1	310	1	310	0.0	612
18P3R3A11_00570	38P2R3A13_08546	95.161	310	15	0	1	310	1	310	0.0	573
18P3R3A11_00571	18P3R3A11_00571	100.000	318	0	0	1	318	1	318	0.0	651
18P3R3A11_00571	38P2R3A13_08545	97.484	318	8	0	1	318	1	318	0.0	637
18P3R3A11_00572	18P3R3A11_00572	100.000	259	0	0	1	259	1	259	0.0	525
18P3R3A11_00572	38P2R3A13_00682	98.069	259	5	0	1	259	77	335	0.0	516
18P3R3A11_00573	18P3R3A11_00573	100.000	58	0	0	1	58	1	58	3.19e-37	117
18P3R3A11_00573	10P3R2A13_02905	96.552	58	2	0	1	58	1	58	4.81e-36	114
18P3R3A11_00573	42P1R1A12_02062	96.552	58	2	0	1	58	1	58	6.55e-36	114
18P3R3A11_00574	18P3R3A11_00574	100.000	174	0	0	1	174	1	174	7.14e-127	353
18P3R3A11_00574	47P2R3A6_02187	97.701	174	4	0	1	174	1	174	4.42e-125	348
18P3R3A11_00575	18P3R3A11_00575	100.000	195	0	0	1	195	1	195	2.10e-144	399
18P3R3A11_00576	18P3R3A11_00576	100.000	316	0	0	1	316	1	316	0.0	640
18P3R3A11_00576	38P2R3A13_00686	97.720	307	7	0	10	316	1	307	0.0	607
18P3R3A11_00576	38P2R3A13_08536	95.765	307	13	0	10	316	1	307	0.0	597
18P3R3A11_00578	18P3R3A11_00578	100.000	312	0	0	1	312	1	312	0.0	630
18P3R3A11_00579	18P3R3A11_00579	100.000	405	0	0	1	405	1	405	0.0	781
18P3R3A11_00580	18P3R3A11_00580	100.000	318	0	0	1	318	1	318	0.0	647
18P3R3A11_00581	18P3R3A11_00581	100.000	547	0	0	1	547	1	547	0.0	1084
18P3R3A11_00582	18P3R3A11_00582	100.000	318	0	0	1	318	1	318	0.0	654
18P3R3A11_00582	38P2R3A13_06303	96.226	318	12	0	1	318	1	318	0.0	607
18P3R3A11_00582	38P2R3A13_00692	95.912	318	13	0	1	318	1	318	0.0	602
18P3R3A11_00583	18P3R3A11_00583	100.000	366	0	0	1	366	1	366	0.0	721
18P3R3A11_00583	38P2R3A13_00693	97.814	366	8	0	1	366	1	366	0.0	709
18P3R3A11_00584	18P3R3A11_00584	100.000	233	0	0	1	233	1	233	1.28e-171	471
18P3R3A11_00584	38P2R3A13_00694	97.854	233	5	0	1	233	1	233	9.10e-168	461
18P3R3A11_00586	18P3R3A11_00586	100.000	252	0	0	1	252	1	252	0.0	506
18P3R3A11_00586	52P2R3A10_00692	97.619	252	6	0	1	252	1	252	1.00e-180	496
18P3R3A11_00586	25P2R1A13_03005	98.795	83	1	0	1	83	1	83	5.06e-53	166
18P3R3A11_00587	18P3R3A11_00587	100.000	417	0	0	1	417	1	417	0.0	827
18P3R3A11_00587	38P2R3A13_00697	95.923	417	17	0	1	417	1	417	0.0	795
18P3R3A11_00588	18P3R3A11_00588	100.000	237	0	0	1	237	1	237	3.96e-166	457
18P3R3A11_00589	18P3R3A11_00589	100.000	135	0	0	1	135	1	135	5.60e-94	267
18P3R3A11_00590	18P3R3A11_00590	100.000	139	0	0	1	139	1	139	4.87e-99	280
18P3R3A11_00590	38P2R3A13_06295	96.403	139	5	0	1	139	1	139	2.83e-96	273
18P3R3A11_00591	18P3R3A11_00591	100.000	220	0	0	1	220	1	220	3.53e-160	441
18P3R3A11_00592	18P3R3A11_00592	100.000	98	0	0	1	98	1	98	3.62e-66	194
18P3R3A11_00592	37P2R3-2A1_00314	97.959	98	2	0	1	98	1	98	3.88e-65	191
18P3R3A11_00593	18P3R3A11_00593	100.000	142	0	0	1	142	1	142	1.52e-101	286
18P3R3A11_00594	18P3R3A11_00594	100.000	512	0	0	1	512	1	512	0.0	1015
18P3R3A11_00594	38P2R3A13_00704	96.875	512	16	0	1	512	1	512	0.0	988
18P3R3A11_00595	18P3R3A11_00595	100.000	308	0	0	1	308	1	308	0.0	635
18P3R3A11_00596	18P3R3A11_00596	100.000	217	0	0	1	217	1	217	9.06e-161	442
18P3R3A11_00597	18P3R3A11_00597	100.000	195	0	0	1	195	1	195	2.03e-148	409
18P3R3A11_00597	38P2R3A13_00707	97.436	195	5	0	1	195	1	195	8.52e-145	400
18P3R3A11_00597	38P2R3A13_06288	97.838	185	4	0	11	195	1	185	5.79e-137	380
18P3R3A11_00598	18P3R3A11_00598	100.000	403	0	0	1	403	1	403	0.0	798
18P3R3A11_00598	38P2R3A13_00708	97.767	403	9	0	1	403	1	403	0.0	782
18P3R3A11_00599	18P3R3A11_00599	100.000	187	0	0	1	187	1	187	4.75e-136	377
18P3R3A11_00600	18P3R3A11_00600	100.000	349	0	0	1	349	1	349	0.0	724
18P3R3A11_00600	38P2R3A13_00710	97.421	349	9	0	1	349	1	349	0.0	710
18P3R3A11_00600	38P2R3A13_06900	96.848	349	11	0	1	349	1	349	0.0	706
18P3R3A11_00601	18P3R3A11_00601	100.000	82	0	0	1	82	1	82	3.28e-55	165
18P3R3A11_00602	18P3R3A11_00602	100.000	85	0	0	1	85	1	85	8.62e-60	176
18P3R3A11_00603	18P3R3A11_00603	100.000	375	0	0	1	375	1	375	0.0	772
18P3R3A11_00604	18P3R3A11_00604	100.000	38	0	0	1	38	1	38	3.33e-19	70.9
18P3R3A11_00605	18P3R3A11_00605	100.000	189	0	0	1	189	1	189	2.94e-134	373
18P3R3A11_00606	18P3R3A11_00606	100.000	193	0	0	1	193	1	193	4.50e-141	390
18P3R3A11_00606	38P2R3A13_06895	97.409	193	5	0	1	193	1	193	5.51e-138	383
18P3R3A11_00607	18P3R3A11_00607	100.000	350	0	0	1	350	1	350	0.0	733
18P3R3A11_00607	38P2R3A13_06894	96.571	350	12	0	1	350	1	350	0.0	714
18P3R3A11_00607	38P2R3A13_00716	95.429	350	16	0	1	350	1	350	0.0	703
18P3R3A11_00608	18P3R3A11_00608	100.000	309	0	0	1	309	1	309	0.0	639
18P3R3A11_00609	18P3R3A11_00609	100.000	410	0	0	1	410	1	410	0.0	803
18P3R3A11_00609	38P2R3A13_00718	96.010	401	16	0	1	401	1	401	0.0	767
18P3R3A11_00609	38P2R3A13_06892	95.122	410	20	0	1	410	1	410	0.0	720
18P3R3A11_00610	18P3R3A11_00610	100.000	243	0	0	1	243	1	243	0.0	506
18P3R3A11_00611	18P3R3A11_00611	100.000	70	0	0	1	70	1	70	2.76e-47	144
18P3R3A11_00612	18P3R3A11_00612	100.000	98	0	0	1	98	1	98	2.59e-65	191
18P3R3A11_00613	18P3R3A11_00613	100.000	203	0	0	1	203	1	203	1.17e-149	413
18P3R3A11_00614	18P3R3A11_00614	100.000	144	0	0	1	144	1	144	2.01e-103	291
18P3R3A11_00615	18P3R3A11_00615	100.000	149	0	0	1	149	1	149	2.13e-109	307
18P3R3A11_00616	18P3R3A11_00616	100.000	90	0	0	1	90	1	90	1.16e-58	174
18P3R3A11_00617	18P3R3A11_00617	100.000	1179	0	0	1	1179	1	1179	0.0	2400
18P3R3A11_00617	38P2R3A13_05861	95.031	1147	55	1	33	1179	33	1177	0.0	2227
18P3R3A11_00618	18P3R3A11_00618	100.000	215	0	0	1	215	1	215	2.84e-158	436
18P3R3A11_00619	18P3R3A11_00619	100.000	185	0	0	1	185	1	185	7.31e-135	374
18P3R3A11_00620	18P3R3A11_00620	100.000	821	0	0	1	821	1	821	0.0	1656
18P3R3A11_00620	38P2R3A13_05864	97.320	821	22	0	1	821	1	821	0.0	1613
18P3R3A11_00621	18P3R3A11_00621	100.000	97	0	0	1	97	1	97	2.47e-67	196
18P3R3A11_00622	18P3R3A11_00622	100.000	169	0	0	1	169	1	169	2.18e-119	334
18P3R3A11_00622	38P2R3A13_05866	97.041	169	5	0	1	169	1	169	2.44e-116	326
18P3R3A11_00623	18P3R3A11_00623	100.000	941	0	0	1	941	1	941	0.0	1957
18P3R3A11_00624	18P3R3A11_00624	100.000	564	0	0	1	564	1	564	0.0	1124
18P3R3A11_00625	18P3R3A11_00625	100.000	100	0	0	1	100	1	100	1.14e-67	197
18P3R3A11_00626	18P3R3A11_00626	100.000	609	0	0	1	609	1	609	0.0	1234
18P3R3A11_00626	38P2R3A13_05870	97.701	609	14	0	1	609	1	609	0.0	1205
18P3R3A11_00627	18P3R3A11_00627	100.000	497	0	0	1	497	1	497	0.0	1028
18P3R3A11_00627	38P2R3A13_05871	96.378	497	18	0	1	497	1	497	0.0	995
18P3R3A11_00628	18P3R3A11_00628	100.000	181	0	0	1	181	1	181	9.88e-133	369
18P3R3A11_00629	18P3R3A11_00629	100.000	619	0	0	1	619	1	619	0.0	1293
18P3R3A11_00630	18P3R3A11_00630	100.000	186	0	0	1	186	1	186	8.86e-137	379
18P3R3A11_00630	38P2R3A13_05874	95.954	173	6	1	1	172	1	173	5.03e-120	337
18P3R3A11_00630	47P2R3A6_03042	96.407	167	5	1	7	172	1	167	8.90e-116	326
18P3R3A11_00631	18P3R3A11_00631	100.000	225	0	0	1	225	1	225	1.33e-168	463
18P3R3A11_00632	18P3R3A11_00632	100.000	147	0	0	1	147	1	147	5.63e-102	288
18P3R3A11_00633	18P3R3A11_00633	100.000	98	0	0	1	98	1	98	2.87e-70	204
18P3R3A11_00634	18P3R3A11_00634	100.000	200	0	0	1	200	1	200	6.38e-147	406
18P3R3A11_00635	18P3R3A11_00635	100.000	232	0	0	1	232	1	232	5.87e-174	477
18P3R3A11_00636	18P3R3A11_00636	100.000	157	0	0	1	157	1	157	5.84e-114	319
18P3R3A11_00636	47P2R3A6_03049	97.452	157	4	0	1	157	1	157	2.59e-110	310
18P3R3A11_00636	38P2R3A13_04752	96.178	157	6	0	1	157	1	157	4.07e-108	304
18P3R3A11_00637	18P3R3A11_00637	100.000	158	0	0	1	158	1	158	2.76e-115	323
18P3R3A11_00637	47P2R3A6_03050	96.835	158	5	0	1	158	1	158	1.02e-112	316
18P3R3A11_00638	18P3R3A11_00638	100.000	58	0	0	1	58	1	58	9.77e-35	111
18P3R3A11_00638	38P2R3A13_04754	96.552	58	2	0	1	58	1	58	5.48e-34	109
18P3R3A11_00638	47P2R3A6_03051	96.552	58	2	0	1	58	1	58	9.39e-34	108
18P3R3A11_00639	18P3R3A11_00639	100.000	57	0	0	1	57	1	57	8.21e-34	109
18P3R3A11_00640	18P3R3A11_00640	100.000	49	0	0	1	49	1	49	4.08e-27	91.7
18P3R3A11_00641	18P3R3A11_00641	100.000	612	0	0	1	612	1	612	0.0	1249
18P3R3A11_00642	18P3R3A11_00642	100.000	130	0	0	1	130	1	130	1.97e-89	255
18P3R3A11_00642	37P2R3-2A1_00296	97.581	124	3	0	7	130	2	125	9.92e-83	238
18P3R3A11_00642	38P2R3A13_06891	95.161	124	6	0	7	130	2	125	4.04e-82	236
18P3R3A11_00643	18P3R3A11_00643	100.000	76	0	0	1	76	1	76	1.19e-51	155
18P3R3A11_00644	18P3R3A11_00644	100.000	843	0	0	1	843	1	843	0.0	1736
18P3R3A11_00644	38P2R3A13_00721	97.983	843	17	0	1	843	1	843	0.0	1703
18P3R3A11_00644	38P2R3A13_06889	97.746	843	19	0	1	843	1	843	0.0	1697
18P3R3A11_00645	18P3R3A11_00645	100.000	534	0	0	1	534	1	534	0.0	1108
18P3R3A11_00645	38P2R3A13_00722	97.004	534	16	0	1	534	1	534	0.0	1083
18P3R3A11_00646	18P3R3A11_00646	100.000	379	0	0	1	379	1	379	0.0	756
18P3R3A11_00647	18P3R3A11_00647	100.000	181	0	0	1	181	1	181	1.97e-133	370
18P3R3A11_00648	18P3R3A11_00648	100.000	107	0	0	1	107	1	107	1.34e-76	221
18P3R3A11_00649	18P3R3A11_00649	100.000	111	0	0	1	111	1	111	1.94e-76	221
18P3R3A11_00651	18P3R3A11_00651	100.000	167	0	0	1	167	1	167	4.03e-119	333
18P3R3A11_00652	18P3R3A11_00652	100.000	158	0	0	1	158	1	158	4.05e-116	325
18P3R3A11_00652	38P2R3A13_07976	97.468	158	4	0	1	158	60	217	5.09e-114	322
18P3R3A11_00653	18P3R3A11_00653	100.000	130	0	0	1	130	1	130	7.36e-94	266
18P3R3A11_00654	18P3R3A11_00654	100.000	139	0	0	1	139	1	139	3.39e-99	280
18P3R3A11_00655	18P3R3A11_00655	100.000	278	0	0	1	278	1	278	0.0	572
18P3R3A11_00656	18P3R3A11_00656	100.000	164	0	0	1	164	1	164	1.44e-114	321
18P3R3A11_00656	38P2R3A13_00733	97.561	164	4	0	1	164	1	164	4.47e-112	315
18P3R3A11_00657	18P3R3A11_00657	100.000	185	0	0	1	185	1	185	2.90e-136	378
18P3R3A11_00657	38P2R3A13_00734	97.838	185	4	0	1	185	1	185	1.94e-133	370
18P3R3A11_00658	18P3R3A11_00658	100.000	246	0	0	1	246	1	246	0.0	509
18P3R3A11_00658	38P2R3A13_00735	97.967	246	5	0	1	246	1	246	0.0	499
18P3R3A11_00659	18P3R3A11_00659	100.000	313	0	0	1	313	1	313	0.0	645
18P3R3A11_00661	18P3R3A11_00661	100.000	469	0	0	1	469	1	469	0.0	956
18P3R3A11_00662	18P3R3A11_00662	100.000	217	0	0	1	217	1	217	3.43e-157	433
18P3R3A11_00662	10P3R2A13_01841	95.853	217	9	0	1	217	1	217	4.04e-134	375
18P3R3A11_00662	31P2R1A5_01177	95.392	217	10	0	1	217	1	217	2.36e-132	370
18P3R3A11_00663	18P3R3A11_00663	100.000	599	0	0	1	599	1	599	0.0	1231
18P3R3A11_00664	18P3R3A11_00664	100.000	466	0	0	1	466	1	466	0.0	923
18P3R3A11_00664	38P2R3A13_02641	96.567	466	16	0	1	466	1	466	0.0	899
18P3R3A11_00665	18P3R3A11_00665	100.000	1248	0	0	1	1248	1	1248	0.0	2610
18P3R3A11_00665	38P2R3A13_02642	96.154	1248	48	0	1	1248	1	1248	0.0	2527
18P3R3A11_00666	18P3R3A11_00666	100.000	512	0	0	1	512	1	512	0.0	1077
18P3R3A11_00666	38P2R3A13_02643	95.312	512	24	0	1	512	1	512	0.0	1033
18P3R3A11_00666	38P2R3A13_06131	97.110	346	10	0	167	512	1	346	0.0	706
18P3R3A11_00667	18P3R3A11_00667	100.000	237	0	0	1	237	1	237	1.32e-170	469
18P3R3A11_00667	38P2R3A13_02644	97.046	237	7	0	1	237	1	237	1.30e-165	456
18P3R3A11_00667	38P2R3A13_06132	95.359	237	11	0	1	237	1	237	9.52e-153	424
18P3R3A11_00668	18P3R3A11_00668	100.000	226	0	0	1	226	1	226	2.78e-167	459
18P3R3A11_00668	38P2R3A13_06133	97.345	226	6	0	1	226	1	226	6.96e-162	446
18P3R3A11_00668	38P2R3A13_02645	96.903	226	7	0	1	226	1	226	5.79e-161	444
18P3R3A11_00669	18P3R3A11_00669	100.000	299	0	0	1	299	1	299	0.0	587
18P3R3A11_00670	18P3R3A11_00670	100.000	148	0	0	1	148	1	148	1.39e-104	295
18P3R3A11_00670	51P2R2A10_00431	95.270	148	7	0	1	148	2	149	2.54e-100	284
18P3R3A11_00673	18P3R3A11_00673	100.000	281	0	0	1	281	1	281	0.0	578
18P3R3A11_00674	18P3R3A11_00674	100.000	153	0	0	1	153	1	153	4.17e-115	322
18P3R3A11_00674	37P2R3-2A1_01171	97.386	153	4	0	1	153	1	153	1.22e-111	313
18P3R3A11_00675	18P3R3A11_00675	100.000	301	0	0	1	301	1	301	0.0	614
18P3R3A11_00675	38P2R3A13_06150	95.987	299	12	0	1	299	14	312	0.0	597
18P3R3A11_00676	18P3R3A11_00676	100.000	338	0	0	1	338	1	338	0.0	686
18P3R3A11_00676	38P2R3A13_06151	95.266	338	16	0	1	338	1	338	0.0	618
18P3R3A11_00676	38P2R3A13_02652	95.858	338	14	0	1	338	1	338	0.0	617
18P3R3A11_00677	18P3R3A11_00677	100.000	51	0	0	1	51	1	51	5.72e-32	103
18P3R3A11_00678	18P3R3A11_00678	100.000	303	0	0	1	303	1	303	0.0	617
18P3R3A11_00678	38P2R3A13_06152	97.360	303	8	0	1	303	1	303	0.0	605
18P3R3A11_00679	18P3R3A11_00679	100.000	138	0	0	1	138	1	138	1.71e-97	276
18P3R3A11_00679	38P2R3A13_06153	97.826	138	3	0	1	138	1	138	1.04e-95	271
18P3R3A11_00680	18P3R3A11_00680	100.000	175	0	0	1	175	1	175	2.03e-129	360
18P3R3A11_00681	18P3R3A11_00681	100.000	893	0	0	1	893	1	893	0.0	1834
18P3R3A11_00681	10P3R2A13_01860	96.305	893	32	1	1	893	1	892	0.0	1771
18P3R3A11_00681	31P2R1A5_01196	96.641	893	29	1	1	893	1	892	0.0	1768
18P3R3A11_00681	42P1R1A12_00551	96.663	869	29	0	1	869	1	869	0.0	1702
18P3R3A11_00681	38P2R3A13_06155	97.391	345	9	0	549	893	1	345	0.0	702
18P3R3A11_00682	18P3R3A11_00682	100.000	216	0	0	1	216	1	216	1.80e-155	429
18P3R3A11_00682	38P2R3A13_08388	97.685	216	5	0	1	216	1	216	2.21e-152	421
18P3R3A11_00684	18P3R3A11_00684	100.000	307	0	0	1	307	1	307	0.0	610
18P3R3A11_00684	38P2R3A13_02659	97.394	307	8	0	1	307	1	307	0.0	601
18P3R3A11_00684	42P1R1A12_00554	97.394	307	8	0	1	307	1	307	0.0	597
18P3R3A11_00684	31P2R1A5_01199	97.068	307	9	0	1	307	1	307	0.0	596
18P3R3A11_00684	10P3R2A13_01865	96.417	307	11	0	1	307	1	307	0.0	593
18P3R3A11_00684	43P2R2A2_02904	98.913	92	1	0	216	307	1	92	1.87e-56	177
18P3R3A11_00685	18P3R3A11_00685	100.000	303	0	0	1	303	1	303	0.0	602
18P3R3A11_00685	42P1R1A12_00555	96.700	303	10	0	1	303	1	303	0.0	590
18P3R3A11_00685	31P2R1A5_01200	95.050	303	15	0	1	303	1	303	0.0	538
18P3R3A11_00685	10P3R2A13_01866	95.380	303	14	0	1	303	1	303	0.0	533
18P3R3A11_00686	18P3R3A11_00686	100.000	338	0	0	1	338	1	338	0.0	693
18P3R3A11_00686	38P2R3A13_02661	97.633	338	8	0	1	338	1	338	0.0	679
18P3R3A11_00687	18P3R3A11_00687	100.000	335	0	0	1	335	1	335	0.0	687
18P3R3A11_00687	31P2R1A5_01202	96.716	335	11	0	1	335	1	335	0.0	666
18P3R3A11_00687	42P1R1A12_00557	96.119	335	13	0	1	335	1	335	0.0	663
18P3R3A11_00687	10P3R2A13_01868	95.821	335	14	0	1	335	1	335	0.0	662
18P3R3A11_00688	18P3R3A11_00688	100.000	290	0	0	1	290	1	290	0.0	589
18P3R3A11_00688	56P2R2A4_00309	96.897	290	9	0	1	290	1	290	0.0	571
18P3R3A11_00689	18P3R3A11_00689	100.000	110	0	0	1	110	1	110	2.28e-75	218
18P3R3A11_00689	42P1R1A12_00559	95.455	110	5	0	1	110	1	110	6.59e-72	209
18P3R3A11_00690	18P3R3A11_00690	100.000	487	0	0	1	487	1	487	0.0	997
18P3R3A11_00690	38P2R3A13_04328	97.536	487	12	0	1	487	1	487	0.0	980
18P3R3A11_00690	42P1R1A12_00560	95.277	487	23	0	1	487	1	487	0.0	965
18P3R3A11_00691	18P3R3A11_00691	100.000	137	0	0	1	137	1	137	8.96e-102	287
18P3R3A11_00692	18P3R3A11_00692	100.000	212	0	0	1	212	1	212	3.59e-150	415
18P3R3A11_00692	38P2R3A13_02666	96.226	212	8	0	1	212	1	212	8.65e-136	379
18P3R3A11_00693	18P3R3A11_00693	100.000	91	0	0	1	91	1	91	9.68e-63	184
18P3R3A11_00694	18P3R3A11_00694	100.000	115	0	0	1	115	1	115	1.29e-82	236
18P3R3A11_00695	18P3R3A11_00695	100.000	555	0	0	1	555	1	555	0.0	1137
18P3R3A11_00696	18P3R3A11_00696	100.000	437	0	0	1	437	1	437	0.0	894
18P3R3A11_00697	18P3R3A11_00697	100.000	261	0	0	1	261	1	261	0.0	527
18P3R3A11_00698	18P3R3A11_00698	100.000	107	0	0	1	107	1	107	4.91e-75	217
18P3R3A11_00699	18P3R3A11_00699	100.000	74	0	0	1	74	1	74	2.15e-51	154
18P3R3A11_00700	18P3R3A11_00700	100.000	226	0	0	1	226	1	226	6.70e-172	471
18P3R3A11_00701	18P3R3A11_00701	100.000	318	0	0	1	318	1	318	0.0	652
18P3R3A11_00702	18P3R3A11_00702	100.000	99	0	0	1	99	1	99	5.88e-68	198
18P3R3A11_00702	38P2R3A13_04331	95.960	99	4	0	1	99	1	99	3.95e-65	191
18P3R3A11_00703	18P3R3A11_00703	100.000	246	0	0	1	246	1	246	5.29e-175	481
18P3R3A11_00704	18P3R3A11_00704	100.000	132	0	0	1	132	1	132	2.00e-96	273
18P3R3A11_00704	38P2R3A13_04333	96.970	132	4	0	1	132	1	132	5.17e-93	264
18P3R3A11_00704	38P2R3A13_02670	96.212	132	5	0	1	132	1	132	1.20e-92	263
18P3R3A11_00705	18P3R3A11_00705	100.000	180	0	0	1	180	1	180	8.34e-130	361
18P3R3A11_00705	38P2R3A13_02671	96.111	180	7	0	1	180	1	180	6.30e-127	354
18P3R3A11_00706	18P3R3A11_00706	100.000	248	0	0	1	248	1	248	5.90e-176	483
18P3R3A11_00706	38P2R3A13_04335	95.565	248	11	0	1	248	1	248	3.80e-162	449
18P3R3A11_00707	18P3R3A11_00707	100.000	211	0	0	1	211	1	211	4.46e-157	432
18P3R3A11_00707	38P2R3A13_04336	97.630	211	5	0	1	211	1	211	3.09e-154	426
18P3R3A11_00708	18P3R3A11_00708	100.000	78	0	0	1	78	1	78	1.16e-52	158
18P3R3A11_00709	18P3R3A11_00709	100.000	404	0	0	1	404	1	404	0.0	810
18P3R3A11_00710	18P3R3A11_00710	100.000	270	0	0	1	270	1	270	0.0	549
18P3R3A11_00710	38P2R3A13_04388	96.296	270	10	0	1	270	1	270	0.0	529
18P3R3A11_00711	18P3R3A11_00711	100.000	398	0	0	1	398	1	398	0.0	820
18P3R3A11_00711	31P2R1A5_00053	96.231	398	15	0	1	398	1	398	0.0	792
18P3R3A11_00711	42P1R1A12_04794	95.477	398	18	0	1	398	1	398	0.0	790
18P3R3A11_00712	18P3R3A11_00712	100.000	453	0	0	1	453	1	453	0.0	925
18P3R3A11_00712	38P2R3A13_02679	96.247	453	17	0	1	453	1	453	0.0	897
18P3R3A11_00713	18P3R3A11_00713	100.000	532	0	0	1	532	1	532	0.0	1085
18P3R3A11_00713	38P2R3A13_04391	96.992	532	16	0	1	532	1	532	0.0	1057
18P3R3A11_00714	18P3R3A11_00714	100.000	521	0	0	1	521	1	521	0.0	1068
18P3R3A11_00714	38P2R3A13_02681	97.697	521	12	0	1	521	1	521	0.0	1046
18P3R3A11_00714	38P2R3A13_04392	95.585	521	23	0	1	521	1	521	0.0	1030
18P3R3A11_00715	18P3R3A11_00715	100.000	298	0	0	1	298	1	298	0.0	614
18P3R3A11_00715	38P2R3A13_02682	96.980	298	9	0	1	298	1	298	0.0	601
18P3R3A11_00715	38P2R3A13_04393	96.644	298	10	0	1	298	1	298	0.0	596
18P3R3A11_00716	18P3R3A11_00716	100.000	207	0	0	1	207	1	207	1.20e-153	424
18P3R3A11_00716	31P2R1A5_00058	95.169	207	10	0	1	207	1	207	1.24e-147	408
18P3R3A11_00717	18P3R3A11_00717	100.000	215	0	0	1	215	1	215	5.35e-154	425
18P3R3A11_00717	38P2R3A13_02684	97.674	215	5	0	1	215	1	215	2.31e-150	416
18P3R3A11_00718	18P3R3A11_00718	100.000	292	0	0	1	292	1	292	0.0	587
18P3R3A11_00718	42P1R1A12_04800	95.608	296	9	2	1	292	1	296	0.0	561
18P3R3A11_00718	31P2R1A5_00060	95.156	289	14	0	1	289	1	289	0.0	557
18P3R3A11_00719	18P3R3A11_00719	100.000	197	0	0	1	197	1	197	1.33e-147	407
18P3R3A11_00719	37P2R3-2A1_01122	97.462	197	5	0	1	197	1	197	7.24e-144	398
18P3R3A11_00720	18P3R3A11_00720	100.000	254	0	0	1	254	1	254	0.0	527
18P3R3A11_00721	18P3R3A11_00721	100.000	349	0	0	1	349	1	349	0.0	708
18P3R3A11_00721	38P2R3A13_04398	97.135	349	10	0	1	349	1	349	0.0	692
18P3R3A11_00721	38P2R3A13_02692	96.275	349	13	0	1	349	1	349	0.0	618
18P3R3A11_00722	18P3R3A11_00722	100.000	84	0	0	1	84	1	84	1.32e-58	173
18P3R3A11_00722	38P2R3A13_04399	96.429	84	3	0	1	84	1	84	3.12e-57	170
18P3R3A11_00722	38P2R3A13_02693	95.238	84	4	0	1	84	1	84	9.36e-57	169
18P3R3A11_00723	18P3R3A11_00723	100.000	866	0	0	1	866	1	866	0.0	1801
18P3R3A11_00723	38P2R3A13_08247	98.082	782	15	0	85	866	1	782	0.0	1598
18P3R3A11_00724	18P3R3A11_00724	100.000	325	0	0	1	325	1	325	0.0	669
18P3R3A11_00724	31P2R1A5_00066	96.923	325	10	0	1	325	1	325	0.0	653
18P3R3A11_00724	10P3R2A13_01894	95.385	325	15	0	1	325	1	325	0.0	646
18P3R3A11_00725	18P3R3A11_00725	100.000	43	0	0	1	43	1	43	4.93e-25	86.3
18P3R3A11_00725	37P2R3-2A1_01116	97.674	43	1	0	1	43	1	43	1.18e-24	85.1
18P3R3A11_00725	38P2R3A13_08347	95.349	43	2	0	1	43	1	43	3.06e-24	84.0
18P3R3A11_00725	47P2R3A6_00939	95.349	43	2	0	1	43	1	43	7.05e-24	83.2
18P3R3A11_00726	18P3R3A11_00726	100.000	892	0	0	1	892	1	892	0.0	1836
18P3R3A11_00726	47P2R3A6_00940	97.197	892	25	0	1	892	1	892	0.0	1787
18P3R3A11_00726	38P2R3A13_02697	96.861	892	28	0	1	892	1	892	0.0	1786
18P3R3A11_00727	18P3R3A11_00727	100.000	197	0	0	1	197	1	197	6.38e-147	406
18P3R3A11_00727	42P1R1A12_04812	96.447	197	7	0	1	197	1	197	3.19e-143	396
18P3R3A11_00727	31P2R1A5_00069	96.410	195	7	0	1	195	1	195	2.17e-142	394
18P3R3A11_00727	38P2R3A13_07120	97.701	87	2	0	1	87	1	87	1.37e-58	178
18P3R3A11_00727	38P2R3A13_07121	100.000	62	0	0	136	197	1	62	5.22e-38	125
18P3R3A11_00728	18P3R3A11_00728	100.000	256	0	0	1	256	1	256	0.0	509
18P3R3A11_00729	18P3R3A11_00729	100.000	103	0	0	1	103	1	103	4.10e-70	204
18P3R3A11_00730	18P3R3A11_00730	100.000	390	0	0	1	390	1	390	0.0	805
18P3R3A11_00731	18P3R3A11_00731	100.000	246	0	0	1	246	1	246	0.0	501
18P3R3A11_00731	37P2R3-2A1_01110	98.374	246	4	0	1	246	42	287	2.96e-178	491
18P3R3A11_00732	18P3R3A11_00732	100.000	109	0	0	1	109	1	109	1.08e-71	208
18P3R3A11_00733	18P3R3A11_00733	100.000	73	0	0	1	73	1	73	1.80e-44	137
18P3R3A11_00733	38P2R3A13_02704	97.260	73	2	0	1	73	1	73	4.55e-43	133
18P3R3A11_00733	15P1R1A16_00515	98.182	55	1	0	19	73	1	55	1.29e-31	104
18P3R3A11_00734	18P3R3A11_00734	100.000	251	0	0	1	251	1	251	0.0	518
18P3R3A11_00735	18P3R3A11_00735	100.000	61	0	0	1	61	1	61	6.26e-38	119
18P3R3A11_00736	18P3R3A11_00736	100.000	290	0	0	1	290	1	290	0.0	601
18P3R3A11_00737	18P3R3A11_00737	100.000	663	0	0	1	663	1	663	0.0	1365
18P3R3A11_00737	38P2R3A13_07110	96.078	663	26	0	1	663	2	664	0.0	1324
18P3R3A11_00737	38P2R3A13_02708	95.475	663	30	0	1	663	2	664	0.0	1313
18P3R3A11_00738	18P3R3A11_00738	100.000	645	0	0	1	645	1	645	0.0	1325
18P3R3A11_00738	38P2R3A13_07109	95.504	645	29	0	1	645	1	645	0.0	1283
18P3R3A11_00739	18P3R3A11_00739	100.000	329	0	0	1	329	1	329	0.0	665
18P3R3A11_00740	18P3R3A11_00740	100.000	263	0	0	1	263	1	263	0.0	537
18P3R3A11_00740	10P3R2A13_01911	95.057	263	13	0	1	263	1	263	0.0	514
18P3R3A11_00741	18P3R3A11_00741	100.000	1032	0	0	1	1032	1	1032	0.0	2086
18P3R3A11_00741	38P2R3A13_02712	96.705	1032	34	0	1	1032	1	1032	0.0	2028
18P3R3A11_00742	18P3R3A11_00742	100.000	304	0	0	1	304	1	304	0.0	617
18P3R3A11_00742	56P2R2A4_00418	97.368	304	7	1	1	304	1	303	0.0	594
18P3R3A11_00743	18P3R3A11_00743	100.000	129	0	0	1	129	1	129	4.41e-89	254
18P3R3A11_00743	37P2R3-2A1_01098	97.674	129	3	0	1	129	1	129	8.84e-87	248
18P3R3A11_00744	18P3R3A11_00744	100.000	235	0	0	1	235	1	235	3.15e-173	475
18P3R3A11_00744	38P2R3A13_02714	95.745	235	10	0	1	235	1	235	2.58e-167	461
18P3R3A11_00744	56P2R2A4_00420	96.170	235	9	0	1	235	1	235	3.67e-167	460
18P3R3A11_00745	18P3R3A11_00745	100.000	355	0	0	1	355	1	355	0.0	729
18P3R3A11_00745	38P2R3A13_02715	96.338	355	13	0	1	355	1	355	0.0	709
18P3R3A11_00745	56P2R2A4_00421	96.620	355	12	0	1	355	1	355	0.0	706
18P3R3A11_00746	18P3R3A11_00746	100.000	314	0	0	1	314	1	314	0.0	654
18P3R3A11_00746	37P2R3-2A1_01095	97.452	314	8	0	1	314	1	314	0.0	640
18P3R3A11_00747	18P3R3A11_00747	100.000	269	0	0	1	269	1	269	0.0	547
18P3R3A11_00747	38P2R3A13_02717	96.654	269	9	0	1	269	1	269	0.0	532
18P3R3A11_00748	18P3R3A11_00748	100.000	331	0	0	1	331	1	331	0.0	687
18P3R3A11_00748	38P2R3A13_02718	97.885	331	7	0	1	331	1	331	0.0	674
18P3R3A11_00749	18P3R3A11_00749	100.000	297	0	0	1	297	1	297	0.0	585
18P3R3A11_00749	38P2R3A13_02719	97.643	297	7	0	1	297	1	297	0.0	578
18P3R3A11_00749	38P2R3A13_07281	96.296	297	11	0	1	297	1	297	0.0	568
18P3R3A11_00750	18P3R3A11_00750	100.000	322	0	0	1	322	1	322	0.0	641
18P3R3A11_00750	38P2R3A13_02720	95.380	303	14	0	20	322	20	322	0.0	587
18P3R3A11_00750	38P2R3A13_07282	95.333	300	14	0	23	322	23	322	0.0	583
18P3R3A11_00751	18P3R3A11_00751	100.000	547	0	0	1	547	1	547	0.0	1124
18P3R3A11_00751	38P2R3A13_02721	95.430	547	25	0	1	547	1	547	0.0	1073
18P3R3A11_00752	18P3R3A11_00752	100.000	326	0	0	1	326	1	326	0.0	664
18P3R3A11_00753	18P3R3A11_00753	100.000	223	0	0	1	223	1	223	1.25e-158	437
18P3R3A11_00753	38P2R3A13_02723	95.964	223	9	0	1	223	1	223	1.26e-152	422
18P3R3A11_00754	18P3R3A11_00754	100.000	75	0	0	1	75	1	75	4.53e-50	151
18P3R3A11_00755	18P3R3A11_00755	100.000	120	0	0	1	120	1	120	2.93e-85	244
18P3R3A11_00755	38P2R3A13_02725	96.667	120	4	0	1	120	1	120	5.05e-83	238
18P3R3A11_00755	38P2R3A13_06410	95.833	120	5	0	1	120	1	120	1.33e-82	237
18P3R3A11_00756	18P3R3A11_00756	100.000	74	0	0	1	74	1	74	9.00e-47	143
18P3R3A11_00757	18P3R3A11_00757	100.000	566	0	0	1	566	1	566	0.0	1171
18P3R3A11_00758	18P3R3A11_00758	100.000	431	0	0	1	431	1	431	0.0	890
18P3R3A11_00759	18P3R3A11_00759	100.000	294	0	0	1	294	1	294	0.0	581
18P3R3A11_00759	38P2R3A13_06414	96.599	294	10	0	1	294	1	294	0.0	566
18P3R3A11_00759	34P3R2A10_03735	99.225	129	1	0	166	294	1	129	2.83e-85	251
18P3R3A11_00760	18P3R3A11_00760	100.000	281	0	0	1	281	1	281	0.0	561
18P3R3A11_00760	56P2R2A4_00436	97.509	281	7	0	1	281	1	281	0.0	547
18P3R3A11_00761	18P3R3A11_00761	100.000	351	0	0	1	351	1	351	0.0	727
18P3R3A11_00761	38P2R3A13_06416	96.866	351	11	0	1	351	1	351	0.0	710
18P3R3A11_00761	56P2R2A4_00437	96.581	351	12	0	1	351	1	351	0.0	709
18P3R3A11_00761	38P2R3A13_02731	96.011	351	14	0	1	351	1	351	0.0	703
18P3R3A11_00762	18P3R3A11_00762	100.000	263	0	0	1	263	1	263	0.0	548
18P3R3A11_00762	37P2R3-2A1_01079	97.719	263	6	0	1	263	1	263	0.0	538
18P3R3A11_00763	18P3R3A11_00763	100.000	352	0	0	1	352	1	352	0.0	732
18P3R3A11_00764	18P3R3A11_00764	100.000	761	0	0	1	761	1	761	0.0	1578
18P3R3A11_00765	18P3R3A11_00765	100.000	226	0	0	1	226	1	226	4.41e-166	457
18P3R3A11_00766	18P3R3A11_00766	100.000	361	0	0	1	361	1	361	0.0	743
18P3R3A11_00766	38P2R3A13_02736	96.676	361	12	0	1	361	1	361	0.0	722
18P3R3A11_00766	38P2R3A13_06421	96.122	361	14	0	1	361	18	378	0.0	717
18P3R3A11_00766	56P2R2A4_00442	95.291	361	17	0	1	361	1	361	0.0	715
18P3R3A11_00767	18P3R3A11_00767	100.000	305	0	0	1	305	1	305	0.0	630
18P3R3A11_00767	56P2R2A4_00443	96.066	305	12	0	1	305	1	305	0.0	612
18P3R3A11_00767	38P2R3A13_02737	96.393	305	11	0	1	305	1	305	0.0	611
18P3R3A11_00767	38P2R3A13_06422	95.082	305	15	0	1	305	1	305	0.0	608
18P3R3A11_00768	18P3R3A11_00768	100.000	337	0	0	1	337	1	337	0.0	689
18P3R3A11_00769	18P3R3A11_00769	100.000	466	0	0	1	466	1	466	0.0	958
18P3R3A11_00769	38P2R3A13_02739	97.854	466	10	0	1	466	1	466	0.0	943
18P3R3A11_00769	38P2R3A13_06424	96.137	466	18	0	1	466	1	466	0.0	927
18P3R3A11_00770	18P3R3A11_00770	100.000	351	0	0	1	351	1	351	0.0	712
18P3R3A11_00771	18P3R3A11_00771	100.000	522	0	0	1	522	1	522	0.0	1075
18P3R3A11_00771	38P2R3A13_02741	96.887	514	16	0	9	522	1	514	0.0	1024
18P3R3A11_00771	38P2R3A13_08289	97.391	460	12	0	63	522	1	460	0.0	923
18P3R3A11_00772	18P3R3A11_00772	100.000	403	0	0	1	403	1	403	0.0	829
18P3R3A11_00773	18P3R3A11_00773	100.000	169	0	0	1	169	1	169	4.56e-122	340
18P3R3A11_00774	18P3R3A11_00774	100.000	322	0	0	1	322	1	322	0.0	653
18P3R3A11_00775	18P3R3A11_00775	100.000	238	0	0	1	238	1	238	1.64e-178	489
18P3R3A11_00776	18P3R3A11_00776	100.000	539	0	0	1	539	1	539	0.0	1113
18P3R3A11_00776	38P2R3A13_02746	95.918	539	22	0	1	539	1	539	0.0	1074
18P3R3A11_00776	38P2R3A13_03682	95.918	539	22	0	1	539	1	539	0.0	1044
18P3R3A11_00777	18P3R3A11_00777	100.000	164	0	0	1	164	1	164	2.06e-115	323
18P3R3A11_00777	54P2R2A3_02913	97.959	49	1	0	116	164	1	49	1.62e-25	92.4
18P3R3A11_00778	18P3R3A11_00778	100.000	512	0	0	1	512	1	512	0.0	1064
18P3R3A11_00778	51P2R2A10_01973	95.117	512	25	0	1	512	1	512	0.0	1020
18P3R3A11_00778	23P1R2A1_04560	96.154	182	7	0	331	512	1	182	3.45e-127	368
18P3R3A11_00778	42P1R1A12_06030	98.148	162	3	0	351	512	1	162	6.19e-114	333
18P3R3A11_00778	23P1R2A1_04565	95.679	162	7	0	351	512	1	162	3.49e-111	327
18P3R3A11_00779	18P3R3A11_00779	100.000	447	0	0	1	447	1	447	0.0	907
18P3R3A11_00779	37P2R3-2A1_01062	96.868	447	14	0	1	447	1	447	0.0	879
18P3R3A11_00780	18P3R3A11_00780	100.000	229	0	0	1	229	1	229	1.87e-168	463
18P3R3A11_00781	18P3R3A11_00781	100.000	568	0	0	1	568	1	568	0.0	1142
18P3R3A11_00781	37P2R3-2A1_01060	98.547	344	5	0	1	344	1	344	0.0	684
18P3R3A11_00782	18P3R3A11_00782	100.000	164	0	0	1	164	1	164	3.20e-121	338
18P3R3A11_00782	38P2R3A13_04090	96.951	164	5	0	1	164	1	164	2.20e-117	328
18P3R3A11_00782	31P2R1A5_00148	95.732	164	7	0	1	164	1	164	3.02e-117	328
18P3R3A11_00782	42P1R1A12_06026	95.122	164	8	0	1	164	1	164	3.15e-117	328
18P3R3A11_00783	18P3R3A11_00783	100.000	883	0	0	1	883	1	883	0.0	1790
18P3R3A11_00784	18P3R3A11_00784	100.000	834	0	0	1	834	1	834	0.0	1728
18P3R3A11_00785	18P3R3A11_00785	100.000	541	0	0	1	541	1	541	0.0	1118
18P3R3A11_00786	18P3R3A11_00786	100.000	319	0	0	1	319	1	319	0.0	659
18P3R3A11_00787	18P3R3A11_00787	100.000	87	0	0	1	87	1	87	5.19e-58	172
18P3R3A11_00788	18P3R3A11_00788	100.000	314	0	0	1	314	1	314	0.0	644
18P3R3A11_00789	18P3R3A11_00789	100.000	1150	0	0	1	1150	1	1150	0.0	2337
18P3R3A11_00790	18P3R3A11_00790	100.000	534	0	0	1	534	1	534	0.0	1070
18P3R3A11_00791	18P3R3A11_00791	100.000	585	0	0	1	585	1	585	0.0	1207
18P3R3A11_00792	18P3R3A11_00792	100.000	362	0	0	1	362	1	362	0.0	735
18P3R3A11_00793	18P3R3A11_00793	100.000	182	0	0	1	182	1	182	2.17e-134	373
18P3R3A11_00794	18P3R3A11_00794	100.000	152	0	0	1	152	1	152	7.63e-110	308
18P3R3A11_00795	18P3R3A11_00795	100.000	438	0	0	1	438	1	438	0.0	892
18P3R3A11_00796	18P3R3A11_00796	100.000	160	0	0	1	160	1	160	8.19e-119	332
18P3R3A11_00796	37P2R3-2A1_01058	96.875	160	5	0	1	160	1	160	2.03e-115	323
18P3R3A11_00797	18P3R3A11_00797	100.000	411	0	0	1	411	1	411	0.0	857
18P3R3A11_00798	18P3R3A11_00798	100.000	710	0	0	1	710	1	710	0.0	1453
18P3R3A11_00799	18P3R3A11_00799	100.000	58	0	0	1	58	1	58	1.03e-36	116
18P3R3A11_00799	37P2R3-2A1_01055	96.552	58	2	0	1	58	1	58	8.65e-35	111
18P3R3A11_00800	18P3R3A11_00800	100.000	379	0	0	1	379	1	379	0.0	758
18P3R3A11_00801	18P3R3A11_00801	100.000	328	0	0	1	328	1	328	0.0	672
18P3R3A11_00802	18P3R3A11_00802	100.000	61	0	0	1	61	1	61	5.97e-36	114
18P3R3A11_00803	18P3R3A11_00803	100.000	458	0	0	1	458	1	458	0.0	931
18P3R3A11_00803	38P2R3A13_03690	96.507	458	16	0	1	458	1	458	0.0	909
18P3R3A11_00803	38P2R3A13_02755	96.725	458	15	0	1	458	1	458	0.0	906
18P3R3A11_00803	37P2R3-2A1_01051	99.538	433	2	0	26	458	1	433	0.0	877
18P3R3A11_00804	18P3R3A11_00804	100.000	312	0	0	1	312	1	312	0.0	646
18P3R3A11_00804	38P2R3A13_02756	97.756	312	7	0	1	312	1	312	0.0	634
18P3R3A11_00805	18P3R3A11_00805	100.000	283	0	0	1	283	1	283	0.0	582
18P3R3A11_00806	18P3R3A11_00806	100.000	126	0	0	1	126	1	126	4.14e-90	256
18P3R3A11_00807	18P3R3A11_00807	100.000	66	0	0	1	66	1	66	4.89e-40	125
18P3R3A11_00808	18P3R3A11_00808	100.000	370	0	0	1	370	1	370	0.0	746
18P3R3A11_00809	18P3R3A11_00809	100.000	1175	0	0	1	1175	1	1175	0.0	2441
18P3R3A11_00809	38P2R3A13_00009	96.511	1175	41	0	1	1175	1	1175	0.0	2369
18P3R3A11_00809	38P2R3A13_03699	95.404	1175	54	0	1	1175	1	1175	0.0	2343
18P3R3A11_00810	18P3R3A11_00810	100.000	89	0	0	1	89	1	89	3.27e-59	175
18P3R3A11_00810	38P2R3A13_00010	97.753	89	2	0	1	89	1	89	5.93e-58	172
18P3R3A11_00811	18P3R3A11_00811	100.000	146	0	0	1	146	1	146	3.06e-105	296
18P3R3A11_00812	18P3R3A11_00812	100.000	43	0	0	1	43	1	43	3.06e-24	84.0
18P3R3A11_00812	37P2R3-2A1_00983	97.674	43	1	0	1	43	1	43	1.07e-23	82.8
18P3R3A11_00813	18P3R3A11_00813	100.000	337	0	0	1	337	1	337	0.0	663
18P3R3A11_00814	18P3R3A11_00814	100.000	467	0	0	1	467	1	467	0.0	942
18P3R3A11_00814	38P2R3A13_00014	96.146	467	18	0	1	467	1	467	0.0	891
18P3R3A11_00815	18P3R3A11_00815	100.000	196	0	0	1	196	1	196	1.69e-146	405
18P3R3A11_00816	18P3R3A11_00816	100.000	63	0	0	1	63	1	63	1.10e-42	132
18P3R3A11_00817	18P3R3A11_00817	100.000	470	0	0	1	470	1	470	0.0	970
18P3R3A11_00817	38P2R3A13_03706	97.234	470	13	0	1	470	1	470	0.0	949
18P3R3A11_00817	38P2R3A13_00016	97.447	470	12	0	1	470	1	470	0.0	947
18P3R3A11_00818	18P3R3A11_00818	100.000	42	0	0	1	42	1	42	5.58e-23	80.9
18P3R3A11_00818	37P2R3-2A1_00977	97.619	42	1	0	1	42	1	42	1.36e-22	79.7
18P3R3A11_00819	18P3R3A11_00819	100.000	382	0	0	1	382	1	382	0.0	793
18P3R3A11_00819	38P2R3A13_00017	97.120	382	11	0	1	382	1	382	0.0	773
18P3R3A11_00819	38P2R3A13_03707	95.288	382	18	0	1	382	1	382	0.0	759
18P3R3A11_00820	18P3R3A11_00820	100.000	338	0	0	1	338	1	338	0.0	687
18P3R3A11_00821	18P3R3A11_00821	100.000	315	0	0	1	315	1	315	0.0	614
18P3R3A11_00822	18P3R3A11_00822	100.000	269	0	0	1	269	1	269	0.0	526
18P3R3A11_00822	38P2R3A13_00020	96.654	269	9	0	1	269	1	269	0.0	510
18P3R3A11_00823	18P3R3A11_00823	100.000	475	0	0	1	475	1	475	0.0	974
18P3R3A11_00824	18P3R3A11_00824	100.000	61	0	0	1	61	1	61	1.14e-38	121
18P3R3A11_00825	18P3R3A11_00825	100.000	118	0	0	1	118	1	118	6.48e-86	245
18P3R3A11_00826	18P3R3A11_00826	100.000	109	0	0	1	109	1	109	5.26e-79	227
18P3R3A11_00827	18P3R3A11_00827	100.000	58	0	0	1	58	1	58	1.70e-35	113
18P3R3A11_00828	18P3R3A11_00828	100.000	252	0	0	1	252	1	252	0.0	523
18P3R3A11_00829	18P3R3A11_00829	100.000	725	0	0	1	725	1	725	0.0	1469
18P3R3A11_00830	18P3R3A11_00830	100.000	994	0	0	1	994	1	994	0.0	2044
18P3R3A11_00830	38P2R3A13_03714	96.378	994	36	0	1	994	1	994	0.0	1980
18P3R3A11_00830	38P2R3A13_00024	96.076	994	39	0	1	994	1	994	0.0	1975
18P3R3A11_00831	18P3R3A11_00831	100.000	445	0	0	1	445	1	445	0.0	898
18P3R3A11_00832	18P3R3A11_00832	100.000	533	0	0	1	533	1	533	0.0	1099
18P3R3A11_00832	38P2R3A13_00026	96.811	533	17	0	1	533	1	533	0.0	1073
18P3R3A11_00832	38P2R3A13_03716	96.248	533	20	0	1	533	1	533	0.0	1066
18P3R3A11_00833	18P3R3A11_00833	100.000	78	0	0	1	78	1	78	1.48e-51	155
18P3R3A11_00833	37P2R3-2A1_00962	97.436	78	2	0	1	78	1	78	2.83e-50	152
18P3R3A11_00834	18P3R3A11_00834	100.000	150	0	0	1	150	1	150	6.76e-101	286
18P3R3A11_00834	38P2R3A13_03718	96.000	150	6	0	1	150	1	150	6.30e-97	276
18P3R3A11_00834	38P2R3A13_00028	95.333	150	7	0	1	150	1	150	1.21e-95	272
18P3R3A11_00835	18P3R3A11_00835	100.000	173	0	0	1	173	1	173	3.41e-129	359
18P3R3A11_00836	18P3R3A11_00836	100.000	189	0	0	1	189	1	189	4.27e-140	388
18P3R3A11_00837	18P3R3A11_00837	100.000	347	0	0	1	347	1	347	0.0	710
18P3R3A11_00838	18P3R3A11_00838	100.000	223	0	0	1	223	1	223	4.80e-167	459
18P3R3A11_00839	18P3R3A11_00839	100.000	705	0	0	1	705	1	705	0.0	1452
18P3R3A11_00839	56P2R2A4_00556	95.461	705	32	0	1	705	1	705	0.0	1399
18P3R3A11_00839	38P2R3A13_03723	95.177	705	34	0	1	705	1	705	0.0	1392
18P3R3A11_00840	18P3R3A11_00840	100.000	354	0	0	1	354	1	354	0.0	720
18P3R3A11_00841	18P3R3A11_00841	100.000	499	0	0	1	499	1	499	0.0	1005
18P3R3A11_00841	38P2R3A13_03725	97.796	499	11	0	1	499	1	499	0.0	983
18P3R3A11_00842	18P3R3A11_00842	100.000	305	0	0	1	305	1	305	0.0	625
18P3R3A11_00843	18P3R3A11_00843	100.000	133	0	0	1	133	1	133	3.31e-95	270
18P3R3A11_00844	18P3R3A11_00844	100.000	180	0	0	1	180	1	180	5.30e-132	367
18P3R3A11_00845	18P3R3A11_00845	100.000	334	0	0	1	334	1	334	0.0	664
18P3R3A11_00846	18P3R3A11_00846	100.000	374	0	0	1	374	1	374	0.0	761
18P3R3A11_00846	38P2R3A13_00042	96.257	374	14	0	1	374	1	374	0.0	717
18P3R3A11_00846	38P2R3A13_03729	95.187	374	18	0	1	374	1	374	0.0	703
18P3R3A11_00847	18P3R3A11_00847	100.000	439	0	0	1	439	1	439	0.0	899
18P3R3A11_00847	38P2R3A13_00043	97.267	439	12	0	1	439	1	439	0.0	875
18P3R3A11_00847	38P2R3A13_03730	95.672	439	19	0	1	439	1	439	0.0	862
18P3R3A11_00848	18P3R3A11_00848	100.000	311	0	0	1	311	1	311	0.0	619
18P3R3A11_00848	56P2R2A4_00564	97.749	311	7	0	1	311	1	311	0.0	608
18P3R3A11_00849	18P3R3A11_00849	100.000	170	0	0	1	170	1	170	4.56e-122	341
18P3R3A11_00850	18P3R3A11_00850	100.000	309	0	0	1	309	1	309	0.0	605
18P3R3A11_00850	38P2R3A13_00046	96.117	309	12	0	1	309	1	309	0.0	587
18P3R3A11_00851	18P3R3A11_00851	100.000	258	0	0	1	258	1	258	0.0	521
18P3R3A11_00851	38P2R3A13_03734	97.674	258	6	0	1	258	1	258	0.0	508
18P3R3A11_00852	18P3R3A11_00852	100.000	296	0	0	1	296	1	296	0.0	594
18P3R3A11_00852	56P2R2A4_00568	95.946	296	12	0	1	296	1	296	0.0	573
18P3R3A11_00853	18P3R3A11_00853	100.000	206	0	0	1	206	1	206	5.40e-154	424
18P3R3A11_00853	37P2R3-2A1_00942	97.087	206	6	0	1	206	1	206	2.73e-150	415
18P3R3A11_00854	18P3R3A11_00854	100.000	77	0	0	1	77	1	77	6.78e-53	159
18P3R3A11_00855	18P3R3A11_00855	100.000	562	0	0	1	562	1	562	0.0	1170
18P3R3A11_00856	18P3R3A11_00856	100.000	443	0	0	1	443	1	443	0.0	875
18P3R3A11_00857	18P3R3A11_00857	100.000	212	0	0	1	212	1	212	1.24e-155	429
18P3R3A11_00858	18P3R3A11_00858	100.000	493	0	0	1	493	1	493	0.0	1010
18P3R3A11_00859	18P3R3A11_00859	100.000	152	0	0	1	152	1	152	1.70e-114	320
18P3R3A11_00860	18P3R3A11_00860	100.000	101	0	0	1	101	1	101	6.76e-70	203
18P3R3A11_00860	38P2R3A13_00058	96.040	101	4	0	1	101	1	101	7.06e-67	196
18P3R3A11_00861	18P3R3A11_00861	100.000	700	0	0	1	700	1	700	0.0	1436
18P3R3A11_00861	38P2R3A13_00059	97.000	700	21	0	1	700	1	700	0.0	1405
18P3R3A11_00861	38P2R3A13_03739	96.143	700	27	0	1	700	1	700	0.0	1392
18P3R3A11_00862	18P3R3A11_00862	100.000	151	0	0	1	151	1	151	6.91e-111	311
18P3R3A11_00863	18P3R3A11_00863	100.000	191	0	0	1	191	1	191	1.59e-141	392
18P3R3A11_00864	18P3R3A11_00864	100.000	282	0	0	1	282	1	282	0.0	584
18P3R3A11_00864	37P2R3-2A1_00931	97.518	282	7	0	1	282	1	282	0.0	574
18P3R3A11_00864	38P2R3A13_00061	95.035	282	14	0	1	282	1	282	0.0	557
18P3R3A11_00865	18P3R3A11_00865	100.000	227	0	0	1	227	1	227	3.90e-168	462
18P3R3A11_00866	18P3R3A11_00866	100.000	232	0	0	1	232	1	232	1.43e-171	471
18P3R3A11_00867	18P3R3A11_00867	100.000	515	0	0	1	515	1	515	0.0	1077
18P3R3A11_00867	38P2R3A13_03744	95.146	515	25	0	1	515	1	515	0.0	1030
18P3R3A11_00868	18P3R3A11_00868	100.000	1247	0	0	1	1247	1	1247	0.0	2603
18P3R3A11_00868	38P2R3A13_03745	96.231	1247	47	0	1	1247	1	1247	0.0	2523
18P3R3A11_00869	18P3R3A11_00869	100.000	463	0	0	1	463	1	463	0.0	918
18P3R3A11_00870	18P3R3A11_00870	100.000	192	0	0	1	192	1	192	1.13e-138	384
18P3R3A11_00871	18P3R3A11_00871	100.000	496	0	0	1	496	1	496	0.0	956
18P3R3A11_00872	18P3R3A11_00872	100.000	409	0	0	1	409	1	409	0.0	835
18P3R3A11_00873	18P3R3A11_00873	100.000	161	0	0	1	161	1	161	1.20e-118	331
18P3R3A11_00873	38P2R3A13_00066	95.652	161	7	0	1	161	1	161	2.73e-114	320
18P3R3A11_00873	56P2R2A4_00586	95.652	161	7	0	1	161	1	161	4.28e-114	320
18P3R3A11_00874	18P3R3A11_00874	100.000	386	0	0	1	386	1	386	0.0	778
18P3R3A11_00874	38P2R3A13_00067	96.114	386	15	0	1	386	1	386	0.0	751
18P3R3A11_00874	42P1R1A12_04752	95.596	386	17	0	1	386	1	386	0.0	725
18P3R3A11_00875	18P3R3A11_00875	100.000	240	0	0	1	240	1	240	1.11e-174	479
18P3R3A11_00875	38P2R3A13_00068	96.250	240	9	0	1	240	1	240	7.80e-169	465
18P3R3A11_00876	18P3R3A11_00876	100.000	256	0	0	1	256	1	256	0.0	525
18P3R3A11_00877	18P3R3A11_00877	100.000	369	0	0	1	369	1	369	0.0	730
18P3R3A11_00878	18P3R3A11_00878	100.000	330	0	0	1	330	1	330	0.0	640
18P3R3A11_00879	18P3R3A11_00879	100.000	315	0	0	1	315	1	315	0.0	649
18P3R3A11_00880	18P3R3A11_00880	100.000	358	0	0	1	358	1	358	0.0	716
18P3R3A11_00881	18P3R3A11_00881	100.000	293	0	0	1	293	1	293	0.0	577
18P3R3A11_00881	38P2R3A13_00074	95.563	293	13	0	1	293	1	293	0.0	538
18P3R3A11_00882	18P3R3A11_00882	100.000	196	0	0	1	196	1	196	3.33e-148	409
18P3R3A11_00882	31P2R1A5_00663	95.918	196	8	0	1	196	1	196	2.01e-143	397
18P3R3A11_00882	42P1R1A12_02739	95.918	196	8	0	1	196	1	196	2.24e-143	397
18P3R3A11_00882	10P3R2A13_04152	96.429	196	7	0	1	196	1	196	1.45e-142	395
18P3R3A11_00883	18P3R3A11_00883	100.000	804	0	0	1	804	1	804	0.0	1674
18P3R3A11_00883	42P1R1A12_02738	95.274	804	38	0	1	804	1	804	0.0	1603
18P3R3A11_00884	18P3R3A11_00884	100.000	296	0	0	1	296	1	296	0.0	617
18P3R3A11_00885	18P3R3A11_00885	100.000	219	0	0	1	219	1	219	2.89e-162	446
18P3R3A11_00885	38P2R3A13_00079	95.890	219	9	0	1	219	1	219	6.01e-148	410
18P3R3A11_00886	18P3R3A11_00886	100.000	50	0	0	1	50	1	50	3.07e-31	102
18P3R3A11_00887	18P3R3A11_00887	100.000	281	0	0	1	281	1	281	0.0	574
18P3R3A11_00887	38P2R3A13_00082	95.374	281	13	0	1	281	1	281	0.0	551
18P3R3A11_00888	18P3R3A11_00888	100.000	215	0	0	1	215	1	215	4.70e-159	438
18P3R3A11_00889	18P3R3A11_00889	100.000	392	0	0	1	392	1	392	0.0	768
18P3R3A11_00890	18P3R3A11_00890	100.000	364	0	0	1	364	1	364	0.0	726
18P3R3A11_00891	18P3R3A11_00891	100.000	330	0	0	1	330	1	330	0.0	662
18P3R3A11_00892	18P3R3A11_00892	100.000	536	0	0	1	536	1	536	0.0	1070
18P3R3A11_00893	18P3R3A11_00893	100.000	284	0	0	1	284	1	284	0.0	550
18P3R3A11_00894	18P3R3A11_00894	100.000	315	0	0	1	315	1	315	0.0	606
18P3R3A11_00894	38P2R3A13_00089	97.778	315	7	0	1	315	1	315	0.0	591
18P3R3A11_00895	18P3R3A11_00895	100.000	540	0	0	1	540	1	540	0.0	1094
18P3R3A11_00895	38P2R3A13_00090	97.778	540	12	0	1	540	1	540	0.0	1073
18P3R3A11_00896	18P3R3A11_00896	100.000	337	0	0	1	337	1	337	0.0	684
18P3R3A11_00896	56P2R2A4_00611	97.923	337	7	0	1	337	1	337	0.0	675
18P3R3A11_00896	38P2R3A13_03760	97.923	337	7	0	1	337	1	337	0.0	674
18P3R3A11_00897	18P3R3A11_00897	100.000	571	0	0	1	571	1	571	0.0	1155
18P3R3A11_00897	37P2R3-2A1_00898	97.023	571	17	0	1	571	1	571	0.0	1123
18P3R3A11_00898	18P3R3A11_00898	100.000	160	0	0	1	160	1	160	8.46e-119	332
18P3R3A11_00899	18P3R3A11_00899	100.000	230	0	0	1	230	1	230	3.36e-172	473
18P3R3A11_00900	18P3R3A11_00900	100.000	233	0	0	1	233	1	233	5.67e-176	482
18P3R3A11_00900	37P2R3-2A1_00896	100.000	233	0	0	1	233	334	566	4.53e-171	483
18P3R3A11_00901	18P3R3A11_00901	100.000	380	0	0	1	380	1	380	0.0	758
18P3R3A11_00902	18P3R3A11_00902	100.000	446	0	0	1	446	1	446	0.0	927
18P3R3A11_00902	56P2R2A4_02684	95.964	446	18	0	1	446	1	446	0.0	902
18P3R3A11_00902	38P2R3A13_02065	95.964	446	18	0	1	446	1	446	0.0	899
18P3R3A11_00903	18P3R3A11_00903	100.000	447	0	0	1	447	1	447	0.0	920
18P3R3A11_00903	38P2R3A13_02066	96.421	447	16	0	1	447	1	447	0.0	864
18P3R3A11_00903	38P2R3A13_06754	95.302	447	21	0	1	447	1	447	0.0	854
18P3R3A11_00904	18P3R3A11_00904	100.000	452	0	0	1	452	1	452	0.0	903
18P3R3A11_00904	28P2R1A12_00018	98.876	89	1	0	1	89	1	89	1.01e-55	179
18P3R3A11_00905	18P3R3A11_00905	100.000	92	0	0	1	92	1	92	1.84e-65	191
18P3R3A11_00906	18P3R3A11_00906	100.000	150	0	0	1	150	1	150	1.04e-109	308
18P3R3A11_00906	38P2R3A13_02068	98.000	150	3	0	1	150	1	150	1.52e-107	302
18P3R3A11_00906	56P2R2A4_02681	96.667	150	5	0	1	150	1	150	9.51e-106	298
18P3R3A11_00906	38P2R3A13_06752	95.333	150	7	0	1	150	1	150	3.26e-104	294
18P3R3A11_00907	18P3R3A11_00907	100.000	262	0	0	1	262	1	262	0.0	540
18P3R3A11_00907	38P2R3A13_06751	96.947	262	8	0	1	262	1	262	0.0	524
18P3R3A11_00908	18P3R3A11_00908	100.000	110	0	0	1	110	1	110	2.54e-76	220
18P3R3A11_00909	18P3R3A11_00909	100.000	182	0	0	1	182	1	182	2.36e-135	375
18P3R3A11_00909	38P2R3A13_02071	98.246	114	2	0	69	182	1	114	3.20e-77	226
18P3R3A11_00910	18P3R3A11_00910	100.000	281	0	0	1	281	1	281	0.0	585
18P3R3A11_00911	18P3R3A11_00911	100.000	455	0	0	1	455	1	455	0.0	932
18P3R3A11_00912	18P3R3A11_00912	100.000	430	0	0	1	430	1	430	0.0	861
18P3R3A11_00912	38P2R3A13_02074	97.902	429	9	0	1	429	1	429	0.0	847
18P3R3A11_00912	47P2R3A6_01777	95.338	429	20	0	1	429	1	429	0.0	800
18P3R3A11_00913	18P3R3A11_00913	100.000	456	0	0	1	456	1	456	0.0	940
18P3R3A11_00913	47P2R3A6_01776	97.368	456	12	0	1	456	1	456	0.0	921
18P3R3A11_00913	38P2R3A13_08132	96.544	434	15	0	23	456	1	434	0.0	871
18P3R3A11_00913	43P2R2A2_03367	96.226	265	10	0	192	456	1	265	0.0	526
18P3R3A11_00914	18P3R3A11_00914	100.000	253	0	0	1	253	1	253	0.0	520
18P3R3A11_00914	38P2R3A13_08133	96.414	251	9	0	1	251	1	251	0.0	505
18P3R3A11_00915	18P3R3A11_00915	100.000	367	0	0	1	367	1	367	0.0	766
18P3R3A11_00916	18P3R3A11_00916	100.000	132	0	0	1	132	1	132	2.05e-89	255
18P3R3A11_00916	38P2R3A13_02078	97.727	132	3	0	1	132	1	132	1.32e-87	251
18P3R3A11_00917	18P3R3A11_00917	100.000	275	0	0	1	275	1	275	0.0	565
18P3R3A11_00917	38P2R3A13_08136	97.455	275	7	0	1	275	32	306	0.0	554
18P3R3A11_00917	38P2R3A13_02079	97.455	275	7	0	1	275	1	275	0.0	553
18P3R3A11_00917	10P3R2A13_01708	97.091	275	8	0	1	275	32	306	0.0	550
18P3R3A11_00917	15P1R1A16_00324	96.341	164	6	0	112	275	1	164	1.52e-117	333
18P3R3A11_00918	18P3R3A11_00918	100.000	76	0	0	1	76	1	76	1.94e-52	157
18P3R3A11_00919	18P3R3A11_00919	100.000	430	0	0	1	430	1	430	0.0	880
18P3R3A11_00919	37P2R3-2A1_02749	97.674	430	10	0	1	430	1	430	0.0	863
18P3R3A11_00920	18P3R3A11_00920	100.000	149	0	0	1	149	1	149	4.48e-105	296
18P3R3A11_00920	56P2R2A4_02667	95.302	149	7	0	1	149	1	149	1.90e-99	282
18P3R3A11_00920	38P2R3A13_02082	95.302	149	7	0	1	149	1	149	5.28e-99	281
18P3R3A11_00921	18P3R3A11_00921	100.000	269	0	0	1	269	1	269	0.0	550
18P3R3A11_00922	18P3R3A11_00922	100.000	366	0	0	1	366	1	366	0.0	754
18P3R3A11_00922	38P2R3A13_02084	97.541	366	9	0	1	366	1	366	0.0	741
18P3R3A11_00926	18P3R3A11_00926	100.000	418	0	0	1	418	1	418	0.0	850
18P3R3A11_00926	38P2R3A13_06258	97.608	418	10	0	1	418	1	418	0.0	832
18P3R3A11_00926	52P2R3A10_02574	99.248	399	3	0	20	418	1	399	0.0	806
18P3R3A11_00927	18P3R3A11_00927	100.000	444	0	0	1	444	1	444	0.0	909
18P3R3A11_00927	38P2R3A13_02089	97.748	444	10	0	1	444	1	444	0.0	889
18P3R3A11_00928	18P3R3A11_00928	100.000	607	0	0	1	607	1	607	0.0	1236
18P3R3A11_00929	18P3R3A11_00929	100.000	1181	0	0	1	1181	1	1181	0.0	2427
18P3R3A11_00930	18P3R3A11_00930	100.000	956	0	0	1	956	1	956	0.0	1971
18P3R3A11_00930	38P2R3A13_02092	97.280	956	26	0	1	956	1	956	0.0	1933
18P3R3A11_00930	38P2R3A13_06254	95.293	956	45	0	1	956	6	961	0.0	1890
18P3R3A11_00931	18P3R3A11_00931	100.000	1125	0	0	1	1125	1	1125	0.0	2310
18P3R3A11_00932	18P3R3A11_00932	100.000	108	0	0	1	108	1	108	6.14e-76	219
18P3R3A11_00933	18P3R3A11_00933	100.000	185	0	0	1	185	1	185	5.19e-136	377
18P3R3A11_00933	37P2R3-2A1_02736	97.297	185	5	0	1	185	1	185	5.58e-132	367
18P3R3A11_00934	18P3R3A11_00934	100.000	265	0	0	1	265	1	265	0.0	557
18P3R3A11_00934	10P3R2A13_01727	95.094	265	13	0	1	265	1	265	0.0	536
18P3R3A11_00935	18P3R3A11_00935	100.000	292	0	0	1	292	1	292	0.0	580
18P3R3A11_00935	38P2R3A13_06247	95.548	292	13	0	1	292	1	292	0.0	562
18P3R3A11_00936	18P3R3A11_00936	100.000	749	0	0	1	749	1	749	0.0	1518
18P3R3A11_00937	18P3R3A11_00937	100.000	128	0	0	1	128	1	128	3.41e-91	259
18P3R3A11_00937	38P2R3A13_02101	100.000	128	0	0	1	128	28	155	1.30e-90	259
18P3R3A11_00938	18P3R3A11_00938	100.000	231	0	0	1	231	1	231	1.52e-167	461
18P3R3A11_00939	18P3R3A11_00939	100.000	73	0	0	1	73	1	73	4.03e-49	149
18P3R3A11_00939	38P2R3A13_05500	95.890	73	3	0	1	73	1	73	4.84e-47	143
18P3R3A11_00940	18P3R3A11_00940	100.000	347	0	0	1	347	1	347	0.0	719
18P3R3A11_00941	18P3R3A11_00941	100.000	398	0	0	1	398	1	398	0.0	782
18P3R3A11_00942	18P3R3A11_00942	100.000	720	0	0	1	720	1	720	0.0	1472
18P3R3A11_00942	38P2R3A13_02106	95.278	720	34	0	1	720	1	720	0.0	1415
18P3R3A11_00943	18P3R3A11_00943	100.000	339	0	0	1	339	1	339	0.0	699
18P3R3A11_00943	38P2R3A13_05496	96.755	339	11	0	1	339	1	339	0.0	676
18P3R3A11_00944	18P3R3A11_00944	100.000	159	0	0	1	159	1	159	3.54e-116	325
18P3R3A11_00945	18P3R3A11_00945	100.000	258	0	0	1	258	1	258	0.0	528
18P3R3A11_00946	18P3R3A11_00946	100.000	476	0	0	1	476	1	476	0.0	991
18P3R3A11_00947	18P3R3A11_00947	100.000	442	0	0	1	442	1	442	0.0	884
18P3R3A11_00947	31P2R1A5_02313	95.682	440	17	2	1	440	1	438	0.0	843
18P3R3A11_00948	18P3R3A11_00948	100.000	346	0	0	1	346	1	346	0.0	717
18P3R3A11_00948	38P2R3A13_02109	96.243	346	13	0	1	346	1	346	0.0	692
18P3R3A11_00949	18P3R3A11_00949	100.000	421	0	0	1	421	1	421	0.0	861
18P3R3A11_00949	38P2R3A13_02110	97.150	421	12	0	1	421	1	421	0.0	840
18P3R3A11_00949	38P2R3A13_05490	95.724	421	18	0	1	421	1	421	0.0	833
18P3R3A11_00950	18P3R3A11_00950	100.000	309	0	0	1	309	1	309	0.0	622
18P3R3A11_00950	38P2R3A13_02111	95.146	309	15	0	1	309	1	309	0.0	570
18P3R3A11_00951	18P3R3A11_00951	100.000	231	0	0	1	231	1	231	1.57e-170	468
18P3R3A11_00952	18P3R3A11_00952	100.000	108	0	0	1	108	1	108	1.73e-77	223
18P3R3A11_00953	18P3R3A11_00953	100.000	381	0	0	1	381	1	381	0.0	776
18P3R3A11_00954	18P3R3A11_00954	100.000	297	0	0	1	297	1	297	0.0	586
18P3R3A11_00954	42P1R1A12_05299	96.296	297	11	0	1	297	1	297	0.0	570
18P3R3A11_00954	31P2R1A5_02319	95.623	297	13	0	1	297	1	297	0.0	565
18P3R3A11_00955	18P3R3A11_00955	100.000	301	0	0	1	301	1	301	0.0	611
18P3R3A11_00955	42P1R1A12_05298	95.349	301	14	0	1	301	1	301	0.0	592
18P3R3A11_00956	18P3R3A11_00956	100.000	376	0	0	1	376	1	376	0.0	776
18P3R3A11_00956	38P2R3A13_05483	96.277	376	14	0	1	376	1	376	0.0	748
18P3R3A11_00957	18P3R3A11_00957	100.000	429	0	0	1	429	1	429	0.0	884
18P3R3A11_00957	38P2R3A13_05482	96.503	429	15	0	1	429	1	429	0.0	859
18P3R3A11_00958	18P3R3A11_00958	100.000	478	0	0	1	478	1	478	0.0	989
18P3R3A11_00959	18P3R3A11_00959	100.000	414	0	0	1	414	1	414	0.0	825
18P3R3A11_00960	18P3R3A11_00960	100.000	332	0	0	1	332	1	332	0.0	681
18P3R3A11_00962	18P3R3A11_00962	100.000	254	0	0	1	254	1	254	0.0	514
18P3R3A11_00962	38P2R3A13_05480	97.638	254	6	0	1	254	1	254	0.0	504
18P3R3A11_00962	38P2R3A13_02115	97.638	254	6	0	1	254	1	254	0.0	504
18P3R3A11_00963	18P3R3A11_00963	100.000	279	0	0	1	279	1	279	0.0	585
18P3R3A11_00963	38P2R3A13_05479	96.774	279	9	0	1	279	1	279	0.0	572
18P3R3A11_00964	18P3R3A11_00964	100.000	392	0	0	1	392	1	392	0.0	819
18P3R3A11_00965	18P3R3A11_00965	100.000	228	0	0	1	228	1	228	2.89e-170	467
18P3R3A11_00966	18P3R3A11_00966	100.000	393	0	0	1	393	1	393	0.0	791
18P3R3A11_00966	38P2R3A13_05476	97.710	393	9	0	1	393	1	393	0.0	774
18P3R3A11_00966	38P2R3A13_02117	97.201	393	11	0	1	393	1	393	0.0	772
18P3R3A11_00967	18P3R3A11_00967	100.000	289	0	0	1	289	1	289	0.0	585
18P3R3A11_00968	18P3R3A11_00968	100.000	154	0	0	1	154	1	154	5.51e-112	314
18P3R3A11_00968	38P2R3A13_02119	97.403	154	4	0	1	154	1	154	1.89e-109	307
18P3R3A11_00969	18P3R3A11_00969	100.000	410	0	0	1	410	1	410	0.0	818
18P3R3A11_00969	38P2R3A13_05950	97.805	410	9	0	1	410	1	410	0.0	804
18P3R3A11_00969	38P2R3A13_02120	97.073	410	12	0	1	410	1	410	0.0	795
18P3R3A11_00970	18P3R3A11_00970	100.000	91	0	0	1	91	1	91	1.04e-63	187
18P3R3A11_00970	38P2R3A13_02123	97.802	91	2	0	1	91	1	91	3.35e-62	183
18P3R3A11_00970	38P2R3A13_05947	97.802	91	2	0	1	91	1	91	5.93e-62	182
18P3R3A11_00971	18P3R3A11_00971	100.000	77	0	0	1	77	1	77	3.92e-53	159
18P3R3A11_00972	18P3R3A11_00972	100.000	223	0	0	1	223	1	223	9.54e-156	430
18P3R3A11_00973	18P3R3A11_00973	100.000	263	0	0	1	263	1	263	0.0	527
18P3R3A11_00974	18P3R3A11_00974	100.000	269	0	0	1	269	1	269	0.0	533
18P3R3A11_00975	18P3R3A11_00975	100.000	343	0	0	1	343	1	343	0.0	698
18P3R3A11_00975	37P2R3-2A1_02694	97.376	343	9	0	1	343	1	343	0.0	688
18P3R3A11_00976	18P3R3A11_00976	100.000	62	0	0	1	62	1	62	9.67e-37	117
18P3R3A11_00976	10P3R2A13_01880	95.349	43	2	0	1	43	1	43	2.08e-23	83.2
18P3R3A11_00977	18P3R3A11_00977	100.000	166	0	0	1	166	1	166	1.67e-116	326
18P3R3A11_00977	38P2R3A13_05145	95.732	164	7	0	1	164	1	164	1.41e-111	314
18P3R3A11_00977	38P2R3A13_00232	95.122	164	8	0	1	164	1	164	2.44e-111	313
18P3R3A11_00978	18P3R3A11_00978	100.000	169	0	0	1	169	1	169	9.06e-125	347
18P3R3A11_00978	38P2R3A13_00234	97.041	169	5	0	1	169	2	170	3.63e-122	341
18P3R3A11_00978	31P2R1A5_04088	95.858	169	7	0	1	169	1	169	1.19e-120	337
18P3R3A11_00979	18P3R3A11_00979	100.000	291	0	0	1	291	1	291	0.0	598
18P3R3A11_00979	38P2R3A13_00235	97.251	291	8	0	1	291	1	291	0.0	586
18P3R3A11_00980	18P3R3A11_00980	100.000	468	0	0	1	468	1	468	0.0	949
18P3R3A11_00980	38P2R3A13_00236	95.513	468	21	0	1	468	1	468	0.0	917
18P3R3A11_00980	38P2R3A13_05142	95.299	468	22	0	1	468	1	468	0.0	914
18P3R3A11_00981	18P3R3A11_00981	100.000	337	0	0	1	337	1	337	0.0	665
18P3R3A11_00982	18P3R3A11_00982	100.000	542	0	0	1	542	1	542	0.0	1122
18P3R3A11_00983	18P3R3A11_00983	100.000	329	0	0	1	329	1	329	0.0	674
18P3R3A11_00984	18P3R3A11_00984	100.000	171	0	0	1	171	1	171	6.04e-124	345
18P3R3A11_00985	18P3R3A11_00985	100.000	149	0	0	1	149	1	149	4.78e-105	296
18P3R3A11_00986	18P3R3A11_00986	100.000	171	0	0	1	171	1	171	2.08e-125	349
18P3R3A11_00987	18P3R3A11_00987	100.000	130	0	0	1	130	1	130	2.61e-91	259
18P3R3A11_00988	18P3R3A11_00988	100.000	295	0	0	1	295	1	295	0.0	604
18P3R3A11_00989	18P3R3A11_00989	100.000	661	0	0	1	661	1	661	0.0	1365
18P3R3A11_00990	18P3R3A11_00990	100.000	133	0	0	1	133	1	133	1.92e-94	268
18P3R3A11_00991	18P3R3A11_00991	100.000	205	0	0	1	205	1	205	1.56e-151	418
18P3R3A11_00992	18P3R3A11_00992	100.000	210	0	0	1	210	1	210	2.04e-152	421
18P3R3A11_00993	18P3R3A11_00993	100.000	392	0	0	1	392	1	392	0.0	809
18P3R3A11_00993	37P2R3-2A1_02676	97.194	392	11	0	1	392	1	392	0.0	787
18P3R3A11_00994	18P3R3A11_00994	100.000	70	0	0	1	70	1	70	5.24e-46	140
18P3R3A11_00995	18P3R3A11_00995	100.000	136	0	0	1	136	1	136	5.80e-97	275
18P3R3A11_00996	18P3R3A11_00996	100.000	167	0	0	1	167	1	167	4.76e-118	330
18P3R3A11_00997	18P3R3A11_00997	100.000	87	0	0	1	87	1	87	2.05e-60	178
18P3R3A11_00999	18P3R3A11_00999	100.000	242	0	0	1	242	1	242	1.33e-179	492
18P3R3A11_00999	56P2R2A4_03369	95.436	241	11	0	2	242	8	248	6.95e-162	447
18P3R3A11_00999	38P2R3A13_05997	95.021	241	12	0	2	242	8	248	1.23e-159	442
18P3R3A11_01000	18P3R3A11_01000	100.000	181	0	0	1	181	1	181	3.54e-136	377
18P3R3A11_01001	18P3R3A11_01001	100.000	506	0	0	1	506	1	506	0.0	1038
18P3R3A11_01001	31P2R1A5_02387	95.059	506	25	0	1	506	1	506	0.0	998
18P3R3A11_01001	38P2R3A13_05923	96.429	196	7	0	311	506	1	196	3.33e-133	384
18P3R3A11_01002	18P3R3A11_01002	100.000	294	0	0	1	294	1	294	0.0	606
18P3R3A11_01002	38P2R3A13_05994	97.619	294	7	0	1	294	1	294	0.0	593
18P3R3A11_01002	54P2R2A3_04472	96.939	294	9	0	1	294	28	321	0.0	590
18P3R3A11_01002	44P3R3A6_02543	96.939	294	9	0	1	294	1	294	0.0	590
18P3R3A11_01002	42P1R1A12_03868	96.939	294	9	0	1	294	1	294	0.0	589
18P3R3A11_01002	31P2R1A5_02388	96.939	294	9	0	1	294	7	300	0.0	588
18P3R3A11_01002	10P3R2A13_01803	96.599	294	10	0	1	294	1	294	0.0	587
18P3R3A11_01003	18P3R3A11_01003	100.000	578	0	0	1	578	1	578	0.0	1168
18P3R3A11_01003	38P2R3A13_05993	96.540	578	20	0	1	578	1	578	0.0	1132
18P3R3A11_01003	38P2R3A13_08162	95.502	578	26	0	1	578	1	578	0.0	1103
18P3R3A11_01004	18P3R3A11_01004	100.000	238	0	0	1	238	1	238	1.20e-180	494
18P3R3A11_01004	38P2R3A13_05992	97.059	238	7	0	1	238	1	238	4.57e-175	480
18P3R3A11_01004	38P2R3A13_08161	96.639	238	8	0	1	238	1	238	1.78e-174	479
18P3R3A11_01005	18P3R3A11_01005	100.000	299	0	0	1	299	1	299	0.0	599
18P3R3A11_01005	38P2R3A13_05991	97.324	299	8	0	1	299	1	299	0.0	583
18P3R3A11_01005	38P2R3A13_08160	96.656	299	10	0	1	299	1	299	0.0	580
18P3R3A11_01006	18P3R3A11_01006	100.000	174	0	0	1	174	1	174	1.03e-126	353
18P3R3A11_01006	38P2R3A13_05990	95.977	174	7	0	1	174	1	174	5.29e-123	343
18P3R3A11_01006	38P2R3A13_08159	95.402	174	8	0	1	174	1	174	3.42e-122	341
18P3R3A11_01007	18P3R3A11_01007	100.000	137	0	0	1	137	1	137	2.32e-93	265
18P3R3A11_01008	18P3R3A11_01008	100.000	89	0	0	1	89	1	89	1.16e-62	184
18P3R3A11_01008	38P2R3A13_08157	98.630	73	1	0	17	89	1	73	2.30e-48	147
18P3R3A11_01009	18P3R3A11_01009	100.000	327	0	0	1	327	1	327	0.0	666
18P3R3A11_01010	18P3R3A11_01010	100.000	220	0	0	1	220	1	220	5.34e-155	428
18P3R3A11_01010	38P2R3A13_05986	97.727	220	5	0	1	220	1	220	3.86e-152	421
18P3R3A11_01010	31P2R1A5_02396	95.413	218	10	0	1	218	1	218	6.55e-149	413
18P3R3A11_01011	18P3R3A11_01011	100.000	244	0	0	1	244	1	244	0.0	504
18P3R3A11_01011	38P2R3A13_07694	96.721	244	8	0	1	244	1	244	2.21e-179	492
18P3R3A11_01011	38P2R3A13_05984	96.721	244	8	0	1	244	1	244	2.36e-178	489
18P3R3A11_01012	18P3R3A11_01012	100.000	478	0	0	1	478	1	478	0.0	1001
18P3R3A11_01012	38P2R3A13_07695	97.908	478	10	0	1	478	1	478	0.0	985
18P3R3A11_01012	38P2R3A13_05983	97.490	478	12	0	1	478	1	478	0.0	980
18P3R3A11_01012	31P2R1A5_02399	95.188	478	23	0	1	478	1	478	0.0	962
18P3R3A11_01013	18P3R3A11_01013	100.000	120	0	0	1	120	1	120	2.16e-81	234
18P3R3A11_01014	18P3R3A11_01014	100.000	670	0	0	1	670	1	670	0.0	1331
18P3R3A11_01015	18P3R3A11_01015	100.000	201	0	0	1	201	1	201	5.57e-149	411
18P3R3A11_01016	18P3R3A11_01016	100.000	167	0	0	1	167	1	167	1.91e-119	334
18P3R3A11_01016	37P2R3-2A1_02650	97.006	167	5	0	1	167	1	167	1.17e-116	327
18P3R3A11_01017	18P3R3A11_01017	100.000	248	0	0	1	248	1	248	0.0	504
18P3R3A11_01018	18P3R3A11_01018	100.000	958	0	0	1	958	1	958	0.0	1991
18P3R3A11_01018	38P2R3A13_07697	96.764	958	31	0	1	958	1	958	0.0	1939
18P3R3A11_01019	18P3R3A11_01019	100.000	130	0	0	1	130	1	130	4.33e-91	259
18P3R3A11_01019	47P2R3A6_01680	96.154	130	5	0	1	130	1	130	8.80e-88	251
18P3R3A11_01020	18P3R3A11_01020	100.000	365	0	0	1	365	1	365	0.0	751
18P3R3A11_01020	38P2R3A13_07960	97.808	365	8	0	1	365	1	365	0.0	736
18P3R3A11_01021	18P3R3A11_01021	100.000	401	0	0	1	401	1	401	0.0	821
18P3R3A11_01021	38P2R3A13_05978	97.257	401	11	0	1	401	1	401	0.0	802
18P3R3A11_01021	38P2R3A13_07959	96.259	401	15	0	1	401	1	401	0.0	795
18P3R3A11_01022	18P3R3A11_01022	100.000	393	0	0	1	393	1	393	0.0	800
18P3R3A11_01022	38P2R3A13_05977	96.183	393	15	0	1	393	1	393	0.0	775
18P3R3A11_01023	18P3R3A11_01023	100.000	440	0	0	1	440	1	440	0.0	905
18P3R3A11_01023	38P2R3A13_05976	95.682	440	19	0	1	440	1	440	0.0	873
18P3R3A11_01024	18P3R3A11_01024	100.000	195	0	0	1	195	1	195	1.59e-144	399
18P3R3A11_01024	38P2R3A13_05975	97.409	193	5	0	3	195	1	193	7.75e-140	387
18P3R3A11_01024	47P2R3A6_01675	95.385	195	9	0	1	195	1	195	8.17e-130	362
18P3R3A11_01024	38P2R3A13_07956	97.500	80	2	0	116	195	1	80	1.09e-50	158
18P3R3A11_01025	18P3R3A11_01025	100.000	110	0	0	1	110	1	110	4.94e-77	222
18P3R3A11_01025	42P1R1A12_03840	95.455	110	5	0	1	110	1	110	2.48e-72	210
18P3R3A11_01026	18P3R3A11_01026	100.000	199	0	0	1	199	1	199	5.41e-147	406
18P3R3A11_01026	37P2R3-2A1_02640	97.487	199	5	0	1	199	1	199	6.35e-144	398
18P3R3A11_01026	38P2R3A13_04801	95.980	199	8	0	1	199	1	199	2.50e-118	333
18P3R3A11_01027	18P3R3A11_01027	100.000	411	0	0	1	411	1	411	0.0	837
18P3R3A11_01027	38P2R3A13_07820	97.324	411	11	0	1	411	1	411	0.0	819
18P3R3A11_01028	18P3R3A11_01028	100.000	220	0	0	1	220	1	220	1.54e-158	437
18P3R3A11_01028	38P2R3A13_07821	96.364	220	8	0	1	220	1	220	1.89e-154	427
18P3R3A11_01028	31P2R1A5_02415	97.727	220	5	0	1	220	1	220	3.09e-154	426
18P3R3A11_01028	10P3R2A13_01825	96.364	220	8	0	1	220	1	220	5.59e-153	423
18P3R3A11_01028	42P1R1A12_03837	96.364	220	8	0	1	220	1	220	6.24e-153	423
18P3R3A11_01029	18P3R3A11_01029	100.000	298	0	0	1	298	1	298	0.0	607
18P3R3A11_01029	31P2R1A5_02416	95.302	298	14	0	1	298	1	298	0.0	584
18P3R3A11_01029	10P3R2A13_01827	95.302	298	14	0	1	298	1	298	0.0	582
18P3R3A11_01030	18P3R3A11_01030	100.000	244	0	0	1	244	1	244	2.94e-178	489
18P3R3A11_01030	38P2R3A13_04805	96.639	238	8	0	1	238	1	238	3.64e-160	443
18P3R3A11_01030	38P2R3A13_07823	97.391	230	6	0	1	230	1	230	5.30e-154	428
18P3R3A11_01031	18P3R3A11_01031	100.000	212	0	0	1	212	1	212	3.82e-152	420
18P3R3A11_01031	38P2R3A13_07824	97.980	198	4	0	15	212	1	198	3.53e-139	387
18P3R3A11_01032	18P3R3A11_01032	100.000	285	0	0	1	285	1	285	0.0	558
18P3R3A11_01032	38P2R3A13_07825	97.895	285	6	0	1	285	1	285	0.0	546
18P3R3A11_01033	18P3R3A11_01033	100.000	360	0	0	1	360	1	360	0.0	748
18P3R3A11_01033	10P3R2A13_04046	95.556	360	16	0	1	360	1	360	0.0	723
18P3R3A11_01034	18P3R3A11_01034	100.000	388	0	0	1	388	1	388	0.0	776
18P3R3A11_01034	47P2R3A6_01665	97.680	388	9	0	1	388	1	388	0.0	761
18P3R3A11_01034	31P2R1A5_02421	97.680	388	9	0	1	388	1	388	0.0	759
18P3R3A11_01034	10P3R2A13_04045	95.876	388	16	0	1	388	1	388	0.0	748
18P3R3A11_01035	18P3R3A11_01035	100.000	340	0	0	1	340	1	340	0.0	698
18P3R3A11_01035	38P2R3A13_04810	97.941	340	7	0	1	340	1	340	0.0	687
18P3R3A11_01035	10P3R2A13_04044	95.294	340	16	0	1	340	1	340	0.0	668
18P3R3A11_01036	18P3R3A11_01036	100.000	664	0	0	1	664	1	664	0.0	1375
18P3R3A11_01036	42P1R1A12_03819	97.440	664	17	0	1	664	1	664	0.0	1348
18P3R3A11_01036	10P3R2A13_04032	96.084	664	26	0	1	664	1	664	0.0	1331
18P3R3A11_01036	31P2R1A5_05321	96.610	649	22	0	16	664	1	649	0.0	1308
18P3R3A11_01036	38P2R3A13_08686	99.038	208	2	0	457	664	1	208	2.59e-146	423
18P3R3A11_01037	18P3R3A11_01037	100.000	253	0	0	1	253	1	253	0.0	517
18P3R3A11_01038	18P3R3A11_01038	100.000	423	0	0	1	423	1	423	0.0	855
18P3R3A11_01038	38P2R3A13_04813	95.745	423	18	0	1	423	1	423	0.0	807
18P3R3A11_01039	18P3R3A11_01039	100.000	547	0	0	1	547	1	547	0.0	1111
18P3R3A11_01040	18P3R3A11_01040	100.000	490	0	0	1	490	1	490	0.0	997
18P3R3A11_01040	37P2R3-2A1_02626	97.551	490	12	0	1	490	1	490	0.0	973
18P3R3A11_01041	18P3R3A11_01041	100.000	257	0	0	1	257	1	257	0.0	513
18P3R3A11_01042	18P3R3A11_01042	100.000	265	0	0	1	265	1	265	0.0	543
18P3R3A11_01043	18P3R3A11_01043	100.000	257	0	0	1	257	1	257	0.0	523
18P3R3A11_01043	37P2R3-2A1_02623	97.276	257	7	0	1	257	1	257	0.0	511
18P3R3A11_01044	18P3R3A11_01044	100.000	177	0	0	1	177	1	177	2.32e-134	372
18P3R3A11_01044	38P2R3A13_06355	95.480	177	8	0	1	177	1	177	3.68e-128	357
18P3R3A11_01045	18P3R3A11_01045	100.000	419	0	0	1	419	1	419	0.0	837
18P3R3A11_01046	18P3R3A11_01046	100.000	396	0	0	1	396	1	396	0.0	806
18P3R3A11_01046	37P2R3-2A1_02620	96.717	396	13	0	1	396	1	396	0.0	778
18P3R3A11_01047	18P3R3A11_01047	100.000	309	0	0	1	309	1	309	0.0	641
18P3R3A11_01048	18P3R3A11_01048	100.000	264	0	0	1	264	1	264	0.0	539
18P3R3A11_01048	38P2R3A13_06359	96.958	263	8	0	2	264	1	263	0.0	525
18P3R3A11_01049	18P3R3A11_01049	100.000	250	0	0	1	250	1	250	0.0	506
18P3R3A11_01049	37P2R3-2A1_02617	98.000	250	5	0	1	250	1	250	0.0	496
18P3R3A11_01050	18P3R3A11_01050	100.000	341	0	0	1	341	1	341	0.0	714
18P3R3A11_01050	38P2R3A13_06361	96.481	341	12	0	1	341	1	341	0.0	692
18P3R3A11_01050	54P2R2A3_00891	95.308	341	16	0	1	341	1	341	0.0	684
18P3R3A11_01051	18P3R3A11_01051	100.000	103	0	0	1	103	1	103	2.08e-73	212
18P3R3A11_01052	18P3R3A11_01052	100.000	108	0	0	1	108	1	108	2.46e-77	223
18P3R3A11_01053	18P3R3A11_01053	100.000	404	0	0	1	404	1	404	0.0	793
18P3R3A11_01055	18P3R3A11_01055	100.000	659	0	0	1	659	1	659	0.0	1370
18P3R3A11_01056	18P3R3A11_01056	100.000	385	0	0	1	385	1	385	0.0	795
18P3R3A11_01056	42P1R1A12_03815	97.922	385	8	0	1	385	1	385	0.0	784
18P3R3A11_01056	10P3R2A13_04019	97.922	385	8	0	1	385	1	385	0.0	784
18P3R3A11_01057	18P3R3A11_01057	100.000	466	0	0	1	466	1	466	0.0	940
18P3R3A11_01057	38P2R3A13_04817	97.854	466	10	0	1	466	1	466	0.0	926
18P3R3A11_01057	10P3R2A13_04018	96.137	466	17	1	1	466	1	465	0.0	908
18P3R3A11_01058	18P3R3A11_01058	100.000	152	0	0	1	152	1	152	1.48e-111	313
18P3R3A11_01058	47P2R3A6_01641	98.026	152	3	0	1	152	15	166	1.45e-109	308
18P3R3A11_01058	38P2R3A13_04818	96.053	152	6	0	1	152	1	152	1.71e-107	302
18P3R3A11_01059	18P3R3A11_01059	100.000	236	0	0	1	236	1	236	3.08e-180	493
18P3R3A11_01059	56P2R2A4_03327	97.881	236	5	0	1	236	1	236	1.06e-177	487
18P3R3A11_01059	38P2R3A13_07457	96.610	236	8	0	1	236	1	236	9.40e-176	482
18P3R3A11_01060	18P3R3A11_01060	100.000	244	0	0	1	244	1	244	0.0	497
18P3R3A11_01060	38P2R3A13_07456	97.131	244	7	0	1	244	1	244	2.03e-177	487
18P3R3A11_01061	18P3R3A11_01061	100.000	316	0	0	1	316	1	316	0.0	648
18P3R3A11_01062	18P3R3A11_01062	100.000	187	0	0	1	187	1	187	1.77e-137	381
18P3R3A11_01063	18P3R3A11_01063	100.000	139	0	0	1	139	1	139	2.38e-100	283
18P3R3A11_01064	18P3R3A11_01064	100.000	327	0	0	1	327	1	327	0.0	660
18P3R3A11_01064	37P2R3-2A1_02602	97.859	327	7	0	1	327	1	327	0.0	649
18P3R3A11_01065	18P3R3A11_01065	100.000	234	0	0	1	234	1	234	2.05e-175	481
18P3R3A11_01065	38P2R3A13_04825	95.299	234	11	0	1	234	1	234	2.50e-167	460
18P3R3A11_01066	18P3R3A11_01066	100.000	189	0	0	1	189	1	189	9.66e-131	364
18P3R3A11_01066	56P2R2A4_03320	97.884	189	4	0	1	189	1	189	8.40e-129	359
18P3R3A11_01066	47P2R3A6_01633	96.825	189	6	0	1	189	1	189	1.60e-128	358
18P3R3A11_01067	18P3R3A11_01067	100.000	99	0	0	1	99	1	99	1.10e-68	200
18P3R3A11_01067	38P2R3A13_04827	96.970	99	3	0	1	99	1	99	2.09e-66	194
18P3R3A11_01067	56P2R2A4_03319	96.970	99	3	0	1	99	1	99	4.30e-66	194
18P3R3A11_01068	18P3R3A11_01068	100.000	198	0	0	1	198	1	198	1.07e-145	403
18P3R3A11_01068	38P2R3A13_04828	97.980	198	4	0	1	198	1	198	1.15e-143	397
18P3R3A11_01069	18P3R3A11_01069	100.000	381	0	0	1	381	1	381	0.0	787
18P3R3A11_01069	38P2R3A13_04829	97.638	381	9	0	1	381	1	381	0.0	769
18P3R3A11_01069	38P2R3A13_08296	96.588	381	13	0	1	381	1	381	0.0	759
18P3R3A11_01070	18P3R3A11_01070	100.000	121	0	0	1	121	1	121	1.24e-87	249
18P3R3A11_01070	37P2R3-2A1_02596	96.694	121	4	0	1	121	1	121	8.96e-85	243
18P3R3A11_01071	18P3R3A11_01071	100.000	239	0	0	1	239	1	239	7.96e-178	487
18P3R3A11_01072	18P3R3A11_01072	100.000	109	0	0	1	109	1	109	1.11e-77	224
18P3R3A11_01072	38P2R3A13_08293	97.248	109	3	0	1	109	1	109	3.00e-76	220
18P3R3A11_01073	18P3R3A11_01073	100.000	240	0	0	1	240	1	240	0.0	499
18P3R3A11_01073	38P2R3A13_04833	96.667	240	8	0	1	240	1	240	7.79e-178	488
18P3R3A11_01073	47P2R3A6_01626	95.833	240	10	0	1	240	1	240	2.14e-176	484
18P3R3A11_01073	38P2R3A13_08292	97.561	123	3	0	118	240	1	123	1.30e-87	255
18P3R3A11_01074	18P3R3A11_01074	100.000	353	0	0	1	353	1	353	0.0	738
18P3R3A11_01074	56P2R2A4_03312	97.450	353	9	0	1	353	1	353	0.0	721
18P3R3A11_01074	38P2R3A13_04834	97.450	353	9	0	1	353	1	353	0.0	718
18P3R3A11_01074	38P2R3A13_08402	96.317	353	13	0	1	353	1	353	0.0	712
18P3R3A11_01075	18P3R3A11_01075	100.000	91	0	0	1	91	1	91	4.22e-65	190
18P3R3A11_01075	38P2R3A13_08401	95.604	91	4	0	1	91	1	91	1.21e-62	184
18P3R3A11_01076	18P3R3A11_01076	100.000	360	0	0	1	360	1	360	0.0	741
18P3R3A11_01076	38P2R3A13_04836	97.222	360	10	0	1	360	1	360	0.0	730
18P3R3A11_01077	18P3R3A11_01077	100.000	419	0	0	1	419	1	419	0.0	845
18P3R3A11_01077	38P2R3A13_04837	97.613	419	10	0	1	419	1	419	0.0	828
18P3R3A11_01077	38P2R3A13_08015	97.794	136	3	0	284	419	1	136	4.31e-92	273
18P3R3A11_01078	18P3R3A11_01078	100.000	268	0	0	1	268	1	268	0.0	545
18P3R3A11_01078	37P2R3-2A1_02588	97.015	268	8	0	1	268	1	268	0.0	529
18P3R3A11_01078	38P2R3A13_04838	95.522	268	12	0	1	268	1	268	0.0	520
18P3R3A11_01079	18P3R3A11_01079	100.000	180	0	0	1	180	1	180	1.00e-131	366
18P3R3A11_01079	38P2R3A13_04839	96.667	180	6	0	1	180	1	180	2.73e-128	357
18P3R3A11_01079	37P2R3-2A1_02587	96.667	180	6	0	1	180	1	180	3.84e-128	357
18P3R3A11_01080	18P3R3A11_01080	100.000	506	0	0	1	506	1	506	0.0	1035
18P3R3A11_01080	38P2R3A13_08018	96.640	506	17	0	1	506	1	506	0.0	1006
18P3R3A11_01081	18P3R3A11_01081	100.000	292	0	0	1	292	1	292	0.0	590
18P3R3A11_01081	38P2R3A13_08019	97.603	292	7	0	1	292	1	292	0.0	574
18P3R3A11_01082	18P3R3A11_01082	100.000	98	0	0	1	98	1	98	7.88e-67	195
18P3R3A11_01082	38P2R3A13_04842	97.959	98	2	0	1	98	1	98	3.60e-65	191
18P3R3A11_01083	18P3R3A11_01083	100.000	341	0	0	1	341	1	341	0.0	703
18P3R3A11_01083	56P2R2A4_03303	97.947	341	7	0	1	341	1	341	0.0	693
18P3R3A11_01083	37P2R3-2A1_02583	97.947	341	7	0	1	341	1	341	0.0	689
18P3R3A11_01084	18P3R3A11_01084	100.000	288	0	0	1	288	1	288	0.0	598
18P3R3A11_01084	56P2R2A4_03302	97.569	288	7	0	1	288	1	288	0.0	587
18P3R3A11_01084	47P2R3A6_01615	96.528	288	10	0	1	288	1	288	0.0	583
18P3R3A11_01085	18P3R3A11_01085	100.000	454	0	0	1	454	1	454	0.0	903
18P3R3A11_01085	38P2R3A13_05973	97.357	454	12	0	1	454	1	454	0.0	885
18P3R3A11_01086	18P3R3A11_01086	100.000	546	0	0	1	546	1	546	0.0	1110
18P3R3A11_01087	18P3R3A11_01087	100.000	233	0	0	1	233	1	233	2.15e-177	486
18P3R3A11_01088	18P3R3A11_01088	100.000	712	0	0	1	712	1	712	0.0	1484
18P3R3A11_01089	18P3R3A11_01089	100.000	238	0	0	1	238	1	238	4.46e-168	462
18P3R3A11_01089	38P2R3A13_05969	97.479	238	6	0	1	238	1	238	1.31e-163	451
18P3R3A11_01089	56P2R2A4_03297	97.071	239	6	1	1	238	1	239	4.56e-162	447
18P3R3A11_01089	38P2R3A13_04849	96.653	239	7	1	1	238	1	239	6.26e-162	447
18P3R3A11_01091	18P3R3A11_01091	100.000	164	0	0	1	164	1	164	7.46e-120	335
18P3R3A11_01092	18P3R3A11_01092	100.000	98	0	0	1	98	1	98	2.43e-64	189
18P3R3A11_01093	18P3R3A11_01093	100.000	593	0	0	1	593	1	593	0.0	1214
18P3R3A11_01094	18P3R3A11_01094	100.000	211	0	0	1	211	1	211	4.31e-158	435
18P3R3A11_01095	18P3R3A11_01095	100.000	105	0	0	1	105	1	105	1.24e-72	211
18P3R3A11_01095	38P2R3A13_04045	96.190	105	4	0	1	105	1	105	3.23e-70	204
18P3R3A11_01096	18P3R3A11_01096	100.000	1006	0	0	1	1006	1	1006	0.0	1998
18P3R3A11_01097	18P3R3A11_01097	100.000	179	0	0	1	179	1	179	2.14e-130	362
18P3R3A11_01098	18P3R3A11_01098	100.000	827	0	0	1	827	1	827	0.0	1676
18P3R3A11_01098	56P2R2A4_03292	95.163	827	40	0	1	827	1	827	0.0	1582
18P3R3A11_01099	18P3R3A11_01099	100.000	646	0	0	1	646	1	646	0.0	1321
18P3R3A11_01099	56P2R2A4_03291	97.059	646	19	0	1	646	1	646	0.0	1290
18P3R3A11_01099	38P2R3A13_04585	96.594	646	22	0	1	646	1	646	0.0	1281
18P3R3A11_01100	18P3R3A11_01100	100.000	444	0	0	1	444	1	444	0.0	897
18P3R3A11_01100	38P2R3A13_04586	97.738	442	10	0	1	442	1	442	0.0	879
18P3R3A11_01101	18P3R3A11_01101	100.000	145	0	0	1	145	1	145	7.88e-105	295
18P3R3A11_01101	38P2R3A13_04587	97.241	145	4	0	1	145	1	145	1.62e-101	287
18P3R3A11_01101	37P2R3-2A1_02565	96.552	145	5	0	1	145	1	145	1.21e-100	285
18P3R3A11_01102	18P3R3A11_01102	100.000	622	0	0	1	622	1	622	0.0	1291
18P3R3A11_01102	38P2R3A13_05961	96.769	619	20	0	1	619	1	619	0.0	1254
18P3R3A11_01103	18P3R3A11_01103	100.000	289	0	0	1	289	1	289	0.0	598
18P3R3A11_01103	38P2R3A13_05960	96.207	290	10	1	1	289	1	290	0.0	576
18P3R3A11_01104	18P3R3A11_01104	100.000	111	0	0	1	111	1	111	1.60e-66	196
18P3R3A11_01105	18P3R3A11_01105	100.000	239	0	0	1	239	1	239	2.23e-178	489
18P3R3A11_01106	18P3R3A11_01106	100.000	515	0	0	1	515	1	515	0.0	1031
18P3R3A11_01106	38P2R3A13_04603	95.736	516	21	1	1	515	1	516	0.0	957
18P3R3A11_01107	18P3R3A11_01107	100.000	347	0	0	1	347	1	347	0.0	716
18P3R3A11_01108	18P3R3A11_01108	100.000	163	0	0	1	163	1	163	5.31e-115	322
18P3R3A11_01108	38P2R3A13_04604	95.092	163	8	0	1	163	1	163	1.08e-109	309
18P3R3A11_01109	18P3R3A11_01109	100.000	168	0	0	1	168	1	168	4.16e-125	348
18P3R3A11_01109	38P2R3A13_04605	97.619	168	4	0	1	168	1	168	1.51e-122	342
18P3R3A11_01109	38P2R3A13_05955	96.429	168	6	0	1	168	1	168	2.96e-120	336
18P3R3A11_01110	18P3R3A11_01110	100.000	135	0	0	1	135	1	135	6.46e-98	277
18P3R3A11_01111	18P3R3A11_01111	100.000	155	0	0	1	155	1	155	4.66e-113	317
18P3R3A11_01111	37P2R3-2A1_02549	98.000	150	3	0	6	155	1	150	7.12e-106	298
18P3R3A11_01112	18P3R3A11_01112	100.000	142	0	0	1	142	1	142	6.91e-102	287
18P3R3A11_01112	38P2R3A13_05952	97.887	142	3	0	1	142	1	142	3.80e-100	283
18P3R3A11_01112	38P2R3A13_04608	96.479	142	5	0	1	142	1	142	6.60e-98	277
18P3R3A11_01113	18P3R3A11_01113	100.000	244	0	0	1	244	1	244	6.19e-179	491
18P3R3A11_01113	38P2R3A13_04609	97.541	244	6	0	1	244	1	244	5.57e-176	483
18P3R3A11_01113	38P2R3A13_05951	95.902	244	10	0	1	244	1	244	2.46e-173	476
18P3R3A11_01114	18P3R3A11_01114	100.000	396	0	0	1	396	1	396	0.0	820
18P3R3A11_01114	38P2R3A13_04610	97.222	396	11	0	1	396	1	396	0.0	807
18P3R3A11_01114	38P2R3A13_05502	97.222	396	11	0	1	396	1	396	0.0	803
18P3R3A11_01115	18P3R3A11_01115	100.000	220	0	0	1	220	1	220	2.16e-160	442
18P3R3A11_01116	18P3R3A11_01116	100.000	300	0	0	1	300	1	300	0.0	618
18P3R3A11_01116	38P2R3A13_04612	97.667	300	7	0	1	300	1	300	0.0	605
18P3R3A11_01116	38P2R3A13_05504	95.333	300	14	0	1	300	1	300	0.0	560
18P3R3A11_01117	18P3R3A11_01117	100.000	388	0	0	1	388	1	388	0.0	790
18P3R3A11_01117	38P2R3A13_05505	97.423	388	10	0	1	388	1	388	0.0	775
18P3R3A11_01118	18P3R3A11_01118	100.000	276	0	0	1	276	1	276	0.0	561
18P3R3A11_01118	38P2R3A13_04614	97.464	276	7	0	1	276	1	276	0.0	551
18P3R3A11_01118	38P2R3A13_05506	96.014	276	11	0	1	276	1	276	0.0	545
18P3R3A11_01120	18P3R3A11_01120	100.000	492	0	0	1	492	1	492	0.0	991
18P3R3A11_01121	18P3R3A11_01121	100.000	471	0	0	1	471	1	471	0.0	954
18P3R3A11_01121	38P2R3A13_04617	97.240	471	13	0	1	471	1	471	0.0	933
18P3R3A11_01121	38P2R3A13_05509	96.603	471	16	0	1	471	1	471	0.0	932
18P3R3A11_01122	18P3R3A11_01122	100.000	246	0	0	1	246	1	246	0.0	506
18P3R3A11_01122	38P2R3A13_04618	97.967	246	5	0	1	246	1	246	0.0	498
18P3R3A11_01122	38P2R3A13_05510	96.311	244	9	0	1	244	1	244	3.14e-179	491
18P3R3A11_01123	18P3R3A11_01123	100.000	753	0	0	1	753	1	753	0.0	1541
18P3R3A11_01123	38P2R3A13_05511	97.742	753	17	0	1	753	1	753	0.0	1513
18P3R3A11_01124	18P3R3A11_01124	100.000	146	0	0	1	146	1	146	7.03e-106	298
18P3R3A11_01124	38P2R3A13_04620	95.205	146	7	0	1	146	1	146	1.39e-94	269
18P3R3A11_01125	18P3R3A11_01125	100.000	220	0	0	1	220	1	220	1.70e-159	439
18P3R3A11_01126	18P3R3A11_01126	100.000	446	0	0	1	446	1	446	0.0	895
18P3R3A11_01127	18P3R3A11_01127	100.000	194	0	0	1	194	1	194	7.64e-145	400
18P3R3A11_01127	56P2R2A4_03259	97.938	194	4	0	1	194	1	194	9.87e-143	395
18P3R3A11_01127	38P2R3A13_05515	96.392	194	7	0	1	194	1	194	6.25e-141	390
18P3R3A11_01128	18P3R3A11_01128	100.000	105	0	0	1	105	1	105	8.21e-74	213
18P3R3A11_01128	37P2R3-2A1_02532	100.000	101	0	0	1	101	1	101	3.15e-71	207
18P3R3A11_01129	18P3R3A11_01129	100.000	147	0	0	1	147	1	147	2.10e-106	299
18P3R3A11_01129	37P2R3-2A1_02531	95.270	148	6	1	1	147	1	148	1.52e-99	282
18P3R3A11_01130	18P3R3A11_01130	100.000	396	0	0	1	396	1	396	0.0	822
18P3R3A11_01131	18P3R3A11_01131	100.000	422	0	0	1	422	1	422	0.0	851
18P3R3A11_01131	38P2R3A13_05518	95.024	422	21	0	1	422	1	422	0.0	816
18P3R3A11_01132	18P3R3A11_01132	100.000	605	0	0	1	605	1	605	0.0	1253
18P3R3A11_01133	18P3R3A11_01133	100.000	280	0	0	1	280	1	280	0.0	583
18P3R3A11_01134	18P3R3A11_01134	100.000	292	0	0	1	292	1	292	0.0	595
18P3R3A11_01135	18P3R3A11_01135	100.000	317	0	0	1	317	1	317	0.0	645
18P3R3A11_01136	18P3R3A11_01136	100.000	347	0	0	1	347	1	347	0.0	661
18P3R3A11_01137	18P3R3A11_01137	100.000	328	0	0	1	328	1	328	0.0	619
18P3R3A11_01138	18P3R3A11_01138	100.000	271	0	0	1	271	1	271	0.0	555
18P3R3A11_01139	18P3R3A11_01139	100.000	749	0	0	1	749	1	749	0.0	1540
18P3R3A11_01139	38P2R3A13_04630	95.658	714	27	1	40	749	1	714	0.0	1400
18P3R3A11_01139	56P2R2A4_03252	95.378	714	29	1	40	749	1	714	0.0	1366
18P3R3A11_01140	18P3R3A11_01140	100.000	87	0	0	1	87	1	87	5.56e-57	169
18P3R3A11_01140	38P2R3A13_01124	98.851	87	1	0	1	87	966	1052	1.90e-51	172
18P3R3A11_01140	37P2R3-2A1_01467	100.000	79	0	0	1	79	966	1044	2.31e-47	160
18P3R3A11_01140	38P2R3A13_04563	96.203	79	3	0	1	79	966	1044	2.35e-45	154
18P3R3A11_01141	18P3R3A11_01141	100.000	374	0	0	1	374	1	374	0.0	778
18P3R3A11_01141	38P2R3A13_04564	96.524	374	13	0	1	374	1	374	0.0	758
18P3R3A11_01142	18P3R3A11_01142	100.000	297	0	0	1	297	1	297	0.0	589
18P3R3A11_01143	18P3R3A11_01143	100.000	145	0	0	1	145	1	145	3.92e-103	291
18P3R3A11_01144	18P3R3A11_01144	100.000	157	0	0	1	157	1	157	1.79e-113	318
18P3R3A11_01144	37P2R3-2A1_01472	100.000	49	0	0	1	49	1	49	4.34e-29	104
18P3R3A11_01145	18P3R3A11_01145	100.000	265	0	0	1	265	1	265	0.0	546
18P3R3A11_01145	38P2R3A13_01121	96.981	265	8	0	1	265	1	265	0.0	533
18P3R3A11_01146	18P3R3A11_01146	100.000	656	0	0	1	656	1	656	0.0	1314
18P3R3A11_01146	37P2R3-2A1_01474	97.409	656	17	0	1	656	1	656	0.0	1281
18P3R3A11_01147	18P3R3A11_01147	100.000	72	0	0	1	72	1	72	1.78e-44	137
18P3R3A11_01147	37P2R3-2A1_01475	97.222	72	2	0	1	72	8	79	7.78e-43	133
18P3R3A11_01148	18P3R3A11_01148	100.000	288	0	0	1	288	1	288	0.0	578
18P3R3A11_01148	37P2R3-2A1_01476	97.917	288	6	0	1	288	1	288	0.0	566
18P3R3A11_01148	38P2R3A13_01118	96.516	287	10	0	1	287	1	287	0.0	558
18P3R3A11_01149	18P3R3A11_01149	100.000	146	0	0	1	146	1	146	4.41e-108	303
18P3R3A11_01149	37P2R3-2A1_01477	96.575	146	5	0	1	146	1	146	3.68e-96	273
18P3R3A11_01150	18P3R3A11_01150	100.000	1413	0	0	1	1413	1	1413	0.0	2895
18P3R3A11_01151	18P3R3A11_01151	100.000	189	0	0	1	189	1	189	6.72e-138	382
18P3R3A11_01151	37P2R3-2A1_01479	97.561	123	3	0	67	189	1	123	9.71e-84	243
18P3R3A11_01152	18P3R3A11_01152	100.000	195	0	0	1	195	1	195	1.29e-139	387
18P3R3A11_01153	18P3R3A11_01153	100.000	129	0	0	1	129	1	129	6.00e-93	264
18P3R3A11_01154	18P3R3A11_01154	100.000	53	0	0	1	53	1	53	1.02e-32	106
18P3R3A11_01155	18P3R3A11_01155	100.000	197	0	0	1	197	1	197	4.39e-148	409
18P3R3A11_01156	18P3R3A11_01156	100.000	152	0	0	1	152	1	152	3.79e-109	306
18P3R3A11_01157	18P3R3A11_01157	100.000	294	0	0	1	294	1	294	0.0	601
18P3R3A11_01157	37P2R3-2A1_01488	97.619	294	7	0	1	294	1	294	0.0	586
18P3R3A11_01157	38P2R3A13_01106	95.578	294	13	0	1	294	1	294	0.0	551
18P3R3A11_01158	18P3R3A11_01158	100.000	260	0	0	1	260	1	260	0.0	542
18P3R3A11_01158	38P2R3A13_04009	95.385	260	12	0	1	260	2	261	0.0	521
18P3R3A11_01159	18P3R3A11_01159	100.000	560	0	0	1	560	1	560	0.0	1139
18P3R3A11_01159	38P2R3A13_04008	97.143	560	16	0	1	560	1	560	0.0	1105
18P3R3A11_01160	18P3R3A11_01160	100.000	257	0	0	1	257	1	257	0.0	521
18P3R3A11_01160	38P2R3A13_01103	97.665	257	6	0	1	257	1	257	0.0	509
18P3R3A11_01161	18P3R3A11_01161	100.000	158	0	0	1	158	1	158	9.80e-113	316
18P3R3A11_01161	38P2R3A13_04006	96.203	158	6	0	1	158	1	158	1.47e-108	306
18P3R3A11_01162	18P3R3A11_01162	100.000	235	0	0	1	235	1	235	7.24e-174	477
18P3R3A11_01162	38P2R3A13_01101	95.319	235	11	0	1	235	1	235	1.21e-158	439
18P3R3A11_01162	56P2R2A4_00929	95.745	235	10	0	1	235	1	235	6.33e-158	437
18P3R3A11_01163	18P3R3A11_01163	100.000	279	0	0	1	279	1	279	0.0	564
18P3R3A11_01163	56P2R2A4_00930	95.341	279	13	0	1	279	1	279	0.0	543
18P3R3A11_01164	18P3R3A11_01164	100.000	278	0	0	1	278	1	278	0.0	537
18P3R3A11_01164	56P2R2A4_00931	97.842	278	6	0	1	278	1	278	0.0	527
18P3R3A11_01165	18P3R3A11_01165	100.000	338	0	0	1	338	1	338	0.0	668
18P3R3A11_01165	38P2R3A13_01098	97.929	338	7	0	1	338	1	338	0.0	655
18P3R3A11_01166	18P3R3A11_01166	100.000	523	0	0	1	523	1	523	0.0	1054
18P3R3A11_01167	18P3R3A11_01167	100.000	233	0	0	1	233	1	233	6.01e-174	477
18P3R3A11_01168	18P3R3A11_01168	100.000	555	0	0	1	555	1	555	0.0	1159
18P3R3A11_01169	18P3R3A11_01169	100.000	491	0	0	1	491	1	491	0.0	1008
18P3R3A11_01169	56P2R2A4_00941	97.352	491	13	0	1	491	1	491	0.0	985
18P3R3A11_01169	38P2R3A13_04003	96.945	491	15	0	1	491	1	491	0.0	983
18P3R3A11_01170	18P3R3A11_01170	100.000	196	0	0	1	196	1	196	2.73e-144	399
18P3R3A11_01170	38P2R3A13_01088	97.959	196	4	0	1	196	1	196	1.05e-140	390
18P3R3A11_01170	38P2R3A13_04002	96.939	196	6	0	1	196	1	196	1.11e-139	387
18P3R3A11_01171	18P3R3A11_01171	100.000	678	0	0	1	678	1	678	0.0	1388
18P3R3A11_01171	47P2R3A6_03217	97.935	678	14	0	1	678	1	678	0.0	1367
18P3R3A11_01171	10P3R2A13_00998	96.018	678	27	0	1	678	1	678	0.0	1342
18P3R3A11_01171	31P2R1A5_05039	96.313	678	25	0	1	678	1	678	0.0	1326
18P3R3A11_01171	38P2R3A13_05029	97.615	629	15	0	50	678	1	629	0.0	1263
18P3R3A11_01171	43P2R2A2_04275	97.500	40	1	0	639	678	1	40	6.08e-22	89.0
18P3R3A11_01172	18P3R3A11_01172	100.000	95	0	0	1	95	1	95	2.35e-65	191
18P3R3A11_01173	18P3R3A11_01173	100.000	150	0	0	1	150	1	150	2.46e-111	312
18P3R3A11_01173	37P2R3-2A1_01503	98.000	150	3	0	1	150	1	150	3.52e-109	306
18P3R3A11_01174	18P3R3A11_01174	100.000	167	0	0	1	167	1	167	2.90e-125	348
18P3R3A11_01175	18P3R3A11_01175	100.000	119	0	0	1	119	1	119	2.16e-85	244
18P3R3A11_01176	18P3R3A11_01176	100.000	134	0	0	1	134	1	134	1.62e-99	281
18P3R3A11_01177	18P3R3A11_01177	100.000	304	0	0	1	304	1	304	0.0	627
18P3R3A11_01178	18P3R3A11_01178	100.000	269	0	0	1	269	1	269	0.0	545
18P3R3A11_01179	18P3R3A11_01179	100.000	286	0	0	1	286	1	286	0.0	565
18P3R3A11_01180	18P3R3A11_01180	100.000	280	0	0	1	280	1	280	0.0	548
18P3R3A11_01181	18P3R3A11_01181	100.000	224	0	0	1	224	1	224	1.72e-165	455
18P3R3A11_01182	18P3R3A11_01182	100.000	748	0	0	1	748	1	748	0.0	1543
18P3R3A11_01182	38P2R3A13_01085	97.594	748	17	1	1	748	1	747	0.0	1510
18P3R3A11_01182	38P2R3A13_05022	97.071	751	18	2	1	748	1	750	0.0	1504
18P3R3A11_01183	18P3R3A11_01183	100.000	400	0	0	1	400	1	400	0.0	816
18P3R3A11_01184	18P3R3A11_01184	100.000	71	0	0	1	71	1	71	1.22e-47	145
18P3R3A11_01184	37P2R3-2A1_01514	95.775	71	3	0	1	71	1	71	1.30e-45	140
18P3R3A11_01185	18P3R3A11_01185	100.000	1286	0	0	1	1286	1	1286	0.0	2626
18P3R3A11_01185	37P2R3-2A1_01515	97.975	1284	26	0	1	1284	1	1284	0.0	2575
18P3R3A11_01187	18P3R3A11_01187	100.000	331	0	0	1	331	1	331	0.0	635
18P3R3A11_01187	56P2R2A4_00952	97.281	331	9	0	1	331	1	331	0.0	615
18P3R3A11_01187	38P2R3A13_01080	96.073	331	13	0	1	331	1	331	0.0	523
18P3R3A11_01188	18P3R3A11_01188	100.000	335	0	0	1	335	1	335	0.0	630
18P3R3A11_01188	38P2R3A13_01079	96.119	335	13	0	1	335	1	335	0.0	610
18P3R3A11_01188	38P2R3A13_05016	95.224	335	16	0	1	335	1	335	0.0	507
