18P3R3A11_02507	18P3R3A11_02507	100.000	161	0	0	1	161	1	161	5.08e-121	337
18P3R3A11_02508	18P3R3A11_02508	100.000	77	0	0	1	77	1	77	4.90e-52	156
18P3R3A11_02509	18P3R3A11_02509	100.000	115	0	0	1	115	1	115	4.59e-82	235
18P3R3A11_02510	18P3R3A11_02510	100.000	406	0	0	1	406	1	406	0.0	780
18P3R3A11_02511	18P3R3A11_02511	100.000	254	0	0	1	254	1	254	0.0	520
18P3R3A11_02512	18P3R3A11_02512	100.000	346	0	0	1	346	1	346	0.0	664
18P3R3A11_02512	56P2R2A4_02728	95.087	346	17	0	1	346	1	346	0.0	569
18P3R3A11_02513	18P3R3A11_02513	100.000	333	0	0	1	333	1	333	0.0	679
18P3R3A11_02514	18P3R3A11_02514	100.000	691	0	0	1	691	1	691	0.0	1418
18P3R3A11_02514	38P2R3A13_02024	97.974	691	14	0	1	691	1	691	0.0	1390
18P3R3A11_02514	38P2R3A13_05065	96.237	691	26	0	1	691	1	691	0.0	1365
18P3R3A11_02515	18P3R3A11_02515	100.000	337	0	0	1	337	1	337	0.0	679
18P3R3A11_02516	18P3R3A11_02516	100.000	374	0	0	1	374	1	374	0.0	776
18P3R3A11_02517	18P3R3A11_02517	100.000	91	0	0	1	91	1	91	1.10e-62	184
18P3R3A11_02517	38P2R3A13_05062	95.604	91	4	0	1	91	1	91	7.41e-61	180
18P3R3A11_02518	18P3R3A11_02518	100.000	288	0	0	1	288	1	288	0.0	596
18P3R3A11_02518	56P2R2A4_02734	96.181	288	11	0	1	288	1	288	0.0	548
18P3R3A11_02519	18P3R3A11_02519	100.000	117	0	0	1	117	1	117	2.48e-81	233
18P3R3A11_02519	38P2R3A13_02019	96.581	117	4	0	1	117	1	117	1.40e-78	226
18P3R3A11_02519	56P2R2A4_02735	95.726	117	5	0	1	117	1	117	1.76e-78	226
18P3R3A11_02520	18P3R3A11_02520	100.000	155	0	0	1	155	1	155	2.59e-116	325
18P3R3A11_02521	18P3R3A11_02521	100.000	203	0	0	1	203	1	203	5.40e-148	409
18P3R3A11_02521	38P2R3A13_05058	97.044	203	6	0	1	203	1	203	6.54e-145	401
18P3R3A11_02522	18P3R3A11_02522	100.000	605	0	0	1	605	1	605	0.0	1181
18P3R3A11_02523	18P3R3A11_02523	100.000	308	0	0	1	308	1	308	0.0	601
18P3R3A11_02523	38P2R3A13_02015	96.753	308	10	0	1	308	1	308	0.0	585
18P3R3A11_02524	18P3R3A11_02524	100.000	570	0	0	1	570	1	570	0.0	1184
18P3R3A11_02524	31P2R1A5_02134	95.614	570	25	0	1	570	1	570	0.0	1142
18P3R3A11_02524	34P3R2A10_04128	95.048	525	26	0	46	570	1	525	0.0	1048
18P3R3A11_02525	18P3R3A11_02525	100.000	181	0	0	1	181	1	181	3.58e-136	377
18P3R3A11_02525	38P2R3A13_02013	97.790	181	4	0	1	181	1	181	8.75e-133	369
18P3R3A11_02525	38P2R3A13_05054	97.238	181	5	0	1	181	1	181	3.13e-132	367
18P3R3A11_02526	18P3R3A11_02526	100.000	256	0	0	1	256	1	256	0.0	526
18P3R3A11_02526	38P2R3A13_05053	96.094	256	10	0	1	256	1	256	0.0	510
18P3R3A11_02527	18P3R3A11_02527	100.000	137	0	0	1	137	1	137	3.69e-101	285
18P3R3A11_02527	37P2R3-2A1_03652	97.810	137	3	0	1	137	1	137	2.48e-98	278
18P3R3A11_02528	18P3R3A11_02528	100.000	152	0	0	1	152	1	152	2.40e-107	302
18P3R3A11_02528	37P2R3-2A1_03651	96.711	152	5	0	1	152	1	152	1.74e-103	292
18P3R3A11_02528	38P2R3A13_02010	96.026	151	6	0	1	151	1	151	5.41e-103	291
18P3R3A11_02529	18P3R3A11_02529	100.000	475	0	0	1	475	1	475	0.0	991
18P3R3A11_02529	38P2R3A13_05050	97.463	473	12	0	1	473	1	473	0.0	965
18P3R3A11_02530	18P3R3A11_02530	100.000	484	0	0	1	484	1	484	0.0	964
18P3R3A11_02530	38P2R3A13_02008	97.521	484	12	0	1	484	1	484	0.0	939
18P3R3A11_02530	38P2R3A13_05049	95.868	484	20	0	1	484	1	484	0.0	909
18P3R3A11_02531	18P3R3A11_02531	100.000	338	0	0	1	338	1	338	0.0	698
18P3R3A11_02532	18P3R3A11_02532	100.000	182	0	0	1	182	1	182	5.17e-133	369
18P3R3A11_02532	38P2R3A13_05047	98.352	182	3	0	1	182	6	187	5.92e-132	367
18P3R3A11_02533	18P3R3A11_02533	100.000	739	0	0	1	739	1	739	0.0	1508
18P3R3A11_02533	37P2R3-2A1_03646	97.158	739	21	0	1	739	1	739	0.0	1471
18P3R3A11_02534	18P3R3A11_02534	100.000	341	0	0	1	341	1	341	0.0	678
18P3R3A11_02535	18P3R3A11_02535	100.000	378	0	0	1	378	1	378	0.0	772
18P3R3A11_02535	38P2R3A13_02003	96.296	378	14	0	1	378	1	378	0.0	744
18P3R3A11_02537	18P3R3A11_02537	100.000	505	0	0	1	505	1	505	0.0	1016
18P3R3A11_02538	18P3R3A11_02538	100.000	322	0	0	1	322	1	322	0.0	652
18P3R3A11_02539	18P3R3A11_02539	100.000	258	0	0	1	258	1	258	0.0	528
18P3R3A11_02540	18P3R3A11_02540	100.000	120	0	0	1	120	1	120	2.00e-85	244
18P3R3A11_02540	38P2R3A13_01998	96.667	120	4	0	1	120	1	120	9.31e-84	240
18P3R3A11_02541	18P3R3A11_02541	100.000	260	0	0	1	260	1	260	0.0	526
18P3R3A11_02542	18P3R3A11_02542	100.000	121	0	0	1	121	1	121	4.32e-87	248
18P3R3A11_02542	38P2R3A13_01996	97.521	121	3	0	1	121	1	121	2.57e-84	241
18P3R3A11_02543	18P3R3A11_02543	100.000	320	0	0	1	320	1	320	0.0	638
18P3R3A11_02543	38P2R3A13_05036	96.875	320	10	0	1	320	1	320	0.0	619
18P3R3A11_02544	18P3R3A11_02544	100.000	188	0	0	1	188	1	188	2.59e-137	381
18P3R3A11_02544	10P3R2A13_02081	96.277	188	7	0	1	188	1	188	1.40e-132	369
18P3R3A11_02545	18P3R3A11_02545	100.000	367	0	0	1	367	1	367	0.0	760
18P3R3A11_02545	38P2R3A13_05034	96.730	367	12	0	1	367	17	383	0.0	737
18P3R3A11_02546	18P3R3A11_02546	100.000	218	0	0	1	218	1	218	4.69e-161	443
18P3R3A11_02546	37P2R3-2A1_03632	97.706	218	5	0	1	218	1	218	6.27e-158	435
18P3R3A11_02547	18P3R3A11_02547	100.000	287	0	0	1	287	1	287	0.0	547
18P3R3A11_02547	38P2R3A13_05032	96.516	287	10	0	1	287	1	287	0.0	530
18P3R3A11_02547	38P2R3A13_01990	95.819	287	12	0	1	287	1	287	8.18e-178	491
18P3R3A11_02548	18P3R3A11_02548	100.000	293	0	0	1	293	1	293	0.0	598
18P3R3A11_02549	18P3R3A11_02549	100.000	166	0	0	1	166	1	166	6.51e-121	337
18P3R3A11_02549	38P2R3A13_01988	97.590	166	4	0	1	166	1	166	9.93e-119	332
18P3R3A11_02550	18P3R3A11_02550	100.000	353	0	0	1	353	1	353	0.0	713
18P3R3A11_02550	47P2R3A6_01863	97.734	353	8	0	1	353	1	353	0.0	699
18P3R3A11_02550	31P2R1A5_02105	96.884	353	11	0	1	353	1	353	0.0	697
18P3R3A11_02551	18P3R3A11_02551	100.000	167	0	0	1	167	1	167	1.37e-122	342
18P3R3A11_02551	47P2R3A6_01864	97.605	167	4	0	1	167	1	167	1.83e-119	334
18P3R3A11_02551	38P2R3A13_01986	97.006	167	5	0	1	167	1	167	8.23e-119	332
18P3R3A11_02552	18P3R3A11_02552	100.000	876	0	0	1	876	1	876	0.0	1801
18P3R3A11_02552	34P3R2A10_04930	95.604	91	4	0	785	875	1	91	1.40e-43	152
18P3R3A11_02560	18P3R3A11_02560	100.000	189	0	0	1	189	1	189	7.16e-139	385
18P3R3A11_02560	37P2R3-2A1_03618	97.884	189	4	0	1	189	1	189	3.27e-136	378
18P3R3A11_02561	18P3R3A11_02561	100.000	143	0	0	1	143	1	143	2.33e-97	276
18P3R3A11_02562	18P3R3A11_02562	100.000	515	0	0	1	515	1	515	0.0	1070
18P3R3A11_02562	47P2R3A6_04001	96.893	515	16	0	1	515	1	515	0.0	1042
18P3R3A11_02562	38P2R3A13_01975	96.505	515	18	0	1	515	1	515	0.0	1041
18P3R3A11_02562	38P2R3A13_07975	96.538	260	9	0	256	515	1	260	0.0	513
18P3R3A11_02563	18P3R3A11_02563	100.000	172	0	0	1	172	1	172	3.23e-129	359
18P3R3A11_02563	38P2R3A13_07974	97.674	172	4	0	1	172	1	172	3.08e-126	351
18P3R3A11_02564	18P3R3A11_02564	100.000	255	0	0	1	255	1	255	0.0	523
18P3R3A11_02565	18P3R3A11_02565	100.000	552	0	0	1	552	1	552	0.0	1149
18P3R3A11_02565	38P2R3A13_01972	96.558	552	19	0	1	552	1	552	0.0	1117
18P3R3A11_02566	18P3R3A11_02566	100.000	516	0	0	1	516	1	516	0.0	1035
18P3R3A11_02566	38P2R3A13_07971	96.124	516	20	0	1	516	1	516	0.0	1011
18P3R3A11_02566	38P2R3A13_01971	96.040	505	20	0	1	505	1	505	0.0	990
18P3R3A11_02567	18P3R3A11_02567	100.000	391	0	0	1	391	1	391	0.0	790
18P3R3A11_02567	38P2R3A13_01970	97.187	391	11	0	1	391	1	391	0.0	769
18P3R3A11_02567	47P2R3A6_04006	96.419	391	14	0	1	391	1	391	0.0	764
18P3R3A11_02568	18P3R3A11_02568	100.000	177	0	0	1	177	1	177	2.82e-130	362
18P3R3A11_02568	38P2R3A13_01969	97.740	177	4	0	1	177	1	177	2.96e-128	357
18P3R3A11_02569	18P3R3A11_02569	100.000	395	0	0	1	395	1	395	0.0	775
18P3R3A11_02569	38P2R3A13_01968	97.468	395	10	0	1	395	1	395	0.0	762
18P3R3A11_02569	38P2R3A13_06576	96.203	395	15	0	1	395	1	395	0.0	704
18P3R3A11_02570	18P3R3A11_02570	100.000	332	0	0	1	332	1	332	0.0	689
18P3R3A11_02570	38P2R3A13_06575	97.583	331	8	0	1	331	1	331	0.0	678
18P3R3A11_02571	18P3R3A11_02571	100.000	357	0	0	1	357	1	357	0.0	700
18P3R3A11_02573	18P3R3A11_02573	100.000	320	0	0	1	320	1	320	0.0	659
18P3R3A11_02573	38P2R3A13_01964	96.250	320	12	0	1	320	1	320	0.0	635
18P3R3A11_02574	18P3R3A11_02574	100.000	706	0	0	1	706	1	706	0.0	1470
18P3R3A11_02575	18P3R3A11_02575	100.000	137	0	0	1	137	1	137	2.77e-98	278
18P3R3A11_02576	18P3R3A11_02576	100.000	80	0	0	1	80	1	80	1.66e-55	165
18P3R3A11_02576	38P2R3A13_06569	97.222	72	2	0	1	72	1	72	3.78e-49	149
18P3R3A11_02577	18P3R3A11_02577	100.000	109	0	0	1	109	1	109	4.22e-76	219
18P3R3A11_02578	18P3R3A11_02578	100.000	115	0	0	1	115	1	115	1.99e-83	239
18P3R3A11_02578	56P2R2A4_02794	97.391	115	3	0	1	115	1	115	2.69e-81	233
18P3R3A11_02579	18P3R3A11_02579	100.000	150	0	0	1	150	1	150	3.57e-108	304
18P3R3A11_02579	38P2R3A13_06566	96.000	150	6	0	1	150	1	150	1.24e-105	298
18P3R3A11_02579	38P2R3A13_01958	96.667	150	5	0	1	150	1	150	1.40e-105	297
18P3R3A11_02580	18P3R3A11_02580	100.000	135	0	0	1	135	1	135	4.99e-96	272
18P3R3A11_02581	18P3R3A11_02581	100.000	60	0	0	1	60	1	60	1.19e-38	121
18P3R3A11_02582	18P3R3A11_02582	100.000	174	0	0	1	174	1	174	3.59e-125	349
18P3R3A11_02583	18P3R3A11_02583	100.000	100	0	0	1	100	1	100	3.19e-69	201
18P3R3A11_02584	18P3R3A11_02584	100.000	53	0	0	1	53	1	53	4.89e-31	102
18P3R3A11_02585	18P3R3A11_02585	100.000	310	0	0	1	310	1	310	0.0	640
18P3R3A11_02585	38P2R3A13_01952	97.097	310	9	0	1	310	1	310	0.0	621
18P3R3A11_02586	18P3R3A11_02586	100.000	202	0	0	1	202	1	202	8.47e-148	408
18P3R3A11_02587	18P3R3A11_02587	100.000	514	0	0	1	514	1	514	0.0	1049
18P3R3A11_02587	38P2R3A13_01950	96.887	514	16	0	1	514	1	514	0.0	1025
18P3R3A11_02588	18P3R3A11_02588	100.000	472	0	0	1	472	1	472	0.0	974
18P3R3A11_02588	56P2R2A4_02804	97.458	472	12	0	1	472	1	472	0.0	958
18P3R3A11_02588	47P2R3A6_04027	96.186	472	18	0	1	472	1	472	0.0	944
18P3R3A11_02588	38P2R3A13_05383	100.000	61	0	0	412	472	1	61	3.17e-35	125
18P3R3A11_02589	18P3R3A11_02589	100.000	518	0	0	1	518	1	518	0.0	1033
18P3R3A11_02589	37P2R3-2A1_03589	99.800	500	1	0	1	500	1	500	0.0	996
18P3R3A11_02589	38P2R3A13_05384	96.464	509	18	0	1	509	1	509	0.0	989
18P3R3A11_02589	38P2R3A13_01948	97.800	500	11	0	1	500	1	500	0.0	980
18P3R3A11_02590	18P3R3A11_02590	100.000	319	0	0	1	319	1	319	0.0	650
18P3R3A11_02590	38P2R3A13_01947	97.492	319	8	0	1	319	1	319	0.0	636
18P3R3A11_02591	18P3R3A11_02591	100.000	460	0	0	1	460	1	460	0.0	956
18P3R3A11_02591	38P2R3A13_01946	96.522	460	16	0	1	460	1	460	0.0	924
18P3R3A11_02592	18P3R3A11_02592	100.000	245	0	0	1	245	1	245	0.0	504
18P3R3A11_02592	37P2R3-2A1_03586	97.959	245	5	0	1	245	1	245	0.0	498
18P3R3A11_02592	38P2R3A13_01945	95.102	245	12	0	1	245	1	245	3.75e-177	486
18P3R3A11_02593	18P3R3A11_02593	100.000	201	0	0	1	201	1	201	1.30e-145	403
18P3R3A11_02593	38P2R3A13_01944	96.020	201	8	0	1	201	1	201	8.14e-139	385
18P3R3A11_02593	38P2R3A13_05393	95.025	201	10	0	1	201	1	201	8.42e-138	383
18P3R3A11_02594	18P3R3A11_02594	100.000	296	0	0	1	296	1	296	0.0	598
18P3R3A11_02595	18P3R3A11_02595	100.000	394	0	0	1	394	1	394	0.0	814
18P3R3A11_02595	38P2R3A13_05395	95.178	394	19	0	1	394	1	394	0.0	775
18P3R3A11_02596	18P3R3A11_02596	100.000	140	0	0	1	140	1	140	1.70e-103	291
18P3R3A11_02597	18P3R3A11_02597	100.000	244	0	0	1	244	1	244	0.0	503
18P3R3A11_02598	18P3R3A11_02598	100.000	142	0	0	1	142	1	142	6.73e-104	293
18P3R3A11_02599	18P3R3A11_02599	100.000	400	0	0	1	400	1	400	0.0	809
18P3R3A11_02599	38P2R3A13_05400	98.000	400	8	0	1	400	1	400	0.0	798
18P3R3A11_02599	38P2R3A13_01936	96.750	400	13	0	1	400	1	400	0.0	788
18P3R3A11_02600	18P3R3A11_02600	100.000	731	0	0	1	731	1	731	0.0	1490
18P3R3A11_02600	38P2R3A13_05401	95.634	733	30	1	1	731	1	733	0.0	1399
18P3R3A11_02600	38P2R3A13_01935	95.089	733	34	1	1	731	1	733	0.0	1390
18P3R3A11_02601	18P3R3A11_02601	100.000	468	0	0	1	468	1	468	0.0	959
18P3R3A11_02602	18P3R3A11_02602	100.000	3474	0	0	1	3474	1	3474	0.0	6620
18P3R3A11_02603	18P3R3A11_02603	100.000	119	0	0	1	119	1	119	1.86e-79	229
18P3R3A11_02604	18P3R3A11_02604	100.000	473	0	0	1	473	1	473	0.0	953
18P3R3A11_02605	18P3R3A11_02605	100.000	305	0	0	1	305	1	305	0.0	629
18P3R3A11_02606	18P3R3A11_02606	100.000	198	0	0	1	198	1	198	2.87e-146	404
18P3R3A11_02607	18P3R3A11_02607	100.000	260	0	0	1	260	1	260	0.0	540
18P3R3A11_02608	18P3R3A11_02608	100.000	159	0	0	1	159	1	159	1.89e-117	328
18P3R3A11_02609	18P3R3A11_02609	100.000	409	0	0	1	409	1	409	0.0	825
18P3R3A11_02610	18P3R3A11_02610	100.000	202	0	0	1	202	1	202	7.08e-150	414
18P3R3A11_02611	18P3R3A11_02611	100.000	409	0	0	1	409	1	409	0.0	815
18P3R3A11_02612	18P3R3A11_02612	100.000	452	0	0	1	452	1	452	0.0	934
18P3R3A11_02613	18P3R3A11_02613	100.000	180	0	0	1	180	1	180	1.26e-131	366
18P3R3A11_02614	18P3R3A11_02614	100.000	337	0	0	1	337	1	337	0.0	698
18P3R3A11_02615	18P3R3A11_02615	100.000	368	0	0	1	368	1	368	0.0	768
18P3R3A11_02616	18P3R3A11_02616	100.000	136	0	0	1	136	1	136	9.71e-97	274
18P3R3A11_02616	29P3R3A9_02949	95.522	134	6	0	1	134	1	134	7.99e-91	259
18P3R3A11_02617	18P3R3A11_02617	100.000	104	0	0	1	104	1	104	3.57e-74	214
18P3R3A11_02618	18P3R3A11_02618	100.000	109	0	0	1	109	1	109	5.86e-76	219
18P3R3A11_02619	18P3R3A11_02619	100.000	147	0	0	1	147	1	147	5.61e-108	303
18P3R3A11_02620	37P2R3-2A1_03398	99.718	355	1	0	1	355	360	714	0.0	719
18P3R3A11_02620	18P3R3A11_02620	100.000	355	0	0	1	355	1	355	0.0	718
18P3R3A11_02620	38P2R3A13_02979	95.137	329	16	0	27	355	398	726	0.0	648
18P3R3A11_02621	18P3R3A11_02621	100.000	132	0	0	1	132	1	132	4.19e-94	267
18P3R3A11_02621	38P2R3A13_02980	97.727	132	3	0	1	132	1	132	6.18e-92	261
18P3R3A11_02623	18P3R3A11_02623	100.000	192	0	0	1	192	1	192	1.65e-137	382
18P3R3A11_02623	38P2R3A13_02982	97.917	192	4	0	1	192	1	192	6.97e-135	375
18P3R3A11_02623	38P2R3A13_07346	95.833	192	8	0	1	192	1	192	1.84e-122	343
18P3R3A11_02624	18P3R3A11_02624	100.000	346	0	0	1	346	1	346	0.0	678
18P3R3A11_02624	38P2R3A13_02983	97.110	346	10	0	1	346	1	346	0.0	657
18P3R3A11_02625	18P3R3A11_02625	100.000	215	0	0	1	215	1	215	2.81e-159	438
18P3R3A11_02625	38P2R3A13_02984	95.814	215	9	0	1	215	1	215	5.48e-152	420
18P3R3A11_02626	18P3R3A11_02626	100.000	173	0	0	1	173	1	173	1.51e-124	347
18P3R3A11_02626	38P2R3A13_07343	97.688	173	4	0	1	173	1	173	3.54e-122	341
18P3R3A11_02627	18P3R3A11_02627	100.000	145	0	0	1	145	1	145	1.86e-108	304
18P3R3A11_02627	38P2R3A13_02986	95.862	145	6	0	1	145	1	145	1.60e-102	289
18P3R3A11_02628	18P3R3A11_02628	100.000	110	0	0	1	110	1	110	5.39e-77	222
18P3R3A11_02628	38P2R3A13_07341	97.273	110	3	0	1	110	1	110	1.05e-74	216
18P3R3A11_02629	18P3R3A11_02629	100.000	168	0	0	1	168	1	168	1.75e-120	337
18P3R3A11_02629	38P2R3A13_02988	96.429	168	6	0	1	168	1	168	5.75e-117	328
18P3R3A11_02630	18P3R3A11_02630	100.000	175	0	0	1	175	1	175	1.66e-125	350
18P3R3A11_02630	38P2R3A13_02989	96.571	175	6	0	1	175	1	175	1.29e-121	340
18P3R3A11_02630	56P2R2A4_02975	98.125	160	3	0	16	175	1	160	1.14e-112	317
18P3R3A11_02631	18P3R3A11_02631	100.000	332	0	0	1	332	1	332	0.0	691
18P3R3A11_02631	38P2R3A13_07338	96.988	332	10	0	1	332	1	332	0.0	671
18P3R3A11_02631	31P2R1A5_03564	95.482	332	15	0	1	332	1	332	0.0	669
18P3R3A11_02631	10P3R2A13_00146	95.783	332	14	0	1	332	1	332	0.0	668
18P3R3A11_02632	18P3R3A11_02632	100.000	293	0	0	1	293	1	293	0.0	602
18P3R3A11_02632	38P2R3A13_07337	95.904	293	12	0	1	293	1	293	0.0	580
18P3R3A11_02633	18P3R3A11_02633	100.000	336	0	0	1	336	1	336	0.0	693
18P3R3A11_02633	38P2R3A13_07336	97.321	336	9	0	1	336	1	336	0.0	677
18P3R3A11_02634	18P3R3A11_02634	100.000	415	0	0	1	415	1	415	0.0	819
18P3R3A11_02634	38P2R3A13_07335	97.349	415	11	0	1	415	1	415	0.0	803
18P3R3A11_02635	18P3R3A11_02635	100.000	632	0	0	1	632	1	632	0.0	1261
18P3R3A11_02635	56P2R2A4_02970	97.619	630	14	1	1	629	1	630	0.0	1227
18P3R3A11_02635	47P2R3A6_01446	95.261	633	23	2	1	629	1	630	0.0	1094
18P3R3A11_02636	18P3R3A11_02636	100.000	295	0	0	1	295	1	295	0.0	601
18P3R3A11_02636	10P3R2A13_00151	96.949	295	9	0	1	295	1	295	0.0	587
18P3R3A11_02638	18P3R3A11_02638	100.000	30	0	0	1	30	1	30	1.43e-15	61.2
18P3R3A11_02639	18P3R3A11_02639	100.000	90	0	0	1	90	1	90	1.29e-60	179
18P3R3A11_02639	31P2R1A5_03571	97.778	90	2	0	1	90	1	90	6.01e-59	175
18P3R3A11_02640	18P3R3A11_02640	100.000	317	0	0	1	317	1	317	0.0	643
18P3R3A11_02640	38P2R3A13_02999	97.476	317	8	0	1	317	1	317	0.0	631
18P3R3A11_02640	37P2R3-2A1_03418	97.476	317	8	0	1	317	1	317	0.0	625
18P3R3A11_02641	18P3R3A11_02641	100.000	135	0	0	1	135	1	135	8.07e-97	274
18P3R3A11_02641	38P2R3A13_08593	97.037	135	4	0	1	135	1	135	6.23e-95	269
18P3R3A11_02641	31P2R1A5_03573	95.556	135	5	1	1	135	1	134	2.70e-91	260
18P3R3A11_02642	18P3R3A11_02642	100.000	896	0	0	1	896	1	896	0.0	1805
18P3R3A11_02642	42P1R1A12_04119	95.084	895	43	1	1	894	1	895	0.0	1627
18P3R3A11_02642	43P2R2A2_04162	97.246	581	16	0	316	896	1	581	0.0	1152
18P3R3A11_02643	18P3R3A11_02643	100.000	501	0	0	1	501	1	501	0.0	1000
18P3R3A11_02644	18P3R3A11_02644	100.000	151	0	0	1	151	1	151	5.50e-110	308
18P3R3A11_02644	37P2R3-2A1_03422	100.000	141	0	0	11	151	1	141	1.46e-102	290
18P3R3A11_02644	31P2R1A5_03576	95.745	141	6	0	11	151	1	141	1.39e-99	282
18P3R3A11_02646	18P3R3A11_02646	100.000	449	0	0	1	449	1	449	0.0	932
18P3R3A11_02646	38P2R3A13_08583	97.550	449	11	0	1	449	1	449	0.0	907
18P3R3A11_02648	18P3R3A11_02648	100.000	111	0	0	1	111	1	111	1.93e-75	218
18P3R3A11_02649	18P3R3A11_02649	100.000	446	0	0	1	446	1	446	0.0	903
18P3R3A11_02650	18P3R3A11_02650	100.000	283	0	0	1	283	1	283	0.0	578
18P3R3A11_02651	18P3R3A11_02651	100.000	648	0	0	1	648	1	648	0.0	1324
18P3R3A11_02651	10P3R2A13_00166	97.377	648	17	0	1	648	1	648	0.0	1293
18P3R3A11_02651	38P2R3A13_08207	98.860	614	7	0	35	648	1	614	0.0	1244
18P3R3A11_02652	18P3R3A11_02652	100.000	209	0	0	1	209	1	209	1.27e-153	424
18P3R3A11_02652	31P2R1A5_03587	95.192	208	10	0	1	208	1	208	3.73e-147	407
18P3R3A11_02652	10P3R2A13_00167	95.673	208	9	0	1	208	1	208	6.39e-147	407
18P3R3A11_02653	18P3R3A11_02653	100.000	111	0	0	1	111	1	111	2.63e-78	225
18P3R3A11_02653	42P1R1A12_04108	96.396	111	4	0	1	111	1	111	1.14e-74	216
18P3R3A11_02654	18P3R3A11_02654	100.000	159	0	0	1	159	1	159	2.32e-114	320
18P3R3A11_02654	42P1R1A12_04107	96.855	159	5	0	1	159	1	159	3.83e-111	312
18P3R3A11_02654	31P2R1A5_03589	96.855	159	5	0	1	159	1	159	4.76e-111	312
18P3R3A11_02655	18P3R3A11_02655	100.000	465	0	0	1	465	1	465	0.0	956
18P3R3A11_02655	38P2R3A13_08082	97.204	465	13	0	1	465	14	478	0.0	939
18P3R3A11_02655	38P2R3A13_03014	96.989	465	14	0	1	465	14	478	0.0	935
18P3R3A11_02656	18P3R3A11_02656	100.000	221	0	0	1	221	1	221	8.58e-161	443
18P3R3A11_02656	38P2R3A13_03015	95.475	221	10	0	1	221	1	221	2.06e-152	422
18P3R3A11_02656	38P2R3A13_08081	95.475	221	10	0	1	221	1	221	3.92e-145	403
18P3R3A11_02657	18P3R3A11_02657	100.000	348	0	0	1	348	1	348	0.0	704
18P3R3A11_02657	37P2R3-2A1_03435	96.839	348	11	0	1	348	1	348	0.0	683
18P3R3A11_02658	18P3R3A11_02658	100.000	392	0	0	1	392	1	392	0.0	800
18P3R3A11_02658	56P2R2A4_02947	96.939	392	12	0	1	392	1	392	0.0	780
18P3R3A11_02659	18P3R3A11_02659	100.000	322	0	0	1	322	1	322	0.0	637
18P3R3A11_02659	47P2R3A6_01422	97.516	322	8	0	1	322	1	322	0.0	626
18P3R3A11_02659	38P2R3A13_08078	97.590	83	2	0	240	322	1	83	1.98e-52	167
18P3R3A11_02660	18P3R3A11_02660	100.000	86	0	0	1	86	1	86	1.26e-57	171
18P3R3A11_02660	10P3R2A13_00173	95.349	86	4	0	1	86	1	86	5.40e-54	162
18P3R3A11_02662	18P3R3A11_02662	100.000	324	0	0	1	324	1	324	0.0	661
18P3R3A11_02662	38P2R3A13_03021	97.222	324	9	0	1	324	1	324	0.0	646
18P3R3A11_02662	38P2R3A13_08343	96.296	324	12	0	1	324	1	324	0.0	640
18P3R3A11_02663	18P3R3A11_02663	100.000	106	0	0	1	106	1	106	3.32e-75	217
18P3R3A11_02664	18P3R3A11_02664	100.000	420	0	0	1	420	1	420	0.0	853
18P3R3A11_02665	18P3R3A11_02665	100.000	75	0	0	1	75	1	75	2.62e-52	157
18P3R3A11_02665	38P2R3A13_03024	96.000	75	3	0	1	75	11	85	5.54e-51	154
18P3R3A11_02666	18P3R3A11_02666	100.000	98	0	0	1	98	1	98	4.31e-67	196
18P3R3A11_02667	18P3R3A11_02667	100.000	212	0	0	1	212	1	212	2.16e-157	433
18P3R3A11_02667	38P2R3A13_03026	97.642	212	5	0	1	212	1	212	1.81e-153	424
18P3R3A11_02668	18P3R3A11_02668	100.000	183	0	0	1	183	1	183	2.76e-134	373
18P3R3A11_02668	38P2R3A13_03027	97.814	183	4	0	1	183	1	183	1.89e-131	365
18P3R3A11_02668	38P2R3A13_08272	96.721	183	6	0	1	183	1	183	8.50e-131	364
18P3R3A11_02669	18P3R3A11_02669	100.000	261	0	0	1	261	1	261	0.0	511
18P3R3A11_02669	10P3R2A13_00182	95.019	261	13	0	1	261	1	261	5.11e-180	495
18P3R3A11_02670	18P3R3A11_02670	100.000	271	0	0	1	271	1	271	0.0	547
18P3R3A11_02670	38P2R3A13_08274	96.310	271	10	0	1	271	1	271	0.0	525
18P3R3A11_02671	18P3R3A11_02671	100.000	326	0	0	1	326	1	326	0.0	635
18P3R3A11_02672	18P3R3A11_02672	100.000	329	0	0	1	329	1	329	0.0	662
18P3R3A11_02672	38P2R3A13_08642	97.568	329	8	0	1	329	1	329	0.0	648
18P3R3A11_02673	18P3R3A11_02673	100.000	189	0	0	1	189	1	189	7.03e-137	380
18P3R3A11_02674	18P3R3A11_02674	100.000	192	0	0	1	192	1	192	7.35e-142	392
18P3R3A11_02674	38P2R3A13_03033	96.354	192	7	0	1	192	1	192	4.78e-137	380
18P3R3A11_02674	38P2R3A13_08612	100.000	85	0	0	108	192	1	85	2.31e-56	172
18P3R3A11_02675	18P3R3A11_02675	100.000	185	0	0	1	185	1	185	4.87e-135	375
18P3R3A11_02675	38P2R3A13_03034	96.757	185	6	0	1	185	1	185	1.09e-131	366
18P3R3A11_02676	18P3R3A11_02676	100.000	242	0	0	1	242	1	242	5.32e-177	486
18P3R3A11_02676	38P2R3A13_03035	97.934	242	5	0	1	242	1	242	3.19e-173	476
18P3R3A11_02676	42P1R1A12_04087	97.934	242	5	0	1	242	1	242	5.41e-173	475
18P3R3A11_02676	38P2R3A13_08614	97.107	242	7	0	1	242	1	242	5.24e-172	473
18P3R3A11_02676	10P3R2A13_00189	96.281	242	9	0	1	242	1	242	1.09e-171	472
18P3R3A11_02677	18P3R3A11_02677	100.000	478	0	0	1	478	1	478	0.0	974
18P3R3A11_02677	47P2R3A6_01404	96.653	478	16	0	1	478	1	478	0.0	947
18P3R3A11_02678	18P3R3A11_02678	100.000	96	0	0	1	96	1	96	3.31e-66	194
18P3R3A11_02678	47P2R3A6_01403	95.833	96	4	0	1	96	1	96	3.12e-64	189
18P3R3A11_02678	38P2R3A13_03037	95.833	96	4	0	1	96	1	96	1.60e-63	187
18P3R3A11_02679	18P3R3A11_02679	100.000	164	0	0	1	164	1	164	4.09e-119	333
18P3R3A11_02680	18P3R3A11_02680	100.000	285	0	0	1	285	1	285	0.0	585
18P3R3A11_02680	10P3R2A13_00193	98.233	283	5	0	1	283	1	283	0.0	574
18P3R3A11_02680	38P2R3A13_03039	97.895	285	6	0	1	285	1	285	0.0	573
18P3R3A11_02680	42P1R1A12_04083	97.193	285	8	0	1	285	1	285	0.0	570
18P3R3A11_02680	24P1R3A1_08872	95.714	280	12	0	4	283	1	280	0.0	552
18P3R3A11_02680	38P2R3A13_07833	100.000	54	0	0	232	285	1	54	6.67e-32	112
18P3R3A11_02682	18P3R3A11_02682	100.000	242	0	0	1	242	1	242	4.21e-179	491
18P3R3A11_02683	18P3R3A11_02683	100.000	218	0	0	1	218	1	218	1.08e-158	437
18P3R3A11_02684	18P3R3A11_02684	100.000	778	0	0	1	778	1	778	0.0	1590
18P3R3A11_02684	38P2R3A13_03043	97.943	778	16	0	1	778	1	778	0.0	1562
18P3R3A11_02685	18P3R3A11_02685	100.000	361	0	0	1	361	1	361	0.0	728
18P3R3A11_02685	38P2R3A13_07838	96.676	361	12	0	1	361	1	361	0.0	706
18P3R3A11_02685	38P2R3A13_03044	95.291	361	17	0	1	361	1	361	0.0	647
18P3R3A11_02686	18P3R3A11_02686	100.000	367	0	0	1	367	1	367	0.0	739
18P3R3A11_02686	38P2R3A13_07839	95.913	367	15	0	1	367	1	367	0.0	674
18P3R3A11_02687	18P3R3A11_02687	100.000	504	0	0	1	504	1	504	0.0	1041
18P3R3A11_02687	10P3R2A13_03375	97.619	504	12	0	1	504	1	504	0.0	1024
18P3R3A11_02687	31P2R1A5_04872	97.619	504	12	0	1	504	1	504	0.0	1023
18P3R3A11_02687	51P2R2A10_04489	97.024	504	15	0	1	504	1	504	0.0	1016
18P3R3A11_02688	18P3R3A11_02688	100.000	148	0	0	1	148	1	148	1.21e-108	305
18P3R3A11_02689	18P3R3A11_02689	100.000	952	0	0	1	952	1	952	0.0	1969
18P3R3A11_02689	38P2R3A13_07592	97.896	903	19	0	50	952	1	903	0.0	1827
18P3R3A11_02690	18P3R3A11_02690	100.000	168	0	0	1	168	1	168	2.32e-125	349
18P3R3A11_02690	38P2R3A13_07591	95.238	168	8	0	1	168	1	168	7.44e-113	317
18P3R3A11_02691	18P3R3A11_02691	100.000	340	0	0	1	340	1	340	0.0	700
18P3R3A11_02691	38P2R3A13_07590	97.059	340	10	0	1	340	1	340	0.0	681
18P3R3A11_02692	18P3R3A11_02692	100.000	549	0	0	1	549	1	549	0.0	1110
18P3R3A11_02692	38P2R3A13_04521	95.993	549	22	0	1	549	1	549	0.0	1037
18P3R3A11_02693	18P3R3A11_02693	100.000	501	0	0	1	501	1	501	0.0	1019
18P3R3A11_02693	38P2R3A13_07588	97.006	501	15	0	1	501	1	501	0.0	991
18P3R3A11_02694	18P3R3A11_02694	100.000	328	0	0	1	328	1	328	0.0	681
18P3R3A11_02694	38P2R3A13_04519	97.561	328	8	0	1	328	1	328	0.0	666
18P3R3A11_02694	38P2R3A13_07587	95.427	328	15	0	1	328	1	328	0.0	652
18P3R3A11_02695	18P3R3A11_02695	100.000	1487	0	0	1	1487	1	1487	0.0	3076
18P3R3A11_02695	31P2R1A5_03622	95.091	1487	73	0	1	1487	1	1487	0.0	2952
18P3R3A11_02695	42P1R1A12_04077	95.427	1487	68	0	1	1487	1	1487	0.0	2933
18P3R3A11_02695	38P2R3A13_08419	98.908	824	9	0	664	1487	1	824	0.0	1671
18P3R3A11_02696	18P3R3A11_02696	100.000	473	0	0	1	473	1	473	0.0	975
18P3R3A11_02696	42P1R1A12_04076	96.406	473	17	0	1	473	1	473	0.0	948
18P3R3A11_02696	31P2R1A5_03623	95.983	473	19	0	1	473	1	473	0.0	947
18P3R3A11_02697	18P3R3A11_02697	100.000	156	0	0	1	156	1	156	2.58e-112	315
18P3R3A11_02698	18P3R3A11_02698	100.000	287	0	0	1	287	1	287	0.0	565
18P3R3A11_02699	18P3R3A11_02699	100.000	495	0	0	1	495	1	495	0.0	981
18P3R3A11_02700	18P3R3A11_02700	100.000	298	0	0	1	298	1	298	0.0	612
18P3R3A11_02701	18P3R3A11_02701	100.000	261	0	0	1	261	1	261	0.0	531
18P3R3A11_02702	18P3R3A11_02702	100.000	168	0	0	1	168	1	168	1.78e-120	337
18P3R3A11_02702	38P2R3A13_04516	95.833	168	7	0	1	168	1	168	2.75e-96	275
18P3R3A11_02703	18P3R3A11_02703	100.000	213	0	0	1	213	1	213	4.76e-158	435
18P3R3A11_02703	56P2R2A4_02907	97.653	213	5	0	1	213	1	213	2.56e-155	428
18P3R3A11_02706	18P3R3A11_02706	100.000	375	0	0	1	375	1	375	0.0	777
18P3R3A11_02707	18P3R3A11_02707	100.000	133	0	0	1	133	1	133	2.18e-96	273
18P3R3A11_02708	18P3R3A11_02708	100.000	456	0	0	1	456	1	456	0.0	897
18P3R3A11_02708	38P2R3A13_07947	95.395	456	21	0	1	456	1	456	0.0	861
18P3R3A11_02708	38P2R3A13_04510	95.614	456	20	0	1	456	1	456	0.0	860
18P3R3A11_02709	18P3R3A11_02709	100.000	356	0	0	1	356	1	356	0.0	706
18P3R3A11_02709	38P2R3A13_07946	97.472	356	9	0	1	356	1	356	0.0	692
18P3R3A11_02709	38P2R3A13_04509	97.191	356	10	0	1	356	1	356	0.0	689
18P3R3A11_02710	18P3R3A11_02710	100.000	313	0	0	1	313	1	313	0.0	623
18P3R3A11_02710	47P2R3A6_01372	97.764	313	7	0	1	313	1	313	0.0	608
18P3R3A11_02710	38P2R3A13_07945	96.691	272	9	0	42	313	1	272	0.0	525
18P3R3A11_02711	18P3R3A11_02711	100.000	157	0	0	1	157	1	157	1.25e-113	318
18P3R3A11_02711	38P2R3A13_04507	96.178	157	6	0	1	157	1	157	4.73e-110	309
18P3R3A11_02711	10P3R2A13_00220	96.178	157	6	0	1	157	1	157	1.60e-109	308
18P3R3A11_02711	31P2R1A5_05113	95.541	157	7	0	1	157	1	157	2.83e-109	307
18P3R3A11_02711	38P2R3A13_07847	95.541	157	7	0	1	157	1	157	3.13e-108	305
18P3R3A11_02712	18P3R3A11_02712	100.000	88	0	0	1	88	1	88	5.36e-60	177
18P3R3A11_02713	18P3R3A11_02713	100.000	91	0	0	1	91	1	91	9.72e-62	182
18P3R3A11_02713	38P2R3A13_07844	95.604	91	4	0	1	91	1	91	2.88e-58	173
18P3R3A11_02714	18P3R3A11_02714	100.000	485	0	0	1	485	1	485	0.0	989
18P3R3A11_02714	38P2R3A13_04503	95.464	485	22	0	1	485	1	485	0.0	949
18P3R3A11_02714	38P2R3A13_07843	95.464	485	22	0	1	485	1	485	0.0	927
18P3R3A11_02715	18P3R3A11_02715	100.000	656	0	0	1	656	1	656	0.0	1347
18P3R3A11_02715	38P2R3A13_04502	95.884	656	27	0	1	656	1	656	0.0	1278
18P3R3A11_02715	38P2R3A13_07842	95.579	656	29	0	1	656	1	656	0.0	1275
18P3R3A11_02716	18P3R3A11_02716	100.000	311	0	0	1	311	1	311	0.0	632
18P3R3A11_02716	38P2R3A13_07841	96.785	311	10	0	1	311	1	311	0.0	619
18P3R3A11_02717	18P3R3A11_02717	100.000	68	0	0	1	68	1	68	1.56e-42	132
18P3R3A11_02717	10P3R2A13_00225	97.059	68	2	0	1	68	1	68	1.81e-41	129
18P3R3A11_02717	38P2R3A13_07840	95.588	68	3	0	1	68	4	71	1.23e-40	127
18P3R3A11_02718	18P3R3A11_02718	100.000	309	0	0	1	309	1	309	0.0	637
18P3R3A11_02718	38P2R3A13_08318	97.735	309	7	0	1	309	1	309	0.0	624
18P3R3A11_02719	18P3R3A11_02719	100.000	205	0	0	1	205	1	205	2.17e-150	415
18P3R3A11_02719	38P2R3A13_08319	95.610	205	9	0	1	205	1	205	5.56e-144	399
18P3R3A11_02720	18P3R3A11_02720	100.000	482	0	0	1	482	1	482	0.0	974
18P3R3A11_02720	38P2R3A13_08320	97.303	482	13	0	1	482	1	482	0.0	951
18P3R3A11_02721	18P3R3A11_02721	100.000	1267	0	0	1	1267	1	1267	0.0	2568
18P3R3A11_02722	18P3R3A11_02722	100.000	490	0	0	1	490	1	490	0.0	1006
18P3R3A11_02722	31P2R1A5_05123	96.122	490	19	0	1	490	1	490	0.0	948
18P3R3A11_02722	10P3R2A13_00229	95.714	490	21	0	1	490	1	490	0.0	944
18P3R3A11_02723	18P3R3A11_02723	100.000	198	0	0	1	198	1	198	3.73e-146	404
18P3R3A11_02723	47P2R3A6_01358	97.475	198	5	0	1	198	1	198	6.02e-143	396
18P3R3A11_02724	18P3R3A11_02724	100.000	163	0	0	1	163	1	163	2.09e-110	311
18P3R3A11_02724	31P2R1A5_05125	95.706	163	7	0	1	163	1	163	3.48e-106	300
18P3R3A11_02725	18P3R3A11_02725	100.000	335	0	0	1	335	1	335	0.0	671
18P3R3A11_02725	38P2R3A13_04493	96.755	339	7	1	1	335	1	339	0.0	653
18P3R3A11_02725	10P3R2A13_00232	95.385	325	13	1	1	325	1	323	0.0	572
18P3R3A11_02727	18P3R3A11_02727	100.000	647	0	0	1	647	1	647	0.0	1329
18P3R3A11_02728	18P3R3A11_02728	100.000	325	0	0	1	325	1	325	0.0	664
18P3R3A11_02728	38P2R3A13_04490	96.000	325	13	0	1	325	1	325	0.0	645
18P3R3A11_02729	18P3R3A11_02729	100.000	334	0	0	1	334	1	334	0.0	687
18P3R3A11_02729	38P2R3A13_04489	97.605	334	8	0	1	334	1	334	0.0	677
18P3R3A11_02729	38P2R3A13_07986	97.605	334	8	0	1	334	1	334	0.0	674
18P3R3A11_02730	18P3R3A11_02730	100.000	200	0	0	1	200	1	200	1.06e-138	385
18P3R3A11_02731	18P3R3A11_02731	100.000	151	0	0	1	151	1	151	6.85e-110	308
18P3R3A11_02731	38P2R3A13_07984	95.364	151	7	0	1	151	1	151	4.94e-104	293
18P3R3A11_02732	18P3R3A11_02732	100.000	154	0	0	1	154	1	154	3.55e-107	302
18P3R3A11_02733	18P3R3A11_02733	100.000	450	0	0	1	450	1	450	0.0	926
18P3R3A11_02733	31P2R1A5_05133	97.778	450	10	0	1	450	1	450	0.0	910
18P3R3A11_02733	10P3R2A13_00237	96.222	450	17	0	1	450	1	450	0.0	861
18P3R3A11_02733	38P2R3A13_08087	98.817	338	4	0	113	450	1	338	0.0	694
18P3R3A11_02734	18P3R3A11_02734	100.000	81	0	0	1	81	1	81	4.31e-54	162
18P3R3A11_02734	38P2R3A13_04484	96.296	81	3	0	1	81	1	81	5.63e-53	159
18P3R3A11_02735	18P3R3A11_02735	100.000	484	0	0	1	484	1	484	0.0	953
18P3R3A11_02735	38P2R3A13_08085	97.727	484	11	0	1	484	1	484	0.0	940
18P3R3A11_02736	18P3R3A11_02736	100.000	294	0	0	1	294	1	294	0.0	595
18P3R3A11_02736	38P2R3A13_08084	97.959	294	6	0	1	294	1	294	0.0	585
18P3R3A11_02737	18P3R3A11_02737	100.000	247	0	0	1	247	1	247	0.0	514
18P3R3A11_02738	18P3R3A11_02738	100.000	322	0	0	1	322	1	322	0.0	667
18P3R3A11_02738	31P2R1A5_05137	95.963	322	13	0	1	322	1	322	0.0	642
18P3R3A11_02740	18P3R3A11_02740	100.000	55	0	0	1	55	1	55	5.02e-35	112
18P3R3A11_02741	18P3R3A11_02741	100.000	694	0	0	1	694	1	694	0.0	1407
18P3R3A11_02742	18P3R3A11_02742	100.000	231	0	0	1	231	1	231	1.07e-175	481
18P3R3A11_02743	18P3R3A11_02743	100.000	380	0	0	1	380	1	380	0.0	770
18P3R3A11_02744	18P3R3A11_02744	100.000	1038	0	0	1	1038	1	1038	0.0	2105
18P3R3A11_02744	38P2R3A13_04474	97.495	1038	26	0	1	1038	1	1038	0.0	2063
18P3R3A11_02744	38P2R3A13_07420	96.435	1038	37	0	1	1038	1	1038	0.0	2041
18P3R3A11_02745	18P3R3A11_02745	100.000	74	0	0	1	74	1	74	3.01e-49	149
18P3R3A11_02746	18P3R3A11_02746	100.000	342	0	0	1	342	1	342	0.0	706
18P3R3A11_02746	38P2R3A13_04472	97.076	342	10	0	1	342	1	342	0.0	688
18P3R3A11_02746	38P2R3A13_08309	97.101	69	2	0	274	342	1	69	1.22e-43	144
18P3R3A11_02747	18P3R3A11_02747	100.000	394	0	0	1	394	1	394	0.0	783
18P3R3A11_02748	18P3R3A11_02748	100.000	368	0	0	1	368	1	368	0.0	735
18P3R3A11_02748	38P2R3A13_04470	97.826	368	8	0	1	368	1	368	0.0	724
18P3R3A11_02748	38P2R3A13_08311	97.011	368	11	0	1	368	1	368	0.0	715
18P3R3A11_02749	18P3R3A11_02749	100.000	253	0	0	1	253	1	253	0.0	527
18P3R3A11_02749	10P3R2A13_00253	95.257	253	12	0	1	253	1	253	0.0	503
18P3R3A11_02749	34P3R2A10_05153	96.739	184	6	0	70	253	1	184	1.71e-131	369
18P3R3A11_02753	18P3R3A11_02753	100.000	148	0	0	1	148	1	148	6.86e-106	298
18P3R3A11_02754	18P3R3A11_02754	100.000	158	0	0	1	158	1	158	1.29e-116	326
18P3R3A11_02755	18P3R3A11_02755	100.000	185	0	0	1	185	1	185	7.52e-137	379
18P3R3A11_02756	18P3R3A11_02756	100.000	334	0	0	1	334	1	334	0.0	693
18P3R3A11_02757	18P3R3A11_02757	100.000	312	0	0	1	312	1	312	0.0	650
18P3R3A11_02758	18P3R3A11_02758	100.000	435	0	0	1	435	1	435	0.0	901
18P3R3A11_02759	18P3R3A11_02759	100.000	1077	0	0	1	1077	1	1077	0.0	2230
18P3R3A11_02760	18P3R3A11_02760	100.000	328	0	0	1	328	1	328	0.0	684
18P3R3A11_02761	18P3R3A11_02761	100.000	147	0	0	1	147	1	147	1.31e-107	302
18P3R3A11_02762	18P3R3A11_02762	100.000	760	0	0	1	760	1	760	0.0	1556
18P3R3A11_02762	10P3R2A13_01614	96.447	760	26	1	1	760	1	759	0.0	1501
18P3R3A11_02762	42P1R1A12_02854	95.664	761	32	1	1	760	1	761	0.0	1493
18P3R3A11_02762	38P2R3A13_08378	98.816	591	7	0	170	760	1	591	0.0	1198
18P3R3A11_02762	34P3R2A10_04956	97.172	389	11	0	372	760	1	389	0.0	775
18P3R3A11_02763	18P3R3A11_02763	100.000	107	0	0	1	107	1	107	1.31e-77	223
18P3R3A11_02764	18P3R3A11_02764	100.000	74	0	0	1	74	1	74	1.32e-51	155
18P3R3A11_02764	47P2R3A6_02872	97.297	74	2	0	1	74	1	74	7.43e-51	153
18P3R3A11_02764	42P1R1A12_02856	97.143	70	2	0	1	70	1	70	8.92e-49	148
18P3R3A11_02765	18P3R3A11_02765	100.000	647	0	0	1	647	1	647	0.0	1318
18P3R3A11_02765	38P2R3A13_00925	97.527	647	16	0	1	647	1	647	0.0	1286
18P3R3A11_02765	38P2R3A13_05312	96.909	647	20	0	1	647	1	647	0.0	1278
18P3R3A11_02766	18P3R3A11_02766	100.000	372	0	0	1	372	1	372	0.0	739
18P3R3A11_02766	38P2R3A13_00926	97.581	372	9	0	1	372	1	372	0.0	724
18P3R3A11_02767	18P3R3A11_02767	100.000	319	0	0	1	319	1	319	0.0	660
18P3R3A11_02768	18P3R3A11_02768	100.000	553	0	0	1	553	1	553	0.0	1121
18P3R3A11_02768	38P2R3A13_05309	95.660	553	24	0	1	553	1	553	0.0	1061
18P3R3A11_02768	38P2R3A13_00928	95.841	553	23	0	1	553	1	553	0.0	1061
18P3R3A11_02769	18P3R3A11_02769	100.000	232	0	0	1	232	1	232	1.23e-162	448
18P3R3A11_02769	38P2R3A13_05308	97.414	232	6	0	1	232	9	240	9.02e-160	441
18P3R3A11_02769	38P2R3A13_00929	97.414	232	6	0	1	232	1	232	1.13e-159	441
18P3R3A11_02770	18P3R3A11_02770	100.000	300	0	0	1	300	1	300	0.0	585
18P3R3A11_02771	18P3R3A11_02771	100.000	551	0	0	1	551	1	551	0.0	1142
18P3R3A11_02771	38P2R3A13_05306	95.463	551	25	0	1	551	1	551	0.0	1099
18P3R3A11_02772	18P3R3A11_02772	100.000	323	0	0	1	323	1	323	0.0	672
18P3R3A11_02772	37P2R3-2A1_00120	96.904	323	10	0	1	323	1	323	0.0	657
18P3R3A11_02772	56P2R2A4_01222	96.594	323	11	0	1	323	1	323	0.0	652
18P3R3A11_02772	38P2R3A13_00932	95.356	323	15	0	1	323	1	323	0.0	644
18P3R3A11_02773	18P3R3A11_02773	100.000	145	0	0	1	145	1	145	9.55e-97	275
18P3R3A11_02773	56P2R2A4_01221	97.241	145	4	0	1	145	1	145	6.82e-95	270
18P3R3A11_02773	37P2R3-2A1_00119	97.241	145	4	0	1	145	1	145	1.96e-94	269
18P3R3A11_02773	38P2R3A13_00933	95.862	145	6	0	1	145	1	145	7.63e-94	267
18P3R3A11_02774	18P3R3A11_02774	100.000	573	0	0	1	573	1	573	0.0	1184
18P3R3A11_02774	10P3R2A13_01625	95.637	573	25	0	1	573	1	573	0.0	1116
18P3R3A11_02775	18P3R3A11_02775	100.000	334	0	0	1	334	1	334	0.0	686
18P3R3A11_02775	38P2R3A13_00935	97.305	334	9	0	1	334	1	334	0.0	669
18P3R3A11_02775	38P2R3A13_05302	95.210	334	16	0	1	334	1	334	0.0	660
18P3R3A11_02776	18P3R3A11_02776	100.000	479	0	0	1	479	1	479	0.0	982
18P3R3A11_02776	37P2R3-2A1_00116	97.704	479	11	0	1	479	1	479	0.0	957
18P3R3A11_02776	38P2R3A13_00936	95.807	477	20	0	1	477	1	477	0.0	937
18P3R3A11_02777	18P3R3A11_02777	100.000	338	0	0	1	338	1	338	0.0	706
18P3R3A11_02778	18P3R3A11_02778	100.000	604	0	0	1	604	1	604	0.0	1251
18P3R3A11_02779	18P3R3A11_02779	100.000	147	0	0	1	147	1	147	2.07e-108	304
18P3R3A11_02780	18P3R3A11_02780	100.000	904	0	0	1	904	1	904	0.0	1844
18P3R3A11_02781	18P3R3A11_02781	100.000	118	0	0	1	118	1	118	1.23e-79	229
18P3R3A11_02781	37P2R3-2A1_00111	100.000	118	0	0	1	118	149	266	4.33e-78	231
18P3R3A11_02782	18P3R3A11_02782	100.000	156	0	0	1	156	1	156	2.59e-110	310
18P3R3A11_02782	37P2R3-2A1_00111	97.183	142	4	0	1	142	1	142	7.38e-97	280
18P3R3A11_02783	18P3R3A11_02783	100.000	162	0	0	1	162	1	162	2.70e-118	330
18P3R3A11_02784	18P3R3A11_02784	100.000	378	0	0	1	378	1	378	0.0	777
18P3R3A11_02785	18P3R3A11_02785	100.000	337	0	0	1	337	1	337	0.0	689
18P3R3A11_02786	18P3R3A11_02786	100.000	212	0	0	1	212	1	212	1.15e-153	424
18P3R3A11_02786	37P2R3-2A1_00107	96.667	210	7	0	1	210	1	210	1.63e-148	411
18P3R3A11_02787	18P3R3A11_02787	100.000	117	0	0	1	117	1	117	9.30e-83	237
18P3R3A11_02787	37P2R3-2A1_00106	97.436	117	3	0	1	117	1	117	6.03e-81	233
18P3R3A11_02788	18P3R3A11_02788	100.000	162	0	0	1	162	1	162	6.62e-120	335
18P3R3A11_02788	37P2R3-2A1_00105	98.125	160	3	0	1	160	1	160	7.60e-117	327
18P3R3A11_02789	18P3R3A11_02789	100.000	150	0	0	1	150	1	150	5.70e-109	306
18P3R3A11_02790	18P3R3A11_02790	100.000	403	0	0	1	403	1	403	0.0	821
18P3R3A11_02791	18P3R3A11_02791	100.000	493	0	0	1	493	1	493	0.0	996
18P3R3A11_02791	38P2R3A13_05287	95.112	491	24	0	1	491	1	491	0.0	950
18P3R3A11_02792	18P3R3A11_02792	100.000	640	0	0	1	640	1	640	0.0	1300
18P3R3A11_02792	38P2R3A13_05286	97.344	640	16	1	1	640	1	639	0.0	1261
18P3R3A11_02793	18P3R3A11_02793	100.000	258	0	0	1	258	1	258	0.0	533
18P3R3A11_02793	37P2R3-2A1_00100	97.674	258	6	0	1	258	1	258	0.0	523
18P3R3A11_02794	18P3R3A11_02794	100.000	522	0	0	1	522	1	522	0.0	1085
18P3R3A11_02795	18P3R3A11_02795	100.000	209	0	0	1	209	1	209	7.88e-158	434
18P3R3A11_02796	18P3R3A11_02796	100.000	208	0	0	1	208	1	208	1.38e-155	429
18P3R3A11_02797	18P3R3A11_02797	100.000	277	0	0	1	277	1	277	0.0	566
18P3R3A11_02798	18P3R3A11_02798	100.000	108	0	0	1	108	1	108	2.62e-74	215
18P3R3A11_02798	38P2R3A13_00939	96.296	108	4	0	1	108	1	108	6.73e-71	206
18P3R3A11_02799	18P3R3A11_02799	100.000	173	0	0	1	173	1	173	2.11e-127	354
18P3R3A11_02800	18P3R3A11_02800	100.000	243	0	0	1	243	1	243	0.0	504
18P3R3A11_02800	38P2R3A13_08634	96.296	243	9	0	1	243	1	243	2.31e-177	486
18P3R3A11_02800	42P1R1A12_02872	95.885	243	10	0	1	243	7	249	1.68e-176	484
18P3R3A11_02800	51P2R2A10_01445	95.062	243	12	0	1	243	1	243	9.24e-175	480
18P3R3A11_02801	18P3R3A11_02801	100.000	244	0	0	1	244	1	244	0.0	501
18P3R3A11_02801	47P2R3A6_02908	97.541	244	6	0	1	244	1	244	3.95e-179	491
18P3R3A11_02802	18P3R3A11_02802	100.000	239	0	0	1	239	1	239	1.86e-173	476
18P3R3A11_02802	38P2R3A13_08631	96.234	239	9	0	1	239	1	239	2.21e-167	461
18P3R3A11_02802	34P3R2A10_04882	96.364	110	4	0	130	239	1	110	8.01e-73	217
18P3R3A11_02803	18P3R3A11_02803	100.000	223	0	0	1	223	1	223	8.29e-162	446
18P3R3A11_02803	38P2R3A13_00944	97.309	223	6	0	1	223	1	223	3.28e-158	436
18P3R3A11_02804	18P3R3A11_02804	100.000	244	0	0	1	244	1	244	0.0	500
18P3R3A11_02805	18P3R3A11_02805	100.000	490	0	0	1	490	1	490	0.0	993
18P3R3A11_02806	18P3R3A11_02806	100.000	236	0	0	1	236	1	236	7.38e-176	482
18P3R3A11_02807	18P3R3A11_02807	100.000	380	0	0	1	380	1	380	0.0	789
18P3R3A11_02807	37P2R3-2A1_00086	97.632	380	9	0	1	380	1	380	0.0	771
18P3R3A11_02807	38P2R3A13_00951	95.200	375	18	0	1	375	1	375	0.0	752
18P3R3A11_02808	18P3R3A11_02808	100.000	158	0	0	1	158	1	158	4.06e-114	320
18P3R3A11_02809	18P3R3A11_02809	100.000	282	0	0	1	282	1	282	0.0	556
18P3R3A11_02810	18P3R3A11_02810	100.000	318	0	0	1	318	1	318	0.0	638
18P3R3A11_02810	38P2R3A13_07552	97.484	318	8	0	1	318	1	318	0.0	625
18P3R3A11_02810	38P2R3A13_00954	96.855	318	10	0	1	318	1	318	0.0	625
18P3R3A11_02811	18P3R3A11_02811	100.000	378	0	0	1	378	1	378	0.0	780
18P3R3A11_02811	38P2R3A13_07553	97.619	378	9	0	1	378	1	378	0.0	764
18P3R3A11_02812	18P3R3A11_02812	100.000	371	0	0	1	371	1	371	0.0	755
18P3R3A11_02813	18P3R3A11_02813	100.000	159	0	0	1	159	1	159	5.11e-114	320
18P3R3A11_02814	18P3R3A11_02814	100.000	308	0	0	1	308	1	308	0.0	624
18P3R3A11_02814	38P2R3A13_07333	98.671	301	4	0	8	308	1	301	0.0	603
18P3R3A11_02815	18P3R3A11_02815	100.000	241	0	0	1	241	1	241	0.0	503
18P3R3A11_02815	38P2R3A13_00959	97.925	241	5	0	1	241	1	241	2.35e-179	491
18P3R3A11_02815	56P2R2A4_01198	96.266	241	9	0	1	241	1	241	8.81e-177	485
18P3R3A11_02815	38P2R3A13_07332	95.021	241	12	0	1	241	1	241	7.18e-165	455
18P3R3A11_02816	18P3R3A11_02816	100.000	90	0	0	1	90	1	90	4.27e-63	185
18P3R3A11_02816	38P2R3A13_07331	97.778	90	2	0	1	90	1	90	7.10e-62	182
18P3R3A11_02817	18P3R3A11_02817	100.000	125	0	0	1	125	1	125	2.12e-86	247
18P3R3A11_02818	18P3R3A11_02818	100.000	562	0	0	1	562	1	562	0.0	1122
18P3R3A11_02819	18P3R3A11_02819	100.000	85	0	0	1	85	1	85	9.21e-57	169
18P3R3A11_02820	18P3R3A11_02820	100.000	194	0	0	1	194	1	194	5.42e-146	403
18P3R3A11_02821	18P3R3A11_02821	100.000	265	0	0	1	265	1	265	0.0	531
18P3R3A11_02822	18P3R3A11_02822	100.000	236	0	0	1	236	1	236	5.66e-178	488
18P3R3A11_02823	18P3R3A11_02823	100.000	61	0	0	1	61	1	61	6.91e-38	119
18P3R3A11_02824	18P3R3A11_02824	100.000	160	0	0	1	160	1	160	2.89e-119	333
18P3R3A11_02825	18P3R3A11_02825	100.000	107	0	0	1	107	1	107	2.34e-76	220
18P3R3A11_02825	56P2R2A4_01194	96.262	107	4	0	1	107	1	107	1.02e-73	213
18P3R3A11_02826	18P3R3A11_02826	100.000	430	0	0	1	430	1	430	0.0	836
18P3R3A11_02826	38P2R3A13_00964	97.209	430	12	0	1	430	1	430	0.0	818
18P3R3A11_02827	18P3R3A11_02827	100.000	144	0	0	1	144	1	144	1.41e-104	294
18P3R3A11_02827	37P2R3-2A1_00069	95.139	144	7	0	1	144	1	144	1.17e-99	282
18P3R3A11_02828	18P3R3A11_02828	100.000	257	0	0	1	257	1	257	0.0	509
18P3R3A11_02829	18P3R3A11_02829	100.000	184	0	0	1	184	1	184	8.34e-140	387
18P3R3A11_02829	38P2R3A13_00967	96.703	182	6	0	1	182	1	182	5.69e-134	372
18P3R3A11_02829	38P2R3A13_07324	95.604	182	8	0	1	182	1	182	8.66e-132	366
18P3R3A11_02830	18P3R3A11_02830	100.000	405	0	0	1	405	1	405	0.0	798
18P3R3A11_02830	38P2R3A13_07323	96.049	405	16	0	1	405	1	405	0.0	769
18P3R3A11_02830	38P2R3A13_00968	96.049	405	16	0	1	405	1	405	0.0	766
18P3R3A11_02831	18P3R3A11_02831	100.000	271	0	0	1	271	1	271	0.0	555
18P3R3A11_02832	18P3R3A11_02832	100.000	411	0	0	1	411	1	411	0.0	815
18P3R3A11_02832	38P2R3A13_07737	96.837	411	13	0	1	411	1	411	0.0	797
18P3R3A11_02832	38P2R3A13_00970	95.864	411	17	0	1	411	1	411	0.0	765
18P3R3A11_02833	18P3R3A11_02833	100.000	243	0	0	1	243	1	243	4.55e-179	491
18P3R3A11_02834	18P3R3A11_02834	100.000	203	0	0	1	203	1	203	4.70e-146	404
18P3R3A11_02835	18P3R3A11_02835	100.000	253	0	0	1	253	1	253	0.0	524
18P3R3A11_02835	56P2R2A4_01184	97.628	253	6	0	1	253	1	253	0.0	513
18P3R3A11_02835	38P2R3A13_07740	95.257	253	12	0	1	253	1	253	0.0	506
18P3R3A11_02836	18P3R3A11_02836	100.000	402	0	0	1	402	1	402	0.0	822
18P3R3A11_02836	38P2R3A13_00974	97.512	402	10	0	1	402	1	402	0.0	809
18P3R3A11_02837	18P3R3A11_02837	100.000	209	0	0	1	209	1	209	5.26e-157	432
18P3R3A11_02838	18P3R3A11_02838	100.000	373	0	0	1	373	1	373	0.0	754
18P3R3A11_02839	18P3R3A11_02839	100.000	128	0	0	1	128	1	128	1.61e-90	258
18P3R3A11_02839	38P2R3A13_00977	95.312	128	6	0	1	128	1	128	2.90e-86	247
18P3R3A11_02840	18P3R3A11_02840	100.000	442	0	0	1	442	1	442	0.0	909
18P3R3A11_02840	31P2R1A5_01719	96.154	442	17	0	1	442	1	442	0.0	882
18P3R3A11_02840	42P1R1A12_05340	95.475	442	20	0	1	442	1	442	0.0	877
18P3R3A11_02840	10P3R2A13_01661	96.154	442	17	0	1	442	1	442	0.0	875
18P3R3A11_02840	38P2R3A13_06172	99.259	405	3	0	38	442	1	405	0.0	829
18P3R3A11_02841	18P3R3A11_02841	100.000	304	0	0	1	304	1	304	0.0	600
18P3R3A11_02842	18P3R3A11_02842	100.000	307	0	0	1	307	1	307	0.0	613
18P3R3A11_02842	38P2R3A13_06174	96.743	307	10	0	1	307	1	307	0.0	598
18P3R3A11_02842	38P2R3A13_00980	96.417	307	11	0	1	307	1	307	0.0	597
18P3R3A11_02843	18P3R3A11_02843	100.000	513	0	0	1	513	1	513	0.0	1046
18P3R3A11_02843	38P2R3A13_00981	97.856	513	11	0	1	513	1	513	0.0	1027
18P3R3A11_02843	38P2R3A13_06175	95.906	513	21	0	1	513	1	513	0.0	979
18P3R3A11_02844	18P3R3A11_02844	100.000	624	0	0	1	624	1	624	0.0	1262
18P3R3A11_02845	18P3R3A11_02845	100.000	313	0	0	1	313	1	313	0.0	630
18P3R3A11_02845	38P2R3A13_00983	96.805	313	10	0	1	313	3	315	0.0	612
18P3R3A11_02846	18P3R3A11_02846	100.000	411	0	0	1	411	1	411	0.0	835
18P3R3A11_02846	56P2R2A4_01171	96.107	411	16	0	1	411	1	411	0.0	808
18P3R3A11_02846	38P2R3A13_00984	95.864	411	17	0	1	411	1	411	0.0	808
18P3R3A11_02847	18P3R3A11_02847	100.000	251	0	0	1	251	1	251	0.0	512
18P3R3A11_02847	56P2R2A4_01170	95.618	251	11	0	1	251	1	251	4.99e-164	454
18P3R3A11_02847	38P2R3A13_00985	95.219	251	12	0	1	251	1	251	5.51e-163	451
18P3R3A11_02848	18P3R3A11_02848	100.000	221	0	0	1	221	1	221	4.21e-160	441
18P3R3A11_02848	38P2R3A13_00986	97.285	221	6	0	1	221	1	221	1.63e-155	429
18P3R3A11_02848	38P2R3A13_06180	95.023	221	11	0	1	221	1	221	6.67e-153	423
18P3R3A11_02849	18P3R3A11_02849	100.000	300	0	0	1	300	1	300	0.0	623
18P3R3A11_02849	38P2R3A13_00987	96.333	300	11	0	1	300	1	300	0.0	606
18P3R3A11_02850	18P3R3A11_02850	100.000	811	0	0	1	811	1	811	0.0	1689
18P3R3A11_02850	38P2R3A13_06182	96.794	811	26	0	1	811	1	811	0.0	1643
18P3R3A11_02851	18P3R3A11_02851	100.000	272	0	0	1	272	1	272	0.0	558
18P3R3A11_02851	38P2R3A13_00989	95.588	272	12	0	1	272	1	272	0.0	536
18P3R3A11_02852	18P3R3A11_02852	100.000	419	0	0	1	419	1	419	0.0	872
18P3R3A11_02852	38P2R3A13_06184	96.659	419	14	0	1	419	1	419	0.0	850
18P3R3A11_02853	18P3R3A11_02853	100.000	358	0	0	1	358	1	358	0.0	734
18P3R3A11_02853	38P2R3A13_00991	96.648	358	12	0	1	358	1	358	0.0	713
18P3R3A11_02854	18P3R3A11_02854	100.000	434	0	0	1	434	1	434	0.0	876
18P3R3A11_02855	18P3R3A11_02855	100.000	788	0	0	1	788	1	788	0.0	1637
18P3R3A11_02855	37P2R3-2A1_00042	97.843	788	17	0	1	788	1	788	0.0	1609
18P3R3A11_02855	38P2R3A13_00993	97.208	788	22	0	1	788	1	788	0.0	1600
18P3R3A11_02856	18P3R3A11_02856	100.000	532	0	0	1	532	1	532	0.0	1095
18P3R3A11_02856	31P2R1A5_01734	96.415	530	19	0	1	530	1	530	0.0	1061
18P3R3A11_02856	42P1R1A12_06059	96.226	530	20	0	1	530	1	530	0.0	1059
18P3R3A11_02856	38P2R3A13_06188	99.085	328	3	0	205	532	1	328	0.0	672
18P3R3A11_02857	18P3R3A11_02857	100.000	307	0	0	1	307	1	307	0.0	627
18P3R3A11_02857	47P2R3A6_02958	96.417	307	11	0	1	307	23	329	0.0	612
18P3R3A11_02857	38P2R3A13_00995	96.091	307	12	0	1	307	1	307	0.0	610
18P3R3A11_02857	38P2R3A13_07089	95.406	283	13	0	25	307	1	283	0.0	557
18P3R3A11_02858	18P3R3A11_02858	100.000	239	0	0	1	239	1	239	0.0	499
18P3R3A11_02858	38P2R3A13_07090	96.653	239	8	0	1	239	1	239	2.09e-177	486
18P3R3A11_02859	18P3R3A11_02859	100.000	441	0	0	1	441	1	441	0.0	867
18P3R3A11_02859	38P2R3A13_07091	97.052	441	13	0	1	441	1	441	0.0	849
18P3R3A11_02860	18P3R3A11_02860	100.000	459	0	0	1	459	1	459	0.0	963
18P3R3A11_02860	38P2R3A13_00998	97.386	459	12	0	1	459	1	459	0.0	945
18P3R3A11_02860	38P2R3A13_07092	95.425	459	21	0	1	459	1	459	0.0	929
18P3R3A11_02861	18P3R3A11_02861	100.000	346	0	0	1	346	1	346	0.0	707
18P3R3A11_02861	38P2R3A13_00999	95.652	345	15	0	1	345	1	345	0.0	677
18P3R3A11_02862	18P3R3A11_02862	100.000	508	0	0	1	508	1	508	0.0	1022
18P3R3A11_02862	38P2R3A13_01000	97.835	508	11	0	1	508	1	508	0.0	1003
18P3R3A11_02863	18P3R3A11_02863	100.000	524	0	0	1	524	1	524	0.0	1059
18P3R3A11_02863	38P2R3A13_07095	97.328	524	14	0	1	524	1	524	0.0	1041
18P3R3A11_02863	38P2R3A13_01001	96.947	524	16	0	1	524	1	524	0.0	1036
18P3R3A11_02864	18P3R3A11_02864	100.000	365	0	0	1	365	1	365	0.0	732
18P3R3A11_02864	38P2R3A13_01002	96.986	365	11	0	1	365	1	365	0.0	714
18P3R3A11_02865	18P3R3A11_02865	100.000	370	0	0	1	370	1	370	0.0	726
18P3R3A11_02866	18P3R3A11_02866	100.000	158	0	0	1	158	1	158	3.94e-113	317
18P3R3A11_02866	38P2R3A13_01004	96.203	158	6	0	1	158	1	158	2.30e-108	305
18P3R3A11_02867	18P3R3A11_02867	100.000	43	0	0	1	43	1	43	4.91e-26	88.6
18P3R3A11_02868	18P3R3A11_02868	100.000	528	0	0	1	528	1	528	0.0	1098
18P3R3A11_02869	18P3R3A11_02869	100.000	173	0	0	1	173	1	173	7.48e-126	350
18P3R3A11_02869	47P2R3A6_02970	96.532	173	6	0	1	173	1	173	1.77e-122	342
18P3R3A11_02870	18P3R3A11_02870	100.000	296	0	0	1	296	1	296	0.0	572
18P3R3A11_02871	18P3R3A11_02871	100.000	168	0	0	1	168	1	168	9.83e-123	342
18P3R3A11_02872	18P3R3A11_02872	100.000	248	0	0	1	248	1	248	2.41e-180	494
18P3R3A11_02872	10P3R2A13_02639	95.984	249	9	1	1	248	1	249	3.70e-173	476
18P3R3A11_02873	18P3R3A11_02873	100.000	220	0	0	1	220	1	220	3.26e-155	429
18P3R3A11_02873	31P2R1A5_01748	95.909	220	9	0	1	220	1	220	1.94e-150	417
18P3R3A11_02873	38P2R3A13_05828	98.058	103	2	0	1	103	1	103	1.88e-67	202
18P3R3A11_02873	38P2R3A13_05829	100.000	74	0	0	147	220	1	74	1.39e-44	143
18P3R3A11_02874	18P3R3A11_02874	100.000	154	0	0	1	154	1	154	5.75e-108	304
18P3R3A11_02875	18P3R3A11_02875	100.000	236	0	0	1	236	1	236	3.06e-178	488
18P3R3A11_02876	18P3R3A11_02876	100.000	478	0	0	1	478	1	478	0.0	955
18P3R3A11_02876	38P2R3A13_07304	97.071	478	14	0	1	478	1	478	0.0	926
18P3R3A11_02877	18P3R3A11_02877	100.000	328	0	0	1	328	1	328	0.0	679
18P3R3A11_02877	38P2R3A13_03308	97.561	328	8	0	1	328	1	328	0.0	664
18P3R3A11_02877	38P2R3A13_07305	95.122	328	16	0	1	328	1	328	0.0	647
18P3R3A11_02878	18P3R3A11_02878	100.000	310	0	0	1	310	1	310	0.0	615
18P3R3A11_02878	38P2R3A13_03309	95.161	310	15	0	1	310	1	310	0.0	542
18P3R3A11_02879	18P3R3A11_02879	100.000	297	0	0	1	297	1	297	0.0	588
18P3R3A11_02879	38P2R3A13_07307	97.980	297	6	0	1	297	1	297	0.0	579
18P3R3A11_02879	10P3R2A13_03333	97.980	297	6	0	1	297	1	297	0.0	578
18P3R3A11_02880	18P3R3A11_02880	100.000	322	0	0	1	322	1	322	0.0	624
18P3R3A11_02880	31P2R1A5_04777	97.205	322	9	0	1	322	1	322	0.0	615
18P3R3A11_02880	42P1R1A12_05384	97.826	322	7	0	1	322	1	322	0.0	613
18P3R3A11_02880	10P3R2A13_03332	97.205	322	9	0	1	322	1	322	0.0	611
18P3R3A11_02881	18P3R3A11_02881	100.000	502	0	0	1	502	1	502	0.0	1018
18P3R3A11_02881	10P3R2A13_03331	96.414	502	18	0	1	502	1	502	0.0	989
18P3R3A11_02881	31P2R1A5_04776	96.215	502	19	0	1	502	1	502	0.0	984
18P3R3A11_02881	15P1R1A16_03817	98.611	216	3	0	287	502	1	216	9.41e-152	431
18P3R3A11_02882	18P3R3A11_02882	100.000	140	0	0	1	140	1	140	1.43e-101	286
18P3R3A11_02882	38P2R3A13_07310	97.143	140	4	0	1	140	1	140	7.30e-99	280
18P3R3A11_02883	18P3R3A11_02883	100.000	623	0	0	1	623	1	623	0.0	1251
18P3R3A11_02884	18P3R3A11_02884	100.000	499	0	0	1	499	1	499	0.0	1015
18P3R3A11_02884	38P2R3A13_03315	96.994	499	15	0	1	499	1	499	0.0	993
18P3R3A11_02885	18P3R3A11_02885	100.000	484	0	0	1	484	1	484	0.0	991
18P3R3A11_02885	38P2R3A13_03316	97.727	484	11	0	1	484	1	484	0.0	971
18P3R3A11_02885	38P2R3A13_08052	96.281	484	18	0	1	484	1	484	0.0	958
18P3R3A11_02886	18P3R3A11_02886	100.000	331	0	0	1	331	1	331	0.0	674
18P3R3A11_02886	38P2R3A13_08051	96.073	331	13	0	1	331	1	331	0.0	649
18P3R3A11_02887	18P3R3A11_02887	100.000	153	0	0	1	153	1	153	3.64e-112	314
18P3R3A11_02887	42P1R1A12_05377	96.732	153	5	0	1	153	1	153	7.49e-108	303
18P3R3A11_02888	18P3R3A11_02888	100.000	150	0	0	1	150	1	150	6.90e-107	301
18P3R3A11_02888	38P2R3A13_03319	98.000	150	3	0	1	150	1	150	1.74e-105	297
18P3R3A11_02888	38P2R3A13_08049	96.667	150	5	0	1	150	1	150	1.11e-103	293
18P3R3A11_02889	18P3R3A11_02889	100.000	630	0	0	1	630	1	630	0.0	1299
18P3R3A11_02889	42P1R1A12_05375	95.556	630	28	0	1	630	1	630	0.0	1238
18P3R3A11_02889	31P2R1A5_04768	95.714	630	27	0	1	630	1	630	0.0	1238
18P3R3A11_02889	10P3R2A13_03323	95.238	630	30	0	1	630	1	630	0.0	1229
18P3R3A11_02889	38P2R3A13_08385	99.147	586	5	0	45	630	1	586	0.0	1199
18P3R3A11_02890	18P3R3A11_02890	100.000	208	0	0	1	208	1	208	3.98e-153	422
18P3R3A11_02891	18P3R3A11_02891	100.000	127	0	0	1	127	1	127	5.63e-85	243
18P3R3A11_02892	18P3R3A11_02892	100.000	272	0	0	1	272	1	272	0.0	539
18P3R3A11_02892	42P1R1A12_05372	95.221	272	13	0	1	272	1	272	0.0	520
18P3R3A11_02894	18P3R3A11_02894	100.000	157	0	0	1	157	1	157	4.66e-107	301
18P3R3A11_02894	31P2R1A5_04763	96.815	157	5	0	1	157	1	157	1.20e-104	296
18P3R3A11_02894	10P3R2A13_03318	95.541	157	7	0	1	157	1	157	5.72e-102	289
18P3R3A11_02894	5P3R2A4_03835	96.875	128	4	0	30	157	1	128	7.68e-77	224
18P3R3A11_02895	18P3R3A11_02895	100.000	178	0	0	1	178	1	178	1.84e-129	360
18P3R3A11_02896	18P3R3A11_02896	100.000	514	0	0	1	514	1	514	0.0	1046
18P3R3A11_02896	10P3R2A13_03316	95.525	514	23	0	1	514	1	514	0.0	1010
18P3R3A11_02897	18P3R3A11_02897	100.000	288	0	0	1	288	1	288	0.0	591
18P3R3A11_02897	47P2R3A6_03780	97.917	288	6	0	1	288	1	288	0.0	583
18P3R3A11_02897	31P2R1A5_04760	95.486	288	13	0	1	288	1	288	0.0	571
18P3R3A11_02897	42P1R1A12_05367	95.139	288	14	0	1	288	1	288	0.0	570
18P3R3A11_02899	18P3R3A11_02899	100.000	140	0	0	1	140	1	140	5.92e-99	280
18P3R3A11_02899	10P3R2A13_03313	95.714	140	6	0	1	140	1	140	1.79e-95	271
18P3R3A11_02899	31P2R1A5_04758	96.429	140	5	0	1	140	1	140	1.03e-94	269
18P3R3A11_02900	18P3R3A11_02900	100.000	457	0	0	1	457	1	457	0.0	933
18P3R3A11_02900	38P2R3A13_03331	96.718	457	15	0	1	457	1	457	0.0	903
18P3R3A11_02901	18P3R3A11_02901	100.000	610	0	0	1	610	1	610	0.0	1244
18P3R3A11_02901	15P1R1A16_04029	98.295	176	3	0	435	610	1	176	8.59e-120	352
18P3R3A11_02902	18P3R3A11_02902	100.000	191	0	0	1	191	1	191	6.33e-140	387
18P3R3A11_02903	18P3R3A11_02903	100.000	229	0	0	1	229	1	229	3.20e-169	465
18P3R3A11_02904	18P3R3A11_02904	100.000	840	0	0	1	840	1	840	0.0	1731
18P3R3A11_02905	18P3R3A11_02905	100.000	353	0	0	1	353	1	353	0.0	712
18P3R3A11_02906	18P3R3A11_02906	100.000	347	0	0	1	347	1	347	0.0	696
18P3R3A11_02906	38P2R3A13_08275	95.965	347	14	0	1	347	1	347	0.0	652
18P3R3A11_02907	18P3R3A11_02907	100.000	320	0	0	1	320	1	320	0.0	623
18P3R3A11_02907	10P3R2A13_03304	95.312	320	15	0	1	320	1	320	0.0	600
18P3R3A11_02907	31P2R1A5_04754	95.312	320	15	0	1	320	1	320	0.0	598
18P3R3A11_02908	18P3R3A11_02908	100.000	297	0	0	1	297	1	297	0.0	588
18P3R3A11_02908	38P2R3A13_03335	97.643	297	7	0	1	297	1	297	0.0	583
18P3R3A11_02908	38P2R3A13_08277	95.960	297	12	0	1	297	1	297	0.0	573
18P3R3A11_02908	15P1R1A16_01950	97.166	247	7	0	51	297	2	248	1.69e-174	482
18P3R3A11_02909	18P3R3A11_02909	100.000	258	0	0	1	258	1	258	0.0	538
18P3R3A11_02909	47P2R3A6_03772	96.512	258	9	0	1	258	1	258	0.0	523
18P3R3A11_02909	10P3R2A13_03302	95.349	258	12	0	1	258	1	258	0.0	519
18P3R3A11_02910	18P3R3A11_02910	100.000	242	0	0	1	242	1	242	0.0	497
18P3R3A11_02910	31P2R1A5_04751	97.934	242	5	0	1	242	1	242	9.93e-178	487
18P3R3A11_02910	10P3R2A13_03301	95.041	242	12	0	1	242	1	242	1.20e-172	474
18P3R3A11_02910	38P2R3A13_07704	100.000	215	0	0	28	242	1	215	1.45e-159	440
18P3R3A11_02911	18P3R3A11_02911	100.000	222	0	0	1	222	1	222	7.60e-168	461
18P3R3A11_02911	38P2R3A13_03338	97.297	222	6	0	1	222	1	222	1.65e-164	452
18P3R3A11_02911	38P2R3A13_07705	95.946	222	9	0	1	222	1	222	1.07e-160	442
18P3R3A11_02912	18P3R3A11_02912	100.000	447	0	0	1	447	1	447	0.0	875
18P3R3A11_02912	38P2R3A13_07706	97.315	447	12	0	1	447	1	447	0.0	853
18P3R3A11_02912	31P2R1A5_04746	95.843	433	18	0	15	447	14	446	0.0	811
18P3R3A11_02913	18P3R3A11_02913	100.000	189	0	0	1	189	1	189	7.90e-139	385
18P3R3A11_02914	18P3R3A11_02914	100.000	249	0	0	1	249	1	249	0.0	507
18P3R3A11_02914	38P2R3A13_03341	95.984	249	10	0	1	249	1	249	4.01e-178	489
18P3R3A11_02915	18P3R3A11_02915	100.000	324	0	0	1	324	1	324	0.0	669
18P3R3A11_02915	38P2R3A13_07709	97.222	324	9	0	1	324	1	324	0.0	654
18P3R3A11_02915	38P2R3A13_03342	96.605	324	11	0	1	324	1	324	0.0	622
18P3R3A11_02916	18P3R3A11_02916	100.000	402	0	0	1	402	1	402	0.0	800
18P3R3A11_02916	38P2R3A13_03343	95.663	392	17	0	11	402	1	392	0.0	754
18P3R3A11_02917	18P3R3A11_02917	100.000	455	0	0	1	455	1	455	0.0	910
18P3R3A11_02917	31P2R1A5_04740	95.824	455	19	0	1	455	1	455	0.0	874
18P3R3A11_02918	18P3R3A11_02918	100.000	548	0	0	1	548	1	548	0.0	1129
18P3R3A11_02918	47P2R3A6_03763	97.628	548	13	0	1	548	1	548	0.0	1110
18P3R3A11_02919	18P3R3A11_02919	100.000	109	0	0	1	109	1	109	6.59e-77	222
18P3R3A11_02919	38P2R3A13_03346	97.248	109	3	0	1	109	1	109	1.12e-74	216
18P3R3A11_02919	47P2R3A6_03762	97.248	109	3	0	1	109	1	109	2.82e-74	215
18P3R3A11_02919	42P1R1A12_03545	95.413	109	5	0	1	109	1	109	8.58e-73	211
18P3R3A11_02921	18P3R3A11_02921	100.000	367	0	0	1	367	1	367	0.0	754
18P3R3A11_02921	31P2R1A5_04736	96.185	367	14	0	1	367	1	367	0.0	729
18P3R3A11_02921	10P3R2A13_03279	95.095	367	18	0	1	367	1	367	0.0	723
18P3R3A11_02921	38P2R3A13_08591	99.631	271	1	0	97	367	1	271	0.0	557
18P3R3A11_02922	18P3R3A11_02922	100.000	358	0	0	1	358	1	358	0.0	736
18P3R3A11_02922	47P2R3A6_03759	97.765	358	8	0	1	358	1	358	0.0	723
18P3R3A11_02922	10P3R2A13_03278	96.089	358	14	0	1	358	1	358	0.0	709
18P3R3A11_02923	18P3R3A11_02923	100.000	804	0	0	1	804	1	804	0.0	1666
18P3R3A11_02923	47P2R3A6_03758	96.891	804	25	0	1	804	1	804	0.0	1623
18P3R3A11_02923	38P2R3A13_06851	96.042	480	19	0	325	804	1	480	0.0	926
18P3R3A11_02923	43P2R2A2_04869	97.468	79	2	0	726	804	1	79	1.73e-46	160
18P3R3A11_02924	18P3R3A11_02924	100.000	312	0	0	1	312	1	312	0.0	637
18P3R3A11_02924	37P2R3-2A1_04222	97.115	312	9	0	1	312	1	312	0.0	622
18P3R3A11_02924	38P2R3A13_03351	96.154	312	12	0	1	312	1	312	0.0	613
18P3R3A11_02925	18P3R3A11_02925	100.000	342	0	0	1	342	1	342	0.0	694
18P3R3A11_02925	38P2R3A13_03352	97.368	342	9	0	1	342	1	342	0.0	677
18P3R3A11_02926	18P3R3A11_02926	100.000	271	0	0	1	271	1	271	0.0	553
18P3R3A11_02926	38P2R3A13_06848	97.417	271	7	0	1	271	1	271	0.0	543
18P3R3A11_02926	38P2R3A13_03353	97.786	271	6	0	1	271	1	271	0.0	543
18P3R3A11_02927	18P3R3A11_02927	100.000	230	0	0	1	230	1	230	1.29e-172	473
18P3R3A11_02927	10P3R2A13_03273	95.652	230	10	0	1	230	1	230	1.37e-164	453
18P3R3A11_02927	54P2R2A3_04127	95.217	230	11	0	1	230	1	230	2.17e-164	452
18P3R3A11_02928	18P3R3A11_02928	100.000	293	0	0	1	293	1	293	0.0	600
18P3R3A11_02928	38P2R3A13_03355	95.904	293	12	0	1	293	1	293	0.0	553
18P3R3A11_02929	18P3R3A11_02929	100.000	206	0	0	1	206	1	206	2.73e-150	415
18P3R3A11_02930	18P3R3A11_02930	100.000	383	0	0	1	383	1	383	0.0	784
18P3R3A11_02930	38P2R3A13_06844	97.650	383	9	0	1	383	1	383	0.0	771
18P3R3A11_02930	42P1R1A12_03556	95.300	383	18	0	1	383	1	383	0.0	752
18P3R3A11_02931	18P3R3A11_02931	100.000	431	0	0	1	431	1	431	0.0	860
18P3R3A11_02931	38P2R3A13_06843	97.680	431	10	0	1	431	1	431	0.0	851
18P3R3A11_02931	54P2R2A3_04123	96.984	431	13	0	1	431	1	431	0.0	843
18P3R3A11_02932	18P3R3A11_02932	100.000	410	0	0	1	410	1	410	0.0	848
18P3R3A11_02933	18P3R3A11_02933	100.000	110	0	0	1	110	1	110	2.72e-78	225
18P3R3A11_02933	38P2R3A13_03360	95.455	110	5	0	1	110	1	110	6.40e-75	217
18P3R3A11_02933	38P2R3A13_06841	95.192	104	5	0	1	104	1	104	7.33e-71	206
18P3R3A11_02934	18P3R3A11_02934	100.000	137	0	0	1	137	1	137	1.57e-97	276
18P3R3A11_02935	18P3R3A11_02935	100.000	143	0	0	1	143	1	143	1.15e-104	295
18P3R3A11_02935	38P2R3A13_03362	97.902	143	3	0	1	143	1	143	4.11e-103	291
18P3R3A11_02936	18P3R3A11_02936	100.000	554	0	0	1	554	1	554	0.0	1096
18P3R3A11_02936	38P2R3A13_06838	97.112	554	16	0	1	554	1	554	0.0	1072
18P3R3A11_02937	18P3R3A11_02937	100.000	249	0	0	1	249	1	249	0.0	511
18P3R3A11_02937	47P2R3A6_03744	97.189	249	7	0	1	249	1	249	0.0	499
18P3R3A11_02937	38P2R3A13_06837	95.690	116	5	0	134	249	1	116	8.85e-79	233
18P3R3A11_02938	18P3R3A11_02938	100.000	541	0	0	1	541	1	541	0.0	1087
18P3R3A11_02938	38P2R3A13_07058	95.749	541	23	0	1	541	1	541	0.0	1052
18P3R3A11_02939	18P3R3A11_02939	100.000	441	0	0	1	441	1	441	0.0	920
18P3R3A11_02939	56P2R2A4_03631	97.959	441	9	0	1	441	1	441	0.0	906
18P3R3A11_02939	38P2R3A13_07059	97.506	441	11	0	1	441	1	441	0.0	898
18P3R3A11_02940	18P3R3A11_02940	100.000	116	0	0	1	116	1	116	7.57e-79	227
18P3R3A11_02940	38P2R3A13_03367	97.414	116	3	0	1	116	1	116	1.50e-77	224
18P3R3A11_02940	38P2R3A13_07060	96.552	116	4	0	1	116	1	116	7.22e-76	219
18P3R3A11_02941	18P3R3A11_02941	100.000	116	0	0	1	116	1	116	4.00e-80	230
18P3R3A11_02941	38P2R3A13_03368	95.690	116	5	0	1	116	1	116	1.84e-68	201
18P3R3A11_02942	18P3R3A11_02942	100.000	429	0	0	1	429	1	429	0.0	878
18P3R3A11_02942	37P2R3-2A1_03376	97.203	429	12	0	1	429	1	429	0.0	857
18P3R3A11_02942	56P2R2A4_03628	96.970	429	13	0	1	429	1	429	0.0	856
18P3R3A11_02942	38P2R3A13_03369	96.503	429	15	0	1	429	1	429	0.0	853
18P3R3A11_02943	18P3R3A11_02943	100.000	446	0	0	1	446	1	446	0.0	871
18P3R3A11_02943	38P2R3A13_07063	95.964	446	18	0	1	446	1	446	0.0	822
18P3R3A11_02944	18P3R3A11_02944	100.000	309	0	0	1	309	1	309	0.0	643
18P3R3A11_02944	37P2R3-2A1_03375	97.368	304	8	0	6	309	2	305	0.0	614
18P3R3A11_02945	18P3R3A11_02945	100.000	363	0	0	1	363	1	363	0.0	748
18P3R3A11_02945	38P2R3A13_03372	96.143	363	14	0	1	363	1	363	0.0	721
18P3R3A11_02946	18P3R3A11_02946	100.000	386	0	0	1	386	1	386	0.0	755
18P3R3A11_02946	38P2R3A13_07066	97.927	386	8	0	1	386	10	395	0.0	744
18P3R3A11_02946	37P2R3-2A1_03373	97.927	386	8	0	1	386	1	386	0.0	743
18P3R3A11_02947	18P3R3A11_02947	100.000	278	0	0	1	278	1	278	0.0	543
18P3R3A11_02947	38P2R3A13_03374	97.842	278	6	0	1	278	1	278	0.0	530
18P3R3A11_02948	18P3R3A11_02948	100.000	149	0	0	1	149	1	149	3.22e-110	309
18P3R3A11_02948	37P2R3-2A1_03371	96.644	149	5	0	1	149	1	149	1.19e-105	298
18P3R3A11_02949	18P3R3A11_02949	100.000	30	0	0	1	30	1	30	1.61e-11	51.2
18P3R3A11_02949	38P2R3A13_07069	96.667	30	1	0	1	30	1	30	3.79e-11	50.1
18P3R3A11_02950	18P3R3A11_02950	100.000	238	0	0	1	238	1	238	9.89e-179	489
18P3R3A11_02951	18P3R3A11_02951	100.000	61	0	0	1	61	1	61	1.53e-36	116
18P3R3A11_02952	18P3R3A11_02952	100.000	160	0	0	1	160	1	160	1.38e-119	333
18P3R3A11_02953	18P3R3A11_02953	100.000	563	0	0	1	563	1	563	0.0	1150
18P3R3A11_02953	38P2R3A13_07897	95.915	563	23	0	1	563	1	563	0.0	1095
18P3R3A11_02954	18P3R3A11_02954	100.000	96	0	0	1	96	1	96	1.31e-68	199
18P3R3A11_02954	38P2R3A13_07898	96.875	96	3	0	1	96	1	96	2.81e-66	194
18P3R3A11_02955	18P3R3A11_02955	100.000	198	0	0	1	198	1	198	8.89e-146	403
18P3R3A11_02955	38P2R3A13_07899	95.960	198	8	0	1	198	1	198	6.68e-140	388
18P3R3A11_02956	18P3R3A11_02956	100.000	502	0	0	1	502	1	502	0.0	991
18P3R3A11_02956	56P2R2A4_03617	97.610	502	12	0	1	502	1	502	0.0	971
18P3R3A11_02956	38P2R3A13_07900	95.418	502	23	0	1	502	1	502	0.0	865
18P3R3A11_02957	18P3R3A11_02957	100.000	440	0	0	1	440	1	440	0.0	881
18P3R3A11_02957	38P2R3A13_07901	97.045	440	13	0	1	440	1	440	0.0	860
18P3R3A11_02958	18P3R3A11_02958	100.000	466	0	0	1	466	1	466	0.0	940
18P3R3A11_02958	31P2R1A5_04706	95.852	458	19	0	1	458	1	458	0.0	896
18P3R3A11_02958	42P1R1A12_03582	96.070	458	18	0	1	458	1	458	0.0	868
18P3R3A11_02958	38P2R3A13_08258	98.624	218	3	0	245	462	1	218	6.56e-151	428
18P3R3A11_02959	18P3R3A11_02959	100.000	335	0	0	1	335	1	335	0.0	701
18P3R3A11_02959	37P2R3-2A1_03360	97.313	335	9	0	1	335	1	335	0.0	683
18P3R3A11_02960	18P3R3A11_02960	100.000	301	0	0	1	301	1	301	0.0	607
18P3R3A11_02961	18P3R3A11_02961	100.000	151	0	0	1	151	1	151	1.64e-110	310
18P3R3A11_02961	38P2R3A13_08256	95.364	151	7	0	1	151	1	151	1.39e-105	297
18P3R3A11_02962	18P3R3A11_02962	100.000	176	0	0	1	176	1	176	2.26e-130	362
18P3R3A11_02963	18P3R3A11_02963	100.000	397	0	0	1	397	1	397	0.0	773
18P3R3A11_02963	47P2R3A6_03723	96.474	397	14	0	1	397	1	397	0.0	753
18P3R3A11_02964	18P3R3A11_02964	100.000	302	0	0	1	302	1	302	0.0	586
18P3R3A11_02964	38P2R3A13_08532	97.351	302	8	0	1	302	1	302	0.0	571
18P3R3A11_02965	18P3R3A11_02965	100.000	460	0	0	1	460	1	460	0.0	955
18P3R3A11_02965	47P2R3A6_03721	97.174	460	13	0	1	460	1	460	0.0	937
18P3R3A11_02965	38P2R3A13_08531	98.817	169	2	0	292	460	1	169	6.79e-122	352
18P3R3A11_02965	38P2R3A13_08530	95.105	143	7	0	143	285	1	143	2.87e-99	293
18P3R3A11_02966	18P3R3A11_02966	100.000	102	0	0	1	102	1	102	3.02e-70	204
18P3R3A11_02967	18P3R3A11_02967	100.000	459	0	0	1	459	1	459	0.0	961
18P3R3A11_02967	38P2R3A13_05704	95.852	458	19	0	1	458	1	458	0.0	930
18P3R3A11_02968	18P3R3A11_02968	100.000	442	0	0	1	442	1	442	0.0	889
18P3R3A11_02969	18P3R3A11_02969	100.000	105	0	0	1	105	1	105	2.38e-73	212
18P3R3A11_02970	18P3R3A11_02970	100.000	331	0	0	1	331	1	331	0.0	683
18P3R3A11_02970	38P2R3A13_03401	98.423	317	5	0	15	331	1	317	0.0	645
18P3R3A11_02970	38P2R3A13_05701	96.845	317	10	0	15	331	1	317	0.0	636
18P3R3A11_02971	18P3R3A11_02971	100.000	99	0	0	1	99	1	99	2.74e-67	196
18P3R3A11_02971	38P2R3A13_05700	95.960	99	4	0	1	99	1	99	5.80e-57	171
18P3R3A11_02972	18P3R3A11_02972	100.000	455	0	0	1	455	1	455	0.0	915
18P3R3A11_02973	18P3R3A11_02973	100.000	1037	0	0	1	1037	1	1037	0.0	2103
18P3R3A11_02973	38P2R3A13_05698	95.661	1037	45	0	1	1037	1	1037	0.0	1987
18P3R3A11_02974	18P3R3A11_02974	100.000	374	0	0	1	374	1	374	0.0	750
18P3R3A11_02974	56P2R2A4_03602	97.326	374	10	0	1	374	1	374	0.0	735
18P3R3A11_02975	18P3R3A11_02975	100.000	190	0	0	1	190	1	190	2.11e-141	391
18P3R3A11_02975	56P2R2A4_03601	96.842	190	6	0	1	190	1	190	1.62e-136	379
18P3R3A11_02976	18P3R3A11_02976	100.000	140	0	0	1	140	1	140	1.68e-103	291
18P3R3A11_02976	37P2R3-2A1_03341	95.714	140	6	0	1	140	1	140	4.12e-99	280
18P3R3A11_02977	18P3R3A11_02977	100.000	216	0	0	1	216	1	216	3.95e-159	438
18P3R3A11_02978	18P3R3A11_02978	100.000	495	0	0	1	495	1	495	0.0	966
18P3R3A11_02979	18P3R3A11_02979	100.000	87	0	0	1	87	1	87	9.12e-60	177
18P3R3A11_02980	18P3R3A11_02980	100.000	133	0	0	1	133	1	133	7.65e-98	276
18P3R3A11_02981	18P3R3A11_02981	100.000	267	0	0	1	267	1	267	0.0	538
18P3R3A11_02981	38P2R3A13_03404	95.600	250	11	0	18	267	18	267	5.97e-177	488
18P3R3A11_02982	18P3R3A11_02982	100.000	260	0	0	1	260	1	260	0.0	537
18P3R3A11_02982	37P2R3-2A1_03335	96.923	260	8	0	1	260	1	260	0.0	520
18P3R3A11_02983	18P3R3A11_02983	100.000	318	0	0	1	318	1	318	0.0	659
18P3R3A11_02983	37P2R3-2A1_03334	97.484	318	8	0	1	318	1	318	0.0	645
18P3R3A11_02984	18P3R3A11_02984	100.000	363	0	0	1	363	1	363	0.0	747
18P3R3A11_02984	38P2R3A13_05685	95.568	361	16	0	1	361	1	361	0.0	718
18P3R3A11_02985	18P3R3A11_02985	100.000	320	0	0	1	320	1	320	0.0	661
18P3R3A11_02985	38P2R3A13_04639	96.562	320	11	0	1	320	1	320	0.0	643
18P3R3A11_02986	18P3R3A11_02986	100.000	137	0	0	1	137	1	137	1.78e-98	278
18P3R3A11_02986	38P2R3A13_04640	95.620	137	6	0	1	137	1	137	7.30e-85	244
18P3R3A11_02987	18P3R3A11_02987	100.000	242	0	0	1	242	1	242	2.60e-179	491
18P3R3A11_02988	18P3R3A11_02988	100.000	175	0	0	1	175	1	175	4.59e-128	356
18P3R3A11_02988	38P2R3A13_05681	96.000	175	7	0	1	175	1	175	4.78e-124	346
18P3R3A11_02989	18P3R3A11_02989	100.000	349	0	0	1	349	1	349	0.0	704
18P3R3A11_02989	37P2R3-2A1_03326	96.084	332	13	0	1	332	1	332	0.0	623
18P3R3A11_02989	38P2R3A13_04643	95.783	332	14	0	1	332	1	332	0.0	620
18P3R3A11_02990	18P3R3A11_02990	100.000	148	0	0	1	148	1	148	1.63e-106	300
18P3R3A11_02990	37P2R3-2A1_03325	95.946	148	6	0	1	148	1	148	2.44e-102	289
18P3R3A11_02990	56P2R2A4_03388	96.528	144	5	0	1	144	5	148	5.78e-100	283
18P3R3A11_02991	18P3R3A11_02991	100.000	174	0	0	1	174	1	174	1.51e-130	362
18P3R3A11_02991	37P2R3-2A1_03324	95.977	174	7	0	1	174	1	174	4.43e-124	346
18P3R3A11_02992	18P3R3A11_02992	100.000	160	0	0	1	160	1	160	8.17e-120	334
18P3R3A11_02993	18P3R3A11_02993	100.000	64	0	0	1	64	1	64	1.99e-38	121
18P3R3A11_02994	18P3R3A11_02994	100.000	232	0	0	1	232	1	232	5.52e-172	472
18P3R3A11_02995	18P3R3A11_02995	100.000	114	0	0	1	114	1	114	2.31e-82	236
18P3R3A11_02996	18P3R3A11_02996	100.000	246	0	0	1	246	1	246	0.0	516
18P3R3A11_02997	18P3R3A11_02997	100.000	393	0	0	1	393	1	393	0.0	759
18P3R3A11_02998	18P3R3A11_02998	100.000	406	0	0	1	406	1	406	0.0	831
18P3R3A11_02998	38P2R3A13_02788	97.537	406	10	0	1	406	1	406	0.0	815
18P3R3A11_02998	47P2R3A6_00196	96.798	406	13	0	1	406	1	406	0.0	807
18P3R3A11_02998	34P3R2A10_03300	95.023	221	11	0	184	404	1	221	3.23e-153	432
18P3R3A11_02999	18P3R3A11_02999	100.000	666	0	0	1	666	1	666	0.0	1373
18P3R3A11_03000	18P3R3A11_03000	100.000	93	0	0	1	93	1	93	1.07e-62	184
18P3R3A11_03000	38P2R3A13_02786	97.778	90	2	0	1	90	1	90	2.88e-59	176
18P3R3A11_03000	56P2R2A4_01600	96.667	90	3	0	1	90	1	90	4.48e-58	173
18P3R3A11_03001	18P3R3A11_03001	100.000	182	0	0	1	182	1	182	7.12e-137	379
18P3R3A11_03001	38P2R3A13_02785	97.802	182	4	0	1	182	1	182	2.01e-133	370
18P3R3A11_03001	38P2R3A13_08193	95.055	182	9	0	1	182	1	182	4.66e-130	362
18P3R3A11_03002	18P3R3A11_03002	100.000	270	0	0	1	270	1	270	0.0	531
18P3R3A11_03002	38P2R3A13_02784	97.037	270	8	0	1	270	1	270	0.0	517
18P3R3A11_03003	18P3R3A11_03003	100.000	275	0	0	1	275	1	275	0.0	565
18P3R3A11_03003	38P2R3A13_08195	96.727	275	9	0	1	275	1	275	0.0	548
18P3R3A11_03004	18P3R3A11_03004	100.000	362	0	0	1	362	1	362	0.0	742
18P3R3A11_03005	18P3R3A11_03005	100.000	311	0	0	1	311	1	311	0.0	642
18P3R3A11_03006	18P3R3A11_03006	100.000	184	0	0	1	184	1	184	1.77e-137	381
18P3R3A11_03006	38P2R3A13_08671	96.739	184	6	0	1	184	1	184	3.84e-133	370
18P3R3A11_03007	18P3R3A11_03007	100.000	162	0	0	1	162	1	162	9.12e-119	332
18P3R3A11_03007	38P2R3A13_02779	97.531	162	4	0	1	162	1	162	7.21e-116	324
18P3R3A11_03007	38P2R3A13_08672	97.531	162	4	0	1	162	1	162	9.81e-116	324
18P3R3A11_03007	37P2R3-2A1_01905	99.363	157	1	0	6	162	1	157	5.51e-114	319
18P3R3A11_03007	56P2R2A4_01593	97.452	157	4	0	6	162	1	157	1.14e-111	313
18P3R3A11_03008	18P3R3A11_03008	100.000	716	0	0	1	716	1	716	0.0	1457
18P3R3A11_03008	38P2R3A13_02778	95.391	716	33	0	1	716	1	716	0.0	1375
18P3R3A11_03009	18P3R3A11_03009	100.000	437	0	0	1	437	1	437	0.0	884
18P3R3A11_03009	38P2R3A13_07243	97.941	437	9	0	1	437	1	437	0.0	871
18P3R3A11_03010	18P3R3A11_03010	100.000	95	0	0	1	95	1	95	7.19e-65	190
18P3R3A11_03011	18P3R3A11_03011	100.000	428	0	0	1	428	1	428	0.0	873
18P3R3A11_03012	18P3R3A11_03012	100.000	251	0	0	1	251	1	251	0.0	519
18P3R3A11_03012	38P2R3A13_02774	96.414	251	9	0	1	251	1	251	0.0	506
18P3R3A11_03013	18P3R3A11_03013	100.000	310	0	0	1	310	1	310	0.0	629
18P3R3A11_03013	38P2R3A13_02773	96.129	310	12	0	1	310	1	310	0.0	611
18P3R3A11_03013	38P2R3A13_07239	95.806	310	13	0	1	310	1	310	0.0	568
18P3R3A11_03015	18P3R3A11_03015	100.000	460	0	0	1	460	1	460	0.0	947
18P3R3A11_03016	18P3R3A11_03016	100.000	306	0	0	1	306	1	306	0.0	635
18P3R3A11_03016	38P2R3A13_07236	96.405	306	11	0	1	306	1	306	0.0	612
18P3R3A11_03017	18P3R3A11_03017	100.000	412	0	0	1	412	1	412	0.0	853
18P3R3A11_03017	38P2R3A13_04977	97.567	411	10	0	1	411	1	411	0.0	833
18P3R3A11_03017	42P1R1A12_01805	95.631	412	16	1	1	410	1	412	0.0	810
18P3R3A11_03018	18P3R3A11_03018	100.000	566	0	0	1	566	1	566	0.0	1154
18P3R3A11_03018	38P2R3A13_04976	96.283	565	21	0	1	565	1	565	0.0	1118
18P3R3A11_03018	38P2R3A13_06736	96.964	560	17	0	7	566	1	560	0.0	1111
18P3R3A11_03019	18P3R3A11_03019	100.000	244	0	0	1	244	1	244	0.0	504
18P3R3A11_03019	38P2R3A13_06737	97.131	244	7	0	1	244	1	244	2.06e-180	494
18P3R3A11_03020	18P3R3A11_03020	100.000	322	0	0	1	322	1	322	0.0	657
18P3R3A11_03020	38P2R3A13_04974	96.273	322	12	0	1	322	1	322	0.0	635
18P3R3A11_03020	38P2R3A13_06738	95.963	322	13	0	1	322	1	322	0.0	612
18P3R3A11_03021	18P3R3A11_03021	100.000	412	0	0	1	412	1	412	0.0	793
18P3R3A11_03022	18P3R3A11_03022	100.000	553	0	0	1	553	1	553	0.0	1144
18P3R3A11_03023	18P3R3A11_03023	100.000	330	0	0	1	330	1	330	0.0	682
18P3R3A11_03024	18P3R3A11_03024	100.000	119	0	0	1	119	1	119	3.18e-80	231
18P3R3A11_03024	38P2R3A13_06742	96.875	96	3	0	1	96	1	96	1.41e-63	189
18P3R3A11_03025	18P3R3A11_03025	100.000	413	0	0	1	413	1	413	0.0	815
18P3R3A11_03025	38P2R3A13_06743	97.094	413	12	0	1	413	1	413	0.0	797
18P3R3A11_03025	38P2R3A13_04969	97.337	413	11	0	1	413	1	413	0.0	796
18P3R3A11_03026	18P3R3A11_03026	100.000	396	0	0	1	396	1	396	0.0	778
18P3R3A11_03026	38P2R3A13_06744	96.717	396	13	0	1	396	1	396	0.0	755
18P3R3A11_03026	10P3R2A13_00671	95.012	401	15	1	1	396	1	401	0.0	746
18P3R3A11_03027	18P3R3A11_03027	100.000	718	0	0	1	718	1	718	0.0	1470
18P3R3A11_03030	18P3R3A11_03030	100.000	121	0	0	1	121	1	121	2.13e-85	244
18P3R3A11_03031	18P3R3A11_03031	100.000	122	0	0	1	122	1	122	1.64e-86	247
18P3R3A11_03032	18P3R3A11_03032	100.000	472	0	0	1	472	1	472	0.0	988
18P3R3A11_03032	38P2R3A13_04963	97.669	472	11	0	1	472	1	472	0.0	969
18P3R3A11_03032	38P2R3A13_08450	96.398	472	17	0	1	472	1	472	0.0	959
18P3R3A11_03037	18P3R3A11_03037	100.000	114	0	0	1	114	1	114	9.54e-77	222
18P3R3A11_03038	18P3R3A11_03038	100.000	311	0	0	1	311	1	311	0.0	627
18P3R3A11_03039	18P3R3A11_03039	100.000	332	0	0	1	332	1	332	0.0	663
18P3R3A11_03039	38P2R3A13_04956	97.892	332	7	0	1	332	1	332	0.0	655
18P3R3A11_03039	38P2R3A13_07686	97.289	332	9	0	1	332	1	332	0.0	652
18P3R3A11_03040	18P3R3A11_03040	100.000	72	0	0	1	72	1	72	1.15e-46	142
18P3R3A11_03040	38P2R3A13_07685	97.222	72	2	0	1	72	1	72	3.10e-45	139
18P3R3A11_03041	18P3R3A11_03041	100.000	648	0	0	1	648	1	648	0.0	1310
18P3R3A11_03041	38P2R3A13_04954	97.994	648	13	0	1	648	25	672	0.0	1287
18P3R3A11_03041	52P2R3A10_02983	97.994	648	13	0	1	648	1	648	0.0	1284
18P3R3A11_03043	18P3R3A11_03043	100.000	254	0	0	1	254	1	254	0.0	511
18P3R3A11_03043	38P2R3A13_04952	97.244	254	7	0	1	254	1	254	0.0	501
18P3R3A11_03044	18P3R3A11_03044	100.000	324	0	0	1	324	1	324	0.0	651
18P3R3A11_03044	42P1R1A12_01776	96.914	324	10	0	1	324	1	324	0.0	637
18P3R3A11_03044	31P2R1A5_02895	96.605	324	11	0	1	324	1	324	0.0	608
18P3R3A11_03044	51P2R2A10_03700	96.296	324	12	0	1	324	1	324	0.0	607
18P3R3A11_03044	10P3R2A13_00650	95.679	324	14	0	1	324	1	324	0.0	605
18P3R3A11_03046	18P3R3A11_03046	100.000	576	0	0	1	576	1	576	0.0	1162
18P3R3A11_03046	10P3R2A13_00648	97.049	576	17	0	1	576	1	576	0.0	1136
18P3R3A11_03046	31P2R1A5_02893	97.049	576	17	0	1	576	1	576	0.0	1129
18P3R3A11_03046	42P1R1A12_01774	96.354	576	21	0	1	576	1	576	0.0	1123
18P3R3A11_03047	18P3R3A11_03047	100.000	170	0	0	1	170	1	170	9.20e-116	325
18P3R3A11_03047	10P3R2A13_00647	97.647	170	4	0	1	170	1	170	7.02e-114	320
18P3R3A11_03047	34P3R2A10_04087	98.246	57	1	0	114	170	1	57	3.73e-30	104
18P3R3A11_03048	18P3R3A11_03048	100.000	279	0	0	1	279	1	279	0.0	569
18P3R3A11_03049	18P3R3A11_03049	100.000	304	0	0	1	304	1	304	0.0	620
18P3R3A11_03049	38P2R3A13_07673	95.395	304	14	0	1	304	1	304	0.0	599
18P3R3A11_03050	18P3R3A11_03050	100.000	365	0	0	1	365	1	365	0.0	740
18P3R3A11_03051	18P3R3A11_03051	100.000	292	0	0	1	292	1	292	0.0	583
18P3R3A11_03051	38P2R3A13_07661	97.945	292	6	0	1	292	1	292	0.0	573
18P3R3A11_03051	38P2R3A13_07671	95.548	292	13	0	1	292	1	292	0.0	568
18P3R3A11_03052	18P3R3A11_03052	100.000	278	0	0	1	278	1	278	0.0	548
18P3R3A11_03052	38P2R3A13_07660	96.403	278	10	0	1	278	1	278	0.0	535
18P3R3A11_03052	31P2R1A5_02884	96.043	278	11	0	1	278	1	278	0.0	533
18P3R3A11_03052	10P3R2A13_00641	95.683	278	12	0	1	278	1	278	1.40e-173	480
18P3R3A11_03052	38P2R3A13_07670	95.683	278	12	0	1	278	1	278	4.95e-173	478
18P3R3A11_03052	15P1R1A16_05173	97.531	81	2	0	198	278	1	81	1.25e-48	156
18P3R3A11_03053	18P3R3A11_03053	100.000	338	0	0	1	338	1	338	0.0	694
18P3R3A11_03053	38P2R3A13_07669	97.929	338	7	0	1	338	1	338	0.0	684
18P3R3A11_03053	38P2R3A13_07659	97.929	338	7	0	1	338	1	338	0.0	682
18P3R3A11_03053	42P1R1A12_01763	95.575	339	14	1	1	338	1	339	0.0	662
18P3R3A11_03053	51P2R2A10_03713	95.280	339	15	1	1	338	1	339	0.0	656
18P3R3A11_03054	18P3R3A11_03054	100.000	300	0	0	1	300	1	300	0.0	620
18P3R3A11_03054	38P2R3A13_07668	96.333	300	11	0	1	300	1	300	0.0	601
18P3R3A11_03055	18P3R3A11_03055	100.000	192	0	0	1	192	1	192	2.68e-142	394
18P3R3A11_03056	18P3R3A11_03056	100.000	150	0	0	1	150	1	150	9.43e-105	295
18P3R3A11_03057	18P3R3A11_03057	100.000	142	0	0	1	142	1	142	7.97e-102	287
18P3R3A11_03057	38P2R3A13_07665	97.887	142	3	0	1	142	1	142	2.15e-100	284
18P3R3A11_03057	38P2R3A13_07655	97.887	142	3	0	1	142	1	142	3.40e-100	283
18P3R3A11_03057	31P2R1A5_02879	95.070	142	7	0	1	142	1	142	2.00e-97	276
18P3R3A11_03057	10P3R2A13_00631	95.070	142	7	0	1	142	1	142	5.14e-97	275
18P3R3A11_03058	18P3R3A11_03058	100.000	292	0	0	1	292	1	292	0.0	592
18P3R3A11_03058	38P2R3A13_06171	97.603	292	7	0	1	292	1	292	0.0	582
18P3R3A11_03059	18P3R3A11_03059	100.000	300	0	0	1	300	1	300	0.0	620
18P3R3A11_03059	38P2R3A13_03408	97.000	300	9	0	1	300	1	300	0.0	605
18P3R3A11_03060	18P3R3A11_03060	100.000	760	0	0	1	760	1	760	0.0	1549
18P3R3A11_03061	18P3R3A11_03061	100.000	317	0	0	1	317	1	317	0.0	654
18P3R3A11_03061	38P2R3A13_06168	96.530	317	11	0	1	317	1	317	0.0	630
18P3R3A11_03062	18P3R3A11_03062	100.000	663	0	0	1	663	1	663	0.0	1370
18P3R3A11_03062	38P2R3A13_06167	97.738	663	15	0	1	663	1	663	0.0	1344
18P3R3A11_03063	18P3R3A11_03063	100.000	348	0	0	1	348	1	348	0.0	715
18P3R3A11_03064	18P3R3A11_03064	100.000	197	0	0	1	197	1	197	1.25e-145	402
18P3R3A11_03065	18P3R3A11_03065	100.000	659	0	0	1	659	1	659	0.0	1365
18P3R3A11_03066	18P3R3A11_03066	100.000	565	0	0	1	565	1	565	0.0	1157
18P3R3A11_03067	18P3R3A11_03067	100.000	1038	0	0	1	1038	1	1038	0.0	2124
18P3R3A11_03068	18P3R3A11_03068	100.000	117	0	0	1	117	1	117	4.11e-85	243
18P3R3A11_03069	18P3R3A11_03069	100.000	376	0	0	1	376	1	376	0.0	781
18P3R3A11_03069	38P2R3A13_03418	97.606	376	9	0	1	376	1	376	0.0	765
18P3R3A11_03069	38P2R3A13_06160	95.745	376	16	0	1	376	1	376	0.0	751
18P3R3A11_03070	18P3R3A11_03070	100.000	66	0	0	1	66	1	66	2.22e-40	126
18P3R3A11_03071	18P3R3A11_03071	100.000	232	0	0	1	232	1	232	9.12e-173	474
18P3R3A11_03072	18P3R3A11_03072	100.000	649	0	0	1	649	1	649	0.0	1310
18P3R3A11_03073	18P3R3A11_03073	100.000	290	0	0	1	290	1	290	0.0	598
18P3R3A11_03073	38P2R3A13_06156	95.172	290	14	0	1	290	1	290	0.0	551
18P3R3A11_03073	38P2R3A13_03422	95.862	290	12	0	1	290	1	290	0.0	530
18P3R3A11_03074	18P3R3A11_03074	100.000	238	0	0	1	238	1	238	1.61e-177	486
18P3R3A11_03074	42P1R1A12_01726	97.899	238	5	0	1	238	1	238	2.10e-175	481
18P3R3A11_03074	31P2R1A5_02846	97.059	238	7	0	1	238	1	238	9.05e-173	474
18P3R3A11_03074	10P3R2A13_00595	96.639	238	8	0	1	238	1	238	6.66e-172	472
18P3R3A11_03074	34P3R2A10_05011	96.078	153	6	0	86	238	1	153	2.34e-106	303
18P3R3A11_03075	18P3R3A11_03075	100.000	345	0	0	1	345	1	345	0.0	702
18P3R3A11_03075	38P2R3A13_03424	96.232	345	13	0	1	345	1	345	0.0	681
18P3R3A11_03075	47P2R3A6_00115	95.652	345	15	0	1	345	1	345	0.0	679
18P3R3A11_03076	18P3R3A11_03076	100.000	293	0	0	1	293	1	293	0.0	602
18P3R3A11_03076	38P2R3A13_03425	97.611	293	7	0	1	293	1	293	0.0	590
18P3R3A11_03077	18P3R3A11_03077	100.000	190	0	0	1	190	1	190	5.60e-141	390
18P3R3A11_03077	38P2R3A13_03426	97.368	190	5	0	1	190	1	190	6.51e-137	380
18P3R3A11_03077	38P2R3A13_06915	96.316	190	7	0	1	190	1	190	6.89e-136	377
18P3R3A11_03078	18P3R3A11_03078	100.000	157	0	0	1	157	1	157	4.27e-117	327
18P3R3A11_03078	38P2R3A13_06916	97.452	157	4	0	1	157	1	157	1.91e-114	320
18P3R3A11_03079	18P3R3A11_03079	100.000	355	0	0	1	355	1	355	0.0	695
18P3R3A11_03080	18P3R3A11_03080	100.000	488	0	0	1	488	1	488	0.0	993
18P3R3A11_03080	38P2R3A13_06918	97.336	488	13	0	1	488	1	488	0.0	971
18P3R3A11_03080	38P2R3A13_03429	96.926	488	15	0	1	488	1	488	0.0	968
18P3R3A11_03081	18P3R3A11_03081	100.000	119	0	0	1	119	1	119	2.17e-83	239
18P3R3A11_03082	18P3R3A11_03082	100.000	275	0	0	1	275	1	275	0.0	568
18P3R3A11_03083	18P3R3A11_03083	100.000	440	0	0	1	440	1	440	0.0	884
18P3R3A11_03083	38P2R3A13_03432	97.727	440	10	0	1	440	1	440	0.0	870
18P3R3A11_03083	38P2R3A13_06921	96.818	440	14	0	1	440	1	440	0.0	860
18P3R3A11_03084	18P3R3A11_03084	100.000	319	0	0	1	319	1	319	0.0	659
18P3R3A11_03084	38P2R3A13_03433	97.492	319	8	0	1	319	1	319	0.0	644
18P3R3A11_03084	38P2R3A13_06922	95.298	319	15	0	1	319	1	319	0.0	604
18P3R3A11_03085	18P3R3A11_03085	100.000	473	0	0	1	473	1	473	0.0	963
18P3R3A11_03085	37P2R3-2A1_01994	96.406	473	17	0	1	473	1	473	0.0	911
18P3R3A11_03086	18P3R3A11_03086	100.000	226	0	0	1	226	1	226	9.60e-167	458
18P3R3A11_03086	38P2R3A13_03435	100.000	198	0	0	29	226	1	198	1.83e-144	401
18P3R3A11_03086	38P2R3A13_06924	97.980	198	4	0	29	226	1	198	4.70e-142	395
18P3R3A11_03086	37P2R3-2A1_01995	100.000	158	0	0	69	226	1	158	1.20e-111	317
18P3R3A11_03087	18P3R3A11_03087	100.000	430	0	0	1	430	1	430	0.0	842
18P3R3A11_03087	42P1R1A12_01717	95.349	430	20	0	1	430	1	430	0.0	813
18P3R3A11_03087	31P2R1A5_02836	96.244	426	16	0	1	426	1	426	0.0	811
18P3R3A11_03088	18P3R3A11_03088	100.000	209	0	0	1	209	1	209	2.69e-152	420
18P3R3A11_03088	38P2R3A13_06926	97.129	209	6	0	1	209	1	209	4.23e-149	412
18P3R3A11_03088	31P2R1A5_02835	97.608	209	5	0	1	209	1	209	1.21e-148	411
18P3R3A11_03088	42P1R1A12_01716	97.129	209	6	0	1	209	1	209	1.40e-148	411
18P3R3A11_03089	18P3R3A11_03089	100.000	477	0	0	1	477	1	477	0.0	1000
18P3R3A11_03089	47P2R3A6_00101	96.017	477	19	0	1	477	1	477	0.0	967
18P3R3A11_03089	38P2R3A13_06927	95.928	442	18	0	36	477	1	442	0.0	872
18P3R3A11_03090	18P3R3A11_03090	100.000	346	0	0	1	346	1	346	0.0	704
18P3R3A11_03090	38P2R3A13_08564	96.532	346	12	0	1	346	1	346	0.0	679
18P3R3A11_03091	18P3R3A11_03091	100.000	214	0	0	1	214	1	214	3.78e-159	438
18P3R3A11_03091	52P2R3A10_02933	97.664	214	5	0	1	214	1	214	3.80e-155	428
18P3R3A11_03092	18P3R3A11_03092	100.000	687	0	0	1	687	1	687	0.0	1402
18P3R3A11_03092	38P2R3A13_05707	97.817	687	15	0	1	687	1	687	0.0	1377
18P3R3A11_03093	18P3R3A11_03093	100.000	513	0	0	1	513	1	513	0.0	1058
18P3R3A11_03093	38P2R3A13_03442	97.661	513	12	0	1	513	1	513	0.0	1038
18P3R3A11_03094	18P3R3A11_03094	100.000	768	0	0	1	768	1	768	0.0	1571
18P3R3A11_03095	18P3R3A11_03095	100.000	57	0	0	1	57	1	57	3.55e-37	117
18P3R3A11_03096	18P3R3A11_03096	100.000	297	0	0	1	297	1	297	0.0	595
18P3R3A11_03097	18P3R3A11_03097	100.000	410	0	0	1	410	1	410	0.0	815
18P3R3A11_03098	18P3R3A11_03098	100.000	156	0	0	1	156	1	156	8.70e-108	303
18P3R3A11_03098	38P2R3A13_03447	97.436	156	4	0	1	156	1	156	1.74e-105	298
18P3R3A11_03098	56P2R2A4_01478	96.154	156	6	0	1	156	1	156	3.26e-104	295
18P3R3A11_03099	18P3R3A11_03099	100.000	86	0	0	1	86	1	86	6.29e-58	172
18P3R3A11_03099	37P2R3-2A1_00213	96.512	86	3	0	1	86	1	86	2.13e-56	168
18P3R3A11_03099	56P2R2A4_01325	96.512	86	3	0	1	86	1	86	2.54e-56	168
18P3R3A11_03101	18P3R3A11_03101	100.000	543	0	0	1	543	1	543	0.0	1125
18P3R3A11_03102	18P3R3A11_03102	100.000	57	0	0	1	57	1	57	7.14e-38	119
18P3R3A11_03102	37P2R3-2A1_00210	96.491	57	2	0	1	57	1	57	2.30e-36	115
18P3R3A11_03103	18P3R3A11_03103	100.000	220	0	0	1	220	1	220	3.37e-154	426
18P3R3A11_03103	38P2R3A13_06834	97.727	220	5	0	1	220	1	220	3.58e-151	418
18P3R3A11_03103	31P2R1A5_01592	95.909	220	9	0	1	220	1	220	2.83e-141	393
18P3R3A11_03104	18P3R3A11_03104	100.000	112	0	0	1	112	1	112	1.03e-79	229
18P3R3A11_03105	18P3R3A11_03105	100.000	94	0	0	1	94	1	94	2.27e-66	194
18P3R3A11_03105	37P2R3-2A1_00207	97.872	94	2	0	1	94	1	94	1.47e-65	192
18P3R3A11_03106	18P3R3A11_03106	100.000	296	0	0	1	296	1	296	0.0	614
18P3R3A11_03107	18P3R3A11_03107	100.000	438	0	0	1	438	1	438	0.0	881
18P3R3A11_03108	18P3R3A11_03108	100.000	534	0	0	1	534	1	534	0.0	1113
18P3R3A11_03109	18P3R3A11_03109	100.000	419	0	0	1	419	1	419	0.0	864
18P3R3A11_03109	38P2R3A13_00846	96.610	413	14	0	7	419	1	413	0.0	823
18P3R3A11_03109	38P2R3A13_06829	98.489	397	6	0	23	419	1	397	0.0	806
18P3R3A11_03110	18P3R3A11_03110	100.000	106	0	0	1	106	1	106	2.82e-74	215
18P3R3A11_03111	18P3R3A11_03111	100.000	138	0	0	1	138	1	138	3.51e-99	280
18P3R3A11_03111	38P2R3A13_06827	97.080	137	4	0	1	137	1	137	1.62e-96	273
18P3R3A11_03111	31P2R1A5_01599	95.652	138	6	0	1	138	1	138	1.40e-94	269
18P3R3A11_03112	18P3R3A11_03112	100.000	221	0	0	1	221	1	221	2.67e-163	449
18P3R3A11_03113	18P3R3A11_03113	100.000	153	0	0	1	153	1	153	7.74e-113	316
18P3R3A11_03113	56P2R2A4_01304	97.386	153	4	0	1	153	1	153	9.29e-110	308
18P3R3A11_03113	38P2R3A13_06825	97.386	153	4	0	1	153	1	153	1.92e-109	307
18P3R3A11_03114	18P3R3A11_03114	100.000	685	0	0	1	685	1	685	0.0	1405
18P3R3A11_03115	18P3R3A11_03115	100.000	149	0	0	1	149	1	149	4.28e-105	296
18P3R3A11_03115	38P2R3A13_00852	95.302	149	7	0	1	149	1	149	1.33e-90	259
18P3R3A11_03116	18P3R3A11_03116	100.000	721	0	0	1	721	1	721	0.0	1462
18P3R3A11_03116	38P2R3A13_00853	96.255	721	27	0	1	721	1	721	0.0	1399
18P3R3A11_03116	38P2R3A13_06822	95.146	721	35	0	1	721	1	721	0.0	1383
18P3R3A11_03117	18P3R3A11_03117	100.000	209	0	0	1	209	1	209	2.73e-155	428
18P3R3A11_03118	18P3R3A11_03118	100.000	188	0	0	1	188	1	188	3.32e-139	385
18P3R3A11_03119	18P3R3A11_03119	100.000	352	0	0	1	352	1	352	0.0	721
18P3R3A11_03119	38P2R3A13_00856	96.875	352	11	0	1	352	1	352	0.0	708
18P3R3A11_03120	18P3R3A11_03120	100.000	151	0	0	1	151	1	151	5.94e-110	308
18P3R3A11_03120	38P2R3A13_00857	96.689	151	5	0	1	151	1	151	2.33e-107	302
18P3R3A11_03121	18P3R3A11_03121	100.000	587	0	0	1	587	1	587	0.0	1196
18P3R3A11_03121	38P2R3A13_00858	95.571	587	26	0	1	587	1	587	0.0	1156
18P3R3A11_03122	18P3R3A11_03122	100.000	173	0	0	1	173	1	173	4.82e-126	351
18P3R3A11_03122	10P3R2A13_01541	98.844	173	2	0	1	173	37	209	3.82e-125	350
18P3R3A11_03122	31P2R1A5_01609	97.110	173	5	0	1	173	1	173	1.77e-123	345
18P3R3A11_03122	42P1R1A12_02792	95.954	173	7	0	1	173	1	173	2.60e-123	344
18P3R3A11_03123	18P3R3A11_03123	100.000	189	0	0	1	189	1	189	1.27e-138	384
18P3R3A11_03124	18P3R3A11_03124	100.000	553	0	0	1	553	1	553	0.0	1129
18P3R3A11_03124	38P2R3A13_00861	96.892	547	17	0	7	553	1	547	0.0	1088
18P3R3A11_03124	38P2R3A13_08476	96.161	547	21	0	7	553	1	547	0.0	1081
18P3R3A11_03125	18P3R3A11_03125	100.000	418	0	0	1	418	1	418	0.0	851
18P3R3A11_03125	38P2R3A13_00862	97.608	418	10	0	1	418	1	418	0.0	836
18P3R3A11_03125	38P2R3A13_07991	96.890	418	13	0	1	418	1	418	0.0	827
18P3R3A11_03125	38P2R3A13_08477	100.000	34	0	0	375	408	1	34	1.21e-15	70.9
18P3R3A11_03126	18P3R3A11_03126	100.000	636	0	0	1	636	1	636	0.0	1304
18P3R3A11_03126	38P2R3A13_00863	96.698	636	21	0	1	636	1	636	0.0	1267
18P3R3A11_03127	18P3R3A11_03127	100.000	703	0	0	1	703	1	703	0.0	1461
18P3R3A11_03127	38P2R3A13_07989	97.866	703	15	0	1	703	1	703	0.0	1434
18P3R3A11_03128	18P3R3A11_03128	100.000	370	0	0	1	370	1	370	0.0	757
18P3R3A11_03129	18P3R3A11_03129	100.000	181	0	0	1	181	1	181	1.24e-134	373
18P3R3A11_03129	38P2R3A13_00866	97.790	181	4	0	1	181	1	181	1.02e-131	366
18P3R3A11_03129	38P2R3A13_08485	95.028	181	9	0	1	181	1	181	6.15e-128	357
18P3R3A11_03130	18P3R3A11_03130	100.000	337	0	0	1	337	1	337	0.0	686
18P3R3A11_03130	38P2R3A13_00867	97.626	337	8	0	1	337	1	337	0.0	671
18P3R3A11_03130	38P2R3A13_08484	97.765	179	4	0	159	337	1	179	2.55e-122	349
18P3R3A11_03131	18P3R3A11_03131	100.000	192	0	0	1	192	1	192	6.39e-141	390
18P3R3A11_03131	38P2R3A13_07774	95.312	192	9	0	1	192	1	192	4.45e-134	373
18P3R3A11_03131	38P2R3A13_00868	95.833	192	8	0	1	192	1	192	7.71e-134	372
18P3R3A11_03132	18P3R3A11_03132	100.000	321	0	0	1	321	1	321	0.0	652
18P3R3A11_03132	38P2R3A13_00869	95.639	321	14	0	1	321	1	321	0.0	623
18P3R3A11_03133	18P3R3A11_03133	100.000	382	0	0	1	382	1	382	0.0	777
18P3R3A11_03134	18P3R3A11_03134	100.000	264	0	0	1	264	1	264	0.0	511
18P3R3A11_03134	38P2R3A13_07777	96.212	264	10	0	1	264	1	264	3.09e-180	496
18P3R3A11_03135	18P3R3A11_03135	100.000	257	0	0	1	257	1	257	0.0	504
18P3R3A11_03136	18P3R3A11_03136	100.000	871	0	0	1	871	1	871	0.0	1810
18P3R3A11_03136	38P2R3A13_00873	96.785	871	28	0	1	871	1	871	0.0	1759
18P3R3A11_03136	38P2R3A13_07779	96.096	871	34	0	1	871	1	871	0.0	1748
18P3R3A11_03137	18P3R3A11_03137	100.000	401	0	0	1	401	1	401	0.0	833
18P3R3A11_03137	38P2R3A13_08615	96.259	401	15	0	1	401	1	401	0.0	808
18P3R3A11_03138	18P3R3A11_03138	100.000	467	0	0	1	467	1	467	0.0	963
18P3R3A11_03138	38P2R3A13_08554	97.645	467	11	0	1	467	1	467	0.0	944
18P3R3A11_03139	18P3R3A11_03139	100.000	352	0	0	1	352	1	352	0.0	696
18P3R3A11_03140	18P3R3A11_03140	100.000	397	0	0	1	397	1	397	0.0	822
18P3R3A11_03141	18P3R3A11_03141	100.000	216	0	0	1	216	1	216	3.60e-161	443
18P3R3A11_03141	38P2R3A13_00878	96.759	216	7	0	1	216	1	216	7.92e-156	430
18P3R3A11_03142	18P3R3A11_03142	100.000	184	0	0	1	184	1	184	2.94e-135	375
18P3R3A11_03142	56P2R2A4_01275	97.826	184	4	0	1	184	1	184	2.15e-133	370
18P3R3A11_03142	47P2R3A6_02370	97.283	184	5	0	1	184	1	184	9.34e-133	369
18P3R3A11_03143	18P3R3A11_03143	100.000	608	0	0	1	608	1	608	0.0	1238
18P3R3A11_03144	18P3R3A11_03144	100.000	1483	0	0	1	1483	1	1483	0.0	3010
18P3R3A11_03144	38P2R3A13_00881	97.776	1484	32	1	1	1483	1	1484	0.0	2953
18P3R3A11_03144	38P2R3A13_07771	97.237	1484	40	1	1	1483	1	1484	0.0	2946
18P3R3A11_03145	18P3R3A11_03145	100.000	235	0	0	1	235	1	235	1.84e-174	478
18P3R3A11_03145	10P3R2A13_01573	95.319	235	11	0	1	235	1	235	9.42e-167	459
18P3R3A11_03145	38P2R3A13_07772	98.673	226	3	0	10	235	1	226	5.06e-165	454
18P3R3A11_03146	18P3R3A11_03146	100.000	441	0	0	1	441	1	441	0.0	899
18P3R3A11_03146	10P3R2A13_01574	97.052	441	13	0	1	441	1	441	0.0	877
18P3R3A11_03147	18P3R3A11_03147	100.000	260	0	0	1	260	1	260	0.0	541
18P3R3A11_03148	18P3R3A11_03148	100.000	260	0	0	1	260	1	260	0.0	518
18P3R3A11_03148	38P2R3A13_00885	95.385	260	12	0	1	260	1	260	7.15e-167	461
18P3R3A11_03149	18P3R3A11_03149	100.000	298	0	0	1	298	1	298	0.0	608
18P3R3A11_03149	38P2R3A13_07429	95.302	298	14	0	1	298	1	298	0.0	585
18P3R3A11_03149	38P2R3A13_00886	95.638	298	13	0	1	298	1	298	0.0	583
18P3R3A11_03150	18P3R3A11_03150	100.000	249	0	0	1	249	1	249	0.0	508
18P3R3A11_03150	38P2R3A13_00887	97.189	249	7	0	1	249	1	249	4.13e-180	494
18P3R3A11_03150	38P2R3A13_07428	96.787	249	8	0	1	249	1	249	1.58e-179	493
18P3R3A11_03151	18P3R3A11_03151	100.000	61	0	0	1	61	1	61	1.99e-39	123
18P3R3A11_03152	18P3R3A11_03152	100.000	410	0	0	1	410	1	410	0.0	844
18P3R3A11_03153	18P3R3A11_03153	100.000	326	0	0	1	326	1	326	0.0	651
18P3R3A11_03154	18P3R3A11_03154	100.000	584	0	0	1	584	1	584	0.0	1192
18P3R3A11_03154	38P2R3A13_00891	97.079	582	17	0	1	582	1	582	0.0	1162
18P3R3A11_03154	38P2R3A13_07424	96.735	582	19	0	1	582	1	582	0.0	1160
18P3R3A11_03154	10P3R2A13_01582	95.017	582	29	0	1	582	1	582	0.0	1145
