24P1R3A1_04042	24P1R3A1_04042	100.000	260	0	0	1	260	1	260	0.0	533
24P1R3A1_04043	24P1R3A1_04043	100.000	695	0	0	1	695	1	695	0.0	1429
24P1R3A1_04044	24P1R3A1_04044	100.000	347	0	0	1	347	1	347	0.0	675
24P1R3A1_04045	24P1R3A1_04045	100.000	336	0	0	1	336	1	336	0.0	654
24P1R3A1_04046	24P1R3A1_04046	100.000	320	0	0	1	320	1	320	0.0	645
24P1R3A1_04047	24P1R3A1_04047	100.000	657	0	0	1	657	1	657	0.0	1348
24P1R3A1_04048	24P1R3A1_04048	100.000	272	0	0	1	272	1	272	0.0	552
24P1R3A1_04049	24P1R3A1_04049	100.000	1025	0	0	1	1025	1	1025	0.0	2112
24P1R3A1_04050	24P1R3A1_04050	100.000	455	0	0	1	455	1	455	0.0	908
24P1R3A1_04051	24P1R3A1_04051	100.000	257	0	0	1	257	1	257	0.0	511
24P1R3A1_04052	24P1R3A1_04052	100.000	141	0	0	1	141	1	141	4.42e-101	285
24P1R3A1_04053	24P1R3A1_04053	100.000	179	0	0	1	179	1	179	2.01e-134	373
24P1R3A1_04054	24P1R3A1_04054	100.000	287	0	0	1	287	1	287	0.0	596
24P1R3A1_04055	24P1R3A1_04055	100.000	277	0	0	1	277	1	277	0.0	567
24P1R3A1_04056	24P1R3A1_04056	100.000	196	0	0	1	196	1	196	8.11e-148	408
24P1R3A1_04057	24P1R3A1_04057	100.000	804	0	0	1	804	1	804	0.0	1676
24P1R3A1_04058	24P1R3A1_04058	100.000	313	0	0	1	313	1	313	0.0	653
24P1R3A1_04059	24P1R3A1_04059	100.000	219	0	0	1	219	1	219	5.47e-161	443
24P1R3A1_04060	24P1R3A1_04060	100.000	52	0	0	1	52	1	52	6.21e-31	101
24P1R3A1_04061	24P1R3A1_04061	100.000	307	0	0	1	307	1	307	0.0	633
24P1R3A1_04062	24P1R3A1_04062	100.000	464	0	0	1	464	1	464	0.0	952
24P1R3A1_04063	24P1R3A1_04063	100.000	621	0	0	1	621	1	621	0.0	1273
24P1R3A1_04064	24P1R3A1_04064	100.000	549	0	0	1	549	1	549	0.0	1128
24P1R3A1_04065	24P1R3A1_04065	100.000	143	0	0	1	143	1	143	3.22e-99	281
24P1R3A1_04066	24P1R3A1_04066	100.000	343	0	0	1	343	1	343	0.0	710
24P1R3A1_04067	24P1R3A1_04067	100.000	319	0	0	1	319	1	319	0.0	657
24P1R3A1_04068	24P1R3A1_04068	100.000	302	0	0	1	302	1	302	0.0	603
24P1R3A1_04069	24P1R3A1_04069	100.000	157	0	0	1	157	1	157	7.55e-117	327
24P1R3A1_04070	24P1R3A1_04070	100.000	1232	0	0	1	1232	1	1232	0.0	2521
24P1R3A1_04071	24P1R3A1_04071	100.000	787	0	0	1	787	1	787	0.0	1611
24P1R3A1_04072	24P1R3A1_04072	100.000	707	0	0	1	707	1	707	0.0	1456
24P1R3A1_04073	24P1R3A1_04073	100.000	138	0	0	1	138	1	138	8.17e-94	267
24P1R3A1_04074	24P1R3A1_04074	100.000	183	0	0	1	183	1	183	2.52e-136	378
24P1R3A1_04075	24P1R3A1_04075	100.000	304	0	0	1	304	1	304	0.0	623
24P1R3A1_04076	24P1R3A1_04076	100.000	195	0	0	1	195	1	195	1.08e-136	380
24P1R3A1_04077	24P1R3A1_04077	100.000	188	0	0	1	188	1	188	5.41e-130	362
24P1R3A1_04078	24P1R3A1_04078	100.000	136	0	0	1	136	1	136	5.28e-95	270
24P1R3A1_04079	24P1R3A1_04079	100.000	150	0	0	1	150	1	150	1.60e-109	307
24P1R3A1_04080	24P1R3A1_04080	100.000	609	0	0	1	609	1	609	0.0	1242
24P1R3A1_04081	24P1R3A1_04081	100.000	468	0	0	1	468	1	468	0.0	951
24P1R3A1_04082	24P1R3A1_04082	100.000	139	0	0	1	139	1	139	5.28e-97	275
24P1R3A1_04083	24P1R3A1_04083	100.000	461	0	0	1	461	1	461	0.0	935
24P1R3A1_04083	32P3R2A9_07515	98.298	235	4	0	227	461	1	235	1.12e-166	468
24P1R3A1_04084	24P1R3A1_04084	100.000	288	0	0	1	288	1	288	0.0	587
24P1R3A1_04085	24P1R3A1_04085	100.000	514	0	0	1	514	1	514	0.0	1044
24P1R3A1_04086	24P1R3A1_04086	100.000	178	0	0	1	178	1	178	4.39e-128	357
24P1R3A1_04087	24P1R3A1_04087	100.000	157	0	0	1	157	1	157	4.00e-106	299
24P1R3A1_04088	24P1R3A1_04088	100.000	80	0	0	1	80	1	80	6.20e-49	149
24P1R3A1_04089	24P1R3A1_04089	100.000	275	0	0	1	275	1	275	0.0	544
24P1R3A1_04090	24P1R3A1_04090	100.000	126	0	0	1	126	1	126	3.12e-85	244
24P1R3A1_04091	24P1R3A1_04091	100.000	209	0	0	1	209	1	209	2.15e-155	428
24P1R3A1_04092	24P1R3A1_04092	100.000	633	0	0	1	633	1	633	0.0	1307
24P1R3A1_04093	24P1R3A1_04093	100.000	147	0	0	1	147	1	147	1.04e-105	297
24P1R3A1_04094	24P1R3A1_04094	100.000	154	0	0	1	154	1	154	1.13e-111	313
24P1R3A1_04095	24P1R3A1_04095	100.000	331	0	0	1	331	1	331	0.0	676
24P1R3A1_04096	24P1R3A1_04096	100.000	486	0	0	1	486	1	486	0.0	1002
24P1R3A1_04097	24P1R3A1_04097	100.000	499	0	0	1	499	1	499	0.0	1018
24P1R3A1_04098	24P1R3A1_04098	100.000	310	0	0	1	310	1	310	0.0	624
24P1R3A1_04099	24P1R3A1_04099	100.000	449	0	0	1	449	1	449	0.0	889
24P1R3A1_04100	24P1R3A1_04100	100.000	229	0	0	1	229	1	229	8.99e-174	476
24P1R3A1_04101	24P1R3A1_04101	100.000	189	0	0	1	189	1	189	1.68e-141	391
24P1R3A1_04102	24P1R3A1_04102	100.000	344	0	0	1	344	1	344	0.0	703
24P1R3A1_04103	24P1R3A1_04103	100.000	218	0	0	1	218	1	218	2.81e-152	421
24P1R3A1_04104	24P1R3A1_04104	100.000	272	0	0	1	272	1	272	0.0	545
24P1R3A1_04105	24P1R3A1_04105	100.000	137	0	0	1	137	1	137	1.15e-99	281
24P1R3A1_04106	24P1R3A1_04106	100.000	236	0	0	1	236	1	236	1.87e-176	484
24P1R3A1_04107	24P1R3A1_04107	100.000	572	0	0	1	572	1	572	0.0	1176
24P1R3A1_04108	24P1R3A1_04108	100.000	225	0	0	1	225	1	225	6.18e-168	461
24P1R3A1_04109	24P1R3A1_04109	100.000	87	0	0	1	87	1	87	6.64e-60	177
24P1R3A1_04110	24P1R3A1_04110	100.000	447	0	0	1	447	1	447	0.0	922
24P1R3A1_04111	24P1R3A1_04111	100.000	320	0	0	1	320	1	320	0.0	654
24P1R3A1_04112	24P1R3A1_04112	100.000	1161	0	0	1	1161	1	1161	0.0	2390
24P1R3A1_04113	24P1R3A1_04113	100.000	197	0	0	1	197	1	197	1.21e-145	402
24P1R3A1_04114	24P1R3A1_04114	100.000	389	0	0	1	389	1	389	0.0	794
24P1R3A1_04115	24P1R3A1_04115	100.000	268	0	0	1	268	1	268	0.0	541
24P1R3A1_04116	24P1R3A1_04116	100.000	151	0	0	1	151	1	151	1.04e-107	303
24P1R3A1_04117	24P1R3A1_04117	100.000	343	0	0	1	343	1	343	0.0	698
24P1R3A1_04118	24P1R3A1_04118	100.000	166	0	0	1	166	1	166	9.41e-118	330
24P1R3A1_04119	24P1R3A1_04119	100.000	798	0	0	1	798	1	798	0.0	1622
24P1R3A1_04120	24P1R3A1_04120	100.000	451	0	0	1	451	1	451	0.0	912
24P1R3A1_04121	24P1R3A1_04121	100.000	288	0	0	1	288	1	288	0.0	563
24P1R3A1_04122	24P1R3A1_04122	100.000	234	0	0	1	234	1	234	2.66e-175	481
24P1R3A1_04123	24P1R3A1_04123	100.000	398	0	0	1	398	1	398	0.0	823
24P1R3A1_04124	24P1R3A1_04124	100.000	186	0	0	1	186	1	186	1.51e-131	366
24P1R3A1_04125	24P1R3A1_04125	100.000	243	0	0	1	243	1	243	4.65e-180	493
24P1R3A1_04126	24P1R3A1_04126	100.000	284	0	0	1	284	1	284	0.0	563
24P1R3A1_04127	24P1R3A1_04127	100.000	242	0	0	1	242	1	242	0.0	498
24P1R3A1_04128	24P1R3A1_04128	100.000	266	0	0	1	266	1	266	0.0	548
24P1R3A1_04129	24P1R3A1_04129	100.000	882	0	0	1	882	1	882	0.0	1823
24P1R3A1_04130	24P1R3A1_04130	100.000	275	0	0	1	275	1	275	0.0	563
24P1R3A1_04130	32P3R2A9_06368	95.620	137	6	0	139	275	1	137	3.04e-91	266
24P1R3A1_04131	24P1R3A1_04131	100.000	129	0	0	1	129	1	129	8.83e-92	261
24P1R3A1_04132	24P1R3A1_04132	100.000	148	0	0	1	148	1	148	9.09e-108	303
24P1R3A1_04133	24P1R3A1_04133	100.000	508	0	0	1	508	1	508	0.0	978
24P1R3A1_04134	24P1R3A1_04134	100.000	482	0	0	1	482	1	482	0.0	964
24P1R3A1_04135	24P1R3A1_04135	100.000	255	0	0	1	255	1	255	0.0	528
24P1R3A1_04136	24P1R3A1_04136	100.000	107	0	0	1	107	1	107	7.67e-76	219
24P1R3A1_04137	24P1R3A1_04137	100.000	184	0	0	1	184	1	184	2.44e-135	375
24P1R3A1_04138	24P1R3A1_04138	100.000	282	0	0	1	282	1	282	0.0	587
24P1R3A1_04139	24P1R3A1_04139	100.000	456	0	0	1	456	1	456	0.0	941
24P1R3A1_04140	24P1R3A1_04140	100.000	250	0	0	1	250	1	250	0.0	518
24P1R3A1_04141	24P1R3A1_04141	100.000	366	0	0	1	366	1	366	0.0	765
24P1R3A1_04142	24P1R3A1_04142	100.000	132	0	0	1	132	1	132	2.57e-92	262
24P1R3A1_04143	24P1R3A1_04143	100.000	307	0	0	1	307	1	307	0.0	630
24P1R3A1_04144	24P1R3A1_04144	100.000	403	0	0	1	403	1	403	0.0	839
24P1R3A1_04145	24P1R3A1_04145	100.000	151	0	0	1	151	1	151	3.11e-109	306
24P1R3A1_04146	24P1R3A1_04146	100.000	302	0	0	1	302	1	302	0.0	622
24P1R3A1_04147	24P1R3A1_04147	100.000	352	0	0	1	352	1	352	0.0	731
24P1R3A1_04151	24P1R3A1_04151	100.000	421	0	0	1	421	1	421	0.0	859
24P1R3A1_04152	24P1R3A1_04152	100.000	445	0	0	1	445	1	445	0.0	909
24P1R3A1_04153	24P1R3A1_04153	100.000	638	0	0	1	638	1	638	0.0	1319
24P1R3A1_04154	24P1R3A1_04154	100.000	1208	0	0	1	1208	1	1208	0.0	2504
24P1R3A1_04155	24P1R3A1_04155	100.000	963	0	0	1	963	1	963	0.0	1984
24P1R3A1_04156	24P1R3A1_04156	100.000	1126	0	0	1	1126	1	1126	0.0	2316
24P1R3A1_04157	24P1R3A1_04157	100.000	154	0	0	1	154	1	154	4.18e-113	317
24P1R3A1_04158	24P1R3A1_04158	100.000	220	0	0	1	220	1	220	5.67e-166	456
24P1R3A1_04159	24P1R3A1_04159	100.000	177	0	0	1	177	1	177	3.31e-126	352
24P1R3A1_04160	24P1R3A1_04160	100.000	284	0	0	1	284	1	284	0.0	598
24P1R3A1_04161	24P1R3A1_04161	100.000	296	0	0	1	296	1	296	0.0	593
24P1R3A1_04162	24P1R3A1_04162	100.000	749	0	0	1	749	1	749	0.0	1527
24P1R3A1_04163	24P1R3A1_04163	100.000	177	0	0	1	177	1	177	9.32e-130	361
24P1R3A1_04164	24P1R3A1_04164	100.000	338	0	0	1	338	1	338	0.0	698
24P1R3A1_04165	24P1R3A1_04165	100.000	527	0	0	1	527	1	527	0.0	1052
24P1R3A1_04166	24P1R3A1_04166	100.000	234	0	0	1	234	1	234	2.46e-170	468
24P1R3A1_04167	24P1R3A1_04167	100.000	785	0	0	1	785	1	785	0.0	1639
24P1R3A1_04168	24P1R3A1_04168	100.000	968	0	0	1	968	1	968	0.0	1991
24P1R3A1_04169	24P1R3A1_04169	100.000	218	0	0	1	218	1	218	6.62e-165	453
24P1R3A1_04170	24P1R3A1_04170	100.000	267	0	0	1	267	1	267	0.0	549
24P1R3A1_04171	24P1R3A1_04171	100.000	792	0	0	1	792	1	792	0.0	1640
24P1R3A1_04172	24P1R3A1_04172	100.000	437	0	0	1	437	1	437	0.0	893
24P1R3A1_04173	24P1R3A1_04173	100.000	334	0	0	1	334	1	334	0.0	682
24P1R3A1_04174	24P1R3A1_04174	100.000	271	0	0	1	271	1	271	0.0	561
24P1R3A1_04175	24P1R3A1_04175	100.000	126	0	0	1	126	1	126	5.30e-92	261
24P1R3A1_04176	24P1R3A1_04176	100.000	274	0	0	1	274	1	274	0.0	565
24P1R3A1_04177	24P1R3A1_04177	100.000	162	0	0	1	162	1	162	9.81e-121	337
24P1R3A1_04178	24P1R3A1_04178	100.000	205	0	0	1	205	1	205	1.20e-147	408
24P1R3A1_04179	24P1R3A1_04179	100.000	365	0	0	1	365	1	365	0.0	695
24P1R3A1_04180	24P1R3A1_04180	100.000	1078	0	0	1	1078	1	1078	0.0	2202
24P1R3A1_04181	24P1R3A1_04181	100.000	474	0	0	1	474	1	474	0.0	977
24P1R3A1_04182	24P1R3A1_04182	100.000	250	0	0	1	250	1	250	0.0	516
24P1R3A1_04183	24P1R3A1_04183	100.000	986	0	0	1	986	1	986	0.0	2027
24P1R3A1_04184	24P1R3A1_04184	100.000	632	0	0	1	632	1	632	0.0	1311
24P1R3A1_04185	24P1R3A1_04185	100.000	192	0	0	1	192	1	192	5.71e-142	393
24P1R3A1_04186	24P1R3A1_04186	100.000	280	0	0	1	280	1	280	0.0	580
24P1R3A1_04187	24P1R3A1_04187	100.000	212	0	0	1	212	1	212	2.47e-157	433
24P1R3A1_04188	24P1R3A1_04188	100.000	465	0	0	1	465	1	465	0.0	928
24P1R3A1_04189	24P1R3A1_04189	100.000	236	0	0	1	236	1	236	1.25e-175	481
24P1R3A1_04190	24P1R3A1_04190	100.000	388	0	0	1	388	1	388	0.0	809
24P1R3A1_04191	24P1R3A1_04191	100.000	262	0	0	1	262	1	262	0.0	539
24P1R3A1_04192	24P1R3A1_04192	100.000	218	0	0	1	218	1	218	5.00e-162	446
24P1R3A1_04193	24P1R3A1_04193	100.000	103	0	0	1	103	1	103	1.16e-67	198
24P1R3A1_04194	24P1R3A1_04194	100.000	441	0	0	1	441	1	441	0.0	915
24P1R3A1_04195	24P1R3A1_04195	100.000	543	0	0	1	543	1	543	0.0	1093
24P1R3A1_04196	24P1R3A1_04196	100.000	235	0	0	1	235	1	235	2.66e-175	481
24P1R3A1_04197	24P1R3A1_04197	100.000	475	0	0	1	475	1	475	0.0	964
24P1R3A1_04198	24P1R3A1_04198	100.000	945	0	0	1	945	1	945	0.0	1940
24P1R3A1_04199	24P1R3A1_04199	100.000	308	0	0	1	308	1	308	0.0	635
24P1R3A1_04200	24P1R3A1_04200	100.000	208	0	0	1	208	1	208	3.80e-154	425
24P1R3A1_04201	24P1R3A1_04201	100.000	408	0	0	1	408	1	408	0.0	839
24P1R3A1_04202	24P1R3A1_04202	100.000	117	0	0	1	117	1	117	1.48e-81	234
24P1R3A1_04203	24P1R3A1_04203	100.000	219	0	0	1	219	1	219	4.39e-161	443
24P1R3A1_04204	24P1R3A1_04204	100.000	341	0	0	1	341	1	341	0.0	691
24P1R3A1_04206	24P1R3A1_04206	100.000	583	0	0	1	583	1	583	0.0	1206
24P1R3A1_04207	24P1R3A1_04207	100.000	619	0	0	1	619	1	619	0.0	1261
24P1R3A1_04207	15P1R1A16_04358	97.222	216	6	0	404	619	1	216	4.64e-151	434
24P1R3A1_04207	38P2R3A13_06961	96.032	126	5	0	494	619	1	126	3.49e-79	246
24P1R3A1_04209	24P1R3A1_04209	100.000	120	0	0	1	120	1	120	2.53e-82	236
24P1R3A1_04210	24P1R3A1_04210	100.000	239	0	0	1	239	1	239	2.54e-179	491
24P1R3A1_04211	24P1R3A1_04211	100.000	508	0	0	1	508	1	508	0.0	1016
24P1R3A1_04212	24P1R3A1_04212	100.000	63	0	0	1	63	1	63	2.51e-40	125
24P1R3A1_04213	24P1R3A1_04213	100.000	101	0	0	1	101	1	101	6.22e-69	201
24P1R3A1_04214	24P1R3A1_04214	100.000	81	0	0	1	81	1	81	7.30e-54	161
24P1R3A1_04215	24P1R3A1_04215	100.000	515	0	0	1	515	1	515	0.0	1024
24P1R3A1_04216	24P1R3A1_04216	100.000	225	0	0	1	225	1	225	1.56e-169	465
24P1R3A1_04217	24P1R3A1_04217	100.000	192	0	0	1	192	1	192	8.69e-141	390
24P1R3A1_04218	24P1R3A1_04218	100.000	193	0	0	1	193	1	193	3.49e-141	391
24P1R3A1_04219	24P1R3A1_04219	100.000	347	0	0	1	347	1	347	0.0	692
24P1R3A1_04220	24P1R3A1_04220	100.000	152	0	0	1	152	1	152	1.36e-106	300
24P1R3A1_04221	24P1R3A1_04221	100.000	389	0	0	1	389	1	389	0.0	795
24P1R3A1_04222	24P1R3A1_04222	100.000	195	0	0	1	195	1	195	1.39e-145	402
24P1R3A1_04223	24P1R3A1_04223	100.000	356	0	0	1	356	1	356	0.0	745
24P1R3A1_04224	24P1R3A1_04224	100.000	382	0	0	1	382	1	382	0.0	793
24P1R3A1_04225	24P1R3A1_04225	100.000	259	0	0	1	259	1	259	0.0	538
24P1R3A1_04226	24P1R3A1_04226	100.000	358	0	0	1	358	1	358	0.0	736
24P1R3A1_04227	24P1R3A1_04227	100.000	315	0	0	1	315	1	315	0.0	652
24P1R3A1_04228	24P1R3A1_04228	100.000	156	0	0	1	156	1	156	6.79e-111	311
24P1R3A1_04230	24P1R3A1_04230	100.000	262	0	0	1	262	1	262	0.0	543
24P1R3A1_04231	24P1R3A1_04231	100.000	398	0	0	1	398	1	398	0.0	823
24P1R3A1_04232	24P1R3A1_04232	100.000	133	0	0	1	133	1	133	4.28e-93	265
24P1R3A1_04233	24P1R3A1_04233	100.000	394	0	0	1	394	1	394	0.0	818
24P1R3A1_04234	24P1R3A1_04234	100.000	456	0	0	1	456	1	456	0.0	910
24P1R3A1_04235	24P1R3A1_04235	100.000	224	0	0	1	224	1	224	9.13e-170	466
24P1R3A1_04236	24P1R3A1_04236	100.000	121	0	0	1	121	1	121	1.02e-88	253
24P1R3A1_04237	24P1R3A1_04237	100.000	606	0	0	1	606	1	606	0.0	1258
24P1R3A1_04238	24P1R3A1_04238	100.000	577	0	0	1	577	1	577	0.0	1199
24P1R3A1_04239	24P1R3A1_04239	100.000	244	0	0	1	244	1	244	0.0	501
24P1R3A1_04240	24P1R3A1_04240	100.000	476	0	0	1	476	1	476	0.0	970
24P1R3A1_04241	24P1R3A1_04241	100.000	303	0	0	1	303	1	303	0.0	630
24P1R3A1_04242	24P1R3A1_04242	100.000	484	0	0	1	484	1	484	0.0	978
24P1R3A1_04243	24P1R3A1_04243	100.000	207	0	0	1	207	1	207	4.77e-156	430
24P1R3A1_04244	24P1R3A1_04244	100.000	107	0	0	1	107	1	107	3.53e-75	217
24P1R3A1_04245	24P1R3A1_04245	100.000	249	0	0	1	249	1	249	0.0	514
24P1R3A1_04246	24P1R3A1_04246	100.000	162	0	0	1	162	1	162	1.30e-116	326
24P1R3A1_04247	24P1R3A1_04247	100.000	351	0	0	1	351	1	351	0.0	731
24P1R3A1_04248	24P1R3A1_04248	100.000	255	0	0	1	255	1	255	0.0	522
24P1R3A1_04249	24P1R3A1_04249	100.000	209	0	0	1	209	1	209	6.16e-155	427
24P1R3A1_04250	24P1R3A1_04250	100.000	375	0	0	1	375	1	375	0.0	756
24P1R3A1_04251	24P1R3A1_04251	100.000	328	0	0	1	328	1	328	0.0	656
24P1R3A1_04252	24P1R3A1_04252	100.000	420	0	0	1	420	1	420	0.0	860
24P1R3A1_04253	24P1R3A1_04253	100.000	383	0	0	1	383	1	383	0.0	780
24P1R3A1_04254	24P1R3A1_04254	100.000	855	0	0	1	855	1	855	0.0	1760
24P1R3A1_04255	24P1R3A1_04255	100.000	116	0	0	1	116	1	116	1.76e-82	236
24P1R3A1_04256	24P1R3A1_04256	100.000	136	0	0	1	136	1	136	2.78e-97	275
24P1R3A1_04257	24P1R3A1_04257	100.000	310	0	0	1	310	1	310	0.0	644
24P1R3A1_04258	24P1R3A1_04258	100.000	276	0	0	1	276	1	276	0.0	570
24P1R3A1_04259	24P1R3A1_04259	100.000	305	0	0	1	305	1	305	0.0	626
24P1R3A1_04260	24P1R3A1_04260	100.000	498	0	0	1	498	1	498	0.0	1000
24P1R3A1_04261	24P1R3A1_04261	100.000	202	0	0	1	202	1	202	1.57e-152	420
24P1R3A1_04262	24P1R3A1_04262	100.000	491	0	0	1	491	1	491	0.0	951
24P1R3A1_04263	24P1R3A1_04263	100.000	303	0	0	1	303	1	303	0.0	616
24P1R3A1_04264	24P1R3A1_04264	100.000	291	0	0	1	291	1	291	0.0	593
24P1R3A1_04265	24P1R3A1_04265	100.000	226	0	0	1	226	1	226	5.47e-169	464
24P1R3A1_04266	24P1R3A1_04266	100.000	189	0	0	1	189	1	189	8.50e-141	390
24P1R3A1_04267	24P1R3A1_04267	100.000	556	0	0	1	556	1	556	0.0	1132
24P1R3A1_04268	24P1R3A1_04268	100.000	422	0	0	1	422	1	422	0.0	865
24P1R3A1_04269	24P1R3A1_04269	100.000	276	0	0	1	276	1	276	0.0	570
24P1R3A1_04270	24P1R3A1_04270	100.000	302	0	0	1	302	1	302	0.0	618
24P1R3A1_04271	24P1R3A1_04271	100.000	415	0	0	1	415	1	415	0.0	825
24P1R3A1_04272	24P1R3A1_04272	100.000	305	0	0	1	305	1	305	0.0	640
24P1R3A1_04273	24P1R3A1_04273	100.000	274	0	0	1	274	1	274	0.0	514
24P1R3A1_04274	24P1R3A1_04274	100.000	312	0	0	1	312	1	312	0.0	626
24P1R3A1_04275	24P1R3A1_04275	100.000	246	0	0	1	246	1	246	0.0	509
24P1R3A1_04276	24P1R3A1_04276	100.000	222	0	0	1	222	1	222	6.10e-162	446
24P1R3A1_04277	24P1R3A1_04277	100.000	44	0	0	1	44	1	44	3.33e-22	79.0
24P1R3A1_04278	24P1R3A1_04278	100.000	212	0	0	1	212	1	212	3.79e-156	430
24P1R3A1_04279	24P1R3A1_04279	100.000	332	0	0	1	332	1	332	0.0	688
24P1R3A1_04280	24P1R3A1_04280	100.000	490	0	0	1	490	1	490	0.0	1023
24P1R3A1_04281	24P1R3A1_04281	100.000	316	0	0	1	316	1	316	0.0	651
24P1R3A1_04282	24P1R3A1_04282	100.000	304	0	0	1	304	1	304	0.0	603
24P1R3A1_04283	24P1R3A1_04283	100.000	396	0	0	1	396	1	396	0.0	813
24P1R3A1_04284	24P1R3A1_04284	100.000	261	0	0	1	261	1	261	0.0	543
24P1R3A1_04285	24P1R3A1_04285	100.000	351	0	0	1	351	1	351	0.0	722
24P1R3A1_04286	24P1R3A1_04286	100.000	628	0	0	1	628	1	628	0.0	1290
24P1R3A1_04287	24P1R3A1_04287	100.000	215	0	0	1	215	1	215	8.50e-159	437
24P1R3A1_04288	24P1R3A1_04288	100.000	323	0	0	1	323	1	323	0.0	672
24P1R3A1_04289	24P1R3A1_04289	100.000	373	0	0	1	373	1	373	0.0	755
24P1R3A1_04290	24P1R3A1_04290	100.000	437	0	0	1	437	1	437	0.0	911
24P1R3A1_04291	24P1R3A1_04291	100.000	341	0	0	1	341	1	341	0.0	686
24P1R3A1_04292	24P1R3A1_04292	100.000	587	0	0	1	587	1	587	0.0	1167
24P1R3A1_04293	24P1R3A1_04293	100.000	413	0	0	1	413	1	413	0.0	816
24P1R3A1_04294	24P1R3A1_04294	100.000	555	0	0	1	555	1	555	0.0	1155
24P1R3A1_04295	24P1R3A1_04295	100.000	160	0	0	1	160	1	160	1.40e-114	321
24P1R3A1_04296	24P1R3A1_04296	100.000	270	0	0	1	270	1	270	0.0	546
24P1R3A1_04297	24P1R3A1_04297	100.000	488	0	0	1	488	1	488	0.0	970
24P1R3A1_04298	24P1R3A1_04298	100.000	982	0	0	1	982	1	982	0.0	1993
24P1R3A1_04299	24P1R3A1_04299	100.000	135	0	0	1	135	1	135	2.78e-97	275
24P1R3A1_04300	24P1R3A1_04300	100.000	161	0	0	1	161	1	161	1.55e-113	318
24P1R3A1_04301	24P1R3A1_04301	100.000	309	0	0	1	309	1	309	0.0	619
24P1R3A1_04302	24P1R3A1_04302	100.000	286	0	0	1	286	1	286	0.0	576
24P1R3A1_04303	24P1R3A1_04303	100.000	262	0	0	1	262	1	262	0.0	539
24P1R3A1_04304	24P1R3A1_04304	100.000	193	0	0	1	193	1	193	1.19e-143	397
24P1R3A1_04305	24P1R3A1_04305	100.000	229	0	0	1	229	1	229	1.25e-167	461
24P1R3A1_04306	24P1R3A1_04306	100.000	814	0	0	1	814	1	814	0.0	1627
24P1R3A1_04307	24P1R3A1_04307	100.000	721	0	0	1	721	1	721	0.0	1506
24P1R3A1_04308	24P1R3A1_04308	100.000	343	0	0	1	343	1	343	0.0	699
24P1R3A1_04309	24P1R3A1_04309	100.000	420	0	0	1	420	1	420	0.0	829
24P1R3A1_04310	24P1R3A1_04310	100.000	356	0	0	1	356	1	356	0.0	730
24P1R3A1_04311	24P1R3A1_04311	100.000	174	0	0	1	174	1	174	4.68e-124	346
24P1R3A1_04312	24P1R3A1_04312	100.000	241	0	0	1	241	1	241	0.0	501
24P1R3A1_04313	24P1R3A1_04313	100.000	165	0	0	1	165	1	165	2.98e-122	341
24P1R3A1_04314	24P1R3A1_04314	100.000	464	0	0	1	464	1	464	0.0	972
24P1R3A1_04315	24P1R3A1_04315	100.000	314	0	0	1	314	1	314	0.0	646
24P1R3A1_04316	24P1R3A1_04316	100.000	71	0	0	1	71	1	71	9.18e-47	142
24P1R3A1_04317	24P1R3A1_04317	100.000	291	0	0	1	291	1	291	0.0	593
24P1R3A1_04319	24P1R3A1_04319	100.000	472	0	0	1	472	1	472	0.0	964
24P1R3A1_04320	24P1R3A1_04320	100.000	169	0	0	1	169	1	169	1.33e-120	337
24P1R3A1_04321	24P1R3A1_04321	100.000	245	0	0	1	245	1	245	0.0	503
24P1R3A1_04322	24P1R3A1_04322	100.000	1558	0	0	1	1558	1	1558	0.0	3111
24P1R3A1_04323	24P1R3A1_04323	100.000	194	0	0	1	194	1	194	4.71e-145	401
24P1R3A1_04324	24P1R3A1_04324	100.000	213	0	0	1	213	1	213	5.50e-157	432
24P1R3A1_04325	24P1R3A1_04325	100.000	324	0	0	1	324	1	324	0.0	668
24P1R3A1_04326	24P1R3A1_04326	100.000	285	0	0	1	285	1	285	0.0	586
24P1R3A1_04327	24P1R3A1_04327	100.000	492	0	0	1	492	1	492	0.0	1028
24P1R3A1_04328	24P1R3A1_04328	100.000	537	0	0	1	537	1	537	0.0	1112
24P1R3A1_04329	24P1R3A1_04329	100.000	412	0	0	1	412	1	412	0.0	868
24P1R3A1_04330	24P1R3A1_04330	100.000	260	0	0	1	260	1	260	0.0	522
24P1R3A1_04331	24P1R3A1_04331	100.000	427	0	0	1	427	1	427	0.0	891
24P1R3A1_04332	24P1R3A1_04332	100.000	397	0	0	1	397	1	397	0.0	823
24P1R3A1_04333	24P1R3A1_04333	100.000	165	0	0	1	165	1	165	1.34e-122	342
24P1R3A1_04334	24P1R3A1_04334	100.000	256	0	0	1	256	1	256	0.0	511
24P1R3A1_04335	24P1R3A1_04335	100.000	297	0	0	1	297	1	297	0.0	602
24P1R3A1_04336	24P1R3A1_04336	100.000	145	0	0	1	145	1	145	3.04e-104	293
24P1R3A1_04337	24P1R3A1_04337	100.000	390	0	0	1	390	1	390	0.0	804
24P1R3A1_04338	24P1R3A1_04338	100.000	277	0	0	1	277	1	277	0.0	582
24P1R3A1_04339	24P1R3A1_04339	100.000	253	0	0	1	253	1	253	0.0	514
24P1R3A1_04340	24P1R3A1_04340	100.000	353	0	0	1	353	1	353	0.0	737
24P1R3A1_04341	24P1R3A1_04341	100.000	1014	0	0	1	1014	1	1014	0.0	2095
24P1R3A1_04342	24P1R3A1_04342	100.000	1023	0	0	1	1023	1	1023	0.0	2112
24P1R3A1_04343	24P1R3A1_04343	100.000	722	0	0	1	722	1	722	0.0	1463
24P1R3A1_04344	24P1R3A1_04344	100.000	295	0	0	1	295	1	295	0.0	610
24P1R3A1_04345	24P1R3A1_04345	100.000	518	0	0	1	518	1	518	0.0	1082
24P1R3A1_04346	24P1R3A1_04346	100.000	164	0	0	1	164	1	164	1.59e-123	344
24P1R3A1_04347	24P1R3A1_04347	100.000	195	0	0	1	195	1	195	6.47e-140	388
24P1R3A1_04348	24P1R3A1_04348	100.000	276	0	0	1	276	1	276	0.0	573
24P1R3A1_04349	24P1R3A1_04349	100.000	68	0	0	1	68	1	68	4.39e-44	135
24P1R3A1_04350	24P1R3A1_04350	100.000	517	0	0	1	517	1	517	0.0	1038
24P1R3A1_04351	24P1R3A1_04351	100.000	30	0	0	1	30	1	30	7.80e-16	62.0
24P1R3A1_04353	24P1R3A1_04353	100.000	110	0	0	1	110	1	110	1.81e-79	228
24P1R3A1_04354	24P1R3A1_04354	100.000	93	0	0	1	93	1	93	1.85e-66	194
24P1R3A1_04355	24P1R3A1_04355	100.000	107	0	0	1	107	1	107	6.65e-76	219
24P1R3A1_04356	24P1R3A1_04356	100.000	138	0	0	1	138	1	138	8.37e-98	277
24P1R3A1_04357	24P1R3A1_04357	100.000	153	0	0	1	153	1	153	4.77e-113	317
24P1R3A1_04358	24P1R3A1_04358	100.000	684	0	0	1	684	1	684	0.0	1401
24P1R3A1_04359	24P1R3A1_04359	100.000	726	0	0	1	726	1	726	0.0	1483
24P1R3A1_04360	24P1R3A1_04360	100.000	203	0	0	1	203	1	203	1.04e-148	411
24P1R3A1_04361	24P1R3A1_04361	100.000	184	0	0	1	184	1	184	6.44e-132	367
24P1R3A1_04362	24P1R3A1_04362	100.000	60	0	0	1	60	1	60	3.66e-37	117
24P1R3A1_04363	24P1R3A1_04363	100.000	362	0	0	1	362	1	362	0.0	743
24P1R3A1_04364	24P1R3A1_04364	100.000	155	0	0	1	155	1	155	2.91e-112	315
24P1R3A1_04365	24P1R3A1_04365	100.000	581	0	0	1	581	1	581	0.0	1193
24P1R3A1_04366	24P1R3A1_04366	100.000	173	0	0	1	173	1	173	4.10e-125	348
24P1R3A1_04367	24P1R3A1_04367	100.000	57	0	0	1	57	1	57	1.03e-36	116
24P1R3A1_04368	24P1R3A1_04368	100.000	139	0	0	1	139	1	139	3.56e-101	285
24P1R3A1_04369	24P1R3A1_04369	100.000	189	0	0	1	189	1	189	2.08e-136	379
24P1R3A1_04370	24P1R3A1_04370	100.000	551	0	0	1	551	1	551	0.0	1125
24P1R3A1_04371	24P1R3A1_04371	100.000	430	0	0	1	430	1	430	0.0	882
24P1R3A1_04372	24P1R3A1_04372	100.000	644	0	0	1	644	1	644	0.0	1312
24P1R3A1_04373	24P1R3A1_04373	100.000	705	0	0	1	705	1	705	0.0	1468
24P1R3A1_04374	24P1R3A1_04374	100.000	384	0	0	1	384	1	384	0.0	798
24P1R3A1_04375	24P1R3A1_04375	100.000	184	0	0	1	184	1	184	9.25e-138	382
24P1R3A1_04376	24P1R3A1_04376	100.000	337	0	0	1	337	1	337	0.0	687
24P1R3A1_04377	24P1R3A1_04377	100.000	872	0	0	1	872	1	872	0.0	1815
24P1R3A1_04378	24P1R3A1_04378	100.000	405	0	0	1	405	1	405	0.0	843
24P1R3A1_04379	24P1R3A1_04379	100.000	467	0	0	1	467	1	467	0.0	967
24P1R3A1_04380	24P1R3A1_04380	100.000	366	0	0	1	366	1	366	0.0	737
24P1R3A1_04381	24P1R3A1_04381	100.000	397	0	0	1	397	1	397	0.0	823
24P1R3A1_04382	24P1R3A1_04382	100.000	217	0	0	1	217	1	217	2.41e-164	451
24P1R3A1_04383	24P1R3A1_04383	100.000	183	0	0	1	183	1	183	1.21e-135	376
24P1R3A1_04384	24P1R3A1_04384	100.000	619	0	0	1	619	1	619	0.0	1264
24P1R3A1_04385	24P1R3A1_04385	100.000	238	0	0	1	238	1	238	8.75e-180	492
24P1R3A1_04386	24P1R3A1_04386	100.000	1490	0	0	1	1490	1	1490	0.0	3048
24P1R3A1_04387	24P1R3A1_04387	100.000	235	0	0	1	235	1	235	1.30e-171	471
24P1R3A1_04388	24P1R3A1_04388	100.000	441	0	0	1	441	1	441	0.0	903
24P1R3A1_04389	24P1R3A1_04389	100.000	258	0	0	1	258	1	258	0.0	535
24P1R3A1_04390	24P1R3A1_04390	100.000	278	0	0	1	278	1	278	0.0	561
24P1R3A1_04391	24P1R3A1_04391	100.000	254	0	0	1	254	1	254	0.0	521
24P1R3A1_04392	24P1R3A1_04392	100.000	60	0	0	1	60	1	60	1.35e-37	119
24P1R3A1_04393	24P1R3A1_04393	100.000	72	0	0	1	72	1	72	4.96e-48	146
24P1R3A1_04394	24P1R3A1_04394	100.000	330	0	0	1	330	1	330	0.0	678
24P1R3A1_04395	24P1R3A1_04395	100.000	582	0	0	1	582	1	582	0.0	1191
24P1R3A1_04396	24P1R3A1_04396	100.000	785	0	0	1	785	1	785	0.0	1586
24P1R3A1_04397	24P1R3A1_04397	100.000	96	0	0	1	96	1	96	3.12e-67	196
24P1R3A1_04398	24P1R3A1_04398	100.000	558	0	0	1	558	1	558	0.0	1114
24P1R3A1_04399	24P1R3A1_04399	100.000	229	0	0	1	229	1	229	1.12e-167	461
24P1R3A1_04400	24P1R3A1_04400	100.000	425	0	0	1	425	1	425	0.0	873
24P1R3A1_04401	24P1R3A1_04401	100.000	363	0	0	1	363	1	363	0.0	754
24P1R3A1_04402	24P1R3A1_04402	100.000	477	0	0	1	477	1	477	0.0	934
24P1R3A1_04403	24P1R3A1_04403	100.000	373	0	0	1	373	1	373	0.0	736
24P1R3A1_04404	24P1R3A1_04404	100.000	346	0	0	1	346	1	346	0.0	702
24P1R3A1_04405	24P1R3A1_04405	100.000	590	0	0	1	590	1	590	0.0	1226
24P1R3A1_04406	24P1R3A1_04406	100.000	285	0	0	1	285	1	285	0.0	574
24P1R3A1_04407	24P1R3A1_04407	100.000	761	0	0	1	761	1	761	0.0	1591
24P1R3A1_04408	24P1R3A1_04408	100.000	247	0	0	1	247	1	247	0.0	516
24P1R3A1_04409	24P1R3A1_04409	100.000	44	0	0	1	44	1	44	5.56e-25	85.9
24P1R3A1_04410	24P1R3A1_04410	100.000	295	0	0	1	295	1	295	0.0	583
24P1R3A1_04411	24P1R3A1_04411	100.000	698	0	0	1	698	1	698	0.0	1381
24P1R3A1_04412	24P1R3A1_04412	100.000	350	0	0	1	350	1	350	0.0	723
24P1R3A1_04413	24P1R3A1_04413	100.000	275	0	0	1	275	1	275	0.0	559
24P1R3A1_04414	24P1R3A1_04414	100.000	229	0	0	1	229	1	229	3.69e-162	447
24P1R3A1_04415	24P1R3A1_04415	100.000	329	0	0	1	329	1	329	0.0	667
24P1R3A1_04416	24P1R3A1_04416	100.000	430	0	0	1	430	1	430	0.0	891
24P1R3A1_04417	24P1R3A1_04417	100.000	473	0	0	1	473	1	473	0.0	973
24P1R3A1_04418	24P1R3A1_04418	100.000	203	0	0	1	203	1	203	1.39e-151	418
24P1R3A1_04419	24P1R3A1_04419	100.000	1241	0	0	1	1241	1	1241	0.0	2539
24P1R3A1_04420	24P1R3A1_04420	100.000	165	0	0	1	165	1	165	1.19e-119	334
24P1R3A1_04421	24P1R3A1_04421	100.000	320	0	0	1	320	1	320	0.0	660
24P1R3A1_04422	24P1R3A1_04422	100.000	590	0	0	1	590	1	590	0.0	1195
24P1R3A1_04423	24P1R3A1_04423	100.000	584	0	0	1	584	1	584	0.0	1186
24P1R3A1_04424	24P1R3A1_04424	100.000	231	0	0	1	231	1	231	1.90e-173	476
24P1R3A1_04425	24P1R3A1_04425	100.000	73	0	0	1	73	1	73	2.51e-49	149
24P1R3A1_04426	24P1R3A1_04426	100.000	765	0	0	1	765	1	765	0.0	1568
24P1R3A1_04427	24P1R3A1_04427	100.000	105	0	0	1	105	1	105	1.53e-75	218
24P1R3A1_04428	24P1R3A1_04428	100.000	70	0	0	1	70	1	70	2.44e-47	144
24P1R3A1_04429	24P1R3A1_04429	100.000	651	0	0	1	651	1	651	0.0	1326
24P1R3A1_04430	24P1R3A1_04430	100.000	370	0	0	1	370	1	370	0.0	743
24P1R3A1_04431	24P1R3A1_04431	100.000	558	0	0	1	558	1	558	0.0	1154
24P1R3A1_04432	24P1R3A1_04432	100.000	301	0	0	1	301	1	301	0.0	592
24P1R3A1_04433	24P1R3A1_04433	100.000	486	0	0	1	486	1	486	0.0	1002
24P1R3A1_04434	24P1R3A1_04434	100.000	33	0	0	1	33	1	33	3.62e-16	63.2
24P1R3A1_04435	24P1R3A1_04435	100.000	250	0	0	1	250	1	250	0.0	517
24P1R3A1_04436	24P1R3A1_04436	100.000	245	0	0	1	245	1	245	0.0	503
24P1R3A1_04437	24P1R3A1_04437	100.000	235	0	0	1	235	1	235	5.65e-172	472
24P1R3A1_04438	24P1R3A1_04438	100.000	223	0	0	1	223	1	223	2.08e-162	447
24P1R3A1_04439	24P1R3A1_04439	100.000	398	0	0	1	398	1	398	0.0	788
24P1R3A1_04440	24P1R3A1_04440	100.000	378	0	0	1	378	1	378	0.0	782
24P1R3A1_04441	24P1R3A1_04441	100.000	175	0	0	1	175	1	175	6.48e-126	351
24P1R3A1_04442	24P1R3A1_04442	100.000	101	0	0	1	101	1	101	1.91e-71	207
24P1R3A1_04443	24P1R3A1_04443	100.000	88	0	0	1	88	1	88	9.42e-62	182
24P1R3A1_04444	24P1R3A1_04444	100.000	142	0	0	1	142	1	142	1.51e-105	296
24P1R3A1_04445	24P1R3A1_04445	100.000	204	0	0	1	204	1	204	2.86e-147	407
24P1R3A1_04446	24P1R3A1_04446	100.000	439	0	0	1	439	1	439	0.0	884
24P1R3A1_04447	24P1R3A1_04447	100.000	455	0	0	1	455	1	455	0.0	938
24P1R3A1_04448	24P1R3A1_04448	100.000	557	0	0	1	557	1	557	0.0	1141
24P1R3A1_04449	24P1R3A1_04449	100.000	401	0	0	1	401	1	401	0.0	818
24P1R3A1_04450	24P1R3A1_04450	100.000	207	0	0	1	207	1	207	7.08e-156	429
24P1R3A1_04451	24P1R3A1_04451	100.000	274	0	0	1	274	1	274	0.0	566
24P1R3A1_04452	24P1R3A1_04452	100.000	300	0	0	1	300	1	300	0.0	603
24P1R3A1_04453	24P1R3A1_04453	100.000	439	0	0	1	439	1	439	0.0	891
24P1R3A1_04454	24P1R3A1_04454	100.000	361	0	0	1	361	1	361	0.0	740
24P1R3A1_04455	24P1R3A1_04455	100.000	356	0	0	1	356	1	356	0.0	740
24P1R3A1_04456	24P1R3A1_04456	100.000	197	0	0	1	197	1	197	4.81e-146	404
24P1R3A1_04457	24P1R3A1_04457	100.000	246	0	0	1	246	1	246	0.0	497
24P1R3A1_04458	24P1R3A1_04458	100.000	258	0	0	1	258	1	258	0.0	524
24P1R3A1_04459	24P1R3A1_04459	100.000	207	0	0	1	207	1	207	3.26e-155	427
24P1R3A1_04460	24P1R3A1_04460	100.000	384	0	0	1	384	1	384	0.0	783
24P1R3A1_04461	24P1R3A1_04461	100.000	165	0	0	1	165	1	165	8.12e-121	337
24P1R3A1_04663	24P1R3A1_04663	100.000	44	0	0	1	44	1	44	3.77e-26	89.0
24P1R3A1_04723	24P1R3A1_04723	100.000	86	0	0	1	86	1	86	2.63e-59	175
24P1R3A1_04723	14P1R2A4_05002	100.000	66	0	0	21	86	1	66	5.12e-42	131
24P1R3A1_04834	24P1R3A1_04834	100.000	431	0	0	1	431	1	431	0.0	885
24P1R3A1_04835	24P1R3A1_04835	100.000	310	0	0	1	310	1	310	0.0	640
24P1R3A1_04836	24P1R3A1_04836	100.000	820	0	0	1	820	1	820	0.0	1684
24P1R3A1_04837	24P1R3A1_04837	100.000	31	0	0	1	31	1	31	2.01e-15	60.8
24P1R3A1_04838	24P1R3A1_04838	100.000	239	0	0	1	239	1	239	1.09e-178	489
24P1R3A1_04839	24P1R3A1_04839	100.000	159	0	0	1	159	1	159	5.09e-116	325
24P1R3A1_04840	24P1R3A1_04840	100.000	303	0	0	1	303	1	303	0.0	636
24P1R3A1_04841	24P1R3A1_04841	100.000	216	0	0	1	216	1	216	8.32e-159	437
24P1R3A1_04842	24P1R3A1_04842	100.000	179	0	0	1	179	1	179	8.68e-132	366
24P1R3A1_04843	24P1R3A1_04843	100.000	104	0	0	1	104	1	104	2.83e-72	209
24P1R3A1_04844	24P1R3A1_04844	100.000	640	0	0	1	640	1	640	0.0	1306
24P1R3A1_04845	24P1R3A1_04845	100.000	556	0	0	1	556	1	556	0.0	1134
24P1R3A1_04846	24P1R3A1_04846	100.000	88	0	0	1	88	1	88	2.08e-58	173
24P1R3A1_04847	24P1R3A1_04847	100.000	266	0	0	1	266	1	266	0.0	535
24P1R3A1_04848	24P1R3A1_04848	100.000	183	0	0	1	183	1	183	7.34e-138	382
24P1R3A1_04849	24P1R3A1_04849	100.000	343	0	0	1	343	1	343	0.0	711
24P1R3A1_04850	24P1R3A1_04850	100.000	915	0	0	1	915	1	915	0.0	1894
24P1R3A1_04851	24P1R3A1_04851	100.000	570	0	0	1	570	1	570	0.0	1172
24P1R3A1_04852	24P1R3A1_04852	100.000	933	0	0	1	933	1	933	0.0	1915
24P1R3A1_04853	24P1R3A1_04853	100.000	139	0	0	1	139	1	139	5.59e-96	272
24P1R3A1_04854	24P1R3A1_04854	100.000	673	0	0	1	673	1	673	0.0	1385
24P1R3A1_04855	24P1R3A1_04855	100.000	418	0	0	1	418	1	418	0.0	827
24P1R3A1_04856	24P1R3A1_04856	100.000	222	0	0	1	222	1	222	9.31e-158	435
24P1R3A1_04857	24P1R3A1_04857	100.000	102	0	0	1	102	1	102	4.52e-68	199
24P1R3A1_04858	24P1R3A1_04858	100.000	137	0	0	1	137	1	137	3.77e-93	265
24P1R3A1_04859	24P1R3A1_04859	100.000	101	0	0	1	101	1	101	5.30e-67	196
24P1R3A1_04860	24P1R3A1_04860	100.000	131	0	0	1	131	1	131	7.56e-91	259
24P1R3A1_04861	24P1R3A1_04861	100.000	301	0	0	1	301	1	301	0.0	612
24P1R3A1_04862	24P1R3A1_04862	100.000	236	0	0	1	236	1	236	1.36e-179	491
24P1R3A1_04863	24P1R3A1_04863	100.000	294	0	0	1	294	1	294	0.0	607
24P1R3A1_04864	24P1R3A1_04864	100.000	585	0	0	1	585	1	585	0.0	1191
24P1R3A1_04865	24P1R3A1_04865	100.000	126	0	0	1	126	1	126	7.02e-94	266
24P1R3A1_04866	24P1R3A1_04866	100.000	197	0	0	1	197	1	197	2.39e-145	402
24P1R3A1_04867	24P1R3A1_04867	100.000	193	0	0	1	193	1	193	4.28e-138	383
24P1R3A1_04868	24P1R3A1_04868	100.000	206	0	0	1	206	1	206	1.14e-151	419
24P1R3A1_04869	24P1R3A1_04869	100.000	222	0	0	1	222	1	222	9.64e-164	450
24P1R3A1_04870	24P1R3A1_04870	100.000	167	0	0	1	167	1	167	2.82e-122	341
24P1R3A1_04871	24P1R3A1_04871	100.000	568	0	0	1	568	1	568	0.0	1166
24P1R3A1_04872	24P1R3A1_04872	100.000	109	0	0	1	109	1	109	3.12e-77	223
24P1R3A1_04873	24P1R3A1_04873	100.000	101	0	0	1	101	1	101	9.40e-70	203
24P1R3A1_04874	24P1R3A1_04874	100.000	278	0	0	1	278	1	278	0.0	575
24P1R3A1_04875	24P1R3A1_04875	100.000	300	0	0	1	300	1	300	0.0	624
24P1R3A1_04876	24P1R3A1_04876	100.000	234	0	0	1	234	1	234	1.19e-173	476
24P1R3A1_04877	24P1R3A1_04877	100.000	238	0	0	1	238	1	238	2.54e-179	491
24P1R3A1_04878	24P1R3A1_04878	100.000	779	0	0	1	779	1	779	0.0	1582
24P1R3A1_04879	24P1R3A1_04879	100.000	1487	0	0	1	1487	1	1487	0.0	3090
24P1R3A1_04880	24P1R3A1_04880	100.000	466	0	0	1	466	1	466	0.0	969
24P1R3A1_04881	24P1R3A1_04881	100.000	425	0	0	1	425	1	425	0.0	837
24P1R3A1_04882	24P1R3A1_04882	100.000	423	0	0	1	423	1	423	0.0	868
24P1R3A1_04883	24P1R3A1_04883	100.000	170	0	0	1	170	1	170	9.17e-124	345
24P1R3A1_04884	24P1R3A1_04884	100.000	214	0	0	1	214	1	214	1.33e-158	437
24P1R3A1_04885	24P1R3A1_04885	100.000	131	0	0	1	131	1	131	1.61e-91	260
24P1R3A1_04886	24P1R3A1_04886	100.000	143	0	0	1	143	1	143	1.28e-103	292
24P1R3A1_04887	24P1R3A1_04887	100.000	372	0	0	1	372	1	372	0.0	774
24P1R3A1_04888	24P1R3A1_04888	100.000	135	0	0	1	135	1	135	9.26e-99	279
24P1R3A1_04889	24P1R3A1_04889	100.000	464	0	0	1	464	1	464	0.0	919
24P1R3A1_04890	24P1R3A1_04890	100.000	357	0	0	1	357	1	357	0.0	712
24P1R3A1_04891	24P1R3A1_04891	100.000	82	0	0	1	82	1	82	5.01e-59	174
24P1R3A1_04892	24P1R3A1_04892	100.000	358	0	0	1	358	1	358	0.0	721
24P1R3A1_04893	24P1R3A1_04893	100.000	423	0	0	1	423	1	423	0.0	857
24P1R3A1_04894	24P1R3A1_04894	100.000	85	0	0	1	85	1	85	9.21e-60	176
24P1R3A1_04895	24P1R3A1_04895	100.000	98	0	0	1	98	1	98	1.47e-67	197
24P1R3A1_04896	24P1R3A1_04896	100.000	211	0	0	1	211	1	211	4.98e-157	432
24P1R3A1_04897	24P1R3A1_04897	100.000	179	0	0	1	179	1	179	2.50e-130	362
24P1R3A1_04898	24P1R3A1_04898	100.000	260	0	0	1	260	1	260	0.0	513
24P1R3A1_04899	24P1R3A1_04899	100.000	271	0	0	1	271	1	271	0.0	552
24P1R3A1_04900	24P1R3A1_04900	100.000	327	0	0	1	327	1	327	0.0	637
24P1R3A1_04901	24P1R3A1_04901	100.000	329	0	0	1	329	1	329	0.0	667
24P1R3A1_04902	24P1R3A1_04902	100.000	186	0	0	1	186	1	186	2.72e-134	373
24P1R3A1_04903	24P1R3A1_04903	100.000	193	0	0	1	193	1	193	7.52e-142	392
24P1R3A1_04904	24P1R3A1_04904	100.000	180	0	0	1	180	1	180	3.92e-129	359
24P1R3A1_04905	24P1R3A1_04905	100.000	242	0	0	1	242	1	242	7.00e-177	485
24P1R3A1_04905	32P3R2A9_06724	95.876	97	4	0	146	242	1	97	6.26e-63	191
24P1R3A1_04906	24P1R3A1_04906	100.000	498	0	0	1	498	1	498	0.0	1014
24P1R3A1_04907	24P1R3A1_04907	100.000	96	0	0	1	96	1	96	1.01e-65	192
24P1R3A1_04908	24P1R3A1_04908	100.000	156	0	0	1	156	1	156	5.43e-113	317
24P1R3A1_04909	24P1R3A1_04909	100.000	285	0	0	1	285	1	285	0.0	582
24P1R3A1_04909	38P2R3A13_07833	98.077	52	1	0	233	284	1	52	1.13e-30	109
24P1R3A1_04910	24P1R3A1_04910	100.000	71	0	0	1	71	1	71	1.90e-45	139
24P1R3A1_04911	24P1R3A1_04911	100.000	137	0	0	1	137	1	137	9.08e-97	274
24P1R3A1_04912	24P1R3A1_04912	100.000	443	0	0	1	443	1	443	0.0	912
24P1R3A1_04913	24P1R3A1_04913	100.000	187	0	0	1	187	1	187	2.89e-132	368
24P1R3A1_04914	24P1R3A1_04914	100.000	77	0	0	1	77	1	77	5.47e-52	156
24P1R3A1_04915	24P1R3A1_04915	100.000	167	0	0	1	167	1	167	2.04e-125	349
24P1R3A1_04916	24P1R3A1_04916	100.000	482	0	0	1	482	1	482	0.0	976
24P1R3A1_04917	24P1R3A1_04917	100.000	287	0	0	1	287	1	287	0.0	593
24P1R3A1_04918	24P1R3A1_04918	100.000	1267	0	0	1	1267	1	1267	0.0	2584
24P1R3A1_04919	24P1R3A1_04919	100.000	490	0	0	1	490	1	490	0.0	999
24P1R3A1_04920	24P1R3A1_04920	100.000	196	0	0	1	196	1	196	1.58e-144	400
24P1R3A1_04921	24P1R3A1_04921	100.000	163	0	0	1	163	1	163	2.26e-115	323
24P1R3A1_04922	24P1R3A1_04922	100.000	349	0	0	1	349	1	349	0.0	701
24P1R3A1_04923	24P1R3A1_04923	100.000	348	0	0	1	348	1	348	0.0	699
24P1R3A1_04924	24P1R3A1_04924	100.000	326	0	0	1	326	1	326	0.0	667
24P1R3A1_04925	24P1R3A1_04925	100.000	148	0	0	1	148	1	148	1.02e-105	298
24P1R3A1_04926	24P1R3A1_04926	100.000	157	0	0	1	157	1	157	1.16e-112	316
24P1R3A1_04927	24P1R3A1_04927	100.000	450	0	0	1	450	1	450	0.0	920
24P1R3A1_04928	24P1R3A1_04928	100.000	154	0	0	1	154	1	154	1.47e-113	318
24P1R3A1_04929	24P1R3A1_04929	100.000	436	0	0	1	436	1	436	0.0	867
24P1R3A1_04930	24P1R3A1_04930	100.000	401	0	0	1	401	1	401	0.0	825
24P1R3A1_04931	24P1R3A1_04931	100.000	83	0	0	1	83	1	83	9.03e-56	166
24P1R3A1_04932	24P1R3A1_04932	100.000	484	0	0	1	484	1	484	0.0	958
24P1R3A1_04933	24P1R3A1_04933	100.000	294	0	0	1	294	1	294	0.0	599
24P1R3A1_04934	24P1R3A1_04934	100.000	324	0	0	1	324	1	324	0.0	672
24P1R3A1_04935	24P1R3A1_04935	100.000	99	0	0	1	99	1	99	2.36e-68	199
24P1R3A1_04935	38P2R3A13_07415	96.970	33	1	0	67	99	1	33	7.67e-16	65.1
24P1R3A1_04936	24P1R3A1_04936	100.000	179	0	0	1	179	1	179	5.41e-127	354
24P1R3A1_04937	24P1R3A1_04937	100.000	246	0	0	1	246	1	246	0.0	506
24P1R3A1_04938	24P1R3A1_04938	100.000	400	0	0	1	400	1	400	0.0	793
24P1R3A1_04939	24P1R3A1_04939	100.000	316	0	0	1	316	1	316	0.0	642
24P1R3A1_04940	24P1R3A1_04940	100.000	242	0	0	1	242	1	242	0.0	506
24P1R3A1_04941	24P1R3A1_04941	100.000	435	0	0	1	435	1	435	0.0	902
24P1R3A1_04942	24P1R3A1_04942	100.000	295	0	0	1	295	1	295	0.0	588
24P1R3A1_04943	24P1R3A1_04943	100.000	283	0	0	1	283	1	283	0.0	565
24P1R3A1_04944	24P1R3A1_04944	100.000	367	0	0	1	367	1	367	0.0	758
24P1R3A1_04945	24P1R3A1_04945	100.000	150	0	0	1	150	1	150	7.97e-111	311
24P1R3A1_04946	24P1R3A1_04946	100.000	216	0	0	1	216	1	216	5.06e-154	425
24P1R3A1_04947	24P1R3A1_04947	100.000	535	0	0	1	535	1	535	0.0	1104
24P1R3A1_04948	24P1R3A1_04948	100.000	491	0	0	1	491	1	491	0.0	1012
24P1R3A1_04949	24P1R3A1_04949	100.000	658	0	0	1	658	1	658	0.0	1351
24P1R3A1_04950	24P1R3A1_04950	100.000	416	0	0	1	416	1	416	0.0	863
24P1R3A1_04952	24P1R3A1_04952	100.000	409	0	0	1	409	1	409	0.0	843
24P1R3A1_04953	24P1R3A1_04953	100.000	360	0	0	1	360	1	360	0.0	721
24P1R3A1_04954	24P1R3A1_04954	100.000	366	0	0	1	366	1	366	0.0	741
24P1R3A1_04955	24P1R3A1_04955	100.000	503	0	0	1	503	1	503	0.0	1041
24P1R3A1_04956	24P1R3A1_04956	100.000	150	0	0	1	150	1	150	1.29e-111	313
24P1R3A1_04957	24P1R3A1_04957	100.000	963	0	0	1	963	1	963	0.0	1999
24P1R3A1_04958	24P1R3A1_04958	100.000	170	0	0	1	170	1	170	2.30e-124	347
24P1R3A1_04959	24P1R3A1_04959	100.000	56	0	0	1	56	1	56	1.60e-35	113
24P1R3A1_04960	24P1R3A1_04960	100.000	290	0	0	1	290	1	290	0.0	601
24P1R3A1_04961	24P1R3A1_04961	100.000	144	0	0	1	144	1	144	4.13e-100	283
24P1R3A1_04962	24P1R3A1_04962	100.000	335	0	0	1	335	1	335	0.0	698
24P1R3A1_04963	24P1R3A1_04963	100.000	61	0	0	1	61	1	61	6.28e-37	117
24P1R3A1_04964	24P1R3A1_04964	100.000	312	0	0	1	312	1	312	0.0	639
24P1R3A1_04965	24P1R3A1_04965	100.000	153	0	0	1	153	1	153	1.60e-112	315
24P1R3A1_04966	24P1R3A1_04966	100.000	90	0	0	1	90	1	90	6.57e-59	175
24P1R3A1_04967	24P1R3A1_04967	100.000	80	0	0	1	80	1	80	1.22e-53	160
24P1R3A1_04968	24P1R3A1_04968	100.000	394	0	0	1	394	1	394	0.0	772
24P1R3A1_04969	24P1R3A1_04969	100.000	303	0	0	1	303	1	303	0.0	629
24P1R3A1_04970	24P1R3A1_04970	100.000	129	0	0	1	129	1	129	4.20e-91	259
24P1R3A1_04971	24P1R3A1_04971	100.000	713	0	0	1	713	1	713	0.0	1486
24P1R3A1_04972	24P1R3A1_04972	100.000	155	0	0	1	155	1	155	1.87e-114	320
24P1R3A1_04973	24P1R3A1_04973	100.000	70	0	0	1	70	1	70	9.17e-46	140
24P1R3A1_04974	24P1R3A1_04974	100.000	125	0	0	1	125	1	125	4.08e-92	261
24P1R3A1_04975	24P1R3A1_04975	100.000	147	0	0	1	147	1	147	3.57e-109	306
24P1R3A1_04976	24P1R3A1_04976	100.000	84	0	0	1	84	1	84	2.90e-53	160
24P1R3A1_04977	24P1R3A1_04977	100.000	96	0	0	1	96	1	96	8.20e-67	195
24P1R3A1_04978	24P1R3A1_04978	100.000	169	0	0	1	169	1	169	1.05e-123	345
24P1R3A1_04979	24P1R3A1_04979	100.000	178	0	0	1	178	1	178	1.09e-127	355
24P1R3A1_04980	24P1R3A1_04980	100.000	332	0	0	1	332	1	332	0.0	696
24P1R3A1_04981	24P1R3A1_04981	100.000	293	0	0	1	293	1	293	0.0	613
24P1R3A1_04982	24P1R3A1_04982	100.000	389	0	0	1	389	1	389	0.0	791
24P1R3A1_04983	24P1R3A1_04983	100.000	382	0	0	1	382	1	382	0.0	771
24P1R3A1_04984	24P1R3A1_04984	100.000	324	0	0	1	324	1	324	0.0	648
24P1R3A1_04985	24P1R3A1_04985	100.000	568	0	0	1	568	1	568	0.0	1172
24P1R3A1_04986	24P1R3A1_04986	100.000	239	0	0	1	239	1	239	6.10e-180	493
24P1R3A1_04987	24P1R3A1_04987	100.000	122	0	0	1	122	1	122	4.18e-86	246
24P1R3A1_04988	24P1R3A1_04988	100.000	46	0	0	1	46	1	46	3.54e-29	96.7
24P1R3A1_04989	24P1R3A1_04989	100.000	641	0	0	1	641	1	641	0.0	1295
24P1R3A1_04990	24P1R3A1_04990	100.000	296	0	0	1	296	1	296	0.0	607
24P1R3A1_04991	24P1R3A1_04991	100.000	710	0	0	1	710	1	710	0.0	1433
24P1R3A1_04992	24P1R3A1_04992	100.000	90	0	0	1	90	1	90	7.98e-60	177
24P1R3A1_04993	24P1R3A1_04993	100.000	318	0	0	1	318	1	318	0.0	649
24P1R3A1_04994	24P1R3A1_04994	100.000	134	0	0	1	134	1	134	1.45e-94	268
24P1R3A1_04995	24P1R3A1_04995	100.000	918	0	0	1	918	1	918	0.0	1851
24P1R3A1_04996	24P1R3A1_04996	100.000	503	0	0	1	503	1	503	0.0	1007
24P1R3A1_04997	24P1R3A1_04997	100.000	141	0	0	1	141	1	141	5.50e-102	288
24P1R3A1_05000	24P1R3A1_05000	100.000	115	0	0	1	115	1	115	1.78e-79	229
24P1R3A1_05001	24P1R3A1_05001	100.000	446	0	0	1	446	1	446	0.0	908
24P1R3A1_05002	24P1R3A1_05002	100.000	281	0	0	1	281	1	281	0.0	577
24P1R3A1_05003	24P1R3A1_05003	100.000	645	0	0	1	645	1	645	0.0	1325
24P1R3A1_05004	24P1R3A1_05004	100.000	210	0	0	1	210	1	210	2.53e-155	428
24P1R3A1_05005	24P1R3A1_05005	100.000	99	0	0	1	99	1	99	1.26e-65	192
24P1R3A1_05006	24P1R3A1_05006	100.000	159	0	0	1	159	1	159	3.34e-113	317
24P1R3A1_05007	24P1R3A1_05007	100.000	481	0	0	1	481	1	481	0.0	999
24P1R3A1_05008	24P1R3A1_05008	100.000	391	0	0	1	391	1	391	0.0	801
24P1R3A1_05009	24P1R3A1_05009	100.000	86	0	0	1	86	1	86	1.75e-57	171
24P1R3A1_05009	31P2R1A5_03593	95.349	86	4	0	1	86	1	86	1.99e-54	163
24P1R3A1_05010	24P1R3A1_05010	100.000	103	0	0	1	103	1	103	1.90e-70	205
24P1R3A1_05011	24P1R3A1_05011	100.000	324	0	0	1	324	1	324	0.0	662
