24P1R3A1_05012	24P1R3A1_05012	100.000	139	0	0	1	139	1	139	6.99e-99	280
24P1R3A1_05013	24P1R3A1_05013	100.000	117	0	0	1	117	1	117	1.21e-83	239
24P1R3A1_05014	24P1R3A1_05014	100.000	89	0	0	1	89	1	89	7.08e-61	179
24P1R3A1_05015	24P1R3A1_05015	100.000	313	0	0	1	313	1	313	0.0	622
24P1R3A1_05016	24P1R3A1_05016	100.000	157	0	0	1	157	1	157	4.80e-114	319
24P1R3A1_05017	24P1R3A1_05017	100.000	460	0	0	1	460	1	460	0.0	959
24P1R3A1_05018	24P1R3A1_05018	100.000	336	0	0	1	336	1	336	0.0	696
24P1R3A1_05019	24P1R3A1_05019	100.000	176	0	0	1	176	1	176	1.74e-129	360
24P1R3A1_05020	24P1R3A1_05020	100.000	116	0	0	1	116	1	116	2.64e-83	238
24P1R3A1_05021	24P1R3A1_05021	100.000	1275	0	0	1	1275	1	1275	0.0	2548
24P1R3A1_05022	24P1R3A1_05022	100.000	581	0	0	1	581	1	581	0.0	1194
24P1R3A1_05023	24P1R3A1_05023	100.000	209	0	0	1	209	1	209	5.61e-158	435
24P1R3A1_05024	24P1R3A1_05024	100.000	481	0	0	1	481	1	481	0.0	981
24P1R3A1_05025	24P1R3A1_05025	100.000	69	0	0	1	69	1	69	2.71e-45	139
24P1R3A1_05026	24P1R3A1_05026	100.000	187	0	0	1	187	1	187	1.22e-136	379
24P1R3A1_05027	24P1R3A1_05027	100.000	247	0	0	1	247	1	247	0.0	506
24P1R3A1_05028	24P1R3A1_05028	100.000	207	0	0	1	207	1	207	9.94e-151	416
24P1R3A1_05029	24P1R3A1_05029	100.000	483	0	0	1	483	1	483	0.0	994
24P1R3A1_05030	24P1R3A1_05030	100.000	217	0	0	1	217	1	217	2.96e-166	456
24P1R3A1_05031	24P1R3A1_05031	100.000	42	0	0	1	42	1	42	1.22e-24	85.1
24P1R3A1_05031	32P3R2A9_05236	95.238	42	2	0	1	42	1	42	4.40e-24	83.6
24P1R3A1_05032	24P1R3A1_05032	100.000	83	0	0	1	83	1	83	1.38e-57	171
24P1R3A1_05033	24P1R3A1_05033	100.000	563	0	0	1	563	1	563	0.0	1162
24P1R3A1_05034	24P1R3A1_05034	100.000	221	0	0	1	221	1	221	3.76e-162	446
24P1R3A1_05035	24P1R3A1_05035	100.000	150	0	0	1	150	1	150	1.02e-106	300
24P1R3A1_05037	24P1R3A1_05037	100.000	132	0	0	1	132	1	132	1.64e-95	270
24P1R3A1_05038	24P1R3A1_05038	100.000	248	0	0	1	248	1	248	0.0	506
24P1R3A1_05039	24P1R3A1_05039	100.000	844	0	0	1	844	1	844	0.0	1744
24P1R3A1_05040	24P1R3A1_05040	100.000	127	0	0	1	127	1	127	6.19e-91	258
24P1R3A1_05041	24P1R3A1_05041	100.000	433	0	0	1	433	1	433	0.0	880
24P1R3A1_05042	24P1R3A1_05042	100.000	336	0	0	1	336	1	336	0.0	682
24P1R3A1_05043	24P1R3A1_05043	100.000	429	0	0	1	429	1	429	0.0	870
24P1R3A1_05044	24P1R3A1_05044	100.000	430	0	0	1	430	1	430	0.0	874
24P1R3A1_05045	24P1R3A1_05045	100.000	97	0	0	1	97	1	97	4.22e-68	198
24P1R3A1_05046	24P1R3A1_05046	100.000	314	0	0	1	314	1	314	0.0	644
24P1R3A1_05047	24P1R3A1_05047	100.000	675	0	0	1	675	1	675	0.0	1398
24P1R3A1_05048	24P1R3A1_05048	100.000	438	0	0	1	438	1	438	0.0	891
24P1R3A1_05049	24P1R3A1_05049	100.000	158	0	0	1	158	1	158	7.22e-117	327
24P1R3A1_05050	24P1R3A1_05050	100.000	403	0	0	1	403	1	403	0.0	836
24P1R3A1_05054	24P1R3A1_05054	100.000	182	0	0	1	182	1	182	1.70e-136	378
24P1R3A1_05055	24P1R3A1_05055	100.000	353	0	0	1	353	1	353	0.0	726
24P1R3A1_05056	24P1R3A1_05056	100.000	300	0	0	1	300	1	300	0.0	620
24P1R3A1_05057	24P1R3A1_05057	100.000	1113	0	0	1	1113	1	1113	0.0	2256
24P1R3A1_05058	24P1R3A1_05058	100.000	32	0	0	1	32	1	32	1.16e-14	59.3
24P1R3A1_05059	24P1R3A1_05059	100.000	78	0	0	1	78	1	78	4.59e-53	159
24P1R3A1_05061	24P1R3A1_05061	100.000	579	0	0	1	579	1	579	0.0	1189
24P1R3A1_05062	24P1R3A1_05062	100.000	76	0	0	1	76	1	76	4.53e-51	154
24P1R3A1_05063	24P1R3A1_05063	100.000	335	0	0	1	335	1	335	0.0	691
24P1R3A1_05064	24P1R3A1_05064	100.000	95	0	0	1	95	1	95	2.00e-66	194
24P1R3A1_05065	24P1R3A1_05065	100.000	586	0	0	1	586	1	586	0.0	1222
24P1R3A1_05066	24P1R3A1_05066	100.000	235	0	0	1	235	1	235	4.60e-176	483
24P1R3A1_05067	24P1R3A1_05067	100.000	376	0	0	1	376	1	376	0.0	744
24P1R3A1_05068	24P1R3A1_05068	100.000	116	0	0	1	116	1	116	9.83e-84	239
24P1R3A1_05069	24P1R3A1_05069	100.000	203	0	0	1	203	1	203	1.77e-152	420
24P1R3A1_05070	24P1R3A1_05070	100.000	241	0	0	1	241	1	241	1.41e-177	487
24P1R3A1_05071	24P1R3A1_05071	100.000	104	0	0	1	104	1	104	1.49e-72	210
24P1R3A1_05072	24P1R3A1_05072	100.000	109	0	0	1	109	1	109	7.45e-80	229
24P1R3A1_05073	24P1R3A1_05073	100.000	191	0	0	1	191	1	191	3.21e-140	388
24P1R3A1_05074	24P1R3A1_05074	100.000	414	0	0	1	414	1	414	0.0	820
24P1R3A1_05075	24P1R3A1_05075	100.000	146	0	0	1	146	1	146	1.90e-108	304
24P1R3A1_05076	24P1R3A1_05076	100.000	282	0	0	1	282	1	282	0.0	587
24P1R3A1_05077	24P1R3A1_05077	100.000	363	0	0	1	363	1	363	0.0	720
24P1R3A1_05078	24P1R3A1_05078	100.000	298	0	0	1	298	1	298	0.0	610
24P1R3A1_05079	24P1R3A1_05079	100.000	496	0	0	1	496	1	496	0.0	993
24P1R3A1_05080	24P1R3A1_05080	100.000	363	0	0	1	363	1	363	0.0	712
24P1R3A1_05081	24P1R3A1_05081	100.000	263	0	0	1	263	1	263	0.0	521
24P1R3A1_05082	24P1R3A1_05082	100.000	660	0	0	1	660	1	660	0.0	1366
24P1R3A1_05083	24P1R3A1_05083	100.000	70	0	0	1	70	1	70	2.90e-48	146
24P1R3A1_05084	24P1R3A1_05084	100.000	460	0	0	1	460	1	460	0.0	920
24P1R3A1_05085	24P1R3A1_05085	100.000	37	0	0	1	37	1	37	5.95e-20	72.8
24P1R3A1_05086	24P1R3A1_05086	100.000	550	0	0	1	550	1	550	0.0	1140
24P1R3A1_05087	24P1R3A1_05087	100.000	296	0	0	1	296	1	296	0.0	607
24P1R3A1_05088	24P1R3A1_05088	100.000	585	0	0	1	585	1	585	0.0	1226
24P1R3A1_05089	24P1R3A1_05089	100.000	477	0	0	1	477	1	477	0.0	992
24P1R3A1_05090	24P1R3A1_05090	100.000	52	0	0	1	52	1	52	2.30e-30	100
24P1R3A1_05091	24P1R3A1_05091	100.000	421	0	0	1	421	1	421	0.0	849
24P1R3A1_05092	24P1R3A1_05092	100.000	113	0	0	1	113	1	113	6.44e-77	222
24P1R3A1_05093	24P1R3A1_05093	100.000	1194	0	0	1	1194	1	1194	0.0	2424
24P1R3A1_05094	24P1R3A1_05094	100.000	43	0	0	1	43	1	43	3.03e-24	84.0
24P1R3A1_05095	24P1R3A1_05095	100.000	318	0	0	1	318	1	318	0.0	649
24P1R3A1_05096	24P1R3A1_05096	100.000	108	0	0	1	108	1	108	9.22e-76	219
24P1R3A1_05097	24P1R3A1_05097	100.000	200	0	0	1	200	1	200	4.03e-147	406
24P1R3A1_05098	24P1R3A1_05098	100.000	178	0	0	1	178	1	178	6.21e-130	361
24P1R3A1_05099	24P1R3A1_05099	100.000	57	0	0	1	57	1	57	1.40e-36	116
24P1R3A1_05100	24P1R3A1_05100	100.000	336	0	0	1	336	1	336	0.0	680
24P1R3A1_05101	24P1R3A1_05101	100.000	318	0	0	1	318	1	318	0.0	648
24P1R3A1_05102	24P1R3A1_05102	100.000	311	0	0	1	311	1	311	0.0	627
24P1R3A1_05103	24P1R3A1_05103	100.000	245	0	0	1	245	1	245	4.47e-177	486
24P1R3A1_05103	32P3R2A9_06411	96.000	150	6	0	96	245	1	150	2.54e-102	293
24P1R3A1_05104	24P1R3A1_05104	100.000	79	0	0	1	79	1	79	2.15e-49	150
24P1R3A1_05105	24P1R3A1_05105	100.000	414	0	0	1	414	1	414	0.0	840
24P1R3A1_05106	24P1R3A1_05106	100.000	277	0	0	1	277	1	277	0.0	577
24P1R3A1_05107	24P1R3A1_05107	100.000	341	0	0	1	341	1	341	0.0	700
24P1R3A1_05108	24P1R3A1_05108	100.000	216	0	0	1	216	1	216	1.72e-157	434
24P1R3A1_05109	24P1R3A1_05109	100.000	328	0	0	1	328	1	328	0.0	668
24P1R3A1_05110	24P1R3A1_05110	100.000	262	0	0	1	262	1	262	0.0	540
24P1R3A1_05111	24P1R3A1_05111	100.000	117	0	0	1	117	1	117	2.34e-82	236
24P1R3A1_05112	24P1R3A1_05112	100.000	134	0	0	1	134	1	134	7.80e-98	276
24P1R3A1_05113	24P1R3A1_05113	100.000	194	0	0	1	194	1	194	6.83e-140	388
24P1R3A1_05114	24P1R3A1_05114	100.000	300	0	0	1	300	1	300	0.0	619
24P1R3A1_05115	24P1R3A1_05115	100.000	340	0	0	1	340	1	340	0.0	699
24P1R3A1_05116	24P1R3A1_05116	100.000	179	0	0	1	179	1	179	3.33e-134	372
24P1R3A1_05117	24P1R3A1_05117	100.000	436	0	0	1	436	1	436	0.0	893
24P1R3A1_05118	24P1R3A1_05118	100.000	167	0	0	1	167	1	167	4.37e-123	343
24P1R3A1_05119	24P1R3A1_05119	100.000	1148	0	0	1	1148	1	1148	0.0	2366
24P1R3A1_05120	24P1R3A1_05120	100.000	388	0	0	1	388	1	388	0.0	775
24P1R3A1_05121	24P1R3A1_05121	100.000	252	0	0	1	252	1	252	0.0	510
24P1R3A1_05122	24P1R3A1_05122	100.000	416	0	0	1	416	1	416	0.0	840
24P1R3A1_05123	24P1R3A1_05123	100.000	284	0	0	1	284	1	284	0.0	595
24P1R3A1_05124	24P1R3A1_05124	100.000	415	0	0	1	415	1	415	0.0	854
24P1R3A1_05125	24P1R3A1_05125	100.000	103	0	0	1	103	1	103	1.25e-67	198
24P1R3A1_05126	24P1R3A1_05126	100.000	374	0	0	1	374	1	374	0.0	764
24P1R3A1_05127	24P1R3A1_05127	100.000	488	0	0	1	488	1	488	0.0	997
24P1R3A1_05128	24P1R3A1_05128	100.000	225	0	0	1	225	1	225	1.28e-166	458
24P1R3A1_05129	24P1R3A1_05129	100.000	457	0	0	1	457	1	457	0.0	951
24P1R3A1_05130	24P1R3A1_05130	100.000	210	0	0	1	210	1	210	4.78e-156	430
24P1R3A1_05131	24P1R3A1_05131	100.000	368	0	0	1	368	1	368	0.0	765
24P1R3A1_05132	24P1R3A1_05132	100.000	151	0	0	1	151	1	151	5.48e-111	311
24P1R3A1_05133	24P1R3A1_05133	100.000	210	0	0	1	210	1	210	4.20e-154	425
24P1R3A1_05134	24P1R3A1_05134	100.000	418	0	0	1	418	1	418	0.0	851
24P1R3A1_05134	24P1R3A1_07822	98.214	56	1	0	363	418	58	113	1.52e-31	116
24P1R3A1_05135	24P1R3A1_05135	100.000	378	0	0	1	378	1	378	0.0	788
24P1R3A1_05136	24P1R3A1_05136	100.000	84	0	0	1	84	1	84	7.54e-59	174
24P1R3A1_05137	24P1R3A1_05137	100.000	175	0	0	1	175	1	175	6.65e-129	358
24P1R3A1_05138	24P1R3A1_05138	100.000	174	0	0	1	174	1	174	3.26e-124	347
24P1R3A1_05139	24P1R3A1_05139	100.000	222	0	0	1	222	1	222	1.26e-165	455
24P1R3A1_05140	24P1R3A1_05140	100.000	76	0	0	1	76	1	76	2.45e-51	154
24P1R3A1_05141	24P1R3A1_05141	100.000	159	0	0	1	159	1	159	1.74e-115	323
24P1R3A1_05142	24P1R3A1_05142	100.000	60	0	0	1	60	1	60	1.50e-38	121
24P1R3A1_05143	24P1R3A1_05143	100.000	355	0	0	1	355	1	355	0.0	733
24P1R3A1_05144	24P1R3A1_05144	100.000	269	0	0	1	269	1	269	0.0	560
24P1R3A1_05145	24P1R3A1_05145	100.000	342	0	0	1	342	1	342	0.0	708
24P1R3A1_05146	24P1R3A1_05146	100.000	133	0	0	1	133	1	133	1.51e-96	273
24P1R3A1_05147	24P1R3A1_05147	100.000	71	0	0	1	71	1	71	6.53e-47	143
24P1R3A1_05147	24P1R3A1_07826	97.183	71	2	0	1	71	1	71	1.14e-45	140
24P1R3A1_05148	24P1R3A1_05148	100.000	153	0	0	1	153	1	153	1.33e-109	308
24P1R3A1_05149	24P1R3A1_05149	100.000	56	0	0	1	56	1	56	5.59e-36	114
24P1R3A1_05150	24P1R3A1_05150	100.000	207	0	0	1	207	1	207	1.78e-155	428
24P1R3A1_05151	24P1R3A1_05151	100.000	49	0	0	1	49	1	49	2.87e-31	102
24P1R3A1_05152	24P1R3A1_05152	100.000	315	0	0	1	315	1	315	0.0	653
24P1R3A1_05153	24P1R3A1_05153	100.000	141	0	0	1	141	1	141	4.41e-102	288
24P1R3A1_05154	24P1R3A1_05154	100.000	90	0	0	1	90	1	90	4.57e-62	182
24P1R3A1_05155	24P1R3A1_05155	100.000	157	0	0	1	157	1	157	1.34e-115	323
24P1R3A1_05156	24P1R3A1_05156	100.000	53	0	0	1	53	1	53	4.29e-33	107
24P1R3A1_05157	24P1R3A1_05157	100.000	154	0	0	1	154	1	154	5.51e-112	314
24P1R3A1_05158	24P1R3A1_05158	100.000	171	0	0	1	171	1	171	5.45e-126	351
24P1R3A1_05159	24P1R3A1_05159	100.000	136	0	0	1	136	1	136	7.11e-99	279
24P1R3A1_05160	24P1R3A1_05160	100.000	113	0	0	1	113	1	113	4.71e-83	238
24P1R3A1_05161	24P1R3A1_05161	100.000	71	0	0	1	71	1	71	1.62e-47	144
24P1R3A1_05162	24P1R3A1_05162	100.000	156	0	0	1	156	1	156	6.97e-114	319
24P1R3A1_05163	24P1R3A1_05163	100.000	578	0	0	1	578	1	578	0.0	1210
24P1R3A1_05164	24P1R3A1_05164	100.000	423	0	0	1	423	1	423	0.0	883
24P1R3A1_05164	24P1R3A1_07728	95.745	423	18	0	1	423	1	423	0.0	856
24P1R3A1_05165	24P1R3A1_05165	100.000	223	0	0	1	223	1	223	3.20e-167	459
24P1R3A1_05166	24P1R3A1_05166	100.000	389	0	0	1	389	1	389	0.0	802
24P1R3A1_05167	24P1R3A1_05167	100.000	100	0	0	1	100	1	100	3.31e-71	206
24P1R3A1_05168	24P1R3A1_05168	100.000	110	0	0	1	110	1	110	5.54e-79	227
24P1R3A1_05169	24P1R3A1_05169	100.000	158	0	0	1	158	1	158	2.59e-114	320
24P1R3A1_05170	24P1R3A1_05170	100.000	114	0	0	1	114	1	114	9.67e-80	229
24P1R3A1_05171	24P1R3A1_05171	100.000	222	0	0	1	222	1	222	6.54e-166	456
24P1R3A1_05172	24P1R3A1_05172	100.000	139	0	0	1	139	1	139	2.98e-98	278
24P1R3A1_05173	24P1R3A1_05173	100.000	51	0	0	1	51	1	51	3.45e-32	104
24P1R3A1_05174	24P1R3A1_05174	100.000	64	0	0	1	64	1	64	6.88e-41	127
24P1R3A1_05175	24P1R3A1_05175	100.000	1092	0	0	1	1092	1	1092	0.0	2200
24P1R3A1_05176	24P1R3A1_05176	100.000	199	0	0	1	199	1	199	1.19e-147	408
24P1R3A1_05177	24P1R3A1_05177	100.000	194	0	0	1	194	1	194	7.64e-145	400
24P1R3A1_05178	24P1R3A1_05178	100.000	183	0	0	1	183	1	183	2.26e-135	375
24P1R3A1_05179	24P1R3A1_05179	100.000	133	0	0	1	133	1	133	9.22e-98	276
24P1R3A1_05180	24P1R3A1_05180	100.000	1272	0	0	1	1272	1	1272	0.0	2624
24P1R3A1_05181	24P1R3A1_05181	100.000	84	0	0	1	84	1	84	2.44e-58	173
24P1R3A1_05182	24P1R3A1_05182	100.000	88	0	0	1	88	1	88	7.00e-59	174
24P1R3A1_05183	24P1R3A1_05183	100.000	214	0	0	1	214	1	214	2.75e-159	438
24P1R3A1_05184	24P1R3A1_05184	100.000	290	0	0	1	290	1	290	0.0	570
24P1R3A1_05184	18P3R3A11_01306	96.207	290	11	0	1	290	1	290	0.0	555
24P1R3A1_05185	24P1R3A1_05185	100.000	389	0	0	1	389	1	389	0.0	788
24P1R3A1_05186	24P1R3A1_05186	100.000	403	0	0	1	403	1	403	0.0	816
24P1R3A1_05187	24P1R3A1_05187	100.000	936	0	0	1	936	1	936	0.0	1956
24P1R3A1_05188	24P1R3A1_05188	100.000	239	0	0	1	239	1	239	1.34e-180	494
24P1R3A1_05189	24P1R3A1_05189	100.000	589	0	0	1	589	1	589	0.0	1227
24P1R3A1_05190	24P1R3A1_05190	100.000	115	0	0	1	115	1	115	2.76e-75	218
24P1R3A1_05191	24P1R3A1_05191	100.000	126	0	0	1	126	1	126	3.00e-87	249
24P1R3A1_05192	24P1R3A1_05192	100.000	428	0	0	1	428	1	428	0.0	897
24P1R3A1_05193	24P1R3A1_05193	100.000	254	0	0	1	254	1	254	0.0	529
24P1R3A1_05194	24P1R3A1_05194	100.000	377	0	0	1	377	1	377	0.0	739
24P1R3A1_05195	24P1R3A1_05195	100.000	1243	0	0	1	1243	1	1243	0.0	2562
24P1R3A1_05196	24P1R3A1_05196	100.000	370	0	0	1	370	1	370	0.0	758
24P1R3A1_05197	24P1R3A1_05197	100.000	861	0	0	1	861	1	861	0.0	1779
24P1R3A1_05198	24P1R3A1_05198	100.000	388	0	0	1	388	1	388	0.0	802
24P1R3A1_05199	24P1R3A1_05199	100.000	696	0	0	1	696	1	696	0.0	1427
24P1R3A1_05200	24P1R3A1_05200	100.000	248	0	0	1	248	1	248	0.0	511
24P1R3A1_05201	24P1R3A1_05201	100.000	69	0	0	1	69	1	69	1.72e-46	142
24P1R3A1_05202	24P1R3A1_05202	100.000	161	0	0	1	161	1	161	7.27e-118	329
24P1R3A1_05203	24P1R3A1_05203	100.000	547	0	0	1	547	1	547	0.0	1136
24P1R3A1_05204	24P1R3A1_05204	100.000	184	0	0	1	184	1	184	2.40e-137	380
24P1R3A1_05205	24P1R3A1_05205	100.000	264	0	0	1	264	1	264	0.0	540
24P1R3A1_05206	24P1R3A1_05206	100.000	117	0	0	1	117	1	117	2.51e-80	231
24P1R3A1_05207	24P1R3A1_05207	100.000	176	0	0	1	176	1	176	1.50e-128	357
24P1R3A1_05208	24P1R3A1_05208	100.000	149	0	0	1	149	1	149	3.61e-108	304
24P1R3A1_05209	24P1R3A1_05209	100.000	118	0	0	1	118	1	118	3.18e-85	243
24P1R3A1_05210	24P1R3A1_05210	100.000	93	0	0	1	93	1	93	3.45e-64	188
24P1R3A1_05211	24P1R3A1_05211	100.000	280	0	0	1	280	1	280	0.0	560
24P1R3A1_05212	24P1R3A1_05212	100.000	465	0	0	1	465	1	465	0.0	953
24P1R3A1_05213	24P1R3A1_05213	100.000	558	0	0	1	558	1	558	0.0	1165
24P1R3A1_05214	24P1R3A1_05214	100.000	667	0	0	1	667	1	667	0.0	1341
24P1R3A1_05215	24P1R3A1_05215	100.000	269	0	0	1	269	1	269	0.0	565
24P1R3A1_05216	24P1R3A1_05216	100.000	388	0	0	1	388	1	388	0.0	800
24P1R3A1_05217	24P1R3A1_05217	100.000	411	0	0	1	411	1	411	0.0	837
24P1R3A1_05225	24P1R3A1_05225	100.000	92	0	0	1	92	1	92	8.36e-63	185
24P1R3A1_05226	24P1R3A1_05226	100.000	371	0	0	1	371	1	371	0.0	758
24P1R3A1_05227	24P1R3A1_05227	100.000	277	0	0	1	277	1	277	0.0	585
24P1R3A1_05228	24P1R3A1_05228	100.000	395	0	0	1	395	1	395	0.0	820
24P1R3A1_05229	24P1R3A1_05229	100.000	477	0	0	1	477	1	477	0.0	987
24P1R3A1_05230	24P1R3A1_05230	100.000	354	0	0	1	354	1	354	0.0	725
24P1R3A1_05231	24P1R3A1_05231	100.000	156	0	0	1	156	1	156	3.87e-112	315
24P1R3A1_05232	24P1R3A1_05232	100.000	294	0	0	1	294	1	294	0.0	590
24P1R3A1_05233	24P1R3A1_05233	100.000	508	0	0	1	508	1	508	0.0	1018
24P1R3A1_05234	24P1R3A1_05234	100.000	231	0	0	1	231	1	231	1.03e-172	474
24P1R3A1_05235	24P1R3A1_05235	100.000	168	0	0	1	168	1	168	1.45e-119	334
24P1R3A1_05236	24P1R3A1_05236	100.000	244	0	0	1	244	1	244	1.83e-179	492
24P1R3A1_05237	24P1R3A1_05237	100.000	682	0	0	1	682	1	682	0.0	1387
24P1R3A1_05238	24P1R3A1_05238	100.000	129	0	0	1	129	1	129	2.48e-91	259
24P1R3A1_05239	24P1R3A1_05239	100.000	298	0	0	1	298	1	298	0.0	614
24P1R3A1_05240	24P1R3A1_05240	100.000	247	0	0	1	247	1	247	0.0	499
24P1R3A1_05241	24P1R3A1_05241	100.000	225	0	0	1	225	1	225	1.27e-161	445
24P1R3A1_05242	24P1R3A1_05242	100.000	242	0	0	1	242	1	242	0.0	495
24P1R3A1_05243	24P1R3A1_05243	100.000	861	0	0	1	861	1	861	0.0	1796
24P1R3A1_05244	24P1R3A1_05244	100.000	183	0	0	1	183	1	183	1.56e-133	371
24P1R3A1_05245	24P1R3A1_05245	100.000	345	0	0	1	345	1	345	0.0	700
24P1R3A1_05246	24P1R3A1_05246	100.000	224	0	0	1	224	1	224	1.28e-169	465
24P1R3A1_05247	24P1R3A1_05247	100.000	72	0	0	1	72	1	72	2.38e-45	139
24P1R3A1_05248	24P1R3A1_05248	100.000	106	0	0	1	106	1	106	2.50e-74	215
24P1R3A1_05249	24P1R3A1_05249	100.000	157	0	0	1	157	1	157	5.90e-115	322
24P1R3A1_05250	24P1R3A1_05250	100.000	638	0	0	1	638	1	638	0.0	1310
24P1R3A1_05251	24P1R3A1_05251	100.000	371	0	0	1	371	1	371	0.0	739
24P1R3A1_05252	24P1R3A1_05252	100.000	338	0	0	1	338	1	338	0.0	679
24P1R3A1_05253	24P1R3A1_05253	100.000	404	0	0	1	404	1	404	0.0	835
24P1R3A1_05254	24P1R3A1_05254	100.000	88	0	0	1	88	1	88	1.80e-61	181
24P1R3A1_05255	24P1R3A1_05255	100.000	215	0	0	1	215	1	215	1.14e-162	447
24P1R3A1_05256	24P1R3A1_05256	100.000	322	0	0	1	322	1	322	0.0	674
24P1R3A1_05257	24P1R3A1_05257	100.000	125	0	0	1	125	1	125	3.73e-85	244
24P1R3A1_05258	24P1R3A1_05258	100.000	70	0	0	1	70	1	70	5.81e-45	138
24P1R3A1_05259	24P1R3A1_05259	100.000	158	0	0	1	158	1	158	1.28e-117	328
24P1R3A1_05260	24P1R3A1_05260	100.000	75	0	0	1	75	1	75	4.39e-52	156
24P1R3A1_05261	24P1R3A1_05261	100.000	136	0	0	1	136	1	136	1.69e-99	281
24P1R3A1_05262	24P1R3A1_05262	100.000	709	0	0	1	709	1	709	0.0	1481
24P1R3A1_05263	24P1R3A1_05263	100.000	323	0	0	1	323	1	323	0.0	663
24P1R3A1_05264	24P1R3A1_05264	100.000	400	0	0	1	400	1	400	0.0	813
24P1R3A1_05265	24P1R3A1_05265	100.000	391	0	0	1	391	1	391	0.0	775
24P1R3A1_05266	24P1R3A1_05266	100.000	332	0	0	1	332	1	332	0.0	689
24P1R3A1_05267	24P1R3A1_05267	100.000	777	0	0	1	777	1	777	0.0	1612
24P1R3A1_05268	24P1R3A1_05268	100.000	212	0	0	1	212	1	212	1.14e-153	424
24P1R3A1_05269	24P1R3A1_05269	100.000	590	0	0	1	590	1	590	0.0	1228
24P1R3A1_05270	24P1R3A1_05270	100.000	469	0	0	1	469	1	469	0.0	952
24P1R3A1_05271	24P1R3A1_05271	100.000	131	0	0	1	131	1	131	6.11e-88	251
24P1R3A1_05272	24P1R3A1_05272	100.000	403	0	0	1	403	1	403	0.0	791
24P1R3A1_05273	24P1R3A1_05273	100.000	176	0	0	1	176	1	176	1.85e-127	355
24P1R3A1_05274	24P1R3A1_05274	100.000	392	0	0	1	392	1	392	0.0	800
24P1R3A1_05275	24P1R3A1_05275	100.000	506	0	0	1	506	1	506	0.0	1011
24P1R3A1_05276	24P1R3A1_05276	100.000	388	0	0	1	388	1	388	0.0	803
24P1R3A1_05277	24P1R3A1_05277	100.000	234	0	0	1	234	1	234	8.76e-178	487
24P1R3A1_05278	24P1R3A1_05278	100.000	887	0	0	1	887	1	887	0.0	1829
24P1R3A1_05279	24P1R3A1_05279	100.000	453	0	0	1	453	1	453	0.0	932
24P1R3A1_05280	24P1R3A1_05280	100.000	116	0	0	1	116	1	116	6.03e-82	235
24P1R3A1_05281	24P1R3A1_05281	100.000	187	0	0	1	187	1	187	2.88e-140	388
24P1R3A1_05282	24P1R3A1_05282	100.000	180	0	0	1	180	1	180	1.48e-128	358
24P1R3A1_05283	24P1R3A1_05283	100.000	186	0	0	1	186	1	186	4.94e-138	382
24P1R3A1_05284	24P1R3A1_05284	100.000	880	0	0	1	880	1	880	0.0	1818
24P1R3A1_05285	24P1R3A1_05285	100.000	253	0	0	1	253	1	253	0.0	516
24P1R3A1_05286	24P1R3A1_05286	100.000	183	0	0	1	183	1	183	9.24e-133	369
24P1R3A1_05287	24P1R3A1_05287	100.000	164	0	0	1	164	1	164	1.63e-118	331
24P1R3A1_05288	24P1R3A1_05288	100.000	183	0	0	1	183	1	183	6.20e-135	374
24P1R3A1_05289	24P1R3A1_05289	100.000	276	0	0	1	276	1	276	0.0	568
24P1R3A1_05290	24P1R3A1_05290	100.000	112	0	0	1	112	1	112	2.11e-81	233
24P1R3A1_05291	24P1R3A1_05291	100.000	525	0	0	1	525	1	525	0.0	1047
24P1R3A1_05292	24P1R3A1_05292	100.000	125	0	0	1	125	1	125	5.10e-87	248
24P1R3A1_05293	24P1R3A1_05293	100.000	113	0	0	1	113	1	113	2.33e-79	228
24P1R3A1_05294	24P1R3A1_05294	100.000	549	0	0	1	549	1	549	0.0	1105
24P1R3A1_05295	24P1R3A1_05295	100.000	450	0	0	1	450	1	450	0.0	916
24P1R3A1_05296	24P1R3A1_05296	100.000	442	0	0	1	442	1	442	0.0	893
24P1R3A1_05297	24P1R3A1_05297	100.000	580	0	0	1	580	1	580	0.0	1179
24P1R3A1_05298	24P1R3A1_05298	100.000	465	0	0	1	465	1	465	0.0	941
24P1R3A1_05299	24P1R3A1_05299	100.000	539	0	0	1	539	1	539	0.0	1083
24P1R3A1_05300	24P1R3A1_05300	100.000	412	0	0	1	412	1	412	0.0	829
24P1R3A1_05301	24P1R3A1_05301	100.000	273	0	0	1	273	1	273	0.0	561
24P1R3A1_05302	24P1R3A1_05302	100.000	399	0	0	1	399	1	399	0.0	817
24P1R3A1_05303	24P1R3A1_05303	100.000	295	0	0	1	295	1	295	0.0	597
24P1R3A1_05304	24P1R3A1_05304	100.000	419	0	0	1	419	1	419	0.0	868
24P1R3A1_05306	24P1R3A1_05306	100.000	357	0	0	1	357	1	357	0.0	739
24P1R3A1_05307	24P1R3A1_05307	100.000	91	0	0	1	91	1	91	1.72e-64	189
24P1R3A1_05308	24P1R3A1_05308	100.000	347	0	0	1	347	1	347	0.0	725
24P1R3A1_05309	24P1R3A1_05309	100.000	240	0	0	1	240	1	240	0.0	501
24P1R3A1_05310	24P1R3A1_05310	100.000	109	0	0	1	109	1	109	4.07e-77	222
24P1R3A1_05311	24P1R3A1_05311	100.000	309	0	0	1	309	1	309	0.0	635
24P1R3A1_05312	24P1R3A1_05312	100.000	246	0	0	1	246	1	246	1.25e-180	495
24P1R3A1_05313	24P1R3A1_05313	100.000	317	0	0	1	317	1	317	0.0	627
24P1R3A1_05314	24P1R3A1_05314	100.000	377	0	0	1	377	1	377	0.0	785
24P1R3A1_05315	24P1R3A1_05315	100.000	198	0	0	1	198	1	198	2.57e-147	407
24P1R3A1_05316	24P1R3A1_05316	100.000	188	0	0	1	188	1	188	2.68e-130	363
24P1R3A1_05317	24P1R3A1_05317	100.000	273	0	0	1	273	1	273	0.0	555
24P1R3A1_05318	24P1R3A1_05318	100.000	233	0	0	1	233	1	233	1.12e-176	484
24P1R3A1_05319	24P1R3A1_05319	100.000	334	0	0	1	334	1	334	0.0	686
24P1R3A1_05320	24P1R3A1_05320	100.000	140	0	0	1	140	1	140	3.12e-101	286
24P1R3A1_05321	24P1R3A1_05321	100.000	188	0	0	1	188	1	188	9.24e-138	382
24P1R3A1_05322	24P1R3A1_05322	100.000	319	0	0	1	319	1	319	0.0	658
24P1R3A1_05323	24P1R3A1_05323	100.000	244	0	0	1	244	1	244	0.0	498
24P1R3A1_05324	24P1R3A1_05324	100.000	208	0	0	1	208	1	208	1.10e-142	396
24P1R3A1_05325	24P1R3A1_05325	100.000	220	0	0	1	220	1	220	1.96e-165	454
24P1R3A1_05326	24P1R3A1_05326	100.000	291	0	0	1	291	1	291	0.0	590
24P1R3A1_05327	24P1R3A1_05327	100.000	317	0	0	1	317	1	317	0.0	652
24P1R3A1_05328	24P1R3A1_05328	100.000	309	0	0	1	309	1	309	0.0	636
24P1R3A1_05329	24P1R3A1_05329	100.000	414	0	0	1	414	1	414	0.0	853
24P1R3A1_05330	24P1R3A1_05330	100.000	816	0	0	1	816	1	816	0.0	1678
24P1R3A1_05331	24P1R3A1_05331	100.000	193	0	0	1	193	1	193	8.03e-142	392
24P1R3A1_05332	24P1R3A1_05332	100.000	256	0	0	1	256	1	256	0.0	535
24P1R3A1_05333	24P1R3A1_05333	100.000	256	0	0	1	256	1	256	0.0	534
24P1R3A1_05334	24P1R3A1_05334	100.000	447	0	0	1	447	1	447	0.0	925
24P1R3A1_05335	24P1R3A1_05335	100.000	413	0	0	1	413	1	413	0.0	828
24P1R3A1_05336	24P1R3A1_05336	100.000	262	0	0	1	262	1	262	0.0	532
24P1R3A1_05337	24P1R3A1_05337	100.000	210	0	0	1	210	1	210	3.39e-150	415
24P1R3A1_05338	24P1R3A1_05338	100.000	199	0	0	1	199	1	199	1.23e-141	392
24P1R3A1_05339	24P1R3A1_05339	100.000	409	0	0	1	409	1	409	0.0	843
24P1R3A1_05340	24P1R3A1_05340	100.000	330	0	0	1	330	1	330	0.0	678
24P1R3A1_05341	24P1R3A1_05341	100.000	76	0	0	1	76	1	76	7.96e-50	150
24P1R3A1_05342	24P1R3A1_05342	100.000	291	0	0	1	291	1	291	0.0	603
24P1R3A1_05343	24P1R3A1_05343	100.000	352	0	0	1	352	1	352	0.0	724
24P1R3A1_05344	24P1R3A1_05344	100.000	37	0	0	1	37	1	37	1.34e-19	72.0
24P1R3A1_05345	24P1R3A1_05345	100.000	486	0	0	1	486	1	486	0.0	993
24P1R3A1_05346	24P1R3A1_05346	100.000	154	0	0	1	154	1	154	2.82e-112	315
24P1R3A1_05347	24P1R3A1_05347	100.000	420	0	0	1	420	1	420	0.0	870
24P1R3A1_05348	24P1R3A1_05348	100.000	134	0	0	1	134	1	134	6.46e-99	279
24P1R3A1_05349	24P1R3A1_05349	100.000	368	0	0	1	368	1	368	0.0	737
24P1R3A1_05350	24P1R3A1_05350	100.000	418	0	0	1	418	1	418	0.0	853
24P1R3A1_05351	24P1R3A1_05351	100.000	177	0	0	1	177	1	177	2.58e-130	362
24P1R3A1_05352	24P1R3A1_05352	100.000	720	0	0	1	720	1	720	0.0	1480
24P1R3A1_05353	24P1R3A1_05353	100.000	400	0	0	1	400	1	400	0.0	787
24P1R3A1_05354	24P1R3A1_05354	100.000	169	0	0	1	169	1	169	9.69e-124	345
24P1R3A1_05355	24P1R3A1_05355	100.000	356	0	0	1	356	1	356	0.0	726
24P1R3A1_05356	24P1R3A1_05356	100.000	876	0	0	1	876	1	876	0.0	1808
24P1R3A1_05357	24P1R3A1_05357	100.000	63	0	0	1	63	1	63	1.37e-40	126
24P1R3A1_05364	24P1R3A1_05364	100.000	527	0	0	1	527	1	527	0.0	1092
24P1R3A1_05365	24P1R3A1_05365	100.000	172	0	0	1	172	1	172	9.98e-130	360
24P1R3A1_05366	24P1R3A1_05366	100.000	248	0	0	1	248	1	248	0.0	514
24P1R3A1_05367	24P1R3A1_05367	100.000	425	0	0	1	425	1	425	0.0	852
24P1R3A1_05368	24P1R3A1_05368	100.000	267	0	0	1	267	1	267	0.0	530
24P1R3A1_05369	24P1R3A1_05369	100.000	454	0	0	1	454	1	454	0.0	914
24P1R3A1_05370	24P1R3A1_05370	100.000	83	0	0	1	83	1	83	4.05e-56	167
24P1R3A1_05371	24P1R3A1_05371	100.000	182	0	0	1	182	1	182	1.03e-134	374
24P1R3A1_05372	24P1R3A1_05372	100.000	251	0	0	1	251	1	251	0.0	517
24P1R3A1_05373	24P1R3A1_05373	100.000	118	0	0	1	118	1	118	1.09e-82	237
24P1R3A1_05373	10P3R2A13_02148	95.652	115	5	0	1	115	1	115	8.32e-79	227
24P1R3A1_05374	24P1R3A1_05374	100.000	365	0	0	1	365	1	365	0.0	758
24P1R3A1_05375	24P1R3A1_05375	100.000	375	0	0	1	375	1	375	0.0	769
24P1R3A1_05376	24P1R3A1_05376	100.000	447	0	0	1	447	1	447	0.0	894
24P1R3A1_05377	24P1R3A1_05377	100.000	386	0	0	1	386	1	386	0.0	800
24P1R3A1_05378	24P1R3A1_05378	100.000	112	0	0	1	112	1	112	1.76e-78	226
24P1R3A1_05379	24P1R3A1_05379	100.000	246	0	0	1	246	1	246	0.0	499
24P1R3A1_05380	24P1R3A1_05380	100.000	326	0	0	1	326	1	326	0.0	666
24P1R3A1_05381	24P1R3A1_05381	100.000	244	0	0	1	244	1	244	0.0	509
24P1R3A1_05382	24P1R3A1_05382	100.000	858	0	0	1	858	1	858	0.0	1738
24P1R3A1_05383	24P1R3A1_05383	100.000	323	0	0	1	323	1	323	0.0	664
24P1R3A1_05384	24P1R3A1_05384	100.000	566	0	0	1	566	1	566	0.0	1142
24P1R3A1_05385	24P1R3A1_05385	100.000	465	0	0	1	465	1	465	0.0	955
24P1R3A1_05386	24P1R3A1_05386	100.000	121	0	0	1	121	1	121	1.51e-81	234
24P1R3A1_05387	24P1R3A1_05387	100.000	310	0	0	1	310	1	310	0.0	632
24P1R3A1_05388	24P1R3A1_05388	100.000	426	0	0	1	426	1	426	0.0	843
24P1R3A1_05389	24P1R3A1_05389	100.000	305	0	0	1	305	1	305	0.0	624
24P1R3A1_05390	24P1R3A1_05390	100.000	404	0	0	1	404	1	404	0.0	830
24P1R3A1_05391	24P1R3A1_05391	100.000	224	0	0	1	224	1	224	9.92e-167	458
24P1R3A1_05392	24P1R3A1_05392	100.000	79	0	0	1	79	1	79	8.33e-54	161
24P1R3A1_05393	24P1R3A1_05393	100.000	119	0	0	1	119	1	119	4.32e-85	243
24P1R3A1_05394	24P1R3A1_05394	100.000	250	0	0	1	250	1	250	0.0	514
24P1R3A1_05395	24P1R3A1_05395	100.000	74	0	0	1	74	1	74	3.61e-45	139
24P1R3A1_05396	24P1R3A1_05396	100.000	333	0	0	1	333	1	333	0.0	659
24P1R3A1_05397	24P1R3A1_05397	100.000	98	0	0	1	98	1	98	8.72e-66	192
24P1R3A1_05398	24P1R3A1_05398	100.000	233	0	0	1	233	1	233	9.84e-174	476
24P1R3A1_05399	24P1R3A1_05399	100.000	406	0	0	1	406	1	406	0.0	786
24P1R3A1_05400	24P1R3A1_05400	100.000	197	0	0	1	197	1	197	1.23e-143	397
24P1R3A1_05401	24P1R3A1_05401	100.000	157	0	0	1	157	1	157	1.15e-104	296
24P1R3A1_05402	24P1R3A1_05402	100.000	305	0	0	1	305	1	305	0.0	625
24P1R3A1_05403	24P1R3A1_05403	100.000	338	0	0	1	338	1	338	0.0	693
24P1R3A1_05404	24P1R3A1_05404	100.000	224	0	0	1	224	1	224	1.20e-164	453
24P1R3A1_05405	24P1R3A1_05405	100.000	79	0	0	1	79	1	79	4.11e-55	164
24P1R3A1_05406	24P1R3A1_05406	100.000	263	0	0	1	263	1	263	0.0	526
24P1R3A1_05407	24P1R3A1_05407	100.000	289	0	0	1	289	1	289	0.0	577
24P1R3A1_05408	24P1R3A1_05408	100.000	301	0	0	1	301	1	301	0.0	613
24P1R3A1_05409	24P1R3A1_05409	100.000	147	0	0	1	147	1	147	1.98e-107	302
24P1R3A1_05410	24P1R3A1_05410	100.000	623	0	0	1	623	1	623	0.0	1298
24P1R3A1_05411	24P1R3A1_05411	100.000	534	0	0	1	534	1	534	0.0	1066
24P1R3A1_05412	24P1R3A1_05412	100.000	99	0	0	1	99	1	99	5.78e-70	203
24P1R3A1_05413	24P1R3A1_05413	100.000	127	0	0	1	127	1	127	2.15e-92	262
24P1R3A1_05414	24P1R3A1_05414	100.000	142	0	0	1	142	1	142	1.86e-100	284
24P1R3A1_05415	24P1R3A1_05415	100.000	428	0	0	1	428	1	428	0.0	827
24P1R3A1_05416	24P1R3A1_05416	100.000	112	0	0	1	112	1	112	7.94e-78	224
24P1R3A1_05417	24P1R3A1_05417	100.000	389	0	0	1	389	1	389	0.0	814
24P1R3A1_05418	24P1R3A1_05418	100.000	390	0	0	1	390	1	390	0.0	813
24P1R3A1_05419	24P1R3A1_05419	100.000	492	0	0	1	492	1	492	0.0	979
24P1R3A1_05420	24P1R3A1_05420	100.000	439	0	0	1	439	1	439	0.0	922
24P1R3A1_05421	24P1R3A1_05421	100.000	485	0	0	1	485	1	485	0.0	1006
24P1R3A1_05422	24P1R3A1_05422	100.000	88	0	0	1	88	1	88	8.05e-60	177
24P1R3A1_05423	24P1R3A1_05423	100.000	342	0	0	1	342	1	342	0.0	710
24P1R3A1_05424	24P1R3A1_05424	100.000	451	0	0	1	451	1	451	0.0	933
24P1R3A1_05425	24P1R3A1_05425	100.000	135	0	0	1	135	1	135	4.78e-96	272
24P1R3A1_05426	24P1R3A1_05426	100.000	362	0	0	1	362	1	362	0.0	746
24P1R3A1_05427	24P1R3A1_05427	100.000	489	0	0	1	489	1	489	0.0	994
24P1R3A1_05428	24P1R3A1_05428	100.000	624	0	0	1	624	1	624	0.0	1261
24P1R3A1_05429	24P1R3A1_05429	100.000	347	0	0	1	347	1	347	0.0	702
24P1R3A1_05430	24P1R3A1_05430	100.000	363	0	0	1	363	1	363	0.0	753
24P1R3A1_05431	24P1R3A1_05431	100.000	249	0	0	1	249	1	249	0.0	501
24P1R3A1_05432	24P1R3A1_05432	100.000	397	0	0	1	397	1	397	0.0	791
24P1R3A1_05433	24P1R3A1_05433	100.000	324	0	0	1	324	1	324	0.0	655
24P1R3A1_05434	24P1R3A1_05434	100.000	547	0	0	1	547	1	547	0.0	1089
24P1R3A1_05435	24P1R3A1_05435	100.000	467	0	0	1	467	1	467	0.0	947
24P1R3A1_05436	24P1R3A1_05436	100.000	413	0	0	1	413	1	413	0.0	844
24P1R3A1_05437	24P1R3A1_05437	100.000	153	0	0	1	153	1	153	2.93e-110	310
24P1R3A1_05438	24P1R3A1_05438	100.000	289	0	0	1	289	1	289	0.0	540
24P1R3A1_05439	24P1R3A1_05439	100.000	161	0	0	1	161	1	161	9.19e-116	324
24P1R3A1_05440	24P1R3A1_05440	100.000	719	0	0	1	719	1	719	0.0	1494
24P1R3A1_05441	24P1R3A1_05441	100.000	301	0	0	1	301	1	301	0.0	620
24P1R3A1_05442	24P1R3A1_05442	100.000	449	0	0	1	449	1	449	0.0	935
24P1R3A1_05443	24P1R3A1_05443	100.000	163	0	0	1	163	1	163	1.62e-121	339
24P1R3A1_05444	24P1R3A1_05444	100.000	210	0	0	1	210	1	210	8.67e-154	424
24P1R3A1_05445	24P1R3A1_05445	100.000	525	0	0	1	525	1	525	0.0	1081
24P1R3A1_05446	24P1R3A1_05446	100.000	687	0	0	1	687	1	687	0.0	1327
24P1R3A1_05447	24P1R3A1_05447	100.000	48	0	0	1	48	1	48	5.73e-27	91.3
24P1R3A1_05448	24P1R3A1_05448	100.000	729	0	0	1	729	1	729	0.0	1510
24P1R3A1_05449	24P1R3A1_05449	100.000	389	0	0	1	389	1	389	0.0	801
24P1R3A1_05450	24P1R3A1_05450	100.000	372	0	0	1	372	1	372	0.0	782
24P1R3A1_05451	24P1R3A1_05451	100.000	402	0	0	1	402	1	402	0.0	795
24P1R3A1_05452	24P1R3A1_05452	100.000	198	0	0	1	198	1	198	3.00e-145	402
24P1R3A1_05453	24P1R3A1_05453	100.000	313	0	0	1	313	1	313	0.0	647
24P1R3A1_05454	24P1R3A1_05454	100.000	399	0	0	1	399	1	399	0.0	768
24P1R3A1_05455	24P1R3A1_05455	100.000	199	0	0	1	199	1	199	2.07e-150	415
24P1R3A1_05456	24P1R3A1_05456	100.000	513	0	0	1	513	1	513	0.0	1022
24P1R3A1_05457	24P1R3A1_05457	100.000	315	0	0	1	315	1	315	0.0	642
24P1R3A1_05458	24P1R3A1_05458	100.000	321	0	0	1	321	1	321	0.0	657
24P1R3A1_05459	24P1R3A1_05459	100.000	396	0	0	1	396	1	396	0.0	785
24P1R3A1_05460	24P1R3A1_05460	100.000	1183	0	0	1	1183	1	1183	0.0	2462
24P1R3A1_05461	24P1R3A1_05461	100.000	179	0	0	1	179	1	179	3.09e-133	370
24P1R3A1_05462	24P1R3A1_05462	100.000	287	0	0	1	287	1	287	0.0	595
24P1R3A1_05463	24P1R3A1_05463	100.000	185	0	0	1	185	1	185	4.25e-137	380
24P1R3A1_05464	24P1R3A1_05464	100.000	428	0	0	1	428	1	428	0.0	880
24P1R3A1_05465	24P1R3A1_05465	100.000	267	0	0	1	267	1	267	0.0	542
24P1R3A1_05466	24P1R3A1_05466	100.000	178	0	0	1	178	1	178	4.33e-129	359
24P1R3A1_05467	24P1R3A1_05467	100.000	418	0	0	1	418	1	418	0.0	867
24P1R3A1_05468	24P1R3A1_05468	100.000	456	0	0	1	456	1	456	0.0	900
24P1R3A1_05469	24P1R3A1_05469	100.000	441	0	0	1	441	1	441	0.0	895
24P1R3A1_05470	24P1R3A1_05470	100.000	325	0	0	1	325	1	325	0.0	665
24P1R3A1_05471	24P1R3A1_05471	100.000	69	0	0	1	69	1	69	4.31e-47	143
24P1R3A1_05472	24P1R3A1_05472	100.000	717	0	0	1	717	1	717	0.0	1433
24P1R3A1_05473	24P1R3A1_05473	100.000	831	0	0	1	831	1	831	0.0	1702
24P1R3A1_05474	24P1R3A1_05474	100.000	508	0	0	1	508	1	508	0.0	1050
24P1R3A1_05475	24P1R3A1_05475	100.000	250	0	0	1	250	1	250	0.0	519
24P1R3A1_05476	24P1R3A1_05476	100.000	223	0	0	1	223	1	223	6.32e-167	458
24P1R3A1_05477	24P1R3A1_05477	100.000	202	0	0	1	202	1	202	2.95e-149	412
24P1R3A1_05478	24P1R3A1_05478	100.000	110	0	0	1	110	1	110	1.88e-77	223
24P1R3A1_05479	24P1R3A1_05479	100.000	660	0	0	1	660	1	660	0.0	1348
24P1R3A1_05480	24P1R3A1_05480	100.000	188	0	0	1	188	1	188	2.74e-136	378
24P1R3A1_05481	24P1R3A1_05481	100.000	181	0	0	1	181	1	181	1.50e-130	363
24P1R3A1_05482	24P1R3A1_05482	100.000	52	0	0	1	52	1	52	4.77e-31	102
24P1R3A1_05483	24P1R3A1_05483	100.000	1140	0	0	1	1140	1	1140	0.0	2311
24P1R3A1_05484	24P1R3A1_05484	100.000	118	0	0	1	118	1	118	4.69e-84	240
24P1R3A1_05485	24P1R3A1_05485	100.000	215	0	0	1	215	1	215	7.03e-161	442
24P1R3A1_05486	24P1R3A1_05486	100.000	398	0	0	1	398	1	398	0.0	801
24P1R3A1_05487	24P1R3A1_05487	100.000	1050	0	0	1	1050	1	1050	0.0	2129
24P1R3A1_05488	24P1R3A1_05488	100.000	121	0	0	1	121	1	121	5.18e-85	243
24P1R3A1_05489	24P1R3A1_05489	100.000	68	0	0	1	68	1	68	7.33e-45	137
24P1R3A1_05490	24P1R3A1_05490	100.000	292	0	0	1	292	1	292	0.0	600
24P1R3A1_05491	24P1R3A1_05491	100.000	431	0	0	1	431	1	431	0.0	853
24P1R3A1_05492	24P1R3A1_05492	100.000	113	0	0	1	113	1	113	7.55e-79	227
24P1R3A1_05493	24P1R3A1_05493	100.000	597	0	0	1	597	1	597	0.0	1213
24P1R3A1_05494	24P1R3A1_05494	100.000	582	0	0	1	582	1	582	0.0	1187
24P1R3A1_05495	24P1R3A1_05495	100.000	154	0	0	1	154	1	154	6.54e-114	319
24P1R3A1_05496	24P1R3A1_05496	100.000	233	0	0	1	233	1	233	3.03e-177	485
24P1R3A1_05497	24P1R3A1_05497	100.000	136	0	0	1	136	1	136	9.48e-98	276
24P1R3A1_05498	24P1R3A1_05498	100.000	123	0	0	1	123	1	123	5.93e-86	246
24P1R3A1_05499	24P1R3A1_05499	100.000	626	0	0	1	626	1	626	0.0	1266
24P1R3A1_05500	24P1R3A1_05500	100.000	92	0	0	1	92	1	92	4.56e-60	178
24P1R3A1_05501	24P1R3A1_05501	100.000	787	0	0	1	787	1	787	0.0	1603
24P1R3A1_05502	24P1R3A1_05502	100.000	424	0	0	1	424	1	424	0.0	861
24P1R3A1_05503	24P1R3A1_05503	100.000	208	0	0	1	208	1	208	7.81e-157	432
24P1R3A1_05504	24P1R3A1_05504	100.000	435	0	0	1	435	1	435	0.0	870
24P1R3A1_05505	24P1R3A1_05505	100.000	105	0	0	1	105	1	105	4.01e-75	217
24P1R3A1_05506	24P1R3A1_05506	100.000	193	0	0	1	193	1	193	7.53e-141	390
24P1R3A1_05507	24P1R3A1_05507	100.000	507	0	0	1	507	1	507	0.0	1012
24P1R3A1_05508	24P1R3A1_05508	100.000	458	0	0	1	458	1	458	0.0	945
24P1R3A1_05509	24P1R3A1_05509	100.000	254	0	0	1	254	1	254	0.0	515
24P1R3A1_05510	24P1R3A1_05510	100.000	316	0	0	1	316	1	316	0.0	651
24P1R3A1_05511	24P1R3A1_05511	100.000	661	0	0	1	661	1	661	0.0	1333
24P1R3A1_05512	24P1R3A1_05512	100.000	204	0	0	1	204	1	204	9.88e-148	408
24P1R3A1_05513	24P1R3A1_05513	100.000	111	0	0	1	111	1	111	2.40e-75	218
24P1R3A1_05514	24P1R3A1_05514	100.000	313	0	0	1	313	1	313	0.0	623
24P1R3A1_05515	24P1R3A1_05515	100.000	457	0	0	1	457	1	457	0.0	905
24P1R3A1_05516	24P1R3A1_05516	100.000	164	0	0	1	164	1	164	7.00e-119	332
24P1R3A1_05517	24P1R3A1_05517	100.000	307	0	0	1	307	1	307	0.0	637
24P1R3A1_05518	24P1R3A1_05518	100.000	206	0	0	1	206	1	206	5.73e-152	419
24P1R3A1_05519	24P1R3A1_05519	100.000	120	0	0	1	120	1	120	8.25e-84	240
24P1R3A1_05520	24P1R3A1_05520	100.000	466	0	0	1	466	1	466	0.0	931
24P1R3A1_05521	24P1R3A1_05521	100.000	484	0	0	1	484	1	484	0.0	995
24P1R3A1_05522	24P1R3A1_05522	100.000	103	0	0	1	103	1	103	2.95e-70	204
24P1R3A1_05523	24P1R3A1_05523	100.000	308	0	0	1	308	1	308	0.0	626
24P1R3A1_05524	24P1R3A1_05524	100.000	623	0	0	1	623	1	623	0.0	1280
24P1R3A1_05525	24P1R3A1_05525	100.000	140	0	0	1	140	1	140	1.40e-100	284
24P1R3A1_05526	24P1R3A1_05526	100.000	503	0	0	1	503	1	503	0.0	1022
24P1R3A1_05527	24P1R3A1_05527	100.000	322	0	0	1	322	1	322	0.0	625
24P1R3A1_05528	24P1R3A1_05528	100.000	297	0	0	1	297	1	297	0.0	588
24P1R3A1_05529	24P1R3A1_05529	100.000	309	0	0	1	309	1	309	0.0	622
24P1R3A1_05530	24P1R3A1_05530	100.000	333	0	0	1	333	1	333	0.0	690
24P1R3A1_05531	24P1R3A1_05531	100.000	112	0	0	1	112	1	112	1.90e-79	228
24P1R3A1_05531	24P1R3A1_09343	96.429	112	4	0	1	112	1	112	8.20e-78	224
24P1R3A1_05531	27P2R2A12_03894	95.122	41	2	0	72	112	1	41	1.86e-20	77.4
24P1R3A1_05532	24P1R3A1_05532	100.000	329	0	0	1	329	1	329	0.0	670
24P1R3A1_05533	24P1R3A1_05533	100.000	138	0	0	1	138	1	138	1.05e-97	276
24P1R3A1_05534	24P1R3A1_05534	100.000	157	0	0	1	157	1	157	4.33e-111	312
24P1R3A1_05535	24P1R3A1_05535	100.000	384	0	0	1	384	1	384	0.0	796
24P1R3A1_05536	24P1R3A1_05536	100.000	150	0	0	1	150	1	150	2.38e-107	302
24P1R3A1_05537	24P1R3A1_05537	100.000	323	0	0	1	323	1	323	0.0	647
24P1R3A1_05538	24P1R3A1_05538	100.000	605	0	0	1	605	1	605	0.0	1209
24P1R3A1_05539	24P1R3A1_05539	100.000	112	0	0	1	112	1	112	4.95e-78	225
24P1R3A1_05540	24P1R3A1_05540	100.000	381	0	0	1	381	1	381	0.0	795
24P1R3A1_05541	24P1R3A1_05541	100.000	357	0	0	1	357	1	357	0.0	733
24P1R3A1_05542	24P1R3A1_05542	100.000	212	0	0	1	212	1	212	1.13e-158	437
24P1R3A1_05543	24P1R3A1_05543	100.000	201	0	0	1	201	1	201	3.05e-149	412
24P1R3A1_05544	24P1R3A1_05544	100.000	255	0	0	1	255	1	255	0.0	512
24P1R3A1_05545	24P1R3A1_05545	100.000	813	0	0	1	813	1	813	0.0	1643
24P1R3A1_05546	24P1R3A1_05546	100.000	152	0	0	1	152	1	152	6.06e-105	296
24P1R3A1_05547	24P1R3A1_05547	100.000	177	0	0	1	177	1	177	4.38e-134	372
24P1R3A1_05548	24P1R3A1_05548	100.000	484	0	0	1	484	1	484	0.0	964
24P1R3A1_05549	24P1R3A1_05549	100.000	207	0	0	1	207	1	207	4.35e-153	422
24P1R3A1_05550	24P1R3A1_05550	100.000	447	0	0	1	447	1	447	0.0	936
24P1R3A1_05551	24P1R3A1_05551	100.000	727	0	0	1	727	1	727	0.0	1494
24P1R3A1_05552	24P1R3A1_05552	100.000	388	0	0	1	388	1	388	0.0	800
24P1R3A1_05553	24P1R3A1_05553	100.000	234	0	0	1	234	1	234	1.55e-176	484
24P1R3A1_05554	24P1R3A1_05554	100.000	491	0	0	1	491	1	491	0.0	1010
24P1R3A1_05555	24P1R3A1_05555	100.000	242	0	0	1	242	1	242	0.0	504
24P1R3A1_05556	24P1R3A1_05556	100.000	165	0	0	1	165	1	165	2.80e-121	338
24P1R3A1_05557	24P1R3A1_05557	100.000	263	0	0	1	263	1	263	0.0	526
24P1R3A1_05558	24P1R3A1_05558	100.000	176	0	0	1	176	1	176	4.14e-124	346
24P1R3A1_05559	24P1R3A1_05559	100.000	91	0	0	1	91	1	91	1.06e-59	177
24P1R3A1_05560	24P1R3A1_05560	100.000	546	0	0	1	546	1	546	0.0	1120
24P1R3A1_05561	24P1R3A1_05561	100.000	214	0	0	1	214	1	214	5.25e-159	437
24P1R3A1_05562	24P1R3A1_05562	100.000	252	0	0	1	252	1	252	0.0	522
24P1R3A1_05563	24P1R3A1_05563	100.000	447	0	0	1	447	1	447	0.0	907
24P1R3A1_05564	24P1R3A1_05564	100.000	177	0	0	1	177	1	177	1.63e-123	345
24P1R3A1_05565	24P1R3A1_05565	100.000	261	0	0	1	261	1	261	0.0	534
24P1R3A1_05566	24P1R3A1_05566	100.000	253	0	0	1	253	1	253	0.0	524
24P1R3A1_05567	24P1R3A1_05567	100.000	131	0	0	1	131	1	131	1.19e-90	258
24P1R3A1_05568	24P1R3A1_05568	100.000	271	0	0	1	271	1	271	0.0	547
24P1R3A1_05569	24P1R3A1_05569	100.000	759	0	0	1	759	1	759	0.0	1565
24P1R3A1_05570	24P1R3A1_05570	100.000	318	0	0	1	318	1	318	0.0	654
24P1R3A1_05571	24P1R3A1_05571	100.000	291	0	0	1	291	1	291	0.0	584
24P1R3A1_05572	24P1R3A1_05572	100.000	550	0	0	1	550	1	550	0.0	1088
24P1R3A1_05573	24P1R3A1_05573	100.000	169	0	0	1	169	1	169	4.00e-127	353
24P1R3A1_05574	24P1R3A1_05574	100.000	449	0	0	1	449	1	449	0.0	874
24P1R3A1_05575	24P1R3A1_05575	100.000	396	0	0	1	396	1	396	0.0	781
24P1R3A1_05576	24P1R3A1_05576	100.000	249	0	0	1	249	1	249	1.55e-176	485
24P1R3A1_05577	24P1R3A1_05577	100.000	193	0	0	1	193	1	193	7.22e-146	403
24P1R3A1_05578	24P1R3A1_05578	100.000	299	0	0	1	299	1	299	0.0	603
24P1R3A1_05579	24P1R3A1_05579	100.000	95	0	0	1	95	1	95	4.17e-67	196
24P1R3A1_05580	24P1R3A1_05580	100.000	565	0	0	1	565	1	565	0.0	1158
24P1R3A1_05581	24P1R3A1_05581	100.000	33	0	0	1	33	1	33	2.58e-09	45.8
24P1R3A1_05582	24P1R3A1_05582	100.000	504	0	0	1	504	1	504	0.0	1003
24P1R3A1_05583	24P1R3A1_05583	100.000	314	0	0	1	314	1	314	0.0	640
24P1R3A1_05584	24P1R3A1_05584	100.000	331	0	0	1	331	1	331	0.0	687
24P1R3A1_05585	24P1R3A1_05585	100.000	264	0	0	1	264	1	264	0.0	515
24P1R3A1_05586	24P1R3A1_05586	100.000	284	0	0	1	284	1	284	0.0	581
24P1R3A1_05587	24P1R3A1_05587	100.000	455	0	0	1	455	1	455	0.0	896
24P1R3A1_05588	24P1R3A1_05588	100.000	304	0	0	1	304	1	304	0.0	621
24P1R3A1_05589	24P1R3A1_05589	100.000	310	0	0	1	310	1	310	0.0	632
24P1R3A1_05590	24P1R3A1_05590	100.000	223	0	0	1	223	1	223	2.82e-165	454
24P1R3A1_05591	24P1R3A1_05591	100.000	259	0	0	1	259	1	259	0.0	537
24P1R3A1_05592	24P1R3A1_05592	100.000	379	0	0	1	379	1	379	0.0	790
24P1R3A1_05593	24P1R3A1_05593	100.000	204	0	0	1	204	1	204	1.74e-154	426
24P1R3A1_05594	24P1R3A1_05594	100.000	193	0	0	1	193	1	193	5.09e-139	385
24P1R3A1_05595	24P1R3A1_05595	100.000	227	0	0	1	227	1	227	2.25e-163	450
24P1R3A1_05596	24P1R3A1_05596	100.000	836	0	0	1	836	1	836	0.0	1697
24P1R3A1_05597	24P1R3A1_05597	100.000	354	0	0	1	354	1	354	0.0	720
24P1R3A1_05598	24P1R3A1_05598	100.000	390	0	0	1	390	1	390	0.0	799
24P1R3A1_05599	24P1R3A1_05599	100.000	172	0	0	1	172	1	172	6.73e-124	345
24P1R3A1_05600	24P1R3A1_05600	100.000	176	0	0	1	176	1	176	8.24e-126	351
24P1R3A1_05601	24P1R3A1_05601	100.000	159	0	0	1	159	1	159	3.21e-116	325
24P1R3A1_05602	24P1R3A1_05602	100.000	245	0	0	1	245	1	245	0.0	502
24P1R3A1_05603	24P1R3A1_05603	100.000	832	0	0	1	832	1	832	0.0	1719
24P1R3A1_05604	24P1R3A1_05604	100.000	196	0	0	1	196	1	196	4.99e-144	398
24P1R3A1_05605	24P1R3A1_05605	100.000	185	0	0	1	185	1	185	1.94e-134	373
24P1R3A1_05606	24P1R3A1_05606	100.000	92	0	0	1	92	1	92	7.11e-62	182
24P1R3A1_05607	24P1R3A1_05607	100.000	182	0	0	1	182	1	182	5.45e-128	357
24P1R3A1_05608	24P1R3A1_05608	100.000	178	0	0	1	178	1	178	2.15e-129	360
24P1R3A1_05609	24P1R3A1_05609	100.000	233	0	0	1	233	1	233	1.77e-168	463
24P1R3A1_05610	24P1R3A1_05610	100.000	846	0	0	1	846	1	846	0.0	1719
24P1R3A1_05611	24P1R3A1_05611	100.000	175	0	0	1	175	1	175	4.87e-126	351
24P1R3A1_05612	24P1R3A1_05612	100.000	168	0	0	1	168	1	168	4.01e-121	338
24P1R3A1_05613	24P1R3A1_05613	100.000	320	0	0	1	320	1	320	0.0	654
24P1R3A1_05614	24P1R3A1_05614	100.000	116	0	0	1	116	1	116	5.36e-81	233
24P1R3A1_05615	24P1R3A1_05615	100.000	60	0	0	1	60	1	60	4.88e-39	122
24P1R3A1_05616	24P1R3A1_05616	100.000	396	0	0	1	396	1	396	0.0	806
24P1R3A1_05617	24P1R3A1_05617	100.000	262	0	0	1	262	1	262	0.0	534
24P1R3A1_05618	24P1R3A1_05618	100.000	855	0	0	1	855	1	855	0.0	1748
24P1R3A1_05619	24P1R3A1_05619	100.000	240	0	0	1	240	1	240	1.29e-177	487
24P1R3A1_05620	24P1R3A1_05620	100.000	200	0	0	1	200	1	200	9.75e-149	410
24P1R3A1_05621	24P1R3A1_05621	100.000	238	0	0	1	238	1	238	1.01e-176	484
24P1R3A1_05622	24P1R3A1_05622	100.000	188	0	0	1	188	1	188	2.54e-136	378
24P1R3A1_05623	24P1R3A1_05623	100.000	90	0	0	1	90	1	90	1.88e-59	176
24P1R3A1_05624	24P1R3A1_05624	100.000	450	0	0	1	450	1	450	0.0	927
24P1R3A1_05625	24P1R3A1_05625	100.000	274	0	0	1	274	1	274	0.0	570
24P1R3A1_05626	24P1R3A1_05626	100.000	148	0	0	1	148	1	148	1.05e-110	310
24P1R3A1_05627	24P1R3A1_05627	100.000	113	0	0	1	113	1	113	4.55e-80	230
24P1R3A1_05628	24P1R3A1_05628	100.000	235	0	0	1	235	1	235	5.02e-177	485
24P1R3A1_05629	24P1R3A1_05629	100.000	295	0	0	1	295	1	295	0.0	609
24P1R3A1_05630	24P1R3A1_05630	100.000	293	0	0	1	293	1	293	0.0	598
24P1R3A1_05631	24P1R3A1_05631	100.000	212	0	0	1	212	1	212	8.48e-160	439
24P1R3A1_05632	24P1R3A1_05632	100.000	75	0	0	1	75	1	75	8.28e-50	150
24P1R3A1_05633	24P1R3A1_05633	100.000	132	0	0	1	132	1	132	1.15e-97	276
24P1R3A1_05634	24P1R3A1_05634	100.000	138	0	0	1	138	1	138	3.54e-100	283
24P1R3A1_05635	24P1R3A1_05635	100.000	1020	0	0	1	1020	1	1020	0.0	2124
24P1R3A1_05636	24P1R3A1_05636	100.000	371	0	0	1	371	1	371	0.0	723
24P1R3A1_05637	24P1R3A1_05637	100.000	793	0	0	1	793	1	793	0.0	1637
24P1R3A1_05638	24P1R3A1_05638	100.000	289	0	0	1	289	1	289	0.0	593
24P1R3A1_05639	24P1R3A1_05639	100.000	350	0	0	1	350	1	350	0.0	725
24P1R3A1_05640	24P1R3A1_05640	100.000	75	0	0	1	75	1	75	8.62e-48	145
24P1R3A1_05641	24P1R3A1_05641	100.000	733	0	0	1	733	1	733	0.0	1530
24P1R3A1_05642	24P1R3A1_05642	100.000	676	0	0	1	676	1	676	0.0	1392
24P1R3A1_05643	24P1R3A1_05643	100.000	350	0	0	1	350	1	350	0.0	726
24P1R3A1_05644	24P1R3A1_05644	100.000	272	0	0	1	272	1	272	0.0	546
24P1R3A1_05645	24P1R3A1_05645	100.000	335	0	0	1	335	1	335	0.0	647
24P1R3A1_05646	24P1R3A1_05646	100.000	265	0	0	1	265	1	265	0.0	547
24P1R3A1_05647	24P1R3A1_05647	100.000	123	0	0	1	123	1	123	9.24e-92	260
24P1R3A1_05648	24P1R3A1_05648	100.000	340	0	0	1	340	1	340	0.0	704
24P1R3A1_05649	24P1R3A1_05649	100.000	168	0	0	1	168	1	168	3.06e-125	348
24P1R3A1_05650	24P1R3A1_05650	100.000	134	0	0	1	134	1	134	8.26e-93	264
24P1R3A1_05651	24P1R3A1_05651	100.000	114	0	0	1	114	1	114	1.06e-76	221
24P1R3A1_05652	24P1R3A1_05652	100.000	554	0	0	1	554	1	554	0.0	1125
24P1R3A1_05653	24P1R3A1_05653	100.000	298	0	0	1	298	1	298	0.0	617
24P1R3A1_05654	24P1R3A1_05654	100.000	661	0	0	1	661	1	661	0.0	1368
24P1R3A1_05655	24P1R3A1_05655	100.000	327	0	0	1	327	1	327	0.0	673
24P1R3A1_05656	24P1R3A1_05656	100.000	382	0	0	1	382	1	382	0.0	796
24P1R3A1_05657	24P1R3A1_05657	100.000	249	0	0	1	249	1	249	0.0	505
24P1R3A1_05658	24P1R3A1_05658	100.000	337	0	0	1	337	1	337	0.0	657
24P1R3A1_05659	24P1R3A1_05659	100.000	99	0	0	1	99	1	99	2.32e-67	197
24P1R3A1_05660	24P1R3A1_05660	100.000	796	0	0	1	796	1	796	0.0	1628
24P1R3A1_05661	24P1R3A1_05661	100.000	328	0	0	1	328	1	328	0.0	679
24P1R3A1_05662	24P1R3A1_05662	100.000	119	0	0	1	119	1	119	3.13e-78	226
24P1R3A1_05663	24P1R3A1_05663	100.000	66	0	0	1	66	1	66	2.26e-41	129
24P1R3A1_05663	18P3R3A11_00454	95.455	66	3	0	1	66	1	66	6.30e-40	125
24P1R3A1_05664	24P1R3A1_05664	100.000	113	0	0	1	113	1	113	2.56e-78	226
24P1R3A1_05665	24P1R3A1_05665	100.000	643	0	0	1	643	1	643	0.0	1343
