24P1R3A1_08497	24P1R3A1_08497	100.000	446	0	0	1	446	1	446	0.0	869
24P1R3A1_08497	32P3R2A9_05930	95.740	446	19	0	1	446	1	446	0.0	801
24P1R3A1_08498	24P1R3A1_08498	100.000	393	0	0	1	393	1	393	0.0	806
24P1R3A1_08500	24P1R3A1_08500	100.000	333	0	0	1	333	1	333	0.0	687
24P1R3A1_08500	32P3R2A9_05612	97.895	285	6	0	49	333	1	285	0.0	576
24P1R3A1_08501	24P1R3A1_08501	100.000	88	0	0	1	88	1	88	3.77e-60	177
24P1R3A1_08501	32P3R2A9_04778	96.591	88	3	0	1	88	104	191	4.77e-56	171
24P1R3A1_08502	24P1R3A1_08502	100.000	109	0	0	1	109	1	109	6.33e-72	209
24P1R3A1_08503	24P1R3A1_08503	100.000	221	0	0	1	221	1	221	4.64e-154	426
24P1R3A1_08503	32P3R2A9_04776	98.578	211	3	0	11	221	1	211	2.68e-144	401
24P1R3A1_08504	24P1R3A1_08504	100.000	186	0	0	1	186	1	186	4.16e-137	380
24P1R3A1_08505	24P1R3A1_08505	100.000	180	0	0	1	180	1	180	8.36e-129	358
24P1R3A1_08506	24P1R3A1_08506	100.000	147	0	0	1	147	1	147	7.55e-108	303
24P1R3A1_08506	32P3R2A9_06087	98.519	135	2	0	13	147	1	135	6.35e-96	272
24P1R3A1_08507	24P1R3A1_08507	100.000	64	0	0	1	64	1	64	3.38e-43	133
24P1R3A1_08508	24P1R3A1_08508	100.000	548	0	0	1	548	1	548	0.0	1149
24P1R3A1_08509	24P1R3A1_08509	100.000	347	0	0	1	347	1	347	0.0	726
24P1R3A1_08509	32P3R2A9_07254	97.154	246	7	0	102	347	1	246	0.0	511
24P1R3A1_08510	24P1R3A1_08510	100.000	170	0	0	1	170	1	170	1.27e-126	352
24P1R3A1_08510	32P3R2A9_06868	97.006	167	5	0	1	167	62	228	1.33e-121	342
24P1R3A1_08511	24P1R3A1_08511	100.000	397	0	0	1	397	1	397	0.0	825
24P1R3A1_08512	24P1R3A1_08512	100.000	122	0	0	1	122	1	122	6.57e-89	253
24P1R3A1_08513	24P1R3A1_08513	100.000	232	0	0	1	232	1	232	3.47e-179	490
24P1R3A1_08514	24P1R3A1_08514	100.000	95	0	0	1	95	1	95	1.62e-64	189
24P1R3A1_08516	24P1R3A1_08516	100.000	80	0	0	1	80	1	80	1.35e-54	163
24P1R3A1_08521	24P1R3A1_08521	100.000	128	0	0	1	128	1	128	3.44e-92	262
24P1R3A1_08522	24P1R3A1_08522	100.000	211	0	0	1	211	1	211	3.21e-158	436
24P1R3A1_08523	24P1R3A1_08523	100.000	163	0	0	1	163	1	163	2.37e-118	331
24P1R3A1_08524	24P1R3A1_08524	100.000	390	0	0	1	390	1	390	0.0	799
24P1R3A1_08525	24P1R3A1_08525	100.000	547	0	0	1	547	1	547	0.0	1127
24P1R3A1_08526	24P1R3A1_08526	100.000	109	0	0	1	109	1	109	5.99e-76	219
24P1R3A1_08527	24P1R3A1_08527	100.000	124	0	0	1	124	1	124	6.71e-88	251
24P1R3A1_08528	24P1R3A1_08528	100.000	114	0	0	1	114	1	114	3.42e-82	235
24P1R3A1_08529	24P1R3A1_08529	100.000	113	0	0	1	113	1	113	1.34e-77	224
24P1R3A1_08530	24P1R3A1_08530	100.000	359	0	0	1	359	1	359	0.0	742
24P1R3A1_08531	24P1R3A1_08531	100.000	68	0	0	1	68	1	68	3.23e-44	136
24P1R3A1_08532	24P1R3A1_08532	100.000	192	0	0	1	192	1	192	1.69e-141	392
24P1R3A1_08532	32P3R2A9_05160	99.351	154	1	0	39	192	1	154	5.99e-112	315
24P1R3A1_08533	24P1R3A1_08533	100.000	109	0	0	1	109	1	109	2.03e-75	218
24P1R3A1_08534	24P1R3A1_08534	100.000	624	0	0	1	624	1	624	0.0	1290
24P1R3A1_08535	24P1R3A1_08535	100.000	112	0	0	1	112	1	112	3.37e-74	215
24P1R3A1_08536	24P1R3A1_08536	100.000	330	0	0	1	330	1	330	0.0	681
24P1R3A1_08536	32P3R2A9_04747	98.485	330	5	0	1	330	105	434	0.0	674
24P1R3A1_08537	24P1R3A1_08537	100.000	456	0	0	1	456	1	456	0.0	909
24P1R3A1_08537	32P3R2A9_06693	97.717	219	5	0	238	456	1	219	6.11e-150	425
24P1R3A1_08538	24P1R3A1_08538	100.000	77	0	0	1	77	1	77	1.50e-52	157
24P1R3A1_08539	24P1R3A1_08539	100.000	198	0	0	1	198	1	198	1.52e-144	400
24P1R3A1_08540	24P1R3A1_08540	100.000	291	0	0	1	291	1	291	0.0	590
24P1R3A1_08540	32P3R2A9_05016	97.938	291	6	0	1	291	318	608	0.0	579
24P1R3A1_08546	24P1R3A1_08546	100.000	104	0	0	1	104	1	104	1.75e-71	207
24P1R3A1_08547	24P1R3A1_08547	100.000	392	0	0	1	392	1	392	0.0	791
24P1R3A1_08548	24P1R3A1_08548	100.000	156	0	0	1	156	1	156	5.92e-114	319
24P1R3A1_08549	24P1R3A1_08549	100.000	214	0	0	1	214	1	214	9.72e-158	434
24P1R3A1_08551	24P1R3A1_08551	100.000	311	0	0	1	311	1	311	0.0	631
24P1R3A1_08551	22P1R2A3_04614	97.749	311	7	0	1	311	5	315	0.0	620
24P1R3A1_08551	11P3R3A1_03794	97.106	311	9	0	1	311	43	353	0.0	615
24P1R3A1_08551	21P1R1A8_04616	97.106	311	9	0	1	311	5	315	0.0	614
24P1R3A1_08551	22P1R2A3_04610	97.106	311	9	0	1	311	27	337	0.0	613
24P1R3A1_08551	16_1P2R1A8-1_04324	96.463	311	11	0	1	311	43	353	0.0	613
24P1R3A1_08551	20P1R1A7_04605	96.463	311	11	0	1	311	43	353	0.0	610
24P1R3A1_08551	43P2R2A2_05550	97.464	276	7	0	36	311	1	276	0.0	545
24P1R3A1_08551	19P1R1A6_04724	97.318	261	7	0	51	311	1	261	0.0	513
24P1R3A1_08551	14P1R2A4_04952	97.600	250	6	0	62	311	1	250	1.09e-178	493
24P1R3A1_08551	15P1R1A16_05123	99.194	124	1	0	188	311	1	124	2.23e-84	249
24P1R3A1_08551	24P1R3A1_09355	100.000	80	0	0	232	311	1	80	9.49e-51	162
24P1R3A1_08552	24P1R3A1_08552	100.000	145	0	0	1	145	1	145	4.01e-107	301
24P1R3A1_08553	24P1R3A1_08553	100.000	100	0	0	1	100	1	100	2.24e-67	197
24P1R3A1_08554	24P1R3A1_08554	100.000	315	0	0	1	315	1	315	0.0	647
24P1R3A1_08555	24P1R3A1_08555	100.000	219	0	0	1	219	1	219	1.50e-162	447
24P1R3A1_08555	32P3R2A9_06097	95.890	219	9	0	1	219	172	390	1.25e-156	439
24P1R3A1_08556	24P1R3A1_08556	100.000	88	0	0	1	88	1	88	1.06e-61	182
24P1R3A1_08557	24P1R3A1_08557	100.000	158	0	0	1	158	1	158	7.08e-116	324
24P1R3A1_08558	24P1R3A1_08558	100.000	336	0	0	1	336	1	336	0.0	694
24P1R3A1_08559	24P1R3A1_08559	100.000	216	0	0	1	216	1	216	2.05e-150	416
24P1R3A1_08560	24P1R3A1_08560	100.000	258	0	0	1	258	1	258	0.0	518
24P1R3A1_08561	24P1R3A1_08561	100.000	57	0	0	1	57	1	57	2.15e-34	110
24P1R3A1_08561	32P3R2A9_06904	96.491	57	2	0	1	57	190	246	4.10e-31	107
24P1R3A1_08562	24P1R3A1_08562	100.000	257	0	0	1	257	1	257	0.0	519
24P1R3A1_08563	24P1R3A1_08563	100.000	357	0	0	1	357	1	357	0.0	734
24P1R3A1_08564	24P1R3A1_08564	100.000	185	0	0	1	185	1	185	4.03e-136	377
24P1R3A1_08565	24P1R3A1_08565	100.000	267	0	0	1	267	1	267	0.0	548
24P1R3A1_08566	24P1R3A1_08566	100.000	167	0	0	1	167	1	167	1.74e-121	339
24P1R3A1_08567	24P1R3A1_08567	100.000	130	0	0	1	130	1	130	7.37e-89	253
24P1R3A1_08568	24P1R3A1_08568	100.000	533	0	0	1	533	1	533	0.0	1100
24P1R3A1_08569	24P1R3A1_08569	100.000	436	0	0	1	436	1	436	0.0	892
24P1R3A1_08570	24P1R3A1_08570	100.000	87	0	0	1	87	1	87	1.10e-58	174
24P1R3A1_08571	24P1R3A1_08571	100.000	101	0	0	1	101	1	101	5.12e-71	206
24P1R3A1_08572	24P1R3A1_08572	100.000	54	0	0	1	54	1	54	1.32e-32	105
24P1R3A1_08573	24P1R3A1_08573	100.000	178	0	0	1	178	1	178	3.45e-127	354
24P1R3A1_08574	24P1R3A1_08574	100.000	425	0	0	1	425	1	425	0.0	870
24P1R3A1_08575	24P1R3A1_08575	100.000	55	0	0	1	55	1	55	5.36e-35	112
24P1R3A1_08576	24P1R3A1_08576	100.000	84	0	0	1	84	1	84	5.69e-58	172
24P1R3A1_08577	24P1R3A1_08577	100.000	94	0	0	1	94	1	94	8.67e-66	192
24P1R3A1_08578	24P1R3A1_08578	100.000	219	0	0	1	219	1	219	9.25e-162	445
24P1R3A1_08579	24P1R3A1_08579	100.000	136	0	0	1	136	1	136	7.69e-98	277
24P1R3A1_08580	24P1R3A1_08580	100.000	115	0	0	1	115	1	115	3.37e-79	228
24P1R3A1_08581	24P1R3A1_08581	100.000	378	0	0	1	378	1	378	0.0	775
24P1R3A1_08581	32P3R2A9_05241	97.753	89	2	0	290	378	1	89	1.14e-54	175
24P1R3A1_08582	24P1R3A1_08582	100.000	97	0	0	1	97	1	97	5.87e-64	188
24P1R3A1_08583	24P1R3A1_08583	100.000	149	0	0	1	149	1	149	1.50e-109	307
24P1R3A1_08584	24P1R3A1_08584	100.000	301	0	0	1	301	1	301	0.0	611
24P1R3A1_08585	24P1R3A1_08585	100.000	226	0	0	1	226	1	226	1.73e-168	462
24P1R3A1_08586	24P1R3A1_08586	100.000	236	0	0	1	236	1	236	3.22e-174	478
24P1R3A1_08587	24P1R3A1_08587	100.000	514	0	0	1	514	1	514	0.0	1033
24P1R3A1_08588	24P1R3A1_08588	100.000	94	0	0	1	94	1	94	6.71e-67	195
24P1R3A1_08589	24P1R3A1_08589	100.000	32	0	0	1	32	1	32	2.71e-18	68.2
24P1R3A1_08590	24P1R3A1_08590	100.000	56	0	0	1	56	1	56	2.77e-36	115
24P1R3A1_08591	24P1R3A1_08591	100.000	109	0	0	1	109	1	109	2.87e-80	230
24P1R3A1_08592	24P1R3A1_08592	100.000	38	0	0	1	38	1	38	2.33e-22	79.0
24P1R3A1_08593	24P1R3A1_08593	100.000	79	0	0	1	79	1	79	6.44e-55	164
24P1R3A1_08595	24P1R3A1_08595	100.000	123	0	0	1	123	1	123	1.52e-89	254
24P1R3A1_08596	24P1R3A1_08596	100.000	252	0	0	1	252	1	252	0.0	509
24P1R3A1_08596	32P3R2A9_06869	96.774	186	6	0	67	252	1	186	7.73e-129	362
24P1R3A1_08597	24P1R3A1_08597	100.000	149	0	0	1	149	1	149	9.15e-109	305
24P1R3A1_08597	32P3R2A9_05372	97.987	149	3	0	1	149	78	226	5.96e-106	301
24P1R3A1_08598	24P1R3A1_08598	100.000	31	0	0	1	31	1	31	1.27e-15	61.6
24P1R3A1_08599	24P1R3A1_08599	100.000	248	0	0	1	248	1	248	0.0	511
24P1R3A1_08602	24P1R3A1_08602	100.000	105	0	0	1	105	1	105	9.53e-72	208
24P1R3A1_08602	32P3R2A9_06978	97.143	105	3	0	1	105	1	105	1.11e-69	203
24P1R3A1_08603	24P1R3A1_08603	100.000	269	0	0	1	269	1	269	0.0	543
24P1R3A1_08603	32P3R2A9_06979	98.639	147	2	0	123	269	1	147	1.05e-100	290
24P1R3A1_08604	24P1R3A1_08604	100.000	172	0	0	1	172	1	172	3.56e-124	346
24P1R3A1_08604	32P3R2A9_07508	98.837	172	2	0	1	172	94	265	3.91e-122	345
24P1R3A1_08605	24P1R3A1_08605	100.000	171	0	0	1	171	1	171	4.84e-125	348
24P1R3A1_08606	24P1R3A1_08606	100.000	197	0	0	1	197	1	197	1.02e-147	408
24P1R3A1_08607	24P1R3A1_08607	100.000	101	0	0	1	101	1	101	1.20e-72	210
24P1R3A1_08608	24P1R3A1_08608	100.000	168	0	0	1	168	1	168	6.78e-122	340
24P1R3A1_08609	24P1R3A1_08609	100.000	374	0	0	1	374	1	374	0.0	769
24P1R3A1_08610	24P1R3A1_08610	100.000	169	0	0	1	169	1	169	6.65e-126	350
24P1R3A1_08611	24P1R3A1_08611	100.000	243	0	0	1	243	1	243	4.36e-169	466
24P1R3A1_08612	24P1R3A1_08612	100.000	358	0	0	1	358	1	358	0.0	738
24P1R3A1_08613	24P1R3A1_08613	100.000	85	0	0	1	85	1	85	4.88e-53	159
24P1R3A1_08614	24P1R3A1_08614	100.000	216	0	0	1	216	1	216	3.05e-155	428
24P1R3A1_08615	24P1R3A1_08615	100.000	91	0	0	1	91	1	91	3.42e-62	183
24P1R3A1_08616	24P1R3A1_08616	100.000	491	0	0	1	491	1	491	0.0	1011
24P1R3A1_08617	24P1R3A1_08617	100.000	530	0	0	1	530	1	530	0.0	1094
24P1R3A1_08618	24P1R3A1_08618	100.000	417	0	0	1	417	1	417	0.0	866
24P1R3A1_08619	24P1R3A1_08619	100.000	153	0	0	1	153	1	153	3.94e-115	322
24P1R3A1_08620	24P1R3A1_08620	100.000	281	0	0	1	281	1	281	0.0	553
24P1R3A1_08621	24P1R3A1_08621	100.000	142	0	0	1	142	1	142	1.08e-94	269
24P1R3A1_08622	24P1R3A1_08622	100.000	103	0	0	1	103	1	103	1.01e-70	206
24P1R3A1_08622	32P3R2A9_05822	95.146	103	5	0	1	103	1	103	2.18e-68	199
24P1R3A1_08623	24P1R3A1_08623	100.000	232	0	0	1	232	1	232	1.46e-173	476
24P1R3A1_08624	24P1R3A1_08624	100.000	258	0	0	1	258	1	258	0.0	540
24P1R3A1_08625	24P1R3A1_08625	100.000	125	0	0	1	125	1	125	2.22e-90	257
24P1R3A1_08626	24P1R3A1_08626	100.000	102	0	0	1	102	1	102	1.55e-69	202
24P1R3A1_08627	24P1R3A1_08627	100.000	118	0	0	1	118	1	118	1.24e-84	242
24P1R3A1_08628	24P1R3A1_08628	100.000	211	0	0	1	211	1	211	3.79e-149	412
24P1R3A1_08628	32P3R2A9_06204	97.630	211	5	0	1	211	1	211	2.62e-146	405
24P1R3A1_08629	24P1R3A1_08629	100.000	149	0	0	1	149	1	149	1.39e-103	292
24P1R3A1_08630	24P1R3A1_08630	100.000	357	0	0	1	357	1	357	0.0	728
24P1R3A1_08631	24P1R3A1_08631	100.000	252	0	0	1	252	1	252	0.0	527
24P1R3A1_08632	24P1R3A1_08632	100.000	428	0	0	1	428	1	428	0.0	862
24P1R3A1_08632	32P3R2A9_05850	97.059	136	4	0	293	428	1	136	3.38e-95	282
24P1R3A1_08633	24P1R3A1_08633	100.000	64	0	0	1	64	1	64	1.54e-42	131
24P1R3A1_08634	24P1R3A1_08634	100.000	416	0	0	1	416	1	416	0.0	830
24P1R3A1_08634	32P3R2A9_05224	97.596	416	10	0	1	416	1	416	0.0	815
24P1R3A1_08635	24P1R3A1_08635	100.000	163	0	0	1	163	1	163	3.13e-116	325
24P1R3A1_08636	24P1R3A1_08636	100.000	88	0	0	1	88	1	88	1.19e-61	181
24P1R3A1_08637	24P1R3A1_08637	100.000	273	0	0	1	273	1	273	0.0	555
24P1R3A1_08638	24P1R3A1_08638	100.000	308	0	0	1	308	1	308	0.0	635
24P1R3A1_08638	32P3R2A9_05101	98.755	241	3	0	68	308	1	241	1.59e-179	495
24P1R3A1_08639	24P1R3A1_08639	100.000	226	0	0	1	226	1	226	2.18e-168	462
24P1R3A1_08640	24P1R3A1_08640	100.000	285	0	0	1	285	1	285	0.0	579
24P1R3A1_08641	24P1R3A1_08641	100.000	561	0	0	1	561	1	561	0.0	1146
24P1R3A1_08642	24P1R3A1_08642	100.000	283	0	0	1	283	1	283	0.0	573
24P1R3A1_08642	32P3R2A9_07418	96.639	119	4	0	165	283	1	119	1.30e-78	234
24P1R3A1_08643	24P1R3A1_08643	100.000	169	0	0	1	169	1	169	2.80e-124	346
24P1R3A1_08644	24P1R3A1_08644	100.000	207	0	0	1	207	1	207	1.18e-153	424
24P1R3A1_08645	24P1R3A1_08645	100.000	440	0	0	1	440	1	440	0.0	893
24P1R3A1_08645	32P3R2A9_05888	98.462	260	4	0	181	440	1	260	0.0	520
24P1R3A1_08646	24P1R3A1_08646	100.000	323	0	0	1	323	1	323	0.0	662
24P1R3A1_08646	32P3R2A9_07576	97.980	99	2	0	225	323	1	99	4.13e-64	197
24P1R3A1_08647	24P1R3A1_08647	100.000	72	0	0	1	72	1	72	1.01e-47	145
24P1R3A1_08648	24P1R3A1_08648	100.000	208	0	0	1	208	1	208	1.24e-155	429
24P1R3A1_08649	24P1R3A1_08649	100.000	92	0	0	1	92	1	92	7.84e-59	175
24P1R3A1_08650	24P1R3A1_08650	100.000	92	0	0	1	92	1	92	5.82e-63	185
24P1R3A1_08651	24P1R3A1_08651	100.000	307	0	0	1	307	1	307	0.0	604
24P1R3A1_08652	24P1R3A1_08652	100.000	91	0	0	1	91	1	91	3.89e-63	186
24P1R3A1_08653	24P1R3A1_08653	100.000	139	0	0	1	139	1	139	2.87e-100	283
24P1R3A1_08654	24P1R3A1_08654	100.000	297	0	0	1	297	1	297	0.0	613
24P1R3A1_08654	32P3R2A9_04963	97.306	297	8	0	1	297	1	297	0.0	597
24P1R3A1_08655	24P1R3A1_08655	100.000	70	0	0	1	70	1	70	5.33e-47	143
24P1R3A1_08655	32P3R2A9_04962	97.101	69	2	0	1	69	1	69	5.19e-41	139
24P1R3A1_08656	24P1R3A1_08656	100.000	88	0	0	1	88	1	88	3.36e-62	183
24P1R3A1_08657	24P1R3A1_08657	100.000	333	0	0	1	333	1	333	0.0	675
24P1R3A1_08658	24P1R3A1_08658	100.000	279	0	0	1	279	1	279	0.0	574
24P1R3A1_08658	32P3R2A9_06083	96.416	279	10	0	1	279	108	386	0.0	559
24P1R3A1_08659	24P1R3A1_08659	100.000	275	0	0	1	275	1	275	0.0	560
24P1R3A1_08660	24P1R3A1_08660	100.000	186	0	0	1	186	1	186	4.99e-139	385
24P1R3A1_08661	24P1R3A1_08661	100.000	287	0	0	1	287	1	287	0.0	581
24P1R3A1_08662	24P1R3A1_08662	100.000	288	0	0	1	288	1	288	0.0	575
24P1R3A1_08663	24P1R3A1_08663	100.000	77	0	0	1	77	1	77	4.01e-50	151
24P1R3A1_08664	24P1R3A1_08664	100.000	142	0	0	1	142	1	142	3.07e-102	288
24P1R3A1_08665	24P1R3A1_08665	100.000	107	0	0	1	107	1	107	6.01e-77	221
24P1R3A1_08665	32P3R2A9_06644	100.000	57	0	0	51	107	1	57	3.97e-37	119
24P1R3A1_08666	24P1R3A1_08666	100.000	229	0	0	1	229	1	229	4.07e-175	479
24P1R3A1_08667	24P1R3A1_08667	100.000	89	0	0	1	89	1	89	5.52e-63	185
24P1R3A1_08667	32P3R2A9_06646	97.753	89	2	0	1	89	1	89	1.05e-61	182
24P1R3A1_08668	24P1R3A1_08668	100.000	395	0	0	1	395	1	395	0.0	801
24P1R3A1_08669	24P1R3A1_08669	100.000	111	0	0	1	111	1	111	9.52e-77	221
24P1R3A1_08670	24P1R3A1_08670	100.000	54	0	0	1	54	1	54	1.33e-32	105
24P1R3A1_08671	24P1R3A1_08671	100.000	151	0	0	1	151	1	151	3.39e-110	309
24P1R3A1_08672	24P1R3A1_08672	100.000	192	0	0	1	192	1	192	1.36e-145	402
24P1R3A1_08673	24P1R3A1_08673	100.000	302	0	0	1	302	1	302	0.0	625
24P1R3A1_08673	32P3R2A9_06832	98.182	55	1	0	248	302	1	55	5.56e-32	113
24P1R3A1_08674	24P1R3A1_08674	100.000	167	0	0	1	167	1	167	1.16e-120	337
24P1R3A1_08675	24P1R3A1_08675	100.000	168	0	0	1	168	1	168	1.86e-117	329
24P1R3A1_08675	32P3R2A9_07528	96.552	87	1	1	84	168	1	87	6.84e-50	155
24P1R3A1_08676	24P1R3A1_08676	100.000	229	0	0	1	229	1	229	2.22e-170	468
24P1R3A1_08677	24P1R3A1_08677	100.000	482	0	0	1	482	1	482	0.0	968
24P1R3A1_08678	24P1R3A1_08678	100.000	358	0	0	1	358	1	358	0.0	729
24P1R3A1_08678	32P3R2A9_07098	99.029	103	1	0	256	358	1	103	1.31e-68	210
24P1R3A1_08679	24P1R3A1_08679	100.000	374	0	0	1	374	1	374	0.0	779
24P1R3A1_08679	32P3R2A9_05147	97.059	374	11	0	1	374	26	399	0.0	762
24P1R3A1_08680	24P1R3A1_08680	100.000	326	0	0	1	326	1	326	0.0	635
24P1R3A1_08681	24P1R3A1_08681	100.000	120	0	0	1	120	1	120	2.18e-81	234
24P1R3A1_08681	32P3R2A9_07250	98.969	97	1	0	24	120	1	97	2.24e-62	185
24P1R3A1_08682	24P1R3A1_08682	100.000	239	0	0	1	239	1	239	1.32e-178	489
24P1R3A1_08682	32P3R2A9_07427	100.000	123	0	0	117	239	1	123	7.93e-84	245
24P1R3A1_08683	24P1R3A1_08683	100.000	159	0	0	1	159	1	159	2.10e-114	320
24P1R3A1_08684	24P1R3A1_08684	100.000	122	0	0	1	122	1	122	1.33e-87	249
24P1R3A1_08685	24P1R3A1_08685	100.000	67	0	0	1	67	1	67	1.83e-42	131
24P1R3A1_08686	24P1R3A1_08686	100.000	188	0	0	1	188	1	188	2.09e-135	376
24P1R3A1_08687	24P1R3A1_08687	100.000	228	0	0	1	228	1	228	5.18e-169	464
24P1R3A1_08688	24P1R3A1_08688	100.000	166	0	0	1	166	1	166	1.75e-121	339
24P1R3A1_08689	24P1R3A1_08689	100.000	182	0	0	1	182	1	182	4.02e-132	367
24P1R3A1_08690	24P1R3A1_08690	100.000	80	0	0	1	80	1	80	5.89e-54	161
24P1R3A1_08691	24P1R3A1_08691	100.000	148	0	0	1	148	1	148	3.96e-106	298
24P1R3A1_08692	24P1R3A1_08692	100.000	122	0	0	1	122	1	122	3.76e-85	243
24P1R3A1_08693	24P1R3A1_08693	100.000	288	0	0	1	288	1	288	0.0	590
24P1R3A1_08694	24P1R3A1_08694	100.000	181	0	0	1	181	1	181	8.61e-130	361
24P1R3A1_08695	24P1R3A1_08695	100.000	159	0	0	1	159	1	159	1.38e-120	336
24P1R3A1_08696	24P1R3A1_08696	100.000	291	0	0	1	291	1	291	0.0	600
24P1R3A1_08697	24P1R3A1_08697	100.000	115	0	0	1	115	1	115	2.84e-81	233
24P1R3A1_08698	24P1R3A1_08698	100.000	338	0	0	1	338	1	338	0.0	692
24P1R3A1_08699	24P1R3A1_08699	100.000	71	0	0	1	71	1	71	5.86e-44	135
24P1R3A1_08700	24P1R3A1_08700	100.000	299	0	0	1	299	1	299	0.0	600
24P1R3A1_08700	32P3R2A9_06779	97.500	200	5	0	100	299	1	200	3.25e-140	393
24P1R3A1_08701	24P1R3A1_08701	100.000	124	0	0	1	124	1	124	2.42e-91	259
24P1R3A1_08701	32P3R2A9_06778	99.194	124	1	0	1	124	143	266	8.59e-90	261
24P1R3A1_08702	24P1R3A1_08702	100.000	111	0	0	1	111	1	111	9.00e-81	231
24P1R3A1_08703	24P1R3A1_08703	100.000	172	0	0	1	172	1	172	1.42e-128	357
24P1R3A1_08704	24P1R3A1_08704	100.000	168	0	0	1	168	1	168	1.15e-119	334
24P1R3A1_08704	32P3R2A9_05579	95.238	168	8	0	1	168	306	473	5.55e-113	329
24P1R3A1_08705	24P1R3A1_08705	100.000	60	0	0	1	60	1	60	2.31e-39	123
24P1R3A1_08706	24P1R3A1_08706	100.000	378	0	0	1	378	1	378	0.0	788
24P1R3A1_08708	24P1R3A1_08708	100.000	278	0	0	1	278	1	278	0.0	566
24P1R3A1_08709	24P1R3A1_08709	100.000	148	0	0	1	148	1	148	1.02e-105	298
24P1R3A1_08709	32P3R2A9_05842	96.622	148	5	0	1	148	1	148	3.05e-101	286
24P1R3A1_08713	24P1R3A1_08713	100.000	447	0	0	1	447	1	447	0.0	913
24P1R3A1_08713	32P3R2A9_06820	99.670	303	1	0	145	447	1	303	0.0	620
24P1R3A1_08714	24P1R3A1_08714	100.000	151	0	0	1	151	1	151	1.68e-111	312
24P1R3A1_08715	24P1R3A1_08715	100.000	352	0	0	1	352	1	352	0.0	727
24P1R3A1_08716	24P1R3A1_08716	100.000	67	0	0	1	67	1	67	8.86e-46	140
24P1R3A1_08717	24P1R3A1_08717	100.000	198	0	0	1	198	1	198	4.29e-148	409
24P1R3A1_08718	24P1R3A1_08718	100.000	32	0	0	1	32	1	32	2.32e-16	63.5
24P1R3A1_08719	24P1R3A1_08719	100.000	137	0	0	1	137	1	137	3.43e-100	283
24P1R3A1_08720	24P1R3A1_08720	100.000	118	0	0	1	118	1	118	2.04e-86	246
24P1R3A1_08721	24P1R3A1_08721	100.000	143	0	0	1	143	1	143	2.07e-105	296
24P1R3A1_08722	24P1R3A1_08722	100.000	153	0	0	1	153	1	153	4.66e-109	306
24P1R3A1_08723	24P1R3A1_08723	100.000	122	0	0	1	122	1	122	1.73e-88	252
24P1R3A1_08724	24P1R3A1_08724	100.000	229	0	0	1	229	1	229	2.11e-169	465
24P1R3A1_08724	32P3R2A9_05641	96.943	229	7	0	1	229	256	484	2.29e-163	460
24P1R3A1_08725	24P1R3A1_08725	100.000	273	0	0	1	273	1	273	0.0	514
24P1R3A1_08726	24P1R3A1_08726	100.000	172	0	0	1	172	1	172	1.51e-126	352
24P1R3A1_08727	24P1R3A1_08727	100.000	178	0	0	1	178	1	178	6.46e-132	366
24P1R3A1_08728	24P1R3A1_08728	100.000	110	0	0	1	110	1	110	6.98e-79	227
24P1R3A1_08729	24P1R3A1_08729	100.000	292	0	0	1	292	1	292	0.0	588
24P1R3A1_08729	32P3R2A9_06553	98.282	291	5	0	2	292	117	407	0.0	583
24P1R3A1_08730	24P1R3A1_08730	100.000	136	0	0	1	136	1	136	1.21e-97	276
24P1R3A1_08731	24P1R3A1_08731	100.000	304	0	0	1	304	1	304	0.0	623
24P1R3A1_08732	24P1R3A1_08732	100.000	185	0	0	1	185	1	185	8.41e-136	377
24P1R3A1_08733	24P1R3A1_08733	100.000	229	0	0	1	229	1	229	1.79e-167	460
24P1R3A1_08734	24P1R3A1_08734	100.000	190	0	0	1	190	1	190	4.04e-140	388
24P1R3A1_08735	24P1R3A1_08735	100.000	153	0	0	1	153	1	153	2.09e-114	320
24P1R3A1_08736	24P1R3A1_08736	100.000	162	0	0	1	162	1	162	4.29e-118	330
24P1R3A1_08737	24P1R3A1_08737	100.000	167	0	0	1	167	1	167	9.47e-120	335
24P1R3A1_08738	24P1R3A1_08738	100.000	137	0	0	1	137	1	137	1.09e-98	279
24P1R3A1_08739	24P1R3A1_08739	100.000	395	0	0	1	395	1	395	0.0	801
24P1R3A1_08740	24P1R3A1_08740	100.000	85	0	0	1	85	1	85	2.39e-57	170
24P1R3A1_08741	24P1R3A1_08741	100.000	118	0	0	1	118	1	118	1.77e-83	239
24P1R3A1_08742	24P1R3A1_08742	100.000	274	0	0	1	274	1	274	0.0	545
24P1R3A1_08742	32P3R2A9_05340	97.810	274	6	0	1	274	1	274	0.0	533
24P1R3A1_08743	24P1R3A1_08743	100.000	193	0	0	1	193	1	193	5.68e-139	385
24P1R3A1_08743	32P3R2A9_05205	96.373	193	7	0	1	193	1	193	8.41e-134	372
24P1R3A1_08744	24P1R3A1_08744	100.000	172	0	0	1	172	1	172	1.78e-126	352
24P1R3A1_08745	24P1R3A1_08745	100.000	332	0	0	1	332	1	332	0.0	685
24P1R3A1_08746	24P1R3A1_08746	100.000	201	0	0	1	201	1	201	3.23e-148	409
24P1R3A1_08747	24P1R3A1_08747	100.000	174	0	0	1	174	1	174	4.24e-130	361
24P1R3A1_08748	24P1R3A1_08748	100.000	284	0	0	1	284	1	284	0.0	590
24P1R3A1_08749	24P1R3A1_08749	100.000	60	0	0	1	60	1	60	2.51e-40	125
24P1R3A1_08750	24P1R3A1_08750	100.000	354	0	0	1	354	1	354	0.0	738
24P1R3A1_08751	24P1R3A1_08751	100.000	346	0	0	1	346	1	346	0.0	704
24P1R3A1_08752	24P1R3A1_08752	100.000	208	0	0	1	208	1	208	1.46e-151	418
24P1R3A1_08753	24P1R3A1_08753	100.000	275	0	0	1	275	1	275	0.0	566
24P1R3A1_08754	24P1R3A1_08754	100.000	463	0	0	1	463	1	463	0.0	957
24P1R3A1_08755	24P1R3A1_08755	100.000	331	0	0	1	331	1	331	0.0	667
24P1R3A1_08756	24P1R3A1_08756	100.000	81	0	0	1	81	1	81	7.91e-56	166
24P1R3A1_08757	24P1R3A1_08757	100.000	370	0	0	1	370	1	370	0.0	756
24P1R3A1_08758	24P1R3A1_08758	100.000	67	0	0	1	67	1	67	1.28e-41	129
24P1R3A1_08758	32P3R2A9_06048	97.727	44	1	0	14	57	1	44	1.78e-20	82.4
24P1R3A1_08759	24P1R3A1_08759	100.000	64	0	0	1	64	1	64	1.16e-43	134
24P1R3A1_08760	24P1R3A1_08760	100.000	159	0	0	1	159	1	159	7.86e-118	329
24P1R3A1_08761	24P1R3A1_08761	100.000	53	0	0	1	53	1	53	1.15e-32	105
24P1R3A1_08762	24P1R3A1_08762	100.000	213	0	0	1	213	1	213	2.86e-155	428
24P1R3A1_08763	24P1R3A1_08763	100.000	137	0	0	1	137	1	137	1.16e-99	281
24P1R3A1_08764	24P1R3A1_08764	100.000	460	0	0	1	460	1	460	0.0	947
24P1R3A1_08764	32P3R2A9_06574	99.315	292	2	0	169	460	1	292	0.0	591
24P1R3A1_08765	24P1R3A1_08765	100.000	138	0	0	1	138	1	138	2.83e-97	275
24P1R3A1_08766	24P1R3A1_08766	100.000	248	0	0	1	248	1	248	0.0	501
24P1R3A1_08767	24P1R3A1_08767	100.000	177	0	0	1	177	1	177	2.36e-131	365
24P1R3A1_08768	24P1R3A1_08768	100.000	98	0	0	1	98	1	98	1.63e-68	199
24P1R3A1_08769	24P1R3A1_08769	100.000	310	0	0	1	310	1	310	0.0	633
24P1R3A1_08770	24P1R3A1_08770	100.000	194	0	0	1	194	1	194	1.26e-139	387
24P1R3A1_08771	24P1R3A1_08771	100.000	209	0	0	1	209	1	209	1.65e-155	428
24P1R3A1_08772	24P1R3A1_08772	100.000	173	0	0	1	173	1	173	4.27e-126	351
24P1R3A1_08773	24P1R3A1_08773	100.000	324	0	0	1	324	1	324	0.0	629
24P1R3A1_08773	32P3R2A9_07454	100.000	200	0	0	125	324	1	200	2.39e-140	395
24P1R3A1_08774	24P1R3A1_08774	100.000	216	0	0	1	216	1	216	4.57e-156	431
24P1R3A1_08775	24P1R3A1_08775	100.000	139	0	0	1	139	1	139	2.95e-102	288
24P1R3A1_08776	24P1R3A1_08776	100.000	73	0	0	1	73	1	73	4.66e-51	154
24P1R3A1_08777	24P1R3A1_08777	100.000	436	0	0	1	436	1	436	0.0	904
24P1R3A1_08778	24P1R3A1_08778	100.000	164	0	0	1	164	1	164	1.70e-118	331
24P1R3A1_08779	24P1R3A1_08779	100.000	167	0	0	1	167	1	167	6.31e-125	348
24P1R3A1_08779	32P3R2A9_06853	97.006	167	5	0	1	167	28	194	1.50e-122	343
24P1R3A1_08780	24P1R3A1_08780	100.000	296	0	0	1	296	1	296	0.0	591
24P1R3A1_08781	24P1R3A1_08781	100.000	217	0	0	1	217	1	217	4.23e-157	433
24P1R3A1_08783	24P1R3A1_08783	100.000	371	0	0	1	371	1	371	0.0	761
24P1R3A1_08784	24P1R3A1_08784	100.000	67	0	0	1	67	1	67	4.95e-46	140
24P1R3A1_08785	24P1R3A1_08785	100.000	220	0	0	1	220	1	220	2.13e-162	447
24P1R3A1_08786	24P1R3A1_08786	100.000	71	0	0	1	71	1	71	1.79e-46	142
24P1R3A1_08788	24P1R3A1_08788	100.000	184	0	0	1	184	1	184	1.13e-135	376
24P1R3A1_08789	24P1R3A1_08789	100.000	183	0	0	1	183	1	183	1.09e-136	379
24P1R3A1_08790	24P1R3A1_08790	100.000	88	0	0	1	88	1	88	5.79e-60	177
24P1R3A1_08791	24P1R3A1_08791	100.000	124	0	0	1	124	1	124	5.43e-89	253
24P1R3A1_08792	24P1R3A1_08792	100.000	248	0	0	1	248	1	248	0.0	495
24P1R3A1_08792	32P3R2A9_06199	95.565	248	11	0	1	248	300	547	3.80e-169	478
24P1R3A1_08793	24P1R3A1_08793	100.000	206	0	0	1	206	1	206	1.21e-156	431
24P1R3A1_08794	24P1R3A1_08794	100.000	458	0	0	1	458	1	458	0.0	939
24P1R3A1_08795	24P1R3A1_08795	100.000	144	0	0	1	144	1	144	1.43e-103	292
24P1R3A1_08796	24P1R3A1_08796	100.000	128	0	0	1	128	1	128	3.01e-93	265
24P1R3A1_08797	24P1R3A1_08797	100.000	158	0	0	1	158	1	158	4.23e-116	325
24P1R3A1_08798	24P1R3A1_08798	100.000	368	0	0	1	368	1	368	0.0	738
24P1R3A1_08798	32P3R2A9_05752	97.388	268	7	0	101	368	1	268	0.0	523
24P1R3A1_08799	24P1R3A1_08799	100.000	92	0	0	1	92	1	92	1.29e-64	189
24P1R3A1_08800	24P1R3A1_08800	100.000	187	0	0	1	187	1	187	1.19e-135	376
24P1R3A1_08801	24P1R3A1_08801	100.000	84	0	0	1	84	1	84	3.61e-56	167
24P1R3A1_08802	24P1R3A1_08802	100.000	367	0	0	1	367	1	367	0.0	747
24P1R3A1_08803	24P1R3A1_08803	100.000	207	0	0	1	207	1	207	1.42e-151	418
24P1R3A1_08804	24P1R3A1_08804	100.000	181	0	0	1	181	1	181	2.14e-124	347
24P1R3A1_08805	24P1R3A1_08805	100.000	104	0	0	1	104	1	104	1.23e-71	208
24P1R3A1_08806	24P1R3A1_08806	100.000	54	0	0	1	54	1	54	1.03e-32	106
24P1R3A1_08807	24P1R3A1_08807	100.000	70	0	0	1	70	1	70	2.15e-44	137
24P1R3A1_08808	24P1R3A1_08808	100.000	312	0	0	1	312	1	312	0.0	637
24P1R3A1_08808	32P3R2A9_07690	98.969	97	1	0	216	312	1	97	7.49e-67	204
24P1R3A1_08809	24P1R3A1_08809	100.000	349	0	0	1	349	1	349	0.0	698
24P1R3A1_08810	24P1R3A1_08810	100.000	230	0	0	1	230	1	230	4.11e-170	467
24P1R3A1_08810	32P3R2A9_07067	99.394	165	1	0	66	230	1	165	2.51e-116	328
24P1R3A1_08811	24P1R3A1_08811	100.000	157	0	0	1	157	1	157	9.43e-116	323
24P1R3A1_08812	24P1R3A1_08812	100.000	382	0	0	1	382	1	382	0.0	737
24P1R3A1_08813	24P1R3A1_08813	100.000	481	0	0	1	481	1	481	0.0	991
24P1R3A1_08813	32P3R2A9_06627	96.040	101	4	0	381	481	1	101	1.43e-64	204
24P1R3A1_08814	24P1R3A1_08814	100.000	151	0	0	1	151	1	151	2.93e-112	314
24P1R3A1_08814	32P3R2A9_06834	98.667	150	2	0	2	151	16	165	3.67e-110	310
24P1R3A1_08815	24P1R3A1_08815	100.000	241	0	0	1	241	1	241	0.0	502
24P1R3A1_08815	32P3R2A9_06833	97.510	241	6	0	1	241	1	241	1.62e-178	489
24P1R3A1_08816	24P1R3A1_08816	100.000	298	0	0	1	298	1	298	0.0	590
24P1R3A1_08816	32P3R2A9_06928	95.638	298	13	0	1	298	1	298	0.0	572
24P1R3A1_08817	24P1R3A1_08817	100.000	87	0	0	1	87	1	87	1.21e-59	176
24P1R3A1_08818	24P1R3A1_08818	100.000	383	0	0	1	383	1	383	0.0	803
24P1R3A1_08818	32P3R2A9_07600	99.535	215	1	0	169	383	1	215	2.12e-161	451
24P1R3A1_08819	24P1R3A1_08819	100.000	209	0	0	1	209	1	209	3.24e-151	417
24P1R3A1_08820	24P1R3A1_08820	100.000	86	0	0	1	86	1	86	3.03e-59	175
24P1R3A1_08821	24P1R3A1_08821	100.000	209	0	0	1	209	1	209	1.06e-153	424
24P1R3A1_08822	24P1R3A1_08822	100.000	299	0	0	1	299	1	299	0.0	600
24P1R3A1_08823	24P1R3A1_08823	100.000	199	0	0	1	199	1	199	2.83e-141	392
24P1R3A1_08824	24P1R3A1_08824	100.000	88	0	0	1	88	1	88	1.29e-57	171
24P1R3A1_08824	32P3R2A9_07328	96.591	88	3	0	1	88	123	210	8.60e-57	173
24P1R3A1_08825	24P1R3A1_08825	100.000	375	0	0	1	375	1	375	0.0	786
24P1R3A1_08825	32P3R2A9_07605	97.753	89	2	0	284	372	1	89	2.47e-56	179
24P1R3A1_08826	24P1R3A1_08826	100.000	248	0	0	1	248	1	248	0.0	502
24P1R3A1_08827	24P1R3A1_08827	100.000	114	0	0	1	114	1	114	4.15e-80	230
24P1R3A1_08827	32P3R2A9_05474	96.491	114	4	0	1	114	1	114	4.46e-78	225
24P1R3A1_08828	24P1R3A1_08828	100.000	278	0	0	1	278	1	278	0.0	564
24P1R3A1_08829	24P1R3A1_08829	100.000	109	0	0	1	109	1	109	5.02e-80	229
24P1R3A1_08830	24P1R3A1_08830	100.000	316	0	0	1	316	1	316	0.0	652
24P1R3A1_08831	24P1R3A1_08831	100.000	129	0	0	1	129	1	129	9.54e-92	261
24P1R3A1_08832	24P1R3A1_08832	100.000	96	0	0	1	96	1	96	9.27e-63	185
24P1R3A1_08832	32P3R2A9_06471	95.833	96	4	0	1	96	127	222	3.41e-59	180
24P1R3A1_08833	24P1R3A1_08833	100.000	288	0	0	1	288	1	288	0.0	603
24P1R3A1_08834	24P1R3A1_08834	100.000	473	0	0	1	473	1	473	0.0	981
24P1R3A1_08835	32P3R2A9_06122	100.000	87	0	0	1	87	67	153	3.33e-59	177
24P1R3A1_08835	24P1R3A1_08835	100.000	87	0	0	1	87	1	87	4.06e-59	175
24P1R3A1_08836	24P1R3A1_08836	100.000	198	0	0	1	198	1	198	1.31e-143	397
24P1R3A1_08836	32P3R2A9_06123	97.475	198	5	0	1	198	1	198	6.59e-141	390
24P1R3A1_08837	24P1R3A1_08837	100.000	155	0	0	1	155	1	155	7.62e-114	319
24P1R3A1_08837	32P3R2A9_06124	97.917	96	2	0	60	155	1	96	2.82e-63	189
24P1R3A1_08838	24P1R3A1_08838	100.000	475	0	0	1	475	1	475	0.0	988
24P1R3A1_08840	24P1R3A1_08840	100.000	261	0	0	1	261	1	261	0.0	537
24P1R3A1_08841	24P1R3A1_08841	100.000	192	0	0	1	192	1	192	1.82e-143	397
24P1R3A1_08842	24P1R3A1_08842	100.000	189	0	0	1	189	1	189	1.32e-139	387
24P1R3A1_08843	24P1R3A1_08843	100.000	98	0	0	1	98	1	98	1.22e-70	205
24P1R3A1_08844	24P1R3A1_08844	100.000	202	0	0	1	202	1	202	4.11e-148	409
24P1R3A1_08845	24P1R3A1_08845	100.000	163	0	0	1	163	1	163	1.40e-116	326
24P1R3A1_08846	24P1R3A1_08846	100.000	129	0	0	1	129	1	129	8.14e-94	266
24P1R3A1_08846	32P3R2A9_05872	99.225	129	1	0	1	129	89	217	5.48e-92	265
24P1R3A1_08847	24P1R3A1_08847	100.000	270	0	0	1	270	1	270	0.0	550
24P1R3A1_08847	32P3R2A9_05122	97.468	237	6	0	1	237	1	237	3.05e-172	474
24P1R3A1_08848	24P1R3A1_08848	100.000	277	0	0	1	277	1	277	0.0	556
24P1R3A1_08849	24P1R3A1_08849	100.000	38	0	0	1	38	1	38	4.45e-22	78.2
24P1R3A1_08850	24P1R3A1_08850	100.000	73	0	0	1	73	1	73	5.96e-50	151
24P1R3A1_08851	24P1R3A1_08851	100.000	346	0	0	1	346	1	346	0.0	711
24P1R3A1_08852	24P1R3A1_08852	100.000	54	0	0	1	54	1	54	7.99e-34	108
24P1R3A1_08853	24P1R3A1_08853	100.000	169	0	0	1	169	1	169	1.16e-119	335
24P1R3A1_08854	24P1R3A1_08854	100.000	467	0	0	1	467	1	467	0.0	957
24P1R3A1_08855	24P1R3A1_08855	100.000	91	0	0	1	91	1	91	1.39e-59	176
24P1R3A1_08856	24P1R3A1_08856	100.000	152	0	0	1	152	1	152	7.55e-110	308
24P1R3A1_08856	32P3R2A9_06165	95.395	152	6	1	1	152	1	151	3.51e-96	274
24P1R3A1_08857	24P1R3A1_08857	100.000	99	0	0	1	99	1	99	1.67e-66	194
24P1R3A1_08858	24P1R3A1_08858	100.000	340	0	0	1	340	1	340	0.0	687
24P1R3A1_08859	24P1R3A1_08859	100.000	228	0	0	1	228	1	228	7.74e-165	454
24P1R3A1_08859	32P3R2A9_06679	97.990	199	4	0	1	199	234	432	2.31e-138	395
24P1R3A1_08860	24P1R3A1_08860	100.000	216	0	0	1	216	1	216	1.17e-157	434
24P1R3A1_08860	32P3R2A9_05269	95.833	216	9	0	1	216	1	216	3.82e-152	421
24P1R3A1_08861	24P1R3A1_08861	100.000	88	0	0	1	88	1	88	2.12e-61	181
24P1R3A1_08862	24P1R3A1_08862	100.000	143	0	0	1	143	1	143	2.70e-100	283
24P1R3A1_08863	24P1R3A1_08863	100.000	332	0	0	1	332	1	332	0.0	668
24P1R3A1_08863	32P3R2A9_05547	96.525	259	9	0	74	332	1	259	0.0	504
24P1R3A1_08864	24P1R3A1_08864	100.000	238	0	0	1	238	1	238	1.62e-178	489
24P1R3A1_08865	24P1R3A1_08865	100.000	210	0	0	1	210	1	210	3.46e-158	435
24P1R3A1_08866	24P1R3A1_08866	100.000	233	0	0	1	233	1	233	3.03e-176	483
24P1R3A1_08867	24P1R3A1_08867	100.000	211	0	0	1	211	1	211	1.39e-157	434
24P1R3A1_08868	24P1R3A1_08868	100.000	121	0	0	1	121	1	121	1.78e-85	244
24P1R3A1_08869	24P1R3A1_08869	100.000	164	0	0	1	164	1	164	2.85e-119	333
24P1R3A1_08870	24P1R3A1_08870	100.000	199	0	0	1	199	1	199	7.66e-149	411
24P1R3A1_08871	24P1R3A1_08871	100.000	91	0	0	1	91	1	91	6.74e-63	185
24P1R3A1_08872	24P1R3A1_08872	100.000	281	0	0	1	281	1	281	0.0	573
24P1R3A1_08872	42P1R1A12_04083	95.357	280	13	0	1	280	4	283	0.0	553
24P1R3A1_08872	18P3R3A11_02680	95.714	280	12	0	1	280	4	283	0.0	552
24P1R3A1_08872	38P2R3A13_07833	98.077	52	1	0	229	280	1	52	1.01e-30	109
24P1R3A1_08873	24P1R3A1_08873	100.000	128	0	0	1	128	1	128	3.23e-91	259
24P1R3A1_08874	24P1R3A1_08874	100.000	92	0	0	1	92	1	92	8.51e-61	179
24P1R3A1_08875	24P1R3A1_08875	100.000	281	0	0	1	281	1	281	0.0	572
24P1R3A1_08876	24P1R3A1_08876	100.000	276	0	0	1	276	1	276	0.0	544
24P1R3A1_08877	24P1R3A1_08877	100.000	210	0	0	1	210	1	210	9.80e-159	437
24P1R3A1_08878	24P1R3A1_08878	100.000	104	0	0	1	104	1	104	8.26e-73	211
24P1R3A1_08879	24P1R3A1_08879	100.000	62	0	0	1	62	1	62	1.26e-40	126
24P1R3A1_08880	24P1R3A1_08880	100.000	64	0	0	1	64	1	64	1.52e-42	131
24P1R3A1_08884	24P1R3A1_08884	100.000	153	0	0	1	153	1	153	2.76e-113	317
24P1R3A1_08885	24P1R3A1_08885	100.000	300	0	0	1	300	1	300	0.0	594
24P1R3A1_08886	24P1R3A1_08886	100.000	336	0	0	1	336	1	336	0.0	651
24P1R3A1_08886	32P3R2A9_06672	98.425	254	4	0	83	336	1	254	2.32e-173	481
24P1R3A1_08887	24P1R3A1_08887	100.000	272	0	0	1	272	1	272	0.0	525
24P1R3A1_08888	24P1R3A1_08888	100.000	237	0	0	1	237	1	237	1.29e-171	471
24P1R3A1_08888	32P3R2A9_04928	100.000	89	0	0	149	237	1	89	2.55e-57	177
24P1R3A1_08889	24P1R3A1_08889	100.000	146	0	0	1	146	1	146	5.15e-108	303
24P1R3A1_08890	24P1R3A1_08890	100.000	41	0	0	1	41	1	41	4.39e-25	85.9
24P1R3A1_08891	24P1R3A1_08891	100.000	123	0	0	1	123	1	123	2.15e-84	242
24P1R3A1_08891	32P3R2A9_06691	98.374	123	2	0	1	123	117	239	1.02e-80	236
24P1R3A1_08892	24P1R3A1_08892	100.000	193	0	0	1	193	1	193	7.94e-142	392
24P1R3A1_08893	24P1R3A1_08893	100.000	62	0	0	1	62	1	62	9.69e-39	122
24P1R3A1_08894	24P1R3A1_08894	100.000	447	0	0	1	447	1	447	0.0	903
24P1R3A1_08895	24P1R3A1_08895	100.000	284	0	0	1	284	1	284	0.0	578
24P1R3A1_08896	24P1R3A1_08896	100.000	93	0	0	1	93	1	93	1.16e-62	184
24P1R3A1_08897	24P1R3A1_08897	100.000	190	0	0	1	190	1	190	2.96e-141	391
24P1R3A1_08898	24P1R3A1_08898	100.000	212	0	0	1	212	1	212	7.38e-158	435
24P1R3A1_08899	24P1R3A1_08899	100.000	449	0	0	1	449	1	449	0.0	923
24P1R3A1_08900	24P1R3A1_08900	100.000	436	0	0	1	436	1	436	0.0	879
24P1R3A1_08900	32P3R2A9_05293	98.853	436	5	0	1	436	66	501	0.0	871
24P1R3A1_08901	24P1R3A1_08901	100.000	451	0	0	1	451	1	451	0.0	923
24P1R3A1_08901	32P3R2A9_07644	98.496	133	2	0	306	438	1	133	4.40e-89	267
24P1R3A1_08902	24P1R3A1_08902	100.000	185	0	0	1	185	1	185	1.70e-135	376
24P1R3A1_08903	24P1R3A1_08903	100.000	129	0	0	1	129	1	129	6.39e-94	266
24P1R3A1_08904	24P1R3A1_08904	100.000	133	0	0	1	133	1	133	5.37e-95	269
24P1R3A1_08905	24P1R3A1_08905	100.000	108	0	0	1	108	1	108	9.37e-78	224
24P1R3A1_08906	24P1R3A1_08906	100.000	67	0	0	1	67	1	67	8.22e-43	132
24P1R3A1_08907	24P1R3A1_08907	100.000	295	0	0	1	295	1	295	0.0	599
24P1R3A1_08908	24P1R3A1_08908	100.000	479	0	0	1	479	1	479	0.0	973
24P1R3A1_08909	24P1R3A1_08909	100.000	342	0	0	1	342	1	342	0.0	682
24P1R3A1_08910	24P1R3A1_08910	100.000	151	0	0	1	151	1	151	1.56e-108	305
24P1R3A1_08911	24P1R3A1_08911	100.000	105	0	0	1	105	1	105	3.18e-75	217
24P1R3A1_08912	24P1R3A1_08912	100.000	155	0	0	1	155	1	155	1.01e-113	318
24P1R3A1_08913	24P1R3A1_08913	100.000	128	0	0	1	128	1	128	5.27e-93	264
24P1R3A1_08914	24P1R3A1_08914	100.000	153	0	0	1	153	1	153	9.23e-113	316
24P1R3A1_08915	24P1R3A1_08915	100.000	321	0	0	1	321	1	321	0.0	652
24P1R3A1_08916	24P1R3A1_08916	100.000	330	0	0	1	330	1	330	0.0	668
24P1R3A1_08916	32P3R2A9_05183	95.745	329	14	0	1	329	1	329	0.0	644
24P1R3A1_08917	24P1R3A1_08917	100.000	276	0	0	1	276	1	276	0.0	566
24P1R3A1_08918	24P1R3A1_08918	100.000	149	0	0	1	149	1	149	9.15e-109	305
24P1R3A1_08919	24P1R3A1_08919	100.000	174	0	0	1	174	1	174	3.95e-132	367
24P1R3A1_08919	32P3R2A9_06031	95.402	174	8	0	1	174	83	256	3.22e-124	350
24P1R3A1_08920	24P1R3A1_08920	100.000	257	0	0	1	257	1	257	0.0	538
24P1R3A1_08921	24P1R3A1_08921	100.000	221	0	0	1	221	1	221	6.70e-165	453
24P1R3A1_08922	24P1R3A1_08922	100.000	119	0	0	1	119	1	119	2.15e-86	246
24P1R3A1_08923	24P1R3A1_08923	100.000	100	0	0	1	100	1	100	5.69e-70	203
24P1R3A1_08924	24P1R3A1_08924	100.000	111	0	0	1	111	1	111	4.03e-78	225
24P1R3A1_08925	24P1R3A1_08925	100.000	107	0	0	1	107	1	107	1.37e-72	211
24P1R3A1_08925	32P3R2A9_05163	98.131	107	2	0	1	107	288	394	2.77e-69	212
24P1R3A1_08926	24P1R3A1_08926	100.000	41	0	0	1	41	1	41	2.14e-24	84.3
24P1R3A1_08927	24P1R3A1_08927	100.000	291	0	0	1	291	1	291	0.0	594
24P1R3A1_08927	32P3R2A9_06825	95.946	222	9	0	70	291	1	222	1.15e-154	431
24P1R3A1_08928	24P1R3A1_08928	100.000	357	0	0	1	357	1	357	0.0	728
24P1R3A1_08929	24P1R3A1_08929	100.000	396	0	0	1	396	1	396	0.0	827
24P1R3A1_08930	24P1R3A1_08930	100.000	188	0	0	1	188	1	188	1.22e-140	389
24P1R3A1_08930	32P3R2A9_05262	95.213	188	9	0	1	188	1	188	2.66e-134	373
24P1R3A1_08931	24P1R3A1_08931	100.000	335	0	0	1	335	1	335	0.0	685
24P1R3A1_08932	24P1R3A1_08932	100.000	369	0	0	1	369	1	369	0.0	771
24P1R3A1_08933	24P1R3A1_08933	100.000	387	0	0	1	387	1	387	0.0	796
24P1R3A1_08934	24P1R3A1_08934	100.000	150	0	0	1	150	1	150	2.04e-108	305
24P1R3A1_08935	24P1R3A1_08935	100.000	285	0	0	1	285	1	285	0.0	561
24P1R3A1_08936	24P1R3A1_08936	100.000	43	0	0	1	43	1	43	1.09e-24	85.1
24P1R3A1_08936	32P3R2A9_07146	97.674	43	1	0	1	43	237	279	2.78e-23	87.4
24P1R3A1_08937	24P1R3A1_08937	100.000	390	0	0	1	390	1	390	0.0	801
24P1R3A1_08937	32P3R2A9_05389	96.774	248	7	1	143	390	1	247	4.64e-175	487
24P1R3A1_08938	24P1R3A1_08938	100.000	287	0	0	1	287	1	287	0.0	577
24P1R3A1_08939	24P1R3A1_08939	100.000	146	0	0	1	146	1	146	2.66e-104	294
24P1R3A1_08939	32P3R2A9_05124	95.890	146	6	0	1	146	411	556	3.16e-96	288
24P1R3A1_08940	24P1R3A1_08940	100.000	353	0	0	1	353	1	353	0.0	714
24P1R3A1_08941	24P1R3A1_08941	100.000	46	0	0	1	46	1	46	1.03e-26	90.5
24P1R3A1_08942	24P1R3A1_08942	100.000	207	0	0	1	207	1	207	1.64e-144	400
24P1R3A1_08943	24P1R3A1_08943	100.000	195	0	0	1	195	1	195	2.10e-143	397
24P1R3A1_08944	24P1R3A1_08944	100.000	171	0	0	1	171	1	171	5.36e-123	343
24P1R3A1_08944	32P3R2A9_07150	99.415	171	1	0	1	171	38	208	1.18e-122	343
24P1R3A1_08945	24P1R3A1_08945	100.000	136	0	0	1	136	1	136	8.80e-97	274
24P1R3A1_08946	24P1R3A1_08946	100.000	356	0	0	1	356	1	356	0.0	729
24P1R3A1_08947	24P1R3A1_08947	100.000	92	0	0	1	92	1	92	2.20e-58	174
24P1R3A1_08947	32P3R2A9_05180	100.000	92	0	0	1	92	104	195	5.66e-58	176
24P1R3A1_08948	24P1R3A1_08948	100.000	167	0	0	1	167	1	167	2.12e-123	344
24P1R3A1_08949	24P1R3A1_08949	100.000	109	0	0	1	109	1	109	1.75e-76	221
24P1R3A1_08950	24P1R3A1_08950	100.000	85	0	0	1	85	1	85	5.96e-56	167
24P1R3A1_08950	32P3R2A9_05704	95.294	85	4	0	1	85	157	241	8.93e-53	164
24P1R3A1_08951	24P1R3A1_08951	100.000	203	0	0	1	203	1	203	2.72e-137	382
24P1R3A1_08952	24P1R3A1_08952	100.000	209	0	0	1	209	1	209	1.24e-156	431
24P1R3A1_08953	24P1R3A1_08953	100.000	142	0	0	1	142	1	142	2.19e-105	296
24P1R3A1_08954	24P1R3A1_08954	100.000	153	0	0	1	153	1	153	7.42e-112	313
24P1R3A1_08955	24P1R3A1_08955	100.000	186	0	0	1	186	1	186	2.95e-133	370
24P1R3A1_08956	24P1R3A1_08956	100.000	196	0	0	1	196	1	196	1.39e-142	395
24P1R3A1_08957	24P1R3A1_08957	100.000	297	0	0	1	297	1	297	0.0	602
24P1R3A1_08958	24P1R3A1_08958	100.000	161	0	0	1	161	1	161	6.79e-119	332
24P1R3A1_08959	24P1R3A1_08959	100.000	181	0	0	1	181	1	181	7.52e-132	366
24P1R3A1_08959	32P3R2A9_07498	97.959	98	2	0	84	181	1	98	7.13e-65	194
24P1R3A1_08960	24P1R3A1_08960	100.000	208	0	0	1	208	1	208	7.32e-156	429
24P1R3A1_08960	32P3R2A9_07497	97.115	208	6	0	1	208	1	208	8.59e-153	421
24P1R3A1_08961	24P1R3A1_08961	100.000	259	0	0	1	259	1	259	0.0	534
24P1R3A1_08961	32P3R2A9_04886	97.683	259	6	0	1	259	1	259	0.0	524
24P1R3A1_08962	24P1R3A1_08962	100.000	69	0	0	1	69	1	69	3.15e-46	141
24P1R3A1_08963	24P1R3A1_08963	100.000	113	0	0	1	113	1	113	1.69e-80	231
24P1R3A1_08964	24P1R3A1_08964	100.000	194	0	0	1	194	1	194	6.07e-145	400
24P1R3A1_08965	24P1R3A1_08965	100.000	178	0	0	1	178	1	178	3.00e-132	367
24P1R3A1_08966	24P1R3A1_08966	100.000	143	0	0	1	143	1	143	1.58e-104	294
24P1R3A1_08967	24P1R3A1_08967	100.000	79	0	0	1	79	1	79	1.96e-53	160
24P1R3A1_08968	24P1R3A1_08968	100.000	173	0	0	1	173	1	173	7.58e-130	360
24P1R3A1_08969	24P1R3A1_08969	100.000	267	0	0	1	267	1	267	0.0	528
24P1R3A1_08970	24P1R3A1_08970	100.000	200	0	0	1	200	1	200	9.54e-149	410
24P1R3A1_08971	24P1R3A1_08971	100.000	146	0	0	1	146	1	146	5.33e-107	301
24P1R3A1_08972	24P1R3A1_08972	100.000	276	0	0	1	276	1	276	0.0	568
24P1R3A1_08973	24P1R3A1_08973	100.000	57	0	0	1	57	1	57	4.95e-34	109
24P1R3A1_08973	32P3R2A9_05550	96.491	57	2	0	1	57	55	111	3.88e-32	106
24P1R3A1_08974	24P1R3A1_08974	100.000	53	0	0	1	53	1	53	9.83e-34	108
24P1R3A1_08975	24P1R3A1_08975	100.000	131	0	0	1	131	1	131	4.24e-94	267
24P1R3A1_08977	24P1R3A1_08977	100.000	212	0	0	1	212	1	212	1.39e-158	436
24P1R3A1_08978	24P1R3A1_08978	100.000	64	0	0	1	64	1	64	8.74e-39	122
24P1R3A1_08979	24P1R3A1_08979	100.000	141	0	0	1	141	1	141	6.73e-100	282
24P1R3A1_08980	24P1R3A1_08980	100.000	243	0	0	1	243	1	243	7.95e-180	493
24P1R3A1_08981	24P1R3A1_08981	100.000	132	0	0	1	132	1	132	3.98e-92	262
24P1R3A1_08981	32P3R2A9_05935	98.485	132	2	0	1	132	98	229	1.43e-89	259
24P1R3A1_08982	24P1R3A1_08982	100.000	131	0	0	1	131	1	131	3.30e-94	267
24P1R3A1_08983	24P1R3A1_08983	100.000	247	0	0	1	247	1	247	5.99e-180	493
24P1R3A1_08984	24P1R3A1_08984	100.000	257	0	0	1	257	1	257	0.0	533
24P1R3A1_08985	24P1R3A1_08985	100.000	112	0	0	1	112	1	112	1.56e-78	226
24P1R3A1_08986	24P1R3A1_08986	100.000	169	0	0	1	169	1	169	3.00e-123	343
24P1R3A1_08987	24P1R3A1_08987	100.000	81	0	0	1	81	1	81	3.23e-55	165
24P1R3A1_08988	24P1R3A1_08988	100.000	102	0	0	1	102	1	102	3.51e-68	199
24P1R3A1_08989	24P1R3A1_08989	100.000	179	0	0	1	179	1	179	1.59e-129	360
24P1R3A1_08990	24P1R3A1_08990	100.000	176	0	0	1	176	1	176	2.96e-127	354
24P1R3A1_08991	24P1R3A1_08991	100.000	125	0	0	1	125	1	125	3.26e-90	256
24P1R3A1_08992	24P1R3A1_08992	100.000	286	0	0	1	286	1	286	0.0	577
24P1R3A1_08993	24P1R3A1_08993	100.000	67	0	0	1	67	1	67	3.85e-43	133
24P1R3A1_08994	24P1R3A1_08994	100.000	182	0	0	1	182	1	182	1.13e-131	366
24P1R3A1_08995	24P1R3A1_08995	100.000	301	0	0	1	301	1	301	0.0	626
24P1R3A1_08996	24P1R3A1_08996	100.000	220	0	0	1	220	1	220	2.03e-162	447
24P1R3A1_08997	24P1R3A1_08997	100.000	148	0	0	1	148	1	148	9.07e-104	293
24P1R3A1_08998	24P1R3A1_08998	100.000	137	0	0	1	137	1	137	2.38e-97	276
24P1R3A1_08999	24P1R3A1_08999	100.000	207	0	0	1	207	1	207	6.85e-156	429
24P1R3A1_08999	32P3R2A9_07205	97.101	207	6	0	1	207	1	207	1.08e-151	419
24P1R3A1_09000	24P1R3A1_09000	100.000	124	0	0	1	124	1	124	4.24e-87	249
24P1R3A1_09001	24P1R3A1_09001	100.000	262	0	0	1	262	1	262	0.0	536
24P1R3A1_09002	24P1R3A1_09002	100.000	317	0	0	1	317	1	317	0.0	651
24P1R3A1_09003	24P1R3A1_09003	100.000	197	0	0	1	197	1	197	1.16e-141	392
24P1R3A1_09004	24P1R3A1_09004	100.000	91	0	0	1	91	1	91	1.93e-63	186
24P1R3A1_09005	24P1R3A1_09005	100.000	100	0	0	1	100	1	100	2.62e-69	202
24P1R3A1_09006	24P1R3A1_09006	100.000	160	0	0	1	160	1	160	1.37e-119	333
24P1R3A1_09007	24P1R3A1_09007	100.000	74	0	0	1	74	1	74	6.21e-52	156
24P1R3A1_09008	24P1R3A1_09008	100.000	129	0	0	1	129	1	129	2.36e-89	254
24P1R3A1_09008	32P3R2A9_05491	98.450	129	2	0	1	129	326	454	1.25e-83	251
24P1R3A1_09009	24P1R3A1_09009	100.000	308	0	0	1	308	1	308	0.0	638
24P1R3A1_09009	44P3R3A6_05215	95.455	308	14	0	1	308	1	308	0.0	607
24P1R3A1_09010	24P1R3A1_09010	100.000	193	0	0	1	193	1	193	4.38e-143	395
24P1R3A1_09011	24P1R3A1_09011	100.000	89	0	0	1	89	1	89	2.63e-61	181
24P1R3A1_09011	24P1R3A1_06301	96.629	89	3	0	1	89	534	622	1.15e-55	181
24P1R3A1_09011	32P3R2A9_07612	100.000	52	0	0	38	89	1	52	4.61e-33	108
24P1R3A1_09012	24P1R3A1_09012	100.000	234	0	0	1	234	1	234	1.83e-176	483
24P1R3A1_09013	24P1R3A1_09013	100.000	82	0	0	1	82	1	82	8.13e-53	159
24P1R3A1_09014	24P1R3A1_09014	100.000	258	0	0	1	258	1	258	0.0	523
24P1R3A1_09014	32P3R2A9_05938	99.612	258	1	0	1	258	28	285	0.0	522
24P1R3A1_09015	24P1R3A1_09015	100.000	128	0	0	1	128	1	128	6.91e-90	256
24P1R3A1_09016	24P1R3A1_09016	100.000	264	0	0	1	264	1	264	0.0	537
24P1R3A1_09017	24P1R3A1_09017	100.000	300	0	0	1	300	1	300	0.0	614
24P1R3A1_09018	24P1R3A1_09018	100.000	174	0	0	1	174	1	174	8.40e-128	355
24P1R3A1_09019	24P1R3A1_09019	100.000	179	0	0	1	179	1	179	7.80e-131	363
24P1R3A1_09020	24P1R3A1_09020	100.000	242	0	0	1	242	1	242	4.80e-180	493
24P1R3A1_09021	24P1R3A1_09021	100.000	204	0	0	1	204	1	204	6.54e-152	419
24P1R3A1_09022	24P1R3A1_09022	100.000	69	0	0	1	69	1	69	1.13e-46	142
24P1R3A1_09023	24P1R3A1_09023	100.000	430	0	0	1	430	1	430	0.0	885
24P1R3A1_09024	24P1R3A1_09024	100.000	414	0	0	1	414	1	414	0.0	858
24P1R3A1_09024	32P3R2A9_07392	99.107	224	2	0	191	414	1	224	2.48e-163	457
24P1R3A1_09025	24P1R3A1_09025	100.000	210	0	0	1	210	1	210	2.71e-153	423
24P1R3A1_09026	24P1R3A1_09026	100.000	82	0	0	1	82	1	82	4.91e-56	167
24P1R3A1_09027	24P1R3A1_09027	100.000	262	0	0	1	262	1	262	0.0	522
24P1R3A1_09028	24P1R3A1_09028	100.000	75	0	0	1	75	1	75	6.11e-49	148
24P1R3A1_09029	24P1R3A1_09029	100.000	119	0	0	1	119	1	119	2.18e-82	236
24P1R3A1_09030	24P1R3A1_09030	100.000	137	0	0	1	137	1	137	1.55e-97	276
24P1R3A1_09031	24P1R3A1_09031	100.000	57	0	0	1	57	1	57	1.72e-37	118
24P1R3A1_09032	24P1R3A1_09032	100.000	154	0	0	1	154	1	154	2.66e-114	320
24P1R3A1_09033	24P1R3A1_09033	100.000	196	0	0	1	196	1	196	4.27e-145	401
24P1R3A1_09034	24P1R3A1_09034	100.000	239	0	0	1	239	1	239	5.57e-175	480
24P1R3A1_09035	24P1R3A1_09035	100.000	122	0	0	1	122	1	122	2.06e-88	252
24P1R3A1_09036	24P1R3A1_09036	100.000	172	0	0	1	172	1	172	1.46e-126	352
24P1R3A1_09037	24P1R3A1_09037	100.000	68	0	0	1	68	1	68	1.56e-45	139
24P1R3A1_09038	24P1R3A1_09038	100.000	306	0	0	1	306	1	306	0.0	606
24P1R3A1_09039	24P1R3A1_09039	100.000	40	0	0	1	40	1	40	2.53e-22	79.0
24P1R3A1_09040	24P1R3A1_09040	100.000	334	0	0	1	334	1	334	0.0	685
24P1R3A1_09041	24P1R3A1_09041	100.000	230	0	0	1	230	1	230	7.58e-172	471
24P1R3A1_09042	24P1R3A1_09042	100.000	78	0	0	1	78	1	78	8.91e-52	155
24P1R3A1_09043	24P1R3A1_09043	100.000	99	0	0	1	99	1	99	8.49e-70	203
24P1R3A1_09044	24P1R3A1_09044	100.000	278	0	0	1	278	1	278	0.0	571
24P1R3A1_09045	24P1R3A1_09045	100.000	87	0	0	1	87	1	87	4.65e-61	180
24P1R3A1_09046	24P1R3A1_09046	100.000	230	0	0	1	230	1	230	1.61e-166	458
24P1R3A1_09047	24P1R3A1_09047	100.000	107	0	0	1	107	1	107	2.99e-75	217
24P1R3A1_09047	32P3R2A9_07263	99.065	107	1	0	1	107	118	224	1.60e-73	217
24P1R3A1_09048	24P1R3A1_09048	100.000	177	0	0	1	177	1	177	1.31e-130	363
24P1R3A1_09049	24P1R3A1_09049	100.000	156	0	0	1	156	1	156	8.27e-106	298
24P1R3A1_09050	24P1R3A1_09050	100.000	50	0	0	1	50	1	50	4.32e-33	107
24P1R3A1_09051	24P1R3A1_09051	100.000	82	0	0	1	82	1	82	1.26e-53	160
24P1R3A1_09052	24P1R3A1_09052	100.000	145	0	0	1	145	1	145	2.54e-105	296
24P1R3A1_09053	24P1R3A1_09053	100.000	209	0	0	1	209	1	209	2.19e-156	431
24P1R3A1_09054	24P1R3A1_09054	100.000	145	0	0	1	145	1	145	2.37e-103	291
24P1R3A1_09055	24P1R3A1_09055	100.000	116	0	0	1	116	1	116	5.25e-84	240
24P1R3A1_09055	32P3R2A9_05669	97.414	116	3	0	1	116	1	116	2.83e-82	236
24P1R3A1_09056	24P1R3A1_09056	100.000	60	0	0	1	60	1	60	1.44e-36	116
24P1R3A1_09057	24P1R3A1_09057	100.000	198	0	0	1	198	1	198	4.57e-144	399
24P1R3A1_09058	24P1R3A1_09058	100.000	109	0	0	1	109	1	109	9.90e-77	221
24P1R3A1_09059	24P1R3A1_09059	100.000	52	0	0	1	52	1	52	4.91e-32	104
24P1R3A1_09060	24P1R3A1_09060	100.000	251	0	0	1	251	1	251	3.02e-177	487
24P1R3A1_09061	24P1R3A1_09061	100.000	128	0	0	1	128	1	128	4.46e-90	256
24P1R3A1_09062	24P1R3A1_09062	100.000	72	0	0	1	72	1	72	8.10e-49	148
24P1R3A1_09063	24P1R3A1_09063	100.000	228	0	0	1	228	1	228	9.02e-165	453
24P1R3A1_09064	24P1R3A1_09064	100.000	253	0	0	1	253	1	253	0.0	511
24P1R3A1_09065	24P1R3A1_09065	100.000	351	0	0	1	351	1	351	0.0	692
24P1R3A1_09066	24P1R3A1_09066	100.000	236	0	0	1	236	1	236	1.10e-170	469
24P1R3A1_09067	24P1R3A1_09067	100.000	96	0	0	1	96	1	96	8.89e-66	192
24P1R3A1_09068	24P1R3A1_09068	100.000	89	0	0	1	89	1	89	2.80e-59	176
24P1R3A1_09069	24P1R3A1_09069	100.000	200	0	0	1	200	1	200	4.17e-146	404
24P1R3A1_09070	24P1R3A1_09070	100.000	182	0	0	1	182	1	182	4.77e-135	374
24P1R3A1_09071	24P1R3A1_09071	100.000	164	0	0	1	164	1	164	1.02e-117	329
24P1R3A1_09072	24P1R3A1_09072	100.000	155	0	0	1	155	1	155	1.06e-107	303
24P1R3A1_09072	32P3R2A9_06549	99.355	155	1	0	1	155	138	292	7.73e-106	303
24P1R3A1_09073	24P1R3A1_09073	100.000	145	0	0	1	145	1	145	1.24e-101	287
24P1R3A1_09073	32P3R2A9_06550	97.241	145	4	0	1	145	1	145	1.39e-99	282
24P1R3A1_09074	24P1R3A1_09074	100.000	430	0	0	1	430	1	430	0.0	835
24P1R3A1_09075	24P1R3A1_09075	100.000	174	0	0	1	174	1	174	8.60e-127	353
24P1R3A1_09076	24P1R3A1_09076	100.000	160	0	0	1	160	1	160	6.49e-120	334
24P1R3A1_09077	24P1R3A1_09077	100.000	54	0	0	1	54	1	54	9.42e-34	108
24P1R3A1_09078	24P1R3A1_09078	100.000	83	0	0	1	83	1	83	2.07e-56	168
24P1R3A1_09079	24P1R3A1_09079	100.000	87	0	0	1	87	1	87	2.49e-58	173
24P1R3A1_09079	32P3R2A9_06460	97.701	87	2	0	1	87	139	225	1.35e-55	171
24P1R3A1_09080	24P1R3A1_09080	100.000	240	0	0	1	240	1	240	1.33e-177	487
24P1R3A1_09081	24P1R3A1_09081	100.000	262	0	0	1	262	1	262	0.0	521
24P1R3A1_09081	32P3R2A9_05906	98.611	72	1	0	191	262	1	72	4.38e-43	141
24P1R3A1_09082	24P1R3A1_09082	100.000	116	0	0	1	116	1	116	2.02e-77	223
24P1R3A1_09083	24P1R3A1_09083	100.000	378	0	0	1	378	1	378	0.0	769
24P1R3A1_09084	24P1R3A1_09084	100.000	313	0	0	1	313	1	313	0.0	644
24P1R3A1_09085	24P1R3A1_09085	100.000	323	0	0	1	323	1	323	0.0	661
24P1R3A1_09085	32P3R2A9_04983	95.666	323	14	0	1	323	1	323	0.0	640
24P1R3A1_09086	24P1R3A1_09086	100.000	77	0	0	1	77	1	77	4.42e-50	151
24P1R3A1_09087	24P1R3A1_09087	100.000	234	0	0	1	234	1	234	7.18e-172	472
24P1R3A1_09088	24P1R3A1_09088	100.000	161	0	0	1	161	1	161	3.90e-116	325
24P1R3A1_09088	32P3R2A9_05861	96.273	161	6	0	1	161	77	237	2.34e-111	316
24P1R3A1_09089	24P1R3A1_09089	100.000	171	0	0	1	171	1	171	8.09e-126	350
24P1R3A1_09090	24P1R3A1_09090	100.000	125	0	0	1	125	1	125	8.74e-82	235
24P1R3A1_09091	24P1R3A1_09091	100.000	173	0	0	1	173	1	173	2.04e-127	354
24P1R3A1_09092	24P1R3A1_09092	100.000	221	0	0	1	221	1	221	2.77e-167	459
24P1R3A1_09093	24P1R3A1_09093	100.000	169	0	0	1	169	1	169	1.86e-125	349
24P1R3A1_09093	32P3R2A9_07331	95.745	94	4	0	76	169	1	94	1.75e-62	187
24P1R3A1_09094	24P1R3A1_09094	100.000	205	0	0	1	205	1	205	1.68e-151	418
24P1R3A1_09095	24P1R3A1_09095	100.000	142	0	0	1	142	1	142	6.44e-104	293
24P1R3A1_09096	24P1R3A1_09096	100.000	220	0	0	1	220	1	220	6.16e-162	446
24P1R3A1_09096	32P3R2A9_05222	97.273	220	6	0	1	220	116	335	7.16e-157	437
24P1R3A1_09097	24P1R3A1_09097	100.000	418	0	0	1	418	1	418	0.0	817
24P1R3A1_09098	24P1R3A1_09098	100.000	243	0	0	1	243	1	243	2.90e-179	491
24P1R3A1_09099	24P1R3A1_09099	100.000	68	0	0	1	68	1	68	3.51e-45	138
24P1R3A1_09100	24P1R3A1_09100	100.000	184	0	0	1	184	1	184	7.60e-132	367
24P1R3A1_09100	32P3R2A9_06958	95.109	184	9	0	1	184	1	184	5.57e-127	354
24P1R3A1_09101	24P1R3A1_09101	100.000	192	0	0	1	192	1	192	2.34e-139	386
24P1R3A1_09102	24P1R3A1_09102	100.000	112	0	0	1	112	1	112	1.42e-76	221
24P1R3A1_09103	24P1R3A1_09103	100.000	206	0	0	1	206	1	206	2.46e-153	423
24P1R3A1_09104	24P1R3A1_09104	100.000	87	0	0	1	87	1	87	3.10e-61	180
24P1R3A1_09104	32P3R2A9_07442	97.561	82	2	0	1	82	109	190	3.93e-56	171
24P1R3A1_09105	24P1R3A1_09105	100.000	204	0	0	1	204	1	204	2.09e-145	402
24P1R3A1_09106	24P1R3A1_09106	100.000	93	0	0	1	93	1	93	2.16e-66	194
24P1R3A1_09107	24P1R3A1_09107	100.000	134	0	0	1	134	1	134	6.26e-94	266
24P1R3A1_09108	24P1R3A1_09108	100.000	190	0	0	1	190	1	190	5.86e-134	372
24P1R3A1_09109	24P1R3A1_09109	100.000	83	0	0	1	83	1	83	1.39e-57	171
24P1R3A1_09110	24P1R3A1_09110	100.000	333	0	0	1	333	1	333	0.0	695
24P1R3A1_09111	24P1R3A1_09111	100.000	218	0	0	1	218	1	218	1.23e-155	429
24P1R3A1_09112	24P1R3A1_09112	100.000	32	0	0	1	32	1	32	3.91e-17	65.5
24P1R3A1_09113	24P1R3A1_09113	100.000	96	0	0	1	96	1	96	2.55e-65	191
24P1R3A1_09114	24P1R3A1_09114	100.000	217	0	0	1	217	1	217	4.86e-159	438
24P1R3A1_09115	24P1R3A1_09115	100.000	115	0	0	1	115	1	115	2.17e-80	231
24P1R3A1_09116	24P1R3A1_09116	100.000	84	0	0	1	84	1	84	7.45e-53	159
24P1R3A1_09116	32P3R2A9_05735	97.619	84	2	0	1	84	250	333	1.54e-49	158
24P1R3A1_09117	24P1R3A1_09117	100.000	295	0	0	1	295	1	295	0.0	579
24P1R3A1_09118	24P1R3A1_09118	100.000	293	0	0	1	293	1	293	0.0	582
24P1R3A1_09119	24P1R3A1_09119	100.000	221	0	0	1	221	1	221	3.78e-159	439
24P1R3A1_09120	24P1R3A1_09120	100.000	107	0	0	1	107	1	107	9.67e-72	208
24P1R3A1_09121	24P1R3A1_09121	100.000	260	0	0	1	260	1	260	0.0	536
24P1R3A1_09121	32P3R2A9_06468	100.000	55	0	0	206	260	1	55	3.11e-33	115
24P1R3A1_09122	24P1R3A1_09122	100.000	58	0	0	1	58	1	58	1.22e-34	111
24P1R3A1_09123	24P1R3A1_09123	100.000	176	0	0	1	176	1	176	5.14e-126	351
24P1R3A1_09124	24P1R3A1_09124	100.000	234	0	0	1	234	1	234	2.22e-171	471
24P1R3A1_09125	24P1R3A1_09125	100.000	328	0	0	1	328	1	328	0.0	659
24P1R3A1_09126	24P1R3A1_09126	100.000	290	0	0	1	290	1	290	0.0	598
24P1R3A1_09127	24P1R3A1_09127	100.000	285	0	0	1	285	1	285	0.0	595
24P1R3A1_09128	24P1R3A1_09128	100.000	70	0	0	1	70	1	70	8.01e-47	142
24P1R3A1_09129	24P1R3A1_09129	100.000	186	0	0	1	186	1	186	5.71e-137	380
24P1R3A1_09130	24P1R3A1_09130	100.000	131	0	0	1	131	1	131	4.52e-86	246
24P1R3A1_09130	32P3R2A9_06108	96.800	125	4	0	1	125	91	215	7.36e-80	234
24P1R3A1_09131	24P1R3A1_09131	100.000	254	0	0	1	254	1	254	0.0	521
24P1R3A1_09131	32P3R2A9_06107	100.000	51	0	0	204	254	1	51	2.72e-29	104
24P1R3A1_09132	24P1R3A1_09132	100.000	322	0	0	1	322	1	322	0.0	637
24P1R3A1_09133	24P1R3A1_09133	100.000	100	0	0	1	100	1	100	1.08e-71	208
24P1R3A1_09133	32P3R2A9_06299	99.000	100	1	0	1	100	135	234	9.84e-70	207
24P1R3A1_09134	24P1R3A1_09134	100.000	266	0	0	1	266	1	266	0.0	558
24P1R3A1_09135	24P1R3A1_09135	100.000	186	0	0	1	186	1	186	1.16e-139	387
24P1R3A1_09136	24P1R3A1_09136	100.000	392	0	0	1	392	1	392	0.0	786
24P1R3A1_09137	24P1R3A1_09137	100.000	226	0	0	1	226	1	226	2.09e-167	460
24P1R3A1_09138	24P1R3A1_09138	100.000	122	0	0	1	122	1	122	1.19e-87	250
24P1R3A1_09138	32P3R2A9_05965	99.180	122	1	0	1	122	124	245	1.02e-85	249
24P1R3A1_09139	24P1R3A1_09139	100.000	147	0	0	1	147	1	147	2.14e-103	291
24P1R3A1_09140	24P1R3A1_09140	100.000	222	0	0	1	222	1	222	8.28e-163	448
24P1R3A1_09140	32P3R2A9_05940	97.403	77	2	0	146	222	1	77	1.50e-47	151
24P1R3A1_09141	24P1R3A1_09141	100.000	168	0	0	1	168	1	168	1.58e-122	342
24P1R3A1_09142	24P1R3A1_09142	100.000	102	0	0	1	102	1	102	1.69e-70	205
24P1R3A1_09143	24P1R3A1_09143	100.000	348	0	0	1	348	1	348	0.0	707
24P1R3A1_09144	24P1R3A1_09144	100.000	337	0	0	1	337	1	337	0.0	694
24P1R3A1_09144	32P3R2A9_06346	96.736	337	11	0	1	337	1	337	0.0	674
24P1R3A1_09145	24P1R3A1_09145	100.000	82	0	0	1	82	1	82	1.63e-54	163
24P1R3A1_09146	24P1R3A1_09146	100.000	406	0	0	1	406	1	406	0.0	848
24P1R3A1_09147	24P1R3A1_09147	100.000	96	0	0	1	96	1	96	7.55e-69	200
24P1R3A1_09147	32P3R2A9_06248	95.833	96	4	0	1	96	1	96	1.47e-66	194
24P1R3A1_09148	24P1R3A1_09148	100.000	136	0	0	1	136	1	136	2.62e-94	268
24P1R3A1_09149	24P1R3A1_09149	100.000	90	0	0	1	90	1	90	6.84e-63	185
24P1R3A1_09150	24P1R3A1_09150	100.000	135	0	0	1	135	1	135	1.23e-94	268
24P1R3A1_09151	24P1R3A1_09151	100.000	193	0	0	1	193	1	193	3.77e-141	391
24P1R3A1_09151	32P3R2A9_07071	96.891	193	6	0	1	193	180	372	3.60e-133	377
24P1R3A1_09152	24P1R3A1_09152	100.000	91	0	0	1	91	1	91	2.04e-62	184
24P1R3A1_09152	32P3R2A9_06754	95.604	91	4	0	1	91	96	186	2.44e-51	159
24P1R3A1_09153	24P1R3A1_09153	100.000	118	0	0	1	118	1	118	3.58e-82	236
24P1R3A1_09154	24P1R3A1_09154	100.000	192	0	0	1	192	1	192	4.33e-137	380
24P1R3A1_09154	32P3R2A9_05666	95.833	192	8	0	1	192	236	427	6.36e-131	374
24P1R3A1_09155	24P1R3A1_09155	100.000	107	0	0	1	107	1	107	5.55e-74	214
24P1R3A1_09155	32P3R2A9_05015	97.196	107	3	0	1	107	106	212	9.38e-72	212
24P1R3A1_09156	24P1R3A1_09156	100.000	338	0	0	1	338	1	338	0.0	697
24P1R3A1_09157	24P1R3A1_09157	100.000	127	0	0	1	127	1	127	6.61e-87	248
24P1R3A1_09158	24P1R3A1_09158	100.000	183	0	0	1	183	1	183	1.25e-133	371
24P1R3A1_09159	24P1R3A1_09159	100.000	94	0	0	1	94	1	94	1.86e-64	189
24P1R3A1_09160	24P1R3A1_09160	100.000	182	0	0	1	182	1	182	2.75e-135	375
24P1R3A1_09161	24P1R3A1_09161	100.000	101	0	0	1	101	1	101	4.23e-69	201
24P1R3A1_09162	24P1R3A1_09162	100.000	276	0	0	1	276	1	276	0.0	564
24P1R3A1_09163	24P1R3A1_09163	100.000	402	0	0	1	402	1	402	0.0	796
24P1R3A1_09163	32P3R2A9_05584	98.259	402	7	0	1	402	27	428	0.0	787
24P1R3A1_09164	24P1R3A1_09164	100.000	316	0	0	1	316	1	316	0.0	654
24P1R3A1_09165	24P1R3A1_09165	100.000	116	0	0	1	116	1	116	7.15e-84	240
24P1R3A1_09166	24P1R3A1_09166	100.000	326	0	0	1	326	1	326	0.0	676
24P1R3A1_09167	24P1R3A1_09167	100.000	150	0	0	1	150	1	150	3.66e-106	299
24P1R3A1_09168	24P1R3A1_09168	100.000	104	0	0	1	104	1	104	3.71e-73	212
24P1R3A1_09168	32P3R2A9_07581	99.038	104	1	0	1	104	126	229	1.15e-71	213
24P1R3A1_09169	24P1R3A1_09169	100.000	133	0	0	1	133	1	133	1.26e-94	268
24P1R3A1_09169	32P3R2A9_06483	96.241	133	5	0	1	133	116	248	1.78e-90	262
24P1R3A1_09170	24P1R3A1_09170	100.000	183	0	0	1	183	1	183	6.29e-127	354
24P1R3A1_09171	24P1R3A1_09171	100.000	326	0	0	1	326	1	326	0.0	676
24P1R3A1_09172	24P1R3A1_09172	100.000	55	0	0	1	55	1	55	1.10e-35	114
24P1R3A1_09173	24P1R3A1_09173	100.000	265	0	0	1	265	1	265	0.0	520
24P1R3A1_09174	24P1R3A1_09174	100.000	333	0	0	1	333	1	333	0.0	687
24P1R3A1_09175	24P1R3A1_09175	100.000	202	0	0	1	202	1	202	1.71e-146	405
24P1R3A1_09175	32P3R2A9_05512	99.505	202	1	0	1	202	271	472	2.98e-140	399
24P1R3A1_09176	24P1R3A1_09176	100.000	193	0	0	1	193	1	193	6.46e-141	390
24P1R3A1_09176	32P3R2A9_05511	97.927	193	4	0	1	193	152	344	1.50e-137	387
24P1R3A1_09177	24P1R3A1_09177	100.000	310	0	0	1	310	1	310	0.0	630
24P1R3A1_09178	24P1R3A1_09178	100.000	104	0	0	1	104	1	104	6.09e-72	209
24P1R3A1_09179	24P1R3A1_09179	100.000	291	0	0	1	291	1	291	0.0	607
24P1R3A1_09180	24P1R3A1_09180	100.000	226	0	0	1	226	1	226	4.83e-171	469
24P1R3A1_09180	32P3R2A9_06643	98.230	226	4	0	1	226	142	367	1.37e-166	463
24P1R3A1_09181	24P1R3A1_09181	100.000	56	0	0	1	56	1	56	2.13e-31	103
24P1R3A1_09181	32P3R2A9_06757	96.429	56	2	0	1	56	214	269	6.29e-29	102
24P1R3A1_09183	24P1R3A1_09183	100.000	137	0	0	1	137	1	137	6.50e-94	267
24P1R3A1_09184	24P1R3A1_09184	100.000	81	0	0	1	81	1	81	2.10e-52	157
24P1R3A1_09186	24P1R3A1_09186	100.000	172	0	0	1	172	1	172	1.94e-127	354
24P1R3A1_09187	24P1R3A1_09187	100.000	141	0	0	1	141	1	141	3.19e-100	283
24P1R3A1_09188	24P1R3A1_09188	100.000	178	0	0	1	178	1	178	1.41e-124	348
24P1R3A1_09189	24P1R3A1_09189	100.000	212	0	0	1	212	1	212	1.82e-155	429
24P1R3A1_09189	32P3R2A9_05356	100.000	69	0	0	144	212	1	69	1.48e-42	137
24P1R3A1_09190	24P1R3A1_09190	100.000	153	0	0	1	153	1	153	1.04e-108	305
24P1R3A1_09191	24P1R3A1_09191	100.000	262	0	0	1	262	1	262	0.0	545
24P1R3A1_09192	24P1R3A1_09192	100.000	106	0	0	1	106	1	106	9.23e-74	213
24P1R3A1_09193	24P1R3A1_09193	100.000	69	0	0	1	69	1	69	5.66e-45	138
24P1R3A1_09194	24P1R3A1_09194	100.000	76	0	0	1	76	1	76	2.16e-46	142
24P1R3A1_09195	24P1R3A1_09195	100.000	224	0	0	1	224	1	224	1.91e-168	462
24P1R3A1_09196	24P1R3A1_09196	100.000	79	0	0	1	79	1	79	1.02e-54	163
24P1R3A1_09197	24P1R3A1_09197	100.000	351	0	0	1	351	1	351	0.0	730
24P1R3A1_09198	24P1R3A1_09198	100.000	277	0	0	1	277	1	277	0.0	577
24P1R3A1_09199	24P1R3A1_09199	100.000	288	0	0	1	288	1	288	0.0	597
24P1R3A1_09200	24P1R3A1_09200	100.000	103	0	0	1	103	1	103	4.20e-73	211
24P1R3A1_09201	24P1R3A1_09201	100.000	50	0	0	1	50	1	50	1.54e-29	97.8
24P1R3A1_09202	24P1R3A1_09202	100.000	66	0	0	1	66	1	66	1.03e-42	132
24P1R3A1_09203	24P1R3A1_09203	100.000	214	0	0	1	214	1	214	2.69e-164	451
24P1R3A1_09204	24P1R3A1_09204	100.000	49	0	0	1	49	1	49	3.97e-30	99.4
24P1R3A1_09205	24P1R3A1_09205	100.000	216	0	0	1	216	1	216	5.48e-159	438
24P1R3A1_09206	24P1R3A1_09206	100.000	272	0	0	1	272	1	272	0.0	559
24P1R3A1_09207	24P1R3A1_09207	100.000	146	0	0	1	146	1	146	1.47e-108	305
24P1R3A1_09207	32P3R2A9_06581	95.862	145	6	0	1	145	91	235	3.49e-103	295
24P1R3A1_09208	24P1R3A1_09208	100.000	91	0	0	1	91	1	91	8.43e-65	189
24P1R3A1_09208	32P3R2A9_06580	97.802	91	2	0	1	91	1	91	4.94e-64	187
24P1R3A1_09209	24P1R3A1_09209	100.000	79	0	0	1	79	1	79	8.39e-52	156
24P1R3A1_09210	24P1R3A1_09210	100.000	157	0	0	1	157	1	157	1.75e-114	320
24P1R3A1_09211	24P1R3A1_09211	100.000	93	0	0	1	93	1	93	4.72e-65	191
24P1R3A1_09212	24P1R3A1_09212	100.000	117	0	0	1	117	1	117	3.34e-84	241
24P1R3A1_09213	24P1R3A1_09213	100.000	75	0	0	1	75	1	75	5.43e-51	154
24P1R3A1_09214	24P1R3A1_09214	100.000	125	0	0	1	125	1	125	8.50e-89	253
24P1R3A1_09215	24P1R3A1_09215	100.000	138	0	0	1	138	1	138	6.67e-101	285
24P1R3A1_09216	24P1R3A1_09216	100.000	105	0	0	1	105	1	105	5.12e-74	214
24P1R3A1_09217	24P1R3A1_09217	100.000	196	0	0	1	196	1	196	2.09e-138	384
24P1R3A1_09217	32P3R2A9_06774	98.469	196	3	0	1	196	180	375	1.96e-135	384
24P1R3A1_09218	24P1R3A1_09218	100.000	167	0	0	1	167	1	167	4.74e-120	335
24P1R3A1_09219	24P1R3A1_09219	100.000	200	0	0	1	200	1	200	2.11e-147	407
24P1R3A1_09220	24P1R3A1_09220	100.000	121	0	0	1	121	1	121	1.13e-85	245
24P1R3A1_09221	24P1R3A1_09221	100.000	119	0	0	1	119	1	119	8.38e-87	248
24P1R3A1_09222	24P1R3A1_09222	100.000	304	0	0	1	304	1	304	0.0	605
24P1R3A1_09222	51P2R2A10_05275	95.402	87	4	0	218	304	1	87	4.75e-54	171
24P1R3A1_09223	24P1R3A1_09223	100.000	169	0	0	1	169	1	169	2.71e-120	336
24P1R3A1_09223	32P3R2A9_06657	97.041	169	5	0	1	169	1	169	2.52e-117	328
24P1R3A1_09224	24P1R3A1_09224	100.000	64	0	0	1	64	1	64	1.58e-41	129
24P1R3A1_09225	24P1R3A1_09225	100.000	161	0	0	1	161	1	161	4.01e-114	320
24P1R3A1_09226	24P1R3A1_09226	100.000	153	0	0	1	153	1	153	1.53e-112	315
24P1R3A1_09226	32P3R2A9_06976	96.078	153	6	0	1	153	1	153	6.35e-108	303
24P1R3A1_09227	24P1R3A1_09227	100.000	94	0	0	1	94	1	94	1.82e-66	194
24P1R3A1_09227	32P3R2A9_06975	98.936	94	1	0	1	94	174	267	6.10e-64	194
24P1R3A1_09228	24P1R3A1_09228	100.000	78	0	0	1	78	1	78	1.74e-52	157
24P1R3A1_09228	32P3R2A9_07291	96.154	78	3	0	1	78	1	78	5.85e-50	151
24P1R3A1_09229	24P1R3A1_09229	100.000	286	0	0	1	286	1	286	0.0	584
24P1R3A1_09229	32P3R2A9_07292	97.552	286	6	1	1	286	23	307	0.0	566
24P1R3A1_09230	24P1R3A1_09230	100.000	205	0	0	1	205	1	205	8.88e-146	404
24P1R3A1_09231	24P1R3A1_09231	100.000	31	0	0	1	31	1	31	3.81e-15	60.5
24P1R3A1_09232	24P1R3A1_09232	100.000	164	0	0	1	164	1	164	4.13e-119	333
24P1R3A1_09233	24P1R3A1_09233	100.000	196	0	0	1	196	1	196	8.82e-144	398
24P1R3A1_09234	24P1R3A1_09234	100.000	76	0	0	1	76	1	76	3.07e-52	157
24P1R3A1_09235	24P1R3A1_09235	100.000	186	0	0	1	186	1	186	4.43e-138	382
24P1R3A1_09236	24P1R3A1_09236	100.000	137	0	0	1	137	1	137	5.22e-99	280
24P1R3A1_09236	32P3R2A9_05837	95.620	137	6	0	1	137	69	205	2.98e-95	273
24P1R3A1_09237	24P1R3A1_09237	100.000	84	0	0	1	84	1	84	1.35e-57	171
24P1R3A1_09238	24P1R3A1_09238	100.000	258	0	0	1	258	1	258	0.0	527
24P1R3A1_09239	24P1R3A1_09239	100.000	153	0	0	1	153	1	153	8.18e-108	303
24P1R3A1_09240	24P1R3A1_09240	100.000	108	0	0	1	108	1	108	3.41e-75	217
24P1R3A1_09241	24P1R3A1_09241	100.000	214	0	0	1	214	1	214	1.21e-159	439
24P1R3A1_09241	32P3R2A9_05632	95.327	214	10	0	1	214	67	280	2.19e-141	396
24P1R3A1_09242	24P1R3A1_09242	100.000	83	0	0	1	83	1	83	2.22e-49	150
24P1R3A1_09242	32P3R2A9_05631	97.590	83	2	0	1	83	1	83	2.40e-48	147
24P1R3A1_09243	24P1R3A1_09243	100.000	195	0	0	1	195	1	195	1.16e-131	367
24P1R3A1_09244	24P1R3A1_09244	100.000	242	0	0	1	242	1	242	6.14e-177	485
24P1R3A1_09245	24P1R3A1_09245	100.000	124	0	0	1	124	1	124	1.68e-88	252
24P1R3A1_09246	24P1R3A1_09246	100.000	218	0	0	1	218	1	218	3.62e-165	454
24P1R3A1_09247	24P1R3A1_09247	100.000	90	0	0	1	90	1	90	1.12e-59	177
24P1R3A1_09248	24P1R3A1_09248	100.000	188	0	0	1	188	1	188	5.83e-138	382
24P1R3A1_09249	24P1R3A1_09249	100.000	146	0	0	1	146	1	146	3.87e-103	291
24P1R3A1_09249	32P3R2A9_06452	95.890	146	6	0	1	146	1	146	1.17e-98	280
24P1R3A1_09250	24P1R3A1_09250	100.000	143	0	0	1	143	1	143	1.13e-100	285
24P1R3A1_09251	24P1R3A1_09251	100.000	74	0	0	1	74	1	74	4.20e-48	146
24P1R3A1_09252	24P1R3A1_09252	100.000	356	0	0	1	356	1	356	0.0	728
24P1R3A1_09253	24P1R3A1_09253	100.000	190	0	0	1	190	1	190	1.43e-130	364
24P1R3A1_09253	32P3R2A9_05968	98.421	190	3	0	1	190	166	355	1.65e-127	362
24P1R3A1_09254	24P1R3A1_09254	100.000	97	0	0	1	97	1	97	5.73e-65	191
24P1R3A1_09255	24P1R3A1_09255	100.000	334	0	0	1	334	1	334	0.0	690
24P1R3A1_09256	24P1R3A1_09256	100.000	240	0	0	1	240	1	240	8.20e-173	475
24P1R3A1_09257	24P1R3A1_09257	100.000	175	0	0	1	175	1	175	5.15e-125	348
24P1R3A1_09258	24P1R3A1_09258	100.000	124	0	0	1	124	1	124	2.33e-86	247
24P1R3A1_09259	24P1R3A1_09259	100.000	174	0	0	1	174	1	174	1.42e-129	360
24P1R3A1_09260	24P1R3A1_09260	100.000	101	0	0	1	101	1	101	5.78e-71	206
24P1R3A1_09261	24P1R3A1_09261	100.000	270	0	0	1	270	1	270	0.0	553
24P1R3A1_09262	24P1R3A1_09262	100.000	337	0	0	1	337	1	337	0.0	688
24P1R3A1_09263	24P1R3A1_09263	100.000	202	0	0	1	202	1	202	1.68e-151	418
24P1R3A1_09264	24P1R3A1_09264	100.000	58	0	0	1	58	1	58	1.19e-37	119
24P1R3A1_09265	24P1R3A1_09265	100.000	50	0	0	1	50	1	50	3.42e-29	97.1
24P1R3A1_09266	24P1R3A1_09266	100.000	181	0	0	1	181	1	181	4.32e-135	374
24P1R3A1_09267	24P1R3A1_09267	100.000	177	0	0	1	177	1	177	1.94e-125	350
24P1R3A1_09267	32P3R2A9_05893	96.610	177	6	0	1	177	120	296	5.09e-118	335
24P1R3A1_09268	24P1R3A1_09268	100.000	170	0	0	1	170	1	170	1.23e-123	345
24P1R3A1_09269	24P1R3A1_09269	100.000	107	0	0	1	107	1	107	8.13e-75	216
24P1R3A1_09270	24P1R3A1_09270	100.000	84	0	0	1	84	1	84	3.26e-54	162
24P1R3A1_09270	32P3R2A9_07060	95.238	84	4	0	1	84	1	84	1.31e-43	135
24P1R3A1_09271	24P1R3A1_09271	100.000	185	0	0	1	185	1	185	2.89e-138	383
24P1R3A1_09271	32P3R2A9_07241	97.297	185	5	0	1	185	1	185	2.63e-135	375
24P1R3A1_09272	24P1R3A1_09272	100.000	115	0	0	1	115	1	115	2.09e-81	233
24P1R3A1_09273	24P1R3A1_09273	100.000	178	0	0	1	178	1	178	1.51e-130	363
24P1R3A1_09274	24P1R3A1_09274	100.000	182	0	0	1	182	1	182	1.31e-134	374
24P1R3A1_09275	24P1R3A1_09275	100.000	270	0	0	1	270	1	270	0.0	550
24P1R3A1_09276	24P1R3A1_09276	100.000	80	0	0	1	80	1	80	5.13e-53	159
24P1R3A1_09276	32P3R2A9_05621	96.154	78	3	0	1	78	60	137	3.45e-49	151
24P1R3A1_09277	24P1R3A1_09277	100.000	141	0	0	1	141	1	141	8.69e-103	290
24P1R3A1_09278	24P1R3A1_09278	100.000	78	0	0	1	78	1	78	4.96e-50	151
24P1R3A1_09279	24P1R3A1_09279	100.000	121	0	0	1	121	1	121	6.72e-86	245
24P1R3A1_09280	24P1R3A1_09280	100.000	154	0	0	1	154	1	154	3.52e-111	312
24P1R3A1_09281	24P1R3A1_09281	100.000	188	0	0	1	188	1	188	2.60e-136	378
24P1R3A1_09282	24P1R3A1_09282	100.000	50	0	0	1	50	1	50	9.41e-29	95.9
24P1R3A1_09283	24P1R3A1_09283	100.000	355	0	0	1	355	1	355	0.0	725
24P1R3A1_09283	32P3R2A9_05643	95.775	355	15	0	1	355	66	420	0.0	694
24P1R3A1_09285	24P1R3A1_09285	100.000	289	0	0	1	289	1	289	0.0	575
24P1R3A1_09287	24P1R3A1_09287	100.000	60	0	0	1	60	1	60	1.90e-38	121
24P1R3A1_09288	24P1R3A1_09288	100.000	149	0	0	1	149	1	149	8.36e-110	308
24P1R3A1_09289	24P1R3A1_09289	100.000	352	0	0	1	352	1	352	0.0	723
24P1R3A1_09290	24P1R3A1_09290	100.000	274	0	0	1	274	1	274	0.0	558
24P1R3A1_09291	24P1R3A1_09291	100.000	332	0	0	1	332	1	332	0.0	651
24P1R3A1_09292	24P1R3A1_09292	100.000	161	0	0	1	161	1	161	2.56e-118	330
24P1R3A1_09293	24P1R3A1_09293	100.000	151	0	0	1	151	1	151	4.03e-107	301
24P1R3A1_09294	24P1R3A1_09294	100.000	56	0	0	1	56	1	56	4.22e-35	112
24P1R3A1_09295	24P1R3A1_09295	100.000	286	0	0	1	286	1	286	0.0	562
24P1R3A1_09295	32P3R2A9_05133	96.759	216	7	0	71	286	1	216	7.33e-149	415
24P1R3A1_09296	24P1R3A1_09296	100.000	196	0	0	1	196	1	196	3.15e-143	396
24P1R3A1_09296	32P3R2A9_06851	95.408	196	9	0	1	196	80	275	3.46e-135	379
24P1R3A1_09297	24P1R3A1_09297	100.000	129	0	0	1	129	1	129	3.78e-93	264
24P1R3A1_09297	32P3R2A9_06852	97.674	129	3	0	1	129	1	129	1.95e-91	260
24P1R3A1_09298	24P1R3A1_09298	100.000	150	0	0	1	150	1	150	1.07e-106	300
24P1R3A1_09299	24P1R3A1_09299	100.000	158	0	0	1	158	1	158	1.69e-114	320
24P1R3A1_09300	24P1R3A1_09300	100.000	148	0	0	1	148	1	148	1.10e-103	292
24P1R3A1_09301	24P1R3A1_09301	100.000	224	0	0	1	224	1	224	1.28e-158	437
24P1R3A1_09303	24P1R3A1_09303	100.000	98	0	0	1	98	1	98	1.04e-68	200
24P1R3A1_09304	24P1R3A1_09304	100.000	241	0	0	1	241	1	241	3.27e-180	493
24P1R3A1_09305	24P1R3A1_09305	100.000	57	0	0	1	57	1	57	1.81e-33	108
24P1R3A1_09306	24P1R3A1_09306	100.000	71	0	0	1	71	1	71	1.02e-44	137
24P1R3A1_09307	24P1R3A1_09307	100.000	132	0	0	1	132	1	132	7.89e-91	259
24P1R3A1_09308	24P1R3A1_09308	100.000	136	0	0	1	136	1	136	2.19e-100	283
24P1R3A1_09309	24P1R3A1_09309	100.000	206	0	0	1	206	1	206	4.85e-153	422
24P1R3A1_09309	32P3R2A9_06896	96.602	206	7	0	1	206	1	206	1.06e-148	411
24P1R3A1_09310	24P1R3A1_09310	100.000	118	0	0	1	118	1	118	1.59e-85	244
24P1R3A1_09311	24P1R3A1_09311	100.000	157	0	0	1	157	1	157	1.12e-115	323
24P1R3A1_09312	24P1R3A1_09312	100.000	60	0	0	1	60	1	60	1.42e-38	121
24P1R3A1_09313	24P1R3A1_09313	100.000	229	0	0	1	229	1	229	8.33e-174	476
24P1R3A1_09313	32P3R2A9_05972	98.253	229	4	0	1	229	65	293	5.59e-170	469
24P1R3A1_09314	24P1R3A1_09314	100.000	187	0	0	1	187	1	187	6.77e-134	372
24P1R3A1_09315	24P1R3A1_09315	100.000	69	0	0	1	69	1	69	4.72e-46	140
24P1R3A1_09315	32P3R2A9_06986	100.000	69	0	0	1	69	408	476	1.13e-42	143
24P1R3A1_09316	24P1R3A1_09316	100.000	187	0	0	1	187	1	187	3.49e-137	380
24P1R3A1_09317	24P1R3A1_09317	100.000	176	0	0	1	176	1	176	5.04e-130	361
24P1R3A1_09318	24P1R3A1_09318	100.000	159	0	0	1	159	1	159	1.08e-112	316
24P1R3A1_09319	24P1R3A1_09319	100.000	95	0	0	1	95	1	95	1.08e-65	192
24P1R3A1_09319	32P3R2A9_07056	97.895	95	2	0	1	95	1	95	1.85e-64	189
24P1R3A1_09320	24P1R3A1_09320	100.000	359	0	0	1	359	1	359	0.0	725
24P1R3A1_09321	24P1R3A1_09321	100.000	177	0	0	1	177	1	177	4.68e-129	359
24P1R3A1_09322	24P1R3A1_09322	100.000	158	0	0	1	158	1	158	1.12e-115	323
24P1R3A1_09323	24P1R3A1_09323	100.000	160	0	0	1	160	1	160	7.43e-113	317
24P1R3A1_09324	24P1R3A1_09324	100.000	188	0	0	1	188	1	188	4.81e-135	375
24P1R3A1_09325	24P1R3A1_09325	100.000	123	0	0	1	123	1	123	2.18e-87	249
24P1R3A1_09326	24P1R3A1_09326	100.000	56	0	0	1	56	1	56	3.30e-31	102
24P1R3A1_09327	24P1R3A1_09327	100.000	92	0	0	1	92	1	92	1.66e-63	186
24P1R3A1_09327	32P3R2A9_06196	97.826	92	2	0	1	92	178	269	1.17e-60	185
24P1R3A1_09328	24P1R3A1_09328	100.000	63	0	0	1	63	1	63	2.03e-40	126
24P1R3A1_09329	24P1R3A1_09329	100.000	289	0	0	1	289	1	289	0.0	606
24P1R3A1_09330	24P1R3A1_09330	100.000	201	0	0	1	201	1	201	6.55e-151	416
24P1R3A1_09331	24P1R3A1_09331	100.000	88	0	0	1	88	1	88	1.44e-59	176
24P1R3A1_09332	24P1R3A1_09332	100.000	101	0	0	1	101	1	101	1.62e-70	205
24P1R3A1_09333	24P1R3A1_09333	100.000	342	0	0	1	342	1	342	0.0	688
24P1R3A1_09333	32P3R2A9_06104	96.199	342	13	0	1	342	18	359	0.0	665
24P1R3A1_09334	24P1R3A1_09334	100.000	156	0	0	1	156	1	156	6.72e-116	324
24P1R3A1_09335	24P1R3A1_09335	100.000	111	0	0	1	111	1	111	4.52e-80	230
24P1R3A1_09336	24P1R3A1_09336	100.000	144	0	0	1	144	1	144	3.81e-106	298
24P1R3A1_09337	24P1R3A1_09337	100.000	87	0	0	1	87	1	87	3.71e-57	170
24P1R3A1_09338	24P1R3A1_09338	100.000	132	0	0	1	132	1	132	5.73e-96	271
24P1R3A1_09339	24P1R3A1_09339	100.000	209	0	0	1	209	1	209	2.54e-154	426
24P1R3A1_09339	32P3R2A9_06526	97.129	209	6	0	1	209	1	209	5.88e-150	414
24P1R3A1_09340	24P1R3A1_09340	100.000	232	0	0	1	232	1	232	1.96e-166	458
24P1R3A1_09340	32P3R2A9_05178	98.696	230	3	0	1	230	223	452	7.72e-161	452
24P1R3A1_09341	24P1R3A1_09341	100.000	137	0	0	1	137	1	137	2.38e-101	286
24P1R3A1_09341	32P3R2A9_05447	95.620	137	6	0	1	137	1	137	3.10e-97	275
24P1R3A1_09343	24P1R3A1_09343	100.000	112	0	0	1	112	1	112	1.65e-79	228
24P1R3A1_09343	24P1R3A1_05531	96.429	112	4	0	1	112	1	112	8.20e-78	224
24P1R3A1_09343	27P2R2A12_03894	95.122	41	2	0	72	112	1	41	1.59e-20	77.8
24P1R3A1_09344	24P1R3A1_09344	100.000	143	0	0	1	143	1	143	4.89e-104	293
24P1R3A1_09345	24P1R3A1_09345	100.000	105	0	0	1	105	1	105	3.85e-74	214
24P1R3A1_09346	24P1R3A1_09346	100.000	244	0	0	1	244	1	244	0.0	497
24P1R3A1_09347	24P1R3A1_09347	100.000	176	0	0	1	176	1	176	8.14e-132	366
24P1R3A1_09348	24P1R3A1_09348	100.000	74	0	0	1	74	1	74	2.23e-50	152
24P1R3A1_09349	24P1R3A1_09349	100.000	254	0	0	1	254	1	254	0.0	499
24P1R3A1_09350	24P1R3A1_09350	100.000	198	0	0	1	198	1	198	2.25e-140	389
24P1R3A1_09351	24P1R3A1_09351	100.000	160	0	0	1	160	1	160	1.33e-117	328
24P1R3A1_09352	24P1R3A1_09352	100.000	184	0	0	1	184	1	184	1.36e-136	379
24P1R3A1_09352	32P3R2A9_06041	95.652	184	8	0	1	184	11	194	2.36e-131	366
24P1R3A1_09354	24P1R3A1_09354	100.000	185	0	0	1	185	1	185	6.31e-137	379
24P1R3A1_09355	24P1R3A1_09355	100.000	80	0	0	1	80	1	80	2.85e-54	162
24P1R3A1_09355	15P1R1A16_05123	100.000	80	0	0	1	80	45	124	7.70e-54	162
24P1R3A1_09355	14P1R2A4_04952	100.000	80	0	0	1	80	171	250	5.11e-52	162
24P1R3A1_09355	19P1R1A6_04724	100.000	80	0	0	1	80	182	261	7.34e-52	162
24P1R3A1_09355	43P2R2A2_05550	100.000	80	0	0	1	80	197	276	8.35e-52	162
24P1R3A1_09355	21P1R1A8_04616	100.000	80	0	0	1	80	236	315	2.35e-51	162
24P1R3A1_09355	22P1R2A3_04614	100.000	80	0	0	1	80	236	315	2.43e-51	162
24P1R3A1_09355	24P1R3A1_08551	100.000	80	0	0	1	80	232	311	2.44e-51	162
24P1R3A1_09355	22P1R2A3_04610	100.000	80	0	0	1	80	258	337	4.28e-51	162
24P1R3A1_09355	11P3R3A1_03794	100.000	80	0	0	1	80	274	353	6.21e-51	162
24P1R3A1_09355	20P1R1A7_04605	100.000	80	0	0	1	80	274	353	9.14e-51	162
24P1R3A1_09355	16_1P2R1A8-1_04324	97.500	80	2	0	1	80	274	353	8.13e-50	159
24P1R3A1_09357	24P1R3A1_09357	100.000	232	0	0	1	232	1	232	4.60e-175	480
24P1R3A1_09358	24P1R3A1_09358	100.000	281	0	0	1	281	1	281	0.0	578
24P1R3A1_09359	24P1R3A1_09359	100.000	123	0	0	1	123	1	123	2.59e-84	241
24P1R3A1_09359	32P3R2A9_05164	97.938	97	2	0	27	123	1	97	1.70e-63	188
24P1R3A1_09360	24P1R3A1_09360	100.000	85	0	0	1	85	1	85	2.02e-57	171
24P1R3A1_09361	24P1R3A1_09361	100.000	138	0	0	1	138	1	138	1.31e-97	276
24P1R3A1_09361	32P3R2A9_06273	97.826	138	3	0	1	138	1	138	1.08e-95	271
24P1R3A1_09362	24P1R3A1_09362	100.000	82	0	0	1	82	1	82	1.86e-57	171
24P1R3A1_09363	24P1R3A1_09363	100.000	131	0	0	1	131	1	131	9.84e-91	258
24P1R3A1_09364	24P1R3A1_09364	100.000	146	0	0	1	146	1	146	1.99e-107	302
24P1R3A1_09364	32P3R2A9_06308	100.000	110	0	0	37	146	1	110	2.00e-79	229
24P1R3A1_09365	24P1R3A1_09365	100.000	312	0	0	1	312	1	312	0.0	634
24P1R3A1_09366	24P1R3A1_09366	100.000	117	0	0	1	117	1	117	1.07e-82	237
24P1R3A1_09367	24P1R3A1_09367	100.000	98	0	0	1	98	1	98	4.25e-68	199
24P1R3A1_09368	24P1R3A1_09368	100.000	197	0	0	1	197	1	197	3.35e-145	401
24P1R3A1_09369	24P1R3A1_09369	100.000	100	0	0	1	100	1	100	3.63e-70	204
24P1R3A1_09370	24P1R3A1_09370	100.000	168	0	0	1	168	1	168	4.01e-121	338
24P1R3A1_09371	24P1R3A1_09371	100.000	145	0	0	1	145	1	145	3.05e-103	291
24P1R3A1_09372	24P1R3A1_09372	100.000	128	0	0	1	128	1	128	9.77e-92	261
24P1R3A1_09373	24P1R3A1_09373	100.000	115	0	0	1	115	1	115	3.21e-81	233
24P1R3A1_09374	24P1R3A1_09374	100.000	230	0	0	1	230	1	230	7.42e-171	469
24P1R3A1_09375	24P1R3A1_09375	100.000	36	0	0	1	36	1	36	1.35e-19	72.0
24P1R3A1_09377	24P1R3A1_09377	100.000	209	0	0	1	209	1	209	1.52e-153	424
24P1R3A1_09378	24P1R3A1_09378	100.000	58	0	0	1	58	1	58	6.56e-38	119
24P1R3A1_09379	24P1R3A1_09379	100.000	160	0	0	1	160	1	160	2.98e-119	333
24P1R3A1_09380	24P1R3A1_09380	100.000	72	0	0	1	72	1	72	6.85e-47	143
24P1R3A1_09381	24P1R3A1_09381	100.000	87	0	0	1	87	1	87	1.23e-58	174
24P1R3A1_09382	24P1R3A1_09382	100.000	86	0	0	1	86	1	86	1.74e-61	181
24P1R3A1_09383	24P1R3A1_09383	100.000	292	0	0	1	292	1	292	0.0	607
24P1R3A1_09384	24P1R3A1_09384	100.000	113	0	0	1	113	1	113	5.79e-80	229
24P1R3A1_09385	24P1R3A1_09385	100.000	84	0	0	1	84	1	84	5.77e-57	169
24P1R3A1_09386	24P1R3A1_09386	100.000	123	0	0	1	123	1	123	9.22e-85	243
24P1R3A1_09387	24P1R3A1_09387	100.000	194	0	0	1	194	1	194	6.51e-136	378
24P1R3A1_09388	24P1R3A1_09388	100.000	204	0	0	1	204	1	204	6.54e-145	401
24P1R3A1_09388	32P3R2A9_05826	98.529	204	3	0	1	204	190	393	1.01e-142	403
24P1R3A1_09389	24P1R3A1_09389	100.000	131	0	0	1	131	1	131	7.32e-95	269
24P1R3A1_09390	24P1R3A1_09390	100.000	33	0	0	1	33	1	33	8.77e-19	69.7
24P1R3A1_09391	24P1R3A1_09391	100.000	144	0	0	1	144	1	144	9.64e-104	292
24P1R3A1_09392	24P1R3A1_09392	100.000	151	0	0	1	151	1	151	6.65e-113	316
24P1R3A1_09393	24P1R3A1_09393	100.000	145	0	0	1	145	1	145	1.55e-105	297
24P1R3A1_09395	24P1R3A1_09395	100.000	240	0	0	1	240	1	240	1.95e-172	474
24P1R3A1_09396	24P1R3A1_09396	100.000	67	0	0	1	67	1	67	1.78e-44	136
24P1R3A1_09396	32P3R2A9_05655	97.015	67	2	0	1	67	1	67	2.86e-43	134
24P1R3A1_09397	24P1R3A1_09397	100.000	252	0	0	1	252	1	252	0.0	513
24P1R3A1_09398	24P1R3A1_09398	100.000	221	0	0	1	221	1	221	5.86e-166	456
24P1R3A1_09398	32P3R2A9_07185	96.833	221	7	0	1	221	1	221	1.55e-160	442
24P1R3A1_09399	24P1R3A1_09399	100.000	124	0	0	1	124	1	124	5.37e-89	253
24P1R3A1_09400	24P1R3A1_09400	100.000	101	0	0	1	101	1	101	1.70e-69	202
24P1R3A1_09401	24P1R3A1_09401	100.000	238	0	0	1	238	1	238	7.05e-178	488
24P1R3A1_09402	24P1R3A1_09402	100.000	306	0	0	1	306	1	306	0.0	620
24P1R3A1_09402	32P3R2A9_05344	97.386	306	8	0	1	306	1	306	0.0	603
24P1R3A1_09403	24P1R3A1_09403	100.000	53	0	0	1	53	1	53	4.41e-34	109
24P1R3A1_09404	24P1R3A1_09404	100.000	292	0	0	1	292	1	292	0.0	600
24P1R3A1_09404	32P3R2A9_06794	98.925	279	3	0	14	292	6	284	0.0	571
24P1R3A1_09405	24P1R3A1_09405	100.000	237	0	0	1	237	1	237	7.71e-177	484
24P1R3A1_09406	24P1R3A1_09406	100.000	112	0	0	1	112	1	112	2.90e-81	233
24P1R3A1_09407	24P1R3A1_09407	100.000	150	0	0	1	150	1	150	1.61e-106	300
24P1R3A1_09408	24P1R3A1_09408	100.000	109	0	0	1	109	1	109	2.33e-76	220
24P1R3A1_09409	24P1R3A1_09409	100.000	90	0	0	1	90	1	90	3.25e-59	176
24P1R3A1_09410	24P1R3A1_09410	100.000	104	0	0	1	104	1	104	4.15e-72	209
24P1R3A1_09410	32P3R2A9_06408	96.154	104	4	0	1	104	116	219	4.14e-68	203
24P1R3A1_09411	24P1R3A1_09411	100.000	226	0	0	1	226	1	226	1.41e-167	460
24P1R3A1_09412	24P1R3A1_09412	100.000	88	0	0	1	88	1	88	4.24e-61	180
24P1R3A1_09413	24P1R3A1_09413	100.000	110	0	0	1	110	1	110	9.24e-77	221
24P1R3A1_09414	24P1R3A1_09414	100.000	96	0	0	1	96	1	96	5.21e-65	191
24P1R3A1_09415	24P1R3A1_09415	100.000	252	0	0	1	252	1	252	0.0	509
24P1R3A1_09416	24P1R3A1_09416	100.000	262	0	0	1	262	1	262	0.0	533
24P1R3A1_09417	24P1R3A1_09417	100.000	88	0	0	1	88	1	88	1.41e-58	174
24P1R3A1_09418	24P1R3A1_09418	100.000	131	0	0	1	131	1	131	3.24e-92	262
24P1R3A1_09419	24P1R3A1_09419	100.000	84	0	0	1	84	1	84	8.54e-58	171
24P1R3A1_09420	24P1R3A1_09420	100.000	261	0	0	1	261	1	261	0.0	538
24P1R3A1_09421	24P1R3A1_09421	100.000	132	0	0	1	132	1	132	2.82e-94	267
24P1R3A1_09422	24P1R3A1_09422	100.000	132	0	0	1	132	1	132	1.02e-97	276
24P1R3A1_09422	32P3R2A9_06207	96.212	132	5	0	1	132	1	132	3.96e-94	267
24P1R3A1_09423	24P1R3A1_09423	100.000	178	0	0	1	178	1	178	4.11e-133	369
24P1R3A1_09424	24P1R3A1_09424	100.000	220	0	0	1	220	1	220	1.53e-167	460
24P1R3A1_09425	24P1R3A1_09425	100.000	100	0	0	1	100	1	100	4.72e-67	196
24P1R3A1_09426	24P1R3A1_09426	100.000	97	0	0	1	97	1	97	8.69e-65	190
24P1R3A1_09427	24P1R3A1_09427	100.000	148	0	0	1	148	1	148	5.95e-106	298
24P1R3A1_09428	24P1R3A1_09428	100.000	100	0	0	1	100	1	100	1.19e-68	200
24P1R3A1_09429	24P1R3A1_09429	100.000	117	0	0	1	117	1	117	8.48e-81	232
24P1R3A1_09430	24P1R3A1_09430	100.000	253	0	0	1	253	1	253	0.0	520
24P1R3A1_09431	24P1R3A1_09431	100.000	198	0	0	1	198	1	198	3.54e-145	401
24P1R3A1_09431	32P3R2A9_05097	98.990	198	2	0	1	198	89	286	1.20e-142	399
24P1R3A1_09432	24P1R3A1_09432	100.000	87	0	0	1	87	1	87	3.12e-59	175
24P1R3A1_09433	24P1R3A1_09433	100.000	92	0	0	1	92	1	92	9.54e-66	192
24P1R3A1_09434	24P1R3A1_09434	100.000	118	0	0	1	118	1	118	5.74e-86	245
24P1R3A1_09435	24P1R3A1_09435	100.000	44	0	0	1	44	1	44	8.92e-27	90.5
24P1R3A1_09436	24P1R3A1_09436	100.000	89	0	0	1	89	1	89	6.95e-60	177
24P1R3A1_09436	32P3R2A9_04749	97.753	89	2	0	1	89	1	89	2.84e-58	173
24P1R3A1_09437	24P1R3A1_09437	100.000	103	0	0	1	103	1	103	4.30e-72	209
24P1R3A1_09438	24P1R3A1_09438	100.000	287	0	0	1	287	1	287	0.0	584
24P1R3A1_09438	32P3R2A9_04748	96.167	287	11	0	1	287	139	425	0.0	570
24P1R3A1_09439	24P1R3A1_09439	100.000	236	0	0	1	236	1	236	7.28e-171	469
24P1R3A1_09440	24P1R3A1_09440	100.000	177	0	0	1	177	1	177	5.73e-132	366
24P1R3A1_09441	24P1R3A1_09441	100.000	89	0	0	1	89	1	89	1.11e-60	179
24P1R3A1_09442	24P1R3A1_09442	100.000	94	0	0	1	94	1	94	3.32e-64	188
24P1R3A1_09443	24P1R3A1_09443	100.000	214	0	0	1	214	1	214	1.18e-154	427
24P1R3A1_09443	32P3R2A9_06836	95.522	201	9	0	1	201	1	201	4.22e-140	390
24P1R3A1_09444	24P1R3A1_09444	100.000	301	0	0	1	301	1	301	0.0	624
24P1R3A1_09445	24P1R3A1_09445	100.000	113	0	0	1	113	1	113	2.58e-79	228
24P1R3A1_09445	32P3R2A9_07128	98.230	113	2	0	1	113	192	304	5.09e-76	226
24P1R3A1_09446	24P1R3A1_09446	100.000	102	0	0	1	102	1	102	2.82e-68	199
24P1R3A1_09447	24P1R3A1_09447	100.000	130	0	0	1	130	1	130	2.50e-91	260
24P1R3A1_09448	24P1R3A1_09448	100.000	101	0	0	1	101	1	101	4.87e-73	211
24P1R3A1_09449	24P1R3A1_09449	100.000	186	0	0	1	186	1	186	3.85e-137	380
24P1R3A1_09450	24P1R3A1_09450	100.000	163	0	0	1	163	1	163	4.80e-116	325
24P1R3A1_09451	24P1R3A1_09451	100.000	82	0	0	1	82	1	82	9.70e-56	166
24P1R3A1_09452	24P1R3A1_09452	100.000	250	0	0	1	250	1	250	0.0	517
24P1R3A1_09453	24P1R3A1_09453	100.000	123	0	0	1	123	1	123	5.06e-83	238
24P1R3A1_09454	24P1R3A1_09454	100.000	226	0	0	1	226	1	226	1.63e-163	450
24P1R3A1_09455	24P1R3A1_09455	100.000	87	0	0	1	87	1	87	6.61e-61	179
24P1R3A1_09455	32P3R2A9_06589	100.000	87	0	0	1	87	149	235	8.68e-60	182
24P1R3A1_09456	24P1R3A1_09456	100.000	103	0	0	1	103	1	103	4.10e-73	211
24P1R3A1_09457	24P1R3A1_09457	100.000	226	0	0	1	226	1	226	6.85e-172	471
24P1R3A1_09458	24P1R3A1_09458	100.000	158	0	0	1	158	1	158	9.11e-111	311
24P1R3A1_09459	24P1R3A1_09459	100.000	81	0	0	1	81	1	81	4.88e-56	167
24P1R3A1_09460	24P1R3A1_09460	100.000	138	0	0	1	138	1	138	1.82e-98	278
24P1R3A1_09461	24P1R3A1_09461	100.000	87	0	0	1	87	1	87	9.09e-61	179
24P1R3A1_09462	24P1R3A1_09462	100.000	121	0	0	1	121	1	121	1.83e-83	239
24P1R3A1_09462	32P3R2A9_06987	97.521	121	3	0	1	121	243	363	2.10e-78	235
24P1R3A1_09463	24P1R3A1_09463	100.000	331	0	0	1	331	1	331	0.0	689
24P1R3A1_09464	24P1R3A1_09464	100.000	337	0	0	1	337	1	337	0.0	660
24P1R3A1_09464	32P3R2A9_07691	99.200	125	1	0	213	337	1	125	5.36e-80	239
24P1R3A1_09465	24P1R3A1_09465	100.000	159	0	0	1	159	1	159	1.86e-114	320
24P1R3A1_09465	32P3R2A9_06647	98.701	154	2	0	6	159	1	154	3.73e-109	307
24P1R3A1_09468	24P1R3A1_09468	100.000	121	0	0	1	121	1	121	5.81e-87	248
24P1R3A1_09469	24P1R3A1_09469	100.000	53	0	0	1	53	1	53	1.06e-34	111
24P1R3A1_09470	24P1R3A1_09470	100.000	47	0	0	1	47	1	47	6.02e-26	88.6
24P1R3A1_09471	24P1R3A1_09471	100.000	113	0	0	1	113	1	113	4.88e-78	225
24P1R3A1_09472	24P1R3A1_09472	100.000	271	0	0	1	271	1	271	0.0	551
24P1R3A1_09473	24P1R3A1_09473	100.000	87	0	0	1	87	1	87	7.08e-57	169
24P1R3A1_09473	32P3R2A9_06476	96.552	87	3	0	1	87	1	87	4.26e-55	165
24P1R3A1_09474	24P1R3A1_09474	100.000	77	0	0	1	77	1	77	4.25e-52	156
24P1R3A1_09475	24P1R3A1_09475	100.000	103	0	0	1	103	1	103	6.57e-70	203
24P1R3A1_09476	24P1R3A1_09476	100.000	174	0	0	1	174	1	174	6.88e-129	358
24P1R3A1_09477	24P1R3A1_09477	100.000	110	0	0	1	110	1	110	6.92e-78	224
24P1R3A1_09478	24P1R3A1_09478	100.000	53	0	0	1	53	1	53	9.50e-32	103
24P1R3A1_09479	24P1R3A1_09479	100.000	99	0	0	1	99	1	99	1.78e-68	199
24P1R3A1_09480	24P1R3A1_09480	100.000	174	0	0	1	174	1	174	2.72e-126	352
24P1R3A1_09481	24P1R3A1_09481	100.000	191	0	0	1	191	1	191	2.42e-137	381
24P1R3A1_09482	24P1R3A1_09482	100.000	165	0	0	1	165	1	165	7.66e-111	312
24P1R3A1_09483	24P1R3A1_09483	100.000	105	0	0	1	105	1	105	3.60e-74	214
24P1R3A1_09484	24P1R3A1_09484	100.000	125	0	0	1	125	1	125	1.10e-89	255
24P1R3A1_09485	24P1R3A1_09485	100.000	198	0	0	1	198	1	198	1.63e-148	410
24P1R3A1_09486	24P1R3A1_09486	100.000	96	0	0	1	96	1	96	1.62e-66	194
24P1R3A1_09487	24P1R3A1_09487	100.000	168	0	0	1	168	1	168	3.48e-126	351
24P1R3A1_09488	24P1R3A1_09488	100.000	302	0	0	1	302	1	302	0.0	610
24P1R3A1_09489	24P1R3A1_09489	100.000	120	0	0	1	120	1	120	6.59e-86	245
24P1R3A1_09490	24P1R3A1_09490	100.000	194	0	0	1	194	1	194	6.12e-146	403
24P1R3A1_09491	24P1R3A1_09491	100.000	167	0	0	1	167	1	167	1.02e-119	335
24P1R3A1_09492	24P1R3A1_09492	100.000	143	0	0	1	143	1	143	2.74e-102	288
24P1R3A1_09492	32P3R2A9_06516	97.872	141	3	0	1	141	1	141	3.29e-99	281
24P1R3A1_09493	24P1R3A1_09493	100.000	97	0	0	1	97	1	97	4.77e-67	196
24P1R3A1_09493	32P3R2A9_05862	95.876	97	4	0	1	97	365	461	5.97e-60	189
24P1R3A1_09494	24P1R3A1_09494	100.000	92	0	0	1	92	1	92	9.68e-65	189
24P1R3A1_09495	24P1R3A1_09495	100.000	278	0	0	1	278	1	278	0.0	548
24P1R3A1_09495	32P3R2A9_05100	99.281	278	2	0	1	278	250	527	0.0	545
24P1R3A1_09496	24P1R3A1_09496	100.000	211	0	0	1	211	1	211	4.46e-158	435
24P1R3A1_09496	32P3R2A9_06514	96.682	211	7	0	1	211	55	265	7.30e-153	424
24P1R3A1_09497	24P1R3A1_09497	100.000	177	0	0	1	177	1	177	1.15e-122	343
24P1R3A1_09498	24P1R3A1_09498	100.000	93	0	0	1	93	1	93	2.35e-64	189
24P1R3A1_09499	24P1R3A1_09499	100.000	217	0	0	1	217	1	217	1.05e-154	427
24P1R3A1_09500	24P1R3A1_09500	100.000	45	0	0	1	45	1	45	4.82e-27	91.3
24P1R3A1_09501	24P1R3A1_09501	100.000	122	0	0	1	122	1	122	2.65e-88	251
24P1R3A1_09502	24P1R3A1_09502	100.000	198	0	0	1	198	1	198	5.08e-146	404
24P1R3A1_09503	24P1R3A1_09503	100.000	233	0	0	1	233	1	233	9.28e-169	464
24P1R3A1_09504	24P1R3A1_09504	100.000	224	0	0	1	224	1	224	5.12e-169	464
24P1R3A1_09505	24P1R3A1_09505	100.000	94	0	0	1	94	1	94	4.37e-64	188
24P1R3A1_09506	24P1R3A1_09506	100.000	52	0	0	1	52	1	52	6.98e-32	103
24P1R3A1_09507	24P1R3A1_09507	100.000	217	0	0	1	217	1	217	9.03e-156	430
24P1R3A1_09508	24P1R3A1_09508	100.000	297	0	0	1	297	1	297	0.0	610
24P1R3A1_09509	24P1R3A1_09509	100.000	78	0	0	1	78	1	78	4.12e-50	152
24P1R3A1_09510	24P1R3A1_09510	100.000	174	0	0	1	174	1	174	8.51e-127	353
24P1R3A1_09511	24P1R3A1_09511	100.000	80	0	0	1	80	1	80	2.42e-54	162
24P1R3A1_09512	24P1R3A1_09512	100.000	207	0	0	1	207	1	207	8.69e-152	419
24P1R3A1_09513	24P1R3A1_09513	100.000	217	0	0	1	217	1	217	2.03e-163	449
24P1R3A1_09514	24P1R3A1_09514	100.000	97	0	0	1	97	1	97	5.82e-70	203
24P1R3A1_09515	24P1R3A1_09515	100.000	130	0	0	1	130	1	130	8.96e-94	266
24P1R3A1_09516	24P1R3A1_09516	100.000	125	0	0	1	125	1	125	1.28e-90	258
24P1R3A1_09516	32P3R2A9_06435	99.200	125	1	0	1	125	64	188	6.65e-89	256
24P1R3A1_09516	24P1R3A1_03949	95.200	125	6	0	1	125	64	188	2.27e-85	246
24P1R3A1_09517	24P1R3A1_09517	100.000	148	0	0	1	148	1	148	2.93e-108	304
24P1R3A1_09517	32P3R2A9_06845	95.946	148	6	0	1	148	128	275	1.67e-102	294
24P1R3A1_09518	24P1R3A1_09518	100.000	181	0	0	1	181	1	181	1.67e-127	355
24P1R3A1_09519	24P1R3A1_09519	100.000	145	0	0	1	145	1	145	5.13e-105	295
24P1R3A1_09520	24P1R3A1_09520	100.000	54	0	0	1	54	1	54	3.64e-33	107
24P1R3A1_09521	24P1R3A1_09521	100.000	82	0	0	1	82	1	82	9.42e-55	164
24P1R3A1_09521	32P3R2A9_05012	95.122	82	4	0	1	82	36	117	9.07e-52	157
24P1R3A1_09522	24P1R3A1_09522	100.000	144	0	0	1	144	1	144	2.65e-103	291
24P1R3A1_09523	24P1R3A1_09523	100.000	183	0	0	1	183	1	183	3.44e-134	372
24P1R3A1_09524	24P1R3A1_09524	100.000	71	0	0	1	71	1	71	4.09e-46	141
24P1R3A1_09524	32P3R2A9_06217	95.775	71	3	0	1	71	92	162	2.41e-43	137
24P1R3A1_09525	24P1R3A1_09525	100.000	240	0	0	1	240	1	240	5.20e-177	485
24P1R3A1_09526	24P1R3A1_09526	100.000	149	0	0	1	149	1	149	9.76e-105	295
24P1R3A1_09527	24P1R3A1_09527	100.000	151	0	0	1	151	1	151	2.76e-109	307
24P1R3A1_09528	24P1R3A1_09528	100.000	42	0	0	1	42	1	42	4.29e-25	86.3
24P1R3A1_09529	24P1R3A1_09529	100.000	222	0	0	1	222	1	222	4.71e-165	454
24P1R3A1_09529	32P3R2A9_07645	95.946	222	9	0	1	222	46	267	2.98e-157	436
24P1R3A1_09530	24P1R3A1_09530	100.000	326	0	0	1	326	1	326	0.0	668
24P1R3A1_09530	32P3R2A9_06155	95.539	269	12	0	58	326	1	269	0.0	529
24P1R3A1_09531	24P1R3A1_09531	100.000	86	0	0	1	86	1	86	7.30e-59	174
24P1R3A1_09532	24P1R3A1_09532	100.000	158	0	0	1	158	1	158	3.12e-115	322
24P1R3A1_09533	24P1R3A1_09533	100.000	132	0	0	1	132	1	132	9.91e-92	261
24P1R3A1_09534	32P3R2A9_05766	100.000	146	0	0	1	146	18	163	3.59e-103	291
24P1R3A1_09534	24P1R3A1_09534	100.000	146	0	0	1	146	1	146	4.32e-103	291
24P1R3A1_09535	24P1R3A1_09535	100.000	263	0	0	1	263	1	263	0.0	538
24P1R3A1_09535	32P3R2A9_06490	97.600	125	3	0	139	263	1	125	2.84e-86	253
24P1R3A1_09536	24P1R3A1_09536	100.000	142	0	0	1	142	1	142	7.88e-102	287
24P1R3A1_09537	24P1R3A1_09537	100.000	173	0	0	1	173	1	173	6.62e-127	353
24P1R3A1_09538	24P1R3A1_09538	100.000	243	0	0	1	243	1	243	1.58e-176	484
24P1R3A1_09538	32P3R2A9_05209	97.119	243	7	0	1	243	82	324	4.73e-170	471
24P1R3A1_09539	24P1R3A1_09539	100.000	153	0	0	1	153	1	153	1.01e-110	311
24P1R3A1_09540	24P1R3A1_09540	100.000	146	0	0	1	146	1	146	1.80e-103	292
24P1R3A1_09541	24P1R3A1_09541	100.000	65	0	0	1	65	1	65	2.38e-43	134
24P1R3A1_09542	32P3R2A9_07129	100.000	79	0	0	1	79	251	329	4.00e-56	175
24P1R3A1_09542	24P1R3A1_09542	100.000	79	0	0	1	79	1	79	3.54e-54	162
24P1R3A1_09543	24P1R3A1_09543	100.000	138	0	0	1	138	1	138	2.52e-99	281
24P1R3A1_09544	24P1R3A1_09544	100.000	76	0	0	1	76	1	76	5.86e-50	151
24P1R3A1_09545	24P1R3A1_09545	100.000	91	0	0	1	91	1	91	1.82e-61	181
24P1R3A1_09546	24P1R3A1_09546	100.000	146	0	0	1	146	1	146	2.88e-98	278
24P1R3A1_09547	24P1R3A1_09547	100.000	180	0	0	1	180	1	180	1.01e-130	363
24P1R3A1_09548	24P1R3A1_09548	100.000	265	0	0	1	265	1	265	0.0	553
24P1R3A1_09548	32P3R2A9_06678	96.981	265	8	0	1	265	173	437	0.0	538
24P1R3A1_09549	24P1R3A1_09549	100.000	55	0	0	1	55	1	55	7.67e-36	114
24P1R3A1_09550	24P1R3A1_09550	100.000	84	0	0	1	84	1	84	2.43e-56	168
24P1R3A1_09551	24P1R3A1_09551	100.000	283	0	0	1	283	1	283	0.0	583
24P1R3A1_09551	32P3R2A9_07210	98.876	89	1	0	195	283	1	89	6.33e-60	185
24P1R3A1_09552	24P1R3A1_09552	100.000	189	0	0	1	189	1	189	4.12e-135	375
24P1R3A1_09553	24P1R3A1_09553	100.000	314	0	0	1	314	1	314	0.0	643
24P1R3A1_09553	32P3R2A9_05583	98.795	83	1	0	232	314	1	83	6.16e-52	166
24P1R3A1_09554	24P1R3A1_09554	100.000	211	0	0	1	211	1	211	1.11e-160	442
24P1R3A1_09555	24P1R3A1_09555	100.000	179	0	0	1	179	1	179	2.95e-128	357
24P1R3A1_09556	24P1R3A1_09556	100.000	125	0	0	1	125	1	125	9.56e-90	255
24P1R3A1_09557	24P1R3A1_09557	100.000	109	0	0	1	109	1	109	7.14e-76	219
25P2R1A13_00017	25P2R1A13_00017	100.000	92	0	0	1	92	1	92	5.99e-64	187
25P2R1A13_00017	3P1R3A2_02780	96.739	92	3	0	1	92	1	92	3.90e-61	181
25P2R1A13_00018	25P2R1A13_00018	100.000	212	0	0	1	212	1	212	1.22e-154	426
25P2R1A13_00018	43P2R2A2_03766	100.000	53	0	0	160	212	1	53	4.60e-31	108
25P2R1A13_00033	25P2R1A13_00033	100.000	353	0	0	1	353	1	353	0.0	722
25P2R1A13_00033	27P2R2A12_00225	97.167	353	10	0	1	353	1	353	0.0	701
25P2R1A13_00040	25P2R1A13_00040	100.000	882	0	0	1	882	1	882	0.0	1829
25P2R1A13_00040	11P3R3A1_00503	97.506	882	22	0	1	882	1	882	0.0	1790
25P2R1A13_00040	32P3R2A9_00064	95.918	882	35	1	1	882	1	881	0.0	1761
25P2R1A13_00040	16_1P2R1A8-1_04514	97.451	824	21	0	59	882	13	836	0.0	1670
25P2R1A13_00040	33P3R2A2_02705	99.629	808	3	0	75	882	1	808	0.0	1665
25P2R1A13_00040	33P3R2A2_03466	98.551	69	1	0	1	69	1	69	2.70e-42	148
25P2R1A13_00040	16_1P2R1A8-1_00904	100.000	61	0	0	1	61	1	61	2.88e-37	133
25P2R1A13_00041	25P2R1A13_00041	100.000	251	0	0	1	251	1	251	0.0	514
25P2R1A13_00041	28P2R1A12_00643	97.211	251	7	0	1	251	1	251	0.0	502
25P2R1A13_00042	25P2R1A13_00042	100.000	171	0	0	1	171	1	171	1.77e-124	347
25P2R1A13_00043	25P2R1A13_00043	100.000	163	0	0	1	163	1	163	2.71e-121	338
25P2R1A13_00044	25P2R1A13_00044	100.000	180	0	0	1	180	1	180	6.53e-132	366
25P2R1A13_00045	25P2R1A13_00045	100.000	274	0	0	1	274	1	274	0.0	570
25P2R1A13_00051	25P2R1A13_00051	100.000	183	0	0	1	183	1	183	1.48e-138	384
25P2R1A13_00051	10P3R2A13_04874	97.814	183	4	0	1	183	1	183	5.48e-136	377
25P2R1A13_00089	25P2R1A13_00089	100.000	73	0	0	1	73	1	73	1.05e-48	147
25P2R1A13_00089	10P3R2A13_02720	100.000	54	0	0	1	54	1	54	1.54e-34	111
25P2R1A13_00103	25P2R1A13_00103	100.000	283	0	0	1	283	1	283	0.0	592
25P2R1A13_00103	29P3R3A9_00115	95.413	218	10	0	1	218	1	218	6.71e-148	414
25P2R1A13_00103	29P3R3A9_00113	100.000	81	0	0	203	283	15	95	2.90e-55	173
25P2R1A13_00104	25P2R1A13_00104	100.000	141	0	0	1	141	1	141	4.83e-101	285
25P2R1A13_00105	25P2R1A13_00105	100.000	239	0	0	1	239	1	239	3.17e-178	488
25P2R1A13_00107	25P2R1A13_00107	100.000	324	0	0	1	324	1	324	0.0	664
25P2R1A13_00107	14P1R2A4_05015	95.988	324	13	0	1	324	1	324	0.0	642
25P2R1A13_00107	28P2R1A12_00580	96.396	111	4	0	214	324	1	111	2.90e-75	226
25P2R1A13_00108	25P2R1A13_00108	100.000	576	0	0	1	576	1	576	0.0	1178
25P2R1A13_00109	25P2R1A13_00109	100.000	403	0	0	1	403	1	403	0.0	830
25P2R1A13_00109	27P2R2A12_00296	95.074	406	17	1	1	403	1	406	0.0	785
25P2R1A13_00109	12_1P1R2A2-1_02250	96.825	63	2	0	1	63	1	63	1.44e-35	125
25P2R1A13_00119	25P2R1A13_00119	100.000	89	0	0	1	89	1	89	1.30e-62	184
25P2R1A13_00119	10P3R2A13_02745	97.753	89	2	0	1	89	1	89	2.44e-61	181
25P2R1A13_00128	25P2R1A13_00128	100.000	142	0	0	1	142	1	142	4.80e-103	290
25P2R1A13_00128	10P3R2A13_02754	97.887	142	3	0	1	142	1	142	2.55e-101	286
25P2R1A13_00131	25P2R1A13_00131	100.000	261	0	0	1	261	1	261	0.0	535
25P2R1A13_00132	25P2R1A13_00132	100.000	402	0	0	1	402	1	402	0.0	842
25P2R1A13_00132	42P1R1A12_02394	96.517	402	14	0	1	402	1	402	0.0	816
25P2R1A13_00133	25P2R1A13_00133	100.000	430	0	0	1	430	1	430	0.0	848
25P2R1A13_00133	27P2R2A12_00320	98.945	379	4	0	1	379	1	379	0.0	744
25P2R1A13_00133	33P3R2A2_02616	99.156	237	2	0	1	237	1	237	3.10e-170	476
25P2R1A13_00133	33P3R2A2_03503	100.000	179	0	0	252	430	1	179	8.15e-118	341
25P2R1A13_00133	27P2R2A12_00321	100.000	45	0	0	385	429	1	45	5.40e-22	88.6
25P2R1A13_00134	25P2R1A13_00134	100.000	268	0	0	1	268	1	268	0.0	547
25P2R1A13_00134	32P3R2A9_00150	100.000	154	0	0	115	268	18	171	3.12e-110	315
25P2R1A13_00134	10P3R2A13_02757	100.000	130	0	0	139	268	1	130	2.61e-91	266
25P2R1A13_00135	25P2R1A13_00135	100.000	62	0	0	1	62	1	62	4.59e-39	122
25P2R1A13_00136	25P2R1A13_00136	100.000	300	0	0	1	300	1	300	0.0	621
25P2R1A13_00136	10P3R2A13_02758	96.013	301	11	1	1	300	1	301	0.0	594
25P2R1A13_00142	25P2R1A13_00142	100.000	69	0	0	1	69	1	69	4.98e-44	135
25P2R1A13_00164	25P2R1A13_00164	100.000	368	0	0	1	368	1	368	0.0	732
25P2R1A13_00164	10P3R2A13_00267	95.968	372	7	2	1	368	1	368	0.0	701
25P2R1A13_00164	17P1R1A4_00162	95.161	372	10	2	1	368	1	368	0.0	692
25P2R1A13_00164	43P2R2A2_05677	95.253	316	7	2	57	368	1	312	0.0	591
25P2R1A13_00171	25P2R1A13_00171	100.000	55	0	0	1	55	1	55	6.36e-36	114
25P2R1A13_00171	12_1P1R2A2-1_02197	96.364	55	2	0	1	55	1	55	1.43e-34	110
25P2R1A13_00188	25P2R1A13_00188	100.000	864	0	0	1	864	1	864	0.0	1746
25P2R1A13_00188	27P2R2A12_00369	97.031	842	25	0	1	842	1	842	0.0	1647
25P2R1A13_00188	1P1R1A1_00705	98.731	788	10	0	1	788	1	788	0.0	1570
25P2R1A13_00188	11P3R3A1_00635	97.081	788	23	0	1	788	1	788	0.0	1542
25P2R1A13_00188	10P3R2A13_00291	96.887	771	24	0	18	788	1	771	0.0	1506
25P2R1A13_00188	43P2R2A2_01014	98.686	609	8	0	180	788	1	609	0.0	1216
25P2R1A13_00198	25P2R1A13_00198	100.000	122	0	0	1	122	1	122	3.29e-85	244
25P2R1A13_00198	10P3R2A13_00301	99.180	122	1	0	1	122	409	530	4.42e-81	247
25P2R1A13_00199	25P2R1A13_00199	100.000	400	0	0	1	400	1	400	0.0	801
25P2R1A13_00199	10P3R2A13_00301	99.749	399	1	0	1	399	1	399	0.0	800
25P2R1A13_00225	25P2R1A13_00225	100.000	263	0	0	1	263	1	263	0.0	536
25P2R1A13_00226	10P3R2A13_00327	100.000	342	0	0	1	342	323	664	0.0	709
25P2R1A13_00226	25P2R1A13_00226	100.000	342	0	0	1	342	1	342	0.0	704
25P2R1A13_00254	25P2R1A13_00254	100.000	216	0	0	1	216	1	216	3.58e-158	436
25P2R1A13_00254	10P3R2A13_00355	100.000	216	0	0	1	216	29	244	1.03e-157	436
25P2R1A13_00255	25P2R1A13_00255	100.000	429	0	0	1	429	1	429	0.0	900
25P2R1A13_00256	25P2R1A13_00256	100.000	85	0	0	1	85	1	85	5.50e-60	177
25P2R1A13_00257	25P2R1A13_00257	100.000	45	0	0	1	45	1	45	5.87e-29	96.3
25P2R1A13_00258	25P2R1A13_00258	100.000	81	0	0	1	81	1	81	4.74e-55	164
25P2R1A13_00266	25P2R1A13_00266	100.000	275	0	0	1	275	1	275	0.0	566
25P2R1A13_00266	16_1P2R1A8-1_04572	97.818	275	6	0	1	275	1	275	0.0	555
25P2R1A13_00266	28P2R1A12_01461	96.727	275	9	0	1	275	1	275	0.0	548
25P2R1A13_00266	10P3R2A13_03534	96.335	191	7	0	1	191	1	191	3.11e-134	377
25P2R1A13_00266	43P2R2A2_05654	95.789	95	4	0	181	275	10	104	2.54e-62	191
25P2R1A13_00266	15P1R1A16_03768	98.734	79	1	0	197	275	1	79	6.90e-53	166
25P2R1A13_00268	25P2R1A13_00268	100.000	141	0	0	1	141	1	141	1.25e-98	279
25P2R1A13_00268	10P3R2A13_03536	97.872	141	3	0	1	141	1	141	9.42e-97	274
25P2R1A13_00272	25P2R1A13_00272	100.000	433	0	0	1	433	1	433	0.0	870
25P2R1A13_00272	10P3R2A13_03540	96.767	433	14	0	1	433	1	433	0.0	843
25P2R1A13_00272	34P3R2A10_05243	100.000	113	0	0	321	433	1	113	4.52e-75	229
25P2R1A13_00296	25P2R1A13_00296	100.000	271	0	0	1	271	1	271	0.0	560
25P2R1A13_00296	33P3R2A2_00972	100.000	248	0	0	24	271	1	248	0.0	513
