31P2R1A5_00767	31P2R1A5_00767	100.000	582	0	0	1	582	1	582	0.0	1211
31P2R1A5_00768	31P2R1A5_00768	100.000	766	0	0	1	766	1	766	0.0	1573
31P2R1A5_00768	42P1R1A12_03488	95.561	766	34	0	1	766	1	766	0.0	1504
31P2R1A5_00769	31P2R1A5_00769	100.000	306	0	0	1	306	1	306	0.0	618
31P2R1A5_00770	31P2R1A5_00770	100.000	386	0	0	1	386	1	386	0.0	725
31P2R1A5_00771	31P2R1A5_00771	100.000	316	0	0	1	316	1	316	0.0	630
31P2R1A5_00772	31P2R1A5_00772	100.000	246	0	0	1	246	1	246	4.22e-170	468
31P2R1A5_00772	54P2R2A3_04523	97.561	246	6	0	1	246	1	246	4.23e-166	458
31P2R1A5_00773	31P2R1A5_00773	100.000	38	0	0	1	38	1	38	6.95e-19	70.1
31P2R1A5_00774	31P2R1A5_00774	100.000	575	0	0	1	575	1	575	0.0	1179
31P2R1A5_00774	42P1R1A12_03495	95.204	563	27	0	13	575	1	563	0.0	1056
31P2R1A5_00775	31P2R1A5_00775	100.000	240	0	0	1	240	1	240	4.00e-177	486
31P2R1A5_00776	31P2R1A5_00776	100.000	157	0	0	1	157	1	157	5.80e-117	327
31P2R1A5_00777	31P2R1A5_00777	100.000	681	0	0	1	681	1	681	0.0	1422
31P2R1A5_00777	42P1R1A12_03499	96.329	681	25	0	1	681	1	681	0.0	1380
31P2R1A5_00777	47P2R3A6_00361	96.608	678	23	0	4	681	1	678	0.0	1379
31P2R1A5_00777	37P2R3-2A1_01736	96.165	678	26	0	4	681	1	678	0.0	1378
31P2R1A5_00777	24P1R3A1_00120	95.007	681	34	0	1	681	1	681	0.0	1367
31P2R1A5_00777	38P2R3A13_05444	96.140	544	21	0	138	681	1	544	0.0	1093
31P2R1A5_00777	18P3R3A11_04165	96.552	87	3	0	595	681	1	87	5.54e-52	174
31P2R1A5_00778	31P2R1A5_00778	100.000	370	0	0	1	370	1	370	0.0	760
31P2R1A5_00778	42P1R1A12_03500	95.405	370	17	0	1	370	1	370	0.0	721
31P2R1A5_00779	31P2R1A5_00779	100.000	154	0	0	1	154	1	154	9.74e-113	316
31P2R1A5_00780	31P2R1A5_00780	100.000	106	0	0	1	106	1	106	1.39e-76	221
31P2R1A5_00781	31P2R1A5_00781	100.000	300	0	0	1	300	1	300	0.0	605
31P2R1A5_00782	31P2R1A5_00782	100.000	448	0	0	1	448	1	448	0.0	867
31P2R1A5_00783	31P2R1A5_00783	100.000	604	0	0	1	604	1	604	0.0	1209
31P2R1A5_00783	54P2R2A3_04534	97.185	604	17	0	1	604	1	604	0.0	1177
31P2R1A5_00784	31P2R1A5_00784	100.000	304	0	0	1	304	1	304	0.0	601
31P2R1A5_00784	54P2R2A3_04535	96.382	304	11	0	1	304	2	305	0.0	578
31P2R1A5_00785	31P2R1A5_00785	100.000	141	0	0	1	141	1	141	2.56e-100	283
31P2R1A5_00785	54P2R2A3_04536	96.454	141	5	0	1	141	1	141	2.78e-97	276
31P2R1A5_00786	31P2R1A5_00786	100.000	258	0	0	1	258	1	258	0.0	504
31P2R1A5_00787	31P2R1A5_00787	100.000	267	0	0	1	267	1	267	0.0	539
31P2R1A5_00788	31P2R1A5_00788	100.000	351	0	0	1	351	1	351	0.0	721
31P2R1A5_00788	18P3R3A11_03825	97.151	351	10	0	1	351	1	351	0.0	705
31P2R1A5_00788	34P3R2A10_01659	95.536	112	5	0	240	351	1	112	2.15e-71	218
31P2R1A5_00789	31P2R1A5_00789	100.000	314	0	0	1	314	1	314	0.0	653
31P2R1A5_00790	31P2R1A5_00790	100.000	456	0	0	1	456	1	456	0.0	950
31P2R1A5_00790	51P2R2A10_03445	96.711	456	15	0	1	456	1	456	0.0	922
31P2R1A5_00790	42P1R1A12_03515	95.175	456	22	0	1	456	1	456	0.0	913
31P2R1A5_00791	31P2R1A5_00791	100.000	488	0	0	1	488	1	488	0.0	1003
31P2R1A5_00791	54P2R2A3_04546	97.336	488	13	0	1	488	1	488	0.0	978
31P2R1A5_00792	31P2R1A5_00792	100.000	426	0	0	1	426	1	426	0.0	846
31P2R1A5_00792	42P1R1A12_03517	96.009	426	17	0	1	426	1	426	0.0	823
31P2R1A5_00793	31P2R1A5_00793	100.000	221	0	0	1	221	1	221	7.07e-165	453
31P2R1A5_00794	31P2R1A5_00794	100.000	385	0	0	1	385	1	385	0.0	798
31P2R1A5_00794	51P2R2A10_03441	97.662	385	9	0	1	385	1	385	0.0	785
31P2R1A5_00795	31P2R1A5_00795	100.000	541	0	0	1	541	1	541	0.0	1118
31P2R1A5_00795	54P2R2A3_04550	99.076	541	5	0	1	541	17	557	0.0	1107
31P2R1A5_00795	42P1R1A12_03520	96.858	541	17	0	1	541	17	557	0.0	1085
31P2R1A5_00795	51P2R2A10_03440	96.303	541	20	0	1	541	1	541	0.0	1061
31P2R1A5_00796	31P2R1A5_00796	100.000	346	0	0	1	346	1	346	0.0	684
31P2R1A5_00797	31P2R1A5_00797	100.000	302	0	0	1	302	1	302	0.0	592
31P2R1A5_00798	31P2R1A5_00798	100.000	288	0	0	1	288	1	288	0.0	584
31P2R1A5_00798	42P1R1A12_03523	96.181	288	11	0	1	288	1	288	0.0	565
31P2R1A5_00798	51P2R2A10_03437	95.486	288	13	0	1	288	1	288	0.0	562
31P2R1A5_00799	31P2R1A5_00799	100.000	258	0	0	1	258	1	258	0.0	527
31P2R1A5_00799	54P2R2A3_04554	96.512	258	9	0	1	258	1	258	0.0	510
31P2R1A5_00799	42P1R1A12_03524	96.512	258	9	0	1	258	1	258	0.0	508
31P2R1A5_00799	51P2R2A10_03436	95.736	258	11	0	1	258	1	258	1.66e-176	486
31P2R1A5_00800	31P2R1A5_00800	100.000	299	0	0	1	299	1	299	0.0	602
31P2R1A5_00800	42P1R1A12_04230	95.638	298	13	0	2	299	1	298	0.0	577
31P2R1A5_00800	51P2R2A10_03433	95.638	298	13	0	2	299	1	298	0.0	576
31P2R1A5_00801	31P2R1A5_00801	100.000	454	0	0	1	454	1	454	0.0	950
31P2R1A5_00801	42P1R1A12_04229	95.374	454	21	0	1	454	1	454	0.0	908
31P2R1A5_00801	10P3R2A13_00402	95.595	454	20	0	1	454	1	454	0.0	894
31P2R1A5_00802	31P2R1A5_00802	100.000	241	0	0	1	241	1	241	4.37e-177	486
31P2R1A5_00803	31P2R1A5_00803	100.000	501	0	0	1	501	1	501	0.0	1016
31P2R1A5_00804	31P2R1A5_00804	100.000	472	0	0	1	472	1	472	0.0	930
31P2R1A5_00805	31P2R1A5_00805	100.000	1026	0	0	1	1026	1	1026	0.0	2066
31P2R1A5_00805	42P1R1A12_04225	95.322	1026	48	0	1	1026	1	1026	0.0	1932
31P2R1A5_00806	31P2R1A5_00806	100.000	1041	0	0	1	1041	1	1041	0.0	2075
31P2R1A5_00807	31P2R1A5_00807	100.000	413	0	0	1	413	1	413	0.0	823
31P2R1A5_00807	54P2R2A3_04562	97.821	413	9	0	1	413	1	413	0.0	807
31P2R1A5_00808	31P2R1A5_00808	100.000	425	0	0	1	425	1	425	0.0	841
31P2R1A5_00809	31P2R1A5_00809	100.000	204	0	0	1	204	1	204	2.83e-153	422
31P2R1A5_00810	31P2R1A5_00810	100.000	234	0	0	1	234	1	234	1.53e-171	471
31P2R1A5_00811	31P2R1A5_00811	100.000	619	0	0	1	619	1	619	0.0	1252
31P2R1A5_00811	54P2R2A3_04567	97.092	619	18	0	1	619	1	619	0.0	1217
31P2R1A5_00812	31P2R1A5_00812	100.000	451	0	0	1	451	1	451	0.0	915
31P2R1A5_00813	31P2R1A5_00813	100.000	283	0	0	1	283	1	283	0.0	557
31P2R1A5_00813	54P2R2A3_04569	97.173	283	8	0	1	283	1	283	0.0	541
31P2R1A5_00814	31P2R1A5_00814	100.000	214	0	0	1	214	1	214	1.75e-160	441
31P2R1A5_00814	42P1R1A12_04201	95.794	214	9	0	1	214	1	214	1.89e-154	426
31P2R1A5_00815	31P2R1A5_00815	100.000	194	0	0	1	194	1	194	1.87e-141	392
31P2R1A5_00815	42P1R1A12_04200	96.907	194	6	0	1	194	1	194	4.58e-136	378
31P2R1A5_00815	10P3R2A13_00420	95.361	194	9	0	1	194	1	194	3.46e-134	373
31P2R1A5_00816	31P2R1A5_00816	100.000	616	0	0	1	616	1	616	0.0	1245
31P2R1A5_00816	54P2R2A3_04572	95.779	616	26	0	1	616	1	616	0.0	1175
31P2R1A5_00819	31P2R1A5_00819	100.000	210	0	0	1	210	1	210	1.92e-148	410
31P2R1A5_00819	54P2R2A3_04575	96.667	210	7	0	1	210	1	210	8.70e-144	399
31P2R1A5_00819	27P2R2A12_00495	95.238	210	10	0	1	210	1	210	2.60e-143	398
31P2R1A5_00819	12_1P1R2A2-1_03108	95.714	210	9	0	1	210	1	210	1.15e-133	373
31P2R1A5_00820	31P2R1A5_00820	100.000	478	0	0	1	478	1	478	0.0	979
31P2R1A5_00820	54P2R2A3_04576	97.699	478	11	0	1	478	1	478	0.0	960
31P2R1A5_00820	33P3R2A2_04396	96.862	478	15	0	1	478	1	478	0.0	951
31P2R1A5_00820	44P3R3A6_01735	96.653	478	16	0	1	478	1	478	0.0	949
31P2R1A5_00821	31P2R1A5_00821	100.000	380	0	0	1	380	1	380	0.0	778
31P2R1A5_00821	44P3R3A6_01734	95.767	378	16	0	1	378	1	378	0.0	751
31P2R1A5_00822	31P2R1A5_00822	100.000	719	0	0	1	719	1	719	0.0	1452
31P2R1A5_00823	31P2R1A5_00823	100.000	406	0	0	1	406	1	406	0.0	806
31P2R1A5_00824	31P2R1A5_00824	100.000	328	0	0	1	328	1	328	0.0	677
31P2R1A5_00825	31P2R1A5_00825	100.000	341	0	0	1	341	1	341	0.0	703
31P2R1A5_00826	31P2R1A5_00826	100.000	374	0	0	1	374	1	374	0.0	741
31P2R1A5_00827	31P2R1A5_00827	100.000	366	0	0	1	366	1	366	0.0	755
31P2R1A5_00828	31P2R1A5_00828	100.000	345	0	0	1	345	1	345	0.0	679
31P2R1A5_00829	31P2R1A5_00829	100.000	798	0	0	1	798	1	798	0.0	1619
31P2R1A5_00830	31P2R1A5_00830	100.000	466	0	0	1	466	1	466	0.0	943
31P2R1A5_00832	31P2R1A5_00832	100.000	389	0	0	1	389	1	389	0.0	791
31P2R1A5_00832	12_1P1R2A2-1_04441	97.943	389	8	0	1	389	1	389	0.0	776
31P2R1A5_00832	42P1R1A12_04178	95.373	389	18	0	1	389	1	389	0.0	763
31P2R1A5_00833	31P2R1A5_00833	100.000	335	0	0	1	335	1	335	0.0	697
31P2R1A5_00834	31P2R1A5_00834	100.000	472	0	0	1	472	1	472	0.0	984
31P2R1A5_00834	32P3R2A9_00376	97.034	472	14	0	1	472	1	472	0.0	957
31P2R1A5_00834	12_1P1R2A2-1_04425	98.242	455	8	0	18	472	1	455	0.0	933
31P2R1A5_00834	44P3R3A6_05577	100.000	437	0	0	36	472	1	437	0.0	909
31P2R1A5_00834	27P2R2A12_04311	97.025	437	13	0	36	472	1	437	0.0	884
31P2R1A5_00834	33P3R2A2_04469	96.000	125	5	0	1	125	1	125	1.29e-81	248
31P2R1A5_00835	31P2R1A5_00835	100.000	461	0	0	1	461	1	461	0.0	953
31P2R1A5_00835	32P3R2A9_00377	96.507	458	16	0	1	458	1	458	0.0	918
31P2R1A5_00835	27P2R2A12_04317	96.850	127	4	0	330	456	1	127	1.13e-76	235
31P2R1A5_00839	31P2R1A5_00839	100.000	841	0	0	1	841	1	841	0.0	1735
31P2R1A5_00839	12_1P1R2A2-1_00004	97.860	841	18	0	1	841	1	841	0.0	1699
31P2R1A5_00839	33P3R2A2_04059	97.801	682	15	0	160	841	1	682	0.0	1377
31P2R1A5_00842	31P2R1A5_00842	100.000	199	0	0	1	199	1	199	2.45e-149	412
31P2R1A5_00843	31P2R1A5_00843	100.000	259	0	0	1	259	1	259	0.0	528
31P2R1A5_00843	42P1R1A12_04168	96.911	259	8	0	1	259	1	259	0.0	516
31P2R1A5_00843	10P3R2A13_00456	95.753	259	11	0	1	259	1	259	0.0	512
31P2R1A5_00844	31P2R1A5_00844	100.000	246	0	0	1	246	1	246	1.72e-178	489
31P2R1A5_00844	51P2R2A10_00041	95.528	246	11	0	1	246	1	246	3.87e-170	469
31P2R1A5_00845	31P2R1A5_00845	100.000	197	0	0	1	197	1	197	3.68e-148	409
31P2R1A5_00846	31P2R1A5_00846	100.000	356	0	0	1	356	1	356	0.0	736
31P2R1A5_00847	31P2R1A5_00847	100.000	354	0	0	1	354	1	354	0.0	719
31P2R1A5_00847	54P2R2A3_02469	96.610	354	12	0	1	354	1	354	0.0	698
31P2R1A5_00848	31P2R1A5_00848	100.000	435	0	0	1	435	1	435	0.0	877
31P2R1A5_00849	31P2R1A5_00849	100.000	300	0	0	1	300	1	300	0.0	605
31P2R1A5_00849	42P1R1A12_04162	97.333	300	8	0	1	300	1	300	0.0	593
31P2R1A5_00849	18P3R3A11_03379	95.333	300	14	0	1	300	1	300	0.0	587
31P2R1A5_00850	31P2R1A5_00850	100.000	275	0	0	1	275	1	275	0.0	562
31P2R1A5_00851	31P2R1A5_00851	100.000	297	0	0	1	297	1	297	0.0	595
31P2R1A5_00852	31P2R1A5_00852	100.000	453	0	0	1	453	1	453	0.0	914
31P2R1A5_00852	38P2R3A13_01515	97.572	453	11	0	1	453	1	453	0.0	901
31P2R1A5_00852	10P3R2A13_00467	97.351	453	12	0	1	453	1	453	0.0	900
31P2R1A5_00853	31P2R1A5_00853	100.000	172	0	0	1	172	1	172	4.32e-126	351
31P2R1A5_00854	31P2R1A5_00854	100.000	469	0	0	1	469	1	469	0.0	959
31P2R1A5_00855	31P2R1A5_00855	100.000	525	0	0	1	525	1	525	0.0	1067
31P2R1A5_00856	31P2R1A5_00856	100.000	495	0	0	1	495	1	495	0.0	1008
31P2R1A5_00857	31P2R1A5_00857	100.000	177	0	0	1	177	1	177	1.00e-127	355
31P2R1A5_00858	31P2R1A5_00858	100.000	267	0	0	1	267	1	267	0.0	528
31P2R1A5_00858	44P3R3A6_05412	97.753	267	6	0	1	267	1	267	0.0	519
31P2R1A5_00859	31P2R1A5_00859	100.000	148	0	0	1	148	1	148	4.23e-106	298
31P2R1A5_00860	31P2R1A5_00860	100.000	86	0	0	1	86	1	86	7.86e-60	177
31P2R1A5_00861	31P2R1A5_00861	100.000	381	0	0	1	381	1	381	0.0	764
31P2R1A5_00862	31P2R1A5_00862	100.000	401	0	0	1	401	1	401	0.0	825
31P2R1A5_00863	31P2R1A5_00863	100.000	280	0	0	1	280	1	280	0.0	581
31P2R1A5_00864	31P2R1A5_00864	100.000	157	0	0	1	157	1	157	5.28e-115	322
31P2R1A5_00865	31P2R1A5_00865	100.000	462	0	0	1	462	1	462	0.0	936
31P2R1A5_00866	31P2R1A5_00866	100.000	458	0	0	1	458	1	458	0.0	941
31P2R1A5_00867	31P2R1A5_00867	100.000	221	0	0	1	221	1	221	9.76e-163	447
31P2R1A5_00868	31P2R1A5_00868	100.000	73	0	0	1	73	1	73	8.79e-49	148
31P2R1A5_00869	31P2R1A5_00869	100.000	521	0	0	1	521	1	521	0.0	1093
31P2R1A5_00871	31P2R1A5_00871	100.000	294	0	0	1	294	1	294	0.0	599
31P2R1A5_00871	42P1R1A12_05007	97.619	294	7	0	1	294	1	294	0.0	586
31P2R1A5_00872	31P2R1A5_00872	100.000	1172	0	0	1	1172	1	1172	0.0	2429
31P2R1A5_00873	31P2R1A5_00873	100.000	103	0	0	1	103	1	103	1.50e-71	207
31P2R1A5_00873	54P2R2A3_02463	98.020	101	2	0	1	101	1	101	1.55e-68	200
31P2R1A5_00874	31P2R1A5_00874	100.000	701	0	0	1	701	1	701	0.0	1438
31P2R1A5_00874	42P1R1A12_05010	96.719	701	23	0	1	701	1	701	0.0	1402
31P2R1A5_00875	31P2R1A5_00875	100.000	475	0	0	1	475	1	475	0.0	981
31P2R1A5_00876	31P2R1A5_00876	100.000	388	0	0	1	388	1	388	0.0	798
31P2R1A5_00877	31P2R1A5_00877	100.000	37	0	0	1	37	1	37	1.92e-20	73.9
31P2R1A5_00878	31P2R1A5_00878	100.000	158	0	0	1	158	1	158	5.48e-118	329
31P2R1A5_00878	44P3R3A6_05176	98.990	99	1	0	1	99	1	99	1.69e-69	206
31P2R1A5_00879	31P2R1A5_00879	100.000	353	0	0	1	353	1	353	0.0	718
31P2R1A5_00880	31P2R1A5_00880	100.000	108	0	0	1	108	1	108	2.75e-73	213
31P2R1A5_00880	42P1R1A12_05016	98.113	106	2	0	1	106	1	106	2.70e-71	207
31P2R1A5_00880	18P3R3A11_03460	98.077	104	2	0	1	104	1	104	1.69e-69	203
31P2R1A5_00880	10P3R2A13_00474	96.154	104	4	0	1	104	1	104	4.51e-68	199
31P2R1A5_00881	31P2R1A5_00881	100.000	247	0	0	1	247	1	247	5.93e-171	471
31P2R1A5_00881	54P2R2A3_02456	97.571	247	6	0	1	247	1	247	1.41e-167	462
31P2R1A5_00882	31P2R1A5_00882	100.000	356	0	0	1	356	1	356	0.0	701
31P2R1A5_00882	54P2R2A3_02455	96.629	356	12	0	1	356	1	356	0.0	679
31P2R1A5_00883	31P2R1A5_00883	100.000	370	0	0	1	370	1	370	0.0	762
31P2R1A5_00883	54P2R2A3_02454	97.838	370	8	0	1	370	1	370	0.0	751
31P2R1A5_00884	31P2R1A5_00884	100.000	244	0	0	1	244	1	244	3.37e-174	479
31P2R1A5_00884	54P2R2A3_02453	97.951	244	5	0	1	244	1	244	5.08e-170	468
31P2R1A5_00885	31P2R1A5_00885	100.000	130	0	0	1	130	1	130	6.38e-94	266
31P2R1A5_00885	54P2R2A3_02452	95.385	130	6	0	1	130	1	130	3.40e-91	259
31P2R1A5_00886	31P2R1A5_00886	100.000	319	0	0	1	319	1	319	0.0	647
31P2R1A5_00886	54P2R2A3_02451	97.179	319	9	0	1	319	1	319	0.0	630
31P2R1A5_00887	31P2R1A5_00887	100.000	247	0	0	1	247	1	247	0.0	496
31P2R1A5_00888	31P2R1A5_00888	100.000	440	0	0	1	440	1	440	0.0	876
31P2R1A5_00888	54P2R2A3_02449	96.818	440	14	0	1	440	1	440	0.0	845
31P2R1A5_00889	31P2R1A5_00889	100.000	166	0	0	1	166	1	166	7.68e-121	337
31P2R1A5_00890	31P2R1A5_00890	100.000	637	0	0	1	637	1	637	0.0	1310
31P2R1A5_00890	54P2R2A3_02447	98.322	596	10	0	42	637	1	596	0.0	1205
31P2R1A5_00891	31P2R1A5_00891	100.000	111	0	0	1	111	1	111	7.57e-80	229
31P2R1A5_00892	31P2R1A5_00892	100.000	112	0	0	1	112	1	112	1.72e-79	228
31P2R1A5_00893	31P2R1A5_00893	100.000	305	0	0	1	305	1	305	0.0	614
31P2R1A5_00894	31P2R1A5_00894	100.000	192	0	0	1	192	1	192	2.15e-130	363
31P2R1A5_00894	44P3R3A6_05192	97.396	192	5	0	1	192	1	192	9.58e-127	354
31P2R1A5_00895	31P2R1A5_00895	100.000	279	0	0	1	279	1	279	0.0	574
31P2R1A5_00896	31P2R1A5_00896	100.000	324	0	0	1	324	1	324	0.0	667
31P2R1A5_00897	31P2R1A5_00897	100.000	367	0	0	1	367	1	367	0.0	752
31P2R1A5_00898	31P2R1A5_00898	100.000	86	0	0	1	86	1	86	4.36e-59	175
31P2R1A5_00898	37P2R3-2A1_03751	95.349	86	4	0	1	86	1	86	1.39e-56	169
31P2R1A5_00899	31P2R1A5_00899	100.000	111	0	0	1	111	1	111	3.01e-77	223
31P2R1A5_00899	37P2R3-2A1_03752	96.396	111	4	0	1	111	1	111	6.75e-74	214
31P2R1A5_00899	56P2R2A4_00011	95.495	111	5	0	1	111	1	111	2.55e-73	213
31P2R1A5_00899	51P2R2A10_00115	96.552	58	2	0	1	58	1	58	3.04e-36	118
31P2R1A5_00901	31P2R1A5_00901	100.000	479	0	0	1	479	1	479	0.0	947
31P2R1A5_00903	31P2R1A5_00903	100.000	485	0	0	1	485	1	485	0.0	1004
31P2R1A5_00903	15P1R1A16_03113	95.667	300	13	0	186	485	1	300	0.0	600
31P2R1A5_00904	31P2R1A5_00904	100.000	82	0	0	1	82	1	82	6.09e-57	169
31P2R1A5_00904	44P3R3A6_04414	100.000	70	0	0	13	82	1	70	2.02e-47	145
31P2R1A5_00905	31P2R1A5_00905	100.000	541	0	0	1	541	1	541	0.0	1107
31P2R1A5_00906	31P2R1A5_00906	100.000	311	0	0	1	311	1	311	0.0	608
31P2R1A5_00906	54P2R2A3_02433	97.749	311	7	0	1	311	1	311	0.0	596
31P2R1A5_00907	31P2R1A5_00907	100.000	326	0	0	1	326	1	326	0.0	657
31P2R1A5_00907	54P2R2A3_02432	95.399	326	15	0	1	326	1	326	0.0	631
31P2R1A5_00908	31P2R1A5_00908	100.000	236	0	0	1	236	1	236	3.00e-177	486
31P2R1A5_00909	31P2R1A5_00909	100.000	545	0	0	1	545	1	545	0.0	1087
31P2R1A5_00909	54P2R2A3_02430	95.963	545	22	0	1	545	1	545	0.0	1003
31P2R1A5_00910	31P2R1A5_00910	100.000	319	0	0	1	319	1	319	0.0	648
31P2R1A5_00911	31P2R1A5_00911	100.000	302	0	0	1	302	1	302	0.0	619
31P2R1A5_00912	31P2R1A5_00912	100.000	143	0	0	1	143	1	143	1.26e-103	292
31P2R1A5_00913	31P2R1A5_00913	100.000	97	0	0	1	97	1	97	1.67e-65	192
31P2R1A5_00914	31P2R1A5_00914	100.000	392	0	0	1	392	1	392	0.0	795
31P2R1A5_00914	42P1R1A12_04922	95.918	392	16	0	1	392	1	392	0.0	752
31P2R1A5_00915	31P2R1A5_00915	100.000	315	0	0	1	315	1	315	0.0	640
31P2R1A5_00916	31P2R1A5_00916	100.000	512	0	0	1	512	1	512	0.0	1046
31P2R1A5_00918	31P2R1A5_00918	100.000	306	0	0	1	306	1	306	0.0	611
31P2R1A5_00918	42P1R1A12_04054	96.732	306	10	0	1	306	1	306	0.0	593
31P2R1A5_00919	31P2R1A5_00919	100.000	317	0	0	1	317	1	317	0.0	646
31P2R1A5_00919	51P2R2A10_00104	97.792	317	7	0	1	317	1	317	0.0	635
31P2R1A5_00920	31P2R1A5_00920	100.000	314	0	0	1	314	1	314	0.0	639
31P2R1A5_00920	54P2R2A3_02426	97.771	314	7	0	1	314	1	314	0.0	629
31P2R1A5_00921	31P2R1A5_00921	100.000	337	0	0	1	337	1	337	0.0	687
31P2R1A5_00922	31P2R1A5_00922	100.000	33	0	0	1	33	1	33	3.23e-19	70.9
31P2R1A5_00923	31P2R1A5_00923	100.000	469	0	0	1	469	1	469	0.0	934
31P2R1A5_00924	31P2R1A5_00924	100.000	294	0	0	1	294	1	294	0.0	611
31P2R1A5_00925	31P2R1A5_00925	100.000	458	0	0	1	458	1	458	0.0	915
31P2R1A5_00926	31P2R1A5_00926	100.000	259	0	0	1	259	1	259	0.0	520
31P2R1A5_00927	31P2R1A5_00927	100.000	249	0	0	1	249	1	249	0.0	501
31P2R1A5_00928	31P2R1A5_00928	100.000	104	0	0	1	104	1	104	1.53e-71	207
31P2R1A5_00929	31P2R1A5_00929	100.000	341	0	0	1	341	1	341	0.0	692
31P2R1A5_00930	31P2R1A5_00930	100.000	397	0	0	1	397	1	397	0.0	816
31P2R1A5_00931	31P2R1A5_00931	100.000	406	0	0	1	406	1	406	0.0	836
31P2R1A5_00932	31P2R1A5_00932	100.000	199	0	0	1	199	1	199	5.21e-150	414
31P2R1A5_00933	31P2R1A5_00933	100.000	637	0	0	1	637	1	637	0.0	1289
31P2R1A5_00934	31P2R1A5_00934	100.000	108	0	0	1	108	1	108	9.99e-75	216
31P2R1A5_00935	31P2R1A5_00935	100.000	167	0	0	1	167	1	167	6.05e-124	345
31P2R1A5_00936	31P2R1A5_00936	100.000	195	0	0	1	195	1	195	1.26e-145	402
31P2R1A5_00937	31P2R1A5_00937	100.000	231	0	0	1	231	1	231	3.73e-176	483
31P2R1A5_00938	31P2R1A5_00938	100.000	299	0	0	1	299	1	299	0.0	608
31P2R1A5_00939	31P2R1A5_00939	100.000	313	0	0	1	313	1	313	0.0	621
31P2R1A5_00940	31P2R1A5_00940	100.000	254	0	0	1	254	1	254	0.0	513
31P2R1A5_00941	31P2R1A5_00941	100.000	448	0	0	1	448	1	448	0.0	902
31P2R1A5_00942	31P2R1A5_00942	100.000	395	0	0	1	395	1	395	0.0	800
31P2R1A5_00943	31P2R1A5_00943	100.000	179	0	0	1	179	1	179	3.14e-130	362
31P2R1A5_00944	31P2R1A5_00944	100.000	461	0	0	1	461	1	461	0.0	948
31P2R1A5_00945	31P2R1A5_00945	100.000	362	0	0	1	362	1	362	0.0	742
31P2R1A5_00946	31P2R1A5_00946	100.000	444	0	0	1	444	1	444	0.0	908
31P2R1A5_00947	31P2R1A5_00947	100.000	404	0	0	1	404	1	404	0.0	823
31P2R1A5_00949	31P2R1A5_00949	100.000	266	0	0	1	266	1	266	0.0	540
31P2R1A5_00949	54P2R2A3_02422	95.865	266	11	0	1	266	1	266	0.0	522
31P2R1A5_00951	31P2R1A5_00951	100.000	382	0	0	1	382	1	382	0.0	772
31P2R1A5_00951	54P2R2A3_02420	96.597	382	13	0	1	382	1	382	0.0	749
31P2R1A5_00952	31P2R1A5_00952	100.000	94	0	0	1	94	1	94	2.24e-63	186
31P2R1A5_00952	54P2R2A3_02419	95.745	94	4	0	1	94	1	94	2.36e-61	181
31P2R1A5_00953	31P2R1A5_00953	100.000	236	0	0	1	236	1	236	9.95e-175	479
31P2R1A5_00954	31P2R1A5_00954	100.000	467	0	0	1	467	1	467	0.0	959
31P2R1A5_00954	54P2R2A3_02417	95.503	467	21	0	1	467	1	467	0.0	900
31P2R1A5_00955	31P2R1A5_00955	100.000	165	0	0	1	165	1	165	1.31e-121	339
31P2R1A5_00956	31P2R1A5_00956	100.000	304	0	0	1	304	1	304	0.0	582
31P2R1A5_00956	54P2R2A3_02415	97.368	304	8	0	1	304	1	304	0.0	567
31P2R1A5_00957	31P2R1A5_00957	100.000	304	0	0	1	304	1	304	0.0	585
31P2R1A5_00958	31P2R1A5_00958	100.000	560	0	0	1	560	1	560	0.0	1143
31P2R1A5_00959	31P2R1A5_00959	100.000	75	0	0	1	75	1	75	3.48e-50	151
31P2R1A5_00961	31P2R1A5_00961	100.000	208	0	0	1	208	1	208	8.54e-156	429
31P2R1A5_00961	54P2R2A3_02410	95.673	208	9	0	1	208	1	208	9.52e-150	414
31P2R1A5_00962	31P2R1A5_00962	100.000	144	0	0	1	144	1	144	3.61e-106	298
31P2R1A5_00963	31P2R1A5_00963	100.000	496	0	0	1	496	1	496	0.0	1031
31P2R1A5_00963	54P2R2A3_02408	97.984	496	10	0	1	496	1	496	0.0	1015
31P2R1A5_00963	44P3R3A6_04367	97.379	496	13	0	1	496	1	496	0.0	1009
31P2R1A5_00964	31P2R1A5_00964	100.000	256	0	0	1	256	1	256	0.0	512
31P2R1A5_00964	54P2R2A3_02407	97.266	256	7	0	1	256	1	256	0.0	504
31P2R1A5_00965	31P2R1A5_00965	100.000	329	0	0	1	329	1	329	0.0	663
31P2R1A5_00965	54P2R2A3_02406	96.353	329	12	0	1	329	1	329	0.0	640
31P2R1A5_00966	31P2R1A5_00966	100.000	223	0	0	1	223	1	223	4.25e-161	444
31P2R1A5_00966	42P1R1A12_03979	97.758	223	5	0	1	223	1	223	8.62e-158	435
31P2R1A5_00966	34P3R2A10_01304	95.376	173	8	0	51	223	1	173	3.05e-119	336
31P2R1A5_00967	31P2R1A5_00967	100.000	251	0	0	1	251	1	251	0.0	500
31P2R1A5_00968	31P2R1A5_00968	100.000	241	0	0	1	241	1	241	0.0	505
31P2R1A5_00968	54P2R2A3_02403	95.436	241	11	0	1	241	1	241	3.72e-165	456
31P2R1A5_00969	31P2R1A5_00969	100.000	75	0	0	1	75	1	75	2.15e-49	149
31P2R1A5_00969	54P2R2A3_02402	97.333	75	2	0	1	75	1	75	5.94e-48	146
31P2R1A5_00970	31P2R1A5_00970	100.000	219	0	0	1	219	1	219	3.11e-163	449
31P2R1A5_00970	42P1R1A12_03975	97.717	219	5	0	1	219	1	219	6.54e-159	438
31P2R1A5_00970	18P3R3A11_01624	95.890	219	9	0	1	219	1	219	1.84e-156	432
31P2R1A5_00971	31P2R1A5_00971	100.000	611	0	0	1	611	1	611	0.0	1256
31P2R1A5_00971	42P1R1A12_03974	95.581	611	27	0	1	611	1	611	0.0	1212
31P2R1A5_00972	31P2R1A5_00972	100.000	183	0	0	1	183	1	183	5.73e-130	362
31P2R1A5_00972	42P1R1A12_03973	97.268	183	5	0	1	183	1	183	3.80e-126	352
31P2R1A5_00976	31P2R1A5_00976	100.000	297	0	0	1	297	1	297	0.0	611
31P2R1A5_00977	31P2R1A5_00977	100.000	294	0	0	1	294	1	294	0.0	588
31P2R1A5_00978	31P2R1A5_00978	100.000	223	0	0	1	223	1	223	9.10e-166	456
31P2R1A5_00978	31P2R1A5_03748	95.238	21	1	0	198	218	876	896	2.52e-08	53.9
31P2R1A5_00978	42P1R1A12_01551	95.238	21	1	0	198	218	876	896	2.57e-08	53.9
31P2R1A5_00978	10P3R2A13_02474	95.238	21	1	0	198	218	876	896	2.93e-08	53.5
31P2R1A5_00979	31P2R1A5_00979	100.000	381	0	0	1	381	1	381	0.0	739
31P2R1A5_00980	31P2R1A5_00980	100.000	80	0	0	1	80	1	80	4.12e-53	159
31P2R1A5_00981	31P2R1A5_00981	100.000	166	0	0	1	166	1	166	2.70e-123	343
31P2R1A5_00981	42P1R1A12_00342	96.988	166	5	0	1	166	1	166	1.96e-118	331
31P2R1A5_00982	31P2R1A5_00982	100.000	213	0	0	1	213	1	213	1.49e-159	439
31P2R1A5_00982	54P2R2A3_02349	97.653	213	5	0	1	213	1	213	5.51e-156	430
31P2R1A5_00982	42P1R1A12_00343	97.183	213	6	0	1	213	1	213	1.02e-154	427
31P2R1A5_00983	31P2R1A5_00983	100.000	474	0	0	1	474	1	474	0.0	932
31P2R1A5_00983	54P2R2A3_02348	96.659	449	15	0	26	474	1	449	0.0	861
31P2R1A5_00984	31P2R1A5_00984	100.000	84	0	0	1	84	1	84	5.32e-55	164
31P2R1A5_00984	42P1R1A12_00345	97.619	84	2	0	1	84	1	84	4.89e-54	162
31P2R1A5_00985	31P2R1A5_00985	100.000	521	0	0	1	521	1	521	0.0	1050
31P2R1A5_00986	31P2R1A5_00986	100.000	170	0	0	1	170	1	170	5.21e-127	353
31P2R1A5_00987	31P2R1A5_00987	100.000	327	0	0	1	327	1	327	0.0	667
31P2R1A5_00987	42P1R1A12_00349	96.942	327	10	0	1	327	1	327	0.0	648
31P2R1A5_00988	31P2R1A5_00988	100.000	505	0	0	1	505	1	505	0.0	1033
31P2R1A5_00989	31P2R1A5_00989	100.000	327	0	0	1	327	1	327	0.0	636
31P2R1A5_00989	42P1R1A12_00351	96.942	327	10	0	1	327	1	327	0.0	625
31P2R1A5_00990	31P2R1A5_00990	100.000	263	0	0	1	263	1	263	0.0	536
31P2R1A5_00990	54P2R2A3_02341	97.719	263	6	0	1	263	1	263	0.0	527
31P2R1A5_00991	31P2R1A5_00991	100.000	475	0	0	1	475	1	475	0.0	975
31P2R1A5_00992	31P2R1A5_00992	100.000	143	0	0	1	143	1	143	7.14e-106	298
31P2R1A5_00993	31P2R1A5_00993	100.000	528	0	0	1	528	1	528	0.0	1074
31P2R1A5_00993	54P2R2A3_02338	97.159	528	15	0	1	528	1	528	0.0	1047
31P2R1A5_00994	31P2R1A5_00994	100.000	380	0	0	1	380	1	380	0.0	792
31P2R1A5_00994	54P2R2A3_02337	97.895	380	8	0	1	380	1	380	0.0	773
31P2R1A5_00995	31P2R1A5_00995	100.000	578	0	0	1	578	1	578	0.0	1195
31P2R1A5_00996	31P2R1A5_00996	100.000	190	0	0	1	190	1	190	7.29e-141	390
31P2R1A5_00996	54P2R2A3_02335	97.895	190	4	0	1	190	1	190	1.28e-138	384
31P2R1A5_00997	31P2R1A5_00997	100.000	248	0	0	1	248	1	248	0.0	504
31P2R1A5_00997	54P2R2A3_02334	95.968	248	10	0	1	248	1	248	3.76e-177	486
31P2R1A5_00998	31P2R1A5_00998	100.000	335	0	0	1	335	1	335	0.0	689
31P2R1A5_00999	31P2R1A5_00999	100.000	248	0	0	1	248	1	248	0.0	515
31P2R1A5_01000	31P2R1A5_01000	100.000	132	0	0	1	132	1	132	9.05e-93	263
31P2R1A5_01001	31P2R1A5_01001	100.000	273	0	0	1	273	1	273	0.0	566
31P2R1A5_01001	54P2R2A3_02330	95.971	273	11	0	1	273	1	273	0.0	546
31P2R1A5_01002	31P2R1A5_01002	100.000	189	0	0	1	189	1	189	6.13e-140	387
31P2R1A5_01002	54P2R2A3_02329	97.884	189	4	0	1	189	1	189	2.20e-137	381
31P2R1A5_01003	31P2R1A5_01003	100.000	596	0	0	1	596	1	596	0.0	1227
31P2R1A5_01004	31P2R1A5_01004	100.000	148	0	0	1	148	1	148	2.34e-107	301
31P2R1A5_01005	31P2R1A5_01005	100.000	247	0	0	1	247	1	247	0.0	500
31P2R1A5_01005	38P2R3A13_07172	97.571	247	6	0	1	247	1	247	1.17e-177	488
31P2R1A5_01005	18P3R3A11_01687	97.166	247	7	0	1	247	1	247	2.12e-177	487
31P2R1A5_01006	31P2R1A5_01006	100.000	174	0	0	1	174	1	174	3.39e-126	352
31P2R1A5_01006	10P3R2A13_04242	95.977	174	7	0	1	174	1	174	5.03e-113	318
31P2R1A5_01006	42P1R1A12_00368	95.977	174	7	0	1	174	1	174	6.55e-113	318
31P2R1A5_01007	31P2R1A5_01007	100.000	204	0	0	1	204	1	204	2.71e-148	410
31P2R1A5_01007	10P3R2A13_04244	95.588	204	9	0	1	204	1	204	1.14e-142	395
31P2R1A5_01007	34P3R2A10_05087	95.745	188	8	0	17	204	1	188	4.96e-131	365
31P2R1A5_01008	31P2R1A5_01008	100.000	337	0	0	1	337	1	337	0.0	675
31P2R1A5_01008	42P1R1A12_00370	96.439	337	12	0	1	337	1	337	0.0	652
31P2R1A5_01009	31P2R1A5_01009	100.000	262	0	0	1	262	1	262	0.0	504
31P2R1A5_01010	31P2R1A5_01010	100.000	251	0	0	1	251	1	251	0.0	501
31P2R1A5_01012	31P2R1A5_01012	100.000	440	0	0	1	440	1	440	0.0	904
31P2R1A5_01012	42P1R1A12_00374	95.011	441	21	1	1	440	1	441	0.0	868
31P2R1A5_01014	31P2R1A5_01014	100.000	239	0	0	1	239	1	239	5.84e-180	493
31P2R1A5_01015	31P2R1A5_01015	100.000	562	0	0	1	562	1	562	0.0	1169
31P2R1A5_01016	31P2R1A5_01016	100.000	316	0	0	1	316	1	316	0.0	624
31P2R1A5_01017	31P2R1A5_01017	100.000	445	0	0	1	445	1	445	0.0	878
31P2R1A5_01018	31P2R1A5_01018	100.000	481	0	0	1	481	1	481	0.0	969
31P2R1A5_01018	42P1R1A12_00380	97.297	481	13	0	1	481	1	481	0.0	950
31P2R1A5_01018	18P3R3A11_01696	96.258	481	18	0	1	481	1	481	0.0	948
31P2R1A5_01018	10P3R2A13_03523	95.634	481	21	0	1	481	1	481	0.0	938
31P2R1A5_01019	31P2R1A5_01019	100.000	296	0	0	1	296	1	296	0.0	604
31P2R1A5_01019	42P1R1A12_00381	96.207	290	11	0	7	296	1	290	0.0	571
31P2R1A5_01020	31P2R1A5_01020	100.000	492	0	0	1	492	1	492	0.0	1022
31P2R1A5_01020	42P1R1A12_00382	96.341	492	18	0	1	492	1	492	0.0	991
31P2R1A5_01020	18P3R3A11_01698	95.732	492	21	0	1	492	1	492	0.0	984
31P2R1A5_01020	10P3R2A13_03520	95.528	492	22	0	1	492	1	492	0.0	984
31P2R1A5_01021	31P2R1A5_01021	100.000	604	0	0	1	604	1	604	0.0	1239
31P2R1A5_01021	42P1R1A12_00383	97.351	604	16	0	1	604	1	604	0.0	1214
31P2R1A5_01021	15P1R1A16_01009	95.628	183	8	0	422	604	1	183	1.70e-121	357
31P2R1A5_01022	31P2R1A5_01022	100.000	214	0	0	1	214	1	214	3.84e-155	428
31P2R1A5_01022	42P1R1A12_00384	95.794	214	9	0	1	214	1	214	1.86e-139	388
31P2R1A5_01023	31P2R1A5_01023	100.000	393	0	0	1	393	1	393	0.0	790
31P2R1A5_01024	31P2R1A5_01024	100.000	116	0	0	1	116	1	116	2.99e-78	226
31P2R1A5_01025	31P2R1A5_01025	100.000	221	0	0	1	221	1	221	1.35e-159	440
31P2R1A5_01026	31P2R1A5_01026	100.000	676	0	0	1	676	1	676	0.0	1404
31P2R1A5_01027	31P2R1A5_01027	100.000	220	0	0	1	220	1	220	3.04e-165	454
31P2R1A5_01027	54P2R2A3_02308	96.818	220	7	0	1	220	1	220	1.77e-160	442
31P2R1A5_01028	31P2R1A5_01028	100.000	77	0	0	1	77	1	77	1.93e-51	155
31P2R1A5_01029	31P2R1A5_01029	100.000	125	0	0	1	125	1	125	2.71e-86	246
31P2R1A5_01029	44P3R3A6_01107	97.600	125	3	0	1	125	1	125	3.31e-84	241
31P2R1A5_01030	31P2R1A5_01030	100.000	290	0	0	1	290	1	290	0.0	563
31P2R1A5_01031	31P2R1A5_01031	100.000	113	0	0	1	113	1	113	6.80e-81	232
31P2R1A5_01032	31P2R1A5_01032	100.000	49	0	0	1	49	1	49	1.88e-28	95.1
31P2R1A5_01032	44P3R3A6_01104	97.959	49	1	0	1	49	1	49	3.08e-28	94.7
31P2R1A5_01033	31P2R1A5_01033	100.000	320	0	0	1	320	1	320	0.0	651
31P2R1A5_01034	31P2R1A5_01034	100.000	218	0	0	1	218	1	218	4.85e-161	443
31P2R1A5_01035	31P2R1A5_01035	100.000	64	0	0	1	64	1	64	1.52e-42	131
31P2R1A5_01036	31P2R1A5_01036	100.000	80	0	0	1	80	1	80	1.75e-56	168
31P2R1A5_01036	42P1R1A12_00402	96.250	80	3	0	1	80	1	80	2.50e-54	162
31P2R1A5_01037	31P2R1A5_01037	100.000	463	0	0	1	463	1	463	0.0	947
31P2R1A5_01037	54P2R2A3_02298	95.032	463	23	0	1	463	1	463	0.0	884
31P2R1A5_01038	31P2R1A5_01038	100.000	878	0	0	1	878	1	878	0.0	1774
31P2R1A5_01038	54P2R2A3_02297	97.608	878	21	0	1	878	1	878	0.0	1745
31P2R1A5_01039	31P2R1A5_01039	100.000	428	0	0	1	428	1	428	0.0	864
31P2R1A5_01039	54P2R2A3_02296	97.430	428	11	0	1	428	1	428	0.0	850
31P2R1A5_01040	31P2R1A5_01040	100.000	185	0	0	1	185	1	185	3.17e-136	378
31P2R1A5_01040	54P2R2A3_02295	97.838	185	4	0	1	185	1	185	5.23e-132	367
31P2R1A5_01042	31P2R1A5_01042	100.000	683	0	0	1	683	1	683	0.0	1394
31P2R1A5_01042	42P1R1A12_00408	95.608	683	30	0	1	683	1	683	0.0	1340
31P2R1A5_01043	31P2R1A5_01043	100.000	295	0	0	1	295	1	295	0.0	599
31P2R1A5_01043	51P2R2A10_00303	97.288	295	7	1	1	295	1	294	0.0	580
31P2R1A5_01044	31P2R1A5_01044	100.000	474	0	0	1	474	1	474	0.0	927
31P2R1A5_01044	54P2R2A3_02291	98.031	457	9	0	18	474	1	457	0.0	877
31P2R1A5_01045	31P2R1A5_01045	100.000	264	0	0	1	264	1	264	0.0	535
31P2R1A5_01045	42P1R1A12_00411	96.591	264	9	0	1	264	1	264	0.0	517
31P2R1A5_01045	18P3R3A11_01733	95.455	264	12	0	1	264	1	264	0.0	513
31P2R1A5_01045	10P3R2A13_03493	95.076	264	13	0	1	264	1	264	0.0	511
31P2R1A5_01045	38P2R3A13_01715	95.076	264	13	0	1	264	1	264	0.0	510
31P2R1A5_01046	31P2R1A5_01046	100.000	80	0	0	1	80	1	80	5.68e-52	156
31P2R1A5_01047	31P2R1A5_01047	100.000	97	0	0	1	97	1	97	1.46e-63	187
31P2R1A5_01049	31P2R1A5_01049	100.000	582	0	0	1	582	1	582	0.0	1191
31P2R1A5_01050	31P2R1A5_01050	100.000	265	0	0	1	265	1	265	0.0	551
31P2R1A5_01050	54P2R2A3_02285	95.094	265	13	0	1	265	1	265	0.0	524
31P2R1A5_01051	31P2R1A5_01051	100.000	189	0	0	1	189	1	189	4.19e-132	368
31P2R1A5_01051	54P2R2A3_02284	96.296	189	7	0	1	189	1	189	9.91e-128	357
31P2R1A5_01052	31P2R1A5_01052	100.000	43	0	0	1	43	1	43	2.22e-24	84.3
31P2R1A5_01053	31P2R1A5_01053	100.000	153	0	0	1	153	1	153	7.41e-108	303
31P2R1A5_01053	54P2R2A3_02283	96.732	153	5	0	1	153	1	153	8.30e-106	298
31P2R1A5_01054	31P2R1A5_01054	100.000	284	0	0	1	284	1	284	0.0	574
31P2R1A5_01054	42P1R1A12_00419	97.518	282	7	0	1	282	1	282	0.0	560
31P2R1A5_01054	18P3R3A11_01742	96.127	284	11	0	1	284	1	284	0.0	553
31P2R1A5_01055	31P2R1A5_01055	100.000	267	0	0	1	267	1	267	0.0	521
31P2R1A5_01055	18P3R3A11_01743	97.753	267	6	0	1	267	1	267	0.0	513
31P2R1A5_01055	42P1R1A12_00420	97.004	267	8	0	1	267	1	267	0.0	510
31P2R1A5_01056	31P2R1A5_01056	100.000	324	0	0	1	324	1	324	0.0	652
31P2R1A5_01056	42P1R1A12_00421	95.327	321	15	0	1	321	1	321	0.0	583
31P2R1A5_01057	31P2R1A5_01057	100.000	520	0	0	1	520	1	520	0.0	1034
31P2R1A5_01057	54P2R2A3_02279	96.731	520	17	0	1	520	1	520	0.0	1007
31P2R1A5_01058	31P2R1A5_01058	100.000	524	0	0	1	524	1	524	0.0	1069
31P2R1A5_01059	31P2R1A5_01059	100.000	455	0	0	1	455	1	455	0.0	941
31P2R1A5_01059	42P1R1A12_00424	95.165	455	22	0	1	455	1	455	0.0	903
31P2R1A5_01060	31P2R1A5_01060	100.000	193	0	0	1	193	1	193	2.78e-139	386
31P2R1A5_01060	42P1R1A12_00425	95.855	193	8	0	1	193	1	193	1.55e-134	374
31P2R1A5_01061	31P2R1A5_01061	100.000	452	0	0	1	452	1	452	0.0	927
31P2R1A5_01062	31P2R1A5_01062	100.000	68	0	0	1	68	1	68	4.41e-43	133
31P2R1A5_01062	44P3R3A6_01074	98.507	67	1	0	1	67	1	67	3.41e-42	131
31P2R1A5_01062	54P2R2A3_02274	96.721	61	2	0	1	61	1	61	1.50e-37	119
31P2R1A5_01063	31P2R1A5_01063	100.000	131	0	0	1	131	1	131	7.16e-95	269
31P2R1A5_01063	54P2R2A3_02273	100.000	115	0	0	17	131	1	115	1.18e-81	235
31P2R1A5_01064	31P2R1A5_01064	100.000	637	0	0	1	637	1	637	0.0	1299
31P2R1A5_01064	42P1R1A12_00436	95.918	637	26	0	1	637	1	637	0.0	1224
31P2R1A5_01065	31P2R1A5_01065	100.000	232	0	0	1	232	1	232	2.85e-167	460
31P2R1A5_01066	31P2R1A5_01066	100.000	194	0	0	1	194	1	194	1.24e-138	385
31P2R1A5_01066	54P2R2A3_02270	97.938	194	4	0	1	194	1	194	4.11e-136	378
31P2R1A5_01067	31P2R1A5_01067	100.000	573	0	0	1	573	1	573	0.0	1182
31P2R1A5_01067	42P1R1A12_00439	96.161	573	22	0	1	573	1	573	0.0	1144
31P2R1A5_01068	31P2R1A5_01068	100.000	372	0	0	1	372	1	372	0.0	753
31P2R1A5_01068	54P2R2A3_02268	97.043	372	11	0	1	372	1	372	0.0	734
31P2R1A5_01069	31P2R1A5_01069	100.000	90	0	0	1	90	1	90	1.84e-61	181
31P2R1A5_01070	31P2R1A5_01070	100.000	271	0	0	1	271	1	271	0.0	542
31P2R1A5_01070	38P2R3A13_01689	95.941	271	11	0	1	271	1	271	0.0	526
31P2R1A5_01070	18P3R3A11_01758	95.941	271	11	0	1	271	1	271	0.0	526
31P2R1A5_01070	10P3R2A13_03785	95.941	271	11	0	1	271	1	271	0.0	521
31P2R1A5_01071	31P2R1A5_01071	100.000	234	0	0	1	234	1	234	3.29e-173	475
31P2R1A5_01071	54P2R2A3_02265	97.436	234	5	1	1	234	1	233	8.49e-168	461
31P2R1A5_01072	31P2R1A5_01072	100.000	94	0	0	1	94	1	94	1.45e-65	192
31P2R1A5_01073	31P2R1A5_01073	100.000	220	0	0	1	220	1	220	2.31e-164	452
31P2R1A5_01074	31P2R1A5_01074	100.000	149	0	0	1	149	1	149	1.77e-111	312
31P2R1A5_01074	54P2R2A3_02262	97.315	149	4	0	1	149	1	149	1.01e-108	305
31P2R1A5_01075	31P2R1A5_01075	100.000	115	0	0	1	115	1	115	2.47e-84	241
31P2R1A5_01076	31P2R1A5_01076	100.000	177	0	0	1	177	1	177	3.45e-128	357
31P2R1A5_01077	31P2R1A5_01077	100.000	517	0	0	1	517	1	517	0.0	1031
31P2R1A5_01077	54P2R2A3_02259	96.518	517	18	0	1	517	1	517	0.0	1007
31P2R1A5_01078	31P2R1A5_01078	100.000	240	0	0	1	240	1	240	0.0	496
31P2R1A5_01078	42P1R1A12_00450	95.417	240	11	0	1	240	1	240	4.53e-174	478
31P2R1A5_01079	31P2R1A5_01079	100.000	511	0	0	1	511	1	511	0.0	1072
31P2R1A5_01079	42P1R1A12_00451	97.652	511	12	0	1	511	1	511	0.0	1049
31P2R1A5_01080	31P2R1A5_01080	100.000	433	0	0	1	433	1	433	0.0	892
31P2R1A5_01081	31P2R1A5_01081	100.000	357	0	0	1	357	1	357	0.0	726
31P2R1A5_01082	31P2R1A5_01082	100.000	578	0	0	1	578	1	578	0.0	1143
31P2R1A5_01083	31P2R1A5_01083	100.000	305	0	0	1	305	1	305	0.0	619
31P2R1A5_01083	54P2R2A3_02253	97.377	305	8	0	1	305	1	305	0.0	605
31P2R1A5_01084	31P2R1A5_01084	100.000	204	0	0	1	204	1	204	6.84e-151	416
31P2R1A5_01085	31P2R1A5_01085	100.000	275	0	0	1	275	1	275	0.0	565
31P2R1A5_01086	31P2R1A5_01086	100.000	284	0	0	1	284	1	284	0.0	582
31P2R1A5_01087	31P2R1A5_01087	100.000	707	0	0	1	707	1	707	0.0	1447
31P2R1A5_01088	31P2R1A5_01088	100.000	578	0	0	1	578	1	578	0.0	1189
31P2R1A5_01088	54P2R2A3_02250	96.564	582	16	1	1	578	1	582	0.0	1153
31P2R1A5_01089	31P2R1A5_01089	100.000	305	0	0	1	305	1	305	0.0	604
31P2R1A5_01090	31P2R1A5_01090	100.000	480	0	0	1	480	1	480	0.0	997
31P2R1A5_01090	42P1R1A12_00462	96.875	480	15	0	1	480	1	480	0.0	967
31P2R1A5_01091	31P2R1A5_01091	100.000	310	0	0	1	310	1	310	0.0	628
31P2R1A5_01092	31P2R1A5_01092	100.000	272	0	0	1	272	1	272	0.0	562
31P2R1A5_01093	31P2R1A5_01093	100.000	249	0	0	1	249	1	249	0.0	518
31P2R1A5_01094	31P2R1A5_01094	100.000	362	0	0	1	362	1	362	0.0	736
31P2R1A5_01095	31P2R1A5_01095	100.000	321	0	0	1	321	1	321	0.0	650
31P2R1A5_01096	31P2R1A5_01096	100.000	281	0	0	1	281	1	281	0.0	547
31P2R1A5_01097	31P2R1A5_01097	100.000	303	0	0	1	303	1	303	0.0	600
31P2R1A5_01098	31P2R1A5_01098	100.000	415	0	0	1	415	1	415	0.0	853
31P2R1A5_01099	31P2R1A5_01099	100.000	403	0	0	1	403	1	403	0.0	819
31P2R1A5_01100	31P2R1A5_01100	100.000	338	0	0	1	338	1	338	0.0	681
31P2R1A5_01100	54P2R2A3_02245	96.154	338	11	1	1	338	1	336	0.0	654
31P2R1A5_01101	31P2R1A5_01101	100.000	267	0	0	1	267	1	267	0.0	544
31P2R1A5_01101	54P2R2A3_02244	95.131	267	13	0	1	267	1	267	0.0	514
31P2R1A5_01102	31P2R1A5_01102	100.000	444	0	0	1	444	1	444	0.0	910
31P2R1A5_01103	31P2R1A5_01103	100.000	300	0	0	1	300	1	300	0.0	602
31P2R1A5_01104	31P2R1A5_01104	100.000	223	0	0	1	223	1	223	7.66e-156	431
31P2R1A5_01105	31P2R1A5_01105	100.000	210	0	0	1	210	1	210	6.41e-142	394
31P2R1A5_01106	31P2R1A5_01106	100.000	363	0	0	1	363	1	363	0.0	723
31P2R1A5_01108	31P2R1A5_01108	100.000	330	0	0	1	330	1	330	0.0	671
31P2R1A5_01109	31P2R1A5_01109	100.000	444	0	0	1	444	1	444	0.0	896
31P2R1A5_01110	31P2R1A5_01110	100.000	402	0	0	1	402	1	402	0.0	808
31P2R1A5_01110	54P2R2A3_02240	97.744	399	9	0	1	399	1	399	0.0	786
31P2R1A5_01111	31P2R1A5_01111	100.000	765	0	0	1	765	1	765	0.0	1591
31P2R1A5_01112	31P2R1A5_01112	100.000	355	0	0	1	355	1	355	0.0	728
31P2R1A5_01113	31P2R1A5_01113	100.000	305	0	0	1	305	1	305	0.0	593
31P2R1A5_01114	31P2R1A5_01114	100.000	429	0	0	1	429	1	429	0.0	830
31P2R1A5_01114	54P2R2A3_02236	97.436	429	11	0	1	429	1	429	0.0	810
31P2R1A5_01115	31P2R1A5_01115	100.000	292	0	0	1	292	1	292	0.0	597
31P2R1A5_01116	31P2R1A5_01116	100.000	240	0	0	1	240	1	240	8.74e-175	480
31P2R1A5_01117	31P2R1A5_01117	100.000	298	0	0	1	298	1	298	0.0	613
31P2R1A5_01118	31P2R1A5_01118	100.000	548	0	0	1	548	1	548	0.0	1132
31P2R1A5_01119	31P2R1A5_01119	100.000	159	0	0	1	159	1	159	1.19e-115	323
31P2R1A5_01120	31P2R1A5_01120	100.000	311	0	0	1	311	1	311	0.0	630
31P2R1A5_01120	54P2R2A3_02230	97.727	308	7	0	1	308	1	308	0.0	614
31P2R1A5_01121	31P2R1A5_01121	100.000	464	0	0	1	464	1	464	0.0	928
31P2R1A5_01121	54P2R2A3_02229	98.843	432	5	0	33	464	1	432	0.0	849
31P2R1A5_01122	31P2R1A5_01122	100.000	269	0	0	1	269	1	269	0.0	536
31P2R1A5_01122	54P2R2A3_02228	97.770	269	6	0	1	269	1	269	0.0	526
31P2R1A5_01123	31P2R1A5_01123	100.000	300	0	0	1	300	1	300	0.0	613
31P2R1A5_01124	31P2R1A5_01124	100.000	161	0	0	1	161	1	161	8.59e-117	327
31P2R1A5_01125	31P2R1A5_01125	100.000	256	0	0	1	256	1	256	0.0	521
31P2R1A5_01125	54P2R2A3_02225	95.708	233	10	0	24	256	1	233	4.08e-166	458
31P2R1A5_01126	31P2R1A5_01126	100.000	180	0	0	1	180	1	180	6.13e-130	361
31P2R1A5_01127	31P2R1A5_01127	100.000	230	0	0	1	230	1	230	1.15e-170	468
31P2R1A5_01128	31P2R1A5_01128	100.000	306	0	0	1	306	1	306	0.0	621
31P2R1A5_01129	31P2R1A5_01129	100.000	206	0	0	1	206	1	206	5.02e-146	404
31P2R1A5_01130	31P2R1A5_01130	100.000	383	0	0	1	383	1	383	0.0	783
31P2R1A5_01131	31P2R1A5_01131	100.000	438	0	0	1	438	1	438	0.0	869
31P2R1A5_01132	31P2R1A5_01132	100.000	316	0	0	1	316	1	316	0.0	635
31P2R1A5_01133	31P2R1A5_01133	100.000	110	0	0	1	110	1	110	5.25e-79	227
31P2R1A5_01134	31P2R1A5_01134	100.000	447	0	0	1	447	1	447	0.0	890
31P2R1A5_01134	54P2R2A3_02222	97.987	447	9	0	1	447	1	447	0.0	872
31P2R1A5_01135	31P2R1A5_01135	100.000	218	0	0	1	218	1	218	8.86e-161	442
31P2R1A5_01135	54P2R2A3_02221	95.413	218	10	0	1	218	1	218	5.29e-154	426
31P2R1A5_01136	31P2R1A5_01136	100.000	566	0	0	1	566	1	566	0.0	1139
31P2R1A5_01136	54P2R2A3_02220	95.583	566	25	0	1	566	1	566	0.0	1040
31P2R1A5_01137	31P2R1A5_01137	100.000	64	0	0	1	64	1	64	3.03e-40	125
31P2R1A5_01138	31P2R1A5_01138	100.000	876	0	0	1	876	1	876	0.0	1822
31P2R1A5_01139	31P2R1A5_01139	100.000	676	0	0	1	676	1	676	0.0	1399
31P2R1A5_01140	31P2R1A5_01140	100.000	260	0	0	1	260	1	260	0.0	525
31P2R1A5_01141	31P2R1A5_01141	100.000	286	0	0	1	286	1	286	0.0	585
31P2R1A5_01142	31P2R1A5_01142	100.000	404	0	0	1	404	1	404	0.0	820
31P2R1A5_01143	31P2R1A5_01143	100.000	1139	0	0	1	1139	1	1139	0.0	2318
31P2R1A5_01144	31P2R1A5_01144	100.000	588	0	0	1	588	1	588	0.0	1206
31P2R1A5_01144	54P2R2A3_03168	97.619	588	14	0	1	588	1	588	0.0	1177
31P2R1A5_01145	31P2R1A5_01145	100.000	349	0	0	1	349	1	349	0.0	711
31P2R1A5_01145	54P2R2A3_03169	96.848	349	11	0	1	349	1	349	0.0	693
31P2R1A5_01146	31P2R1A5_01146	100.000	179	0	0	1	179	1	179	1.33e-131	365
31P2R1A5_01147	31P2R1A5_01147	100.000	148	0	0	1	148	1	148	2.42e-106	299
31P2R1A5_01148	31P2R1A5_01148	100.000	462	0	0	1	462	1	462	0.0	907
31P2R1A5_01148	44P3R3A6_00994	97.835	462	10	0	1	462	1	462	0.0	888
31P2R1A5_01149	31P2R1A5_01149	100.000	305	0	0	1	305	1	305	0.0	623
31P2R1A5_01150	31P2R1A5_01150	100.000	110	0	0	1	110	1	110	2.16e-75	218
31P2R1A5_01152	31P2R1A5_01152	100.000	195	0	0	1	195	1	195	2.95e-143	396
31P2R1A5_01152	42P1R1A12_00510	96.410	195	7	0	1	195	1	195	1.11e-139	387
31P2R1A5_01152	18P3R3A11_04249	96.923	195	6	0	1	195	1	195	2.76e-138	384
31P2R1A5_01153	31P2R1A5_01153	100.000	92	0	0	1	92	1	92	2.10e-63	186
31P2R1A5_01153	42P1R1A12_00511	96.739	92	3	0	1	92	1	92	7.85e-62	182
31P2R1A5_01154	31P2R1A5_01154	100.000	349	0	0	1	349	1	349	0.0	704
31P2R1A5_01154	54P2R2A3_03178	97.708	349	8	0	1	349	1	349	0.0	691
31P2R1A5_01155	31P2R1A5_01155	100.000	551	0	0	1	551	1	551	0.0	1086
31P2R1A5_01155	42P1R1A12_00513	95.463	551	25	0	1	551	1	551	0.0	1026
31P2R1A5_01156	31P2R1A5_01156	100.000	316	0	0	1	316	1	316	0.0	636
31P2R1A5_01156	18P3R3A11_04253	96.835	316	10	0	1	316	1	316	0.0	617
31P2R1A5_01156	10P3R2A13_03752	96.519	316	11	0	1	316	23	338	0.0	613
31P2R1A5_01157	31P2R1A5_01157	100.000	284	0	0	1	284	1	284	0.0	574
31P2R1A5_01158	31P2R1A5_01158	100.000	204	0	0	1	204	1	204	5.02e-152	419
31P2R1A5_01159	31P2R1A5_01159	100.000	419	0	0	1	419	1	419	0.0	848
31P2R1A5_01159	42P1R1A12_00517	97.136	419	12	0	1	419	1	419	0.0	826
31P2R1A5_01160	31P2R1A5_01160	100.000	361	0	0	1	361	1	361	0.0	743
31P2R1A5_01160	42P1R1A12_00518	95.568	361	16	0	1	361	1	361	0.0	716
31P2R1A5_01160	15P1R1A16_04544	95.575	113	5	0	249	361	1	113	3.27e-73	223
31P2R1A5_01161	31P2R1A5_01161	100.000	283	0	0	1	283	1	283	0.0	565
31P2R1A5_01161	54P2R2A3_03185	95.406	283	13	0	1	283	1	283	0.0	536
31P2R1A5_01162	31P2R1A5_01162	100.000	131	0	0	1	131	1	131	2.58e-91	260
31P2R1A5_01163	31P2R1A5_01163	100.000	271	0	0	1	271	1	271	0.0	546
31P2R1A5_01164	31P2R1A5_01164	100.000	285	0	0	1	285	1	285	0.0	580
31P2R1A5_01164	38P2R3A13_08284	95.789	285	12	0	1	285	1	285	0.0	560
31P2R1A5_01164	10P3R2A13_03744	95.439	285	13	0	1	285	1	285	0.0	557
31P2R1A5_01165	31P2R1A5_01165	100.000	367	0	0	1	367	1	367	0.0	726
31P2R1A5_01165	42P1R1A12_00523	96.458	367	13	0	1	367	1	367	0.0	706
31P2R1A5_01166	31P2R1A5_01166	100.000	77	0	0	1	77	1	77	1.36e-51	155
31P2R1A5_01166	54P2R2A3_03190	97.403	77	2	0	1	77	1	77	5.16e-50	151
31P2R1A5_01167	31P2R1A5_01167	100.000	227	0	0	1	227	1	227	1.25e-167	461
31P2R1A5_01168	31P2R1A5_01168	100.000	81	0	0	1	81	1	81	1.71e-55	165
31P2R1A5_01169	31P2R1A5_01169	100.000	118	0	0	1	118	1	118	1.85e-82	236
31P2R1A5_01170	31P2R1A5_01170	100.000	394	0	0	1	394	1	394	0.0	791
31P2R1A5_01171	31P2R1A5_01171	100.000	448	0	0	1	448	1	448	0.0	916
31P2R1A5_01171	54P2R2A3_03195	98.329	419	7	0	30	448	1	419	0.0	842
31P2R1A5_01172	31P2R1A5_01172	100.000	295	0	0	1	295	1	295	0.0	573
31P2R1A5_01173	31P2R1A5_01173	100.000	263	0	0	1	263	1	263	0.0	541
31P2R1A5_01174	31P2R1A5_01174	100.000	1356	0	0	1	1356	1	1356	0.0	2758
31P2R1A5_01174	54P2R2A3_03198	96.755	1356	44	0	1	1356	1	1356	0.0	2678
31P2R1A5_01175	31P2R1A5_01175	100.000	869	0	0	1	869	1	869	0.0	1766
31P2R1A5_01175	54P2R2A3_03199	95.838	865	36	0	1	865	1	865	0.0	1696
31P2R1A5_01176	31P2R1A5_01176	100.000	461	0	0	1	461	1	461	0.0	939
31P2R1A5_01177	31P2R1A5_01177	100.000	217	0	0	1	217	1	217	5.27e-157	433
31P2R1A5_01177	51P2R2A10_00423	97.235	217	6	0	1	217	1	217	8.96e-154	425
31P2R1A5_01177	18P3R3A11_00662	95.392	217	10	0	1	217	1	217	2.42e-132	370
31P2R1A5_01178	31P2R1A5_01178	100.000	593	0	0	1	593	1	593	0.0	1214
31P2R1A5_01179	31P2R1A5_01179	100.000	463	0	0	1	463	1	463	0.0	920
31P2R1A5_01180	31P2R1A5_01180	100.000	1248	0	0	1	1248	1	1248	0.0	2608
31P2R1A5_01180	42P1R1A12_00538	95.353	1248	58	0	1	1248	1	1248	0.0	2513
31P2R1A5_01181	31P2R1A5_01181	100.000	512	0	0	1	512	1	512	0.0	1075
31P2R1A5_01181	38P2R3A13_02643	97.059	510	15	0	1	510	1	510	0.0	1050
31P2R1A5_01181	38P2R3A13_06131	95.640	344	15	0	167	510	1	344	0.0	696
31P2R1A5_01182	31P2R1A5_01182	100.000	237	0	0	1	237	1	237	4.11e-172	473
31P2R1A5_01183	31P2R1A5_01183	100.000	226	0	0	1	226	1	226	1.20e-166	458
31P2R1A5_01183	38P2R3A13_06133	97.345	226	6	0	1	226	1	226	5.11e-164	451
31P2R1A5_01184	31P2R1A5_01184	100.000	299	0	0	1	299	1	299	0.0	581
31P2R1A5_01184	54P2R2A3_03208	96.321	299	11	0	1	299	1	299	0.0	557
31P2R1A5_01185	31P2R1A5_01185	100.000	148	0	0	1	148	1	148	5.12e-104	293
31P2R1A5_01188	31P2R1A5_01188	100.000	281	0	0	1	281	1	281	0.0	575
31P2R1A5_01188	42P1R1A12_00544	96.085	281	11	0	1	281	1	281	0.0	556
31P2R1A5_01189	31P2R1A5_01189	100.000	120	0	0	1	120	1	120	1.59e-88	252
31P2R1A5_01189	44P3R3A6_00952	100.000	120	0	0	1	120	34	153	2.57e-88	253
31P2R1A5_01190	31P2R1A5_01190	100.000	301	0	0	1	301	1	301	0.0	615
31P2R1A5_01190	54P2R2A3_03214	97.674	301	7	0	1	301	1	301	0.0	606
31P2R1A5_01191	31P2R1A5_01191	100.000	338	0	0	1	338	1	338	0.0	688
31P2R1A5_01191	54P2R2A3_03215	97.337	338	9	0	1	338	1	338	0.0	669
31P2R1A5_01192	31P2R1A5_01192	100.000	301	0	0	1	301	1	301	0.0	613
31P2R1A5_01192	42P1R1A12_00548	95.681	301	13	0	1	301	1	301	0.0	590
31P2R1A5_01193	31P2R1A5_01193	100.000	136	0	0	1	136	1	136	4.93e-96	272
31P2R1A5_01194	31P2R1A5_01194	100.000	48	0	0	1	48	1	48	1.18e-31	103
31P2R1A5_01195	31P2R1A5_01195	100.000	176	0	0	1	176	1	176	3.58e-131	364
31P2R1A5_01195	54P2R2A3_03218	95.455	176	8	0	1	176	1	176	4.62e-125	349
31P2R1A5_01196	31P2R1A5_01196	100.000	892	0	0	1	892	1	892	0.0	1833
31P2R1A5_01196	10P3R2A13_01860	97.309	892	24	0	1	892	1	892	0.0	1798
31P2R1A5_01196	42P1R1A12_00551	96.300	892	33	0	1	892	1	892	0.0	1771
31P2R1A5_01196	18P3R3A11_00681	96.641	893	29	1	1	892	1	893	0.0	1768
31P2R1A5_01196	14P1R2A4_05114	95.455	44	2	0	829	872	1	44	1.34e-23	94.7
31P2R1A5_01197	31P2R1A5_01197	100.000	216	0	0	1	216	1	216	1.05e-154	427
31P2R1A5_01198	31P2R1A5_01198	100.000	545	0	0	1	545	1	545	0.0	1123
31P2R1A5_01199	31P2R1A5_01199	100.000	307	0	0	1	307	1	307	0.0	612
31P2R1A5_01199	42P1R1A12_00554	97.068	307	9	0	1	307	1	307	0.0	600
31P2R1A5_01199	18P3R3A11_00684	97.068	307	9	0	1	307	1	307	0.0	596
31P2R1A5_01199	10P3R2A13_01865	96.417	307	11	0	1	307	1	307	0.0	593
31P2R1A5_01199	38P2R3A13_02659	96.091	307	12	0	1	307	1	307	0.0	592
31P2R1A5_01199	43P2R2A2_02904	100.000	92	0	0	216	307	1	92	6.60e-57	178
31P2R1A5_01200	31P2R1A5_01200	100.000	303	0	0	1	303	1	303	0.0	600
31P2R1A5_01200	42P1R1A12_00555	96.040	303	12	0	1	303	1	303	0.0	581
31P2R1A5_01200	18P3R3A11_00685	95.050	303	15	0	1	303	1	303	0.0	557
31P2R1A5_01201	31P2R1A5_01201	100.000	338	0	0	1	338	1	338	0.0	692
31P2R1A5_01202	31P2R1A5_01202	100.000	335	0	0	1	335	1	335	0.0	688
31P2R1A5_01202	42P1R1A12_00557	97.612	335	8	0	1	335	1	335	0.0	674
31P2R1A5_01202	18P3R3A11_00687	96.716	335	11	0	1	335	1	335	0.0	666
31P2R1A5_01202	10P3R2A13_01868	96.119	335	13	0	1	335	1	335	0.0	662
31P2R1A5_01203	31P2R1A5_01203	100.000	278	0	0	1	278	1	278	0.0	561
31P2R1A5_01204	31P2R1A5_01204	100.000	110	0	0	1	110	1	110	3.23e-76	220
31P2R1A5_01205	31P2R1A5_01205	100.000	487	0	0	1	487	1	487	0.0	999
31P2R1A5_01205	42P1R1A12_00560	97.947	487	10	0	1	487	1	487	0.0	984
31P2R1A5_01205	38P2R3A13_04328	95.072	487	24	0	1	487	1	487	0.0	959
31P2R1A5_01205	15P1R1A16_03161	95.105	143	7	0	345	487	1	143	1.71e-92	277
31P2R1A5_01206	31P2R1A5_01206	100.000	69	0	0	1	69	1	69	1.02e-43	135
31P2R1A5_01206	54P2R2A3_03229	97.101	69	2	0	1	69	1	69	1.79e-41	129
31P2R1A5_01207	31P2R1A5_01207	100.000	193	0	0	1	193	1	193	5.37e-140	388
31P2R1A5_01208	31P2R1A5_01208	100.000	810	0	0	1	810	1	810	0.0	1654
31P2R1A5_01209	31P2R1A5_01209	100.000	99	0	0	1	99	1	99	1.15e-68	200
31P2R1A5_01209	42P1R1A12_00563	95.960	99	4	0	1	99	1	99	2.28e-66	194
31P2R1A5_01210	31P2R1A5_01210	100.000	247	0	0	1	247	1	247	1.56e-175	482
31P2R1A5_01210	54P2R2A3_03232	95.122	246	10	1	4	247	1	246	2.06e-132	373
31P2R1A5_01211	31P2R1A5_01211	100.000	291	0	0	1	291	1	291	0.0	598
31P2R1A5_01211	54P2R2A3_03233	96.907	291	9	0	1	291	1	291	0.0	585
31P2R1A5_01212	31P2R1A5_01212	100.000	95	0	0	1	95	1	95	7.03e-65	190
31P2R1A5_01213	31P2R1A5_01213	100.000	311	0	0	1	311	1	311	0.0	628
31P2R1A5_01214	31P2R1A5_01214	100.000	253	0	0	1	253	1	253	0.0	518
31P2R1A5_01214	54P2R2A3_03236	96.838	253	8	0	1	253	1	253	0.0	507
31P2R1A5_01215	31P2R1A5_01215	100.000	78	0	0	1	78	1	78	2.52e-52	157
31P2R1A5_01216	31P2R1A5_01216	100.000	643	0	0	1	643	1	643	0.0	1348
31P2R1A5_01216	18P3R3A11_00456	96.734	643	21	0	1	643	1	643	0.0	1311
31P2R1A5_01217	31P2R1A5_01217	100.000	156	0	0	1	156	1	156	1.31e-110	311
31P2R1A5_01217	42P1R1A12_00571	98.649	148	2	0	9	156	1	148	3.85e-104	294
31P2R1A5_01217	54P2R2A3_03239	95.862	145	6	0	12	156	1	145	1.58e-87	252
31P2R1A5_01217	10P3R2A13_00895	95.862	145	6	0	12	156	1	145	1.70e-87	252
31P2R1A5_01217	18P3R3A11_00455	98.246	114	2	0	43	156	1	114	2.73e-77	225
31P2R1A5_01220	31P2R1A5_01220	100.000	328	0	0	1	328	1	328	0.0	677
31P2R1A5_01220	18P3R3A11_00452	97.561	328	8	0	1	328	1	328	0.0	664
31P2R1A5_01220	42P1R1A12_00574	96.951	328	10	0	1	328	1	328	0.0	660
31P2R1A5_01220	10P3R2A13_00892	96.646	328	11	0	1	328	1	328	0.0	660
31P2R1A5_01220	38P2R3A13_08442	98.515	202	3	0	127	328	1	202	4.26e-151	422
31P2R1A5_01220	15P1R1A16_03523	97.030	202	6	0	127	328	1	202	2.51e-149	418
31P2R1A5_01221	31P2R1A5_01221	100.000	796	0	0	1	796	1	796	0.0	1617
31P2R1A5_01223	31P2R1A5_01223	100.000	324	0	0	1	324	1	324	0.0	655
31P2R1A5_01224	31P2R1A5_01224	100.000	329	0	0	1	329	1	329	0.0	619
31P2R1A5_01225	31P2R1A5_01225	100.000	267	0	0	1	267	1	267	0.0	541
31P2R1A5_01226	31P2R1A5_01226	100.000	184	0	0	1	184	1	184	5.59e-137	379
31P2R1A5_01226	54P2R2A3_03251	97.826	184	4	0	1	184	1	184	7.39e-135	374
31P2R1A5_01227	31P2R1A5_01227	100.000	250	0	0	1	250	1	250	0.0	506
31P2R1A5_01227	54P2R2A3_03252	96.400	250	9	0	1	250	1	250	1.97e-175	482
31P2R1A5_01228	31P2R1A5_01228	100.000	155	0	0	1	155	1	155	3.23e-115	322
31P2R1A5_01229	31P2R1A5_01229	100.000	481	0	0	1	481	1	481	0.0	985
31P2R1A5_01230	31P2R1A5_01230	100.000	60	0	0	1	60	1	60	2.91e-39	123
31P2R1A5_01230	54P2R2A3_03255	96.667	60	2	0	1	60	17	76	3.15e-38	120
31P2R1A5_01231	31P2R1A5_01231	100.000	349	0	0	1	349	1	349	0.0	723
31P2R1A5_01231	42P1R1A12_00584	96.562	349	12	0	1	349	1	349	0.0	703
31P2R1A5_01232	31P2R1A5_01232	100.000	278	0	0	1	278	1	278	0.0	571
31P2R1A5_01232	42P1R1A12_00585	96.043	278	11	0	1	278	1	278	0.0	555
31P2R1A5_01233	31P2R1A5_01233	100.000	793	0	0	1	793	1	793	0.0	1634
31P2R1A5_01233	42P1R1A12_00586	97.100	793	23	0	1	793	1	793	0.0	1600
31P2R1A5_01233	10P3R2A13_00880	95.334	793	37	0	1	793	1	793	0.0	1570
31P2R1A5_01234	31P2R1A5_01234	100.000	371	0	0	1	371	1	371	0.0	721
31P2R1A5_01235	31P2R1A5_01235	100.000	1019	0	0	1	1019	1	1019	0.0	2116
31P2R1A5_01235	54P2R2A3_03260	97.841	1019	22	0	1	1019	1	1019	0.0	2084
31P2R1A5_01236	31P2R1A5_01236	100.000	137	0	0	1	137	1	137	5.76e-99	280
31P2R1A5_01237	31P2R1A5_01237	100.000	83	0	0	1	83	1	83	1.14e-48	148
31P2R1A5_01237	38P2R3A13_00631	96.386	83	3	0	1	83	1	83	1.98e-47	145
31P2R1A5_01237	38P2R3A13_07605	95.238	63	3	0	21	83	1	63	3.63e-34	111
31P2R1A5_01238	31P2R1A5_01238	100.000	107	0	0	1	107	1	107	4.70e-71	207
31P2R1A5_01239	31P2R1A5_01239	100.000	327	0	0	1	327	1	327	0.0	683
31P2R1A5_01240	31P2R1A5_01240	100.000	344	0	0	1	344	1	344	0.0	709
31P2R1A5_01241	31P2R1A5_01241	100.000	411	0	0	1	411	1	411	0.0	791
31P2R1A5_01241	54P2R2A3_03267	96.107	411	16	0	1	411	1	411	0.0	736
31P2R1A5_01242	31P2R1A5_01242	100.000	254	0	0	1	254	1	254	0.0	520
31P2R1A5_01243	31P2R1A5_01243	100.000	346	0	0	1	346	1	346	0.0	665
31P2R1A5_01244	31P2R1A5_01244	100.000	333	0	0	1	333	1	333	0.0	684
31P2R1A5_01244	54P2R2A3_03270	97.898	333	7	0	1	333	1	333	0.0	672
31P2R1A5_01245	31P2R1A5_01245	100.000	304	0	0	1	304	1	304	0.0	606
31P2R1A5_01246	31P2R1A5_01246	100.000	332	0	0	1	332	1	332	0.0	667
31P2R1A5_01247	31P2R1A5_01247	100.000	179	0	0	1	179	1	179	2.84e-131	365
31P2R1A5_01247	44P3R3A6_00891	100.000	179	0	0	1	179	27	205	5.03e-131	365
31P2R1A5_01248	31P2R1A5_01248	100.000	370	0	0	1	370	1	370	0.0	721
31P2R1A5_01248	54P2R2A3_03274	95.676	370	16	0	1	370	1	370	0.0	625
31P2R1A5_01249	31P2R1A5_01249	100.000	1034	0	0	1	1034	1	1034	0.0	2071
31P2R1A5_01249	54P2R2A3_03275	96.996	1032	28	1	1	1032	1	1029	0.0	2001
31P2R1A5_01250	31P2R1A5_01250	100.000	395	0	0	1	395	1	395	0.0	799
31P2R1A5_01251	31P2R1A5_01251	100.000	66	0	0	1	66	1	66	1.69e-40	126
31P2R1A5_01252	31P2R1A5_01252	100.000	126	0	0	1	126	1	126	2.46e-92	262
31P2R1A5_01252	54P2R2A3_03280	97.619	126	3	0	1	126	1	126	2.80e-89	254
31P2R1A5_01253	31P2R1A5_01253	100.000	496	0	0	1	496	1	496	0.0	1040
31P2R1A5_01253	42P1R1A12_00599	96.976	496	15	0	1	496	1	496	0.0	1012
31P2R1A5_01253	10P3R2A13_00861	95.766	496	21	0	1	496	1	496	0.0	1004
31P2R1A5_01253	18P3R3A11_00414	95.171	497	23	1	1	496	1	497	0.0	996
31P2R1A5_01254	31P2R1A5_01254	100.000	249	0	0	1	249	1	249	0.0	505
31P2R1A5_01254	54P2R2A3_03282	96.787	249	8	0	1	249	1	249	3.40e-179	492
31P2R1A5_01255	31P2R1A5_01255	100.000	425	0	0	1	425	1	425	0.0	867
31P2R1A5_01255	54P2R2A3_03283	96.706	425	14	0	1	425	1	425	0.0	838
31P2R1A5_01256	31P2R1A5_01256	100.000	407	0	0	1	407	1	407	0.0	832
31P2R1A5_01256	54P2R2A3_03284	97.789	407	9	0	1	407	1	407	0.0	815
31P2R1A5_01257	31P2R1A5_01257	100.000	139	0	0	1	139	1	139	1.82e-101	286
31P2R1A5_01257	54P2R2A3_03285	97.842	139	3	0	1	139	1	139	1.52e-99	281
31P2R1A5_01258	31P2R1A5_01258	100.000	329	0	0	1	329	1	329	0.0	670
31P2R1A5_01258	54P2R2A3_03286	96.049	329	13	0	1	329	1	329	0.0	646
31P2R1A5_01259	31P2R1A5_01259	100.000	79	0	0	1	79	1	79	1.20e-50	153
31P2R1A5_01259	18P3R3A11_00408	97.468	79	2	0	1	79	1	79	1.62e-48	147
31P2R1A5_01260	31P2R1A5_01260	100.000	471	0	0	1	471	1	471	0.0	954
31P2R1A5_01260	42P1R1A12_00606	96.603	471	16	0	1	471	1	471	0.0	924
31P2R1A5_01260	38P2R3A13_08675	95.989	349	14	0	123	471	1	349	0.0	673
31P2R1A5_01261	31P2R1A5_01261	100.000	71	0	0	1	71	1	71	5.13e-47	143
31P2R1A5_01261	54P2R2A3_03289	95.775	71	3	0	1	71	1	71	9.67e-45	137
31P2R1A5_01262	31P2R1A5_01262	100.000	213	0	0	1	213	1	213	5.78e-160	440
31P2R1A5_01262	54P2R2A3_03290	97.653	213	5	0	1	213	1	213	1.53e-156	431
31P2R1A5_01263	31P2R1A5_01263	100.000	618	0	0	1	618	1	618	0.0	1263
31P2R1A5_01263	54P2R2A3_03291	96.278	618	23	0	1	618	1	618	0.0	1223
31P2R1A5_01264	31P2R1A5_01264	100.000	441	0	0	1	441	1	441	0.0	877
31P2R1A5_01265	31P2R1A5_01265	100.000	279	0	0	1	279	1	279	0.0	568
31P2R1A5_01265	54P2R2A3_03293	97.849	279	6	0	1	279	1	279	0.0	555
31P2R1A5_01266	31P2R1A5_01266	100.000	248	0	0	1	248	1	248	2.91e-180	494
31P2R1A5_01267	31P2R1A5_01267	100.000	250	0	0	1	250	1	250	0.0	497
31P2R1A5_01267	44P3R3A6_00871	97.600	250	6	0	1	250	1	250	6.88e-176	483
31P2R1A5_01268	31P2R1A5_01268	100.000	336	0	0	1	336	1	336	0.0	646
31P2R1A5_01268	54P2R2A3_03296	96.131	336	13	0	1	336	1	336	0.0	622
31P2R1A5_01269	31P2R1A5_01269	100.000	353	0	0	1	353	1	353	0.0	719
31P2R1A5_01269	54P2R2A3_03297	96.884	353	11	0	1	353	1	353	0.0	702
31P2R1A5_01270	31P2R1A5_01270	100.000	271	0	0	1	271	1	271	0.0	548
31P2R1A5_01270	54P2R2A3_03298	97.417	271	7	0	1	271	1	271	0.0	534
31P2R1A5_01271	31P2R1A5_01271	100.000	555	0	0	1	555	1	555	0.0	1142
31P2R1A5_01271	54P2R2A3_03299	96.577	555	19	0	1	555	1	555	0.0	1106
31P2R1A5_01272	31P2R1A5_01272	100.000	315	0	0	1	315	1	315	0.0	639
31P2R1A5_01272	44P3R3A6_00866	97.778	315	7	0	1	315	1	315	0.0	627
31P2R1A5_01272	54P2R2A3_03300	96.825	315	10	0	1	315	1	315	0.0	622
31P2R1A5_01273	31P2R1A5_01273	100.000	289	0	0	1	289	1	289	0.0	594
31P2R1A5_01274	31P2R1A5_01274	100.000	269	0	0	1	269	1	269	0.0	547
31P2R1A5_01275	31P2R1A5_01275	100.000	317	0	0	1	317	1	317	0.0	640
31P2R1A5_01276	31P2R1A5_01276	100.000	339	0	0	1	339	1	339	0.0	686
31P2R1A5_01276	54P2R2A3_03304	97.935	339	7	0	1	339	1	339	0.0	674
31P2R1A5_01277	31P2R1A5_01277	100.000	399	0	0	1	399	1	399	0.0	753
31P2R1A5_01278	31P2R1A5_01278	100.000	242	0	0	1	242	1	242	0.0	496
31P2R1A5_01278	54P2R2A3_03306	96.694	242	8	0	1	242	1	242	3.11e-176	484
31P2R1A5_01279	31P2R1A5_01279	100.000	527	0	0	1	527	1	527	0.0	1055
31P2R1A5_01280	31P2R1A5_01280	100.000	201	0	0	1	201	1	201	5.46e-148	409
31P2R1A5_01281	31P2R1A5_01281	100.000	298	0	0	1	298	1	298	0.0	588
31P2R1A5_01281	54P2R2A3_03309	97.651	298	7	0	1	298	1	298	0.0	577
31P2R1A5_01282	31P2R1A5_01282	100.000	362	0	0	1	362	1	362	0.0	728
31P2R1A5_01283	31P2R1A5_01283	100.000	384	0	0	1	384	1	384	0.0	770
31P2R1A5_01283	54P2R2A3_03311	97.656	384	9	0	1	384	1	384	0.0	751
31P2R1A5_01284	31P2R1A5_01284	100.000	321	0	0	1	321	1	321	0.0	639
31P2R1A5_01285	31P2R1A5_01285	100.000	346	0	0	1	346	1	346	0.0	709
31P2R1A5_01285	51P2R2A10_00516	95.087	346	17	0	1	346	1	346	0.0	676
31P2R1A5_01286	31P2R1A5_01286	100.000	332	0	0	1	332	1	332	0.0	640
31P2R1A5_01287	31P2R1A5_01287	100.000	263	0	0	1	263	1	263	0.0	521
31P2R1A5_01288	31P2R1A5_01288	100.000	168	0	0	1	168	1	168	3.72e-115	323
31P2R1A5_01289	31P2R1A5_01289	100.000	718	0	0	1	718	1	718	0.0	1474
31P2R1A5_01289	54P2R2A3_03316	98.698	691	9	0	28	718	1	691	0.0	1402
31P2R1A5_01290	31P2R1A5_01290	100.000	274	0	0	1	274	1	274	0.0	558
31P2R1A5_01290	54P2R2A3_03317	98.889	270	3	0	1	270	1	270	0.0	546
31P2R1A5_01291	31P2R1A5_01291	100.000	342	0	0	1	342	1	342	0.0	632
31P2R1A5_01291	44P3R3A6_00848	97.661	342	8	0	1	342	1	342	0.0	618
31P2R1A5_01291	54P2R2A3_03318	97.106	311	9	0	32	342	32	342	0.0	523
31P2R1A5_01292	31P2R1A5_01292	100.000	351	0	0	1	351	1	351	0.0	662
31P2R1A5_01292	54P2R2A3_03319	95.726	351	15	0	1	351	1	351	0.0	635
31P2R1A5_01293	31P2R1A5_01293	100.000	318	0	0	1	318	1	318	0.0	649
31P2R1A5_01293	54P2R2A3_03320	97.799	318	7	0	1	318	1	318	0.0	635
31P2R1A5_01294	31P2R1A5_01294	100.000	301	0	0	1	301	1	301	0.0	610
31P2R1A5_01295	31P2R1A5_01295	100.000	256	0	0	1	256	1	256	0.0	520
31P2R1A5_01296	31P2R1A5_01296	100.000	255	0	0	1	255	1	255	0.0	518
31P2R1A5_01296	42P1R1A12_00644	96.850	254	8	0	1	254	1	254	0.0	507
31P2R1A5_01297	31P2R1A5_01297	100.000	241	0	0	1	241	1	241	4.80e-180	493
31P2R1A5_01298	31P2R1A5_01298	100.000	121	0	0	1	121	1	121	5.39e-86	246
31P2R1A5_01299	31P2R1A5_01299	100.000	325	0	0	1	325	1	325	0.0	674
31P2R1A5_01300	31P2R1A5_01300	100.000	319	0	0	1	319	1	319	0.0	650
31P2R1A5_01301	31P2R1A5_01301	100.000	411	0	0	1	411	1	411	0.0	862
31P2R1A5_01302	31P2R1A5_01302	100.000	636	0	0	1	636	1	636	0.0	1328
31P2R1A5_01303	31P2R1A5_01303	100.000	573	0	0	1	573	1	573	0.0	1160
31P2R1A5_01304	31P2R1A5_01304	100.000	261	0	0	1	261	1	261	0.0	532
31P2R1A5_01305	31P2R1A5_01305	100.000	294	0	0	1	294	1	294	0.0	608
31P2R1A5_01306	31P2R1A5_01306	100.000	118	0	0	1	118	1	118	9.88e-84	239
31P2R1A5_01307	31P2R1A5_01307	100.000	132	0	0	1	132	1	132	3.29e-98	277
31P2R1A5_01308	31P2R1A5_01308	100.000	375	0	0	1	375	1	375	0.0	751
31P2R1A5_01309	31P2R1A5_01309	100.000	252	0	0	1	252	1	252	0.0	516
31P2R1A5_01310	31P2R1A5_01310	100.000	337	0	0	1	337	1	337	0.0	666
31P2R1A5_01311	31P2R1A5_01311	100.000	359	0	0	1	359	1	359	0.0	740
31P2R1A5_01312	31P2R1A5_01312	100.000	461	0	0	1	461	1	461	0.0	910
31P2R1A5_01313	31P2R1A5_01313	100.000	279	0	0	1	279	1	279	0.0	564
31P2R1A5_01314	31P2R1A5_01314	100.000	321	0	0	1	321	1	321	0.0	661
31P2R1A5_01315	31P2R1A5_01315	100.000	1128	0	0	1	1128	1	1128	0.0	2343
31P2R1A5_01316	31P2R1A5_01316	100.000	75	0	0	1	75	1	75	1.36e-49	150
31P2R1A5_01317	31P2R1A5_01317	100.000	400	0	0	1	400	1	400	0.0	780
31P2R1A5_01318	31P2R1A5_01318	100.000	386	0	0	1	386	1	386	0.0	789
31P2R1A5_01319	31P2R1A5_01319	100.000	717	0	0	1	717	1	717	0.0	1492
31P2R1A5_01319	54P2R2A3_03331	97.768	717	16	0	1	717	1	717	0.0	1469
31P2R1A5_01320	31P2R1A5_01320	100.000	360	0	0	1	360	1	360	0.0	732
31P2R1A5_01321	31P2R1A5_01321	100.000	363	0	0	1	363	1	363	0.0	741
31P2R1A5_01322	31P2R1A5_01322	100.000	590	0	0	1	590	1	590	0.0	1164
31P2R1A5_01322	42P1R1A12_01966	95.763	590	25	0	1	590	1	590	0.0	1125
31P2R1A5_01323	31P2R1A5_01323	100.000	357	0	0	1	357	1	357	0.0	724
31P2R1A5_01324	31P2R1A5_01324	100.000	134	0	0	1	134	1	134	4.02e-96	272
31P2R1A5_01325	31P2R1A5_01325	100.000	91	0	0	1	91	1	91	1.83e-62	184
31P2R1A5_01326	31P2R1A5_01326	100.000	124	0	0	1	124	1	124	1.72e-88	252
31P2R1A5_01326	44P3R3A6_00814	96.774	124	4	0	1	124	1	124	8.31e-86	245
31P2R1A5_01326	54P2R2A3_03336	95.161	124	6	0	1	124	1	124	2.36e-84	242
31P2R1A5_01327	31P2R1A5_01327	100.000	252	0	0	1	252	1	252	0.0	518
31P2R1A5_01328	31P2R1A5_01328	100.000	595	0	0	1	595	1	595	0.0	1241
31P2R1A5_01329	31P2R1A5_01329	100.000	446	0	0	1	446	1	446	0.0	922
31P2R1A5_01330	31P2R1A5_01330	100.000	208	0	0	1	208	1	208	2.29e-148	410
31P2R1A5_01331	31P2R1A5_01331	100.000	220	0	0	1	220	1	220	7.17e-147	407
31P2R1A5_01332	31P2R1A5_01332	100.000	246	0	0	1	246	1	246	9.33e-177	485
31P2R1A5_01333	31P2R1A5_01333	100.000	77	0	0	1	77	1	77	1.50e-49	150
31P2R1A5_01334	31P2R1A5_01334	100.000	153	0	0	1	153	1	153	2.31e-109	307
31P2R1A5_01336	31P2R1A5_01336	100.000	185	0	0	1	185	1	185	2.07e-135	375
31P2R1A5_01337	31P2R1A5_01337	100.000	153	0	0	1	153	1	153	9.05e-112	313
31P2R1A5_01337	44P3R3A6_00803	97.386	153	4	0	1	153	1	153	8.74e-108	303
31P2R1A5_01338	31P2R1A5_01338	100.000	281	0	0	1	281	1	281	0.0	540
31P2R1A5_01338	44P3R3A6_00802	96.441	281	10	0	1	281	1	281	0.0	523
31P2R1A5_01338	54P2R2A3_03348	96.085	281	11	0	1	281	1	281	0.0	521
31P2R1A5_01339	31P2R1A5_01339	100.000	173	0	0	1	173	1	173	6.72e-130	361
31P2R1A5_01340	31P2R1A5_01340	100.000	154	0	0	1	154	1	154	2.20e-115	322
31P2R1A5_01340	44P3R3A6_00800	97.403	154	4	0	1	154	1	154	2.98e-112	315
31P2R1A5_01341	31P2R1A5_01341	100.000	201	0	0	1	201	1	201	2.94e-151	417
31P2R1A5_01342	31P2R1A5_01342	100.000	232	0	0	1	232	1	232	4.10e-173	475
31P2R1A5_01343	31P2R1A5_01343	100.000	121	0	0	1	121	1	121	2.85e-87	249
31P2R1A5_01343	54P2R2A3_00003	97.521	121	3	0	1	121	1	121	1.09e-84	242
31P2R1A5_01344	31P2R1A5_01344	100.000	346	0	0	1	346	1	346	0.0	711
31P2R1A5_01344	54P2R2A3_00004	98.095	210	4	0	1	210	1	210	9.44e-152	425
31P2R1A5_01345	31P2R1A5_01345	100.000	376	0	0	1	376	1	376	0.0	771
31P2R1A5_01346	31P2R1A5_01346	100.000	257	0	0	1	257	1	257	0.0	518
31P2R1A5_01347	31P2R1A5_01347	100.000	560	0	0	1	560	1	560	0.0	1140
31P2R1A5_01348	31P2R1A5_01348	100.000	260	0	0	1	260	1	260	0.0	541
31P2R1A5_01349	31P2R1A5_01349	100.000	291	0	0	1	291	1	291	0.0	598
31P2R1A5_01350	31P2R1A5_01350	100.000	131	0	0	1	131	1	131	1.13e-95	271
31P2R1A5_01351	31P2R1A5_01351	100.000	114	0	0	1	114	1	114	6.99e-78	224
31P2R1A5_01352	31P2R1A5_01352	100.000	257	0	0	1	257	1	257	0.0	523
31P2R1A5_01353	31P2R1A5_01353	100.000	464	0	0	1	464	1	464	0.0	903
31P2R1A5_01354	31P2R1A5_01354	100.000	308	0	0	1	308	1	308	0.0	616
31P2R1A5_01354	44P3R3A6_00785	97.403	308	8	0	1	308	1	308	0.0	602
31P2R1A5_01354	54P2R2A3_00020	95.779	308	13	0	1	308	1	308	0.0	587
31P2R1A5_01355	31P2R1A5_01355	100.000	394	0	0	1	394	1	394	0.0	785
31P2R1A5_01355	54P2R2A3_00021	97.208	394	11	0	1	394	1	394	0.0	761
31P2R1A5_01356	31P2R1A5_01356	100.000	219	0	0	1	219	1	219	1.21e-159	440
31P2R1A5_01357	31P2R1A5_01357	100.000	236	0	0	1	236	1	236	8.28e-173	474
31P2R1A5_01358	31P2R1A5_01358	100.000	297	0	0	1	297	1	297	0.0	600
31P2R1A5_01359	31P2R1A5_01359	100.000	47	0	0	1	47	1	47	2.39e-26	89.7
31P2R1A5_01359	44P3R3A6_00780	97.872	47	1	0	1	47	1	47	8.75e-26	88.2
31P2R1A5_01359	38P2R3A13_00507	95.745	47	2	0	1	47	1	47	3.13e-25	87.0
31P2R1A5_01360	31P2R1A5_01360	100.000	49	0	0	1	49	1	49	1.75e-31	102
31P2R1A5_01360	44P3R3A6_00779	95.918	49	2	0	1	49	1	49	3.52e-30	99.4
31P2R1A5_01361	31P2R1A5_01361	100.000	303	0	0	1	303	1	303	0.0	627
31P2R1A5_01361	54P2R2A3_00026	95.710	303	13	0	1	303	1	303	0.0	603
31P2R1A5_01362	31P2R1A5_01362	100.000	406	0	0	1	406	1	406	0.0	790
31P2R1A5_01363	31P2R1A5_01363	100.000	154	0	0	1	154	1	154	8.84e-112	313
31P2R1A5_01364	31P2R1A5_01364	100.000	83	0	0	1	83	1	83	7.97e-57	169
31P2R1A5_01365	31P2R1A5_01365	100.000	393	0	0	1	393	1	393	0.0	758
31P2R1A5_01365	54P2R2A3_00030	98.221	281	5	0	1	281	1	281	0.0	528
31P2R1A5_01365	54P2R2A3_00031	98.198	111	2	0	283	393	1	111	5.05e-70	215
31P2R1A5_01366	31P2R1A5_01366	100.000	320	0	0	1	320	1	320	0.0	642
31P2R1A5_01367	31P2R1A5_01367	100.000	456	0	0	1	456	1	456	0.0	890
31P2R1A5_01368	31P2R1A5_01368	100.000	113	0	0	1	113	1	113	4.66e-79	228
31P2R1A5_01369	31P2R1A5_01369	100.000	143	0	0	1	143	1	143	7.27e-103	290
31P2R1A5_01370	31P2R1A5_01370	100.000	159	0	0	1	159	1	159	6.50e-115	322
31P2R1A5_01371	31P2R1A5_01371	100.000	474	0	0	1	474	1	474	0.0	970
31P2R1A5_01371	54P2R2A3_00034	97.040	473	14	0	2	474	1	473	0.0	943
31P2R1A5_01372	31P2R1A5_01372	100.000	272	0	0	1	272	1	272	0.0	530
31P2R1A5_01373	31P2R1A5_01373	100.000	277	0	0	1	277	1	277	0.0	559
31P2R1A5_01374	31P2R1A5_01374	100.000	328	0	0	1	328	1	328	0.0	678
31P2R1A5_01375	31P2R1A5_01375	100.000	294	0	0	1	294	1	294	0.0	601
31P2R1A5_01376	31P2R1A5_01376	100.000	160	0	0	1	160	1	160	8.33e-116	324
31P2R1A5_01377	31P2R1A5_01377	100.000	428	0	0	1	428	1	428	0.0	850
31P2R1A5_01377	54P2R2A3_00040	98.980	196	2	0	233	428	1	196	3.64e-138	393
31P2R1A5_01378	31P2R1A5_01378	100.000	323	0	0	1	323	1	323	0.0	661
31P2R1A5_01378	54P2R2A3_00042	96.594	323	11	0	1	323	1	323	0.0	640
31P2R1A5_01379	31P2R1A5_01379	100.000	300	0	0	1	300	1	300	0.0	615
31P2R1A5_01380	31P2R1A5_01380	100.000	330	0	0	1	330	1	330	0.0	671
31P2R1A5_01381	31P2R1A5_01381	100.000	473	0	0	1	473	1	473	0.0	956
31P2R1A5_01382	31P2R1A5_01382	100.000	330	0	0	1	330	1	330	0.0	691
31P2R1A5_01383	31P2R1A5_01383	100.000	261	0	0	1	261	1	261	0.0	533
31P2R1A5_01384	31P2R1A5_01384	100.000	446	0	0	1	446	1	446	0.0	914
31P2R1A5_01385	31P2R1A5_01385	100.000	344	0	0	1	344	1	344	0.0	706
31P2R1A5_01386	31P2R1A5_01386	100.000	257	0	0	1	257	1	257	0.0	520
31P2R1A5_01387	31P2R1A5_01387	100.000	509	0	0	1	509	1	509	0.0	1016
31P2R1A5_01388	31P2R1A5_01388	100.000	306	0	0	1	306	1	306	0.0	617
31P2R1A5_01388	54P2R2A3_00049	96.259	294	11	0	1	294	1	294	0.0	572
31P2R1A5_01389	31P2R1A5_01389	100.000	511	0	0	1	511	1	511	0.0	992
31P2R1A5_01389	44P3R3A6_00750	97.847	511	11	0	1	511	1	511	0.0	972
31P2R1A5_01389	54P2R2A3_00050	95.695	511	22	0	1	511	1	511	0.0	947
31P2R1A5_01390	31P2R1A5_01390	100.000	358	0	0	1	358	1	358	0.0	734
31P2R1A5_01391	31P2R1A5_01391	100.000	163	0	0	1	163	1	163	1.29e-121	339
31P2R1A5_01392	31P2R1A5_01392	100.000	173	0	0	1	173	1	173	8.77e-123	343
31P2R1A5_01392	54P2R2A3_00052	95.455	176	3	2	1	173	1	174	1.79e-115	324
31P2R1A5_01393	31P2R1A5_01393	100.000	324	0	0	1	324	1	324	0.0	655
31P2R1A5_01393	54P2R2A3_00053	95.679	324	14	0	1	324	1	324	0.0	627
31P2R1A5_01394	31P2R1A5_01394	100.000	327	0	0	1	327	1	327	0.0	656
31P2R1A5_01394	54P2R2A3_00054	97.248	327	9	0	1	327	1	327	0.0	640
31P2R1A5_01395	31P2R1A5_01395	100.000	316	0	0	1	316	1	316	0.0	622
31P2R1A5_01396	31P2R1A5_01396	100.000	320	0	0	1	320	1	320	0.0	636
31P2R1A5_01397	31P2R1A5_01397	100.000	568	0	0	1	568	1	568	0.0	1151
31P2R1A5_01398	31P2R1A5_01398	100.000	348	0	0	1	348	1	348	0.0	704
31P2R1A5_01399	31P2R1A5_01399	100.000	259	0	0	1	259	1	259	0.0	525
31P2R1A5_01400	31P2R1A5_01400	100.000	225	0	0	1	225	1	225	6.06e-159	438
31P2R1A5_01401	31P2R1A5_01401	100.000	409	0	0	1	409	1	409	0.0	830
31P2R1A5_01402	31P2R1A5_01402	100.000	228	0	0	1	228	1	228	2.15e-171	470
31P2R1A5_01402	54P2R2A3_00058	95.175	228	11	0	1	228	1	228	6.87e-155	429
31P2R1A5_01403	31P2R1A5_01403	100.000	128	0	0	1	128	1	128	3.15e-92	262
31P2R1A5_01404	31P2R1A5_01404	100.000	257	0	0	1	257	1	257	0.0	520
31P2R1A5_01404	54P2R2A3_00060	97.276	257	7	0	1	257	1	257	0.0	509
31P2R1A5_01405	31P2R1A5_01405	100.000	210	0	0	1	210	1	210	1.15e-147	409
31P2R1A5_01406	31P2R1A5_01406	100.000	212	0	0	1	212	1	212	2.74e-160	441
31P2R1A5_01406	42P1R1A12_01934	96.226	212	8	0	1	212	1	212	1.25e-155	429
