31P2R1A5_04087	31P2R1A5_04087	100.000	165	0	0	1	165	1	165	1.23e-115	324
31P2R1A5_04088	31P2R1A5_04088	100.000	169	0	0	1	169	1	169	1.03e-124	347
31P2R1A5_04088	18P3R3A11_00978	95.858	169	7	0	1	169	1	169	1.19e-120	337
31P2R1A5_04089	31P2R1A5_04089	100.000	296	0	0	1	296	1	296	0.0	608
31P2R1A5_04090	31P2R1A5_04090	100.000	469	0	0	1	469	1	469	0.0	955
31P2R1A5_04091	31P2R1A5_04091	100.000	337	0	0	1	337	1	337	0.0	660
31P2R1A5_04092	31P2R1A5_04092	100.000	307	0	0	1	307	1	307	0.0	612
31P2R1A5_04093	31P2R1A5_04093	100.000	70	0	0	1	70	1	70	1.83e-42	132
31P2R1A5_04093	44P3R3A6_03088	95.775	71	2	1	1	70	1	71	2.77e-39	124
31P2R1A5_04094	31P2R1A5_04094	100.000	684	0	0	1	684	1	684	0.0	1369
31P2R1A5_04094	44P3R3A6_03087	97.515	684	17	0	1	684	1	684	0.0	1337
31P2R1A5_04095	31P2R1A5_04095	100.000	265	0	0	1	265	1	265	0.0	545
31P2R1A5_04096	31P2R1A5_04096	100.000	66	0	0	1	66	1	66	3.01e-43	133
31P2R1A5_04097	31P2R1A5_04097	100.000	43	0	0	1	43	1	43	4.96e-24	83.6
31P2R1A5_04097	44P3R3A6_03084	100.000	35	0	0	9	43	1	35	3.37e-17	66.2
31P2R1A5_04098	31P2R1A5_04098	100.000	211	0	0	1	211	1	211	2.03e-155	428
31P2R1A5_04099	31P2R1A5_04099	100.000	229	0	0	1	229	1	229	1.69e-171	471
31P2R1A5_04100	31P2R1A5_04100	100.000	137	0	0	1	137	1	137	4.53e-98	277
31P2R1A5_04102	31P2R1A5_04102	100.000	297	0	0	1	297	1	297	0.0	591
31P2R1A5_04102	54P2R2A3_04745	97.306	297	8	0	1	297	1	297	0.0	576
31P2R1A5_04103	31P2R1A5_04103	100.000	595	0	0	1	595	1	595	0.0	1213
31P2R1A5_04103	54P2R2A3_04746	96.627	593	20	0	1	593	1	593	0.0	1172
31P2R1A5_04104	31P2R1A5_04104	100.000	403	0	0	1	403	1	403	0.0	820
31P2R1A5_04105	31P2R1A5_04105	100.000	348	0	0	1	348	1	348	0.0	702
31P2R1A5_04106	31P2R1A5_04106	100.000	305	0	0	1	305	1	305	0.0	632
31P2R1A5_04107	31P2R1A5_04107	100.000	213	0	0	1	213	1	213	1.54e-149	414
31P2R1A5_04108	31P2R1A5_04108	100.000	88	0	0	1	88	1	88	8.57e-61	179
31P2R1A5_04108	54P2R2A3_04751	97.727	88	2	0	1	88	1	88	5.04e-59	175
31P2R1A5_04109	31P2R1A5_04109	100.000	34	0	0	1	34	1	34	6.66e-16	62.4
31P2R1A5_04110	31P2R1A5_04110	100.000	338	0	0	1	338	1	338	0.0	692
31P2R1A5_04110	54P2R2A3_04753	97.337	338	9	0	1	338	1	338	0.0	678
31P2R1A5_04111	31P2R1A5_04111	100.000	80	0	0	1	80	1	80	3.02e-54	162
31P2R1A5_04112	31P2R1A5_04112	100.000	119	0	0	1	119	1	119	1.28e-85	244
31P2R1A5_04112	54P2R2A3_04755	97.479	119	3	0	1	119	1	119	1.20e-83	239
31P2R1A5_04112	44P3R3A6_03069	96.639	119	4	0	1	119	1	119	1.43e-83	239
31P2R1A5_04113	31P2R1A5_04113	100.000	170	0	0	1	170	1	170	1.90e-122	342
31P2R1A5_04113	54P2R2A3_04756	95.294	170	8	0	1	170	1	170	1.50e-109	309
31P2R1A5_04114	31P2R1A5_04114	100.000	231	0	0	1	231	1	231	8.57e-171	469
31P2R1A5_04114	54P2R2A3_04757	96.104	231	9	0	1	231	1	231	1.23e-165	456
31P2R1A5_04115	31P2R1A5_04115	100.000	395	0	0	1	395	1	395	0.0	753
31P2R1A5_04116	31P2R1A5_04116	100.000	264	0	0	1	264	1	264	0.0	540
31P2R1A5_04117	31P2R1A5_04117	100.000	149	0	0	1	149	1	149	2.09e-97	276
31P2R1A5_04117	54P2R2A3_04760	97.987	149	3	0	1	149	1	149	3.62e-96	273
31P2R1A5_04118	31P2R1A5_04118	100.000	167	0	0	1	167	1	167	6.38e-120	335
31P2R1A5_04118	54P2R2A3_04761	97.605	167	4	0	1	167	1	167	2.36e-117	328
31P2R1A5_04120	31P2R1A5_04120	100.000	81	0	0	1	81	1	81	3.30e-55	165
31P2R1A5_04121	31P2R1A5_04121	100.000	421	0	0	1	421	1	421	0.0	881
31P2R1A5_04122	31P2R1A5_04122	100.000	140	0	0	1	140	1	140	9.04e-101	285
31P2R1A5_04123	31P2R1A5_04123	100.000	259	0	0	1	259	1	259	0.0	530
31P2R1A5_04124	31P2R1A5_04124	100.000	196	0	0	1	196	1	196	1.79e-145	402
31P2R1A5_04125	31P2R1A5_04125	100.000	403	0	0	1	403	1	403	0.0	824
31P2R1A5_04126	31P2R1A5_04126	100.000	366	0	0	1	366	1	366	0.0	736
31P2R1A5_04127	31P2R1A5_04127	100.000	308	0	0	1	308	1	308	0.0	625
31P2R1A5_04127	42P1R1A12_03901	95.455	308	14	0	1	308	1	308	0.0	599
31P2R1A5_04128	31P2R1A5_04128	100.000	390	0	0	1	390	1	390	0.0	800
31P2R1A5_04128	42P1R1A12_03902	97.436	390	10	0	1	390	1	390	0.0	782
31P2R1A5_04128	51P2R2A10_01567	96.923	390	12	0	1	390	1	390	0.0	778
31P2R1A5_04129	31P2R1A5_04129	100.000	367	0	0	1	367	1	367	0.0	740
31P2R1A5_04130	31P2R1A5_04130	100.000	392	0	0	1	392	1	392	0.0	804
31P2R1A5_04130	51P2R2A10_01569	96.939	392	12	0	1	392	1	392	0.0	781
31P2R1A5_04130	42P1R1A12_03904	95.663	392	17	0	1	392	1	392	0.0	767
31P2R1A5_04131	31P2R1A5_04131	100.000	247	0	0	1	247	1	247	0.0	506
31P2R1A5_04131	42P1R1A12_03905	96.761	247	8	0	1	247	1	247	9.01e-179	490
31P2R1A5_04132	31P2R1A5_04132	100.000	242	0	0	1	242	1	242	5.45e-176	483
31P2R1A5_04132	42P1R1A12_03906	95.868	242	10	0	1	242	1	242	3.89e-161	446
31P2R1A5_04132	51P2R2A10_01571	95.455	242	11	0	1	242	1	242	1.50e-159	441
31P2R1A5_04133	31P2R1A5_04133	100.000	271	0	0	1	271	1	271	0.0	555
31P2R1A5_04134	31P2R1A5_04134	100.000	243	0	0	1	243	1	243	0.0	498
31P2R1A5_04134	51P2R2A10_01573	95.062	243	12	0	1	243	57	299	1.78e-172	476
31P2R1A5_04135	31P2R1A5_04135	100.000	262	0	0	1	262	1	262	0.0	525
31P2R1A5_04136	31P2R1A5_04136	100.000	481	0	0	1	481	1	481	0.0	939
31P2R1A5_04137	31P2R1A5_04137	100.000	196	0	0	1	196	1	196	3.11e-144	399
31P2R1A5_04138	31P2R1A5_04138	100.000	378	0	0	1	378	1	378	0.0	761
31P2R1A5_04138	44P3R3A6_03043	97.619	378	9	0	1	378	1	378	0.0	742
31P2R1A5_04139	31P2R1A5_04139	100.000	115	0	0	1	115	1	115	6.58e-83	237
31P2R1A5_04140	31P2R1A5_04140	100.000	552	0	0	1	552	1	552	0.0	1095
31P2R1A5_04141	31P2R1A5_04141	100.000	75	0	0	1	75	1	75	9.52e-48	145
31P2R1A5_04141	44P3R3A6_03040	97.333	75	2	0	1	75	1	75	6.95e-47	143
31P2R1A5_04142	31P2R1A5_04142	100.000	898	0	0	1	898	1	898	0.0	1850
31P2R1A5_04143	31P2R1A5_04143	100.000	82	0	0	1	82	1	82	6.92e-55	164
31P2R1A5_04144	31P2R1A5_04144	100.000	302	0	0	1	302	1	302	0.0	619
31P2R1A5_04144	54P2R2A3_03522	96.358	302	11	0	1	302	1	302	0.0	598
31P2R1A5_04145	31P2R1A5_04145	100.000	250	0	0	1	250	1	250	3.97e-177	486
31P2R1A5_04145	54P2R2A3_03521	97.200	250	7	0	1	250	1	250	1.62e-171	472
31P2R1A5_04146	31P2R1A5_04146	100.000	198	0	0	1	198	1	198	2.25e-147	407
31P2R1A5_04147	31P2R1A5_04147	100.000	370	0	0	1	370	1	370	0.0	757
31P2R1A5_04148	31P2R1A5_04148	100.000	312	0	0	1	312	1	312	0.0	631
31P2R1A5_04149	31P2R1A5_04149	100.000	277	0	0	1	277	1	277	0.0	562
31P2R1A5_04150	31P2R1A5_04150	100.000	336	0	0	1	336	1	336	0.0	686
31P2R1A5_04151	31P2R1A5_04151	100.000	286	0	0	1	286	1	286	0.0	585
31P2R1A5_04152	31P2R1A5_04152	100.000	443	0	0	1	443	1	443	0.0	909
31P2R1A5_04153	31P2R1A5_04153	100.000	185	0	0	1	185	1	185	4.75e-136	377
31P2R1A5_04154	31P2R1A5_04154	100.000	251	0	0	1	251	1	251	0.0	509
31P2R1A5_04155	31P2R1A5_04155	100.000	219	0	0	1	219	1	219	2.01e-156	432
31P2R1A5_04156	31P2R1A5_04156	100.000	243	0	0	1	243	1	243	1.21e-179	492
31P2R1A5_04157	31P2R1A5_04157	100.000	339	0	0	1	339	1	339	0.0	693
31P2R1A5_04158	31P2R1A5_04158	100.000	397	0	0	1	397	1	397	0.0	745
31P2R1A5_04159	31P2R1A5_04159	100.000	294	0	0	1	294	1	294	0.0	590
31P2R1A5_04159	54P2R2A3_03519	95.578	294	13	0	1	294	1	294	0.0	565
31P2R1A5_04160	31P2R1A5_04160	100.000	351	0	0	1	351	1	351	0.0	720
31P2R1A5_04161	31P2R1A5_04161	100.000	296	0	0	1	296	1	296	0.0	586
31P2R1A5_04162	31P2R1A5_04162	100.000	104	0	0	1	104	1	104	2.33e-74	215
31P2R1A5_04162	44P3R3A6_03019	100.000	42	0	0	1	42	1	42	5.18e-26	91.3
31P2R1A5_04163	31P2R1A5_04163	100.000	161	0	0	1	161	1	161	2.39e-119	333
31P2R1A5_04163	54P2R2A3_03517	96.894	161	5	0	1	161	1	161	8.33e-116	324
31P2R1A5_04164	31P2R1A5_04164	100.000	188	0	0	1	188	1	188	2.13e-141	391
31P2R1A5_04165	31P2R1A5_04165	100.000	428	0	0	1	428	1	428	0.0	891
31P2R1A5_04166	31P2R1A5_04166	100.000	645	0	0	1	645	1	645	0.0	1338
31P2R1A5_04166	42P1R1A12_02149	97.674	645	15	0	1	645	1	645	0.0	1318
31P2R1A5_04166	10P3R2A13_00952	97.829	645	14	0	1	645	1	645	0.0	1316
31P2R1A5_04166	18P3R3A11_00509	97.519	645	16	0	1	645	1	645	0.0	1312
31P2R1A5_04166	34P3R2A10_03688	97.881	519	11	0	127	645	1	519	0.0	1065
31P2R1A5_04166	38P2R3A13_07593	96.629	89	3	0	557	645	1	89	9.46e-55	181
31P2R1A5_04167	31P2R1A5_04167	100.000	249	0	0	1	249	1	249	0.0	506
31P2R1A5_04167	54P2R2A3_03513	97.590	249	6	0	1	249	1	249	0.0	499
31P2R1A5_04168	31P2R1A5_04168	100.000	295	0	0	1	295	1	295	0.0	601
31P2R1A5_04169	31P2R1A5_04169	100.000	295	0	0	1	295	1	295	0.0	615
31P2R1A5_04170	31P2R1A5_04170	100.000	332	0	0	1	332	1	332	0.0	677
31P2R1A5_04170	18P3R3A11_00506	97.892	332	7	0	1	332	1	332	0.0	664
31P2R1A5_04170	42P1R1A12_02153	96.988	332	10	0	1	332	1	332	0.0	663
31P2R1A5_04170	10P3R2A13_00948	95.482	332	15	0	1	332	1	332	0.0	658
31P2R1A5_04170	38P2R3A13_08360	100.000	65	0	0	268	332	1	65	1.17e-39	134
31P2R1A5_04171	31P2R1A5_04171	100.000	138	0	0	1	138	1	138	1.13e-103	291
31P2R1A5_04171	54P2R2A3_03509	97.826	138	3	0	1	138	1	138	8.38e-102	287
31P2R1A5_04172	31P2R1A5_04172	100.000	93	0	0	1	93	1	93	8.45e-65	190
31P2R1A5_04173	31P2R1A5_04173	100.000	115	0	0	1	115	1	115	1.42e-85	244
31P2R1A5_04174	31P2R1A5_04174	100.000	418	0	0	1	418	1	418	0.0	852
31P2R1A5_04175	31P2R1A5_04175	100.000	214	0	0	1	214	1	214	7.12e-160	440
31P2R1A5_04175	54P2R2A3_03505	96.729	214	7	0	1	214	1	214	7.10e-155	427
31P2R1A5_04176	31P2R1A5_04176	100.000	340	0	0	1	340	1	340	0.0	700
31P2R1A5_04176	42P1R1A12_02159	95.266	338	16	0	1	338	1	338	0.0	669
31P2R1A5_04177	31P2R1A5_04177	100.000	618	0	0	1	618	1	618	0.0	1264
31P2R1A5_04178	31P2R1A5_04178	100.000	184	0	0	1	184	1	184	7.15e-135	374
31P2R1A5_04179	31P2R1A5_04179	100.000	124	0	0	1	124	1	124	3.91e-89	254
31P2R1A5_04179	54P2R2A3_03963	97.581	124	3	0	1	124	1	124	5.46e-87	248
31P2R1A5_04180	31P2R1A5_04180	100.000	283	0	0	1	283	1	283	0.0	560
31P2R1A5_04181	31P2R1A5_04181	100.000	275	0	0	1	275	1	275	0.0	561
31P2R1A5_04182	31P2R1A5_04182	100.000	324	0	0	1	324	1	324	0.0	631
31P2R1A5_04182	54P2R2A3_03960	97.840	324	7	0	1	324	1	324	0.0	620
31P2R1A5_04183	31P2R1A5_04183	100.000	221	0	0	1	221	1	221	3.00e-166	457
31P2R1A5_04183	42P1R1A12_04693	95.023	221	11	0	1	221	1	221	5.20e-158	436
31P2R1A5_04184	31P2R1A5_04184	100.000	468	0	0	1	468	1	468	0.0	936
31P2R1A5_04184	42P1R1A12_04692	97.863	468	10	0	1	468	1	468	0.0	920
31P2R1A5_04185	31P2R1A5_04185	100.000	207	0	0	1	207	1	207	1.56e-150	416
31P2R1A5_04185	42P1R1A12_04691	96.618	207	7	0	1	207	1	207	1.50e-145	403
31P2R1A5_04187	31P2R1A5_04187	100.000	150	0	0	1	150	1	150	1.57e-103	292
31P2R1A5_04187	54P2R2A3_03955	98.000	150	3	0	1	150	1	150	2.14e-101	287
31P2R1A5_04189	31P2R1A5_04189	100.000	105	0	0	1	105	1	105	1.26e-74	216
31P2R1A5_04189	42P1R1A12_04686	97.143	105	3	0	1	105	1	105	4.91e-73	211
31P2R1A5_04190	31P2R1A5_04190	100.000	132	0	0	1	132	1	132	2.96e-96	272
31P2R1A5_04191	31P2R1A5_04191	100.000	92	0	0	1	92	1	92	1.25e-63	187
31P2R1A5_04192	31P2R1A5_04192	100.000	398	0	0	1	398	1	398	0.0	779
31P2R1A5_04193	31P2R1A5_04193	100.000	229	0	0	1	229	1	229	1.00e-173	476
31P2R1A5_04194	31P2R1A5_04194	100.000	285	0	0	1	285	1	285	0.0	590
31P2R1A5_04194	28P2R1A12_01697	96.094	128	5	0	113	240	1	128	1.27e-90	265
31P2R1A5_04195	31P2R1A5_04195	100.000	217	0	0	1	217	1	217	1.49e-159	439
31P2R1A5_04195	18P3R3A11_02017	96.313	217	8	0	1	217	1	217	5.12e-154	425
31P2R1A5_04195	10P3R2A13_01494	95.392	217	10	0	1	217	1	217	2.28e-153	424
31P2R1A5_04196	31P2R1A5_04196	100.000	156	0	0	1	156	1	156	5.02e-114	319
31P2R1A5_04197	31P2R1A5_04197	100.000	102	0	0	1	102	1	102	4.66e-72	209
31P2R1A5_04197	10P3R2A13_01492	97.059	102	3	0	1	102	1	102	2.30e-70	204
31P2R1A5_04198	31P2R1A5_04198	100.000	467	0	0	1	467	1	467	0.0	935
31P2R1A5_04198	42P1R1A12_04677	96.360	467	17	0	1	467	1	467	0.0	908
31P2R1A5_04198	18P3R3A11_02014	96.788	467	15	0	1	467	1	467	0.0	907
31P2R1A5_04198	10P3R2A13_01491	96.129	465	18	0	1	465	1	465	0.0	902
31P2R1A5_04199	31P2R1A5_04199	100.000	355	0	0	1	355	1	355	0.0	742
31P2R1A5_04199	42P1R1A12_04676	97.183	355	10	0	1	355	1	355	0.0	729
31P2R1A5_04199	10P3R2A13_01490	95.775	355	15	0	1	355	1	355	0.0	717
31P2R1A5_04199	18P3R3A11_02013	95.493	355	16	0	1	355	1	355	0.0	716
31P2R1A5_04199	15P1R1A16_00545	97.321	112	3	0	244	355	1	112	5.52e-77	232
31P2R1A5_04200	31P2R1A5_04200	100.000	252	0	0	1	252	1	252	0.0	518
31P2R1A5_04200	42P1R1A12_04675	95.238	252	12	0	1	252	1	252	0.0	496
31P2R1A5_04201	31P2R1A5_04201	100.000	239	0	0	1	239	1	239	5.78e-179	490
31P2R1A5_04201	54P2R2A3_03941	97.490	239	6	0	1	239	1	239	1.05e-174	479
31P2R1A5_04202	31P2R1A5_04202	100.000	103	0	0	1	103	1	103	6.73e-73	211
31P2R1A5_04203	31P2R1A5_04203	100.000	92	0	0	1	92	1	92	2.11e-64	189
31P2R1A5_04203	54P2R2A3_03939	97.826	92	2	0	1	92	1	92	2.06e-62	184
31P2R1A5_04204	31P2R1A5_04204	100.000	546	0	0	1	546	1	546	0.0	1110
31P2R1A5_04205	31P2R1A5_04205	100.000	244	0	0	1	244	1	244	0.0	499
31P2R1A5_04205	42P1R1A12_04669	95.902	244	10	0	1	244	1	244	9.87e-175	480
31P2R1A5_04206	31P2R1A5_04206	100.000	813	0	0	1	813	1	813	0.0	1679
31P2R1A5_04207	31P2R1A5_04207	100.000	142	0	0	1	142	1	142	2.68e-103	291
31P2R1A5_04207	42P1R1A12_04667	97.183	142	4	0	1	142	1	142	3.52e-100	283
31P2R1A5_04208	31P2R1A5_04208	100.000	433	0	0	1	433	1	433	0.0	879
31P2R1A5_04208	18P3R3A11_02002	98.152	433	8	0	1	433	15	447	0.0	868
31P2R1A5_04208	10P3R2A13_01475	95.150	433	21	0	1	433	1	433	0.0	848
31P2R1A5_04209	31P2R1A5_04209	100.000	85	0	0	1	85	1	85	1.09e-55	166
31P2R1A5_04209	54P2R2A3_03933	100.000	66	0	0	20	85	1	66	9.12e-41	128
31P2R1A5_04210	31P2R1A5_04210	100.000	97	0	0	1	97	1	97	2.66e-61	181
31P2R1A5_04211	31P2R1A5_04211	100.000	335	0	0	1	335	1	335	0.0	672
31P2R1A5_04211	42P1R1A12_04664	97.910	335	7	0	1	335	1	335	0.0	662
31P2R1A5_04212	31P2R1A5_04212	100.000	421	0	0	1	421	1	421	0.0	857
31P2R1A5_04213	31P2R1A5_04213	100.000	427	0	0	1	427	1	427	0.0	869
31P2R1A5_04213	42P1R1A12_04662	97.658	427	10	0	1	427	1	427	0.0	854
31P2R1A5_04214	31P2R1A5_04214	100.000	103	0	0	1	103	1	103	2.87e-72	209
31P2R1A5_04214	42P1R1A12_04661	96.117	103	4	0	1	103	1	103	4.83e-70	204
31P2R1A5_04215	31P2R1A5_04215	100.000	317	0	0	1	317	1	317	0.0	646
31P2R1A5_04215	42P1R1A12_04660	97.682	302	7	0	16	317	1	302	0.0	602
31P2R1A5_04216	31P2R1A5_04216	100.000	620	0	0	1	620	1	620	0.0	1258
31P2R1A5_04216	54P2R2A3_03926	96.129	620	24	0	1	620	1	620	0.0	1210
31P2R1A5_04217	31P2R1A5_04217	100.000	452	0	0	1	452	1	452	0.0	920
31P2R1A5_04218	31P2R1A5_04218	100.000	154	0	0	1	154	1	154	2.76e-112	315
31P2R1A5_04219	31P2R1A5_04219	100.000	504	0	0	1	504	1	504	0.0	1001
31P2R1A5_04220	31P2R1A5_04220	100.000	380	0	0	1	380	1	380	0.0	778
31P2R1A5_04224	31P2R1A5_04224	100.000	244	0	0	1	244	1	244	0.0	502
31P2R1A5_04224	54P2R2A3_03918	97.131	244	7	0	1	244	1	244	1.08e-178	490
31P2R1A5_04225	31P2R1A5_04225	100.000	182	0	0	1	182	1	182	1.36e-136	379
31P2R1A5_04226	31P2R1A5_04226	100.000	354	0	0	1	354	1	354	0.0	728
31P2R1A5_04226	54P2R2A3_03916	97.458	354	9	0	1	354	1	354	0.0	709
31P2R1A5_04227	31P2R1A5_04227	100.000	321	0	0	1	321	1	321	0.0	660
31P2R1A5_04227	54P2R2A3_03915	97.819	321	7	0	1	321	1	321	0.0	651
31P2R1A5_04228	31P2R1A5_04228	100.000	1110	0	0	1	1110	1	1110	0.0	2230
31P2R1A5_04229	31P2R1A5_04229	100.000	501	0	0	1	501	1	501	0.0	997
31P2R1A5_04230	31P2R1A5_04230	100.000	326	0	0	1	326	1	326	0.0	675
31P2R1A5_04230	42P1R1A12_04645	95.706	326	14	0	1	326	1	326	0.0	650
31P2R1A5_04230	51P2R2A10_04369	95.706	326	14	0	1	326	1	326	0.0	650
31P2R1A5_04231	31P2R1A5_04231	100.000	597	0	0	1	597	1	597	0.0	1243
31P2R1A5_04231	42P1R1A12_04644	96.482	597	21	0	1	597	1	597	0.0	1208
31P2R1A5_04231	18P3R3A11_01982	95.142	597	29	0	1	597	1	597	0.0	1147
31P2R1A5_04231	56P2R2A4_03904	95.933	541	22	0	42	582	1	541	0.0	1098
31P2R1A5_04232	31P2R1A5_04232	100.000	245	0	0	1	245	1	245	0.0	515
31P2R1A5_04232	42P1R1A12_04643	97.551	245	6	0	1	245	1	245	0.0	504
31P2R1A5_04232	18P3R3A11_01981	95.510	245	11	0	1	245	1	245	1.64e-180	494
31P2R1A5_04233	31P2R1A5_04233	100.000	132	0	0	1	132	1	132	3.82e-91	259
31P2R1A5_04233	42P1R1A12_04642	96.212	132	5	0	1	132	1	132	6.29e-89	254
31P2R1A5_04234	31P2R1A5_04234	100.000	120	0	0	1	120	1	120	5.17e-82	235
31P2R1A5_04235	31P2R1A5_04235	100.000	178	0	0	1	178	1	178	3.94e-132	367
31P2R1A5_04235	54P2R2A3_03907	97.191	178	5	0	1	178	1	178	5.11e-129	359
31P2R1A5_04236	31P2R1A5_04236	100.000	106	0	0	1	106	1	106	2.58e-67	197
31P2R1A5_04236	54P2R2A3_03906	96.226	106	4	0	1	106	1	106	5.77e-65	191
31P2R1A5_04237	31P2R1A5_04237	100.000	64	0	0	1	64	1	64	8.66e-41	127
31P2R1A5_04237	54P2R2A3_03905	95.312	64	3	0	1	64	1	64	4.78e-39	122
31P2R1A5_04239	31P2R1A5_04239	100.000	343	0	0	1	343	1	343	0.0	704
31P2R1A5_04240	31P2R1A5_04240	100.000	215	0	0	1	215	1	215	3.57e-159	438
31P2R1A5_04241	31P2R1A5_04241	100.000	188	0	0	1	188	1	188	2.50e-132	368
31P2R1A5_04242	31P2R1A5_04242	100.000	229	0	0	1	229	1	229	1.24e-172	473
31P2R1A5_04243	31P2R1A5_04243	100.000	848	0	0	1	848	1	848	0.0	1726
31P2R1A5_04243	54P2R2A3_03898	97.288	848	23	0	1	848	1	848	0.0	1690
31P2R1A5_04244	31P2R1A5_04244	100.000	345	0	0	1	345	1	345	0.0	692
31P2R1A5_04244	44P3R3A6_03833	97.391	345	9	0	1	345	1	345	0.0	679
31P2R1A5_04245	31P2R1A5_04245	100.000	117	0	0	1	117	1	117	1.30e-75	219
31P2R1A5_04246	31P2R1A5_04246	100.000	429	0	0	1	429	1	429	0.0	877
31P2R1A5_04247	31P2R1A5_04247	100.000	708	0	0	1	708	1	708	0.0	1455
31P2R1A5_04247	54P2R2A3_03894	96.418	670	24	0	39	708	1	670	0.0	1343
31P2R1A5_04248	31P2R1A5_04248	100.000	288	0	0	1	288	1	288	0.0	588
31P2R1A5_04249	31P2R1A5_04249	100.000	118	0	0	1	118	1	118	1.42e-82	237
31P2R1A5_04250	31P2R1A5_04250	100.000	549	0	0	1	549	1	549	0.0	1076
31P2R1A5_04250	38P2R3A13_02276	97.814	549	11	1	1	549	1	548	0.0	1050
31P2R1A5_04250	10P3R2A13_01439	96.241	532	20	0	1	532	1	532	0.0	1008
31P2R1A5_04250	38P2R3A13_08581	95.062	81	3	1	469	549	2	81	2.53e-45	154
31P2R1A5_04252	31P2R1A5_04252	100.000	417	0	0	1	417	1	417	0.0	814
31P2R1A5_04253	31P2R1A5_04253	100.000	159	0	0	1	159	1	159	5.41e-113	317
31P2R1A5_04254	31P2R1A5_04254	100.000	479	0	0	1	479	1	479	0.0	984
31P2R1A5_04254	42P1R1A12_03168	97.912	479	10	0	1	479	1	479	0.0	964
31P2R1A5_04254	18P3R3A11_01964	97.077	479	14	0	1	479	1	479	0.0	963
31P2R1A5_04255	31P2R1A5_04255	100.000	434	0	0	1	434	1	434	0.0	855
31P2R1A5_04255	18P3R3A11_01963	96.083	434	17	0	1	434	1	434	0.0	834
31P2R1A5_04256	31P2R1A5_04256	100.000	108	0	0	1	108	1	108	3.16e-74	215
31P2R1A5_04256	54P2R2A3_03885	97.222	108	3	0	1	108	1	108	2.05e-72	210
31P2R1A5_04256	42P1R1A12_03166	97.222	108	3	0	1	108	1	108	2.26e-72	210
31P2R1A5_04257	31P2R1A5_04257	100.000	599	0	0	1	599	1	599	0.0	1202
31P2R1A5_04258	31P2R1A5_04258	100.000	197	0	0	1	197	1	197	3.21e-145	401
31P2R1A5_04259	31P2R1A5_04259	100.000	696	0	0	1	696	1	696	0.0	1430
31P2R1A5_04261	31P2R1A5_04261	100.000	97	0	0	1	97	1	97	9.68e-69	200
31P2R1A5_04261	54P2R2A3_05037	96.907	97	3	0	1	97	1	97	3.15e-66	194
31P2R1A5_04262	31P2R1A5_04262	100.000	189	0	0	1	189	1	189	7.16e-139	385
31P2R1A5_04263	31P2R1A5_04263	100.000	830	0	0	1	830	1	830	0.0	1670
31P2R1A5_04263	54P2R2A3_05039	96.988	830	25	0	1	830	1	830	0.0	1627
31P2R1A5_04264	31P2R1A5_04264	100.000	672	0	0	1	672	1	672	0.0	1369
31P2R1A5_04264	54P2R2A3_05040	96.875	672	21	0	1	672	1	672	0.0	1335
31P2R1A5_04265	31P2R1A5_04265	100.000	443	0	0	1	443	1	443	0.0	899
31P2R1A5_04266	31P2R1A5_04266	100.000	150	0	0	1	150	1	150	3.42e-107	301
31P2R1A5_04266	54P2R2A3_05042	96.000	150	6	0	1	150	1	150	4.93e-93	266
31P2R1A5_04267	31P2R1A5_04267	100.000	262	0	0	1	262	1	262	0.0	531
31P2R1A5_04268	31P2R1A5_04268	100.000	228	0	0	1	228	1	228	7.99e-157	433
31P2R1A5_04269	31P2R1A5_04269	100.000	306	0	0	1	306	1	306	0.0	628
31P2R1A5_04270	31P2R1A5_04270	100.000	102	0	0	1	102	1	102	1.19e-69	203
31P2R1A5_04271	31P2R1A5_04271	100.000	124	0	0	1	124	1	124	1.63e-82	237
31P2R1A5_04271	44P3R3A6_03806	97.581	124	3	0	1	124	1	124	3.00e-80	231
31P2R1A5_04271	54P2R2A3_03665	96.774	124	4	0	1	124	1	124	9.84e-79	228
31P2R1A5_04272	31P2R1A5_04272	100.000	319	0	0	1	319	1	319	0.0	650
31P2R1A5_04273	31P2R1A5_04273	100.000	468	0	0	1	468	1	468	0.0	941
31P2R1A5_04274	31P2R1A5_04274	100.000	451	0	0	1	451	1	451	0.0	941
31P2R1A5_04274	54P2R2A3_03668	96.896	451	14	0	1	451	1	451	0.0	919
31P2R1A5_04275	31P2R1A5_04275	100.000	313	0	0	1	313	1	313	0.0	656
31P2R1A5_04276	31P2R1A5_04276	100.000	501	0	0	1	501	1	501	0.0	1019
31P2R1A5_04276	42P1R1A12_03152	96.607	501	17	0	1	501	1	501	0.0	995
31P2R1A5_04277	31P2R1A5_04277	100.000	112	0	0	1	112	1	112	2.78e-80	230
31P2R1A5_04277	54P2R2A3_03671	97.321	112	3	0	1	112	1	112	1.28e-78	226
31P2R1A5_04277	27P2R2A12_03894	100.000	41	0	0	72	112	1	41	8.56e-23	83.6
31P2R1A5_04278	31P2R1A5_04278	100.000	145	0	0	1	145	1	145	1.71e-106	299
31P2R1A5_04279	31P2R1A5_04279	100.000	242	0	0	1	242	1	242	0.0	498
31P2R1A5_04279	54P2R2A3_03673	95.868	242	10	0	1	242	1	242	4.11e-174	478
31P2R1A5_04280	31P2R1A5_04280	100.000	151	0	0	1	151	1	151	3.41e-108	304
31P2R1A5_04281	31P2R1A5_04281	100.000	195	0	0	1	195	1	195	1.13e-140	390
31P2R1A5_04282	31P2R1A5_04282	100.000	355	0	0	1	355	1	355	0.0	719
31P2R1A5_04283	31P2R1A5_04283	100.000	283	0	0	1	283	1	283	0.0	588
31P2R1A5_04283	42P1R1A12_03145	97.880	283	6	0	1	283	1	283	0.0	576
31P2R1A5_04284	31P2R1A5_04284	100.000	253	0	0	1	253	1	253	0.0	508
31P2R1A5_04284	42P1R1A12_03144	96.047	253	10	0	1	253	1	253	2.68e-177	487
31P2R1A5_04284	51P2R2A10_04321	95.652	253	11	0	1	253	1	253	3.48e-177	487
31P2R1A5_04285	31P2R1A5_04285	100.000	227	0	0	1	227	1	227	1.94e-167	460
31P2R1A5_04286	31P2R1A5_04286	100.000	379	0	0	1	379	1	379	0.0	775
31P2R1A5_04286	54P2R2A3_03680	97.098	379	11	0	1	379	1	379	0.0	753
31P2R1A5_04287	31P2R1A5_04287	100.000	188	0	0	1	188	1	188	2.19e-138	384
31P2R1A5_04287	54P2R2A3_03681	96.277	188	7	0	1	188	1	188	7.32e-133	369
31P2R1A5_04288	31P2R1A5_04288	100.000	253	0	0	1	253	1	253	0.0	518
31P2R1A5_04288	54P2R2A3_03682	96.838	253	8	0	1	253	1	253	0.0	507
31P2R1A5_04289	31P2R1A5_04289	100.000	118	0	0	1	118	1	118	4.39e-75	218
31P2R1A5_04289	54P2R2A3_03683	96.610	118	4	0	1	118	6	123	6.05e-73	213
31P2R1A5_04290	31P2R1A5_04290	100.000	762	0	0	1	762	1	762	0.0	1525
31P2R1A5_04291	31P2R1A5_04291	100.000	507	0	0	1	507	1	507	0.0	1014
31P2R1A5_04292	31P2R1A5_04292	100.000	333	0	0	1	333	1	333	0.0	642
31P2R1A5_04293	31P2R1A5_04293	100.000	314	0	0	1	314	1	314	0.0	627
31P2R1A5_04294	31P2R1A5_04294	100.000	336	0	0	1	336	1	336	0.0	683
31P2R1A5_04294	54P2R2A3_03688	96.726	336	11	0	1	336	1	336	0.0	659
31P2R1A5_04295	31P2R1A5_04295	100.000	90	0	0	1	90	1	90	2.56e-62	183
31P2R1A5_04295	44P3R3A6_03782	100.000	90	0	0	1	90	217	306	2.07e-60	186
31P2R1A5_04295	54P2R2A3_03689	95.556	90	4	0	1	90	217	306	7.83e-57	177
31P2R1A5_04296	31P2R1A5_04296	100.000	218	0	0	1	218	1	218	1.61e-159	439
31P2R1A5_04296	44P3R3A6_03782	95.392	217	9	1	1	217	1	216	1.91e-148	415
31P2R1A5_04297	31P2R1A5_04297	100.000	253	0	0	1	253	1	253	0.0	516
31P2R1A5_04298	31P2R1A5_04298	100.000	243	0	0	1	243	1	243	1.18e-177	487
31P2R1A5_04298	54P2R2A3_03691	95.885	243	10	0	1	243	1	243	9.49e-152	422
31P2R1A5_04299	31P2R1A5_04299	100.000	140	0	0	1	140	1	140	4.09e-102	288
31P2R1A5_04299	10P3R2A13_01379	97.143	140	4	0	1	140	1	140	4.91e-99	280
31P2R1A5_04299	18P3R3A11_04462	96.429	140	5	0	1	140	1	140	1.46e-98	279
31P2R1A5_04300	31P2R1A5_04300	100.000	560	0	0	1	560	1	560	0.0	1169
31P2R1A5_04301	31P2R1A5_04301	100.000	66	0	0	1	66	1	66	1.34e-42	132
31P2R1A5_04302	31P2R1A5_04302	100.000	171	0	0	1	171	1	171	6.84e-127	353
31P2R1A5_04304	31P2R1A5_04304	100.000	297	0	0	1	297	1	297	0.0	615
31P2R1A5_04304	54P2R2A3_02690	97.980	297	6	0	1	297	1	297	0.0	605
31P2R1A5_04305	31P2R1A5_04305	100.000	459	0	0	1	459	1	459	0.0	926
31P2R1A5_04305	42P1R1A12_02266	97.821	459	10	0	1	459	1	459	0.0	911
31P2R1A5_04306	31P2R1A5_04306	100.000	264	0	0	1	264	1	264	0.0	532
31P2R1A5_04307	31P2R1A5_04307	100.000	268	0	0	1	268	1	268	0.0	552
31P2R1A5_04307	42P1R1A12_02264	97.015	268	8	0	1	268	1	268	0.0	538
31P2R1A5_04307	10P3R2A13_02206	96.269	268	10	0	1	268	1	268	0.0	536
31P2R1A5_04307	15P1R1A16_04521	99.000	200	2	0	69	268	1	200	1.55e-148	413
31P2R1A5_04308	31P2R1A5_04308	100.000	127	0	0	1	127	1	127	2.34e-93	265
31P2R1A5_04308	54P2R2A3_02686	97.638	127	3	0	1	127	1	127	2.23e-91	259
31P2R1A5_04309	31P2R1A5_04309	100.000	286	0	0	1	286	1	286	0.0	600
31P2R1A5_04309	42P1R1A12_02262	97.552	286	7	0	1	286	1	286	0.0	587
31P2R1A5_04309	51P2R2A10_04785	96.853	286	9	0	1	286	1	286	0.0	583
31P2R1A5_04309	10P3R2A13_02208	95.406	283	13	0	1	283	1	283	0.0	575
31P2R1A5_04309	43P2R2A2_05518	96.491	57	2	0	227	283	1	57	5.94e-35	120
31P2R1A5_04311	31P2R1A5_04311	100.000	255	0	0	1	255	1	255	0.0	525
31P2R1A5_04312	31P2R1A5_04312	100.000	211	0	0	1	211	1	211	5.16e-156	430
31P2R1A5_04312	54P2R2A3_02682	97.630	211	5	0	1	211	1	211	4.21e-153	422
31P2R1A5_04313	31P2R1A5_04313	100.000	147	0	0	1	147	1	147	1.43e-105	297
31P2R1A5_04314	31P2R1A5_04314	100.000	421	0	0	1	421	1	421	0.0	832
31P2R1A5_04315	31P2R1A5_04315	100.000	88	0	0	1	88	1	88	2.19e-59	176
31P2R1A5_04315	44P3R3A6_04154	96.591	88	3	0	1	88	1	88	6.32e-57	169
31P2R1A5_04316	31P2R1A5_04316	100.000	370	0	0	1	370	1	370	0.0	739
31P2R1A5_04317	31P2R1A5_04317	100.000	316	0	0	1	316	1	316	0.0	640
31P2R1A5_04318	31P2R1A5_04318	100.000	275	0	0	1	275	1	275	0.0	566
31P2R1A5_04319	31P2R1A5_04319	100.000	307	0	0	1	307	1	307	0.0	631
31P2R1A5_04320	31P2R1A5_04320	100.000	535	0	0	1	535	1	535	0.0	1060
31P2R1A5_04321	31P2R1A5_04321	100.000	534	0	0	1	534	1	534	0.0	1058
31P2R1A5_04322	31P2R1A5_04322	100.000	337	0	0	1	337	1	337	0.0	677
31P2R1A5_04322	54P2R2A3_02678	96.418	335	12	0	1	335	1	335	0.0	650
31P2R1A5_04323	31P2R1A5_04323	100.000	178	0	0	1	178	1	178	2.94e-130	362
31P2R1A5_04324	31P2R1A5_04324	100.000	279	0	0	1	279	1	279	0.0	553
31P2R1A5_04325	31P2R1A5_04325	100.000	454	0	0	1	454	1	454	0.0	926
31P2R1A5_04325	51P2R2A10_04799	95.815	454	19	0	1	454	1	454	0.0	890
31P2R1A5_04325	42P1R1A12_02248	95.374	454	21	0	1	454	1	454	0.0	885
31P2R1A5_04326	31P2R1A5_04326	100.000	305	0	0	1	305	1	305	0.0	622
31P2R1A5_04326	51P2R2A10_04800	95.082	305	15	0	1	305	1	305	0.0	592
31P2R1A5_04327	31P2R1A5_04327	100.000	341	0	0	1	341	1	341	0.0	703
31P2R1A5_04327	51P2R2A10_04801	95.015	341	17	0	1	341	1	341	0.0	650
31P2R1A5_04328	31P2R1A5_04328	100.000	482	0	0	1	482	1	482	0.0	984
31P2R1A5_04329	31P2R1A5_04329	100.000	922	0	0	1	922	1	922	0.0	1899
31P2R1A5_04329	42P1R1A12_02244	95.011	922	46	0	1	922	9	930	0.0	1792
31P2R1A5_04330	31P2R1A5_04330	100.000	141	0	0	1	141	1	141	3.58e-102	288
31P2R1A5_04330	54P2R2A3_02667	96.454	141	5	0	1	141	1	141	3.53e-99	280
31P2R1A5_04331	31P2R1A5_04331	100.000	157	0	0	1	157	1	157	1.22e-112	316
31P2R1A5_04331	54P2R2A3_02666	97.452	157	4	0	1	157	1	157	4.34e-109	307
31P2R1A5_04332	31P2R1A5_04332	100.000	260	0	0	1	260	1	260	0.0	501
31P2R1A5_04332	54P2R2A3_02665	97.308	260	7	0	1	260	1	260	1.10e-177	489
31P2R1A5_04333	31P2R1A5_04333	100.000	284	0	0	1	284	1	284	0.0	576
31P2R1A5_04333	51P2R2A10_04807	97.535	284	7	0	1	284	1	284	0.0	560
31P2R1A5_04333	42P1R1A12_02240	97.535	284	7	0	1	284	1	284	0.0	559
31P2R1A5_04334	31P2R1A5_04334	100.000	354	0	0	1	354	1	354	0.0	726
31P2R1A5_04335	31P2R1A5_04335	100.000	337	0	0	1	337	1	337	0.0	702
31P2R1A5_04335	54P2R2A3_02662	97.626	337	8	0	1	337	1	337	0.0	687
31P2R1A5_04335	42P1R1A12_02238	96.142	337	13	0	1	337	1	337	0.0	674
31P2R1A5_04335	51P2R2A10_04809	95.846	337	14	0	1	337	1	337	0.0	670
31P2R1A5_04336	31P2R1A5_04336	100.000	311	0	0	1	311	1	311	0.0	645
31P2R1A5_04336	54P2R2A3_02661	96.129	310	12	0	1	310	1	310	0.0	622
31P2R1A5_04336	44P3R3A6_04175	97.041	169	5	0	143	311	21	189	4.80e-116	332
31P2R1A5_04337	31P2R1A5_04337	100.000	764	0	0	1	764	1	764	0.0	1580
31P2R1A5_04337	54P2R2A3_02660	97.644	764	18	0	1	764	1	764	0.0	1553
31P2R1A5_04338	31P2R1A5_04338	100.000	165	0	0	1	165	1	165	9.02e-112	314
31P2R1A5_04339	31P2R1A5_04339	100.000	248	0	0	1	248	1	248	0.0	514
31P2R1A5_04339	42P1R1A12_02234	95.565	248	11	0	1	248	1	248	6.48e-180	493
31P2R1A5_04340	31P2R1A5_04340	100.000	180	0	0	1	180	1	180	9.50e-131	363
31P2R1A5_04341	31P2R1A5_04341	100.000	158	0	0	1	158	1	158	1.17e-110	311
31P2R1A5_04342	31P2R1A5_04342	100.000	259	0	0	1	259	1	259	0.0	528
31P2R1A5_04343	31P2R1A5_04343	100.000	395	0	0	1	395	1	395	0.0	810
31P2R1A5_04344	31P2R1A5_04344	100.000	294	0	0	1	294	1	294	0.0	607
31P2R1A5_04344	54P2R2A3_02653	95.548	292	13	0	1	292	1	292	0.0	579
31P2R1A5_04345	31P2R1A5_04345	100.000	241	0	0	1	241	1	241	0.0	496
31P2R1A5_04346	31P2R1A5_04346	100.000	225	0	0	1	225	1	225	4.39e-169	464
31P2R1A5_04347	31P2R1A5_04347	100.000	153	0	0	1	153	1	153	8.85e-112	313
31P2R1A5_04348	31P2R1A5_04348	100.000	448	0	0	1	448	1	448	0.0	904
31P2R1A5_04348	42P1R1A12_02225	96.429	448	16	0	1	448	1	448	0.0	885
31P2R1A5_04349	31P2R1A5_04349	100.000	263	0	0	1	263	1	263	0.0	533
31P2R1A5_04350	31P2R1A5_04350	100.000	349	0	0	1	349	1	349	0.0	716
31P2R1A5_04350	54P2R2A3_02647	95.989	349	14	0	1	349	1	349	0.0	695
31P2R1A5_04351	31P2R1A5_04351	100.000	80	0	0	1	80	1	80	2.83e-50	152
31P2R1A5_04355	31P2R1A5_04355	100.000	343	0	0	1	343	1	343	0.0	706
31P2R1A5_04355	54P2R2A3_02642	97.085	343	10	0	1	343	1	343	0.0	690
31P2R1A5_04356	31P2R1A5_04356	100.000	138	0	0	1	138	1	138	1.11e-97	276
31P2R1A5_04357	31P2R1A5_04357	100.000	149	0	0	1	149	1	149	3.61e-108	304
31P2R1A5_04358	31P2R1A5_04358	100.000	226	0	0	1	226	1	226	1.50e-170	468
31P2R1A5_04358	54P2R2A3_02639	96.460	226	8	0	1	226	1	226	3.75e-165	454
31P2R1A5_04359	31P2R1A5_04359	100.000	530	0	0	1	530	1	530	0.0	1097
31P2R1A5_04359	42P1R1A12_02214	97.547	530	13	0	1	530	1	530	0.0	1076
31P2R1A5_04359	38P2R3A13_06460	96.038	530	21	0	1	530	1	530	0.0	1061
31P2R1A5_04359	18P3R3A11_01489	95.472	530	24	0	1	530	1	530	0.0	1056
31P2R1A5_04360	31P2R1A5_04360	100.000	207	0	0	1	207	1	207	1.32e-144	401
31P2R1A5_04362	31P2R1A5_04362	100.000	358	0	0	1	358	1	358	0.0	735
31P2R1A5_04363	31P2R1A5_04363	100.000	262	0	0	1	262	1	262	0.0	528
31P2R1A5_04364	31P2R1A5_04364	100.000	260	0	0	1	260	1	260	0.0	530
31P2R1A5_04364	42P1R1A12_02208	96.154	260	10	0	1	260	1	260	0.0	514
31P2R1A5_04364	18P3R3A11_01496	95.769	260	11	0	1	260	1	260	4.97e-169	467
31P2R1A5_04365	31P2R1A5_04365	100.000	441	0	0	1	441	1	441	0.0	897
31P2R1A5_04365	54P2R2A3_02631	97.732	441	10	0	1	441	1	441	0.0	875
31P2R1A5_04365	18P3R3A11_01497	96.372	441	16	0	1	441	1	441	0.0	866
31P2R1A5_04365	38P2R3A13_06468	95.465	441	20	0	1	441	1	441	0.0	859
31P2R1A5_04365	10P3R2A13_02241	95.918	441	18	0	1	441	1	441	0.0	841
31P2R1A5_04366	31P2R1A5_04366	100.000	408	0	0	1	408	1	408	0.0	839
31P2R1A5_04366	18P3R3A11_01498	97.304	408	11	0	1	408	1	408	0.0	825
31P2R1A5_04366	42P1R1A12_02206	96.814	408	13	0	1	408	1	408	0.0	816
31P2R1A5_04366	10P3R2A13_02242	95.833	408	17	0	1	408	1	408	0.0	808
31P2R1A5_04366	34P3R2A10_03797	96.371	248	9	0	161	408	1	248	7.95e-178	495
31P2R1A5_04367	31P2R1A5_04367	100.000	240	0	0	1	240	1	240	4.55e-178	488
31P2R1A5_04367	42P1R1A12_02205	96.266	241	8	1	1	240	1	241	3.59e-170	468
31P2R1A5_04367	38P2R3A13_02512	96.266	241	8	1	1	240	1	241	5.04e-170	468
31P2R1A5_04367	18P3R3A11_01499	96.266	241	8	1	1	240	32	272	7.15e-170	469
31P2R1A5_04368	31P2R1A5_04368	100.000	339	0	0	1	339	1	339	0.0	703
31P2R1A5_04368	54P2R2A3_02628	97.640	339	8	0	1	339	1	339	0.0	689
31P2R1A5_04369	31P2R1A5_04369	100.000	216	0	0	1	216	1	216	8.15e-158	435
31P2R1A5_04370	31P2R1A5_04370	100.000	324	0	0	1	324	1	324	0.0	655
31P2R1A5_04370	51P2R2A10_04845	95.679	324	14	0	1	324	1	324	0.0	630
31P2R1A5_04370	42P1R1A12_02202	95.370	324	15	0	1	324	1	324	0.0	625
31P2R1A5_04371	31P2R1A5_04371	100.000	461	0	0	1	461	1	461	0.0	941
31P2R1A5_04371	10P3R2A13_02248	96.529	461	16	0	1	461	1	461	0.0	912
31P2R1A5_04371	18P3R3A11_01503	95.671	462	19	1	1	461	1	462	0.0	904
31P2R1A5_04371	43P2R2A2_01536	98.958	288	3	0	174	461	1	288	0.0	577
31P2R1A5_04372	31P2R1A5_04372	100.000	411	0	0	1	411	1	411	0.0	857
31P2R1A5_04372	42P1R1A12_02200	96.594	411	14	0	1	411	1	411	0.0	833
31P2R1A5_04373	31P2R1A5_04373	100.000	556	0	0	1	556	1	556	0.0	1133
31P2R1A5_04373	42P1R1A12_02199	98.561	556	8	0	1	556	68	623	0.0	1121
31P2R1A5_04373	18P3R3A11_01507	97.482	556	14	0	1	556	1	556	0.0	1113
31P2R1A5_04373	38P2R3A13_06469	96.942	556	17	0	1	556	1	556	0.0	1103
31P2R1A5_04373	10P3R2A13_02250	96.223	556	21	0	1	556	1	556	0.0	1097
31P2R1A5_04374	31P2R1A5_04374	100.000	646	0	0	1	646	1	646	0.0	1325
31P2R1A5_04375	31P2R1A5_04375	100.000	110	0	0	1	110	1	110	1.83e-75	218
31P2R1A5_04376	31P2R1A5_04376	100.000	172	0	0	1	172	1	172	3.48e-125	349
31P2R1A5_04377	31P2R1A5_04377	100.000	216	0	0	1	216	1	216	5.04e-157	433
31P2R1A5_04377	42P1R1A12_02195	96.296	216	8	0	1	216	1	216	1.26e-152	422
31P2R1A5_04378	31P2R1A5_04378	100.000	290	0	0	1	290	1	290	0.0	601
31P2R1A5_04379	31P2R1A5_04379	100.000	158	0	0	1	158	1	158	1.27e-115	323
31P2R1A5_04380	31P2R1A5_04380	100.000	230	0	0	1	230	1	230	3.20e-169	465
31P2R1A5_04380	54P2R2A3_02616	96.957	230	7	0	1	230	1	230	1.48e-164	453
31P2R1A5_04381	31P2R1A5_04381	100.000	335	0	0	1	335	1	335	0.0	674
31P2R1A5_04381	44P3R3A6_04218	98.503	334	5	0	1	334	1	334	0.0	660
31P2R1A5_04382	31P2R1A5_04382	100.000	117	0	0	1	117	1	117	2.51e-81	233
31P2R1A5_04382	44P3R3A6_04218	99.145	117	1	0	1	117	359	475	1.23e-77	236
31P2R1A5_04383	31P2R1A5_04383	100.000	453	0	0	1	453	1	453	0.0	914
31P2R1A5_04385	31P2R1A5_04385	100.000	229	0	0	1	229	1	229	8.14e-168	461
31P2R1A5_04386	31P2R1A5_04386	100.000	821	0	0	1	821	1	821	0.0	1679
31P2R1A5_04386	42P1R1A12_02187	95.737	821	35	0	1	821	1	821	0.0	1592
31P2R1A5_04387	31P2R1A5_04387	100.000	310	0	0	1	310	1	310	0.0	644
31P2R1A5_04388	31P2R1A5_04388	100.000	427	0	0	1	427	1	427	0.0	876
31P2R1A5_04388	42P1R1A12_02185	95.082	427	21	0	1	427	1	427	0.0	837
31P2R1A5_04389	31P2R1A5_04389	100.000	100	0	0	1	100	1	100	1.93e-64	189
31P2R1A5_04390	31P2R1A5_04390	100.000	258	0	0	1	258	1	258	0.0	529
31P2R1A5_04390	54P2R2A3_02607	96.899	258	8	0	1	258	1	258	0.0	513
31P2R1A5_04391	31P2R1A5_04391	100.000	477	0	0	1	477	1	477	0.0	951
31P2R1A5_04391	54P2R2A3_02606	97.275	477	13	0	1	477	1	477	0.0	929
31P2R1A5_04392	31P2R1A5_04392	100.000	318	0	0	1	318	1	318	0.0	647
31P2R1A5_04392	42P1R1A12_02182	96.226	318	12	0	1	318	1	318	0.0	630
31P2R1A5_04393	31P2R1A5_04393	100.000	196	0	0	1	196	1	196	2.89e-143	396
31P2R1A5_04394	31P2R1A5_04394	100.000	435	0	0	1	435	1	435	0.0	856
31P2R1A5_04395	31P2R1A5_04395	100.000	189	0	0	1	189	1	189	4.23e-132	368
31P2R1A5_04395	54P2R2A3_02602	97.354	189	5	0	1	189	1	189	2.62e-129	360
31P2R1A5_04395	42P1R1A12_02179	95.767	189	8	0	1	189	1	189	1.46e-126	353
31P2R1A5_04396	31P2R1A5_04396	100.000	250	0	0	1	250	1	250	0.0	512
31P2R1A5_04397	31P2R1A5_04397	100.000	135	0	0	1	135	1	135	6.77e-97	274
31P2R1A5_04398	31P2R1A5_04398	100.000	639	0	0	1	639	1	639	0.0	1291
31P2R1A5_04398	18P3R3A11_01529	97.809	639	13	1	1	639	1	638	0.0	1265
31P2R1A5_04398	27P2R2A12_03454	95.031	644	27	1	1	639	1	644	0.0	1213
31P2R1A5_04399	31P2R1A5_04399	100.000	378	0	0	1	378	1	378	0.0	770
31P2R1A5_04399	42P1R1A12_02175	97.625	379	8	1	1	378	1	379	0.0	753
31P2R1A5_04399	10P3R2A13_02274	96.296	378	13	1	1	378	1	377	0.0	744
31P2R1A5_04399	18P3R3A11_01530	95.550	382	13	1	1	378	1	382	0.0	743
31P2R1A5_04400	31P2R1A5_04400	100.000	408	0	0	1	408	1	408	0.0	799
31P2R1A5_04401	31P2R1A5_04401	100.000	310	0	0	1	310	1	310	0.0	643
31P2R1A5_04401	54P2R2A3_02596	99.331	299	2	0	12	310	1	299	0.0	620
31P2R1A5_04402	31P2R1A5_04402	100.000	70	0	0	1	70	1	70	1.69e-44	137
31P2R1A5_04403	31P2R1A5_04403	100.000	313	0	0	1	313	1	313	0.0	623
31P2R1A5_04404	31P2R1A5_04404	100.000	951	0	0	1	951	1	951	0.0	1970
31P2R1A5_04405	31P2R1A5_04405	100.000	167	0	0	1	167	1	167	9.99e-121	337
31P2R1A5_04406	31P2R1A5_04406	100.000	150	0	0	1	150	1	150	8.79e-107	300
31P2R1A5_04406	18P3R3A11_01537	97.333	150	4	0	1	150	1	150	2.03e-105	297
31P2R1A5_04406	38P2R3A13_07247	96.622	148	5	0	1	148	1	148	6.16e-104	293
31P2R1A5_04406	42P1R1A12_05644	95.270	148	7	0	1	148	1	148	4.70e-102	288
31P2R1A5_04406	34P3R2A10_03525	95.082	61	3	0	88	148	1	61	2.66e-37	122
31P2R1A5_04407	31P2R1A5_04407	100.000	317	0	0	1	317	1	317	0.0	644
31P2R1A5_04407	42P1R1A12_05643	95.899	317	13	0	1	317	1	317	0.0	620
31P2R1A5_04408	31P2R1A5_04408	100.000	305	0	0	1	305	1	305	0.0	621
31P2R1A5_04409	31P2R1A5_04409	100.000	313	0	0	1	313	1	313	0.0	644
31P2R1A5_04410	31P2R1A5_04410	100.000	352	0	0	1	352	1	352	0.0	719
31P2R1A5_04411	31P2R1A5_04411	100.000	478	0	0	1	478	1	478	0.0	927
31P2R1A5_04412	31P2R1A5_04412	100.000	421	0	0	1	421	1	421	0.0	820
31P2R1A5_04413	31P2R1A5_04413	100.000	762	0	0	1	762	1	762	0.0	1587
31P2R1A5_04414	31P2R1A5_04414	100.000	122	0	0	1	122	1	122	3.71e-85	243
31P2R1A5_04414	54P2R2A3_02588	95.902	122	5	0	1	122	1	122	1.58e-81	234
31P2R1A5_04414	44P3R3A6_04250	95.082	122	6	0	1	122	1	122	5.22e-68	200
31P2R1A5_04415	31P2R1A5_04415	100.000	310	0	0	1	310	1	310	0.0	640
31P2R1A5_04416	31P2R1A5_04416	100.000	210	0	0	1	210	1	210	3.45e-154	425
31P2R1A5_04417	31P2R1A5_04417	100.000	235	0	0	1	235	1	235	5.57e-174	477
31P2R1A5_04418	31P2R1A5_04418	100.000	572	0	0	1	572	1	572	0.0	1175
31P2R1A5_04419	31P2R1A5_04419	100.000	126	0	0	1	126	1	126	5.85e-84	241
31P2R1A5_04419	31P2R1A5_03634	96.032	126	5	0	1	126	1	126	5.28e-80	231
31P2R1A5_04419	54P2R2A3_01215	96.032	126	5	0	1	126	309	434	3.83e-76	231
31P2R1A5_04420	31P2R1A5_04420	100.000	385	0	0	1	385	1	385	0.0	766
31P2R1A5_04421	31P2R1A5_04421	100.000	64	0	0	1	64	1	64	7.86e-43	132
31P2R1A5_04422	31P2R1A5_04422	100.000	134	0	0	1	134	1	134	5.27e-97	275
31P2R1A5_04423	31P2R1A5_04423	100.000	57	0	0	1	57	1	57	5.66e-36	114
31P2R1A5_04424	31P2R1A5_04424	100.000	435	0	0	1	435	1	435	0.0	903
31P2R1A5_04425	31P2R1A5_04425	100.000	102	0	0	1	102	1	102	4.74e-70	204
31P2R1A5_04425	54P2R2A3_02179	96.078	102	4	0	1	102	1	102	2.33e-66	194
31P2R1A5_04426	31P2R1A5_04426	100.000	221	0	0	1	221	1	221	2.70e-164	452
31P2R1A5_04426	54P2R2A3_02180	97.738	221	5	0	1	221	1	221	9.91e-160	440
31P2R1A5_04427	31P2R1A5_04427	100.000	187	0	0	1	187	1	187	1.33e-135	376
31P2R1A5_04427	54P2R2A3_02181	96.791	187	6	0	1	187	1	187	2.99e-131	365
31P2R1A5_04428	31P2R1A5_04428	100.000	232	0	0	1	232	1	232	3.22e-172	473
31P2R1A5_04429	31P2R1A5_04429	100.000	812	0	0	1	812	1	812	0.0	1670
31P2R1A5_04429	54P2R2A3_02183	96.182	812	31	0	1	812	1	812	0.0	1609
31P2R1A5_04430	31P2R1A5_04430	100.000	342	0	0	1	342	1	342	0.0	696
31P2R1A5_04431	31P2R1A5_04431	100.000	289	0	0	1	289	1	289	0.0	604
31P2R1A5_04431	54P2R2A3_02185	97.924	289	6	0	1	289	1	289	0.0	592
31P2R1A5_04432	31P2R1A5_04432	100.000	307	0	0	1	307	1	307	0.0	625
31P2R1A5_04433	31P2R1A5_04433	100.000	91	0	0	1	91	1	91	2.50e-61	181
31P2R1A5_04434	31P2R1A5_04434	100.000	527	0	0	1	527	1	527	0.0	1085
31P2R1A5_04435	31P2R1A5_04435	100.000	445	0	0	1	445	1	445	0.0	888
31P2R1A5_04435	42P1R1A12_04766	96.861	446	13	1	1	445	1	446	0.0	862
31P2R1A5_04435	51P2R2A10_02981	95.067	446	21	1	1	445	1	446	0.0	848
31P2R1A5_04436	31P2R1A5_04436	100.000	716	0	0	1	716	1	716	0.0	1498
31P2R1A5_04436	10P3R2A13_01427	95.112	716	35	0	1	716	1	716	0.0	1440
31P2R1A5_04437	31P2R1A5_04437	100.000	492	0	0	1	492	1	492	0.0	983
31P2R1A5_04438	31P2R1A5_04438	100.000	506	0	0	1	506	1	506	0.0	1040
31P2R1A5_04438	42P1R1A12_04763	97.233	506	14	0	1	506	1	506	0.0	1019
31P2R1A5_04439	31P2R1A5_04439	100.000	144	0	0	1	144	1	144	1.25e-105	297
31P2R1A5_04440	31P2R1A5_04440	100.000	155	0	0	1	155	1	155	9.68e-115	321
31P2R1A5_04441	31P2R1A5_04441	100.000	307	0	0	1	307	1	307	0.0	624
31P2R1A5_04441	54P2R2A3_02194	95.440	307	14	0	1	307	1	307	0.0	578
31P2R1A5_04442	31P2R1A5_04442	100.000	391	0	0	1	391	1	391	0.0	808
31P2R1A5_04443	31P2R1A5_04443	100.000	344	0	0	1	344	1	344	0.0	706
31P2R1A5_04443	54P2R2A3_02196	96.802	344	11	0	1	344	1	344	0.0	687
31P2R1A5_04444	31P2R1A5_04444	100.000	336	0	0	1	336	1	336	0.0	678
31P2R1A5_04445	31P2R1A5_04445	100.000	345	0	0	1	345	1	345	0.0	704
31P2R1A5_04446	31P2R1A5_04446	100.000	308	0	0	1	308	1	308	0.0	618
31P2R1A5_04446	42P1R1A12_04757	95.130	308	15	0	1	308	1	308	0.0	600
31P2R1A5_04447	31P2R1A5_04447	100.000	495	0	0	1	495	1	495	0.0	1008
31P2R1A5_04448	31P2R1A5_04448	100.000	344	0	0	1	344	1	344	0.0	675
31P2R1A5_04449	31P2R1A5_04449	100.000	222	0	0	1	222	1	222	3.42e-159	439
31P2R1A5_04449	44P3R3A6_03195	99.065	214	2	0	9	222	1	214	4.29e-151	418
31P2R1A5_04450	31P2R1A5_04450	100.000	335	0	0	1	335	1	335	0.0	691
31P2R1A5_04450	42P1R1A12_04743	95.796	333	14	0	1	333	1	333	0.0	667
31P2R1A5_04450	51P2R2A10_02958	95.495	333	15	0	1	333	1	333	0.0	665
31P2R1A5_04451	31P2R1A5_04451	100.000	467	0	0	1	467	1	467	0.0	962
31P2R1A5_04451	54P2R2A3_02204	95.914	465	19	0	1	465	1	465	0.0	926
31P2R1A5_04452	31P2R1A5_04452	100.000	457	0	0	1	457	1	457	0.0	906
31P2R1A5_04453	31P2R1A5_04453	100.000	506	0	0	1	506	1	506	0.0	1042
31P2R1A5_04454	31P2R1A5_04454	100.000	308	0	0	1	308	1	308	0.0	616
31P2R1A5_04455	31P2R1A5_04455	100.000	256	0	0	1	256	1	256	0.0	525
31P2R1A5_04456	31P2R1A5_04456	100.000	115	0	0	1	115	1	115	3.93e-79	228
31P2R1A5_04456	54P2R2A3_02209	96.522	115	4	0	1	115	1	115	3.25e-76	220
31P2R1A5_04457	31P2R1A5_04457	100.000	381	0	0	1	381	1	381	0.0	779
31P2R1A5_04458	31P2R1A5_04458	100.000	266	0	0	1	266	1	266	0.0	528
31P2R1A5_04459	31P2R1A5_04459	100.000	361	0	0	1	361	1	361	0.0	685
31P2R1A5_04460	31P2R1A5_04460	100.000	373	0	0	1	373	1	373	0.0	770
31P2R1A5_04461	31P2R1A5_04461	100.000	130	0	0	1	130	1	130	3.43e-87	249
31P2R1A5_04462	31P2R1A5_04462	100.000	152	0	0	1	152	1	152	5.10e-109	306
31P2R1A5_04463	31P2R1A5_04463	100.000	196	0	0	1	196	1	196	3.71e-144	399
31P2R1A5_04464	31P2R1A5_04464	100.000	393	0	0	1	393	1	393	0.0	807
31P2R1A5_04464	54P2R2A3_02216	97.710	393	9	0	1	393	1	393	0.0	790
31P2R1A5_04465	31P2R1A5_04465	100.000	259	0	0	1	259	1	259	0.0	529
31P2R1A5_04466	31P2R1A5_04466	100.000	318	0	0	1	318	1	318	0.0	648
31P2R1A5_04467	31P2R1A5_04467	100.000	264	0	0	1	264	1	264	0.0	546
31P2R1A5_04467	54P2R2A3_04708	95.833	264	11	0	1	264	1	264	0.0	524
31P2R1A5_04468	31P2R1A5_04468	100.000	259	0	0	1	259	1	259	0.0	512
31P2R1A5_04468	54P2R2A3_04707	96.139	259	10	0	1	259	1	259	2.74e-179	493
31P2R1A5_04469	31P2R1A5_04469	100.000	228	0	0	1	228	1	228	3.52e-170	467
31P2R1A5_04470	31P2R1A5_04470	100.000	391	0	0	1	391	1	391	0.0	741
31P2R1A5_04470	54P2R2A3_04703	96.164	391	15	0	1	391	1	391	0.0	628
31P2R1A5_04471	31P2R1A5_04471	100.000	372	0	0	1	372	1	372	0.0	765
31P2R1A5_04472	31P2R1A5_04472	100.000	198	0	0	1	198	1	198	1.35e-146	405
31P2R1A5_04472	54P2R2A3_04701	96.465	198	7	0	1	198	1	198	7.13e-140	388
31P2R1A5_04472	44P3R3A6_05259	99.438	178	1	0	1	178	1	178	3.70e-131	365
31P2R1A5_04473	31P2R1A5_04473	100.000	500	0	0	1	500	1	500	0.0	1004
31P2R1A5_04474	31P2R1A5_04474	100.000	122	0	0	1	122	1	122	8.58e-88	250
31P2R1A5_04475	31P2R1A5_04475	100.000	434	0	0	1	434	1	434	0.0	896
31P2R1A5_04476	31P2R1A5_04476	100.000	495	0	0	1	495	1	495	0.0	1012
31P2R1A5_04476	54P2R2A3_04697	96.364	495	18	0	1	495	1	495	0.0	977
31P2R1A5_04477	31P2R1A5_04477	100.000	361	0	0	1	361	1	361	0.0	737
31P2R1A5_04478	31P2R1A5_04478	100.000	733	0	0	1	733	1	733	0.0	1501
31P2R1A5_04479	31P2R1A5_04479	100.000	459	0	0	1	459	1	459	0.0	910
31P2R1A5_04479	42P1R1A12_04729	95.643	459	20	0	1	459	1	459	0.0	877
31P2R1A5_04479	51P2R2A10_02947	95.207	459	22	0	1	459	1	459	0.0	870
31P2R1A5_04480	31P2R1A5_04480	100.000	414	0	0	1	414	1	414	0.0	833
31P2R1A5_04480	42P1R1A12_04728	96.135	414	16	0	1	414	1	414	0.0	804
31P2R1A5_04481	31P2R1A5_04481	100.000	341	0	0	1	341	1	341	0.0	703
31P2R1A5_04481	54P2R2A3_04692	97.067	341	10	0	1	341	1	341	0.0	685
31P2R1A5_04482	31P2R1A5_04482	100.000	384	0	0	1	384	1	384	0.0	788
31P2R1A5_04483	31P2R1A5_04483	100.000	139	0	0	1	139	1	139	2.61e-102	288
31P2R1A5_04483	44P3R3A6_05248	95.683	139	6	0	1	139	1	139	7.49e-98	277
31P2R1A5_04484	31P2R1A5_04484	100.000	327	0	0	1	327	1	327	0.0	661
31P2R1A5_04484	54P2R2A3_04689	97.859	327	7	0	1	327	1	327	0.0	645
31P2R1A5_04485	31P2R1A5_04485	100.000	415	0	0	1	415	1	415	0.0	841
31P2R1A5_04486	31P2R1A5_04486	100.000	476	0	0	1	476	1	476	0.0	926
31P2R1A5_04487	31P2R1A5_04487	100.000	289	0	0	1	289	1	289	0.0	598
31P2R1A5_04488	31P2R1A5_04488	100.000	348	0	0	1	348	1	348	0.0	693
31P2R1A5_04488	54P2R2A3_04685	97.067	341	10	0	1	341	1	341	0.0	664
31P2R1A5_04489	31P2R1A5_04489	100.000	106	0	0	1	106	1	106	9.29e-72	208
31P2R1A5_04490	31P2R1A5_04490	100.000	96	0	0	1	96	1	96	1.15e-66	195
31P2R1A5_04491	31P2R1A5_04491	100.000	218	0	0	1	218	1	218	1.70e-163	449
31P2R1A5_04492	31P2R1A5_04492	100.000	123	0	0	1	123	1	123	2.86e-91	259
31P2R1A5_04493	31P2R1A5_04493	100.000	194	0	0	1	194	1	194	2.32e-142	394
31P2R1A5_04493	54P2R2A3_04675	97.938	194	4	0	1	194	1	194	2.41e-139	386
31P2R1A5_04494	31P2R1A5_04494	100.000	367	0	0	1	367	1	367	0.0	752
31P2R1A5_04495	31P2R1A5_04495	100.000	114	0	0	1	114	1	114	1.30e-82	236
31P2R1A5_04496	31P2R1A5_04496	100.000	83	0	0	1	83	1	83	3.96e-53	159
31P2R1A5_04496	54P2R2A3_04672	96.386	83	3	0	1	83	1	83	5.98e-39	124
31P2R1A5_04497	31P2R1A5_04497	100.000	37	0	0	1	37	1	37	2.05e-18	68.9
31P2R1A5_04498	31P2R1A5_04498	100.000	908	0	0	1	908	1	908	0.0	1855
31P2R1A5_04499	31P2R1A5_04499	100.000	360	0	0	1	360	1	360	0.0	716
31P2R1A5_04499	54P2R2A3_04669	97.778	360	8	0	1	360	1	360	0.0	702
31P2R1A5_04500	31P2R1A5_04500	100.000	1031	0	0	1	1031	1	1031	0.0	2056
31P2R1A5_04501	31P2R1A5_04501	100.000	240	0	0	1	240	1	240	3.45e-179	491
31P2R1A5_04502	31P2R1A5_04502	100.000	372	0	0	1	372	1	372	0.0	770
31P2R1A5_04503	31P2R1A5_04503	100.000	556	0	0	1	556	1	556	0.0	1140
31P2R1A5_04504	31P2R1A5_04504	100.000	318	0	0	1	318	1	318	0.0	629
31P2R1A5_04504	42P1R1A12_05190	95.283	318	15	0	1	318	1	318	0.0	582
31P2R1A5_04505	31P2R1A5_04505	100.000	298	0	0	1	298	1	298	0.0	581
31P2R1A5_04506	31P2R1A5_04506	100.000	346	0	0	1	346	1	346	0.0	708
31P2R1A5_04507	31P2R1A5_04507	100.000	337	0	0	1	337	1	337	0.0	682
31P2R1A5_04508	31P2R1A5_04508	100.000	423	0	0	1	423	1	423	0.0	865
31P2R1A5_04509	31P2R1A5_04509	100.000	308	0	0	1	308	1	308	0.0	589
31P2R1A5_04509	54P2R2A3_04659	95.130	308	15	0	1	308	1	308	0.0	561
31P2R1A5_04510	31P2R1A5_04510	100.000	445	0	0	1	445	1	445	0.0	901
31P2R1A5_04510	54P2R2A3_04658	97.303	445	12	0	1	445	1	445	0.0	880
31P2R1A5_04511	31P2R1A5_04511	100.000	488	0	0	1	488	1	488	0.0	1001
31P2R1A5_04512	31P2R1A5_04512	100.000	284	0	0	1	284	1	284	0.0	582
31P2R1A5_04513	31P2R1A5_04513	100.000	214	0	0	1	214	1	214	1.17e-151	419
31P2R1A5_04513	42P1R1A12_05230	96.262	214	8	0	1	214	1	214	5.35e-145	402
31P2R1A5_04514	31P2R1A5_04514	100.000	222	0	0	1	222	1	222	8.34e-158	435
31P2R1A5_04515	31P2R1A5_04515	100.000	254	0	0	1	254	1	254	0.0	520
31P2R1A5_04515	42P1R1A12_05228	95.669	254	11	0	1	254	1	254	0.0	498
31P2R1A5_04516	31P2R1A5_04516	100.000	255	0	0	1	255	1	255	0.0	519
31P2R1A5_04517	31P2R1A5_04517	100.000	446	0	0	1	446	1	446	0.0	909
31P2R1A5_04517	42P1R1A12_05226	95.964	446	18	0	1	446	1	446	0.0	875
31P2R1A5_04518	31P2R1A5_04518	100.000	229	0	0	1	229	1	229	4.44e-170	467
31P2R1A5_04518	54P2R2A3_03694	97.380	229	6	0	1	229	1	229	9.11e-166	456
31P2R1A5_04519	31P2R1A5_04519	100.000	438	0	0	1	438	1	438	0.0	864
31P2R1A5_04519	51P2R2A10_04300	97.945	438	9	0	1	438	1	438	0.0	852
31P2R1A5_04520	31P2R1A5_04520	100.000	653	0	0	1	653	1	653	0.0	1351
31P2R1A5_04520	42P1R1A12_03127	96.018	653	26	0	1	653	1	653	0.0	1306
31P2R1A5_04521	31P2R1A5_04521	100.000	104	0	0	1	104	1	104	8.75e-72	208
31P2R1A5_04522	31P2R1A5_04522	100.000	552	0	0	1	552	1	552	0.0	1098
31P2R1A5_04522	42P1R1A12_03125	96.189	551	20	1	2	552	1	550	0.0	1026
31P2R1A5_04523	31P2R1A5_04523	100.000	366	0	0	1	366	1	366	0.0	740
31P2R1A5_04524	31P2R1A5_04524	100.000	190	0	0	1	190	1	190	7.25e-138	382
31P2R1A5_04525	31P2R1A5_04525	100.000	860	0	0	1	860	1	860	0.0	1764
31P2R1A5_04525	54P2R2A3_03701	95.581	860	38	0	1	860	1	860	0.0	1678
31P2R1A5_04526	31P2R1A5_04526	100.000	224	0	0	1	224	1	224	9.66e-163	448
31P2R1A5_04526	54P2R2A3_03702	95.964	223	9	0	2	224	8	230	2.97e-156	432
31P2R1A5_04527	31P2R1A5_04527	100.000	180	0	0	1	180	1	180	1.69e-127	355
31P2R1A5_04527	54P2R2A3_03703	96.111	180	7	0	1	180	1	180	3.75e-123	344
31P2R1A5_04528	31P2R1A5_04528	100.000	57	0	0	1	57	1	57	2.16e-35	113
31P2R1A5_04529	31P2R1A5_04529	100.000	226	0	0	1	226	1	226	3.69e-160	442
31P2R1A5_04529	54P2R2A3_03704	96.903	226	7	0	1	226	5	230	3.89e-156	432
31P2R1A5_04530	31P2R1A5_04530	100.000	137	0	0	1	137	1	137	3.46e-92	263
31P2R1A5_04531	31P2R1A5_04531	100.000	294	0	0	1	294	1	294	0.0	601
31P2R1A5_04531	54P2R2A3_03706	96.259	294	11	0	1	294	1	294	0.0	579
31P2R1A5_04532	31P2R1A5_04532	100.000	549	0	0	1	549	1	549	0.0	1080
31P2R1A5_04532	42P1R1A12_03116	97.086	549	16	0	1	549	1	549	0.0	1056
31P2R1A5_04533	31P2R1A5_04533	100.000	450	0	0	1	450	1	450	0.0	858
31P2R1A5_04533	42P1R1A12_03115	97.556	450	11	0	1	450	1	450	0.0	844
31P2R1A5_04533	18P3R3A11_04561	95.333	450	21	0	1	450	1	450	0.0	830
31P2R1A5_04534	31P2R1A5_04534	100.000	223	0	0	1	223	1	223	6.36e-163	448
31P2R1A5_04534	54P2R2A3_03709	96.413	223	8	0	1	223	1	223	7.71e-159	438
31P2R1A5_04535	31P2R1A5_04535	100.000	153	0	0	1	153	1	153	7.12e-111	311
31P2R1A5_04536	31P2R1A5_04536	100.000	110	0	0	1	110	1	110	6.34e-78	224
31P2R1A5_04536	42P1R1A12_03112	97.273	110	3	0	1	110	1	110	7.20e-76	219
31P2R1A5_04537	31P2R1A5_04537	100.000	535	0	0	1	535	1	535	0.0	1116
31P2R1A5_04537	54P2R2A3_03712	95.514	535	24	0	1	535	1	535	0.0	1073
31P2R1A5_04538	31P2R1A5_04538	100.000	94	0	0	1	94	1	94	2.89e-63	186
31P2R1A5_04538	42P1R1A12_03110	96.809	94	3	0	1	94	1	94	2.08e-62	184
31P2R1A5_04538	54P2R2A3_03713	97.872	94	2	0	1	94	1	94	2.11e-62	184
31P2R1A5_04539	31P2R1A5_04539	100.000	286	0	0	1	286	1	286	0.0	566
31P2R1A5_04539	54P2R2A3_03714	95.105	286	14	0	1	286	1	286	0.0	503
31P2R1A5_04540	31P2R1A5_04540	100.000	278	0	0	1	278	1	278	0.0	545
31P2R1A5_04541	31P2R1A5_04541	100.000	380	0	0	1	380	1	380	0.0	770
31P2R1A5_04542	31P2R1A5_04542	100.000	344	0	0	1	344	1	344	0.0	701
31P2R1A5_04542	54P2R2A3_03717	97.384	344	9	0	1	344	1	344	0.0	682
31P2R1A5_04543	31P2R1A5_04543	100.000	257	0	0	1	257	1	257	0.0	527
31P2R1A5_04544	31P2R1A5_04544	100.000	338	0	0	1	338	1	338	0.0	687
31P2R1A5_04545	31P2R1A5_04545	100.000	254	0	0	1	254	1	254	0.0	517
31P2R1A5_04546	31P2R1A5_04546	100.000	118	0	0	1	118	1	118	3.54e-86	246
31P2R1A5_04547	31P2R1A5_04547	100.000	316	0	0	1	316	1	316	0.0	637
31P2R1A5_04548	31P2R1A5_04548	100.000	389	0	0	1	389	1	389	0.0	785
31P2R1A5_04549	31P2R1A5_04549	100.000	808	0	0	1	808	1	808	0.0	1657
31P2R1A5_04550	31P2R1A5_04550	100.000	587	0	0	1	587	1	587	0.0	1218
31P2R1A5_04550	54P2R2A3_03723	96.763	587	19	0	1	587	1	587	0.0	1184
31P2R1A5_04551	31P2R1A5_04551	100.000	123	0	0	1	123	1	123	4.23e-89	253
31P2R1A5_04551	54P2R2A3_03724	97.561	123	3	0	1	123	1	123	3.50e-86	246
31P2R1A5_04552	31P2R1A5_04552	100.000	753	0	0	1	753	1	753	0.0	1557
31P2R1A5_04553	31P2R1A5_04553	100.000	527	0	0	1	527	1	527	0.0	1083
31P2R1A5_04554	31P2R1A5_04554	100.000	176	0	0	1	176	1	176	1.17e-126	353
31P2R1A5_04555	31P2R1A5_04555	100.000	942	0	0	1	942	1	942	0.0	1938
31P2R1A5_04555	42P1R1A12_03103	97.771	942	21	0	1	942	1	942	0.0	1902
31P2R1A5_04555	10P3R2A13_01357	96.915	940	29	0	1	940	1	940	0.0	1894
31P2R1A5_04555	18P3R3A11_04572	96.596	940	32	0	1	940	1	940	0.0	1857
31P2R1A5_04555	15P1R1A16_04390	98.148	432	8	0	509	940	1	432	0.0	876
31P2R1A5_04555	34P3R2A10_05001	98.828	256	3	0	685	940	1	256	0.0	526
31P2R1A5_04556	31P2R1A5_04556	100.000	119	0	0	1	119	1	119	6.84e-85	243
31P2R1A5_04557	31P2R1A5_04557	100.000	139	0	0	1	139	1	139	5.65e-101	285
31P2R1A5_04558	31P2R1A5_04558	100.000	238	0	0	1	238	1	238	2.46e-178	489
31P2R1A5_04559	31P2R1A5_04559	100.000	398	0	0	1	398	1	398	0.0	817
31P2R1A5_04560	31P2R1A5_04560	100.000	360	0	0	1	360	1	360	0.0	731
31P2R1A5_04562	31P2R1A5_04562	100.000	328	0	0	1	328	1	328	0.0	667
31P2R1A5_04562	54P2R2A3_03735	97.561	328	8	0	1	328	1	328	0.0	654
31P2R1A5_04563	31P2R1A5_04563	100.000	81	0	0	1	81	1	81	7.24e-50	151
31P2R1A5_04563	54P2R2A3_03736	97.531	81	2	0	1	81	1	81	9.78e-49	148
31P2R1A5_04564	31P2R1A5_04564	100.000	314	0	0	1	314	1	314	0.0	651
31P2R1A5_04565	31P2R1A5_04565	100.000	163	0	0	1	163	1	163	3.58e-120	335
31P2R1A5_04565	42P1R1A12_03091	96.273	161	6	0	1	161	1	161	4.22e-115	322
31P2R1A5_04566	31P2R1A5_04566	100.000	172	0	0	1	172	1	172	4.56e-127	353
31P2R1A5_04567	31P2R1A5_04567	100.000	70	0	0	1	70	1	70	5.20e-45	138
31P2R1A5_04567	54P2R2A3_03740	97.143	70	2	0	1	70	1	70	1.09e-43	135
31P2R1A5_04568	31P2R1A5_04568	100.000	439	0	0	1	439	1	439	0.0	847
31P2R1A5_04568	54P2R2A3_03741	97.039	439	13	0	1	439	1	439	0.0	826
31P2R1A5_04569	31P2R1A5_04569	100.000	203	0	0	1	203	1	203	5.40e-148	409
31P2R1A5_04569	42P1R1A12_03087	97.015	201	6	0	1	201	1	201	7.01e-143	396
31P2R1A5_04569	10P3R2A13_03830	95.074	203	10	0	1	203	1	203	3.52e-141	392
31P2R1A5_04570	31P2R1A5_04570	100.000	123	0	0	1	123	1	123	3.81e-83	238
31P2R1A5_04570	54P2R2A3_03743	96.748	123	4	0	1	123	1	123	8.79e-82	235
31P2R1A5_04571	31P2R1A5_04571	100.000	808	0	0	1	808	1	808	0.0	1662
31P2R1A5_04572	31P2R1A5_04572	100.000	289	0	0	1	289	1	289	0.0	578
31P2R1A5_04573	31P2R1A5_04573	100.000	166	0	0	1	166	1	166	2.34e-117	328
31P2R1A5_04573	54P2R2A3_03746	96.386	166	6	0	1	166	1	166	3.24e-113	318
31P2R1A5_04574	31P2R1A5_04574	100.000	310	0	0	1	310	1	310	0.0	623
31P2R1A5_04575	31P2R1A5_04575	100.000	430	0	0	1	430	1	430	0.0	886
31P2R1A5_04575	42P1R1A12_03081	96.744	430	14	0	1	430	1	430	0.0	863
31P2R1A5_04576	31P2R1A5_04576	100.000	370	0	0	1	370	1	370	0.0	754
31P2R1A5_04576	54P2R2A3_03749	96.757	370	12	0	1	370	1	370	0.0	738
31P2R1A5_04576	18P3R3A11_04098	96.216	370	14	0	1	370	1	370	0.0	730
31P2R1A5_04576	38P2R3A13_07799	97.990	199	4	0	172	370	1	199	3.65e-142	401
31P2R1A5_04577	31P2R1A5_04577	100.000	397	0	0	1	397	1	397	0.0	801
31P2R1A5_04577	42P1R1A12_03079	97.481	397	10	0	1	397	1	397	0.0	784
31P2R1A5_04578	31P2R1A5_04578	100.000	515	0	0	1	515	1	515	0.0	1047
31P2R1A5_04578	54P2R2A3_03751	97.670	515	12	0	1	515	1	515	0.0	1030
31P2R1A5_04578	42P1R1A12_03078	96.117	515	20	0	1	515	1	515	0.0	1011
31P2R1A5_04579	31P2R1A5_04579	100.000	297	0	0	1	297	1	297	0.0	589
31P2R1A5_04579	18P3R3A11_04095	95.623	297	13	0	1	297	1	297	0.0	569
31P2R1A5_04580	31P2R1A5_04580	100.000	137	0	0	1	137	1	137	4.92e-96	272
31P2R1A5_04581	31P2R1A5_04581	100.000	170	0	0	1	170	1	170	1.34e-126	352
31P2R1A5_04582	31P2R1A5_04582	100.000	152	0	0	1	152	1	152	3.17e-110	309
31P2R1A5_04583	31P2R1A5_04583	100.000	550	0	0	1	550	1	550	0.0	1140
31P2R1A5_04583	42P1R1A12_03069	97.455	550	14	0	1	550	1	550	0.0	1115
31P2R1A5_04583	18P3R3A11_04089	95.273	550	26	0	1	550	1	550	0.0	1091
31P2R1A5_04583	38P2R3A13_07312	95.418	502	23	0	49	550	1	502	0.0	996
31P2R1A5_04583	34P3R2A10_04732	95.309	469	22	0	82	550	1	469	0.0	939
31P2R1A5_04584	31P2R1A5_04584	100.000	450	0	0	1	450	1	450	0.0	904
31P2R1A5_04585	31P2R1A5_04585	100.000	310	0	0	1	310	1	310	0.0	602
31P2R1A5_04585	51P2R2A10_04237	95.130	308	15	0	1	308	1	308	0.0	578
31P2R1A5_04586	31P2R1A5_04586	100.000	113	0	0	1	113	1	113	4.76e-79	227
31P2R1A5_04587	31P2R1A5_04587	100.000	119	0	0	1	119	1	119	1.06e-85	244
31P2R1A5_04588	31P2R1A5_04588	100.000	91	0	0	1	91	1	91	4.36e-62	183
31P2R1A5_04589	31P2R1A5_04589	100.000	292	0	0	1	292	1	292	0.0	591
31P2R1A5_04590	31P2R1A5_04590	100.000	318	0	0	1	318	1	318	0.0	653
31P2R1A5_04591	31P2R1A5_04591	100.000	268	0	0	1	268	1	268	0.0	550
31P2R1A5_04592	31P2R1A5_04592	100.000	136	0	0	1	136	1	136	6.91e-97	274
31P2R1A5_04593	31P2R1A5_04593	100.000	165	0	0	1	165	1	165	1.15e-121	339
31P2R1A5_04594	31P2R1A5_04594	100.000	267	0	0	1	267	1	267	0.0	522
31P2R1A5_04594	42P1R1A12_03057	95.506	267	11	1	1	267	1	266	1.46e-180	496
31P2R1A5_04595	31P2R1A5_04595	100.000	275	0	0	1	275	1	275	0.0	545
31P2R1A5_04595	51P2R2A10_04229	96.727	275	9	0	1	275	1	275	0.0	532
31P2R1A5_04595	28P2R1A12_03140	95.273	275	13	0	1	275	1	275	0.0	507
31P2R1A5_04596	31P2R1A5_04596	100.000	411	0	0	1	411	1	411	0.0	850
31P2R1A5_04597	31P2R1A5_04597	100.000	270	0	0	1	270	1	270	0.0	548
31P2R1A5_04598	31P2R1A5_04598	100.000	544	0	0	1	544	1	544	0.0	1095
31P2R1A5_04599	31P2R1A5_04599	100.000	1228	0	0	1	1228	1	1228	0.0	2534
31P2R1A5_04599	42P1R1A12_03049	95.847	1228	51	0	1	1228	1	1228	0.0	2441
31P2R1A5_04600	31P2R1A5_04600	100.000	277	0	0	1	277	1	277	0.0	563
31P2R1A5_04601	31P2R1A5_04601	100.000	595	0	0	1	595	1	595	0.0	1231
31P2R1A5_04602	31P2R1A5_04602	100.000	440	0	0	1	440	1	440	0.0	918
31P2R1A5_04602	42P1R1A12_03045	95.862	435	18	0	6	440	1	435	0.0	876
31P2R1A5_04603	31P2R1A5_04603	100.000	534	0	0	1	534	1	534	0.0	1111
31P2R1A5_04604	31P2R1A5_04604	100.000	310	0	0	1	310	1	310	0.0	644
31P2R1A5_04604	42P1R1A12_03043	95.806	310	13	0	1	310	1	310	0.0	623
31P2R1A5_04605	31P2R1A5_04605	100.000	152	0	0	1	152	1	152	2.82e-113	317
31P2R1A5_04607	31P2R1A5_04607	100.000	284	0	0	1	284	1	284	0.0	574
31P2R1A5_04608	31P2R1A5_04608	100.000	619	0	0	1	619	1	619	0.0	1258
31P2R1A5_04609	31P2R1A5_04609	100.000	367	0	0	1	367	1	367	0.0	766
31P2R1A5_04609	43P2R2A2_03747	95.146	103	5	0	265	367	1	103	5.73e-69	211
31P2R1A5_04610	31P2R1A5_04610	100.000	120	0	0	1	120	1	120	1.87e-84	241
31P2R1A5_04611	31P2R1A5_04611	100.000	212	0	0	1	212	1	212	2.93e-154	426
31P2R1A5_04611	18P3R3A11_03915	96.682	211	7	0	1	211	1	211	6.17e-149	412
31P2R1A5_04611	10P3R2A13_03999	99.512	205	1	0	1	205	19	223	7.13e-147	408
31P2R1A5_04612	31P2R1A5_04612	100.000	467	0	0	1	467	1	467	0.0	969
31P2R1A5_04612	18P3R3A11_03916	96.574	467	16	0	1	467	1	467	0.0	944
31P2R1A5_04612	38P2R3A13_08510	95.931	467	19	0	1	467	1	467	0.0	936
31P2R1A5_04613	31P2R1A5_04613	100.000	306	0	0	1	306	1	306	0.0	624
31P2R1A5_04613	18P3R3A11_03917	97.386	306	8	0	1	306	1	306	0.0	610
31P2R1A5_04613	42P1R1A12_03293	97.386	306	8	0	1	306	1	306	0.0	608
31P2R1A5_04613	10P3R2A13_03997	95.425	306	14	0	1	306	1	306	0.0	597
31P2R1A5_04613	38P2R3A13_08511	96.610	236	8	0	71	306	1	236	1.34e-170	472
31P2R1A5_04614	31P2R1A5_04614	100.000	458	0	0	1	458	1	458	0.0	935
31P2R1A5_04614	42P1R1A12_03292	96.491	456	16	0	1	456	1	456	0.0	902
31P2R1A5_04615	31P2R1A5_04615	100.000	258	0	0	1	258	1	258	0.0	509
31P2R1A5_04615	42P1R1A12_03291	96.512	258	9	0	1	258	1	258	0.0	498
31P2R1A5_04616	31P2R1A5_04616	100.000	335	0	0	1	335	1	335	0.0	686
31P2R1A5_04617	31P2R1A5_04617	100.000	384	0	0	1	384	1	384	0.0	795
31P2R1A5_04617	42P1R1A12_03289	96.094	384	15	0	1	384	1	384	0.0	772
31P2R1A5_04618	31P2R1A5_04618	100.000	884	0	0	1	884	1	884	0.0	1813
31P2R1A5_04618	42P1R1A12_03288	96.154	884	34	0	1	884	1	884	0.0	1726
31P2R1A5_04619	31P2R1A5_04619	100.000	217	0	0	1	217	1	217	9.27e-166	455
31P2R1A5_04619	54P2R2A3_03999	96.313	217	8	0	1	217	1	217	1.53e-160	442
31P2R1A5_04620	31P2R1A5_04620	100.000	329	0	0	1	329	1	329	0.0	688
31P2R1A5_04620	44P3R3A6_04544	98.264	288	5	0	42	329	1	288	0.0	591
31P2R1A5_04621	31P2R1A5_04621	100.000	221	0	0	1	221	1	221	1.30e-161	445
31P2R1A5_04621	42P1R1A12_03285	97.738	221	5	0	1	221	1	221	2.49e-158	437
31P2R1A5_04622	31P2R1A5_04622	100.000	368	0	0	1	368	1	368	0.0	749
31P2R1A5_04623	31P2R1A5_04623	100.000	296	0	0	1	296	1	296	0.0	617
31P2R1A5_04623	42P1R1A12_03282	97.973	296	6	0	1	296	1	296	0.0	607
31P2R1A5_04624	31P2R1A5_04624	100.000	500	0	0	1	500	1	500	0.0	1013
31P2R1A5_04625	31P2R1A5_04625	100.000	339	0	0	1	339	1	339	0.0	692
31P2R1A5_04626	31P2R1A5_04626	100.000	303	0	0	1	303	1	303	0.0	605
31P2R1A5_04627	31P2R1A5_04627	100.000	125	0	0	1	125	1	125	5.37e-88	251
31P2R1A5_04627	54P2R2A3_04006	95.161	124	6	0	2	125	1	124	2.53e-82	236
31P2R1A5_04628	31P2R1A5_04628	100.000	811	0	0	1	811	1	811	0.0	1647
31P2R1A5_04628	42P1R1A12_03279	95.684	811	35	0	1	811	1	811	0.0	1589
31P2R1A5_04629	31P2R1A5_04629	100.000	387	0	0	1	387	1	387	0.0	791
31P2R1A5_04629	10P3R2A13_03974	96.623	385	13	0	1	385	1	385	0.0	760
31P2R1A5_04630	31P2R1A5_04630	100.000	106	0	0	1	106	1	106	4.80e-76	219
31P2R1A5_04630	18P3R3A11_03930	97.170	106	3	0	1	106	1	106	2.13e-73	213
31P2R1A5_04630	10P3R2A13_03973	95.283	106	5	0	1	106	1	106	6.96e-73	211
31P2R1A5_04631	31P2R1A5_04631	100.000	71	0	0	1	71	1	71	1.41e-48	147
31P2R1A5_04631	54P2R2A3_04012	97.183	71	2	0	1	71	1	71	2.43e-47	144
31P2R1A5_04632	31P2R1A5_04632	100.000	732	0	0	1	732	1	732	0.0	1492
31P2R1A5_04632	54P2R2A3_04013	97.541	732	18	0	1	732	1	732	0.0	1459
31P2R1A5_04633	31P2R1A5_04633	100.000	343	0	0	1	343	1	343	0.0	706
31P2R1A5_04635	31P2R1A5_04635	100.000	177	0	0	1	177	1	177	8.65e-129	358
31P2R1A5_04635	10P3R2A13_04390	96.045	177	7	0	1	177	1	177	2.73e-123	344
31P2R1A5_04635	18P3R3A11_03936	96.610	177	6	0	1	177	1	177	5.89e-123	343
31P2R1A5_04636	31P2R1A5_04636	100.000	445	0	0	1	445	1	445	0.0	906
31P2R1A5_04637	31P2R1A5_04637	100.000	307	0	0	1	307	1	307	0.0	610
31P2R1A5_04637	44P3R3A6_04529	97.720	307	7	0	1	307	1	307	0.0	597
31P2R1A5_04638	31P2R1A5_04638	100.000	162	0	0	1	162	1	162	1.10e-114	322
31P2R1A5_04638	42P1R1A12_03269	96.914	162	5	0	1	162	1	162	2.99e-112	315
31P2R1A5_04639	31P2R1A5_04639	100.000	321	0	0	1	321	1	321	0.0	652
31P2R1A5_04639	42P1R1A12_03268	97.508	321	8	0	1	321	1	321	0.0	637
31P2R1A5_04640	31P2R1A5_04640	100.000	301	0	0	1	301	1	301	0.0	602
31P2R1A5_04641	31P2R1A5_04641	100.000	168	0	0	1	168	1	168	6.71e-122	340
31P2R1A5_04641	42P1R1A12_03266	97.024	168	5	0	1	168	1	168	4.82e-117	328
31P2R1A5_04642	31P2R1A5_04642	100.000	233	0	0	1	233	1	233	5.24e-170	467
31P2R1A5_04642	18P3R3A11_03955	96.137	233	9	0	1	233	1	233	2.08e-153	425
31P2R1A5_04643	31P2R1A5_04643	100.000	458	0	0	1	458	1	458	0.0	928
31P2R1A5_04644	31P2R1A5_04644	100.000	225	0	0	1	225	1	225	5.46e-170	466
31P2R1A5_04644	54P2R2A3_04025	96.444	225	8	0	1	225	1	225	2.85e-165	454
31P2R1A5_04646	31P2R1A5_04646	100.000	345	0	0	1	345	1	345	0.0	686
31P2R1A5_04646	42P1R1A12_03261	95.362	345	16	0	1	345	1	345	0.0	660
31P2R1A5_04647	31P2R1A5_04647	100.000	282	0	0	1	282	1	282	0.0	585
31P2R1A5_04648	31P2R1A5_04648	100.000	279	0	0	1	279	1	279	0.0	578
31P2R1A5_04649	31P2R1A5_04649	100.000	489	0	0	1	489	1	489	0.0	1004
31P2R1A5_04649	54P2R2A3_04030	96.728	489	16	0	1	489	1	489	0.0	970
31P2R1A5_04650	31P2R1A5_04650	100.000	420	0	0	1	420	1	420	0.0	872
31P2R1A5_04650	42P1R1A12_03257	97.143	420	12	0	1	420	1	420	0.0	851
31P2R1A5_04651	31P2R1A5_04651	100.000	277	0	0	1	277	1	277	0.0	571
31P2R1A5_04651	42P1R1A12_03256	97.112	277	8	0	1	277	1	277	0.0	558
31P2R1A5_04652	31P2R1A5_04652	100.000	329	0	0	1	329	1	329	0.0	648
31P2R1A5_04652	42P1R1A12_03255	96.960	329	10	0	1	329	1	329	0.0	632
31P2R1A5_04652	18P3R3A11_04340	96.049	329	13	0	1	329	1	329	0.0	623
31P2R1A5_04653	31P2R1A5_04653	100.000	504	0	0	1	504	1	504	0.0	1028
31P2R1A5_04654	31P2R1A5_04654	100.000	336	0	0	1	336	1	336	0.0	657
31P2R1A5_04654	51P2R2A10_05121	95.758	330	14	0	7	336	6	335	0.0	598
31P2R1A5_04655	31P2R1A5_04655	100.000	335	0	0	1	335	1	335	0.0	659
31P2R1A5_04656	31P2R1A5_04656	100.000	383	0	0	1	383	1	383	0.0	777
31P2R1A5_04656	42P1R1A12_03251	95.822	383	16	0	1	383	1	383	0.0	726
31P2R1A5_04656	51P2R2A10_05119	95.039	383	19	0	1	383	1	383	0.0	721
31P2R1A5_04657	31P2R1A5_04657	100.000	105	0	0	1	105	1	105	3.48e-75	217
31P2R1A5_04658	31P2R1A5_04658	100.000	422	0	0	1	422	1	422	0.0	850
31P2R1A5_04658	51P2R2A10_05112	96.445	422	15	0	1	422	1	422	0.0	832
31P2R1A5_04658	42P1R1A12_03229	95.735	422	18	0	1	422	15	436	0.0	784
31P2R1A5_04659	31P2R1A5_04659	100.000	708	0	0	1	708	1	708	0.0	1454
31P2R1A5_04660	31P2R1A5_04660	100.000	332	0	0	1	332	1	332	0.0	673
31P2R1A5_04661	31P2R1A5_04661	100.000	183	0	0	1	183	1	183	4.94e-133	369
31P2R1A5_04661	42P1R1A12_03221	96.175	183	7	0	1	183	1	183	2.85e-129	360
31P2R1A5_04662	31P2R1A5_04662	100.000	230	0	0	1	230	1	230	1.59e-161	446
31P2R1A5_04663	31P2R1A5_04663	100.000	108	0	0	1	108	1	108	4.30e-70	204
31P2R1A5_04664	31P2R1A5_04664	100.000	198	0	0	1	198	1	198	1.75e-145	402
31P2R1A5_04665	31P2R1A5_04665	100.000	146	0	0	1	146	1	146	2.43e-105	296
31P2R1A5_04666	31P2R1A5_04666	100.000	90	0	0	1	90	1	90	1.95e-61	181
31P2R1A5_04667	31P2R1A5_04667	100.000	283	0	0	1	283	1	283	0.0	586
31P2R1A5_04667	54P2R2A3_04051	97.153	281	8	0	3	283	1	281	0.0	564
31P2R1A5_04668	31P2R1A5_04668	100.000	456	0	0	1	456	1	456	0.0	894
31P2R1A5_04669	31P2R1A5_04669	100.000	105	0	0	1	105	1	105	2.37e-71	207
31P2R1A5_04670	31P2R1A5_04670	100.000	327	0	0	1	327	1	327	0.0	669
31P2R1A5_04671	31P2R1A5_04671	100.000	71	0	0	1	71	1	71	1.56e-43	134
31P2R1A5_04672	31P2R1A5_04672	100.000	279	0	0	1	279	1	279	0.0	575
31P2R1A5_04672	54P2R2A3_04056	96.057	279	11	0	1	279	1	279	0.0	556
31P2R1A5_04673	31P2R1A5_04673	100.000	196	0	0	1	196	1	196	4.34e-148	409
31P2R1A5_04673	42P1R1A12_03201	96.429	196	7	0	1	196	1	196	1.30e-143	397
31P2R1A5_04673	10P3R2A13_03624	95.408	196	9	0	1	196	1	196	6.65e-143	395
31P2R1A5_04674	31P2R1A5_04674	100.000	805	0	0	1	805	1	805	0.0	1673
31P2R1A5_04674	42P1R1A12_03200	96.646	805	27	0	1	805	1	805	0.0	1627
31P2R1A5_04676	31P2R1A5_04676	100.000	212	0	0	1	212	1	212	2.95e-156	431
31P2R1A5_04676	18P3R3A11_04319	96.226	212	8	0	1	212	1	212	2.13e-152	421
31P2R1A5_04676	42P1R1A12_03198	95.283	212	10	0	1	212	1	212	1.56e-150	416
31P2R1A5_04676	38P2R3A13_06626	98.837	86	1	0	127	212	1	86	3.01e-55	171
31P2R1A5_04677	31P2R1A5_04677	100.000	310	0	0	1	310	1	310	0.0	640
31P2R1A5_04678	31P2R1A5_04678	100.000	164	0	0	1	164	1	164	4.26e-120	335
31P2R1A5_04678	44P3R3A6_04483	99.038	104	1	0	1	104	1	104	1.93e-71	211
31P2R1A5_04679	31P2R1A5_04679	100.000	83	0	0	1	83	1	83	3.17e-54	162
31P2R1A5_04680	31P2R1A5_04680	100.000	306	0	0	1	306	1	306	0.0	624
31P2R1A5_04680	44P3R3A6_04481	96.078	306	12	0	1	306	1	306	0.0	599
31P2R1A5_04681	31P2R1A5_04681	100.000	314	0	0	1	314	1	314	0.0	652
31P2R1A5_04681	42P1R1A12_03195	97.134	314	9	0	1	314	1	314	0.0	637
31P2R1A5_04682	31P2R1A5_04682	100.000	146	0	0	1	146	1	146	1.10e-105	297
31P2R1A5_04682	54P2R2A3_04066	97.945	146	3	0	1	146	1	146	1.32e-103	292
31P2R1A5_04682	38P2R3A13_03863	97.260	146	4	0	1	146	1	146	8.82e-103	290
31P2R1A5_04682	18P3R3A11_04314	96.575	146	5	0	1	146	1	146	1.74e-102	289
31P2R1A5_04682	38P2R3A13_06622	96.575	146	5	0	1	146	1	146	5.00e-102	288
31P2R1A5_04682	42P1R1A12_03194	95.205	146	7	0	1	146	1	146	7.77e-101	285
31P2R1A5_04682	10P3R2A13_03611	95.205	146	7	0	1	146	1	146	1.69e-100	284
31P2R1A5_04683	31P2R1A5_04683	100.000	287	0	0	1	287	1	287	0.0	575
31P2R1A5_04684	31P2R1A5_04684	100.000	200	0	0	1	200	1	200	1.83e-151	417
31P2R1A5_04684	54P2R2A3_04068	97.500	200	5	0	1	200	1	200	2.53e-148	409
31P2R1A5_04685	31P2R1A5_04685	100.000	608	0	0	1	608	1	608	0.0	1239
31P2R1A5_04685	18P3R3A11_04384	97.862	608	13	0	1	608	1	608	0.0	1214
31P2R1A5_04685	42P1R1A12_03191	97.039	608	18	0	1	608	1	608	0.0	1207
31P2R1A5_04685	10P3R2A13_03597	95.230	608	29	0	1	608	1	608	0.0	1188
31P2R1A5_04685	15P1R1A16_04332	96.000	300	12	0	309	608	1	300	0.0	590
31P2R1A5_04685	38P2R3A13_06610	99.444	180	1	0	429	608	1	180	1.13e-125	367
31P2R1A5_04686	31P2R1A5_04686	100.000	470	0	0	1	470	1	470	0.0	976
31P2R1A5_04686	18P3R3A11_04383	97.021	470	14	0	1	470	1	470	0.0	955
31P2R1A5_04686	38P2R3A13_08451	97.403	462	12	0	9	470	1	462	0.0	942
31P2R1A5_04687	31P2R1A5_04687	100.000	350	0	0	1	350	1	350	0.0	701
31P2R1A5_04687	42P1R1A12_03189	97.714	350	8	0	1	350	1	350	0.0	689
31P2R1A5_04687	18P3R3A11_04382	95.429	350	16	0	1	350	1	350	0.0	677
31P2R1A5_04687	43P2R2A2_02188	98.485	66	1	0	285	350	1	66	2.76e-41	139
31P2R1A5_04688	31P2R1A5_04688	100.000	470	0	0	1	470	1	470	0.0	960
31P2R1A5_04689	31P2R1A5_04689	100.000	37	0	0	1	37	1	37	1.12e-18	69.7
31P2R1A5_04690	31P2R1A5_04690	100.000	458	0	0	1	458	1	458	0.0	949
31P2R1A5_04690	54P2R2A3_04073	97.380	458	12	0	1	458	1	458	0.0	927
31P2R1A5_04691	31P2R1A5_04691	100.000	169	0	0	1	169	1	169	4.54e-119	333
31P2R1A5_04692	31P2R1A5_04692	100.000	211	0	0	1	211	1	211	3.39e-157	433
31P2R1A5_04692	18P3R3A11_04377	95.455	198	9	0	1	198	1	198	2.63e-141	393
31P2R1A5_04693	31P2R1A5_04693	100.000	931	0	0	1	931	1	931	0.0	1903
31P2R1A5_04694	31P2R1A5_04694	100.000	300	0	0	1	300	1	300	0.0	619
31P2R1A5_04694	54P2R2A3_04077	97.333	300	8	0	1	300	1	300	0.0	603
31P2R1A5_04695	31P2R1A5_04695	100.000	208	0	0	1	208	1	208	1.67e-154	426
31P2R1A5_04696	31P2R1A5_04696	100.000	329	0	0	1	329	1	329	0.0	676
31P2R1A5_04697	31P2R1A5_04697	100.000	90	0	0	1	90	1	90	1.58e-61	181
31P2R1A5_04697	42P1R1A12_03179	95.556	90	4	0	1	90	1	90	3.47e-59	175
31P2R1A5_04697	51P2R2A10_05213	95.556	90	4	0	1	90	1	90	4.47e-59	175
31P2R1A5_04698	31P2R1A5_04698	100.000	194	0	0	1	194	1	194	7.09e-144	398
31P2R1A5_04698	54P2R2A3_04081	97.423	194	5	0	1	194	1	194	1.07e-140	390
31P2R1A5_04699	31P2R1A5_04699	100.000	169	0	0	1	169	1	169	4.81e-123	343
31P2R1A5_04701	31P2R1A5_04701	100.000	41	0	0	1	41	1	41	6.31e-25	85.5
31P2R1A5_04701	44P3R3A6_04639	100.000	41	0	0	1	41	49	89	3.60e-24	85.1
31P2R1A5_04701	54P2R2A3_05185	95.122	41	2	0	1	41	49	89	8.28e-23	81.6
31P2R1A5_04701	54P2R2A3_05182	97.561	41	1	0	1	41	119	159	6.18e-22	81.3
31P2R1A5_04702	31P2R1A5_04702	100.000	398	0	0	1	398	1	398	0.0	776
31P2R1A5_04702	54P2R2A3_04091	97.739	398	9	0	1	398	1	398	0.0	764
31P2R1A5_04703	31P2R1A5_04703	100.000	120	0	0	1	120	1	120	6.81e-86	245
31P2R1A5_04704	31P2R1A5_04704	100.000	108	0	0	1	108	1	108	1.22e-76	221
31P2R1A5_04705	31P2R1A5_04705	100.000	151	0	0	1	151	1	151	4.57e-109	306
31P2R1A5_04706	31P2R1A5_04706	100.000	464	0	0	1	464	1	464	0.0	935
31P2R1A5_04706	42P1R1A12_03582	97.414	464	12	0	1	464	1	464	0.0	917
31P2R1A5_04706	18P3R3A11_02958	95.852	458	19	0	1	458	1	458	0.0	896
31P2R1A5_04706	10P3R2A13_04225	95.259	464	22	0	1	464	1	464	0.0	865
31P2R1A5_04707	31P2R1A5_04707	100.000	443	0	0	1	443	1	443	0.0	886
31P2R1A5_04708	31P2R1A5_04708	100.000	502	0	0	1	502	1	502	0.0	987
31P2R1A5_04708	54P2R2A3_04098	97.410	502	12	1	1	502	1	501	0.0	962
31P2R1A5_04709	31P2R1A5_04709	100.000	198	0	0	1	198	1	198	1.96e-144	399
31P2R1A5_04709	42P1R1A12_03579	96.970	198	6	0	1	198	1	198	5.65e-141	391
31P2R1A5_04710	31P2R1A5_04710	100.000	96	0	0	1	96	1	96	1.66e-68	199
31P2R1A5_04711	31P2R1A5_04711	100.000	563	0	0	1	563	1	563	0.0	1147
31P2R1A5_04712	31P2R1A5_04712	100.000	32	0	0	1	32	1	32	1.88e-07	40.8
31P2R1A5_04713	31P2R1A5_04713	100.000	30	0	0	1	30	1	30	9.98e-13	54.3
31P2R1A5_04714	31P2R1A5_04714	100.000	149	0	0	1	149	1	149	9.33e-110	308
31P2R1A5_04714	54P2R2A3_04104	97.315	149	4	0	1	149	1	149	9.50e-107	300
31P2R1A5_04715	31P2R1A5_04715	100.000	278	0	0	1	278	1	278	0.0	544
31P2R1A5_04715	54P2R2A3_04105	97.842	278	6	0	1	278	1	278	0.0	535
31P2R1A5_04716	31P2R1A5_04716	100.000	395	0	0	1	395	1	395	0.0	775
31P2R1A5_04716	42P1R1A12_03572	95.190	395	19	0	1	395	1	395	0.0	661
31P2R1A5_04717	31P2R1A5_04717	100.000	308	0	0	1	308	1	308	0.0	637
31P2R1A5_04717	54P2R2A3_04107	96.753	308	10	0	1	308	1	308	0.0	619
31P2R1A5_04718	31P2R1A5_04718	100.000	446	0	0	1	446	1	446	0.0	865
31P2R1A5_04719	31P2R1A5_04719	100.000	443	0	0	1	443	1	443	0.0	907
31P2R1A5_04719	54P2R2A3_04109	97.743	443	10	0	1	443	1	443	0.0	889
31P2R1A5_04720	31P2R1A5_04720	100.000	167	0	0	1	167	1	167	2.91e-123	343
31P2R1A5_04721	31P2R1A5_04721	100.000	121	0	0	1	121	1	121	2.16e-83	239
31P2R1A5_04722	31P2R1A5_04722	100.000	116	0	0	1	116	1	116	6.94e-79	227
31P2R1A5_04723	31P2R1A5_04723	100.000	441	0	0	1	441	1	441	0.0	922
31P2R1A5_04723	42P1R1A12_03565	97.279	441	12	0	1	441	1	441	0.0	899
31P2R1A5_04724	31P2R1A5_04724	100.000	541	0	0	1	541	1	541	0.0	1090
31P2R1A5_04724	42P1R1A12_03564	95.194	541	26	0	1	541	1	541	0.0	1050
31P2R1A5_04725	31P2R1A5_04725	100.000	249	0	0	1	249	1	249	0.0	509
31P2R1A5_04725	54P2R2A3_04115	99.167	240	2	0	1	240	1	240	7.27e-178	488
31P2R1A5_04726	31P2R1A5_04726	100.000	554	0	0	1	554	1	554	0.0	1091
31P2R1A5_04727	31P2R1A5_04727	100.000	143	0	0	1	143	1	143	1.09e-104	295
31P2R1A5_04727	42P1R1A12_03561	95.105	143	7	0	1	143	1	143	1.04e-99	282
31P2R1A5_04728	31P2R1A5_04728	100.000	138	0	0	1	138	1	138	1.47e-97	276
31P2R1A5_04728	10P3R2A13_04203	97.101	138	4	0	1	138	1	138	1.02e-94	269
31P2R1A5_04729	31P2R1A5_04729	100.000	111	0	0	1	111	1	111	1.26e-77	224
31P2R1A5_04730	31P2R1A5_04730	100.000	422	0	0	1	422	1	422	0.0	868
31P2R1A5_04730	54P2R2A3_04122	95.599	409	18	0	14	422	1	409	0.0	806
31P2R1A5_04731	31P2R1A5_04731	100.000	378	0	0	1	378	1	378	0.0	778
31P2R1A5_04732	31P2R1A5_04732	100.000	354	0	0	1	354	1	354	0.0	732
31P2R1A5_04733	31P2R1A5_04733	100.000	271	0	0	1	271	1	271	0.0	551
31P2R1A5_04733	42P1R1A12_03552	95.167	269	13	0	1	269	1	269	0.0	530
31P2R1A5_04734	31P2R1A5_04734	100.000	805	0	0	1	805	1	805	0.0	1668
31P2R1A5_04734	42P1R1A12_03549	96.025	805	32	0	1	805	1	805	0.0	1586
31P2R1A5_04734	10P3R2A13_03277	95.155	805	39	0	1	805	1	805	0.0	1567
31P2R1A5_04734	43P2R2A2_04869	97.468	79	2	0	727	805	1	79	2.12e-46	159
31P2R1A5_04735	31P2R1A5_04735	100.000	358	0	0	1	358	1	358	0.0	738
31P2R1A5_04735	42P1R1A12_03548	96.648	358	12	0	1	358	1	358	0.0	717
31P2R1A5_04736	31P2R1A5_04736	100.000	367	0	0	1	367	1	367	0.0	753
31P2R1A5_04736	18P3R3A11_02921	96.185	367	14	0	1	367	1	367	0.0	729
31P2R1A5_04736	10P3R2A13_03279	95.640	367	16	0	1	367	1	367	0.0	725
31P2R1A5_04736	38P2R3A13_08591	96.310	271	10	0	97	367	1	271	0.0	540
31P2R1A5_04737	31P2R1A5_04737	100.000	468	0	0	1	468	1	468	0.0	962
31P2R1A5_04738	31P2R1A5_04738	100.000	66	0	0	1	66	1	66	1.41e-44	137
31P2R1A5_04739	31P2R1A5_04739	100.000	549	0	0	1	549	1	549	0.0	1127
31P2R1A5_04739	42P1R1A12_03544	95.628	549	24	0	1	549	1	549	0.0	1047
31P2R1A5_04740	31P2R1A5_04740	100.000	455	0	0	1	455	1	455	0.0	909
31P2R1A5_04740	18P3R3A11_02917	95.824	455	19	0	1	455	1	455	0.0	874
31P2R1A5_04741	31P2R1A5_04741	100.000	140	0	0	1	140	1	140	1.20e-101	286
31P2R1A5_04742	31P2R1A5_04742	100.000	393	0	0	1	393	1	393	0.0	776
31P2R1A5_04743	31P2R1A5_04743	100.000	320	0	0	1	320	1	320	0.0	653
31P2R1A5_04744	31P2R1A5_04744	100.000	241	0	0	1	241	1	241	1.52e-179	492
31P2R1A5_04744	54P2R2A3_04141	95.885	243	8	1	1	241	1	243	2.56e-171	471
31P2R1A5_04745	31P2R1A5_04745	100.000	189	0	0	1	189	1	189	1.58e-138	384
31P2R1A5_04746	31P2R1A5_04746	100.000	446	0	0	1	446	1	446	0.0	871
31P2R1A5_04746	42P1R1A12_03532	97.309	446	12	0	1	446	1	446	0.0	853
31P2R1A5_04746	18P3R3A11_02912	95.291	446	21	0	1	446	2	447	0.0	835
31P2R1A5_04747	31P2R1A5_04747	100.000	222	0	0	1	222	1	222	1.34e-168	462
