31P2R1A5_04748	31P2R1A5_04748	100.000	240	0	0	1	240	1	240	3.26e-180	493
31P2R1A5_04748	54P2R2A3_04145	95.798	238	10	0	1	238	1	238	4.39e-172	473
31P2R1A5_04749	31P2R1A5_04749	100.000	389	0	0	1	389	1	389	0.0	803
31P2R1A5_04750	31P2R1A5_04750	100.000	545	0	0	1	545	1	545	0.0	1125
31P2R1A5_04751	31P2R1A5_04751	100.000	242	0	0	1	242	1	242	0.0	496
31P2R1A5_04751	18P3R3A11_02910	97.934	242	5	0	1	242	1	242	9.93e-178	487
31P2R1A5_04751	38P2R3A13_07704	98.140	215	4	0	28	242	1	215	1.52e-156	433
31P2R1A5_04753	31P2R1A5_04753	100.000	297	0	0	1	297	1	297	0.0	588
31P2R1A5_04753	42P1R1A12_05359	95.286	297	14	0	1	297	1	297	0.0	569
31P2R1A5_04753	15P1R1A16_01950	96.371	248	9	0	50	297	1	248	1.21e-172	477
31P2R1A5_04754	31P2R1A5_04754	100.000	320	0	0	1	320	1	320	0.0	622
31P2R1A5_04754	18P3R3A11_02907	95.312	320	15	0	1	320	1	320	0.0	571
31P2R1A5_04755	31P2R1A5_04755	100.000	347	0	0	1	347	1	347	0.0	695
31P2R1A5_04755	42P1R1A12_05361	96.542	347	12	0	1	347	1	347	0.0	676
31P2R1A5_04756	31P2R1A5_04756	100.000	610	0	0	1	610	1	610	0.0	1246
31P2R1A5_04757	31P2R1A5_04757	100.000	457	0	0	1	457	1	457	0.0	930
31P2R1A5_04758	31P2R1A5_04758	100.000	140	0	0	1	140	1	140	2.12e-98	278
31P2R1A5_04758	10P3R2A13_03313	96.429	140	5	0	1	140	1	140	1.62e-95	271
31P2R1A5_04758	18P3R3A11_02899	96.429	140	5	0	1	140	1	140	1.03e-94	269
31P2R1A5_04760	31P2R1A5_04760	100.000	288	0	0	1	288	1	288	0.0	590
31P2R1A5_04760	42P1R1A12_05367	97.917	288	6	0	1	288	1	288	0.0	581
31P2R1A5_04760	18P3R3A11_02897	95.486	288	13	0	1	288	1	288	0.0	571
31P2R1A5_04760	10P3R2A13_03315	95.139	288	14	0	1	288	1	288	0.0	569
31P2R1A5_04762	31P2R1A5_04762	100.000	178	0	0	1	178	1	178	1.95e-128	357
31P2R1A5_04763	31P2R1A5_04763	100.000	157	0	0	1	157	1	157	4.31e-107	302
31P2R1A5_04763	18P3R3A11_02894	96.815	157	5	0	1	157	1	157	1.20e-104	296
31P2R1A5_04763	5P3R2A4_03835	96.094	128	5	0	30	157	1	128	2.54e-76	223
31P2R1A5_04765	31P2R1A5_04765	100.000	272	0	0	1	272	1	272	0.0	541
31P2R1A5_04765	54P2R2A3_04162	96.691	272	9	0	1	272	1	272	0.0	523
31P2R1A5_04765	42P1R1A12_05372	95.588	272	12	0	1	272	1	272	0.0	523
31P2R1A5_04766	31P2R1A5_04766	100.000	127	0	0	1	127	1	127	5.76e-85	243
31P2R1A5_04766	54P2R2A3_04163	96.850	127	4	0	1	127	1	127	1.83e-82	237
31P2R1A5_04767	31P2R1A5_04767	100.000	208	0	0	1	208	1	208	4.95e-154	425
31P2R1A5_04767	54P2R2A3_04164	96.154	208	8	0	1	208	1	208	3.89e-147	407
31P2R1A5_04768	31P2R1A5_04768	100.000	630	0	0	1	630	1	630	0.0	1298
31P2R1A5_04768	42P1R1A12_05375	96.190	630	24	0	1	630	1	630	0.0	1246
31P2R1A5_04768	18P3R3A11_02889	95.714	630	27	0	1	630	1	630	0.0	1238
31P2R1A5_04768	10P3R2A13_03323	95.079	630	31	0	1	630	1	630	0.0	1231
31P2R1A5_04768	38P2R3A13_08385	95.222	586	28	0	45	630	1	586	0.0	1155
31P2R1A5_04769	31P2R1A5_04769	100.000	147	0	0	1	147	1	147	4.03e-104	293
31P2R1A5_04769	54P2R2A3_04166	95.918	147	6	0	1	147	1	147	9.34e-101	285
31P2R1A5_04770	31P2R1A5_04770	100.000	153	0	0	1	153	1	153	1.52e-111	313
31P2R1A5_04770	42P1R1A12_05377	95.425	153	7	0	1	153	1	153	4.20e-107	301
31P2R1A5_04771	31P2R1A5_04771	100.000	331	0	0	1	331	1	331	0.0	674
31P2R1A5_04771	54P2R2A3_04168	97.885	331	7	0	1	331	1	331	0.0	663
31P2R1A5_04772	31P2R1A5_04772	100.000	483	0	0	1	483	1	483	0.0	982
31P2R1A5_04773	31P2R1A5_04773	100.000	500	0	0	1	500	1	500	0.0	1019
31P2R1A5_04774	31P2R1A5_04774	100.000	623	0	0	1	623	1	623	0.0	1256
31P2R1A5_04774	42P1R1A12_05381	95.345	623	29	0	1	623	1	623	0.0	1213
31P2R1A5_04775	31P2R1A5_04775	100.000	140	0	0	1	140	1	140	1.23e-101	286
31P2R1A5_04776	31P2R1A5_04776	100.000	502	0	0	1	502	1	502	0.0	1018
31P2R1A5_04776	42P1R1A12_05383	97.410	502	13	0	1	502	1	502	0.0	994
31P2R1A5_04776	18P3R3A11_02881	96.215	502	19	0	1	502	1	502	0.0	984
31P2R1A5_04776	10P3R2A13_03331	95.817	502	21	0	1	502	1	502	0.0	977
31P2R1A5_04776	15P1R1A16_03817	98.148	216	4	0	287	502	1	216	2.72e-150	427
31P2R1A5_04777	31P2R1A5_04777	100.000	322	0	0	1	322	1	322	0.0	624
31P2R1A5_04777	18P3R3A11_02880	97.205	322	9	0	1	322	1	322	0.0	615
31P2R1A5_04777	42P1R1A12_05384	97.516	322	8	0	1	322	1	322	0.0	612
31P2R1A5_04777	10P3R2A13_03332	95.652	322	14	0	1	322	1	322	0.0	575
31P2R1A5_04778	31P2R1A5_04778	100.000	297	0	0	1	297	1	297	0.0	588
31P2R1A5_04778	42P1R1A12_05385	96.296	297	11	0	1	297	1	297	0.0	573
31P2R1A5_04779	31P2R1A5_04779	100.000	311	0	0	1	311	1	311	0.0	617
31P2R1A5_04779	54P2R2A3_04176	97.428	311	8	0	1	311	1	311	0.0	600
31P2R1A5_04780	31P2R1A5_04780	100.000	328	0	0	1	328	1	328	0.0	677
31P2R1A5_04781	31P2R1A5_04781	100.000	466	0	0	1	466	1	466	0.0	924
31P2R1A5_04782	31P2R1A5_04782	100.000	234	0	0	1	234	1	234	9.69e-177	484
31P2R1A5_04786	31P2R1A5_04786	100.000	274	0	0	1	274	1	274	0.0	562
31P2R1A5_04787	31P2R1A5_04787	100.000	113	0	0	1	113	1	113	1.98e-82	236
31P2R1A5_04787	42P1R1A12_05910	96.460	113	4	0	1	113	1	113	1.08e-79	229
31P2R1A5_04788	31P2R1A5_04788	100.000	507	0	0	1	507	1	507	0.0	1023
31P2R1A5_04788	54P2R2A3_04358	96.055	507	20	0	1	507	1	507	0.0	979
31P2R1A5_04789	31P2R1A5_04789	100.000	549	0	0	1	549	1	549	0.0	1125
31P2R1A5_04789	54P2R2A3_04359	97.996	549	11	0	1	549	1	549	0.0	1102
31P2R1A5_04790	31P2R1A5_04790	100.000	86	0	0	1	86	1	86	1.86e-58	173
31P2R1A5_04790	54P2R2A3_04360	96.512	86	3	0	1	86	1	86	1.01e-55	166
31P2R1A5_04790	51P2R2A10_05076	95.349	86	4	0	1	86	1	86	7.41e-55	164
31P2R1A5_04790	44P3R3A6_04716	95.349	86	4	0	1	86	1	86	8.27e-55	164
31P2R1A5_04791	31P2R1A5_04791	100.000	310	0	0	1	310	1	310	0.0	639
31P2R1A5_04791	42P1R1A12_05906	95.484	310	14	0	1	310	1	310	0.0	613
31P2R1A5_04792	31P2R1A5_04792	100.000	617	0	0	1	617	1	617	0.0	1268
31P2R1A5_04792	42P1R1A12_05905	97.893	617	13	0	1	617	1	617	0.0	1247
31P2R1A5_04792	18P3R3A11_03557	97.245	617	17	0	1	617	1	617	0.0	1243
31P2R1A5_04792	10P3R2A13_02955	96.272	617	23	0	1	617	1	617	0.0	1233
31P2R1A5_04793	31P2R1A5_04793	100.000	515	0	0	1	515	1	515	0.0	1051
31P2R1A5_04793	18P3R3A11_03558	95.922	515	21	0	1	515	2	516	0.0	987
31P2R1A5_04793	42P1R1A12_05904	95.340	515	24	0	1	515	2	516	0.0	983
31P2R1A5_04793	10P3R2A13_02956	95.146	515	25	0	1	515	1	515	0.0	983
31P2R1A5_04794	31P2R1A5_04794	100.000	297	0	0	1	297	1	297	0.0	608
31P2R1A5_04794	18P3R3A11_03559	96.633	297	10	0	1	297	1	297	0.0	593
31P2R1A5_04794	38P2R3A13_04228	95.623	297	13	0	1	297	1	297	0.0	564
31P2R1A5_04794	22P1R2A3_03803	95.270	296	14	0	1	296	29	324	0.0	564
31P2R1A5_04794	42P1R1A12_05903	95.623	297	13	0	1	297	1	297	0.0	563
31P2R1A5_04794	10P3R2A13_02957	95.270	296	14	0	1	296	1	296	0.0	562
31P2R1A5_04794	38P2R3A13_06870	95.286	297	14	0	1	297	1	297	0.0	560
31P2R1A5_04796	31P2R1A5_04796	100.000	94	0	0	1	94	1	94	2.06e-65	191
31P2R1A5_04796	51P2R2A10_05070	97.872	94	2	0	1	94	1	94	1.13e-64	189
31P2R1A5_04796	38P2R3A13_06872	96.809	94	3	0	1	94	1	94	8.08e-64	187
31P2R1A5_04796	38P2R3A13_04226	96.809	94	3	0	1	94	1	94	1.15e-63	187
31P2R1A5_04796	28P2R1A12_03614	95.745	94	4	0	1	94	1	94	4.43e-63	186
31P2R1A5_04796	42P1R1A12_04549	95.745	94	4	0	1	94	1	94	5.06e-63	185
31P2R1A5_04796	18P3R3A11_02169	95.745	94	4	0	1	94	1	94	1.42e-62	184
31P2R1A5_04796	10P3R2A13_02959	95.745	94	4	0	1	94	1	94	2.93e-54	163
31P2R1A5_04797	31P2R1A5_04797	100.000	674	0	0	1	674	1	674	0.0	1399
31P2R1A5_04797	42P1R1A12_04554	97.173	672	19	0	1	672	27	698	0.0	1365
31P2R1A5_04797	18P3R3A11_02168	96.131	672	26	0	1	672	1	672	0.0	1330
31P2R1A5_04798	31P2R1A5_04798	100.000	242	0	0	1	242	1	242	3.85e-172	473
31P2R1A5_04798	44P3R3A6_04707	97.107	242	7	0	1	242	1	242	3.88e-167	461
31P2R1A5_04798	54P2R2A3_04369	95.851	241	10	0	2	242	1	241	1.56e-164	454
31P2R1A5_04799	31P2R1A5_04799	100.000	333	0	0	1	333	1	333	0.0	694
31P2R1A5_04800	31P2R1A5_04800	100.000	309	0	0	1	309	1	309	0.0	631
31P2R1A5_04800	54P2R2A3_04371	95.469	309	14	0	1	309	1	309	0.0	606
31P2R1A5_04801	31P2R1A5_04801	100.000	503	0	0	1	503	1	503	0.0	1021
31P2R1A5_04801	54P2R2A3_04372	97.018	503	15	0	1	503	1	503	0.0	990
31P2R1A5_04802	31P2R1A5_04802	100.000	422	0	0	1	422	1	422	0.0	871
31P2R1A5_04802	51P2R2A10_05056	97.867	422	9	0	1	422	1	422	0.0	855
31P2R1A5_04802	10P3R2A13_02963	96.682	422	14	0	1	422	1	422	0.0	846
31P2R1A5_04802	18P3R3A11_02166	95.035	423	20	1	1	422	1	423	0.0	827
31P2R1A5_04802	38P2R3A13_06875	95.495	333	15	0	90	422	1	333	0.0	660
31P2R1A5_04803	31P2R1A5_04803	100.000	110	0	0	1	110	1	110	2.01e-77	223
31P2R1A5_04803	10P3R2A13_02964	97.273	110	3	0	1	110	1	110	4.45e-75	217
31P2R1A5_04805	31P2R1A5_04805	100.000	368	0	0	1	368	1	368	0.0	736
31P2R1A5_04805	42P1R1A12_04563	96.703	364	12	0	1	364	1	364	0.0	713
31P2R1A5_04806	31P2R1A5_04806	100.000	339	0	0	1	339	1	339	0.0	692
31P2R1A5_04807	31P2R1A5_04807	100.000	362	0	0	1	362	1	362	0.0	748
31P2R1A5_04808	31P2R1A5_04808	100.000	421	0	0	1	421	1	421	0.0	867
31P2R1A5_04809	31P2R1A5_04809	100.000	356	0	0	1	356	1	356	0.0	739
31P2R1A5_04809	54P2R2A3_04380	97.191	356	10	0	1	356	1	356	0.0	719
31P2R1A5_04810	31P2R1A5_04810	100.000	294	0	0	1	294	1	294	0.0	600
31P2R1A5_04811	31P2R1A5_04811	100.000	225	0	0	1	225	1	225	7.02e-164	451
31P2R1A5_04811	54P2R2A3_04382	95.556	225	10	0	1	225	1	225	3.15e-156	432
31P2R1A5_04812	31P2R1A5_04812	100.000	377	0	0	1	377	1	377	0.0	787
31P2R1A5_04812	42P1R1A12_04568	96.286	377	14	0	1	377	1	377	0.0	761
31P2R1A5_04813	31P2R1A5_04813	100.000	417	0	0	1	417	1	417	0.0	820
31P2R1A5_04813	42P1R1A12_04569	95.683	417	18	0	1	417	1	417	0.0	764
31P2R1A5_04814	31P2R1A5_04814	100.000	359	0	0	1	359	1	359	0.0	739
31P2R1A5_04814	54P2R2A3_04385	96.936	359	11	0	1	359	1	359	0.0	719
31P2R1A5_04815	31P2R1A5_04815	100.000	449	0	0	1	449	1	449	0.0	896
31P2R1A5_04816	31P2R1A5_04816	100.000	247	0	0	1	247	1	247	0.0	504
31P2R1A5_04816	54P2R2A3_04387	97.571	247	6	0	1	247	1	247	2.84e-180	494
31P2R1A5_04817	31P2R1A5_04817	100.000	462	0	0	1	462	1	462	0.0	915
31P2R1A5_04817	42P1R1A12_04573	95.887	462	19	0	1	462	1	462	0.0	887
31P2R1A5_04822	31P2R1A5_04822	100.000	399	0	0	1	399	1	399	0.0	800
31P2R1A5_04823	31P2R1A5_04823	100.000	394	0	0	1	394	1	394	0.0	788
31P2R1A5_04823	54P2R2A3_04394	96.701	394	13	0	1	394	1	394	0.0	766
31P2R1A5_04824	31P2R1A5_04824	100.000	247	0	0	1	247	1	247	0.0	499
31P2R1A5_04824	54P2R2A3_04395	96.356	247	9	0	1	247	1	247	1.10e-173	478
31P2R1A5_04825	31P2R1A5_04825	100.000	319	0	0	1	319	1	319	0.0	637
31P2R1A5_04825	54P2R2A3_04396	96.552	319	11	0	1	319	1	319	0.0	615
31P2R1A5_04826	31P2R1A5_04826	100.000	877	0	0	1	877	1	877	0.0	1824
31P2R1A5_04826	42P1R1A12_04582	95.097	877	42	1	1	877	1	876	0.0	1740
31P2R1A5_04827	31P2R1A5_04827	100.000	107	0	0	1	107	1	107	6.73e-76	219
31P2R1A5_04828	31P2R1A5_04828	100.000	75	0	0	1	75	1	75	2.98e-50	152
31P2R1A5_04829	31P2R1A5_04829	100.000	275	0	0	1	275	1	275	0.0	565
31P2R1A5_04829	47P2R3A6_04352	96.364	275	10	0	1	275	1	275	0.0	546
31P2R1A5_04829	10P3R2A13_02993	95.273	275	13	0	1	275	1	275	0.0	545
31P2R1A5_04829	42P1R1A12_04588	96.000	275	11	0	1	275	1	275	0.0	525
31P2R1A5_04830	31P2R1A5_04830	100.000	236	0	0	1	236	1	236	5.88e-174	477
31P2R1A5_04830	54P2R2A3_04401	96.610	236	8	0	1	236	1	236	4.46e-169	465
31P2R1A5_04831	31P2R1A5_04831	100.000	301	0	0	1	301	1	301	0.0	610
31P2R1A5_04831	54P2R2A3_04402	95.681	301	13	0	1	301	1	301	0.0	585
31P2R1A5_04832	31P2R1A5_04832	100.000	239	0	0	1	239	1	239	2.54e-179	491
31P2R1A5_04832	54P2R2A3_04403	96.234	239	9	0	1	239	1	239	1.01e-173	477
31P2R1A5_04834	31P2R1A5_04834	100.000	317	0	0	1	317	1	317	0.0	645
31P2R1A5_04834	42P1R1A12_04593	97.792	317	7	0	1	317	1	317	0.0	633
31P2R1A5_04834	43P2R2A2_04685	95.575	226	10	0	92	317	1	226	2.27e-160	446
31P2R1A5_04835	31P2R1A5_04835	100.000	298	0	0	1	298	1	298	0.0	592
31P2R1A5_04836	31P2R1A5_04836	100.000	155	0	0	1	155	1	155	5.15e-113	317
31P2R1A5_04836	38P2R3A13_07498	97.368	152	4	0	4	155	5	156	9.63e-108	303
31P2R1A5_04836	18P3R3A11_02133	96.053	152	6	0	4	155	5	156	3.12e-106	300
31P2R1A5_04837	31P2R1A5_04837	100.000	287	0	0	1	287	1	287	0.0	593
31P2R1A5_04838	31P2R1A5_04838	100.000	609	0	0	1	609	1	609	0.0	1258
31P2R1A5_04838	42P1R1A12_04597	97.373	609	16	0	1	609	1	609	0.0	1233
31P2R1A5_04839	31P2R1A5_04839	100.000	207	0	0	1	207	1	207	2.25e-147	408
31P2R1A5_04840	31P2R1A5_04840	100.000	307	0	0	1	307	1	307	0.0	626
31P2R1A5_04840	54P2R2A3_04411	96.091	307	12	0	1	307	1	307	0.0	610
31P2R1A5_04841	31P2R1A5_04841	100.000	207	0	0	1	207	1	207	1.36e-147	408
31P2R1A5_04842	31P2R1A5_04842	100.000	331	0	0	1	331	1	331	0.0	685
31P2R1A5_04843	31P2R1A5_04843	100.000	267	0	0	1	267	1	267	0.0	558
31P2R1A5_04844	31P2R1A5_04844	100.000	300	0	0	1	300	1	300	0.0	597
31P2R1A5_04845	31P2R1A5_04845	100.000	318	0	0	1	318	1	318	0.0	647
31P2R1A5_04846	31P2R1A5_04846	100.000	755	0	0	1	755	1	755	0.0	1549
31P2R1A5_04847	31P2R1A5_04847	100.000	271	0	0	1	271	1	271	0.0	558
31P2R1A5_04848	31P2R1A5_04848	100.000	254	0	0	1	254	1	254	0.0	521
31P2R1A5_04848	18P3R3A11_02122	96.457	254	9	0	1	254	1	254	0.0	510
31P2R1A5_04848	28P2R1A12_03718	96.443	253	9	0	1	253	1	253	0.0	509
31P2R1A5_04849	31P2R1A5_04849	100.000	483	0	0	1	483	1	483	0.0	976
31P2R1A5_04849	54P2R2A3_04420	97.723	483	11	0	1	483	1	483	0.0	957
31P2R1A5_04850	31P2R1A5_04850	100.000	252	0	0	1	252	1	252	0.0	523
31P2R1A5_04850	42P1R1A12_04610	97.619	252	6	0	1	252	1	252	0.0	512
31P2R1A5_04851	31P2R1A5_04851	100.000	202	0	0	1	202	1	202	2.00e-144	400
31P2R1A5_04851	54P2R2A3_04422	97.030	202	6	0	1	202	1	202	5.40e-141	391
31P2R1A5_04852	31P2R1A5_04852	100.000	547	0	0	1	547	1	547	0.0	1119
31P2R1A5_04853	31P2R1A5_04853	100.000	84	0	0	1	84	1	84	3.64e-54	162
31P2R1A5_04854	31P2R1A5_04854	100.000	179	0	0	1	179	1	179	3.34e-127	354
31P2R1A5_04854	54P2R2A3_04425	97.207	179	5	0	1	179	1	179	1.63e-123	345
31P2R1A5_04855	31P2R1A5_04855	100.000	260	0	0	1	260	1	260	0.0	517
31P2R1A5_04856	31P2R1A5_04856	100.000	264	0	0	1	264	1	264	0.0	542
31P2R1A5_04857	31P2R1A5_04857	100.000	163	0	0	1	163	1	163	2.51e-121	338
31P2R1A5_04857	42P1R1A12_04617	95.092	163	8	0	1	163	1	163	2.71e-116	325
31P2R1A5_04859	31P2R1A5_04859	100.000	234	0	0	1	234	1	234	1.21e-173	476
31P2R1A5_04860	31P2R1A5_04860	100.000	388	0	0	1	388	1	388	0.0	792
31P2R1A5_04861	31P2R1A5_04861	100.000	730	0	0	1	730	1	730	0.0	1486
31P2R1A5_04862	31P2R1A5_04862	100.000	444	0	0	1	444	1	444	0.0	924
31P2R1A5_04863	31P2R1A5_04863	100.000	205	0	0	1	205	1	205	2.34e-149	412
31P2R1A5_04863	54P2R2A3_04434	96.585	205	7	0	1	205	1	205	2.14e-144	400
31P2R1A5_04864	31P2R1A5_04864	100.000	484	0	0	1	484	1	484	0.0	966
31P2R1A5_04864	42P1R1A12_04625	96.074	484	19	0	1	484	1	484	0.0	897
31P2R1A5_04864	18P3R3A11_03611	96.281	484	18	0	1	484	1	484	0.0	896
31P2R1A5_04864	10P3R2A13_03031	95.661	484	21	0	1	484	1	484	0.0	891
31P2R1A5_04864	34P3R2A10_05038	95.215	209	10	0	276	484	1	209	5.56e-130	375
31P2R1A5_04865	31P2R1A5_04865	100.000	178	0	0	1	178	1	178	5.05e-134	372
31P2R1A5_04866	31P2R1A5_04866	100.000	270	0	0	1	270	1	270	0.0	563
31P2R1A5_04867	31P2R1A5_04867	100.000	502	0	0	1	502	1	502	0.0	1027
31P2R1A5_04868	31P2R1A5_04868	100.000	274	0	0	1	274	1	274	0.0	560
31P2R1A5_04869	31P2R1A5_04869	100.000	501	0	0	1	501	1	501	0.0	1013
31P2R1A5_04870	31P2R1A5_04870	100.000	361	0	0	1	361	1	361	0.0	727
31P2R1A5_04870	42P1R1A12_04414	95.845	361	15	0	1	361	1	361	0.0	672
31P2R1A5_04871	31P2R1A5_04871	100.000	366	0	0	1	366	1	366	0.0	744
31P2R1A5_04872	31P2R1A5_04872	100.000	504	0	0	1	504	1	504	0.0	1041
31P2R1A5_04872	51P2R2A10_04489	97.817	504	11	0	1	504	1	504	0.0	1023
31P2R1A5_04872	18P3R3A11_02687	97.619	504	12	0	1	504	1	504	0.0	1023
31P2R1A5_04872	10P3R2A13_03375	96.825	504	16	0	1	504	1	504	0.0	1016
31P2R1A5_04873	31P2R1A5_04873	100.000	148	0	0	1	148	1	148	1.38e-108	305
31P2R1A5_04873	54P2R2A3_03838	97.297	148	4	0	1	148	1	148	4.62e-106	298
31P2R1A5_04874	31P2R1A5_04874	100.000	952	0	0	1	952	1	952	0.0	1972
31P2R1A5_04874	42P1R1A12_04418	97.269	952	26	0	1	952	1	952	0.0	1930
31P2R1A5_04874	10P3R2A13_03373	96.218	952	36	0	1	952	1	952	0.0	1886
31P2R1A5_04874	34P3R2A10_03257	95.614	684	30	0	269	952	1	684	0.0	1334
31P2R1A5_04875	31P2R1A5_04875	100.000	168	0	0	1	168	1	168	1.38e-123	344
31P2R1A5_04876	31P2R1A5_04876	100.000	255	0	0	1	255	1	255	0.0	523
31P2R1A5_04877	31P2R1A5_04877	100.000	141	0	0	1	141	1	141	1.86e-97	276
31P2R1A5_04877	54P2R2A3_03842	96.454	141	5	0	1	141	1	141	1.93e-93	266
31P2R1A5_04877	42P1R1A12_04422	96.639	119	4	0	1	119	1	119	3.40e-68	202
31P2R1A5_04878	31P2R1A5_04878	100.000	335	0	0	1	335	1	335	0.0	695
31P2R1A5_04879	31P2R1A5_04879	100.000	151	0	0	1	151	1	151	9.81e-111	310
31P2R1A5_04879	54P2R2A3_03849	96.026	151	6	0	1	151	1	151	4.13e-105	296
31P2R1A5_04880	31P2R1A5_04880	100.000	312	0	0	1	312	1	312	0.0	643
31P2R1A5_04880	42P1R1A12_04425	97.756	312	7	0	1	312	1	312	0.0	633
31P2R1A5_04881	31P2R1A5_04881	100.000	154	0	0	1	154	1	154	1.32e-113	318
31P2R1A5_04881	38P2R3A13_05656	96.104	154	6	0	1	154	1	154	8.50e-110	308
31P2R1A5_04881	18P3R3A11_01368	96.753	154	5	0	1	154	1	154	1.02e-109	308
31P2R1A5_04881	42P1R1A12_04426	95.455	154	7	0	1	154	1	154	9.40e-109	306
31P2R1A5_04882	31P2R1A5_04882	100.000	129	0	0	1	129	1	129	3.64e-91	259
31P2R1A5_04882	42P1R1A12_04428	96.124	129	5	0	1	129	1	129	7.32e-88	251
31P2R1A5_04883	31P2R1A5_04883	100.000	903	0	0	1	903	1	903	0.0	1848
31P2R1A5_04883	54P2R2A3_03853	97.453	903	23	0	1	903	1	903	0.0	1802
31P2R1A5_04884	31P2R1A5_04884	100.000	316	0	0	1	316	1	316	0.0	647
31P2R1A5_04885	31P2R1A5_04885	100.000	473	0	0	1	473	1	473	0.0	950
31P2R1A5_04885	42P1R1A12_04431	96.195	473	18	0	1	473	1	473	0.0	924
31P2R1A5_04886	31P2R1A5_04886	100.000	552	0	0	1	552	1	552	0.0	1152
31P2R1A5_04886	54P2R2A3_03856	97.101	552	16	0	1	552	1	552	0.0	1126
31P2R1A5_04887	31P2R1A5_04887	100.000	713	0	0	1	713	1	713	0.0	1493
31P2R1A5_04887	42P1R1A12_04438	96.914	713	22	0	1	713	1	713	0.0	1459
31P2R1A5_04887	18P3R3A11_02078	95.231	713	34	0	1	713	1	713	0.0	1427
31P2R1A5_04888	31P2R1A5_04888	100.000	155	0	0	1	155	1	155	6.43e-116	324
31P2R1A5_04888	42P1R1A12_04439	95.484	155	7	0	1	155	1	155	3.83e-112	314
31P2R1A5_04889	31P2R1A5_04889	100.000	95	0	0	1	95	1	95	6.61e-67	195
31P2R1A5_04889	54P2R2A3_03864	96.842	95	3	0	1	95	1	95	2.18e-64	189
31P2R1A5_04890	31P2R1A5_04890	100.000	81	0	0	1	81	1	81	1.59e-53	160
31P2R1A5_04891	31P2R1A5_04891	100.000	637	0	0	1	637	1	637	0.0	1313
31P2R1A5_04891	54P2R2A3_03866	96.389	637	23	0	1	637	1	637	0.0	1270
31P2R1A5_04892	31P2R1A5_04892	100.000	385	0	0	1	385	1	385	0.0	785
31P2R1A5_04892	54P2R2A3_03867	96.364	385	14	0	1	385	1	385	0.0	759
31P2R1A5_04893	31P2R1A5_04893	100.000	247	0	0	1	247	1	247	0.0	504
31P2R1A5_04894	31P2R1A5_04894	100.000	373	0	0	1	373	1	373	0.0	762
31P2R1A5_04895	31P2R1A5_04895	100.000	378	0	0	1	378	1	378	0.0	766
31P2R1A5_04895	54P2R2A3_03870	96.825	378	12	0	1	378	1	378	0.0	744
31P2R1A5_04896	31P2R1A5_04896	100.000	215	0	0	1	215	1	215	8.01e-147	407
31P2R1A5_04896	42P1R1A12_04449	96.744	215	7	0	1	215	1	215	8.31e-144	399
31P2R1A5_04897	31P2R1A5_04897	100.000	259	0	0	1	259	1	259	0.0	513
31P2R1A5_04897	18P3R3A11_02069	96.525	259	9	0	1	259	1	259	0.0	499
31P2R1A5_04898	31P2R1A5_04898	100.000	100	0	0	1	100	1	100	3.90e-68	199
31P2R1A5_04898	54P2R2A3_03873	98.000	100	2	0	1	100	1	100	1.90e-66	194
31P2R1A5_04899	31P2R1A5_04899	100.000	121	0	0	1	121	1	121	1.68e-82	237
31P2R1A5_04899	54P2R2A3_03874	96.694	121	4	0	1	121	1	121	1.03e-80	232
31P2R1A5_04899	18P3R3A11_02067	95.041	121	6	0	1	121	1	121	3.54e-79	228
31P2R1A5_04899	42P1R1A12_04452	95.868	121	5	0	1	121	1	121	1.24e-78	227
31P2R1A5_04900	31P2R1A5_04900	100.000	113	0	0	1	113	1	113	8.13e-80	229
31P2R1A5_04901	31P2R1A5_04901	100.000	129	0	0	1	129	1	129	5.85e-90	256
31P2R1A5_04901	51P2R2A10_04454	96.899	129	4	0	1	129	1	129	2.32e-87	249
31P2R1A5_04901	42P1R1A12_04454	96.124	129	5	0	1	129	1	129	8.84e-87	248
31P2R1A5_04902	31P2R1A5_04902	100.000	451	0	0	1	451	1	451	0.0	927
31P2R1A5_04902	42P1R1A12_04455	96.896	451	14	0	1	451	1	451	0.0	904
31P2R1A5_04903	31P2R1A5_04903	100.000	184	0	0	1	184	1	184	6.07e-128	357
31P2R1A5_04903	42P1R1A12_04456	96.196	184	7	0	1	184	1	184	3.29e-117	330
31P2R1A5_04904	31P2R1A5_04904	100.000	403	0	0	1	403	1	403	0.0	835
31P2R1A5_04905	31P2R1A5_04905	100.000	176	0	0	1	176	1	176	8.34e-131	363
31P2R1A5_04906	31P2R1A5_04906	100.000	458	0	0	1	458	1	458	0.0	943
31P2R1A5_04906	42P1R1A12_04461	96.288	458	17	0	1	458	1	458	0.0	916
31P2R1A5_04907	31P2R1A5_04907	100.000	333	0	0	1	333	1	333	0.0	688
31P2R1A5_04907	10P3R2A13_03349	96.396	333	12	0	1	333	1	333	0.0	667
31P2R1A5_04907	18P3R3A11_02060	96.396	333	12	0	1	333	1	333	0.0	666
31P2R1A5_04907	34P3R2A10_03972	95.668	277	12	0	57	333	1	277	0.0	556
31P2R1A5_04908	31P2R1A5_04908	100.000	333	0	0	1	333	1	333	0.0	644
31P2R1A5_04908	42P1R1A12_04463	97.546	326	8	0	1	326	1	326	0.0	619
31P2R1A5_04908	18P3R3A11_02057	95.719	327	14	0	1	327	1	327	0.0	611
31P2R1A5_04909	31P2R1A5_04909	100.000	342	0	0	1	342	1	342	0.0	656
31P2R1A5_04909	54P2R2A3_03982	97.953	342	7	0	1	342	1	342	0.0	645
31P2R1A5_04910	31P2R1A5_04910	100.000	501	0	0	1	501	1	501	0.0	1014
31P2R1A5_04910	42P1R1A12_04465	96.008	501	20	0	1	501	1	501	0.0	973
31P2R1A5_04910	43P2R2A2_04354	96.703	91	3	0	411	501	1	91	2.93e-53	174
31P2R1A5_04911	31P2R1A5_04911	100.000	319	0	0	1	319	1	319	0.0	644
31P2R1A5_04911	42P1R1A12_04466	96.865	319	10	0	1	319	1	319	0.0	629
31P2R1A5_04911	43P2R2A2_05397	96.667	120	4	0	200	319	1	120	5.54e-81	241
31P2R1A5_04911	34P3R2A10_05123	95.833	48	2	0	272	319	1	48	2.19e-25	96.3
31P2R1A5_04912	31P2R1A5_04912	100.000	177	0	0	1	177	1	177	8.15e-131	363
31P2R1A5_04912	18P3R3A11_02053	96.610	177	6	0	1	177	1	177	4.45e-127	354
31P2R1A5_04912	42P1R1A12_04467	97.714	175	4	0	1	175	1	175	8.29e-127	353
31P2R1A5_04912	10P3R2A13_03344	95.480	177	8	0	1	177	1	177	2.81e-126	352
31P2R1A5_04913	31P2R1A5_04913	100.000	396	0	0	1	396	1	396	0.0	810
31P2R1A5_04914	31P2R1A5_04914	100.000	32	0	0	1	32	1	32	1.26e-15	61.6
31P2R1A5_04914	44P3R3A6_04339	96.875	32	1	0	1	32	1	32	7.48e-15	59.7
31P2R1A5_04915	31P2R1A5_04915	100.000	115	0	0	1	115	1	115	2.01e-83	239
31P2R1A5_04916	31P2R1A5_04916	100.000	1259	0	0	1	1259	1	1259	0.0	2538
31P2R1A5_04917	31P2R1A5_04917	100.000	578	0	0	1	578	1	578	0.0	1178
31P2R1A5_04919	31P2R1A5_04919	100.000	224	0	0	1	224	1	224	9.21e-165	453
31P2R1A5_04920	31P2R1A5_04920	100.000	430	0	0	1	430	1	430	0.0	854
31P2R1A5_04921	31P2R1A5_04921	100.000	311	0	0	1	311	1	311	0.0	629
31P2R1A5_04922	31P2R1A5_04922	100.000	36	0	0	1	36	1	36	2.89e-20	73.6
31P2R1A5_04923	31P2R1A5_04923	100.000	341	0	0	1	341	1	341	0.0	691
31P2R1A5_04924	31P2R1A5_04924	100.000	251	0	0	1	251	1	251	0.0	524
31P2R1A5_04925	31P2R1A5_04925	100.000	446	0	0	1	446	1	446	0.0	905
31P2R1A5_04925	42P1R1A12_04705	96.154	442	17	0	1	442	1	442	0.0	867
31P2R1A5_04926	31P2R1A5_04926	100.000	411	0	0	1	411	1	411	0.0	822
31P2R1A5_04927	31P2R1A5_04927	100.000	670	0	0	1	670	1	670	0.0	1393
31P2R1A5_04927	54P2R2A3_03969	97.463	670	17	0	1	670	1	670	0.0	1359
31P2R1A5_04928	31P2R1A5_04928	100.000	291	0	0	1	291	1	291	0.0	608
31P2R1A5_04930	31P2R1A5_04930	100.000	186	0	0	1	186	1	186	1.19e-135	376
31P2R1A5_04930	54P2R2A3_03966	97.849	186	4	0	1	186	1	186	8.08e-134	372
31P2R1A5_04931	31P2R1A5_04931	100.000	248	0	0	1	248	1	248	0.0	515
31P2R1A5_04931	54P2R2A3_03965	97.177	248	7	0	1	248	1	248	0.0	503
31P2R1A5_04931	42P1R1A12_04699	95.968	248	10	0	1	248	1	248	2.19e-169	467
31P2R1A5_04932	31P2R1A5_04932	100.000	648	0	0	1	648	1	648	0.0	1335
31P2R1A5_04933	31P2R1A5_04933	100.000	105	0	0	1	105	1	105	9.90e-70	203
31P2R1A5_04934	31P2R1A5_04934	100.000	88	0	0	1	88	1	88	1.54e-59	176
31P2R1A5_04935	31P2R1A5_04935	100.000	68	0	0	1	68	1	68	7.53e-44	135
31P2R1A5_04936	31P2R1A5_04936	100.000	585	0	0	1	585	1	585	0.0	1203
31P2R1A5_04937	31P2R1A5_04937	100.000	717	0	0	1	717	1	717	0.0	1439
31P2R1A5_04938	31P2R1A5_04938	100.000	68	0	0	1	68	1	68	4.53e-47	143
31P2R1A5_04938	42P1R1A12_02271	95.588	68	3	0	1	68	1	68	5.16e-45	138
31P2R1A5_04939	31P2R1A5_04939	100.000	319	0	0	1	319	1	319	0.0	653
31P2R1A5_04940	31P2R1A5_04940	100.000	182	0	0	1	182	1	182	1.64e-129	360
31P2R1A5_04941	31P2R1A5_04941	100.000	107	0	0	1	107	1	107	6.65e-76	219
31P2R1A5_04942	31P2R1A5_04942	100.000	457	0	0	1	457	1	457	0.0	937
31P2R1A5_04943	31P2R1A5_04943	100.000	313	0	0	1	313	1	313	0.0	643
31P2R1A5_04944	31P2R1A5_04944	100.000	272	0	0	1	272	1	272	0.0	555
31P2R1A5_04944	54P2R2A3_02701	95.221	272	13	0	1	272	1	272	0.0	504
31P2R1A5_04945	31P2R1A5_04945	100.000	221	0	0	1	221	1	221	3.17e-151	419
31P2R1A5_04945	54P2R2A3_02702	96.833	221	7	0	1	221	1	221	1.35e-147	409
31P2R1A5_04946	31P2R1A5_04946	100.000	431	0	0	1	431	1	431	0.0	868
31P2R1A5_04946	54P2R2A3_02703	95.360	431	20	0	1	431	1	431	0.0	798
31P2R1A5_04947	31P2R1A5_04947	100.000	416	0	0	1	416	1	416	0.0	823
31P2R1A5_04948	31P2R1A5_04948	100.000	80	0	0	1	80	1	80	1.65e-54	163
31P2R1A5_04949	31P2R1A5_04949	100.000	384	0	0	1	384	1	384	0.0	798
31P2R1A5_04950	31P2R1A5_04950	100.000	256	0	0	1	256	1	256	0.0	517
31P2R1A5_04950	54P2R2A3_02707	96.875	256	8	0	1	256	1	256	0.0	500
31P2R1A5_04951	31P2R1A5_04951	100.000	119	0	0	1	119	1	119	2.87e-86	246
31P2R1A5_04952	31P2R1A5_04952	100.000	375	0	0	1	375	1	375	0.0	763
31P2R1A5_04953	31P2R1A5_04953	100.000	156	0	0	1	156	1	156	9.39e-108	303
31P2R1A5_04953	42P1R1A12_02288	95.513	156	7	0	1	156	1	156	1.19e-103	293
31P2R1A5_04954	31P2R1A5_04954	100.000	228	0	0	1	228	1	228	1.16e-163	451
31P2R1A5_04954	42P1R1A12_02289	95.175	228	11	0	1	228	1	228	6.26e-147	408
31P2R1A5_04955	31P2R1A5_04955	100.000	305	0	0	1	305	1	305	0.0	629
31P2R1A5_04956	31P2R1A5_04956	100.000	355	0	0	1	355	1	355	0.0	715
31P2R1A5_04957	31P2R1A5_04957	100.000	356	0	0	1	356	1	356	0.0	726
31P2R1A5_04958	31P2R1A5_04958	100.000	155	0	0	1	155	1	155	1.61e-111	313
31P2R1A5_04959	31P2R1A5_04959	100.000	55	0	0	1	55	1	55	1.44e-34	110
31P2R1A5_04959	54P2R2A3_02712	96.364	55	2	0	1	55	1	55	2.83e-33	107
31P2R1A5_04960	31P2R1A5_04960	100.000	471	0	0	1	471	1	471	0.0	974
31P2R1A5_04960	42P1R1A12_02296	96.809	470	15	0	1	470	1	470	0.0	944
31P2R1A5_04961	31P2R1A5_04961	100.000	140	0	0	1	140	1	140	7.48e-102	287
31P2R1A5_04961	54P2R2A3_02714	97.143	140	4	0	1	140	1	140	5.61e-99	280
31P2R1A5_04962	31P2R1A5_04962	100.000	303	0	0	1	303	1	303	0.0	599
31P2R1A5_04962	54P2R2A3_02715	97.030	303	9	0	1	303	1	303	0.0	581
31P2R1A5_04962	44P3R3A6_04113	97.030	303	9	0	1	303	1	303	0.0	581
31P2R1A5_04963	31P2R1A5_04963	100.000	261	0	0	1	261	1	261	0.0	537
31P2R1A5_04963	54P2R2A3_02716	97.701	261	6	0	1	261	1	261	0.0	528
31P2R1A5_04964	31P2R1A5_04964	100.000	195	0	0	1	195	1	195	3.22e-144	399
31P2R1A5_04965	31P2R1A5_04965	100.000	268	0	0	1	268	1	268	0.0	558
31P2R1A5_04966	31P2R1A5_04966	100.000	173	0	0	1	173	1	173	5.97e-129	358
31P2R1A5_04966	44P3R3A6_04109	97.110	173	5	0	1	173	1	173	6.41e-126	351
31P2R1A5_04967	31P2R1A5_04967	100.000	93	0	0	1	93	1	93	9.05e-61	179
31P2R1A5_04967	24P1R3A1_05828	97.849	93	2	0	1	93	1	93	6.60e-60	177
31P2R1A5_04967	42P1R1A12_02313	97.849	93	2	0	1	93	1	93	7.13e-60	177
31P2R1A5_04967	31P2R1A5_04968	95.604	91	4	0	1	91	1	91	7.65e-57	170
31P2R1A5_04967	44P3R3A6_04108	100.000	46	0	0	1	46	1	46	3.34e-26	91.3
31P2R1A5_04968	31P2R1A5_04968	100.000	95	0	0	1	95	1	95	7.31e-63	185
31P2R1A5_04968	24P1R3A1_05828	95.604	91	4	0	1	91	1	91	3.21e-57	171
31P2R1A5_04968	31P2R1A5_04967	95.604	91	4	0	1	91	1	91	7.81e-57	170
31P2R1A5_04968	44P3R3A6_04108	97.826	46	1	0	1	46	1	46	1.75e-25	89.7
31P2R1A5_04969	31P2R1A5_04969	100.000	93	0	0	1	93	1	93	9.66e-61	179
31P2R1A5_04969	24P1R3A1_05826	95.699	93	4	0	1	93	1	93	4.28e-58	173
31P2R1A5_04970	31P2R1A5_04970	100.000	534	0	0	1	534	1	534	0.0	1095
31P2R1A5_04971	31P2R1A5_04971	100.000	86	0	0	1	86	1	86	1.05e-59	176
31P2R1A5_04971	44P3R3A6_04104	97.674	86	2	0	1	86	1	86	1.11e-58	174
31P2R1A5_04972	31P2R1A5_04972	100.000	394	0	0	1	394	1	394	0.0	802
31P2R1A5_04972	44P3R3A6_04103	97.208	394	11	0	1	394	1	394	0.0	781
31P2R1A5_04973	31P2R1A5_04973	100.000	1129	0	0	1	1129	1	1129	0.0	2355
31P2R1A5_04973	51P2R2A10_04736	95.571	1129	50	0	1	1129	1	1129	0.0	2245
31P2R1A5_04973	42P1R1A12_02319	95.128	1129	55	0	1	1129	1	1129	0.0	2228
31P2R1A5_04974	31P2R1A5_04974	100.000	316	0	0	1	316	1	316	0.0	659
31P2R1A5_04975	31P2R1A5_04975	100.000	133	0	0	1	133	1	133	5.07e-91	259
31P2R1A5_04976	31P2R1A5_04976	100.000	207	0	0	1	207	1	207	5.07e-153	422
31P2R1A5_04977	31P2R1A5_04977	100.000	222	0	0	1	222	1	222	2.38e-159	439
31P2R1A5_04978	31P2R1A5_04978	100.000	138	0	0	1	138	1	138	1.80e-97	276
31P2R1A5_04978	44P3R3A6_04097	96.377	138	5	0	1	138	1	138	2.19e-93	266
31P2R1A5_04979	31P2R1A5_04979	100.000	110	0	0	1	110	1	110	1.29e-74	216
31P2R1A5_04980	31P2R1A5_04980	100.000	336	0	0	1	336	1	336	0.0	689
31P2R1A5_04980	54P2R2A3_02721	97.321	336	9	0	1	336	1	336	0.0	672
31P2R1A5_04981	31P2R1A5_04981	100.000	465	0	0	1	465	1	465	0.0	967
31P2R1A5_04982	31P2R1A5_04982	100.000	356	0	0	1	356	1	356	0.0	700
31P2R1A5_04982	54P2R2A3_02722	97.753	356	8	0	1	356	1	356	0.0	688
31P2R1A5_04983	31P2R1A5_04983	100.000	915	0	0	1	915	1	915	0.0	1863
31P2R1A5_04983	54P2R2A3_02723	97.158	915	26	0	1	915	1	915	0.0	1809
31P2R1A5_04983	44P3R3A6_04092	96.304	920	29	2	1	915	1	920	0.0	1800
31P2R1A5_04984	31P2R1A5_04984	100.000	375	0	0	1	375	1	375	0.0	749
31P2R1A5_04984	42P1R1A12_02333	95.200	375	18	0	1	375	1	375	0.0	697
31P2R1A5_04985	31P2R1A5_04985	100.000	106	0	0	1	106	1	106	1.67e-73	213
31P2R1A5_04987	31P2R1A5_04987	100.000	440	0	0	1	440	1	440	0.0	922
31P2R1A5_04988	31P2R1A5_04988	100.000	485	0	0	1	485	1	485	0.0	983
31P2R1A5_04989	31P2R1A5_04989	100.000	560	0	0	1	560	1	560	0.0	1152
31P2R1A5_04990	31P2R1A5_04990	100.000	290	0	0	1	290	1	290	0.0	604
31P2R1A5_04990	54P2R2A3_03779	97.586	290	7	0	1	290	1	290	0.0	592
31P2R1A5_04991	31P2R1A5_04991	100.000	82	0	0	1	82	1	82	2.88e-55	165
31P2R1A5_04992	31P2R1A5_04992	100.000	58	0	0	1	58	1	58	2.29e-37	118
31P2R1A5_04993	31P2R1A5_04993	100.000	415	0	0	1	415	1	415	0.0	840
31P2R1A5_04994	31P2R1A5_04994	100.000	52	0	0	1	52	1	52	5.45e-31	101
31P2R1A5_04995	31P2R1A5_04995	100.000	235	0	0	1	235	1	235	3.54e-176	483
31P2R1A5_04996	31P2R1A5_04996	100.000	203	0	0	1	203	1	203	7.25e-155	426
31P2R1A5_04997	31P2R1A5_04997	100.000	114	0	0	1	114	1	114	8.11e-80	229
31P2R1A5_04997	16_1P2R1A8-1_01447	95.833	24	1	0	1	24	1	24	1.79e-09	51.6
31P2R1A5_04997	12_1P1R2A2-1_00052	95.833	24	1	0	1	24	1	24	2.10e-09	51.6
31P2R1A5_04997	42P1R1A12_03765	95.455	22	1	0	1	22	1	22	3.16e-08	48.5
31P2R1A5_04998	31P2R1A5_04998	100.000	121	0	0	1	121	1	121	1.08e-88	252
31P2R1A5_04999	31P2R1A5_04999	100.000	724	0	0	1	724	1	724	0.0	1490
31P2R1A5_05000	31P2R1A5_05000	100.000	182	0	0	1	182	1	182	2.39e-135	375
31P2R1A5_05001	31P2R1A5_05001	100.000	1505	0	0	1	1505	1	1505	0.0	3102
31P2R1A5_05002	31P2R1A5_05002	100.000	246	0	0	1	246	1	246	0.0	500
31P2R1A5_05003	31P2R1A5_05003	100.000	1053	0	0	1	1053	1	1053	0.0	2176
31P2R1A5_05004	31P2R1A5_05004	100.000	300	0	0	1	300	1	300	0.0	604
31P2R1A5_05005	31P2R1A5_05005	100.000	817	0	0	1	817	1	817	0.0	1677
31P2R1A5_05006	31P2R1A5_05006	100.000	1017	0	0	1	1017	1	1017	0.0	2099
31P2R1A5_05007	31P2R1A5_05007	100.000	376	0	0	1	376	1	376	0.0	775
31P2R1A5_05008	31P2R1A5_05008	100.000	336	0	0	1	336	1	336	0.0	703
31P2R1A5_05009	31P2R1A5_05009	100.000	37	0	0	1	37	1	37	8.69e-19	70.1
31P2R1A5_05010	31P2R1A5_05010	100.000	319	0	0	1	319	1	319	0.0	659
31P2R1A5_05012	31P2R1A5_05012	100.000	225	0	0	1	225	1	225	2.81e-166	457
31P2R1A5_05012	44P3R3A6_04279	96.444	225	6	1	1	225	1	223	7.11e-158	436
31P2R1A5_05012	54P2R2A3_03817	96.444	225	8	0	1	225	1	225	7.98e-158	436
31P2R1A5_05013	31P2R1A5_05013	100.000	490	0	0	1	490	1	490	0.0	957
31P2R1A5_05014	31P2R1A5_05014	100.000	340	0	0	1	340	1	340	0.0	698
31P2R1A5_05015	31P2R1A5_05015	100.000	291	0	0	1	291	1	291	0.0	577
31P2R1A5_05015	42P1R1A12_04398	96.907	291	9	0	1	291	1	291	0.0	565
31P2R1A5_05016	31P2R1A5_05016	100.000	296	0	0	1	296	1	296	0.0	593
31P2R1A5_05017	31P2R1A5_05017	100.000	275	0	0	1	275	1	275	0.0	575
31P2R1A5_05018	31P2R1A5_05018	100.000	357	0	0	1	357	1	357	0.0	733
31P2R1A5_05018	44P3R3A6_04285	99.429	350	2	0	1	350	1	350	0.0	716
31P2R1A5_05018	54P2R2A3_03823	98.000	350	7	0	1	350	1	350	0.0	706
31P2R1A5_05019	31P2R1A5_05019	100.000	437	0	0	1	437	1	437	0.0	895
31P2R1A5_05019	42P1R1A12_04402	95.652	437	19	0	1	437	1	437	0.0	864
31P2R1A5_05020	31P2R1A5_05020	100.000	300	0	0	1	300	1	300	0.0	625
31P2R1A5_05020	42P1R1A12_04404	96.000	300	12	0	1	300	1	300	0.0	603
31P2R1A5_05022	31P2R1A5_05022	100.000	338	0	0	1	338	1	338	0.0	698
31P2R1A5_05022	42P1R1A12_04406	96.450	338	12	0	1	338	1	338	0.0	674
31P2R1A5_05023	31P2R1A5_05023	100.000	647	0	0	1	647	1	647	0.0	1338
31P2R1A5_05024	31P2R1A5_05024	100.000	638	0	0	1	638	1	638	0.0	1305
31P2R1A5_05025	31P2R1A5_05025	100.000	286	0	0	1	286	1	286	0.0	582
31P2R1A5_05025	42P1R1A12_04409	95.105	286	14	0	1	286	1	286	0.0	559
31P2R1A5_05026	31P2R1A5_05026	100.000	235	0	0	1	235	1	235	2.48e-173	476
31P2R1A5_05026	54P2R2A3_03161	97.872	235	5	0	1	235	1	235	1.68e-168	463
31P2R1A5_05027	31P2R1A5_05027	100.000	279	0	0	1	279	1	279	0.0	562
31P2R1A5_05028	31P2R1A5_05028	100.000	278	0	0	1	278	1	278	0.0	533
31P2R1A5_05029	31P2R1A5_05029	100.000	341	0	0	1	341	1	341	0.0	671
31P2R1A5_05030	31P2R1A5_05030	100.000	523	0	0	1	523	1	523	0.0	1055
31P2R1A5_05031	31P2R1A5_05031	100.000	232	0	0	1	232	1	232	6.29e-172	472
31P2R1A5_05032	31P2R1A5_05032	100.000	73	0	0	1	73	1	73	1.77e-49	149
31P2R1A5_05033	31P2R1A5_05033	100.000	267	0	0	1	267	1	267	0.0	547
31P2R1A5_05034	31P2R1A5_05034	100.000	223	0	0	1	223	1	223	2.23e-166	457
31P2R1A5_05035	31P2R1A5_05035	100.000	119	0	0	1	119	1	119	1.13e-85	244
31P2R1A5_05036	31P2R1A5_05036	100.000	555	0	0	1	555	1	555	0.0	1155
31P2R1A5_05037	31P2R1A5_05037	100.000	491	0	0	1	491	1	491	0.0	1007
31P2R1A5_05038	31P2R1A5_05038	100.000	196	0	0	1	196	1	196	6.14e-144	398
31P2R1A5_05038	38P2R3A13_04002	95.361	194	9	0	1	194	1	194	1.22e-135	377
31P2R1A5_05039	31P2R1A5_05039	100.000	678	0	0	1	678	1	678	0.0	1384
31P2R1A5_05039	47P2R3A6_03217	96.746	676	22	0	1	676	1	676	0.0	1349
31P2R1A5_05039	18P3R3A11_01171	96.313	678	25	0	1	678	1	678	0.0	1345
31P2R1A5_05039	10P3R2A13_00998	96.608	678	23	0	1	678	1	678	0.0	1343
31P2R1A5_05039	38P2R3A13_05029	96.491	627	22	0	50	676	1	627	0.0	1247
31P2R1A5_05040	31P2R1A5_05040	100.000	149	0	0	1	149	1	149	4.48e-109	306
31P2R1A5_05040	54P2R2A3_03151	98.639	147	2	0	1	147	1	147	7.55e-107	300
31P2R1A5_05041	31P2R1A5_05041	100.000	419	0	0	1	419	1	419	0.0	862
31P2R1A5_05042	31P2R1A5_05042	100.000	298	0	0	1	298	1	298	0.0	597
31P2R1A5_05042	54P2R2A3_03149	97.315	298	8	0	1	298	1	298	0.0	579
31P2R1A5_05043	31P2R1A5_05043	100.000	202	0	0	1	202	1	202	2.56e-148	410
31P2R1A5_05043	54P2R2A3_03148	96.500	200	7	0	1	200	1	200	2.67e-133	372
31P2R1A5_05044	31P2R1A5_05044	100.000	262	0	0	1	262	1	262	0.0	536
31P2R1A5_05044	54P2R2A3_03147	97.328	262	7	0	1	262	1	262	0.0	525
31P2R1A5_05045	31P2R1A5_05045	100.000	266	0	0	1	266	1	266	0.0	552
31P2R1A5_05046	31P2R1A5_05046	100.000	356	0	0	1	356	1	356	0.0	702
31P2R1A5_05046	42P1R1A12_05212	95.480	354	13	1	1	354	1	351	0.0	670
31P2R1A5_05047	31P2R1A5_05047	100.000	515	0	0	1	515	1	515	0.0	1055
31P2R1A5_05048	31P2R1A5_05048	100.000	207	0	0	1	207	1	207	2.17e-155	428
31P2R1A5_05049	31P2R1A5_05049	100.000	312	0	0	1	312	1	312	0.0	631
31P2R1A5_05049	42P1R1A12_05209	96.795	312	10	0	1	312	1	312	0.0	615
31P2R1A5_05050	31P2R1A5_05050	100.000	507	0	0	1	507	1	507	0.0	1034
31P2R1A5_05051	31P2R1A5_05051	100.000	317	0	0	1	317	1	317	0.0	644
31P2R1A5_05052	31P2R1A5_05052	100.000	277	0	0	1	277	1	277	0.0	571
31P2R1A5_05052	54P2R2A3_03139	97.834	277	6	0	1	277	1	277	0.0	563
31P2R1A5_05053	31P2R1A5_05053	100.000	312	0	0	1	312	1	312	0.0	630
31P2R1A5_05054	31P2R1A5_05054	100.000	210	0	0	1	210	1	210	7.50e-155	427
31P2R1A5_05054	44P3R3A6_01658	97.143	210	6	0	1	210	1	210	1.51e-150	416
31P2R1A5_05055	31P2R1A5_05055	100.000	743	0	0	1	743	1	743	0.0	1528
31P2R1A5_05056	31P2R1A5_05056	100.000	403	0	0	1	403	1	403	0.0	812
31P2R1A5_05056	54P2R2A3_03135	95.285	403	19	0	1	403	1	403	0.0	770
31P2R1A5_05057	31P2R1A5_05057	100.000	68	0	0	1	68	1	68	8.42e-46	140
31P2R1A5_05058	31P2R1A5_05058	100.000	1294	0	0	1	1294	1	1294	0.0	2611
31P2R1A5_05059	31P2R1A5_05059	100.000	265	0	0	1	265	1	265	0.0	538
31P2R1A5_05060	31P2R1A5_05060	100.000	331	0	0	1	331	1	331	0.0	629
31P2R1A5_05061	31P2R1A5_05061	100.000	336	0	0	1	336	1	336	0.0	632
31P2R1A5_05062	31P2R1A5_05062	100.000	414	0	0	1	414	1	414	0.0	791
31P2R1A5_05063	31P2R1A5_05063	100.000	320	0	0	1	320	1	320	0.0	645
31P2R1A5_05064	31P2R1A5_05064	100.000	392	0	0	1	392	1	392	0.0	797
31P2R1A5_05064	54P2R2A3_03127	96.429	392	14	0	1	392	1	392	0.0	747
31P2R1A5_05065	31P2R1A5_05065	100.000	536	0	0	1	536	1	536	0.0	1101
31P2R1A5_05066	31P2R1A5_05066	100.000	284	0	0	1	284	1	284	0.0	581
31P2R1A5_05066	42P1R1A12_01195	96.479	284	10	0	1	284	1	284	0.0	565
31P2R1A5_05067	31P2R1A5_05067	100.000	252	0	0	1	252	1	252	0.0	507
31P2R1A5_05067	54P2R2A3_03124	96.429	252	9	0	1	252	1	252	9.03e-178	488
31P2R1A5_05068	31P2R1A5_05068	100.000	138	0	0	1	138	1	138	6.70e-99	280
31P2R1A5_05068	54P2R2A3_03123	97.826	138	3	0	1	138	1	138	1.53e-96	273
31P2R1A5_05069	31P2R1A5_05069	100.000	317	0	0	1	317	1	317	0.0	652
31P2R1A5_05069	42P1R1A12_03485	95.886	316	13	0	2	317	1	316	0.0	608
31P2R1A5_05070	31P2R1A5_05070	100.000	196	0	0	1	196	1	196	1.57e-141	392
31P2R1A5_05071	31P2R1A5_05071	100.000	190	0	0	1	190	1	190	3.36e-133	370
31P2R1A5_05072	31P2R1A5_05072	100.000	480	0	0	1	480	1	480	0.0	971
31P2R1A5_05073	31P2R1A5_05073	100.000	245	0	0	1	245	1	245	0.0	503
31P2R1A5_05074	31P2R1A5_05074	100.000	465	0	0	1	465	1	465	0.0	966
31P2R1A5_05075	31P2R1A5_05075	100.000	621	0	0	1	621	1	621	0.0	1241
31P2R1A5_05075	54P2R2A3_00520	97.959	490	10	0	132	621	1	490	0.0	961
31P2R1A5_05075	54P2R2A3_00521	98.387	124	2	0	1	124	1	124	4.71e-80	248
31P2R1A5_05076	31P2R1A5_05076	100.000	278	0	0	1	278	1	278	0.0	568
31P2R1A5_05077	31P2R1A5_05077	100.000	455	0	0	1	455	1	455	0.0	942
31P2R1A5_05077	54P2R2A3_00523	97.582	455	11	0	1	455	1	455	0.0	921
31P2R1A5_05078	31P2R1A5_05078	100.000	311	0	0	1	311	1	311	0.0	637
31P2R1A5_05079	31P2R1A5_05079	100.000	135	0	0	1	135	1	135	3.03e-94	268
31P2R1A5_05079	54P2R2A3_00525	96.970	132	4	0	1	132	1	132	1.33e-88	253
31P2R1A5_05080	31P2R1A5_05080	100.000	232	0	0	1	232	1	232	2.91e-166	457
31P2R1A5_05081	31P2R1A5_05081	100.000	295	0	0	1	295	1	295	0.0	599
31P2R1A5_05081	54P2R2A3_00527	97.966	295	6	0	1	295	1	295	0.0	587
31P2R1A5_05082	31P2R1A5_05082	100.000	244	0	0	1	244	1	244	0.0	501
31P2R1A5_05082	54P2R2A3_00528	99.156	237	2	0	1	237	1	237	3.16e-176	483
31P2R1A5_05082	42P1R1A12_03467	95.397	239	10	1	1	239	1	238	3.92e-157	435
31P2R1A5_05083	31P2R1A5_05083	100.000	174	0	0	1	174	1	174	1.26e-127	355
31P2R1A5_05084	31P2R1A5_05084	100.000	149	0	0	1	149	1	149	6.01e-106	298
31P2R1A5_05085	31P2R1A5_05085	100.000	337	0	0	1	337	1	337	0.0	655
31P2R1A5_05085	10P3R2A13_00334	95.252	337	16	0	1	337	1	337	0.0	558
31P2R1A5_05086	31P2R1A5_05086	100.000	507	0	0	1	507	1	507	0.0	1038
31P2R1A5_05086	42P1R1A12_03465	97.436	507	13	0	1	507	1	507	0.0	1017
31P2R1A5_05087	31P2R1A5_05087	100.000	333	0	0	1	333	1	333	0.0	669
31P2R1A5_05087	42P1R1A12_03464	96.096	333	13	0	1	333	1	333	0.0	648
31P2R1A5_05088	31P2R1A5_05088	100.000	341	0	0	1	341	1	341	0.0	700
31P2R1A5_05089	31P2R1A5_05089	100.000	386	0	0	1	386	1	386	0.0	761
31P2R1A5_05090	31P2R1A5_05090	100.000	223	0	0	1	223	1	223	4.80e-167	459
31P2R1A5_05090	42P1R1A12_03461	95.964	223	9	0	1	223	1	223	2.68e-154	427
31P2R1A5_05091	31P2R1A5_05091	100.000	278	0	0	1	278	1	278	0.0	579
31P2R1A5_05091	54P2R2A3_00535	95.324	278	13	0	1	278	1	278	0.0	558
31P2R1A5_05092	31P2R1A5_05092	100.000	658	0	0	1	658	1	658	0.0	1352
31P2R1A5_05093	31P2R1A5_05093	100.000	490	0	0	1	490	1	490	0.0	981
31P2R1A5_05093	42P1R1A12_03455	95.102	490	24	0	1	490	1	490	0.0	944
31P2R1A5_05094	31P2R1A5_05094	100.000	289	0	0	1	289	1	289	0.0	585
31P2R1A5_05095	31P2R1A5_05095	100.000	350	0	0	1	350	1	350	0.0	688
31P2R1A5_05095	42P1R1A12_03453	95.143	350	17	0	1	350	1	350	0.0	639
31P2R1A5_05096	31P2R1A5_05096	100.000	285	0	0	1	285	1	285	0.0	588
31P2R1A5_05097	31P2R1A5_05097	100.000	565	0	0	1	565	1	565	0.0	1107
31P2R1A5_05097	54P2R2A3_00541	96.637	565	19	0	1	565	1	565	0.0	1071
31P2R1A5_05098	31P2R1A5_05098	100.000	313	0	0	1	313	1	313	0.0	636
31P2R1A5_05098	10P3R2A13_00314	97.444	313	8	0	1	313	1	313	0.0	622
31P2R1A5_05098	18P3R3A11_02477	96.486	313	11	0	1	313	1	313	0.0	618
31P2R1A5_05099	31P2R1A5_05099	100.000	377	0	0	1	377	1	377	0.0	748
31P2R1A5_05100	31P2R1A5_05100	100.000	394	0	0	1	394	1	394	0.0	789
31P2R1A5_05100	54P2R2A3_00544	96.447	394	14	0	1	394	1	394	0.0	764
31P2R1A5_05101	31P2R1A5_05101	100.000	342	0	0	1	342	1	342	0.0	691
31P2R1A5_05102	31P2R1A5_05102	100.000	115	0	0	1	115	1	115	1.72e-81	234
31P2R1A5_05103	31P2R1A5_05103	100.000	311	0	0	1	311	1	311	0.0	639
31P2R1A5_05104	31P2R1A5_05104	100.000	85	0	0	1	85	1	85	4.16e-58	172
31P2R1A5_05105	31P2R1A5_05105	100.000	191	0	0	1	191	1	191	1.06e-141	392
31P2R1A5_05107	31P2R1A5_05107	100.000	206	0	0	1	206	1	206	1.00e-151	419
31P2R1A5_05107	54P2R2A3_01218	97.087	206	6	0	1	206	1	206	3.52e-148	410
31P2R1A5_05107	42P1R1A12_05275	95.146	206	10	0	1	206	1	206	2.04e-145	403
31P2R1A5_05108	31P2R1A5_05108	100.000	300	0	0	1	300	1	300	0.0	622
31P2R1A5_05108	42P1R1A12_05274	96.000	300	12	0	1	300	1	300	0.0	602
31P2R1A5_05109	31P2R1A5_05109	100.000	423	0	0	1	423	1	423	0.0	827
31P2R1A5_05109	54P2R2A3_01220	97.872	423	9	0	1	423	1	423	0.0	815
31P2R1A5_05109	51P2R2A10_05206	95.981	423	17	0	1	423	1	423	0.0	803
31P2R1A5_05109	42P1R1A12_05273	95.508	423	19	0	1	423	1	423	0.0	803
31P2R1A5_05110	31P2R1A5_05110	100.000	222	0	0	1	222	1	222	2.95e-164	452
31P2R1A5_05110	54P2R2A3_01221	96.847	222	7	0	1	222	1	222	1.66e-159	440
31P2R1A5_05111	31P2R1A5_05111	100.000	210	0	0	1	210	1	210	5.72e-153	422
31P2R1A5_05112	31P2R1A5_05112	100.000	313	0	0	1	313	1	313	0.0	624
31P2R1A5_05112	42P1R1A12_05270	97.444	313	8	0	1	313	1	313	0.0	610
31P2R1A5_05113	31P2R1A5_05113	100.000	157	0	0	1	157	1	157	9.27e-114	318
31P2R1A5_05113	18P3R3A11_02711	95.541	157	7	0	1	157	1	157	2.83e-109	307
31P2R1A5_05114	31P2R1A5_05114	100.000	88	0	0	1	88	1	88	2.71e-60	178
31P2R1A5_05114	42P1R1A12_05268	95.455	88	4	0	1	88	1	88	4.73e-58	172
31P2R1A5_05115	31P2R1A5_05115	100.000	89	0	0	1	89	1	89	1.47e-59	176
31P2R1A5_05116	31P2R1A5_05116	100.000	92	0	0	1	92	1	92	7.41e-63	185
31P2R1A5_05116	54P2R2A3_01227	97.826	92	2	0	1	92	1	92	4.60e-61	180
31P2R1A5_05117	31P2R1A5_05117	100.000	656	0	0	1	656	1	656	0.0	1343
31P2R1A5_05118	31P2R1A5_05118	100.000	311	0	0	1	311	1	311	0.0	629
31P2R1A5_05119	31P2R1A5_05119	100.000	68	0	0	1	68	1	68	5.34e-42	130
31P2R1A5_05119	10P3R2A13_00225	95.588	68	3	0	1	68	1	68	1.85e-40	126
31P2R1A5_05120	31P2R1A5_05120	100.000	310	0	0	1	310	1	310	0.0	637
31P2R1A5_05120	42P1R1A12_05262	96.129	310	12	0	1	310	1	310	0.0	618
31P2R1A5_05121	31P2R1A5_05121	100.000	482	0	0	1	482	1	482	0.0	973
31P2R1A5_05122	31P2R1A5_05122	100.000	1266	0	0	1	1266	1	1266	0.0	2562
31P2R1A5_05122	54P2R2A3_01233	95.735	1266	54	0	1	1266	1	1266	0.0	2465
31P2R1A5_05123	31P2R1A5_05123	100.000	490	0	0	1	490	1	490	0.0	1008
31P2R1A5_05123	10P3R2A13_00229	96.531	490	17	0	1	490	1	490	0.0	954
31P2R1A5_05123	18P3R3A11_02722	96.122	490	19	0	1	490	1	490	0.0	948
31P2R1A5_05124	31P2R1A5_05124	100.000	194	0	0	1	194	1	194	1.62e-141	392
31P2R1A5_05124	54P2R2A3_01235	95.361	194	9	0	1	194	1	194	9.78e-135	375
31P2R1A5_05125	31P2R1A5_05125	100.000	163	0	0	1	163	1	163	3.23e-110	310
31P2R1A5_05125	42P1R1A12_05256	96.319	163	6	0	1	163	1	163	1.03e-107	304
31P2R1A5_05125	18P3R3A11_02724	95.706	163	7	0	1	163	1	163	3.48e-106	300
31P2R1A5_05126	31P2R1A5_05126	100.000	331	0	0	1	331	1	331	0.0	665
31P2R1A5_05126	38P2R3A13_04493	97.078	308	9	0	1	308	1	308	0.0	558
31P2R1A5_05128	31P2R1A5_05128	100.000	647	0	0	1	647	1	647	0.0	1331
31P2R1A5_05129	31P2R1A5_05129	100.000	334	0	0	1	334	1	334	0.0	683
31P2R1A5_05130	31P2R1A5_05130	100.000	200	0	0	1	200	1	200	8.55e-143	395
31P2R1A5_05131	31P2R1A5_05131	100.000	151	0	0	1	151	1	151	8.74e-109	305
31P2R1A5_05131	54P2R2A3_01242	96.026	151	6	0	1	151	1	151	5.05e-104	293
31P2R1A5_05132	31P2R1A5_05132	100.000	156	0	0	1	156	1	156	1.29e-108	305
31P2R1A5_05133	31P2R1A5_05133	100.000	450	0	0	1	450	1	450	0.0	926
31P2R1A5_05133	18P3R3A11_02733	97.778	450	10	0	1	450	1	450	0.0	910
31P2R1A5_05133	10P3R2A13_00237	96.667	450	15	0	1	450	1	450	0.0	897
31P2R1A5_05133	42P1R1A12_05116	95.333	450	21	0	1	450	1	450	0.0	858
31P2R1A5_05133	38P2R3A13_08087	97.633	338	8	0	113	450	1	338	0.0	686
31P2R1A5_05134	31P2R1A5_05134	100.000	81	0	0	1	81	1	81	3.82e-54	162
31P2R1A5_05134	51P2R2A10_05180	95.062	81	4	0	1	81	1	81	1.42e-41	130
31P2R1A5_05135	31P2R1A5_05135	100.000	484	0	0	1	484	1	484	0.0	958
31P2R1A5_05136	31P2R1A5_05136	100.000	294	0	0	1	294	1	294	0.0	597
31P2R1A5_05136	54P2R2A3_01247	97.619	294	7	0	1	294	1	294	0.0	586
31P2R1A5_05137	31P2R1A5_05137	100.000	322	0	0	1	322	1	322	0.0	667
31P2R1A5_05137	18P3R3A11_02738	95.963	322	13	0	1	322	1	322	0.0	642
31P2R1A5_05137	10P3R2A13_00241	95.031	322	16	0	1	322	1	322	0.0	635
31P2R1A5_05137	42P1R1A12_05243	98.227	282	5	0	41	322	1	282	0.0	577
31P2R1A5_05137	11P3R3A1_02909	95.533	291	13	0	32	322	1	291	0.0	575
31P2R1A5_05139	31P2R1A5_05139	100.000	218	0	0	1	218	1	218	1.40e-161	444
31P2R1A5_05140	31P2R1A5_05140	100.000	380	0	0	1	380	1	380	0.0	768
31P2R1A5_05141	31P2R1A5_05141	100.000	1037	0	0	1	1037	1	1037	0.0	2109
31P2R1A5_05141	42P1R1A12_05239	95.371	1037	48	0	1	1037	1	1037	0.0	1993
31P2R1A5_05142	31P2R1A5_05142	100.000	74	0	0	1	74	1	74	7.17e-49	148
31P2R1A5_05147	31P2R1A5_05147	100.000	128	0	0	1	128	1	128	5.26e-85	244
31P2R1A5_05147	42P1R1A12_05471	97.656	128	3	0	1	128	1	128	3.33e-83	239
31P2R1A5_05147	18P3R3A11_04343	95.312	128	6	0	1	128	1	128	1.59e-74	217
31P2R1A5_05152	31P2R1A5_05152	100.000	122	0	0	1	122	1	122	2.45e-76	221
31P2R1A5_05152	10P3R2A13_04286	97.541	122	3	0	1	122	1	122	5.89e-75	218
31P2R1A5_05152	42P1R1A12_05476	97.541	122	3	0	1	122	1	122	1.24e-74	217
31P2R1A5_05154	31P2R1A5_05154	100.000	1408	0	0	1	1408	1	1408	0.0	2887
31P2R1A5_05154	18P3R3A11_04350	97.514	1408	35	0	1	1408	1	1408	0.0	2831
31P2R1A5_05154	10P3R2A13_04284	97.443	1408	36	0	1	1408	1	1408	0.0	2826
31P2R1A5_05155	31P2R1A5_05155	100.000	447	0	0	1	447	1	447	0.0	890
31P2R1A5_05156	31P2R1A5_05156	100.000	106	0	0	1	106	1	106	3.52e-73	212
31P2R1A5_05156	54P2R2A3_04853	97.170	106	3	0	1	106	1	106	9.70e-72	208
31P2R1A5_05156	42P1R1A12_05480	96.226	106	4	0	1	106	1	106	1.01e-71	208
31P2R1A5_05157	31P2R1A5_05157	100.000	102	0	0	1	102	1	102	2.61e-68	199
31P2R1A5_05157	42P1R1A12_05481	95.098	102	5	0	1	102	1	102	2.55e-65	192
31P2R1A5_05158	31P2R1A5_05158	100.000	511	0	0	1	511	1	511	0.0	1056
31P2R1A5_05158	54P2R2A3_04855	96.869	511	16	0	1	511	1	511	0.0	1027
31P2R1A5_05159	31P2R1A5_05159	100.000	378	0	0	1	378	1	378	0.0	783
31P2R1A5_05160	31P2R1A5_05160	100.000	257	0	0	1	257	1	257	0.0	510
31P2R1A5_05160	42P1R1A12_05484	96.457	254	9	0	1	254	1	254	4.24e-179	492
31P2R1A5_05161	31P2R1A5_05161	100.000	67	0	0	1	67	1	67	1.77e-43	134
31P2R1A5_05161	54P2R2A3_04858	97.015	67	2	0	1	67	1	67	2.11e-42	131
31P2R1A5_05162	31P2R1A5_05162	100.000	252	0	0	1	252	1	252	0.0	510
31P2R1A5_05162	54P2R2A3_04859	96.429	252	9	0	1	252	1	252	3.15e-179	492
31P2R1A5_05163	31P2R1A5_05163	100.000	212	0	0	1	212	1	212	6.75e-153	422
31P2R1A5_05163	54P2R2A3_04860	97.642	212	5	0	1	212	1	212	5.50e-150	415
31P2R1A5_05164	31P2R1A5_05164	100.000	632	0	0	1	632	1	632	0.0	1320
31P2R1A5_05165	31P2R1A5_05165	100.000	166	0	0	1	166	1	166	1.61e-122	342
31P2R1A5_05166	31P2R1A5_05166	100.000	258	0	0	1	258	1	258	0.0	536
31P2R1A5_05167	31P2R1A5_05167	100.000	355	0	0	1	355	1	355	0.0	734
31P2R1A5_05167	54P2R2A3_04864	97.746	355	8	0	1	355	1	355	0.0	719
31P2R1A5_05167	42P1R1A12_05491	96.056	355	14	0	1	355	1	355	0.0	706
31P2R1A5_05167	38P2R3A13_07124	95.493	355	16	0	1	355	1	355	0.0	699
31P2R1A5_05168	31P2R1A5_05168	100.000	224	0	0	1	224	1	224	5.09e-166	456
31P2R1A5_05169	31P2R1A5_05169	100.000	197	0	0	1	197	1	197	4.35e-147	406
31P2R1A5_05169	54P2R2A3_04866	97.970	197	4	0	1	197	1	197	2.76e-144	399
31P2R1A5_05169	42P1R1A12_05493	96.447	197	7	0	1	197	1	197	5.57e-143	396
31P2R1A5_05171	31P2R1A5_05171	100.000	232	0	0	1	232	1	232	3.25e-174	478
31P2R1A5_05171	54P2R2A3_04868	96.983	232	7	0	1	232	1	232	2.63e-169	465
31P2R1A5_05172	31P2R1A5_05172	100.000	146	0	0	1	146	1	146	1.40e-106	300
31P2R1A5_05172	44P3R3A6_05073	95.890	146	6	0	1	146	1	146	2.86e-101	286
31P2R1A5_05173	31P2R1A5_05173	100.000	465	0	0	1	465	1	465	0.0	945
31P2R1A5_05174	31P2R1A5_05174	100.000	444	0	0	1	444	1	444	0.0	905
31P2R1A5_05174	44P3R3A6_05071	96.396	444	16	0	1	444	1	444	0.0	879
31P2R1A5_05175	31P2R1A5_05175	100.000	432	0	0	1	432	1	432	0.0	882
31P2R1A5_05175	54P2R2A3_04872	97.454	432	11	0	1	432	1	432	0.0	864
31P2R1A5_05176	31P2R1A5_05176	100.000	530	0	0	1	530	1	530	0.0	1091
31P2R1A5_05176	42P1R1A12_05501	95.849	530	22	0	1	530	1	530	0.0	1051
31P2R1A5_05176	18P3R3A11_04368	95.849	530	22	0	1	530	1	530	0.0	1049
31P2R1A5_05177	31P2R1A5_05177	100.000	193	0	0	1	193	1	193	1.22e-138	384
31P2R1A5_05178	31P2R1A5_05178	100.000	140	0	0	1	140	1	140	8.56e-101	285
31P2R1A5_05178	54P2R2A3_02952	97.857	140	3	0	1	140	1	140	1.45e-99	281
31P2R1A5_05179	31P2R1A5_05179	100.000	422	0	0	1	422	1	422	0.0	882
31P2R1A5_05179	42P1R1A12_03419	97.156	422	12	0	1	422	1	422	0.0	862
31P2R1A5_05179	54P2R2A3_02951	97.156	422	12	0	1	422	1	422	0.0	862
31P2R1A5_05179	44P3R3A6_03107	97.990	398	8	0	1	398	1	398	0.0	816
31P2R1A5_05180	31P2R1A5_05180	100.000	119	0	0	1	119	1	119	1.92e-84	241
31P2R1A5_05182	31P2R1A5_05182	100.000	587	0	0	1	587	1	587	0.0	1202
31P2R1A5_05183	31P2R1A5_05183	100.000	88	0	0	1	88	1	88	7.37e-60	177
31P2R1A5_05184	31P2R1A5_05184	100.000	336	0	0	1	336	1	336	0.0	684
31P2R1A5_05184	42P1R1A12_03425	96.429	336	12	0	1	336	1	336	0.0	662
31P2R1A5_05185	31P2R1A5_05185	100.000	254	0	0	1	254	1	254	0.0	504
31P2R1A5_05185	54P2R2A3_00565	96.850	254	8	0	1	254	1	254	1.02e-178	491
31P2R1A5_05186	31P2R1A5_05186	100.000	199	0	0	1	199	1	199	5.83e-148	409
31P2R1A5_05186	54P2R2A3_00564	97.990	199	4	0	1	199	1	199	6.63e-144	398
31P2R1A5_05187	31P2R1A5_05187	100.000	429	0	0	1	429	1	429	0.0	883
31P2R1A5_05188	31P2R1A5_05188	100.000	296	0	0	1	296	1	296	0.0	598
31P2R1A5_05189	31P2R1A5_05189	100.000	95	0	0	1	95	1	95	2.85e-66	194
31P2R1A5_05190	31P2R1A5_05190	100.000	586	0	0	1	586	1	586	0.0	1216
31P2R1A5_05190	54P2R2A3_00560	97.782	586	13	0	1	586	1	586	0.0	1192
31P2R1A5_05190	42P1R1A12_03429	95.051	586	29	0	1	586	1	586	0.0	1164
31P2R1A5_05191	31P2R1A5_05191	100.000	240	0	0	1	240	1	240	2.54e-180	494
31P2R1A5_05191	54P2R2A3_00559	97.083	240	7	0	1	240	1	240	1.04e-175	482
31P2R1A5_05192	31P2R1A5_05192	100.000	399	0	0	1	399	1	399	0.0	793
31P2R1A5_05193	31P2R1A5_05193	100.000	115	0	0	1	115	1	115	1.48e-82	236
31P2R1A5_05194	31P2R1A5_05194	100.000	530	0	0	1	530	1	530	0.0	1057
31P2R1A5_05194	54P2R2A3_00556	96.981	530	16	0	1	530	1	530	0.0	1027
31P2R1A5_05194	44P3R3A6_01855	99.507	406	2	0	125	530	1	406	0.0	805
31P2R1A5_05194	44P3R3A6_01854	99.130	115	1	0	1	115	1	115	2.84e-74	231
31P2R1A5_05195	31P2R1A5_05195	100.000	342	0	0	1	342	1	342	0.0	680
31P2R1A5_05196	31P2R1A5_05196	100.000	365	0	0	1	365	1	365	0.0	724
31P2R1A5_05197	31P2R1A5_05197	100.000	602	0	0	1	602	1	602	0.0	1234
31P2R1A5_05197	54P2R2A3_00553	97.841	602	13	0	1	602	1	602	0.0	1211
31P2R1A5_05198	31P2R1A5_05198	100.000	521	0	0	1	521	1	521	0.0	1072
31P2R1A5_05199	31P2R1A5_05199	100.000	190	0	0	1	190	1	190	6.75e-141	390
31P2R1A5_05199	42P1R1A12_03438	96.842	190	6	0	1	190	1	190	2.57e-136	378
31P2R1A5_05200	31P2R1A5_05200	100.000	235	0	0	1	235	1	235	5.41e-171	470
31P2R1A5_05201	31P2R1A5_05201	100.000	326	0	0	1	326	1	326	0.0	659
31P2R1A5_05202	31P2R1A5_05202	100.000	489	0	0	1	489	1	489	0.0	1003
31P2R1A5_05202	54P2R2A3_00548	96.728	489	16	0	1	489	1	489	0.0	972
31P2R1A5_05203	31P2R1A5_05203	100.000	397	0	0	1	397	1	397	0.0	826
31P2R1A5_05203	54P2R2A3_00547	98.992	397	4	0	1	397	48	444	0.0	820
31P2R1A5_05205	31P2R1A5_05205	100.000	65	0	0	1	65	1	65	3.82e-43	133
31P2R1A5_05206	31P2R1A5_05206	100.000	159	0	0	1	159	1	159	3.57e-112	315
31P2R1A5_05206	10P3R2A13_04397	96.855	159	5	0	1	159	1	159	3.22e-109	307
31P2R1A5_05206	38P2R3A13_08552	95.597	159	7	0	1	159	1	159	2.32e-108	305
31P2R1A5_05206	42P1R1A12_05680	95.597	159	7	0	1	159	1	159	8.66e-108	304
31P2R1A5_05207	31P2R1A5_05207	100.000	85	0	0	1	85	1	85	4.28e-56	167
31P2R1A5_05218	31P2R1A5_05218	100.000	85	0	0	1	85	1	85	2.44e-57	170
31P2R1A5_05218	10P3R2A13_04409	97.647	85	2	0	1	85	1	85	1.90e-56	168
31P2R1A5_05218	18P3R3A11_04443	96.471	85	3	0	1	85	1	85	1.55e-55	166
31P2R1A5_05224	31P2R1A5_05224	100.000	178	0	0	1	178	1	178	4.90e-128	357
31P2R1A5_05224	42P1R1A12_05698	97.753	178	4	0	1	178	1	178	1.93e-126	352
31P2R1A5_05224	10P3R2A13_04415	95.506	178	8	0	1	178	1	178	1.98e-124	347
31P2R1A5_05228	31P2R1A5_05228	100.000	145	0	0	1	145	1	145	1.10e-98	280
31P2R1A5_05228	42P1R1A12_05702	95.862	145	6	0	1	145	1	145	2.20e-96	274
31P2R1A5_05229	31P2R1A5_05229	100.000	444	0	0	1	444	1	444	0.0	888
31P2R1A5_05229	10P3R2A13_04420	97.973	444	9	0	1	444	1	444	0.0	874
31P2R1A5_05230	31P2R1A5_05230	100.000	119	0	0	1	119	1	119	7.21e-82	235
31P2R1A5_05230	42P1R1A12_05704	97.479	119	3	0	1	119	1	119	7.17e-80	230
31P2R1A5_05234	31P2R1A5_05234	100.000	123	0	0	1	123	1	123	5.09e-85	243
31P2R1A5_05235	31P2R1A5_05235	100.000	142	0	0	1	142	1	142	3.27e-103	291
31P2R1A5_05235	54P2R2A3_04888	97.887	142	3	0	1	142	1	142	5.15e-101	285
31P2R1A5_05235	51P2R2A10_05326	95.070	142	7	0	1	142	1	142	6.81e-99	280
31P2R1A5_05236	31P2R1A5_05236	100.000	93	0	0	1	93	1	93	1.97e-64	189
31P2R1A5_05236	54P2R2A3_04887	95.699	93	4	0	1	93	1	93	5.32e-62	183
31P2R1A5_05237	31P2R1A5_05237	100.000	138	0	0	1	138	1	138	9.49e-96	271
31P2R1A5_05237	51P2R2A10_05324	97.826	138	3	0	1	138	1	138	8.90e-95	269
31P2R1A5_05238	31P2R1A5_05238	100.000	459	0	0	1	459	1	459	0.0	927
31P2R1A5_05238	18P3R3A11_04422	96.950	459	14	0	1	459	1	459	0.0	903
31P2R1A5_05238	10P3R2A13_04431	96.732	459	15	0	1	459	1	459	0.0	901
31P2R1A5_05239	31P2R1A5_05239	100.000	432	0	0	1	432	1	432	0.0	887
31P2R1A5_05239	54P2R2A3_04884	96.296	432	16	0	1	432	1	432	0.0	857
31P2R1A5_05240	31P2R1A5_05240	100.000	316	0	0	1	316	1	316	0.0	640
31P2R1A5_05240	54P2R2A3_04883	95.886	316	13	0	1	316	1	316	0.0	616
31P2R1A5_05241	31P2R1A5_05241	100.000	170	0	0	1	170	1	170	6.02e-120	335
31P2R1A5_05241	18P3R3A11_04419	95.882	170	7	0	1	170	1	170	7.83e-114	320
31P2R1A5_05242	31P2R1A5_05242	100.000	375	0	0	1	375	1	375	0.0	756
31P2R1A5_05243	31P2R1A5_05243	100.000	158	0	0	1	158	1	158	4.30e-113	317
31P2R1A5_05243	42P1R1A12_05718	97.468	158	4	0	1	158	1	158	2.85e-110	310
31P2R1A5_05244	31P2R1A5_05244	100.000	181	0	0	1	181	1	181	8.75e-133	369
31P2R1A5_05245	31P2R1A5_05245	100.000	191	0	0	1	191	1	191	8.03e-142	392
31P2R1A5_05245	54P2R2A3_04878	97.382	191	5	0	1	191	1	191	3.59e-139	385
31P2R1A5_05246	31P2R1A5_05246	100.000	273	0	0	1	273	1	273	0.0	558
31P2R1A5_05247	31P2R1A5_05247	100.000	86	0	0	1	86	1	86	5.89e-58	172
31P2R1A5_05247	54P2R2A3_04876	96.512	86	3	0	1	86	1	86	9.82e-56	166
31P2R1A5_05248	31P2R1A5_05248	100.000	185	0	0	1	185	1	185	3.66e-135	375
31P2R1A5_05249	31P2R1A5_05249	100.000	101	0	0	1	101	1	101	1.13e-69	202
31P2R1A5_05249	42P1R1A12_03595	96.040	101	4	0	1	101	1	101	4.51e-66	194
31P2R1A5_05250	31P2R1A5_05250	100.000	441	0	0	1	441	1	441	0.0	887
31P2R1A5_05250	42P1R1A12_03596	97.955	440	9	0	1	440	1	440	0.0	868
31P2R1A5_05251	31P2R1A5_05251	100.000	105	0	0	1	105	1	105	1.69e-74	215
31P2R1A5_05252	31P2R1A5_05252	100.000	315	0	0	1	315	1	315	0.0	646
31P2R1A5_05253	31P2R1A5_05253	100.000	457	0	0	1	457	1	457	0.0	911
31P2R1A5_05254	31P2R1A5_05254	100.000	421	0	0	1	421	1	421	0.0	874
31P2R1A5_05255	31P2R1A5_05255	100.000	409	0	0	1	409	1	409	0.0	827
31P2R1A5_05256	31P2R1A5_05256	100.000	247	0	0	1	247	1	247	0.0	511
31P2R1A5_05257	31P2R1A5_05257	100.000	238	0	0	1	238	1	238	2.50e-175	481
31P2R1A5_05258	31P2R1A5_05258	100.000	362	0	0	1	362	1	362	0.0	724
31P2R1A5_05259	31P2R1A5_05259	100.000	288	0	0	1	288	1	288	0.0	584
31P2R1A5_05259	54P2R2A3_04961	97.569	288	7	0	1	288	1	288	0.0	571
31P2R1A5_05260	31P2R1A5_05260	100.000	97	0	0	1	97	1	97	6.21e-67	196
31P2R1A5_05261	31P2R1A5_05261	100.000	301	0	0	1	301	1	301	0.0	586
31P2R1A5_05263	31P2R1A5_05263	100.000	301	0	0	1	301	1	301	0.0	612
31P2R1A5_05264	31P2R1A5_05264	100.000	388	0	0	1	388	1	388	0.0	750
31P2R1A5_05264	54P2R2A3_04956	97.680	388	9	0	1	388	1	388	0.0	732
31P2R1A5_05265	31P2R1A5_05265	100.000	455	0	0	1	455	1	455	0.0	912
31P2R1A5_05266	31P2R1A5_05266	100.000	1036	0	0	1	1036	1	1036	0.0	2092
31P2R1A5_05266	42P1R1A12_03609	95.174	1036	50	0	1	1036	1	1036	0.0	1945
31P2R1A5_05267	31P2R1A5_05267	100.000	375	0	0	1	375	1	375	0.0	753
31P2R1A5_05268	31P2R1A5_05268	100.000	139	0	0	1	139	1	139	1.09e-100	284
31P2R1A5_05268	54P2R2A3_04952	97.842	139	3	0	1	139	1	139	6.06e-99	280
31P2R1A5_05270	31P2R1A5_05270	100.000	320	0	0	1	320	1	320	0.0	659
31P2R1A5_05272	31P2R1A5_05272	100.000	175	0	0	1	175	1	175	5.11e-124	346
31P2R1A5_05272	54P2R2A3_05013	96.571	175	6	0	1	175	1	175	7.39e-120	335
31P2R1A5_05273	31P2R1A5_05273	100.000	162	0	0	1	162	1	162	5.33e-107	302
31P2R1A5_05273	54P2R2A3_05012	96.296	162	6	0	1	162	1	162	2.66e-103	293
31P2R1A5_05274	31P2R1A5_05274	100.000	407	0	0	1	407	1	407	0.0	832
31P2R1A5_05275	31P2R1A5_05275	100.000	241	0	0	1	241	1	241	0.0	495
31P2R1A5_05276	31P2R1A5_05276	100.000	420	0	0	1	420	1	420	0.0	863
31P2R1A5_05276	54P2R2A3_05009	97.381	420	11	0	1	420	1	420	0.0	842
31P2R1A5_05277	31P2R1A5_05277	100.000	240	0	0	1	240	1	240	4.18e-177	486
31P2R1A5_05277	54P2R2A3_05008	97.917	240	5	0	1	240	1	240	8.37e-174	477
31P2R1A5_05278	31P2R1A5_05278	100.000	145	0	0	1	145	1	145	2.56e-107	301
31P2R1A5_05279	31P2R1A5_05279	100.000	243	0	0	1	243	1	243	6.18e-180	493
31P2R1A5_05280	31P2R1A5_05280	100.000	178	0	0	1	178	1	178	8.35e-130	361
31P2R1A5_05281	31P2R1A5_05281	100.000	116	0	0	1	116	1	116	8.81e-80	229
31P2R1A5_05282	31P2R1A5_05282	100.000	1050	0	0	1	1050	1	1050	0.0	2118
31P2R1A5_05283	31P2R1A5_05283	100.000	421	0	0	1	421	1	421	0.0	858
31P2R1A5_05283	44P3R3A6_05389	97.387	421	11	0	1	421	1	421	0.0	837
31P2R1A5_05283	54P2R2A3_05002	96.798	406	13	0	1	406	1	406	0.0	805
31P2R1A5_05284	31P2R1A5_05284	100.000	115	0	0	1	115	1	115	1.06e-81	234
31P2R1A5_05285	31P2R1A5_05285	100.000	498	0	0	1	498	1	498	0.0	1007
31P2R1A5_05285	54P2R2A3_05000	96.753	462	15	0	37	498	1	462	0.0	903
31P2R1A5_05286	31P2R1A5_05286	100.000	228	0	0	1	228	1	228	6.55e-166	456
31P2R1A5_05287	31P2R1A5_05287	100.000	478	0	0	1	478	1	478	0.0	979
31P2R1A5_05287	54P2R2A3_04998	96.862	478	15	0	1	478	1	478	0.0	953
31P2R1A5_05288	31P2R1A5_05288	100.000	374	0	0	1	374	1	374	0.0	766
31P2R1A5_05289	31P2R1A5_05289	100.000	119	0	0	1	119	1	119	1.93e-86	246
31P2R1A5_05290	31P2R1A5_05290	100.000	165	0	0	1	165	1	165	6.32e-120	335
31P2R1A5_05290	42P1R1A12_05573	96.970	165	5	0	1	165	1	165	1.39e-115	324
31P2R1A5_05291	31P2R1A5_05291	100.000	100	0	0	1	100	1	100	4.14e-67	196
31P2R1A5_05291	42P1R1A12_05574	98.990	99	1	0	1	99	1	99	2.00e-65	195
31P2R1A5_05291	54P2R2A3_04770	96.970	99	3	0	1	99	1	99	1.42e-62	188
31P2R1A5_05292	31P2R1A5_05292	100.000	88	0	0	1	88	1	88	4.45e-60	177
31P2R1A5_05293	31P2R1A5_05293	100.000	344	0	0	1	344	1	344	0.0	713
31P2R1A5_05294	31P2R1A5_05294	100.000	95	0	0	1	95	1	95	1.38e-65	192
31P2R1A5_05295	31P2R1A5_05295	100.000	92	0	0	1	92	1	92	4.37e-63	185
31P2R1A5_05296	31P2R1A5_05296	100.000	213	0	0	1	213	1	213	2.26e-158	436
31P2R1A5_05296	17P1R1A4_03042	97.608	209	5	0	1	209	1	209	1.54e-152	421
31P2R1A5_05296	54P2R2A3_05091	95.192	208	10	0	1	208	1	208	4.79e-149	412
31P2R1A5_05297	31P2R1A5_05297	100.000	157	0	0	1	157	1	157	3.41e-114	320
31P2R1A5_05298	31P2R1A5_05298	100.000	212	0	0	1	212	1	212	1.61e-161	444
31P2R1A5_05299	31P2R1A5_05299	100.000	411	0	0	1	411	1	411	0.0	847
31P2R1A5_05299	51P2R2A10_01762	96.560	407	14	0	1	407	1	407	0.0	819
31P2R1A5_05299	42P1R1A12_02104	95.577	407	18	0	1	407	1	407	0.0	787
31P2R1A5_05300	31P2R1A5_05300	100.000	422	0	0	1	422	1	422	0.0	870
31P2R1A5_05300	54P2R2A3_04715	98.417	379	6	0	44	422	1	379	0.0	766
31P2R1A5_05301	31P2R1A5_05301	100.000	286	0	0	1	286	1	286	0.0	561
31P2R1A5_05301	42P1R1A12_02102	96.503	286	10	0	1	286	1	286	0.0	549
31P2R1A5_05302	31P2R1A5_05302	100.000	262	0	0	1	262	1	262	0.0	520
31P2R1A5_05302	10P3R2A13_02940	96.139	259	10	0	1	259	1	259	0.0	498
31P2R1A5_05302	34P3R2A10_04991	96.172	209	8	0	51	259	1	209	8.60e-143	399
31P2R1A5_05302	43P2R2A2_03974	95.652	161	7	0	99	259	1	161	1.00e-105	303
31P2R1A5_05303	31P2R1A5_05303	100.000	349	0	0	1	349	1	349	0.0	711
31P2R1A5_05303	42P1R1A12_02100	95.989	349	14	0	1	349	1	349	0.0	691
31P2R1A5_05304	31P2R1A5_05304	100.000	575	0	0	1	575	1	575	0.0	1160
31P2R1A5_05304	54P2R2A3_04711	97.565	575	14	0	1	575	1	575	0.0	1135
31P2R1A5_05305	31P2R1A5_05305	100.000	543	0	0	1	543	1	543	0.0	1105
31P2R1A5_05305	54P2R2A3_04710	97.422	543	14	0	1	543	1	543	0.0	1079
31P2R1A5_05306	31P2R1A5_05306	100.000	630	0	0	1	630	1	630	0.0	1285
31P2R1A5_05307	31P2R1A5_05307	100.000	270	0	0	1	270	1	270	0.0	554
31P2R1A5_05308	31P2R1A5_05308	100.000	1118	0	0	1	1118	1	1118	0.0	2290
31P2R1A5_05310	31P2R1A5_05310	100.000	343	0	0	1	343	1	343	0.0	711
31P2R1A5_05310	54P2R2A3_05112	95.627	343	15	0	1	343	1	343	0.0	684
31P2R1A5_05311	31P2R1A5_05311	100.000	321	0	0	1	321	1	321	0.0	640
31P2R1A5_05312	31P2R1A5_05312	100.000	309	0	0	1	309	1	309	0.0	636
31P2R1A5_05312	42P1R1A12_06109	96.440	309	11	0	1	309	9	317	0.0	619
31P2R1A5_05312	44P3R3A6_05536	100.000	289	0	0	21	309	1	289	0.0	592
31P2R1A5_05317	31P2R1A5_05317	100.000	206	0	0	1	206	1	206	2.09e-146	405
31P2R1A5_05318	31P2R1A5_05318	100.000	82	0	0	1	82	1	82	2.81e-55	165
31P2R1A5_05319	31P2R1A5_05319	100.000	73	0	0	1	73	1	73	1.03e-44	137
31P2R1A5_05320	31P2R1A5_05320	100.000	381	0	0	1	381	1	381	0.0	747
31P2R1A5_05321	31P2R1A5_05321	100.000	649	0	0	1	649	1	649	0.0	1343
31P2R1A5_05321	42P1R1A12_03819	97.227	649	18	0	1	649	16	664	0.0	1315
31P2R1A5_05321	18P3R3A11_01036	96.610	649	22	0	1	649	16	664	0.0	1308
31P2R1A5_05321	10P3R2A13_04032	95.378	649	30	0	1	649	16	664	0.0	1297
31P2R1A5_05321	38P2R3A13_08686	95.673	208	9	0	442	649	1	208	1.73e-141	410
31P2R1A5_05321	54P2R2A3_04437	98.077	104	2	0	546	649	1	104	2.23e-62	202
31P2R1A5_05323	31P2R1A5_05323	100.000	108	0	0	1	108	1	108	3.14e-69	202
31P2R1A5_05324	31P2R1A5_05324	100.000	319	0	0	1	319	1	319	0.0	625
31P2R1A5_05324	44P3R3A6_05578	95.925	319	13	0	1	319	272	590	0.0	570
31P2R1A5_05324	31P2R1A5_05326	95.611	319	14	0	1	319	1	319	0.0	564
31P2R1A5_05326	31P2R1A5_05326	100.000	319	0	0	1	319	1	319	0.0	626
31P2R1A5_05326	44P3R3A6_05578	98.433	319	5	0	1	319	272	590	0.0	621
31P2R1A5_05326	31P2R1A5_05324	95.611	319	14	0	1	319	1	319	0.0	563
31P2R1A5_05328	31P2R1A5_05328	100.000	227	0	0	1	227	1	227	9.76e-154	426
32P3R2A9_00037	32P3R2A9_00037	100.000	425	0	0	1	425	1	425	0.0	877
32P3R2A9_00037	10P3R2A13_00697	95.711	443	1	1	1	425	1	443	0.0	864
32P3R2A9_00043	32P3R2A9_00043	100.000	209	0	0	1	209	1	209	5.54e-152	419
32P3R2A9_00044	32P3R2A9_00044	100.000	59	0	0	1	59	1	59	2.40e-37	118
32P3R2A9_00045	32P3R2A9_00045	100.000	776	0	0	1	776	1	776	0.0	1596
32P3R2A9_00046	32P3R2A9_00046	100.000	331	0	0	1	331	1	331	0.0	684
32P3R2A9_00047	32P3R2A9_00047	100.000	351	0	0	1	351	1	351	0.0	729
32P3R2A9_00048	32P3R2A9_00048	100.000	129	0	0	1	129	1	129	2.25e-91	260
32P3R2A9_00049	32P3R2A9_00049	100.000	65	0	0	1	65	1	65	1.64e-43	134
32P3R2A9_00050	32P3R2A9_00050	100.000	64	0	0	1	64	1	64	2.69e-42	131
32P3R2A9_00051	32P3R2A9_00051	100.000	64	0	0	1	64	1	64	2.65e-41	128
32P3R2A9_00052	32P3R2A9_00052	100.000	252	0	0	1	252	1	252	0.0	520
32P3R2A9_00053	32P3R2A9_00053	100.000	429	0	0	1	429	1	429	0.0	889
32P3R2A9_00064	32P3R2A9_00064	100.000	881	0	0	1	881	1	881	0.0	1829
32P3R2A9_00064	11P3R3A1_00503	97.846	882	18	1	1	881	1	882	0.0	1791
32P3R2A9_00064	25P2R1A13_00040	95.918	882	35	1	1	881	1	882	0.0	1761
32P3R2A9_00064	16_1P2R1A8-1_04514	97.816	824	17	1	59	881	13	836	0.0	1672
32P3R2A9_00064	33P3R2A2_02705	95.421	808	36	1	75	881	1	808	0.0	1589
32P3R2A9_00064	33P3R2A2_03466	98.551	69	1	0	1	69	1	69	2.42e-42	148
32P3R2A9_00064	16_1P2R1A8-1_00904	100.000	61	0	0	1	61	1	61	1.93e-37	134
32P3R2A9_00068	32P3R2A9_00068	100.000	180	0	0	1	180	1	180	4.30e-132	367
32P3R2A9_00068	12_1P1R2A2-1_02773	97.778	180	4	0	1	180	1	180	8.62e-130	361
32P3R2A9_00068	27P2R2A12_00236	96.774	155	5	0	1	155	1	155	3.05e-110	311
32P3R2A9_00150	32P3R2A9_00150	100.000	171	0	0	1	171	1	171	1.25e-125	350
32P3R2A9_00150	25P2R1A13_00134	100.000	154	0	0	18	171	115	268	1.99e-110	315
32P3R2A9_00150	10P3R2A13_02757	100.000	130	0	0	42	171	1	130	5.78e-92	263
32P3R2A9_00175	32P3R2A9_00175	100.000	355	0	0	1	355	1	355	0.0	734
32P3R2A9_00175	10P3R2A13_00269	97.746	355	8	0	1	355	1	355	0.0	718
32P3R2A9_00175	43P2R2A2_05674	98.696	230	3	0	126	355	1	230	4.29e-168	468
32P3R2A9_00198	32P3R2A9_00198	100.000	94	0	0	1	94	1	94	6.63e-64	187
32P3R2A9_00199	32P3R2A9_00199	100.000	181	0	0	1	181	1	181	3.21e-135	375
32P3R2A9_00200	32P3R2A9_00200	100.000	128	0	0	1	128	1	128	3.44e-92	262
32P3R2A9_00200	16_1P2R1A8-1_04794	97.656	128	3	0	1	128	1	128	1.28e-89	255
32P3R2A9_00203	32P3R2A9_00203	100.000	141	0	0	1	141	1	141	3.91e-102	288
32P3R2A9_00203	3P1R3A2_04681	97.163	141	4	0	1	141	1	141	9.99e-100	282
32P3R2A9_00203	3P1R3A2_04363	95.745	141	6	0	1	141	1	141	7.30e-98	277
32P3R2A9_00204	32P3R2A9_00204	100.000	82	0	0	1	82	1	82	4.00e-55	164
32P3R2A9_00205	32P3R2A9_00205	100.000	602	0	0	1	602	1	602	0.0	1251
32P3R2A9_00205	16_1P2R1A8-1_04805	96.457	254	9	0	349	602	1	254	0.0	514
32P3R2A9_00206	32P3R2A9_00206	100.000	100	0	0	1	100	1	100	1.89e-71	207
32P3R2A9_00207	32P3R2A9_00207	100.000	78	0	0	1	78	1	78	1.48e-51	155
32P3R2A9_00208	32P3R2A9_00208	100.000	151	0	0	1	151	1	151	3.18e-109	306
32P3R2A9_00209	32P3R2A9_00209	100.000	69	0	0	1	69	1	69	1.45e-47	144
32P3R2A9_00210	32P3R2A9_00210	100.000	60	0	0	1	60	1	60	1.68e-37	118
32P3R2A9_00211	32P3R2A9_00211	100.000	69	0	0	1	69	1	69	1.17e-44	137
32P3R2A9_00212	32P3R2A9_00212	100.000	81	0	0	1	81	1	81	3.08e-56	167
32P3R2A9_00213	32P3R2A9_00213	100.000	414	0	0	1	414	1	414	0.0	852
32P3R2A9_00284	32P3R2A9_00284	100.000	760	0	0	1	760	1	760	0.0	1536
32P3R2A9_00284	25P2R1A13_02251	97.632	760	18	0	1	760	1	760	0.0	1495
32P3R2A9_00284	27P2R2A12_00440	97.237	760	21	0	1	760	1	760	0.0	1494
32P3R2A9_00284	10P3R2A13_00362	97.237	760	21	0	1	760	1	760	0.0	1494
32P3R2A9_00284	29P3R3A9_00272	96.711	760	25	0	1	760	1	760	0.0	1483
32P3R2A9_00284	17P1R1A4_00257	97.391	460	12	0	1	460	1	460	0.0	926
32P3R2A9_00284	34P3R2A10_03986	97.436	468	12	0	293	760	1	468	0.0	900
32P3R2A9_00284	17P1R1A4_00256	100.000	289	0	0	472	760	1	289	0.0	568
32P3R2A9_00287	32P3R2A9_00287	100.000	106	0	0	1	106	1	106	1.80e-73	213
32P3R2A9_00287	10P3R2A13_00364	97.143	105	3	0	1	105	1	105	2.18e-71	207
32P3R2A9_00287	40P3R1A10_00259	97.143	105	3	0	1	105	1	105	2.67e-71	207
32P3R2A9_00287	29P3R3A9_00275	95.238	105	5	0	1	105	1	105	4.62e-70	204
32P3R2A9_00288	32P3R2A9_00288	100.000	1211	0	0	1	1211	1	1211	0.0	2484
32P3R2A9_00288	25P2R1A13_02254	97.688	1211	28	0	1	1211	1	1211	0.0	2429
32P3R2A9_00288	10P3R2A13_00365	97.110	1211	35	0	1	1211	1	1211	0.0	2410
32P3R2A9_00288	27P2R2A12_00443	96.201	1211	46	0	1	1211	1	1211	0.0	2392
32P3R2A9_00288	26P1R3A4_00145	95.706	1211	52	0	1	1211	1	1211	0.0	2345
32P3R2A9_00288	28P2R1A12_02236	96.347	1177	43	0	35	1211	1	1177	0.0	2334
32P3R2A9_00288	40P3R1A10_00260	98.301	1118	19	0	94	1211	1	1118	0.0	2257
32P3R2A9_00288	16_1P2R1A8-1_00001	98.633	951	13	0	261	1211	1	951	0.0	1917
32P3R2A9_00288	34P3R2A10_04462	97.802	728	16	0	484	1211	1	728	0.0	1462
32P3R2A9_00288	15P1R1A16_05055	97.471	435	11	0	777	1211	1	435	0.0	871
32P3R2A9_00288	16_1P2R1A8-1_04528	95.872	218	9	0	1	218	1	218	8.76e-144	433
32P3R2A9_00296	32P3R2A9_00296	100.000	359	0	0	1	359	1	359	0.0	727
32P3R2A9_00296	34P3R2A10_01757	97.493	359	9	0	1	359	1	359	0.0	710
32P3R2A9_00296	10P3R2A13_00373	99.710	345	1	0	15	359	1	345	0.0	697
32P3R2A9_00296	29P3R3A9_00286	97.681	345	8	0	15	359	1	345	0.0	684
32P3R2A9_00296	16_1P2R1A8-1_04731	97.668	343	8	0	15	357	1	343	0.0	684
32P3R2A9_00296	28P2R1A12_02244	97.101	345	10	0	15	359	1	345	0.0	681
32P3R2A9_00296	43P2R2A2_05638	100.000	99	0	0	261	359	1	99	1.76e-61	192
32P3R2A9_00298	32P3R2A9_00298	100.000	201	0	0	1	201	1	201	1.95e-148	410
32P3R2A9_00298	10P3R2A13_00375	100.000	201	0	0	1	201	75	275	2.22e-148	413
32P3R2A9_00298	15P1R1A16_04810	97.512	201	5	0	1	201	39	239	6.62e-145	402
32P3R2A9_00298	27P2R2A12_00454	97.512	201	5	0	1	201	39	239	4.72e-144	400
32P3R2A9_00299	32P3R2A9_00299	100.000	76	0	0	1	76	1	76	1.82e-48	147
32P3R2A9_00299	29P3R3A9_00288	98.649	74	1	0	1	74	1	74	2.60e-44	143
32P3R2A9_00299	10P3R2A13_00375	98.649	74	1	0	1	74	1	74	2.65e-44	143
32P3R2A9_00299	27P2R2A12_00454	97.368	38	1	0	37	74	1	38	2.56e-16	70.1
32P3R2A9_00299	15P1R1A16_04810	97.368	38	1	0	37	74	1	38	2.87e-16	70.1
32P3R2A9_00359	32P3R2A9_00359	100.000	298	0	0	1	298	1	298	0.0	610
32P3R2A9_00359	25P2R1A13_02325	98.305	295	5	0	1	295	1	295	0.0	594
32P3R2A9_00359	43P2R2A2_02224	97.518	282	7	0	17	298	1	282	0.0	560
32P3R2A9_00359	15P1R1A16_04884	97.248	218	6	0	81	298	1	218	1.92e-156	435
32P3R2A9_00360	32P3R2A9_00360	100.000	207	0	0	1	207	1	207	6.03e-148	409
32P3R2A9_00361	32P3R2A9_00361	100.000	347	0	0	1	347	1	347	0.0	710
32P3R2A9_00362	32P3R2A9_00362	100.000	419	0	0	1	419	1	419	0.0	844
32P3R2A9_00363	32P3R2A9_00363	100.000	385	0	0	1	385	1	385	0.0	787
32P3R2A9_00364	32P3R2A9_00364	100.000	378	0	0	1	378	1	378	0.0	740
32P3R2A9_00365	32P3R2A9_00365	100.000	416	0	0	1	416	1	416	0.0	813
32P3R2A9_00366	32P3R2A9_00366	100.000	354	0	0	1	354	1	354	0.0	719
32P3R2A9_00367	32P3R2A9_00367	100.000	345	0	0	1	345	1	345	0.0	710
32P3R2A9_00368	32P3R2A9_00368	100.000	368	0	0	1	368	1	368	0.0	766
32P3R2A9_00369	32P3R2A9_00369	100.000	377	0	0	1	377	1	377	0.0	776
32P3R2A9_00370	32P3R2A9_00370	100.000	404	0	0	1	404	1	404	0.0	840
32P3R2A9_00371	32P3R2A9_00371	100.000	133	0	0	1	133	1	133	2.30e-96	273
32P3R2A9_00374	32P3R2A9_00374	100.000	326	0	0	1	326	1	326	0.0	656
32P3R2A9_00375	32P3R2A9_00375	100.000	95	0	0	1	95	1	95	8.89e-67	195
32P3R2A9_00375	34P3R2A10_00009	96.842	95	3	0	1	95	1	95	6.90e-64	187
32P3R2A9_00376	32P3R2A9_00376	100.000	472	0	0	1	472	1	472	0.0	984
32P3R2A9_00376	31P2R1A5_00834	97.034	472	14	0	1	472	1	472	0.0	957
32P3R2A9_00376	12_1P1R2A2-1_04425	96.703	455	15	0	18	472	1	455	0.0	918
32P3R2A9_00376	27P2R2A12_04311	98.169	437	8	0	36	472	1	437	0.0	895
32P3R2A9_00376	44P3R3A6_05577	96.796	437	14	0	36	472	1	437	0.0	881
32P3R2A9_00376	33P3R2A2_04469	98.400	125	2	0	1	125	1	125	4.98e-84	254
32P3R2A9_00377	32P3R2A9_00377	100.000	459	0	0	1	459	1	459	0.0	951
32P3R2A9_00377	31P2R1A5_00835	96.507	458	16	0	1	458	1	458	0.0	918
32P3R2A9_00377	27P2R2A12_03294	99.231	130	1	0	330	459	1	130	1.52e-89	268
32P3R2A9_00398	32P3R2A9_00398	100.000	209	0	0	1	209	1	209	1.13e-157	434
32P3R2A9_00398	10P3R2A13_00471	100.000	208	0	0	1	208	1	208	3.70e-155	434
32P3R2A9_00398	34P3R2A10_04669	100.000	58	0	0	151	208	1	58	1.08e-35	125
32P3R2A9_00398	43P2R2A2_05508	100.000	40	0	0	169	208	1	40	4.04e-21	87.4
32P3R2A9_00399	32P3R2A9_00399	100.000	164	0	0	1	164	1	164	3.77e-121	338
32P3R2A9_00399	43P2R2A2_05508	98.171	164	3	0	1	164	58	221	1.37e-117	331
32P3R2A9_00399	34P3R2A10_04669	97.561	164	4	0	1	164	76	239	3.33e-117	331
32P3R2A9_00399	10P3R2A13_00471	98.171	164	3	0	1	164	226	389	8.29e-116	333
32P3R2A9_00405	32P3R2A9_00405	100.000	54	0	0	1	54	1	54	5.59e-35	112
32P3R2A9_00405	15P1R1A16_04707	100.000	54	0	0	1	54	70	123	4.25e-34	111
32P3R2A9_00405	12_1P1R2A2-1_00031	96.296	54	2	0	1	54	70	123	7.01e-33	108
32P3R2A9_00405	30P2R3A4_04411	95.918	49	2	0	1	49	70	118	1.69e-29	100
32P3R2A9_00432	32P3R2A9_00432	100.000	30	0	0	1	30	1	30	4.46e-16	62.8
32P3R2A9_00432	10P3R2A13_00014	96.667	30	1	0	1	30	1	30	3.72e-15	60.5
32P3R2A9_00512	32P3R2A9_00512	100.000	314	0	0	1	314	1	314	0.0	655
32P3R2A9_00512	10P3R2A13_00093	100.000	313	0	0	1	313	1	313	0.0	654
32P3R2A9_00858	32P3R2A9_00858	100.000	107	0	0	1	107	1	107	2.93e-75	217
32P3R2A9_00858	17P1R1A4_03249	97.170	106	3	0	1	106	1	106	4.93e-72	213
32P3R2A9_00858	11P3R3A1_01281	100.000	29	0	0	78	106	1	29	8.51e-15	65.5
32P3R2A9_00866	32P3R2A9_00866	100.000	286	0	0	1	286	1	286	0.0	595
32P3R2A9_00866	10P3R2A13_00980	97.552	286	7	0	1	286	1	286	0.0	583
32P3R2A9_00866	26P1R3A4_01126	97.552	286	7	0	1	286	1	286	0.0	582
32P3R2A9_00866	27P2R2A12_01234	98.901	182	2	0	1	182	1	182	7.32e-134	376
32P3R2A9_00866	34P3R2A10_04219	95.763	118	5	0	169	286	1	118	9.39e-81	239
32P3R2A9_00883	32P3R2A9_00883	100.000	445	0	0	1	445	1	445	0.0	927
32P3R2A9_00884	32P3R2A9_00884	100.000	238	0	0	1	238	1	238	2.78e-176	483
32P3R2A9_00885	32P3R2A9_00885	100.000	612	0	0	1	612	1	612	0.0	1247
32P3R2A9_00886	32P3R2A9_00886	100.000	68	0	0	1	68	1	68	7.66e-45	137
32P3R2A9_00887	32P3R2A9_00887	100.000	343	0	0	1	343	1	343	0.0	708
32P3R2A9_00888	32P3R2A9_00888	100.000	123	0	0	1	123	1	123	8.77e-87	248
32P3R2A9_00889	32P3R2A9_00889	100.000	71	0	0	1	71	1	71	1.94e-46	142
32P3R2A9_00890	32P3R2A9_00890	100.000	112	0	0	1	112	1	112	1.61e-79	228
32P3R2A9_00891	32P3R2A9_00891	100.000	137	0	0	1	137	1	137	2.28e-100	283
32P3R2A9_00892	32P3R2A9_00892	100.000	39	0	0	1	39	1	39	3.76e-22	78.6
32P3R2A9_00893	32P3R2A9_00893	100.000	92	0	0	1	92	1	92	9.16e-65	189
32P3R2A9_00894	32P3R2A9_00894	100.000	218	0	0	1	218	1	218	7.64e-164	450
32P3R2A9_00895	32P3R2A9_00895	100.000	56	0	0	1	56	1	56	5.37e-35	112
32P3R2A9_00896	32P3R2A9_00896	100.000	63	0	0	1	63	1	63	3.77e-42	130
32P3R2A9_00897	32P3R2A9_00897	100.000	180	0	0	1	180	1	180	1.23e-131	366
32P3R2A9_00898	32P3R2A9_00898	100.000	53	0	0	1	53	1	53	8.61e-32	103
32P3R2A9_00925	32P3R2A9_00925	100.000	1133	0	0	1	1133	1	1133	0.0	2326
32P3R2A9_00925	8P2R1A11_00001	95.714	140	6	0	1	140	1	140	1.01e-77	278
32P3R2A9_00925	34P3R2A10_03586	96.479	142	5	0	1	142	1	142	4.84e-79	283
32P3R2A9_00925	26P1R3A4_03309	95.775	142	6	0	1	142	1	142	3.94e-81	282
32P3R2A9_00925	17P1R1A4_03403	97.857	140	3	0	1	140	1	140	9.68e-74	265
32P3R2A9_00925	5P3R2A4_04531	96.479	142	5	0	1	142	1	142	1.82e-72	263
32P3R2A9_00926	32P3R2A9_00926	100.000	304	0	0	1	304	1	304	0.0	599
32P3R2A9_00927	32P3R2A9_00927	100.000	652	0	0	1	652	1	652	0.0	1353
32P3R2A9_00928	32P3R2A9_00928	100.000	374	0	0	1	374	1	374	0.0	780
32P3R2A9_00929	15P1R1A16_03458	100.000	51	0	0	1	51	6	56	1.02e-31	103
32P3R2A9_00929	32P3R2A9_00929	100.000	51	0	0	1	51	1	51	1.41e-31	103
32P3R2A9_00929	34P3R2A10_04785	96.078	51	2	0	1	51	66	116	4.38e-30	101
32P3R2A9_00929	10P3R2A13_04313	100.000	51	0	0	1	51	367	417	6.09e-29	105
32P3R2A9_00935	10P3R2A13_04319	100.000	59	0	0	1	59	25	83	3.62e-36	115
32P3R2A9_00935	32P3R2A9_00935	100.000	59	0	0	1	59	1	59	8.08e-36	114
32P3R2A9_00988	32P3R2A9_00988	100.000	36	0	0	1	36	1	36	4.02e-20	73.2
32P3R2A9_00988	11P3R3A1_01881	97.222	36	1	0	1	36	1	36	2.05e-19	71.2
32P3R2A9_00991	32P3R2A9_00991	100.000	232	0	0	1	232	1	232	1.24e-173	476
32P3R2A9_00991	10P3R2A13_01838	98.707	232	3	0	1	232	8	239	7.80e-170	467
32P3R2A9_00991	17P1R1A4_01079	99.535	215	1	0	1	215	8	222	9.54e-159	439
32P3R2A9_00996	32P3R2A9_00996	100.000	73	0	0	1	73	1	73	1.72e-50	152
32P3R2A9_00996	25P2R1A13_01946	97.260	73	2	0	1	73	1	73	9.81e-49	148
32P3R2A9_00996	10P3R2A13_01843	97.260	73	2	0	1	73	1	73	2.03e-48	147
32P3R2A9_00996	16_1P2R1A8-1_00748	97.260	73	2	0	1	73	1	73	1.80e-47	144
32P3R2A9_01002	32P3R2A9_01002	100.000	60	0	0	1	60	1	60	5.37e-37	117
32P3R2A9_01046	32P3R2A9_01046	100.000	355	0	0	1	355	1	355	0.0	726
32P3R2A9_01087	32P3R2A9_01087	100.000	250	0	0	1	250	1	250	0.0	522
32P3R2A9_01087	10P3R2A13_01932	99.595	247	1	0	1	247	1	247	0.0	521
32P3R2A9_01087	43P2R2A2_03785	100.000	161	0	0	87	247	1	161	1.95e-119	349
32P3R2A9_01087	30P2R3A4_03317	100.000	67	0	0	181	247	1	67	5.94e-42	147
32P3R2A9_01088	32P3R2A9_01088	100.000	326	0	0	1	326	1	326	0.0	672
32P3R2A9_01088	10P3R2A13_01932	100.000	314	0	0	13	326	247	560	0.0	647
32P3R2A9_01088	30P2R3A4_03317	100.000	314	0	0	13	326	67	380	0.0	647
32P3R2A9_01088	43P2R2A2_03785	100.000	314	0	0	13	326	161	474	0.0	646
32P3R2A9_01096	32P3R2A9_01096	100.000	220	0	0	1	220	1	220	2.06e-161	444
32P3R2A9_01096	10P3R2A13_01940	97.727	220	5	0	1	220	1	220	1.82e-156	432
32P3R2A9_01247	32P3R2A9_01247	100.000	37	0	0	1	37	1	37	1.34e-21	77.0
32P3R2A9_01247	10P3R2A13_00585	97.297	37	1	0	1	37	1	37	1.76e-20	74.3
32P3R2A9_01247	12_1P1R2A2-1_00364	96.774	31	1	0	1	31	1	31	5.81e-15	65.1
32P3R2A9_01247	17P1R1A4_01548	96.774	31	1	0	1	31	1	31	1.50e-14	64.3
32P3R2A9_01248	32P3R2A9_01248	100.000	123	0	0	1	123	1	123	1.73e-83	239
32P3R2A9_01248	11P3R3A1_02176	100.000	115	0	0	1	115	1	115	2.00e-76	226
32P3R2A9_01248	12_1P1R2A2-1_00364	99.130	115	1	0	1	115	30	144	3.36e-75	224
32P3R2A9_01248	16_1P2R1A8-1_01033	99.130	115	1	0	1	115	1	115	3.18e-73	224
32P3R2A9_01248	17P1R1A4_01548	99.123	114	1	0	2	115	31	144	3.00e-72	223
32P3R2A9_01328	32P3R2A9_01328	100.000	216	0	0	1	216	1	216	2.36e-158	436
32P3R2A9_01329	32P3R2A9_01329	100.000	356	0	0	1	356	1	356	0.0	706
32P3R2A9_01329	8P2R1A11_00387	97.191	356	10	0	1	356	1	356	0.0	686
32P3R2A9_01330	32P3R2A9_01330	100.000	139	0	0	1	139	1	139	6.73e-101	285
32P3R2A9_01331	32P3R2A9_01331	100.000	356	0	0	1	356	1	356	0.0	686
32P3R2A9_01332	32P3R2A9_01332	100.000	227	0	0	1	227	1	227	1.37e-165	456
32P3R2A9_01332	30P2R3A4_03114	97.797	227	5	0	1	227	1	227	3.77e-162	447
32P3R2A9_01333	32P3R2A9_01333	100.000	400	0	0	1	400	1	400	0.0	804
32P3R2A9_01333	30P2R3A4_03115	96.517	201	6	1	200	400	6	205	6.35e-138	392
32P3R2A9_01334	32P3R2A9_01334	100.000	118	0	0	1	118	1	118	5.29e-84	240
32P3R2A9_01335	32P3R2A9_01335	100.000	251	0	0	1	251	1	251	0.0	512
32P3R2A9_01335	8P2R1A11_00381	97.610	251	6	0	1	251	1	251	0.0	502
32P3R2A9_01336	32P3R2A9_01336	100.000	58	0	0	1	58	1	58	2.80e-37	118
32P3R2A9_01337	32P3R2A9_01337	100.000	177	0	0	1	177	1	177	1.06e-130	363
32P3R2A9_01338	32P3R2A9_01338	100.000	118	0	0	1	118	1	118	4.43e-84	240
32P3R2A9_01339	32P3R2A9_01339	100.000	356	0	0	1	356	1	356	0.0	728
32P3R2A9_01339	8P2R1A11_00377	97.443	352	9	0	1	352	1	352	0.0	702
32P3R2A9_01340	32P3R2A9_01340	100.000	101	0	0	1	101	1	101	7.20e-71	206
32P3R2A9_01340	8P2R1A11_00376	95.050	101	5	0	1	101	1	101	1.91e-67	197
32P3R2A9_01341	32P3R2A9_01341	100.000	196	0	0	1	196	1	196	4.02e-142	394
32P3R2A9_01342	32P3R2A9_01342	100.000	662	0	0	1	662	1	662	0.0	1339
32P3R2A9_01343	32P3R2A9_01343	100.000	41	0	0	1	41	1	41	5.59e-23	80.9
32P3R2A9_01344	32P3R2A9_01344	100.000	109	0	0	1	109	1	109	3.34e-77	223
32P3R2A9_01345	32P3R2A9_01345	100.000	147	0	0	1	147	1	147	7.24e-107	300
32P3R2A9_01346	32P3R2A9_01346	100.000	382	0	0	1	382	1	382	0.0	782
32P3R2A9_01347	32P3R2A9_01347	100.000	188	0	0	1	188	1	188	8.71e-140	387
32P3R2A9_01348	32P3R2A9_01348	100.000	130	0	0	1	130	1	130	8.79e-93	263
32P3R2A9_01349	32P3R2A9_01349	100.000	185	0	0	1	185	1	185	7.83e-133	369
32P3R2A9_01350	32P3R2A9_01350	100.000	136	0	0	1	136	1	136	5.52e-99	280
32P3R2A9_01350	8P2R1A11_00367	97.059	136	4	0	1	136	1	136	1.19e-95	271
32P3R2A9_01351	32P3R2A9_01351	100.000	74	0	0	1	74	1	74	4.10e-49	149
32P3R2A9_01351	8P2R1A11_00366	97.297	74	2	0	1	74	1	74	5.68e-47	143
32P3R2A9_01352	32P3R2A9_01352	100.000	314	0	0	1	314	1	314	0.0	631
32P3R2A9_01353	32P3R2A9_01353	100.000	169	0	0	1	169	1	169	2.22e-120	336
32P3R2A9_01354	32P3R2A9_01354	100.000	407	0	0	1	407	1	407	0.0	834
32P3R2A9_01355	32P3R2A9_01355	100.000	203	0	0	1	203	1	203	9.16e-153	421
32P3R2A9_01356	32P3R2A9_01356	100.000	490	0	0	1	490	1	490	0.0	1002
32P3R2A9_01357	32P3R2A9_01357	100.000	541	0	0	1	541	1	541	0.0	1117
32P3R2A9_01358	32P3R2A9_01358	100.000	191	0	0	1	191	1	191	2.96e-141	391
32P3R2A9_01359	32P3R2A9_01359	100.000	175	0	0	1	175	1	175	2.37e-129	360
32P3R2A9_01360	32P3R2A9_01360	100.000	159	0	0	1	159	1	159	1.06e-117	329
32P3R2A9_01361	32P3R2A9_01361	100.000	114	0	0	1	114	1	114	3.58e-78	225
32P3R2A9_01362	32P3R2A9_01362	100.000	145	0	0	1	145	1	145	5.20e-104	293
32P3R2A9_01363	32P3R2A9_01363	100.000	729	0	0	1	729	1	729	0.0	1499
