37P2R3-2A1_00296	37P2R3-2A1_00296	100.000	125	0	0	1	125	1	125	1.43e-85	245
37P2R3-2A1_00296	38P2R3A13_06891	97.600	125	3	0	1	125	1	125	9.90e-85	243
37P2R3-2A1_00296	18P3R3A11_00642	97.581	124	3	0	2	125	7	130	9.53e-83	238
37P2R3-2A1_00314	37P2R3-2A1_00314	100.000	98	0	0	1	98	1	98	4.93e-66	193
37P2R3-2A1_00314	18P3R3A11_00592	97.959	98	2	0	1	98	1	98	3.88e-65	191
37P2R3-2A1_00329	37P2R3-2A1_00329	100.000	1044	0	0	1	1044	1	1044	0.0	2103
37P2R3-2A1_00370	37P2R3-2A1_00370	100.000	164	0	0	1	164	1	164	1.70e-123	344
37P2R3-2A1_00370	18P3R3A11_00536	97.581	124	3	0	41	164	1	124	2.91e-88	253
37P2R3-2A1_00380	37P2R3-2A1_00380	100.000	84	0	0	1	84	1	84	8.73e-58	171
37P2R3-2A1_00402	37P2R3-2A1_00402	100.000	214	0	0	1	214	1	214	1.81e-160	441
37P2R3-2A1_00402	38P2R3A13_00612	96.729	214	7	0	1	214	1	214	1.97e-155	429
37P2R3-2A1_00402	18P3R3A11_00502	96.729	214	7	0	1	214	1	214	5.06e-155	427
37P2R3-2A1_00409	37P2R3-2A1_00409	100.000	91	0	0	1	91	1	91	3.88e-64	188
37P2R3-2A1_00409	38P2R3A13_06398	96.703	91	3	0	1	91	1	91	1.02e-62	184
37P2R3-2A1_00409	18P3R3A11_00495	97.802	91	2	0	1	91	1	91	1.45e-62	184
37P2R3-2A1_00412	37P2R3-2A1_00412	100.000	206	0	0	1	206	1	206	3.31e-145	402
37P2R3-2A1_00412	18P3R3A11_00492	97.549	204	5	0	1	204	1	204	6.65e-141	391
37P2R3-2A1_00413	37P2R3-2A1_00413	100.000	436	0	0	1	436	1	436	0.0	895
37P2R3-2A1_00413	18P3R3A11_00491	97.248	436	12	0	1	436	1	436	0.0	868
37P2R3-2A1_00424	37P2R3-2A1_00424	100.000	40	0	0	1	40	1	40	1.76e-22	79.3
37P2R3-2A1_00427	37P2R3-2A1_00427	100.000	325	0	0	1	325	1	325	0.0	673
37P2R3-2A1_00427	18P3R3A11_00478	99.659	293	1	0	33	325	1	293	0.0	601
37P2R3-2A1_00435	37P2R3-2A1_00435	100.000	250	0	0	1	250	1	250	0.0	515
37P2R3-2A1_00435	18P3R3A11_00470	97.600	250	6	0	1	250	1	250	0.0	503
37P2R3-2A1_00462	37P2R3-2A1_00462	100.000	260	0	0	1	260	1	260	0.0	524
37P2R3-2A1_00462	18P3R3A11_00443	98.062	258	5	0	1	258	1	258	0.0	511
37P2R3-2A1_00465	37P2R3-2A1_00465	100.000	343	0	0	1	343	1	343	0.0	710
37P2R3-2A1_00465	18P3R3A11_00440	97.959	343	7	0	1	343	1	343	0.0	696
37P2R3-2A1_00467	37P2R3-2A1_00467	100.000	63	0	0	1	63	1	63	1.28e-40	126
37P2R3-2A1_00473	37P2R3-2A1_00473	100.000	88	0	0	1	88	1	88	1.26e-57	171
37P2R3-2A1_00474	37P2R3-2A1_00474	100.000	118	0	0	1	118	1	118	3.16e-79	228
37P2R3-2A1_00475	37P2R3-2A1_00475	100.000	209	0	0	1	209	1	209	8.42e-158	434
37P2R3-2A1_00476	37P2R3-2A1_00476	100.000	75	0	0	1	75	1	75	5.70e-50	151
37P2R3-2A1_00477	37P2R3-2A1_00477	100.000	100	0	0	1	100	1	100	2.96e-69	202
37P2R3-2A1_00478	37P2R3-2A1_00478	100.000	104	0	0	1	104	1	104	3.02e-75	217
37P2R3-2A1_00485	37P2R3-2A1_00485	100.000	177	0	0	1	177	1	177	4.86e-126	351
37P2R3-2A1_00485	18P3R3A11_00426	100.000	95	0	0	83	177	1	95	1.28e-60	183
37P2R3-2A1_00486	37P2R3-2A1_00486	100.000	226	0	0	1	226	1	226	2.06e-168	462
37P2R3-2A1_00486	18P3R3A11_00425	95.575	226	10	0	1	226	1	226	2.13e-152	422
37P2R3-2A1_00489	37P2R3-2A1_00489	100.000	171	0	0	1	171	1	171	1.85e-123	344
37P2R3-2A1_00490	37P2R3-2A1_00490	100.000	214	0	0	1	214	1	214	8.18e-162	445
37P2R3-2A1_00490	18P3R3A11_00421	97.196	214	6	0	1	214	1	214	4.27e-157	433
37P2R3-2A1_00496	37P2R3-2A1_00496	100.000	164	0	0	1	164	1	164	1.38e-122	342
37P2R3-2A1_00497	37P2R3-2A1_00497	100.000	34	0	0	1	34	1	34	7.90e-17	64.7
37P2R3-2A1_00498	37P2R3-2A1_00498	100.000	175	0	0	1	175	1	175	2.88e-131	364
37P2R3-2A1_00520	37P2R3-2A1_00520	100.000	438	0	0	1	438	1	438	0.0	895
37P2R3-2A1_00520	18P3R3A11_00393	99.315	438	3	0	1	438	13	450	0.0	892
37P2R3-2A1_00552	37P2R3-2A1_00552	100.000	454	0	0	1	454	1	454	0.0	927
37P2R3-2A1_00552	18P3R3A11_00361	96.256	454	17	0	1	454	1	454	0.0	897
37P2R3-2A1_00557	37P2R3-2A1_00557	100.000	426	0	0	1	426	1	426	0.0	883
37P2R3-2A1_00557	18P3R3A11_00356	95.047	424	21	0	1	424	1	424	0.0	842
37P2R3-2A1_00563	37P2R3-2A1_00563	100.000	207	0	0	1	207	1	207	1.40e-153	423
37P2R3-2A1_00563	18P3R3A11_00350	97.585	207	5	0	1	207	1	207	1.28e-149	413
37P2R3-2A1_00563	38P2R3A13_00467	95.169	207	10	0	1	207	1	207	8.75e-148	409
37P2R3-2A1_00581	37P2R3-2A1_00581	100.000	448	0	0	1	448	1	448	0.0	916
37P2R3-2A1_00582	37P2R3-2A1_00582	100.000	79	0	0	1	79	1	79	7.27e-55	164
37P2R3-2A1_00583	37P2R3-2A1_00583	100.000	209	0	0	1	209	1	209	9.72e-157	432
37P2R3-2A1_00584	37P2R3-2A1_00584	100.000	87	0	0	1	87	1	87	2.13e-59	176
37P2R3-2A1_00593	37P2R3-2A1_00593	100.000	65	0	0	1	65	1	65	7.35e-39	122
37P2R3-2A1_00593	38P2R3A13_00440	95.385	65	3	0	1	65	1	65	1.98e-37	119
37P2R3-2A1_00593	18P3R3A11_00323	96.923	65	2	0	1	65	1	65	4.47e-37	118
37P2R3-2A1_00607	37P2R3-2A1_00607	100.000	299	0	0	1	299	1	299	0.0	592
37P2R3-2A1_00607	18P3R3A11_00309	96.990	299	9	0	1	299	1	299	0.0	577
37P2R3-2A1_00612	37P2R3-2A1_00612	100.000	256	0	0	1	256	1	256	0.0	534
37P2R3-2A1_00612	18P3R3A11_00303	97.656	256	6	0	1	256	1	256	0.0	524
37P2R3-2A1_00635	37P2R3-2A1_00635	100.000	246	0	0	1	246	1	246	3.12e-176	484
37P2R3-2A1_00635	18P3R3A11_00280	100.000	246	0	0	1	246	19	264	8.27e-176	484
37P2R3-2A1_00635	38P2R3A13_00397	96.311	244	9	0	1	244	19	262	1.22e-169	468
37P2R3-2A1_00635	56P2R2A4_01923	95.082	244	12	0	1	244	19	262	8.23e-166	458
37P2R3-2A1_00637	37P2R3-2A1_00637	100.000	413	0	0	1	413	1	413	0.0	860
37P2R3-2A1_00638	37P2R3-2A1_00638	100.000	486	0	0	1	486	1	486	0.0	1018
37P2R3-2A1_00639	37P2R3-2A1_00639	100.000	75	0	0	1	75	1	75	6.13e-51	153
37P2R3-2A1_00640	37P2R3-2A1_00640	100.000	126	0	0	1	126	1	126	4.22e-91	259
37P2R3-2A1_00641	37P2R3-2A1_00641	100.000	396	0	0	1	396	1	396	0.0	773
37P2R3-2A1_00641	18P3R3A11_00278	96.947	393	12	0	1	393	1	393	0.0	748
37P2R3-2A1_00645	37P2R3-2A1_00645	100.000	152	0	0	1	152	1	152	1.90e-108	305
37P2R3-2A1_00645	18P3R3A11_00274	97.368	152	4	0	1	152	1	152	1.00e-104	295
37P2R3-2A1_00646	37P2R3-2A1_00646	100.000	137	0	0	1	137	1	137	5.25e-101	285
37P2R3-2A1_00647	37P2R3-2A1_00647	100.000	336	0	0	1	336	1	336	0.0	694
37P2R3-2A1_00648	37P2R3-2A1_00648	100.000	43	0	0	1	43	1	43	4.88e-27	91.3
37P2R3-2A1_00649	37P2R3-2A1_00649	100.000	68	0	0	1	68	1	68	5.70e-45	138
37P2R3-2A1_00649	38P2R3A13_00379	97.059	68	2	0	1	68	5	72	1.64e-43	134
37P2R3-2A1_00660	37P2R3-2A1_00660	100.000	137	0	0	1	137	1	137	1.09e-98	279
37P2R3-2A1_00660	18P3R3A11_00256	97.810	137	3	0	1	137	1	137	1.89e-97	276
37P2R3-2A1_00661	37P2R3-2A1_00661	100.000	295	0	0	1	295	1	295	0.0	605
37P2R3-2A1_00662	37P2R3-2A1_00662	100.000	365	0	0	1	365	1	365	0.0	744
37P2R3-2A1_00663	37P2R3-2A1_00663	100.000	294	0	0	1	294	1	294	0.0	603
37P2R3-2A1_00666	37P2R3-2A1_00666	100.000	84	0	0	1	84	1	84	1.10e-55	166
37P2R3-2A1_00666	18P3R3A11_00252	97.619	84	2	0	1	84	1	84	5.27e-55	164
37P2R3-2A1_00675	37P2R3-2A1_00675	100.000	205	0	0	1	205	1	205	1.31e-148	410
37P2R3-2A1_00675	18P3R3A11_00243	96.098	205	8	0	1	205	1	205	2.69e-136	380
37P2R3-2A1_00691	37P2R3-2A1_00691	100.000	861	0	0	1	861	1	861	0.0	1774
37P2R3-2A1_00691	18P3R3A11_00227	96.479	142	5	0	720	861	12	153	9.51e-89	278
37P2R3-2A1_00693	37P2R3-2A1_00693	100.000	403	0	0	1	403	1	403	0.0	790
37P2R3-2A1_00693	18P3R3A11_00225	98.731	394	5	0	1	394	1	394	0.0	757
37P2R3-2A1_00707	37P2R3-2A1_00707	100.000	166	0	0	1	166	1	166	6.28e-123	342
37P2R3-2A1_00707	56P2R2A4_01871	96.988	166	5	0	1	166	1	166	2.33e-120	336
37P2R3-2A1_00707	18P3R3A11_00209	96.386	166	6	0	1	166	1	166	2.44e-119	333
37P2R3-2A1_00707	38P2R3A13_00333	96.386	166	6	0	1	166	1	166	4.08e-119	333
37P2R3-2A1_00709	37P2R3-2A1_00709	100.000	256	0	0	1	256	1	256	0.0	512
37P2R3-2A1_00718	37P2R3-2A1_00718	100.000	161	0	0	1	161	1	161	2.19e-119	333
37P2R3-2A1_00719	37P2R3-2A1_00719	100.000	176	0	0	1	176	1	176	1.37e-123	345
37P2R3-2A1_00720	37P2R3-2A1_00720	100.000	313	0	0	1	313	1	313	0.0	644
37P2R3-2A1_00720	18P3R3A11_00197	96.805	313	10	0	1	313	1	313	0.0	630
37P2R3-2A1_00721	37P2R3-2A1_00721	100.000	146	0	0	1	146	1	146	1.85e-104	294
37P2R3-2A1_00721	18P3R3A11_00196	97.945	146	3	0	1	146	1	146	9.55e-102	287
37P2R3-2A1_00723	37P2R3-2A1_00723	100.000	179	0	0	1	179	1	179	1.54e-131	365
37P2R3-2A1_00723	18P3R3A11_00194	97.765	179	4	0	1	179	1	179	6.73e-128	356
37P2R3-2A1_00725	37P2R3-2A1_00725	100.000	157	0	0	1	157	1	157	3.82e-113	317
37P2R3-2A1_00726	37P2R3-2A1_00726	100.000	564	0	0	1	564	1	564	0.0	1167
37P2R3-2A1_00727	37P2R3-2A1_00727	100.000	200	0	0	1	200	1	200	9.03e-149	410
37P2R3-2A1_00727	18P3R3A11_00191	96.970	198	6	0	1	198	1	198	1.32e-143	397
37P2R3-2A1_00734	37P2R3-2A1_00734	100.000	193	0	0	1	193	1	193	9.64e-144	397
37P2R3-2A1_00734	18P3R3A11_00184	95.855	193	8	0	1	193	1	193	3.44e-137	381
37P2R3-2A1_00736	37P2R3-2A1_00736	100.000	113	0	0	1	113	1	113	3.24e-79	228
37P2R3-2A1_00736	56P2R2A4_01835	97.297	111	3	0	1	111	1	111	8.57e-77	222
37P2R3-2A1_00736	18P3R3A11_00182	98.361	61	1	0	1	61	1	61	4.52e-38	122
37P2R3-2A1_00745	37P2R3-2A1_00745	100.000	175	0	0	1	175	1	175	3.17e-127	354
37P2R3-2A1_00745	18P3R3A11_00173	96.000	175	7	0	1	175	1	175	1.83e-121	340
37P2R3-2A1_00749	37P2R3-2A1_00749	100.000	313	0	0	1	313	1	313	0.0	640
37P2R3-2A1_00749	18P3R3A11_00169	97.764	313	7	0	1	313	1	313	0.0	627
37P2R3-2A1_00753	37P2R3-2A1_00753	100.000	229	0	0	1	229	1	229	1.48e-172	473
37P2R3-2A1_00753	18P3R3A11_00165	95.197	229	11	0	1	229	1	229	9.52e-166	456
37P2R3-2A1_00756	37P2R3-2A1_00756	100.000	220	0	0	1	220	1	220	2.48e-162	447
37P2R3-2A1_00756	18P3R3A11_00162	97.273	220	6	0	1	220	1	220	9.41e-158	435
37P2R3-2A1_00756	38P2R3A13_00276	96.774	217	7	0	1	217	1	217	7.93e-155	427
37P2R3-2A1_00768	37P2R3-2A1_00768	100.000	5403	0	0	1	5403	1	5403	0.0	10401
37P2R3-2A1_00771	37P2R3-2A1_00771	100.000	295	0	0	1	295	1	295	0.0	607
37P2R3-2A1_00771	18P3R3A11_00147	99.322	295	2	0	1	295	23	317	0.0	604
37P2R3-2A1_00771	38P2R3A13_00263	95.593	295	13	0	1	295	1	295	0.0	589
37P2R3-2A1_00775	37P2R3-2A1_00775	100.000	304	0	0	1	304	1	304	0.0	613
37P2R3-2A1_00775	18P3R3A11_00143	97.360	303	8	0	1	303	4	306	0.0	598
37P2R3-2A1_00775	56P2R2A4_04003	97.030	303	9	0	1	303	5	307	0.0	597
37P2R3-2A1_00775	38P2R3A13_00258	97.010	301	9	0	1	301	4	304	0.0	592
37P2R3-2A1_00776	37P2R3-2A1_00776	100.000	168	0	0	1	168	1	168	8.56e-126	350
37P2R3-2A1_00777	37P2R3-2A1_00777	100.000	123	0	0	1	123	1	123	2.39e-89	254
37P2R3-2A1_00778	37P2R3-2A1_00778	100.000	92	0	0	1	92	1	92	9.64e-63	184
37P2R3-2A1_00778	18P3R3A11_00138	97.826	92	2	0	1	92	1	92	5.48e-61	180
37P2R3-2A1_00810	37P2R3-2A1_00810	100.000	233	0	0	1	233	1	233	2.18e-171	471
37P2R3-2A1_00810	18P3R3A11_00106	97.854	233	5	0	1	233	1	233	1.84e-165	456
37P2R3-2A1_00812	37P2R3-2A1_00812	100.000	398	0	0	1	398	1	398	0.0	793
37P2R3-2A1_00812	38P2R3A13_00200	96.734	398	13	0	1	398	1	398	0.0	771
37P2R3-2A1_00812	18P3R3A11_00104	98.711	388	5	0	1	388	1	388	0.0	766
37P2R3-2A1_00812	56P2R2A4_00708	96.477	369	13	0	30	398	1	369	0.0	715
37P2R3-2A1_00824	37P2R3-2A1_00824	100.000	566	0	0	1	566	1	566	0.0	1144
37P2R3-2A1_00824	18P3R3A11_00092	99.057	530	5	0	37	566	1	530	0.0	1058
37P2R3-2A1_00830	37P2R3-2A1_00830	100.000	484	0	0	1	484	1	484	0.0	997
37P2R3-2A1_00830	18P3R3A11_00086	97.521	484	12	0	1	484	1	484	0.0	971
37P2R3-2A1_00833	37P2R3-2A1_00833	100.000	157	0	0	1	157	1	157	3.28e-117	327
37P2R3-2A1_00833	18P3R3A11_00081	97.452	157	4	0	1	157	1	157	3.73e-114	320
37P2R3-2A1_00842	37P2R3-2A1_00842	100.000	431	0	0	1	431	1	431	0.0	883
37P2R3-2A1_00842	18P3R3A11_00072	97.448	431	11	0	1	431	1	431	0.0	867
37P2R3-2A1_00845	37P2R3-2A1_00845	100.000	42	0	0	1	42	1	42	1.13e-24	85.1
37P2R3-2A1_00845	18P3R3A11_00068	100.000	41	0	0	1	41	1	41	1.16e-24	85.1
37P2R3-2A1_00847	37P2R3-2A1_00847	100.000	410	0	0	1	410	1	410	0.0	837
37P2R3-2A1_00847	18P3R3A11_00050	99.512	410	2	0	1	410	26	435	0.0	836
37P2R3-2A1_00850	37P2R3-2A1_00850	100.000	114	0	0	1	114	1	114	3.09e-80	230
37P2R3-2A1_00850	18P3R3A11_00047	97.368	114	3	0	1	114	1	114	7.25e-77	222
37P2R3-2A1_00855	37P2R3-2A1_00855	100.000	462	0	0	1	462	1	462	0.0	903
37P2R3-2A1_00855	18P3R3A11_00042	97.835	462	10	0	1	462	1	462	0.0	884
37P2R3-2A1_00856	37P2R3-2A1_00856	100.000	332	0	0	1	332	1	332	0.0	682
37P2R3-2A1_00856	18P3R3A11_00041	97.892	332	7	0	1	332	1	332	0.0	672
37P2R3-2A1_00861	37P2R3-2A1_00861	100.000	823	0	0	1	823	1	823	0.0	1686
37P2R3-2A1_00861	18P3R3A11_00036	97.934	823	17	0	1	823	1	823	0.0	1657
37P2R3-2A1_00864	37P2R3-2A1_00864	100.000	253	0	0	1	253	1	253	0.0	521
37P2R3-2A1_00864	38P2R3A13_00143	96.047	253	10	0	1	253	1	253	0.0	501
37P2R3-2A1_00873	37P2R3-2A1_00873	100.000	138	0	0	1	138	1	138	1.21e-96	274
37P2R3-2A1_00873	18P3R3A11_00024	97.826	138	3	0	1	138	1	138	7.47e-95	269
37P2R3-2A1_00896	37P2R3-2A1_00896	100.000	566	0	0	1	566	1	566	0.0	1174
37P2R3-2A1_00896	18P3R3A11_00900	100.000	233	0	0	334	566	1	233	1.10e-170	483
37P2R3-2A1_00897	37P2R3-2A1_00897	100.000	276	0	0	1	276	1	276	0.0	577
37P2R3-2A1_00898	37P2R3-2A1_00898	100.000	571	0	0	1	571	1	571	0.0	1156
37P2R3-2A1_00898	18P3R3A11_00897	97.023	571	17	0	1	571	1	571	0.0	1123
37P2R3-2A1_00931	37P2R3-2A1_00931	100.000	282	0	0	1	282	1	282	0.0	584
37P2R3-2A1_00931	18P3R3A11_00864	97.518	282	7	0	1	282	1	282	0.0	574
37P2R3-2A1_00942	37P2R3-2A1_00942	100.000	206	0	0	1	206	1	206	1.53e-153	423
37P2R3-2A1_00942	18P3R3A11_00853	97.087	206	6	0	1	206	1	206	2.73e-150	415
37P2R3-2A1_00962	37P2R3-2A1_00962	100.000	78	0	0	1	78	1	78	1.15e-51	155
37P2R3-2A1_00962	18P3R3A11_00833	97.436	78	2	0	1	78	1	78	2.83e-50	152
37P2R3-2A1_00977	37P2R3-2A1_00977	100.000	42	0	0	1	42	1	42	4.43e-23	81.3
37P2R3-2A1_00977	18P3R3A11_00818	97.619	42	1	0	1	42	1	42	1.36e-22	79.7
37P2R3-2A1_00983	37P2R3-2A1_00983	100.000	43	0	0	1	43	1	43	2.54e-24	84.3
37P2R3-2A1_00983	18P3R3A11_00812	97.674	43	1	0	1	43	1	43	1.07e-23	82.8
37P2R3-2A1_00991	37P2R3-2A1_00991	100.000	225	0	0	1	225	1	225	1.26e-168	463
37P2R3-2A1_00992	37P2R3-2A1_00992	100.000	73	0	0	1	73	1	73	2.50e-48	147
37P2R3-2A1_00993	37P2R3-2A1_00993	100.000	373	0	0	1	373	1	373	0.0	779
37P2R3-2A1_00993	56P2R2A4_00521	97.587	373	9	0	1	373	51	423	0.0	763
37P2R3-2A1_00993	56P2R2A4_00379	95.418	371	17	0	1	371	51	421	0.0	751
37P2R3-2A1_00994	37P2R3-2A1_00994	100.000	165	0	0	1	165	1	165	6.60e-120	335
37P2R3-2A1_00994	56P2R2A4_00520	97.857	140	3	0	26	165	1	140	2.61e-96	274
37P2R3-2A1_00994	56P2R2A4_00378	96.429	140	5	0	26	165	1	140	1.00e-95	273
37P2R3-2A1_00995	37P2R3-2A1_00995	100.000	417	0	0	1	417	1	417	0.0	848
37P2R3-2A1_00996	37P2R3-2A1_00996	100.000	78	0	0	1	78	1	78	8.50e-53	158
37P2R3-2A1_00997	37P2R3-2A1_00997	100.000	224	0	0	1	224	1	224	4.50e-167	459
37P2R3-2A1_00998	37P2R3-2A1_00998	100.000	105	0	0	1	105	1	105	1.67e-74	215
37P2R3-2A1_00999	37P2R3-2A1_00999	100.000	1184	0	0	1	1184	1	1184	0.0	2412
37P2R3-2A1_01000	37P2R3-2A1_01000	100.000	189	0	0	1	189	1	189	9.12e-139	384
37P2R3-2A1_01001	37P2R3-2A1_01001	100.000	210	0	0	1	210	1	210	4.73e-149	412
37P2R3-2A1_01002	37P2R3-2A1_01002	100.000	259	0	0	1	259	1	259	0.0	531
37P2R3-2A1_01003	37P2R3-2A1_01003	100.000	47	0	0	1	47	1	47	1.44e-29	97.8
37P2R3-2A1_01004	37P2R3-2A1_01004	100.000	105	0	0	1	105	1	105	1.63e-74	215
37P2R3-2A1_01005	37P2R3-2A1_01005	100.000	237	0	0	1	237	1	237	0.0	496
37P2R3-2A1_01006	37P2R3-2A1_01006	100.000	252	0	0	1	252	1	252	0.0	528
37P2R3-2A1_01007	37P2R3-2A1_01007	100.000	116	0	0	1	116	1	116	3.09e-82	236
37P2R3-2A1_01008	37P2R3-2A1_01008	100.000	94	0	0	1	94	1	94	2.48e-66	194
37P2R3-2A1_01009	37P2R3-2A1_01009	100.000	971	0	0	1	971	1	971	0.0	1954
37P2R3-2A1_01009	56P2R2A4_00509	95.675	971	42	0	1	971	1	971	0.0	1758
37P2R3-2A1_01010	37P2R3-2A1_01010	100.000	104	0	0	1	104	1	104	1.74e-73	213
37P2R3-2A1_01011	37P2R3-2A1_01011	100.000	224	0	0	1	224	1	224	3.78e-167	459
37P2R3-2A1_01011	56P2R2A4_00506	95.089	224	11	0	1	224	1	224	1.28e-159	440
37P2R3-2A1_01012	37P2R3-2A1_01012	100.000	137	0	0	1	137	1	137	2.43e-97	275
37P2R3-2A1_01013	37P2R3-2A1_01013	100.000	195	0	0	1	195	1	195	1.92e-145	402
37P2R3-2A1_01014	37P2R3-2A1_01014	100.000	117	0	0	1	117	1	117	7.49e-82	235
37P2R3-2A1_01015	37P2R3-2A1_01015	100.000	161	0	0	1	161	1	161	4.22e-116	325
37P2R3-2A1_01016	37P2R3-2A1_01016	100.000	318	0	0	1	318	1	318	0.0	637
37P2R3-2A1_01016	56P2R2A4_00501	95.597	318	14	0	1	318	1	318	0.0	615
37P2R3-2A1_01017	37P2R3-2A1_01017	100.000	257	0	0	1	257	1	257	0.0	511
37P2R3-2A1_01017	56P2R2A4_00500	95.331	257	12	0	1	257	1	257	2.73e-166	460
37P2R3-2A1_01018	37P2R3-2A1_01018	100.000	366	0	0	1	366	1	366	0.0	752
37P2R3-2A1_01019	37P2R3-2A1_01019	100.000	463	0	0	1	463	1	463	0.0	959
37P2R3-2A1_01020	37P2R3-2A1_01020	100.000	436	0	0	1	436	1	436	0.0	910
37P2R3-2A1_01021	37P2R3-2A1_01021	100.000	330	0	0	1	330	1	330	0.0	684
37P2R3-2A1_01022	37P2R3-2A1_01022	100.000	87	0	0	1	87	1	87	9.53e-60	177
37P2R3-2A1_01022	56P2R2A4_00495	96.552	87	3	0	1	87	1	87	4.81e-58	172
37P2R3-2A1_01023	37P2R3-2A1_01023	100.000	138	0	0	1	138	1	138	1.35e-100	284
37P2R3-2A1_01023	56P2R2A4_00494	96.377	138	5	0	1	138	1	138	4.30e-97	275
37P2R3-2A1_01024	37P2R3-2A1_01024	100.000	173	0	0	1	173	1	173	5.24e-128	356
37P2R3-2A1_01025	37P2R3-2A1_01025	100.000	180	0	0	1	180	1	180	6.66e-133	369
37P2R3-2A1_01026	37P2R3-2A1_01026	100.000	72	0	0	1	72	1	72	2.41e-47	144
37P2R3-2A1_01027	37P2R3-2A1_01027	100.000	64	0	0	1	64	1	64	1.15e-41	129
37P2R3-2A1_01028	37P2R3-2A1_01028	100.000	278	0	0	1	278	1	278	0.0	580
37P2R3-2A1_01029	37P2R3-2A1_01029	100.000	59	0	0	1	59	1	59	4.38e-38	120
37P2R3-2A1_01030	37P2R3-2A1_01030	100.000	201	0	0	1	201	1	201	2.24e-149	412
37P2R3-2A1_01030	56P2R2A4_00488	97.512	201	5	0	1	201	1	201	9.82e-145	400
37P2R3-2A1_01031	37P2R3-2A1_01031	100.000	314	0	0	1	314	1	314	0.0	623
37P2R3-2A1_01032	37P2R3-2A1_01032	100.000	68	0	0	1	68	1	68	3.88e-45	138
37P2R3-2A1_01033	37P2R3-2A1_01033	100.000	210	0	0	1	210	1	210	9.83e-157	432
37P2R3-2A1_01034	37P2R3-2A1_01034	100.000	49	0	0	1	49	1	49	3.29e-28	94.4
37P2R3-2A1_01035	37P2R3-2A1_01035	100.000	708	0	0	1	708	1	708	0.0	1433
37P2R3-2A1_01036	37P2R3-2A1_01036	100.000	230	0	0	1	230	1	230	5.21e-173	474
37P2R3-2A1_01037	37P2R3-2A1_01037	100.000	306	0	0	1	306	1	306	0.0	634
37P2R3-2A1_01037	56P2R2A4_00472	96.154	286	11	0	21	306	1	286	0.0	569
37P2R3-2A1_01038	37P2R3-2A1_01038	100.000	191	0	0	1	191	1	191	9.74e-144	397
37P2R3-2A1_01039	37P2R3-2A1_01039	100.000	76	0	0	1	76	1	76	7.93e-51	153
37P2R3-2A1_01040	37P2R3-2A1_01040	100.000	166	0	0	1	166	1	166	1.38e-122	342
37P2R3-2A1_01041	37P2R3-2A1_01041	100.000	162	0	0	1	162	1	162	2.10e-119	333
37P2R3-2A1_01042	37P2R3-2A1_01042	100.000	94	0	0	1	94	1	94	4.25e-66	193
37P2R3-2A1_01043	37P2R3-2A1_01043	100.000	164	0	0	1	164	1	164	7.01e-118	330
37P2R3-2A1_01044	37P2R3-2A1_01044	100.000	55	0	0	1	55	1	55	3.17e-35	112
37P2R3-2A1_01045	37P2R3-2A1_01045	100.000	1046	0	0	1	1046	1	1046	0.0	2155
37P2R3-2A1_01046	37P2R3-2A1_01046	100.000	362	0	0	1	362	1	362	0.0	746
37P2R3-2A1_01047	37P2R3-2A1_01047	100.000	81	0	0	1	81	1	81	6.56e-56	166
37P2R3-2A1_01047	56P2R2A4_00463	97.531	81	2	0	1	81	1	81	5.71e-55	164
37P2R3-2A1_01048	37P2R3-2A1_01048	100.000	71	0	0	1	71	1	71	1.43e-48	147
37P2R3-2A1_01049	37P2R3-2A1_01049	100.000	413	0	0	1	413	1	413	0.0	859
37P2R3-2A1_01049	56P2R2A4_00461	96.126	413	16	0	1	413	1	413	0.0	831
37P2R3-2A1_01051	37P2R3-2A1_01051	100.000	433	0	0	1	433	1	433	0.0	879
37P2R3-2A1_01051	18P3R3A11_00803	99.538	433	2	0	1	433	26	458	0.0	877
37P2R3-2A1_01051	38P2R3A13_03690	96.767	433	14	0	1	433	26	458	0.0	861
37P2R3-2A1_01051	38P2R3A13_02755	96.536	433	15	0	1	433	26	458	0.0	855
37P2R3-2A1_01055	37P2R3-2A1_01055	100.000	58	0	0	1	58	1	58	4.34e-37	117
37P2R3-2A1_01055	18P3R3A11_00799	96.552	58	2	0	1	58	1	58	8.65e-35	111
37P2R3-2A1_01058	37P2R3-2A1_01058	100.000	160	0	0	1	160	1	160	7.58e-119	332
37P2R3-2A1_01058	18P3R3A11_00796	96.875	160	5	0	1	160	1	160	2.03e-115	323
37P2R3-2A1_01059	37P2R3-2A1_01059	100.000	461	0	0	1	461	1	461	0.0	937
37P2R3-2A1_01060	37P2R3-2A1_01060	100.000	347	0	0	1	347	1	347	0.0	692
37P2R3-2A1_01060	18P3R3A11_00781	98.547	344	5	0	1	344	1	344	0.0	684
37P2R3-2A1_01062	37P2R3-2A1_01062	100.000	447	0	0	1	447	1	447	0.0	908
37P2R3-2A1_01062	18P3R3A11_00779	96.868	447	14	0	1	447	1	447	0.0	879
37P2R3-2A1_01079	37P2R3-2A1_01079	100.000	263	0	0	1	263	1	263	0.0	547
37P2R3-2A1_01079	18P3R3A11_00762	97.719	263	6	0	1	263	1	263	0.0	538
37P2R3-2A1_01095	37P2R3-2A1_01095	100.000	314	0	0	1	314	1	314	0.0	656
37P2R3-2A1_01095	18P3R3A11_00746	97.452	314	8	0	1	314	1	314	0.0	640
37P2R3-2A1_01098	37P2R3-2A1_01098	100.000	129	0	0	1	129	1	129	5.03e-89	254
37P2R3-2A1_01098	18P3R3A11_00743	97.674	129	3	0	1	129	1	129	8.84e-87	248
37P2R3-2A1_01110	37P2R3-2A1_01110	100.000	287	0	0	1	287	1	287	0.0	586
37P2R3-2A1_01110	18P3R3A11_00731	98.374	246	4	0	42	287	1	246	3.45e-178	491
37P2R3-2A1_01116	37P2R3-2A1_01116	100.000	43	0	0	1	43	1	43	5.10e-25	85.9
37P2R3-2A1_01116	18P3R3A11_00725	97.674	43	1	0	1	43	1	43	1.18e-24	85.1
37P2R3-2A1_01116	38P2R3A13_08347	97.674	43	1	0	1	43	1	43	1.33e-24	85.1
37P2R3-2A1_01116	47P2R3A6_00939	97.674	43	1	0	1	43	1	43	3.09e-24	84.0
37P2R3-2A1_01122	37P2R3-2A1_01122	100.000	197	0	0	1	197	1	197	4.15e-148	409
37P2R3-2A1_01122	18P3R3A11_00719	97.462	197	5	0	1	197	1	197	7.24e-144	398
37P2R3-2A1_01141	37P2R3-2A1_01141	100.000	315	0	0	1	315	1	315	0.0	638
37P2R3-2A1_01142	37P2R3-2A1_01142	100.000	47	0	0	1	47	1	47	1.31e-26	90.5
37P2R3-2A1_01143	37P2R3-2A1_01143	100.000	116	0	0	1	116	1	116	1.55e-81	234
37P2R3-2A1_01144	37P2R3-2A1_01144	100.000	214	0	0	1	214	1	214	3.70e-158	436
37P2R3-2A1_01145	37P2R3-2A1_01145	100.000	310	0	0	1	310	1	310	0.0	633
37P2R3-2A1_01146	37P2R3-2A1_01146	100.000	139	0	0	1	139	1	139	2.64e-103	291
37P2R3-2A1_01147	37P2R3-2A1_01147	100.000	78	0	0	1	78	1	78	2.94e-52	157
37P2R3-2A1_01148	37P2R3-2A1_01148	100.000	59	0	0	1	59	1	59	6.50e-38	119
37P2R3-2A1_01149	37P2R3-2A1_01149	100.000	73	0	0	1	73	1	73	1.55e-49	150
37P2R3-2A1_01150	37P2R3-2A1_01150	100.000	74	0	0	1	74	1	74	2.62e-48	147
37P2R3-2A1_01151	37P2R3-2A1_01151	100.000	116	0	0	1	116	1	116	2.83e-82	236
37P2R3-2A1_01152	37P2R3-2A1_01152	100.000	235	0	0	1	235	1	235	9.83e-175	479
37P2R3-2A1_01153	37P2R3-2A1_01153	100.000	58	0	0	1	58	1	58	3.89e-37	117
37P2R3-2A1_01171	37P2R3-2A1_01171	100.000	153	0	0	1	153	1	153	4.35e-115	322
37P2R3-2A1_01171	18P3R3A11_00674	97.386	153	4	0	1	153	1	153	1.22e-111	313
37P2R3-2A1_01185	37P2R3-2A1_01185	100.000	2244	0	0	1	2244	1	2244	0.0	4450
37P2R3-2A1_01189	37P2R3-2A1_01189	100.000	99	0	0	1	99	1	99	1.67e-70	205
37P2R3-2A1_01189	18P3R3A11_03345	97.980	99	2	0	1	99	1	99	5.97e-70	203
37P2R3-2A1_01227	37P2R3-2A1_01227	100.000	265	0	0	1	265	1	265	0.0	537
37P2R3-2A1_01227	18P3R3A11_03307	97.736	265	6	0	1	265	1	265	0.0	529
37P2R3-2A1_01241	37P2R3-2A1_01241	100.000	405	0	0	1	405	1	405	0.0	836
37P2R3-2A1_01242	37P2R3-2A1_01242	100.000	199	0	0	1	199	1	199	6.87e-149	411
37P2R3-2A1_01243	37P2R3-2A1_01243	100.000	66	0	0	1	66	1	66	2.08e-42	131
37P2R3-2A1_01244	37P2R3-2A1_01244	100.000	82	0	0	1	82	1	82	3.33e-57	170
37P2R3-2A1_01245	37P2R3-2A1_01245	100.000	292	0	0	1	292	1	292	0.0	601
37P2R3-2A1_01246	37P2R3-2A1_01246	100.000	68	0	0	1	68	1	68	6.94e-45	137
37P2R3-2A1_01247	37P2R3-2A1_01247	100.000	588	0	0	1	588	1	588	0.0	1217
37P2R3-2A1_01248	37P2R3-2A1_01248	100.000	58	0	0	1	58	1	58	1.21e-36	116
37P2R3-2A1_01249	37P2R3-2A1_01249	100.000	262	0	0	1	262	1	262	0.0	537
37P2R3-2A1_01250	37P2R3-2A1_01250	100.000	164	0	0	1	164	1	164	7.69e-121	337
37P2R3-2A1_01251	37P2R3-2A1_01251	100.000	974	0	0	1	974	1	974	0.0	1990
37P2R3-2A1_01252	37P2R3-2A1_01252	100.000	226	0	0	1	226	1	226	5.30e-174	476
37P2R3-2A1_01252	18P3R3A11_03289	97.717	219	5	0	1	219	1	219	5.52e-164	451
37P2R3-2A1_01255	37P2R3-2A1_01255	100.000	404	0	0	1	404	1	404	0.0	817
37P2R3-2A1_01255	18P3R3A11_03286	97.030	404	12	0	1	404	1	404	0.0	793
37P2R3-2A1_01256	37P2R3-2A1_01256	100.000	69	0	0	1	69	1	69	3.14e-41	129
37P2R3-2A1_01256	18P3R3A11_03285	97.101	69	2	0	1	69	1	69	3.38e-39	123
37P2R3-2A1_01258	37P2R3-2A1_01258	100.000	170	0	0	1	170	1	170	2.89e-120	336
37P2R3-2A1_01258	18P3R3A11_03283	97.059	170	5	0	1	170	1	170	3.43e-116	326
37P2R3-2A1_01284	37P2R3-2A1_01284	100.000	237	0	0	1	237	1	237	7.20e-178	487
37P2R3-2A1_01284	18P3R3A11_02351	97.468	237	6	0	1	237	1	237	4.05e-174	478
37P2R3-2A1_01299	37P2R3-2A1_01299	100.000	402	0	0	1	402	1	402	0.0	827
37P2R3-2A1_01299	18P3R3A11_02336	97.264	402	11	0	1	402	1	402	0.0	802
37P2R3-2A1_01305	37P2R3-2A1_01305	100.000	872	0	0	1	872	1	872	0.0	1678
37P2R3-2A1_01305	56P2R2A4_00754	95.298	872	41	0	1	872	1	872	0.0	1520
37P2R3-2A1_01305	18P3R3A11_02330	96.224	874	31	1	1	872	1	874	0.0	1498
37P2R3-2A1_01306	37P2R3-2A1_01306	100.000	462	0	0	1	462	1	462	0.0	934
37P2R3-2A1_01306	18P3R3A11_02329	95.887	462	19	0	1	462	1	462	0.0	901
37P2R3-2A1_01317	37P2R3-2A1_01317	100.000	180	0	0	1	180	1	180	1.81e-131	365
37P2R3-2A1_01317	18P3R3A11_02318	97.778	180	4	0	1	180	1	180	2.88e-129	360
37P2R3-2A1_01317	38P2R3A13_01262	97.222	180	5	0	1	180	1	180	1.02e-127	356
37P2R3-2A1_01349	37P2R3-2A1_01349	100.000	118	0	0	1	118	1	118	7.62e-83	237
37P2R3-2A1_01350	37P2R3-2A1_01350	100.000	110	0	0	1	110	1	110	1.99e-77	223
37P2R3-2A1_01369	37P2R3-2A1_01369	100.000	278	0	0	1	278	1	278	0.0	553
37P2R3-2A1_01370	37P2R3-2A1_01370	100.000	91	0	0	1	91	1	91	4.50e-62	183
37P2R3-2A1_01370	18P3R3A11_02265	97.802	91	2	0	1	91	1	91	3.15e-61	181
37P2R3-2A1_01370	38P2R3A13_01210	95.604	91	4	0	1	91	1	91	1.29e-59	177
37P2R3-2A1_01370	38P2R3A13_06789	96.703	91	3	0	1	91	14	104	1.34e-59	177
37P2R3-2A1_01374	37P2R3-2A1_01374	100.000	488	0	0	1	488	1	488	0.0	986
37P2R3-2A1_01383	37P2R3-2A1_01383	100.000	53	0	0	1	53	1	53	8.80e-32	103
37P2R3-2A1_01384	37P2R3-2A1_01384	100.000	176	0	0	1	176	1	176	1.15e-123	345
37P2R3-2A1_01384	18P3R3A11_02251	97.727	176	4	0	1	176	1	176	4.04e-120	336
37P2R3-2A1_01387	37P2R3-2A1_01387	100.000	642	0	0	1	642	1	642	0.0	1297
37P2R3-2A1_01387	38P2R3A13_01193	97.667	643	14	1	1	642	1	643	0.0	1267
37P2R3-2A1_01404	37P2R3-2A1_01404	100.000	760	0	0	1	760	1	760	0.0	1440
37P2R3-2A1_01404	18P3R3A11_02231	96.375	331	12	0	430	760	1	331	0.0	640
37P2R3-2A1_01413	37P2R3-2A1_01413	100.000	357	0	0	1	357	1	357	0.0	738
37P2R3-2A1_01413	38P2R3A13_01168	96.359	357	13	0	1	357	1	357	0.0	714
37P2R3-2A1_01413	18P3R3A11_03783	95.518	357	16	0	1	357	1	357	0.0	712
37P2R3-2A1_01413	56P2R2A4_00858	95.518	357	16	0	1	357	1	357	0.0	709
37P2R3-2A1_01434	37P2R3-2A1_01434	100.000	98	0	0	1	98	1	98	6.33e-70	203
37P2R3-2A1_01435	37P2R3-2A1_01435	100.000	147	0	0	1	147	1	147	8.77e-105	295
37P2R3-2A1_01436	37P2R3-2A1_01436	100.000	594	0	0	1	594	1	594	0.0	1201
37P2R3-2A1_01437	37P2R3-2A1_01437	100.000	357	0	0	1	357	1	357	0.0	718
37P2R3-2A1_01445	37P2R3-2A1_01445	100.000	100	0	0	1	100	1	100	3.82e-68	199
37P2R3-2A1_01445	18P3R3A11_03755	96.000	100	4	0	1	100	1	100	6.31e-65	191
37P2R3-2A1_01446	37P2R3-2A1_01446	100.000	121	0	0	1	121	1	121	3.52e-89	254
37P2R3-2A1_01455	37P2R3-2A1_01455	100.000	96	0	0	1	96	1	96	7.60e-67	195
37P2R3-2A1_01455	18P3R3A11_03745	97.917	96	2	0	1	96	1	96	7.88e-66	192
37P2R3-2A1_01455	38P2R3A13_01134	95.833	96	4	0	1	96	1	96	4.89e-64	188
37P2R3-2A1_01460	18P3R3A11_03740	100.000	114	0	0	1	114	12	125	2.54e-83	239
37P2R3-2A1_01460	37P2R3-2A1_01460	100.000	114	0	0	1	114	1	114	3.20e-83	238
37P2R3-2A1_01460	38P2R3A13_01129	98.246	114	2	0	1	114	12	125	3.91e-82	236
37P2R3-2A1_01461	37P2R3-2A1_01461	100.000	715	0	0	1	715	1	715	0.0	1478
37P2R3-2A1_01461	18P3R3A11_03739	97.902	715	15	0	1	715	1	715	0.0	1451
37P2R3-2A1_01463	37P2R3-2A1_01463	100.000	83	0	0	1	83	1	83	1.44e-53	160
37P2R3-2A1_01463	18P3R3A11_03737	97.590	83	2	0	1	83	1	83	1.91e-52	158
37P2R3-2A1_01464	37P2R3-2A1_01464	100.000	37	0	0	1	37	1	37	1.52e-18	69.3
37P2R3-2A1_01464	18P3R3A11_03736	97.297	37	1	0	1	37	1	37	6.22e-18	67.8
37P2R3-2A1_01466	37P2R3-2A1_01466	100.000	355	0	0	1	355	1	355	0.0	714
37P2R3-2A1_01466	18P3R3A11_03734	97.465	355	9	0	1	355	1	355	0.0	696
37P2R3-2A1_01467	37P2R3-2A1_01467	100.000	1045	0	0	1	1045	1	1045	0.0	2097
37P2R3-2A1_01467	38P2R3A13_01124	97.318	1044	28	0	1	1044	1	1044	0.0	2040
37P2R3-2A1_01467	38P2R3A13_04563	95.598	1045	46	0	1	1045	1	1045	0.0	1979
37P2R3-2A1_01467	18P3R3A11_01140	100.000	79	0	0	966	1044	1	79	2.78e-46	160
37P2R3-2A1_01469	37P2R3-2A1_01469	100.000	297	0	0	1	297	1	297	0.0	592
37P2R3-2A1_01471	37P2R3-2A1_01471	100.000	119	0	0	1	119	1	119	5.32e-85	243
37P2R3-2A1_01472	37P2R3-2A1_01472	100.000	164	0	0	1	164	1	164	3.13e-121	338
37P2R3-2A1_01472	18P3R3A11_01144	100.000	49	0	0	1	49	1	49	4.54e-29	104
37P2R3-2A1_01474	37P2R3-2A1_01474	100.000	656	0	0	1	656	1	656	0.0	1314
37P2R3-2A1_01474	18P3R3A11_01146	97.409	656	17	0	1	656	1	656	0.0	1281
37P2R3-2A1_01475	37P2R3-2A1_01475	100.000	79	0	0	1	79	1	79	2.24e-50	152
37P2R3-2A1_01475	18P3R3A11_01147	97.222	72	2	0	8	79	1	72	8.54e-43	133
37P2R3-2A1_01476	37P2R3-2A1_01476	100.000	288	0	0	1	288	1	288	0.0	579
37P2R3-2A1_01476	38P2R3A13_01118	97.909	287	6	0	1	287	1	287	0.0	568
37P2R3-2A1_01476	18P3R3A11_01148	97.917	288	6	0	1	288	1	288	0.0	566
37P2R3-2A1_01477	37P2R3-2A1_01477	100.000	146	0	0	1	146	1	146	1.76e-108	304
37P2R3-2A1_01477	18P3R3A11_01149	96.575	146	5	0	1	146	1	146	6.09e-96	273
37P2R3-2A1_01479	37P2R3-2A1_01479	100.000	123	0	0	1	123	1	123	1.99e-87	249
37P2R3-2A1_01479	18P3R3A11_01151	97.561	123	3	0	1	123	67	189	6.32e-84	243
37P2R3-2A1_01480	37P2R3-2A1_01480	100.000	195	0	0	1	195	1	195	1.35e-138	384
37P2R3-2A1_01481	37P2R3-2A1_01481	100.000	174	0	0	1	174	1	174	5.43e-127	353
37P2R3-2A1_01482	37P2R3-2A1_01482	100.000	56	0	0	1	56	1	56	5.17e-36	114
37P2R3-2A1_01483	37P2R3-2A1_01483	100.000	182	0	0	1	182	1	182	7.33e-134	372
37P2R3-2A1_01484	37P2R3-2A1_01484	100.000	129	0	0	1	129	1	129	8.81e-93	263
37P2R3-2A1_01485	37P2R3-2A1_01485	100.000	140	0	0	1	140	1	140	2.03e-101	286
37P2R3-2A1_01486	37P2R3-2A1_01486	100.000	261	0	0	1	261	1	261	0.0	535
37P2R3-2A1_01488	37P2R3-2A1_01488	100.000	294	0	0	1	294	1	294	0.0	601
37P2R3-2A1_01488	18P3R3A11_01157	97.619	294	7	0	1	294	1	294	0.0	586
37P2R3-2A1_01488	38P2R3A13_01106	96.599	294	10	0	1	294	1	294	0.0	582
37P2R3-2A1_01503	37P2R3-2A1_01503	100.000	150	0	0	1	150	1	150	1.36e-111	313
37P2R3-2A1_01503	18P3R3A11_01173	98.000	150	3	0	1	150	1	150	3.52e-109	306
37P2R3-2A1_01511	37P2R3-2A1_01511	100.000	225	0	0	1	225	1	225	7.54e-167	458
37P2R3-2A1_01513	37P2R3-2A1_01513	100.000	400	0	0	1	400	1	400	0.0	813
37P2R3-2A1_01514	37P2R3-2A1_01514	100.000	71	0	0	1	71	1	71	2.80e-47	144
37P2R3-2A1_01514	18P3R3A11_01184	95.775	71	3	0	1	71	1	71	1.30e-45	140
37P2R3-2A1_01515	37P2R3-2A1_01515	100.000	1286	0	0	1	1286	1	1286	0.0	2623
37P2R3-2A1_01515	18P3R3A11_01185	97.975	1284	26	0	1	1284	1	1284	0.0	2575
37P2R3-2A1_01515	56P2R2A4_00950	95.257	1286	61	0	1	1286	1	1286	0.0	2460
37P2R3-2A1_01515	38P2R3A13_01082	95.101	1286	63	0	1	1286	1	1286	0.0	2447
37P2R3-2A1_01516	37P2R3-2A1_01516	100.000	267	0	0	1	267	1	267	0.0	543
37P2R3-2A1_01516	38P2R3A13_01081	97.753	267	6	0	1	267	1	267	0.0	533
37P2R3-2A1_01520	37P2R3-2A1_01520	100.000	320	0	0	1	320	1	320	0.0	648
37P2R3-2A1_01520	18P3R3A11_01190	97.188	320	9	0	1	320	1	320	0.0	637
37P2R3-2A1_01523	37P2R3-2A1_01523	100.000	285	0	0	1	285	1	285	0.0	589
37P2R3-2A1_01523	18P3R3A11_01193	97.895	285	6	0	1	285	1	285	0.0	580
37P2R3-2A1_01523	38P2R3A13_01074	97.544	285	7	0	1	285	1	285	0.0	577
37P2R3-2A1_01524	37P2R3-2A1_01524	100.000	251	0	0	1	251	1	251	0.0	504
37P2R3-2A1_01524	18P3R3A11_01194	95.200	250	12	0	2	251	3	252	2.31e-172	474
37P2R3-2A1_01525	37P2R3-2A1_01525	100.000	138	0	0	1	138	1	138	3.03e-100	283
37P2R3-2A1_01525	18P3R3A11_01195	97.826	138	3	0	1	138	1	138	5.52e-98	277
37P2R3-2A1_01525	38P2R3A13_01072	95.652	138	6	0	1	138	1	138	5.62e-95	270
37P2R3-2A1_01534	37P2R3-2A1_01534	100.000	363	0	0	1	363	1	363	0.0	736
37P2R3-2A1_01534	18P3R3A11_01204	97.245	363	10	0	1	363	1	363	0.0	717
37P2R3-2A1_01534	56P2R2A4_00965	96.143	363	14	0	1	363	1	363	0.0	711
37P2R3-2A1_01534	38P2R3A13_01066	96.419	363	13	0	1	363	1	363	0.0	709
37P2R3-2A1_01540	37P2R3-2A1_01540	100.000	339	0	0	1	339	1	339	0.0	682
37P2R3-2A1_01540	18P3R3A11_01210	97.050	339	10	0	1	339	1	339	0.0	663
37P2R3-2A1_01540	56P2R2A4_00971	95.280	339	16	0	1	339	1	339	0.0	631
37P2R3-2A1_01543	37P2R3-2A1_01543	100.000	79	0	0	1	79	1	79	2.55e-53	160
37P2R3-2A1_01544	37P2R3-2A1_01544	100.000	440	0	0	1	440	1	440	0.0	907
37P2R3-2A1_01545	37P2R3-2A1_01545	100.000	181	0	0	1	181	1	181	1.14e-135	376
37P2R3-2A1_01545	18P3R3A11_01214	98.324	179	3	0	1	179	1	179	2.59e-132	367
37P2R3-2A1_01548	37P2R3-2A1_01548	100.000	387	0	0	1	387	1	387	0.0	798
37P2R3-2A1_01548	18P3R3A11_01217	97.933	387	8	0	1	387	1	387	0.0	782
37P2R3-2A1_01548	56P2R2A4_00976	95.607	387	17	0	1	387	1	387	0.0	770
37P2R3-2A1_01548	52P2R3A10_01190	95.607	387	17	0	1	387	1	387	0.0	769
37P2R3-2A1_01549	37P2R3-2A1_01549	100.000	160	0	0	1	160	1	160	7.26e-119	332
37P2R3-2A1_01549	18P3R3A11_01218	96.622	148	5	0	1	148	1	148	1.48e-105	300
37P2R3-2A1_01608	37P2R3-2A1_01608	100.000	110	0	0	1	110	1	110	8.62e-78	224
37P2R3-2A1_01608	18P3R3A11_01277	99.091	110	1	0	1	110	16	125	8.42e-77	222
37P2R3-2A1_01619	37P2R3-2A1_01619	100.000	192	0	0	1	192	1	192	1.40e-138	384
37P2R3-2A1_01619	18P3R3A11_01288	97.396	192	5	0	1	192	1	192	4.30e-135	375
37P2R3-2A1_01627	37P2R3-2A1_01627	100.000	247	0	0	1	247	1	247	0.0	500
37P2R3-2A1_01627	56P2R2A4_01055	95.547	247	11	0	1	247	1	247	2.96e-173	476
37P2R3-2A1_01627	18P3R3A11_01296	95.547	247	11	0	1	247	1	247	4.07e-173	476
37P2R3-2A1_01686	37P2R3-2A1_01686	100.000	239	0	0	1	239	1	239	3.66e-177	486
37P2R3-2A1_01686	18P3R3A11_01356	97.436	234	6	0	6	239	1	234	4.48e-169	465
37P2R3-2A1_01687	37P2R3-2A1_01687	100.000	241	0	0	1	241	1	241	0.0	498
37P2R3-2A1_01687	18P3R3A11_01357	97.925	241	5	0	1	241	1	241	8.15e-178	488
37P2R3-2A1_01700	37P2R3-2A1_01700	100.000	291	0	0	1	291	1	291	0.0	590
37P2R3-2A1_01700	18P3R3A11_03842	97.938	291	6	0	1	291	1	291	0.0	580
37P2R3-2A1_01720	37P2R3-2A1_01720	100.000	318	0	0	1	318	1	318	0.0	639
37P2R3-2A1_01720	18P3R3A11_03822	97.484	318	8	0	1	318	1	318	0.0	625
37P2R3-2A1_01721	18P3R3A11_03821	99.598	249	1	0	1	249	282	530	0.0	517
37P2R3-2A1_01721	37P2R3-2A1_01721	100.000	249	0	0	1	249	1	249	0.0	516
37P2R3-2A1_01721	38P2R3A13_01442	96.787	249	8	0	1	249	1	249	0.0	499
37P2R3-2A1_01722	18P3R3A11_03821	100.000	266	0	0	1	266	1	266	0.0	548
37P2R3-2A1_01722	37P2R3-2A1_01722	100.000	267	0	0	1	267	1	267	0.0	545
37P2R3-2A1_01722	38P2R3A13_01441	97.753	267	6	0	1	267	1	267	0.0	530
37P2R3-2A1_01736	37P2R3-2A1_01736	100.000	678	0	0	1	678	1	678	0.0	1418
37P2R3-2A1_01736	47P2R3A6_00361	97.050	678	20	0	1	678	1	678	0.0	1390
37P2R3-2A1_01736	31P2R1A5_00777	96.165	678	26	0	1	678	4	681	0.0	1378
37P2R3-2A1_01736	24P1R3A1_00120	95.870	678	28	0	1	678	4	681	0.0	1370
37P2R3-2A1_01736	38P2R3A13_05444	96.140	544	21	0	135	678	1	544	0.0	1099
37P2R3-2A1_01736	18P3R3A11_04165	100.000	87	0	0	592	678	1	87	6.81e-55	182
37P2R3-2A1_01793	37P2R3-2A1_01793	100.000	530	0	0	1	530	1	530	0.0	1058
37P2R3-2A1_01810	37P2R3-2A1_01810	100.000	217	0	0	1	217	1	217	1.92e-162	447
37P2R3-2A1_01810	18P3R3A11_02447	97.235	217	6	0	1	217	1	217	2.63e-158	436
37P2R3-2A1_01821	37P2R3-2A1_01821	100.000	85	0	0	1	85	1	85	5.50e-57	169
37P2R3-2A1_01821	38P2R3A13_05623	96.471	85	3	0	1	85	1	85	7.67e-56	167
37P2R3-2A1_01821	38P2R3A13_02858	96.471	85	3	0	1	85	1	85	3.09e-55	165
37P2R3-2A1_01821	18P3R3A11_02436	95.294	85	4	0	1	85	1	85	4.49e-55	165
37P2R3-2A1_01825	37P2R3-2A1_01825	100.000	406	0	0	1	406	1	406	0.0	827
37P2R3-2A1_01825	18P3R3A11_02432	97.783	406	9	0	1	406	1	406	0.0	808
37P2R3-2A1_01835	37P2R3-2A1_01835	100.000	322	0	0	1	322	1	322	0.0	644
37P2R3-2A1_01835	18P3R3A11_02422	96.584	322	11	0	1	322	1	322	0.0	624
37P2R3-2A1_01842	37P2R3-2A1_01842	100.000	306	0	0	1	306	1	306	0.0	627
37P2R3-2A1_01842	18P3R3A11_02415	97.712	306	7	0	1	306	1	306	0.0	614
37P2R3-2A1_01905	37P2R3-2A1_01905	100.000	157	0	0	1	157	1	157	1.34e-114	321
37P2R3-2A1_01905	18P3R3A11_03007	99.363	157	1	0	1	157	6	162	5.34e-114	319
37P2R3-2A1_01905	38P2R3A13_02779	96.815	157	5	0	1	157	6	162	3.66e-111	312
37P2R3-2A1_01905	38P2R3A13_08672	96.815	157	5	0	1	157	6	162	4.27e-111	312
37P2R3-2A1_01905	56P2R2A4_01593	96.815	157	5	0	1	157	1	157	5.51e-111	311
37P2R3-2A1_01913	37P2R3-2A1_01913	100.000	389	0	0	1	389	1	389	0.0	809
37P2R3-2A1_01914	37P2R3-2A1_01914	100.000	452	0	0	1	452	1	452	0.0	915
37P2R3-2A1_01915	37P2R3-2A1_01915	100.000	526	0	0	1	526	1	526	0.0	1078
37P2R3-2A1_01916	37P2R3-2A1_01916	100.000	91	0	0	1	91	1	91	4.61e-65	190
37P2R3-2A1_01917	37P2R3-2A1_01917	100.000	896	0	0	1	896	1	896	0.0	1844
37P2R3-2A1_01917	56P2R2A4_03941	97.991	896	18	0	1	896	1	896	0.0	1813
37P2R3-2A1_01918	37P2R3-2A1_01918	100.000	137	0	0	1	137	1	137	7.27e-98	277
37P2R3-2A1_01919	37P2R3-2A1_01919	100.000	80	0	0	1	80	1	80	1.65e-53	160
37P2R3-2A1_01920	37P2R3-2A1_01920	100.000	197	0	0	1	197	1	197	1.83e-145	402
37P2R3-2A1_01921	37P2R3-2A1_01921	100.000	335	0	0	1	335	1	335	0.0	694
37P2R3-2A1_01921	56P2R2A4_03945	95.224	335	16	0	1	335	1	335	0.0	668
37P2R3-2A1_01922	37P2R3-2A1_01922	100.000	290	0	0	1	290	1	290	0.0	593
37P2R3-2A1_01923	37P2R3-2A1_01923	100.000	77	0	0	1	77	1	77	3.23e-52	157
37P2R3-2A1_01951	37P2R3-2A1_01951	100.000	328	0	0	1	328	1	328	0.0	653
37P2R3-2A1_01951	38P2R3A13_04953	96.552	116	4	0	1	116	1	116	5.49e-46	159
37P2R3-2A1_01994	37P2R3-2A1_01994	100.000	473	0	0	1	473	1	473	0.0	962
37P2R3-2A1_01994	18P3R3A11_03085	96.406	473	17	0	1	473	1	473	0.0	911
37P2R3-2A1_01995	38P2R3A13_03435	100.000	158	0	0	1	158	41	198	1.39e-112	317
37P2R3-2A1_01995	37P2R3-2A1_01995	100.000	158	0	0	1	158	1	158	1.70e-112	315
37P2R3-2A1_01995	18P3R3A11_03086	100.000	158	0	0	1	158	69	226	8.37e-112	317
37P2R3-2A1_01995	38P2R3A13_06924	98.101	158	3	0	1	158	41	198	9.39e-111	313
37P2R3-2A1_02008	37P2R3-2A1_02008	100.000	248	0	0	1	248	1	248	0.0	500
37P2R3-2A1_02009	37P2R3-2A1_02009	100.000	275	0	0	1	275	1	275	0.0	575
37P2R3-2A1_02009	18P3R3A11_03181	97.455	275	7	0	1	275	1	275	0.0	556
37P2R3-2A1_02009	56P2R2A4_01474	96.000	275	11	0	1	275	1	275	0.0	552
37P2R3-2A1_02009	38P2R3A13_03451	95.636	275	12	0	1	275	1	275	0.0	550
37P2R3-2A1_02017	37P2R3-2A1_02017	100.000	642	0	0	1	642	1	642	0.0	1327
37P2R3-2A1_02017	18P3R3A11_03189	97.975	642	13	0	1	642	1	642	0.0	1309
37P2R3-2A1_02020	37P2R3-2A1_02020	100.000	490	0	0	1	490	1	490	0.0	1006
37P2R3-2A1_02021	37P2R3-2A1_02021	100.000	276	0	0	1	276	1	276	0.0	571
37P2R3-2A1_02024	37P2R3-2A1_02024	100.000	458	0	0	1	458	1	458	0.0	938
37P2R3-2A1_02024	18P3R3A11_03194	97.817	458	10	0	1	458	1	458	0.0	917
37P2R3-2A1_02024	38P2R3A13_03464	97.598	458	11	0	1	458	1	458	0.0	914
37P2R3-2A1_02024	38P2R3A13_07769	96.070	458	18	0	1	458	1	458	0.0	909
37P2R3-2A1_02027	37P2R3-2A1_02027	100.000	74	0	0	1	74	1	74	9.78e-51	153
37P2R3-2A1_02027	18P3R3A11_03197	95.946	74	3	0	1	74	1	74	8.83e-49	148
37P2R3-2A1_02027	56P2R2A4_01458	95.946	74	3	0	1	74	1	74	3.81e-48	146
37P2R3-2A1_02027	38P2R3A13_03467	95.946	74	3	0	1	74	1	74	4.34e-48	146
37P2R3-2A1_02037	37P2R3-2A1_02037	100.000	298	0	0	1	298	1	298	0.0	605
37P2R3-2A1_02038	37P2R3-2A1_02038	100.000	260	0	0	1	260	1	260	0.0	509
37P2R3-2A1_02039	37P2R3-2A1_02039	100.000	210	0	0	1	210	1	210	6.61e-158	434
37P2R3-2A1_02040	37P2R3-2A1_02040	100.000	793	0	0	1	793	1	793	0.0	1656
37P2R3-2A1_02041	37P2R3-2A1_02041	100.000	776	0	0	1	776	1	776	0.0	1556
37P2R3-2A1_02046	37P2R3-2A1_02046	100.000	257	0	0	1	257	1	257	0.0	526
37P2R3-2A1_02046	18P3R3A11_03213	96.887	257	8	0	1	257	1	257	0.0	513
37P2R3-2A1_02046	38P2R3A13_03482	96.498	257	9	0	1	257	1	257	0.0	509
37P2R3-2A1_02080	37P2R3-2A1_02080	100.000	216	0	0	1	216	1	216	4.72e-157	433
37P2R3-2A1_02080	18P3R3A11_03247	100.000	216	0	0	1	216	21	236	5.09e-157	434
37P2R3-2A1_02080	38P2R3A13_07510	97.685	216	5	0	1	216	1	216	1.19e-153	424
37P2R3-2A1_02082	37P2R3-2A1_02082	100.000	227	0	0	1	227	1	227	3.41e-169	464
37P2R3-2A1_02082	18P3R3A11_03249	100.000	227	0	0	1	227	14	240	2.23e-168	463
37P2R3-2A1_02082	31P2R1A5_02773	97.797	227	5	0	1	227	1	227	1.92e-165	455
37P2R3-2A1_02082	10P3R2A13_00497	97.357	227	6	0	1	227	1	227	2.58e-165	455
37P2R3-2A1_02099	37P2R3-2A1_02099	100.000	91	0	0	1	91	1	91	1.41e-61	181
37P2R3-2A1_02099	18P3R3A11_03266	100.000	89	0	0	1	89	18	106	1.60e-60	179
37P2R3-2A1_02099	38P2R3A13_08339	96.703	91	3	0	1	91	18	108	7.29e-60	178
37P2R3-2A1_02099	56P2R2A4_01390	96.703	91	3	0	1	91	18	108	7.37e-60	178
37P2R3-2A1_02099	54P2R2A3_00876	96.629	89	3	0	1	89	18	106	1.32e-59	177
37P2R3-2A1_02099	31P2R1A5_02755	95.506	89	4	0	1	89	18	106	2.36e-59	176
37P2R3-2A1_02099	38P2R3A13_04905	95.604	91	4	0	1	91	18	108	4.98e-59	176
37P2R3-2A1_02099	42P1R1A12_01625	95.506	89	4	0	1	89	19	107	7.88e-59	175
37P2R3-2A1_02128	37P2R3-2A1_02128	100.000	460	0	0	1	460	1	460	0.0	943
37P2R3-2A1_02128	42P1R1A12_04461	95.395	456	21	0	1	456	1	456	0.0	905
37P2R3-2A1_02132	37P2R3-2A1_02132	100.000	52	0	0	1	52	1	52	2.10e-30	100
37P2R3-2A1_02141	37P2R3-2A1_02141	100.000	379	0	0	1	379	1	379	0.0	774
37P2R3-2A1_02141	18P3R3A11_02074	95.778	379	16	0	1	379	1	379	0.0	730
37P2R3-2A1_02141	38P2R3A13_02185	95.251	379	18	0	1	379	1	379	0.0	714
37P2R3-2A1_02160	37P2R3-2A1_02160	100.000	151	0	0	1	151	1	151	3.17e-111	311
37P2R3-2A1_02164	37P2R3-2A1_02164	100.000	537	0	0	1	537	1	537	0.0	1113
37P2R3-2A1_02164	18P3R3A11_01380	97.579	537	13	0	1	537	1	537	0.0	1085
37P2R3-2A1_02165	37P2R3-2A1_02165	100.000	253	0	0	1	253	1	253	0.0	510
37P2R3-2A1_02165	18P3R3A11_01381	97.233	253	7	0	1	253	1	253	0.0	498
37P2R3-2A1_02165	38P2R3A13_06732	96.838	253	8	0	1	253	1	253	2.98e-180	494
37P2R3-2A1_02167	37P2R3-2A1_02167	100.000	121	0	0	1	121	1	121	1.93e-88	252
37P2R3-2A1_02167	18P3R3A11_01383	96.694	121	4	0	1	121	1	121	7.25e-86	245
37P2R3-2A1_02170	37P2R3-2A1_02170	100.000	253	0	0	1	253	1	253	0.0	520
37P2R3-2A1_02170	18P3R3A11_01386	97.233	253	7	0	1	253	1	253	0.0	505
37P2R3-2A1_02170	47P2R3A6_02711	95.257	253	12	0	1	253	1	253	1.05e-179	493
37P2R3-2A1_02171	37P2R3-2A1_02171	100.000	241	0	0	1	241	1	241	1.13e-179	492
37P2R3-2A1_02173	37P2R3-2A1_02173	100.000	421	0	0	1	421	1	421	0.0	864
37P2R3-2A1_02173	38P2R3A13_02162	95.433	416	19	0	1	416	1	416	0.0	823
37P2R3-2A1_02173	28P2R1A12_01635	96.382	304	11	0	1	304	1	304	0.0	599
37P2R3-2A1_02174	37P2R3-2A1_02174	100.000	893	0	0	1	893	1	893	0.0	1852
37P2R3-2A1_02175	37P2R3-2A1_02175	100.000	619	0	0	1	619	1	619	0.0	1285
37P2R3-2A1_02176	37P2R3-2A1_02176	100.000	421	0	0	1	421	1	421	0.0	865
37P2R3-2A1_02177	37P2R3-2A1_02177	100.000	188	0	0	1	188	1	188	1.83e-136	379
37P2R3-2A1_02178	37P2R3-2A1_02178	100.000	334	0	0	1	334	1	334	0.0	682
37P2R3-2A1_02179	37P2R3-2A1_02179	100.000	838	0	0	1	838	1	838	0.0	1736
37P2R3-2A1_02180	37P2R3-2A1_02180	100.000	63	0	0	1	63	1	63	1.25e-40	126
37P2R3-2A1_02181	37P2R3-2A1_02181	100.000	91	0	0	1	91	1	91	5.51e-64	187
37P2R3-2A1_02182	37P2R3-2A1_02182	100.000	181	0	0	1	181	1	181	2.29e-134	373
37P2R3-2A1_02183	37P2R3-2A1_02183	100.000	568	0	0	1	568	1	568	0.0	1168
37P2R3-2A1_02184	37P2R3-2A1_02184	100.000	240	0	0	1	240	1	240	1.23e-178	489
37P2R3-2A1_02185	37P2R3-2A1_02185	100.000	278	0	0	1	278	1	278	0.0	574
37P2R3-2A1_02186	37P2R3-2A1_02186	100.000	313	0	0	1	313	1	313	0.0	643
37P2R3-2A1_02187	37P2R3-2A1_02187	100.000	56	0	0	1	56	1	56	4.63e-34	109
37P2R3-2A1_02188	37P2R3-2A1_02188	100.000	145	0	0	1	145	1	145	5.38e-108	303
37P2R3-2A1_02189	37P2R3-2A1_02189	100.000	123	0	0	1	123	1	123	1.73e-90	257
37P2R3-2A1_02190	37P2R3-2A1_02190	100.000	69	0	0	1	69	1	69	2.68e-45	139
37P2R3-2A1_02191	37P2R3-2A1_02191	100.000	199	0	0	1	199	1	199	8.86e-153	421
37P2R3-2A1_02192	37P2R3-2A1_02192	100.000	182	0	0	1	182	1	182	1.88e-135	375
37P2R3-2A1_02193	37P2R3-2A1_02193	100.000	314	0	0	1	314	1	314	0.0	643
37P2R3-2A1_02194	37P2R3-2A1_02194	100.000	296	0	0	1	296	1	296	0.0	608
37P2R3-2A1_02195	37P2R3-2A1_02195	100.000	53	0	0	1	53	1	53	5.30e-30	99.4
37P2R3-2A1_02196	37P2R3-2A1_02196	100.000	39	0	0	1	39	1	39	6.85e-21	75.5
37P2R3-2A1_02197	37P2R3-2A1_02197	100.000	155	0	0	1	155	1	155	1.11e-113	318
37P2R3-2A1_02198	37P2R3-2A1_02198	100.000	114	0	0	1	114	1	114	2.40e-80	231
37P2R3-2A1_02199	37P2R3-2A1_02199	100.000	274	0	0	1	274	1	274	0.0	568
37P2R3-2A1_02200	37P2R3-2A1_02200	100.000	147	0	0	1	147	1	147	1.33e-110	310
37P2R3-2A1_02201	37P2R3-2A1_02201	100.000	181	0	0	1	181	1	181	1.09e-133	371
37P2R3-2A1_02202	37P2R3-2A1_02202	100.000	114	0	0	1	114	1	114	1.51e-84	241
37P2R3-2A1_02203	37P2R3-2A1_02203	100.000	114	0	0	1	114	1	114	2.97e-82	236
37P2R3-2A1_02203	32P3R2A9_05281	96.190	105	4	0	1	105	1	105	1.40e-71	209
37P2R3-2A1_02204	37P2R3-2A1_02204	100.000	336	0	0	1	336	1	336	0.0	685
37P2R3-2A1_02204	32P3R2A9_05282	97.917	336	7	0	1	336	1	336	0.0	672
37P2R3-2A1_02205	37P2R3-2A1_02205	100.000	290	0	0	1	290	1	290	0.0	604
37P2R3-2A1_02205	56P2R2A4_02552	95.486	288	13	0	1	288	1	288	0.0	575
37P2R3-2A1_02206	37P2R3-2A1_02206	100.000	156	0	0	1	156	1	156	9.62e-117	326
37P2R3-2A1_02207	37P2R3-2A1_02207	100.000	124	0	0	1	124	1	124	1.01e-87	250
37P2R3-2A1_02207	18P3R3A11_01410	95.161	124	6	0	1	124	1	124	2.10e-82	237
37P2R3-2A1_02209	37P2R3-2A1_02209	100.000	142	0	0	1	142	1	142	7.41e-105	295
37P2R3-2A1_02209	18P3R3A11_01412	96.479	142	5	0	1	142	1	142	1.51e-101	286
37P2R3-2A1_02209	56P2R2A4_02545	95.775	142	6	0	1	142	1	142	3.97e-100	283
37P2R3-2A1_02211	37P2R3-2A1_02211	100.000	363	0	0	1	363	1	363	0.0	756
37P2R3-2A1_02211	18P3R3A11_01414	96.970	363	11	0	1	363	1	363	0.0	735
37P2R3-2A1_02215	37P2R3-2A1_02215	100.000	136	0	0	1	136	1	136	8.10e-95	269
37P2R3-2A1_02215	56P2R2A4_02542	97.794	136	3	0	1	136	1	136	8.31e-93	264
37P2R3-2A1_02215	18P3R3A11_01418	95.588	136	6	0	1	136	1	136	5.00e-83	239
37P2R3-2A1_02220	37P2R3-2A1_02220	100.000	127	0	0	1	127	1	127	1.89e-88	252
37P2R3-2A1_02220	18P3R3A11_01423	97.638	127	3	0	1	127	1	127	2.26e-86	247
37P2R3-2A1_02220	56P2R2A4_02537	96.063	127	5	0	1	127	1	127	5.50e-86	246
37P2R3-2A1_02226	37P2R3-2A1_02226	100.000	246	0	0	1	246	1	246	0.0	499
37P2R3-2A1_02227	37P2R3-2A1_02227	100.000	295	0	0	1	295	1	295	0.0	604
37P2R3-2A1_02228	37P2R3-2A1_02228	100.000	310	0	0	1	310	1	310	0.0	628
37P2R3-2A1_02229	37P2R3-2A1_02229	100.000	418	0	0	1	418	1	418	0.0	848
37P2R3-2A1_02230	37P2R3-2A1_02230	100.000	513	0	0	1	513	1	513	0.0	1041
37P2R3-2A1_02231	37P2R3-2A1_02231	100.000	223	0	0	1	223	1	223	2.18e-167	459
37P2R3-2A1_02234	37P2R3-2A1_02234	100.000	463	0	0	1	463	1	463	0.0	956
37P2R3-2A1_02234	18P3R3A11_01431	96.976	463	14	0	1	463	1	463	0.0	936
37P2R3-2A1_02237	37P2R3-2A1_02237	100.000	472	0	0	1	472	1	472	0.0	950
37P2R3-2A1_02237	18P3R3A11_01434	95.127	472	23	0	1	472	1	472	0.0	851
37P2R3-2A1_02238	37P2R3-2A1_02238	100.000	108	0	0	1	108	1	108	3.37e-75	217
37P2R3-2A1_02239	37P2R3-2A1_02239	100.000	34	0	0	1	34	1	34	3.02e-18	68.2
37P2R3-2A1_02240	37P2R3-2A1_02240	100.000	232	0	0	1	232	1	232	7.68e-171	469
37P2R3-2A1_02245	37P2R3-2A1_02245	100.000	121	0	0	1	121	1	121	2.48e-89	254
37P2R3-2A1_02245	56P2R2A4_02518	96.694	121	4	0	1	121	1	121	3.12e-86	246
37P2R3-2A1_02246	37P2R3-2A1_02246	100.000	171	0	0	1	171	1	171	1.61e-126	352
37P2R3-2A1_02247	37P2R3-2A1_02247	100.000	164	0	0	1	164	1	164	5.61e-120	335
37P2R3-2A1_02248	37P2R3-2A1_02248	100.000	67	0	0	1	67	1	67	1.72e-42	131
37P2R3-2A1_02249	37P2R3-2A1_02249	100.000	1087	0	0	1	1087	1	1087	0.0	2274
37P2R3-2A1_02250	37P2R3-2A1_02250	100.000	446	0	0	1	446	1	446	0.0	927
37P2R3-2A1_02251	37P2R3-2A1_02251	100.000	756	0	0	1	756	1	756	0.0	1554
37P2R3-2A1_02252	37P2R3-2A1_02252	100.000	213	0	0	1	213	1	213	8.06e-151	417
37P2R3-2A1_02253	37P2R3-2A1_02253	100.000	248	0	0	1	248	1	248	0.0	513
37P2R3-2A1_02254	37P2R3-2A1_02254	100.000	457	0	0	1	457	1	457	0.0	939
37P2R3-2A1_02254	38P2R3A13_05190	97.593	457	11	0	1	457	1	457	0.0	921
37P2R3-2A1_02254	38P2R3A13_03794	95.624	457	20	0	1	457	1	457	0.0	905
37P2R3-2A1_02256	37P2R3-2A1_02256	100.000	453	0	0	1	453	1	453	0.0	918
37P2R3-2A1_02256	18P3R3A11_01445	97.130	453	13	0	1	453	1	453	0.0	894
37P2R3-2A1_02257	37P2R3-2A1_02257	100.000	318	0	0	1	318	1	318	0.0	654
37P2R3-2A1_02257	56P2R2A4_02508	97.799	318	7	0	1	318	1	318	0.0	644
37P2R3-2A1_02257	18P3R3A11_01447	97.799	318	7	0	1	318	1	318	0.0	639
37P2R3-2A1_02267	37P2R3-2A1_02267	100.000	127	0	0	1	127	1	127	5.05e-93	264
37P2R3-2A1_02267	56P2R2A4_02498	96.063	127	5	0	1	127	1	127	1.60e-89	255
37P2R3-2A1_02268	37P2R3-2A1_02268	100.000	284	0	0	1	284	1	284	0.0	595
37P2R3-2A1_02268	18P3R3A11_01458	97.887	284	6	0	1	284	1	284	0.0	586
37P2R3-2A1_02268	38P2R3A13_03779	95.760	283	12	0	1	283	1	283	0.0	574
37P2R3-2A1_02270	37P2R3-2A1_02270	100.000	426	0	0	1	426	1	426	0.0	870
37P2R3-2A1_02270	18P3R3A11_01460	97.183	426	12	0	1	426	1	426	0.0	851
37P2R3-2A1_02270	56P2R2A4_02495	95.070	426	21	0	1	426	1	426	0.0	790
37P2R3-2A1_02275	37P2R3-2A1_02275	100.000	248	0	0	1	248	1	248	0.0	518
37P2R3-2A1_02275	18P3R3A11_01465	96.371	248	9	0	1	248	1	248	0.0	501
37P2R3-2A1_02282	37P2R3-2A1_02282	100.000	151	0	0	1	151	1	151	4.58e-108	304
37P2R3-2A1_02282	18P3R3A11_01472	97.351	151	4	0	1	151	1	151	9.92e-106	298
37P2R3-2A1_02297	37P2R3-2A1_02297	100.000	138	0	0	1	138	1	138	1.63e-99	281
37P2R3-2A1_02297	18P3R3A11_01486	97.826	138	3	0	1	138	1	138	1.71e-97	276
37P2R3-2A1_02297	56P2R2A4_02471	96.377	138	5	0	1	138	1	138	1.95e-96	273
37P2R3-2A1_02298	37P2R3-2A1_02298	100.000	148	0	0	1	148	1	148	1.06e-105	298
37P2R3-2A1_02298	38P2R3A13_02500	97.297	148	4	0	1	148	1	148	3.85e-104	293
37P2R3-2A1_02298	18P3R3A11_01487	97.973	148	3	0	1	148	1	148	1.03e-103	293
37P2R3-2A1_02301	37P2R3-2A1_02301	100.000	206	0	0	1	206	1	206	9.02e-142	394
37P2R3-2A1_02305	37P2R3-2A1_02305	100.000	287	0	0	1	287	1	287	0.0	590
37P2R3-2A1_02305	18P3R3A11_01494	97.909	287	6	0	1	287	1	287	0.0	578
37P2R3-2A1_02305	56P2R2A4_02463	95.819	287	12	0	1	287	1	287	0.0	571
37P2R3-2A1_02340	37P2R3-2A1_02340	100.000	106	0	0	1	106	1	106	3.87e-75	217
37P2R3-2A1_02374	37P2R3-2A1_02374	100.000	537	0	0	1	537	1	537	0.0	1058
37P2R3-2A1_02374	18P3R3A11_01562	99.087	219	2	0	319	537	1	219	3.93e-152	434
37P2R3-2A1_02432	38P2R3A13_03514	100.000	103	0	0	1	103	27	129	3.04e-73	213
37P2R3-2A1_02432	18P3R3A11_03545	100.000	103	0	0	1	103	27	129	3.43e-73	213
37P2R3-2A1_02432	37P2R3-2A1_02432	100.000	103	0	0	1	103	1	103	5.71e-73	211
37P2R3-2A1_02432	32P3R2A9_02481	96.117	103	4	0	1	103	14	116	1.28e-70	206
37P2R3-2A1_02432	10P3R2A13_02452	96.117	103	4	0	1	103	1	103	1.63e-70	205
37P2R3-2A1_02439	37P2R3-2A1_02439	100.000	147	0	0	1	147	1	147	3.60e-110	309
37P2R3-2A1_02441	37P2R3-2A1_02441	100.000	360	0	0	1	360	1	360	0.0	738
37P2R3-2A1_02442	37P2R3-2A1_02442	100.000	201	0	0	1	201	1	201	6.94e-149	411
37P2R3-2A1_02443	37P2R3-2A1_02443	100.000	188	0	0	1	188	1	188	1.11e-133	372
37P2R3-2A1_02444	37P2R3-2A1_02444	100.000	192	0	0	1	192	1	192	1.01e-142	395
37P2R3-2A1_02445	37P2R3-2A1_02445	100.000	865	0	0	1	865	1	865	0.0	1766
37P2R3-2A1_02446	37P2R3-2A1_02446	100.000	248	0	0	1	248	1	248	0.0	503
37P2R3-2A1_02447	37P2R3-2A1_02447	100.000	205	0	0	1	205	1	205	2.17e-148	410
37P2R3-2A1_02459	18P3R3A11_03517	100.000	177	0	0	1	177	15	191	3.11e-124	347
37P2R3-2A1_02459	37P2R3-2A1_02459	100.000	177	0	0	1	177	1	177	4.23e-124	347
37P2R3-2A1_02499	37P2R3-2A1_02499	100.000	429	0	0	1	429	1	429	0.0	863
37P2R3-2A1_02499	18P3R3A11_03477	97.902	429	9	0	1	429	1	429	0.0	844
37P2R3-2A1_02512	37P2R3-2A1_02512	100.000	134	0	0	1	134	1	134	1.75e-99	281
37P2R3-2A1_02531	37P2R3-2A1_02531	100.000	148	0	0	1	148	1	148	6.77e-107	300
37P2R3-2A1_02531	18P3R3A11_01129	95.270	148	6	1	1	148	1	147	1.53e-99	282
37P2R3-2A1_02532	37P2R3-2A1_02532	100.000	105	0	0	1	105	1	105	1.03e-73	213
37P2R3-2A1_02532	18P3R3A11_01128	100.000	101	0	0	1	101	1	101	3.15e-71	207
37P2R3-2A1_02541	37P2R3-2A1_02541	100.000	725	0	0	1	725	1	725	0.0	1510
37P2R3-2A1_02541	38P2R3A13_05507	97.091	722	21	0	1	722	1	722	0.0	1467
37P2R3-2A1_02549	37P2R3-2A1_02549	100.000	150	0	0	1	150	1	150	4.07e-108	304
37P2R3-2A1_02549	18P3R3A11_01111	98.000	150	3	0	1	150	6	155	6.89e-106	298
37P2R3-2A1_02558	37P2R3-2A1_02558	100.000	530	0	0	1	530	1	530	0.0	1085
37P2R3-2A1_02559	37P2R3-2A1_02559	100.000	318	0	0	1	318	1	318	0.0	629
37P2R3-2A1_02560	37P2R3-2A1_02560	100.000	282	0	0	1	282	1	282	0.0	567
37P2R3-2A1_02561	37P2R3-2A1_02561	100.000	326	0	0	1	326	1	326	0.0	669
37P2R3-2A1_02561	38P2R3A13_04590	97.239	326	9	0	1	326	1	326	0.0	652
37P2R3-2A1_02562	37P2R3-2A1_02562	100.000	326	0	0	1	326	1	326	0.0	669
37P2R3-2A1_02562	38P2R3A13_04589	97.853	326	7	0	1	326	1	326	0.0	660
37P2R3-2A1_02563	37P2R3-2A1_02563	100.000	183	0	0	1	183	1	183	1.23e-137	381
37P2R3-2A1_02565	37P2R3-2A1_02565	100.000	145	0	0	1	145	1	145	3.74e-104	293
37P2R3-2A1_02565	38P2R3A13_04587	97.931	145	3	0	1	145	1	145	4.38e-103	291
37P2R3-2A1_02565	18P3R3A11_01101	96.552	145	5	0	1	145	1	145	1.21e-100	285
37P2R3-2A1_02565	56P2R2A4_03289	96.324	136	5	0	1	136	1	136	2.52e-86	248
37P2R3-2A1_02583	37P2R3-2A1_02583	100.000	341	0	0	1	341	1	341	0.0	703
37P2R3-2A1_02583	18P3R3A11_01083	97.947	341	7	0	1	341	1	341	0.0	689
37P2R3-2A1_02583	56P2R2A4_03303	97.067	341	10	0	1	341	1	341	0.0	687
37P2R3-2A1_02583	47P2R3A6_01616	95.029	342	16	1	1	341	1	342	0.0	672
37P2R3-2A1_02587	37P2R3-2A1_02587	100.000	180	0	0	1	180	1	180	4.35e-132	367
37P2R3-2A1_02587	18P3R3A11_01079	96.667	180	6	0	1	180	1	180	3.84e-128	357
37P2R3-2A1_02588	37P2R3-2A1_02588	100.000	268	0	0	1	268	1	268	0.0	545
37P2R3-2A1_02588	18P3R3A11_01078	97.015	268	8	0	1	268	1	268	0.0	529
37P2R3-2A1_02596	37P2R3-2A1_02596	100.000	121	0	0	1	121	1	121	6.05e-88	250
37P2R3-2A1_02596	18P3R3A11_01070	96.694	121	4	0	1	121	1	121	8.96e-85	243
37P2R3-2A1_02602	37P2R3-2A1_02602	100.000	327	0	0	1	327	1	327	0.0	659
37P2R3-2A1_02602	18P3R3A11_01064	97.859	327	7	0	1	327	1	327	0.0	649
37P2R3-2A1_02617	37P2R3-2A1_02617	100.000	250	0	0	1	250	1	250	0.0	507
37P2R3-2A1_02617	18P3R3A11_01049	98.000	250	5	0	1	250	1	250	0.0	496
37P2R3-2A1_02620	37P2R3-2A1_02620	100.000	396	0	0	1	396	1	396	0.0	806
37P2R3-2A1_02620	18P3R3A11_01046	96.717	396	13	0	1	396	1	396	0.0	778
37P2R3-2A1_02623	37P2R3-2A1_02623	100.000	257	0	0	1	257	1	257	0.0	521
37P2R3-2A1_02623	18P3R3A11_01043	97.276	257	7	0	1	257	1	257	0.0	511
37P2R3-2A1_02626	37P2R3-2A1_02626	100.000	490	0	0	1	490	1	490	0.0	994
37P2R3-2A1_02626	18P3R3A11_01040	97.551	490	12	0	1	490	1	490	0.0	973
37P2R3-2A1_02640	37P2R3-2A1_02640	100.000	199	0	0	1	199	1	199	1.11e-147	408
37P2R3-2A1_02640	18P3R3A11_01026	97.487	199	5	0	1	199	1	199	6.35e-144	398
37P2R3-2A1_02640	38P2R3A13_04801	95.477	199	9	0	1	199	1	199	1.67e-117	332
37P2R3-2A1_02650	37P2R3-2A1_02650	100.000	167	0	0	1	167	1	167	2.78e-119	333
37P2R3-2A1_02650	18P3R3A11_01016	97.006	167	5	0	1	167	1	167	1.17e-116	327
37P2R3-2A1_02669	37P2R3-2A1_02669	100.000	160	0	0	1	160	1	160	4.85e-118	330
37P2R3-2A1_02670	37P2R3-2A1_02670	100.000	260	0	0	1	260	1	260	0.0	534
37P2R3-2A1_02671	37P2R3-2A1_02671	100.000	396	0	0	1	396	1	396	0.0	817
37P2R3-2A1_02672	37P2R3-2A1_02672	100.000	391	0	0	1	391	1	391	0.0	800
37P2R3-2A1_02673	37P2R3-2A1_02673	100.000	841	0	0	1	841	1	841	0.0	1725
37P2R3-2A1_02674	37P2R3-2A1_02674	100.000	238	0	0	1	238	1	238	8.66e-180	492
37P2R3-2A1_02675	37P2R3-2A1_02675	100.000	196	0	0	1	196	1	196	5.17e-136	378
37P2R3-2A1_02676	37P2R3-2A1_02676	100.000	392	0	0	1	392	1	392	0.0	809
37P2R3-2A1_02676	18P3R3A11_00993	97.194	392	11	0	1	392	1	392	0.0	787
37P2R3-2A1_02679	37P2R3-2A1_02679	100.000	133	0	0	1	133	1	133	2.97e-95	270
37P2R3-2A1_02694	37P2R3-2A1_02694	100.000	343	0	0	1	343	1	343	0.0	700
37P2R3-2A1_02694	18P3R3A11_00975	97.376	343	9	0	1	343	1	343	0.0	688
37P2R3-2A1_02736	37P2R3-2A1_02736	100.000	185	0	0	1	185	1	185	1.42e-135	376
37P2R3-2A1_02736	18P3R3A11_00933	97.297	185	5	0	1	185	1	185	5.58e-132	367
37P2R3-2A1_02749	37P2R3-2A1_02749	100.000	430	0	0	1	430	1	430	0.0	882
37P2R3-2A1_02749	18P3R3A11_00919	97.674	430	10	0	1	430	1	430	0.0	863
37P2R3-2A1_02777	37P2R3-2A1_02777	100.000	236	0	0	1	236	1	236	4.68e-173	475
37P2R3-2A1_02777	56P2R2A4_02696	96.610	236	8	0	1	236	1	236	2.47e-168	463
37P2R3-2A1_02777	38P2R3A13_02054	96.186	236	9	0	1	236	1	236	4.05e-167	460
37P2R3-2A1_02777	18P3R3A11_04229	95.339	236	11	0	1	236	1	236	1.90e-165	456
37P2R3-2A1_02807	37P2R3-2A1_02807	100.000	96	0	0	1	96	1	96	4.65e-66	193
37P2R3-2A1_02807	18P3R3A11_01933	97.917	96	2	0	1	96	1	96	1.63e-64	189
37P2R3-2A1_02813	37P2R3-2A1_02813	100.000	199	0	0	1	199	1	199	2.23e-140	389
37P2R3-2A1_02813	10P3R2A13_01179	97.351	151	4	0	1	151	1	151	3.80e-99	285
37P2R3-2A1_02813	31P2R1A5_02743	95.570	158	7	0	1	158	1	158	3.26e-95	275
37P2R3-2A1_02819	37P2R3-2A1_02819	100.000	299	0	0	1	299	1	299	0.0	598
37P2R3-2A1_02819	18P3R3A11_01921	97.980	297	6	0	1	297	1	297	0.0	587
37P2R3-2A1_02820	37P2R3-2A1_02820	100.000	206	0	0	1	206	1	206	2.22e-147	407
37P2R3-2A1_02820	18P3R3A11_01920	96.117	206	8	0	1	206	1	206	5.39e-142	394
37P2R3-2A1_02820	38P2R3A13_02318	95.146	206	10	0	1	206	1	206	3.30e-139	387
37P2R3-2A1_02822	37P2R3-2A1_02822	100.000	268	0	0	1	268	1	268	0.0	541
37P2R3-2A1_02822	18P3R3A11_01918	97.015	268	8	0	1	268	1	268	0.0	527
37P2R3-2A1_02822	38P2R3A13_02320	95.896	268	11	0	1	268	1	268	2.48e-178	491
37P2R3-2A1_02823	37P2R3-2A1_02823	100.000	278	0	0	1	278	1	278	0.0	561
37P2R3-2A1_02823	18P3R3A11_01917	97.842	278	6	0	1	278	1	278	0.0	551
37P2R3-2A1_02824	37P2R3-2A1_02824	100.000	100	0	0	1	100	1	100	1.36e-68	200
37P2R3-2A1_02824	18P3R3A11_01916	98.000	100	2	0	1	100	1	100	9.09e-68	198
37P2R3-2A1_02824	38P2R3A13_02322	98.000	100	2	0	1	100	1	100	1.49e-67	197
37P2R3-2A1_02851	37P2R3-2A1_02851	100.000	60	0	0	1	60	1	60	9.16e-38	119
37P2R3-2A1_02860	37P2R3-2A1_02860	100.000	395	0	0	1	395	1	395	0.0	796
37P2R3-2A1_02861	37P2R3-2A1_02861	100.000	211	0	0	1	211	1	211	1.08e-151	419
37P2R3-2A1_02894	37P2R3-2A1_02894	100.000	163	0	0	1	163	1	163	3.41e-122	340
37P2R3-2A1_02894	18P3R3A11_01848	97.546	163	4	0	1	163	1	163	2.10e-118	331
37P2R3-2A1_02900	37P2R3-2A1_02900	100.000	296	0	0	1	296	1	296	0.0	582
37P2R3-2A1_02900	38P2R3A13_07513	97.973	296	6	0	1	296	1	296	0.0	575
37P2R3-2A1_02900	18P3R3A11_01842	97.973	296	6	0	1	296	11	306	0.0	573
37P2R3-2A1_02900	31P2R1A5_02664	95.608	296	13	0	1	296	1	296	0.0	546
37P2R3-2A1_02933	37P2R3-2A1_02933	100.000	118	0	0	1	118	1	118	5.49e-86	245
37P2R3-2A1_02933	18P3R3A11_01809	96.610	118	4	0	1	118	1	118	2.94e-82	236
37P2R3-2A1_02936	37P2R3-2A1_02936	100.000	202	0	0	1	202	1	202	7.69e-147	406
37P2R3-2A1_02936	18P3R3A11_01806	97.030	202	6	0	1	202	1	202	1.43e-143	398
37P2R3-2A1_02939	37P2R3-2A1_02939	100.000	389	0	0	1	389	1	389	0.0	781
37P2R3-2A1_02954	37P2R3-2A1_02954	100.000	149	0	0	1	149	1	149	3.01e-110	309
37P2R3-2A1_02954	18P3R3A11_01788	97.987	149	3	0	1	149	1	149	2.30e-108	304
37P2R3-2A1_02973	37P2R3-2A1_02973	100.000	201	0	0	1	201	1	201	5.34e-148	409
37P2R3-2A1_02973	18P3R3A11_01769	96.020	201	8	0	1	201	1	201	2.22e-141	392
37P2R3-2A1_02977	37P2R3-2A1_02977	100.000	441	0	0	1	441	1	441	0.0	863
37P2R3-2A1_02977	38P2R3A13_06241	97.959	441	9	0	1	441	1	441	0.0	849
37P2R3-2A1_02977	38P2R3A13_02442	97.052	441	13	0	1	441	1	441	0.0	844
37P2R3-2A1_02998	37P2R3-2A1_02998	100.000	124	0	0	1	124	1	124	5.90e-87	248
37P2R3-2A1_02999	37P2R3-2A1_02999	100.000	137	0	0	1	137	1	137	3.04e-96	273
37P2R3-2A1_03000	37P2R3-2A1_03000	100.000	471	0	0	1	471	1	471	0.0	912
37P2R3-2A1_03001	37P2R3-2A1_03001	100.000	429	0	0	1	429	1	429	0.0	829
37P2R3-2A1_03016	37P2R3-2A1_03016	100.000	239	0	0	1	239	1	239	2.58e-176	483
37P2R3-2A1_03016	38P2R3A13_05774	95.397	239	11	0	1	239	1	239	3.62e-169	466
37P2R3-2A1_03016	38P2R3A13_01860	95.816	239	10	0	1	239	1	239	2.82e-168	463
37P2R3-2A1_03022	18P3R3A11_01636	99.738	381	1	0	1	381	24	404	0.0	748
37P2R3-2A1_03022	37P2R3-2A1_03022	100.000	381	0	0	1	381	1	381	0.0	748
37P2R3-2A1_03028	37P2R3-2A1_03028	100.000	168	0	0	1	168	1	168	9.57e-125	347
37P2R3-2A1_03028	18P3R3A11_01642	97.619	168	4	0	1	168	1	168	2.76e-122	341
37P2R3-2A1_03047	37P2R3-2A1_03047	100.000	321	0	0	1	321	1	321	0.0	639
37P2R3-2A1_03047	18P3R3A11_01661	96.573	321	11	0	1	321	1	321	0.0	621
37P2R3-2A1_03155	37P2R3-2A1_03155	100.000	328	0	0	1	328	1	328	0.0	665
37P2R3-2A1_03155	18P3R3A11_03979	96.951	328	10	0	1	328	1	328	0.0	646
37P2R3-2A1_03156	37P2R3-2A1_03156	100.000	253	0	0	1	253	1	253	0.0	514
37P2R3-2A1_03156	18P3R3A11_03980	96.838	253	8	0	1	253	1	253	0.0	500
37P2R3-2A1_03165	37P2R3-2A1_03165	100.000	339	0	0	1	339	1	339	0.0	690
37P2R3-2A1_03165	18P3R3A11_03989	96.755	339	11	0	1	339	1	339	0.0	667
37P2R3-2A1_03165	56P2R2A4_00231	95.575	339	15	0	1	339	1	339	0.0	664
37P2R3-2A1_03165	38P2R3A13_07075	95.870	339	14	0	1	339	1	339	0.0	664
37P2R3-2A1_03165	38P2R3A13_01657	95.575	339	15	0	1	339	1	339	0.0	662
37P2R3-2A1_03203	37P2R3-2A1_03203	100.000	250	0	0	1	250	1	250	0.0	508
37P2R3-2A1_03203	18P3R3A11_02103	96.000	250	10	0	1	250	1	250	5.10e-179	491
37P2R3-2A1_03204	37P2R3-2A1_03204	100.000	313	0	0	1	313	1	313	0.0	628
37P2R3-2A1_03204	18P3R3A11_02104	98.065	310	6	0	1	310	1	310	0.0	614
37P2R3-2A1_03204	38P2R3A13_06886	95.484	310	14	0	1	310	1	310	0.0	579
37P2R3-2A1_03206	37P2R3-2A1_03206	100.000	325	0	0	1	325	1	325	0.0	668
37P2R3-2A1_03206	18P3R3A11_02106	97.538	325	8	0	1	325	1	325	0.0	652
37P2R3-2A1_03210	37P2R3-2A1_03210	100.000	540	0	0	1	540	1	540	0.0	1105
37P2R3-2A1_03210	18P3R3A11_02110	97.963	540	11	0	1	540	1	540	0.0	1082
37P2R3-2A1_03231	37P2R3-2A1_03231	100.000	610	0	0	1	610	1	610	0.0	1263
37P2R3-2A1_03231	38P2R3A13_04187	99.672	610	2	0	1	610	22	631	0.0	1258
37P2R3-2A1_03231	38P2R3A13_07496	97.377	610	16	0	1	610	22	631	0.0	1236
37P2R3-2A1_03242	37P2R3-2A1_03242	100.000	107	0	0	1	107	1	107	2.37e-76	220
37P2R3-2A1_03242	18P3R3A11_02142	97.196	107	3	0	1	107	1	107	1.66e-73	213
37P2R3-2A1_03262	37P2R3-2A1_03262	100.000	349	0	0	1	349	1	349	0.0	715
37P2R3-2A1_03263	37P2R3-2A1_03263	100.000	368	0	0	1	368	1	368	0.0	742
37P2R3-2A1_03286	37P2R3-2A1_03286	100.000	303	0	0	1	303	1	303	0.0	630
37P2R3-2A1_03286	18P3R3A11_02186	95.380	303	14	0	1	303	1	303	0.0	600
37P2R3-2A1_03287	37P2R3-2A1_03287	100.000	404	0	0	1	404	1	404	0.0	809
37P2R3-2A1_03307	37P2R3-2A1_03307	100.000	557	0	0	1	557	1	557	0.0	1134
37P2R3-2A1_03307	18P3R3A11_02207	97.846	557	12	0	1	557	1	557	0.0	1117
37P2R3-2A1_03316	37P2R3-2A1_03316	100.000	866	0	0	1	866	1	866	0.0	1805
37P2R3-2A1_03316	18P3R3A11_02216	97.409	772	20	0	1	772	1	772	0.0	1578
37P2R3-2A1_03316	38P2R3A13_04650	97.021	772	23	0	1	772	1	772	0.0	1571
37P2R3-2A1_03316	56P2R2A4_03393	96.521	776	23	1	1	772	1	776	0.0	1570
37P2R3-2A1_03324	37P2R3-2A1_03324	100.000	174	0	0	1	174	1	174	1.74e-130	362
37P2R3-2A1_03324	18P3R3A11_02991	95.977	174	7	0	1	174	1	174	4.43e-124	346
37P2R3-2A1_03325	37P2R3-2A1_03325	100.000	148	0	0	1	148	1	148	6.34e-107	301
37P2R3-2A1_03325	18P3R3A11_02990	95.946	148	6	0	1	148	1	148	2.44e-102	289
37P2R3-2A1_03325	56P2R2A4_03388	96.528	144	5	0	1	144	5	148	4.74e-101	286
37P2R3-2A1_03326	37P2R3-2A1_03326	100.000	333	0	0	1	333	1	333	0.0	672
37P2R3-2A1_03326	18P3R3A11_02989	96.084	332	13	0	1	332	1	332	0.0	624
37P2R3-2A1_03332	37P2R3-2A1_03332	100.000	152	0	0	1	152	1	152	1.20e-106	300
37P2R3-2A1_03333	37P2R3-2A1_03333	100.000	83	0	0	1	83	1	83	1.11e-53	161
37P2R3-2A1_03334	37P2R3-2A1_03334	100.000	318	0	0	1	318	1	318	0.0	659
37P2R3-2A1_03334	18P3R3A11_02983	97.484	318	8	0	1	318	1	318	0.0	645
37P2R3-2A1_03335	37P2R3-2A1_03335	100.000	260	0	0	1	260	1	260	0.0	535
37P2R3-2A1_03335	18P3R3A11_02982	96.923	260	8	0	1	260	1	260	0.0	520
37P2R3-2A1_03341	37P2R3-2A1_03341	100.000	140	0	0	1	140	1	140	3.35e-103	291
37P2R3-2A1_03341	18P3R3A11_02976	95.714	140	6	0	1	140	1	140	4.12e-99	280
37P2R3-2A1_03354	37P2R3-2A1_03354	100.000	89	0	0	1	89	1	89	6.53e-62	182
37P2R3-2A1_03355	37P2R3-2A1_03355	100.000	91	0	0	1	91	1	91	4.13e-62	183
37P2R3-2A1_03360	37P2R3-2A1_03360	100.000	335	0	0	1	335	1	335	0.0	700
37P2R3-2A1_03360	18P3R3A11_02959	97.313	335	9	0	1	335	1	335	0.0	683
37P2R3-2A1_03371	37P2R3-2A1_03371	100.000	149	0	0	1	149	1	149	2.61e-110	309
37P2R3-2A1_03371	38P2R3A13_07068	97.315	149	4	0	1	149	1	149	1.14e-107	303
37P2R3-2A1_03371	38P2R3A13_03375	97.315	149	4	0	1	149	1	149	1.61e-107	302
37P2R3-2A1_03371	56P2R2A4_03622	97.315	149	4	0	1	149	1	149	2.64e-106	299
37P2R3-2A1_03371	18P3R3A11_02948	96.644	149	5	0	1	149	1	149	1.19e-105	298
37P2R3-2A1_03373	37P2R3-2A1_03373	100.000	386	0	0	1	386	1	386	0.0	758
37P2R3-2A1_03373	18P3R3A11_02946	97.927	386	8	0	1	386	1	386	0.0	743
37P2R3-2A1_03373	38P2R3A13_07066	96.891	386	12	0	1	386	10	395	0.0	740
37P2R3-2A1_03375	37P2R3-2A1_03375	100.000	305	0	0	1	305	1	305	0.0	635
37P2R3-2A1_03375	18P3R3A11_02944	97.368	304	8	0	2	305	6	309	0.0	614
37P2R3-2A1_03376	37P2R3-2A1_03376	100.000	429	0	0	1	429	1	429	0.0	877
37P2R3-2A1_03376	18P3R3A11_02942	97.203	429	12	0	1	429	1	429	0.0	857
37P2R3-2A1_03376	56P2R2A4_03628	95.804	429	18	0	1	429	1	429	0.0	825
37P2R3-2A1_03376	38P2R3A13_03369	95.338	429	20	0	1	429	1	429	0.0	824
37P2R3-2A1_03377	37P2R3-2A1_03377	100.000	116	0	0	1	116	1	116	1.77e-80	231
37P2R3-2A1_03377	38P2R3A13_03368	97.414	116	3	0	1	116	1	116	2.88e-79	228
37P2R3-2A1_03383	37P2R3-2A1_03383	100.000	173	0	0	1	173	1	173	9.75e-125	348
37P2R3-2A1_03383	38P2R3A13_02962	99.296	142	1	0	16	157	30	171	1.20e-99	285
37P2R3-2A1_03383	56P2R2A4_02990	98.592	142	2	0	16	157	30	171	4.34e-98	280
37P2R3-2A1_03389	37P2R3-2A1_03389	100.000	48	0	0	1	48	1	48	1.95e-29	97.4
37P2R3-2A1_03389	18P3R3A11_04154	97.917	48	1	0	1	48	1	48	6.06e-29	96.3
37P2R3-2A1_03398	37P2R3-2A1_03398	100.000	714	0	0	1	714	1	714	0.0	1434
37P2R3-2A1_03398	18P3R3A11_02620	99.718	355	1	0	360	714	1	355	0.0	719
37P2R3-2A1_03398	38P2R3A13_02979	95.441	329	15	0	386	714	398	726	0.0	651
37P2R3-2A1_03418	37P2R3-2A1_03418	100.000	317	0	0	1	317	1	317	0.0	643
37P2R3-2A1_03418	18P3R3A11_02640	97.476	317	8	0	1	317	1	317	0.0	625
37P2R3-2A1_03418	38P2R3A13_02999	96.215	317	12	0	1	317	1	317	0.0	622
37P2R3-2A1_03422	18P3R3A11_02644	100.000	141	0	0	1	141	11	151	1.37e-102	290
37P2R3-2A1_03422	37P2R3-2A1_03422	100.000	141	0	0	1	141	1	141	4.61e-102	288
37P2R3-2A1_03422	31P2R1A5_03576	95.745	141	6	0	1	141	1	141	3.03e-99	281
37P2R3-2A1_03435	37P2R3-2A1_03435	100.000	348	0	0	1	348	1	348	0.0	702
37P2R3-2A1_03435	18P3R3A11_02657	96.839	348	11	0	1	348	1	348	0.0	683
37P2R3-2A1_03523	37P2R3-2A1_03523	100.000	158	0	0	1	158	1	158	3.03e-118	330
37P2R3-2A1_03532	37P2R3-2A1_03532	100.000	244	0	0	1	244	1	244	0.0	504
37P2R3-2A1_03532	18P3R3A11_04275	97.951	244	5	0	1	244	1	244	1.73e-180	494
37P2R3-2A1_03545	37P2R3-2A1_03545	100.000	135	0	0	1	135	1	135	1.12e-95	271
37P2R3-2A1_03561	37P2R3-2A1_03561	100.000	41	0	0	1	41	1	41	7.95e-25	85.5
37P2R3-2A1_03562	37P2R3-2A1_03562	100.000	349	0	0	1	349	1	349	0.0	728
37P2R3-2A1_03563	37P2R3-2A1_03563	100.000	259	0	0	1	259	1	259	0.0	527
37P2R3-2A1_03576	37P2R3-2A1_03576	100.000	3811	0	0	1	3811	1	3811	0.0	7249
37P2R3-2A1_03586	37P2R3-2A1_03586	100.000	245	0	0	1	245	1	245	0.0	506
37P2R3-2A1_03586	18P3R3A11_02592	97.959	245	5	0	1	245	1	245	0.0	498
37P2R3-2A1_03589	37P2R3-2A1_03589	100.000	527	0	0	1	527	1	527	0.0	1052
37P2R3-2A1_03589	38P2R3A13_01948	97.343	527	14	0	1	527	1	527	0.0	1026
37P2R3-2A1_03589	18P3R3A11_02589	99.800	500	1	0	1	500	1	500	0.0	996
37P2R3-2A1_03589	38P2R3A13_05384	95.517	513	21	1	1	511	1	513	0.0	927
37P2R3-2A1_03618	37P2R3-2A1_03618	100.000	189	0	0	1	189	1	189	2.03e-139	386
37P2R3-2A1_03618	18P3R3A11_02560	97.884	189	4	0	1	189	1	189	3.27e-136	378
37P2R3-2A1_03632	37P2R3-2A1_03632	100.000	218	0	0	1	218	1	218	2.96e-161	444
37P2R3-2A1_03632	18P3R3A11_02546	97.706	218	5	0	1	218	1	218	6.27e-158	435
37P2R3-2A1_03632	38P2R3A13_01991	97.248	218	6	0	1	218	1	218	4.33e-156	431
37P2R3-2A1_03643	37P2R3-2A1_03643	100.000	483	0	0	1	483	1	483	0.0	1016
37P2R3-2A1_03646	37P2R3-2A1_03646	100.000	739	0	0	1	739	1	739	0.0	1506
37P2R3-2A1_03646	18P3R3A11_02533	97.158	739	21	0	1	739	1	739	0.0	1471
37P2R3-2A1_03651	37P2R3-2A1_03651	100.000	152	0	0	1	152	1	152	1.69e-107	302
37P2R3-2A1_03651	18P3R3A11_02528	96.711	152	5	0	1	152	1	152	1.74e-103	292
37P2R3-2A1_03651	38P2R3A13_02010	95.364	151	7	0	1	151	1	151	4.96e-102	289
37P2R3-2A1_03652	37P2R3-2A1_03652	100.000	137	0	0	1	137	1	137	6.75e-101	285
37P2R3-2A1_03652	18P3R3A11_02527	97.810	137	3	0	1	137	1	137	2.48e-98	278
37P2R3-2A1_03652	38P2R3A13_05052	95.620	137	6	0	1	137	1	137	3.28e-96	273
37P2R3-2A1_03690	37P2R3-2A1_03690	100.000	457	0	0	1	457	1	457	0.0	941
37P2R3-2A1_03690	18P3R3A11_03350	100.000	307	0	0	151	457	1	307	0.0	636
37P2R3-2A1_03690	56P2R2A4_04188	95.413	218	10	0	240	457	1	218	3.21e-153	433
37P2R3-2A1_03697	37P2R3-2A1_03697	100.000	362	0	0	1	362	1	362	0.0	749
37P2R3-2A1_03697	18P3R3A11_03357	97.514	362	9	0	1	362	1	362	0.0	732
37P2R3-2A1_03698	37P2R3-2A1_03698	100.000	300	0	0	1	300	1	300	0.0	620
37P2R3-2A1_03698	18P3R3A11_03358	98.000	300	6	0	1	300	1	300	0.0	609
37P2R3-2A1_03699	37P2R3-2A1_03699	100.000	293	0	0	1	293	1	293	0.0	599
37P2R3-2A1_03699	18P3R3A11_03359	97.952	293	6	0	1	293	1	293	0.0	588
37P2R3-2A1_03700	37P2R3-2A1_03700	100.000	183	0	0	1	183	1	183	2.58e-135	375
37P2R3-2A1_03701	37P2R3-2A1_03701	100.000	333	0	0	1	333	1	333	0.0	691
37P2R3-2A1_03702	37P2R3-2A1_03702	100.000	384	0	0	1	384	1	384	0.0	798
37P2R3-2A1_03703	37P2R3-2A1_03703	100.000	237	0	0	1	237	1	237	1.36e-178	489
37P2R3-2A1_03704	37P2R3-2A1_03704	100.000	511	0	0	1	511	1	511	0.0	1057
37P2R3-2A1_03705	37P2R3-2A1_03705	100.000	350	0	0	1	350	1	350	0.0	722
37P2R3-2A1_03706	37P2R3-2A1_03706	100.000	386	0	0	1	386	1	386	0.0	794
37P2R3-2A1_03707	37P2R3-2A1_03707	100.000	469	0	0	1	469	1	469	0.0	927
37P2R3-2A1_03708	37P2R3-2A1_03708	100.000	369	0	0	1	369	1	369	0.0	770
37P2R3-2A1_03709	37P2R3-2A1_03709	100.000	408	0	0	1	408	1	408	0.0	789
37P2R3-2A1_03710	37P2R3-2A1_03710	100.000	314	0	0	1	314	1	314	0.0	655
37P2R3-2A1_03711	37P2R3-2A1_03711	100.000	475	0	0	1	475	1	475	0.0	976
37P2R3-2A1_03744	37P2R3-2A1_03744	100.000	144	0	0	1	144	1	144	4.29e-103	291
37P2R3-2A1_03744	18P3R3A11_04533	97.222	144	4	0	1	144	1	144	9.29e-101	285
37P2R3-2A1_03746	37P2R3-2A1_03746	100.000	299	0	0	1	299	1	299	0.0	601
37P2R3-2A1_03746	18P3R3A11_04535	95.652	299	13	0	1	299	1	299	0.0	578
37P2R3-2A1_03750	37P2R3-2A1_03750	100.000	320	0	0	1	320	1	320	0.0	631
37P2R3-2A1_03751	37P2R3-2A1_03751	100.000	86	0	0	1	86	1	86	2.87e-59	175
37P2R3-2A1_03751	31P2R1A5_00898	95.349	86	4	0	1	86	1	86	1.39e-56	169
37P2R3-2A1_03752	37P2R3-2A1_03752	100.000	111	0	0	1	111	1	111	5.42e-78	224
37P2R3-2A1_03752	56P2R2A4_00011	97.297	111	3	0	1	111	1	111	2.15e-75	218
37P2R3-2A1_03752	38P2R3A13_01555	96.396	111	4	0	1	111	1	111	5.78e-75	217
37P2R3-2A1_03752	31P2R1A5_00899	96.396	111	4	0	1	111	1	111	6.75e-74	214
37P2R3-2A1_03753	37P2R3-2A1_03753	100.000	1345	0	0	1	1345	1	1345	0.0	2789
37P2R3-2A1_03757	37P2R3-2A1_03757	100.000	581	0	0	1	581	1	581	0.0	1196
37P2R3-2A1_03757	18P3R3A11_01566	97.590	581	14	0	1	581	1	581	0.0	1169
37P2R3-2A1_03757	56P2R2A4_00015	96.213	581	22	0	1	581	1	581	0.0	1155
37P2R3-2A1_03757	38P2R3A13_01559	95.525	581	26	0	1	581	1	581	0.0	1144
37P2R3-2A1_03764	37P2R3-2A1_03764	100.000	263	0	0	1	263	1	263	0.0	526
37P2R3-2A1_03764	18P3R3A11_01573	95.437	263	12	0	1	263	1	263	1.75e-173	478
37P2R3-2A1_03775	37P2R3-2A1_03775	100.000	389	0	0	1	389	1	389	0.0	787
37P2R3-2A1_03855	37P2R3-2A1_03855	100.000	277	0	0	1	277	1	277	0.0	573
37P2R3-2A1_03855	18P3R3A11_04341	97.834	277	6	0	1	277	1	277	0.0	564
37P2R3-2A1_03855	38P2R3A13_03883	96.364	275	10	0	1	275	1	275	0.0	557
37P2R3-2A1_03863	37P2R3-2A1_03863	100.000	708	0	0	1	708	1	708	0.0	1460
37P2R3-2A1_03863	18P3R3A11_04333	97.599	708	17	0	1	708	1	708	0.0	1433
37P2R3-2A1_03867	37P2R3-2A1_03867	100.000	108	0	0	1	108	1	108	2.96e-70	205
37P2R3-2A1_03867	18P3R3A11_04329	97.222	108	3	0	1	108	1	108	1.74e-68	200
37P2R3-2A1_03867	38P2R3A13_06675	96.296	108	4	0	1	108	1	108	3.96e-68	199
37P2R3-2A1_03870	37P2R3-2A1_03870	100.000	229	0	0	1	229	1	229	3.48e-171	470
37P2R3-2A1_03870	18P3R3A11_04326	97.817	229	5	0	1	229	1	229	6.98e-168	461
37P2R3-2A1_03871	37P2R3-2A1_03871	100.000	236	0	0	1	236	1	236	1.09e-173	477
37P2R3-2A1_03883	37P2R3-2A1_03883	100.000	294	0	0	1	294	1	294	0.0	592
37P2R3-2A1_03883	38P2R3A13_03862	96.259	294	11	0	1	294	1	294	0.0	577
37P2R3-2A1_03883	18P3R3A11_04313	100.000	263	0	0	32	294	1	263	0.0	523
37P2R3-2A1_03886	37P2R3-2A1_03886	100.000	267	0	0	1	267	1	267	0.0	541
37P2R3-2A1_03886	38P2R3A13_06619	97.378	267	7	0	1	267	1	267	0.0	527
37P2R3-2A1_03886	18P3R3A11_04310	100.000	82	0	0	186	267	1	82	3.38e-52	164
37P2R3-2A1_03908	37P2R3-2A1_03908	100.000	195	0	0	1	195	1	195	3.10e-146	404
37P2R3-2A1_03908	18P3R3A11_04371	96.410	195	7	0	1	195	1	195	1.36e-142	395
37P2R3-2A1_03909	37P2R3-2A1_03909	100.000	168	0	0	1	168	1	168	4.25e-120	335
37P2R3-2A1_03909	18P3R3A11_04370	97.619	168	4	0	1	168	1	168	2.82e-117	328
37P2R3-2A1_03920	37P2R3-2A1_03920	100.000	319	0	0	1	319	1	319	0.0	650
37P2R3-2A1_03920	18P3R3A11_01946	98.107	317	6	0	1	317	1	317	0.0	634
37P2R3-2A1_03927	37P2R3-2A1_03927	100.000	84	0	0	1	84	1	84	9.70e-56	166
37P2R3-2A1_03927	18P3R3A11_01953	97.619	84	2	0	1	84	1	84	5.64e-54	162
37P2R3-2A1_03951	37P2R3-2A1_03951	100.000	382	0	0	1	382	1	382	0.0	785
37P2R3-2A1_03951	18P3R3A11_01977	97.906	382	8	0	1	382	1	382	0.0	768
37P2R3-2A1_04014	37P2R3-2A1_04014	100.000	437	0	0	1	437	1	437	0.0	899
37P2R3-2A1_04014	38P2R3A13_07798	97.032	438	11	2	1	437	1	437	0.0	871
37P2R3-2A1_04015	37P2R3-2A1_04015	100.000	318	0	0	1	318	1	318	0.0	633
37P2R3-2A1_04022	37P2R3-2A1_04022	100.000	71	0	0	1	71	1	71	1.97e-45	139
37P2R3-2A1_04022	18P3R3A11_04109	95.775	71	3	0	1	71	1	71	2.79e-43	134
37P2R3-2A1_04027	37P2R3-2A1_04027	100.000	81	0	0	1	81	1	81	1.78e-50	153
37P2R3-2A1_04027	18P3R3A11_04114	96.296	81	3	0	1	81	1	81	1.22e-48	148
37P2R3-2A1_04067	37P2R3-2A1_04067	100.000	379	0	0	1	379	1	379	0.0	779
37P2R3-2A1_04067	18P3R3A11_04475	97.889	379	8	0	1	379	1	379	0.0	767
37P2R3-2A1_04067	38P2R3A13_03163	97.098	379	11	0	1	379	1	379	0.0	762
37P2R3-2A1_04068	37P2R3-2A1_04068	100.000	230	0	0	1	230	1	230	7.03e-171	469
37P2R3-2A1_04068	18P3R3A11_04476	98.661	224	3	0	1	224	1	224	1.33e-163	451
37P2R3-2A1_04068	38P2R3A13_03164	96.861	223	7	0	1	223	1	223	5.99e-160	441
37P2R3-2A1_04078	37P2R3-2A1_04078	100.000	144	0	0	1	144	1	144	2.74e-106	299
37P2R3-2A1_04078	18P3R3A11_04563	97.887	142	3	0	1	142	1	142	2.54e-103	291
37P2R3-2A1_04095	37P2R3-2A1_04095	100.000	434	0	0	1	434	1	434	0.0	884
37P2R3-2A1_04095	18P3R3A11_03623	97.926	434	9	0	1	434	1	434	0.0	869
37P2R3-2A1_04095	38P2R3A13_05111	97.005	434	13	0	1	434	1	434	0.0	863
37P2R3-2A1_04102	37P2R3-2A1_04102	100.000	276	0	0	1	276	1	276	0.0	565
37P2R3-2A1_04102	18P3R3A11_03630	97.464	276	7	0	1	276	1	276	0.0	553
37P2R3-2A1_04104	37P2R3-2A1_04104	100.000	105	0	0	1	105	1	105	1.38e-73	213
37P2R3-2A1_04104	18P3R3A11_03632	96.190	105	4	0	1	105	1	105	1.09e-70	206
37P2R3-2A1_04108	37P2R3-2A1_04108	100.000	225	0	0	1	225	1	225	1.70e-166	457
37P2R3-2A1_04111	37P2R3-2A1_04111	100.000	227	0	0	1	227	1	227	5.42e-168	461
37P2R3-2A1_04111	18P3R3A11_03639	97.797	227	5	0	1	227	1	227	4.57e-165	454
37P2R3-2A1_04114	37P2R3-2A1_04114	100.000	582	0	0	1	582	1	582	0.0	1206
37P2R3-2A1_04120	37P2R3-2A1_04120	100.000	228	0	0	1	228	1	228	2.35e-169	465
37P2R3-2A1_04120	18P3R3A11_03657	97.368	228	6	0	1	228	1	228	2.76e-164	452
37P2R3-2A1_04121	37P2R3-2A1_04121	100.000	53	0	0	1	53	1	53	3.37e-33	107
37P2R3-2A1_04122	37P2R3-2A1_04122	100.000	119	0	0	1	119	1	119	1.55e-85	244
37P2R3-2A1_04123	37P2R3-2A1_04123	100.000	109	0	0	1	109	1	109	3.30e-77	223
37P2R3-2A1_04124	37P2R3-2A1_04124	100.000	105	0	0	1	105	1	105	4.26e-73	212
37P2R3-2A1_04125	37P2R3-2A1_04125	100.000	3334	0	0	1	3334	1	3334	0.0	6586
37P2R3-2A1_04126	37P2R3-2A1_04126	100.000	559	0	0	1	559	1	559	0.0	1132
37P2R3-2A1_04136	37P2R3-2A1_04136	100.000	283	0	0	1	283	1	283	0.0	562
37P2R3-2A1_04175	37P2R3-2A1_04175	100.000	135	0	0	1	135	1	135	3.28e-97	275
37P2R3-2A1_04175	18P3R3A11_03579	97.015	134	4	0	1	134	1	134	1.52e-94	268
37P2R3-2A1_04176	37P2R3-2A1_04176	100.000	650	0	0	1	650	1	650	0.0	1360
37P2R3-2A1_04177	37P2R3-2A1_04177	100.000	467	0	0	1	467	1	467	0.0	944
37P2R3-2A1_04178	37P2R3-2A1_04178	100.000	270	0	0	1	270	1	270	0.0	556
37P2R3-2A1_04184	37P2R3-2A1_04184	100.000	309	0	0	1	309	1	309	0.0	643
37P2R3-2A1_04222	37P2R3-2A1_04222	100.000	312	0	0	1	312	1	312	0.0	635
37P2R3-2A1_04222	18P3R3A11_02924	97.115	312	9	0	1	312	1	312	0.0	622
37P2R3-2A1_04271	37P2R3-2A1_04271	100.000	484	0	0	1	484	1	484	0.0	999
37P2R3-2A1_04271	38P2R3A13_05583	97.727	484	11	0	1	484	158	641	0.0	984
37P2R3-2A1_04271	56P2R2A4_00248	96.273	483	18	0	1	483	158	640	0.0	975
37P2R3-2A1_04271	38P2R3A13_01628	95.661	484	21	0	1	484	158	641	0.0	966
37P2R3-2A1_04271	18P3R3A11_04586	99.631	271	1	0	214	484	1	271	0.0	554
37P2R3-2A1_04272	37P2R3-2A1_04272	100.000	147	0	0	1	147	1	147	1.10e-107	302
37P2R3-2A1_04272	18P3R3A11_04587	95.238	147	7	0	1	147	1	147	1.29e-103	292
37P2R3-2A1_04273	37P2R3-2A1_04273	100.000	1470	0	0	1	1470	1	1470	0.0	3014
37P2R3-2A1_04273	56P2R2A4_00253	96.235	1328	50	0	1	1328	1	1328	0.0	2544
37P2R3-2A1_04273	18P3R3A11_04239	95.270	296	14	0	1040	1335	1	296	0.0	602
37P2R3-2A1_04273	38P2R3A13_02612	96.721	61	1	1	1272	1332	1	60	6.49e-35	132
37P2R3-2A1_04273	38P2R3A13_08555	98.246	57	1	0	1272	1328	1	57	1.05e-32	125
37P2R3-2A1_04274	37P2R3-2A1_04274	100.000	164	0	0	1	164	1	164	1.27e-121	339
37P2R3-2A1_04275	37P2R3-2A1_04275	100.000	122	0	0	1	122	1	122	2.89e-89	254
37P2R3-2A1_04276	37P2R3-2A1_04276	100.000	98	0	0	1	98	1	98	6.66e-68	198
37P2R3-2A1_04280	37P2R3-2A1_04280	100.000	353	0	0	1	353	1	353	0.0	719
37P2R3-2A1_04280	38P2R3A13_02620	95.665	346	15	0	1	346	1	346	0.0	678
37P2R3-2A1_04280	18P3R3A11_04251	98.305	59	1	0	1	59	1	59	6.52e-34	119
37P2R3-2A1_04283	37P2R3-2A1_04283	100.000	290	0	0	1	290	1	290	0.0	594
37P2R3-2A1_04283	18P3R3A11_04254	97.931	290	6	0	1	290	1	290	0.0	586
37P2R3-2A1_04283	38P2R3A13_02623	96.897	290	9	0	1	290	1	290	0.0	580
37P2R3-2A1_04291	37P2R3-2A1_04291	100.000	77	0	0	1	77	1	77	4.17e-51	154
37P2R3-2A1_04291	38P2R3A13_08282	97.403	77	2	0	1	77	1	77	8.00e-50	150
37P2R3-2A1_04291	18P3R3A11_04263	97.403	77	2	0	1	77	1	77	1.78e-49	150
37P2R3-2A1_04329	37P2R3-2A1_04329	100.000	139	0	0	1	139	1	139	4.42e-98	278
37P2R3-2A1_04330	37P2R3-2A1_04330	100.000	166	0	0	1	166	1	166	1.57e-115	324
37P2R3-2A1_04389	37P2R3-2A1_04389	100.000	123	0	0	1	123	1	123	2.07e-85	244
37P2R3-2A1_04389	18P3R3A11_04426	96.748	123	4	0	1	123	1	123	7.77e-83	238
37P2R3-2A1_04408	37P2R3-2A1_04408	100.000	579	0	0	1	579	1	579	0.0	1201
37P2R3-2A1_04408	38P2R3A13_03051	98.432	574	9	0	1	574	1	574	0.0	1174
37P2R3-2A1_04408	38P2R3A13_06634	95.993	574	23	0	1	574	1	574	0.0	1155
37P2R3-2A1_04412	37P2R3-2A1_04412	100.000	87	0	0	1	87	1	87	3.56e-59	175
37P2R3-2A1_04413	37P2R3-2A1_04413	100.000	58	0	0	1	58	1	58	1.14e-37	119
37P2R3-2A1_04415	37P2R3-2A1_04415	100.000	91	0	0	1	91	1	91	2.88e-61	181
37P2R3-2A1_04415	18P3R3A11_04086	97.802	91	2	0	1	91	1	91	7.77e-60	177
37P2R3-2A1_04436	37P2R3-2A1_04436	100.000	192	0	0	1	192	1	192	6.10e-136	377
37P2R3-2A1_04436	18P3R3A11_04551	97.396	192	5	0	1	192	1	192	4.62e-131	365
37P2R3-2A1_04437	37P2R3-2A1_04437	100.000	486	0	0	1	486	1	486	0.0	1010
37P2R3-2A1_04437	18P3R3A11_04010	99.383	486	3	0	1	486	158	643	0.0	1008
37P2R3-2A1_04438	37P2R3-2A1_04438	100.000	145	0	0	1	145	1	145	2.95e-98	278
37P2R3-2A1_04438	18P3R3A11_04011	97.931	145	3	0	1	145	1	145	5.23e-96	273
37P2R3-2A1_04439	37P2R3-2A1_04439	100.000	62	0	0	1	62	1	62	3.83e-35	112
37P2R3-2A1_04440	37P2R3-2A1_04440	100.000	135	0	0	1	135	1	135	1.52e-93	266
37P2R3-2A1_04441	37P2R3-2A1_04441	100.000	176	0	0	1	176	1	176	3.19e-123	344
37P2R3-2A1_04443	37P2R3-2A1_04443	100.000	144	0	0	1	144	1	144	2.10e-93	266
38P2R3A13_00001	38P2R3A13_00001	100.000	508	0	0	1	508	1	508	0.0	1033
38P2R3A13_00002	38P2R3A13_00002	100.000	130	0	0	1	130	1	130	7.79e-93	263
38P2R3A13_00003	38P2R3A13_00003	100.000	150	0	0	1	150	1	150	3.07e-111	311
38P2R3A13_00004	38P2R3A13_00004	100.000	344	0	0	1	344	1	344	0.0	709
38P2R3A13_00005	38P2R3A13_00005	100.000	66	0	0	1	66	1	66	9.12e-41	127
38P2R3A13_00005	38P2R3A13_03694	95.455	66	3	0	1	66	1	66	1.10e-38	122
38P2R3A13_00006	38P2R3A13_00006	100.000	141	0	0	1	141	1	141	1.64e-103	291
38P2R3A13_00006	56P2R2A4_00530	97.163	141	4	0	1	141	1	141	2.91e-101	286
38P2R3A13_00007	38P2R3A13_00007	100.000	50	0	0	1	50	1	50	4.30e-32	104
38P2R3A13_00008	38P2R3A13_00008	100.000	370	0	0	1	370	1	370	0.0	746
38P2R3A13_00008	38P2R3A13_03698	95.676	370	16	0	1	370	1	370	0.0	721
38P2R3A13_00009	38P2R3A13_00009	100.000	1175	0	0	1	1175	1	1175	0.0	2437
38P2R3A13_00009	18P3R3A11_00809	96.511	1175	41	0	1	1175	1	1175	0.0	2369
38P2R3A13_00009	38P2R3A13_03699	96.426	1175	42	0	1	1175	1	1175	0.0	2361
38P2R3A13_00010	38P2R3A13_00010	100.000	89	0	0	1	89	1	89	8.31e-59	174
38P2R3A13_00010	18P3R3A11_00810	97.753	89	2	0	1	89	1	89	5.93e-58	172
38P2R3A13_00011	38P2R3A13_00011	100.000	146	0	0	1	146	1	146	1.18e-104	295
38P2R3A13_00011	56P2R2A4_00534	95.205	146	7	0	1	146	1	146	1.06e-99	282
38P2R3A13_00012	38P2R3A13_00012	100.000	43	0	0	1	43	1	43	2.93e-24	84.0
38P2R3A13_00013	38P2R3A13_00013	100.000	337	0	0	1	337	1	337	0.0	668
38P2R3A13_00014	38P2R3A13_00014	100.000	467	0	0	1	467	1	467	0.0	945
38P2R3A13_00014	18P3R3A11_00814	96.146	467	18	0	1	467	1	467	0.0	891
38P2R3A13_00015	38P2R3A13_00015	100.000	63	0	0	1	63	1	63	4.05e-43	133
38P2R3A13_00016	38P2R3A13_00016	100.000	470	0	0	1	470	1	470	0.0	970
38P2R3A13_00016	38P2R3A13_03706	97.234	470	13	0	1	470	1	470	0.0	949
38P2R3A13_00016	18P3R3A11_00817	97.447	470	12	0	1	470	1	470	0.0	947
38P2R3A13_00017	38P2R3A13_00017	100.000	382	0	0	1	382	1	382	0.0	792
38P2R3A13_00017	38P2R3A13_03707	97.644	382	9	0	1	382	1	382	0.0	775
38P2R3A13_00017	18P3R3A11_00819	97.120	382	11	0	1	382	1	382	0.0	773
38P2R3A13_00018	38P2R3A13_00018	100.000	338	0	0	1	338	1	338	0.0	691
38P2R3A13_00019	38P2R3A13_00019	100.000	315	0	0	1	315	1	315	0.0	619
38P2R3A13_00020	38P2R3A13_00020	100.000	269	0	0	1	269	1	269	0.0	526
38P2R3A13_00020	18P3R3A11_00822	96.654	269	9	0	1	269	1	269	0.0	510
38P2R3A13_00021	38P2R3A13_00021	100.000	475	0	0	1	475	1	475	0.0	974
38P2R3A13_00021	38P2R3A13_03711	95.789	475	20	0	1	475	1	475	0.0	914
38P2R3A13_00022	38P2R3A13_00022	100.000	252	0	0	1	252	1	252	0.0	522
38P2R3A13_00022	56P2R2A4_00545	95.635	252	11	0	1	252	1	252	0.0	503
38P2R3A13_00023	38P2R3A13_00023	100.000	726	0	0	1	726	1	726	0.0	1469
38P2R3A13_00024	38P2R3A13_00024	100.000	994	0	0	1	994	1	994	0.0	2045
38P2R3A13_00024	18P3R3A11_00830	96.076	994	39	0	1	994	1	994	0.0	1975
38P2R3A13_00024	38P2R3A13_03714	95.875	994	41	0	1	994	1	994	0.0	1972
38P2R3A13_00026	38P2R3A13_00026	100.000	533	0	0	1	533	1	533	0.0	1099
38P2R3A13_00026	18P3R3A11_00832	96.811	533	17	0	1	533	1	533	0.0	1073
38P2R3A13_00026	38P2R3A13_03716	95.872	533	22	0	1	533	1	533	0.0	1041
38P2R3A13_00027	38P2R3A13_00027	100.000	78	0	0	1	78	1	78	8.47e-51	153
38P2R3A13_00027	56P2R2A4_00550	96.154	78	3	0	1	78	1	78	7.24e-49	148
38P2R3A13_00028	38P2R3A13_00028	100.000	150	0	0	1	150	1	150	1.49e-99	282
38P2R3A13_00028	38P2R3A13_03718	98.000	150	3	0	1	150	1	150	3.93e-98	278
38P2R3A13_00028	18P3R3A11_00834	95.333	150	7	0	1	150	1	150	1.21e-95	272
38P2R3A13_00029	38P2R3A13_00029	100.000	173	0	0	1	173	1	173	1.36e-129	360
38P2R3A13_00030	38P2R3A13_00030	100.000	192	0	0	1	192	1	192	2.27e-142	394
38P2R3A13_00030	38P2R3A13_03720	98.378	185	3	0	8	192	1	185	4.83e-134	372
38P2R3A13_00031	38P2R3A13_00031	100.000	347	0	0	1	347	1	347	0.0	707
38P2R3A13_00032	38P2R3A13_00032	100.000	223	0	0	1	223	1	223	3.27e-167	459
38P2R3A13_00034	38P2R3A13_00034	100.000	354	0	0	1	354	1	354	0.0	716
38P2R3A13_00034	56P2R2A4_00557	97.740	354	8	0	1	354	1	354	0.0	702
38P2R3A13_00036	38P2R3A13_00036	100.000	105	0	0	1	105	1	105	4.26e-73	212
38P2R3A13_00037	38P2R3A13_00037	100.000	185	0	0	1	185	1	185	1.16e-134	374
38P2R3A13_00038	38P2R3A13_00038	100.000	133	0	0	1	133	1	133	8.34e-94	266
38P2R3A13_00039	38P2R3A13_00039	100.000	512	0	0	1	512	1	512	0.0	1057
38P2R3A13_00040	38P2R3A13_00040	100.000	180	0	0	1	180	1	180	3.34e-132	367
38P2R3A13_00041	38P2R3A13_00041	100.000	334	0	0	1	334	1	334	0.0	664
38P2R3A13_00042	38P2R3A13_00042	100.000	374	0	0	1	374	1	374	0.0	761
38P2R3A13_00042	18P3R3A11_00846	96.257	374	14	0	1	374	1	374	0.0	717
38P2R3A13_00043	38P2R3A13_00043	100.000	439	0	0	1	439	1	439	0.0	900
38P2R3A13_00043	18P3R3A11_00847	97.267	439	12	0	1	439	1	439	0.0	875
38P2R3A13_00043	38P2R3A13_03730	95.672	439	19	0	1	439	1	439	0.0	866
38P2R3A13_00046	38P2R3A13_00046	100.000	309	0	0	1	309	1	309	0.0	605
38P2R3A13_00046	18P3R3A11_00850	96.117	309	12	0	1	309	1	309	0.0	587
38P2R3A13_00048	38P2R3A13_00048	100.000	296	0	0	1	296	1	296	0.0	594
38P2R3A13_00048	56P2R2A4_00568	97.973	296	6	0	1	296	1	296	0.0	582
38P2R3A13_00049	38P2R3A13_00049	100.000	206	0	0	1	206	1	206	1.41e-152	421
38P2R3A13_00049	56P2R2A4_00569	96.117	206	8	0	1	206	1	206	9.25e-148	409
38P2R3A13_00050	38P2R3A13_00050	100.000	77	0	0	1	77	1	77	4.00e-53	159
38P2R3A13_00051	38P2R3A13_00051	100.000	334	0	0	1	334	1	334	0.0	690
38P2R3A13_00052	38P2R3A13_00052	100.000	562	0	0	1	562	1	562	0.0	1170
38P2R3A13_00053	38P2R3A13_00053	100.000	316	0	0	1	316	1	316	0.0	622
38P2R3A13_00054	38P2R3A13_00054	100.000	444	0	0	1	444	1	444	0.0	879
38P2R3A13_00055	38P2R3A13_00055	100.000	212	0	0	1	212	1	212	2.32e-155	428
38P2R3A13_00055	56P2R2A4_00575	95.283	212	10	0	1	212	1	212	1.34e-148	411
38P2R3A13_00056	38P2R3A13_00056	100.000	493	0	0	1	493	1	493	0.0	1010
38P2R3A13_00056	56P2R2A4_00576	96.349	493	18	0	1	493	1	493	0.0	971
38P2R3A13_00057	38P2R3A13_00057	100.000	152	0	0	1	152	1	152	7.08e-114	318
38P2R3A13_00058	38P2R3A13_00058	100.000	101	0	0	1	101	1	101	2.46e-70	204
38P2R3A13_00058	18P3R3A11_00860	96.040	101	4	0	1	101	1	101	7.06e-67	196
38P2R3A13_00059	38P2R3A13_00059	100.000	700	0	0	1	700	1	700	0.0	1435
38P2R3A13_00059	18P3R3A11_00861	97.000	700	21	0	1	700	1	700	0.0	1405
38P2R3A13_00059	38P2R3A13_03739	97.000	700	21	0	1	700	1	700	0.0	1404
38P2R3A13_00061	38P2R3A13_00061	100.000	282	0	0	1	282	1	282	0.0	584
38P2R3A13_00061	18P3R3A11_00864	95.035	282	14	0	1	282	1	282	0.0	557
38P2R3A13_00062	38P2R3A13_00062	100.000	198	0	0	1	198	1	198	2.88e-145	402
38P2R3A13_00063	38P2R3A13_00063	100.000	496	0	0	1	496	1	496	0.0	952
38P2R3A13_00064	38P2R3A13_00064	100.000	628	0	0	1	628	1	628	0.0	1263
38P2R3A13_00065	38P2R3A13_00065	100.000	409	0	0	1	409	1	409	0.0	840
38P2R3A13_00066	38P2R3A13_00066	100.000	161	0	0	1	161	1	161	6.43e-119	332
38P2R3A13_00066	56P2R2A4_00586	97.516	161	4	0	1	161	1	161	4.96e-117	327
38P2R3A13_00066	18P3R3A11_00873	95.652	161	7	0	1	161	1	161	2.73e-114	320
38P2R3A13_00067	38P2R3A13_00067	100.000	386	0	0	1	386	1	386	0.0	777
38P2R3A13_00067	18P3R3A11_00874	96.114	386	15	0	1	386	1	386	0.0	751
38P2R3A13_00068	38P2R3A13_00068	100.000	240	0	0	1	240	1	240	1.20e-174	479
38P2R3A13_00068	18P3R3A11_00875	96.250	240	9	0	1	240	1	240	7.80e-169	465
38P2R3A13_00068	56P2R2A4_00588	97.500	240	6	0	1	240	1	240	9.20e-169	464
38P2R3A13_00069	38P2R3A13_00069	100.000	256	0	0	1	256	1	256	0.0	526
38P2R3A13_00070	38P2R3A13_00070	100.000	369	0	0	1	369	1	369	0.0	728
38P2R3A13_00071	38P2R3A13_00071	100.000	305	0	0	1	305	1	305	0.0	588
38P2R3A13_00071	56P2R2A4_00591	97.049	305	9	0	1	305	1	305	0.0	576
