38P2R3A13_00868	38P2R3A13_00868	100.000	192	0	0	1	192	1	192	4.91e-141	390
38P2R3A13_00868	18P3R3A11_03131	95.833	192	8	0	1	192	1	192	7.71e-134	372
38P2R3A13_00868	38P2R3A13_07774	95.312	192	9	0	1	192	1	192	1.11e-133	372
38P2R3A13_00869	38P2R3A13_00869	100.000	321	0	0	1	321	1	321	0.0	652
38P2R3A13_00869	18P3R3A11_03132	95.639	321	14	0	1	321	1	321	0.0	623
38P2R3A13_00872	38P2R3A13_00872	100.000	257	0	0	1	257	1	257	0.0	502
38P2R3A13_00872	56P2R2A4_01282	96.887	257	8	0	1	257	1	257	8.11e-178	489
38P2R3A13_00873	38P2R3A13_00873	100.000	871	0	0	1	871	1	871	0.0	1813
38P2R3A13_00873	38P2R3A13_07779	96.785	871	28	0	1	871	1	871	0.0	1759
38P2R3A13_00873	18P3R3A11_03136	96.785	871	28	0	1	871	1	871	0.0	1759
38P2R3A13_00874	38P2R3A13_00874	100.000	401	0	0	1	401	1	401	0.0	834
38P2R3A13_00874	56P2R2A4_01280	97.756	401	9	0	1	401	1	401	0.0	818
38P2R3A13_00874	38P2R3A13_08615	96.509	401	14	0	1	401	1	401	0.0	813
38P2R3A13_00876	38P2R3A13_00876	100.000	378	0	0	1	378	1	378	0.0	753
38P2R3A13_00878	38P2R3A13_00878	100.000	216	0	0	1	216	1	216	2.59e-161	444
38P2R3A13_00878	18P3R3A11_03141	96.759	216	7	0	1	216	1	216	7.92e-156	430
38P2R3A13_00880	38P2R3A13_00880	100.000	608	0	0	1	608	1	608	0.0	1241
38P2R3A13_00880	38P2R3A13_07770	95.559	608	27	0	1	608	1	608	0.0	1196
38P2R3A13_00881	38P2R3A13_00881	100.000	1484	0	0	1	1484	1	1484	0.0	3010
38P2R3A13_00881	38P2R3A13_07771	97.709	1484	34	0	1	1484	1	1484	0.0	2961
38P2R3A13_00881	18P3R3A11_03144	97.776	1484	32	1	1	1484	1	1483	0.0	2953
38P2R3A13_00881	34P3R2A10_03140	95.425	459	21	0	1020	1478	1	459	0.0	899
38P2R3A13_00884	38P2R3A13_00884	100.000	260	0	0	1	260	1	260	0.0	545
38P2R3A13_00884	47P2R3A6_02375	96.154	260	10	0	1	260	1	260	0.0	530
38P2R3A13_00885	38P2R3A13_00885	100.000	260	0	0	1	260	1	260	0.0	519
38P2R3A13_00885	18P3R3A11_03148	95.385	260	12	0	1	260	1	260	1.00e-167	464
38P2R3A13_00886	38P2R3A13_00886	100.000	298	0	0	1	298	1	298	0.0	608
38P2R3A13_00886	38P2R3A13_07429	96.980	298	9	0	1	298	1	298	0.0	592
38P2R3A13_00886	18P3R3A11_03149	95.638	298	13	0	1	298	1	298	0.0	583
38P2R3A13_00887	38P2R3A13_00887	100.000	249	0	0	1	249	1	249	0.0	506
38P2R3A13_00887	38P2R3A13_07428	97.189	249	7	0	1	249	1	249	2.07e-180	495
38P2R3A13_00887	18P3R3A11_03150	97.189	249	7	0	1	249	1	249	4.13e-180	494
38P2R3A13_00889	38P2R3A13_00889	100.000	410	0	0	1	410	1	410	0.0	838
38P2R3A13_00890	38P2R3A13_00890	100.000	326	0	0	1	326	1	326	0.0	648
38P2R3A13_00890	56P2R2A4_01264	97.853	326	7	0	1	326	1	326	0.0	634
38P2R3A13_00891	38P2R3A13_00891	100.000	583	0	0	1	583	1	583	0.0	1192
38P2R3A13_00891	18P3R3A11_03154	97.079	582	17	0	1	582	1	582	0.0	1162
38P2R3A13_00891	38P2R3A13_07424	96.226	583	22	0	1	583	1	583	0.0	1156
38P2R3A13_00891	10P3R2A13_01582	95.197	583	28	0	1	583	1	583	0.0	1147
38P2R3A13_00892	38P2R3A13_00892	100.000	755	0	0	1	755	1	755	0.0	1514
38P2R3A13_00896	38P2R3A13_00896	100.000	428	0	0	1	428	1	428	0.0	880
38P2R3A13_00896	18P3R3A11_03159	97.430	428	11	0	1	428	1	428	0.0	861
38P2R3A13_00896	38P2R3A13_08345	96.495	428	15	0	1	428	1	428	0.0	853
38P2R3A13_00897	38P2R3A13_00897	100.000	351	0	0	1	351	1	351	0.0	729
38P2R3A13_00897	47P2R3A6_02388	96.296	351	13	0	1	351	13	363	0.0	710
38P2R3A13_00897	18P3R3A11_03160	95.157	351	17	0	1	351	1	351	0.0	702
38P2R3A13_00897	38P2R3A13_08344	96.243	346	13	0	6	351	1	346	0.0	700
38P2R3A13_00899	38P2R3A13_00899	100.000	587	0	0	1	587	1	587	0.0	1212
38P2R3A13_00899	18P3R3A11_03162	97.785	587	13	0	1	587	1	587	0.0	1188
38P2R3A13_00899	38P2R3A13_08407	97.274	587	16	0	1	587	1	587	0.0	1185
38P2R3A13_00900	38P2R3A13_00900	100.000	286	0	0	1	286	1	286	0.0	577
38P2R3A13_00900	18P3R3A11_03163	98.529	272	4	0	15	286	1	272	0.0	544
38P2R3A13_00900	42P1R1A12_02831	95.956	272	11	0	15	286	1	272	0.0	534
38P2R3A13_00903	38P2R3A13_00903	100.000	174	0	0	1	174	1	174	1.89e-123	345
38P2R3A13_00905	38P2R3A13_00905	100.000	288	0	0	1	288	1	288	0.0	556
38P2R3A13_00905	18P3R3A11_03168	97.917	288	6	0	1	288	1	288	0.0	545
38P2R3A13_00909	38P2R3A13_00909	100.000	448	0	0	1	448	1	448	0.0	923
38P2R3A13_00909	18P3R3A11_03172	97.545	448	11	0	1	448	1	448	0.0	904
38P2R3A13_00909	38P2R3A13_07874	97.321	448	12	0	1	448	1	448	0.0	901
38P2R3A13_00909	31P2R1A5_01659	95.312	448	21	0	1	448	1	448	0.0	886
38P2R3A13_00911	38P2R3A13_00911	100.000	1242	0	0	1	1242	1	1242	0.0	2513
38P2R3A13_00911	1P1R1A1_01495	95.914	514	21	0	729	1242	869	1382	0.0	998
38P2R3A13_00911	25P2R1A13_03937	95.914	514	21	0	729	1242	817	1330	0.0	996
38P2R3A13_00911	15P1R1A16_04827	96.443	506	18	0	737	1242	1	506	0.0	990
38P2R3A13_00911	47P2R3A6_02862	98.054	514	10	0	729	1242	742	1255	0.0	974
38P2R3A13_00911	38P2R3A13_07872	97.860	514	11	0	729	1242	705	1218	0.0	971
38P2R3A13_00911	51P2R2A10_01470	95.914	514	21	0	729	1242	860	1373	0.0	969
38P2R3A13_00914	38P2R3A13_00914	100.000	589	0	0	1	589	1	589	0.0	1185
38P2R3A13_00914	38P2R3A13_08176	95.756	589	25	0	1	589	1	589	0.0	1140
38P2R3A13_00914	18P3R3A11_03177	95.076	589	29	0	1	589	1	589	0.0	1135
38P2R3A13_00915	38P2R3A13_00915	100.000	574	0	0	1	574	1	574	0.0	1149
38P2R3A13_00916	38P2R3A13_00916	100.000	235	0	0	1	235	1	235	2.06e-177	486
38P2R3A13_00918	38P2R3A13_00918	100.000	509	0	0	1	509	1	509	0.0	1051
38P2R3A13_00918	56P2R2A4_01236	95.481	509	23	0	1	509	1	509	0.0	1009
38P2R3A13_00919	38P2R3A13_00919	100.000	518	0	0	1	518	1	518	0.0	1058
38P2R3A13_00920	38P2R3A13_00920	100.000	422	0	0	1	422	1	422	0.0	885
38P2R3A13_00921	38P2R3A13_00921	100.000	109	0	0	1	109	1	109	1.09e-76	221
38P2R3A13_00925	38P2R3A13_00925	100.000	647	0	0	1	647	1	647	0.0	1314
38P2R3A13_00925	18P3R3A11_02765	97.527	647	16	0	1	647	1	647	0.0	1286
38P2R3A13_00925	38P2R3A13_05312	97.682	647	15	0	1	647	1	647	0.0	1284
38P2R3A13_00926	38P2R3A13_00926	100.000	372	0	0	1	372	1	372	0.0	741
38P2R3A13_00926	18P3R3A11_02766	97.581	372	9	0	1	372	1	372	0.0	724
38P2R3A13_00926	38P2R3A13_05311	95.161	372	18	0	1	372	1	372	0.0	707
38P2R3A13_00927	38P2R3A13_00927	100.000	319	0	0	1	319	1	319	0.0	665
38P2R3A13_00927	56P2R2A4_01227	97.492	319	8	0	1	319	1	319	0.0	648
38P2R3A13_00928	38P2R3A13_00928	100.000	553	0	0	1	553	1	553	0.0	1118
38P2R3A13_00928	38P2R3A13_05309	96.926	553	17	0	1	553	1	553	0.0	1093
38P2R3A13_00928	18P3R3A11_02768	95.841	553	23	0	1	553	1	553	0.0	1061
38P2R3A13_00929	38P2R3A13_00929	100.000	232	0	0	1	232	1	232	2.38e-162	447
38P2R3A13_00929	38P2R3A13_05308	99.138	232	2	0	1	232	9	240	3.36e-161	445
38P2R3A13_00929	18P3R3A11_02769	97.414	232	6	0	1	232	1	232	1.13e-159	441
38P2R3A13_00929	31P2R1A5_01674	95.690	232	10	0	1	232	1	232	8.81e-158	436
38P2R3A13_00930	38P2R3A13_00930	100.000	300	0	0	1	300	1	300	0.0	587
38P2R3A13_00932	38P2R3A13_00932	100.000	323	0	0	1	323	1	323	0.0	673
38P2R3A13_00932	56P2R2A4_01222	97.523	323	8	0	1	323	1	323	0.0	657
38P2R3A13_00932	37P2R3-2A1_00120	95.356	323	15	0	1	323	1	323	0.0	644
38P2R3A13_00932	18P3R3A11_02772	95.356	323	15	0	1	323	1	323	0.0	644
38P2R3A13_00933	38P2R3A13_00933	100.000	145	0	0	1	145	1	145	6.16e-97	275
38P2R3A13_00933	56P2R2A4_01221	97.931	145	3	0	1	145	1	145	3.53e-95	271
38P2R3A13_00933	18P3R3A11_02773	95.862	145	6	0	1	145	1	145	7.63e-94	267
38P2R3A13_00933	37P2R3-2A1_00119	95.172	145	7	0	1	145	1	145	2.05e-92	264
38P2R3A13_00935	38P2R3A13_00935	100.000	334	0	0	1	334	1	334	0.0	686
38P2R3A13_00935	18P3R3A11_02775	97.305	334	9	0	1	334	1	334	0.0	669
38P2R3A13_00936	38P2R3A13_00936	100.000	479	0	0	1	479	1	479	0.0	983
38P2R3A13_00936	18P3R3A11_02776	95.807	477	20	0	1	477	1	477	0.0	937
38P2R3A13_00936	37P2R3-2A1_00116	95.178	477	23	0	1	477	1	477	0.0	929
38P2R3A13_00938	38P2R3A13_00938	100.000	277	0	0	1	277	1	277	0.0	570
38P2R3A13_00938	56P2R2A4_01216	97.834	277	6	0	1	277	1	277	0.0	558
38P2R3A13_00939	38P2R3A13_00939	100.000	108	0	0	1	108	1	108	6.75e-74	214
38P2R3A13_00939	18P3R3A11_02798	96.296	108	4	0	1	108	1	108	6.73e-71	206
38P2R3A13_00940	38P2R3A13_00940	100.000	173	0	0	1	173	1	173	5.36e-128	356
38P2R3A13_00940	56P2R2A4_01214	97.688	173	4	0	1	173	1	173	2.95e-125	349
38P2R3A13_00940	38P2R3A13_05279	95.376	173	8	0	1	173	1	173	4.35e-123	343
38P2R3A13_00944	38P2R3A13_00944	100.000	223	0	0	1	223	1	223	1.75e-161	445
38P2R3A13_00944	18P3R3A11_02803	97.309	223	6	0	1	223	1	223	3.28e-158	436
38P2R3A13_00946	38P2R3A13_00946	100.000	491	0	0	1	491	1	491	0.0	996
38P2R3A13_00947	38P2R3A13_00947	100.000	241	0	0	1	241	1	241	2.93e-179	491
38P2R3A13_00948	38P2R3A13_00948	100.000	199	0	0	1	199	1	199	6.35e-144	398
38P2R3A13_00949	38P2R3A13_00949	100.000	257	0	0	1	257	1	257	0.0	537
38P2R3A13_00950	38P2R3A13_00950	100.000	82	0	0	1	82	1	82	6.16e-51	154
38P2R3A13_00951	38P2R3A13_00951	100.000	376	0	0	1	376	1	376	0.0	780
38P2R3A13_00951	56P2R2A4_01206	97.340	376	10	0	1	376	1	376	0.0	758
38P2R3A13_00951	18P3R3A11_02807	95.200	375	18	0	1	375	1	375	0.0	752
38P2R3A13_00951	37P2R3-2A1_00086	95.467	375	17	0	1	375	1	375	0.0	750
38P2R3A13_00952	38P2R3A13_00952	100.000	158	0	0	1	158	1	158	1.17e-112	316
38P2R3A13_00954	38P2R3A13_00954	100.000	318	0	0	1	318	1	318	0.0	638
38P2R3A13_00954	18P3R3A11_02810	96.855	318	10	0	1	318	1	318	0.0	625
38P2R3A13_00954	38P2R3A13_07552	96.226	318	12	0	1	318	1	318	0.0	596
38P2R3A13_00959	38P2R3A13_00959	100.000	241	0	0	1	241	1	241	0.0	502
38P2R3A13_00959	18P3R3A11_02815	97.925	241	5	0	1	241	1	241	2.35e-179	491
38P2R3A13_00959	56P2R2A4_01198	97.510	241	6	0	1	241	1	241	4.30e-179	491
38P2R3A13_00959	38P2R3A13_07332	95.851	241	10	0	1	241	1	241	3.84e-166	458
38P2R3A13_00961	38P2R3A13_00961	100.000	125	0	0	1	125	1	125	3.01e-87	249
38P2R3A13_00963	38P2R3A13_00963	100.000	107	0	0	1	107	1	107	2.65e-76	220
38P2R3A13_00963	56P2R2A4_01194	96.262	107	4	0	1	107	1	107	2.70e-73	212
38P2R3A13_00964	38P2R3A13_00964	100.000	430	0	0	1	430	1	430	0.0	836
38P2R3A13_00964	18P3R3A11_02826	97.209	430	12	0	1	430	1	430	0.0	818
38P2R3A13_00965	38P2R3A13_00965	100.000	144	0	0	1	144	1	144	4.18e-104	293
38P2R3A13_00966	38P2R3A13_00966	100.000	257	0	0	1	257	1	257	0.0	507
38P2R3A13_00967	38P2R3A13_00967	100.000	184	0	0	1	184	1	184	5.57e-139	385
38P2R3A13_00967	18P3R3A11_02829	96.703	182	6	0	1	182	1	182	5.69e-134	372
38P2R3A13_00967	38P2R3A13_07324	96.739	184	6	0	1	184	1	184	7.24e-134	372
38P2R3A13_00968	38P2R3A13_00968	100.000	405	0	0	1	405	1	405	0.0	798
38P2R3A13_00968	18P3R3A11_02830	96.049	405	16	0	1	405	1	405	0.0	766
38P2R3A13_00968	38P2R3A13_07323	95.309	405	19	0	1	405	1	405	0.0	761
38P2R3A13_00969	38P2R3A13_00969	100.000	271	0	0	1	271	1	271	0.0	556
38P2R3A13_00969	56P2R2A4_01188	95.203	271	13	0	1	271	1	271	0.0	532
38P2R3A13_00969	38P2R3A13_07736	97.810	137	3	0	135	271	1	137	1.71e-94	274
38P2R3A13_00970	38P2R3A13_00970	100.000	411	0	0	1	411	1	411	0.0	816
38P2R3A13_00970	38P2R3A13_07737	96.837	411	13	0	1	411	1	411	0.0	792
38P2R3A13_00970	18P3R3A11_02832	95.864	411	17	0	1	411	1	411	0.0	788
38P2R3A13_00971	38P2R3A13_00971	100.000	243	0	0	1	243	1	243	2.09e-179	492
38P2R3A13_00971	56P2R2A4_01186	96.708	243	8	0	1	243	1	243	5.65e-174	478
38P2R3A13_00972	38P2R3A13_00972	100.000	203	0	0	1	203	1	203	1.07e-145	403
38P2R3A13_00972	56P2R2A4_01185	95.074	203	10	0	1	203	1	203	9.69e-139	385
38P2R3A13_00974	38P2R3A13_00974	100.000	402	0	0	1	402	1	402	0.0	823
38P2R3A13_00974	18P3R3A11_02836	97.512	402	10	0	1	402	1	402	0.0	809
38P2R3A13_00975	38P2R3A13_00975	100.000	209	0	0	1	209	1	209	2.01e-156	431
38P2R3A13_00976	38P2R3A13_00976	100.000	373	0	0	1	373	1	373	0.0	749
38P2R3A13_00976	56P2R2A4_01181	97.587	373	9	0	1	373	1	373	0.0	733
38P2R3A13_00977	38P2R3A13_00977	100.000	128	0	0	1	128	1	128	8.78e-91	258
38P2R3A13_00977	18P3R3A11_02839	95.312	128	6	0	1	128	1	128	2.90e-86	247
38P2R3A13_00980	38P2R3A13_00980	100.000	307	0	0	1	307	1	307	0.0	616
38P2R3A13_00980	38P2R3A13_06174	97.394	307	8	0	1	307	1	307	0.0	599
38P2R3A13_00980	18P3R3A11_02842	96.417	307	11	0	1	307	1	307	0.0	597
38P2R3A13_00981	38P2R3A13_00981	100.000	513	0	0	1	513	1	513	0.0	1047
38P2R3A13_00981	18P3R3A11_02843	97.856	513	11	0	1	513	1	513	0.0	1027
38P2R3A13_00981	38P2R3A13_06175	97.076	513	15	0	1	513	1	513	0.0	1022
38P2R3A13_00982	38P2R3A13_00982	100.000	624	0	0	1	624	1	624	0.0	1258
38P2R3A13_00982	38P2R3A13_06176	95.833	624	26	0	1	624	1	624	0.0	1209
38P2R3A13_00983	38P2R3A13_00983	100.000	315	0	0	1	315	1	315	0.0	635
38P2R3A13_00983	18P3R3A11_02845	96.805	313	10	0	3	315	1	313	0.0	612
38P2R3A13_00983	38P2R3A13_06177	95.873	315	13	0	1	315	1	315	0.0	606
38P2R3A13_00984	38P2R3A13_00984	100.000	411	0	0	1	411	1	411	0.0	837
38P2R3A13_00984	56P2R2A4_01171	96.837	411	13	0	1	411	1	411	0.0	812
38P2R3A13_00984	18P3R3A11_02846	95.864	411	17	0	1	411	1	411	0.0	808
38P2R3A13_00985	38P2R3A13_00985	100.000	251	0	0	1	251	1	251	0.0	513
38P2R3A13_00985	56P2R2A4_01170	97.211	251	7	0	1	251	1	251	0.0	499
38P2R3A13_00985	18P3R3A11_02847	95.219	251	12	0	1	251	1	251	1.90e-162	449
38P2R3A13_00986	38P2R3A13_00986	100.000	221	0	0	1	221	1	221	2.96e-160	441
38P2R3A13_00986	18P3R3A11_02848	97.285	221	6	0	1	221	1	221	1.63e-155	429
38P2R3A13_00986	38P2R3A13_06180	95.475	221	10	0	1	221	1	221	4.85e-153	423
38P2R3A13_00987	38P2R3A13_00987	100.000	300	0	0	1	300	1	300	0.0	624
38P2R3A13_00987	18P3R3A11_02849	96.333	300	11	0	1	300	1	300	0.0	606
38P2R3A13_00989	38P2R3A13_00989	100.000	272	0	0	1	272	1	272	0.0	558
38P2R3A13_00989	18P3R3A11_02851	95.588	272	12	0	1	272	1	272	0.0	536
38P2R3A13_00991	38P2R3A13_00991	100.000	358	0	0	1	358	1	358	0.0	733
38P2R3A13_00991	18P3R3A11_02853	96.648	358	12	0	1	358	1	358	0.0	713
38P2R3A13_00993	38P2R3A13_00993	100.000	788	0	0	1	788	1	788	0.0	1640
38P2R3A13_00993	37P2R3-2A1_00042	97.081	788	23	0	1	788	1	788	0.0	1602
38P2R3A13_00993	18P3R3A11_02855	97.208	788	22	0	1	788	1	788	0.0	1600
38P2R3A13_00995	38P2R3A13_00995	100.000	307	0	0	1	307	1	307	0.0	627
38P2R3A13_00995	47P2R3A6_02958	99.023	307	3	0	1	307	23	329	0.0	624
38P2R3A13_00995	18P3R3A11_02857	96.091	307	12	0	1	307	1	307	0.0	610
38P2R3A13_00995	38P2R3A13_07089	98.233	283	5	0	25	307	1	283	0.0	570
38P2R3A13_00996	38P2R3A13_00996	100.000	239	0	0	1	239	1	239	0.0	499
38P2R3A13_00998	38P2R3A13_00998	100.000	459	0	0	1	459	1	459	0.0	963
38P2R3A13_00998	18P3R3A11_02860	97.386	459	12	0	1	459	1	459	0.0	945
38P2R3A13_00998	38P2R3A13_07092	95.861	459	19	0	1	459	1	459	0.0	927
38P2R3A13_00999	38P2R3A13_00999	100.000	347	0	0	1	347	1	347	0.0	708
38P2R3A13_00999	38P2R3A13_07093	97.695	347	8	0	1	347	1	347	0.0	696
38P2R3A13_00999	18P3R3A11_02861	95.652	345	15	0	1	345	1	345	0.0	677
38P2R3A13_01000	38P2R3A13_01000	100.000	508	0	0	1	508	1	508	0.0	1021
38P2R3A13_01000	18P3R3A11_02862	97.835	508	11	0	1	508	1	508	0.0	1003
38P2R3A13_01001	38P2R3A13_01001	100.000	524	0	0	1	524	1	524	0.0	1060
38P2R3A13_01001	38P2R3A13_07095	97.519	524	13	0	1	524	1	524	0.0	1038
38P2R3A13_01001	18P3R3A11_02863	96.947	524	16	0	1	524	1	524	0.0	1036
38P2R3A13_01002	38P2R3A13_01002	100.000	365	0	0	1	365	1	365	0.0	730
38P2R3A13_01002	18P3R3A11_02864	96.986	365	11	0	1	365	1	365	0.0	714
38P2R3A13_01002	38P2R3A13_07096	95.068	365	18	0	1	365	1	365	0.0	660
38P2R3A13_01003	38P2R3A13_01003	100.000	370	0	0	1	370	1	370	0.0	727
38P2R3A13_01004	38P2R3A13_01004	100.000	158	0	0	1	158	1	158	6.67e-113	317
38P2R3A13_01004	18P3R3A11_02866	96.203	158	6	0	1	158	1	158	2.30e-108	305
38P2R3A13_01005	38P2R3A13_01005	100.000	43	0	0	1	43	1	43	2.65e-26	89.4
38P2R3A13_01005	47P2R3A6_02968	95.455	44	1	1	1	43	1	44	1.66e-23	82.4
38P2R3A13_01006	38P2R3A13_01006	100.000	528	0	0	1	528	1	528	0.0	1097
38P2R3A13_01007	38P2R3A13_01007	100.000	173	0	0	1	173	1	173	2.98e-125	349
38P2R3A13_01007	47P2R3A6_02970	97.688	173	4	0	1	173	1	173	1.11e-121	340
38P2R3A13_01007	38P2R3A13_08509	96.429	112	4	0	62	173	1	112	1.52e-74	219
38P2R3A13_01008	38P2R3A13_01008	100.000	296	0	0	1	296	1	296	0.0	572
38P2R3A13_01012	38P2R3A13_01012	100.000	241	0	0	1	241	1	241	2.14e-177	486
38P2R3A13_01012	37P2R3-2A1_00023	97.510	241	6	0	1	241	1	241	2.13e-173	476
38P2R3A13_01012	10P3R2A13_02637	95.021	241	12	0	1	241	1	241	7.98e-169	465
38P2R3A13_01012	18P3R3A11_04508	96.226	53	2	0	189	241	1	53	1.17e-29	105
38P2R3A13_01013	38P2R3A13_01013	100.000	738	0	0	1	738	1	738	0.0	1494
38P2R3A13_01014	38P2R3A13_01014	100.000	304	0	0	1	304	1	304	0.0	635
38P2R3A13_01015	38P2R3A13_01015	100.000	89	0	0	1	89	1	89	4.53e-60	177
38P2R3A13_01016	38P2R3A13_01016	100.000	89	0	0	1	89	1	89	4.03e-62	183
38P2R3A13_01016	56P2R2A4_01139	95.506	89	4	0	1	89	1	89	2.08e-59	176
38P2R3A13_01018	38P2R3A13_01018	100.000	321	0	0	1	321	1	321	0.0	656
38P2R3A13_01021	38P2R3A13_01021	100.000	226	0	0	1	226	1	226	3.57e-168	462
38P2R3A13_01021	56P2R2A4_01129	96.460	226	8	0	1	226	1	226	2.30e-162	447
38P2R3A13_01021	18P3R3A11_04494	96.018	226	9	0	1	226	1	226	8.21e-162	446
38P2R3A13_01022	38P2R3A13_01022	100.000	332	0	0	1	332	1	332	0.0	674
38P2R3A13_01022	56P2R2A4_01128	97.892	332	7	0	1	332	1	332	0.0	662
38P2R3A13_01022	38P2R3A13_05845	96.084	332	13	0	1	332	1	332	0.0	655
38P2R3A13_01022	18P3R3A11_04493	95.181	332	16	0	1	332	1	332	0.0	566
38P2R3A13_01027	38P2R3A13_01027	100.000	254	0	0	1	254	1	254	0.0	526
38P2R3A13_01027	38P2R3A13_05850	97.244	254	7	0	1	254	1	254	0.0	513
38P2R3A13_01027	18P3R3A11_04488	95.669	254	11	0	1	254	1	254	0.0	507
38P2R3A13_01028	38P2R3A13_01028	100.000	413	0	0	1	413	1	413	0.0	847
38P2R3A13_01028	18P3R3A11_04487	96.368	413	15	0	1	413	1	413	0.0	821
38P2R3A13_01028	38P2R3A13_05851	96.618	414	13	1	1	413	1	414	0.0	818
38P2R3A13_01029	38P2R3A13_01029	100.000	321	0	0	1	321	1	321	0.0	638
38P2R3A13_01029	18P3R3A11_04486	96.573	321	11	0	1	321	1	321	0.0	621
38P2R3A13_01029	38P2R3A13_05852	96.262	321	12	0	1	321	1	321	0.0	620
38P2R3A13_01031	38P2R3A13_01031	100.000	151	0	0	1	151	1	151	2.39e-109	307
38P2R3A13_01031	18P3R3A11_01364	95.364	151	7	0	1	151	1	151	6.57e-104	293
38P2R3A13_01032	38P2R3A13_01032	100.000	82	0	0	1	82	1	82	9.63e-55	164
38P2R3A13_01032	56P2R2A4_01118	97.561	82	2	0	1	82	1	82	1.87e-53	160
38P2R3A13_01032	18P3R3A11_01363	95.122	82	4	0	1	82	1	82	4.82e-52	157
38P2R3A13_01034	38P2R3A13_01034	100.000	171	0	0	1	171	1	171	1.41e-126	352
38P2R3A13_01034	18P3R3A11_01361	97.661	171	4	0	1	171	1	171	7.60e-124	345
38P2R3A13_01034	38P2R3A13_06206	96.491	171	6	0	1	171	1	171	3.04e-122	341
38P2R3A13_01035	38P2R3A13_01035	100.000	330	0	0	1	330	1	330	0.0	685
38P2R3A13_01035	38P2R3A13_06205	97.576	330	8	0	1	330	1	330	0.0	671
38P2R3A13_01035	18P3R3A11_01360	96.970	330	10	0	1	330	1	330	0.0	666
38P2R3A13_01038	38P2R3A13_01038	100.000	241	0	0	1	241	1	241	0.0	496
38P2R3A13_01039	38P2R3A13_01039	100.000	239	0	0	1	239	1	239	3.87e-177	486
38P2R3A13_01039	56P2R2A4_01111	97.009	234	7	0	6	239	1	234	1.57e-167	461
38P2R3A13_01040	38P2R3A13_01040	100.000	252	0	0	1	252	1	252	0.0	514
38P2R3A13_01040	56P2R2A4_01110	96.429	252	9	0	1	252	1	252	0.0	498
38P2R3A13_01040	18P3R3A11_01355	95.238	252	12	0	1	252	1	252	2.05e-170	470
38P2R3A13_01041	38P2R3A13_01041	100.000	386	0	0	1	386	1	386	0.0	778
38P2R3A13_01041	18P3R3A11_01354	96.632	386	13	0	1	386	1	386	0.0	751
38P2R3A13_01046	38P2R3A13_01046	100.000	562	0	0	1	562	1	562	0.0	1166
38P2R3A13_01046	38P2R3A13_06194	97.687	562	13	0	1	562	1	562	0.0	1143
38P2R3A13_01046	18P3R3A11_01349	97.865	562	12	0	1	562	1	562	0.0	1140
38P2R3A13_01047	38P2R3A13_01047	100.000	245	0	0	1	245	1	245	0.0	504
38P2R3A13_01047	18P3R3A11_01348	96.735	245	8	0	1	245	1	245	4.93e-178	488
38P2R3A13_01048	38P2R3A13_01048	100.000	313	0	0	1	313	1	313	0.0	640
38P2R3A13_01049	38P2R3A13_01049	100.000	408	0	0	1	408	1	408	0.0	839
38P2R3A13_01050	38P2R3A13_01050	100.000	428	0	0	1	428	1	428	0.0	876
38P2R3A13_01050	38P2R3A13_06190	96.495	428	15	0	1	428	1	428	0.0	852
38P2R3A13_01051	38P2R3A13_01051	100.000	332	0	0	1	332	1	332	0.0	689
38P2R3A13_01051	18P3R3A11_01343	97.590	332	8	0	1	332	1	332	0.0	676
38P2R3A13_01051	38P2R3A13_06189	96.687	332	11	0	1	332	1	332	0.0	672
38P2R3A13_01052	38P2R3A13_01052	100.000	74	0	0	1	74	1	74	1.49e-49	150
38P2R3A13_01052	18P3R3A11_01342	100.000	71	0	0	1	71	1	71	1.16e-46	149
38P2R3A13_01052	56P2R2A4_01098	100.000	71	0	0	1	71	1	71	1.38e-46	149
38P2R3A13_01053	38P2R3A13_01053	100.000	281	0	0	1	281	1	281	0.0	584
38P2R3A13_01054	38P2R3A13_01054	100.000	257	0	0	1	257	1	257	0.0	518
38P2R3A13_01055	38P2R3A13_01055	100.000	220	0	0	1	220	1	220	1.06e-162	447
38P2R3A13_01059	38P2R3A13_01059	100.000	157	0	0	1	157	1	157	5.52e-115	322
38P2R3A13_01059	18P3R3A11_01211	97.403	154	4	0	1	154	1	154	2.39e-109	308
38P2R3A13_01061	38P2R3A13_01061	100.000	400	0	0	1	400	1	400	0.0	824
38P2R3A13_01061	18P3R3A11_01209	97.500	400	10	0	1	400	1	400	0.0	809
38P2R3A13_01062	38P2R3A13_01062	100.000	414	0	0	1	414	1	414	0.0	845
38P2R3A13_01062	18P3R3A11_01208	97.101	414	12	0	1	414	1	414	0.0	825
38P2R3A13_01062	38P2R3A13_04998	95.411	414	19	0	1	414	1	414	0.0	811
38P2R3A13_01065	38P2R3A13_01065	100.000	501	0	0	1	501	1	501	0.0	1013
38P2R3A13_01065	18P3R3A11_01205	97.206	501	14	0	1	501	1	501	0.0	990
38P2R3A13_01066	38P2R3A13_01066	100.000	363	0	0	1	363	1	363	0.0	736
38P2R3A13_01066	56P2R2A4_00965	97.796	363	8	0	1	363	1	363	0.0	723
38P2R3A13_01066	37P2R3-2A1_01534	96.419	363	13	0	1	363	1	363	0.0	709
38P2R3A13_01066	18P3R3A11_01204	95.592	363	16	0	1	363	1	363	0.0	659
38P2R3A13_01068	38P2R3A13_01068	100.000	102	0	0	1	102	1	102	7.87e-73	211
38P2R3A13_01068	18P3R3A11_01202	95.098	102	5	0	1	102	1	102	2.19e-68	199
38P2R3A13_01072	38P2R3A13_01072	100.000	138	0	0	1	138	1	138	5.31e-100	282
38P2R3A13_01072	37P2R3-2A1_01525	95.652	138	6	0	1	138	1	138	5.62e-95	270
38P2R3A13_01073	38P2R3A13_01073	100.000	251	0	0	1	251	1	251	0.0	504
38P2R3A13_01074	38P2R3A13_01074	100.000	285	0	0	1	285	1	285	0.0	589
38P2R3A13_01074	18P3R3A11_01193	97.544	285	7	0	1	285	1	285	0.0	578
38P2R3A13_01074	37P2R3-2A1_01523	97.544	285	7	0	1	285	1	285	0.0	577
38P2R3A13_01075	38P2R3A13_01075	100.000	537	0	0	1	537	1	537	0.0	1102
38P2R3A13_01075	56P2R2A4_00957	97.579	537	13	0	1	537	1	537	0.0	1078
38P2R3A13_01075	18P3R3A11_01192	96.834	537	17	0	1	537	1	537	0.0	1069
38P2R3A13_01076	38P2R3A13_01076	100.000	392	0	0	1	392	1	392	0.0	803
38P2R3A13_01076	56P2R2A4_00956	97.449	392	10	0	1	392	1	392	0.0	783
38P2R3A13_01077	38P2R3A13_01077	100.000	320	0	0	1	320	1	320	0.0	644
38P2R3A13_01077	56P2R2A4_00955	96.226	318	12	0	1	318	1	318	0.0	615
38P2R3A13_01078	38P2R3A13_01078	100.000	416	0	0	1	416	1	416	0.0	805
38P2R3A13_01078	18P3R3A11_01189	96.154	416	16	0	1	416	1	416	0.0	780
38P2R3A13_01078	56P2R2A4_00954	97.304	408	11	0	1	408	1	408	0.0	773
38P2R3A13_01078	38P2R3A13_05015	95.192	416	20	0	1	416	1	416	0.0	686
38P2R3A13_01079	38P2R3A13_01079	100.000	335	0	0	1	335	1	335	0.0	632
38P2R3A13_01079	18P3R3A11_01188	96.119	335	13	0	1	335	1	335	0.0	610
38P2R3A13_01080	38P2R3A13_01080	100.000	331	0	0	1	331	1	331	0.0	633
38P2R3A13_01080	56P2R2A4_00952	97.885	331	7	0	1	331	1	331	0.0	625
38P2R3A13_01080	18P3R3A11_01187	96.073	331	13	0	1	331	1	331	0.0	526
38P2R3A13_01081	38P2R3A13_01081	100.000	267	0	0	1	267	1	267	0.0	543
38P2R3A13_01081	37P2R3-2A1_01516	97.753	267	6	0	1	267	1	267	0.0	533
38P2R3A13_01082	38P2R3A13_01082	100.000	1286	0	0	1	1286	1	1286	0.0	2622
38P2R3A13_01082	56P2R2A4_00950	96.501	1286	45	0	1	1286	1	1286	0.0	2533
38P2R3A13_01082	37P2R3-2A1_01515	95.101	1286	63	0	1	1286	1	1286	0.0	2447
38P2R3A13_01083	38P2R3A13_01083	100.000	71	0	0	1	71	1	71	5.28e-48	145
38P2R3A13_01084	38P2R3A13_01084	100.000	426	0	0	1	426	1	426	0.0	871
38P2R3A13_01084	56P2R2A4_00948	95.775	426	17	1	1	426	1	425	0.0	832
38P2R3A13_01085	38P2R3A13_01085	100.000	747	0	0	1	747	1	747	0.0	1541
38P2R3A13_01085	18P3R3A11_01182	97.594	748	17	1	1	747	1	748	0.0	1510
38P2R3A13_01085	38P2R3A13_05022	96.267	750	25	1	1	747	1	750	0.0	1493
38P2R3A13_01086	38P2R3A13_01086	100.000	216	0	0	1	216	1	216	7.95e-160	440
38P2R3A13_01088	38P2R3A13_01088	100.000	196	0	0	1	196	1	196	5.57e-144	398
38P2R3A13_01088	18P3R3A11_01170	97.959	196	4	0	1	196	1	196	1.05e-140	390
38P2R3A13_01088	38P2R3A13_04002	95.918	196	8	0	1	196	1	196	1.03e-137	382
38P2R3A13_01091	38P2R3A13_01091	100.000	188	0	0	1	188	1	188	1.33e-136	379
38P2R3A13_01092	38P2R3A13_01092	100.000	185	0	0	1	185	1	185	2.83e-137	380
38P2R3A13_01092	56P2R2A4_00938	96.757	185	6	0	1	185	1	185	6.43e-133	369
38P2R3A13_01093	38P2R3A13_01093	100.000	216	0	0	1	216	1	216	9.00e-158	435
38P2R3A13_01093	56P2R2A4_00937	95.833	216	9	0	1	216	1	216	1.50e-151	419
38P2R3A13_01094	38P2R3A13_01094	100.000	247	0	0	1	247	1	247	1.02e-180	495
38P2R3A13_01095	38P2R3A13_01095	100.000	565	0	0	1	565	1	565	0.0	1159
38P2R3A13_01096	38P2R3A13_01096	100.000	233	0	0	1	233	1	233	4.77e-174	477
38P2R3A13_01096	56P2R2A4_00934	97.425	233	6	0	1	233	1	233	1.30e-168	464
38P2R3A13_01098	38P2R3A13_01098	100.000	338	0	0	1	338	1	338	0.0	666
38P2R3A13_01098	18P3R3A11_01165	97.929	338	7	0	1	338	1	338	0.0	655
38P2R3A13_01100	38P2R3A13_01100	100.000	279	0	0	1	279	1	279	0.0	565
38P2R3A13_01100	56P2R2A4_00930	96.057	279	11	0	1	279	1	279	0.0	543
38P2R3A13_01101	38P2R3A13_01101	100.000	235	0	0	1	235	1	235	1.61e-173	476
38P2R3A13_01101	56P2R2A4_00929	96.170	235	9	0	1	235	1	235	3.32e-167	460
38P2R3A13_01101	18P3R3A11_01162	95.319	235	11	0	1	235	1	235	1.31e-158	438
38P2R3A13_01102	38P2R3A13_01102	100.000	158	0	0	1	158	1	158	4.27e-112	315
38P2R3A13_01103	38P2R3A13_01103	100.000	257	0	0	1	257	1	257	0.0	518
38P2R3A13_01103	18P3R3A11_01160	97.665	257	6	0	1	257	1	257	0.0	509
38P2R3A13_01106	38P2R3A13_01106	100.000	294	0	0	1	294	1	294	0.0	602
38P2R3A13_01106	37P2R3-2A1_01488	96.599	294	10	0	1	294	1	294	0.0	582
38P2R3A13_01106	18P3R3A11_01157	95.578	294	13	0	1	294	1	294	0.0	551
38P2R3A13_01107	38P2R3A13_01107	100.000	121	0	0	1	121	1	121	1.93e-88	252
38P2R3A13_01108	38P2R3A13_01108	100.000	273	0	0	1	273	1	273	0.0	564
38P2R3A13_01109	38P2R3A13_01109	100.000	202	0	0	1	202	1	202	1.67e-148	410
38P2R3A13_01110	38P2R3A13_01110	100.000	295	0	0	1	295	1	295	0.0	587
38P2R3A13_01111	38P2R3A13_01111	100.000	152	0	0	1	152	1	152	6.78e-109	306
38P2R3A13_01112	38P2R3A13_01112	100.000	297	0	0	1	297	1	297	0.0	610
38P2R3A13_01113	38P2R3A13_01113	100.000	310	0	0	1	310	1	310	0.0	641
38P2R3A13_01114	38P2R3A13_01114	100.000	246	0	0	1	246	1	246	0.0	509
38P2R3A13_01115	38P2R3A13_01115	100.000	140	0	0	1	140	1	140	4.19e-101	285
38P2R3A13_01116	38P2R3A13_01116	100.000	198	0	0	1	198	1	198	4.43e-149	411
38P2R3A13_01116	56P2R2A4_00920	96.465	198	7	0	1	198	1	198	3.75e-144	399
38P2R3A13_01117	38P2R3A13_01117	100.000	142	0	0	1	142	1	142	1.92e-105	296
38P2R3A13_01117	56P2R2A4_00919	95.775	142	6	0	1	142	1	142	1.76e-101	286
38P2R3A13_01118	38P2R3A13_01118	100.000	289	0	0	1	289	1	289	0.0	580
38P2R3A13_01118	37P2R3-2A1_01476	97.909	287	6	0	1	287	1	287	0.0	568
38P2R3A13_01118	18P3R3A11_01148	96.516	287	10	0	1	287	1	287	0.0	558
38P2R3A13_01119	38P2R3A13_01119	100.000	72	0	0	1	72	1	72	2.34e-44	137
38P2R3A13_01119	56P2R2A4_00917	97.222	72	2	0	1	72	655	726	2.74e-39	136
38P2R3A13_01121	38P2R3A13_01121	100.000	265	0	0	1	265	1	265	0.0	547
38P2R3A13_01121	18P3R3A11_01145	96.981	265	8	0	1	265	1	265	0.0	533
38P2R3A13_01122	38P2R3A13_01122	100.000	297	0	0	1	297	1	297	0.0	592
38P2R3A13_01122	56P2R2A4_00915	95.623	297	13	0	1	297	1	297	0.0	565
38P2R3A13_01124	38P2R3A13_01124	100.000	1052	0	0	1	1052	1	1052	0.0	2103
38P2R3A13_01124	37P2R3-2A1_01467	97.318	1044	28	0	1	1044	1	1044	0.0	2040
38P2R3A13_01124	38P2R3A13_04563	95.019	1044	52	0	1	1044	1	1044	0.0	1967
38P2R3A13_01124	18P3R3A11_01140	98.851	87	1	0	966	1052	1	87	2.30e-50	172
38P2R3A13_01125	38P2R3A13_01125	100.000	355	0	0	1	355	1	355	0.0	712
38P2R3A13_01125	56P2R2A4_00912	96.620	355	12	0	1	355	1	355	0.0	692
38P2R3A13_01128	38P2R3A13_01128	100.000	83	0	0	1	83	1	83	2.03e-53	160
38P2R3A13_01129	38P2R3A13_01129	100.000	125	0	0	1	125	1	125	5.80e-92	261
38P2R3A13_01129	18P3R3A11_03740	97.600	125	3	0	1	125	1	125	5.35e-90	256
38P2R3A13_01129	37P2R3-2A1_01460	98.246	114	2	0	12	125	1	114	4.28e-82	236
38P2R3A13_01130	38P2R3A13_01130	100.000	368	0	0	1	368	1	368	0.0	761
38P2R3A13_01130	56P2R2A4_00907	97.011	368	11	0	1	368	1	368	0.0	742
38P2R3A13_01131	38P2R3A13_01131	100.000	197	0	0	1	197	1	197	7.12e-147	405
38P2R3A13_01131	56P2R2A4_00906	96.954	197	6	0	1	197	1	197	4.73e-143	396
38P2R3A13_01132	38P2R3A13_01132	100.000	123	0	0	1	123	1	123	2.34e-89	254
38P2R3A13_01132	38P2R3A13_04555	95.041	121	6	0	1	121	1	121	1.12e-84	242
38P2R3A13_01132	56P2R2A4_00905	96.460	113	4	0	11	123	1	113	4.31e-78	225
38P2R3A13_01133	38P2R3A13_01133	100.000	218	0	0	1	218	1	218	4.04e-164	451
38P2R3A13_01133	18P3R3A11_03744	96.789	218	7	0	1	218	1	218	6.68e-159	438
38P2R3A13_01133	38P2R3A13_04554	95.413	218	10	0	1	218	1	218	4.82e-158	436
38P2R3A13_01134	38P2R3A13_01134	100.000	96	0	0	1	96	1	96	5.41e-67	196
38P2R3A13_01134	18P3R3A11_03745	95.833	96	4	0	1	96	1	96	1.84e-64	189
38P2R3A13_01134	37P2R3-2A1_01455	95.833	96	4	0	1	96	1	96	4.89e-64	188
38P2R3A13_01135	38P2R3A13_01135	100.000	110	0	0	1	110	1	110	1.07e-75	219
38P2R3A13_01137	38P2R3A13_01137	100.000	479	0	0	1	479	1	479	0.0	952
38P2R3A13_01137	56P2R2A4_00889	97.912	479	10	0	1	479	1	479	0.0	937
38P2R3A13_01138	38P2R3A13_01138	100.000	414	0	0	1	414	1	414	0.0	839
38P2R3A13_01138	18P3R3A11_03749	98.284	408	7	0	1	408	1	408	0.0	821
38P2R3A13_01138	38P2R3A13_04550	97.549	408	10	0	1	408	1	408	0.0	816
38P2R3A13_01140	38P2R3A13_01140	100.000	728	0	0	1	728	1	728	0.0	1498
38P2R3A13_01140	18P3R3A11_03758	95.467	728	33	0	1	728	1	728	0.0	1446
38P2R3A13_01141	38P2R3A13_01141	100.000	92	0	0	1	92	1	92	1.25e-59	177
38P2R3A13_01141	56P2R2A4_00885	97.826	92	2	0	1	92	1	92	4.48e-59	175
38P2R3A13_01142	38P2R3A13_01142	100.000	344	0	0	1	344	1	344	0.0	696
38P2R3A13_01142	56P2R2A4_00884	97.965	344	7	0	1	344	1	344	0.0	684
38P2R3A13_01143	38P2R3A13_01143	100.000	525	0	0	1	525	1	525	0.0	1029
38P2R3A13_01143	38P2R3A13_04542	96.881	513	16	0	13	525	1	513	0.0	983
38P2R3A13_01144	38P2R3A13_01144	100.000	339	0	0	1	339	1	339	0.0	695
38P2R3A13_01144	18P3R3A11_03762	96.165	339	13	0	1	339	1	339	0.0	672
38P2R3A13_01144	38P2R3A13_04541	95.870	339	14	0	1	339	1	339	0.0	633
38P2R3A13_01145	38P2R3A13_01145	100.000	277	0	0	1	277	1	277	0.0	544
38P2R3A13_01145	56P2R2A4_00881	97.473	277	7	0	1	277	1	277	0.0	535
38P2R3A13_01147	38P2R3A13_01147	100.000	233	0	0	1	233	1	233	3.12e-171	470
38P2R3A13_01148	38P2R3A13_01148	100.000	243	0	0	1	243	1	243	6.32e-180	493
38P2R3A13_01149	38P2R3A13_01149	100.000	211	0	0	1	211	1	211	7.43e-154	424
38P2R3A13_01149	38P2R3A13_04537	97.630	211	5	0	1	211	1	211	5.75e-150	415
38P2R3A13_01149	18P3R3A11_03766	96.682	211	7	0	1	211	1	211	4.19e-148	410
38P2R3A13_01150	38P2R3A13_01150	100.000	174	0	0	1	174	1	174	1.91e-127	355
38P2R3A13_01150	56P2R2A4_00876	97.701	174	4	0	1	174	1	174	3.44e-124	346
38P2R3A13_01151	38P2R3A13_01151	100.000	336	0	0	1	336	1	336	0.0	687
38P2R3A13_01152	38P2R3A13_01152	100.000	854	0	0	1	854	1	854	0.0	1744
38P2R3A13_01153	38P2R3A13_01153	100.000	231	0	0	1	231	1	231	1.75e-168	463
38P2R3A13_01154	38P2R3A13_01154	100.000	182	0	0	1	182	1	182	8.53e-135	374
38P2R3A13_01155	38P2R3A13_01155	100.000	188	0	0	1	188	1	188	1.29e-134	374
38P2R3A13_01157	38P2R3A13_01157	100.000	71	0	0	1	71	1	71	1.57e-46	142
38P2R3A13_01157	31P2R1A5_03370	95.775	71	3	0	1	71	1	71	4.19e-45	138
38P2R3A13_01157	18P3R3A11_03774	97.183	71	2	0	1	71	1	71	5.00e-45	138
38P2R3A13_01157	42P1R1A12_00687	95.652	69	3	0	1	69	1	69	4.17e-44	136
38P2R3A13_01157	51P2R2A10_03068	95.652	69	3	0	1	69	1	69	4.21e-44	136
38P2R3A13_01158	38P2R3A13_01158	100.000	500	0	0	1	500	1	500	0.0	1012
38P2R3A13_01158	18P3R3A11_03775	97.600	500	12	0	1	500	1	500	0.0	993
38P2R3A13_01159	38P2R3A13_01159	100.000	339	0	0	1	339	1	339	0.0	695
38P2R3A13_01163	38P2R3A13_01163	100.000	241	0	0	1	241	1	241	0.0	496
38P2R3A13_01163	18P3R3A11_03780	95.021	241	12	0	1	241	1	241	2.38e-172	474
38P2R3A13_01164	38P2R3A13_01164	100.000	70	0	0	1	70	1	70	4.55e-43	133
38P2R3A13_01165	38P2R3A13_01165	100.000	62	0	0	1	62	1	62	5.98e-39	122
38P2R3A13_01168	38P2R3A13_01168	100.000	357	0	0	1	357	1	357	0.0	734
38P2R3A13_01168	56P2R2A4_00858	96.919	357	11	0	1	357	1	357	0.0	715
38P2R3A13_01168	37P2R3-2A1_01413	96.359	357	13	0	1	357	1	357	0.0	714
38P2R3A13_01168	18P3R3A11_03783	95.518	357	16	0	1	357	1	357	0.0	711
38P2R3A13_01170	38P2R3A13_01170	100.000	805	0	0	1	805	1	805	0.0	1595
38P2R3A13_01170	18P3R3A11_03785	95.652	805	35	0	1	805	1	805	0.0	1475
38P2R3A13_01171	38P2R3A13_01171	100.000	229	0	0	1	229	1	229	1.84e-163	450
38P2R3A13_01171	18P3R3A11_03786	97.380	229	6	0	1	229	1	229	1.52e-159	440
38P2R3A13_01171	38P2R3A13_06517	96.070	229	9	0	1	229	1	229	3.15e-156	432
38P2R3A13_01172	38P2R3A13_01172	100.000	190	0	0	1	190	1	190	6.33e-140	387
38P2R3A13_01172	18P3R3A11_03787	96.316	190	7	0	1	190	1	190	7.51e-137	380
38P2R3A13_01172	38P2R3A13_06516	96.842	190	6	0	1	190	1	190	3.27e-136	378
38P2R3A13_01173	38P2R3A13_01173	100.000	257	0	0	1	257	1	257	0.0	529
38P2R3A13_01173	38P2R3A13_06515	96.887	257	8	0	1	257	1	257	0.0	514
38P2R3A13_01176	38P2R3A13_01176	100.000	224	0	0	1	224	1	224	7.04e-168	461
38P2R3A13_01176	56P2R2A4_00850	96.875	224	7	0	1	224	1	224	6.94e-164	451
38P2R3A13_01177	38P2R3A13_01177	100.000	284	0	0	1	284	1	284	0.0	587
38P2R3A13_01179	38P2R3A13_01179	100.000	151	0	0	1	151	1	151	5.87e-105	296
38P2R3A13_01179	38P2R3A13_06510	95.333	150	7	0	1	150	1	150	2.88e-93	266
38P2R3A13_01180	38P2R3A13_01180	100.000	137	0	0	1	137	1	137	1.21e-99	281
38P2R3A13_01180	56P2R2A4_00846	97.810	137	3	0	1	137	1	137	6.81e-98	277
38P2R3A13_01181	38P2R3A13_01181	100.000	833	0	0	1	833	1	833	0.0	1674
38P2R3A13_01182	38P2R3A13_01182	100.000	265	0	0	1	265	1	265	0.0	528
38P2R3A13_01182	56P2R2A4_00844	97.736	265	6	0	1	265	1	265	0.0	519
38P2R3A13_01187	38P2R3A13_01187	100.000	435	0	0	1	435	1	435	0.0	909
38P2R3A13_01187	18P3R3A11_02242	98.391	435	7	0	1	435	15	449	0.0	896
38P2R3A13_01188	38P2R3A13_01188	100.000	321	0	0	1	321	1	321	0.0	660
38P2R3A13_01188	18P3R3A11_02243	96.573	321	11	0	1	321	1	321	0.0	637
38P2R3A13_01188	38P2R3A13_07622	95.016	321	16	0	1	321	1	321	0.0	627
38P2R3A13_01193	38P2R3A13_01193	100.000	643	0	0	1	643	1	643	0.0	1301
38P2R3A13_01193	37P2R3-2A1_01387	97.667	643	14	1	1	643	1	642	0.0	1267
38P2R3A13_01193	38P2R3A13_08547	96.267	643	24	0	1	643	1	643	0.0	1248
38P2R3A13_01195	38P2R3A13_01195	100.000	126	0	0	1	126	1	126	1.53e-86	247
38P2R3A13_01195	38P2R3A13_08699	97.619	126	3	0	1	126	1	126	1.29e-84	243
38P2R3A13_01195	18P3R3A11_02250	96.825	126	4	0	1	126	1	126	9.27e-84	240
38P2R3A13_01196	38P2R3A13_01196	100.000	176	0	0	1	176	1	176	3.18e-125	349
38P2R3A13_01196	38P2R3A13_07409	98.851	87	1	0	90	176	1	87	1.50e-56	172
38P2R3A13_01197	38P2R3A13_01197	100.000	58	0	0	1	58	1	58	1.37e-35	113
38P2R3A13_01198	38P2R3A13_01198	100.000	1119	0	0	1	1119	1	1119	0.0	2261
38P2R3A13_01198	38P2R3A13_07411	95.785	1115	47	0	1	1115	1	1115	0.0	2112
38P2R3A13_01199	38P2R3A13_01199	100.000	218	0	0	1	218	1	218	1.53e-161	444
38P2R3A13_01199	56P2R2A4_00827	97.706	218	5	0	1	218	1	218	5.68e-158	436
38P2R3A13_01200	38P2R3A13_01200	100.000	398	0	0	1	398	1	398	0.0	795
38P2R3A13_01200	38P2R3A13_07413	96.231	398	15	0	1	398	1	398	0.0	773
38P2R3A13_01200	18P3R3A11_02255	95.226	398	19	0	1	398	1	398	0.0	744
38P2R3A13_01204	38P2R3A13_01204	100.000	184	0	0	1	184	1	184	3.23e-137	380
38P2R3A13_01204	56P2R2A4_00822	96.739	184	6	0	1	184	1	184	1.31e-132	369
38P2R3A13_01205	38P2R3A13_01205	100.000	156	0	0	1	156	1	156	5.97e-115	322
38P2R3A13_01206	38P2R3A13_01206	100.000	487	0	0	1	487	1	487	0.0	979
38P2R3A13_01206	56P2R2A4_00820	96.920	487	15	0	1	487	1	487	0.0	955
38P2R3A13_01207	38P2R3A13_01207	100.000	237	0	0	1	237	1	237	1.37e-179	492
38P2R3A13_01207	56P2R2A4_00819	97.890	237	5	0	1	237	1	237	3.79e-175	480
38P2R3A13_01209	38P2R3A13_01209	100.000	522	0	0	1	522	1	522	0.0	1072
38P2R3A13_01209	56P2R2A4_00817	96.360	522	19	0	1	522	1	522	0.0	1043
38P2R3A13_01210	38P2R3A13_01210	100.000	91	0	0	1	91	1	91	3.35e-62	183
38P2R3A13_01210	18P3R3A11_02265	95.604	91	4	0	1	91	1	91	5.41e-60	177
38P2R3A13_01210	37P2R3-2A1_01370	95.604	91	4	0	1	91	1	91	1.29e-59	177
38P2R3A13_01210	38P2R3A13_06789	95.604	91	4	0	1	91	14	104	3.76e-59	176
38P2R3A13_01211	38P2R3A13_01211	100.000	276	0	0	1	276	1	276	0.0	547
38P2R3A13_01212	38P2R3A13_01212	100.000	1030	0	0	1	1030	1	1030	0.0	2128
38P2R3A13_01212	56P2R2A4_00814	95.623	1028	45	0	1	1028	1	1028	0.0	2048
38P2R3A13_01213	38P2R3A13_01213	100.000	357	0	0	1	357	1	357	0.0	708
38P2R3A13_01214	38P2R3A13_01214	100.000	204	0	0	1	204	1	204	6.01e-143	396
38P2R3A13_01215	38P2R3A13_01215	100.000	474	0	0	1	474	1	474	0.0	951
38P2R3A13_01215	38P2R3A13_06794	95.570	474	21	0	1	474	1	474	0.0	914
38P2R3A13_01216	38P2R3A13_01216	100.000	72	0	0	1	72	1	72	2.04e-50	152
38P2R3A13_01218	38P2R3A13_01218	100.000	104	0	0	1	104	1	104	2.59e-72	209
38P2R3A13_01218	18P3R3A11_02273	96.154	104	4	0	1	104	1	104	2.07e-69	202
38P2R3A13_01219	38P2R3A13_01219	100.000	176	0	0	1	176	1	176	1.24e-122	343
38P2R3A13_01219	38P2R3A13_06708	97.159	176	5	0	1	176	1	176	3.28e-119	334
38P2R3A13_01220	38P2R3A13_01220	100.000	287	0	0	1	287	1	287	0.0	594
38P2R3A13_01220	38P2R3A13_06709	97.909	287	6	0	1	287	1	287	0.0	583
38P2R3A13_01220	18P3R3A11_02275	97.909	287	6	0	1	287	1	287	0.0	582
38P2R3A13_01221	38P2R3A13_01221	100.000	430	0	0	1	430	1	430	0.0	844
38P2R3A13_01223	38P2R3A13_01223	100.000	594	0	0	1	594	1	594	0.0	1191
38P2R3A13_01224	38P2R3A13_01224	100.000	591	0	0	1	591	1	591	0.0	1199
38P2R3A13_01224	38P2R3A13_06713	96.277	591	22	0	1	591	1	591	0.0	1164
38P2R3A13_01226	38P2R3A13_01226	100.000	350	0	0	1	350	1	350	0.0	733
38P2R3A13_01226	18P3R3A11_02281	97.421	349	9	0	2	350	1	349	0.0	711
38P2R3A13_01226	38P2R3A13_06715	95.129	349	17	0	2	350	1	349	0.0	700
38P2R3A13_01227	38P2R3A13_01227	100.000	273	0	0	1	273	1	273	0.0	558
38P2R3A13_01227	18P3R3A11_02282	97.802	273	6	0	1	273	1	273	0.0	547
38P2R3A13_01227	38P2R3A13_06716	95.238	273	13	0	1	273	1	273	0.0	535
38P2R3A13_01228	38P2R3A13_01228	100.000	567	0	0	1	567	1	567	0.0	1158
38P2R3A13_01230	38P2R3A13_01230	100.000	110	0	0	1	110	1	110	1.92e-77	223
38P2R3A13_01231	38P2R3A13_01231	100.000	118	0	0	1	118	1	118	2.38e-83	239
38P2R3A13_01233	38P2R3A13_01233	100.000	127	0	0	1	127	1	127	5.40e-89	254
38P2R3A13_01234	38P2R3A13_01234	100.000	624	0	0	1	624	1	624	0.0	1259
38P2R3A13_01234	18P3R3A11_02289	97.917	624	13	0	1	624	1	624	0.0	1233
38P2R3A13_01242	38P2R3A13_01242	100.000	492	0	0	1	492	1	492	0.0	976
38P2R3A13_01242	38P2R3A13_08351	96.748	492	16	0	1	492	3	494	0.0	951
38P2R3A13_01242	18P3R3A11_02297	96.545	492	17	0	1	492	1	492	0.0	949
38P2R3A13_01248	38P2R3A13_01248	100.000	454	0	0	1	454	1	454	0.0	906
38P2R3A13_01248	18P3R3A11_02303	96.476	454	16	0	1	454	1	454	0.0	885
38P2R3A13_01249	38P2R3A13_01249	100.000	164	0	0	1	164	1	164	1.75e-115	323
38P2R3A13_01249	18P3R3A11_02304	97.561	164	4	0	1	164	1	164	3.47e-113	318
38P2R3A13_01249	38P2R3A13_07147	96.951	164	5	0	1	164	1	164	3.75e-113	318
38P2R3A13_01250	38P2R3A13_01250	100.000	304	0	0	1	304	1	304	0.0	624
38P2R3A13_01252	38P2R3A13_01252	100.000	483	0	0	1	483	1	483	0.0	986
38P2R3A13_01252	18P3R3A11_02307	97.308	483	13	0	1	483	1	483	0.0	962
38P2R3A13_01252	38P2R3A13_07150	95.652	483	21	0	1	483	1	483	0.0	924
38P2R3A13_01253	38P2R3A13_01253	100.000	81	0	0	1	81	1	81	7.57e-53	159
38P2R3A13_01253	18P3R3A11_02309	97.531	81	2	0	1	81	1	81	1.45e-51	155
38P2R3A13_01254	38P2R3A13_01254	100.000	300	0	0	1	300	1	300	0.0	600
38P2R3A13_01254	18P3R3A11_02310	97.333	300	8	0	1	300	1	300	0.0	587
38P2R3A13_01254	47P2R3A6_03425	97.000	300	9	0	1	300	1	300	0.0	583
38P2R3A13_01255	38P2R3A13_01255	100.000	621	0	0	1	621	1	621	0.0	1278
38P2R3A13_01255	18P3R3A11_02311	98.061	619	12	0	1	619	1	619	0.0	1261
38P2R3A13_01256	38P2R3A13_01256	100.000	325	0	0	1	325	1	325	0.0	666
38P2R3A13_01256	18P3R3A11_02312	96.615	325	11	0	1	325	1	325	0.0	647
38P2R3A13_01257	38P2R3A13_01257	100.000	324	0	0	1	324	1	324	0.0	654
38P2R3A13_01257	18P3R3A11_02313	97.222	324	9	0	1	324	1	324	0.0	637
38P2R3A13_01257	38P2R3A13_07155	96.605	324	11	0	1	324	1	324	0.0	633
38P2R3A13_01260	38P2R3A13_01260	100.000	368	0	0	1	368	1	368	0.0	757
38P2R3A13_01260	18P3R3A11_02316	96.739	368	12	0	1	368	1	368	0.0	737
38P2R3A13_01260	38P2R3A13_08042	95.380	368	17	0	1	368	1	368	0.0	684
38P2R3A13_01262	38P2R3A13_01262	100.000	180	0	0	1	180	1	180	4.26e-131	364
38P2R3A13_01262	37P2R3-2A1_01317	97.222	180	5	0	1	180	1	180	1.02e-127	356
38P2R3A13_01264	38P2R3A13_01264	100.000	227	0	0	1	227	1	227	1.88e-166	457
38P2R3A13_01265	38P2R3A13_01265	100.000	122	0	0	1	122	1	122	3.19e-88	251
38P2R3A13_01266	38P2R3A13_01266	100.000	324	0	0	1	324	1	324	0.0	652
38P2R3A13_01266	18P3R3A11_02322	97.840	324	7	0	1	324	1	324	0.0	643
38P2R3A13_01266	47P2R3A6_03413	96.296	324	12	0	1	324	1	324	0.0	614
38P2R3A13_01266	38P2R3A13_08048	98.305	177	3	0	148	324	1	177	9.53e-119	339
38P2R3A13_01266	34P3R2A10_02822	96.711	152	5	0	173	324	1	152	1.84e-101	294
38P2R3A13_01270	38P2R3A13_01270	100.000	357	0	0	1	357	1	357	0.0	727
38P2R3A13_01270	18P3R3A11_02326	97.759	357	8	0	1	357	1	357	0.0	714
38P2R3A13_01270	38P2R3A13_08533	97.479	357	9	0	1	357	1	357	0.0	713
38P2R3A13_01270	51P2R2A10_03227	95.518	357	16	0	1	357	1	357	0.0	697
38P2R3A13_01271	38P2R3A13_01271	100.000	194	0	0	1	194	1	194	1.27e-143	397
38P2R3A13_01271	18P3R3A11_02327	95.876	194	8	0	1	194	1	194	1.55e-128	359
38P2R3A13_01273	38P2R3A13_01273	100.000	462	0	0	1	462	1	462	0.0	935
38P2R3A13_01273	56P2R2A4_00755	95.022	462	23	0	1	462	1	462	0.0	884
38P2R3A13_01274	38P2R3A13_01274	100.000	872	0	0	1	872	1	872	0.0	1680
38P2R3A13_01274	56P2R2A4_00754	97.248	872	24	0	1	872	1	872	0.0	1635
38P2R3A13_01275	38P2R3A13_01275	100.000	606	0	0	1	606	1	606	0.0	1261
38P2R3A13_01275	18P3R3A11_02331	96.865	606	19	0	1	606	1	606	0.0	1231
38P2R3A13_01278	38P2R3A13_01278	100.000	432	0	0	1	432	1	432	0.0	885
38P2R3A13_01278	38P2R3A13_07716	97.454	432	11	0	1	432	1	432	0.0	866
38P2R3A13_01278	18P3R3A11_02334	95.602	432	19	0	1	432	1	432	0.0	853
38P2R3A13_01280	38P2R3A13_01280	100.000	402	0	0	1	402	1	402	0.0	825
38P2R3A13_01281	38P2R3A13_01281	100.000	1044	0	0	1	1044	1	1044	0.0	2094
38P2R3A13_01282	38P2R3A13_01282	100.000	302	0	0	1	302	1	302	0.0	620
38P2R3A13_01282	18P3R3A11_02338	96.689	302	10	0	1	302	1	302	0.0	602
38P2R3A13_01282	38P2R3A13_07712	97.000	300	9	0	1	300	1	300	0.0	600
38P2R3A13_01285	38P2R3A13_01285	100.000	226	0	0	1	226	1	226	2.89e-162	447
38P2R3A13_01285	38P2R3A13_06328	95.133	226	11	0	1	226	3	228	1.13e-154	428
38P2R3A13_01286	38P2R3A13_01286	100.000	64	0	0	1	64	1	64	4.77e-42	130
38P2R3A13_01286	18P3R3A11_02342	95.312	64	3	0	1	64	1	64	5.31e-40	125
38P2R3A13_01287	38P2R3A13_01287	100.000	175	0	0	1	175	1	175	1.39e-126	352
38P2R3A13_01287	38P2R3A13_06330	96.571	175	6	0	1	175	1	175	3.73e-121	339
38P2R3A13_01289	38P2R3A13_01289	100.000	270	0	0	1	270	1	270	0.0	547
38P2R3A13_01289	38P2R3A13_06332	97.778	270	6	0	1	270	1	270	0.0	538
38P2R3A13_01289	18P3R3A11_02345	95.926	270	11	0	1	270	1	270	0.0	532
38P2R3A13_01290	38P2R3A13_01290	100.000	368	0	0	1	368	1	368	0.0	753
38P2R3A13_01290	56P2R2A4_00738	96.196	368	14	0	1	368	1	368	0.0	731
38P2R3A13_01291	38P2R3A13_01291	100.000	107	0	0	1	107	1	107	9.94e-74	213
38P2R3A13_01292	38P2R3A13_01292	100.000	472	0	0	1	472	1	472	0.0	963
38P2R3A13_01292	38P2R3A13_06335	96.822	472	15	0	1	472	1	472	0.0	938
38P2R3A13_01293	38P2R3A13_01293	100.000	87	0	0	1	87	1	87	4.20e-56	167
38P2R3A13_01294	38P2R3A13_01294	100.000	405	0	0	1	405	1	405	0.0	791
38P2R3A13_01294	47P2R3A6_03384	98.272	405	7	0	1	405	49	453	0.0	781
38P2R3A13_01294	18P3R3A11_02350	96.049	405	16	0	1	405	1	405	0.0	771
38P2R3A13_01295	38P2R3A13_01295	100.000	228	0	0	1	228	1	228	3.30e-170	467
38P2R3A13_01296	38P2R3A13_01296	100.000	304	0	0	1	304	1	304	0.0	620
38P2R3A13_01297	38P2R3A13_01297	100.000	70	0	0	1	70	1	70	1.02e-46	142
38P2R3A13_01297	18P3R3A11_02352	98.571	70	1	0	1	70	298	367	1.32e-43	143
38P2R3A13_01297	56P2R2A4_00732	98.571	70	1	0	1	70	298	367	1.90e-43	143
38P2R3A13_01297	38P2R3A13_06339	97.143	70	2	0	1	70	298	367	1.49e-41	138
38P2R3A13_01298	38P2R3A13_01298	100.000	79	0	0	1	79	1	79	6.64e-53	159
38P2R3A13_01298	56P2R2A4_00731	96.203	79	0	1	1	79	1	76	1.29e-48	148
38P2R3A13_01300	38P2R3A13_01300	100.000	366	0	0	1	366	1	366	0.0	752
38P2R3A13_01302	38P2R3A13_01302	100.000	178	0	0	1	178	1	178	4.58e-134	372
38P2R3A13_01303	38P2R3A13_01303	100.000	387	0	0	1	387	1	387	0.0	796
38P2R3A13_01303	38P2R3A13_06345	97.143	385	11	0	1	385	1	385	0.0	773
38P2R3A13_01304	38P2R3A13_01304	100.000	208	0	0	1	208	1	208	1.98e-156	431
38P2R3A13_01304	56P2R2A4_00725	97.596	208	5	0	1	208	1	208	4.85e-153	422
38P2R3A13_01305	38P2R3A13_01305	100.000	925	0	0	1	925	1	925	0.0	1845
38P2R3A13_01305	56P2R2A4_00724	97.946	925	19	0	1	925	1	925	0.0	1810
38P2R3A13_01307	38P2R3A13_01307	100.000	575	0	0	1	575	1	575	0.0	1182
38P2R3A13_01307	18P3R3A11_02362	97.350	566	15	0	1	566	1	566	0.0	1140
38P2R3A13_01307	38P2R3A13_07539	96.113	566	22	0	1	566	1	566	0.0	1122
38P2R3A13_01312	38P2R3A13_01312	100.000	311	0	0	1	311	1	311	0.0	632
38P2R3A13_01312	18P3R3A11_03279	95.498	311	14	0	1	311	1	311	0.0	608
38P2R3A13_01314	38P2R3A13_01314	100.000	370	0	0	1	370	1	370	0.0	729
38P2R3A13_01314	38P2R3A13_05626	97.027	370	11	0	1	370	1	370	0.0	709
38P2R3A13_01314	18P3R3A11_03281	95.676	370	16	0	1	370	1	370	0.0	701
38P2R3A13_01315	38P2R3A13_01315	100.000	595	0	0	1	595	1	595	0.0	1217
38P2R3A13_01315	56P2R2A4_03932	95.966	595	24	0	1	595	1	595	0.0	1173
38P2R3A13_01316	38P2R3A13_01316	100.000	170	0	0	1	170	1	170	1.25e-123	345
38P2R3A13_01317	38P2R3A13_01317	100.000	300	0	0	1	300	1	300	0.0	602
38P2R3A13_01318	38P2R3A13_01318	100.000	402	0	0	1	402	1	402	0.0	808
38P2R3A13_01319	38P2R3A13_01319	100.000	135	0	0	1	135	1	135	2.74e-99	280
38P2R3A13_01320	38P2R3A13_01320	100.000	215	0	0	1	215	1	215	2.14e-158	436
38P2R3A13_01321	38P2R3A13_01321	100.000	499	0	0	1	499	1	499	0.0	1027
38P2R3A13_01322	38P2R3A13_01322	100.000	381	0	0	1	381	1	381	0.0	766
38P2R3A13_01323	38P2R3A13_01323	100.000	515	0	0	1	515	1	515	0.0	1035
38P2R3A13_01324	38P2R3A13_01324	100.000	99	0	0	1	99	1	99	4.74e-70	204
38P2R3A13_01325	38P2R3A13_01325	100.000	165	0	0	1	165	1	165	1.18e-120	337
38P2R3A13_01326	38P2R3A13_01326	100.000	644	0	0	1	644	1	644	0.0	1320
38P2R3A13_01327	38P2R3A13_01327	100.000	226	0	0	1	226	1	226	2.18e-173	475
38P2R3A13_01327	56P2R2A4_03937	97.345	226	6	0	1	226	1	226	2.68e-168	462
38P2R3A13_01327	18P3R3A11_03289	95.413	218	10	0	1	218	1	218	8.23e-161	443
38P2R3A13_01328	38P2R3A13_01328	100.000	100	0	0	1	100	1	100	1.83e-68	199
38P2R3A13_01329	38P2R3A13_01329	100.000	355	0	0	1	355	1	355	0.0	722
38P2R3A13_01333	38P2R3A13_01333	100.000	351	0	0	1	351	1	351	0.0	709
38P2R3A13_01333	38P2R3A13_08268	95.726	351	15	0	1	351	1	351	0.0	685
38P2R3A13_01334	38P2R3A13_01334	100.000	134	0	0	1	134	1	134	1.35e-98	278
38P2R3A13_01335	38P2R3A13_01335	100.000	415	0	0	1	415	1	415	0.0	862
38P2R3A13_01335	18P3R3A11_03299	97.108	415	12	0	1	415	1	415	0.0	843
38P2R3A13_01335	38P2R3A13_08266	96.627	415	14	0	1	415	1	415	0.0	838
38P2R3A13_01338	38P2R3A13_01338	100.000	353	0	0	1	353	1	353	0.0	725
38P2R3A13_01338	18P3R3A11_03302	97.734	353	8	0	1	353	1	353	0.0	713
38P2R3A13_01338	38P2R3A13_07472	95.184	353	17	0	1	353	1	353	0.0	698
38P2R3A13_01339	38P2R3A13_01339	100.000	67	0	0	1	67	1	67	8.28e-44	135
38P2R3A13_01340	38P2R3A13_01340	100.000	408	0	0	1	408	1	408	0.0	847
38P2R3A13_01340	18P3R3A11_03304	96.814	408	13	0	1	408	1	408	0.0	825
38P2R3A13_01340	38P2R3A13_07470	96.078	408	16	0	1	408	1	408	0.0	757
38P2R3A13_01343	38P2R3A13_01343	100.000	265	0	0	1	265	1	265	0.0	537
38P2R3A13_01343	56P2R2A4_03962	96.604	265	9	0	1	265	1	265	0.0	521
38P2R3A13_01343	18P3R3A11_03307	96.226	265	10	0	1	265	1	265	3.85e-180	495
38P2R3A13_01345	38P2R3A13_01345	100.000	448	0	0	1	448	1	448	0.0	913
38P2R3A13_01345	56P2R2A4_03964	95.759	448	19	0	1	448	1	448	0.0	880
38P2R3A13_01346	38P2R3A13_01346	100.000	66	0	0	1	66	1	66	5.60e-42	130
38P2R3A13_01347	38P2R3A13_01347	100.000	247	0	0	1	247	1	247	0.0	515
38P2R3A13_01347	18P3R3A11_03310	97.571	247	6	0	1	247	1	247	0.0	506
38P2R3A13_01347	47P2R3A6_03323	97.166	247	7	0	1	247	1	247	0.0	504
38P2R3A13_01351	38P2R3A13_01351	100.000	257	0	0	1	257	1	257	0.0	534
38P2R3A13_01351	18P3R3A11_03314	96.498	257	9	0	1	257	1	257	0.0	518
38P2R3A13_01351	38P2R3A13_06818	95.720	257	11	0	1	257	1	257	0.0	510
38P2R3A13_01352	38P2R3A13_01352	100.000	534	0	0	1	534	1	534	0.0	1096
38P2R3A13_01352	18P3R3A11_03315	97.753	534	12	0	1	534	1	534	0.0	1075
38P2R3A13_01352	56P2R2A4_03970	97.378	534	14	0	1	534	1	534	0.0	1070
38P2R3A13_01357	38P2R3A13_01357	100.000	338	0	0	1	338	1	338	0.0	685
38P2R3A13_01357	56P2R2A4_03975	96.746	338	11	0	1	338	1	338	0.0	664
38P2R3A13_01360	38P2R3A13_01360	100.000	247	0	0	1	247	1	247	0.0	514
38P2R3A13_01360	38P2R3A13_06809	97.571	247	6	0	1	247	1	247	0.0	506
38P2R3A13_01360	18P3R3A11_04548	97.571	247	6	0	1	247	1	247	0.0	503
38P2R3A13_01362	38P2R3A13_01362	100.000	240	0	0	1	240	1	240	1.95e-180	494
38P2R3A13_01362	18P3R3A11_04546	96.203	237	9	0	1	237	1	237	3.63e-172	473
38P2R3A13_01362	38P2R3A13_06807	95.781	237	10	0	1	237	1	237	2.68e-171	471
38P2R3A13_01363	38P2R3A13_01363	100.000	253	0	0	1	253	1	253	0.0	529
38P2R3A13_01363	56P2R2A4_03981	97.233	253	7	0	1	253	1	253	0.0	522
38P2R3A13_01364	38P2R3A13_01364	100.000	395	0	0	1	395	1	395	0.0	805
38P2R3A13_01364	47P2R3A6_03306	97.975	395	8	0	1	395	61	455	0.0	792
38P2R3A13_01364	18P3R3A11_04544	95.696	395	17	0	1	395	61	455	0.0	778
38P2R3A13_01364	38P2R3A13_07892	97.482	278	7	0	118	395	1	278	0.0	546
38P2R3A13_01365	38P2R3A13_01365	100.000	258	0	0	1	258	1	258	0.0	529
38P2R3A13_01365	56P2R2A4_03983	97.674	258	6	0	1	258	1	258	0.0	518
38P2R3A13_01366	38P2R3A13_01366	100.000	275	0	0	1	275	1	275	0.0	565
38P2R3A13_01366	18P3R3A11_04542	98.876	267	3	0	9	275	1	267	0.0	545
38P2R3A13_01367	38P2R3A13_01367	100.000	392	0	0	1	392	1	392	0.0	750
38P2R3A13_01367	56P2R2A4_03985	97.959	392	8	0	1	392	1	392	0.0	735
38P2R3A13_01367	18P3R3A11_04541	95.918	392	16	0	1	392	1	392	0.0	724
38P2R3A13_01367	38P2R3A13_07889	95.663	392	17	0	1	392	1	392	0.0	717
38P2R3A13_01369	38P2R3A13_01369	100.000	268	0	0	1	268	1	268	0.0	545
38P2R3A13_01372	38P2R3A13_01372	100.000	242	0	0	1	242	1	242	4.93e-177	486
38P2R3A13_01373	38P2R3A13_01373	100.000	329	0	0	1	329	1	329	0.0	669
38P2R3A13_01374	38P2R3A13_01374	100.000	489	0	0	1	489	1	489	0.0	1008
38P2R3A13_01375	38P2R3A13_01375	100.000	397	0	0	1	397	1	397	0.0	825
38P2R3A13_01375	18P3R3A11_02473	96.977	397	12	0	1	397	1	397	0.0	801
38P2R3A13_01375	38P2R3A13_07558	95.718	397	17	0	1	397	1	397	0.0	797
38P2R3A13_01377	38P2R3A13_01377	100.000	85	0	0	1	85	1	85	5.81e-57	169
38P2R3A13_01378	38P2R3A13_01378	100.000	394	0	0	1	394	1	394	0.0	793
38P2R3A13_01378	38P2R3A13_07561	96.193	394	15	0	1	394	1	394	0.0	771
38P2R3A13_01378	18P3R3A11_02475	95.178	394	19	0	1	394	1	394	0.0	743
38P2R3A13_01379	38P2R3A13_01379	100.000	377	0	0	1	377	1	377	0.0	750
38P2R3A13_01381	38P2R3A13_01381	100.000	562	0	0	1	562	1	562	0.0	1102
38P2R3A13_01381	18P3R3A11_02478	97.687	562	13	0	1	562	1	562	0.0	1083
38P2R3A13_01381	38P2R3A13_06983	96.441	562	19	1	1	562	1	561	0.0	1066
38P2R3A13_01382	38P2R3A13_01382	100.000	286	0	0	1	286	1	286	0.0	591
38P2R3A13_01382	18P3R3A11_02479	96.853	286	9	0	1	286	1	286	0.0	578
38P2R3A13_01382	38P2R3A13_06982	96.503	286	10	0	1	286	1	286	0.0	575
38P2R3A13_01383	38P2R3A13_01383	100.000	349	0	0	1	349	1	349	0.0	685
38P2R3A13_01383	18P3R3A11_02480	97.708	349	8	0	1	349	1	349	0.0	673
38P2R3A13_01383	38P2R3A13_06981	95.965	347	14	0	1	347	1	347	0.0	644
38P2R3A13_01384	38P2R3A13_01384	100.000	289	0	0	1	289	1	289	0.0	584
38P2R3A13_01384	18P3R3A11_02481	97.924	289	6	0	1	289	1	289	0.0	575
38P2R3A13_01384	38P2R3A13_06980	97.232	289	8	0	1	289	1	289	0.0	571
38P2R3A13_01385	38P2R3A13_01385	100.000	490	0	0	1	490	1	490	0.0	981
38P2R3A13_01385	18P3R3A11_02482	96.939	490	15	0	1	490	1	490	0.0	957
38P2R3A13_01385	38P2R3A13_06979	96.735	490	16	0	1	490	1	490	0.0	953
38P2R3A13_01386	38P2R3A13_01386	100.000	657	0	0	1	657	1	657	0.0	1348
38P2R3A13_01387	38P2R3A13_01387	100.000	276	0	0	1	276	1	276	0.0	574
38P2R3A13_01387	56P2R2A4_01720	97.826	276	6	0	1	276	1	276	0.0	562
38P2R3A13_01388	38P2R3A13_01388	100.000	383	0	0	1	383	1	383	0.0	734
38P2R3A13_01388	18P3R3A11_04201	96.867	383	12	0	1	383	1	383	0.0	714
38P2R3A13_01388	38P2R3A13_06976	95.300	383	18	0	1	383	1	383	0.0	662
38P2R3A13_01389	38P2R3A13_01389	100.000	223	0	0	1	223	1	223	2.63e-167	459
38P2R3A13_01389	18P3R3A11_04200	97.309	223	6	0	1	223	1	223	1.67e-163	450
38P2R3A13_01389	42P1R1A12_03461	95.516	223	10	0	1	223	1	223	4.11e-154	426
38P2R3A13_01390	38P2R3A13_01390	100.000	386	0	0	1	386	1	386	0.0	766
38P2R3A13_01391	38P2R3A13_01391	100.000	341	0	0	1	341	1	341	0.0	701
38P2R3A13_01391	38P2R3A13_08646	96.481	341	12	0	1	341	1	341	0.0	682
38P2R3A13_01391	18P3R3A11_04198	95.015	341	17	0	1	341	1	341	0.0	667
38P2R3A13_01395	38P2R3A13_01395	100.000	463	0	0	1	463	1	463	0.0	961
38P2R3A13_01397	38P2R3A13_01397	100.000	295	0	0	1	295	1	295	0.0	602
38P2R3A13_01397	18P3R3A11_04192	97.627	295	7	0	1	295	1	295	0.0	588
38P2R3A13_01398	38P2R3A13_01398	100.000	232	0	0	1	232	1	232	1.31e-165	456
38P2R3A13_01398	18P3R3A11_04191	95.259	232	11	0	1	232	1	232	1.91e-159	440
38P2R3A13_01399	38P2R3A13_01399	100.000	132	0	0	1	132	1	132	9.50e-91	258
38P2R3A13_01399	18P3R3A11_04190	95.455	132	6	0	1	132	1	132	9.89e-88	251
38P2R3A13_01400	38P2R3A13_01400	100.000	311	0	0	1	311	1	311	0.0	637
38P2R3A13_01400	38P2R3A13_05467	96.463	311	11	0	1	311	1	311	0.0	622
38P2R3A13_01400	18P3R3A11_04187	95.820	311	13	0	1	311	1	311	0.0	620
38P2R3A13_01401	38P2R3A13_01401	100.000	449	0	0	1	449	1	449	0.0	929
38P2R3A13_01402	38P2R3A13_01402	100.000	278	0	0	1	278	1	278	0.0	566
38P2R3A13_01402	18P3R3A11_04185	96.403	278	10	0	1	278	1	278	0.0	551
38P2R3A13_01402	38P2R3A13_05465	95.324	278	13	0	1	278	1	278	0.0	540
38P2R3A13_01403	38P2R3A13_01403	100.000	618	0	0	1	618	1	618	0.0	1241
38P2R3A13_01403	56P2R2A4_01738	96.764	618	20	0	1	618	1	618	0.0	1206
38P2R3A13_01404	38P2R3A13_01404	100.000	465	0	0	1	465	1	465	0.0	966
38P2R3A13_01404	18P3R3A11_04183	95.054	465	23	0	1	465	1	465	0.0	927
38P2R3A13_01405	38P2R3A13_01405	100.000	473	0	0	1	473	1	473	0.0	966
38P2R3A13_01405	56P2R2A4_01740	95.560	473	21	0	1	473	1	473	0.0	897
38P2R3A13_01406	38P2R3A13_01406	100.000	255	0	0	1	255	1	255	0.0	525
38P2R3A13_01406	56P2R2A4_01741	97.255	255	7	0	1	255	1	255	0.0	514
38P2R3A13_01407	38P2R3A13_01407	100.000	191	0	0	1	191	1	191	1.15e-135	377
38P2R3A13_01408	38P2R3A13_01408	100.000	196	0	0	1	196	1	196	4.49e-142	394
38P2R3A13_01408	18P3R3A11_04179	96.429	196	7	0	1	196	1	196	6.61e-140	388
38P2R3A13_01408	38P2R3A13_05458	97.449	196	5	0	1	196	1	196	1.30e-139	387
38P2R3A13_01409	38P2R3A13_01409	100.000	308	0	0	1	308	1	308	0.0	631
38P2R3A13_01409	38P2R3A13_05457	97.727	308	7	0	1	308	1	308	0.0	619
38P2R3A13_01409	18P3R3A11_04178	95.455	308	14	0	1	308	1	308	0.0	582
38P2R3A13_01410	38P2R3A13_01410	100.000	185	0	0	1	185	1	185	1.19e-137	381
38P2R3A13_01410	38P2R3A13_05456	95.135	185	9	0	1	185	1	185	7.73e-134	372
38P2R3A13_01411	38P2R3A13_01411	100.000	583	0	0	1	583	1	583	0.0	1214
38P2R3A13_01411	18P3R3A11_04176	97.256	583	16	0	1	583	1	583	0.0	1185
38P2R3A13_01411	38P2R3A13_05455	96.569	583	20	0	1	583	1	583	0.0	1179
38P2R3A13_01412	38P2R3A13_01412	100.000	766	0	0	1	766	1	766	0.0	1571
38P2R3A13_01412	18P3R3A11_04175	97.120	764	22	0	1	764	1	764	0.0	1533
38P2R3A13_01414	38P2R3A13_01414	100.000	386	0	0	1	386	1	386	0.0	741
38P2R3A13_01414	56P2R2A4_01749	96.373	386	14	0	1	386	1	386	0.0	623
38P2R3A13_01415	38P2R3A13_01415	100.000	317	0	0	1	317	1	317	0.0	640
38P2R3A13_01416	38P2R3A13_01416	100.000	246	0	0	1	246	1	246	4.71e-170	468
38P2R3A13_01417	38P2R3A13_01417	100.000	38	0	0	1	38	1	38	1.62e-18	69.3
38P2R3A13_01417	18P3R3A11_04170	97.368	38	1	0	1	38	1	38	2.63e-18	68.9
38P2R3A13_01420	38P2R3A13_01420	100.000	240	0	0	1	240	1	240	7.55e-177	485
38P2R3A13_01420	18P3R3A11_04167	96.667	240	8	0	1	240	1	240	8.87e-172	472
38P2R3A13_01421	38P2R3A13_01421	100.000	157	0	0	1	157	1	157	2.88e-116	325
38P2R3A13_01421	18P3R3A11_04166	96.815	157	5	0	1	157	1	157	1.25e-113	318
38P2R3A13_01424	38P2R3A13_01424	100.000	152	0	0	1	152	1	152	1.99e-113	317
38P2R3A13_01426	38P2R3A13_01426	100.000	322	0	0	1	322	1	322	0.0	662
38P2R3A13_01426	56P2R2A4_01761	98.824	170	2	0	153	322	211	380	2.84e-118	345
38P2R3A13_01427	38P2R3A13_01427	100.000	85	0	0	1	85	1	85	1.04e-57	171
38P2R3A13_01428	38P2R3A13_01428	100.000	219	0	0	1	219	1	219	8.60e-159	437
38P2R3A13_01429	38P2R3A13_01429	100.000	96	0	0	1	96	1	96	1.52e-68	199
38P2R3A13_01430	38P2R3A13_01430	100.000	172	0	0	1	172	1	172	1.78e-124	347
38P2R3A13_01430	56P2R2A4_01764	96.512	172	6	0	1	172	1	172	3.51e-120	336
38P2R3A13_01431	38P2R3A13_01431	100.000	489	0	0	1	489	1	489	0.0	1008
38P2R3A13_01431	18P3R3A11_03803	97.955	489	10	0	1	489	1	489	0.0	990
38P2R3A13_01431	38P2R3A13_06997	99.348	460	3	0	30	489	1	460	0.0	945
38P2R3A13_01433	38P2R3A13_01433	100.000	336	0	0	1	336	1	336	0.0	691
38P2R3A13_01434	38P2R3A13_01434	100.000	414	0	0	1	414	1	414	0.0	826
38P2R3A13_01435	38P2R3A13_01435	100.000	478	0	0	1	478	1	478	0.0	991
38P2R3A13_01436	38P2R3A13_01436	100.000	88	0	0	1	88	1	88	8.08e-62	182
38P2R3A13_01437	38P2R3A13_01437	100.000	277	0	0	1	277	1	277	0.0	572
38P2R3A13_01438	38P2R3A13_01438	100.000	319	0	0	1	319	1	319	0.0	650
38P2R3A13_01439	38P2R3A13_01439	100.000	283	0	0	1	283	1	283	0.0	573
38P2R3A13_01440	38P2R3A13_01440	100.000	257	0	0	1	257	1	257	0.0	514
38P2R3A13_01440	56P2R2A4_01769	97.665	257	6	0	1	257	1	257	0.0	503
38P2R3A13_01441	38P2R3A13_01441	100.000	267	0	0	1	267	1	267	0.0	543
38P2R3A13_01441	18P3R3A11_03821	97.744	266	6	0	1	266	1	266	0.0	533
38P2R3A13_01441	37P2R3-2A1_01722	97.753	267	6	0	1	267	1	267	0.0	530
38P2R3A13_01442	38P2R3A13_01442	100.000	249	0	0	1	249	1	249	0.0	513
38P2R3A13_01442	37P2R3-2A1_01721	96.787	249	8	0	1	249	1	249	0.0	499
38P2R3A13_01442	18P3R3A11_03821	97.189	249	7	0	1	249	282	530	2.39e-180	506
38P2R3A13_01443	38P2R3A13_01443	100.000	318	0	0	1	318	1	318	0.0	640
38P2R3A13_01443	56P2R2A4_01772	96.855	318	10	0	1	318	1	318	0.0	619
38P2R3A13_01444	38P2R3A13_01444	100.000	335	0	0	1	335	1	335	0.0	684
38P2R3A13_01444	56P2R2A4_01773	97.313	335	9	0	1	335	1	335	0.0	669
38P2R3A13_01444	18P3R3A11_03823	96.716	335	11	0	1	335	1	335	0.0	669
38P2R3A13_01445	38P2R3A13_01445	100.000	426	0	0	1	426	1	426	0.0	855
38P2R3A13_01445	18P3R3A11_03824	97.887	426	9	0	1	426	1	426	0.0	841
38P2R3A13_01445	38P2R3A13_06938	96.009	426	17	0	1	426	1	426	0.0	832
38P2R3A13_01447	38P2R3A13_01447	100.000	300	0	0	1	300	1	300	0.0	604
38P2R3A13_01448	38P2R3A13_01448	100.000	202	0	0	1	202	1	202	5.23e-148	409
38P2R3A13_01449	38P2R3A13_01449	100.000	298	0	0	1	298	1	298	0.0	599
38P2R3A13_01450	38P2R3A13_01450	100.000	454	0	0	1	454	1	454	0.0	951
38P2R3A13_01450	18P3R3A11_03833	96.916	454	14	0	1	454	1	454	0.0	927
38P2R3A13_01451	38P2R3A13_01451	100.000	241	0	0	1	241	1	241	5.27e-176	483
38P2R3A13_01451	18P3R3A11_03835	97.095	241	7	0	1	241	1	241	1.25e-171	472
38P2R3A13_01451	38P2R3A13_06930	97.095	241	7	0	1	241	1	241	1.27e-171	472
38P2R3A13_01452	38P2R3A13_01452	100.000	468	0	0	1	468	1	468	0.0	955
38P2R3A13_01452	38P2R3A13_06931	96.581	468	16	0	1	468	1	468	0.0	931
38P2R3A13_01452	18P3R3A11_03836	96.795	468	15	0	1	468	1	468	0.0	927
38P2R3A13_01453	38P2R3A13_01453	100.000	472	0	0	1	472	1	472	0.0	938
38P2R3A13_01453	18P3R3A11_03837	95.551	472	21	0	1	472	1	472	0.0	905
38P2R3A13_01454	38P2R3A13_01454	100.000	1026	0	0	1	1026	1	1026	0.0	2070
38P2R3A13_01454	18P3R3A11_03838	97.661	1026	24	0	1	1026	1	1026	0.0	2023
38P2R3A13_01454	38P2R3A13_06933	96.686	1026	34	0	1	1026	1	1026	0.0	2008
38P2R3A13_01455	38P2R3A13_01455	100.000	1041	0	0	1	1041	1	1041	0.0	2085
38P2R3A13_01455	18P3R3A11_03839	97.502	1041	26	0	1	1041	1	1041	0.0	2043
38P2R3A13_01455	38P2R3A13_06934	97.310	1041	28	0	1	1041	1	1041	0.0	2039
38P2R3A13_01456	38P2R3A13_01456	100.000	401	0	0	1	401	1	401	0.0	801
38P2R3A13_01456	56P2R2A4_01785	97.756	401	9	0	1	401	1	401	0.0	785
38P2R3A13_01456	18P3R3A11_03840	95.012	401	20	0	1	401	1	401	0.0	736
38P2R3A13_01458	38P2R3A13_01458	100.000	291	0	0	1	291	1	291	0.0	595
38P2R3A13_01459	38P2R3A13_01459	100.000	1110	0	0	1	1110	1	1110	0.0	2283
38P2R3A13_01459	56P2R2A4_01788	96.937	1110	34	0	1	1110	1	1110	0.0	2228
38P2R3A13_01460	38P2R3A13_01460	100.000	214	0	0	1	214	1	214	4.74e-160	440
38P2R3A13_01460	18P3R3A11_03844	96.262	214	8	0	1	214	1	214	6.16e-155	427
38P2R3A13_01462	38P2R3A13_01462	100.000	617	0	0	1	617	1	617	0.0	1244
38P2R3A13_01463	38P2R3A13_01463	100.000	528	0	0	1	528	1	528	0.0	1062
38P2R3A13_01463	18P3R3A11_04509	96.970	528	16	0	1	528	1	528	0.0	1036
38P2R3A13_01464	38P2R3A13_01464	100.000	380	0	0	1	380	1	380	0.0	781
38P2R3A13_01465	38P2R3A13_01465	100.000	148	0	0	1	148	1	148	2.34e-110	309
38P2R3A13_01465	38P2R3A13_07944	97.297	148	4	0	1	148	1	148	3.14e-107	301
38P2R3A13_01466	38P2R3A13_01466	100.000	721	0	0	1	721	1	721	0.0	1472
38P2R3A13_01466	38P2R3A13_07943	97.781	721	16	0	1	721	1	721	0.0	1446
38P2R3A13_01466	18P3R3A11_04512	96.394	721	26	0	1	721	1	721	0.0	1432
38P2R3A13_01469	38P2R3A13_01469	100.000	406	0	0	1	406	1	406	0.0	849
38P2R3A13_01469	38P2R3A13_07940	96.305	406	15	0	1	406	1	406	0.0	821
38P2R3A13_01469	18P3R3A11_04515	95.320	406	19	0	1	406	1	406	0.0	813
38P2R3A13_01470	38P2R3A13_01470	100.000	407	0	0	1	407	1	407	0.0	801
38P2R3A13_01470	18P3R3A11_04516	97.297	407	11	0	1	407	1	407	0.0	783
38P2R3A13_01471	38P2R3A13_01471	100.000	249	0	0	1	249	1	249	0.0	516
38P2R3A13_01471	38P2R3A13_08663	97.189	249	7	0	1	249	1	249	0.0	505
38P2R3A13_01472	38P2R3A13_01472	100.000	183	0	0	1	183	1	183	1.20e-134	374
38P2R3A13_01472	56P2R2A4_01801	98.895	181	2	0	1	181	1	181	1.53e-132	369
38P2R3A13_01472	18P3R3A11_04518	97.253	182	5	0	1	182	1	182	4.27e-132	367
38P2R3A13_01472	38P2R3A13_08662	97.268	183	5	0	1	183	1	183	4.49e-132	367
38P2R3A13_01475	38P2R3A13_01475	100.000	160	0	0	1	160	1	160	1.85e-117	328
38P2R3A13_01475	56P2R2A4_01804	97.500	160	4	0	1	160	1	160	8.08e-115	322
38P2R3A13_01475	18P3R3A11_04521	96.250	160	6	0	1	160	2	161	7.68e-114	319
38P2R3A13_01476	38P2R3A13_01476	100.000	408	0	0	1	408	1	408	0.0	837
38P2R3A13_01476	18P3R3A11_04522	97.549	408	10	0	1	408	1	408	0.0	815
38P2R3A13_01476	38P2R3A13_05346	96.814	408	13	0	1	408	1	408	0.0	813
38P2R3A13_01479	38P2R3A13_01479	100.000	465	0	0	1	465	1	465	0.0	956
38P2R3A13_01479	18P3R3A11_03351	96.559	465	16	0	1	465	1	465	0.0	934
38P2R3A13_01479	38P2R3A13_05343	96.989	465	14	0	1	465	1	465	0.0	930
38P2R3A13_01482	38P2R3A13_01482	100.000	407	0	0	1	407	1	407	0.0	840
38P2R3A13_01482	38P2R3A13_05340	96.560	407	14	0	1	407	1	407	0.0	813
38P2R3A13_01483	38P2R3A13_01483	100.000	464	0	0	1	464	1	464	0.0	944
38P2R3A13_01483	38P2R3A13_05339	96.767	464	15	0	1	464	1	464	0.0	920
38P2R3A13_01485	52P2R3A10_02096	100.000	290	0	0	1	290	27	316	0.0	600
38P2R3A13_01485	38P2R3A13_01485	100.000	290	0	0	1	290	1	290	0.0	599
38P2R3A13_01486	38P2R3A13_01486	100.000	348	0	0	1	348	1	348	0.0	689
38P2R3A13_01487	38P2R3A13_01487	100.000	187	0	0	1	187	1	187	1.65e-132	369
38P2R3A13_01488	38P2R3A13_01488	100.000	590	0	0	1	590	1	590	0.0	1206
38P2R3A13_01489	38P2R3A13_01489	100.000	362	0	0	1	362	1	362	0.0	750
38P2R3A13_01490	38P2R3A13_01490	100.000	300	0	0	1	300	1	300	0.0	618
38P2R3A13_01491	38P2R3A13_01491	100.000	294	0	0	1	294	1	294	0.0	605
38P2R3A13_01492	38P2R3A13_01492	100.000	276	0	0	1	276	1	276	0.0	574
38P2R3A13_01493	38P2R3A13_01493	100.000	183	0	0	1	183	1	183	5.34e-138	382
38P2R3A13_01494	38P2R3A13_01494	100.000	137	0	0	1	137	1	137	6.12e-101	285
38P2R3A13_01495	38P2R3A13_01495	100.000	370	0	0	1	370	1	370	0.0	763
38P2R3A13_01496	38P2R3A13_01496	100.000	418	0	0	1	418	1	418	0.0	830
38P2R3A13_01497	38P2R3A13_01497	100.000	305	0	0	1	305	1	305	0.0	624
38P2R3A13_01498	38P2R3A13_01498	100.000	446	0	0	1	446	1	446	0.0	882
38P2R3A13_01499	38P2R3A13_01499	100.000	287	0	0	1	287	1	287	0.0	584
38P2R3A13_01500	38P2R3A13_01500	100.000	469	0	0	1	469	1	469	0.0	957
38P2R3A13_01500	18P3R3A11_03368	97.868	469	10	0	1	469	1	469	0.0	941
38P2R3A13_01500	29P3R3A9_00359	95.736	469	20	0	1	469	1	469	0.0	924
38P2R3A13_01500	38P2R3A13_05326	99.083	218	2	0	252	469	1	218	6.31e-157	443
38P2R3A13_01500	38P2R3A13_05327	98.077	208	4	0	1	208	1	208	1.44e-147	419
38P2R3A13_01500	33P3R2A2_04177	95.652	23	1	0	1	23	1	23	1.07e-07	48.1
38P2R3A13_01501	38P2R3A13_01501	100.000	389	0	0	1	389	1	389	0.0	790
38P2R3A13_01501	38P2R3A13_05323	95.887	389	16	0	1	389	1	389	0.0	764
38P2R3A13_01502	38P2R3A13_01502	100.000	185	0	0	1	185	1	185	2.77e-137	380
38P2R3A13_01503	38P2R3A13_01503	100.000	335	0	0	1	335	1	335	0.0	696
38P2R3A13_01504	38P2R3A13_01504	100.000	327	0	0	1	327	1	327	0.0	658
38P2R3A13_01505	38P2R3A13_01505	100.000	204	0	0	1	204	1	204	1.09e-152	421
38P2R3A13_01505	38P2R3A13_05320	97.059	204	6	0	1	204	1	204	8.18e-149	411
38P2R3A13_01505	18P3R3A11_03372	96.078	204	8	0	1	204	1	204	1.03e-146	406
38P2R3A13_01506	38P2R3A13_01506	100.000	259	0	0	1	259	1	259	0.0	528
38P2R3A13_01506	18P3R3A11_03373	97.683	259	6	0	1	259	1	259	0.0	517
38P2R3A13_01506	42P1R1A12_04168	96.525	259	9	0	1	259	1	259	0.0	512
38P2R3A13_01506	10P3R2A13_00456	95.753	259	11	0	1	259	1	259	0.0	509
38P2R3A13_01507	38P2R3A13_01507	100.000	246	0	0	1	246	1	246	8.26e-178	488
38P2R3A13_01507	18P3R3A11_03374	97.154	246	7	0	1	246	1	246	3.65e-173	476
38P2R3A13_01508	38P2R3A13_01508	100.000	197	0	0	1	197	1	197	7.85e-148	408
38P2R3A13_01508	18P3R3A11_03375	97.462	197	5	0	1	197	1	197	3.36e-144	399
38P2R3A13_01508	38P2R3A13_05317	95.431	197	9	0	1	197	1	197	7.79e-140	388
38P2R3A13_01509	38P2R3A13_01509	100.000	356	0	0	1	356	1	356	0.0	734
38P2R3A13_01509	18P3R3A11_03376	95.506	356	16	0	1	356	1	356	0.0	708
38P2R3A13_01510	38P2R3A13_01510	100.000	354	0	0	1	354	1	354	0.0	721
38P2R3A13_01510	18P3R3A11_03377	96.610	354	12	0	1	354	1	354	0.0	702
38P2R3A13_01511	38P2R3A13_01511	100.000	435	0	0	1	435	1	435	0.0	884
38P2R3A13_01511	18P3R3A11_03378	95.862	435	18	0	1	435	1	435	0.0	850
38P2R3A13_01511	38P2R3A13_05314	95.632	435	19	0	1	435	1	435	0.0	848
38P2R3A13_01513	38P2R3A13_01513	100.000	275	0	0	1	275	1	275	0.0	560
38P2R3A13_01513	38P2R3A13_07537	95.273	275	13	0	1	275	1	275	0.0	536
38P2R3A13_01514	38P2R3A13_01514	100.000	310	0	0	1	310	1	310	0.0	632
38P2R3A13_01514	56P2R2A4_04174	97.742	310	7	0	1	310	1	310	0.0	621
38P2R3A13_01515	38P2R3A13_01515	100.000	453	0	0	1	453	1	453	0.0	915
38P2R3A13_01515	31P2R1A5_00852	97.572	453	11	0	1	453	1	453	0.0	901
38P2R3A13_01515	10P3R2A13_00467	97.130	453	13	0	1	453	1	453	0.0	896
38P2R3A13_01515	34P3R2A10_04640	98.077	52	1	0	402	453	1	52	6.38e-29	107
38P2R3A13_01516	38P2R3A13_01516	100.000	479	0	0	1	479	1	479	0.0	993
38P2R3A13_01516	18P3R3A11_03383	96.211	475	18	0	5	479	1	475	0.0	957
38P2R3A13_01516	38P2R3A13_07534	95.198	479	23	0	1	479	1	479	0.0	952
38P2R3A13_01517	38P2R3A13_01517	100.000	389	0	0	1	389	1	389	0.0	801
38P2R3A13_01517	38P2R3A13_07533	97.943	389	8	0	1	389	1	389	0.0	790
38P2R3A13_01517	18P3R3A11_03457	96.401	389	14	0	1	389	1	389	0.0	780
38P2R3A13_01518	38P2R3A13_01518	100.000	158	0	0	1	158	1	158	1.85e-118	330
38P2R3A13_01521	38P2R3A13_01521	100.000	112	0	0	1	112	1	112	1.79e-80	231
38P2R3A13_01521	18P3R3A11_03461	97.248	109	3	0	1	109	1	109	8.79e-77	221
38P2R3A13_01523	38P2R3A13_01523	100.000	485	0	0	1	485	1	485	0.0	958
38P2R3A13_01523	52P2R3A10_04329	100.000	474	0	0	12	485	1	474	0.0	936
38P2R3A13_01523	56P2R2A4_04165	99.783	460	1	0	24	483	2	461	0.0	909
38P2R3A13_01523	38P2R3A13_03678	98.690	458	6	0	24	481	2	459	0.0	899
38P2R3A13_01523	18P3R3A11_03463	97.391	460	12	0	24	483	2	461	0.0	892
38P2R3A13_01527	38P2R3A13_01527	100.000	438	0	0	1	438	1	438	0.0	877
38P2R3A13_01527	56P2R2A4_04211	97.717	438	10	0	1	438	1	438	0.0	860
38P2R3A13_01527	18P3R3A11_04527	96.811	439	13	1	1	438	1	439	0.0	851
38P2R3A13_01528	38P2R3A13_01528	100.000	192	0	0	1	192	1	192	6.65e-143	395
38P2R3A13_01528	18P3R3A11_04528	96.875	192	6	0	1	192	1	192	7.40e-139	385
38P2R3A13_01529	38P2R3A13_01529	100.000	245	0	0	1	245	1	245	1.03e-177	488
38P2R3A13_01529	18P3R3A11_04529	96.327	245	9	0	1	245	78	322	6.65e-172	476
38P2R3A13_01529	56P2R2A4_04213	97.143	245	7	0	1	245	78	322	1.14e-171	475
38P2R3A13_01530	38P2R3A13_01530	100.000	36	0	0	1	36	1	36	9.02e-21	74.7
38P2R3A13_01530	56P2R2A4_04213	100.000	35	0	0	1	35	1	35	9.10e-20	78.6
38P2R3A13_01530	18P3R3A11_04529	100.000	35	0	0	1	35	1	35	4.38e-18	73.9
38P2R3A13_01532	38P2R3A13_01532	100.000	362	0	0	1	362	1	362	0.0	734
38P2R3A13_01532	56P2R2A4_04215	97.790	362	8	0	1	362	1	362	0.0	719
38P2R3A13_01532	18P3R3A11_04531	96.685	362	12	0	1	362	1	362	0.0	710
38P2R3A13_01536	38P2R3A13_01536	100.000	299	0	0	1	299	1	299	0.0	601
38P2R3A13_01536	18P3R3A11_04535	97.659	299	7	0	1	299	1	299	0.0	588
38P2R3A13_01540	38P2R3A13_01540	100.000	224	0	0	1	224	1	224	1.23e-167	460
38P2R3A13_01540	56P2R2A4_00004	95.536	224	10	0	1	224	1	224	3.31e-160	442
38P2R3A13_01541	38P2R3A13_01541	100.000	298	0	0	1	298	1	298	0.0	605
38P2R3A13_01542	38P2R3A13_01542	100.000	335	0	0	1	335	1	335	0.0	701
38P2R3A13_01543	38P2R3A13_01543	100.000	537	0	0	1	537	1	537	0.0	1100
38P2R3A13_01544	38P2R3A13_01544	100.000	294	0	0	1	294	1	294	0.0	604
38P2R3A13_01545	38P2R3A13_01545	100.000	521	0	0	1	521	1	521	0.0	1062
38P2R3A13_01546	38P2R3A13_01546	100.000	518	0	0	1	518	1	518	0.0	1058
38P2R3A13_01547	38P2R3A13_01547	100.000	292	0	0	1	292	1	292	0.0	608
38P2R3A13_01548	38P2R3A13_01548	100.000	75	0	0	1	75	1	75	8.07e-51	153
38P2R3A13_01549	38P2R3A13_01549	100.000	109	0	0	1	109	1	109	3.68e-77	222
38P2R3A13_01550	38P2R3A13_01550	100.000	207	0	0	1	207	1	207	4.06e-155	427
38P2R3A13_01551	38P2R3A13_01551	100.000	130	0	0	1	130	1	130	1.58e-94	268
38P2R3A13_01552	38P2R3A13_01552	100.000	309	0	0	1	309	1	309	0.0	629
38P2R3A13_01552	56P2R2A4_00008	97.705	305	7	0	1	305	1	305	0.0	610
38P2R3A13_01553	38P2R3A13_01553	100.000	130	0	0	1	130	1	130	2.90e-93	265
38P2R3A13_01555	38P2R3A13_01555	100.000	111	0	0	1	111	1	111	2.33e-77	223
38P2R3A13_01555	56P2R2A4_00011	97.297	111	3	0	1	111	1	111	6.02e-76	219
38P2R3A13_01555	37P2R3-2A1_03752	96.396	111	4	0	1	111	1	111	5.78e-75	217
38P2R3A13_01557	38P2R3A13_01557	100.000	730	0	0	1	730	1	730	0.0	1495
38P2R3A13_01557	38P2R3A13_03667	96.575	730	25	0	1	730	1	730	0.0	1453
38P2R3A13_01557	18P3R3A11_01564	96.164	730	28	0	1	730	1	730	0.0	1451
38P2R3A13_01558	38P2R3A13_01558	100.000	442	0	0	1	442	1	442	0.0	924
38P2R3A13_01558	18P3R3A11_01565	96.833	442	14	0	1	442	1	442	0.0	896
38P2R3A13_01559	38P2R3A13_01559	100.000	581	0	0	1	581	1	581	0.0	1191
38P2R3A13_01559	56P2R2A4_00015	96.902	581	18	0	1	581	1	581	0.0	1158
38P2R3A13_01559	37P2R3-2A1_03757	95.525	581	26	0	1	581	1	581	0.0	1144
38P2R3A13_01559	18P3R3A11_01566	95.353	581	27	0	1	581	1	581	0.0	1139
38P2R3A13_01560	38P2R3A13_01560	100.000	316	0	0	1	316	1	316	0.0	652
38P2R3A13_01560	56P2R2A4_00016	95.570	316	14	0	1	316	1	316	0.0	627
38P2R3A13_01561	38P2R3A13_01561	100.000	581	0	0	1	581	1	581	0.0	1191
38P2R3A13_01561	56P2R2A4_00017	97.418	581	15	0	1	581	1	581	0.0	1168
38P2R3A13_01562	38P2R3A13_01562	100.000	404	0	0	1	404	1	404	0.0	770
38P2R3A13_01562	56P2R2A4_00018	96.782	404	13	0	1	404	1	404	0.0	751
38P2R3A13_01563	38P2R3A13_01563	100.000	266	0	0	1	266	1	266	0.0	540
38P2R3A13_01563	18P3R3A11_01570	95.113	266	13	0	1	266	1	266	0.0	523
38P2R3A13_01564	38P2R3A13_01564	100.000	510	0	0	1	510	1	510	0.0	1061
38P2R3A13_01564	18P3R3A11_01571	95.098	510	25	0	1	510	1	510	0.0	1021
38P2R3A13_01565	38P2R3A13_01565	100.000	300	0	0	1	300	1	300	0.0	619
38P2R3A13_01565	18P3R3A11_01572	97.000	300	9	0	1	300	1	300	0.0	602
38P2R3A13_01566	38P2R3A13_01566	100.000	263	0	0	1	263	1	263	0.0	528
38P2R3A13_01567	38P2R3A13_01567	100.000	438	0	0	1	438	1	438	0.0	867
38P2R3A13_01567	38P2R3A13_03601	97.032	438	13	0	1	438	1	438	0.0	847
38P2R3A13_01569	38P2R3A13_01569	100.000	503	0	0	1	503	1	503	0.0	985
38P2R3A13_01569	38P2R3A13_03597	98.012	503	10	0	1	503	18	520	0.0	974
38P2R3A13_01569	18P3R3A11_01578	98.121	479	9	0	25	503	1	479	0.0	927
38P2R3A13_01570	38P2R3A13_01570	100.000	927	0	0	1	927	1	927	0.0	1898
38P2R3A13_01570	18P3R3A11_01579	97.195	927	26	0	1	927	1	927	0.0	1856
38P2R3A13_01570	38P2R3A13_03596	96.000	925	37	0	1	925	1	925	0.0	1771
38P2R3A13_01571	38P2R3A13_01571	100.000	321	0	0	1	321	1	321	0.0	658
38P2R3A13_01572	38P2R3A13_01572	100.000	240	0	0	1	240	1	240	0.0	498
38P2R3A13_01572	18P3R3A11_01581	96.667	240	8	0	1	240	1	240	2.21e-177	486
38P2R3A13_01572	38P2R3A13_03594	97.083	240	7	0	1	240	1	240	7.81e-177	485
38P2R3A13_01573	38P2R3A13_01573	100.000	539	0	0	1	539	1	539	0.0	1105
38P2R3A13_01574	38P2R3A13_01574	100.000	288	0	0	1	288	1	288	0.0	585
38P2R3A13_01574	56P2R2A4_00030	97.222	288	8	0	1	288	1	288	0.0	572
38P2R3A13_01575	38P2R3A13_01575	100.000	369	0	0	1	369	1	369	0.0	738
38P2R3A13_01576	38P2R3A13_01576	100.000	234	0	0	1	234	1	234	4.77e-174	478
38P2R3A13_01577	38P2R3A13_01577	100.000	472	0	0	1	472	1	472	0.0	976
38P2R3A13_01577	38P2R3A13_03589	96.398	472	17	0	1	472	1	472	0.0	944
38P2R3A13_01578	38P2R3A13_01578	100.000	164	0	0	1	164	1	164	2.74e-121	338
38P2R3A13_01578	56P2R2A4_00034	95.122	164	8	0	1	164	1	164	1.35e-115	324
38P2R3A13_01579	38P2R3A13_01579	100.000	305	0	0	1	305	1	305	0.0	580
38P2R3A13_01580	38P2R3A13_01580	100.000	304	0	0	1	304	1	304	0.0	589
38P2R3A13_01580	56P2R2A4_00036	97.368	304	8	0	1	304	1	304	0.0	580
38P2R3A13_01581	38P2R3A13_01581	100.000	61	0	0	1	61	1	61	7.69e-41	127
38P2R3A13_01581	56P2R2A4_00037	96.721	61	2	0	1	61	1	61	1.31e-39	124
38P2R3A13_01582	38P2R3A13_01582	100.000	563	0	0	1	563	1	563	0.0	1154
38P2R3A13_01583	38P2R3A13_01583	100.000	267	0	0	1	267	1	267	0.0	544
38P2R3A13_01584	38P2R3A13_01584	100.000	76	0	0	1	76	1	76	8.35e-49	148
38P2R3A13_01584	47P2R3A6_00563	98.684	76	1	0	1	76	6	81	3.27e-48	147
38P2R3A13_01585	38P2R3A13_01585	100.000	63	0	0	1	63	1	63	1.96e-41	129
38P2R3A13_01585	10P3R2A13_02831	95.238	63	3	0	1	63	1	63	1.41e-39	124
38P2R3A13_01585	18P3R3A11_01594	95.238	63	3	0	1	63	1	63	8.71e-39	122
38P2R3A13_01587	38P2R3A13_01587	100.000	262	0	0	1	262	1	262	0.0	508
38P2R3A13_01587	38P2R3A13_08526	97.710	262	6	0	1	262	1	262	0.0	502
38P2R3A13_01587	18P3R3A11_01596	96.565	262	9	0	1	262	1	262	0.0	499
38P2R3A13_01589	38P2R3A13_01589	100.000	246	0	0	1	246	1	246	1.09e-174	480
38P2R3A13_01589	18P3R3A11_01598	97.967	246	5	0	1	246	1	246	1.16e-170	470
38P2R3A13_01589	38P2R3A13_08524	97.561	246	6	0	1	246	1	246	5.44e-169	466
38P2R3A13_01590	38P2R3A13_01590	100.000	125	0	0	1	125	1	125	1.07e-84	243
38P2R3A13_01591	38P2R3A13_01591	100.000	138	0	0	1	138	1	138	3.90e-96	273
38P2R3A13_01591	18P3R3A11_01600	97.826	138	3	0	1	138	1	138	7.32e-94	267
38P2R3A13_01592	38P2R3A13_01592	100.000	335	0	0	1	335	1	335	0.0	676
38P2R3A13_01592	18P3R3A11_01601	97.612	335	8	0	1	335	1	335	0.0	662
38P2R3A13_01592	38P2R3A13_08655	100.000	152	0	0	184	335	1	152	8.31e-106	306
38P2R3A13_01593	38P2R3A13_01593	100.000	157	0	0	1	157	1	157	3.74e-112	315
38P2R3A13_01593	18P3R3A11_01602	97.452	157	4	0	1	157	1	157	3.68e-109	307
38P2R3A13_01593	38P2R3A13_08421	95.541	157	7	0	1	157	1	157	1.43e-94	270
38P2R3A13_01594	38P2R3A13_01594	100.000	409	0	0	1	409	1	409	0.0	795
38P2R3A13_01594	56P2R2A4_00050	96.602	412	10	4	1	409	1	411	0.0	753
38P2R3A13_01595	38P2R3A13_01595	100.000	148	0	0	1	148	1	148	4.52e-106	298
38P2R3A13_01595	18P3R3A11_01604	96.622	148	5	0	1	148	1	148	2.52e-103	291
38P2R3A13_01597	38P2R3A13_01597	100.000	236	0	0	1	236	1	236	1.76e-173	476
38P2R3A13_01599	38P2R3A13_01599	100.000	560	0	0	1	560	1	560	0.0	1140
38P2R3A13_01599	47P2R3A6_00578	95.357	560	26	0	1	560	1	560	0.0	1041
38P2R3A13_01600	38P2R3A13_01600	100.000	105	0	0	1	105	1	105	5.56e-72	209
38P2R3A13_01601	38P2R3A13_01601	100.000	138	0	0	1	138	1	138	1.15e-100	284
38P2R3A13_01601	38P2R3A13_06012	95.652	138	6	0	1	138	1	138	9.78e-97	274
38P2R3A13_01602	38P2R3A13_01602	100.000	497	0	0	1	497	1	497	0.0	1033
38P2R3A13_01602	38P2R3A13_06011	97.581	496	12	0	2	497	1	496	0.0	1015
38P2R3A13_01603	38P2R3A13_01603	100.000	125	0	0	1	125	1	125	3.13e-89	254
38P2R3A13_01604	38P2R3A13_01604	100.000	135	0	0	1	135	1	135	9.78e-95	269
38P2R3A13_01605	38P2R3A13_01605	100.000	475	0	0	1	475	1	475	0.0	932
38P2R3A13_01605	56P2R2A4_00061	95.579	475	21	0	1	475	1	475	0.0	848
38P2R3A13_01606	38P2R3A13_01606	100.000	275	0	0	1	275	1	275	0.0	527
38P2R3A13_01606	56P2R2A4_00062	95.636	275	12	0	1	275	1	275	2.93e-173	479
38P2R3A13_01607	38P2R3A13_01607	100.000	402	0	0	1	402	1	402	0.0	834
38P2R3A13_01607	56P2R2A4_00063	96.020	402	16	0	1	402	1	402	0.0	805
38P2R3A13_01613	38P2R3A13_01613	100.000	251	0	0	1	251	1	251	0.0	503
38P2R3A13_01613	18P3R3A11_01621	96.414	251	9	0	1	251	1	251	2.17e-177	487
38P2R3A13_01613	38P2R3A13_08153	96.813	251	8	0	1	251	1	251	2.89e-177	487
38P2R3A13_01614	38P2R3A13_01614	100.000	241	0	0	1	241	1	241	0.0	507
38P2R3A13_01615	38P2R3A13_01615	100.000	75	0	0	1	75	1	75	3.57e-49	149
38P2R3A13_01615	38P2R3A13_08151	97.333	75	2	0	1	75	1	75	3.04e-48	147
38P2R3A13_01617	38P2R3A13_01617	100.000	611	0	0	1	611	1	611	0.0	1259
38P2R3A13_01617	18P3R3A11_01625	97.709	611	14	0	1	611	1	611	0.0	1232
38P2R3A13_01618	38P2R3A13_01618	100.000	183	0	0	1	183	1	183	8.51e-130	361
38P2R3A13_01618	18P3R3A11_01626	97.814	183	4	0	1	183	1	183	2.53e-128	358
38P2R3A13_01622	38P2R3A13_01622	100.000	116	0	0	1	116	1	116	4.64e-77	223
38P2R3A13_01623	38P2R3A13_01623	100.000	215	0	0	1	215	1	215	3.95e-151	418
38P2R3A13_01623	52P2R3A10_01506	100.000	82	0	0	134	215	1	82	1.11e-48	154
38P2R3A13_01624	38P2R3A13_01624	100.000	147	0	0	1	147	1	147	3.01e-107	301
38P2R3A13_01624	56P2R2A4_00252	97.959	147	3	0	1	147	1	147	2.25e-105	296
38P2R3A13_01625	38P2R3A13_01625	100.000	298	0	0	1	298	1	298	0.0	619
38P2R3A13_01626	38P2R3A13_01626	100.000	189	0	0	1	189	1	189	1.05e-141	392
38P2R3A13_01627	38P2R3A13_01627	100.000	139	0	0	1	139	1	139	2.22e-101	286
38P2R3A13_01628	38P2R3A13_01628	100.000	641	0	0	1	641	1	641	0.0	1325
38P2R3A13_01628	56P2R2A4_00248	99.062	640	6	0	1	640	1	640	0.0	1317
38P2R3A13_01628	38P2R3A13_05583	95.788	641	27	0	1	641	1	641	0.0	1279
38P2R3A13_01628	37P2R3-2A1_04271	95.661	484	21	0	158	641	1	484	0.0	966
38P2R3A13_01628	18P3R3A11_04586	96.310	271	10	0	371	641	1	271	0.0	536
38P2R3A13_01629	38P2R3A13_01629	100.000	127	0	0	1	127	1	127	9.04e-93	263
38P2R3A13_01629	52P2R3A10_01512	100.000	105	0	0	23	127	1	105	1.08e-73	214
38P2R3A13_01630	38P2R3A13_01630	100.000	127	0	0	1	127	1	127	7.86e-92	261
38P2R3A13_01631	38P2R3A13_01631	100.000	356	0	0	1	356	1	356	0.0	742
38P2R3A13_01632	38P2R3A13_01632	100.000	117	0	0	1	117	1	117	3.09e-84	241
38P2R3A13_01633	38P2R3A13_01633	100.000	358	0	0	1	358	1	358	0.0	749
38P2R3A13_01634	38P2R3A13_01634	100.000	145	0	0	1	145	1	145	9.50e-100	282
38P2R3A13_01635	38P2R3A13_01635	100.000	352	0	0	1	352	1	352	0.0	693
38P2R3A13_01636	38P2R3A13_01636	100.000	653	0	0	1	653	1	653	0.0	1350
38P2R3A13_01637	38P2R3A13_01637	100.000	170	0	0	1	170	1	170	1.12e-120	337
38P2R3A13_01638	38P2R3A13_01638	100.000	35	0	0	1	35	1	35	1.60e-19	71.6
38P2R3A13_01639	38P2R3A13_01639	100.000	473	0	0	1	473	1	473	0.0	963
38P2R3A13_01639	18P3R3A11_04005	96.203	474	16	2	1	473	1	473	0.0	880
38P2R3A13_01644	38P2R3A13_01644	100.000	271	0	0	1	271	1	271	0.0	541
38P2R3A13_01644	56P2R2A4_00242	95.941	271	11	0	1	271	1	271	0.0	521
38P2R3A13_01645	38P2R3A13_01645	100.000	333	0	0	1	333	1	333	0.0	676
38P2R3A13_01647	38P2R3A13_01647	100.000	590	0	0	1	590	1	590	0.0	1198
38P2R3A13_01648	38P2R3A13_01648	100.000	134	0	0	1	134	1	134	3.70e-98	277
38P2R3A13_01649	38P2R3A13_01649	100.000	181	0	0	1	181	1	181	1.33e-135	376
38P2R3A13_01651	38P2R3A13_01651	100.000	107	0	0	1	107	1	107	1.84e-77	223
38P2R3A13_01654	38P2R3A13_01654	100.000	70	0	0	1	70	1	70	4.24e-44	136
38P2R3A13_01657	38P2R3A13_01657	100.000	339	0	0	1	339	1	339	0.0	689
38P2R3A13_01657	56P2R2A4_00231	97.640	339	8	0	1	339	1	339	0.0	676
38P2R3A13_01657	37P2R3-2A1_03165	95.575	339	15	0	1	339	1	339	0.0	662
38P2R3A13_01658	38P2R3A13_01658	100.000	239	0	0	1	239	1	239	6.23e-180	493
38P2R3A13_01658	38P2R3A13_07074	96.653	239	8	0	1	239	1	239	1.80e-175	481
38P2R3A13_01659	38P2R3A13_01659	100.000	1207	0	0	1	1207	1	1207	0.0	2471
38P2R3A13_01659	38P2R3A13_07073	97.100	1207	35	0	1	1207	1	1207	0.0	2406
38P2R3A13_01659	18P3R3A11_03987	95.443	1207	55	0	1	1207	1	1207	0.0	2341
38P2R3A13_01660	38P2R3A13_01660	100.000	413	0	0	1	413	1	413	0.0	842
38P2R3A13_01660	18P3R3A11_03986	97.094	413	12	0	1	413	1	413	0.0	817
38P2R3A13_01661	38P2R3A13_01661	100.000	448	0	0	1	448	1	448	0.0	922
38P2R3A13_01661	18P3R3A11_03985	97.545	448	11	0	1	448	1	448	0.0	908
38P2R3A13_01661	38P2R3A13_07071	98.394	436	7	0	13	448	1	436	0.0	888
38P2R3A13_01662	38P2R3A13_01662	100.000	168	0	0	1	168	1	168	7.29e-124	345
38P2R3A13_01662	47P2R3A6_00764	95.833	168	7	0	1	168	1	168	6.26e-118	330
38P2R3A13_01662	38P2R3A13_07070	96.053	76	3	0	93	168	1	76	3.97e-50	155
38P2R3A13_01663	38P2R3A13_01663	100.000	165	0	0	1	165	1	165	2.44e-123	343
38P2R3A13_01664	38P2R3A13_01664	100.000	763	0	0	1	763	1	763	0.0	1580
38P2R3A13_01664	18P3R3A11_03982	97.117	763	22	0	1	763	1	763	0.0	1546
38P2R3A13_01664	38P2R3A13_06047	95.745	329	14	0	1	329	1	329	0.0	662
38P2R3A13_01665	38P2R3A13_01665	100.000	299	0	0	1	299	1	299	0.0	619
38P2R3A13_01665	18P3R3A11_03981	95.318	299	14	0	1	299	1	299	0.0	571
38P2R3A13_01666	38P2R3A13_01666	100.000	253	0	0	1	253	1	253	0.0	514
38P2R3A13_01666	56P2R2A4_00221	96.047	253	10	0	1	253	1	253	0.0	497
38P2R3A13_01667	38P2R3A13_01667	100.000	351	0	0	1	351	1	351	0.0	711
38P2R3A13_01667	56P2R2A4_00220	96.914	324	10	0	28	351	1	324	0.0	639
38P2R3A13_01668	38P2R3A13_01668	100.000	327	0	0	1	327	1	327	0.0	671
38P2R3A13_01669	38P2R3A13_01669	100.000	337	0	0	1	337	1	337	0.0	684
38P2R3A13_01669	18P3R3A11_03977	95.549	337	15	0	1	337	1	337	0.0	652
38P2R3A13_01669	38P2R3A13_06053	95.549	337	15	0	1	337	1	337	0.0	635
38P2R3A13_01670	38P2R3A13_01670	100.000	396	0	0	1	396	1	396	0.0	756
38P2R3A13_01670	38P2R3A13_06054	96.465	396	14	0	1	396	1	396	0.0	734
38P2R3A13_01670	18P3R3A11_03976	95.707	396	17	0	1	396	1	396	0.0	712
38P2R3A13_01671	38P2R3A13_01671	100.000	319	0	0	1	319	1	319	0.0	651
38P2R3A13_01672	38P2R3A13_01672	100.000	562	0	0	1	562	1	562	0.0	1158
38P2R3A13_01673	38P2R3A13_01673	100.000	701	0	0	1	701	1	701	0.0	1447
38P2R3A13_01675	38P2R3A13_01675	100.000	244	0	0	1	244	1	244	0.0	500
38P2R3A13_01676	38P2R3A13_01676	100.000	204	0	0	1	204	1	204	2.46e-153	422
38P2R3A13_01676	38P2R3A13_06060	97.059	204	6	0	1	204	1	204	7.83e-149	411
38P2R3A13_01676	18P3R3A11_03969	95.977	174	7	0	31	204	1	174	5.75e-124	347
38P2R3A13_01677	38P2R3A13_01677	100.000	305	0	0	1	305	1	305	0.0	621
38P2R3A13_01678	38P2R3A13_01678	100.000	578	0	0	1	578	1	578	0.0	1139
38P2R3A13_01678	18P3R3A11_03967	97.751	578	13	0	1	578	1	578	0.0	1110
38P2R3A13_01679	38P2R3A13_01679	100.000	357	0	0	1	357	1	357	0.0	728
38P2R3A13_01679	18P3R3A11_03966	95.798	357	15	0	1	357	1	357	0.0	707
38P2R3A13_01683	38P2R3A13_01683	100.000	513	0	0	1	513	1	513	0.0	1022
38P2R3A13_01684	38P2R3A13_01684	100.000	177	0	0	1	177	1	177	6.87e-129	358
38P2R3A13_01684	38P2R3A13_08107	96.610	177	6	0	1	177	1	177	6.99e-126	351
38P2R3A13_01684	18P3R3A11_01763	98.125	160	3	0	18	177	1	160	7.76e-114	320
38P2R3A13_01685	38P2R3A13_01685	100.000	147	0	0	1	147	1	147	2.95e-110	309
38P2R3A13_01686	38P2R3A13_01686	100.000	220	0	0	1	220	1	220	1.94e-164	452
38P2R3A13_01686	18P3R3A11_01761	96.818	220	7	0	1	220	1	220	2.04e-159	439
38P2R3A13_01687	38P2R3A13_01687	100.000	92	0	0	1	92	1	92	6.13e-64	187
38P2R3A13_01687	47P2R3A6_00738	95.652	92	4	0	1	92	1	92	5.29e-62	182
38P2R3A13_01688	38P2R3A13_01688	100.000	236	0	0	1	236	1	236	1.06e-175	482
38P2R3A13_01689	38P2R3A13_01689	100.000	271	0	0	1	271	1	271	0.0	541
38P2R3A13_01689	18P3R3A11_01758	97.417	271	7	0	1	271	1	271	0.0	534
38P2R3A13_01689	31P2R1A5_01070	95.941	271	11	0	1	271	1	271	0.0	526
38P2R3A13_01689	10P3R2A13_03785	95.941	271	11	0	1	271	1	271	0.0	523
38P2R3A13_01691	38P2R3A13_01691	100.000	385	0	0	1	385	1	385	0.0	785
38P2R3A13_01691	52P2R3A10_01573	100.000	376	0	0	10	385	1	376	0.0	767
38P2R3A13_01691	47P2R3A6_00734	96.364	385	14	0	1	385	1	385	0.0	764
38P2R3A13_01691	38P2R3A13_08660	96.000	325	13	0	61	385	1	325	0.0	639
38P2R3A13_01693	38P2R3A13_01693	100.000	194	0	0	1	194	1	194	2.04e-140	389
38P2R3A13_01694	38P2R3A13_01694	100.000	232	0	0	1	232	1	232	2.38e-170	468
38P2R3A13_01698	38P2R3A13_01698	100.000	445	0	0	1	445	1	445	0.0	915
38P2R3A13_01698	56P2R2A4_00186	96.404	445	16	0	1	445	1	445	0.0	884
38P2R3A13_01699	38P2R3A13_01699	100.000	193	0	0	1	193	1	193	4.32e-139	385
38P2R3A13_01701	38P2R3A13_01701	100.000	533	0	0	1	533	1	533	0.0	1085
38P2R3A13_01701	56P2R2A4_00183	97.749	533	12	0	1	533	1	533	0.0	1064
38P2R3A13_01702	38P2R3A13_01702	100.000	520	0	0	1	520	1	520	0.0	1040
38P2R3A13_01702	18P3R3A11_01745	97.692	520	12	0	1	520	1	520	0.0	1023
38P2R3A13_01702	38P2R3A13_08143	95.192	520	25	0	1	520	1	520	0.0	999
38P2R3A13_01703	38P2R3A13_01703	100.000	322	0	0	1	322	1	322	0.0	648
38P2R3A13_01706	38P2R3A13_01706	100.000	153	0	0	1	153	1	153	5.15e-109	306
38P2R3A13_01706	56P2R2A4_00178	97.386	153	4	0	1	153	1	153	1.43e-106	300
38P2R3A13_01707	38P2R3A13_01707	100.000	189	0	0	1	189	1	189	6.86e-132	367
38P2R3A13_01707	18P3R3A11_01740	97.354	189	5	0	1	189	1	189	4.35e-129	360
38P2R3A13_01707	38P2R3A13_08147	95.238	189	9	0	1	189	1	189	5.86e-127	355
38P2R3A13_01708	38P2R3A13_01708	100.000	272	0	0	1	272	1	272	0.0	568
38P2R3A13_01708	56P2R2A4_00176	97.426	272	7	0	1	272	1	272	0.0	553
38P2R3A13_01709	38P2R3A13_01709	100.000	573	0	0	1	573	1	573	0.0	1170
38P2R3A13_01709	38P2R3A13_08149	95.606	569	25	0	5	573	1	569	0.0	1118
38P2R3A13_01711	38P2R3A13_01711	100.000	330	0	0	1	330	1	330	0.0	668
38P2R3A13_01711	56P2R2A4_00173	96.364	330	12	0	1	330	1	330	0.0	651
38P2R3A13_01712	38P2R3A13_01712	100.000	97	0	0	1	97	1	97	1.50e-64	189
38P2R3A13_01712	56P2R2A4_00172	96.907	97	3	0	1	97	1	97	2.27e-62	184
38P2R3A13_01713	38P2R3A13_01713	100.000	48	0	0	1	48	1	48	6.23e-28	93.6
38P2R3A13_01713	38P2R3A13_07911	95.833	48	2	0	1	48	1	48	2.54e-27	92.0
38P2R3A13_01714	38P2R3A13_01714	100.000	80	0	0	1	80	1	80	5.38e-52	156
38P2R3A13_01714	56P2R2A4_00171	97.500	80	2	0	1	80	1	80	2.01e-51	155
38P2R3A13_01715	38P2R3A13_01715	100.000	264	0	0	1	264	1	264	0.0	535
38P2R3A13_01715	18P3R3A11_01733	95.833	264	11	0	1	264	1	264	0.0	518
38P2R3A13_01715	10P3R2A13_03493	95.455	264	12	0	1	264	1	264	0.0	513
38P2R3A13_01715	31P2R1A5_01045	95.076	264	13	0	1	264	1	264	0.0	510
38P2R3A13_01716	38P2R3A13_01716	100.000	458	0	0	1	458	1	458	0.0	894
38P2R3A13_01716	38P2R3A13_07914	95.197	458	22	0	1	458	1	458	0.0	827
38P2R3A13_01718	38P2R3A13_01718	100.000	683	0	0	1	683	1	683	0.0	1399
38P2R3A13_01718	18P3R3A11_01730	97.511	683	17	0	1	683	1	683	0.0	1366
38P2R3A13_01719	38P2R3A13_01719	100.000	229	0	0	1	229	1	229	3.72e-170	467
38P2R3A13_01719	18P3R3A11_01729	97.380	229	6	0	1	229	1	229	8.00e-165	454
38P2R3A13_01720	38P2R3A13_01720	100.000	166	0	0	1	166	1	166	7.19e-121	337
38P2R3A13_01720	18P3R3A11_01728	95.783	166	7	0	1	166	1	166	1.65e-116	326
38P2R3A13_01721	38P2R3A13_01721	100.000	428	0	0	1	428	1	428	0.0	869
38P2R3A13_01721	38P2R3A13_07645	97.196	428	12	0	1	428	1	428	0.0	851
38P2R3A13_01721	18P3R3A11_01727	97.196	428	12	0	1	428	1	428	0.0	851
38P2R3A13_01722	38P2R3A13_01722	100.000	878	0	0	1	878	1	878	0.0	1769
38P2R3A13_01722	38P2R3A13_07644	96.811	878	28	0	1	878	1	878	0.0	1726
38P2R3A13_01722	18P3R3A11_01726	96.241	878	33	0	1	878	1	878	0.0	1708
38P2R3A13_01723	38P2R3A13_01723	100.000	466	0	0	1	466	1	466	0.0	958
38P2R3A13_01724	38P2R3A13_01724	100.000	80	0	0	1	80	1	80	4.71e-55	164
38P2R3A13_01724	38P2R3A13_07642	96.250	80	3	0	1	80	1	80	1.53e-53	160
38P2R3A13_01724	18P3R3A11_01724	96.250	80	3	0	1	80	1	80	4.44e-53	159
38P2R3A13_01725	38P2R3A13_01725	100.000	215	0	0	1	215	1	215	1.17e-162	447
38P2R3A13_01726	38P2R3A13_01726	100.000	314	0	0	1	314	1	314	0.0	647
