38P2R3A13_01727	38P2R3A13_01727	100.000	299	0	0	1	299	1	299	0.0	621
38P2R3A13_01727	56P2R2A4_00158	97.993	299	6	0	1	299	1	299	0.0	610
38P2R3A13_01728	38P2R3A13_01728	100.000	35	0	0	1	35	1	35	8.17e-20	72.4
38P2R3A13_01729	38P2R3A13_01729	100.000	194	0	0	1	194	1	194	3.64e-148	409
38P2R3A13_01730	38P2R3A13_01730	100.000	326	0	0	1	326	1	326	0.0	666
38P2R3A13_01731	38P2R3A13_01731	100.000	201	0	0	1	201	1	201	3.29e-149	412
38P2R3A13_01732	38P2R3A13_01732	100.000	423	0	0	1	423	1	423	0.0	856
38P2R3A13_01733	38P2R3A13_01733	100.000	196	0	0	1	196	1	196	3.27e-147	406
38P2R3A13_01734	38P2R3A13_01734	100.000	360	0	0	1	360	1	360	0.0	723
38P2R3A13_01735	38P2R3A13_01735	100.000	138	0	0	1	138	1	138	2.70e-98	278
38P2R3A13_01736	38P2R3A13_01736	100.000	178	0	0	1	178	1	178	1.12e-131	365
38P2R3A13_01737	38P2R3A13_01737	100.000	353	0	0	1	353	1	353	0.0	724
38P2R3A13_01738	38P2R3A13_01738	100.000	448	0	0	1	448	1	448	0.0	904
38P2R3A13_01739	38P2R3A13_01739	100.000	637	0	0	1	637	1	637	0.0	1276
38P2R3A13_01740	38P2R3A13_01740	100.000	109	0	0	1	109	1	109	1.01e-76	221
38P2R3A13_01741	38P2R3A13_01741	100.000	119	0	0	1	119	1	119	1.79e-86	246
38P2R3A13_01742	38P2R3A13_01742	100.000	505	0	0	1	505	1	505	0.0	1026
38P2R3A13_01743	38P2R3A13_01743	100.000	57	0	0	1	57	1	57	7.53e-36	114
38P2R3A13_01744	38P2R3A13_01744	100.000	187	0	0	1	187	1	187	4.42e-139	385
38P2R3A13_01745	38P2R3A13_01745	100.000	171	0	0	1	171	1	171	1.33e-123	345
38P2R3A13_01746	38P2R3A13_01746	100.000	135	0	0	1	135	1	135	3.06e-98	278
38P2R3A13_01747	38P2R3A13_01747	100.000	108	0	0	1	108	1	108	4.19e-75	217
38P2R3A13_01748	38P2R3A13_01748	100.000	410	0	0	1	410	1	410	0.0	842
38P2R3A13_01749	38P2R3A13_01749	100.000	201	0	0	1	201	1	201	1.81e-147	407
38P2R3A13_01750	38P2R3A13_01750	100.000	406	0	0	1	406	1	406	0.0	850
38P2R3A13_01751	38P2R3A13_01751	100.000	53	0	0	1	53	1	53	2.25e-28	95.1
38P2R3A13_01752	38P2R3A13_01752	100.000	577	0	0	1	577	1	577	0.0	1201
38P2R3A13_01753	38P2R3A13_01753	100.000	146	0	0	1	146	1	146	3.73e-105	296
38P2R3A13_01754	38P2R3A13_01754	100.000	217	0	0	1	217	1	217	1.52e-164	452
38P2R3A13_01755	38P2R3A13_01755	100.000	289	0	0	1	289	1	289	0.0	604
38P2R3A13_01756	38P2R3A13_01756	100.000	185	0	0	1	185	1	185	4.85e-137	380
38P2R3A13_01757	38P2R3A13_01757	100.000	54	0	0	1	54	1	54	3.91e-34	109
38P2R3A13_01758	38P2R3A13_01758	100.000	188	0	0	1	188	1	188	3.72e-137	380
38P2R3A13_01759	38P2R3A13_01759	100.000	162	0	0	1	162	1	162	1.46e-119	334
38P2R3A13_01760	38P2R3A13_01760	100.000	114	0	0	1	114	1	114	1.57e-78	226
38P2R3A13_01761	38P2R3A13_01761	100.000	98	0	0	1	98	1	98	3.73e-67	196
38P2R3A13_01762	38P2R3A13_01762	100.000	202	0	0	1	202	1	202	9.84e-150	413
38P2R3A13_01763	38P2R3A13_01763	100.000	119	0	0	1	119	1	119	1.71e-86	247
38P2R3A13_01764	38P2R3A13_01764	100.000	511	0	0	1	511	1	511	0.0	1052
38P2R3A13_01765	38P2R3A13_01765	100.000	99	0	0	1	99	1	99	1.22e-69	202
38P2R3A13_01766	38P2R3A13_01766	100.000	73	0	0	1	73	1	73	4.54e-47	144
38P2R3A13_01767	38P2R3A13_01767	100.000	108	0	0	1	108	1	108	3.51e-76	220
38P2R3A13_01768	38P2R3A13_01768	100.000	287	0	0	1	287	1	287	0.0	597
38P2R3A13_01769	38P2R3A13_01769	100.000	581	0	0	1	581	1	581	0.0	1184
38P2R3A13_01770	38P2R3A13_01770	100.000	62	0	0	1	62	1	62	1.71e-39	124
38P2R3A13_01771	38P2R3A13_01771	100.000	219	0	0	1	219	1	219	4.11e-162	446
38P2R3A13_01772	38P2R3A13_01772	100.000	318	0	0	1	318	1	318	0.0	657
38P2R3A13_01773	38P2R3A13_01773	100.000	86	0	0	1	86	1	86	8.00e-58	172
38P2R3A13_01774	38P2R3A13_01774	100.000	150	0	0	1	150	1	150	2.84e-111	312
38P2R3A13_01775	38P2R3A13_01775	100.000	86	0	0	1	86	1	86	6.86e-61	179
38P2R3A13_01776	38P2R3A13_01776	100.000	132	0	0	1	132	1	132	1.04e-93	266
38P2R3A13_01777	38P2R3A13_01777	100.000	91	0	0	1	91	1	91	5.24e-63	185
38P2R3A13_01778	38P2R3A13_01778	100.000	634	0	0	1	634	1	634	0.0	1293
38P2R3A13_01779	38P2R3A13_01779	100.000	81	0	0	1	81	1	81	4.79e-55	164
38P2R3A13_01780	38P2R3A13_01780	100.000	87	0	0	1	87	1	87	1.72e-59	176
38P2R3A13_01781	38P2R3A13_01781	100.000	360	0	0	1	360	1	360	0.0	744
38P2R3A13_01782	38P2R3A13_01782	100.000	113	0	0	1	113	1	113	1.50e-81	234
38P2R3A13_01782	18P3R3A11_01709	96.460	113	4	0	1	113	1	113	9.94e-79	226
38P2R3A13_01783	38P2R3A13_01783	100.000	290	0	0	1	290	1	290	0.0	567
38P2R3A13_01783	56P2R2A4_00156	97.931	290	6	0	1	290	1	290	0.0	557
38P2R3A13_01784	38P2R3A13_01784	100.000	124	0	0	1	124	1	124	8.06e-89	253
38P2R3A13_01785	38P2R3A13_01785	100.000	77	0	0	1	77	1	77	3.58e-51	154
38P2R3A13_01785	56P2R2A4_00154	97.403	77	2	0	1	77	1	77	1.76e-50	152
38P2R3A13_01785	18P3R3A11_01706	97.403	77	2	0	1	77	1	77	5.89e-50	151
38P2R3A13_01786	38P2R3A13_01786	100.000	217	0	0	1	217	1	217	9.89e-161	442
38P2R3A13_01788	38P2R3A13_01788	100.000	687	0	0	1	687	1	687	0.0	1429
38P2R3A13_01788	38P2R3A13_07290	96.943	687	21	0	1	687	1	687	0.0	1400
38P2R3A13_01788	18P3R3A11_01703	95.633	687	30	0	1	687	1	687	0.0	1389
38P2R3A13_01789	38P2R3A13_01789	100.000	216	0	0	1	216	1	216	4.23e-157	433
38P2R3A13_01789	56P2R2A4_00150	97.222	216	6	0	1	216	1	216	1.09e-153	424
38P2R3A13_01790	38P2R3A13_01790	100.000	393	0	0	1	393	1	393	0.0	793
38P2R3A13_01790	18P3R3A11_01701	95.745	376	16	0	1	376	1	376	0.0	743
38P2R3A13_01792	38P2R3A13_01792	100.000	604	0	0	1	604	1	604	0.0	1241
38P2R3A13_01792	38P2R3A13_07294	96.854	604	19	0	1	604	1	604	0.0	1207
38P2R3A13_01792	18P3R3A11_01699	97.020	604	18	0	1	604	1	604	0.0	1205
38P2R3A13_01792	15P1R1A16_01009	95.628	183	8	0	422	604	1	183	3.84e-121	356
38P2R3A13_01794	38P2R3A13_01794	100.000	290	0	0	1	290	1	290	0.0	592
38P2R3A13_01794	38P2R3A13_07182	98.621	290	4	0	1	290	7	296	0.0	588
38P2R3A13_01794	18P3R3A11_01697	97.586	290	7	0	1	290	1	290	0.0	583
38P2R3A13_01797	38P2R3A13_01797	100.000	440	0	0	1	440	1	440	0.0	905
38P2R3A13_01797	38P2R3A13_07179	97.727	440	10	0	1	440	1	440	0.0	891
38P2R3A13_01797	18P3R3A11_01694	96.591	440	15	0	1	440	1	440	0.0	883
38P2R3A13_01798	38P2R3A13_01798	100.000	320	0	0	1	320	1	320	0.0	658
38P2R3A13_01798	56P2R2A4_00141	98.678	227	3	0	94	320	1	227	1.41e-167	464
38P2R3A13_01798	38P2R3A13_07178	96.916	227	7	0	94	320	1	227	2.54e-163	454
38P2R3A13_01800	38P2R3A13_01800	100.000	262	0	0	1	262	1	262	0.0	504
38P2R3A13_01800	18P3R3A11_01691	98.077	260	5	0	1	260	1	260	1.15e-179	494
38P2R3A13_01805	38P2R3A13_01805	100.000	148	0	0	1	148	1	148	4.21e-108	303
38P2R3A13_01805	18P3R3A11_01686	97.973	148	3	0	1	148	1	148	1.14e-105	297
38P2R3A13_01805	47P2R3A6_00675	95.946	148	6	0	1	148	1	148	1.28e-102	290
38P2R3A13_01805	38P2R3A13_07171	95.890	73	3	0	76	148	1	73	3.11e-47	147
38P2R3A13_01807	38P2R3A13_01807	100.000	189	0	0	1	189	1	189	7.82e-139	385
38P2R3A13_01808	38P2R3A13_01808	100.000	273	0	0	1	273	1	273	0.0	567
38P2R3A13_01808	56P2R2A4_00131	97.802	273	6	0	1	273	1	273	0.0	557
38P2R3A13_01809	38P2R3A13_01809	100.000	132	0	0	1	132	1	132	1.83e-92	263
38P2R3A13_01809	47P2R3A6_00671	95.455	132	6	0	1	132	1	132	1.09e-88	253
38P2R3A13_01810	38P2R3A13_01810	100.000	248	0	0	1	248	1	248	0.0	513
38P2R3A13_01811	38P2R3A13_01811	100.000	324	0	0	1	324	1	324	0.0	667
38P2R3A13_01811	18P3R3A11_01680	97.531	324	8	0	1	324	1	324	0.0	655
38P2R3A13_01811	38P2R3A13_07935	95.988	324	13	0	1	324	1	324	0.0	644
38P2R3A13_01812	38P2R3A13_01812	100.000	248	0	0	1	248	1	248	0.0	508
38P2R3A13_01813	38P2R3A13_01813	100.000	187	0	0	1	187	1	187	9.34e-138	382
38P2R3A13_01813	18P3R3A11_01678	97.326	187	5	0	1	187	1	187	1.91e-135	376
38P2R3A13_01813	38P2R3A13_07933	97.861	187	4	0	1	187	1	187	2.44e-135	375
38P2R3A13_01814	38P2R3A13_01814	100.000	578	0	0	1	578	1	578	0.0	1197
38P2R3A13_01814	47P2R3A6_00666	97.578	578	14	0	1	578	1	578	0.0	1170
38P2R3A13_01814	18P3R3A11_01677	97.578	578	14	0	1	578	1	578	0.0	1170
38P2R3A13_01814	38P2R3A13_07408	97.378	534	14	0	45	578	1	534	0.0	1080
38P2R3A13_01815	38P2R3A13_01815	100.000	381	0	0	1	381	1	381	0.0	793
38P2R3A13_01815	18P3R3A11_01676	95.276	381	18	0	1	381	1	381	0.0	757
38P2R3A13_01816	38P2R3A13_01816	100.000	528	0	0	1	528	1	528	0.0	1078
38P2R3A13_01816	18P3R3A11_01675	95.833	528	22	0	1	528	1	528	0.0	1043
38P2R3A13_01817	38P2R3A13_01817	100.000	131	0	0	1	131	1	131	6.97e-93	264
38P2R3A13_01819	38P2R3A13_01819	100.000	383	0	0	1	383	1	383	0.0	778
38P2R3A13_01819	38P2R3A13_07403	95.039	383	19	0	1	383	1	383	0.0	748
38P2R3A13_01820	38P2R3A13_01820	100.000	192	0	0	1	192	1	192	2.98e-138	384
38P2R3A13_01821	38P2R3A13_01821	100.000	231	0	0	1	231	1	231	3.70e-175	480
38P2R3A13_01822	38P2R3A13_01822	100.000	840	0	0	1	840	1	840	0.0	1720
38P2R3A13_01822	56P2R2A4_00117	97.381	840	22	0	1	840	1	840	0.0	1680
38P2R3A13_01823	38P2R3A13_01823	100.000	388	0	0	1	388	1	388	0.0	803
38P2R3A13_01824	38P2R3A13_01824	100.000	215	0	0	1	215	1	215	1.28e-156	432
38P2R3A13_01824	38P2R3A13_07402	97.674	215	5	0	1	215	2	216	2.78e-154	426
38P2R3A13_01827	38P2R3A13_01827	100.000	289	0	0	1	289	1	289	0.0	601
38P2R3A13_01827	18P3R3A11_01664	97.924	289	6	0	1	289	1	289	0.0	590
38P2R3A13_01828	38P2R3A13_01828	100.000	534	0	0	1	534	1	534	0.0	1072
38P2R3A13_01828	18P3R3A11_01663	96.067	534	21	0	1	534	1	534	0.0	1030
38P2R3A13_01829	38P2R3A13_01829	100.000	556	0	0	1	556	1	556	0.0	1124
38P2R3A13_01829	38P2R3A13_07438	96.043	556	21	1	1	556	1	555	0.0	1035
38P2R3A13_01830	38P2R3A13_01830	100.000	321	0	0	1	321	1	321	0.0	638
38P2R3A13_01831	38P2R3A13_01831	100.000	795	0	0	1	795	1	795	0.0	1628
38P2R3A13_01831	18P3R3A11_01660	95.849	795	33	0	1	795	1	795	0.0	1571
38P2R3A13_01832	38P2R3A13_01832	100.000	252	0	0	1	252	1	252	0.0	509
38P2R3A13_01833	38P2R3A13_01833	100.000	168	0	0	1	168	1	168	4.80e-119	333
38P2R3A13_01834	38P2R3A13_01834	100.000	191	0	0	1	191	1	191	5.10e-132	367
38P2R3A13_01837	38P2R3A13_01837	100.000	679	0	0	1	679	1	679	0.0	1363
38P2R3A13_01837	47P2R3A6_00647	96.760	679	21	1	1	679	1	678	0.0	1321
38P2R3A13_01837	18P3R3A11_01654	95.876	679	24	2	1	679	1	675	0.0	1261
38P2R3A13_01837	38P2R3A13_08562	96.399	611	21	1	69	679	1	610	0.0	1176
38P2R3A13_01838	38P2R3A13_01838	100.000	310	0	0	1	310	1	310	0.0	632
38P2R3A13_01838	18P3R3A11_01653	97.419	310	8	0	1	310	1	310	0.0	620
38P2R3A13_01841	38P2R3A13_01841	100.000	117	0	0	1	117	1	117	1.43e-82	236
38P2R3A13_01841	47P2R3A6_00643	97.436	117	3	0	1	117	1	117	3.77e-80	231
38P2R3A13_01842	38P2R3A13_01842	100.000	143	0	0	1	143	1	143	1.83e-102	289
38P2R3A13_01843	38P2R3A13_01843	100.000	475	0	0	1	475	1	475	0.0	977
38P2R3A13_01843	38P2R3A13_05754	96.211	475	18	0	1	475	1	475	0.0	950
38P2R3A13_01844	38P2R3A13_01844	100.000	268	0	0	1	268	1	268	0.0	542
38P2R3A13_01845	38P2R3A13_01845	100.000	329	0	0	1	329	1	329	0.0	642
38P2R3A13_01845	34P3R2A10_04039	97.297	37	1	0	293	329	1	37	1.23e-17	75.5
38P2R3A13_01846	38P2R3A13_01846	100.000	505	0	0	1	505	1	505	0.0	1035
38P2R3A13_01846	38P2R3A13_05757	96.238	505	19	0	1	505	1	505	0.0	998
38P2R3A13_01846	18P3R3A11_01645	96.040	505	20	0	1	505	1	505	0.0	995
38P2R3A13_01848	38P2R3A13_01848	100.000	168	0	0	1	168	1	168	6.66e-125	348
38P2R3A13_01849	38P2R3A13_01849	100.000	448	0	0	1	448	1	448	0.0	902
38P2R3A13_01849	38P2R3A13_05761	97.545	448	11	0	1	448	1	448	0.0	883
38P2R3A13_01849	18P3R3A11_01641	96.205	448	17	0	1	448	1	448	0.0	877
38P2R3A13_01850	38P2R3A13_01850	100.000	84	0	0	1	84	1	84	8.05e-56	166
38P2R3A13_01850	18P3R3A11_01640	97.619	84	2	0	1	84	1	84	7.48e-55	164
38P2R3A13_01851	38P2R3A13_01851	100.000	113	0	0	1	113	1	113	8.88e-80	229
38P2R3A13_01852	38P2R3A13_01852	100.000	166	0	0	1	166	1	166	3.36e-123	343
38P2R3A13_01852	38P2R3A13_05766	95.783	166	7	0	1	166	1	166	2.24e-118	331
38P2R3A13_01852	18P3R3A11_01637	95.181	166	8	0	1	166	1	166	7.08e-118	330
38P2R3A13_01853	38P2R3A13_01853	100.000	114	0	0	1	114	1	114	5.40e-84	240
38P2R3A13_01854	38P2R3A13_01854	100.000	381	0	0	1	381	1	381	0.0	748
38P2R3A13_01854	38P2R3A13_05768	95.276	381	18	0	1	381	24	404	0.0	674
38P2R3A13_01855	38P2R3A13_01855	100.000	223	0	0	1	223	1	223	1.34e-168	462
38P2R3A13_01857	38P2R3A13_01857	100.000	305	0	0	1	305	1	305	0.0	597
38P2R3A13_01857	38P2R3A13_05771	97.377	305	8	0	1	305	2	306	0.0	586
38P2R3A13_01857	18P3R3A11_01633	96.066	305	12	0	1	305	1	305	0.0	584
38P2R3A13_01858	38P2R3A13_01858	100.000	426	0	0	1	426	1	426	0.0	833
38P2R3A13_01858	18P3R3A11_01632	96.000	425	17	0	2	426	1	425	0.0	753
38P2R3A13_01859	38P2R3A13_01859	100.000	292	0	0	1	292	1	292	0.0	604
38P2R3A13_01859	18P3R3A11_01631	96.575	292	10	0	1	292	1	292	0.0	584
38P2R3A13_01860	38P2R3A13_01860	100.000	239	0	0	1	239	1	239	5.05e-175	480
38P2R3A13_01860	38P2R3A13_05774	96.234	239	9	0	1	239	1	239	1.89e-169	466
38P2R3A13_01860	37P2R3-2A1_03016	95.816	239	10	0	1	239	1	239	2.82e-168	463
38P2R3A13_01861	38P2R3A13_01861	100.000	590	0	0	1	590	1	590	0.0	1222
38P2R3A13_01862	38P2R3A13_01862	100.000	394	0	0	1	394	1	394	0.0	817
38P2R3A13_01863	38P2R3A13_01863	100.000	613	0	0	1	613	1	613	0.0	1276
38P2R3A13_01864	38P2R3A13_01864	100.000	252	0	0	1	252	1	252	0.0	517
38P2R3A13_01864	28P2R1A12_02721	98.361	244	4	0	9	252	1	244	3.30e-180	494
38P2R3A13_01865	38P2R3A13_01865	100.000	1094	0	0	1	1094	1	1094	0.0	2269
38P2R3A13_01865	28P2R1A12_02720	97.250	1091	30	0	4	1094	5	1095	0.0	2203
38P2R3A13_01865	42P1R1A12_06158	98.280	465	8	0	630	1094	1	465	0.0	942
38P2R3A13_01866	38P2R3A13_01866	100.000	220	0	0	1	220	1	220	4.64e-167	459
38P2R3A13_01867	38P2R3A13_01867	100.000	462	0	0	1	462	1	462	0.0	952
38P2R3A13_01868	38P2R3A13_01868	100.000	432	0	0	1	432	1	432	0.0	895
38P2R3A13_01869	38P2R3A13_01869	100.000	508	0	0	1	508	1	508	0.0	1047
38P2R3A13_01869	28P2R1A12_02718	96.457	508	18	0	1	508	1	508	0.0	1011
38P2R3A13_01870	38P2R3A13_01870	100.000	381	0	0	1	381	1	381	0.0	782
38P2R3A13_01871	38P2R3A13_01871	100.000	374	0	0	1	374	1	374	0.0	770
38P2R3A13_01872	38P2R3A13_01872	100.000	63	0	0	1	63	1	63	3.91e-41	128
38P2R3A13_01873	38P2R3A13_01873	100.000	201	0	0	1	201	1	201	1.43e-148	410
38P2R3A13_01874	38P2R3A13_01874	100.000	896	0	0	1	896	1	896	0.0	1864
38P2R3A13_01875	38P2R3A13_01875	100.000	309	0	0	1	309	1	309	0.0	632
38P2R3A13_01876	38P2R3A13_01876	100.000	136	0	0	1	136	1	136	5.85e-98	277
38P2R3A13_01877	38P2R3A13_01877	100.000	296	0	0	1	296	1	296	0.0	609
38P2R3A13_01878	38P2R3A13_01878	100.000	92	0	0	1	92	1	92	1.38e-63	187
38P2R3A13_01879	38P2R3A13_01879	100.000	107	0	0	1	107	1	107	4.23e-77	222
38P2R3A13_01880	38P2R3A13_01880	100.000	145	0	0	1	145	1	145	1.44e-108	305
38P2R3A13_01881	38P2R3A13_01881	100.000	177	0	0	1	177	1	177	2.89e-129	359
38P2R3A13_01882	38P2R3A13_01882	100.000	124	0	0	1	124	1	124	5.51e-88	251
38P2R3A13_01884	38P2R3A13_01884	100.000	247	0	0	1	247	1	247	0.0	514
38P2R3A13_01884	28P2R1A12_02703	95.547	247	11	0	1	247	1	247	0.0	496
38P2R3A13_01884	29P3R3A9_03988	95.522	201	9	0	47	247	1	201	1.04e-144	402
38P2R3A13_01887	38P2R3A13_01887	100.000	244	0	0	1	244	1	244	0.0	504
38P2R3A13_01892	38P2R3A13_01892	100.000	291	0	0	1	291	1	291	0.0	610
38P2R3A13_01892	56P2R2A4_02851	97.595	291	7	0	1	291	1	291	0.0	596
38P2R3A13_01892	18P3R3A11_04280	95.533	291	13	0	1	291	1	291	0.0	583
38P2R3A13_01895	38P2R3A13_01895	100.000	125	0	0	1	125	1	125	1.83e-92	262
38P2R3A13_01895	56P2R2A4_02848	96.800	125	4	0	1	125	1	125	4.79e-90	256
38P2R3A13_01896	38P2R3A13_01896	100.000	163	0	0	1	163	1	163	7.70e-121	337
38P2R3A13_01897	38P2R3A13_01897	100.000	386	0	0	1	386	1	386	0.0	799
38P2R3A13_01898	38P2R3A13_01898	100.000	162	0	0	1	162	1	162	1.62e-120	336
38P2R3A13_01899	38P2R3A13_01899	100.000	457	0	0	1	457	1	457	0.0	922
38P2R3A13_01900	38P2R3A13_01900	100.000	140	0	0	1	140	1	140	5.01e-100	283
38P2R3A13_01900	56P2R2A4_02843	96.269	134	5	0	1	134	1	134	4.35e-93	265
38P2R3A13_01908	38P2R3A13_01908	100.000	198	0	0	1	198	1	198	2.18e-141	392
38P2R3A13_01908	18P3R3A11_04296	97.980	198	4	0	1	198	1	198	1.47e-138	385
38P2R3A13_01910	38P2R3A13_01910	100.000	554	0	0	1	554	1	554	0.0	1130
38P2R3A13_01910	18P3R3A11_04298	96.029	554	22	0	1	554	1	554	0.0	1088
38P2R3A13_01910	38P2R3A13_07950	96.029	554	22	0	1	554	1	554	0.0	1085
38P2R3A13_01912	38P2R3A13_01912	100.000	96	0	0	1	96	1	96	4.44e-63	186
38P2R3A13_01912	18P3R3A11_04300	97.917	96	2	0	1	96	1	96	6.40e-62	183
38P2R3A13_01914	38P2R3A13_01914	100.000	161	0	0	1	161	1	161	2.51e-118	330
38P2R3A13_01914	18P3R3A11_04302	97.516	161	4	0	1	161	1	161	3.95e-116	325
38P2R3A13_01916	38P2R3A13_01916	100.000	77	0	0	1	77	1	77	5.95e-53	159
38P2R3A13_01917	38P2R3A13_01917	100.000	164	0	0	1	164	1	164	2.51e-121	338
38P2R3A13_01918	38P2R3A13_01918	100.000	349	0	0	1	349	1	349	0.0	702
38P2R3A13_01919	38P2R3A13_01919	100.000	99	0	0	1	99	1	99	7.32e-68	198
38P2R3A13_01920	38P2R3A13_01920	100.000	56	0	0	1	56	1	56	2.37e-34	110
38P2R3A13_01921	38P2R3A13_01921	100.000	44	0	0	1	44	1	44	8.40e-26	88.2
38P2R3A13_01921	12_1P1R2A2-1_03580	95.833	24	1	0	1	24	1	24	5.94e-09	48.9
38P2R3A13_01921	11P3R3A1_03421	95.833	24	1	0	1	24	1	24	6.49e-09	48.9
38P2R3A13_01922	38P2R3A13_01922	100.000	70	0	0	1	70	1	70	5.05e-47	143
38P2R3A13_01923	38P2R3A13_01923	100.000	211	0	0	1	211	1	211	2.26e-157	433
38P2R3A13_01924	38P2R3A13_01924	100.000	74	0	0	1	74	1	74	1.20e-46	142
38P2R3A13_01925	38P2R3A13_01925	100.000	287	0	0	1	287	1	287	0.0	596
38P2R3A13_01926	38P2R3A13_01926	100.000	360	0	0	1	360	1	360	0.0	736
38P2R3A13_01927	38P2R3A13_01927	100.000	119	0	0	1	119	1	119	5.17e-79	228
38P2R3A13_01928	38P2R3A13_01928	100.000	186	0	0	1	186	1	186	2.84e-135	375
38P2R3A13_01928	56P2R2A4_02824	97.312	186	5	0	1	186	1	186	1.24e-132	369
38P2R3A13_01929	38P2R3A13_01929	100.000	264	0	0	1	264	1	264	0.0	540
38P2R3A13_01929	56P2R2A4_02823	96.212	264	10	0	1	264	1	264	0.0	521
38P2R3A13_01930	38P2R3A13_01930	100.000	193	0	0	1	193	1	193	4.90e-142	393
38P2R3A13_01930	56P2R2A4_02822	96.891	193	6	0	1	193	1	193	3.44e-137	381
38P2R3A13_01931	38P2R3A13_01931	100.000	176	0	0	1	176	1	176	1.92e-131	365
38P2R3A13_01931	38P2R3A13_05404	97.727	176	4	0	1	176	1	176	2.89e-128	357
38P2R3A13_01932	38P2R3A13_01932	100.000	1200	0	0	1	1200	1	1200	0.0	2248
38P2R3A13_01932	56P2R2A4_02820	96.909	1197	37	0	1	1197	1	1197	0.0	2186
38P2R3A13_01933	38P2R3A13_01933	100.000	2156	0	0	1	2156	1	2156	0.0	4110
38P2R3A13_01933	56P2R2A4_02820	97.774	2156	48	0	1	2156	1197	3352	0.0	4012
38P2R3A13_01934	38P2R3A13_01934	100.000	468	0	0	1	468	1	468	0.0	957
38P2R3A13_01935	38P2R3A13_01935	100.000	733	0	0	1	733	1	733	0.0	1489
38P2R3A13_01935	38P2R3A13_05401	97.135	733	21	0	1	733	1	733	0.0	1450
38P2R3A13_01935	18P3R3A11_02600	95.089	733	34	1	1	733	1	731	0.0	1400
38P2R3A13_01936	38P2R3A13_01936	100.000	400	0	0	1	400	1	400	0.0	810
38P2R3A13_01936	38P2R3A13_05400	98.000	400	8	0	1	400	1	400	0.0	796
38P2R3A13_01936	18P3R3A11_02599	96.750	400	13	0	1	400	1	400	0.0	788
38P2R3A13_01937	38P2R3A13_01937	100.000	116	0	0	1	116	1	116	3.12e-82	236
38P2R3A13_01938	38P2R3A13_01938	100.000	142	0	0	1	142	1	142	1.14e-103	292
38P2R3A13_01938	56P2R2A4_02815	97.183	142	4	0	1	142	1	142	1.74e-101	286
38P2R3A13_01939	38P2R3A13_01939	100.000	244	0	0	1	244	1	244	0.0	503
38P2R3A13_01939	56P2R2A4_02814	97.541	244	6	0	1	244	1	244	4.40e-180	493
38P2R3A13_01940	38P2R3A13_01940	100.000	140	0	0	1	140	1	140	2.37e-101	286
38P2R3A13_01941	38P2R3A13_01941	100.000	173	0	0	1	173	1	173	5.92e-122	341
38P2R3A13_01941	56P2R2A4_02812	97.110	173	5	0	1	173	1	173	1.80e-118	332
38P2R3A13_01942	38P2R3A13_01942	100.000	394	0	0	1	394	1	394	0.0	815
38P2R3A13_01942	38P2R3A13_05395	95.939	394	16	0	1	394	1	394	0.0	783
38P2R3A13_01943	38P2R3A13_01943	100.000	272	0	0	1	272	1	272	0.0	543
38P2R3A13_01944	38P2R3A13_01944	100.000	201	0	0	1	201	1	201	6.00e-145	401
38P2R3A13_01944	18P3R3A11_02593	96.020	201	8	0	1	201	1	201	8.14e-139	385
38P2R3A13_01945	38P2R3A13_01945	100.000	245	0	0	1	245	1	245	0.0	506
38P2R3A13_01945	18P3R3A11_02592	95.102	245	12	0	1	245	1	245	3.75e-177	486
38P2R3A13_01946	38P2R3A13_01946	100.000	460	0	0	1	460	1	460	0.0	957
38P2R3A13_01946	18P3R3A11_02591	96.522	460	16	0	1	460	1	460	0.0	924
38P2R3A13_01946	38P2R3A13_05386	95.217	460	22	0	1	460	1	460	0.0	914
38P2R3A13_01947	38P2R3A13_01947	100.000	319	0	0	1	319	1	319	0.0	649
38P2R3A13_01947	18P3R3A11_02590	97.492	319	8	0	1	319	1	319	0.0	636
38P2R3A13_01948	38P2R3A13_01948	100.000	527	0	0	1	527	1	527	0.0	1052
38P2R3A13_01948	37P2R3-2A1_03589	97.343	527	14	0	1	527	1	527	0.0	1026
38P2R3A13_01948	38P2R3A13_05384	96.491	513	16	1	1	511	1	513	0.0	985
38P2R3A13_01948	18P3R3A11_02589	97.800	500	11	0	1	500	1	500	0.0	980
38P2R3A13_01950	38P2R3A13_01950	100.000	514	0	0	1	514	1	514	0.0	1047
38P2R3A13_01950	18P3R3A11_02587	96.887	514	16	0	1	514	1	514	0.0	1025
38P2R3A13_01952	38P2R3A13_01952	100.000	310	0	0	1	310	1	310	0.0	641
38P2R3A13_01952	18P3R3A11_02585	97.097	310	9	0	1	310	1	310	0.0	621
38P2R3A13_01953	38P2R3A13_01953	100.000	53	0	0	1	53	1	53	6.50e-31	101
38P2R3A13_01954	38P2R3A13_01954	100.000	100	0	0	1	100	1	100	2.04e-68	199
38P2R3A13_01955	38P2R3A13_01955	100.000	174	0	0	1	174	1	174	1.82e-125	350
38P2R3A13_01956	38P2R3A13_01956	100.000	60	0	0	1	60	1	60	7.01e-39	122
38P2R3A13_01957	38P2R3A13_01957	100.000	135	0	0	1	135	1	135	1.77e-94	268
38P2R3A13_01958	38P2R3A13_01958	100.000	150	0	0	1	150	1	150	1.45e-107	302
38P2R3A13_01958	18P3R3A11_02579	96.667	150	5	0	1	150	1	150	1.40e-105	297
38P2R3A13_01958	38P2R3A13_06566	98.000	150	3	0	1	150	1	150	1.86e-105	297
38P2R3A13_01960	38P2R3A13_01960	100.000	109	0	0	1	109	1	109	6.33e-76	219
38P2R3A13_01961	38P2R3A13_01961	100.000	80	0	0	1	80	1	80	5.85e-56	166
38P2R3A13_01962	38P2R3A13_01962	100.000	137	0	0	1	137	1	137	4.86e-97	275
38P2R3A13_01962	38P2R3A13_06570	95.556	135	6	0	1	135	1	135	8.12e-93	264
38P2R3A13_01963	38P2R3A13_01963	100.000	715	0	0	1	715	1	715	0.0	1486
38P2R3A13_01964	38P2R3A13_01964	100.000	320	0	0	1	320	1	320	0.0	659
38P2R3A13_01964	38P2R3A13_06572	95.625	320	14	0	1	320	1	320	0.0	635
38P2R3A13_01964	18P3R3A11_02573	96.250	320	12	0	1	320	1	320	0.0	635
38P2R3A13_01965	38P2R3A13_01965	100.000	404	0	0	1	404	1	404	0.0	817
38P2R3A13_01965	38P2R3A13_06573	95.990	399	16	0	1	399	1	399	0.0	783
38P2R3A13_01968	38P2R3A13_01968	100.000	395	0	0	1	395	1	395	0.0	773
38P2R3A13_01968	18P3R3A11_02569	97.468	395	10	0	1	395	1	395	0.0	762
38P2R3A13_01968	38P2R3A13_06576	97.215	395	11	0	1	395	1	395	0.0	753
38P2R3A13_01969	38P2R3A13_01969	100.000	177	0	0	1	177	1	177	3.47e-130	362
38P2R3A13_01969	18P3R3A11_02568	97.740	177	4	0	1	177	1	177	2.96e-128	357
38P2R3A13_01970	38P2R3A13_01970	100.000	391	0	0	1	391	1	391	0.0	788
38P2R3A13_01970	47P2R3A6_04006	97.954	391	8	0	1	391	1	391	0.0	777
38P2R3A13_01970	18P3R3A11_02567	97.187	391	11	0	1	391	1	391	0.0	769
38P2R3A13_01971	38P2R3A13_01971	100.000	516	0	0	1	516	1	516	0.0	1036
38P2R3A13_01971	38P2R3A13_07971	97.481	516	13	0	1	516	1	516	0.0	1018
38P2R3A13_01971	18P3R3A11_02566	96.040	505	20	0	1	505	1	505	0.0	990
38P2R3A13_01972	38P2R3A13_01972	100.000	552	0	0	1	552	1	552	0.0	1150
38P2R3A13_01972	18P3R3A11_02565	96.558	552	19	0	1	552	1	552	0.0	1117
38P2R3A13_01973	38P2R3A13_01973	100.000	255	0	0	1	255	1	255	0.0	523
38P2R3A13_01973	56P2R2A4_02780	97.647	255	6	0	1	255	1	255	0.0	515
38P2R3A13_01975	38P2R3A13_01975	100.000	515	0	0	1	515	1	515	0.0	1068
38P2R3A13_01975	47P2R3A6_04001	97.476	515	13	0	1	515	1	515	0.0	1048
38P2R3A13_01975	18P3R3A11_02562	96.505	515	18	0	1	515	1	515	0.0	1041
38P2R3A13_01975	38P2R3A13_07975	96.923	260	8	0	256	515	1	260	0.0	517
38P2R3A13_01986	38P2R3A13_01986	100.000	167	0	0	1	167	1	167	6.22e-122	340
38P2R3A13_01986	47P2R3A6_01864	97.006	167	5	0	1	167	1	167	6.75e-119	332
38P2R3A13_01986	18P3R3A11_02551	97.006	167	5	0	1	167	1	167	8.23e-119	332
38P2R3A13_01988	38P2R3A13_01988	100.000	166	0	0	1	166	1	166	7.51e-121	337
38P2R3A13_01988	18P3R3A11_02549	97.590	166	4	0	1	166	1	166	9.93e-119	332
38P2R3A13_01989	38P2R3A13_01989	100.000	286	0	0	1	286	1	286	0.0	583
38P2R3A13_01989	56P2R2A4_02764	96.154	286	11	0	1	286	1	286	0.0	563
38P2R3A13_01990	38P2R3A13_01990	100.000	287	0	0	1	287	1	287	0.0	547
38P2R3A13_01990	38P2R3A13_05032	95.819	287	12	0	1	287	1	287	5.70e-179	494
38P2R3A13_01990	18P3R3A11_02547	95.819	287	12	0	1	287	1	287	5.70e-178	492
38P2R3A13_01991	38P2R3A13_01991	100.000	218	0	0	1	218	1	218	1.37e-160	442
38P2R3A13_01991	37P2R3-2A1_03632	97.248	218	6	0	1	218	1	218	4.33e-156	431
38P2R3A13_01992	38P2R3A13_01992	100.000	78	0	0	1	78	1	78	1.02e-49	150
38P2R3A13_01996	38P2R3A13_01996	100.000	121	0	0	1	121	1	121	1.70e-86	247
38P2R3A13_01996	18P3R3A11_02542	97.521	121	3	0	1	121	1	121	2.57e-84	241
38P2R3A13_01996	38P2R3A13_05037	95.041	121	6	0	1	121	1	121	1.90e-82	236
38P2R3A13_01998	38P2R3A13_01998	100.000	120	0	0	1	120	1	120	4.84e-86	246
38P2R3A13_01998	18P3R3A11_02540	96.667	120	4	0	1	120	1	120	9.31e-84	240
38P2R3A13_02003	38P2R3A13_02003	100.000	378	0	0	1	378	1	378	0.0	771
38P2R3A13_02003	18P3R3A11_02535	96.296	378	14	0	1	378	1	378	0.0	744
38P2R3A13_02005	38P2R3A13_02005	100.000	739	0	0	1	739	1	739	0.0	1504
38P2R3A13_02007	38P2R3A13_02007	100.000	338	0	0	1	338	1	338	0.0	693
38P2R3A13_02008	38P2R3A13_02008	100.000	484	0	0	1	484	1	484	0.0	963
38P2R3A13_02008	18P3R3A11_02530	97.521	484	12	0	1	484	1	484	0.0	939
38P2R3A13_02008	38P2R3A13_05049	95.455	484	22	0	1	484	1	484	0.0	903
38P2R3A13_02010	38P2R3A13_02010	100.000	162	0	0	1	162	1	162	1.79e-115	323
38P2R3A13_02010	56P2R2A4_02744	96.273	161	6	0	1	161	1	161	2.05e-110	311
38P2R3A13_02010	18P3R3A11_02528	96.026	151	6	0	1	151	1	151	5.77e-103	291
38P2R3A13_02010	37P2R3-2A1_03651	95.364	151	7	0	1	151	1	151	5.29e-102	289
38P2R3A13_02013	38P2R3A13_02013	100.000	181	0	0	1	181	1	181	4.22e-136	377
38P2R3A13_02013	18P3R3A11_02525	97.790	181	4	0	1	181	1	181	8.75e-133	369
38P2R3A13_02013	38P2R3A13_05054	96.133	181	7	0	1	181	1	181	6.61e-131	364
38P2R3A13_02015	38P2R3A13_02015	100.000	308	0	0	1	308	1	308	0.0	601
38P2R3A13_02015	18P3R3A11_02523	96.753	308	10	0	1	308	1	308	0.0	585
38P2R3A13_02016	38P2R3A13_02016	100.000	605	0	0	1	605	1	605	0.0	1176
38P2R3A13_02016	56P2R2A4_02738	97.521	605	15	0	1	605	1	605	0.0	1149
38P2R3A13_02018	38P2R3A13_02018	100.000	155	0	0	1	155	1	155	8.56e-116	323
38P2R3A13_02018	56P2R2A4_02736	97.419	155	4	0	1	155	1	155	4.61e-113	317
38P2R3A13_02019	38P2R3A13_02019	100.000	117	0	0	1	117	1	117	2.51e-81	233
38P2R3A13_02019	56P2R2A4_02735	97.436	117	3	0	1	117	1	117	4.66e-79	228
38P2R3A13_02019	18P3R3A11_02519	96.581	117	4	0	1	117	1	117	1.40e-78	226
38P2R3A13_02020	38P2R3A13_02020	100.000	288	0	0	1	288	1	288	0.0	597
38P2R3A13_02020	56P2R2A4_02734	97.569	288	7	0	1	288	1	288	0.0	581
38P2R3A13_02022	38P2R3A13_02022	100.000	374	0	0	1	374	1	374	0.0	772
38P2R3A13_02023	38P2R3A13_02023	100.000	337	0	0	1	337	1	337	0.0	680
38P2R3A13_02023	56P2R2A4_02731	97.329	337	9	0	1	337	1	337	0.0	664
38P2R3A13_02024	38P2R3A13_02024	100.000	691	0	0	1	691	1	691	0.0	1419
38P2R3A13_02024	18P3R3A11_02514	97.974	691	14	0	1	691	1	691	0.0	1390
38P2R3A13_02024	38P2R3A13_05065	95.948	691	28	0	1	691	1	691	0.0	1360
38P2R3A13_02025	38P2R3A13_02025	100.000	132	0	0	1	132	1	132	8.34e-95	269
38P2R3A13_02025	56P2R2A4_02725	97.368	114	3	0	1	114	1	114	6.39e-80	231
38P2R3A13_02026	38P2R3A13_02026	100.000	77	0	0	1	77	1	77	8.36e-53	158
38P2R3A13_02027	38P2R3A13_02027	100.000	854	0	0	1	854	1	854	0.0	1748
38P2R3A13_02027	38P2R3A13_05068	97.658	854	20	0	1	854	1	854	0.0	1711
38P2R3A13_02027	18P3R3A11_02484	97.655	853	19	1	3	854	4	856	0.0	1701
38P2R3A13_02030	38P2R3A13_02030	100.000	201	0	0	1	201	1	201	4.52e-149	411
38P2R3A13_02030	18P3R3A11_04205	97.512	201	5	0	1	201	1	201	4.56e-145	401
38P2R3A13_02031	38P2R3A13_02031	100.000	136	0	0	1	136	1	136	4.69e-98	277
38P2R3A13_02031	18P3R3A11_04206	97.794	136	3	0	1	136	1	136	3.32e-96	273
38P2R3A13_02032	38P2R3A13_02032	100.000	296	0	0	1	296	1	296	0.0	594
38P2R3A13_02033	38P2R3A13_02033	100.000	401	0	0	1	401	1	401	0.0	788
38P2R3A13_02033	56P2R2A4_02717	97.257	401	11	0	1	401	1	401	0.0	768
38P2R3A13_02034	38P2R3A13_02034	100.000	126	0	0	1	126	1	126	1.07e-89	255
38P2R3A13_02034	56P2R2A4_02716	96.032	126	5	0	1	126	1	126	3.43e-87	249
38P2R3A13_02036	38P2R3A13_02036	100.000	375	0	0	1	375	1	375	0.0	756
38P2R3A13_02036	18P3R3A11_04211	96.267	375	14	0	1	375	1	375	0.0	731
38P2R3A13_02036	47P2R3A6_01815	96.533	375	13	0	1	375	1	375	0.0	660
38P2R3A13_02036	15P1R1A16_04973	95.575	113	5	0	263	375	1	113	1.24e-74	226
38P2R3A13_02037	38P2R3A13_02037	100.000	209	0	0	1	209	1	209	2.63e-152	420
38P2R3A13_02037	38P2R3A13_08234	97.608	209	5	0	1	209	1	209	8.85e-148	409
38P2R3A13_02037	18P3R3A11_04212	95.694	209	9	0	1	209	1	209	9.59e-145	401
38P2R3A13_02038	38P2R3A13_02038	100.000	254	0	0	1	254	1	254	0.0	517
38P2R3A13_02038	18P3R3A11_04213	97.244	254	7	0	1	254	1	254	0.0	506
38P2R3A13_02039	38P2R3A13_02039	100.000	350	0	0	1	350	1	350	0.0	714
38P2R3A13_02039	18P3R3A11_04214	96.000	350	14	0	1	350	1	350	0.0	691
38P2R3A13_02041	38P2R3A13_02041	100.000	237	0	0	1	237	1	237	1.00e-175	482
38P2R3A13_02041	38P2R3A13_08230	97.468	237	6	0	1	237	1	237	7.35e-172	472
38P2R3A13_02041	56P2R2A4_02709	97.890	237	5	0	1	237	1	237	1.37e-171	471
38P2R3A13_02041	18P3R3A11_04216	96.203	237	9	0	1	237	1	237	2.00e-169	466
38P2R3A13_02043	38P2R3A13_02043	100.000	109	0	0	1	109	1	109	1.50e-72	211
38P2R3A13_02043	38P2R3A13_07631	97.248	109	3	0	1	109	1	109	1.46e-70	206
38P2R3A13_02047	38P2R3A13_02047	100.000	453	0	0	1	453	1	453	0.0	916
38P2R3A13_02047	18P3R3A11_04222	97.351	453	12	0	1	453	1	453	0.0	897
38P2R3A13_02047	38P2R3A13_07627	95.143	453	22	0	1	453	1	453	0.0	878
38P2R3A13_02048	38P2R3A13_02048	100.000	348	0	0	1	348	1	348	0.0	726
38P2R3A13_02048	38P2R3A13_07626	97.414	348	9	0	1	348	1	348	0.0	712
38P2R3A13_02054	38P2R3A13_02054	100.000	236	0	0	1	236	1	236	9.04e-173	474
38P2R3A13_02054	56P2R2A4_02696	97.881	236	5	0	1	236	1	236	3.14e-169	465
38P2R3A13_02054	18P3R3A11_04229	97.034	236	7	0	1	236	1	236	5.56e-168	462
38P2R3A13_02054	37P2R3-2A1_02777	96.186	236	9	0	1	236	1	236	4.05e-167	460
38P2R3A13_02057	38P2R3A13_02057	100.000	370	0	0	1	370	1	370	0.0	766
38P2R3A13_02057	18P3R3A11_04232	97.838	370	8	0	1	370	1	370	0.0	751
38P2R3A13_02060	38P2R3A13_02060	100.000	264	0	0	1	264	1	264	0.0	538
38P2R3A13_02060	18P3R3A11_04235	97.727	264	6	0	1	264	1	264	0.0	527
38P2R3A13_02060	38P2R3A13_08170	96.212	264	10	0	1	264	1	264	0.0	522
38P2R3A13_02062	38P2R3A13_02062	100.000	433	0	0	1	433	1	433	0.0	897
38P2R3A13_02063	38P2R3A13_02063	100.000	920	0	0	1	920	1	920	0.0	1883
38P2R3A13_02063	47P2R3A6_01788	97.603	918	22	0	1	918	1	918	0.0	1845
38P2R3A13_02063	18P3R3A11_04238	96.405	918	33	0	1	918	1	918	0.0	1825
38P2R3A13_02064	38P2R3A13_02064	100.000	380	0	0	1	380	1	380	0.0	757
38P2R3A13_02065	38P2R3A13_02065	100.000	446	0	0	1	446	1	446	0.0	926
38P2R3A13_02065	56P2R2A4_02684	97.758	446	10	0	1	446	1	446	0.0	912
38P2R3A13_02065	18P3R3A11_00902	95.964	446	18	0	1	446	1	446	0.0	879
38P2R3A13_02066	38P2R3A13_02066	100.000	447	0	0	1	447	1	447	0.0	919
38P2R3A13_02066	18P3R3A11_00903	96.421	447	16	0	1	447	1	447	0.0	864
38P2R3A13_02068	38P2R3A13_02068	100.000	150	0	0	1	150	1	150	2.15e-109	307
38P2R3A13_02068	18P3R3A11_00906	98.000	150	3	0	1	150	1	150	1.52e-107	302
38P2R3A13_02068	56P2R2A4_02681	97.333	150	4	0	1	150	1	150	1.68e-106	300
38P2R3A13_02068	38P2R3A13_06752	96.000	150	6	0	1	150	1	150	5.33e-105	296
38P2R3A13_02070	38P2R3A13_02070	100.000	110	0	0	1	110	1	110	1.04e-76	221
38P2R3A13_02070	56P2R2A4_02679	95.455	110	5	0	1	110	1	110	5.38e-74	214
38P2R3A13_02071	38P2R3A13_02071	100.000	114	0	0	1	114	1	114	4.06e-80	230
38P2R3A13_02071	18P3R3A11_00909	98.246	114	2	0	1	114	69	182	2.01e-77	226
38P2R3A13_02071	38P2R3A13_06749	96.491	114	4	0	1	114	69	182	2.07e-76	223
38P2R3A13_02072	38P2R3A13_02072	100.000	281	0	0	1	281	1	281	0.0	585
38P2R3A13_02072	38P2R3A13_06748	95.018	281	14	0	1	281	1	281	0.0	556
38P2R3A13_02074	38P2R3A13_02074	100.000	432	0	0	1	432	1	432	0.0	865
38P2R3A13_02074	18P3R3A11_00912	97.902	429	9	0	1	429	1	429	0.0	847
38P2R3A13_02074	47P2R3A6_01777	96.296	432	16	0	1	432	1	432	0.0	841
38P2R3A13_02078	38P2R3A13_02078	100.000	132	0	0	1	132	1	132	2.47e-89	255
38P2R3A13_02078	18P3R3A11_00916	97.727	132	3	0	1	132	1	132	1.32e-87	251
38P2R3A13_02079	38P2R3A13_02079	100.000	275	0	0	1	275	1	275	0.0	565
38P2R3A13_02079	18P3R3A11_00917	97.455	275	7	0	1	275	1	275	0.0	553
38P2R3A13_02079	10P3R2A13_01708	97.091	275	8	0	1	275	32	306	0.0	551
38P2R3A13_02079	38P2R3A13_08136	96.727	275	9	0	1	275	32	306	0.0	550
38P2R3A13_02079	15P1R1A16_00324	95.732	164	7	0	112	275	1	164	2.57e-116	330
38P2R3A13_02080	38P2R3A13_02080	100.000	76	0	0	1	76	1	76	1.59e-52	157
38P2R3A13_02080	38P2R3A13_08177	97.368	76	2	0	1	76	1	76	5.83e-51	154
38P2R3A13_02081	38P2R3A13_02081	100.000	402	0	0	1	402	1	402	0.0	818
38P2R3A13_02082	38P2R3A13_02082	100.000	149	0	0	1	149	1	149	2.56e-104	294
38P2R3A13_02082	56P2R2A4_02667	97.987	149	3	0	1	149	1	149	5.03e-102	288
38P2R3A13_02082	18P3R3A11_00920	95.620	137	6	0	1	137	1	137	3.56e-92	263
38P2R3A13_02084	38P2R3A13_02084	100.000	366	0	0	1	366	1	366	0.0	752
38P2R3A13_02084	18P3R3A11_00922	97.541	366	9	0	1	366	1	366	0.0	741
38P2R3A13_02089	38P2R3A13_02089	100.000	444	0	0	1	444	1	444	0.0	910
38P2R3A13_02089	18P3R3A11_00927	97.748	444	10	0	1	444	1	444	0.0	889
38P2R3A13_02090	38P2R3A13_02090	100.000	607	0	0	1	607	1	607	0.0	1234
38P2R3A13_02091	38P2R3A13_02091	100.000	1181	0	0	1	1181	1	1181	0.0	2430
38P2R3A13_02092	38P2R3A13_02092	100.000	956	0	0	1	956	1	956	0.0	1969
38P2R3A13_02092	18P3R3A11_00930	97.280	956	26	0	1	956	1	956	0.0	1933
38P2R3A13_02092	38P2R3A13_06254	96.025	956	38	0	1	956	6	961	0.0	1899
38P2R3A13_02093	38P2R3A13_02093	100.000	1125	0	0	1	1125	1	1125	0.0	2312
38P2R3A13_02093	56P2R2A4_02656	97.956	1125	23	0	1	1125	1	1125	0.0	2270
38P2R3A13_02094	38P2R3A13_02094	100.000	108	0	0	1	108	1	108	3.83e-76	219
38P2R3A13_02095	38P2R3A13_02095	100.000	128	0	0	1	128	1	128	2.82e-88	252
38P2R3A13_02096	38P2R3A13_02096	100.000	185	0	0	1	185	1	185	1.81e-136	378
38P2R3A13_02096	56P2R2A4_02653	96.757	185	6	0	1	185	1	185	2.34e-133	370
38P2R3A13_02097	38P2R3A13_02097	100.000	165	0	0	1	165	1	165	6.50e-122	340
38P2R3A13_02097	56P2R2A4_02652	96.970	165	5	0	1	165	1	165	1.82e-118	331
38P2R3A13_02101	38P2R3A13_02101	100.000	155	0	0	1	155	1	155	6.41e-113	316
38P2R3A13_02101	18P3R3A11_00937	100.000	128	0	0	28	155	1	128	1.58e-90	259
38P2R3A13_02102	38P2R3A13_02102	100.000	231	0	0	1	231	1	231	6.69e-168	462
38P2R3A13_02103	38P2R3A13_02103	100.000	73	0	0	1	73	1	73	5.08e-49	148
38P2R3A13_02103	38P2R3A13_05500	97.260	73	2	0	1	73	1	73	4.57e-48	146
38P2R3A13_02105	38P2R3A13_02105	100.000	398	0	0	1	398	1	398	0.0	780
38P2R3A13_02105	38P2R3A13_05498	97.487	398	10	0	1	398	1	398	0.0	764
38P2R3A13_02106	38P2R3A13_02106	100.000	720	0	0	1	720	1	720	0.0	1472
38P2R3A13_02106	38P2R3A13_05497	96.806	720	23	0	1	720	1	720	0.0	1437
38P2R3A13_02106	18P3R3A11_00942	95.278	720	34	0	1	720	1	720	0.0	1415
38P2R3A13_02108	38P2R3A13_02108	100.000	162	0	0	1	162	1	162	4.18e-119	333
38P2R3A13_02108	56P2R2A4_02641	96.914	162	5	0	1	162	1	162	6.18e-116	325
38P2R3A13_02109	38P2R3A13_02109	100.000	346	0	0	1	346	1	346	0.0	718
38P2R3A13_02109	18P3R3A11_00948	96.243	346	13	0	1	346	1	346	0.0	692
38P2R3A13_02109	38P2R3A13_05491	96.142	337	13	0	1	337	1	337	0.0	678
38P2R3A13_02110	38P2R3A13_02110	100.000	421	0	0	1	421	1	421	0.0	862
38P2R3A13_02110	38P2R3A13_05490	96.200	421	16	0	1	421	1	421	0.0	842
38P2R3A13_02110	18P3R3A11_00949	97.150	421	12	0	1	421	1	421	0.0	840
38P2R3A13_02111	38P2R3A13_02111	100.000	309	0	0	1	309	1	309	0.0	623
38P2R3A13_02111	18P3R3A11_00950	95.146	309	15	0	1	309	1	309	0.0	570
38P2R3A13_02112	38P2R3A13_02112	100.000	231	0	0	1	231	1	231	2.01e-172	473
38P2R3A13_02112	56P2R2A4_02637	96.104	231	9	0	1	231	1	231	7.01e-166	456
38P2R3A13_02113	38P2R3A13_02113	100.000	375	0	0	1	375	1	375	0.0	761
38P2R3A13_02114	38P2R3A13_02114	100.000	474	0	0	1	474	1	474	0.0	957
38P2R3A13_02114	15P1R1A16_04757	95.679	324	14	0	148	471	1	324	0.0	648
38P2R3A13_02114	34P3R2A10_05023	96.190	210	8	0	262	471	1	210	5.13e-149	423
38P2R3A13_02115	38P2R3A13_02115	100.000	254	0	0	1	254	1	254	0.0	514
38P2R3A13_02115	18P3R3A11_00962	97.638	254	6	0	1	254	1	254	0.0	504
38P2R3A13_02115	38P2R3A13_05480	96.063	254	10	0	1	254	1	254	0.0	496
38P2R3A13_02116	38P2R3A13_02116	100.000	279	0	0	1	279	1	279	0.0	584
38P2R3A13_02117	38P2R3A13_02117	100.000	393	0	0	1	393	1	393	0.0	793
38P2R3A13_02117	38P2R3A13_05476	97.455	393	10	0	1	393	1	393	0.0	773
38P2R3A13_02117	18P3R3A11_00966	97.201	393	11	0	1	393	1	393	0.0	772
38P2R3A13_02118	38P2R3A13_02118	100.000	289	0	0	1	289	1	289	0.0	589
38P2R3A13_02119	38P2R3A13_02119	100.000	154	0	0	1	154	1	154	6.29e-112	314
38P2R3A13_02119	18P3R3A11_00968	97.403	154	4	0	1	154	1	154	1.89e-109	307
38P2R3A13_02120	38P2R3A13_02120	100.000	410	0	0	1	410	1	410	0.0	818
38P2R3A13_02120	38P2R3A13_05950	97.073	410	12	0	1	410	1	410	0.0	799
38P2R3A13_02120	18P3R3A11_00969	97.073	410	12	0	1	410	1	410	0.0	795
38P2R3A13_02121	38P2R3A13_02121	100.000	151	0	0	1	151	1	151	5.63e-109	306
38P2R3A13_02121	56P2R2A4_02628	100.000	150	0	0	1	150	1	150	8.08e-109	306
38P2R3A13_02121	38P2R3A13_05949	97.333	150	4	0	1	150	15	164	2.14e-105	298
38P2R3A13_02123	38P2R3A13_02123	100.000	91	0	0	1	91	1	91	1.02e-63	187
38P2R3A13_02123	18P3R3A11_00970	97.802	91	2	0	1	91	1	91	3.35e-62	183
38P2R3A13_02123	38P2R3A13_05947	95.604	91	4	0	1	91	1	91	1.63e-60	179
38P2R3A13_02124	38P2R3A13_02124	100.000	77	0	0	1	77	1	77	1.63e-53	160
38P2R3A13_02125	38P2R3A13_02125	100.000	547	0	0	1	547	1	547	0.0	1116
38P2R3A13_02126	38P2R3A13_02126	100.000	236	0	0	1	236	1	236	9.79e-178	487
38P2R3A13_02127	38P2R3A13_02127	100.000	363	0	0	1	363	1	363	0.0	738
38P2R3A13_02128	38P2R3A13_02128	100.000	590	0	0	1	590	1	590	0.0	1163
38P2R3A13_02128	38P2R3A13_05942	96.102	590	23	0	1	590	1	590	0.0	1118
38P2R3A13_02129	38P2R3A13_02129	100.000	357	0	0	1	357	1	357	0.0	724
38P2R3A13_02129	38P2R3A13_05941	96.078	357	14	0	1	357	1	357	0.0	700
38P2R3A13_02130	38P2R3A13_02130	100.000	151	0	0	1	151	1	151	1.57e-111	312
38P2R3A13_02131	38P2R3A13_02131	100.000	120	0	0	1	120	1	120	1.53e-78	227
38P2R3A13_02131	38P2R3A13_02137	96.296	27	1	0	49	75	1	27	8.77e-09	51.6
38P2R3A13_02132	38P2R3A13_02132	100.000	100	0	0	1	100	1	100	1.93e-68	199
38P2R3A13_02133	38P2R3A13_02133	100.000	161	0	0	1	161	1	161	9.29e-116	324
38P2R3A13_02134	38P2R3A13_02134	100.000	129	0	0	1	129	1	129	3.41e-91	259
38P2R3A13_02135	38P2R3A13_02135	100.000	85	0	0	1	85	1	85	7.64e-54	161
38P2R3A13_02136	38P2R3A13_02136	100.000	46	0	0	1	46	1	46	3.48e-28	94.4
38P2R3A13_02137	38P2R3A13_02137	100.000	287	0	0	1	287	1	287	0.0	582
38P2R3A13_02137	52P2R3A10_02621	100.000	251	0	0	37	287	1	251	0.0	513
38P2R3A13_02137	38P2R3A13_02131	96.296	27	1	0	1	27	49	75	2.10e-08	51.6
38P2R3A13_02138	38P2R3A13_02138	100.000	203	0	0	1	203	1	203	1.39e-152	421
38P2R3A13_02139	38P2R3A13_02139	100.000	36	0	0	1	36	1	36	1.11e-22	79.7
38P2R3A13_02140	38P2R3A13_02140	100.000	270	0	0	1	270	1	270	0.0	561
38P2R3A13_02141	38P2R3A13_02141	100.000	398	0	0	1	398	1	398	0.0	820
38P2R3A13_02142	38P2R3A13_02142	100.000	270	0	0	1	270	1	270	0.0	552
38P2R3A13_02143	38P2R3A13_02143	100.000	131	0	0	1	131	1	131	2.42e-95	270
38P2R3A13_02144	38P2R3A13_02144	100.000	264	0	0	1	264	1	264	0.0	542
38P2R3A13_02145	38P2R3A13_02145	100.000	184	0	0	1	184	1	184	2.10e-134	373
38P2R3A13_02145	42P1R1A12_02607	95.109	184	9	0	1	184	1	184	7.72e-129	359
38P2R3A13_02146	38P2R3A13_02146	100.000	513	0	0	1	513	1	513	0.0	1066
38P2R3A13_02147	38P2R3A13_02147	100.000	254	0	0	1	254	1	254	0.0	526
38P2R3A13_02148	38P2R3A13_02148	100.000	332	0	0	1	332	1	332	0.0	676
38P2R3A13_02149	38P2R3A13_02149	100.000	421	0	0	1	421	1	421	0.0	826
38P2R3A13_02149	51P2R2A10_00839	96.437	421	15	0	1	421	1	421	0.0	810
38P2R3A13_02149	42P1R1A12_02611	96.437	421	15	0	1	421	1	421	0.0	783
38P2R3A13_02151	38P2R3A13_02151	100.000	184	0	0	1	184	1	184	2.17e-138	383
38P2R3A13_02151	32P3R2A9_02327	96.739	184	6	0	1	184	1	184	5.69e-134	372
38P2R3A13_02152	38P2R3A13_02152	100.000	249	0	0	1	249	1	249	0.0	513
38P2R3A13_02152	32P3R2A9_02328	97.590	249	6	0	1	249	1	249	0.0	502
38P2R3A13_02152	29P3R3A9_04214	95.582	249	11	0	1	249	1	249	7.08e-179	491
38P2R3A13_02153	38P2R3A13_02153	100.000	84	0	0	1	84	1	84	5.60e-59	174
38P2R3A13_02154	38P2R3A13_02154	100.000	131	0	0	1	131	1	131	4.62e-95	269
38P2R3A13_02155	38P2R3A13_02155	100.000	313	0	0	1	313	1	313	0.0	642
38P2R3A13_02156	38P2R3A13_02156	100.000	375	0	0	1	375	1	375	0.0	772
38P2R3A13_02157	38P2R3A13_02157	100.000	360	0	0	1	360	1	360	0.0	752
38P2R3A13_02158	38P2R3A13_02158	100.000	556	0	0	1	556	1	556	0.0	1153
38P2R3A13_02159	38P2R3A13_02159	100.000	653	0	0	1	653	1	653	0.0	1329
38P2R3A13_02160	38P2R3A13_02160	100.000	319	0	0	1	319	1	319	0.0	654
38P2R3A13_02161	38P2R3A13_02161	100.000	564	0	0	1	564	1	564	0.0	1162
38P2R3A13_02162	38P2R3A13_02162	100.000	422	0	0	1	422	1	422	0.0	867
38P2R3A13_02162	37P2R3-2A1_02173	95.433	416	19	0	1	416	1	416	0.0	823
38P2R3A13_02162	28P2R1A12_01635	97.697	304	7	0	1	304	1	304	0.0	602
38P2R3A13_02162	28P2R1A12_01634	95.294	85	4	0	310	394	1	85	7.19e-55	176
38P2R3A13_02164	38P2R3A13_02164	100.000	241	0	0	1	241	1	241	4.50e-179	491
38P2R3A13_02164	56P2R2A4_02560	96.266	241	9	0	1	241	1	241	9.57e-173	475
38P2R3A13_02164	18P3R3A11_01387	95.021	241	12	0	1	241	1	241	1.57e-156	434
38P2R3A13_02168	38P2R3A13_02168	100.000	151	0	0	1	151	1	151	7.44e-112	313
38P2R3A13_02168	56P2R2A4_02566	97.351	151	4	0	1	151	1	151	4.78e-109	306
38P2R3A13_02173	38P2R3A13_02173	100.000	160	0	0	1	160	1	160	6.69e-116	324
38P2R3A13_02173	18P3R3A11_01370	96.875	160	5	0	1	160	4	163	1.56e-112	316
38P2R3A13_02176	38P2R3A13_02176	100.000	129	0	0	1	129	1	129	4.84e-91	259
38P2R3A13_02176	18P3R3A11_01367	97.674	129	3	0	1	129	1	129	9.93e-89	253
38P2R3A13_02177	38P2R3A13_02177	100.000	795	0	0	1	795	1	795	0.0	1625
38P2R3A13_02177	56P2R2A4_02575	96.981	795	24	0	1	795	1	795	0.0	1587
38P2R3A13_02177	18P3R3A11_02083	95.723	795	34	0	1	795	1	795	0.0	1550
38P2R3A13_02179	38P2R3A13_02179	100.000	316	0	0	1	316	1	316	0.0	652
38P2R3A13_02179	18P3R3A11_02081	97.785	316	7	0	1	316	1	316	0.0	642
38P2R3A13_02179	38P2R3A13_05660	95.570	316	14	0	1	316	1	316	0.0	631
38P2R3A13_02181	38P2R3A13_02181	100.000	548	0	0	1	548	1	548	0.0	1144
38P2R3A13_02181	56P2R2A4_02579	96.715	548	18	0	1	548	1	548	0.0	1112
38P2R3A13_02181	18P3R3A11_02079	96.350	548	20	0	1	548	1	548	0.0	1107
38P2R3A13_02183	38P2R3A13_02183	100.000	155	0	0	1	155	1	155	3.53e-115	322
38P2R3A13_02184	38P2R3A13_02184	100.000	637	0	0	1	637	1	637	0.0	1315
38P2R3A13_02184	18P3R3A11_02075	96.703	637	21	0	1	637	1	637	0.0	1277
38P2R3A13_02184	38P2R3A13_05672	96.546	637	22	0	1	637	1	637	0.0	1275
38P2R3A13_02185	38P2R3A13_02185	100.000	379	0	0	1	379	1	379	0.0	775
38P2R3A13_02185	37P2R3-2A1_02141	95.251	379	18	0	1	379	1	379	0.0	741
38P2R3A13_02188	38P2R3A13_02188	100.000	378	0	0	1	378	1	378	0.0	768
38P2R3A13_02188	18P3R3A11_02071	97.884	378	8	0	1	378	1	378	0.0	754
38P2R3A13_02193	38P2R3A13_02193	100.000	107	0	0	1	107	1	107	1.02e-74	216
38P2R3A13_02193	18P3R3A11_02066	97.196	107	3	0	1	107	1	107	2.15e-72	210
38P2R3A13_02193	38P2R3A13_08640	96.262	107	4	0	1	107	1	107	2.28e-71	207
38P2R3A13_02194	38P2R3A13_02194	100.000	129	0	0	1	129	1	129	8.66e-91	258
38P2R3A13_02194	38P2R3A13_08641	95.349	129	6	0	1	129	1	129	1.43e-86	248
38P2R3A13_02199	38P2R3A13_02199	100.000	119	0	0	1	119	1	119	1.70e-84	241
38P2R3A13_02199	56P2R2A4_02597	96.639	119	4	0	1	119	1	119	1.70e-81	234
38P2R3A13_02200	38P2R3A13_02200	100.000	524	0	0	1	524	1	524	0.0	1046
38P2R3A13_02202	38P2R3A13_02202	100.000	341	0	0	1	341	1	341	0.0	655
38P2R3A13_02202	18P3R3A11_02056	97.947	341	7	0	1	341	1	341	0.0	648
38P2R3A13_02202	38P2R3A13_08125	95.015	341	17	0	1	341	1	341	0.0	579
38P2R3A13_02207	38P2R3A13_02207	100.000	157	0	0	1	157	1	157	3.53e-108	305
38P2R3A13_02210	38P2R3A13_02210	100.000	1259	0	0	1	1259	1	1259	0.0	2536
38P2R3A13_02210	18P3R3A11_02048	96.505	1259	44	0	1	1259	1	1259	0.0	2465
38P2R3A13_02210	38P2R3A13_06805	95.949	1259	51	0	1	1259	1	1259	0.0	2449
38P2R3A13_02211	38P2R3A13_02211	100.000	578	0	0	1	578	1	578	0.0	1179
38P2R3A13_02211	18P3R3A11_02047	96.886	578	18	0	1	578	1	578	0.0	1156
38P2R3A13_02212	38P2R3A13_02212	100.000	214	0	0	1	214	1	214	2.67e-163	449
38P2R3A13_02212	18P3R3A11_02046	96.262	214	8	0	1	214	1	214	8.98e-159	437
38P2R3A13_02212	38P2R3A13_06803	95.327	214	10	0	1	214	1	214	4.20e-146	405
38P2R3A13_02214	38P2R3A13_02214	100.000	69	0	0	1	69	1	69	1.78e-45	139
38P2R3A13_02214	10P3R2A13_01521	97.101	69	2	0	1	69	1	69	4.04e-44	136
38P2R3A13_02215	38P2R3A13_02215	100.000	186	0	0	1	186	1	186	2.13e-137	381
38P2R3A13_02215	56P2R2A4_02613	97.849	186	4	0	1	186	1	186	1.86e-134	373
38P2R3A13_02215	38P2R3A13_07223	96.237	186	7	0	1	186	1	186	4.73e-132	367
38P2R3A13_02216	38P2R3A13_02216	100.000	247	0	0	1	247	1	247	0.0	511
38P2R3A13_02216	38P2R3A13_07222	97.976	247	5	0	1	247	1	247	0.0	503
38P2R3A13_02216	18P3R3A11_02036	97.571	247	6	0	1	247	1	247	0.0	499
38P2R3A13_02217	38P2R3A13_02217	100.000	648	0	0	1	648	1	648	0.0	1332
38P2R3A13_02217	18P3R3A11_02035	96.142	648	25	0	1	648	1	648	0.0	1291
38P2R3A13_02218	38P2R3A13_02218	100.000	129	0	0	1	129	1	129	4.07e-94	267
38P2R3A13_02219	38P2R3A13_02219	100.000	283	0	0	1	283	1	283	0.0	561
38P2R3A13_02220	38P2R3A13_02220	100.000	633	0	0	1	633	1	633	0.0	1309
38P2R3A13_02220	56P2R2A4_03860	97.788	633	14	0	1	633	1	633	0.0	1278
38P2R3A13_02221	38P2R3A13_02221	100.000	348	0	0	1	348	1	348	0.0	733
38P2R3A13_02221	56P2R2A4_03861	97.701	348	8	0	1	348	1	348	0.0	721
38P2R3A13_02222	38P2R3A13_02222	100.000	275	0	0	1	275	1	275	0.0	563
38P2R3A13_02222	38P2R3A13_07218	95.273	275	13	0	1	275	6	280	0.0	538
38P2R3A13_02223	38P2R3A13_02223	100.000	322	0	0	1	322	1	322	0.0	637
38P2R3A13_02223	18P3R3A11_02031	97.205	322	9	0	1	322	1	322	0.0	624
38P2R3A13_02224	38P2R3A13_02224	100.000	550	0	0	1	550	1	550	0.0	1098
38P2R3A13_02224	18P3R3A11_02030	96.364	550	20	0	1	550	1	550	0.0	1062
38P2R3A13_02228	38P2R3A13_02228	100.000	215	0	0	1	215	1	215	2.65e-155	428
38P2R3A13_02228	38P2R3A13_08499	95.349	215	10	0	1	215	1	215	2.76e-135	378
38P2R3A13_02234	38P2R3A13_02234	100.000	241	0	0	1	241	1	241	5.12e-180	493
38P2R3A13_02234	56P2R2A4_03875	97.510	241	6	0	1	241	1	241	9.51e-177	485
38P2R3A13_02235	38P2R3A13_02235	100.000	103	0	0	1	103	1	103	1.87e-72	210
38P2R3A13_02235	38P2R3A13_06533	95.146	103	5	0	1	103	1	103	8.12e-65	191
38P2R3A13_02236	38P2R3A13_02236	100.000	92	0	0	1	92	1	92	1.38e-63	187
38P2R3A13_02236	18P3R3A11_02009	95.652	92	4	0	1	92	5	96	8.68e-55	164
38P2R3A13_02237	38P2R3A13_02237	100.000	644	0	0	1	644	1	644	0.0	1308
38P2R3A13_02237	56P2R2A4_03878	97.826	644	14	0	1	644	1	644	0.0	1269
38P2R3A13_02238	38P2R3A13_02238	100.000	541	0	0	1	541	1	541	0.0	1107
38P2R3A13_02238	18P3R3A11_02007	97.782	541	12	0	1	541	1	541	0.0	1085
38P2R3A13_02246	38P2R3A13_02246	100.000	420	0	0	1	420	1	420	0.0	855
38P2R3A13_02246	18P3R3A11_01999	97.387	421	9	2	1	420	1	420	0.0	825
38P2R3A13_02249	38P2R3A13_02249	100.000	317	0	0	1	317	1	317	0.0	644
38P2R3A13_02249	18P3R3A11_01996	97.460	315	8	0	1	315	1	315	0.0	630
38P2R3A13_02250	38P2R3A13_02250	100.000	615	0	0	1	615	1	615	0.0	1251
38P2R3A13_02251	38P2R3A13_02251	100.000	469	0	0	1	469	1	469	0.0	959
38P2R3A13_02251	18P3R3A11_01994	96.596	470	15	1	1	469	1	470	0.0	930
38P2R3A13_02253	38P2R3A13_02253	100.000	503	0	0	1	503	1	503	0.0	999
38P2R3A13_02253	56P2R2A4_03894	96.620	503	17	0	1	503	1	503	0.0	968
38P2R3A13_02254	38P2R3A13_02254	100.000	380	0	0	1	380	1	380	0.0	782
38P2R3A13_02254	38P2R3A13_06042	97.632	380	9	0	1	380	1	380	0.0	771
38P2R3A13_02254	18P3R3A11_01991	97.105	380	11	0	1	380	1	380	0.0	766
38P2R3A13_02260	38P2R3A13_02260	100.000	323	0	0	1	323	1	323	0.0	664
38P2R3A13_02260	18P3R3A11_01986	97.214	323	9	0	1	323	1	323	0.0	651
38P2R3A13_02260	38P2R3A13_06038	97.523	323	8	0	1	323	1	323	0.0	649
38P2R3A13_02260	10P3R2A13_01458	95.327	321	15	0	1	321	1	321	0.0	638
38P2R3A13_02261	38P2R3A13_02261	100.000	1108	0	0	1	1108	1	1108	0.0	2235
38P2R3A13_02261	38P2R3A13_06037	97.383	1108	29	0	1	1108	1	1108	0.0	2184
38P2R3A13_02261	18P3R3A11_01985	95.668	1108	48	0	1	1108	1	1108	0.0	2133
38P2R3A13_02267	38P2R3A13_02267	100.000	292	0	0	1	292	1	292	0.0	603
38P2R3A13_02267	56P2R2A4_03908	97.945	292	6	0	1	292	1	292	0.0	590
38P2R3A13_02268	38P2R3A13_02268	100.000	382	0	0	1	382	1	382	0.0	785
38P2R3A13_02269	38P2R3A13_02269	100.000	177	0	0	1	177	1	177	1.22e-132	368
38P2R3A13_02270	38P2R3A13_02270	100.000	106	0	0	1	106	1	106	4.88e-66	194
38P2R3A13_02270	18P3R3A11_01975	97.170	106	3	0	1	106	1	106	4.15e-65	192
38P2R3A13_02270	38P2R3A13_06027	97.170	106	3	0	1	106	1	106	3.69e-64	189
38P2R3A13_02271	38P2R3A13_02271	100.000	200	0	0	1	200	1	200	1.72e-150	415
38P2R3A13_02272	38P2R3A13_02272	100.000	49	0	0	1	49	1	49	3.68e-28	94.4
38P2R3A13_02272	38P2R3A13_06025	95.918	49	2	0	1	49	1	49	1.04e-26	90.9
38P2R3A13_02274	38P2R3A13_02274	100.000	343	0	0	1	343	1	343	0.0	699
38P2R3A13_02274	18P3R3A11_01970	97.947	341	7	0	1	341	1	341	0.0	686
38P2R3A13_02274	38P2R3A13_08579	97.067	341	10	0	1	341	1	341	0.0	683
38P2R3A13_02276	38P2R3A13_02276	100.000	548	0	0	1	548	1	548	0.0	1075
38P2R3A13_02276	31P2R1A5_04250	97.814	549	11	1	1	548	1	549	0.0	1050
38P2R3A13_02276	10P3R2A13_01439	95.865	532	22	0	1	532	1	532	0.0	1003
38P2R3A13_02276	38P2R3A13_08581	97.500	80	2	0	469	548	2	81	9.06e-48	160
38P2R3A13_02278	38P2R3A13_02278	100.000	417	0	0	1	417	1	417	0.0	816
38P2R3A13_02278	18P3R3A11_01966	96.088	409	16	0	1	409	1	409	0.0	712
38P2R3A13_02279	38P2R3A13_02279	100.000	164	0	0	1	164	1	164	8.73e-118	329
38P2R3A13_02279	38P2R3A13_08457	98.065	155	3	0	10	164	1	155	3.19e-108	305
38P2R3A13_02279	18P3R3A11_01965	96.341	164	6	0	1	164	1	164	9.90e-100	284
38P2R3A13_02283	38P2R3A13_02283	100.000	566	0	0	1	566	1	566	0.0	1145
38P2R3A13_02283	56P2R2A4_03923	95.230	566	25	1	1	566	1	564	0.0	1067
38P2R3A13_02286	38P2R3A13_02286	100.000	287	0	0	1	287	1	287	0.0	587
38P2R3A13_02287	38P2R3A13_02287	100.000	1579	0	0	1	1579	1	1579	0.0	3177
38P2R3A13_02288	38P2R3A13_02288	100.000	396	0	0	1	396	1	396	0.0	818
38P2R3A13_02289	38P2R3A13_02289	100.000	117	0	0	1	117	1	117	3.09e-85	243
38P2R3A13_02290	38P2R3A13_02290	100.000	641	0	0	1	641	1	641	0.0	1326
38P2R3A13_02291	38P2R3A13_02291	100.000	480	0	0	1	480	1	480	0.0	996
38P2R3A13_02292	38P2R3A13_02292	100.000	118	0	0	1	118	1	118	8.74e-81	232
38P2R3A13_02293	38P2R3A13_02293	100.000	144	0	0	1	144	1	144	4.45e-106	298
38P2R3A13_02294	38P2R3A13_02294	100.000	143	0	0	1	143	1	143	8.25e-105	295
38P2R3A13_02295	38P2R3A13_02295	100.000	155	0	0	1	155	1	155	4.97e-114	319
38P2R3A13_02296	38P2R3A13_02296	100.000	80	0	0	1	80	1	80	3.63e-54	162
38P2R3A13_02297	38P2R3A13_02297	100.000	128	0	0	1	128	1	128	3.00e-94	267
38P2R3A13_02298	38P2R3A13_02298	100.000	250	0	0	1	250	1	250	0.0	520
38P2R3A13_02299	38P2R3A13_02299	100.000	238	0	0	1	238	1	238	8.24e-177	485
38P2R3A13_02300	38P2R3A13_02300	100.000	459	0	0	1	459	1	459	0.0	937
38P2R3A13_02301	38P2R3A13_02301	100.000	1149	0	0	1	1149	1	1149	0.0	2360
38P2R3A13_02305	38P2R3A13_02305	100.000	96	0	0	1	96	1	96	1.08e-65	192
38P2R3A13_02306	38P2R3A13_02306	100.000	120	0	0	1	120	1	120	8.91e-84	240
38P2R3A13_02307	38P2R3A13_02307	100.000	129	0	0	1	129	1	129	1.76e-91	260
38P2R3A13_02307	18P3R3A11_01931	95.349	129	6	0	1	129	1	129	1.77e-86	248
38P2R3A13_02310	38P2R3A13_02310	100.000	73	0	0	1	73	1	73	4.09e-48	146
38P2R3A13_02317	38P2R3A13_02317	100.000	299	0	0	1	299	1	299	0.0	599
38P2R3A13_02318	38P2R3A13_02318	100.000	206	0	0	1	206	1	206	2.46e-146	405
38P2R3A13_02318	37P2R3-2A1_02820	95.146	206	10	0	1	206	1	206	3.30e-139	387
38P2R3A13_02320	38P2R3A13_02320	100.000	268	0	0	1	268	1	268	0.0	541
38P2R3A13_02320	37P2R3-2A1_02822	95.896	268	11	0	1	268	1	268	1.79e-178	491
38P2R3A13_02320	18P3R3A11_01918	95.522	268	12	0	1	268	1	268	2.43e-178	491
38P2R3A13_02322	38P2R3A13_02322	100.000	100	0	0	1	100	1	100	1.26e-68	200
38P2R3A13_02322	37P2R3-2A1_02824	98.000	100	2	0	1	100	1	100	1.49e-67	197
38P2R3A13_02322	18P3R3A11_01916	98.000	100	2	0	1	100	1	100	4.37e-67	196
38P2R3A13_02323	38P2R3A13_02323	100.000	286	0	0	1	286	1	286	0.0	570
38P2R3A13_02323	18P3R3A11_01915	97.203	286	8	0	1	286	1	286	0.0	553
38P2R3A13_02325	38P2R3A13_02325	100.000	367	0	0	1	367	1	367	0.0	763
38P2R3A13_02325	56P2R2A4_03192	99.413	341	2	0	27	367	1	341	0.0	707
38P2R3A13_02325	38P2R3A13_06668	96.774	341	11	0	27	367	1	341	0.0	690
38P2R3A13_02326	38P2R3A13_02326	100.000	73	0	0	1	73	1	73	1.11e-49	150
38P2R3A13_02326	18P3R3A11_01912	95.890	73	3	0	1	73	1	73	3.45e-47	144
38P2R3A13_02327	38P2R3A13_02327	100.000	290	0	0	1	290	1	290	0.0	600
38P2R3A13_02327	18P3R3A11_01911	97.586	290	7	0	1	290	1	290	0.0	586
38P2R3A13_02327	38P2R3A13_06670	96.552	290	10	0	1	290	1	290	0.0	580
38P2R3A13_02331	38P2R3A13_02331	100.000	407	0	0	1	407	1	407	0.0	835
38P2R3A13_02331	18P3R3A11_01907	96.806	407	13	0	1	407	1	407	0.0	810
38P2R3A13_02331	38P2R3A13_07877	95.086	407	20	0	1	407	1	407	0.0	801
38P2R3A13_02332	38P2R3A13_02332	100.000	188	0	0	1	188	1	188	9.49e-141	389
38P2R3A13_02333	38P2R3A13_02333	100.000	195	0	0	1	195	1	195	1.22e-147	407
38P2R3A13_02336	38P2R3A13_02336	100.000	439	0	0	1	439	1	439	0.0	910
38P2R3A13_02336	18P3R3A11_01902	97.494	439	11	0	1	439	1	439	0.0	897
38P2R3A13_02338	38P2R3A13_02338	100.000	109	0	0	1	109	1	109	9.73e-79	226
38P2R3A13_02339	38P2R3A13_02339	100.000	458	0	0	1	458	1	458	0.0	934
38P2R3A13_02339	18P3R3A11_01899	97.380	458	12	0	1	458	1	458	0.0	913
38P2R3A13_02339	38P2R3A13_07187	95.415	458	21	0	1	458	1	458	0.0	892
38P2R3A13_02340	38P2R3A13_02340	100.000	57	0	0	1	57	1	57	1.13e-36	116
38P2R3A13_02340	18P3R3A11_01898	96.491	57	2	0	1	57	1	57	4.82e-35	112
38P2R3A13_02342	38P2R3A13_02342	100.000	254	0	0	1	254	1	254	0.0	513
38P2R3A13_02342	18P3R3A11_01896	97.244	254	7	0	1	254	1	254	0.0	503
38P2R3A13_02345	38P2R3A13_02345	100.000	439	0	0	1	439	1	439	0.0	873
38P2R3A13_02346	38P2R3A13_02346	100.000	363	0	0	1	363	1	363	0.0	738
38P2R3A13_02346	47P2R3A6_03848	97.521	363	9	0	1	363	1	363	0.0	720
38P2R3A13_02346	18P3R3A11_01892	96.970	363	11	0	1	363	1	363	0.0	714
38P2R3A13_02348	38P2R3A13_02348	100.000	413	0	0	1	413	1	413	0.0	826
38P2R3A13_02349	38P2R3A13_02349	100.000	152	0	0	1	152	1	152	1.09e-107	303
38P2R3A13_02350	38P2R3A13_02350	100.000	165	0	0	1	165	1	165	1.02e-118	332
38P2R3A13_02351	38P2R3A13_02351	100.000	259	0	0	1	259	1	259	0.0	522
38P2R3A13_02351	56P2R2A4_03166	96.525	259	9	0	1	259	1	259	0.0	506
38P2R3A13_02352	38P2R3A13_02352	100.000	851	0	0	1	851	1	851	0.0	1753
38P2R3A13_02352	38P2R3A13_07386	97.415	851	22	0	1	851	1	851	0.0	1714
38P2R3A13_02352	18P3R3A11_01886	95.300	851	40	0	1	851	1	851	0.0	1680
38P2R3A13_02354	38P2R3A13_02354	100.000	712	0	0	1	712	1	712	0.0	1465
38P2R3A13_02354	38P2R3A13_07384	96.208	712	27	0	1	712	1	712	0.0	1419
38P2R3A13_02355	38P2R3A13_02355	100.000	228	0	0	1	228	1	228	1.25e-172	473
38P2R3A13_02355	47P2R3A6_03857	97.368	228	6	0	1	228	1	228	9.39e-168	461
38P2R3A13_02356	38P2R3A13_02356	100.000	134	0	0	1	134	1	134	2.77e-96	273
38P2R3A13_02356	47P2R3A6_03858	96.269	134	5	0	1	134	1	134	1.70e-93	266
38P2R3A13_02356	18P3R3A11_01882	95.522	134	6	0	1	134	1	134	1.37e-92	263
38P2R3A13_02361	38P2R3A13_02361	100.000	158	0	0	1	158	1	158	2.62e-114	320
38P2R3A13_02361	18P3R3A11_01877	97.468	158	4	0	1	158	1	158	1.06e-111	313
38P2R3A13_02364	38P2R3A13_02364	100.000	773	0	0	1	773	1	773	0.0	1581
38P2R3A13_02364	38P2R3A13_07650	96.636	773	26	0	1	773	1	773	0.0	1538
38P2R3A13_02364	18P3R3A11_01874	95.084	773	38	0	1	773	1	773	0.0	1471
38P2R3A13_02365	38P2R3A13_02365	100.000	79	0	0	1	79	1	79	6.78e-53	159
38P2R3A13_02366	38P2R3A13_02366	100.000	90	0	0	1	90	1	90	6.26e-60	177
38P2R3A13_02367	38P2R3A13_02367	100.000	258	0	0	1	258	1	258	0.0	524
38P2R3A13_02368	38P2R3A13_02368	100.000	228	0	0	1	228	1	228	1.48e-164	453
38P2R3A13_02368	56P2R2A4_03149	97.368	228	6	0	1	228	1	228	2.93e-160	442
38P2R3A13_02369	38P2R3A13_02369	100.000	192	0	0	1	192	1	192	1.37e-143	397
38P2R3A13_02369	31P2R1A5_02693	97.917	192	4	0	1	192	1	192	1.12e-140	389
38P2R3A13_02369	18P3R3A11_01870	97.396	192	5	0	1	192	1	192	1.77e-140	389
38P2R3A13_02369	10P3R2A13_01240	95.833	192	8	0	1	192	1	192	5.75e-139	385
38P2R3A13_02369	51P2R2A10_03992	95.833	192	8	0	1	192	1	192	9.41e-139	385
38P2R3A13_02371	38P2R3A13_02371	100.000	694	0	0	1	694	1	694	0.0	1437
38P2R3A13_02371	18P3R3A11_01868	97.688	692	16	0	1	692	1	692	0.0	1410
38P2R3A13_02371	38P2R3A13_07262	96.110	694	27	0	1	694	1	694	0.0	1390
38P2R3A13_02375	38P2R3A13_02375	100.000	277	0	0	1	277	1	277	0.0	563
38P2R3A13_02375	47P2R3A6_03877	96.029	277	11	0	1	277	1	277	0.0	544
38P2R3A13_02375	18P3R3A11_01864	96.390	277	10	0	1	277	1	277	0.0	543
38P2R3A13_02375	38P2R3A13_07258	95.736	258	11	0	20	277	1	258	0.0	503
38P2R3A13_02378	38P2R3A13_02378	100.000	816	0	0	1	816	1	816	0.0	1696
38P2R3A13_02378	18P3R3A11_01861	97.794	816	18	0	1	816	1	816	0.0	1664
38P2R3A13_02378	38P2R3A13_08013	97.181	816	23	0	1	816	1	816	0.0	1656
38P2R3A13_02381	38P2R3A13_02381	100.000	658	0	0	1	658	1	658	0.0	1361
38P2R3A13_02381	47P2R3A6_03883	97.112	658	19	0	1	658	1	658	0.0	1330
38P2R3A13_02381	18P3R3A11_01858	95.593	658	29	0	1	658	1	658	0.0	1311
38P2R3A13_02382	38P2R3A13_02382	100.000	759	0	0	1	759	1	759	0.0	1569
38P2R3A13_02382	18P3R3A11_01857	96.311	759	28	0	1	759	1	759	0.0	1524
38P2R3A13_02382	38P2R3A13_07370	96.022	729	29	0	31	759	1	729	0.0	1462
38P2R3A13_02385	38P2R3A13_02385	100.000	81	0	0	1	81	1	81	1.57e-56	168
38P2R3A13_02385	38P2R3A13_05231	97.531	81	2	0	1	81	1	81	2.15e-55	165
38P2R3A13_02385	18P3R3A11_01820	95.062	81	4	0	1	81	1	81	6.12e-54	161
38P2R3A13_02386	38P2R3A13_02386	100.000	222	0	0	1	222	1	222	1.27e-161	445
38P2R3A13_02386	18P3R3A11_01819	97.748	222	5	0	1	222	1	222	2.26e-159	439
38P2R3A13_02386	38P2R3A13_05230	96.847	222	7	0	1	222	1	222	8.07e-158	435
38P2R3A13_02387	38P2R3A13_02387	100.000	186	0	0	1	186	1	186	1.13e-133	371
38P2R3A13_02387	38P2R3A13_05229	96.237	186	7	0	1	186	1	186	3.35e-129	360
38P2R3A13_02387	18P3R3A11_01818	95.699	186	8	0	1	186	1	186	4.32e-128	357
38P2R3A13_02388	38P2R3A13_02388	100.000	406	0	0	1	406	1	406	0.0	783
38P2R3A13_02389	38P2R3A13_02389	100.000	350	0	0	1	350	1	350	0.0	688
38P2R3A13_02389	38P2R3A13_05227	97.714	350	8	0	1	350	1	350	0.0	676
38P2R3A13_02389	18P3R3A11_01816	96.000	350	14	0	1	350	1	350	0.0	665
38P2R3A13_02390	38P2R3A13_02390	100.000	130	0	0	1	130	1	130	1.03e-93	266
38P2R3A13_02391	38P2R3A13_02391	100.000	355	0	0	1	355	1	355	0.0	740
38P2R3A13_02392	38P2R3A13_02392	100.000	241	0	0	1	241	1	241	4.50e-179	491
38P2R3A13_02392	56P2R2A4_03125	97.925	241	5	0	1	241	1	241	2.67e-176	484
38P2R3A13_02393	38P2R3A13_02393	100.000	272	0	0	1	272	1	272	0.0	548
38P2R3A13_02394	38P2R3A13_02394	100.000	86	0	0	1	86	1	86	1.79e-56	168
38P2R3A13_02395	38P2R3A13_02395	100.000	84	0	0	1	84	1	84	1.90e-55	166
38P2R3A13_02396	38P2R3A13_02396	100.000	196	0	0	1	196	1	196	7.61e-141	390
38P2R3A13_02396	56P2R2A4_03121	97.959	196	4	0	1	196	1	196	6.15e-137	380
38P2R3A13_02397	38P2R3A13_02397	100.000	454	0	0	1	454	1	454	0.0	924
38P2R3A13_02397	56P2R2A4_03120	97.357	454	12	0	1	454	1	454	0.0	900
38P2R3A13_02398	38P2R3A13_02398	100.000	118	0	0	1	118	1	118	6.28e-85	243
38P2R3A13_02398	56P2R2A4_03119	95.763	118	5	0	1	118	1	118	4.41e-82	235
38P2R3A13_02399	38P2R3A13_02399	100.000	564	0	0	1	564	1	564	0.0	1152
38P2R3A13_02399	56P2R2A4_03118	96.631	564	19	0	1	564	1	564	0.0	1120
38P2R3A13_02400	38P2R3A13_02400	100.000	141	0	0	1	141	1	141	1.70e-102	289
38P2R3A13_02400	38P2R3A13_05216	97.163	141	4	0	1	141	1	141	4.72e-101	285
38P2R3A13_02401	38P2R3A13_02401	100.000	202	0	0	1	202	1	202	4.85e-147	406
38P2R3A13_02402	38P2R3A13_02402	100.000	775	0	0	1	775	1	775	0.0	1541
38P2R3A13_02403	38P2R3A13_02403	100.000	193	0	0	1	193	1	193	9.55e-143	395
38P2R3A13_02404	38P2R3A13_02404	100.000	389	0	0	1	389	1	389	0.0	788
38P2R3A13_02404	56P2R2A4_03113	97.680	388	9	0	1	388	1	388	0.0	768
38P2R3A13_02405	38P2R3A13_02405	100.000	158	0	0	1	158	1	158	1.54e-116	326
38P2R3A13_02406	38P2R3A13_02406	100.000	244	0	0	1	244	1	244	0.0	496
38P2R3A13_02407	38P2R3A13_02407	100.000	199	0	0	1	199	1	199	8.79e-146	403
38P2R3A13_02407	56P2R2A4_03110	100.000	191	0	0	1	191	1	191	3.68e-138	392
38P2R3A13_02407	38P2R3A13_05209	97.906	191	4	0	1	191	1	191	2.46e-135	385
38P2R3A13_02407	42P1R1A12_00126	95.812	191	8	0	1	191	1	191	7.70e-133	378
38P2R3A13_02408	38P2R3A13_02408	100.000	216	0	0	1	216	1	216	2.55e-163	449
38P2R3A13_02408	56P2R2A4_03110	99.537	216	1	0	1	216	195	410	5.85e-161	450
38P2R3A13_02408	38P2R3A13_05209	97.685	216	5	0	1	216	195	410	2.25e-158	444
38P2R3A13_02409	38P2R3A13_02409	100.000	206	0	0	1	206	1	206	9.77e-154	424
38P2R3A13_02410	38P2R3A13_02410	100.000	130	0	0	1	130	1	130	9.12e-87	248
38P2R3A13_02410	56P2R2A4_03108	96.923	130	4	0	1	130	1	130	1.55e-84	243
38P2R3A13_02411	38P2R3A13_02411	100.000	112	0	0	1	112	1	112	7.94e-74	214
38P2R3A13_02411	56P2R2A4_03107	96.907	97	3	0	1	97	1	97	1.51e-48	150
38P2R3A13_02412	38P2R3A13_02412	100.000	552	0	0	1	552	1	552	0.0	1101
38P2R3A13_02412	56P2R2A4_03106	97.283	552	15	0	1	552	1	552	0.0	1074
38P2R3A13_02413	38P2R3A13_02413	100.000	301	0	0	1	301	1	301	0.0	616
38P2R3A13_02414	38P2R3A13_02414	100.000	661	0	0	1	661	1	661	0.0	1362
38P2R3A13_02414	38P2R3A13_05203	95.310	661	31	0	1	661	1	661	0.0	1306
38P2R3A13_02415	38P2R3A13_02415	100.000	346	0	0	1	346	1	346	0.0	713
38P2R3A13_02415	56P2R2A4_03103	99.695	328	1	0	19	346	1	328	0.0	676
38P2R3A13_02415	38P2R3A13_05202	98.171	328	6	0	19	346	1	328	0.0	667
38P2R3A13_02415	18P3R3A11_01793	95.732	328	14	0	19	346	1	328	0.0	636
38P2R3A13_02416	38P2R3A13_02416	100.000	380	0	0	1	380	1	380	0.0	789
38P2R3A13_02417	38P2R3A13_02417	100.000	168	0	0	1	168	1	168	1.80e-126	352
38P2R3A13_02417	18P3R3A11_01791	95.808	167	7	0	1	167	1	167	4.20e-121	338
38P2R3A13_02418	38P2R3A13_02418	100.000	294	0	0	1	294	1	294	0.0	592
38P2R3A13_02418	56P2R2A4_03100	97.619	294	7	0	1	294	1	294	0.0	580
38P2R3A13_02419	38P2R3A13_02419	100.000	265	0	0	1	265	1	265	0.0	534
38P2R3A13_02419	18P3R3A11_01789	95.849	265	11	0	1	265	1	265	0.0	513
38P2R3A13_02420	38P2R3A13_02420	100.000	149	0	0	1	149	1	149	4.99e-110	308
38P2R3A13_02420	52P2R3A10_03302	100.000	146	0	0	4	149	1	146	8.09e-108	303
38P2R3A13_02421	38P2R3A13_02421	100.000	221	0	0	1	221	1	221	2.40e-167	459
38P2R3A13_02421	18P3R3A11_01787	97.738	221	5	0	1	221	1	221	8.54e-164	450
38P2R3A13_02421	38P2R3A13_05196	96.347	219	8	0	1	219	1	219	2.28e-159	439
38P2R3A13_02422	38P2R3A13_02422	100.000	342	0	0	1	342	1	342	0.0	685
38P2R3A13_02422	38P2R3A13_05195	97.654	341	8	0	1	341	1	341	0.0	673
38P2R3A13_02422	18P3R3A11_01786	97.076	342	10	0	1	342	1	342	0.0	671
38P2R3A13_02423	38P2R3A13_02423	100.000	133	0	0	1	133	1	133	1.44e-90	258
38P2R3A13_02423	38P2R3A13_05194	96.241	133	5	0	1	133	1	133	1.39e-86	248
38P2R3A13_02424	38P2R3A13_02424	100.000	445	0	0	1	445	1	445	0.0	890
38P2R3A13_02425	38P2R3A13_02425	100.000	246	0	0	1	246	1	246	0.0	504
38P2R3A13_02426	38P2R3A13_02426	100.000	231	0	0	1	231	1	231	1.38e-166	458
38P2R3A13_02426	47P2R3A6_03960	97.835	231	5	0	1	231	1	231	3.65e-162	447
38P2R3A13_02426	56P2R2A4_03092	97.835	231	5	0	1	231	1	231	6.24e-162	446
38P2R3A13_02427	38P2R3A13_02427	100.000	313	0	0	1	313	1	313	0.0	632
38P2R3A13_02427	47P2R3A6_03961	95.847	313	13	0	1	313	1	313	0.0	608
38P2R3A13_02428	38P2R3A13_02428	100.000	399	0	0	1	399	1	399	0.0	822
38P2R3A13_02428	47P2R3A6_03962	96.992	399	12	0	1	399	29	427	0.0	801
38P2R3A13_02428	18P3R3A11_01781	97.222	396	11	0	1	396	1	396	0.0	796
38P2R3A13_02432	38P2R3A13_02432	100.000	251	0	0	1	251	1	251	0.0	504
38P2R3A13_02432	18P3R3A11_01777	96.813	251	8	0	1	251	15	265	9.83e-177	486
38P2R3A13_02432	38P2R3A13_06229	95.600	250	11	0	1	250	15	264	9.52e-176	484
38P2R3A13_02432	34P3R2A10_04729	95.146	103	5	0	147	249	1	103	2.54e-65	198
38P2R3A13_02436	38P2R3A13_02436	100.000	550	0	0	1	550	1	550	0.0	1135
38P2R3A13_02436	18P3R3A11_01773	96.909	550	17	0	1	550	1	550	0.0	1106
38P2R3A13_02436	38P2R3A13_06233	96.364	550	20	0	1	550	1	550	0.0	1101
38P2R3A13_02437	38P2R3A13_02437	100.000	530	0	0	1	530	1	530	0.0	1095
38P2R3A13_02438	38P2R3A13_02438	100.000	180	0	0	1	180	1	180	4.05e-134	372
38P2R3A13_02438	56P2R2A4_03078	96.667	180	6	0	1	180	1	180	8.92e-129	358
38P2R3A13_02439	38P2R3A13_02439	100.000	253	0	0	1	253	1	253	0.0	508
38P2R3A13_02439	56P2R2A4_03077	97.628	253	6	0	1	253	1	253	0.0	498
38P2R3A13_02440	38P2R3A13_02440	100.000	300	0	0	1	300	1	300	0.0	614
38P2R3A13_02441	38P2R3A13_02441	100.000	342	0	0	1	342	1	342	0.0	698
38P2R3A13_02441	56P2R2A4_03075	97.953	342	7	0	1	342	1	342	0.0	688
38P2R3A13_02442	38P2R3A13_02442	100.000	441	0	0	1	441	1	441	0.0	863
38P2R3A13_02442	38P2R3A13_06241	97.732	441	10	0	1	441	1	441	0.0	848
38P2R3A13_02442	37P2R3-2A1_02977	97.052	441	13	0	1	441	1	441	0.0	844
38P2R3A13_02443	38P2R3A13_02443	100.000	681	0	0	1	681	1	681	0.0	1377
38P2R3A13_02443	18P3R3A11_04393	95.007	681	34	0	1	681	1	681	0.0	1274
38P2R3A13_02443	34P3R2A10_05125	96.396	111	4	0	571	681	1	111	4.86e-66	213
38P2R3A13_02444	38P2R3A13_02444	100.000	258	0	0	1	258	1	258	0.0	532
38P2R3A13_02444	38P2R3A13_06243	96.124	258	10	0	1	258	1	258	0.0	514
38P2R3A13_02445	38P2R3A13_02445	100.000	323	0	0	1	323	1	323	0.0	662
38P2R3A13_02445	56P2R2A4_03071	98.701	308	4	0	1	308	1	308	0.0	623
38P2R3A13_02446	38P2R3A13_02446	100.000	498	0	0	1	498	1	498	0.0	1016
38P2R3A13_02446	56P2R2A4_03070	97.390	498	13	0	1	498	1	498	0.0	990
38P2R3A13_02446	38P2R3A13_06245	95.783	498	21	0	1	498	1	498	0.0	978
38P2R3A13_02447	38P2R3A13_02447	100.000	429	0	0	1	429	1	429	0.0	851
38P2R3A13_02447	38P2R3A13_08314	97.902	429	9	0	1	429	1	429	0.0	837
38P2R3A13_02447	18P3R3A11_04397	97.436	429	11	0	1	429	1	429	0.0	831
38P2R3A13_02447	31P2R1A5_02591	95.571	429	19	0	1	429	1	429	0.0	794
38P2R3A13_02448	38P2R3A13_02448	100.000	669	0	0	1	669	1	669	0.0	1363
38P2R3A13_02448	47P2R3A6_03984	96.114	669	26	0	1	669	1	669	0.0	1313
38P2R3A13_02448	38P2R3A13_08313	95.786	617	26	0	53	669	1	617	0.0	1211
38P2R3A13_02449	38P2R3A13_02449	100.000	1161	0	0	1	1161	1	1161	0.0	2366
38P2R3A13_02450	38P2R3A13_02450	100.000	369	0	0	1	369	1	369	0.0	758
38P2R3A13_02451	38P2R3A13_02451	100.000	795	0	0	1	795	1	795	0.0	1617
38P2R3A13_02452	38P2R3A13_02452	100.000	872	0	0	1	872	1	872	0.0	1795
38P2R3A13_02452	47P2R3A6_03988	97.133	872	25	0	1	872	1	872	0.0	1751
38P2R3A13_02452	18P3R3A11_04402	95.298	872	41	0	1	872	1	872	0.0	1720
38P2R3A13_02452	38P2R3A13_06547	98.442	642	10	0	231	872	1	642	0.0	1311
38P2R3A13_02453	38P2R3A13_02453	100.000	251	0	0	1	251	1	251	0.0	510
38P2R3A13_02454	38P2R3A13_02454	100.000	63	0	0	1	63	1	63	4.80e-42	130
38P2R3A13_02455	38P2R3A13_02455	100.000	521	0	0	1	521	1	521	0.0	1077
38P2R3A13_02456	38P2R3A13_02456	100.000	65	0	0	1	65	1	65	9.11e-43	132
38P2R3A13_02456	38P2R3A13_06552	95.385	65	3	0	1	65	1	65	7.26e-42	130
38P2R3A13_02457	38P2R3A13_02457	100.000	560	0	0	1	560	1	560	0.0	1149
38P2R3A13_02457	38P2R3A13_06553	97.679	560	13	0	1	560	1	560	0.0	1129
38P2R3A13_02458	38P2R3A13_02458	100.000	331	0	0	1	331	1	331	0.0	681
38P2R3A13_02459	38P2R3A13_02459	100.000	321	0	0	1	321	1	321	0.0	648
38P2R3A13_02459	18P3R3A11_04409	96.573	321	11	0	1	321	1	321	0.0	631
38P2R3A13_02459	38P2R3A13_06555	95.639	321	14	0	1	321	1	321	0.0	624
38P2R3A13_02460	38P2R3A13_02460	100.000	343	0	0	1	343	1	343	0.0	713
38P2R3A13_02460	56P2R2A4_03056	97.668	343	8	0	1	343	1	343	0.0	699
38P2R3A13_02465	38P2R3A13_02465	100.000	306	0	0	1	306	1	306	0.0	626
38P2R3A13_02465	56P2R2A4_02505	97.712	306	7	0	1	306	1	306	0.0	613
38P2R3A13_02466	38P2R3A13_02466	100.000	171	0	0	1	171	1	171	1.33e-127	355
38P2R3A13_02466	18P3R3A11_01451	96.491	171	6	0	1	171	1	171	2.72e-123	344
38P2R3A13_02470	38P2R3A13_02470	100.000	266	0	0	1	266	1	266	0.0	533
38P2R3A13_02470	56P2R2A4_02500	97.744	266	6	0	1	266	1	266	0.0	522
38P2R3A13_02470	18P3R3A11_01455	97.744	266	6	0	1	266	1	266	0.0	522
38P2R3A13_02471	38P2R3A13_02471	100.000	268	0	0	1	268	1	268	0.0	552
38P2R3A13_02471	38P2R3A13_03781	97.015	268	8	0	1	268	1	268	0.0	543
38P2R3A13_02471	18P3R3A11_01456	96.642	268	9	0	1	268	1	268	0.0	538
38P2R3A13_02471	15P1R1A16_04521	96.500	200	7	0	69	268	1	200	6.95e-145	404
38P2R3A13_02472	38P2R3A13_02472	100.000	127	0	0	1	127	1	127	7.84e-93	263
38P2R3A13_02472	56P2R2A4_02498	96.850	127	4	0	1	127	1	127	1.52e-90	258
38P2R3A13_02472	18P3R3A11_01457	95.276	127	6	0	1	127	1	127	4.01e-89	254
38P2R3A13_02475	38P2R3A13_02475	100.000	426	0	0	1	426	1	426	0.0	870
38P2R3A13_02475	56P2R2A4_02495	97.418	426	11	0	1	426	1	426	0.0	845
38P2R3A13_02477	38P2R3A13_02477	100.000	555	0	0	1	555	1	555	0.0	1113
38P2R3A13_02477	18P3R3A11_01462	95.135	555	27	0	1	555	1	555	0.0	1009
38P2R3A13_02477	38P2R3A13_03775	95.676	555	24	0	1	555	44	598	0.0	1009
38P2R3A13_02478	38P2R3A13_02478	100.000	172	0	0	1	172	1	172	2.37e-124	347
38P2R3A13_02478	56P2R2A4_02492	97.093	172	5	0	1	172	1	172	7.56e-121	338
38P2R3A13_02479	38P2R3A13_02479	100.000	764	0	0	1	764	1	764	0.0	1582
38P2R3A13_02480	38P2R3A13_02480	100.000	162	0	0	1	162	1	162	1.56e-109	308
38P2R3A13_02481	38P2R3A13_02481	100.000	246	0	0	1	246	1	246	0.0	511
38P2R3A13_02481	18P3R3A11_01469	96.748	246	8	0	1	246	1	246	0.0	497
38P2R3A13_02482	38P2R3A13_02482	100.000	182	0	0	1	182	1	182	1.01e-133	371
38P2R3A13_02482	38P2R3A13_03767	95.604	182	8	0	1	182	1	182	7.56e-129	359
38P2R3A13_02483	38P2R3A13_02483	100.000	143	0	0	1	143	1	143	3.53e-102	288
38P2R3A13_02483	18P3R3A11_01471	97.902	143	3	0	1	143	1	143	3.67e-100	283
38P2R3A13_02484	38P2R3A13_02484	100.000	151	0	0	1	151	1	151	2.30e-107	302
38P2R3A13_02485	38P2R3A13_02485	100.000	214	0	0	1	214	1	214	1.01e-161	444
38P2R3A13_02486	38P2R3A13_02486	100.000	158	0	0	1	158	1	158	2.69e-112	315
38P2R3A13_02486	18P3R3A11_01474	97.468	158	4	0	1	158	1	158	2.22e-109	308
38P2R3A13_02487	38P2R3A13_02487	100.000	259	0	0	1	259	1	259	0.0	526
38P2R3A13_02487	38P2R3A13_03762	97.297	259	7	0	1	259	1	259	0.0	516
38P2R3A13_02487	18P3R3A11_01475	96.094	256	10	0	4	259	3	258	0.0	507
38P2R3A13_02488	38P2R3A13_02488	100.000	246	0	0	1	246	1	246	0.0	503
38P2R3A13_02489	38P2R3A13_02489	100.000	229	0	0	1	229	1	229	7.09e-172	471
38P2R3A13_02490	38P2R3A13_02490	100.000	153	0	0	1	153	1	153	8.49e-111	311
38P2R3A13_02490	38P2R3A13_06447	97.386	153	4	0	1	153	1	153	2.45e-108	305
38P2R3A13_02492	38P2R3A13_02492	100.000	263	0	0	1	263	1	263	0.0	545
38P2R3A13_02493	38P2R3A13_02493	100.000	355	0	0	1	355	1	355	0.0	724
38P2R3A13_02494	38P2R3A13_02494	100.000	77	0	0	1	77	1	77	9.72e-48	145
38P2R3A13_02494	38P2R3A13_06452	96.104	77	3	0	1	77	1	77	4.39e-46	141
38P2R3A13_02499	38P2R3A13_02499	100.000	138	0	0	1	138	1	138	4.09e-99	280
38P2R3A13_02499	56P2R2A4_02471	97.794	136	3	0	1	136	1	136	1.87e-96	273
38P2R3A13_02500	38P2R3A13_02500	100.000	148	0	0	1	148	1	148	3.75e-106	299
38P2R3A13_02500	37P2R3-2A1_02298	97.297	148	4	0	1	148	1	148	3.85e-104	293
38P2R3A13_02500	18P3R3A11_01487	96.622	148	5	0	1	148	1	148	1.70e-103	292
38P2R3A13_02500	38P2R3A13_06458	95.270	148	7	0	1	148	1	148	8.34e-102	288
38P2R3A13_02501	38P2R3A13_02501	100.000	226	0	0	1	226	1	226	2.83e-169	464
38P2R3A13_02501	18P3R3A11_01488	97.345	226	6	0	1	226	1	226	2.61e-165	454
38P2R3A13_02503	38P2R3A13_02503	100.000	206	0	0	1	206	1	206	6.71e-142	394
38P2R3A13_02503	38P2R3A13_06461	97.573	206	5	0	1	206	1	206	7.27e-139	386
38P2R3A13_02505	38P2R3A13_02505	100.000	351	0	0	1	351	1	351	0.0	722
38P2R3A13_02505	18P3R3A11_01492	97.436	351	9	0	1	351	1	351	0.0	707
38P2R3A13_02505	38P2R3A13_06463	95.157	351	17	0	1	351	1	351	0.0	695
38P2R3A13_02506	38P2R3A13_02506	100.000	261	0	0	1	261	1	261	0.0	526
38P2R3A13_02506	56P2R2A4_02464	96.169	261	10	0	1	261	1	261	0.0	510
38P2R3A13_02507	38P2R3A13_02507	100.000	287	0	0	1	287	1	287	0.0	592
38P2R3A13_02508	38P2R3A13_02508	100.000	516	0	0	1	516	1	516	0.0	1074
38P2R3A13_02508	56P2R2A4_02462	95.349	516	24	0	1	516	1	516	0.0	1029
38P2R3A13_02512	18P3R3A11_01499	100.000	241	0	0	1	241	32	272	4.05e-178	489
38P2R3A13_02512	38P2R3A13_02512	100.000	241	0	0	1	241	1	241	6.61e-178	488
38P2R3A13_02512	42P1R1A12_02205	97.510	241	6	0	1	241	1	241	4.43e-175	481
38P2R3A13_02512	31P2R1A5_04367	96.266	241	8	1	1	241	1	240	5.06e-170	468
38P2R3A13_02513	38P2R3A13_02513	100.000	339	0	0	1	339	1	339	0.0	704
38P2R3A13_02513	18P3R3A11_01500	97.640	339	8	0	1	339	1	339	0.0	692
38P2R3A13_02514	38P2R3A13_02514	100.000	215	0	0	1	215	1	215	2.69e-158	436
38P2R3A13_02514	18P3R3A11_01501	96.279	215	8	0	1	215	1	215	1.47e-152	421
38P2R3A13_02518	38P2R3A13_02518	100.000	334	0	0	1	334	1	334	0.0	681
38P2R3A13_02518	18P3R3A11_01505	96.108	334	13	0	1	334	1	334	0.0	636
38P2R3A13_02519	38P2R3A13_02519	100.000	300	0	0	1	300	1	300	0.0	619
38P2R3A13_02519	18P3R3A11_01506	98.000	300	6	0	1	300	1	300	0.0	610
38P2R3A13_02521	38P2R3A13_02521	100.000	646	0	0	1	646	1	646	0.0	1335
38P2R3A13_02521	38P2R3A13_08348	97.059	646	19	0	1	646	1	646	0.0	1303
38P2R3A13_02521	18P3R3A11_01508	97.059	646	19	0	1	646	1	646	0.0	1303
38P2R3A13_02522	38P2R3A13_02522	100.000	110	0	0	1	110	1	110	5.59e-76	219
38P2R3A13_02522	18P3R3A11_01509	96.262	107	4	0	1	107	1	107	3.06e-71	207
38P2R3A13_02522	38P2R3A13_08349	96.190	105	4	0	1	105	1	105	9.73e-70	204
38P2R3A13_02525	38P2R3A13_02525	100.000	290	0	0	1	290	1	290	0.0	602
38P2R3A13_02525	18P3R3A11_01512	97.586	290	7	0	1	290	1	290	0.0	590
38P2R3A13_02527	38P2R3A13_02527	100.000	230	0	0	1	230	1	230	6.96e-170	466
38P2R3A13_02527	18P3R3A11_01514	96.957	230	7	0	1	230	1	230	5.16e-165	454
38P2R3A13_02528	38P2R3A13_02528	100.000	475	0	0	1	475	1	475	0.0	959
38P2R3A13_02528	56P2R2A4_02442	97.474	475	12	0	1	475	1	475	0.0	932
38P2R3A13_02529	38P2R3A13_02529	100.000	451	0	0	1	451	1	451	0.0	919
38P2R3A13_02531	38P2R3A13_02531	100.000	229	0	0	1	229	1	229	1.22e-169	466
38P2R3A13_02535	38P2R3A13_02535	100.000	101	0	0	1	101	1	101	2.60e-67	197
38P2R3A13_02537	38P2R3A13_02537	100.000	477	0	0	1	477	1	477	0.0	941
38P2R3A13_02539	38P2R3A13_02539	100.000	196	0	0	1	196	1	196	2.58e-144	399
38P2R3A13_02539	18P3R3A11_01526	97.449	196	5	0	1	196	1	196	1.73e-141	392
38P2R3A13_02540	38P2R3A13_02540	100.000	441	0	0	1	441	1	441	0.0	876
38P2R3A13_02540	18P3R3A11_01527	96.599	441	15	0	1	441	1	441	0.0	851
38P2R3A13_02540	38P2R3A13_08445	95.238	441	21	0	1	441	1	441	0.0	835
38P2R3A13_02544	38P2R3A13_02544	100.000	392	0	0	1	392	1	392	0.0	754
38P2R3A13_02544	18P3R3A11_01531	97.194	392	11	0	1	392	1	392	0.0	734
38P2R3A13_02547	38P2R3A13_02547	100.000	309	0	0	1	309	1	309	0.0	617
38P2R3A13_02547	18P3R3A11_01534	97.735	309	7	0	1	309	1	309	0.0	607
38P2R3A13_02547	38P2R3A13_08098	95.765	307	13	0	1	307	1	307	0.0	592
38P2R3A13_02552	38P2R3A13_02552	100.000	274	0	0	1	274	1	274	0.0	553
38P2R3A13_02552	38P2R3A13_07257	95.985	274	11	0	1	274	1	274	0.0	528
38P2R3A13_02555	38P2R3A13_02555	100.000	78	0	0	1	78	1	78	5.56e-52	156
38P2R3A13_02555	18P3R3A11_01542	97.436	78	2	0	1	78	1	78	5.64e-51	154
38P2R3A13_02556	38P2R3A13_02556	100.000	177	0	0	1	177	1	177	5.77e-134	371
38P2R3A13_02556	18P3R3A11_01543	97.175	177	5	0	1	177	1	177	5.33e-130	361
38P2R3A13_02556	38P2R3A13_08331	95.480	177	8	0	1	177	1	177	3.68e-128	357
38P2R3A13_02557	38P2R3A13_02557	100.000	622	0	0	1	622	1	622	0.0	1236
38P2R3A13_02557	38P2R3A13_08330	96.141	622	24	0	1	622	1	622	0.0	1192
38P2R3A13_02559	38P2R3A13_02559	100.000	283	0	0	1	283	1	283	0.0	583
38P2R3A13_02559	18P3R3A11_01546	97.527	283	7	0	1	283	1	283	0.0	572
38P2R3A13_02559	38P2R3A13_08455	96.113	283	11	0	1	283	1	283	0.0	565
38P2R3A13_02562	38P2R3A13_02562	100.000	329	0	0	1	329	1	329	0.0	663
38P2R3A13_02562	18P3R3A11_01549	97.568	329	8	0	1	329	1	329	0.0	650
38P2R3A13_02563	38P2R3A13_02563	100.000	429	0	0	1	429	1	429	0.0	877
38P2R3A13_02563	18P3R3A11_01550	96.503	429	15	0	1	429	1	429	0.0	855
38P2R3A13_02563	38P2R3A13_05548	96.970	429	13	0	1	429	1	429	0.0	851
38P2R3A13_02564	38P2R3A13_02564	100.000	784	0	0	1	784	1	784	0.0	1630
38P2R3A13_02564	56P2R2A4_02406	95.153	784	38	0	1	784	1	784	0.0	1566
38P2R3A13_02565	38P2R3A13_02565	100.000	272	0	0	1	272	1	272	0.0	562
38P2R3A13_02565	38P2R3A13_05546	97.794	272	6	0	1	272	1	272	0.0	553
38P2R3A13_02565	18P3R3A11_01552	97.059	272	8	0	1	272	1	272	0.0	549
38P2R3A13_02566	38P2R3A13_02566	100.000	220	0	0	1	220	1	220	2.58e-165	454
38P2R3A13_02566	38P2R3A13_05545	96.818	220	7	0	1	220	1	220	9.16e-161	442
38P2R3A13_02566	18P3R3A11_01553	97.273	220	6	0	1	220	1	220	1.83e-160	442
38P2R3A13_02568	38P2R3A13_02568	100.000	786	0	0	1	786	1	786	0.0	1626
38P2R3A13_02568	18P3R3A11_01555	96.565	786	27	0	1	786	1	786	0.0	1574
38P2R3A13_02568	38P2R3A13_05543	96.183	786	30	0	1	786	1	786	0.0	1573
38P2R3A13_02569	38P2R3A13_02569	100.000	232	0	0	1	232	1	232	9.68e-177	484
38P2R3A13_02569	18P3R3A11_01556	96.983	232	7	0	1	232	1	232	1.17e-172	474
38P2R3A13_02569	28P2R1A12_01591	95.259	232	11	0	1	232	1	232	8.48e-171	469
38P2R3A13_02569	10P3R2A13_02510	95.259	232	11	0	1	232	1	232	3.23e-170	468
38P2R3A13_02569	38P2R3A13_05542	96.121	232	9	0	1	232	1	232	6.04e-170	467
38P2R3A13_02569	34P3R2A10_04955	99.281	139	1	0	94	232	1	139	1.98e-102	293
38P2R3A13_02572	38P2R3A13_02572	100.000	282	0	0	1	282	1	282	0.0	585
38P2R3A13_02572	18P3R3A11_01559	97.163	282	8	0	1	282	1	282	0.0	574
38P2R3A13_02572	38P2R3A13_05539	97.518	282	7	0	1	282	1	282	0.0	573
38P2R3A13_02574	38P2R3A13_02574	100.000	234	0	0	1	234	1	234	4.48e-172	473
38P2R3A13_02575	38P2R3A13_02575	100.000	537	0	0	1	537	1	537	0.0	1059
38P2R3A13_02575	56P2R2A4_02395	97.579	537	13	0	1	537	1	537	0.0	1033
38P2R3A13_02575	18P3R3A11_01562	96.347	219	8	0	319	537	1	219	6.68e-149	426
38P2R3A13_02576	38P2R3A13_02576	100.000	328	0	0	1	328	1	328	0.0	666
38P2R3A13_02576	18P3R3A11_03732	97.561	328	8	0	1	328	1	328	0.0	652
38P2R3A13_02577	38P2R3A13_02577	100.000	552	0	0	1	552	1	552	0.0	1139
38P2R3A13_02577	18P3R3A11_03731	96.014	552	22	0	1	552	1	552	0.0	1100
38P2R3A13_02578	38P2R3A13_02578	100.000	51	0	0	1	51	1	51	1.04e-31	103
38P2R3A13_02579	38P2R3A13_02579	100.000	393	0	0	1	393	1	393	0.0	784
38P2R3A13_02579	18P3R3A11_03729	97.710	393	9	0	1	393	1	393	0.0	764
38P2R3A13_02579	38P2R3A13_05532	96.692	393	13	0	1	393	1	393	0.0	762
38P2R3A13_02580	38P2R3A13_02580	100.000	194	0	0	1	194	1	194	2.67e-143	396
38P2R3A13_02581	38P2R3A13_02581	100.000	297	0	0	1	297	1	297	0.0	595
38P2R3A13_02582	38P2R3A13_02582	100.000	202	0	0	1	202	1	202	1.74e-151	418
38P2R3A13_02582	18P3R3A11_03727	97.000	200	6	0	1	200	1	200	1.68e-146	405
38P2R3A13_02582	38P2R3A13_05531	96.500	200	7	0	1	200	1	200	1.25e-145	403
38P2R3A13_02583	38P2R3A13_02583	100.000	467	0	0	1	467	1	467	0.0	966
38P2R3A13_02583	38P2R3A13_05530	97.645	467	11	0	1	467	1	467	0.0	945
38P2R3A13_02583	18P3R3A11_03726	97.859	467	10	0	1	467	1	467	0.0	944
38P2R3A13_02583	42P1R1A12_01575	96.146	467	18	0	1	467	1	467	0.0	916
38P2R3A13_02583	31P2R1A5_03772	95.717	467	20	0	1	467	1	467	0.0	914
38P2R3A13_02583	10P3R2A13_02498	95.503	467	21	0	1	467	1	467	0.0	914
38P2R3A13_02586	38P2R3A13_02586	100.000	321	0	0	1	321	1	321	0.0	664
38P2R3A13_02586	56P2R2A4_02384	99.065	321	3	0	1	321	19	339	0.0	659
38P2R3A13_02587	38P2R3A13_02587	100.000	575	0	0	1	575	1	575	0.0	1189
38P2R3A13_02587	38P2R3A13_07884	97.391	575	15	0	1	575	1	575	0.0	1163
38P2R3A13_02587	18P3R3A11_03722	97.043	575	17	0	1	575	1	575	0.0	1161
38P2R3A13_02588	38P2R3A13_02588	100.000	164	0	0	1	164	1	164	3.42e-115	323
38P2R3A13_02588	18P3R3A11_03721	96.341	164	6	0	1	164	1	164	1.62e-111	313
38P2R3A13_02589	38P2R3A13_02589	100.000	336	0	0	1	336	1	336	0.0	691
38P2R3A13_02589	10P3R2A13_02492	97.898	333	7	0	1	333	1	333	0.0	672
38P2R3A13_02589	31P2R1A5_03766	96.407	334	12	0	1	334	1	334	0.0	664
38P2R3A13_02595	38P2R3A13_02595	100.000	453	0	0	1	453	1	453	0.0	920
38P2R3A13_02595	56P2R2A4_02375	97.572	453	11	0	1	453	1	453	0.0	899
38P2R3A13_02597	38P2R3A13_02597	100.000	439	0	0	1	439	1	439	0.0	897
38P2R3A13_02597	47P2R3A6_02502	97.039	439	13	0	1	439	1	439	0.0	881
38P2R3A13_02597	18P3R3A11_03712	96.583	439	15	0	1	439	1	439	0.0	874
38P2R3A13_02597	38P2R3A13_08491	96.438	365	13	0	75	439	1	365	0.0	710
38P2R3A13_02598	38P2R3A13_02598	100.000	415	0	0	1	415	1	415	0.0	828
38P2R3A13_02598	18P3R3A11_03711	97.108	415	12	0	1	415	1	415	0.0	809
38P2R3A13_02601	38P2R3A13_02601	100.000	307	0	0	1	307	1	307	0.0	622
38P2R3A13_02601	38P2R3A13_08500	95.114	307	15	0	1	307	1	307	0.0	593
38P2R3A13_02602	38P2R3A13_02602	100.000	281	0	0	1	281	1	281	0.0	578
38P2R3A13_02602	18P3R3A11_03707	97.865	281	6	0	1	281	1	281	0.0	568
38P2R3A13_02606	38P2R3A13_02606	100.000	171	0	0	1	171	1	171	6.04e-124	345
38P2R3A13_02608	38P2R3A13_02608	100.000	131	0	0	1	131	1	131	1.35e-92	263
38P2R3A13_02609	38P2R3A13_02609	100.000	65	0	0	1	65	1	65	1.02e-42	132
38P2R3A13_02609	18P3R3A11_03700	95.385	65	3	0	1	65	1	65	6.12e-41	127
38P2R3A13_02610	38P2R3A13_02610	100.000	248	0	0	1	248	1	248	0.0	506
38P2R3A13_02610	18P3R3A11_03699	97.984	248	5	0	1	248	1	248	0.0	498
38P2R3A13_02610	38P2R3A13_08382	95.161	248	12	0	1	248	1	248	3.09e-176	484
38P2R3A13_02611	38P2R3A13_02611	100.000	207	0	0	1	207	1	207	4.42e-150	414
38P2R3A13_02612	38P2R3A13_02612	100.000	201	0	0	1	201	1	201	3.86e-152	419
38P2R3A13_02612	18P3R3A11_04239	99.005	201	2	0	1	201	233	433	8.48e-148	417
38P2R3A13_02612	38P2R3A13_08555	95.082	61	3	0	1	61	1	61	2.26e-38	130
38P2R3A13_02612	37P2R3-2A1_04273	96.721	61	1	1	1	60	1272	1332	1.04e-35	132
38P2R3A13_02612	56P2R2A4_00253	95.082	61	3	0	1	61	1272	1332	1.22e-35	132
38P2R3A13_02613	38P2R3A13_02613	100.000	119	0	0	1	119	1	119	1.71e-82	236
38P2R3A13_02614	38P2R3A13_02614	100.000	73	0	0	1	73	1	73	1.17e-48	147
38P2R3A13_02615	38P2R3A13_02615	100.000	122	0	0	1	122	1	122	9.24e-89	253
38P2R3A13_02616	38P2R3A13_02616	100.000	98	0	0	1	98	1	98	2.27e-68	199
38P2R3A13_02619	38P2R3A13_02619	100.000	92	0	0	1	92	1	92	1.10e-64	189
38P2R3A13_02619	18P3R3A11_04250	96.739	92	3	0	1	92	1	92	7.63e-64	187
38P2R3A13_02619	38P2R3A13_08063	96.739	92	3	0	1	92	1	92	1.20e-63	187
38P2R3A13_02620	38P2R3A13_02620	100.000	347	0	0	1	347	1	347	0.0	709
38P2R3A13_02620	37P2R3-2A1_04280	95.665	346	15	0	1	346	1	346	0.0	678
38P2R3A13_02620	18P3R3A11_04251	98.305	59	1	0	1	59	1	59	7.00e-34	119
38P2R3A13_02623	38P2R3A13_02623	100.000	290	0	0	1	290	1	290	0.0	595
38P2R3A13_02623	37P2R3-2A1_04283	96.897	290	9	0	1	290	1	290	0.0	580
38P2R3A13_02623	18P3R3A11_04254	96.552	290	10	0	1	290	1	290	0.0	563
38P2R3A13_02627	38P2R3A13_02627	100.000	277	0	0	1	277	1	277	0.0	556
38P2R3A13_02627	56P2R2A4_00266	96.029	277	11	0	1	277	1	277	0.0	538
38P2R3A13_02628	38P2R3A13_02628	100.000	131	0	0	1	131	1	131	1.07e-90	258
38P2R3A13_02628	56P2R2A4_00267	97.710	131	3	0	1	131	1	131	2.06e-88	253
38P2R3A13_02629	38P2R3A13_02629	100.000	270	0	0	1	270	1	270	0.0	549
38P2R3A13_02629	18P3R3A11_04260	97.778	270	6	0	1	270	1	270	0.0	539
38P2R3A13_02632	38P2R3A13_02632	100.000	77	0	0	1	77	1	77	7.55e-51	153
38P2R3A13_02633	38P2R3A13_02633	100.000	232	0	0	1	232	1	232	6.72e-172	472
38P2R3A13_02633	56P2R2A4_00272	97.845	232	5	0	1	232	1	232	2.75e-167	460
38P2R3A13_02633	18P3R3A11_04264	96.121	232	9	0	1	232	1	232	3.56e-164	452
38P2R3A13_02634	38P2R3A13_02634	100.000	80	0	0	1	80	1	80	1.28e-54	163
38P2R3A13_02634	18P3R3A11_04265	97.500	80	2	0	1	80	1	80	3.16e-53	159
38P2R3A13_02634	38P2R3A13_06275	96.250	80	3	0	1	80	1	80	4.18e-52	157
38P2R3A13_02635	38P2R3A13_02635	100.000	595	0	0	1	595	1	595	0.0	1193
38P2R3A13_02635	38P2R3A13_06276	95.630	595	26	0	1	595	1	595	0.0	1129
38P2R3A13_02636	38P2R3A13_02636	100.000	118	0	0	1	118	1	118	1.89e-82	236
38P2R3A13_02636	18P3R3A11_04267	95.763	118	5	0	1	118	1	118	2.97e-78	226
38P2R3A13_02637	38P2R3A13_02637	100.000	30	0	0	1	30	1	30	1.63e-15	61.2
38P2R3A13_02638	38P2R3A13_02638	100.000	469	0	0	1	469	1	469	0.0	953
38P2R3A13_02640	38P2R3A13_02640	100.000	599	0	0	1	599	1	599	0.0	1229
38P2R3A13_02640	38P2R3A13_06286	95.659	599	26	0	1	599	1	599	0.0	1178
38P2R3A13_02641	38P2R3A13_02641	100.000	466	0	0	1	466	1	466	0.0	924
38P2R3A13_02641	18P3R3A11_00664	96.567	466	16	0	1	466	1	466	0.0	899
38P2R3A13_02642	38P2R3A13_02642	100.000	1248	0	0	1	1248	1	1248	0.0	2610
38P2R3A13_02642	18P3R3A11_00665	96.154	1248	48	0	1	1248	1	1248	0.0	2527
38P2R3A13_02642	42P1R1A12_00538	95.593	1248	55	0	1	1248	1	1248	0.0	2516
38P2R3A13_02643	38P2R3A13_02643	100.000	512	0	0	1	512	1	512	0.0	1078
38P2R3A13_02643	31P2R1A5_01181	97.059	510	15	0	1	510	1	510	0.0	1050
38P2R3A13_02643	18P3R3A11_00666	95.312	512	24	0	1	512	1	512	0.0	1033
38P2R3A13_02643	38P2R3A13_06131	97.977	346	7	0	167	512	1	346	0.0	711
38P2R3A13_02643	34P3R2A10_05259	95.146	103	5	0	408	510	1	103	1.34e-66	210
38P2R3A13_02644	38P2R3A13_02644	100.000	237	0	0	1	237	1	237	5.07e-171	470
38P2R3A13_02644	18P3R3A11_00667	97.046	237	7	0	1	237	1	237	1.30e-165	456
38P2R3A13_02644	38P2R3A13_06132	95.781	237	10	0	1	237	1	237	9.95e-154	426
38P2R3A13_02645	38P2R3A13_02645	100.000	226	0	0	1	226	1	226	1.31e-166	458
38P2R3A13_02645	38P2R3A13_06133	96.903	226	7	0	1	226	1	226	7.27e-162	446
38P2R3A13_02645	18P3R3A11_00668	96.903	226	7	0	1	226	1	226	5.79e-161	444
38P2R3A13_02646	38P2R3A13_02646	100.000	299	0	0	1	299	1	299	0.0	588
38P2R3A13_02646	56P2R2A4_00290	97.993	299	6	0	1	299	1	299	0.0	577
38P2R3A13_02650	38P2R3A13_02650	100.000	153	0	0	1	153	1	153	3.38e-115	322
38P2R3A13_02650	38P2R3A13_06149	95.425	153	7	0	1	153	19	171	7.86e-110	309
38P2R3A13_02651	38P2R3A13_02651	100.000	301	0	0	1	301	1	301	0.0	617
38P2R3A13_02651	38P2R3A13_06150	95.349	301	14	0	1	301	14	314	0.0	596
38P2R3A13_02652	38P2R3A13_02652	100.000	338	0	0	1	338	1	338	0.0	684
38P2R3A13_02652	38P2R3A13_06151	96.450	338	12	0	1	338	1	338	0.0	664
38P2R3A13_02652	18P3R3A11_00676	95.858	338	14	0	1	338	1	338	0.0	617
38P2R3A13_02655	38P2R3A13_02655	100.000	205	0	0	1	205	1	205	1.65e-154	426
38P2R3A13_02655	38P2R3A13_06154	96.000	175	7	0	31	205	1	175	4.37e-124	347
38P2R3A13_02658	38P2R3A13_02658	100.000	544	0	0	1	544	1	544	0.0	1120
38P2R3A13_02658	38P2R3A13_04321	95.588	544	24	0	1	544	1	544	0.0	1078
38P2R3A13_02659	38P2R3A13_02659	100.000	307	0	0	1	307	1	307	0.0	612
38P2R3A13_02659	18P3R3A11_00684	97.394	307	8	0	1	307	1	307	0.0	601
38P2R3A13_02659	42P1R1A12_00554	96.091	307	12	0	1	307	1	307	0.0	592
38P2R3A13_02659	31P2R1A5_01199	96.091	307	12	0	1	307	1	307	0.0	592
38P2R3A13_02659	10P3R2A13_01865	95.765	307	13	0	1	307	1	307	0.0	591
38P2R3A13_02659	43P2R2A2_02904	98.913	92	1	0	216	307	1	92	1.46e-56	177
38P2R3A13_02661	38P2R3A13_02661	100.000	338	0	0	1	338	1	338	0.0	691
38P2R3A13_02661	18P3R3A11_00686	97.633	338	8	0	1	338	1	338	0.0	679
38P2R3A13_02663	38P2R3A13_02663	100.000	290	0	0	1	290	1	290	0.0	589
38P2R3A13_02666	38P2R3A13_02666	100.000	212	0	0	1	212	1	212	7.15e-151	417
38P2R3A13_02666	18P3R3A11_00692	96.226	212	8	0	1	212	1	212	6.29e-136	379
38P2R3A13_02667	38P2R3A13_02667	100.000	318	0	0	1	318	1	318	0.0	657
38P2R3A13_02668	38P2R3A13_02668	100.000	99	0	0	1	99	1	99	5.51e-68	198
38P2R3A13_02668	38P2R3A13_04331	95.960	99	4	0	1	99	1	99	3.24e-65	191
38P2R3A13_02670	38P2R3A13_02670	100.000	132	0	0	1	132	1	132	2.13e-96	273
38P2R3A13_02670	38P2R3A13_04333	97.727	132	3	0	1	132	1	132	8.83e-94	266
38P2R3A13_02670	18P3R3A11_00704	96.212	132	5	0	1	132	1	132	1.20e-92	263
38P2R3A13_02671	38P2R3A13_02671	100.000	180	0	0	1	180	1	180	1.51e-129	360
38P2R3A13_02671	18P3R3A11_00705	96.111	180	7	0	1	180	1	180	6.30e-127	354
38P2R3A13_02671	31P2R1A5_00040	95.556	180	8	0	1	180	1	180	1.13e-125	350
38P2R3A13_02673	38P2R3A13_02673	100.000	135	0	0	1	135	1	135	2.71e-99	280
38P2R3A13_02676	38P2R3A13_02676	100.000	404	0	0	1	404	1	404	0.0	811
38P2R3A13_02676	56P2R2A4_00387	97.772	404	9	0	1	404	1	404	0.0	799
38P2R3A13_02679	38P2R3A13_02679	100.000	453	0	0	1	453	1	453	0.0	924
38P2R3A13_02679	18P3R3A11_00712	96.247	453	17	0	1	453	1	453	0.0	897
38P2R3A13_02681	38P2R3A13_02681	100.000	521	0	0	1	521	1	521	0.0	1068
38P2R3A13_02681	18P3R3A11_00714	97.697	521	12	0	1	521	1	521	0.0	1046
38P2R3A13_02681	38P2R3A13_04392	96.545	521	18	0	1	521	1	521	0.0	1038
38P2R3A13_02682	38P2R3A13_02682	100.000	298	0	0	1	298	1	298	0.0	615
38P2R3A13_02682	18P3R3A11_00715	96.980	298	9	0	1	298	1	298	0.0	601
38P2R3A13_02682	38P2R3A13_04393	95.973	298	12	0	1	298	1	298	0.0	594
38P2R3A13_02684	38P2R3A13_02684	100.000	215	0	0	1	215	1	215	3.89e-154	426
38P2R3A13_02684	18P3R3A11_00717	97.674	215	5	0	1	215	1	215	2.31e-150	416
38P2R3A13_02685	38P2R3A13_02685	100.000	116	0	0	1	116	1	116	4.91e-81	233
38P2R3A13_02686	38P2R3A13_02686	100.000	476	0	0	1	476	1	476	0.0	976
