38P2R3A13_02687	38P2R3A13_02687	100.000	166	0	0	1	166	1	166	1.03e-120	337
38P2R3A13_02688	38P2R3A13_02688	100.000	145	0	0	1	145	1	145	1.72e-107	302
38P2R3A13_02690	38P2R3A13_02690	100.000	197	0	0	1	197	1	197	5.77e-148	408
38P2R3A13_02691	38P2R3A13_02691	100.000	254	0	0	1	254	1	254	0.0	529
38P2R3A13_02691	56P2R2A4_00397	97.244	254	7	0	1	254	1	254	0.0	517
38P2R3A13_02691	38P2R3A13_04397	96.063	254	10	0	1	254	1	254	0.0	498
38P2R3A13_02692	38P2R3A13_02692	100.000	349	0	0	1	349	1	349	0.0	709
38P2R3A13_02692	38P2R3A13_04398	95.702	349	15	0	1	349	1	349	0.0	621
38P2R3A13_02692	18P3R3A11_00721	96.275	349	13	0	1	349	1	349	0.0	615
38P2R3A13_02693	38P2R3A13_02693	100.000	84	0	0	1	84	1	84	8.89e-59	174
38P2R3A13_02693	38P2R3A13_04399	96.429	84	3	0	1	84	1	84	5.17e-57	169
38P2R3A13_02693	18P3R3A11_00722	95.238	84	4	0	1	84	1	84	9.36e-57	169
38P2R3A13_02697	38P2R3A13_02697	100.000	892	0	0	1	892	1	892	0.0	1833
38P2R3A13_02697	47P2R3A6_00940	97.646	892	21	0	1	892	1	892	0.0	1794
38P2R3A13_02697	18P3R3A11_00726	96.861	892	28	0	1	892	1	892	0.0	1786
38P2R3A13_02699	38P2R3A13_02699	100.000	256	0	0	1	256	1	256	0.0	510
38P2R3A13_02700	38P2R3A13_02700	100.000	103	0	0	1	103	1	103	1.53e-69	202
38P2R3A13_02702	38P2R3A13_02702	100.000	277	0	0	1	277	1	277	0.0	566
38P2R3A13_02702	52P2R3A10_03433	100.000	246	0	0	32	277	1	246	0.0	498
38P2R3A13_02702	38P2R3A13_07116	96.341	246	9	0	32	277	1	246	2.40e-174	481
38P2R3A13_02703	38P2R3A13_02703	100.000	109	0	0	1	109	1	109	1.20e-71	208
38P2R3A13_02703	38P2R3A13_07115	96.330	109	4	0	1	109	1	109	4.20e-69	202
38P2R3A13_02704	38P2R3A13_02704	100.000	73	0	0	1	73	1	73	9.68e-44	135
38P2R3A13_02704	18P3R3A11_00733	97.260	73	2	0	1	73	1	73	4.55e-43	133
38P2R3A13_02704	38P2R3A13_07114	97.260	73	2	0	1	73	1	73	2.05e-42	132
38P2R3A13_02704	15P1R1A16_00515	98.182	55	1	0	19	73	1	55	1.38e-31	104
38P2R3A13_02705	38P2R3A13_02705	100.000	241	0	0	1	241	1	241	0.0	497
38P2R3A13_02705	38P2R3A13_07113	95.851	241	10	0	1	241	11	251	4.91e-174	478
38P2R3A13_02706	38P2R3A13_02706	100.000	72	0	0	1	72	1	72	2.15e-48	147
38P2R3A13_02707	38P2R3A13_02707	100.000	290	0	0	1	290	1	290	0.0	603
38P2R3A13_02707	38P2R3A13_07111	95.172	290	13	1	1	290	1	289	0.0	575
38P2R3A13_02708	38P2R3A13_02708	100.000	664	0	0	1	664	1	664	0.0	1365
38P2R3A13_02708	38P2R3A13_07110	96.084	664	26	0	1	664	1	664	0.0	1322
38P2R3A13_02708	18P3R3A11_00737	95.475	663	30	0	2	664	1	663	0.0	1313
38P2R3A13_02709	38P2R3A13_02709	100.000	645	0	0	1	645	1	645	0.0	1325
38P2R3A13_02709	38P2R3A13_07109	96.434	645	23	0	1	645	1	645	0.0	1290
38P2R3A13_02710	38P2R3A13_02710	100.000	329	0	0	1	329	1	329	0.0	664
38P2R3A13_02712	38P2R3A13_02712	100.000	1032	0	0	1	1032	1	1032	0.0	2082
38P2R3A13_02712	18P3R3A11_00741	96.705	1032	34	0	1	1032	1	1032	0.0	2028
38P2R3A13_02713	38P2R3A13_02713	100.000	152	0	0	1	152	1	152	5.02e-106	299
38P2R3A13_02713	56P2R2A4_00419	96.711	152	5	0	1	152	1	152	6.03e-102	288
38P2R3A13_02714	38P2R3A13_02714	100.000	235	0	0	1	235	1	235	9.96e-174	477
38P2R3A13_02714	18P3R3A11_00744	95.745	235	10	0	1	235	1	235	2.58e-167	461
38P2R3A13_02714	56P2R2A4_00420	95.319	235	11	0	1	235	1	235	7.01e-166	457
38P2R3A13_02715	38P2R3A13_02715	100.000	355	0	0	1	355	1	355	0.0	731
38P2R3A13_02715	56P2R2A4_00421	97.183	355	10	0	1	355	1	355	0.0	714
38P2R3A13_02715	18P3R3A11_00745	96.338	355	13	0	1	355	1	355	0.0	709
38P2R3A13_02716	38P2R3A13_02716	100.000	314	0	0	1	314	1	314	0.0	657
38P2R3A13_02716	56P2R2A4_00422	96.497	314	11	0	1	314	1	314	0.0	639
38P2R3A13_02717	38P2R3A13_02717	100.000	269	0	0	1	269	1	269	0.0	549
38P2R3A13_02717	18P3R3A11_00747	96.654	269	9	0	1	269	1	269	0.0	532
38P2R3A13_02718	38P2R3A13_02718	100.000	331	0	0	1	331	1	331	0.0	686
38P2R3A13_02718	18P3R3A11_00748	97.885	331	7	0	1	331	1	331	0.0	674
38P2R3A13_02719	38P2R3A13_02719	100.000	297	0	0	1	297	1	297	0.0	588
38P2R3A13_02719	18P3R3A11_00749	97.643	297	7	0	1	297	1	297	0.0	578
38P2R3A13_02719	38P2R3A13_07281	97.306	297	8	0	1	297	1	297	0.0	573
38P2R3A13_02720	38P2R3A13_02720	100.000	322	0	0	1	322	1	322	0.0	642
38P2R3A13_02720	38P2R3A13_07282	96.894	322	10	0	1	322	1	322	0.0	626
38P2R3A13_02720	18P3R3A11_00750	95.667	300	13	0	23	322	23	322	0.0	560
38P2R3A13_02721	38P2R3A13_02721	100.000	547	0	0	1	547	1	547	0.0	1126
38P2R3A13_02721	38P2R3A13_07283	97.075	547	16	0	1	547	1	547	0.0	1095
38P2R3A13_02721	18P3R3A11_00751	95.430	547	25	0	1	547	1	547	0.0	1073
38P2R3A13_02722	38P2R3A13_02722	100.000	326	0	0	1	326	1	326	0.0	662
38P2R3A13_02722	56P2R2A4_00428	97.853	326	7	0	1	326	1	326	0.0	649
38P2R3A13_02723	38P2R3A13_02723	100.000	223	0	0	1	223	1	223	9.71e-159	438
38P2R3A13_02723	18P3R3A11_00753	95.964	223	9	0	1	223	1	223	1.26e-152	422
38P2R3A13_02724	38P2R3A13_02724	100.000	75	0	0	1	75	1	75	9.55e-50	150
38P2R3A13_02725	38P2R3A13_02725	100.000	120	0	0	1	120	1	120	4.60e-85	243
38P2R3A13_02725	38P2R3A13_06410	97.500	120	3	0	1	120	1	120	1.48e-83	239
38P2R3A13_02725	18P3R3A11_00755	96.667	120	4	0	1	120	1	120	5.05e-83	238
38P2R3A13_02726	38P2R3A13_02726	100.000	75	0	0	1	75	1	75	7.93e-47	143
38P2R3A13_02727	38P2R3A13_02727	100.000	566	0	0	1	566	1	566	0.0	1173
38P2R3A13_02727	56P2R2A4_00433	95.760	566	24	0	1	566	1	566	0.0	1128
38P2R3A13_02728	38P2R3A13_02728	100.000	431	0	0	1	431	1	431	0.0	889
38P2R3A13_02731	38P2R3A13_02731	100.000	351	0	0	1	351	1	351	0.0	726
38P2R3A13_02731	56P2R2A4_00437	97.721	351	8	0	1	351	1	351	0.0	714
38P2R3A13_02731	18P3R3A11_00761	96.011	351	14	0	1	351	1	351	0.0	703
38P2R3A13_02731	38P2R3A13_06416	95.157	351	17	0	1	351	1	351	0.0	667
38P2R3A13_02732	38P2R3A13_02732	100.000	263	0	0	1	263	1	263	0.0	547
38P2R3A13_02732	56P2R2A4_00438	96.958	263	8	0	1	263	1	263	0.0	528
38P2R3A13_02733	38P2R3A13_02733	100.000	352	0	0	1	352	1	352	0.0	732
38P2R3A13_02733	56P2R2A4_00439	97.727	352	8	0	1	352	1	352	0.0	715
38P2R3A13_02734	38P2R3A13_02734	100.000	760	0	0	1	760	1	760	0.0	1580
38P2R3A13_02734	56P2R2A4_00440	95.526	760	34	0	1	760	1	760	0.0	1511
38P2R3A13_02735	38P2R3A13_02735	100.000	222	0	0	1	222	1	222	1.13e-164	452
38P2R3A13_02736	38P2R3A13_02736	100.000	361	0	0	1	361	1	361	0.0	744
38P2R3A13_02736	56P2R2A4_00442	97.784	361	8	0	1	361	1	361	0.0	731
38P2R3A13_02736	18P3R3A11_00766	96.676	361	12	0	1	361	1	361	0.0	722
38P2R3A13_02736	38P2R3A13_06421	96.399	361	13	0	1	361	18	378	0.0	720
38P2R3A13_02737	38P2R3A13_02737	100.000	305	0	0	1	305	1	305	0.0	630
38P2R3A13_02737	56P2R2A4_00443	97.705	305	7	0	1	305	1	305	0.0	620
38P2R3A13_02737	38P2R3A13_06422	95.410	305	14	0	1	305	1	305	0.0	611
38P2R3A13_02737	18P3R3A11_00767	96.393	305	11	0	1	305	1	305	0.0	611
38P2R3A13_02738	38P2R3A13_02738	100.000	337	0	0	1	337	1	337	0.0	692
38P2R3A13_02739	38P2R3A13_02739	100.000	466	0	0	1	466	1	466	0.0	957
38P2R3A13_02739	18P3R3A11_00769	97.854	466	10	0	1	466	1	466	0.0	943
38P2R3A13_02739	38P2R3A13_06424	96.996	466	14	0	1	466	1	466	0.0	935
38P2R3A13_02740	38P2R3A13_02740	100.000	351	0	0	1	351	1	351	0.0	711
38P2R3A13_02740	38P2R3A13_06425	96.264	348	13	0	1	348	1	348	0.0	612
38P2R3A13_02741	38P2R3A13_02741	100.000	514	0	0	1	514	1	514	0.0	1055
38P2R3A13_02741	18P3R3A11_00771	96.887	514	16	0	1	514	9	522	0.0	1024
38P2R3A13_02741	38P2R3A13_08289	98.043	460	9	0	55	514	1	460	0.0	931
38P2R3A13_02742	38P2R3A13_02742	100.000	403	0	0	1	403	1	403	0.0	835
38P2R3A13_02742	56P2R2A4_00448	97.767	403	9	0	1	403	1	403	0.0	820
38P2R3A13_02743	38P2R3A13_02743	100.000	169	0	0	1	169	1	169	1.14e-121	340
38P2R3A13_02743	38P2R3A13_08291	96.450	169	6	0	1	169	1	169	1.17e-117	330
38P2R3A13_02744	38P2R3A13_02744	100.000	322	0	0	1	322	1	322	0.0	651
38P2R3A13_02745	38P2R3A13_02745	100.000	238	0	0	1	238	1	238	3.99e-178	488
38P2R3A13_02746	38P2R3A13_02746	100.000	539	0	0	1	539	1	539	0.0	1115
38P2R3A13_02746	38P2R3A13_03682	97.032	539	16	0	1	539	1	539	0.0	1081
38P2R3A13_02746	18P3R3A11_00776	95.918	539	22	0	1	539	1	539	0.0	1074
38P2R3A13_02747	38P2R3A13_02747	100.000	806	0	0	1	806	1	806	0.0	1683
38P2R3A13_02748	38P2R3A13_02748	100.000	113	0	0	1	113	1	113	9.65e-78	224
38P2R3A13_02749	38P2R3A13_02749	100.000	189	0	0	1	189	1	189	3.73e-141	390
38P2R3A13_02749	38P2R3A13_03684	96.257	187	7	0	1	187	2	188	3.54e-135	375
38P2R3A13_02750	38P2R3A13_02750	100.000	73	0	0	1	73	1	73	5.10e-48	146
38P2R3A13_02751	38P2R3A13_02751	100.000	411	0	0	1	411	1	411	0.0	855
38P2R3A13_02752	38P2R3A13_02752	100.000	710	0	0	1	710	1	710	0.0	1451
38P2R3A13_02753	38P2R3A13_02753	100.000	381	0	0	1	381	1	381	0.0	761
38P2R3A13_02754	38P2R3A13_02754	100.000	328	0	0	1	328	1	328	0.0	667
38P2R3A13_02754	38P2R3A13_03688	96.951	328	10	0	1	328	1	328	0.0	650
38P2R3A13_02755	38P2R3A13_02755	100.000	458	0	0	1	458	1	458	0.0	931
38P2R3A13_02755	18P3R3A11_00803	96.725	458	15	0	1	458	1	458	0.0	906
38P2R3A13_02755	38P2R3A13_03690	96.288	458	17	0	1	458	1	458	0.0	901
38P2R3A13_02755	37P2R3-2A1_01051	96.536	433	15	0	26	458	1	433	0.0	855
38P2R3A13_02756	38P2R3A13_02756	100.000	312	0	0	1	312	1	312	0.0	646
38P2R3A13_02756	18P3R3A11_00804	97.756	312	7	0	1	312	1	312	0.0	634
38P2R3A13_02757	38P2R3A13_02757	100.000	107	0	0	1	107	1	107	5.82e-73	211
38P2R3A13_02758	38P2R3A13_02758	100.000	76	0	0	1	76	1	76	5.75e-52	156
38P2R3A13_02759	38P2R3A13_02759	100.000	73	0	0	1	73	1	73	5.21e-48	146
38P2R3A13_02760	38P2R3A13_02760	100.000	255	0	0	1	255	1	255	0.0	518
38P2R3A13_02761	38P2R3A13_02761	100.000	384	0	0	1	384	1	384	0.0	790
38P2R3A13_02762	38P2R3A13_02762	100.000	34	0	0	1	34	1	34	1.67e-18	68.9
38P2R3A13_02763	38P2R3A13_02763	100.000	1118	0	0	1	1118	1	1118	0.0	2279
38P2R3A13_02764	38P2R3A13_02764	100.000	534	0	0	1	534	1	534	0.0	1071
38P2R3A13_02765	38P2R3A13_02765	100.000	93	0	0	1	93	1	93	2.50e-65	191
38P2R3A13_02766	38P2R3A13_02766	100.000	585	0	0	1	585	1	585	0.0	1208
38P2R3A13_02767	38P2R3A13_02767	100.000	362	0	0	1	362	1	362	0.0	741
38P2R3A13_02768	38P2R3A13_02768	100.000	166	0	0	1	166	1	166	3.26e-122	341
38P2R3A13_02769	38P2R3A13_02769	100.000	152	0	0	1	152	1	152	2.85e-109	307
38P2R3A13_02770	38P2R3A13_02770	100.000	157	0	0	1	157	1	157	2.30e-113	318
38P2R3A13_02770	56P2R2A4_01584	99.194	124	1	0	34	157	1	124	8.77e-88	252
38P2R3A13_02771	38P2R3A13_02771	100.000	444	0	0	1	444	1	444	0.0	905
38P2R3A13_02773	38P2R3A13_02773	100.000	310	0	0	1	310	1	310	0.0	631
38P2R3A13_02773	18P3R3A11_03013	96.129	310	12	0	1	310	1	310	0.0	611
38P2R3A13_02773	38P2R3A13_07239	95.806	310	13	0	1	310	1	310	0.0	573
38P2R3A13_02774	38P2R3A13_02774	100.000	251	0	0	1	251	1	251	0.0	519
38P2R3A13_02774	18P3R3A11_03012	96.414	251	9	0	1	251	1	251	0.0	506
38P2R3A13_02775	38P2R3A13_02775	100.000	441	0	0	1	441	1	441	0.0	896
38P2R3A13_02775	38P2R3A13_07241	96.163	443	15	1	1	441	1	443	0.0	868
38P2R3A13_02776	38P2R3A13_02776	100.000	95	0	0	1	95	1	95	4.84e-65	191
38P2R3A13_02778	38P2R3A13_02778	100.000	716	0	0	1	716	1	716	0.0	1457
38P2R3A13_02778	18P3R3A11_03008	95.391	716	33	0	1	716	1	716	0.0	1373
38P2R3A13_02779	38P2R3A13_02779	100.000	162	0	0	1	162	1	162	2.95e-118	330
38P2R3A13_02779	18P3R3A11_03007	97.531	162	4	0	1	162	1	162	7.21e-116	324
38P2R3A13_02779	38P2R3A13_08672	97.531	162	4	0	1	162	1	162	8.32e-116	324
38P2R3A13_02779	56P2R2A4_01593	100.000	157	0	0	6	162	1	157	2.85e-114	320
38P2R3A13_02779	37P2R3-2A1_01905	96.815	157	5	0	6	162	1	157	3.78e-111	312
38P2R3A13_02784	38P2R3A13_02784	100.000	270	0	0	1	270	1	270	0.0	530
38P2R3A13_02784	18P3R3A11_03002	97.037	270	8	0	1	270	1	270	0.0	517
38P2R3A13_02785	38P2R3A13_02785	100.000	182	0	0	1	182	1	182	1.03e-136	379
38P2R3A13_02785	18P3R3A11_03001	97.802	182	4	0	1	182	1	182	2.01e-133	370
38P2R3A13_02785	38P2R3A13_08193	95.055	182	9	0	1	182	1	182	1.47e-129	360
38P2R3A13_02786	38P2R3A13_02786	100.000	92	0	0	1	92	1	92	1.68e-61	181
38P2R3A13_02786	18P3R3A11_03000	97.778	90	2	0	1	90	1	90	2.85e-59	176
38P2R3A13_02786	56P2R2A4_01600	96.739	92	3	0	1	92	1	92	5.11e-59	175
38P2R3A13_02787	38P2R3A13_02787	100.000	666	0	0	1	666	1	666	0.0	1375
38P2R3A13_02788	38P2R3A13_02788	100.000	406	0	0	1	406	1	406	0.0	831
38P2R3A13_02788	18P3R3A11_02998	97.537	406	10	0	1	406	1	406	0.0	815
38P2R3A13_02788	47P2R3A6_00196	97.783	406	9	0	1	406	1	406	0.0	815
38P2R3A13_02789	38P2R3A13_02789	100.000	393	0	0	1	393	1	393	0.0	758
38P2R3A13_02789	38P2R3A13_07831	95.165	393	19	0	1	393	1	393	0.0	705
38P2R3A13_02790	38P2R3A13_02790	100.000	335	0	0	1	335	1	335	0.0	665
38P2R3A13_02791	38P2R3A13_02791	100.000	379	0	0	1	379	1	379	0.0	769
38P2R3A13_02791	18P3R3A11_02364	96.306	379	14	0	1	379	1	379	0.0	748
38P2R3A13_02793	38P2R3A13_02793	100.000	271	0	0	1	271	1	271	0.0	563
38P2R3A13_02793	18P3R3A11_02366	97.786	271	6	0	1	271	1	271	0.0	552
38P2R3A13_02793	38P2R3A13_07827	96.310	271	10	0	1	271	1	271	0.0	546
38P2R3A13_02796	38P2R3A13_02796	100.000	423	0	0	1	423	1	423	0.0	866
38P2R3A13_02796	47P2R3A6_00204	96.454	423	15	0	1	423	1	423	0.0	835
38P2R3A13_02796	18P3R3A11_02369	96.454	423	15	0	1	423	1	423	0.0	835
38P2R3A13_02796	38P2R3A13_08670	96.203	79	3	0	345	423	1	79	4.27e-49	161
38P2R3A13_02797	38P2R3A13_02797	100.000	229	0	0	1	229	1	229	5.85e-161	444
38P2R3A13_02797	18P3R3A11_02370	96.070	229	9	0	1	229	1	229	7.33e-155	429
38P2R3A13_02800	38P2R3A13_02800	100.000	220	0	0	1	220	1	220	4.58e-162	446
38P2R3A13_02800	38P2R3A13_06505	97.368	190	5	0	31	220	1	190	1.42e-135	378
38P2R3A13_02800	18P3R3A11_02373	95.263	190	9	0	31	220	1	190	6.37e-134	374
38P2R3A13_02801	38P2R3A13_02801	100.000	261	0	0	1	261	1	261	0.0	521
38P2R3A13_02801	18P3R3A11_02374	97.701	261	6	0	1	261	1	261	0.0	511
38P2R3A13_02803	38P2R3A13_02803	100.000	229	0	0	1	229	1	229	9.85e-165	453
38P2R3A13_02803	18P3R3A11_02376	97.817	229	5	0	1	229	1	229	2.87e-161	445
38P2R3A13_02804	38P2R3A13_02804	100.000	239	0	0	1	239	1	239	3.29e-175	481
38P2R3A13_02804	31P2R1A5_02964	97.908	239	5	0	1	239	1	239	8.77e-172	472
38P2R3A13_02806	38P2R3A13_02806	100.000	171	0	0	1	171	1	171	7.01e-126	350
38P2R3A13_02807	38P2R3A13_02807	100.000	298	0	0	1	298	1	298	0.0	606
38P2R3A13_02807	38P2R3A13_06498	97.651	298	7	0	1	298	1	298	0.0	593
38P2R3A13_02809	38P2R3A13_02809	100.000	210	0	0	1	210	1	210	6.47e-158	434
38P2R3A13_02809	18P3R3A11_02382	95.238	210	10	0	1	210	1	210	3.58e-151	417
38P2R3A13_02810	38P2R3A13_02810	100.000	215	0	0	1	215	1	215	4.97e-159	438
38P2R3A13_02810	56P2R2A4_01624	97.674	215	5	0	1	215	1	215	1.25e-155	429
38P2R3A13_02811	38P2R3A13_02811	100.000	184	0	0	1	184	1	184	1.21e-134	374
38P2R3A13_02812	38P2R3A13_02812	100.000	185	0	0	1	185	1	185	1.10e-136	379
38P2R3A13_02812	38P2R3A13_06493	97.838	185	4	0	1	185	1	185	2.21e-134	373
38P2R3A13_02812	18P3R3A11_02385	95.767	189	4	1	1	185	1	189	7.02e-132	367
38P2R3A13_02814	38P2R3A13_02814	100.000	148	0	0	1	148	1	148	4.93e-107	301
38P2R3A13_02814	56P2R2A4_01628	97.973	148	3	0	1	148	1	148	4.43e-105	296
38P2R3A13_02817	38P2R3A13_02817	100.000	277	0	0	1	277	1	277	0.0	570
38P2R3A13_02817	18P3R3A11_02390	97.473	277	7	0	1	277	1	277	0.0	561
38P2R3A13_02820	38P2R3A13_02820	100.000	401	0	0	1	401	1	401	0.0	825
38P2R3A13_02820	18P3R3A11_02393	97.756	401	9	0	1	401	1	401	0.0	808
38P2R3A13_02820	42P1R1A12_02442	96.758	401	13	0	1	401	1	401	0.0	804
38P2R3A13_02820	31P2R1A5_02974	96.259	401	15	0	1	401	1	401	0.0	798
38P2R3A13_02820	10P3R2A13_02712	95.761	401	17	0	1	401	1	401	0.0	798
38P2R3A13_02821	38P2R3A13_02821	100.000	152	0	0	1	152	1	152	4.55e-111	311
38P2R3A13_02821	18P3R3A11_02394	97.368	152	4	0	1	152	1	152	2.76e-109	307
38P2R3A13_02822	38P2R3A13_02822	100.000	165	0	0	1	165	1	165	2.65e-125	348
38P2R3A13_02822	18P3R3A11_02395	96.970	165	5	0	1	165	1	165	6.29e-122	340
38P2R3A13_02822	38P2R3A13_07863	95.758	165	7	0	1	165	1	165	8.67e-121	337
38P2R3A13_02823	38P2R3A13_02823	100.000	220	0	0	1	220	1	220	3.06e-160	441
38P2R3A13_02824	38P2R3A13_02824	100.000	611	0	0	1	611	1	611	0.0	1216
38P2R3A13_02824	18P3R3A11_02397	97.545	611	15	0	1	611	1	611	0.0	1199
38P2R3A13_02824	38P2R3A13_07865	96.727	611	20	0	1	611	1	611	0.0	1190
38P2R3A13_02826	38P2R3A13_02826	100.000	405	0	0	1	405	1	405	0.0	840
38P2R3A13_02826	31P2R1A5_02980	97.772	404	9	0	1	404	1	404	0.0	827
38P2R3A13_02826	42P1R1A12_02436	97.277	404	11	0	1	404	1	404	0.0	822
38P2R3A13_02826	10P3R2A13_02718	96.040	404	16	0	1	404	1	404	0.0	813
38P2R3A13_02827	38P2R3A13_02827	100.000	305	0	0	1	305	1	305	0.0	629
38P2R3A13_02827	47P2R3A6_00235	96.721	305	10	0	1	305	1	305	0.0	613
38P2R3A13_02827	18P3R3A11_02400	95.410	305	14	0	1	305	1	305	0.0	595
38P2R3A13_02827	38P2R3A13_08673	95.475	221	10	0	85	305	1	221	1.30e-159	444
38P2R3A13_02836	38P2R3A13_02836	100.000	185	0	0	1	185	1	185	6.67e-131	364
38P2R3A13_02836	18P3R3A11_02409	97.838	185	4	0	1	185	1	185	1.07e-127	356
38P2R3A13_02836	10P3R2A13_02729	95.135	185	9	0	1	185	1	185	8.67e-124	346
38P2R3A13_02842	38P2R3A13_02842	100.000	306	0	0	1	306	1	306	0.0	628
38P2R3A13_02842	56P2R2A4_01656	96.405	306	11	0	1	306	1	306	0.0	608
38P2R3A13_02843	38P2R3A13_02843	100.000	154	0	0	1	154	1	154	2.72e-114	320
38P2R3A13_02843	56P2R2A4_01657	97.403	154	4	0	1	154	1	154	1.36e-111	313
38P2R3A13_02844	38P2R3A13_02844	100.000	102	0	0	1	102	1	102	1.11e-70	205
38P2R3A13_02844	18P3R3A11_02417	97.059	102	3	0	1	102	1	102	1.07e-68	200
38P2R3A13_02844	38P2R3A13_05604	96.078	102	4	0	1	102	1	102	2.45e-67	197
38P2R3A13_02845	38P2R3A13_02845	100.000	432	0	0	1	432	1	432	0.0	876
38P2R3A13_02845	56P2R2A4_01659	97.685	432	10	0	1	432	1	432	0.0	857
38P2R3A13_02846	38P2R3A13_02846	100.000	557	0	0	1	557	1	557	0.0	1127
38P2R3A13_02847	38P2R3A13_02847	100.000	259	0	0	1	259	1	259	0.0	532
38P2R3A13_02847	56P2R2A4_01661	95.753	259	11	0	1	259	1	259	0.0	511
38P2R3A13_02849	38P2R3A13_02849	100.000	322	0	0	1	322	1	322	0.0	645
38P2R3A13_02849	56P2R2A4_01663	97.188	320	9	0	1	320	1	320	0.0	628
38P2R3A13_02850	38P2R3A13_02850	100.000	454	0	0	1	454	1	454	0.0	917
38P2R3A13_02851	38P2R3A13_02851	100.000	180	0	0	1	180	1	180	5.76e-128	357
38P2R3A13_02852	38P2R3A13_02852	100.000	400	0	0	1	400	1	400	0.0	810
38P2R3A13_02852	18P3R3A11_02430	96.000	400	16	0	1	400	1	400	0.0	775
38P2R3A13_02853	38P2R3A13_02853	100.000	397	0	0	1	397	1	397	0.0	826
38P2R3A13_02853	18P3R3A11_02431	97.733	397	9	0	1	397	1	397	0.0	811
38P2R3A13_02853	38P2R3A13_05618	97.733	397	9	0	1	397	1	397	0.0	810
38P2R3A13_02854	38P2R3A13_02854	100.000	406	0	0	1	406	1	406	0.0	825
38P2R3A13_02855	38P2R3A13_02855	100.000	543	0	0	1	543	1	543	0.0	1107
38P2R3A13_02855	18P3R3A11_02433	97.790	543	12	0	1	543	1	543	0.0	1083
38P2R3A13_02857	38P2R3A13_02857	100.000	353	0	0	1	353	1	353	0.0	732
38P2R3A13_02857	18P3R3A11_02435	95.739	352	15	0	1	352	1	352	0.0	685
38P2R3A13_02858	38P2R3A13_02858	100.000	85	0	0	1	85	1	85	1.38e-57	171
38P2R3A13_02858	38P2R3A13_05623	97.647	85	2	0	1	85	1	85	1.29e-56	169
38P2R3A13_02858	18P3R3A11_02436	96.471	85	3	0	1	85	1	85	6.65e-56	167
38P2R3A13_02858	37P2R3-2A1_01821	96.471	85	3	0	1	85	1	85	3.09e-55	165
38P2R3A13_02860	38P2R3A13_02860	100.000	778	0	0	1	778	1	778	0.0	1624
38P2R3A13_02860	18P3R3A11_02438	99.869	762	1	0	17	778	1	762	0.0	1590
38P2R3A13_02860	31P2R1A5_03019	95.013	762	38	0	17	778	1	762	0.0	1523
38P2R3A13_02860	10P3R2A13_02767	95.013	762	38	0	17	778	1	762	0.0	1518
38P2R3A13_02860	38P2R3A13_05625	97.278	551	15	0	228	778	1	551	0.0	1125
38P2R3A13_02863	38P2R3A13_02863	100.000	949	0	0	1	949	1	949	0.0	1957
38P2R3A13_02863	18P3R3A11_02441	95.047	949	47	0	1	949	1	949	0.0	1848
38P2R3A13_02863	38P2R3A13_07869	95.680	949	41	0	1	949	1	949	0.0	1829
38P2R3A13_02865	38P2R3A13_02865	100.000	891	0	0	1	891	1	891	0.0	1832
38P2R3A13_02865	47P2R3A6_00278	97.980	891	18	0	1	891	1	891	0.0	1801
38P2R3A13_02865	18P3R3A11_02443	95.398	891	41	0	1	891	1	891	0.0	1668
38P2R3A13_02866	38P2R3A13_02866	100.000	371	0	0	1	371	1	371	0.0	738
38P2R3A13_02867	38P2R3A13_02867	100.000	352	0	0	1	352	1	352	0.0	726
38P2R3A13_02867	38P2R3A13_07585	95.455	352	16	0	1	352	1	352	0.0	695
38P2R3A13_02868	38P2R3A13_02868	100.000	353	0	0	1	353	1	353	0.0	722
38P2R3A13_02868	56P2R2A4_01682	96.884	353	11	0	1	353	1	353	0.0	700
38P2R3A13_02869	38P2R3A13_02869	100.000	219	0	0	1	219	1	219	1.43e-163	450
38P2R3A13_02869	56P2R2A4_01683	97.260	219	6	0	1	219	1	219	2.11e-159	439
38P2R3A13_02870	38P2R3A13_02870	100.000	567	0	0	1	567	1	567	0.0	1147
38P2R3A13_02870	56P2R2A4_01684	97.884	567	12	0	1	567	1	567	0.0	1127
38P2R3A13_02870	52P2R3A10_01961	100.000	548	0	0	20	567	1	548	0.0	1105
38P2R3A13_02870	18P3R3A11_02448	97.080	548	16	0	20	567	1	548	0.0	1076
38P2R3A13_02871	38P2R3A13_02871	100.000	479	0	0	1	479	1	479	0.0	962
38P2R3A13_02871	18P3R3A11_02449	97.704	479	11	0	1	479	1	479	0.0	943
38P2R3A13_02872	38P2R3A13_02872	100.000	412	0	0	1	412	1	412	0.0	798
38P2R3A13_02872	56P2R2A4_01686	96.359	412	15	0	1	412	19	430	0.0	775
38P2R3A13_02872	18P3R3A11_02450	95.631	412	18	0	1	412	19	430	0.0	768
38P2R3A13_02874	38P2R3A13_02874	100.000	168	0	0	1	168	1	168	1.83e-124	347
38P2R3A13_02874	56P2R2A4_01688	97.619	168	4	0	1	168	1	168	6.92e-123	343
38P2R3A13_02875	38P2R3A13_02875	100.000	87	0	0	1	87	1	87	8.89e-58	172
38P2R3A13_02875	18P3R3A11_02453	97.701	87	2	0	1	87	1	87	9.53e-57	169
38P2R3A13_02876	38P2R3A13_02876	100.000	396	0	0	1	396	1	396	0.0	774
38P2R3A13_02878	38P2R3A13_02878	100.000	587	0	0	1	587	1	587	0.0	1207
38P2R3A13_02879	38P2R3A13_02879	100.000	76	0	0	1	76	1	76	9.15e-51	153
38P2R3A13_02879	18P3R3A11_02457	97.368	76	2	0	1	76	1	76	7.16e-49	148
38P2R3A13_02882	38P2R3A13_02882	100.000	587	0	0	1	587	1	587	0.0	1214
38P2R3A13_02882	38P2R3A13_07031	96.422	587	21	0	1	587	1	587	0.0	1178
38P2R3A13_02882	18P3R3A11_02460	95.911	587	24	0	1	587	1	587	0.0	1174
38P2R3A13_02883	38P2R3A13_02883	100.000	236	0	0	1	236	1	236	6.05e-177	485
38P2R3A13_02883	18P3R3A11_02461	97.034	236	7	0	1	236	1	236	8.11e-172	472
38P2R3A13_02883	47P2R3A6_00301	96.186	236	9	0	1	236	1	236	2.62e-171	471
38P2R3A13_02884	38P2R3A13_02884	100.000	399	0	0	1	399	1	399	0.0	789
38P2R3A13_02884	38P2R3A13_07033	96.241	399	15	0	1	399	1	399	0.0	763
38P2R3A13_02884	18P3R3A11_02462	95.238	399	19	0	1	399	1	399	0.0	731
38P2R3A13_02885	38P2R3A13_02885	100.000	115	0	0	1	115	1	115	2.71e-82	236
38P2R3A13_02885	18P3R3A11_02463	97.391	115	3	0	1	115	1	115	4.69e-79	228
38P2R3A13_02886	38P2R3A13_02886	100.000	530	0	0	1	530	1	530	0.0	1061
38P2R3A13_02887	38P2R3A13_02887	100.000	342	0	0	1	342	1	342	0.0	682
38P2R3A13_02887	18P3R3A11_02465	95.906	342	14	0	1	342	1	342	0.0	645
38P2R3A13_02887	38P2R3A13_07036	95.029	342	17	0	1	342	1	342	0.0	641
38P2R3A13_02888	38P2R3A13_02888	100.000	365	0	0	1	365	1	365	0.0	726
38P2R3A13_02888	18P3R3A11_02466	96.438	365	13	0	1	365	1	365	0.0	708
38P2R3A13_02888	38P2R3A13_07037	96.164	365	14	0	1	365	1	365	0.0	703
38P2R3A13_02889	38P2R3A13_02889	100.000	602	0	0	1	602	1	602	0.0	1233
38P2R3A13_02890	38P2R3A13_02890	100.000	519	0	0	1	519	1	519	0.0	1070
38P2R3A13_02891	38P2R3A13_02891	100.000	155	0	0	1	155	1	155	1.26e-114	321
38P2R3A13_02891	47P2R3A6_00309	99.355	155	1	0	1	155	36	190	3.78e-114	321
38P2R3A13_02891	18P3R3A11_02469	96.774	155	5	0	1	155	25	179	5.89e-111	312
38P2R3A13_02892	38P2R3A13_02892	100.000	43	0	0	1	43	1	43	2.65e-24	84.3
38P2R3A13_02893	38P2R3A13_02893	100.000	203	0	0	1	203	1	203	2.24e-149	412
38P2R3A13_02894	38P2R3A13_02894	100.000	303	0	0	1	303	1	303	0.0	606
38P2R3A13_02895	38P2R3A13_02895	100.000	117	0	0	1	117	1	117	8.64e-82	234
38P2R3A13_02895	56P2R2A4_03051	95.726	117	5	0	1	117	1	117	1.94e-79	229
38P2R3A13_02896	38P2R3A13_02896	100.000	208	0	0	1	208	1	208	2.02e-152	421
38P2R3A13_02897	38P2R3A13_02897	100.000	156	0	0	1	156	1	156	1.20e-114	321
38P2R3A13_02898	38P2R3A13_02898	100.000	53	0	0	1	53	1	53	1.76e-33	108
38P2R3A13_02899	38P2R3A13_02899	100.000	148	0	0	1	148	1	148	3.32e-102	289
38P2R3A13_02899	56P2R2A4_03047	96.622	148	5	0	1	148	1	148	1.32e-98	280
38P2R3A13_02900	38P2R3A13_02900	100.000	170	0	0	1	170	1	170	1.26e-123	345
38P2R3A13_02900	56P2R2A4_03046	97.647	170	4	0	1	170	1	170	5.82e-121	338
38P2R3A13_02901	38P2R3A13_02901	100.000	74	0	0	1	74	1	74	7.46e-50	150
38P2R3A13_02902	38P2R3A13_02902	100.000	68	0	0	1	68	1	68	6.69e-46	140
38P2R3A13_02903	38P2R3A13_02903	100.000	147	0	0	1	147	1	147	2.94e-103	291
38P2R3A13_02903	56P2R2A4_03043	95.918	147	6	0	1	147	1	147	1.29e-97	277
38P2R3A13_02904	38P2R3A13_02904	100.000	730	0	0	1	730	1	730	0.0	1505
38P2R3A13_02905	38P2R3A13_02905	100.000	74	0	0	1	74	1	74	1.16e-49	150
38P2R3A13_02906	38P2R3A13_02906	100.000	76	0	0	1	76	1	76	2.85e-49	149
38P2R3A13_02907	38P2R3A13_02907	100.000	113	0	0	1	113	1	113	7.15e-79	227
38P2R3A13_02908	38P2R3A13_02908	100.000	192	0	0	1	192	1	192	6.04e-142	393
38P2R3A13_02908	56P2R2A4_03038	96.354	192	7	0	1	192	1	192	6.71e-138	382
38P2R3A13_02909	38P2R3A13_02909	100.000	540	0	0	1	540	1	540	0.0	1105
38P2R3A13_02910	38P2R3A13_02910	100.000	298	0	0	1	298	1	298	0.0	598
38P2R3A13_02911	38P2R3A13_02911	100.000	176	0	0	1	176	1	176	5.20e-126	351
38P2R3A13_02912	38P2R3A13_02912	100.000	170	0	0	1	170	1	170	2.93e-124	346
38P2R3A13_02913	38P2R3A13_02913	100.000	189	0	0	1	189	1	189	1.02e-134	374
38P2R3A13_02914	38P2R3A13_02914	100.000	251	0	0	1	251	1	251	0.0	511
38P2R3A13_02915	38P2R3A13_02915	100.000	830	0	0	1	830	1	830	0.0	1708
38P2R3A13_02916	38P2R3A13_02916	100.000	145	0	0	1	145	1	145	2.53e-107	301
38P2R3A13_02917	38P2R3A13_02917	100.000	176	0	0	1	176	1	176	9.73e-125	348
38P2R3A13_02918	38P2R3A13_02918	100.000	227	0	0	1	227	1	227	4.06e-170	467
38P2R3A13_02919	38P2R3A13_02919	100.000	390	0	0	1	390	1	390	0.0	771
38P2R3A13_02919	18P3R3A11_03660	96.410	390	14	0	1	390	1	390	0.0	745
38P2R3A13_02920	38P2R3A13_02920	100.000	255	0	0	1	255	1	255	0.0	518
38P2R3A13_02920	56P2R2A4_03034	96.078	255	10	0	1	255	1	255	0.0	503
38P2R3A13_02921	38P2R3A13_02921	100.000	165	0	0	1	165	1	165	3.65e-120	335
38P2R3A13_02921	56P2R2A4_03033	97.576	165	4	0	1	165	1	165	1.99e-117	328
38P2R3A13_02921	18P3R3A11_03662	95.758	165	7	0	1	165	1	165	6.81e-116	325
38P2R3A13_02922	38P2R3A13_02922	100.000	520	0	0	1	520	1	520	0.0	1042
38P2R3A13_02923	38P2R3A13_02923	100.000	507	0	0	1	507	1	507	0.0	1034
38P2R3A13_02923	38P2R3A13_06973	95.858	507	21	0	1	507	1	507	0.0	981
38P2R3A13_02925	38P2R3A13_02925	100.000	201	0	0	1	201	1	201	1.22e-147	408
38P2R3A13_02925	18P3R3A11_03667	96.517	201	7	0	1	201	1	201	6.16e-142	394
38P2R3A13_02926	38P2R3A13_02926	100.000	230	0	0	1	230	1	230	5.29e-170	467
38P2R3A13_02926	56P2R2A4_03028	97.368	228	6	0	1	228	1	228	3.66e-165	454
38P2R3A13_02927	38P2R3A13_02927	100.000	98	0	0	1	98	1	98	1.10e-68	200
38P2R3A13_02927	18P3R3A11_03670	96.939	98	3	0	1	98	1	98	6.83e-67	196
38P2R3A13_02927	38P2R3A13_06581	95.833	96	4	0	1	96	1	96	9.12e-66	192
38P2R3A13_02931	38P2R3A13_02931	100.000	344	0	0	1	344	1	344	0.0	664
38P2R3A13_02931	56P2R2A4_03022	97.093	344	10	0	1	344	1	344	0.0	650
38P2R3A13_02931	18P3R3A11_03674	96.512	344	12	0	1	344	1	344	0.0	645
38P2R3A13_02932	38P2R3A13_02932	100.000	496	0	0	1	496	1	496	0.0	996
38P2R3A13_02932	56P2R2A4_03021	97.379	496	13	0	1	496	1	496	0.0	974
38P2R3A13_02932	18P3R3A11_03675	96.976	496	15	0	1	496	1	496	0.0	970
38P2R3A13_02934	38P2R3A13_02934	100.000	532	0	0	1	532	1	532	0.0	1094
38P2R3A13_02934	38P2R3A13_06588	96.205	527	19	1	1	527	1	526	0.0	1048
38P2R3A13_02939	38P2R3A13_02939	100.000	323	0	0	1	323	1	323	0.0	638
38P2R3A13_02939	18P3R3A11_04122	97.188	320	9	0	1	320	1	320	0.0	622
38P2R3A13_02941	38P2R3A13_02941	100.000	496	0	0	1	496	1	496	0.0	1030
38P2R3A13_02941	38P2R3A13_07700	95.968	496	20	0	1	496	1	496	0.0	996
38P2R3A13_02941	18P3R3A11_04124	95.363	496	23	0	1	496	1	496	0.0	982
38P2R3A13_02944	38P2R3A13_02944	100.000	259	0	0	1	259	1	259	0.0	537
38P2R3A13_02944	18P3R3A11_04127	97.297	259	7	0	1	259	1	259	0.0	521
38P2R3A13_02945	38P2R3A13_02945	100.000	221	0	0	1	221	1	221	3.54e-159	439
38P2R3A13_02945	18P3R3A11_04128	96.833	221	7	0	1	221	1	221	1.19e-155	430
38P2R3A13_02946	38P2R3A13_02946	100.000	128	0	0	1	128	1	128	1.59e-89	255
38P2R3A13_02947	38P2R3A13_02947	100.000	123	0	0	1	123	1	123	5.40e-84	241
38P2R3A13_02947	56P2R2A4_03005	97.561	123	3	0	1	123	1	123	3.03e-82	236
38P2R3A13_02947	47P2R3A6_01497	96.748	123	4	0	1	123	1	123	1.00e-80	233
38P2R3A13_02947	38P2R3A13_08414	96.721	122	4	0	1	122	1	122	6.25e-80	231
38P2R3A13_02947	18P3R3A11_04130	95.122	123	6	0	1	123	1	123	1.96e-69	204
38P2R3A13_02948	38P2R3A13_02948	100.000	102	0	0	1	102	1	102	4.28e-68	199
38P2R3A13_02948	38P2R3A13_08413	97.059	102	3	0	1	102	1	102	3.81e-66	194
38P2R3A13_02948	18P3R3A11_04131	97.059	102	3	0	1	102	1	102	1.45e-65	192
38P2R3A13_02949	38P2R3A13_02949	100.000	131	0	0	1	131	1	131	4.77e-91	259
38P2R3A13_02949	18P3R3A11_04132	97.692	130	3	0	1	130	1	130	9.56e-90	256
38P2R3A13_02950	38P2R3A13_02950	100.000	99	0	0	1	99	1	99	2.39e-65	192
38P2R3A13_02950	38P2R3A13_08411	95.960	99	4	0	1	99	1	99	1.65e-63	187
38P2R3A13_02950	18P3R3A11_04133	95.960	99	4	0	1	99	1	99	1.04e-62	185
38P2R3A13_02951	38P2R3A13_02951	100.000	131	0	0	1	131	1	131	1.36e-89	255
38P2R3A13_02951	47P2R3A6_01493	96.947	131	4	0	1	131	1	131	4.70e-88	251
38P2R3A13_02951	18P3R3A11_04134	96.947	131	4	0	1	131	1	131	5.92e-88	251
38P2R3A13_02952	38P2R3A13_02952	100.000	329	0	0	1	329	1	329	0.0	682
38P2R3A13_02952	47P2R3A6_01492	97.872	329	7	0	1	329	1	329	0.0	672
38P2R3A13_02952	18P3R3A11_04135	97.568	329	8	0	1	329	1	329	0.0	669
38P2R3A13_02953	38P2R3A13_02953	100.000	122	0	0	1	122	1	122	5.41e-84	241
38P2R3A13_02953	56P2R2A4_02999	97.541	122	3	0	1	122	1	122	8.25e-82	235
38P2R3A13_02953	38P2R3A13_06904	95.082	122	6	0	1	122	1	122	3.80e-75	218
38P2R3A13_02956	38P2R3A13_02956	100.000	137	0	0	1	137	1	137	4.98e-100	282
38P2R3A13_02956	18P3R3A11_04143	97.080	137	4	0	1	137	1	137	1.34e-97	276
38P2R3A13_02958	38P2R3A13_02958	100.000	403	0	0	1	403	1	403	0.0	819
38P2R3A13_02958	18P3R3A11_04145	97.767	403	9	0	1	403	1	403	0.0	804
38P2R3A13_02962	38P2R3A13_02962	100.000	177	0	0	1	177	1	177	1.24e-128	358
38P2R3A13_02962	56P2R2A4_02990	97.740	177	4	0	1	177	1	177	3.67e-124	347
38P2R3A13_02962	37P2R3-2A1_03383	99.296	142	1	0	30	171	16	157	1.23e-99	285
38P2R3A13_02963	38P2R3A13_02963	100.000	297	0	0	1	297	1	297	0.0	591
38P2R3A13_02963	38P2R3A13_06443	97.306	297	8	0	1	297	1	297	0.0	578
38P2R3A13_02963	31P2R1A5_03549	95.286	297	14	0	1	297	1	297	0.0	571
38P2R3A13_02963	18P3R3A11_04150	96.296	297	11	0	1	297	1	297	0.0	570
38P2R3A13_02963	34P3R2A10_04410	97.561	82	2	0	216	297	1	82	9.26e-53	167
38P2R3A13_02964	38P2R3A13_02964	100.000	257	0	0	1	257	1	257	0.0	523
38P2R3A13_02964	18P3R3A11_04151	96.887	257	8	0	1	257	1	257	0.0	509
38P2R3A13_02964	38P2R3A13_06442	96.109	257	10	0	1	257	1	257	0.0	504
38P2R3A13_02965	38P2R3A13_02965	100.000	524	0	0	1	524	1	524	0.0	1071
38P2R3A13_02965	18P3R3A11_04153	96.947	524	16	0	1	524	1	524	0.0	1045
38P2R3A13_02965	38P2R3A13_06439	95.992	524	21	0	1	524	1	524	0.0	1039
38P2R3A13_02965	34P3R2A10_04488	96.000	200	8	0	325	524	1	200	3.67e-139	400
38P2R3A13_02966	38P2R3A13_02966	100.000	268	0	0	1	268	1	268	0.0	542
38P2R3A13_02966	38P2R3A13_06438	96.255	267	10	0	1	267	1	267	0.0	526
38P2R3A13_02967	38P2R3A13_02967	100.000	449	0	0	1	449	1	449	0.0	931
38P2R3A13_02968	38P2R3A13_02968	100.000	158	0	0	1	158	1	158	4.49e-114	320
38P2R3A13_02968	38P2R3A13_06436	97.468	158	4	0	1	158	1	158	1.25e-111	313
38P2R3A13_02969	38P2R3A13_02969	100.000	260	0	0	1	260	1	260	0.0	508
38P2R3A13_02969	38P2R3A13_06435	97.308	260	7	0	1	260	1	260	0.0	497
38P2R3A13_02969	42P1R1A12_04149	96.154	260	10	0	1	260	1	260	1.01e-178	491
38P2R3A13_02970	38P2R3A13_02970	100.000	293	0	0	1	293	1	293	0.0	594
38P2R3A13_02970	42P1R1A12_04148	96.587	293	10	0	1	293	1	293	0.0	577
38P2R3A13_02970	51P2R2A10_02098	96.246	293	11	0	1	293	1	293	0.0	575
38P2R3A13_02970	10P3R2A13_00121	95.904	293	12	0	1	293	1	293	0.0	575
38P2R3A13_02971	38P2R3A13_02971	100.000	145	0	0	1	145	1	145	7.05e-101	285
38P2R3A13_02971	38P2R3A13_06433	97.241	145	4	0	1	145	1	145	6.35e-98	278
38P2R3A13_02972	38P2R3A13_02972	100.000	378	0	0	1	378	1	378	0.0	760
38P2R3A13_02973	38P2R3A13_02973	100.000	383	0	0	1	383	1	383	0.0	789
38P2R3A13_02974	38P2R3A13_02974	100.000	291	0	0	1	291	1	291	0.0	600
38P2R3A13_02975	38P2R3A13_02975	100.000	524	0	0	1	524	1	524	0.0	1045
38P2R3A13_02975	38P2R3A13_06429	97.328	524	14	0	1	524	1	524	0.0	1023
38P2R3A13_02975	16_1P2R1A8-1_04434	97.005	434	13	0	91	524	12	445	0.0	845
38P2R3A13_02976	38P2R3A13_02976	100.000	391	0	0	1	391	1	391	0.0	824
38P2R3A13_02977	38P2R3A13_02977	100.000	630	0	0	1	630	1	630	0.0	1295
38P2R3A13_02979	38P2R3A13_02979	100.000	726	0	0	1	726	1	726	0.0	1452
38P2R3A13_02980	38P2R3A13_02980	100.000	132	0	0	1	132	1	132	3.11e-94	267
38P2R3A13_02980	18P3R3A11_02621	97.727	132	3	0	1	132	1	132	6.18e-92	261
38P2R3A13_02980	38P2R3A13_08433	95.455	132	6	0	1	132	1	132	6.54e-91	259
38P2R3A13_02982	38P2R3A13_02982	100.000	192	0	0	1	192	1	192	1.56e-137	382
38P2R3A13_02982	18P3R3A11_02623	97.917	192	4	0	1	192	1	192	6.97e-135	375
38P2R3A13_02983	38P2R3A13_02983	100.000	346	0	0	1	346	1	346	0.0	679
38P2R3A13_02983	18P3R3A11_02624	97.110	346	10	0	1	346	1	346	0.0	657
38P2R3A13_02984	38P2R3A13_02984	100.000	215	0	0	1	215	1	215	1.38e-159	439
38P2R3A13_02984	18P3R3A11_02625	95.814	215	9	0	1	215	1	215	5.48e-152	420
38P2R3A13_02986	38P2R3A13_02986	100.000	145	0	0	1	145	1	145	1.34e-107	302
38P2R3A13_02986	18P3R3A11_02627	95.862	145	6	0	1	145	1	145	1.60e-102	289
38P2R3A13_02988	38P2R3A13_02988	100.000	168	0	0	1	168	1	168	2.06e-120	336
38P2R3A13_02988	18P3R3A11_02629	96.429	168	6	0	1	168	1	168	5.75e-117	328
38P2R3A13_02988	38P2R3A13_07340	95.238	168	8	0	1	168	1	168	7.11e-114	320
38P2R3A13_02989	38P2R3A13_02989	100.000	175	0	0	1	175	1	175	7.31e-126	351
38P2R3A13_02989	18P3R3A11_02630	96.571	175	6	0	1	175	1	175	1.29e-121	340
38P2R3A13_02989	56P2R2A4_02975	98.125	160	3	0	16	175	1	160	2.70e-112	316
38P2R3A13_02996	38P2R3A13_02996	100.000	713	0	0	1	713	1	713	0.0	1439
38P2R3A13_02996	42P1R1A12_04124	96.634	713	24	0	1	713	1	713	0.0	1395
38P2R3A13_02996	10P3R2A13_00152	96.333	709	26	0	1	709	1	709	0.0	1387
38P2R3A13_02996	43P2R2A2_04048	97.688	173	4	0	537	709	1	173	1.24e-110	332
38P2R3A13_02997	38P2R3A13_02997	100.000	30	0	0	1	30	1	30	1.15e-14	58.9
38P2R3A13_02997	47P2R3A6_01443	96.667	30	1	0	1	30	1	30	1.06e-13	56.6
38P2R3A13_02999	38P2R3A13_02999	100.000	317	0	0	1	317	1	317	0.0	644
38P2R3A13_02999	18P3R3A11_02640	97.476	317	8	0	1	317	1	317	0.0	631
38P2R3A13_02999	37P2R3-2A1_03418	96.215	317	12	0	1	317	1	317	0.0	622
38P2R3A13_02999	38P2R3A13_08592	95.899	317	13	0	1	317	1	317	0.0	620
38P2R3A13_03014	38P2R3A13_03014	100.000	478	0	0	1	478	1	478	0.0	984
38P2R3A13_03014	38P2R3A13_08082	97.490	478	12	0	1	478	1	478	0.0	966
38P2R3A13_03014	18P3R3A11_02655	96.989	465	14	0	14	478	1	465	0.0	935
38P2R3A13_03015	38P2R3A13_03015	100.000	221	0	0	1	221	1	221	2.55e-159	439
38P2R3A13_03015	18P3R3A11_02656	95.475	221	10	0	1	221	1	221	1.70e-145	404
38P2R3A13_03015	38P2R3A13_08081	95.928	221	9	0	1	221	1	221	1.03e-144	402
38P2R3A13_03016	38P2R3A13_03016	100.000	348	0	0	1	348	1	348	0.0	701
38P2R3A13_03021	38P2R3A13_03021	100.000	324	0	0	1	324	1	324	0.0	661
38P2R3A13_03021	18P3R3A11_02662	97.222	324	9	0	1	324	1	324	0.0	646
38P2R3A13_03021	38P2R3A13_08343	97.222	324	9	0	1	324	1	324	0.0	645
38P2R3A13_03022	38P2R3A13_03022	100.000	96	0	0	1	96	1	96	1.68e-66	194
38P2R3A13_03022	38P2R3A13_08342	96.875	96	3	0	1	96	1	96	3.75e-65	191
38P2R3A13_03024	38P2R3A13_03024	100.000	85	0	0	1	85	1	85	2.11e-60	178
38P2R3A13_03024	42P1R1A12_04098	95.294	85	4	0	1	85	1	85	3.53e-58	172
38P2R3A13_03024	31P2R1A5_03598	95.294	85	4	0	1	85	1	85	6.18e-58	172
38P2R3A13_03024	18P3R3A11_02665	96.000	75	3	0	11	85	1	75	6.28e-51	154
38P2R3A13_03025	38P2R3A13_03025	100.000	98	0	0	1	98	1	98	1.35e-66	195
38P2R3A13_03026	38P2R3A13_03026	100.000	212	0	0	1	212	1	212	2.26e-158	436
38P2R3A13_03026	18P3R3A11_02667	97.642	212	5	0	1	212	1	212	1.81e-153	424
38P2R3A13_03027	38P2R3A13_03027	100.000	183	0	0	1	183	1	183	1.20e-134	374
38P2R3A13_03027	18P3R3A11_02668	97.814	183	4	0	1	183	1	183	1.89e-131	365
38P2R3A13_03027	38P2R3A13_08272	96.175	183	7	0	1	183	1	183	7.07e-129	359
38P2R3A13_03030	38P2R3A13_03030	100.000	326	0	0	1	326	1	326	0.0	632
38P2R3A13_03032	38P2R3A13_03032	100.000	189	0	0	1	189	1	189	2.37e-137	381
38P2R3A13_03032	47P2R3A6_01408	97.884	189	4	0	1	189	1	189	6.32e-135	375
38P2R3A13_03033	38P2R3A13_03033	100.000	192	0	0	1	192	1	192	7.35e-142	392
38P2R3A13_03033	18P3R3A11_02674	96.354	192	7	0	1	192	1	192	4.78e-137	380
38P2R3A13_03033	38P2R3A13_08612	100.000	85	0	0	108	192	1	85	2.79e-56	172
38P2R3A13_03034	38P2R3A13_03034	100.000	185	0	0	1	185	1	185	4.92e-135	375
38P2R3A13_03034	18P3R3A11_02675	96.757	185	6	0	1	185	1	185	1.09e-131	366
38P2R3A13_03035	38P2R3A13_03035	100.000	242	0	0	1	242	1	242	7.48e-177	485
38P2R3A13_03035	18P3R3A11_02676	97.934	242	5	0	1	242	1	242	3.19e-173	476
38P2R3A13_03035	38P2R3A13_08614	97.521	242	6	0	1	242	1	242	3.94e-173	476
38P2R3A13_03035	42P1R1A12_04087	96.281	242	9	0	1	242	1	242	1.81e-170	469
38P2R3A13_03037	38P2R3A13_03037	100.000	96	0	0	1	96	1	96	4.08e-66	193
38P2R3A13_03037	47P2R3A6_01403	97.917	96	2	0	1	96	1	96	5.15e-65	191
38P2R3A13_03037	18P3R3A11_02678	95.833	96	4	0	1	96	1	96	1.60e-63	187
38P2R3A13_03039	38P2R3A13_03039	100.000	285	0	0	1	285	1	285	0.0	583
38P2R3A13_03039	18P3R3A11_02680	97.895	285	6	0	1	285	1	285	0.0	573
38P2R3A13_03039	10P3R2A13_00193	98.233	283	5	0	1	283	1	283	0.0	571
38P2R3A13_03039	42P1R1A12_04083	96.491	285	10	0	1	285	1	285	0.0	564
38P2R3A13_03039	38P2R3A13_07833	100.000	54	0	0	232	285	1	54	7.91e-32	112
38P2R3A13_03041	38P2R3A13_03041	100.000	242	0	0	1	242	1	242	1.57e-178	489
38P2R3A13_03042	38P2R3A13_03042	100.000	219	0	0	1	219	1	219	7.78e-160	440
38P2R3A13_03042	56P2R2A4_02922	97.717	219	5	0	1	219	1	219	3.55e-156	431
38P2R3A13_03043	38P2R3A13_03043	100.000	778	0	0	1	778	1	778	0.0	1590
38P2R3A13_03043	18P3R3A11_02684	97.943	778	16	0	1	778	1	778	0.0	1562
38P2R3A13_03044	38P2R3A13_03044	100.000	361	0	0	1	361	1	361	0.0	726
38P2R3A13_03044	18P3R3A11_02685	95.291	361	17	0	1	361	1	361	0.0	665
38P2R3A13_03045	38P2R3A13_03045	100.000	367	0	0	1	367	1	367	0.0	743
38P2R3A13_03049	38P2R3A13_03049	100.000	534	0	0	1	534	1	534	0.0	1113
38P2R3A13_03049	18P3R3A11_04077	97.940	534	11	0	1	534	1	534	0.0	1094
38P2R3A13_03049	38P2R3A13_06636	96.255	534	20	0	1	534	1	534	0.0	1083
38P2R3A13_03051	38P2R3A13_03051	100.000	584	0	0	1	584	1	584	0.0	1211
38P2R3A13_03051	37P2R3-2A1_04408	98.432	574	9	0	1	574	1	574	0.0	1174
38P2R3A13_03051	38P2R3A13_06634	96.341	574	21	0	1	574	1	574	0.0	1154
38P2R3A13_03055	38P2R3A13_03055	100.000	117	0	0	1	117	1	117	1.59e-83	239
38P2R3A13_03056	38P2R3A13_03056	100.000	113	0	0	1	113	1	113	5.42e-80	230
38P2R3A13_03058	38P2R3A13_03058	100.000	91	0	0	1	91	1	91	2.73e-61	181
38P2R3A13_03059	38P2R3A13_03059	100.000	315	0	0	1	315	1	315	0.0	617
38P2R3A13_03059	18P3R3A11_04087	97.778	315	7	0	1	315	1	315	0.0	607
38P2R3A13_03059	38P2R3A13_06628	96.508	315	11	0	1	315	1	315	0.0	595
38P2R3A13_03063	38P2R3A13_03063	100.000	213	0	0	1	213	1	213	5.72e-160	440
38P2R3A13_03064	38P2R3A13_03064	100.000	246	0	0	1	246	1	246	0.0	502
38P2R3A13_03065	38P2R3A13_03065	100.000	699	0	0	1	699	1	699	0.0	1451
38P2R3A13_03065	18P3R3A11_04093	97.139	699	20	0	1	699	1	699	0.0	1426
38P2R3A13_03065	38P2R3A13_07316	96.853	699	22	0	1	699	1	699	0.0	1419
38P2R3A13_03068	38P2R3A13_03068	100.000	515	0	0	1	515	1	515	0.0	1042
38P2R3A13_03068	18P3R3A11_04096	97.282	515	14	0	1	515	1	515	0.0	1017
38P2R3A13_03068	38P2R3A13_07321	96.505	515	18	0	1	515	1	515	0.0	1010
38P2R3A13_03071	38P2R3A13_03071	100.000	452	0	0	1	452	1	452	0.0	929
38P2R3A13_03072	38P2R3A13_03072	100.000	318	0	0	1	318	1	318	0.0	632
38P2R3A13_03073	38P2R3A13_03073	100.000	166	0	0	1	166	1	166	1.01e-116	327
38P2R3A13_03073	18P3R3A11_04103	96.386	166	6	0	1	166	1	166	3.21e-113	318
38P2R3A13_03073	38P2R3A13_07796	95.783	166	7	0	1	166	1	166	1.20e-111	314
38P2R3A13_03074	38P2R3A13_03074	100.000	290	0	0	1	290	1	290	0.0	579
38P2R3A13_03074	18P3R3A11_04104	96.207	290	11	0	1	290	1	290	0.0	563
38P2R3A13_03075	38P2R3A13_03075	100.000	724	0	0	1	724	1	724	0.0	1441
38P2R3A13_03075	56P2R2A4_03750	97.238	724	20	0	1	724	1	724	0.0	1404
38P2R3A13_03075	18P3R3A11_01824	95.112	716	35	0	1	716	1	716	0.0	1332
38P2R3A13_03076	38P2R3A13_03076	100.000	209	0	0	1	209	1	209	1.16e-147	409
38P2R3A13_03076	38P2R3A13_05236	97.608	209	5	0	1	209	1	209	7.37e-145	402
38P2R3A13_03076	18P3R3A11_01825	97.129	209	6	0	1	209	1	209	3.21e-144	400
38P2R3A13_03077	38P2R3A13_03077	100.000	120	0	0	1	120	1	120	1.81e-85	244
38P2R3A13_03077	56P2R2A4_03748	96.667	120	4	0	1	120	1	120	5.82e-83	238
38P2R3A13_03084	38P2R3A13_03084	100.000	422	0	0	1	422	1	422	0.0	868
38P2R3A13_03084	18P3R3A11_01833	96.209	422	16	0	1	422	1	422	0.0	845
38P2R3A13_03084	38P2R3A13_08279	96.209	422	16	0	1	422	1	422	0.0	835
38P2R3A13_03086	38P2R3A13_03086	100.000	130	0	0	1	130	1	130	9.81e-93	263
38P2R3A13_03086	47P2R3A6_03905	97.656	128	3	0	1	128	1	128	9.87e-91	258
38P2R3A13_03086	18P3R3A11_01835	96.063	127	5	0	1	127	1	127	2.58e-87	249
38P2R3A13_03086	38P2R3A13_08281	97.500	120	3	0	9	128	1	120	7.67e-85	243
38P2R3A13_03087	38P2R3A13_03087	100.000	370	0	0	1	370	1	370	0.0	756
38P2R3A13_03087	38P2R3A13_07961	96.486	370	13	0	1	370	1	370	0.0	737
38P2R3A13_03087	18P3R3A11_01836	97.027	370	11	0	1	370	1	370	0.0	737
38P2R3A13_03096	38P2R3A13_03096	100.000	249	0	0	1	249	1	249	0.0	505
38P2R3A13_03096	18P3R3A11_01845	96.386	249	9	0	1	249	1	249	5.76e-178	489
38P2R3A13_03097	38P2R3A13_03097	100.000	126	0	0	1	126	1	126	1.68e-81	234
38P2R3A13_03097	56P2R2A4_03728	96.825	126	4	0	1	126	1	126	5.18e-79	228
38P2R3A13_03098	38P2R3A13_03098	100.000	582	0	0	1	582	1	582	0.0	1188
38P2R3A13_03098	18P3R3A11_01847	97.595	582	14	0	1	582	1	582	0.0	1165
38P2R3A13_03098	38P2R3A13_07518	96.735	582	19	0	1	582	1	582	0.0	1154
38P2R3A13_03099	38P2R3A13_03099	100.000	163	0	0	1	163	1	163	2.54e-121	338
38P2R3A13_03100	38P2R3A13_03100	100.000	346	0	0	1	346	1	346	0.0	716
38P2R3A13_03100	56P2R2A4_03725	97.399	346	9	0	1	346	1	346	0.0	703
38P2R3A13_03105	38P2R3A13_03105	100.000	807	0	0	1	807	1	807	0.0	1661
38P2R3A13_03105	18P3R3A11_04105	97.646	807	19	0	1	807	1	807	0.0	1634
38P2R3A13_03106	38P2R3A13_03106	100.000	123	0	0	1	123	1	123	6.24e-83	238
38P2R3A13_03106	18P3R3A11_04106	95.935	123	5	0	1	123	1	123	4.52e-75	218
38P2R3A13_03108	38P2R3A13_03108	100.000	446	0	0	1	446	1	446	0.0	867
38P2R3A13_03108	56P2R2A4_03717	97.982	446	9	0	1	446	1	446	0.0	850
38P2R3A13_03108	18P3R3A11_04108	95.067	446	22	0	1	446	1	446	0.0	795
38P2R3A13_03109	38P2R3A13_03109	100.000	71	0	0	1	71	1	71	7.16e-46	140
38P2R3A13_03109	18P3R3A11_04109	97.183	71	2	0	1	71	1	71	1.09e-44	137
38P2R3A13_03110	38P2R3A13_03110	100.000	171	0	0	1	171	1	171	2.98e-126	351
38P2R3A13_03110	38P2R3A13_07680	97.076	171	5	0	1	171	1	171	5.19e-123	343
38P2R3A13_03110	18P3R3A11_04110	97.076	171	5	0	1	171	1	171	2.14e-122	342
38P2R3A13_03111	38P2R3A13_03111	100.000	163	0	0	1	163	1	163	1.96e-120	336
38P2R3A13_03111	38P2R3A13_07679	95.706	163	7	0	1	163	1	163	9.99e-117	327
38P2R3A13_03112	38P2R3A13_03112	100.000	420	0	0	1	420	1	420	0.0	845
38P2R3A13_03112	38P2R3A13_07678	95.952	420	17	0	1	420	18	437	0.0	819
38P2R3A13_03114	38P2R3A13_03114	100.000	81	0	0	1	81	1	81	3.14e-50	152
38P2R3A13_03114	56P2R2A4_03711	98.765	81	1	0	1	81	18	98	9.07e-50	151
38P2R3A13_03115	38P2R3A13_03115	100.000	328	0	0	1	328	1	328	0.0	666
38P2R3A13_03115	18P3R3A11_04115	96.341	328	12	0	1	328	1	328	0.0	649
38P2R3A13_03115	38P2R3A13_07675	96.037	328	13	0	1	328	1	328	0.0	644
38P2R3A13_03117	38P2R3A13_03117	100.000	360	0	0	1	360	1	360	0.0	740
38P2R3A13_03117	38P2R3A13_07639	96.111	360	14	0	1	360	1	360	0.0	716
38P2R3A13_03117	18P3R3A11_04117	96.389	360	13	0	1	360	1	360	0.0	710
38P2R3A13_03118	38P2R3A13_03118	100.000	377	0	0	1	377	1	377	0.0	784
38P2R3A13_03119	38P2R3A13_03119	100.000	202	0	0	1	202	1	202	6.12e-152	419
38P2R3A13_03120	38P2R3A13_03120	100.000	97	0	0	1	97	1	97	3.89e-66	193
38P2R3A13_03121	38P2R3A13_03121	100.000	136	0	0	1	136	1	136	2.47e-96	273
38P2R3A13_03121	56P2R2A4_03704	97.059	136	4	0	1	136	1	136	3.68e-94	267
38P2R3A13_03122	38P2R3A13_03122	100.000	161	0	0	1	161	1	161	1.29e-119	334
38P2R3A13_03122	56P2R2A4_03703	95.652	161	7	0	1	161	1	161	6.22e-114	319
38P2R3A13_03123	38P2R3A13_03123	100.000	150	0	0	1	150	1	150	1.47e-106	300
38P2R3A13_03124	38P2R3A13_03124	100.000	201	0	0	1	201	1	201	1.71e-148	410
38P2R3A13_03125	38P2R3A13_03125	100.000	186	0	0	1	186	1	186	7.75e-138	382
38P2R3A13_03126	38P2R3A13_03126	100.000	398	0	0	1	398	1	398	0.0	814
38P2R3A13_03126	18P3R3A11_04118	97.990	398	8	0	1	398	1	398	0.0	798
38P2R3A13_03126	38P2R3A13_07636	95.729	398	17	0	1	398	1	398	0.0	788
38P2R3A13_03127	38P2R3A13_03127	100.000	238	0	0	1	238	1	238	1.88e-180	494
38P2R3A13_03127	38P2R3A13_07635	97.059	238	7	0	1	238	1	238	3.36e-176	483
38P2R3A13_03127	18P3R3A11_04570	96.639	238	8	0	1	238	1	238	8.46e-174	477
38P2R3A13_03128	38P2R3A13_03128	100.000	139	0	0	1	139	1	139	1.60e-100	284
38P2R3A13_03128	38P2R3A13_07634	96.403	139	5	0	1	139	1	139	2.73e-98	278
38P2R3A13_03133	38P2R3A13_03133	100.000	522	0	0	1	522	1	522	0.0	1093
38P2R3A13_03136	38P2R3A13_03136	100.000	224	0	0	1	224	1	224	4.22e-166	456
38P2R3A13_03138	38P2R3A13_03138	100.000	549	0	0	1	549	1	549	0.0	1080
38P2R3A13_03138	38P2R3A13_06647	97.814	549	12	0	1	549	1	549	0.0	1063
38P2R3A13_03138	18P3R3A11_04560	97.814	549	12	0	1	549	1	549	0.0	1063
38P2R3A13_03139	38P2R3A13_03139	100.000	296	0	0	1	296	1	296	0.0	603
38P2R3A13_03139	18P3R3A11_04559	96.575	292	10	0	1	292	1	292	0.0	578
38P2R3A13_03139	38P2R3A13_06648	95.890	292	12	0	1	292	1	292	0.0	575
38P2R3A13_03143	38P2R3A13_03143	100.000	105	0	0	1	105	1	105	4.74e-74	214
38P2R3A13_03144	38P2R3A13_03144	100.000	653	0	0	1	653	1	653	0.0	1355
38P2R3A13_03144	38P2R3A13_06653	97.856	653	14	0	1	653	1	653	0.0	1333
38P2R3A13_03144	18P3R3A11_04554	97.856	653	14	0	1	653	1	653	0.0	1332
38P2R3A13_03146	38P2R3A13_03146	100.000	225	0	0	1	225	1	225	3.87e-165	454
38P2R3A13_03146	18P3R3A11_04458	96.889	225	7	0	1	225	1	225	1.55e-159	440
38P2R3A13_03147	38P2R3A13_03147	100.000	51	0	0	1	51	1	51	7.24e-31	101
38P2R3A13_03148	38P2R3A13_03148	100.000	47	0	0	1	47	1	47	9.78e-28	93.2
38P2R3A13_03151	38P2R3A13_03151	100.000	244	0	0	1	244	1	244	5.86e-179	491
38P2R3A13_03152	38P2R3A13_03152	100.000	335	0	0	1	335	1	335	0.0	686
38P2R3A13_03152	18P3R3A11_04464	96.119	335	13	0	1	335	1	335	0.0	661
38P2R3A13_03154	38P2R3A13_03154	100.000	229	0	0	1	229	1	229	5.19e-175	479
38P2R3A13_03154	18P3R3A11_04466	97.380	229	6	0	1	229	1	229	5.77e-171	469
38P2R3A13_03158	38P2R3A13_03158	100.000	761	0	0	1	761	1	761	0.0	1542
38P2R3A13_03159	38P2R3A13_03159	100.000	108	0	0	1	108	1	108	1.80e-68	200
38P2R3A13_03159	18P3R3A11_04471	96.330	109	3	1	1	108	1	109	1.71e-64	190
38P2R3A13_03160	38P2R3A13_03160	100.000	253	0	0	1	253	1	253	0.0	525
38P2R3A13_03160	18P3R3A11_04472	95.652	253	11	0	1	253	1	253	0.0	506
38P2R3A13_03161	38P2R3A13_03161	100.000	145	0	0	1	145	1	145	5.05e-107	301
38P2R3A13_03161	56P2R2A4_04035	95.172	145	7	0	1	145	1	145	3.84e-102	288
38P2R3A13_03162	38P2R3A13_03162	100.000	183	0	0	1	183	1	183	1.48e-133	371
38P2R3A13_03162	56P2R2A4_04036	97.268	183	5	0	1	183	1	183	7.54e-130	362
38P2R3A13_03163	38P2R3A13_03163	100.000	379	0	0	1	379	1	379	0.0	779
38P2R3A13_03163	18P3R3A11_04475	97.361	379	10	0	1	379	1	379	0.0	762
38P2R3A13_03163	37P2R3-2A1_04067	97.098	379	11	0	1	379	1	379	0.0	762
38P2R3A13_03164	38P2R3A13_03164	100.000	227	0	0	1	227	1	227	1.70e-167	460
38P2R3A13_03164	37P2R3-2A1_04068	96.861	223	7	0	1	223	1	223	5.92e-160	441
38P2R3A13_03164	18P3R3A11_04476	96.035	227	9	0	1	227	1	227	9.39e-160	441
38P2R3A13_03165	38P2R3A13_03165	100.000	252	0	0	1	252	1	252	0.0	504
38P2R3A13_03165	38P2R3A13_05253	97.619	252	6	0	1	252	1	252	8.64e-179	491
38P2R3A13_03165	18P3R3A11_04477	96.429	252	9	0	1	252	1	252	5.83e-177	486
38P2R3A13_03165	25P2R1A13_01440	96.503	143	5	0	110	252	1	143	1.87e-94	273
38P2R3A13_03167	38P2R3A13_03167	100.000	355	0	0	1	355	1	355	0.0	718
38P2R3A13_03167	18P3R3A11_04479	97.183	355	10	0	1	355	1	355	0.0	705
38P2R3A13_03168	38P2R3A13_03168	100.000	195	0	0	1	195	1	195	9.48e-141	390
38P2R3A13_03168	18P3R3A11_04480	97.436	195	5	0	1	195	1	195	8.55e-137	380
38P2R3A13_03168	38P2R3A13_05250	96.410	195	7	0	1	195	1	195	1.48e-134	374
38P2R3A13_03169	38P2R3A13_03169	100.000	151	0	0	1	151	1	151	1.11e-108	305
38P2R3A13_03169	18P3R3A11_04481	95.364	151	7	0	1	151	1	151	1.13e-94	270
38P2R3A13_03172	38P2R3A13_03172	100.000	339	0	0	1	339	1	339	0.0	690
38P2R3A13_03172	38P2R3A13_05246	95.575	339	15	0	1	339	1	339	0.0	668
38P2R3A13_03174	38P2R3A13_03174	100.000	146	0	0	1	146	1	146	3.94e-109	306
38P2R3A13_03174	56P2R2A4_04048	97.241	145	4	0	1	145	1	145	1.98e-105	297
38P2R3A13_03175	38P2R3A13_03175	100.000	112	0	0	1	112	1	112	8.43e-80	229
38P2R3A13_03175	38P2R3A13_05243	97.321	112	3	0	1	112	1	112	4.06e-78	225
38P2R3A13_03175	27P2R2A12_03894	100.000	41	0	0	72	112	1	41	1.23e-22	82.8
38P2R3A13_03176	38P2R3A13_03176	100.000	782	0	0	1	782	1	782	0.0	1615
38P2R3A13_03177	38P2R3A13_03177	100.000	292	0	0	1	292	1	292	0.0	603
38P2R3A13_03178	38P2R3A13_03178	100.000	331	0	0	1	331	1	331	0.0	647
38P2R3A13_03178	18P3R3A11_04567	96.979	331	10	0	1	331	1	331	0.0	633
38P2R3A13_03179	38P2R3A13_03179	100.000	501	0	0	1	501	1	501	0.0	1014
38P2R3A13_03179	18P3R3A11_04568	97.804	501	11	0	1	501	1	501	0.0	1000
38P2R3A13_03180	38P2R3A13_03180	100.000	318	0	0	1	318	1	318	0.0	637
38P2R3A13_03181	38P2R3A13_03181	100.000	72	0	0	1	72	1	72	2.20e-48	147
38P2R3A13_03181	18P3R3A11_00003	95.833	72	3	0	1	72	1	72	2.03e-46	142
38P2R3A13_03182	38P2R3A13_03182	100.000	285	0	0	1	285	1	285	0.0	585
38P2R3A13_03183	38P2R3A13_03183	100.000	292	0	0	1	292	1	292	0.0	598
38P2R3A13_03184	38P2R3A13_03184	100.000	320	0	0	1	320	1	320	0.0	665
38P2R3A13_03185	38P2R3A13_03185	100.000	143	0	0	1	143	1	143	7.48e-105	295
38P2R3A13_03186	38P2R3A13_03186	100.000	302	0	0	1	302	1	302	0.0	618
38P2R3A13_03187	38P2R3A13_03187	100.000	250	0	0	1	250	1	250	1.46e-178	490
38P2R3A13_03187	38P2R3A13_00101	96.000	250	10	0	1	250	1	250	1.39e-172	475
38P2R3A13_03188	38P2R3A13_03188	100.000	310	0	0	1	310	1	310	0.0	632
38P2R3A13_03189	38P2R3A13_03189	100.000	329	0	0	1	329	1	329	0.0	674
38P2R3A13_03190	38P2R3A13_03190	100.000	299	0	0	1	299	1	299	0.0	592
38P2R3A13_03190	18P3R3A11_00011	95.286	297	14	0	1	297	1	297	0.0	565
38P2R3A13_03191	38P2R3A13_03191	100.000	341	0	0	1	341	1	341	0.0	670
38P2R3A13_03191	38P2R3A13_00105	97.361	341	9	0	1	341	1	341	0.0	658
38P2R3A13_03192	38P2R3A13_03192	100.000	511	0	0	1	511	1	511	0.0	1042
38P2R3A13_03192	38P2R3A13_00106	95.108	511	25	0	1	511	1	511	0.0	978
38P2R3A13_03193	38P2R3A13_03193	100.000	192	0	0	1	192	1	192	1.95e-143	397
38P2R3A13_03194	38P2R3A13_03194	100.000	285	0	0	1	285	1	285	0.0	586
38P2R3A13_03195	38P2R3A13_03195	100.000	494	0	0	1	494	1	494	0.0	1005
38P2R3A13_03196	38P2R3A13_03196	100.000	416	0	0	1	416	1	416	0.0	849
38P2R3A13_03197	38P2R3A13_03197	100.000	302	0	0	1	302	1	302	0.0	611
38P2R3A13_03198	38P2R3A13_03198	100.000	506	0	0	1	506	1	506	0.0	1036
38P2R3A13_03198	18P3R3A11_00019	97.036	506	15	0	1	506	1	506	0.0	1013
38P2R3A13_03198	38P2R3A13_00112	95.850	506	21	0	1	506	1	506	0.0	974
38P2R3A13_03199	38P2R3A13_03199	100.000	457	0	0	1	457	1	457	0.0	905
38P2R3A13_03199	18P3R3A11_00020	97.374	457	12	0	1	457	1	457	0.0	885
38P2R3A13_03200	38P2R3A13_03200	100.000	469	0	0	1	469	1	469	0.0	975
38P2R3A13_03201	38P2R3A13_03201	100.000	339	0	0	1	339	1	339	0.0	702
38P2R3A13_03201	18P3R3A11_00022	97.015	335	10	0	1	335	1	335	0.0	678
38P2R3A13_03201	38P2R3A13_00115	96.119	335	13	0	1	335	1	335	0.0	672
38P2R3A13_03202	38P2R3A13_03202	100.000	517	0	0	1	517	1	517	0.0	1032
38P2R3A13_03202	38P2R3A13_00116	95.551	517	23	0	1	517	1	517	0.0	954
38P2R3A13_03203	38P2R3A13_03203	100.000	57	0	0	1	57	1	57	5.76e-37	117
38P2R3A13_03204	38P2R3A13_03204	100.000	201	0	0	1	201	1	201	6.05e-152	419
38P2R3A13_03205	38P2R3A13_03205	100.000	495	0	0	1	495	1	495	0.0	1005
38P2R3A13_03206	38P2R3A13_03206	100.000	191	0	0	1	191	1	191	2.91e-140	389
38P2R3A13_03207	38P2R3A13_03207	100.000	140	0	0	1	140	1	140	1.38e-97	276
38P2R3A13_03208	38P2R3A13_03208	100.000	186	0	0	1	186	1	186	4.91e-136	377
38P2R3A13_03209	38P2R3A13_03209	100.000	124	0	0	1	124	1	124	3.15e-87	249
38P2R3A13_03210	38P2R3A13_03210	100.000	678	0	0	1	678	1	678	0.0	1366
38P2R3A13_03211	38P2R3A13_03211	100.000	204	0	0	1	204	1	204	6.10e-154	424
38P2R3A13_03212	38P2R3A13_03212	100.000	253	0	0	1	253	1	253	0.0	519
38P2R3A13_03213	38P2R3A13_03213	100.000	431	0	0	1	431	1	431	0.0	890
38P2R3A13_03214	38P2R3A13_03214	100.000	96	0	0	1	96	1	96	2.58e-68	199
38P2R3A13_03215	38P2R3A13_03215	100.000	497	0	0	1	497	1	497	0.0	1020
38P2R3A13_03215	18P3R3A11_00029	95.547	494	22	0	1	494	1	494	0.0	951
38P2R3A13_03216	38P2R3A13_03216	100.000	295	0	0	1	295	1	295	0.0	603
38P2R3A13_03217	38P2R3A13_03217	100.000	304	0	0	1	304	1	304	0.0	617
38P2R3A13_03218	38P2R3A13_03218	100.000	329	0	0	1	329	1	329	0.0	666
38P2R3A13_03219	38P2R3A13_03219	100.000	248	0	0	1	248	1	248	0.0	509
38P2R3A13_03220	38P2R3A13_03220	100.000	176	0	0	1	176	1	176	9.37e-133	368
38P2R3A13_03221	38P2R3A13_03221	100.000	596	0	0	1	596	1	596	0.0	1218
38P2R3A13_03222	38P2R3A13_03222	100.000	823	0	0	1	823	1	823	0.0	1689
38P2R3A13_03223	38P2R3A13_03223	100.000	692	0	0	1	692	1	692	0.0	1422
38P2R3A13_03224	38P2R3A13_03224	100.000	183	0	0	1	183	1	183	5.93e-135	374
38P2R3A13_03224	18P3R3A11_00038	95.082	183	8	1	1	183	1	182	1.65e-127	355
38P2R3A13_03225	38P2R3A13_03225	100.000	241	0	0	1	241	1	241	4.11e-174	478
38P2R3A13_03225	18P3R3A11_00039	97.490	239	6	0	1	239	1	239	4.60e-170	468
38P2R3A13_03225	38P2R3A13_00149	96.653	239	8	0	1	239	1	239	1.53e-167	461
38P2R3A13_03226	38P2R3A13_03226	100.000	329	0	0	1	329	1	329	0.0	655
38P2R3A13_03226	18P3R3A11_00040	96.960	329	10	0	1	329	1	329	0.0	635
38P2R3A13_03226	38P2R3A13_00150	96.049	329	13	0	1	329	1	329	0.0	606
38P2R3A13_03227	38P2R3A13_03227	100.000	332	0	0	1	332	1	332	0.0	683
38P2R3A13_03228	38P2R3A13_03228	100.000	470	0	0	1	470	1	470	0.0	920
38P2R3A13_03229	38P2R3A13_03229	100.000	308	0	0	1	308	1	308	0.0	622
38P2R3A13_03230	38P2R3A13_03230	100.000	487	0	0	1	487	1	487	0.0	998
38P2R3A13_03231	38P2R3A13_03231	100.000	238	0	0	1	238	1	238	2.61e-175	481
38P2R3A13_03231	10P3R2A13_03864	95.133	226	11	0	11	236	1	226	8.11e-160	441
38P2R3A13_03232	38P2R3A13_03232	100.000	462	0	0	1	462	1	462	0.0	940
38P2R3A13_03233	38P2R3A13_03233	100.000	114	0	0	1	114	1	114	2.77e-79	228
38P2R3A13_03234	38P2R3A13_03234	100.000	417	0	0	1	417	1	417	0.0	853
38P2R3A13_03235	38P2R3A13_03235	100.000	1045	0	0	1	1045	1	1045	0.0	2113
38P2R3A13_03235	10P3R2A13_03868	95.977	1044	42	0	1	1044	1	1044	0.0	2053
38P2R3A13_03235	18P3R3A11_00049	95.977	1044	42	0	1	1044	1	1044	0.0	2047
38P2R3A13_03235	38P2R3A13_00159	95.594	1044	46	0	1	1044	1	1044	0.0	2039
38P2R3A13_03235	27P2R2A12_04150	96.061	330	13	0	1	330	1	330	0.0	655
38P2R3A13_03236	38P2R3A13_03236	100.000	103	0	0	1	103	1	103	1.79e-71	207
38P2R3A13_03237	38P2R3A13_03237	100.000	401	0	0	1	401	1	401	0.0	830
38P2R3A13_03238	38P2R3A13_03238	100.000	244	0	0	1	244	1	244	0.0	505
38P2R3A13_03239	38P2R3A13_03239	100.000	340	0	0	1	340	1	340	0.0	704
38P2R3A13_03240	38P2R3A13_03240	100.000	186	0	0	1	186	1	186	1.15e-138	384
38P2R3A13_03241	38P2R3A13_03241	100.000	101	0	0	1	101	1	101	1.60e-71	207
38P2R3A13_03242	38P2R3A13_03242	100.000	300	0	0	1	300	1	300	0.0	610
38P2R3A13_03243	38P2R3A13_03243	100.000	158	0	0	1	158	1	158	5.94e-111	311
38P2R3A13_03244	38P2R3A13_03244	100.000	790	0	0	1	790	1	790	0.0	1651
38P2R3A13_03245	38P2R3A13_03245	100.000	155	0	0	1	155	1	155	5.59e-110	309
38P2R3A13_03246	38P2R3A13_03246	100.000	540	0	0	1	540	1	540	0.0	1093
38P2R3A13_03247	38P2R3A13_03247	100.000	121	0	0	1	121	1	121	4.74e-85	243
38P2R3A13_03248	38P2R3A13_03248	100.000	438	0	0	1	438	1	438	0.0	905
38P2R3A13_03249	38P2R3A13_03249	100.000	96	0	0	1	96	1	96	3.19e-67	196
38P2R3A13_03250	38P2R3A13_03250	100.000	258	0	0	1	258	1	258	0.0	511
38P2R3A13_03251	38P2R3A13_03251	100.000	195	0	0	1	195	1	195	7.32e-144	398
38P2R3A13_03252	38P2R3A13_03252	100.000	253	0	0	1	253	1	253	0.0	521
38P2R3A13_03253	38P2R3A13_03253	100.000	397	0	0	1	397	1	397	0.0	805
38P2R3A13_03254	38P2R3A13_03254	100.000	433	0	0	1	433	1	433	0.0	870
38P2R3A13_03255	38P2R3A13_03255	100.000	247	0	0	1	247	1	247	0.0	495
38P2R3A13_03255	38P2R3A13_00173	97.166	247	7	0	1	247	1	247	2.22e-176	484
38P2R3A13_03256	38P2R3A13_03256	100.000	332	0	0	1	332	1	332	0.0	686
38P2R3A13_03256	38P2R3A13_00174	96.687	332	11	0	1	332	1	332	0.0	665
38P2R3A13_03257	38P2R3A13_03257	100.000	147	0	0	1	147	1	147	6.40e-108	303
38P2R3A13_03258	38P2R3A13_03258	100.000	183	0	0	1	183	1	183	2.55e-134	373
38P2R3A13_03258	18P3R3A11_00084	95.628	183	8	0	1	183	1	183	3.05e-120	337
38P2R3A13_03258	56P2R2A4_00688	95.082	183	9	0	1	183	1	183	3.26e-119	335
38P2R3A13_03259	38P2R3A13_03259	100.000	305	0	0	1	305	1	305	0.0	624
38P2R3A13_03259	18P3R3A11_00085	96.393	305	11	0	1	305	1	305	0.0	603
38P2R3A13_03259	56P2R2A4_00689	95.738	305	13	0	1	305	41	345	0.0	599
38P2R3A13_03259	38P2R3A13_00181	95.410	305	14	0	1	305	1	305	0.0	594
38P2R3A13_03260	38P2R3A13_03260	100.000	484	0	0	1	484	1	484	0.0	997
38P2R3A13_03261	38P2R3A13_03261	100.000	176	0	0	1	176	1	176	5.09e-131	364
38P2R3A13_03262	38P2R3A13_03262	100.000	322	0	0	1	322	1	322	0.0	658
38P2R3A13_03263	38P2R3A13_03263	100.000	482	0	0	1	482	1	482	0.0	988
38P2R3A13_03264	38P2R3A13_03264	100.000	119	0	0	1	119	1	119	1.12e-87	249
38P2R3A13_03265	38P2R3A13_03265	100.000	309	0	0	1	309	1	309	0.0	636
38P2R3A13_03265	38P2R3A13_00187	96.764	309	10	0	1	309	1	309	0.0	619
38P2R3A13_03265	18P3R3A11_00091	95.793	309	13	0	1	309	1	309	0.0	597
38P2R3A13_03266	38P2R3A13_03266	100.000	575	0	0	1	575	1	575	0.0	1161
38P2R3A13_03267	38P2R3A13_03267	100.000	463	0	0	1	463	1	463	0.0	943
38P2R3A13_03268	38P2R3A13_03268	100.000	293	0	0	1	293	1	293	0.0	598
38P2R3A13_03268	18P3R3A11_00094	97.611	293	7	0	1	293	1	293	0.0	587
38P2R3A13_03268	38P2R3A13_00190	97.952	293	6	0	1	293	1	293	0.0	586
38P2R3A13_03269	38P2R3A13_03269	100.000	161	0	0	1	161	1	161	6.91e-116	324
38P2R3A13_03270	38P2R3A13_03270	100.000	321	0	0	1	321	1	321	0.0	655
38P2R3A13_03271	38P2R3A13_03271	100.000	321	0	0	1	321	1	321	0.0	662
38P2R3A13_03272	38P2R3A13_03272	100.000	267	0	0	1	267	1	267	0.0	555
38P2R3A13_03273	38P2R3A13_03273	100.000	263	0	0	1	263	1	263	0.0	548
38P2R3A13_03274	38P2R3A13_03274	100.000	399	0	0	1	399	1	399	0.0	776
38P2R3A13_03274	18P3R3A11_00098	95.238	399	19	0	1	399	1	399	0.0	732
38P2R3A13_03278	38P2R3A13_03278	100.000	73	0	0	1	73	1	73	3.72e-50	151
38P2R3A13_03278	38P2R3A13_00198	95.890	73	3	0	1	73	1	73	3.32e-39	124
38P2R3A13_03279	38P2R3A13_03279	100.000	300	0	0	1	300	1	300	0.0	580
38P2R3A13_03280	38P2R3A13_03280	100.000	398	0	0	1	398	1	398	0.0	791
38P2R3A13_03281	38P2R3A13_03281	100.000	213	0	0	1	213	1	213	4.05e-162	446
38P2R3A13_03282	38P2R3A13_03282	100.000	233	0	0	1	233	1	233	5.06e-171	469
38P2R3A13_03283	38P2R3A13_03283	100.000	266	0	0	1	266	1	266	0.0	538
38P2R3A13_03283	38P2R3A13_00203	95.865	266	11	0	1	266	1	266	0.0	523
38P2R3A13_03284	38P2R3A13_03284	100.000	358	0	0	1	358	1	358	0.0	703
38P2R3A13_03284	38P2R3A13_00204	96.089	358	14	0	1	358	1	358	0.0	682
38P2R3A13_03284	18P3R3A11_00108	95.810	358	15	0	1	358	1	358	0.0	679
38P2R3A13_03285	38P2R3A13_03285	100.000	525	0	0	1	525	1	525	0.0	1039
38P2R3A13_03287	38P2R3A13_03287	100.000	368	0	0	1	368	1	368	0.0	760
38P2R3A13_03287	38P2R3A13_00207	97.826	368	8	0	1	368	1	368	0.0	750
38P2R3A13_03287	18P3R3A11_00111	97.826	368	8	0	1	368	1	368	0.0	747
38P2R3A13_03288	38P2R3A13_03288	100.000	138	0	0	1	138	1	138	7.51e-102	287
38P2R3A13_03289	38P2R3A13_03289	100.000	338	0	0	1	338	1	338	0.0	688
38P2R3A13_03290	38P2R3A13_03290	100.000	121	0	0	1	121	1	121	2.75e-87	249
38P2R3A13_03291	38P2R3A13_03291	100.000	84	0	0	1	84	1	84	2.31e-58	173
38P2R3A13_03293	38P2R3A13_03293	100.000	176	0	0	1	176	1	176	7.39e-131	363
38P2R3A13_03294	38P2R3A13_03294	100.000	389	0	0	1	389	1	389	0.0	749
38P2R3A13_03295	38P2R3A13_03295	100.000	291	0	0	1	291	1	291	0.0	610
38P2R3A13_03296	38P2R3A13_03296	100.000	299	0	0	1	299	1	299	0.0	597
38P2R3A13_03297	38P2R3A13_03297	100.000	225	0	0	1	225	1	225	3.81e-169	464
38P2R3A13_03297	18P3R3A11_00121	96.889	225	7	0	1	225	1	225	4.83e-164	451
38P2R3A13_03298	38P2R3A13_03298	100.000	532	0	0	1	532	1	532	0.0	1108
38P2R3A13_03298	18P3R3A11_00122	96.975	529	16	0	1	529	1	529	0.0	1079
38P2R3A13_03298	56P2R2A4_04081	96.429	532	19	0	1	532	1	532	0.0	1077
38P2R3A13_03298	38P2R3A13_00220	96.992	532	16	0	1	532	1	532	0.0	1077
38P2R3A13_03299	38P2R3A13_03299	100.000	410	0	0	1	410	1	410	0.0	849
38P2R3A13_03300	38P2R3A13_03300	100.000	198	0	0	1	198	1	198	4.95e-148	409
38P2R3A13_03301	38P2R3A13_03301	100.000	334	0	0	1	334	1	334	0.0	660
38P2R3A13_03302	38P2R3A13_03302	100.000	327	0	0	1	327	1	327	0.0	667
38P2R3A13_03303	38P2R3A13_03303	100.000	183	0	0	1	183	1	183	7.11e-138	382
38P2R3A13_03304	38P2R3A13_03304	100.000	540	0	0	1	540	1	540	0.0	1122
38P2R3A13_03304	38P2R3A13_00225	97.963	540	11	0	1	540	13	552	0.0	1107
38P2R3A13_03304	18P3R3A11_00128	97.407	540	14	0	1	540	1	540	0.0	1102
38P2R3A13_03305	38P2R3A13_03305	100.000	104	0	0	1	104	1	104	1.68e-69	202
38P2R3A13_03305	38P2R3A13_00226	100.000	104	0	0	1	104	155	258	8.32e-69	206
38P2R3A13_03305	18P3R3A11_00129	99.038	104	1	0	1	104	155	258	1.08e-67	203
38P2R3A13_03306	38P2R3A13_03306	100.000	236	0	0	1	236	1	236	4.34e-179	490
38P2R3A13_03306	38P2R3A13_07303	97.458	236	6	0	1	236	1	236	2.79e-174	478
38P2R3A13_03308	38P2R3A13_03308	100.000	328	0	0	1	328	1	328	0.0	678
38P2R3A13_03308	18P3R3A11_02877	97.561	328	8	0	1	328	1	328	0.0	664
38P2R3A13_03308	38P2R3A13_07305	96.951	328	10	0	1	328	1	328	0.0	659
38P2R3A13_03309	38P2R3A13_03309	100.000	310	0	0	1	310	1	310	0.0	614
38P2R3A13_03309	18P3R3A11_02878	95.161	310	15	0	1	310	1	310	0.0	543
38P2R3A13_03315	38P2R3A13_03315	100.000	499	0	0	1	499	1	499	0.0	1013
38P2R3A13_03315	18P3R3A11_02884	96.994	499	15	0	1	499	1	499	0.0	993
38P2R3A13_03315	38P2R3A13_08053	96.192	499	19	0	1	499	1	499	0.0	982
38P2R3A13_03316	38P2R3A13_03316	100.000	484	0	0	1	484	1	484	0.0	991
38P2R3A13_03316	38P2R3A13_08052	97.934	484	10	0	1	484	1	484	0.0	974
38P2R3A13_03316	18P3R3A11_02885	97.727	484	11	0	1	484	1	484	0.0	971
38P2R3A13_03319	38P2R3A13_03319	100.000	150	0	0	1	150	1	150	2.60e-107	302
38P2R3A13_03319	18P3R3A11_02888	98.000	150	3	0	1	150	1	150	1.74e-105	297
38P2R3A13_03319	38P2R3A13_08049	97.333	150	4	0	1	150	1	150	1.37e-104	295
38P2R3A13_03321	38P2R3A13_03321	100.000	208	0	0	1	208	1	208	2.77e-153	423
38P2R3A13_03331	38P2R3A13_03331	100.000	457	0	0	1	457	1	457	0.0	933
38P2R3A13_03331	56P2R2A4_03661	97.374	457	12	0	1	457	1	457	0.0	910
38P2R3A13_03331	18P3R3A11_02900	96.718	457	15	0	1	457	1	457	0.0	903
38P2R3A13_03331	38P2R3A13_08403	95.186	457	22	0	1	457	1	457	0.0	891
38P2R3A13_03333	38P2R3A13_03333	100.000	347	0	0	1	347	1	347	0.0	694
38P2R3A13_03333	38P2R3A13_08275	97.983	347	7	0	1	347	1	347	0.0	686
38P2R3A13_03335	38P2R3A13_03335	100.000	297	0	0	1	297	1	297	0.0	590
38P2R3A13_03335	18P3R3A11_02908	97.643	297	7	0	1	297	1	297	0.0	583
38P2R3A13_03335	38P2R3A13_08277	95.960	297	12	0	1	297	1	297	0.0	573
38P2R3A13_03335	15P1R1A16_01950	96.356	247	9	0	51	297	2	248	4.64e-174	481
38P2R3A13_03338	38P2R3A13_03338	100.000	222	0	0	1	222	1	222	4.54e-168	461
38P2R3A13_03338	18P3R3A11_02911	97.297	222	6	0	1	222	1	222	1.65e-164	452
38P2R3A13_03338	38P2R3A13_07705	95.045	222	11	0	1	222	1	222	6.75e-160	441
38P2R3A13_03341	38P2R3A13_03341	100.000	249	0	0	1	249	1	249	0.0	507
38P2R3A13_03341	56P2R2A4_03651	97.992	249	5	0	1	249	1	249	0.0	500
38P2R3A13_03341	18P3R3A11_02914	95.984	249	10	0	1	249	1	249	4.01e-178	489
38P2R3A13_03342	38P2R3A13_03342	100.000	324	0	0	1	324	1	324	0.0	670
38P2R3A13_03342	18P3R3A11_02915	96.605	324	11	0	1	324	1	324	0.0	622
38P2R3A13_03342	38P2R3A13_07709	96.296	324	12	0	1	324	1	324	0.0	619
38P2R3A13_03343	38P2R3A13_03343	100.000	392	0	0	1	392	1	392	0.0	779
38P2R3A13_03343	56P2R2A4_03649	97.172	389	11	0	1	389	1	389	0.0	754
38P2R3A13_03343	18P3R3A11_02916	95.663	392	17	0	1	392	11	402	0.0	754
38P2R3A13_03346	38P2R3A13_03346	100.000	109	0	0	1	109	1	109	9.16e-77	221
38P2R3A13_03346	18P3R3A11_02919	97.248	109	3	0	1	109	1	109	1.12e-74	216
38P2R3A13_03346	42P1R1A12_03545	97.248	109	3	0	1	109	1	109	3.05e-74	215
38P2R3A13_03346	47P2R3A6_03762	96.330	109	4	0	1	109	1	109	6.82e-73	211
38P2R3A13_03351	38P2R3A13_03351	100.000	312	0	0	1	312	1	312	0.0	636
38P2R3A13_03351	18P3R3A11_02924	96.154	312	12	0	1	312	1	312	0.0	613
38P2R3A13_03352	38P2R3A13_03352	100.000	342	0	0	1	342	1	342	0.0	692
38P2R3A13_03352	18P3R3A11_02925	97.368	342	9	0	1	342	1	342	0.0	677
38P2R3A13_03353	38P2R3A13_03353	100.000	271	0	0	1	271	1	271	0.0	554
38P2R3A13_03353	18P3R3A11_02926	97.786	271	6	0	1	271	1	271	0.0	543
38P2R3A13_03353	38P2R3A13_06848	96.679	271	9	0	1	271	1	271	0.0	537
38P2R3A13_03355	38P2R3A13_03355	100.000	293	0	0	1	293	1	293	0.0	600
38P2R3A13_03355	18P3R3A11_02928	95.904	293	12	0	1	293	1	293	0.0	554
38P2R3A13_03359	38P2R3A13_03359	100.000	410	0	0	1	410	1	410	0.0	845
38P2R3A13_03360	38P2R3A13_03360	100.000	110	0	0	1	110	1	110	1.64e-78	226
38P2R3A13_03360	18P3R3A11_02933	95.455	110	5	0	1	110	1	110	6.40e-75	217
38P2R3A13_03360	38P2R3A13_06841	95.192	104	5	0	1	104	1	104	2.82e-71	207
38P2R3A13_03362	38P2R3A13_03362	100.000	143	0	0	1	143	1	143	9.63e-105	295
38P2R3A13_03362	18P3R3A11_02935	97.902	143	3	0	1	143	1	143	4.11e-103	291
38P2R3A13_03367	38P2R3A13_03367	100.000	116	0	0	1	116	1	116	6.64e-79	227
38P2R3A13_03367	18P3R3A11_02940	97.414	116	3	0	1	116	1	116	1.50e-77	224
38P2R3A13_03367	38P2R3A13_07060	95.690	116	5	0	1	116	1	116	1.47e-75	219
38P2R3A13_03368	38P2R3A13_03368	100.000	116	0	0	1	116	1	116	5.32e-80	230
38P2R3A13_03368	37P2R3-2A1_03377	97.414	116	3	0	1	116	1	116	2.88e-79	228
38P2R3A13_03368	18P3R3A11_02941	95.690	116	5	0	1	116	1	116	9.32e-70	204
38P2R3A13_03369	38P2R3A13_03369	100.000	429	0	0	1	429	1	429	0.0	879
38P2R3A13_03369	56P2R2A4_03628	97.436	429	11	0	1	429	1	429	0.0	857
38P2R3A13_03369	18P3R3A11_02942	96.503	429	15	0	1	429	1	429	0.0	853
38P2R3A13_03369	37P2R3-2A1_03376	95.338	429	20	0	1	429	1	429	0.0	823
38P2R3A13_03372	38P2R3A13_03372	100.000	363	0	0	1	363	1	363	0.0	749
38P2R3A13_03372	18P3R3A11_02945	96.143	363	14	0	1	363	1	363	0.0	721
38P2R3A13_03374	38P2R3A13_03374	100.000	278	0	0	1	278	1	278	0.0	541
38P2R3A13_03374	18P3R3A11_02947	97.842	278	6	0	1	278	1	278	0.0	530
38P2R3A13_03375	38P2R3A13_03375	100.000	149	0	0	1	149	1	149	8.46e-110	308
38P2R3A13_03375	37P2R3-2A1_03371	97.315	149	4	0	1	149	1	149	1.61e-107	302
38P2R3A13_03375	38P2R3A13_07068	97.315	149	4	0	1	149	1	149	4.26e-107	301
38P2R3A13_03375	56P2R2A4_03622	96.644	149	5	0	1	149	1	149	2.79e-105	296
38P2R3A13_03384	38P2R3A13_03384	100.000	307	0	0	1	307	1	307	0.0	632
38P2R3A13_03385	38P2R3A13_03385	100.000	204	0	0	1	204	1	204	1.10e-153	423
38P2R3A13_03386	38P2R3A13_03386	100.000	259	0	0	1	259	1	259	0.0	535
38P2R3A13_03387	38P2R3A13_03387	100.000	278	0	0	1	278	1	278	0.0	571
38P2R3A13_03388	38P2R3A13_03388	100.000	75	0	0	1	75	1	75	2.63e-51	154
38P2R3A13_03389	38P2R3A13_03389	100.000	217	0	0	1	217	1	217	1.50e-166	457
38P2R3A13_03390	38P2R3A13_03390	100.000	407	0	0	1	407	1	407	0.0	780
38P2R3A13_03391	38P2R3A13_03391	100.000	138	0	0	1	138	1	138	3.16e-97	275
38P2R3A13_03392	38P2R3A13_03392	100.000	392	0	0	1	392	1	392	0.0	793
38P2R3A13_03393	38P2R3A13_03393	100.000	333	0	0	1	333	1	333	0.0	689
38P2R3A13_03401	38P2R3A13_03401	100.000	317	0	0	1	317	1	317	0.0	653
38P2R3A13_03401	18P3R3A11_02970	98.423	317	5	0	1	317	15	331	0.0	645
38P2R3A13_03401	38P2R3A13_05701	97.792	317	7	0	1	317	1	317	0.0	641
38P2R3A13_03402	38P2R3A13_03402	100.000	99	0	0	1	99	1	99	1.10e-68	200
38P2R3A13_03403	38P2R3A13_03403	100.000	140	0	0	1	140	1	140	5.21e-102	288
38P2R3A13_03404	38P2R3A13_03404	100.000	267	0	0	1	267	1	267	0.0	538
38P2R3A13_03404	18P3R3A11_02981	95.600	250	11	0	18	267	18	267	3.94e-177	488
38P2R3A13_03404	33P3R2A2_03354	96.875	32	1	0	18	49	24	55	3.14e-13	63.2
38P2R3A13_03405	38P2R3A13_03405	100.000	260	0	0	1	260	1	260	0.0	533
38P2R3A13_03406	38P2R3A13_03406	100.000	318	0	0	1	318	1	318	0.0	657
38P2R3A13_03406	56P2R2A4_03597	97.799	318	7	0	1	318	1	318	0.0	647
38P2R3A13_03408	38P2R3A13_03408	100.000	300	0	0	1	300	1	300	0.0	622
38P2R3A13_03408	18P3R3A11_03059	97.000	300	9	0	1	300	1	300	0.0	605
38P2R3A13_03412	38P2R3A13_03412	100.000	348	0	0	1	348	1	348	0.0	711
38P2R3A13_03413	38P2R3A13_03413	100.000	198	0	0	1	198	1	198	8.71e-145	400
38P2R3A13_03413	38P2R3A13_06165	96.939	196	6	0	1	196	1	196	7.02e-141	390
38P2R3A13_03414	38P2R3A13_03414	100.000	659	0	0	1	659	1	659	0.0	1360
38P2R3A13_03414	56P2R2A4_01511	97.420	659	17	0	1	659	1	659	0.0	1331
38P2R3A13_03415	38P2R3A13_03415	100.000	565	0	0	1	565	1	565	0.0	1154
38P2R3A13_03416	38P2R3A13_03416	100.000	1038	0	0	1	1038	1	1038	0.0	2125
38P2R3A13_03416	38P2R3A13_06162	96.435	1038	37	0	1	1038	1	1038	0.0	2060
38P2R3A13_03417	38P2R3A13_03417	100.000	117	0	0	1	117	1	117	5.71e-85	243
38P2R3A13_03418	38P2R3A13_03418	100.000	376	0	0	1	376	1	376	0.0	783
38P2R3A13_03418	18P3R3A11_03069	97.606	376	9	0	1	376	1	376	0.0	765
38P2R3A13_03418	38P2R3A13_06160	96.543	376	13	0	1	376	1	376	0.0	760
38P2R3A13_03418	42P1R1A12_01732	95.479	376	17	0	1	376	1	376	0.0	748
38P2R3A13_03420	38P2R3A13_03420	100.000	232	0	0	1	232	1	232	7.25e-173	474
38P2R3A13_03420	56P2R2A4_01505	97.414	232	6	0	1	232	1	232	5.02e-169	464
38P2R3A13_03421	38P2R3A13_03421	100.000	649	0	0	1	649	1	649	0.0	1300
38P2R3A13_03421	56P2R2A4_01504	96.148	649	25	0	1	649	1	649	0.0	1248
38P2R3A13_03422	38P2R3A13_03422	100.000	290	0	0	1	290	1	290	0.0	597
38P2R3A13_03422	38P2R3A13_06156	97.241	290	8	0	1	290	1	290	0.0	587
38P2R3A13_03422	18P3R3A11_03073	95.862	290	12	0	1	290	1	290	0.0	548
38P2R3A13_03424	38P2R3A13_03424	100.000	345	0	0	1	345	1	345	0.0	701
38P2R3A13_03424	47P2R3A6_00115	97.681	345	8	0	1	345	1	345	0.0	689
38P2R3A13_03424	18P3R3A11_03075	96.232	345	13	0	1	345	1	345	0.0	681
38P2R3A13_03425	38P2R3A13_03425	100.000	293	0	0	1	293	1	293	0.0	602
38P2R3A13_03425	18P3R3A11_03076	97.611	293	7	0	1	293	1	293	0.0	590
38P2R3A13_03426	38P2R3A13_03426	100.000	190	0	0	1	190	1	190	5.25e-141	390
38P2R3A13_03426	18P3R3A11_03077	97.368	190	5	0	1	190	1	190	6.51e-137	380
38P2R3A13_03426	38P2R3A13_06915	95.263	190	9	0	1	190	1	190	3.10e-134	373
38P2R3A13_03429	38P2R3A13_03429	100.000	488	0	0	1	488	1	488	0.0	994
38P2R3A13_03429	38P2R3A13_06918	97.336	488	13	0	1	488	1	488	0.0	972
38P2R3A13_03429	18P3R3A11_03080	96.926	488	15	0	1	488	1	488	0.0	968
38P2R3A13_03430	38P2R3A13_03430	100.000	119	0	0	1	119	1	119	1.20e-83	239
38P2R3A13_03431	38P2R3A13_03431	100.000	275	0	0	1	275	1	275	0.0	565
38P2R3A13_03431	56P2R2A4_01494	97.091	275	8	0	1	275	1	275	0.0	551
38P2R3A13_03432	38P2R3A13_03432	100.000	440	0	0	1	440	1	440	0.0	884
38P2R3A13_03432	18P3R3A11_03083	97.727	440	10	0	1	440	1	440	0.0	870
38P2R3A13_03432	38P2R3A13_06921	97.727	440	10	0	1	440	1	440	0.0	867
38P2R3A13_03433	38P2R3A13_03433	100.000	319	0	0	1	319	1	319	0.0	656
38P2R3A13_03433	18P3R3A11_03084	97.492	319	8	0	1	319	1	319	0.0	644
38P2R3A13_03433	38P2R3A13_06922	95.298	319	15	0	1	319	1	319	0.0	606
38P2R3A13_03434	38P2R3A13_03434	100.000	473	0	0	1	473	1	473	0.0	962
38P2R3A13_03435	38P2R3A13_03435	100.000	198	0	0	1	198	1	198	2.97e-145	402
38P2R3A13_03435	18P3R3A11_03086	100.000	198	0	0	1	198	29	226	1.60e-144	401
38P2R3A13_03435	38P2R3A13_06924	97.980	198	4	0	1	198	1	198	5.89e-143	396
38P2R3A13_03435	37P2R3-2A1_01995	100.000	158	0	0	41	198	1	158	1.74e-112	317
38P2R3A13_03442	38P2R3A13_03442	100.000	513	0	0	1	513	1	513	0.0	1058
38P2R3A13_03442	18P3R3A11_03093	97.661	513	12	0	1	513	1	513	0.0	1038
38P2R3A13_03443	38P2R3A13_03443	100.000	747	0	0	1	747	1	747	0.0	1516
38P2R3A13_03444	38P2R3A13_03444	100.000	63	0	0	1	63	1	63	8.17e-41	127
38P2R3A13_03444	52P2R3A10_02929	100.000	57	0	0	7	63	1	57	1.06e-36	116
38P2R3A13_03444	38P2R3A13_05710	96.491	57	2	0	7	63	1	57	1.13e-35	114
38P2R3A13_03445	38P2R3A13_03445	100.000	297	0	0	1	297	1	297	0.0	595
38P2R3A13_03445	56P2R2A4_01480	97.306	297	8	0	1	297	1	297	0.0	575
38P2R3A13_03446	38P2R3A13_03446	100.000	410	0	0	1	410	1	410	0.0	812
38P2R3A13_03446	56P2R2A4_01479	97.317	410	11	0	1	410	1	410	0.0	788
38P2R3A13_03447	38P2R3A13_03447	100.000	156	0	0	1	156	1	156	5.43e-108	304
38P2R3A13_03447	56P2R2A4_01478	97.436	156	4	0	1	156	1	156	1.34e-105	298
38P2R3A13_03447	18P3R3A11_03098	97.436	156	4	0	1	156	1	156	1.74e-105	298
38P2R3A13_03448	38P2R3A13_03448	100.000	248	0	0	1	248	1	248	0.0	498
38P2R3A13_03448	56P2R2A4_01477	95.161	248	12	0	1	248	1	248	2.61e-165	456
38P2R3A13_03449	38P2R3A13_03449	100.000	148	0	0	1	148	1	148	1.59e-107	302
38P2R3A13_03450	38P2R3A13_03450	100.000	405	0	0	1	405	1	405	0.0	785
38P2R3A13_03450	56P2R2A4_01475	97.778	405	9	0	1	405	1	405	0.0	766
38P2R3A13_03451	38P2R3A13_03451	100.000	275	0	0	1	275	1	275	0.0	575
38P2R3A13_03451	56P2R2A4_01474	97.091	275	8	0	1	275	1	275	0.0	560
38P2R3A13_03451	18P3R3A11_03181	96.727	275	9	0	1	275	1	275	0.0	556
38P2R3A13_03451	37P2R3-2A1_02009	95.636	275	12	0	1	275	1	275	0.0	550
38P2R3A13_03452	38P2R3A13_03452	100.000	297	0	0	1	297	1	297	0.0	611
38P2R3A13_03452	18P3R3A11_03182	97.306	297	8	0	1	297	1	297	0.0	595
38P2R3A13_03452	38P2R3A13_05718	96.970	297	9	0	1	297	1	297	0.0	592
38P2R3A13_03453	38P2R3A13_03453	100.000	635	0	0	1	635	1	635	0.0	1298
38P2R3A13_03453	56P2R2A4_01472	97.953	635	13	0	1	635	1	635	0.0	1278
38P2R3A13_03453	18P3R3A11_03183	97.953	635	13	0	1	635	1	635	0.0	1277
38P2R3A13_03453	38P2R3A13_05719	95.906	635	26	0	1	635	1	635	0.0	1251
38P2R3A13_03456	38P2R3A13_03456	100.000	516	0	0	1	516	1	516	0.0	1055
38P2R3A13_03456	18P3R3A11_03186	97.868	516	11	0	1	516	1	516	0.0	1036
38P2R3A13_03456	38P2R3A13_05722	96.705	516	17	0	1	516	1	516	0.0	1030
38P2R3A13_03461	38P2R3A13_03461	100.000	277	0	0	1	277	1	277	0.0	557
38P2R3A13_03461	18P3R3A11_03191	99.278	277	2	0	1	277	35	311	0.0	552
38P2R3A13_03464	38P2R3A13_03464	100.000	458	0	0	1	458	1	458	0.0	937
38P2R3A13_03464	18P3R3A11_03194	97.817	458	10	0	1	458	1	458	0.0	917
38P2R3A13_03464	37P2R3-2A1_02024	97.598	458	11	0	1	458	1	458	0.0	914
38P2R3A13_03464	38P2R3A13_07769	95.633	458	20	0	1	458	1	458	0.0	904
38P2R3A13_03467	38P2R3A13_03467	100.000	74	0	0	1	74	1	74	1.62e-50	152
38P2R3A13_03467	56P2R2A4_01458	97.297	74	2	0	1	74	1	74	1.19e-48	147
38P2R3A13_03467	37P2R3-2A1_02027	95.946	74	3	0	1	74	1	74	4.34e-48	146
38P2R3A13_03468	38P2R3A13_03468	100.000	514	0	0	1	514	1	514	0.0	1022
38P2R3A13_03468	18P3R3A11_03199	97.466	513	13	0	1	513	1	513	0.0	1003
38P2R3A13_03470	38P2R3A13_03470	100.000	393	0	0	1	393	1	393	0.0	791
38P2R3A13_03470	18P3R3A11_03201	97.710	393	9	0	1	393	1	393	0.0	778
38P2R3A13_03470	47P2R3A6_00068	95.801	381	16	0	13	393	13	393	0.0	749
38P2R3A13_03471	38P2R3A13_03471	100.000	207	0	0	1	207	1	207	3.63e-149	412
38P2R3A13_03471	38P2R3A13_08561	95.169	207	10	0	1	207	1	207	1.24e-142	396
38P2R3A13_03474	38P2R3A13_03474	100.000	338	0	0	1	338	1	338	0.0	687
38P2R3A13_03477	38P2R3A13_03477	100.000	773	0	0	1	773	1	773	0.0	1543
38P2R3A13_03477	18P3R3A11_03208	97.542	773	19	0	1	773	3	775	0.0	1515
38P2R3A13_03478	38P2R3A13_03478	100.000	1651	0	0	1	1651	1	1651	0.0	3351
38P2R3A13_03478	18P3R3A11_03209	96.548	1651	57	0	1	1651	1	1651	0.0	3259
38P2R3A13_03481	38P2R3A13_03481	100.000	283	0	0	1	283	1	283	0.0	574
38P2R3A13_03481	38P2R3A13_06775	95.760	283	12	0	1	283	1	283	0.0	555
38P2R3A13_03481	18P3R3A11_03212	96.820	283	8	1	1	283	1	282	0.0	550
38P2R3A13_03482	38P2R3A13_03482	100.000	257	0	0	1	257	1	257	0.0	526
38P2R3A13_03482	18P3R3A11_03213	96.887	257	8	0	1	257	1	257	0.0	512
38P2R3A13_03482	37P2R3-2A1_02046	96.498	257	9	0	1	257	1	257	0.0	509
38P2R3A13_03488	38P2R3A13_03488	100.000	172	0	0	1	172	1	172	8.46e-125	348
38P2R3A13_03488	18P3R3A11_03219	97.674	172	4	0	1	172	1	172	1.31e-121	340
38P2R3A13_03492	38P2R3A13_03492	100.000	164	0	0	1	164	1	164	1.80e-117	328
38P2R3A13_03492	18P3R3A11_03223	97.561	164	4	0	1	164	1	164	3.14e-114	320
38P2R3A13_03492	42P1R1A12_01670	95.732	164	7	0	1	164	1	164	1.48e-101	288
38P2R3A13_03492	10P3R2A13_00534	95.732	164	6	1	1	164	1	163	2.74e-98	280
38P2R3A13_03494	38P2R3A13_03494	100.000	395	0	0	1	395	1	395	0.0	804
38P2R3A13_03495	38P2R3A13_03495	100.000	461	0	0	1	461	1	461	0.0	937
38P2R3A13_03496	38P2R3A13_03496	100.000	146	0	0	1	146	1	146	1.84e-107	302
38P2R3A13_03497	38P2R3A13_03497	100.000	298	0	0	1	298	1	298	0.0	608
38P2R3A13_03497	18P3R3A11_03693	96.309	298	11	0	1	298	1	298	0.0	591
38P2R3A13_03497	38P2R3A13_07197	95.302	298	14	0	1	298	1	298	0.0	557
38P2R3A13_03498	38P2R3A13_03498	100.000	184	0	0	1	184	1	184	1.52e-137	381
38P2R3A13_03498	18P3R3A11_03692	96.739	184	6	0	1	184	1	184	9.25e-132	366
38P2R3A13_03498	38P2R3A13_07198	95.109	184	9	0	1	184	1	184	7.61e-131	364
38P2R3A13_03499	38P2R3A13_03499	100.000	285	0	0	1	285	1	285	0.0	572
38P2R3A13_03499	18P3R3A11_03691	96.491	285	10	0	1	285	1	285	0.0	558
38P2R3A13_03500	38P2R3A13_03500	100.000	317	0	0	1	317	1	317	0.0	662
38P2R3A13_03500	56P2R2A4_02351	97.476	317	8	0	1	317	1	317	0.0	646
38P2R3A13_03501	38P2R3A13_03501	100.000	466	0	0	1	466	1	466	0.0	951
38P2R3A13_03501	18P3R3A11_03689	96.996	466	14	0	1	466	1	466	0.0	925
38P2R3A13_03501	38P2R3A13_07201	96.567	466	16	0	1	466	1	466	0.0	919
38P2R3A13_03503	38P2R3A13_03503	100.000	76	0	0	1	76	1	76	5.36e-53	159
38P2R3A13_03508	38P2R3A13_03508	100.000	280	0	0	1	280	1	280	0.0	576
38P2R3A13_03509	38P2R3A13_03509	100.000	511	0	0	1	511	1	511	0.0	1038
38P2R3A13_03509	56P2R2A4_02343	95.202	521	13	2	1	511	1	519	0.0	1003
38P2R3A13_03513	38P2R3A13_03513	100.000	290	0	0	1	290	1	290	0.0	605
38P2R3A13_03513	47P2R3A6_02467	97.931	290	6	0	1	290	1	290	0.0	593
38P2R3A13_03513	18P3R3A11_03546	95.517	290	13	0	1	290	1	290	0.0	587
38P2R3A13_03513	38P2R3A13_08206	97.378	267	7	0	24	290	1	267	0.0	541
38P2R3A13_03514	38P2R3A13_03514	100.000	129	0	0	1	129	1	129	2.02e-93	265
38P2R3A13_03514	18P3R3A11_03545	96.899	129	4	0	1	129	1	129	4.07e-90	256
38P2R3A13_03514	32P3R2A9_02481	95.690	116	5	0	14	129	1	116	1.03e-80	233
38P2R3A13_03514	37P2R3-2A1_02432	100.000	103	0	0	27	129	1	103	3.81e-73	213
38P2R3A13_03514	10P3R2A13_02452	96.117	103	4	0	27	129	1	103	1.06e-70	207
38P2R3A13_03515	38P2R3A13_03515	100.000	536	0	0	1	536	1	536	0.0	1100
38P2R3A13_03515	56P2R2A4_02337	97.948	536	11	0	1	536	1	536	0.0	1082
38P2R3A13_03515	18P3R3A11_03544	96.828	536	17	0	1	536	1	536	0.0	1074
38P2R3A13_03517	38P2R3A13_03517	100.000	179	0	0	1	179	1	179	2.61e-129	360
38P2R3A13_03517	18P3R3A11_03542	97.765	179	4	0	1	179	5	183	8.20e-127	353
38P2R3A13_03517	47P2R3A6_02463	97.765	179	4	0	1	179	5	183	2.15e-126	352
38P2R3A13_03517	42P1R1A12_01516	95.531	179	8	0	1	179	12	190	1.23e-124	348
38P2R3A13_03517	38P2R3A13_07450	97.674	172	4	0	8	179	1	172	1.10e-120	338
38P2R3A13_03521	38P2R3A13_03521	100.000	147	0	0	1	147	1	147	1.14e-109	307
38P2R3A13_03521	56P2R2A4_02331	97.959	147	3	0	1	147	1	147	5.86e-108	303
38P2R3A13_03522	38P2R3A13_03522	100.000	416	0	0	1	416	1	416	0.0	858
38P2R3A13_03524	38P2R3A13_03524	100.000	284	0	0	1	284	1	284	0.0	576
38P2R3A13_03524	38P2R3A13_07443	96.831	284	9	0	1	284	1	284	0.0	563
38P2R3A13_03524	18P3R3A11_03527	97.183	284	8	0	1	284	1	284	0.0	563
38P2R3A13_03526	38P2R3A13_03526	100.000	160	0	0	1	160	1	160	2.33e-116	325
38P2R3A13_03526	56P2R2A4_02326	97.500	160	4	0	1	160	1	160	1.34e-113	318
38P2R3A13_03527	38P2R3A13_03527	100.000	448	0	0	1	448	1	448	0.0	920
38P2R3A13_03527	18P3R3A11_03524	95.283	424	20	0	1	424	1	424	0.0	835
38P2R3A13_03528	38P2R3A13_03528	100.000	297	0	0	1	297	1	297	0.0	611
38P2R3A13_03528	38P2R3A13_07439	95.041	121	6	0	177	297	1	121	9.70e-81	239
38P2R3A13_03530	38P2R3A13_03530	100.000	235	0	0	1	235	1	235	8.74e-180	492
38P2R3A13_03530	56P2R2A4_02322	97.872	235	5	0	1	235	1	235	6.84e-176	482
38P2R3A13_03530	38P2R3A13_08140	95.745	235	10	0	1	235	1	235	7.35e-172	472
38P2R3A13_03531	38P2R3A13_03531	100.000	185	0	0	1	185	1	185	2.69e-135	375
38P2R3A13_03532	38P2R3A13_03532	100.000	810	0	0	1	810	1	810	0.0	1620
38P2R3A13_03532	56P2R2A4_02320	97.654	810	19	0	1	810	1	810	0.0	1580
38P2R3A13_03533	38P2R3A13_03533	100.000	843	0	0	1	843	1	843	0.0	1725
38P2R3A13_03533	18P3R3A11_03518	97.628	843	19	1	1	843	1	842	0.0	1688
38P2R3A13_03533	38P2R3A13_06758	97.628	506	11	1	338	843	1	505	0.0	998
38P2R3A13_03534	38P2R3A13_03534	100.000	752	0	0	1	752	1	752	0.0	1557
38P2R3A13_03535	38P2R3A13_03535	100.000	266	0	0	1	266	1	266	0.0	539
38P2R3A13_03535	18P3R3A11_03512	96.617	266	9	0	1	266	1	266	0.0	521
38P2R3A13_03536	38P2R3A13_03536	100.000	297	0	0	1	297	1	297	0.0	608
38P2R3A13_03537	38P2R3A13_03537	100.000	661	0	0	1	661	1	661	0.0	1273
38P2R3A13_03537	18P3R3A11_03510	95.008	661	33	0	1	661	1	661	0.0	1116
38P2R3A13_03539	38P2R3A13_03539	100.000	467	0	0	1	467	1	467	0.0	918
38P2R3A13_03539	18P3R3A11_03508	95.289	467	22	0	1	467	1	467	0.0	885
38P2R3A13_03540	38P2R3A13_03540	100.000	116	0	0	1	116	1	116	1.73e-81	234
38P2R3A13_03540	18P3R3A11_03507	97.414	116	3	0	1	116	1	116	1.04e-79	229
38P2R3A13_03542	38P2R3A13_03542	100.000	267	0	0	1	267	1	267	0.0	535
38P2R3A13_03543	38P2R3A13_03543	100.000	233	0	0	1	233	1	233	2.96e-171	470
38P2R3A13_03543	18P3R3A11_03504	97.854	233	5	0	1	233	1	233	6.77e-167	459
38P2R3A13_03543	38P2R3A13_06768	96.996	233	7	0	1	233	1	233	1.98e-166	458
38P2R3A13_03544	38P2R3A13_03544	100.000	505	0	0	1	505	1	505	0.0	1045
38P2R3A13_03544	38P2R3A13_06769	96.436	505	18	0	1	505	1	505	0.0	1014
38P2R3A13_03544	18P3R3A11_03503	96.040	505	20	0	1	505	1	505	0.0	1010
38P2R3A13_03546	38P2R3A13_03546	100.000	386	0	0	1	386	1	386	0.0	778
38P2R3A13_03546	18P3R3A11_03501	97.927	386	8	0	1	386	1	386	0.0	765
38P2R3A13_03546	54P2R2A3_04228	96.373	386	14	0	1	386	19	404	0.0	755
38P2R3A13_03546	42P1R1A12_01469	95.855	386	16	0	1	386	1	386	0.0	751
38P2R3A13_03554	38P2R3A13_03554	100.000	186	0	0	1	186	1	186	1.90e-132	368
38P2R3A13_03554	18P3R3A11_03493	97.312	186	5	0	1	186	1	186	2.02e-129	360
38P2R3A13_03555	38P2R3A13_03555	100.000	400	0	0	1	400	1	400	0.0	827
38P2R3A13_03555	47P2R3A6_02425	95.250	400	19	0	1	400	1	400	0.0	771
38P2R3A13_03555	38P2R3A13_08658	95.148	371	18	0	30	400	1	371	0.0	711
38P2R3A13_03556	38P2R3A13_03556	100.000	230	0	0	1	230	1	230	8.18e-172	471
38P2R3A13_03556	18P3R3A11_03491	97.826	230	5	0	1	230	24	253	6.14e-168	462
38P2R3A13_03556	38P2R3A13_08601	97.041	169	5	0	62	230	1	169	4.30e-120	338
38P2R3A13_03557	38P2R3A13_03557	100.000	286	0	0	1	286	1	286	0.0	561
38P2R3A13_03557	38P2R3A13_08602	97.902	286	6	0	1	286	1	286	0.0	555
38P2R3A13_03557	18P3R3A11_03490	97.902	286	6	0	1	286	1	286	0.0	554
38P2R3A13_03558	38P2R3A13_03558	100.000	451	0	0	1	451	1	451	0.0	905
38P2R3A13_03558	18P3R3A11_03489	96.009	451	18	0	1	451	1	451	0.0	869
38P2R3A13_03559	38P2R3A13_03559	100.000	806	0	0	1	806	1	806	0.0	1646
38P2R3A13_03559	18P3R3A11_03488	96.526	806	28	0	1	806	1	806	0.0	1599
38P2R3A13_03560	38P2R3A13_03560	100.000	165	0	0	1	165	1	165	3.49e-115	323
38P2R3A13_03560	18P3R3A11_03487	96.970	165	5	0	1	165	1	165	5.28e-111	312
38P2R3A13_03561	38P2R3A13_03561	100.000	342	0	0	1	342	1	342	0.0	692
38P2R3A13_03561	47P2R3A6_02419	97.368	342	9	0	1	342	1	342	0.0	676
38P2R3A13_03561	18P3R3A11_03486	96.199	342	13	0	1	342	1	342	0.0	670
38P2R3A13_03569	38P2R3A13_03569	100.000	130	0	0	1	130	1	130	4.24e-95	269
38P2R3A13_03569	18P3R3A11_03478	96.154	130	5	0	1	130	1	130	1.76e-92	263
38P2R3A13_03570	38P2R3A13_03570	100.000	430	0	0	1	430	1	430	0.0	863
38P2R3A13_03570	56P2R2A4_02282	95.581	430	19	0	1	430	1	430	0.0	800
38P2R3A13_03571	38P2R3A13_03571	100.000	87	0	0	1	87	1	87	3.32e-60	178
38P2R3A13_03571	38P2R3A13_08022	97.701	87	2	0	1	87	1	87	2.62e-59	176
38P2R3A13_03571	18P3R3A11_03476	97.701	87	2	0	1	87	1	87	2.68e-59	176
38P2R3A13_03574	38P2R3A13_03574	100.000	141	0	0	1	141	1	141	5.99e-98	277
38P2R3A13_03574	38P2R3A13_08323	97.872	141	3	0	1	141	1	141	1.29e-96	274
38P2R3A13_03574	18P3R3A11_03473	97.163	141	4	0	1	141	1	141	4.47e-96	273
38P2R3A13_03575	38P2R3A13_03575	100.000	233	0	0	1	233	1	233	4.64e-177	485
38P2R3A13_03575	18P3R3A11_03472	95.279	233	11	0	1	233	1	233	3.95e-169	465
38P2R3A13_03576	38P2R3A13_03576	100.000	573	0	0	1	573	1	573	0.0	1177
38P2R3A13_03576	47P2R3A6_02404	97.906	573	12	0	1	573	1	573	0.0	1158
38P2R3A13_03576	18P3R3A11_03471	97.208	573	16	0	1	573	1	573	0.0	1152
38P2R3A13_03576	38P2R3A13_08321	97.723	527	12	0	47	573	1	527	0.0	1064
38P2R3A13_03577	38P2R3A13_03577	100.000	236	0	0	1	236	1	236	1.07e-175	482
38P2R3A13_03578	38P2R3A13_03578	100.000	135	0	0	1	135	1	135	1.95e-95	271
38P2R3A13_03578	38P2R3A13_08236	97.037	135	4	0	1	135	1	135	5.44e-92	262
38P2R3A13_03578	18P3R3A11_03469	96.296	135	5	0	1	135	1	135	8.44e-92	261
38P2R3A13_03579	38P2R3A13_03579	100.000	272	0	0	1	272	1	272	0.0	542
38P2R3A13_03579	18P3R3A11_03468	97.059	272	8	0	1	272	1	272	0.0	530
38P2R3A13_03579	10P3R2A13_03530	97.059	272	8	0	1	272	1	272	0.0	526
38P2R3A13_03582	38P2R3A13_03582	100.000	189	0	0	1	189	1	189	4.95e-143	395
38P2R3A13_03582	18P3R3A11_03465	96.825	189	6	0	1	189	1	189	1.58e-138	384
38P2R3A13_03582	47P2R3A6_02398	95.767	189	8	0	1	189	1	189	6.79e-138	382
38P2R3A13_03583	38P2R3A13_03583	100.000	267	0	0	1	267	1	267	0.0	546
38P2R3A13_03584	38P2R3A13_03584	100.000	607	0	0	1	607	1	607	0.0	1254
38P2R3A13_03586	38P2R3A13_03586	100.000	304	0	0	1	304	1	304	0.0	591
38P2R3A13_03586	56P2R2A4_00036	95.724	304	13	0	1	304	1	304	0.0	572
38P2R3A13_03587	38P2R3A13_03587	100.000	305	0	0	1	305	1	305	0.0	587
38P2R3A13_03588	38P2R3A13_03588	100.000	164	0	0	1	164	1	164	1.91e-121	338
38P2R3A13_03589	38P2R3A13_03589	100.000	472	0	0	1	472	1	472	0.0	978
38P2R3A13_03589	38P2R3A13_01577	96.398	472	17	0	1	472	1	472	0.0	944
38P2R3A13_03590	38P2R3A13_03590	100.000	234	0	0	1	234	1	234	3.80e-173	475
38P2R3A13_03591	38P2R3A13_03591	100.000	389	0	0	1	389	1	389	0.0	791
38P2R3A13_03592	38P2R3A13_03592	100.000	288	0	0	1	288	1	288	0.0	583
38P2R3A13_03593	38P2R3A13_03593	100.000	539	0	0	1	539	1	539	0.0	1101
38P2R3A13_03594	38P2R3A13_03594	100.000	240	0	0	1	240	1	240	0.0	496
38P2R3A13_03594	38P2R3A13_01572	97.083	240	7	0	1	240	1	240	7.81e-177	485
38P2R3A13_03594	18P3R3A11_01581	96.250	240	9	0	1	240	1	240	1.65e-176	484
38P2R3A13_03595	38P2R3A13_03595	100.000	321	0	0	1	321	1	321	0.0	661
38P2R3A13_03596	38P2R3A13_03596	100.000	927	0	0	1	927	1	927	0.0	1896
38P2R3A13_03596	18P3R3A11_01579	95.568	925	41	0	1	925	1	925	0.0	1777
38P2R3A13_03596	38P2R3A13_01570	96.000	925	37	0	1	925	1	925	0.0	1771
38P2R3A13_03597	38P2R3A13_03597	100.000	520	0	0	1	520	1	520	0.0	1024
38P2R3A13_03597	38P2R3A13_01569	98.012	503	10	0	18	520	1	503	0.0	974
38P2R3A13_03597	18P3R3A11_01578	99.374	479	3	0	42	520	1	479	0.0	933
38P2R3A13_03598	38P2R3A13_03598	100.000	550	0	0	1	550	1	550	0.0	1145
38P2R3A13_03598	18P3R3A11_01577	98.000	550	11	0	1	550	1	550	0.0	1126
38P2R3A13_03599	38P2R3A13_03599	100.000	298	0	0	1	298	1	298	0.0	609
38P2R3A13_03600	38P2R3A13_03600	100.000	436	0	0	1	436	1	436	0.0	901
38P2R3A13_03601	38P2R3A13_03601	100.000	438	0	0	1	438	1	438	0.0	872
38P2R3A13_03601	38P2R3A13_01567	97.032	438	13	0	1	438	1	438	0.0	847
38P2R3A13_03602	38P2R3A13_03602	100.000	263	0	0	1	263	1	263	0.0	528
38P2R3A13_03603	38P2R3A13_03603	100.000	300	0	0	1	300	1	300	0.0	617
38P2R3A13_03604	38P2R3A13_03604	100.000	169	0	0	1	169	1	169	2.21e-117	329
38P2R3A13_03605	38P2R3A13_03605	100.000	645	0	0	1	645	1	645	0.0	1303
38P2R3A13_03606	38P2R3A13_03606	100.000	302	0	0	1	302	1	302	0.0	622
38P2R3A13_03607	38P2R3A13_03607	100.000	299	0	0	1	299	1	299	0.0	600
38P2R3A13_03608	38P2R3A13_03608	100.000	192	0	0	1	192	1	192	9.24e-143	395
38P2R3A13_03609	38P2R3A13_03609	100.000	117	0	0	1	117	1	117	1.45e-80	231
38P2R3A13_03610	38P2R3A13_03610	100.000	242	0	0	1	242	1	242	0.0	497
38P2R3A13_03611	38P2R3A13_03611	100.000	543	0	0	1	543	1	543	0.0	1099
38P2R3A13_03612	38P2R3A13_03612	100.000	298	0	0	1	298	1	298	0.0	596
38P2R3A13_03613	38P2R3A13_03613	100.000	550	0	0	1	550	1	550	0.0	1113
38P2R3A13_03614	38P2R3A13_03614	100.000	307	0	0	1	307	1	307	0.0	629
38P2R3A13_03615	38P2R3A13_03615	100.000	374	0	0	1	374	1	374	0.0	748
38P2R3A13_03616	38P2R3A13_03616	100.000	233	0	0	1	233	1	233	2.32e-172	473
38P2R3A13_03617	38P2R3A13_03617	100.000	261	0	0	1	261	1	261	0.0	526
38P2R3A13_03618	38P2R3A13_03618	100.000	246	0	0	1	246	1	246	0.0	495
38P2R3A13_03619	38P2R3A13_03619	100.000	398	0	0	1	398	1	398	0.0	800
38P2R3A13_03620	38P2R3A13_03620	100.000	243	0	0	1	243	1	243	2.96e-180	494
38P2R3A13_03621	38P2R3A13_03621	100.000	122	0	0	1	122	1	122	3.67e-85	243
