38P2R3A13_03622	38P2R3A13_03622	100.000	137	0	0	1	137	1	137	2.53e-98	278
38P2R3A13_03623	38P2R3A13_03623	100.000	233	0	0	1	233	1	233	6.99e-168	462
38P2R3A13_03624	38P2R3A13_03624	100.000	100	0	0	1	100	1	100	5.86e-68	198
38P2R3A13_03625	38P2R3A13_03625	100.000	148	0	0	1	148	1	148	5.67e-108	303
38P2R3A13_03626	38P2R3A13_03626	100.000	107	0	0	1	107	1	107	1.68e-73	213
38P2R3A13_03627	38P2R3A13_03627	100.000	136	0	0	1	136	1	136	9.17e-98	276
38P2R3A13_03628	38P2R3A13_03628	100.000	488	0	0	1	488	1	488	0.0	984
38P2R3A13_03629	38P2R3A13_03629	100.000	507	0	0	1	507	1	507	0.0	1012
38P2R3A13_03630	38P2R3A13_03630	100.000	145	0	0	1	145	1	145	6.31e-106	298
38P2R3A13_03631	38P2R3A13_03631	100.000	632	0	0	1	632	1	632	0.0	1283
38P2R3A13_03632	38P2R3A13_03632	100.000	388	0	0	1	388	1	388	0.0	785
38P2R3A13_03633	38P2R3A13_03633	100.000	164	0	0	1	164	1	164	7.36e-116	325
38P2R3A13_03634	38P2R3A13_03634	100.000	269	0	0	1	269	1	269	0.0	550
38P2R3A13_03635	38P2R3A13_03635	100.000	175	0	0	1	175	1	175	5.58e-129	358
38P2R3A13_03636	38P2R3A13_03636	100.000	260	0	0	1	260	1	260	0.0	502
38P2R3A13_03637	38P2R3A13_03637	100.000	90	0	0	1	90	1	90	1.93e-57	171
38P2R3A13_03638	38P2R3A13_03638	100.000	247	0	0	1	247	1	247	1.34e-174	480
38P2R3A13_03639	38P2R3A13_03639	100.000	124	0	0	1	124	1	124	5.27e-84	241
38P2R3A13_03640	38P2R3A13_03640	100.000	128	0	0	1	128	1	128	4.51e-90	256
38P2R3A13_03641	38P2R3A13_03641	100.000	331	0	0	1	331	1	331	0.0	683
38P2R3A13_03642	38P2R3A13_03642	100.000	169	0	0	1	169	1	169	1.07e-124	347
38P2R3A13_03643	38P2R3A13_03643	100.000	350	0	0	1	350	1	350	0.0	697
38P2R3A13_03644	38P2R3A13_03644	100.000	150	0	0	1	150	1	150	1.57e-107	302
38P2R3A13_03645	38P2R3A13_03645	100.000	455	0	0	1	455	1	455	0.0	914
38P2R3A13_03646	38P2R3A13_03646	100.000	235	0	0	1	235	1	235	1.14e-171	471
38P2R3A13_03647	38P2R3A13_03647	100.000	329	0	0	1	329	1	329	0.0	660
38P2R3A13_03648	38P2R3A13_03648	100.000	560	0	0	1	560	1	560	0.0	1142
38P2R3A13_03649	38P2R3A13_03649	100.000	112	0	0	1	112	1	112	1.12e-78	226
38P2R3A13_03650	38P2R3A13_03650	100.000	285	0	0	1	285	1	285	0.0	588
38P2R3A13_03651	38P2R3A13_03651	100.000	352	0	0	1	352	1	352	0.0	711
38P2R3A13_03652	38P2R3A13_03652	100.000	129	0	0	1	129	1	129	2.99e-91	259
38P2R3A13_03653	38P2R3A13_03653	100.000	213	0	0	1	213	1	213	1.51e-155	429
38P2R3A13_03654	38P2R3A13_03654	100.000	382	0	0	1	382	1	382	0.0	778
38P2R3A13_03655	38P2R3A13_03655	100.000	698	0	0	1	698	1	698	0.0	1405
38P2R3A13_03656	38P2R3A13_03656	100.000	137	0	0	1	137	1	137	3.94e-97	275
38P2R3A13_03657	38P2R3A13_03657	100.000	727	0	0	1	727	1	727	0.0	1458
38P2R3A13_03658	38P2R3A13_03658	100.000	224	0	0	1	224	1	224	5.51e-170	466
38P2R3A13_03659	38P2R3A13_03659	100.000	402	0	0	1	402	1	402	0.0	813
38P2R3A13_03660	38P2R3A13_03660	100.000	127	0	0	1	127	1	127	2.36e-90	257
38P2R3A13_03661	38P2R3A13_03661	100.000	266	0	0	1	266	1	266	0.0	539
38P2R3A13_03662	38P2R3A13_03662	100.000	404	0	0	1	404	1	404	0.0	779
38P2R3A13_03663	38P2R3A13_03663	100.000	581	0	0	1	581	1	581	0.0	1195
38P2R3A13_03664	38P2R3A13_03664	100.000	316	0	0	1	316	1	316	0.0	652
38P2R3A13_03665	38P2R3A13_03665	100.000	581	0	0	1	581	1	581	0.0	1196
38P2R3A13_03666	38P2R3A13_03666	100.000	442	0	0	1	442	1	442	0.0	924
38P2R3A13_03667	38P2R3A13_03667	100.000	730	0	0	1	730	1	730	0.0	1496
38P2R3A13_03667	18P3R3A11_01564	96.438	730	26	0	1	730	1	730	0.0	1454
38P2R3A13_03667	38P2R3A13_01557	96.575	730	25	0	1	730	1	730	0.0	1453
38P2R3A13_03669	38P2R3A13_03669	100.000	257	0	0	1	257	1	257	0.0	525
38P2R3A13_03670	38P2R3A13_03670	100.000	317	0	0	1	317	1	317	0.0	642
38P2R3A13_03670	18P3R3A11_04590	97.476	317	8	0	1	317	1	317	0.0	627
38P2R3A13_03673	38P2R3A13_03673	100.000	300	0	0	1	300	1	300	0.0	608
38P2R3A13_03674	38P2R3A13_03674	100.000	439	0	0	1	439	1	439	0.0	881
38P2R3A13_03674	18P3R3A11_04527	95.216	439	21	0	1	439	1	439	0.0	845
38P2R3A13_03674	56P2R2A4_04211	95.423	437	19	1	1	437	1	436	0.0	841
38P2R3A13_03675	38P2R3A13_03675	100.000	485	0	0	1	485	1	485	0.0	1003
38P2R3A13_03675	18P3R3A11_04526	97.732	485	11	0	1	485	1	485	0.0	986
38P2R3A13_03675	15P1R1A16_03113	97.667	300	7	0	186	485	1	300	0.0	611
38P2R3A13_03676	38P2R3A13_03676	100.000	591	0	0	1	591	1	591	0.0	1220
38P2R3A13_03678	38P2R3A13_03678	100.000	481	0	0	1	481	1	481	0.0	955
38P2R3A13_03678	38P2R3A13_01523	98.690	458	6	0	2	459	24	481	0.0	899
38P2R3A13_03678	56P2R2A4_04165	98.693	459	6	0	1	459	1	459	0.0	898
38P2R3A13_03678	52P2R3A10_04329	98.690	458	6	0	2	459	13	470	0.0	897
38P2R3A13_03678	18P3R3A11_03463	97.168	459	13	0	1	459	1	459	0.0	891
38P2R3A13_03680	38P2R3A13_03680	100.000	322	0	0	1	322	1	322	0.0	654
38P2R3A13_03681	38P2R3A13_03681	100.000	238	0	0	1	238	1	238	2.28e-178	489
38P2R3A13_03682	38P2R3A13_03682	100.000	539	0	0	1	539	1	539	0.0	1115
38P2R3A13_03682	38P2R3A13_02746	97.032	539	16	0	1	539	1	539	0.0	1081
38P2R3A13_03682	18P3R3A11_00776	95.918	539	22	0	1	539	1	539	0.0	1075
38P2R3A13_03683	38P2R3A13_03683	100.000	252	0	0	1	252	1	252	0.0	517
38P2R3A13_03684	38P2R3A13_03684	100.000	189	0	0	1	189	1	189	1.02e-140	389
38P2R3A13_03684	38P2R3A13_02749	96.257	187	7	0	2	188	1	187	3.54e-135	375
38P2R3A13_03685	38P2R3A13_03685	100.000	411	0	0	1	411	1	411	0.0	853
38P2R3A13_03686	38P2R3A13_03686	100.000	710	0	0	1	710	1	710	0.0	1457
38P2R3A13_03687	38P2R3A13_03687	100.000	384	0	0	1	384	1	384	0.0	776
38P2R3A13_03688	38P2R3A13_03688	100.000	328	0	0	1	328	1	328	0.0	669
38P2R3A13_03688	38P2R3A13_02754	96.951	328	10	0	1	328	1	328	0.0	650
38P2R3A13_03689	38P2R3A13_03689	100.000	61	0	0	1	61	1	61	1.80e-36	116
38P2R3A13_03689	47P2R3A6_00996	96.721	61	2	0	1	61	1	61	3.60e-34	110
38P2R3A13_03690	38P2R3A13_03690	100.000	458	0	0	1	458	1	458	0.0	934
38P2R3A13_03690	18P3R3A11_00803	96.507	458	16	0	1	458	1	458	0.0	909
38P2R3A13_03690	38P2R3A13_02755	96.288	458	17	0	1	458	1	458	0.0	901
38P2R3A13_03690	37P2R3-2A1_01051	96.767	433	14	0	26	458	1	433	0.0	861
38P2R3A13_03692	38P2R3A13_03692	100.000	115	0	0	1	115	1	115	2.50e-80	231
38P2R3A13_03693	38P2R3A13_03693	100.000	150	0	0	1	150	1	150	4.54e-112	314
38P2R3A13_03694	38P2R3A13_03694	100.000	66	0	0	1	66	1	66	1.06e-40	127
38P2R3A13_03694	38P2R3A13_00005	95.455	66	3	0	1	66	1	66	1.10e-38	122
38P2R3A13_03695	38P2R3A13_03695	100.000	138	0	0	1	138	1	138	5.66e-101	285
38P2R3A13_03696	38P2R3A13_03696	100.000	66	0	0	1	66	1	66	1.28e-42	132
38P2R3A13_03697	38P2R3A13_03697	100.000	69	0	0	1	69	1	69	3.33e-43	134
38P2R3A13_03698	38P2R3A13_03698	100.000	370	0	0	1	370	1	370	0.0	747
38P2R3A13_03698	38P2R3A13_00008	95.676	370	16	0	1	370	1	370	0.0	721
38P2R3A13_03699	38P2R3A13_03699	100.000	1175	0	0	1	1175	1	1175	0.0	2442
38P2R3A13_03699	38P2R3A13_00009	96.426	1175	42	0	1	1175	1	1175	0.0	2361
38P2R3A13_03699	18P3R3A11_00809	95.404	1175	54	0	1	1175	1	1175	0.0	2343
38P2R3A13_03701	38P2R3A13_03701	100.000	146	0	0	1	146	1	146	2.90e-104	294
38P2R3A13_03702	38P2R3A13_03702	100.000	43	0	0	1	43	1	43	1.18e-24	85.1
38P2R3A13_03703	38P2R3A13_03703	100.000	337	0	0	1	337	1	337	0.0	667
38P2R3A13_03705	38P2R3A13_03705	100.000	63	0	0	1	63	1	63	4.78e-43	132
38P2R3A13_03706	38P2R3A13_03706	100.000	470	0	0	1	470	1	470	0.0	971
38P2R3A13_03706	38P2R3A13_00016	97.234	470	13	0	1	470	1	470	0.0	949
38P2R3A13_03706	18P3R3A11_00817	97.234	470	13	0	1	470	1	470	0.0	949
38P2R3A13_03707	38P2R3A13_03707	100.000	382	0	0	1	382	1	382	0.0	794
38P2R3A13_03707	38P2R3A13_00017	97.644	382	9	0	1	382	1	382	0.0	775
38P2R3A13_03707	18P3R3A11_00819	95.288	382	18	0	1	382	1	382	0.0	759
38P2R3A13_03708	38P2R3A13_03708	100.000	338	0	0	1	338	1	338	0.0	694
38P2R3A13_03709	38P2R3A13_03709	100.000	315	0	0	1	315	1	315	0.0	617
38P2R3A13_03711	38P2R3A13_03711	100.000	475	0	0	1	475	1	475	0.0	974
38P2R3A13_03711	38P2R3A13_00021	95.789	475	20	0	1	475	1	475	0.0	914
38P2R3A13_03712	38P2R3A13_03712	100.000	253	0	0	1	253	1	253	0.0	520
38P2R3A13_03713	38P2R3A13_03713	100.000	725	0	0	1	725	1	725	0.0	1474
38P2R3A13_03714	38P2R3A13_03714	100.000	994	0	0	1	994	1	994	0.0	2045
38P2R3A13_03714	18P3R3A11_00830	96.378	994	36	0	1	994	1	994	0.0	1980
38P2R3A13_03714	38P2R3A13_00024	95.875	994	41	0	1	994	1	994	0.0	1972
38P2R3A13_03715	38P2R3A13_03715	100.000	451	0	0	1	451	1	451	0.0	906
38P2R3A13_03716	38P2R3A13_03716	100.000	533	0	0	1	533	1	533	0.0	1099
38P2R3A13_03716	18P3R3A11_00832	96.248	533	20	0	1	533	1	533	0.0	1066
38P2R3A13_03716	38P2R3A13_00026	95.872	533	22	0	1	533	1	533	0.0	1031
38P2R3A13_03717	38P2R3A13_03717	100.000	78	0	0	1	78	1	78	2.61e-51	154
38P2R3A13_03718	38P2R3A13_03718	100.000	150	0	0	1	150	1	150	6.14e-100	283
38P2R3A13_03718	38P2R3A13_00028	98.000	150	3	0	1	150	1	150	3.93e-98	278
38P2R3A13_03718	18P3R3A11_00834	96.000	150	6	0	1	150	1	150	6.30e-97	276
38P2R3A13_03719	38P2R3A13_03719	100.000	173	0	0	1	173	1	173	1.09e-129	360
38P2R3A13_03720	38P2R3A13_03720	100.000	185	0	0	1	185	1	185	1.22e-136	379
38P2R3A13_03720	38P2R3A13_00030	98.378	185	3	0	1	185	8	192	4.65e-134	372
38P2R3A13_03721	38P2R3A13_03721	100.000	347	0	0	1	347	1	347	0.0	710
38P2R3A13_03722	38P2R3A13_03722	100.000	223	0	0	1	223	1	223	1.28e-166	457
38P2R3A13_03723	38P2R3A13_03723	100.000	705	0	0	1	705	1	705	0.0	1453
38P2R3A13_03723	56P2R2A4_00556	97.021	705	21	0	1	705	1	705	0.0	1417
38P2R3A13_03723	18P3R3A11_00839	95.177	705	34	0	1	705	1	705	0.0	1370
38P2R3A13_03724	38P2R3A13_03724	100.000	354	0	0	1	354	1	354	0.0	723
38P2R3A13_03725	38P2R3A13_03725	100.000	499	0	0	1	499	1	499	0.0	1004
38P2R3A13_03725	18P3R3A11_00841	97.796	499	11	0	1	499	1	499	0.0	983
38P2R3A13_03726	38P2R3A13_03726	100.000	518	0	0	1	518	1	518	0.0	1065
38P2R3A13_03727	38P2R3A13_03727	100.000	180	0	0	1	180	1	180	2.15e-133	370
38P2R3A13_03728	38P2R3A13_03728	100.000	340	0	0	1	340	1	340	0.0	681
38P2R3A13_03729	38P2R3A13_03729	100.000	374	0	0	1	374	1	374	0.0	760
38P2R3A13_03729	18P3R3A11_00846	95.187	374	18	0	1	374	1	374	0.0	704
38P2R3A13_03730	38P2R3A13_03730	100.000	439	0	0	1	439	1	439	0.0	898
38P2R3A13_03730	38P2R3A13_00043	95.672	439	19	0	1	439	1	439	0.0	866
38P2R3A13_03730	18P3R3A11_00847	95.672	439	19	0	1	439	1	439	0.0	862
38P2R3A13_03731	38P2R3A13_03731	100.000	311	0	0	1	311	1	311	0.0	622
38P2R3A13_03732	38P2R3A13_03732	100.000	170	0	0	1	170	1	170	1.66e-123	344
38P2R3A13_03733	38P2R3A13_03733	100.000	309	0	0	1	309	1	309	0.0	605
38P2R3A13_03734	38P2R3A13_03734	100.000	258	0	0	1	258	1	258	0.0	521
38P2R3A13_03734	18P3R3A11_00851	97.674	258	6	0	1	258	1	258	0.0	508
38P2R3A13_03735	38P2R3A13_03735	100.000	296	0	0	1	296	1	296	0.0	595
38P2R3A13_03736	38P2R3A13_03736	100.000	206	0	0	1	206	1	206	8.02e-154	424
38P2R3A13_03737	38P2R3A13_03737	100.000	77	0	0	1	77	1	77	6.49e-53	159
38P2R3A13_03738	38P2R3A13_03738	100.000	100	0	0	1	100	1	100	1.28e-69	202
38P2R3A13_03739	38P2R3A13_03739	100.000	700	0	0	1	700	1	700	0.0	1435
38P2R3A13_03739	38P2R3A13_00059	97.000	700	21	0	1	700	1	700	0.0	1404
38P2R3A13_03739	18P3R3A11_00861	96.143	700	27	0	1	700	1	700	0.0	1392
38P2R3A13_03740	38P2R3A13_03740	100.000	192	0	0	1	192	1	192	2.32e-142	394
38P2R3A13_03741	38P2R3A13_03741	100.000	282	0	0	1	282	1	282	0.0	587
38P2R3A13_03742	38P2R3A13_03742	100.000	227	0	0	1	227	1	227	1.33e-166	458
38P2R3A13_03743	38P2R3A13_03743	100.000	232	0	0	1	232	1	232	7.02e-172	472
38P2R3A13_03744	38P2R3A13_03744	100.000	515	0	0	1	515	1	515	0.0	1075
38P2R3A13_03744	18P3R3A11_00867	95.146	515	25	0	1	515	1	515	0.0	1030
38P2R3A13_03745	38P2R3A13_03745	100.000	1247	0	0	1	1247	1	1247	0.0	2605
38P2R3A13_03745	18P3R3A11_00868	96.231	1247	47	0	1	1247	1	1247	0.0	2523
38P2R3A13_03746	38P2R3A13_03746	100.000	462	0	0	1	462	1	462	0.0	914
38P2R3A13_03747	38P2R3A13_03747	100.000	192	0	0	1	192	1	192	6.39e-141	390
38P2R3A13_03748	38P2R3A13_03748	100.000	496	0	0	1	496	1	496	0.0	949
38P2R3A13_03749	38P2R3A13_03749	100.000	153	0	0	1	153	1	153	1.21e-114	320
38P2R3A13_03750	38P2R3A13_03750	100.000	358	0	0	1	358	1	358	0.0	714
38P2R3A13_03751	38P2R3A13_03751	100.000	293	0	0	1	293	1	293	0.0	579
38P2R3A13_03753	38P2R3A13_03753	100.000	804	0	0	1	804	1	804	0.0	1678
38P2R3A13_03754	38P2R3A13_03754	100.000	295	0	0	1	295	1	295	0.0	615
38P2R3A13_03754	18P3R3A11_00884	95.439	285	13	0	1	285	1	285	0.0	575
38P2R3A13_03755	38P2R3A13_03755	100.000	218	0	0	1	218	1	218	1.75e-161	444
38P2R3A13_03756	38P2R3A13_03756	100.000	273	0	0	1	273	1	273	0.0	557
38P2R3A13_03757	38P2R3A13_03757	100.000	393	0	0	1	393	1	393	0.0	767
38P2R3A13_03758	38P2R3A13_03758	100.000	401	0	0	1	401	1	401	0.0	819
38P2R3A13_03759	38P2R3A13_03759	100.000	169	0	0	1	169	1	169	1.70e-126	352
38P2R3A13_03760	38P2R3A13_03760	100.000	337	0	0	1	337	1	337	0.0	687
38P2R3A13_03760	18P3R3A11_00896	97.923	337	7	0	1	337	1	337	0.0	674
38P2R3A13_03760	56P2R2A4_00611	96.736	337	11	0	1	337	1	337	0.0	671
38P2R3A13_03761	38P2R3A13_03761	100.000	570	0	0	1	570	1	570	0.0	1154
38P2R3A13_03762	38P2R3A13_03762	100.000	259	0	0	1	259	1	259	0.0	528
38P2R3A13_03762	38P2R3A13_02487	97.297	259	7	0	1	259	1	259	0.0	516
38P2R3A13_03762	18P3R3A11_01475	96.094	256	10	0	4	259	3	258	0.0	506
38P2R3A13_03764	38P2R3A13_03764	100.000	214	0	0	1	214	1	214	4.06e-161	443
38P2R3A13_03765	38P2R3A13_03765	100.000	151	0	0	1	151	1	151	2.95e-108	304
38P2R3A13_03765	18P3R3A11_01472	95.556	135	6	0	1	135	1	135	2.63e-92	264
38P2R3A13_03767	38P2R3A13_03767	100.000	182	0	0	1	182	1	182	9.13e-134	371
38P2R3A13_03767	38P2R3A13_02482	95.604	182	8	0	1	182	1	182	7.56e-129	359
38P2R3A13_03769	38P2R3A13_03769	100.000	161	0	0	1	161	1	161	1.18e-109	308
38P2R3A13_03770	38P2R3A13_03770	100.000	764	0	0	1	764	1	764	0.0	1584
38P2R3A13_03771	38P2R3A13_03771	100.000	184	0	0	1	184	1	184	2.08e-137	380
38P2R3A13_03772	38P2R3A13_03772	100.000	247	0	0	1	247	1	247	0.0	514
38P2R3A13_03773	38P2R3A13_03773	100.000	158	0	0	1	158	1	158	9.48e-118	329
38P2R3A13_03774	38P2R3A13_03774	100.000	169	0	0	1	169	1	169	2.11e-123	344
38P2R3A13_03775	38P2R3A13_03775	100.000	598	0	0	1	598	1	598	0.0	1207
38P2R3A13_03775	38P2R3A13_02477	95.676	555	24	0	44	598	1	555	0.0	1008
38P2R3A13_03776	38P2R3A13_03776	100.000	147	0	0	1	147	1	147	6.08e-107	301
38P2R3A13_03777	38P2R3A13_03777	100.000	426	0	0	1	426	1	426	0.0	874
38P2R3A13_03778	38P2R3A13_03778	100.000	489	0	0	1	489	1	489	0.0	1010
38P2R3A13_03778	18P3R3A11_01459	96.728	489	16	0	1	489	1	489	0.0	986
38P2R3A13_03778	10P3R2A13_02209	96.115	489	19	0	1	489	1	489	0.0	979
38P2R3A13_03778	42P1R1A12_02261	95.297	489	23	0	1	489	1	489	0.0	962
38P2R3A13_03779	38P2R3A13_03779	100.000	286	0	0	1	286	1	286	0.0	600
38P2R3A13_03779	18P3R3A11_01458	96.113	283	11	0	1	283	1	283	0.0	579
38P2R3A13_03779	37P2R3-2A1_02268	95.760	283	12	0	1	283	1	283	0.0	574
38P2R3A13_03780	38P2R3A13_03780	100.000	127	0	0	1	127	1	127	3.08e-93	264
38P2R3A13_03781	38P2R3A13_03781	100.000	268	0	0	1	268	1	268	0.0	553
38P2R3A13_03781	38P2R3A13_02471	97.015	268	8	0	1	268	1	268	0.0	543
38P2R3A13_03781	18P3R3A11_01456	95.522	268	12	0	1	268	1	268	0.0	535
38P2R3A13_03781	15P1R1A16_04521	97.500	200	5	0	69	268	1	200	3.37e-145	405
38P2R3A13_03782	38P2R3A13_03782	100.000	266	0	0	1	266	1	266	0.0	535
38P2R3A13_03783	38P2R3A13_03783	100.000	451	0	0	1	451	1	451	0.0	911
38P2R3A13_03784	38P2R3A13_03784	100.000	304	0	0	1	304	1	304	0.0	626
38P2R3A13_03784	56P2R2A4_02502	96.644	298	10	0	1	298	1	298	0.0	597
38P2R3A13_03784	18P3R3A11_01453	96.959	296	9	0	1	296	1	296	0.0	597
38P2R3A13_03786	38P2R3A13_03786	100.000	170	0	0	1	170	1	170	2.66e-127	354
38P2R3A13_03787	38P2R3A13_03787	100.000	306	0	0	1	306	1	306	0.0	630
38P2R3A13_03789	38P2R3A13_03789	100.000	87	0	0	1	87	1	87	1.06e-61	181
38P2R3A13_03789	18P3R3A11_01448	100.000	68	0	0	20	87	1	68	1.21e-46	143
38P2R3A13_03790	38P2R3A13_03790	100.000	318	0	0	1	318	1	318	0.0	652
38P2R3A13_03791	38P2R3A13_03791	100.000	453	0	0	1	453	1	453	0.0	914
38P2R3A13_03792	38P2R3A13_03792	100.000	182	0	0	1	182	1	182	2.82e-128	357
38P2R3A13_03793	38P2R3A13_03793	100.000	107	0	0	1	107	1	107	6.65e-76	219
38P2R3A13_03794	38P2R3A13_03794	100.000	457	0	0	1	457	1	457	0.0	941
38P2R3A13_03794	38P2R3A13_05190	96.280	457	17	0	1	457	1	457	0.0	912
38P2R3A13_03794	37P2R3-2A1_02254	95.624	457	20	0	1	457	1	457	0.0	905
38P2R3A13_03795	38P2R3A13_03795	100.000	251	0	0	1	251	1	251	0.0	521
38P2R3A13_03796	38P2R3A13_03796	100.000	218	0	0	1	218	1	218	1.97e-153	424
38P2R3A13_03797	38P2R3A13_03797	100.000	424	0	0	1	424	1	424	0.0	858
38P2R3A13_03797	56P2R2A4_02519	96.698	424	14	0	1	424	1	424	0.0	837
38P2R3A13_03797	18P3R3A11_01441	95.991	424	17	0	1	424	1	424	0.0	800
38P2R3A13_03797	38P2R3A13_05186	95.012	421	21	0	1	421	1	421	0.0	797
38P2R3A13_03798	38P2R3A13_03798	100.000	359	0	0	1	359	1	359	0.0	724
38P2R3A13_03798	38P2R3A13_05182	95.170	352	17	0	1	352	1	352	0.0	684
38P2R3A13_03799	38P2R3A13_03799	100.000	355	0	0	1	355	1	355	0.0	727
38P2R3A13_03799	18P3R3A11_01439	96.056	355	14	0	1	355	1	355	0.0	707
38P2R3A13_03800	38P2R3A13_03800	100.000	157	0	0	1	157	1	157	1.29e-113	318
38P2R3A13_03801	38P2R3A13_03801	100.000	232	0	0	1	232	1	232	1.38e-172	473
38P2R3A13_03802	38P2R3A13_03802	100.000	126	0	0	1	126	1	126	3.89e-89	254
38P2R3A13_03803	38P2R3A13_03803	100.000	108	0	0	1	108	1	108	1.38e-75	218
38P2R3A13_03804	38P2R3A13_03804	100.000	472	0	0	1	472	1	472	0.0	954
38P2R3A13_03805	38P2R3A13_03805	100.000	301	0	0	1	301	1	301	0.0	602
38P2R3A13_03806	38P2R3A13_03806	100.000	160	0	0	1	160	1	160	1.83e-116	326
38P2R3A13_03806	18P3R3A11_01432	95.625	160	7	0	1	160	1	160	8.78e-112	314
38P2R3A13_03807	38P2R3A13_03807	100.000	463	0	0	1	463	1	463	0.0	957
38P2R3A13_03808	38P2R3A13_03808	100.000	85	0	0	1	85	1	85	5.20e-57	169
38P2R3A13_03809	38P2R3A13_03809	100.000	54	0	0	1	54	1	54	1.42e-34	110
38P2R3A13_03810	38P2R3A13_03810	100.000	472	0	0	1	472	1	472	0.0	978
38P2R3A13_03810	18P3R3A11_01429	97.246	472	13	0	1	472	1	472	0.0	958
38P2R3A13_03811	38P2R3A13_03811	100.000	697	0	0	1	697	1	697	0.0	1441
38P2R3A13_03812	38P2R3A13_03812	100.000	318	0	0	1	318	1	318	0.0	651
38P2R3A13_03813	38P2R3A13_03813	100.000	78	0	0	1	78	1	78	2.38e-53	160
38P2R3A13_03814	38P2R3A13_03814	100.000	65	0	0	1	65	1	65	3.52e-42	130
38P2R3A13_03815	38P2R3A13_03815	100.000	374	0	0	1	374	1	374	0.0	768
38P2R3A13_03815	18P3R3A11_01428	95.187	374	18	0	1	374	1	374	0.0	737
38P2R3A13_03815	56P2R2A4_02532	95.455	374	17	0	1	374	1	374	0.0	737
38P2R3A13_03816	38P2R3A13_03816	100.000	201	0	0	1	201	1	201	3.56e-148	409
38P2R3A13_03816	18P3R3A11_01427	97.512	201	5	0	1	201	1	201	7.13e-146	404
38P2R3A13_03817	38P2R3A13_03817	100.000	257	0	0	1	257	1	257	0.0	517
38P2R3A13_03818	38P2R3A13_03818	100.000	129	0	0	1	129	1	129	7.05e-94	266
38P2R3A13_03819	38P2R3A13_03819	100.000	465	0	0	1	465	1	465	0.0	954
38P2R3A13_03819	18P3R3A11_01415	97.072	444	13	0	1	444	1	444	0.0	887
38P2R3A13_03820	38P2R3A13_03820	100.000	363	0	0	1	363	1	363	0.0	757
38P2R3A13_03821	38P2R3A13_03821	100.000	336	0	0	1	336	1	336	0.0	687
38P2R3A13_03821	18P3R3A11_01413	96.131	336	13	0	1	336	1	336	0.0	669
38P2R3A13_03822	38P2R3A13_03822	100.000	142	0	0	1	142	1	142	8.64e-105	295
38P2R3A13_03822	18P3R3A11_01412	95.775	142	6	0	1	142	1	142	1.80e-100	284
38P2R3A13_03822	38P2R3A13_05157	95.070	142	7	0	1	142	1	142	1.07e-99	282
38P2R3A13_03823	38P2R3A13_03823	100.000	335	0	0	1	335	1	335	0.0	692
38P2R3A13_03823	18P3R3A11_01411	97.015	335	10	0	1	335	1	335	0.0	672
38P2R3A13_03824	38P2R3A13_03824	100.000	113	0	0	1	113	1	113	9.83e-75	216
38P2R3A13_03825	38P2R3A13_03825	100.000	149	0	0	1	149	1	149	4.44e-109	306
38P2R3A13_03826	38P2R3A13_03826	100.000	460	0	0	1	460	1	460	0.0	952
38P2R3A13_03827	38P2R3A13_03827	100.000	317	0	0	1	317	1	317	0.0	653
38P2R3A13_03828	38P2R3A13_03828	100.000	338	0	0	1	338	1	338	0.0	700
38P2R3A13_03829	38P2R3A13_03829	100.000	498	0	0	1	498	1	498	0.0	1028
38P2R3A13_03830	38P2R3A13_03830	100.000	422	0	0	1	422	1	422	0.0	873
38P2R3A13_03831	38P2R3A13_03831	100.000	478	0	0	1	478	1	478	0.0	986
38P2R3A13_03832	38P2R3A13_03832	100.000	413	0	0	1	413	1	413	0.0	819
38P2R3A13_03833	38P2R3A13_03833	100.000	332	0	0	1	332	1	332	0.0	683
38P2R3A13_03834	38P2R3A13_03834	100.000	191	0	0	1	191	1	191	2.50e-144	399
38P2R3A13_03835	38P2R3A13_03835	100.000	86	0	0	1	86	1	86	1.93e-59	176
38P2R3A13_03835	32P3R2A9_02326	95.349	86	4	0	1	86	1	86	9.32e-48	146
38P2R3A13_03836	38P2R3A13_03836	100.000	249	0	0	1	249	1	249	0.0	511
38P2R3A13_03837	38P2R3A13_03837	100.000	151	0	0	1	151	1	151	4.58e-113	317
38P2R3A13_03838	38P2R3A13_03838	100.000	292	0	0	1	292	1	292	0.0	606
38P2R3A13_03839	38P2R3A13_03839	100.000	517	0	0	1	517	1	517	0.0	1072
38P2R3A13_03840	38P2R3A13_03840	100.000	930	0	0	1	930	1	930	0.0	1925
38P2R3A13_03841	38P2R3A13_03841	100.000	1396	0	0	1	1396	1	1396	0.0	2890
38P2R3A13_03842	38P2R3A13_03842	100.000	740	0	0	1	740	1	740	0.0	1543
38P2R3A13_03843	38P2R3A13_03843	100.000	351	0	0	1	351	1	351	0.0	727
38P2R3A13_03844	38P2R3A13_03844	100.000	361	0	0	1	361	1	361	0.0	741
38P2R3A13_03844	28P2R1A12_01635	95.122	246	12	0	1	246	59	304	2.08e-168	471
38P2R3A13_03847	38P2R3A13_03847	100.000	168	0	0	1	168	1	168	3.44e-121	338
38P2R3A13_03848	38P2R3A13_03848	100.000	195	0	0	1	195	1	195	3.17e-146	404
38P2R3A13_03848	56P2R2A4_03594	97.949	195	4	0	1	195	1	195	5.63e-144	398
38P2R3A13_03849	38P2R3A13_03849	100.000	90	0	0	1	90	1	90	1.82e-61	181
38P2R3A13_03849	18P3R3A11_04372	97.778	90	2	0	1	90	1	90	2.44e-60	178
38P2R3A13_03850	38P2R3A13_03850	100.000	329	0	0	1	329	1	329	0.0	680
38P2R3A13_03850	38P2R3A13_07896	96.049	329	13	0	1	329	1	329	0.0	658
38P2R3A13_03852	38P2R3A13_03852	100.000	303	0	0	1	303	1	303	0.0	629
38P2R3A13_03853	38P2R3A13_03853	100.000	931	0	0	1	931	1	931	0.0	1904
38P2R3A13_03853	18P3R3A11_04376	97.637	931	22	0	1	931	1	931	0.0	1870
38P2R3A13_03855	38P2R3A13_03855	100.000	172	0	0	1	172	1	172	3.07e-121	339
38P2R3A13_03855	47P2R3A6_04302	95.930	172	7	0	1	172	1	172	1.12e-104	297
38P2R3A13_03855	18P3R3A11_04379	95.930	172	7	0	1	172	1	172	2.52e-104	296
38P2R3A13_03856	38P2R3A13_03856	100.000	458	0	0	1	458	1	458	0.0	952
38P2R3A13_03856	18P3R3A11_04380	96.725	458	15	0	1	458	1	458	0.0	925
38P2R3A13_03856	38P2R3A13_08356	95.415	458	21	0	1	458	1	458	0.0	917
38P2R3A13_03861	38P2R3A13_03861	100.000	200	0	0	1	200	1	200	6.90e-152	419
38P2R3A13_03861	56P2R2A4_03577	98.000	200	4	0	1	200	1	200	6.50e-149	411
38P2R3A13_03862	38P2R3A13_03862	100.000	294	0	0	1	294	1	294	0.0	590
38P2R3A13_03862	37P2R3-2A1_03883	96.259	294	11	0	1	294	1	294	0.0	577
38P2R3A13_03862	18P3R3A11_04313	95.817	263	11	0	32	294	1	263	0.0	506
38P2R3A13_03863	38P2R3A13_03863	100.000	146	0	0	1	146	1	146	1.08e-105	297
38P2R3A13_03863	10P3R2A13_03611	97.945	146	3	0	1	146	1	146	1.76e-103	292
38P2R3A13_03863	38P2R3A13_06622	97.945	146	3	0	1	146	1	146	1.92e-103	291
38P2R3A13_03863	18P3R3A11_04314	97.945	146	3	0	1	146	1	146	5.88e-103	290
38P2R3A13_03863	42P1R1A12_03194	96.575	146	5	0	1	146	1	146	7.48e-103	290
38P2R3A13_03863	31P2R1A5_04682	97.260	146	4	0	1	146	1	146	8.82e-103	290
38P2R3A13_03863	54P2R2A3_04066	96.575	146	5	0	1	146	1	146	8.01e-102	288
38P2R3A13_03863	51P2R2A10_05238	95.205	146	7	0	1	146	1	146	2.13e-101	286
38P2R3A13_03864	38P2R3A13_03864	100.000	314	0	0	1	314	1	314	0.0	653
38P2R3A13_03864	38P2R3A13_06623	97.134	314	9	0	1	314	1	314	0.0	639
38P2R3A13_03864	18P3R3A11_04315	95.410	305	14	0	1	305	1	305	0.0	613
38P2R3A13_03865	38P2R3A13_03865	100.000	104	0	0	1	104	1	104	1.52e-71	207
38P2R3A13_03865	18P3R3A11_04316	96.154	104	4	0	1	104	1	104	8.16e-70	203
38P2R3A13_03866	38P2R3A13_03866	100.000	97	0	0	1	97	1	97	7.97e-68	198
38P2R3A13_03866	18P3R3A11_04317	97.938	97	2	0	1	97	1	97	9.77e-66	192
38P2R3A13_03872	38P2R3A13_03872	100.000	279	0	0	1	279	1	279	0.0	571
38P2R3A13_03872	56P2R2A4_03565	97.491	279	7	0	1	279	1	279	0.0	560
38P2R3A13_03873	38P2R3A13_03873	100.000	71	0	0	1	71	1	71	7.46e-44	135
38P2R3A13_03874	38P2R3A13_03874	100.000	108	0	0	1	108	1	108	1.57e-70	206
38P2R3A13_03875	38P2R3A13_03875	100.000	220	0	0	1	220	1	220	2.83e-155	429
38P2R3A13_03875	18P3R3A11_04330	97.273	220	6	0	1	220	1	220	2.23e-152	421
38P2R3A13_03875	38P2R3A13_06676	96.818	220	7	0	1	220	1	220	4.56e-150	416
38P2R3A13_03877	38P2R3A13_03877	100.000	332	0	0	1	332	1	332	0.0	679
38P2R3A13_03877	18P3R3A11_04332	97.892	332	7	0	1	332	1	332	0.0	666
38P2R3A13_03878	38P2R3A13_03878	100.000	708	0	0	1	708	1	708	0.0	1459
38P2R3A13_03880	38P2R3A13_03880	100.000	105	0	0	1	105	1	105	3.32e-76	219
38P2R3A13_03880	56P2R2A4_03557	96.190	105	4	0	1	105	1	105	2.30e-73	213
38P2R3A13_03881	38P2R3A13_03881	100.000	254	0	0	1	254	1	254	0.0	512
38P2R3A13_03881	56P2R2A4_03556	96.850	254	8	0	1	254	130	383	3.55e-180	499
38P2R3A13_03882	38P2R3A13_03882	100.000	131	0	0	1	131	1	131	2.85e-95	270
38P2R3A13_03882	56P2R2A4_03556	98.214	112	2	0	1	112	1	112	2.27e-75	228
38P2R3A13_03882	18P3R3A11_04336	95.536	112	5	0	1	112	1	112	1.04e-73	224
38P2R3A13_03883	38P2R3A13_03883	100.000	277	0	0	1	277	1	277	0.0	572
38P2R3A13_03883	18P3R3A11_04341	97.818	275	6	0	1	275	1	275	0.0	563
38P2R3A13_03883	37P2R3-2A1_03855	96.364	275	10	0	1	275	1	275	0.0	557
38P2R3A13_03885	38P2R3A13_03885	100.000	490	0	0	1	490	1	490	0.0	1013
38P2R3A13_03886	38P2R3A13_03886	100.000	279	0	0	1	279	1	279	0.0	577
38P2R3A13_03887	38P2R3A13_03887	100.000	283	0	0	1	283	1	283	0.0	591
38P2R3A13_03888	38P2R3A13_03888	100.000	345	0	0	1	345	1	345	0.0	684
38P2R3A13_03888	18P3R3A11_03959	95.942	345	14	0	1	345	1	345	0.0	662
38P2R3A13_03890	38P2R3A13_03890	100.000	225	0	0	1	225	1	225	1.03e-171	471
38P2R3A13_03890	18P3R3A11_03957	97.778	225	5	0	1	225	1	225	3.53e-168	462
38P2R3A13_03890	38P2R3A13_08440	95.556	225	10	0	1	225	1	225	7.65e-165	453
38P2R3A13_03893	38P2R3A13_03893	100.000	169	0	0	1	169	1	169	1.60e-120	337
38P2R3A13_03894	38P2R3A13_03894	100.000	298	0	0	1	298	1	298	0.0	603
38P2R3A13_03894	47P2R3A6_04255	97.987	298	6	0	1	298	1	298	0.0	593
38P2R3A13_03896	38P2R3A13_03896	100.000	330	0	0	1	330	1	330	0.0	674
38P2R3A13_03896	38P2R3A13_08074	96.364	330	12	0	1	330	1	330	0.0	655
38P2R3A13_03896	18P3R3A11_03950	96.970	330	10	0	1	330	1	330	0.0	655
38P2R3A13_03897	38P2R3A13_03897	100.000	248	0	0	1	248	1	248	0.0	514
38P2R3A13_03897	56P2R2A4_03541	97.984	248	5	0	1	248	1	248	0.0	506
38P2R3A13_03897	18P3R3A11_03949	95.690	232	10	0	17	248	17	248	2.78e-170	469
38P2R3A13_03898	38P2R3A13_03898	100.000	435	0	0	1	435	1	435	0.0	846
38P2R3A13_03898	18P3R3A11_03948	97.241	435	12	0	1	435	1	435	0.0	830
38P2R3A13_03900	38P2R3A13_03900	100.000	199	0	0	1	199	1	199	2.16e-145	402
38P2R3A13_03900	38P2R3A13_08131	96.482	199	7	0	1	199	1	199	1.06e-120	340
38P2R3A13_03901	38P2R3A13_03901	100.000	140	0	0	1	140	1	140	2.78e-98	278
38P2R3A13_03902	38P2R3A13_03902	100.000	249	0	0	1	249	1	249	0.0	514
38P2R3A13_03902	38P2R3A13_08129	95.984	249	10	0	1	249	1	249	0.0	502
38P2R3A13_03902	18P3R3A11_03944	95.582	249	11	0	1	249	1	249	0.0	498
38P2R3A13_03904	38P2R3A13_03904	100.000	201	0	0	1	201	1	201	5.89e-149	411
38P2R3A13_03905	38P2R3A13_03905	100.000	277	0	0	1	277	1	277	0.0	572
38P2R3A13_03907	38P2R3A13_03907	100.000	282	0	0	1	282	1	282	0.0	566
38P2R3A13_03907	18P3R3A11_03941	96.809	282	9	0	1	282	1	282	0.0	554
38P2R3A13_03910	38P2R3A13_03910	100.000	307	0	0	1	307	1	307	0.0	610
38P2R3A13_03910	18P3R3A11_03938	97.068	307	9	0	1	307	1	307	0.0	596
38P2R3A13_03910	38P2R3A13_07568	95.765	307	13	0	1	307	1	307	0.0	561
38P2R3A13_03913	38P2R3A13_03913	100.000	296	0	0	1	296	1	296	0.0	590
38P2R3A13_03913	38P2R3A13_07565	95.652	299	10	1	1	296	1	299	0.0	569
38P2R3A13_03914	38P2R3A13_03914	100.000	342	0	0	1	342	1	342	0.0	702
38P2R3A13_03914	18P3R3A11_03934	95.906	342	14	0	1	342	1	342	0.0	657
38P2R3A13_03923	38P2R3A13_03923	100.000	221	0	0	1	221	1	221	5.84e-161	443
38P2R3A13_03923	18P3R3A11_03924	95.928	221	9	0	1	221	1	221	1.01e-146	407
38P2R3A13_03924	38P2R3A13_03924	100.000	255	0	0	1	255	1	255	0.0	522
38P2R3A13_03932	38P2R3A13_03932	100.000	338	0	0	1	338	1	338	0.0	693
38P2R3A13_03932	38P2R3A13_08395	96.746	338	11	0	1	338	1	338	0.0	675
38P2R3A13_03932	31P2R1A5_02573	96.450	338	12	0	1	338	1	338	0.0	672
38P2R3A13_03932	10P3R2A13_03039	96.108	334	13	0	1	334	1	334	0.0	666
38P2R3A13_03932	42P1R1A12_00209	95.821	335	14	0	1	335	1	335	0.0	665
38P2R3A13_03932	18P3R3A11_02089	97.590	332	8	0	7	338	2	333	0.0	664
38P2R3A13_03932	15P1R1A16_04877	97.382	191	5	0	144	334	1	191	3.24e-139	392
38P2R3A13_03933	38P2R3A13_03933	100.000	328	0	0	1	328	1	328	0.0	673
38P2R3A13_03933	18P3R3A11_02090	97.256	328	9	0	1	328	1	328	0.0	657
38P2R3A13_03938	38P2R3A13_03938	100.000	565	0	0	1	565	1	565	0.0	1181
38P2R3A13_03938	18P3R3A11_02095	95.044	565	28	0	1	565	1	565	0.0	1105
38P2R3A13_03938	38P2R3A13_06877	95.044	565	28	0	1	565	1	565	0.0	1103
38P2R3A13_03940	38P2R3A13_03940	100.000	233	0	0	1	233	1	233	8.30e-177	484
38P2R3A13_03940	52P2R3A10_03927	100.000	145	0	0	89	233	1	145	3.09e-106	302
38P2R3A13_03940	56P2R2A4_03490	97.241	145	4	0	89	233	1	145	2.27e-103	295
38P2R3A13_03941	38P2R3A13_03941	100.000	194	0	0	1	194	1	194	1.69e-148	409
38P2R3A13_03942	38P2R3A13_03942	100.000	149	0	0	1	149	1	149	1.77e-111	312
38P2R3A13_03942	56P2R2A4_03488	97.987	149	3	0	1	149	1	149	1.97e-108	305
38P2R3A13_03943	38P2R3A13_03943	100.000	776	0	0	1	776	1	776	0.0	1612
38P2R3A13_03946	38P2R3A13_03946	100.000	245	0	0	1	245	1	245	1.14e-180	495
38P2R3A13_03947	38P2R3A13_03947	100.000	313	0	0	1	313	1	313	0.0	627
38P2R3A13_03949	38P2R3A13_03949	100.000	325	0	0	1	325	1	325	0.0	667
38P2R3A13_03949	38P2R3A13_06888	96.308	325	12	0	1	325	1	325	0.0	649
38P2R3A13_03951	38P2R3A13_03951	100.000	237	0	0	1	237	1	237	2.39e-175	481
38P2R3A13_03951	47P2R3A6_03595	97.468	237	6	0	1	237	1	237	2.60e-171	471
38P2R3A13_03951	18P3R3A11_02108	95.781	237	10	0	1	237	1	237	1.28e-169	466
38P2R3A13_03952	38P2R3A13_03952	100.000	96	0	0	1	96	1	96	3.90e-66	193
38P2R3A13_03953	38P2R3A13_03953	100.000	540	0	0	1	540	1	540	0.0	1101
38P2R3A13_03953	56P2R2A4_03477	96.852	540	17	0	1	540	1	540	0.0	1073
38P2R3A13_03956	38P2R3A13_03956	100.000	102	0	0	1	102	1	102	1.32e-72	210
38P2R3A13_03957	38P2R3A13_03957	100.000	332	0	0	1	332	1	332	0.0	672
38P2R3A13_03958	38P2R3A13_03958	100.000	307	0	0	1	307	1	307	0.0	626
38P2R3A13_03958	56P2R2A4_03471	97.394	307	8	0	1	307	1	307	0.0	605
38P2R3A13_03959	38P2R3A13_03959	100.000	180	0	0	1	180	1	180	1.08e-135	376
38P2R3A13_03960	38P2R3A13_03960	100.000	485	0	0	1	485	1	485	0.0	989
38P2R3A13_03962	38P2R3A13_03962	100.000	331	0	0	1	331	1	331	0.0	667
38P2R3A13_03962	38P2R3A13_07024	97.885	331	7	0	1	331	1	331	0.0	656
38P2R3A13_03962	18P3R3A11_03597	97.281	331	9	0	1	331	1	331	0.0	654
38P2R3A13_03963	38P2R3A13_03963	100.000	514	0	0	1	514	1	514	0.0	1044
38P2R3A13_03963	38P2R3A13_07023	97.860	514	11	0	1	514	1	514	0.0	1021
38P2R3A13_03963	18P3R3A11_03596	96.693	514	17	0	1	514	1	514	0.0	1011
38P2R3A13_03964	38P2R3A13_03964	100.000	394	0	0	1	394	1	394	0.0	756
38P2R3A13_03964	38P2R3A13_07022	97.462	394	10	0	1	394	1	394	0.0	746
38P2R3A13_03964	18P3R3A11_03595	96.193	394	15	0	1	394	1	394	0.0	724
38P2R3A13_03965	38P2R3A13_03965	100.000	393	0	0	1	393	1	393	0.0	813
38P2R3A13_03965	38P2R3A13_07021	97.201	393	11	0	1	393	1	393	0.0	798
38P2R3A13_03965	18P3R3A11_03594	97.201	393	11	0	1	393	1	393	0.0	798
38P2R3A13_03966	38P2R3A13_03966	100.000	191	0	0	1	191	1	191	8.27e-144	397
38P2R3A13_03966	47P2R3A6_03610	96.859	191	6	0	1	191	85	275	3.09e-141	394
38P2R3A13_03966	38P2R3A13_07020	96.859	191	6	0	1	191	1	191	4.55e-141	390
38P2R3A13_03967	38P2R3A13_03967	100.000	677	0	0	1	677	1	677	0.0	1402
38P2R3A13_03968	38P2R3A13_03968	100.000	419	0	0	1	419	1	419	0.0	863
38P2R3A13_03968	18P3R3A11_03591	98.313	415	7	0	1	415	1	415	0.0	845
38P2R3A13_03968	38P2R3A13_05751	98.072	415	8	0	1	415	1	415	0.0	839
38P2R3A13_03969	38P2R3A13_03969	100.000	289	0	0	1	289	1	289	2.24e-175	485
38P2R3A13_03970	38P2R3A13_03970	100.000	573	0	0	1	573	1	573	0.0	1182
38P2R3A13_03970	56P2R2A4_03459	96.510	573	20	0	1	573	1	573	0.0	1144
38P2R3A13_03971	38P2R3A13_03971	100.000	152	0	0	1	152	1	152	7.55e-110	308
38P2R3A13_03972	38P2R3A13_03972	100.000	247	0	0	1	247	1	247	0.0	505
38P2R3A13_03973	38P2R3A13_03973	100.000	321	0	0	1	321	1	321	0.0	667
38P2R3A13_03974	38P2R3A13_03974	100.000	513	0	0	1	513	1	513	0.0	1064
38P2R3A13_03974	18P3R3A11_03576	97.661	513	12	0	1	513	1	513	0.0	1045
38P2R3A13_03974	38P2R3A13_05735	97.271	513	14	0	1	513	1	513	0.0	1044
38P2R3A13_03974	34P3R2A10_02431	98.214	112	2	0	402	513	1	112	3.18e-76	235
38P2R3A13_03975	38P2R3A13_03975	100.000	616	0	0	1	616	1	616	0.0	1247
38P2R3A13_03976	38P2R3A13_03976	100.000	462	0	0	1	462	1	462	0.0	936
38P2R3A13_03977	38P2R3A13_03977	100.000	203	0	0	1	203	1	203	1.39e-148	410
38P2R3A13_03977	38P2R3A13_05732	95.074	203	10	0	1	203	1	203	1.39e-141	393
38P2R3A13_03978	38P2R3A13_03978	100.000	379	0	0	1	379	1	379	0.0	772
38P2R3A13_03978	38P2R3A13_05731	96.834	379	12	0	1	379	1	379	0.0	756
38P2R3A13_03978	18P3R3A11_03571	96.306	379	14	0	1	379	1	379	0.0	750
38P2R3A13_03979	38P2R3A13_03979	100.000	119	0	0	1	119	1	119	1.72e-85	244
38P2R3A13_03979	18P3R3A11_03570	95.798	119	5	0	1	119	1	119	6.05e-82	235
38P2R3A13_03981	38P2R3A13_03981	100.000	383	0	0	1	383	1	383	0.0	775
38P2R3A13_03981	18P3R3A11_03568	96.867	383	12	0	1	383	1	383	0.0	749
38P2R3A13_03981	38P2R3A13_08245	96.606	383	13	0	1	383	1	383	0.0	746
38P2R3A13_03982	38P2R3A13_03982	100.000	197	0	0	1	197	1	197	2.58e-145	402
38P2R3A13_03982	38P2R3A13_08246	97.970	197	4	0	1	197	1	197	8.47e-142	393
38P2R3A13_03982	18P3R3A11_03567	96.447	197	7	0	1	197	1	197	2.05e-139	387
38P2R3A13_03982	56P2R2A4_03447	100.000	175	0	0	23	197	1	175	1.84e-127	356
38P2R3A13_03984	38P2R3A13_03984	100.000	1855	0	0	1	1855	1	1855	0.0	3808
38P2R3A13_03984	18P3R3A11_03565	97.306	1856	49	1	1	1855	1	1856	0.0	3706
38P2R3A13_03985	38P2R3A13_03985	100.000	85	0	0	1	85	1	85	1.13e-57	171
38P2R3A13_03987	38P2R3A13_03987	100.000	258	0	0	1	258	1	258	0.0	525
38P2R3A13_03987	47P2R3A6_03640	97.287	258	7	0	1	258	1	258	0.0	514
38P2R3A13_03987	18P3R3A11_03563	96.899	258	8	0	1	258	1	258	0.0	511
38P2R3A13_03987	38P2R3A13_08010	97.191	178	5	0	1	178	1	178	8.13e-127	357
38P2R3A13_03987	38P2R3A13_08009	98.649	74	1	0	185	258	1	74	6.28e-47	150
38P2R3A13_03988	38P2R3A13_03988	100.000	396	0	0	1	396	1	396	0.0	803
38P2R3A13_03988	18P3R3A11_03562	97.475	396	10	0	1	396	1	396	0.0	786
38P2R3A13_03988	38P2R3A13_08008	97.222	396	11	0	1	396	1	396	0.0	783
38P2R3A13_03989	38P2R3A13_03989	100.000	447	0	0	1	447	1	447	0.0	890
38P2R3A13_03990	38P2R3A13_03990	100.000	158	0	0	1	158	1	158	1.21e-117	328
38P2R3A13_03990	18P3R3A11_03561	97.468	158	4	0	1	158	1	158	4.58e-115	322
38P2R3A13_03990	38P2R3A13_08006	97.468	158	4	0	1	158	1	158	1.40e-114	321
38P2R3A13_03995	38P2R3A13_03995	100.000	144	0	0	1	144	1	144	9.66e-103	290
38P2R3A13_03995	18P3R3A11_02174	95.833	144	6	0	1	144	1	144	2.05e-99	281
38P2R3A13_03998	38P2R3A13_03998	100.000	311	0	0	1	311	1	311	0.0	642
38P2R3A13_03999	38P2R3A13_03999	100.000	267	0	0	1	267	1	267	0.0	560
38P2R3A13_03999	56P2R2A4_03432	97.004	267	8	0	1	267	1	267	0.0	543
38P2R3A13_04000	38P2R3A13_04000	100.000	402	0	0	1	402	1	402	0.0	831
38P2R3A13_04001	38P2R3A13_04001	100.000	305	0	0	1	305	1	305	0.0	631
38P2R3A13_04001	38P2R3A13_06093	96.721	305	10	0	1	305	1	305	0.0	612
38P2R3A13_04001	18P3R3A11_02179	96.721	305	10	0	1	305	1	305	0.0	610
38P2R3A13_04002	38P2R3A13_04002	100.000	196	0	0	1	196	1	196	2.03e-144	399
38P2R3A13_04002	18P3R3A11_01170	96.939	196	6	0	1	196	1	196	1.11e-139	387
38P2R3A13_04002	38P2R3A13_01088	95.918	196	8	0	1	196	1	196	1.03e-137	382
38P2R3A13_04002	31P2R1A5_05038	95.361	194	9	0	1	194	1	194	1.22e-135	377
38P2R3A13_04003	38P2R3A13_04003	100.000	491	0	0	1	491	1	491	0.0	1007
38P2R3A13_04003	18P3R3A11_01169	96.945	491	15	0	1	491	1	491	0.0	983
38P2R3A13_04003	56P2R2A4_00941	95.927	491	20	0	1	491	1	491	0.0	978
38P2R3A13_04005	38P2R3A13_04005	100.000	233	0	0	1	233	1	233	4.38e-173	475
38P2R3A13_04006	38P2R3A13_04006	100.000	158	0	0	1	158	1	158	3.23e-113	317
38P2R3A13_04006	18P3R3A11_01161	96.203	158	6	0	1	158	1	158	1.47e-108	306
38P2R3A13_04008	38P2R3A13_04008	100.000	560	0	0	1	560	1	560	0.0	1139
38P2R3A13_04008	18P3R3A11_01159	97.143	560	16	0	1	560	1	560	0.0	1105
38P2R3A13_04009	38P2R3A13_04009	100.000	261	0	0	1	261	1	261	0.0	544
38P2R3A13_04009	18P3R3A11_01158	95.385	260	12	0	2	261	1	260	0.0	521
38P2R3A13_04010	38P2R3A13_04010	100.000	30	0	0	1	30	1	30	4.22e-16	62.8
38P2R3A13_04011	38P2R3A13_04011	100.000	294	0	0	1	294	1	294	0.0	601
38P2R3A13_04012	38P2R3A13_04012	100.000	156	0	0	1	156	1	156	2.64e-112	315
38P2R3A13_04013	38P2R3A13_04013	100.000	263	0	0	1	263	1	263	0.0	546
38P2R3A13_04014	38P2R3A13_04014	100.000	179	0	0	1	179	1	179	2.21e-131	365
38P2R3A13_04014	31P2R1A5_03978	96.089	179	7	0	1	179	1	179	6.46e-126	351
38P2R3A13_04015	38P2R3A13_04015	100.000	220	0	0	1	220	1	220	3.64e-162	446
38P2R3A13_04016	38P2R3A13_04016	100.000	298	0	0	1	298	1	298	0.0	608
38P2R3A13_04017	38P2R3A13_04017	100.000	127	0	0	1	127	1	127	4.15e-89	254
38P2R3A13_04018	38P2R3A13_04018	100.000	161	0	0	1	161	1	161	6.11e-112	314
38P2R3A13_04019	38P2R3A13_04019	100.000	137	0	0	1	137	1	137	2.56e-99	280
38P2R3A13_04020	38P2R3A13_04020	100.000	119	0	0	1	119	1	119	1.16e-84	242
38P2R3A13_04021	38P2R3A13_04021	100.000	320	0	0	1	320	1	320	0.0	657
38P2R3A13_04022	38P2R3A13_04022	100.000	159	0	0	1	159	1	159	2.57e-117	328
38P2R3A13_04023	38P2R3A13_04023	100.000	129	0	0	1	129	1	129	1.03e-91	261
38P2R3A13_04024	38P2R3A13_04024	100.000	648	0	0	1	648	1	648	0.0	1330
38P2R3A13_04025	38P2R3A13_04025	100.000	165	0	0	1	165	1	165	3.56e-121	338
38P2R3A13_04026	38P2R3A13_04026	100.000	196	0	0	1	196	1	196	6.65e-148	408
38P2R3A13_04027	38P2R3A13_04027	100.000	182	0	0	1	182	1	182	6.17e-126	352
38P2R3A13_04028	38P2R3A13_04028	100.000	352	0	0	1	352	1	352	0.0	725
38P2R3A13_04029	38P2R3A13_04029	100.000	188	0	0	1	188	1	188	3.75e-139	385
38P2R3A13_04030	38P2R3A13_04030	100.000	216	0	0	1	216	1	216	1.80e-163	449
38P2R3A13_04031	47P2R3A6_03248	100.000	305	0	0	1	305	28	332	0.0	634
38P2R3A13_04031	38P2R3A13_04031	100.000	305	0	0	1	305	1	305	0.0	634
38P2R3A13_04032	38P2R3A13_04032	100.000	246	0	0	1	246	1	246	3.66e-179	491
38P2R3A13_04033	38P2R3A13_04033	100.000	303	0	0	1	303	1	303	0.0	624
38P2R3A13_04034	38P2R3A13_04034	100.000	290	0	0	1	290	1	290	0.0	583
38P2R3A13_04035	38P2R3A13_04035	100.000	249	0	0	1	249	1	249	1.03e-179	493
38P2R3A13_04036	38P2R3A13_04036	100.000	486	0	0	1	486	1	486	0.0	932
38P2R3A13_04037	38P2R3A13_04037	100.000	128	0	0	1	128	1	128	6.30e-92	261
38P2R3A13_04038	38P2R3A13_04038	100.000	261	0	0	1	261	1	261	0.0	535
38P2R3A13_04038	47P2R3A6_03255	100.000	233	0	0	29	261	1	233	2.78e-172	474
38P2R3A13_04039	38P2R3A13_04039	100.000	465	0	0	1	465	1	465	0.0	941
38P2R3A13_04040	38P2R3A13_04040	100.000	226	0	0	1	226	1	226	3.45e-162	447
38P2R3A13_04041	38P2R3A13_04041	100.000	279	0	0	1	279	1	279	0.0	561
38P2R3A13_04042	38P2R3A13_04042	100.000	106	0	0	1	106	1	106	8.93e-74	213
38P2R3A13_04043	38P2R3A13_04043	100.000	596	0	0	1	596	1	596	0.0	1218
38P2R3A13_04044	38P2R3A13_04044	100.000	211	0	0	1	211	1	211	2.31e-158	436
38P2R3A13_04045	38P2R3A13_04045	100.000	105	0	0	1	105	1	105	1.51e-72	210
38P2R3A13_04045	18P3R3A11_01095	96.190	105	4	0	1	105	1	105	3.23e-70	204
38P2R3A13_04046	38P2R3A13_04046	100.000	1021	0	0	1	1021	1	1021	0.0	2034
38P2R3A13_04047	38P2R3A13_04047	100.000	239	0	0	1	239	1	239	0.0	498
38P2R3A13_04047	47P2R3A6_03264	100.000	179	0	0	61	239	1	179	1.75e-132	370
38P2R3A13_04049	38P2R3A13_04049	100.000	527	0	0	1	527	1	527	0.0	1087
38P2R3A13_04050	38P2R3A13_04050	100.000	109	0	0	1	109	1	109	1.50e-76	221
38P2R3A13_04050	18P3R3A11_00182	95.082	61	3	0	1	61	1	61	4.83e-37	119
38P2R3A13_04051	38P2R3A13_04051	100.000	33	0	0	1	33	1	33	1.18e-18	69.3
38P2R3A13_04052	38P2R3A13_04052	100.000	84	0	0	1	84	1	84	1.18e-58	174
38P2R3A13_04053	38P2R3A13_04053	100.000	260	0	0	1	260	1	260	0.0	520
38P2R3A13_04054	38P2R3A13_04054	100.000	202	0	0	1	202	1	202	4.47e-150	414
38P2R3A13_04055	38P2R3A13_04055	100.000	292	0	0	1	292	1	292	0.0	587
38P2R3A13_04056	38P2R3A13_04056	100.000	51	0	0	1	51	1	51	2.36e-33	107
38P2R3A13_04057	38P2R3A13_04057	100.000	169	0	0	1	169	1	169	1.32e-126	352
38P2R3A13_04058	38P2R3A13_04058	100.000	226	0	0	1	226	1	226	1.08e-168	463
38P2R3A13_04059	38P2R3A13_04059	100.000	104	0	0	1	104	1	104	3.41e-75	217
38P2R3A13_04060	38P2R3A13_04060	100.000	248	0	0	1	248	1	248	0.0	504
38P2R3A13_04061	38P2R3A13_04061	100.000	161	0	0	1	161	1	161	8.93e-119	332
38P2R3A13_04062	38P2R3A13_04062	100.000	100	0	0	1	100	1	100	2.89e-66	194
38P2R3A13_04063	38P2R3A13_04063	100.000	252	0	0	1	252	1	252	0.0	505
38P2R3A13_04064	38P2R3A13_04064	100.000	460	0	0	1	460	1	460	0.0	937
38P2R3A13_04065	38P2R3A13_04065	100.000	159	0	0	1	159	1	159	1.00e-116	326
38P2R3A13_04066	38P2R3A13_04066	100.000	1051	0	0	1	1051	1	1051	0.0	2120
38P2R3A13_04066	42P1R1A12_05943	97.146	1051	30	0	1	1051	1	1051	0.0	2071
38P2R3A13_04066	18P3R3A11_00263	97.148	1052	29	1	1	1051	1	1052	0.0	2069
38P2R3A13_04066	31P2R1A5_02024	97.050	1051	31	0	1	1051	1	1051	0.0	2061
38P2R3A13_04067	38P2R3A13_04067	100.000	392	0	0	1	392	1	392	0.0	796
38P2R3A13_04068	38P2R3A13_04068	100.000	140	0	0	1	140	1	140	1.10e-104	294
38P2R3A13_04069	38P2R3A13_04069	100.000	278	0	0	1	278	1	278	0.0	568
38P2R3A13_04070	38P2R3A13_04070	100.000	307	0	0	1	307	1	307	0.0	622
38P2R3A13_04071	38P2R3A13_04071	100.000	132	0	0	1	132	1	132	6.43e-89	254
38P2R3A13_04072	38P2R3A13_04072	100.000	150	0	0	1	150	1	150	1.59e-107	302
38P2R3A13_04073	38P2R3A13_04073	100.000	1183	0	0	1	1183	1	1183	0.0	2429
38P2R3A13_04074	38P2R3A13_04074	100.000	117	0	0	1	117	1	117	3.44e-82	236
38P2R3A13_04075	38P2R3A13_04075	100.000	425	0	0	1	425	1	425	0.0	894
38P2R3A13_04076	38P2R3A13_04076	100.000	985	0	0	1	985	1	985	0.0	2026
38P2R3A13_04077	38P2R3A13_04077	100.000	233	0	0	1	233	1	233	8.65e-172	471
38P2R3A13_04078	38P2R3A13_04078	100.000	500	0	0	1	500	1	500	0.0	1020
38P2R3A13_04079	38P2R3A13_04079	100.000	412	0	0	1	412	1	412	0.0	831
38P2R3A13_04080	38P2R3A13_04080	100.000	761	0	0	1	761	1	761	0.0	1543
38P2R3A13_04081	38P2R3A13_04081	100.000	303	0	0	1	303	1	303	0.0	628
38P2R3A13_04082	38P2R3A13_04082	100.000	463	0	0	1	463	1	463	0.0	932
38P2R3A13_04084	38P2R3A13_04084	100.000	90	0	0	1	90	1	90	8.34e-63	184
38P2R3A13_04085	38P2R3A13_04085	100.000	167	0	0	1	167	1	167	9.94e-118	330
38P2R3A13_04086	38P2R3A13_04086	100.000	514	0	0	1	514	1	514	0.0	1068
38P2R3A13_04086	38P2R3A13_04980	95.720	514	21	1	1	514	1	513	0.0	1028
38P2R3A13_04086	23P1R2A1_04560	95.055	182	9	0	333	514	1	182	1.03e-125	364
38P2R3A13_04086	42P1R1A12_06030	96.914	162	5	0	353	514	1	162	1.44e-112	330
38P2R3A13_04087	38P2R3A13_04087	100.000	450	0	0	1	450	1	450	0.0	905
38P2R3A13_04088	38P2R3A13_04088	100.000	230	0	0	1	230	1	230	9.03e-172	471
38P2R3A13_04089	38P2R3A13_04089	100.000	560	0	0	1	560	1	560	0.0	1139
38P2R3A13_04090	38P2R3A13_04090	100.000	164	0	0	1	164	1	164	6.82e-121	337
38P2R3A13_04090	18P3R3A11_00782	96.951	164	5	0	1	164	1	164	2.20e-117	328
38P2R3A13_04091	38P2R3A13_04091	100.000	891	0	0	1	891	1	891	0.0	1808
38P2R3A13_04092	38P2R3A13_04092	100.000	786	0	0	1	786	1	786	0.0	1633
38P2R3A13_04093	38P2R3A13_04093	100.000	810	0	0	1	810	1	810	0.0	1692
38P2R3A13_04094	38P2R3A13_04094	100.000	268	0	0	1	268	1	268	0.0	549
38P2R3A13_04095	38P2R3A13_04095	100.000	259	0	0	1	259	1	259	0.0	527
38P2R3A13_04096	38P2R3A13_04096	100.000	88	0	0	1	88	1	88	5.30e-60	177
38P2R3A13_04096	14P1R2A4_04213	97.727	88	2	0	1	88	1	88	1.35e-59	176
38P2R3A13_04097	38P2R3A13_04097	100.000	403	0	0	1	403	1	403	0.0	812
38P2R3A13_04098	38P2R3A13_04098	100.000	1124	0	0	1	1124	1	1124	0.0	2284
38P2R3A13_04099	38P2R3A13_04099	100.000	536	0	0	1	536	1	536	0.0	1080
38P2R3A13_04100	38P2R3A13_04100	100.000	590	0	0	1	590	1	590	0.0	1215
38P2R3A13_04100	51P2R2A10_01992	96.610	590	20	0	1	590	1	590	0.0	1183
38P2R3A13_04101	38P2R3A13_04101	100.000	363	0	0	1	363	1	363	0.0	736
38P2R3A13_04102	38P2R3A13_04102	100.000	175	0	0	1	175	1	175	7.06e-127	353
38P2R3A13_04102	51P2R2A10_01994	95.429	175	8	0	1	175	1	175	7.62e-121	338
38P2R3A13_04103	38P2R3A13_04103	100.000	804	0	0	1	804	1	804	0.0	1665
38P2R3A13_04103	38P2R3A13_04106	95.745	282	12	0	5	286	2	283	0.0	565
38P2R3A13_04104	38P2R3A13_04104	100.000	265	0	0	1	265	1	265	0.0	541
38P2R3A13_04105	38P2R3A13_04105	100.000	183	0	0	1	183	1	183	6.55e-129	359
38P2R3A13_04106	38P2R3A13_04106	100.000	339	0	0	1	339	1	339	0.0	701
38P2R3A13_04106	38P2R3A13_04103	95.745	282	12	0	2	283	5	286	0.0	565
38P2R3A13_04107	38P2R3A13_04107	100.000	150	0	0	1	150	1	150	4.97e-107	301
38P2R3A13_04108	38P2R3A13_04108	100.000	115	0	0	1	115	1	115	8.07e-81	232
38P2R3A13_04109	38P2R3A13_04109	100.000	464	0	0	1	464	1	464	0.0	944
38P2R3A13_04110	38P2R3A13_04110	100.000	317	0	0	1	317	1	317	0.0	652
38P2R3A13_04111	38P2R3A13_04111	100.000	345	0	0	1	345	1	345	0.0	713
38P2R3A13_04111	38P2R3A13_00789	95.942	345	14	0	1	345	1	345	0.0	688
38P2R3A13_04111	18P3R3A11_03850	95.072	345	17	0	1	345	1	345	0.0	681
38P2R3A13_04112	38P2R3A13_04112	100.000	385	0	0	1	385	1	385	0.0	791
38P2R3A13_04113	38P2R3A13_04113	100.000	167	0	0	1	167	1	167	1.00e-118	332
38P2R3A13_04114	38P2R3A13_04114	100.000	108	0	0	1	108	1	108	1.11e-76	221
38P2R3A13_04115	47P2R3A6_02297	100.000	304	0	0	1	304	136	439	0.0	634
38P2R3A13_04115	38P2R3A13_04115	100.000	304	0	0	1	304	1	304	0.0	632
38P2R3A13_04115	18P3R3A11_03854	95.724	304	13	0	1	304	136	439	0.0	611
38P2R3A13_04115	38P2R3A13_00785	95.724	304	13	0	1	304	136	439	0.0	609
38P2R3A13_04116	38P2R3A13_04116	100.000	96	0	0	1	96	1	96	1.15e-67	197
38P2R3A13_04116	47P2R3A6_02297	97.895	95	2	0	1	95	1	95	8.09e-63	196
38P2R3A13_04117	38P2R3A13_04117	100.000	499	0	0	1	499	1	499	0.0	1011
38P2R3A13_04117	18P3R3A11_03855	96.593	499	17	0	1	499	1	499	0.0	978
38P2R3A13_04118	38P2R3A13_04118	100.000	239	0	0	1	239	1	239	2.21e-177	486
38P2R3A13_04118	56P2R2A4_01340	95.816	239	10	0	1	239	1	239	2.57e-170	468
38P2R3A13_04118	18P3R3A11_03856	95.397	239	11	0	1	239	1	239	5.68e-169	465
38P2R3A13_04119	38P2R3A13_04119	100.000	248	0	0	1	248	1	248	4.82e-180	494
38P2R3A13_04119	37P2R3-2A1_00224	96.774	248	8	0	1	248	1	248	1.91e-173	477
38P2R3A13_04119	38P2R3A13_00782	95.935	246	10	0	3	248	2	247	1.57e-171	472
38P2R3A13_04119	56P2R2A4_01341	96.774	248	8	0	1	248	1	248	3.32e-167	461
38P2R3A13_04119	18P3R3A11_03857	95.161	248	12	0	1	248	1	248	1.55e-163	452
38P2R3A13_04120	38P2R3A13_04120	100.000	311	0	0	1	311	1	311	0.0	653
38P2R3A13_04121	38P2R3A13_04121	100.000	129	0	0	1	129	1	129	6.25e-94	266
38P2R3A13_04122	38P2R3A13_04122	100.000	466	0	0	1	466	1	466	0.0	944
38P2R3A13_04123	38P2R3A13_04123	100.000	63	0	0	1	63	1	63	1.52e-41	129
38P2R3A13_04124	38P2R3A13_04124	100.000	528	0	0	1	528	1	528	0.0	1061
38P2R3A13_04125	38P2R3A13_04125	100.000	280	0	0	1	280	1	280	0.0	569
38P2R3A13_04125	18P3R3A11_03863	95.714	280	12	0	1	280	1	280	0.0	526
38P2R3A13_04126	38P2R3A13_04126	100.000	261	0	0	1	261	1	261	0.0	525
38P2R3A13_04126	18P3R3A11_03864	95.402	261	12	0	1	261	1	261	0.0	501
38P2R3A13_04127	38P2R3A13_04127	100.000	222	0	0	1	222	1	222	7.98e-158	435
38P2R3A13_04127	38P2R3A13_00774	96.847	222	7	0	1	222	1	222	2.89e-154	426
38P2R3A13_04127	18P3R3A11_03865	95.495	222	10	0	1	222	1	222	6.90e-152	421
38P2R3A13_04127	56P2R2A4_01349	95.495	222	10	0	1	222	1	222	4.31e-151	418
38P2R3A13_04129	38P2R3A13_04129	100.000	246	0	0	1	246	1	246	0.0	504
38P2R3A13_04129	18P3R3A11_03867	97.967	246	5	0	1	246	1	246	0.0	496
38P2R3A13_04129	42P1R1A12_05621	95.510	245	11	0	1	245	1	245	7.35e-178	488
38P2R3A13_04129	31P2R1A5_00555	95.122	246	12	0	1	246	1	246	4.10e-177	486
38P2R3A13_04130	38P2R3A13_04130	100.000	414	0	0	1	414	1	414	0.0	857
38P2R3A13_04130	18P3R3A11_03868	97.080	411	12	0	1	411	1	411	0.0	837
38P2R3A13_04130	42P1R1A12_05622	95.388	412	19	0	1	412	1	412	0.0	827
38P2R3A13_04131	38P2R3A13_04131	100.000	414	0	0	1	414	1	414	0.0	833
38P2R3A13_04132	38P2R3A13_04132	100.000	372	0	0	1	372	1	372	0.0	773
38P2R3A13_04132	18P3R3A11_03870	95.699	372	16	0	1	372	1	372	0.0	744
38P2R3A13_04133	38P2R3A13_04133	100.000	405	0	0	1	405	1	405	0.0	813
38P2R3A13_04133	18P3R3A11_03871	96.049	405	16	0	1	405	1	405	0.0	789
38P2R3A13_04134	38P2R3A13_04134	100.000	435	0	0	1	435	1	435	0.0	866
38P2R3A13_04134	18P3R3A11_03872	96.782	435	14	0	1	435	1	435	0.0	838
38P2R3A13_04135	38P2R3A13_04135	100.000	284	0	0	1	284	1	284	0.0	563
38P2R3A13_04135	18P3R3A11_03873	97.535	284	7	0	1	284	1	284	0.0	553
38P2R3A13_04136	38P2R3A13_04136	100.000	401	0	0	1	401	1	401	0.0	830
38P2R3A13_04136	18P3R3A11_03874	95.012	401	20	0	1	401	1	401	0.0	798
38P2R3A13_04137	38P2R3A13_04137	100.000	686	0	0	1	686	1	686	0.0	1440
38P2R3A13_04138	38P2R3A13_04138	100.000	81	0	0	1	81	1	81	1.45e-54	163
38P2R3A13_04139	38P2R3A13_04139	100.000	422	0	0	1	422	1	422	0.0	856
38P2R3A13_04139	18P3R3A11_03877	96.919	422	13	0	1	422	1	422	0.0	835
38P2R3A13_04140	38P2R3A13_04140	100.000	359	0	0	1	359	1	359	0.0	732
38P2R3A13_04140	18P3R3A11_03878	96.359	357	13	0	1	357	1	357	0.0	703
38P2R3A13_04141	38P2R3A13_04141	100.000	334	0	0	1	334	1	334	0.0	677
38P2R3A13_04141	38P2R3A13_00769	97.305	334	9	0	1	334	1	334	0.0	666
38P2R3A13_04142	38P2R3A13_04142	100.000	179	0	0	1	179	1	179	8.78e-126	351
38P2R3A13_04143	38P2R3A13_04143	100.000	250	0	0	1	250	1	250	1.04e-180	496
38P2R3A13_04144	38P2R3A13_04144	100.000	120	0	0	1	120	1	120	2.35e-85	244
38P2R3A13_04145	38P2R3A13_04145	100.000	414	0	0	1	414	1	414	0.0	865
38P2R3A13_04146	38P2R3A13_04146	100.000	76	0	0	1	76	1	76	3.56e-51	154
38P2R3A13_04148	38P2R3A13_04148	100.000	59	0	0	1	59	1	59	5.11e-38	120
38P2R3A13_04150	38P2R3A13_04150	100.000	315	0	0	1	315	1	315	0.0	611
38P2R3A13_04151	38P2R3A13_04151	100.000	443	0	0	1	443	1	443	0.0	863
38P2R3A13_04151	38P2R3A13_00758	96.372	441	16	0	3	443	1	441	0.0	832
38P2R3A13_04152	38P2R3A13_04152	100.000	165	0	0	1	165	1	165	7.50e-122	340
38P2R3A13_04152	37P2R3-2A1_00258	96.364	165	6	0	1	165	1	165	6.42e-118	330
38P2R3A13_04153	38P2R3A13_04153	100.000	197	0	0	1	197	1	197	4.40e-146	404
38P2R3A13_04154	38P2R3A13_04154	100.000	267	0	0	1	267	1	267	0.0	541
38P2R3A13_04155	38P2R3A13_04155	100.000	129	0	0	1	129	1	129	1.18e-92	263
38P2R3A13_04156	38P2R3A13_04156	100.000	230	0	0	1	230	1	230	5.15e-173	474
38P2R3A13_04157	38P2R3A13_04157	100.000	364	0	0	1	364	1	364	0.0	758
38P2R3A13_04157	18P3R3A11_03896	96.429	364	13	0	1	364	1	364	0.0	738
38P2R3A13_04158	38P2R3A13_04158	100.000	213	0	0	1	213	1	213	2.16e-157	434
38P2R3A13_04159	38P2R3A13_04159	100.000	132	0	0	1	132	1	132	4.57e-94	267
38P2R3A13_04160	47P2R3A6_02253	99.693	976	3	0	1	976	346	1321	0.0	1992
38P2R3A13_04160	38P2R3A13_04160	100.000	976	0	0	1	976	1	976	0.0	1991
38P2R3A13_04160	18P3R3A11_03899	97.439	976	25	0	1	976	346	1321	0.0	1952
38P2R3A13_04161	38P2R3A13_04161	100.000	182	0	0	1	182	1	182	2.18e-137	380
38P2R3A13_04163	38P2R3A13_04163	100.000	205	0	0	1	205	1	205	8.69e-152	419
38P2R3A13_04163	38P2R3A13_07297	96.098	205	8	0	1	205	1	205	2.16e-146	405
38P2R3A13_04167	38P2R3A13_04167	100.000	234	0	0	1	234	1	234	3.40e-174	478
38P2R3A13_04167	18P3R3A11_02111	97.009	234	7	0	1	234	1	234	2.68e-170	468
38P2R3A13_04169	38P2R3A13_04169	100.000	164	0	0	1	164	1	164	4.53e-122	340
38P2R3A13_04169	18P3R3A11_02113	96.951	164	5	0	1	164	1	164	1.10e-118	332
38P2R3A13_04170	38P2R3A13_04170	100.000	261	0	0	1	261	1	261	0.0	538
38P2R3A13_04171	38P2R3A13_04171	100.000	257	0	0	1	257	1	257	0.0	514
38P2R3A13_04171	18P3R3A11_02115	96.887	257	8	0	1	257	1	257	0.0	499
38P2R3A13_04172	38P2R3A13_04172	100.000	181	0	0	1	181	1	181	4.63e-128	357
38P2R3A13_04172	56P2R2A4_03846	97.790	181	4	0	1	181	1	181	1.93e-125	350
38P2R3A13_04173	38P2R3A13_04173	100.000	85	0	0	1	85	1	85	2.94e-54	162
38P2R3A13_04173	38P2R3A13_07012	96.471	85	3	0	1	85	1	85	9.23e-53	159
38P2R3A13_04173	18P3R3A11_02117	96.471	85	3	0	1	85	1	85	2.77e-52	157
38P2R3A13_04174	38P2R3A13_04174	100.000	547	0	0	1	547	1	547	0.0	1116
38P2R3A13_04174	18P3R3A11_02118	97.441	547	14	0	1	547	1	547	0.0	1094
38P2R3A13_04174	38P2R3A13_07013	96.344	547	20	0	1	547	1	547	0.0	1061
38P2R3A13_04175	38P2R3A13_04175	100.000	202	0	0	1	202	1	202	5.37e-145	401
38P2R3A13_04175	56P2R2A4_03843	97.525	202	5	0	1	202	1	202	1.37e-141	393
38P2R3A13_04177	38P2R3A13_04177	100.000	486	0	0	1	486	1	486	0.0	987
38P2R3A13_04177	38P2R3A13_07016	96.708	486	16	0	1	486	1	486	0.0	956
38P2R3A13_04179	38P2R3A13_04179	100.000	269	0	0	1	269	1	269	0.0	553
38P2R3A13_04179	38P2R3A13_07018	95.539	269	12	0	1	269	1	269	0.0	536
38P2R3A13_04180	38P2R3A13_04180	100.000	754	0	0	1	754	1	754	0.0	1549
38P2R3A13_04180	18P3R3A11_02124	97.745	754	17	0	1	754	1	754	0.0	1516
38P2R3A13_04180	38P2R3A13_07019	95.093	754	37	0	1	754	1	754	0.0	1488
38P2R3A13_04182	38P2R3A13_04182	100.000	300	0	0	1	300	1	300	0.0	595
38P2R3A13_04182	18P3R3A11_02126	97.667	300	7	0	1	300	1	300	0.0	587
38P2R3A13_04182	47P2R3A6_04366	97.000	300	9	0	1	300	1	300	0.0	582
38P2R3A13_04183	38P2R3A13_04183	100.000	267	0	0	1	267	1	267	0.0	555
38P2R3A13_04183	18P3R3A11_02127	97.004	267	8	0	1	267	1	267	0.0	541
38P2R3A13_04184	38P2R3A13_04184	100.000	331	0	0	1	331	1	331	0.0	683
38P2R3A13_04184	18P3R3A11_02128	97.885	331	7	0	1	331	1	331	0.0	672
38P2R3A13_04187	38P2R3A13_04187	100.000	631	0	0	1	631	1	631	0.0	1306
38P2R3A13_04187	38P2R3A13_07496	97.464	631	16	0	1	631	1	631	0.0	1277
38P2R3A13_04187	37P2R3-2A1_03231	99.672	610	2	0	22	631	1	610	0.0	1258
38P2R3A13_04188	38P2R3A13_04188	100.000	290	0	0	1	290	1	290	0.0	598
38P2R3A13_04188	18P3R3A11_02132	96.207	290	11	0	1	290	1	290	0.0	582
38P2R3A13_04189	38P2R3A13_04189	100.000	156	0	0	1	156	1	156	7.76e-115	321
38P2R3A13_04189	18P3R3A11_02133	96.795	156	5	0	1	156	1	156	7.24e-112	314
38P2R3A13_04189	38P2R3A13_07498	96.795	156	5	0	1	156	1	156	5.11e-111	311
38P2R3A13_04194	38P2R3A13_04194	100.000	301	0	0	1	301	1	301	0.0	611
38P2R3A13_04194	18P3R3A11_02138	97.342	301	7	1	1	301	1	300	0.0	594
38P2R3A13_04194	38P2R3A13_08034	95.017	301	15	0	1	301	1	301	0.0	567
38P2R3A13_04195	38P2R3A13_04195	100.000	236	0	0	1	236	1	236	4.89e-173	475
38P2R3A13_04195	38P2R3A13_08035	95.339	236	11	0	1	236	1	236	2.32e-166	458
38P2R3A13_04195	18P3R3A11_02139	95.111	225	11	0	12	236	1	225	1.00e-155	431
38P2R3A13_04197	38P2R3A13_04197	100.000	68	0	0	1	68	1	68	3.98e-44	135
38P2R3A13_04197	18P3R3A11_02141	97.059	68	2	0	1	68	1	68	9.95e-43	132
38P2R3A13_04201	38P2R3A13_04201	100.000	247	0	0	1	247	1	247	0.0	497
38P2R3A13_04202	38P2R3A13_04202	100.000	399	0	0	1	399	1	399	0.0	799
38P2R3A13_04202	18P3R3A11_02146	96.809	376	12	0	1	376	1	376	0.0	704
38P2R3A13_04202	38P2R3A13_07968	95.467	375	17	0	1	375	1	375	0.0	690
38P2R3A13_04203	38P2R3A13_04203	100.000	400	0	0	1	400	1	400	0.0	807
38P2R3A13_04203	38P2R3A13_07969	96.750	400	13	0	1	400	2	401	0.0	786
38P2R3A13_04203	18P3R3A11_02147	96.124	387	15	0	12	398	13	399	0.0	738
38P2R3A13_04204	38P2R3A13_04204	100.000	404	0	0	1	404	1	404	0.0	774
38P2R3A13_04210	38P2R3A13_04210	100.000	247	0	0	1	247	1	247	0.0	508
38P2R3A13_04211	38P2R3A13_04211	100.000	451	0	0	1	451	1	451	0.0	898
38P2R3A13_04211	38P2R3A13_06855	96.452	451	16	0	1	451	1	451	0.0	874
38P2R3A13_04211	18P3R3A11_02155	96.009	451	18	0	1	451	1	451	0.0	806
38P2R3A13_04212	38P2R3A13_04212	100.000	360	0	0	1	360	1	360	0.0	746
38P2R3A13_04213	38P2R3A13_04213	100.000	417	0	0	1	417	1	417	0.0	819
38P2R3A13_04213	38P2R3A13_06857	97.122	417	12	0	1	417	1	417	0.0	798
38P2R3A13_04213	18P3R3A11_02157	95.444	417	19	0	1	417	1	417	0.0	783
38P2R3A13_04215	38P2R3A13_04215	100.000	226	0	0	1	226	1	226	2.81e-166	457
38P2R3A13_04216	38P2R3A13_04216	100.000	421	0	0	1	421	1	421	0.0	862
38P2R3A13_04216	38P2R3A13_06860	96.675	421	14	0	1	421	1	421	0.0	837
38P2R3A13_04217	38P2R3A13_04217	100.000	362	0	0	1	362	1	362	0.0	748
38P2R3A13_04217	38P2R3A13_06861	97.514	362	9	0	1	362	1	362	0.0	734
38P2R3A13_04217	18P3R3A11_02161	95.304	362	17	0	1	362	1	362	0.0	720
38P2R3A13_04218	38P2R3A13_04218	100.000	349	0	0	1	349	1	349	0.0	714
38P2R3A13_04218	38P2R3A13_06862	95.702	349	15	0	1	349	1	349	0.0	667
38P2R3A13_04219	38P2R3A13_04219	100.000	368	0	0	1	368	1	368	0.0	744
38P2R3A13_04223	38P2R3A13_04223	100.000	495	0	0	1	495	1	495	0.0	1006
38P2R3A13_04223	38P2R3A13_06874	96.566	495	17	0	1	495	1	495	0.0	981
38P2R3A13_04225	38P2R3A13_04225	100.000	94	0	0	1	94	1	94	1.04e-65	192
38P2R3A13_04225	56P2R2A4_03794	97.872	94	2	0	1	94	1	94	2.16e-64	189
38P2R3A13_04225	54P2R2A3_04367	95.745	94	4	0	1	94	1	94	3.26e-63	186
38P2R3A13_04226	38P2R3A13_04226	100.000	94	0	0	1	94	1	94	1.77e-65	192
38P2R3A13_04226	38P2R3A13_06872	97.872	94	2	0	1	94	1	94	8.60e-65	190
38P2R3A13_04226	28P2R1A12_03614	96.809	94	3	0	1	94	1	94	4.09e-64	188
38P2R3A13_04226	42P1R1A12_04549	96.809	94	3	0	1	94	1	94	4.52e-64	188
38P2R3A13_04226	10P3R2A13_02959	96.809	94	3	0	1	94	1	94	7.99e-64	187
38P2R3A13_04226	31P2R1A5_04796	96.809	94	3	0	1	94	1	94	1.15e-63	187
38P2R3A13_04226	18P3R3A11_02169	96.809	94	3	0	1	94	1	94	1.35e-63	187
38P2R3A13_04226	51P2R2A10_05070	96.809	94	3	0	1	94	1	94	1.54e-63	187
38P2R3A13_04227	38P2R3A13_04227	100.000	492	0	0	1	492	1	492	0.0	1019
38P2R3A13_04227	18P3R3A11_03560	97.967	492	10	0	1	492	1	492	0.0	1001
38P2R3A13_04227	10P3R2A13_02958	97.561	492	12	0	1	492	1	492	0.0	991
38P2R3A13_04227	43P2R2A2_05388	96.032	252	10	0	241	492	1	252	1.02e-176	496
38P2R3A13_04228	38P2R3A13_04228	100.000	297	0	0	1	297	1	297	0.0	608
38P2R3A13_04228	18P3R3A11_03559	97.643	297	7	0	1	297	1	297	0.0	600
38P2R3A13_04228	38P2R3A13_06870	96.970	297	9	0	1	297	1	297	0.0	593
38P2R3A13_04228	22P1R2A3_03803	95.608	296	13	0	1	296	29	324	0.0	565
38P2R3A13_04228	31P2R1A5_04794	95.623	297	13	0	1	297	1	297	0.0	564
38P2R3A13_04228	10P3R2A13_02957	95.608	296	13	0	1	296	1	296	0.0	563
38P2R3A13_04228	42P1R1A12_05903	95.286	297	14	0	1	297	1	297	0.0	558
38P2R3A13_04234	38P2R3A13_04234	100.000	43	0	0	1	43	1	43	7.92e-25	85.5
38P2R3A13_04235	38P2R3A13_04235	100.000	507	0	0	1	507	1	507	0.0	1020
38P2R3A13_04235	18P3R3A11_03553	96.371	496	18	0	1	496	1	496	0.0	967
38P2R3A13_04237	38P2R3A13_04237	100.000	274	0	0	1	274	1	274	0.0	567
38P2R3A13_04237	38P2R3A13_08690	97.445	274	7	0	1	274	1	274	0.0	552
38P2R3A13_04237	18P3R3A11_03551	95.620	274	12	0	1	274	1	274	0.0	545
38P2R3A13_04241	38P2R3A13_04241	100.000	209	0	0	1	209	1	209	5.93e-157	432
38P2R3A13_04242	38P2R3A13_04242	100.000	408	0	0	1	408	1	408	0.0	854
38P2R3A13_04243	38P2R3A13_04243	100.000	300	0	0	1	300	1	300	0.0	612
38P2R3A13_04246	38P2R3A13_04246	100.000	143	0	0	1	143	1	143	4.36e-101	285
38P2R3A13_04246	38P2R3A13_07349	96.503	143	5	0	1	143	1	143	5.12e-98	278
38P2R3A13_04246	18P3R3A11_01223	96.503	143	5	0	1	143	1	143	7.60e-98	277
38P2R3A13_04247	38P2R3A13_04247	100.000	413	0	0	1	413	1	413	0.0	840
38P2R3A13_04247	38P2R3A13_07350	96.126	413	16	0	1	413	1	413	0.0	815
38P2R3A13_04249	38P2R3A13_04249	100.000	137	0	0	1	137	1	137	3.33e-98	278
38P2R3A13_04250	38P2R3A13_04250	100.000	206	0	0	1	206	1	206	3.87e-156	430
38P2R3A13_04251	38P2R3A13_04251	100.000	270	0	0	1	270	1	270	0.0	564
38P2R3A13_04251	56P2R2A4_00987	96.667	270	9	0	1	270	1	270	0.0	548
38P2R3A13_04252	38P2R3A13_04252	100.000	456	0	0	1	456	1	456	0.0	894
38P2R3A13_04252	18P3R3A11_01229	97.588	456	11	0	1	456	1	456	0.0	880
38P2R3A13_04253	38P2R3A13_04253	100.000	42	0	0	1	42	1	42	7.47e-26	88.2
38P2R3A13_04254	38P2R3A13_04254	100.000	206	0	0	1	206	1	206	1.53e-154	426
38P2R3A13_04254	38P2R3A13_07357	97.087	206	6	0	1	206	1	206	5.04e-150	414
38P2R3A13_04256	38P2R3A13_04256	100.000	128	0	0	1	128	1	128	5.70e-88	251
38P2R3A13_04256	18P3R3A11_01233	95.745	94	4	0	35	128	1	94	1.32e-59	178
38P2R3A13_04257	38P2R3A13_04257	100.000	263	0	0	1	263	1	263	0.0	531
38P2R3A13_04258	38P2R3A13_04258	100.000	68	0	0	1	68	1	68	2.00e-41	129
38P2R3A13_04258	18P3R3A11_01235	97.059	68	2	0	1	68	1	68	3.07e-40	126
38P2R3A13_04258	38P2R3A13_06595	95.588	68	3	0	1	68	1	68	4.76e-31	103
38P2R3A13_04260	38P2R3A13_04260	100.000	318	0	0	1	318	1	318	0.0	650
38P2R3A13_04260	38P2R3A13_06597	96.541	318	11	0	1	318	1	318	0.0	635
38P2R3A13_04261	38P2R3A13_04261	100.000	214	0	0	1	214	1	214	4.29e-161	443
38P2R3A13_04264	38P2R3A13_04264	100.000	371	0	0	1	371	1	371	0.0	742
38P2R3A13_04266	38P2R3A13_04266	100.000	634	0	0	1	634	1	634	0.0	1310
38P2R3A13_04266	18P3R3A11_01243	97.792	634	14	0	1	634	1	634	0.0	1288
38P2R3A13_04268	38P2R3A13_04268	100.000	146	0	0	1	146	1	146	1.52e-104	295
38P2R3A13_04268	18P3R3A11_01245	99.057	106	1	0	41	146	1	106	3.78e-71	209
38P2R3A13_04269	38P2R3A13_04269	100.000	222	0	0	1	222	1	222	1.70e-166	457
38P2R3A13_04269	38P2R3A13_06606	95.392	217	10	0	4	220	1	217	3.44e-156	431
38P2R3A13_04270	38P2R3A13_04270	100.000	345	0	0	1	345	1	345	0.0	691
38P2R3A13_04270	18P3R3A11_01247	95.640	344	15	0	2	345	1	344	0.0	621
38P2R3A13_04270	38P2R3A13_06607	95.640	344	15	0	2	345	1	344	0.0	620
38P2R3A13_04271	38P2R3A13_04271	100.000	190	0	0	1	190	1	190	9.30e-140	387
38P2R3A13_04273	38P2R3A13_04273	100.000	162	0	0	1	162	1	162	4.76e-120	335
38P2R3A13_04273	38P2R3A13_08229	97.531	162	4	0	1	162	1	162	4.07e-117	327
38P2R3A13_04273	18P3R3A11_01250	95.679	162	7	0	1	162	1	162	2.63e-115	323
38P2R3A13_04274	38P2R3A13_04274	100.000	314	0	0	1	314	1	314	0.0	644
38P2R3A13_04274	18P3R3A11_01251	97.771	314	7	0	1	314	1	314	0.0	630
38P2R3A13_04274	56P2R2A4_01010	97.771	314	7	0	1	314	1	314	0.0	627
38P2R3A13_04278	38P2R3A13_04278	100.000	302	0	0	1	302	1	302	0.0	622
38P2R3A13_04278	18P3R3A11_01255	97.682	302	7	0	1	302	1	302	0.0	608
38P2R3A13_04278	10P3R2A13_02386	95.255	274	13	0	29	302	30	303	0.0	542
38P2R3A13_04279	38P2R3A13_04279	100.000	513	0	0	1	513	1	513	0.0	1036
38P2R3A13_04279	18P3R3A11_01256	97.466	513	13	0	1	513	1	513	0.0	1016
38P2R3A13_04279	38P2R3A13_08423	95.517	513	23	0	1	513	1	513	0.0	979
38P2R3A13_04280	38P2R3A13_04280	100.000	308	0	0	1	308	1	308	0.0	622
38P2R3A13_04280	18P3R3A11_01257	99.317	293	2	0	16	308	1	293	0.0	588
38P2R3A13_04280	38P2R3A13_08424	99.405	168	1	0	141	308	1	168	1.78e-118	337
38P2R3A13_04284	38P2R3A13_04284	100.000	392	0	0	1	392	1	392	0.0	796
38P2R3A13_04284	56P2R2A4_01020	97.449	392	10	0	1	392	1	392	0.0	781
38P2R3A13_04293	38P2R3A13_04293	100.000	407	0	0	1	407	1	407	0.0	824
38P2R3A13_04293	18P3R3A11_01271	97.789	407	9	0	1	407	1	407	0.0	809
38P2R3A13_04293	38P2R3A13_08222	99.164	359	3	0	49	407	1	359	0.0	721
38P2R3A13_04296	38P2R3A13_04296	100.000	660	0	0	1	660	1	660	0.0	1323
38P2R3A13_04298	38P2R3A13_04298	100.000	466	0	0	1	466	1	466	0.0	952
38P2R3A13_04298	18P3R3A11_01276	97.854	466	10	0	1	466	1	466	0.0	937
38P2R3A13_04299	38P2R3A13_04299	100.000	111	0	0	1	111	1	111	2.35e-78	225
38P2R3A13_04299	56P2R2A4_01036	97.222	108	3	0	1	108	1	108	1.14e-74	216
38P2R3A13_04300	38P2R3A13_04300	100.000	149	0	0	1	149	1	149	7.43e-109	306
38P2R3A13_04300	18P3R3A11_01278	97.987	149	3	0	1	149	1	149	9.50e-107	300
38P2R3A13_04300	42P1R1A12_01098	97.959	147	3	0	1	147	1	147	8.19e-106	298
38P2R3A13_04300	31P2R1A5_01878	96.599	147	5	0	1	147	1	147	5.92e-104	293
38P2R3A13_04300	10P3R2A13_02411	95.302	149	7	0	1	149	1	149	9.26e-104	293
38P2R3A13_04300	38P2R3A13_08262	99.038	104	1	0	46	149	1	104	7.78e-73	213
38P2R3A13_04302	38P2R3A13_04302	100.000	96	0	0	1	96	1	96	7.53e-63	185
38P2R3A13_04302	56P2R2A4_01039	97.917	96	2	0	1	96	1	96	9.20e-62	182
38P2R3A13_04302	47P2R3A6_03117	97.917	96	2	0	1	96	1	96	3.55e-61	181
38P2R3A13_04302	18P3R3A11_01280	96.875	96	3	0	1	96	1	96	5.76e-61	180
38P2R3A13_04303	38P2R3A13_04303	100.000	258	0	0	1	258	1	258	0.0	525
38P2R3A13_04303	18P3R3A11_01281	95.736	258	11	0	1	258	1	258	0.0	508
38P2R3A13_04304	38P2R3A13_04304	100.000	183	0	0	1	183	1	183	5.17e-138	382
38P2R3A13_04304	18P3R3A11_01282	96.721	183	6	0	1	183	1	183	8.54e-134	371
38P2R3A13_04304	47P2R3A6_03115	96.175	183	7	0	1	183	1	183	4.25e-132	367
38P2R3A13_04307	38P2R3A13_04307	100.000	733	0	0	1	733	1	733	0.0	1525
38P2R3A13_04307	18P3R3A11_01285	97.954	733	15	0	1	733	1	733	0.0	1495
38P2R3A13_04308	38P2R3A13_04308	100.000	226	0	0	1	226	1	226	3.93e-163	449
38P2R3A13_04309	38P2R3A13_04309	100.000	896	0	0	1	896	1	896	0.0	1808
38P2R3A13_04309	38P2R3A13_07461	97.991	896	18	0	1	896	1	896	0.0	1773
38P2R3A13_04309	18P3R3A11_01287	96.317	896	33	0	1	896	1	896	0.0	1756
38P2R3A13_04310	38P2R3A13_04310	100.000	192	0	0	1	192	1	192	8.07e-139	385
38P2R3A13_04310	56P2R2A4_01047	97.917	192	4	0	1	192	1	192	4.44e-136	378
38P2R3A13_04310	38P2R3A13_07203	96.354	192	7	0	1	192	1	192	3.10e-126	353
38P2R3A13_04310	18P3R3A11_01288	95.312	192	9	0	1	192	1	192	3.70e-124	348
38P2R3A13_04311	38P2R3A13_04311	100.000	683	0	0	1	683	1	683	0.0	1374
38P2R3A13_04311	18P3R3A11_01289	97.950	683	14	0	1	683	1	683	0.0	1352
38P2R3A13_04312	38P2R3A13_04312	100.000	560	0	0	1	560	1	560	0.0	1111
38P2R3A13_04312	56P2R2A4_01049	97.500	560	14	0	1	560	1	560	0.0	1090
38P2R3A13_04313	38P2R3A13_04313	100.000	69	0	0	1	69	1	69	1.52e-46	142
38P2R3A13_04313	38P2R3A13_07206	95.652	69	3	0	1	69	1	69	8.04e-45	137
38P2R3A13_04314	38P2R3A13_04314	100.000	471	0	0	1	471	1	471	0.0	979
38P2R3A13_04314	56P2R2A4_01051	97.665	471	11	0	1	471	1	471	0.0	957
38P2R3A13_04316	38P2R3A13_04316	100.000	219	0	0	1	219	1	219	2.76e-157	434
38P2R3A13_04318	38P2R3A13_04318	100.000	247	0	0	1	247	1	247	0.0	502
38P2R3A13_04318	56P2R2A4_01055	95.142	247	12	0	1	247	1	247	2.41e-172	474
38P2R3A13_04319	38P2R3A13_04319	100.000	264	0	0	1	264	1	264	0.0	545
38P2R3A13_04319	18P3R3A11_01297	96.591	264	9	0	1	264	1	264	0.0	530
38P2R3A13_04321	38P2R3A13_04321	100.000	544	0	0	1	544	1	544	0.0	1115
38P2R3A13_04321	38P2R3A13_02658	95.588	544	24	0	1	544	1	544	0.0	1078
38P2R3A13_04326	38P2R3A13_04326	100.000	290	0	0	1	290	1	290	0.0	589
38P2R3A13_04328	38P2R3A13_04328	100.000	487	0	0	1	487	1	487	0.0	996
38P2R3A13_04328	18P3R3A11_00690	97.536	487	12	0	1	487	1	487	0.0	980
38P2R3A13_04328	42P1R1A12_00560	95.072	487	24	0	1	487	1	487	0.0	963
38P2R3A13_04328	31P2R1A5_01205	95.072	487	24	0	1	487	1	487	0.0	959
38P2R3A13_04329	38P2R3A13_04329	100.000	137	0	0	1	137	1	137	4.91e-101	285
38P2R3A13_04331	38P2R3A13_04331	100.000	99	0	0	1	99	1	99	1.17e-67	197
38P2R3A13_04331	38P2R3A13_02668	95.960	99	4	0	1	99	1	99	3.24e-65	191
38P2R3A13_04331	18P3R3A11_00702	95.960	99	4	0	1	99	1	99	3.95e-65	191
38P2R3A13_04332	38P2R3A13_04332	100.000	246	0	0	1	246	1	246	7.19e-174	478
38P2R3A13_04333	38P2R3A13_04333	100.000	132	0	0	1	132	1	132	2.25e-96	273
38P2R3A13_04333	38P2R3A13_02670	97.727	132	3	0	1	132	1	132	8.83e-94	266
38P2R3A13_04333	18P3R3A11_00704	96.970	132	4	0	1	132	1	132	5.17e-93	264
38P2R3A13_04335	38P2R3A13_04335	100.000	248	0	0	1	248	1	248	1.07e-174	480
38P2R3A13_04335	18P3R3A11_00706	95.565	248	11	0	1	248	1	248	2.89e-162	449
38P2R3A13_04336	38P2R3A13_04336	100.000	211	0	0	1	211	1	211	1.11e-156	432
38P2R3A13_04336	18P3R3A11_00707	97.630	211	5	0	1	211	1	211	3.09e-154	426
38P2R3A13_04337	38P2R3A13_04337	100.000	145	0	0	1	145	1	145	4.04e-104	293
38P2R3A13_04339	38P2R3A13_04339	100.000	404	0	0	1	404	1	404	0.0	809
38P2R3A13_04340	38P2R3A13_04340	100.000	183	0	0	1	183	1	183	4.05e-134	372
38P2R3A13_04341	38P2R3A13_04341	100.000	260	0	0	1	260	1	260	0.0	520
38P2R3A13_04342	38P2R3A13_04342	100.000	273	0	0	1	273	1	273	0.0	546
38P2R3A13_04343	38P2R3A13_04343	100.000	137	0	0	1	137	1	137	1.12e-96	274
38P2R3A13_04344	38P2R3A13_04344	100.000	340	0	0	1	340	1	340	0.0	684
38P2R3A13_04345	38P2R3A13_04345	100.000	264	0	0	1	264	1	264	0.0	551
38P2R3A13_04346	38P2R3A13_04346	100.000	306	0	0	1	306	1	306	0.0	614
38P2R3A13_04347	38P2R3A13_04347	100.000	301	0	0	1	301	1	301	0.0	608
38P2R3A13_04348	38P2R3A13_04348	100.000	241	0	0	1	241	1	241	2.98e-175	481
38P2R3A13_04349	38P2R3A13_04349	100.000	249	0	0	1	249	1	249	0.0	511
38P2R3A13_04350	38P2R3A13_04350	100.000	294	0	0	1	294	1	294	0.0	604
38P2R3A13_04351	38P2R3A13_04351	100.000	202	0	0	1	202	1	202	3.82e-145	402
38P2R3A13_04352	38P2R3A13_04352	100.000	297	0	0	1	297	1	297	0.0	600
38P2R3A13_04353	38P2R3A13_04353	100.000	259	0	0	1	259	1	259	0.0	527
38P2R3A13_04354	38P2R3A13_04354	100.000	229	0	0	1	229	1	229	2.90e-168	462
38P2R3A13_04355	38P2R3A13_04355	100.000	401	0	0	1	401	1	401	0.0	827
38P2R3A13_04356	38P2R3A13_04356	100.000	297	0	0	1	297	1	297	0.0	620
38P2R3A13_04357	38P2R3A13_04357	100.000	116	0	0	1	116	1	116	7.25e-83	237
38P2R3A13_04358	38P2R3A13_04358	100.000	251	0	0	1	251	1	251	0.0	507
38P2R3A13_04359	38P2R3A13_04359	100.000	402	0	0	1	402	1	402	0.0	829
38P2R3A13_04360	38P2R3A13_04360	100.000	299	0	0	1	299	1	299	0.0	620
38P2R3A13_04361	38P2R3A13_04361	100.000	314	0	0	1	314	1	314	0.0	642
38P2R3A13_04362	38P2R3A13_04362	100.000	256	0	0	1	256	1	256	0.0	511
38P2R3A13_04363	38P2R3A13_04363	100.000	274	0	0	1	274	1	274	0.0	564
38P2R3A13_04364	38P2R3A13_04364	100.000	160	0	0	1	160	1	160	1.25e-116	326
38P2R3A13_04365	38P2R3A13_04365	100.000	383	0	0	1	383	1	383	0.0	744
38P2R3A13_04366	38P2R3A13_04366	100.000	328	0	0	1	328	1	328	0.0	676
38P2R3A13_04367	38P2R3A13_04367	100.000	322	0	0	1	322	1	322	0.0	666
38P2R3A13_04368	38P2R3A13_04368	100.000	51	0	0	1	51	1	51	4.29e-30	99.4
38P2R3A13_04369	38P2R3A13_04369	100.000	222	0	0	1	222	1	222	1.08e-160	442
38P2R3A13_04370	38P2R3A13_04370	100.000	178	0	0	1	178	1	178	2.03e-130	362
38P2R3A13_04371	38P2R3A13_04371	100.000	59	0	0	1	59	1	59	5.03e-39	122
38P2R3A13_04372	38P2R3A13_04372	100.000	208	0	0	1	208	1	208	2.44e-151	418
38P2R3A13_04373	38P2R3A13_04373	100.000	71	0	0	1	71	1	71	5.72e-47	143
38P2R3A13_04374	38P2R3A13_04374	100.000	419	0	0	1	419	1	419	0.0	862
38P2R3A13_04375	38P2R3A13_04375	100.000	290	0	0	1	290	1	290	0.0	606
38P2R3A13_04376	38P2R3A13_04376	100.000	255	0	0	1	255	1	255	0.0	521
38P2R3A13_04377	47P2R3A6_00914	100.000	291	0	0	1	291	10	300	0.0	603
38P2R3A13_04377	38P2R3A13_04377	100.000	291	0	0	1	291	1	291	0.0	602
38P2R3A13_04378	38P2R3A13_04378	100.000	235	0	0	1	235	1	235	2.05e-174	478
38P2R3A13_04379	38P2R3A13_04379	100.000	165	0	0	1	165	1	165	7.42e-122	340
38P2R3A13_04380	38P2R3A13_04380	100.000	119	0	0	1	119	1	119	1.48e-82	237
38P2R3A13_04381	38P2R3A13_04381	100.000	368	0	0	1	368	1	368	0.0	747
38P2R3A13_04382	38P2R3A13_04382	100.000	196	0	0	1	196	1	196	8.94e-143	395
38P2R3A13_04383	38P2R3A13_04383	100.000	115	0	0	1	115	1	115	1.37e-82	236
38P2R3A13_04384	38P2R3A13_04384	100.000	94	0	0	1	94	1	94	8.06e-65	190
38P2R3A13_04385	38P2R3A13_04385	100.000	305	0	0	1	305	1	305	0.0	620
38P2R3A13_04386	38P2R3A13_04386	100.000	259	0	0	1	259	1	259	0.0	525
38P2R3A13_04387	38P2R3A13_04387	100.000	336	0	0	1	336	1	336	0.0	679
38P2R3A13_04388	38P2R3A13_04388	100.000	270	0	0	1	270	1	270	0.0	547
38P2R3A13_04388	18P3R3A11_00710	96.296	270	10	0	1	270	1	270	0.0	529
38P2R3A13_04390	38P2R3A13_04390	100.000	453	0	0	1	453	1	453	0.0	924
38P2R3A13_04391	38P2R3A13_04391	100.000	532	0	0	1	532	1	532	0.0	1083
38P2R3A13_04391	18P3R3A11_00713	96.992	532	16	0	1	532	1	532	0.0	1057
38P2R3A13_04392	38P2R3A13_04392	100.000	521	0	0	1	521	1	521	0.0	1068
38P2R3A13_04392	38P2R3A13_02681	96.545	521	18	0	1	521	1	521	0.0	1038
38P2R3A13_04392	18P3R3A11_00714	95.585	521	23	0	1	521	1	521	0.0	1007
38P2R3A13_04393	38P2R3A13_04393	100.000	298	0	0	1	298	1	298	0.0	612
38P2R3A13_04393	18P3R3A11_00715	96.644	298	10	0	1	298	1	298	0.0	596
38P2R3A13_04393	38P2R3A13_02682	95.973	298	12	0	1	298	1	298	0.0	594
38P2R3A13_04396	38P2R3A13_04396	100.000	197	0	0	1	197	1	197	5.01e-147	406
38P2R3A13_04397	38P2R3A13_04397	100.000	254	0	0	1	254	1	254	0.0	528
38P2R3A13_04397	56P2R2A4_00397	97.244	254	7	0	1	254	1	254	0.0	514
38P2R3A13_04397	38P2R3A13_02691	96.063	254	10	0	1	254	1	254	0.0	498
38P2R3A13_04398	38P2R3A13_04398	100.000	349	0	0	1	349	1	349	0.0	710
38P2R3A13_04398	18P3R3A11_00721	97.135	349	10	0	1	349	1	349	0.0	692
38P2R3A13_04398	38P2R3A13_02692	95.702	349	15	0	1	349	1	349	0.0	621
38P2R3A13_04399	38P2R3A13_04399	100.000	84	0	0	1	84	1	84	1.11e-58	174
38P2R3A13_04399	18P3R3A11_00722	96.429	84	3	0	1	84	1	84	3.12e-57	170
38P2R3A13_04399	38P2R3A13_02693	96.429	84	3	0	1	84	1	84	5.17e-57	169
38P2R3A13_04400	38P2R3A13_04400	100.000	248	0	0	1	248	1	248	0.0	506
38P2R3A13_04401	38P2R3A13_04401	100.000	356	0	0	1	356	1	356	0.0	726
38P2R3A13_04402	38P2R3A13_04402	100.000	177	0	0	1	177	1	177	2.01e-129	360
38P2R3A13_04403	38P2R3A13_04403	100.000	334	0	0	1	334	1	334	0.0	681
38P2R3A13_04403	18P3R3A11_00155	96.707	334	11	0	1	334	1	334	0.0	661
38P2R3A13_04403	38P2R3A13_00271	95.808	334	14	0	1	334	1	334	0.0	654
38P2R3A13_04404	38P2R3A13_04404	100.000	268	0	0	1	268	1	268	0.0	553
38P2R3A13_04405	38P2R3A13_04405	100.000	551	0	0	1	551	1	551	0.0	1105
38P2R3A13_04405	38P2R3A13_00273	97.459	551	14	0	1	551	1	551	0.0	1084
38P2R3A13_04405	18P3R3A11_00159	96.552	551	19	0	1	551	1	551	0.0	1077
38P2R3A13_04406	38P2R3A13_04406	100.000	361	0	0	1	361	1	361	0.0	725
38P2R3A13_04406	18P3R3A11_00160	96.122	361	14	0	1	361	1	361	0.0	700
38P2R3A13_04406	38P2R3A13_00274	95.568	361	16	0	1	361	1	361	0.0	692
38P2R3A13_04407	38P2R3A13_04407	100.000	460	0	0	1	460	1	460	0.0	916
38P2R3A13_04408	38P2R3A13_04408	100.000	220	0	0	1	220	1	220	1.23e-161	445
38P2R3A13_04409	38P2R3A13_04409	100.000	1301	0	0	1	1301	1	1301	0.0	2673
38P2R3A13_04409	18P3R3A11_00163	97.156	1301	37	0	1	1301	1	1301	0.0	2610
38P2R3A13_04411	38P2R3A13_04411	100.000	228	0	0	1	228	1	228	2.45e-171	470
38P2R3A13_04412	38P2R3A13_04412	100.000	180	0	0	1	180	1	180	2.44e-129	360
38P2R3A13_04412	18P3R3A11_00166	95.556	180	8	0	1	180	1	180	6.00e-124	346
38P2R3A13_04413	38P2R3A13_04413	100.000	325	0	0	1	325	1	325	0.0	679
38P2R3A13_04414	38P2R3A13_04414	100.000	343	0	0	1	343	1	343	0.0	707
38P2R3A13_04414	38P2R3A13_00282	97.941	340	7	0	1	340	1	340	0.0	692
38P2R3A13_04414	18P3R3A11_00168	96.176	340	13	0	1	340	1	340	0.0	683
38P2R3A13_04415	38P2R3A13_04415	100.000	311	0	0	1	311	1	311	0.0	637
38P2R3A13_04416	38P2R3A13_04416	100.000	145	0	0	1	145	1	145	3.57e-96	273
38P2R3A13_04417	38P2R3A13_04417	100.000	157	0	0	1	157	1	157	1.47e-107	303
38P2R3A13_04418	38P2R3A13_04418	100.000	176	0	0	1	176	1	176	4.87e-131	364
38P2R3A13_04419	38P2R3A13_04419	100.000	175	0	0	1	175	1	175	1.16e-124	348
38P2R3A13_04420	38P2R3A13_04420	100.000	162	0	0	1	162	1	162	2.23e-109	308
38P2R3A13_04421	38P2R3A13_04421	100.000	407	0	0	1	407	1	407	0.0	838
38P2R3A13_04422	38P2R3A13_04422	100.000	241	0	0	1	241	1	241	0.0	496
38P2R3A13_04423	38P2R3A13_04423	100.000	420	0	0	1	420	1	420	0.0	872
38P2R3A13_04424	38P2R3A13_04424	100.000	240	0	0	1	240	1	240	1.12e-177	487
