10P3R2A13_03327	10P3R2A13_03327	100.000	484	0	0	1	484	1	484	0.0	988
10P3R2A13_03327	43P2R2A2_01142	100.000	195	0	0	290	484	1	195	1.09e-144	412
10P3R2A13_03328	10P3R2A13_03328	100.000	499	0	0	1	499	1	499	0.0	1014
10P3R2A13_03328	43P2R2A2_05656	99.444	180	1	0	320	499	1	180	4.63e-124	359
10P3R2A13_03329	10P3R2A13_03329	100.000	623	0	0	1	623	1	623	0.0	1259
10P3R2A13_03330	10P3R2A13_03330	100.000	140	0	0	1	140	1	140	7.57e-102	287
10P3R2A13_03330	34P3R2A10_00738	99.286	140	1	0	1	140	13	152	6.39e-101	285
10P3R2A13_03331	10P3R2A13_03331	100.000	502	0	0	1	502	1	502	0.0	1017
10P3R2A13_03331	18P3R3A11_02881	96.414	502	18	0	1	502	1	502	0.0	989
10P3R2A13_03331	31P2R1A5_04776	95.817	502	21	0	1	502	1	502	0.0	977
10P3R2A13_03331	15P1R1A16_03817	99.537	216	1	0	287	502	1	216	5.21e-153	434
10P3R2A13_03332	10P3R2A13_03332	100.000	322	0	0	1	322	1	322	0.0	623
10P3R2A13_03332	18P3R3A11_02880	97.205	322	9	0	1	322	1	322	0.0	611
10P3R2A13_03332	42P1R1A12_05384	96.273	322	12	0	1	322	1	322	0.0	605
10P3R2A13_03332	31P2R1A5_04777	95.652	322	14	0	1	322	1	322	0.0	575
10P3R2A13_03333	10P3R2A13_03333	100.000	297	0	0	1	297	1	297	0.0	587
10P3R2A13_03333	18P3R3A11_02879	97.980	297	6	0	1	297	1	297	0.0	578
10P3R2A13_03333	38P2R3A13_07307	97.306	297	8	0	1	297	1	297	0.0	574
10P3R2A13_03334	10P3R2A13_03334	100.000	310	0	0	1	310	1	310	0.0	617
10P3R2A13_03335	10P3R2A13_03335	100.000	331	0	0	1	331	1	331	0.0	684
10P3R2A13_03336	10P3R2A13_03336	100.000	476	0	0	1	476	1	476	0.0	951
10P3R2A13_03337	10P3R2A13_03337	100.000	231	0	0	1	231	1	231	9.07e-176	481
10P3R2A13_03337	34P3R2A10_00731	98.936	94	1	0	138	231	1	94	3.17e-65	197
10P3R2A13_03338	10P3R2A13_03338	100.000	213	0	0	1	213	1	213	2.29e-162	446
10P3R2A13_03339	10P3R2A13_03339	100.000	578	0	0	1	578	1	578	0.0	1181
10P3R2A13_03340	10P3R2A13_03340	100.000	1260	0	0	1	1260	1	1260	0.0	2539
10P3R2A13_03340	15P1R1A16_04327	99.772	877	2	0	384	1260	1	877	0.0	1771
10P3R2A13_03340	43P2R2A2_04927	100.000	177	0	0	1084	1260	1	177	2.82e-114	353
10P3R2A13_03341	10P3R2A13_03341	100.000	114	0	0	1	114	1	114	4.13e-82	235
10P3R2A13_03342	10P3R2A13_03342	100.000	84	0	0	1	84	1	84	1.65e-57	171
10P3R2A13_03343	10P3R2A13_03343	100.000	105	0	0	1	105	1	105	2.27e-71	207
10P3R2A13_03344	10P3R2A13_03344	100.000	177	0	0	1	177	1	177	3.29e-130	362
10P3R2A13_03344	31P2R1A5_04912	95.480	177	8	0	1	177	1	177	2.81e-126	352
10P3R2A13_03344	42P1R1A12_04467	95.402	174	8	0	1	174	1	174	1.32e-124	348
10P3R2A13_03345	10P3R2A13_03345	100.000	319	0	0	1	319	1	319	0.0	646
10P3R2A13_03345	18P3R3A11_02054	95.298	319	15	0	1	319	1	319	0.0	603
10P3R2A13_03345	15P1R1A16_05235	99.606	254	1	0	1	254	1	254	0.0	513
10P3R2A13_03345	43P2R2A2_05397	100.000	120	0	0	200	319	1	120	4.82e-83	246
10P3R2A13_03345	15P1R1A16_05234	96.825	63	2	0	257	319	1	63	1.07e-35	123
10P3R2A13_03345	34P3R2A10_05123	100.000	48	0	0	272	319	1	48	4.63e-26	97.8
10P3R2A13_03346	10P3R2A13_03346	100.000	501	0	0	1	501	1	501	0.0	1013
10P3R2A13_03346	15P1R1A16_05171	98.855	262	3	0	240	501	1	262	0.0	518
10P3R2A13_03346	34P3R2A10_03975	99.588	243	1	0	259	501	1	243	1.16e-171	483
10P3R2A13_03346	43P2R2A2_04354	98.901	91	1	0	411	501	1	91	2.31e-54	177
10P3R2A13_03347	10P3R2A13_03347	100.000	341	0	0	1	341	1	341	0.0	654
10P3R2A13_03347	15P1R1A16_01451	99.209	253	2	0	89	341	1	253	2.12e-171	476
10P3R2A13_03348	10P3R2A13_03348	100.000	332	0	0	1	332	1	332	0.0	644
10P3R2A13_03348	18P3R3A11_02057	97.248	327	9	0	1	327	1	327	0.0	621
10P3R2A13_03348	42P1R1A12_04463	95.399	326	15	0	1	326	1	326	0.0	605
10P3R2A13_03349	10P3R2A13_03349	100.000	333	0	0	1	333	1	333	0.0	687
10P3R2A13_03349	31P2R1A5_04907	96.396	333	12	0	1	333	1	333	0.0	667
10P3R2A13_03349	18P3R3A11_02060	96.096	333	13	0	1	333	1	333	0.0	666
10P3R2A13_03349	34P3R2A10_03972	100.000	277	0	0	57	333	1	277	0.0	576
10P3R2A13_03350	10P3R2A13_03350	100.000	458	0	0	1	458	1	458	0.0	945
10P3R2A13_03350	43P2R2A2_05598	99.742	388	1	0	71	458	1	388	0.0	801
10P3R2A13_03351	10P3R2A13_03351	100.000	184	0	0	1	184	1	184	2.07e-128	358
10P3R2A13_03351	15P1R1A16_05070	100.000	110	0	0	75	184	1	110	6.10e-74	218
10P3R2A13_03352	10P3R2A13_03352	100.000	451	0	0	1	451	1	451	0.0	929
10P3R2A13_03352	18P3R3A11_02063	95.787	451	19	0	1	451	1	451	0.0	892
10P3R2A13_03352	34P3R2A10_01881	100.000	397	0	0	55	451	1	397	0.0	826
10P3R2A13_03352	43P2R2A2_05641	100.000	251	0	0	201	451	1	251	0.0	521
10P3R2A13_03353	10P3R2A13_03353	100.000	129	0	0	1	129	1	129	1.40e-90	258
10P3R2A13_03353	16_1P2R1A8-1_03579	97.674	129	3	0	1	129	1	129	3.21e-88	252
10P3R2A13_03353	29P3R3A9_01321	96.899	129	4	0	1	129	1	129	3.96e-88	251
10P3R2A13_03353	15P1R1A16_01445	96.899	129	4	0	1	129	1	129	5.04e-88	251
10P3R2A13_03353	43P2R2A2_04358	100.000	50	0	0	80	129	1	50	3.18e-31	105
10P3R2A13_03354	10P3R2A13_03354	100.000	155	0	0	1	155	1	155	6.17e-115	322
10P3R2A13_03354	12_1P1R2A2-1_02634	97.419	155	4	0	1	155	1	155	1.28e-112	315
10P3R2A13_03354	25P2R1A13_02484	97.419	155	4	0	1	155	1	155	3.67e-112	314
10P3R2A13_03355	10P3R2A13_03355	100.000	713	0	0	1	713	1	713	0.0	1490
10P3R2A13_03356	10P3R2A13_03356	100.000	552	0	0	1	552	1	552	0.0	1155
10P3R2A13_03357	10P3R2A13_03357	100.000	474	0	0	1	474	1	474	0.0	952
10P3R2A13_03357	43P2R2A2_05566	100.000	422	0	0	53	474	1	422	0.0	843
10P3R2A13_03358	10P3R2A13_03358	100.000	316	0	0	1	316	1	316	0.0	654
10P3R2A13_03359	10P3R2A13_03359	100.000	899	0	0	1	899	1	899	0.0	1849
10P3R2A13_03359	34P3R2A10_03258	100.000	423	0	0	477	899	1	423	0.0	867
10P3R2A13_03360	10P3R2A13_03360	100.000	129	0	0	1	129	1	129	9.99e-91	258
10P3R2A13_03360	42P1R1A12_04428	96.124	129	5	0	1	129	1	129	9.32e-88	251
10P3R2A13_03360	51P2R2A10_04479	95.349	129	6	0	1	129	1	129	9.34e-87	248
10P3R2A13_03361	10P3R2A13_03361	100.000	154	0	0	1	154	1	154	2.34e-113	317
10P3R2A13_03362	10P3R2A13_03362	100.000	312	0	0	1	312	1	312	0.0	644
10P3R2A13_03363	10P3R2A13_03363	100.000	132	0	0	1	132	1	132	1.13e-96	273
10P3R2A13_03363	28P2R1A12_01652	97.692	130	3	0	1	130	1	130	2.48e-92	263
10P3R2A13_03363	16_1P2R1A8-1_03589	95.868	121	5	0	12	132	8	128	2.39e-83	239
10P3R2A13_03364	10P3R2A13_03364	100.000	238	0	0	1	238	1	238	2.20e-171	471
10P3R2A13_03364	27P2R2A12_01502	97.899	238	5	0	1	238	1	238	7.31e-168	462
10P3R2A13_03364	43P2R2A2_05031	100.000	101	0	0	138	238	1	101	2.14e-68	205
10P3R2A13_03365	10P3R2A13_03365	100.000	198	0	0	1	198	1	198	2.80e-147	407
10P3R2A13_03365	28P2R1A12_01650	97.980	198	4	0	1	198	1	198	1.59e-144	400
10P3R2A13_03365	8P2R1A11_02427	97.980	198	4	0	1	198	1	198	1.96e-144	399
10P3R2A13_03365	25P2R1A13_02495	96.970	198	6	0	1	198	1	198	3.88e-143	396
10P3R2A13_03365	11P3R3A1_03294	95.960	198	8	0	1	198	1	198	4.39e-142	394
10P3R2A13_03366	10P3R2A13_03366	100.000	151	0	0	1	151	1	151	1.15e-111	313
10P3R2A13_03366	8P2R1A11_02426	96.689	151	5	0	1	151	1	151	5.11e-108	303
10P3R2A13_03366	1P1R1A1_02893	100.000	100	0	0	52	151	1	100	1.46e-70	207
10P3R2A13_03366	1P1R1A1_02894	98.000	50	1	0	1	50	1	50	1.01e-30	105
10P3R2A13_03368	10P3R2A13_03368	100.000	77	0	0	1	77	1	77	1.80e-50	152
10P3R2A13_03368	1P1R1A1_02892	100.000	77	0	0	1	77	444	520	7.34e-48	158
10P3R2A13_03370	10P3R2A13_03370	100.000	139	0	0	1	139	1	139	7.28e-96	272
10P3R2A13_03370	32P3R2A9_03654	96.403	139	5	0	1	139	1	139	4.07e-84	242
10P3R2A13_03371	10P3R2A13_03371	100.000	168	0	0	1	168	1	168	2.59e-125	349
10P3R2A13_03371	17P1R1A4_02606	97.619	168	4	0	1	168	1	168	4.32e-123	343
10P3R2A13_03371	27P2R2A12_01496	97.024	168	5	0	1	168	1	168	1.53e-121	339
10P3R2A13_03371	32P3R2A9_03653	95.238	168	8	0	1	168	1	168	1.89e-119	334
10P3R2A13_03372	10P3R2A13_03372	100.000	399	0	0	1	399	1	399	0.0	810
10P3R2A13_03372	29P3R3A9_01339	97.744	399	9	0	1	399	1	399	0.0	794
10P3R2A13_03373	10P3R2A13_03373	100.000	952	0	0	1	952	1	952	0.0	1971
10P3R2A13_03373	42P1R1A12_04418	96.008	952	38	0	1	952	1	952	0.0	1905
10P3R2A13_03373	31P2R1A5_04874	96.218	952	36	0	1	952	1	952	0.0	1886
10P3R2A13_03373	34P3R2A10_03257	99.854	684	1	0	269	952	1	684	0.0	1410
10P3R2A13_03374	10P3R2A13_03374	100.000	161	0	0	1	161	1	161	2.85e-119	333
10P3R2A13_03374	25P2R1A13_02503	100.000	148	0	0	14	161	1	148	4.33e-108	304
10P3R2A13_03374	34P3R2A10_05138	100.000	110	0	0	52	161	1	110	9.85e-78	226
10P3R2A13_03375	10P3R2A13_03375	100.000	504	0	0	1	504	1	504	0.0	1042
10P3R2A13_03375	18P3R3A11_02687	97.619	504	12	0	1	504	1	504	0.0	1024
10P3R2A13_03375	31P2R1A5_04872	96.825	504	16	0	1	504	1	504	0.0	1016
10P3R2A13_03375	51P2R2A10_04489	95.833	504	21	0	1	504	1	504	0.0	986
10P3R2A13_03377	10P3R2A13_03377	100.000	361	0	0	1	361	1	361	0.0	728
10P3R2A13_03377	15P1R1A16_04731	100.000	337	0	0	25	361	1	337	0.0	679
10P3R2A13_03378	10P3R2A13_03378	100.000	501	0	0	1	501	1	501	0.0	1018
10P3R2A13_03378	28P2R1A12_01638	97.600	500	12	0	1	500	1	500	0.0	999
10P3R2A13_03378	25P2R1A13_02507	97.605	501	12	0	1	501	1	501	0.0	996
10P3R2A13_03378	33P3R2A2_01363	97.988	497	10	0	1	497	1	497	0.0	994
10P3R2A13_03378	14P1R2A4_05115	98.956	383	4	0	119	501	1	383	0.0	772
10P3R2A13_03378	34P3R2A10_03738	97.436	78	2	0	420	497	1	78	1.52e-44	153
10P3R2A13_03379	10P3R2A13_03379	100.000	340	0	0	1	340	1	340	0.0	704
10P3R2A13_03379	33P3R2A2_01364	97.941	340	7	0	1	340	1	340	0.0	695
10P3R2A13_03379	43P2R2A2_04797	100.000	130	0	0	211	340	1	130	4.64e-91	268
10P3R2A13_03379	15P1R1A16_04739	100.000	44	0	0	297	340	1	44	1.64e-24	94.4
10P3R2A13_03379	15P1R1A16_04729	97.727	44	1	0	297	340	1	44	5.30e-24	92.8
10P3R2A13_03381	10P3R2A13_03381	100.000	75	0	0	1	75	1	75	2.53e-50	152
10P3R2A13_03381	28P2R1A12_01635	100.000	30	0	0	1	30	1	30	2.28e-12	60.1
10P3R2A13_03382	10P3R2A13_03382	100.000	483	0	0	1	483	1	483	0.0	997
10P3R2A13_03382	17P1R1A4_02555	99.531	426	2	0	1	426	1	426	0.0	877
10P3R2A13_03383	10P3R2A13_03383	100.000	129	0	0	1	129	1	129	4.21e-90	256
10P3R2A13_03384	10P3R2A13_03384	100.000	448	0	0	1	448	1	448	0.0	929
10P3R2A13_03385	10P3R2A13_03385	100.000	692	0	0	1	692	1	692	0.0	1434
10P3R2A13_03385	32P3R2A9_02347	96.965	692	21	0	1	692	1	692	0.0	1388
10P3R2A13_03386	10P3R2A13_03386	100.000	291	0	0	1	291	1	291	0.0	608
10P3R2A13_03386	43P2R2A2_00001	98.404	188	3	0	104	291	1	188	6.44e-138	387
10P3R2A13_03386	34P3R2A10_02052	98.058	103	2	0	189	291	1	103	7.81e-71	214
10P3R2A13_03386	34P3R2A10_00185	97.087	103	3	0	189	291	1	103	4.72e-70	211
10P3R2A13_03387	10P3R2A13_03387	100.000	327	0	0	1	327	1	327	0.0	689
10P3R2A13_03387	16_1P2R1A8-1_01677	97.554	327	8	0	1	327	1	327	0.0	679
10P3R2A13_03387	11P3R3A1_03332	97.859	327	7	0	1	327	1	327	0.0	678
10P3R2A13_03387	29P3R3A9_04210	97.554	327	8	0	1	327	1	327	0.0	677
10P3R2A13_03387	33P3R2A2_03669	97.248	327	9	0	1	327	1	327	0.0	676
10P3R2A13_03387	17P1R1A4_02550	96.024	327	13	0	1	327	1	327	0.0	671
10P3R2A13_03387	15P1R1A16_04068	96.024	327	13	0	1	327	1	327	0.0	669
10P3R2A13_03387	43P2R2A2_05697	100.000	150	0	0	178	327	1	150	6.15e-111	318
10P3R2A13_03388	10P3R2A13_03388	100.000	369	0	0	1	369	1	369	0.0	746
10P3R2A13_03388	12_1P1R2A2-1_04302	97.832	369	8	0	1	369	1	369	0.0	734
10P3R2A13_03388	25P2R1A13_03148	96.206	369	14	0	1	369	1	369	0.0	722
10P3R2A13_03388	43P2R2A2_05488	100.000	343	0	0	27	369	1	343	0.0	694
10P3R2A13_03389	10P3R2A13_03389	100.000	239	0	0	1	239	1	239	0.0	497
10P3R2A13_03389	5P3R2A4_02034	99.474	190	1	0	1	190	1	190	7.78e-142	395
10P3R2A13_03391	10P3R2A13_03391	100.000	199	0	0	1	199	1	199	1.11e-147	408
10P3R2A13_03392	10P3R2A13_03392	100.000	155	0	0	1	155	1	155	6.68e-114	319
10P3R2A13_03392	1P1R1A1_04544	98.710	155	2	0	1	155	52	206	3.42e-112	317
10P3R2A13_03392	12_1P1R2A2-1_03750	98.710	155	2	0	1	155	132	286	2.41e-111	317
10P3R2A13_03392	28P2R1A12_03914	96.774	155	5	0	1	155	1	155	2.38e-110	310
10P3R2A13_03392	27P2R2A12_04218	97.419	155	4	0	1	155	1	155	3.30e-110	310
10P3R2A13_03392	25P2R1A13_01390	99.355	155	1	0	1	155	194	348	3.64e-110	317
10P3R2A13_03392	25P2R1A13_04279	96.774	155	5	0	1	155	52	206	8.15e-110	310
10P3R2A13_03392	1P1R1A1_04696	97.419	155	4	0	1	155	149	303	2.67e-109	313
10P3R2A13_03392	19P1R1A6_04705	98.710	155	2	0	1	155	225	379	8.24e-109	314
10P3R2A13_03392	25P2R1A13_03925	96.774	155	5	0	1	155	65	219	7.97e-108	306
10P3R2A13_03392	10P3R2A13_04710	99.010	101	1	0	55	155	1	101	3.94e-69	204
10P3R2A13_03392	17P1R1A4_03158	98.020	101	2	0	55	155	1	101	1.36e-68	202
10P3R2A13_03392	11P3R3A1_04727	96.825	63	2	0	93	155	1	63	6.36e-38	124
10P3R2A13_03392	4P1R1A3_04652	98.182	55	1	0	1	55	149	203	4.01e-33	116
10P3R2A13_03392	17P1R1A4_04097	96.552	29	1	0	1	29	52	80	3.63e-14	63.9
10P3R2A13_03393	10P3R2A13_03393	100.000	257	0	0	1	257	1	257	0.0	533
10P3R2A13_03393	11P3R3A1_04609	97.276	257	7	0	1	257	1	257	0.0	520
10P3R2A13_03393	1P1R1A1_04543	97.647	255	6	0	1	255	1	255	0.0	519
10P3R2A13_03393	15P1R1A16_03620	96.951	164	5	0	94	257	1	164	4.05e-118	334
10P3R2A13_03394	10P3R2A13_03394	100.000	149	0	0	1	149	1	149	1.12e-109	308
10P3R2A13_03394	1P1R1A1_04542	100.000	149	0	0	1	149	10	158	2.20e-109	307
10P3R2A13_03395	10P3R2A13_03395	100.000	815	0	0	1	815	1	815	0.0	1674
10P3R2A13_03395	34P3R2A10_04236	99.820	556	1	0	260	815	1	556	0.0	1137
10P3R2A13_03396	10P3R2A13_03396	100.000	193	0	0	1	193	1	193	8.21e-142	392
10P3R2A13_03396	18P3R3A11_03312	96.891	193	6	0	1	193	1	193	1.76e-137	382
10P3R2A13_03396	47P2R3A6_03321	96.891	193	6	0	1	193	1	193	8.01e-137	380
10P3R2A13_03397	10P3R2A13_03397	100.000	256	0	0	1	256	1	256	0.0	538
10P3R2A13_03398	10P3R2A13_03398	100.000	247	0	0	1	247	1	247	0.0	511
10P3R2A13_03398	34P3R2A10_04418	100.000	115	0	0	133	247	1	115	3.62e-83	244
10P3R2A13_03399	10P3R2A13_03399	100.000	93	0	0	1	93	1	93	4.86e-66	193
10P3R2A13_03399	25P2R1A13_03918	97.849	93	2	0	1	93	1	93	6.21e-65	190
10P3R2A13_03399	11P3R3A1_04615	97.849	93	2	0	1	93	1	93	8.27e-65	190
10P3R2A13_03400	10P3R2A13_03400	100.000	87	0	0	1	87	1	87	1.05e-57	171
10P3R2A13_03401	10P3R2A13_03401	100.000	258	0	0	1	258	1	258	0.0	536
10P3R2A13_03401	28P2R1A12_01444	97.297	222	6	0	37	258	29	250	1.14e-163	453
10P3R2A13_03401	25P2R1A13_03916	98.565	209	3	0	50	258	1	209	3.56e-157	435
10P3R2A13_03402	10P3R2A13_03402	100.000	119	0	0	1	119	1	119	1.29e-86	247
10P3R2A13_03403	10P3R2A13_03403	100.000	93	0	0	1	93	1	93	1.34e-65	192
10P3R2A13_03403	15P1R1A16_03803	100.000	75	0	0	19	93	1	75	1.05e-51	156
10P3R2A13_03404	10P3R2A13_03404	100.000	698	0	0	1	698	1	698	0.0	1406
10P3R2A13_03404	12_1P1R2A2-1_03738	98.432	574	9	0	125	698	7	580	0.0	1153
10P3R2A13_03404	15P1R1A16_04969	99.265	544	4	0	155	698	1	544	0.0	1099
10P3R2A13_03404	34P3R2A10_04176	100.000	43	0	0	654	696	1	43	9.51e-22	88.6
10P3R2A13_03405	10P3R2A13_03405	100.000	380	0	0	1	380	1	380	0.0	775
10P3R2A13_03406	10P3R2A13_03406	100.000	261	0	0	1	261	1	261	0.0	513
10P3R2A13_03407	10P3R2A13_03407	100.000	92	0	0	1	92	1	92	4.75e-58	172
10P3R2A13_03408	10P3R2A13_03408	100.000	251	0	0	1	251	1	251	7.32e-180	493
10P3R2A13_03409	10P3R2A13_03409	100.000	124	0	0	1	124	1	124	3.63e-83	239
10P3R2A13_03410	10P3R2A13_03410	100.000	284	0	0	1	284	1	284	0.0	576
10P3R2A13_03411	10P3R2A13_03411	100.000	329	0	0	1	329	1	329	0.0	675
10P3R2A13_03411	15P1R1A16_00412	97.872	329	7	0	1	329	1	329	0.0	663
10P3R2A13_03412	10P3R2A13_03412	100.000	114	0	0	1	114	1	114	1.20e-77	224
10P3R2A13_03412	16_1P2R1A8-1_02728	97.368	114	3	0	1	114	1	114	6.39e-75	217
10P3R2A13_03413	10P3R2A13_03413	100.000	549	0	0	1	549	1	549	0.0	1116
10P3R2A13_03413	27P2R2A12_03474	97.996	549	11	0	1	549	1	549	0.0	1092
10P3R2A13_03413	30P2R3A4_03825	99.751	402	1	0	1	402	1	402	0.0	818
10P3R2A13_03413	30P2R3A4_03826	99.219	128	1	0	422	549	1	128	2.65e-85	260
10P3R2A13_03414	10P3R2A13_03414	100.000	337	0	0	1	337	1	337	0.0	672
10P3R2A13_03415	10P3R2A13_03415	100.000	237	0	0	1	237	1	237	3.84e-174	478
10P3R2A13_03416	10P3R2A13_03416	100.000	446	0	0	1	446	1	446	0.0	903
10P3R2A13_03417	10P3R2A13_03417	100.000	145	0	0	1	145	1	145	1.57e-101	287
10P3R2A13_03417	27P2R2A12_03478	97.931	145	3	0	1	145	1	145	6.33e-100	283
10P3R2A13_03418	10P3R2A13_03418	100.000	132	0	0	1	132	1	132	1.44e-94	268
10P3R2A13_03419	10P3R2A13_03419	100.000	815	0	0	1	815	1	815	0.0	1704
10P3R2A13_03419	11P3R3A1_03704	95.951	815	33	0	1	815	1	815	0.0	1645
10P3R2A13_03419	15P1R1A16_00404	95.337	815	38	0	1	815	1	815	0.0	1624
10P3R2A13_03420	10P3R2A13_03420	100.000	310	0	0	1	310	1	310	0.0	629
10P3R2A13_03420	11P3R3A1_03705	95.484	310	14	0	1	310	1	310	0.0	562
10P3R2A13_03421	10P3R2A13_03421	100.000	143	0	0	1	143	1	143	3.90e-102	288
10P3R2A13_03421	29P3R3A9_01606	97.902	143	3	0	1	143	1	143	7.01e-100	282
10P3R2A13_03421	16_1P2R1A8-1_02737	97.902	143	3	0	1	143	1	143	8.63e-100	282
10P3R2A13_03421	11P3R3A1_03706	97.902	143	3	0	1	143	1	143	2.22e-99	281
10P3R2A13_03422	10P3R2A13_03422	100.000	93	0	0	1	93	1	93	3.68e-61	181
10P3R2A13_03423	10P3R2A13_03423	100.000	246	0	0	1	246	1	246	0.0	506
10P3R2A13_03423	29P3R3A9_01604	97.154	246	7	0	1	246	1	246	4.50e-180	494
10P3R2A13_03424	10P3R2A13_03424	100.000	115	0	0	1	115	1	115	3.57e-82	235
10P3R2A13_03424	11P3R3A1_03709	99.107	112	1	0	4	115	1	112	3.60e-79	228
10P3R2A13_03425	10P3R2A13_03425	100.000	144	0	0	1	144	1	144	1.37e-104	294
10P3R2A13_03425	29P3R3A9_01602	97.222	144	4	0	1	144	1	144	3.64e-102	288
10P3R2A13_03426	10P3R2A13_03426	100.000	238	0	0	1	238	1	238	9.08e-170	467
10P3R2A13_03427	10P3R2A13_03427	100.000	401	0	0	1	401	1	401	0.0	802
10P3R2A13_03427	27P2R2A12_03488	97.756	401	9	0	1	401	1	401	0.0	786
10P3R2A13_03427	19P1R1A6_04720	100.000	90	0	0	312	401	1	90	9.70e-57	181
10P3R2A13_03428	10P3R2A13_03428	100.000	180	0	0	1	180	1	180	3.32e-130	362
10P3R2A13_03428	15P1R1A16_00395	96.089	179	7	0	1	179	1	179	1.73e-122	345
10P3R2A13_03428	11P3R3A1_03713	97.688	173	4	0	1	173	1	173	5.46e-121	341
10P3R2A13_03429	10P3R2A13_03429	100.000	67	0	0	1	67	1	67	2.65e-43	134
10P3R2A13_03429	11P3R3A1_03713	98.507	67	1	0	1	67	180	246	5.47e-41	133
10P3R2A13_03429	15P1R1A16_00395	98.507	67	1	0	1	67	180	246	1.92e-40	132
10P3R2A13_03430	10P3R2A13_03430	100.000	262	0	0	1	262	1	262	0.0	523
10P3R2A13_03431	16_1P2R1A8-1_02746	100.000	222	0	0	1	222	31	252	5.00e-165	455
10P3R2A13_03431	10P3R2A13_03431	100.000	222	0	0	1	222	1	222	5.04e-165	454
10P3R2A13_03431	11P3R3A1_03715	100.000	222	0	0	1	222	27	248	1.38e-164	454
10P3R2A13_03431	19P1R1A6_04716	100.000	80	0	0	143	222	1	80	1.55e-52	164
10P3R2A13_03432	10P3R2A13_03432	100.000	367	0	0	1	367	1	367	0.0	729
10P3R2A13_03432	15P1R1A16_00392	97.820	367	8	0	1	367	1	367	0.0	714
10P3R2A13_03433	10P3R2A13_03433	100.000	100	0	0	1	100	1	100	4.17e-71	206
10P3R2A13_03433	27P2R2A12_03493	98.000	100	2	0	1	100	1	100	3.92e-70	204
10P3R2A13_03433	29P3R3A9_01595	97.000	100	3	0	1	100	1	100	1.03e-69	203
10P3R2A13_03434	10P3R2A13_03434	100.000	459	0	0	1	459	1	459	0.0	905
10P3R2A13_03434	30P2R3A4_03832	100.000	126	0	0	334	459	6	131	5.28e-81	246
10P3R2A13_03435	10P3R2A13_03435	100.000	310	0	0	1	310	1	310	0.0	612
10P3R2A13_03436	10P3R2A13_03436	100.000	326	0	0	1	326	1	326	0.0	656
10P3R2A13_03436	27P2R2A12_03496	96.933	326	10	0	1	326	1	326	0.0	639
10P3R2A13_03436	17P1R1A4_03201	96.933	326	10	0	1	326	1	326	0.0	638
10P3R2A13_03436	29P3R3A9_01592	96.933	326	10	0	1	326	1	326	0.0	636
10P3R2A13_03437	10P3R2A13_03437	100.000	281	0	0	1	281	1	281	0.0	581
10P3R2A13_03437	27P2R2A12_03497	96.085	281	11	0	1	281	1	281	0.0	560
10P3R2A13_03437	15P1R1A16_00387	96.085	281	11	0	1	281	1	281	0.0	559
10P3R2A13_03438	10P3R2A13_03438	100.000	305	0	0	1	305	1	305	0.0	585
10P3R2A13_03439	10P3R2A13_03439	100.000	439	0	0	1	439	1	439	0.0	860
10P3R2A13_03440	10P3R2A13_03440	100.000	131	0	0	1	131	1	131	1.60e-92	263
10P3R2A13_03441	10P3R2A13_03441	100.000	104	0	0	1	104	1	104	2.62e-71	207
10P3R2A13_03441	29P3R3A9_01587	97.115	104	3	0	1	104	1	104	3.05e-69	202
10P3R2A13_03441	15P1R1A16_00383	97.115	104	3	0	1	104	1	104	7.76e-68	198
10P3R2A13_03442	10P3R2A13_03442	100.000	354	0	0	1	354	1	354	0.0	693
10P3R2A13_03443	10P3R2A13_03443	100.000	156	0	0	1	156	1	156	1.28e-112	316
10P3R2A13_03444	10P3R2A13_03444	100.000	239	0	0	1	239	1	239	6.69e-177	485
10P3R2A13_03445	10P3R2A13_03445	100.000	288	0	0	1	288	1	288	0.0	580
10P3R2A13_03446	10P3R2A13_03446	100.000	308	0	0	1	308	1	308	0.0	637
10P3R2A13_03446	28P2R1A12_01440	98.047	256	5	0	53	308	7	262	0.0	518
10P3R2A13_03446	12_1P1R2A2-1_03737	98.585	212	3	0	97	308	1	212	8.40e-154	429
10P3R2A13_03447	10P3R2A13_03447	100.000	352	0	0	1	352	1	352	0.0	723
10P3R2A13_03447	34P3R2A10_05214	99.605	253	1	0	100	352	1	253	0.0	514
10P3R2A13_03448	10P3R2A13_03448	100.000	151	0	0	1	151	1	151	5.34e-113	316
10P3R2A13_03448	17P1R1A4_03213	95.364	151	7	0	1	151	1	151	1.41e-106	300
10P3R2A13_03448	12_1P1R2A2-1_03735	100.000	125	0	0	27	151	1	125	1.37e-91	261
10P3R2A13_03448	28P2R1A12_01436	95.200	125	6	0	27	151	2	126	4.27e-86	247
10P3R2A13_03449	10P3R2A13_03449	100.000	380	0	0	1	380	1	380	0.0	783
10P3R2A13_03449	25P2R1A13_03908	98.551	69	1	0	1	69	5	73	2.91e-43	145
10P3R2A13_03449	27P2R2A12_03980	97.101	69	2	0	1	69	5	73	1.35e-42	144
10P3R2A13_03449	28P2R1A12_01435	95.652	69	3	0	1	69	1	69	4.84e-42	142
10P3R2A13_03450	10P3R2A13_03450	100.000	205	0	0	1	205	1	205	4.15e-154	424
10P3R2A13_03450	25P2R1A13_03907	99.401	167	1	0	39	205	1	167	4.24e-124	347
10P3R2A13_03451	10P3R2A13_03451	100.000	486	0	0	1	486	1	486	0.0	997
10P3R2A13_03451	34P3R2A10_04598	100.000	309	0	0	178	486	1	309	0.0	630
10P3R2A13_03451	15P1R1A16_04409	100.000	41	0	0	446	486	1	41	4.54e-21	86.3
10P3R2A13_03452	10P3R2A13_03452	100.000	153	0	0	1	153	1	153	8.40e-111	311
10P3R2A13_03452	27P2R2A12_03983	100.000	152	0	0	1	152	1	152	1.76e-110	312
10P3R2A13_03452	18P3R3A11_03300	97.386	153	4	0	1	153	1	153	3.14e-109	307
10P3R2A13_03452	31P2R1A5_03135	97.386	153	4	0	1	153	1	153	1.25e-108	305
10P3R2A13_03453	10P3R2A13_03453	100.000	415	0	0	1	415	1	415	0.0	866
10P3R2A13_03454	10P3R2A13_03454	100.000	134	0	0	1	134	1	134	1.48e-97	276
10P3R2A13_03455	10P3R2A13_03455	100.000	352	0	0	1	352	1	352	0.0	710
10P3R2A13_03456	10P3R2A13_03456	100.000	368	0	0	1	368	1	368	0.0	739
10P3R2A13_03456	18P3R3A11_03295	95.652	368	16	0	1	368	1	368	0.0	707
10P3R2A13_03456	34P3R2A10_04744	100.000	203	0	0	166	368	1	203	2.32e-146	412
10P3R2A13_03457	10P3R2A13_03457	100.000	418	0	0	1	418	1	418	0.0	847
10P3R2A13_03459	10P3R2A13_03459	100.000	395	0	0	1	395	1	395	0.0	819
10P3R2A13_03460	10P3R2A13_03460	100.000	543	0	0	1	543	1	543	0.0	1113
10P3R2A13_03461	10P3R2A13_03461	100.000	247	0	0	1	247	1	247	0.0	503
10P3R2A13_03462	10P3R2A13_03462	100.000	63	0	0	1	63	1	63	6.45e-40	125
10P3R2A13_03462	12_1P1R2A2-1_00256	96.774	62	2	0	2	63	4	65	3.67e-38	120
10P3R2A13_03463	10P3R2A13_03463	100.000	120	0	0	1	120	1	120	1.75e-88	252
10P3R2A13_03463	25P2R1A13_00922	100.000	75	0	0	46	120	1	75	2.61e-51	156
10P3R2A13_03463	5P3R2A4_01284	100.000	41	0	0	1	41	1	41	2.91e-26	92.8
10P3R2A13_03463	25P2R1A13_03293	100.000	41	0	0	1	41	1	41	3.13e-26	92.8
10P3R2A13_03464	10P3R2A13_03464	100.000	213	0	0	1	213	1	213	7.54e-152	419
10P3R2A13_03465	10P3R2A13_03465	100.000	308	0	0	1	308	1	308	0.0	632
10P3R2A13_03465	15P1R1A16_04890	99.615	260	1	0	49	308	1	260	0.0	536
10P3R2A13_03465	34P3R2A10_04647	99.119	227	2	0	82	308	1	227	3.12e-168	466
10P3R2A13_03466	10P3R2A13_03466	100.000	362	0	0	1	362	1	362	0.0	751
10P3R2A13_03467	10P3R2A13_03467	100.000	537	0	0	1	537	1	537	0.0	1082
10P3R2A13_03467	25P2R1A13_03289	100.000	477	0	0	61	537	1	477	0.0	966
10P3R2A13_03467	28P2R1A12_00986	100.000	383	0	0	155	537	1	383	0.0	772
10P3R2A13_03467	28P2R1A12_00987	100.000	152	0	0	1	152	1	152	3.24e-103	306
10P3R2A13_03468	10P3R2A13_03468	100.000	375	0	0	1	375	1	375	0.0	790
10P3R2A13_03468	32P3R2A9_03498	100.000	311	0	0	1	311	1	311	0.0	659
10P3R2A13_03468	15P1R1A16_04299	100.000	303	0	0	73	375	1	303	0.0	641
10P3R2A13_03468	15P1R1A16_04300	100.000	65	0	0	1	65	1	65	3.14e-41	139
10P3R2A13_03468	32P3R2A9_03499	100.000	56	0	0	320	375	1	56	4.61e-34	120
10P3R2A13_03469	10P3R2A13_03469	100.000	322	0	0	1	322	1	322	0.0	669
10P3R2A13_03469	15P1R1A16_03859	98.958	192	2	0	131	322	1	192	1.13e-139	392
10P3R2A13_03469	34P3R2A10_00887	100.000	76	0	0	247	322	1	76	1.24e-48	157
10P3R2A13_03470	10P3R2A13_03470	100.000	372	0	0	1	372	1	372	0.0	759
10P3R2A13_03472	10P3R2A13_03472	100.000	194	0	0	1	194	1	194	5.54e-141	390
10P3R2A13_03472	43P2R2A2_02770	100.000	176	0	0	19	194	1	176	5.23e-127	354
10P3R2A13_03473	10P3R2A13_03473	100.000	232	0	0	1	232	1	232	5.83e-172	472
10P3R2A13_03473	12_1P1R2A2-1_00245	98.707	232	3	0	1	232	13	244	4.20e-170	468
10P3R2A13_03474	10P3R2A13_03474	100.000	637	0	0	1	637	1	637	0.0	1303
10P3R2A13_03476	10P3R2A13_03476	100.000	100	0	0	1	100	1	100	3.29e-70	204
10P3R2A13_03476	11P3R3A1_03928	98.000	100	2	0	1	100	1	100	2.83e-69	202
10P3R2A13_03477	10P3R2A13_03477	100.000	60	0	0	1	60	1	60	1.39e-37	119
10P3R2A13_03478	10P3R2A13_03478	100.000	454	0	0	1	454	1	454	0.0	944
10P3R2A13_03479	10P3R2A13_03479	100.000	193	0	0	1	193	1	193	6.70e-139	385
10P3R2A13_03480	10P3R2A13_03480	100.000	455	0	0	1	455	1	455	0.0	941
10P3R2A13_03481	10P3R2A13_03481	100.000	533	0	0	1	533	1	533	0.0	1090
10P3R2A13_03481	25P2R1A13_03275	99.807	519	1	0	1	519	1	519	0.0	1060
10P3R2A13_03481	29P3R3A9_03240	100.000	368	0	0	166	533	1	368	0.0	759
10P3R2A13_03481	29P3R3A9_03239	100.000	162	0	0	1	162	1	162	2.40e-110	325
10P3R2A13_03482	10P3R2A13_03482	100.000	519	0	0	1	519	1	519	0.0	1033
10P3R2A13_03483	10P3R2A13_03483	100.000	70	0	0	1	70	1	70	3.50e-45	139
10P3R2A13_03483	17P1R1A4_04009	97.143	70	2	0	1	70	1	70	1.57e-43	134
10P3R2A13_03484	10P3R2A13_03484	100.000	324	0	0	1	324	1	324	0.0	651
10P3R2A13_03485	10P3R2A13_03485	100.000	267	0	0	1	267	1	267	0.0	523
10P3R2A13_03486	10P3R2A13_03486	100.000	284	0	0	1	284	1	284	0.0	574
10P3R2A13_03486	11P3R3A1_03938	97.887	284	6	0	1	284	1	284	0.0	559
10P3R2A13_03487	10P3R2A13_03487	100.000	153	0	0	1	153	1	153	2.99e-107	302
10P3R2A13_03488	10P3R2A13_03488	100.000	189	0	0	1	189	1	189	4.14e-132	368
10P3R2A13_03489	10P3R2A13_03489	100.000	270	0	0	1	270	1	270	0.0	564
10P3R2A13_03489	27P2R2A12_01322	97.778	270	6	0	1	270	1	270	0.0	553
10P3R2A13_03491	10P3R2A13_03491	100.000	96	0	0	1	96	1	96	2.86e-63	186
10P3R2A13_03491	12_1P1R2A2-1_00227	97.917	96	2	0	1	96	1	96	1.32e-62	184
10P3R2A13_03492	10P3R2A13_03492	100.000	80	0	0	1	80	1	80	5.66e-53	159
10P3R2A13_03493	10P3R2A13_03493	100.000	264	0	0	1	264	1	264	0.0	538
10P3R2A13_03493	38P2R3A13_01715	95.455	264	12	0	1	264	1	264	0.0	513
10P3R2A13_03493	31P2R1A5_01045	95.076	264	13	0	1	264	1	264	0.0	511
10P3R2A13_03494	10P3R2A13_03494	100.000	458	0	0	1	458	1	458	0.0	894
10P3R2A13_03495	10P3R2A13_03495	100.000	294	0	0	1	294	1	294	0.0	597
10P3R2A13_03495	38P2R3A13_07915	95.238	294	14	0	1	294	1	294	0.0	573
10P3R2A13_03496	10P3R2A13_03496	100.000	683	0	0	1	683	1	683	0.0	1395
10P3R2A13_03497	10P3R2A13_03497	100.000	233	0	0	1	233	1	233	1.20e-172	474
10P3R2A13_03498	10P3R2A13_03498	100.000	184	0	0	1	184	1	184	4.86e-136	377
10P3R2A13_03499	10P3R2A13_03499	100.000	428	0	0	1	428	1	428	0.0	871
10P3R2A13_03500	10P3R2A13_03500	100.000	878	0	0	1	878	1	878	0.0	1773
10P3R2A13_03501	10P3R2A13_03501	100.000	482	0	0	1	482	1	482	0.0	996
10P3R2A13_03501	15P1R1A16_01027	97.718	482	11	0	1	482	1	482	0.0	975
10P3R2A13_03502	10P3R2A13_03502	100.000	79	0	0	1	79	1	79	3.97e-55	164
10P3R2A13_03503	10P3R2A13_03503	100.000	92	0	0	1	92	1	92	4.62e-66	193
10P3R2A13_03504	10P3R2A13_03504	100.000	219	0	0	1	219	1	219	7.33e-163	448
10P3R2A13_03504	3P1R3A2_03370	99.454	183	1	0	1	183	1	183	1.05e-133	373
10P3R2A13_03505	10P3R2A13_03505	100.000	114	0	0	1	114	1	114	2.24e-81	233
10P3R2A13_03505	27P2R2A12_01338	96.491	114	4	0	1	114	1	114	6.62e-78	224
10P3R2A13_03506	10P3R2A13_03506	100.000	291	0	0	1	291	1	291	0.0	573
10P3R2A13_03506	25P2R1A13_03250	97.938	291	6	0	1	291	1	291	0.0	561
10P3R2A13_03506	34P3R2A10_00695	99.038	104	1	0	188	291	1	104	4.53e-67	204
10P3R2A13_03507	10P3R2A13_03507	100.000	125	0	0	1	125	1	125	4.90e-90	256
10P3R2A13_03507	27P2R2A12_01340	97.600	125	3	0	1	125	1	125	1.43e-87	250
10P3R2A13_03508	10P3R2A13_03508	100.000	77	0	0	1	77	1	77	1.09e-51	155
10P3R2A13_03509	10P3R2A13_03509	100.000	219	0	0	1	219	1	219	5.32e-164	451
10P3R2A13_03510	10P3R2A13_03510	100.000	221	0	0	1	221	1	221	6.10e-168	461
10P3R2A13_03511	10P3R2A13_03511	100.000	687	0	0	1	687	1	687	0.0	1431
10P3R2A13_03512	10P3R2A13_03512	100.000	220	0	0	1	220	1	220	4.26e-160	441
10P3R2A13_03513	10P3R2A13_03513	100.000	37	0	0	1	37	1	37	1.47e-20	74.3
10P3R2A13_03514	10P3R2A13_03514	100.000	69	0	0	1	69	1	69	1.66e-47	144
10P3R2A13_03515	10P3R2A13_03515	100.000	119	0	0	1	119	1	119	6.92e-85	243
10P3R2A13_03516	10P3R2A13_03516	100.000	97	0	0	1	97	1	97	6.03e-66	193
10P3R2A13_03517	10P3R2A13_03517	100.000	393	0	0	1	393	1	393	0.0	796
10P3R2A13_03518	10P3R2A13_03518	100.000	214	0	0	1	214	1	214	1.81e-154	426
10P3R2A13_03518	18P3R3A11_01700	95.283	212	10	0	1	212	1	212	3.44e-147	408
10P3R2A13_03519	10P3R2A13_03519	100.000	604	0	0	1	604	1	604	0.0	1243
10P3R2A13_03519	43P2R2A2_04428	100.000	272	0	0	333	604	1	272	0.0	556
10P3R2A13_03519	15P1R1A16_01009	100.000	183	0	0	422	604	1	183	1.10e-126	370
10P3R2A13_03520	10P3R2A13_03520	100.000	492	0	0	1	492	1	492	0.0	1021
10P3R2A13_03520	31P2R1A5_01020	95.528	492	22	0	1	492	1	492	0.0	984
10P3R2A13_03520	18P3R3A11_01698	95.122	492	24	0	1	492	1	492	0.0	981
10P3R2A13_03521	10P3R2A13_03521	100.000	50	0	0	1	50	1	50	3.95e-31	102
10P3R2A13_03522	10P3R2A13_03522	100.000	290	0	0	1	290	1	290	0.0	593
10P3R2A13_03523	10P3R2A13_03523	100.000	481	0	0	1	481	1	481	0.0	970
10P3R2A13_03523	18P3R3A11_01696	96.050	481	19	0	1	481	1	481	0.0	942
10P3R2A13_03523	31P2R1A5_01018	95.634	481	21	0	1	481	1	481	0.0	938
10P3R2A13_03523	42P1R1A12_00380	95.634	481	21	0	1	481	1	481	0.0	936
10P3R2A13_03524	10P3R2A13_03524	100.000	281	0	0	1	281	1	281	0.0	588
10P3R2A13_03525	10P3R2A13_03525	100.000	37	0	0	1	37	1	37	2.77e-19	71.2
10P3R2A13_03526	10P3R2A13_03526	100.000	117	0	0	1	117	1	117	1.96e-86	246
10P3R2A13_03526	40P3R1A10_03916	100.000	117	0	0	1	117	164	280	4.05e-84	246
10P3R2A13_03527	10P3R2A13_03527	100.000	192	0	0	1	192	1	192	5.62e-145	400
10P3R2A13_03528	10P3R2A13_03528	100.000	344	0	0	1	344	1	344	0.0	706
10P3R2A13_03529	10P3R2A13_03529	100.000	218	0	0	1	218	1	218	1.25e-151	419
10P3R2A13_03529	18P3R3A11_03467	96.789	218	7	0	1	218	1	218	5.21e-148	410
10P3R2A13_03529	42P1R1A12_01432	96.330	218	8	0	1	218	1	218	6.63e-148	410
10P3R2A13_03529	31P2R1A5_03637	95.413	218	10	0	1	218	1	218	7.87e-127	357
10P3R2A13_03530	10P3R2A13_03530	100.000	272	0	0	1	272	1	272	0.0	541
10P3R2A13_03530	38P2R3A13_03579	97.059	272	8	0	1	272	1	272	0.0	526
10P3R2A13_03530	18P3R3A11_03468	95.221	272	13	0	1	272	1	272	0.0	522
10P3R2A13_03531	10P3R2A13_03531	100.000	135	0	0	1	135	1	135	3.97e-96	272
10P3R2A13_03532	10P3R2A13_03532	100.000	236	0	0	1	236	1	236	9.08e-177	484
10P3R2A13_03532	34P3R2A10_04283	100.000	76	0	0	161	236	1	76	1.32e-49	157
10P3R2A13_03533	10P3R2A13_03533	100.000	573	0	0	1	573	1	573	0.0	1176
10P3R2A13_03533	43P2R2A2_05439	100.000	424	0	0	150	573	1	424	0.0	867
10P3R2A13_03534	10P3R2A13_03534	100.000	194	0	0	1	194	1	194	3.63e-144	399
10P3R2A13_03534	25P2R1A13_00266	96.335	191	7	0	1	191	1	191	2.19e-134	377
10P3R2A13_03534	28P2R1A12_01461	95.628	183	8	0	1	183	1	183	5.53e-119	338
10P3R2A13_03535	10P3R2A13_03535	100.000	237	0	0	1	237	1	237	1.03e-179	492
10P3R2A13_03535	33P3R2A2_00943	97.890	237	5	0	1	237	1	237	4.98e-176	483
10P3R2A13_03536	10P3R2A13_03536	100.000	141	0	0	1	141	1	141	1.25e-98	279
10P3R2A13_03536	25P2R1A13_00268	97.872	141	3	0	1	141	1	141	9.42e-97	274
10P3R2A13_03537	10P3R2A13_03537	100.000	182	0	0	1	182	1	182	1.65e-133	370
10P3R2A13_03537	34P3R2A10_05261	96.296	81	3	0	102	182	1	81	2.87e-51	159
10P3R2A13_03538	10P3R2A13_03538	100.000	67	0	0	1	67	1	67	1.69e-41	129
10P3R2A13_03539	10P3R2A13_03539	100.000	87	0	0	1	87	1	87	1.14e-60	179
10P3R2A13_03540	10P3R2A13_03540	100.000	433	0	0	1	433	1	433	0.0	872
10P3R2A13_03540	25P2R1A13_00272	96.767	433	14	0	1	433	1	433	0.0	843
10P3R2A13_03540	34P3R2A10_05243	99.115	113	1	0	321	433	1	113	4.33e-74	227
10P3R2A13_03541	10P3R2A13_03541	100.000	130	0	0	1	130	1	130	1.72e-95	270
10P3R2A13_03542	10P3R2A13_03542	100.000	714	0	0	1	714	1	714	0.0	1492
10P3R2A13_03542	15P1R1A16_04525	99.634	273	1	0	442	714	1	273	0.0	567
10P3R2A13_03542	43P2R2A2_05239	100.000	201	0	0	514	714	1	201	4.32e-142	414
10P3R2A13_03543	10P3R2A13_03543	100.000	320	0	0	1	320	1	320	0.0	649
10P3R2A13_03543	18P3R3A11_03480	96.562	320	11	0	1	320	1	320	0.0	630
10P3R2A13_03543	31P2R1A5_03651	96.250	320	12	0	1	320	1	320	0.0	600
10P3R2A13_03543	38P2R3A13_08026	97.153	281	8	0	40	320	1	281	0.0	558
10P3R2A13_03544	10P3R2A13_03544	100.000	1161	0	0	1	1161	1	1161	0.0	2384
10P3R2A13_03544	42P1R1A12_01448	95.263	1161	55	0	1	1161	1	1161	0.0	2278
10P3R2A13_03544	15P1R1A16_04225	100.000	960	0	0	202	1161	1	960	0.0	1971
10P3R2A13_03545	10P3R2A13_03545	100.000	199	0	0	1	199	1	199	3.28e-145	402
10P3R2A13_03545	19P1R1A6_01187	97.990	199	4	0	1	199	1	199	5.90e-142	393
10P3R2A13_03545	15P1R1A16_05254	98.718	78	1	0	122	199	1	78	5.91e-50	156
10P3R2A13_03546	10P3R2A13_03546	100.000	383	0	0	1	383	1	383	0.0	783
10P3R2A13_03547	10P3R2A13_03547	100.000	263	0	0	1	263	1	263	0.0	532
10P3R2A13_03548	10P3R2A13_03548	100.000	152	0	0	1	152	1	152	3.75e-109	306
10P3R2A13_03548	18P3R3A11_03485	97.368	152	4	0	1	152	1	152	5.78e-107	301
10P3R2A13_03549	10P3R2A13_03549	100.000	342	0	0	1	342	1	342	0.0	693
10P3R2A13_03550	10P3R2A13_03550	100.000	162	0	0	1	162	1	162	1.97e-113	318
10P3R2A13_03551	10P3R2A13_03551	100.000	811	0	0	1	811	1	811	0.0	1665
10P3R2A13_03552	10P3R2A13_03552	100.000	451	0	0	1	451	1	451	0.0	903
10P3R2A13_03552	43P2R2A2_02526	100.000	328	0	0	124	451	1	328	0.0	652
10P3R2A13_03553	10P3R2A13_03553	100.000	250	0	0	1	250	1	250	2.39e-180	494
10P3R2A13_03554	10P3R2A13_03554	100.000	51	0	0	1	51	1	51	3.56e-30	99.8
10P3R2A13_03555	10P3R2A13_03555	100.000	253	0	0	1	253	1	253	0.0	523
10P3R2A13_03556	10P3R2A13_03556	100.000	399	0	0	1	399	1	399	0.0	825
10P3R2A13_03557	10P3R2A13_03557	100.000	186	0	0	1	186	1	186	5.83e-132	367
10P3R2A13_03557	42P1R1A12_01460	96.237	186	7	0	1	186	1	186	1.52e-128	358
10P3R2A13_03557	31P2R1A5_03664	95.161	186	9	0	1	186	1	186	1.41e-126	353
10P3R2A13_03558	10P3R2A13_03558	100.000	242	0	0	1	242	1	242	4.45e-179	491
10P3R2A13_03558	18P3R3A11_03494	97.934	242	5	0	1	242	1	242	2.76e-176	484
10P3R2A13_03559	10P3R2A13_03559	100.000	284	0	0	1	284	1	284	0.0	563
10P3R2A13_03559	31P2R1A5_03666	96.127	284	11	0	1	284	1	284	0.0	547
10P3R2A13_03560	10P3R2A13_03560	100.000	242	0	0	1	242	1	242	0.0	498
10P3R2A13_03560	18P3R3A11_03496	97.521	242	6	0	1	242	1	242	6.33e-178	488
10P3R2A13_03561	10P3R2A13_03561	100.000	265	0	0	1	265	1	265	0.0	545
10P3R2A13_03561	31P2R1A5_03668	95.094	265	13	0	1	265	1	265	0.0	520
10P3R2A13_03562	10P3R2A13_03562	100.000	891	0	0	1	891	1	891	0.0	1828
10P3R2A13_03563	10P3R2A13_03563	100.000	275	0	0	1	275	1	275	0.0	561
10P3R2A13_03563	18P3R3A11_03499	97.818	275	6	0	1	275	1	275	0.0	555
10P3R2A13_03563	42P1R1A12_01466	95.273	275	13	0	1	275	1	275	0.0	520
10P3R2A13_03563	34P3R2A10_04858	100.000	222	0	0	54	275	1	222	2.38e-164	454
10P3R2A13_03563	32P3R2A9_06368	97.080	137	4	0	139	275	1	137	1.64e-92	269
10P3R2A13_03564	10P3R2A13_03564	100.000	129	0	0	1	129	1	129	6.80e-91	258
10P3R2A13_03564	31P2R1A5_03671	96.899	129	4	0	1	129	1	129	2.46e-89	254
10P3R2A13_03564	42P1R1A12_01467	96.850	127	4	0	1	127	1	127	2.12e-88	252
10P3R2A13_03564	18P3R3A11_03500	96.063	127	5	0	1	127	1	127	5.16e-88	251
10P3R2A13_03565	10P3R2A13_03565	100.000	386	0	0	1	386	1	386	0.0	783
10P3R2A13_03565	42P1R1A12_01469	95.078	386	19	0	1	386	1	386	0.0	748
10P3R2A13_03566	10P3R2A13_03566	100.000	475	0	0	1	475	1	475	0.0	946
10P3R2A13_03567	10P3R2A13_03567	100.000	506	0	0	1	506	1	506	0.0	1048
10P3R2A13_03567	15P1R1A16_04553	100.000	117	0	0	390	506	1	117	3.16e-77	238
10P3R2A13_03568	10P3R2A13_03568	100.000	233	0	0	1	233	1	233	6.10e-171	469
10P3R2A13_03568	15P1R1A16_04592	100.000	164	0	0	70	233	1	164	3.67e-117	331
10P3R2A13_03568	43P2R2A2_04607	100.000	61	0	0	173	233	1	61	9.09e-37	123
10P3R2A13_03569	10P3R2A13_03569	100.000	267	0	0	1	267	1	267	0.0	534
10P3R2A13_03570	10P3R2A13_03570	100.000	208	0	0	1	208	1	208	9.36e-147	406
10P3R2A13_03571	10P3R2A13_03571	100.000	115	0	0	1	115	1	115	4.04e-81	233
10P3R2A13_03571	31P2R1A5_03678	96.522	115	4	0	1	115	1	115	1.60e-79	229
10P3R2A13_03572	10P3R2A13_03572	100.000	474	0	0	1	474	1	474	0.0	940
10P3R2A13_03572	15P1R1A16_04588	100.000	437	0	0	38	474	1	437	0.0	862
10P3R2A13_03573	10P3R2A13_03573	100.000	427	0	0	1	427	1	427	0.0	872
10P3R2A13_03573	43P2R2A2_03654	100.000	74	0	0	354	427	1	74	8.96e-47	155
10P3R2A13_03574	10P3R2A13_03574	100.000	661	0	0	1	661	1	661	0.0	1269
10P3R2A13_03574	15P1R1A16_04848	100.000	224	0	0	438	661	1	224	4.93e-151	436
10P3R2A13_03575	10P3R2A13_03575	100.000	297	0	0	1	297	1	297	0.0	605
10P3R2A13_03575	15P1R1A16_05087	100.000	220	0	0	78	297	1	220	3.37e-164	455
10P3R2A13_03576	10P3R2A13_03576	100.000	266	0	0	1	266	1	266	0.0	540
10P3R2A13_03577	10P3R2A13_03577	100.000	748	0	0	1	748	1	748	0.0	1547
10P3R2A13_03578	10P3R2A13_03578	100.000	845	0	0	1	845	1	845	0.0	1729
10P3R2A13_03578	43P2R2A2_03659	100.000	553	0	0	293	845	1	553	0.0	1126
10P3R2A13_03579	10P3R2A13_03579	100.000	116	0	0	1	116	1	116	8.80e-84	239
10P3R2A13_03579	34P3R2A10_02849	100.000	116	0	0	1	116	27	142	1.75e-83	240
10P3R2A13_03579	15P1R1A16_04024	100.000	116	0	0	1	116	180	295	3.71e-82	242
10P3R2A13_03579	11P3R3A1_00822	100.000	116	0	0	1	116	695	810	4.33e-78	245
10P3R2A13_03581	10P3R2A13_03581	100.000	176	0	0	1	176	1	176	1.58e-128	357
10P3R2A13_03582	10P3R2A13_03582	100.000	195	0	0	1	195	1	195	6.39e-146	403
10P3R2A13_03582	25P2R1A13_01793	97.949	195	4	0	1	195	1	195	4.48e-143	396
10P3R2A13_03582	34P3R2A10_04992	97.727	176	4	0	20	195	1	176	1.05e-128	359
10P3R2A13_03583	10P3R2A13_03583	100.000	90	0	0	1	90	1	90	4.25e-61	180
10P3R2A13_03584	10P3R2A13_03584	100.000	329	0	0	1	329	1	329	0.0	679
10P3R2A13_03584	34P3R2A10_01274	99.010	303	3	0	27	329	1	303	0.0	622
10P3R2A13_03585	10P3R2A13_03585	100.000	209	0	0	1	209	1	209	2.07e-156	431
10P3R2A13_03586	10P3R2A13_03586	100.000	477	0	0	1	477	1	477	0.0	976
10P3R2A13_03586	16_1P2R1A8-1_03476	100.000	317	0	0	161	477	7	323	0.0	643
10P3R2A13_03586	16_1P2R1A8-1_04688	99.387	163	1	0	1	163	1	163	4.89e-117	340
10P3R2A13_03587	10P3R2A13_03587	100.000	311	0	0	1	311	1	311	0.0	642
10P3R2A13_03588	10P3R2A13_03588	100.000	62	0	0	1	62	1	62	1.91e-39	124
10P3R2A13_03588	12_1P1R2A2-1_02842	100.000	62	0	0	1	62	20	81	2.43e-39	124
10P3R2A13_03588	28P2R1A12_03390	95.161	62	3	0	1	62	1	62	1.19e-37	119
10P3R2A13_03589	10P3R2A13_03589	100.000	929	0	0	1	929	1	929	0.0	1902
10P3R2A13_03590	10P3R2A13_03590	100.000	211	0	0	1	211	1	211	3.70e-157	433
10P3R2A13_03591	10P3R2A13_03591	100.000	170	0	0	1	170	1	170	6.43e-120	335
10P3R2A13_03592	10P3R2A13_03592	100.000	458	0	0	1	458	1	458	0.0	951
10P3R2A13_03593	10P3R2A13_03593	100.000	37	0	0	1	37	1	37	1.03e-19	72.4
10P3R2A13_03594	10P3R2A13_03594	100.000	470	0	0	1	470	1	470	0.0	956
10P3R2A13_03595	10P3R2A13_03595	100.000	350	0	0	1	350	1	350	0.0	701
10P3R2A13_03595	43P2R2A2_02188	100.000	66	0	0	285	350	1	66	3.08e-42	141
10P3R2A13_03596	10P3R2A13_03596	100.000	470	0	0	1	470	1	470	0.0	976
10P3R2A13_03596	18P3R3A11_04383	95.106	470	23	0	1	470	1	470	0.0	938
10P3R2A13_03596	38P2R3A13_08451	95.671	462	20	0	9	470	1	462	0.0	922
10P3R2A13_03597	10P3R2A13_03597	100.000	608	0	0	1	608	1	608	0.0	1242
10P3R2A13_03597	31P2R1A5_04685	95.230	608	29	0	1	608	1	608	0.0	1188
10P3R2A13_03597	15P1R1A16_04332	100.000	300	0	0	309	608	1	300	0.0	615
10P3R2A13_03598	10P3R2A13_03598	100.000	237	0	0	1	237	1	237	3.53e-178	488
10P3R2A13_03599	10P3R2A13_03599	100.000	327	0	0	1	327	1	327	0.0	671
10P3R2A13_03600	10P3R2A13_03600	100.000	422	0	0	1	422	1	422	0.0	849
10P3R2A13_03600	43P2R2A2_02673	100.000	58	0	0	365	422	1	58	8.30e-33	118
10P3R2A13_03601	10P3R2A13_03601	100.000	263	0	0	1	263	1	263	0.0	532
10P3R2A13_03602	10P3R2A13_03602	100.000	299	0	0	1	299	1	299	0.0	613
10P3R2A13_03603	10P3R2A13_03603	100.000	293	0	0	1	293	1	293	0.0	590
10P3R2A13_03604	10P3R2A13_03604	100.000	296	0	0	1	296	1	296	0.0	593
10P3R2A13_03605	10P3R2A13_03605	100.000	337	0	0	1	337	1	337	0.0	685
10P3R2A13_03606	10P3R2A13_03606	100.000	478	0	0	1	478	1	478	0.0	947
10P3R2A13_03607	10P3R2A13_03607	100.000	450	0	0	1	450	1	450	0.0	899
10P3R2A13_03608	10P3R2A13_03608	100.000	296	0	0	1	296	1	296	0.0	612
10P3R2A13_03609	10P3R2A13_03609	100.000	200	0	0	1	200	1	200	2.23e-151	417
10P3R2A13_03610	10P3R2A13_03610	100.000	291	0	0	1	291	1	291	0.0	583
10P3R2A13_03610	15P1R1A16_01900	100.000	97	0	0	195	291	1	97	2.47e-64	197
10P3R2A13_03611	10P3R2A13_03611	100.000	146	0	0	1	146	1	146	1.77e-105	297
10P3R2A13_03611	38P2R3A13_03863	97.945	146	3	0	1	146	1	146	1.76e-103	292
10P3R2A13_03611	38P2R3A13_06622	95.890	146	6	0	1	146	1	146	3.16e-101	286
10P3R2A13_03611	18P3R3A11_04314	95.890	146	6	0	1	146	1	146	6.03e-101	285
10P3R2A13_03611	31P2R1A5_04682	95.205	146	7	0	1	146	1	146	1.69e-100	284
10P3R2A13_03612	10P3R2A13_03612	100.000	314	0	0	1	314	1	314	0.0	653
10P3R2A13_03612	34P3R2A10_04137	99.558	226	1	0	89	314	1	226	7.26e-169	468
10P3R2A13_03612	43P2R2A2_03703	100.000	92	0	0	223	314	1	92	1.25e-60	188
10P3R2A13_03613	10P3R2A13_03613	100.000	303	0	0	1	303	1	303	0.0	620
10P3R2A13_03614	10P3R2A13_03614	100.000	104	0	0	1	104	1	104	5.88e-73	211
10P3R2A13_03615	10P3R2A13_03615	100.000	97	0	0	1	97	1	97	4.45e-68	198
10P3R2A13_03616	10P3R2A13_03616	100.000	31	0	0	1	31	1	31	1.69e-15	61.2
10P3R2A13_03617	10P3R2A13_03617	100.000	73	0	0	1	73	1	73	6.32e-49	148
10P3R2A13_03617	15P1R1A16_01907	95.890	73	3	0	1	73	1	73	9.68e-47	142
10P3R2A13_03618	10P3R2A13_03618	100.000	81	0	0	1	81	1	81	4.81e-54	162
10P3R2A13_03619	10P3R2A13_03619	100.000	37	0	0	1	37	1	37	1.78e-20	74.3
10P3R2A13_03619	15P1R1A16_01909	97.297	37	1	0	1	37	1	37	7.25e-20	72.8
10P3R2A13_03619	12_1P1R2A2-1_02876	97.297	37	1	0	1	37	1	37	8.46e-20	72.4
10P3R2A13_03620	10P3R2A13_03620	100.000	310	0	0	1	310	1	310	0.0	640
10P3R2A13_03621	10P3R2A13_03621	100.000	212	0	0	1	212	1	212	5.27e-156	430
10P3R2A13_03622	10P3R2A13_03622	100.000	301	0	0	1	301	1	301	0.0	629
10P3R2A13_03623	10P3R2A13_03623	100.000	805	0	0	1	805	1	805	0.0	1675
10P3R2A13_03623	43P2R2A2_03714	100.000	510	0	0	296	805	1	510	0.0	1063
10P3R2A13_03624	10P3R2A13_03624	100.000	196	0	0	1	196	1	196	1.45e-148	410
10P3R2A13_03624	38P2R3A13_06672	96.429	196	7	0	1	196	1	196	5.33e-144	398
10P3R2A13_03624	31P2R1A5_04673	95.408	196	9	0	1	196	1	196	6.65e-143	395
10P3R2A13_03624	18P3R3A11_04322	95.408	196	9	0	1	196	1	196	9.24e-143	395
10P3R2A13_03625	10P3R2A13_03625	100.000	278	0	0	1	278	1	278	0.0	573
10P3R2A13_03626	10P3R2A13_03626	100.000	347	0	0	1	347	1	347	0.0	715
10P3R2A13_03626	25P2R1A13_01835	96.307	352	8	1	1	347	1	352	0.0	692
10P3R2A13_03627	10P3R2A13_03627	100.000	583	0	0	1	583	1	583	0.0	1188
10P3R2A13_03627	25P2R1A13_01836	97.770	583	13	0	1	583	1	583	0.0	1166
10P3R2A13_03627	11P3R3A1_04088	97.942	583	12	0	1	583	1	583	0.0	1165
10P3R2A13_03627	16_1P2R1A8-1_03805	100.000	306	0	0	1	306	1	306	0.0	628
10P3R2A13_03627	43P2R2A2_04478	100.000	286	0	0	298	583	1	286	0.0	582
10P3R2A13_03628	10P3R2A13_03628	100.000	357	0	0	1	357	1	357	0.0	738
10P3R2A13_03628	28P2R1A12_03429	97.479	357	9	0	1	357	1	357	0.0	723
10P3R2A13_03629	10P3R2A13_03629	100.000	484	0	0	1	484	1	484	0.0	965
10P3R2A13_03630	10P3R2A13_03630	100.000	149	0	0	1	149	1	149	5.18e-108	303
10P3R2A13_03630	12_1P1R2A2-1_02887	97.987	149	3	0	1	149	1	149	1.74e-106	300
10P3R2A13_03630	26P1R3A4_02653	95.973	149	6	0	1	149	1	149	1.35e-105	297
10P3R2A13_03631	10P3R2A13_03631	100.000	105	0	0	1	105	1	105	5.74e-76	219
10P3R2A13_03631	28P2R1A12_03433	96.190	105	4	0	1	105	1	105	4.54e-74	214
10P3R2A13_03632	10P3R2A13_03632	100.000	275	0	0	1	275	1	275	0.0	570
10P3R2A13_03633	10P3R2A13_03633	100.000	420	0	0	1	420	1	420	0.0	871
10P3R2A13_03633	43P2R2A2_05223	100.000	76	0	0	345	420	1	76	4.58e-46	153
10P3R2A13_03634	10P3R2A13_03634	100.000	490	0	0	1	490	1	490	0.0	1014
10P3R2A13_03634	15P1R1A16_04710	100.000	261	0	0	230	490	1	261	0.0	533
10P3R2A13_03635	10P3R2A13_03635	100.000	279	0	0	1	279	1	279	0.0	573
10P3R2A13_03635	43P2R2A2_05023	99.585	241	1	0	39	279	1	241	6.32e-179	492
10P3R2A13_03636	10P3R2A13_03636	100.000	313	0	0	1	313	1	313	0.0	652
10P3R2A13_03637	10P3R2A13_03637	100.000	345	0	0	1	345	1	345	0.0	684
10P3R2A13_03637	25P2R1A13_01846	97.971	345	7	0	1	345	1	345	0.0	672
10P3R2A13_03638	10P3R2A13_03638	100.000	77	0	0	1	77	1	77	1.16e-52	158
10P3R2A13_03638	12_1P1R2A2-1_00691	97.778	45	1	0	33	77	11	55	3.71e-26	90.9
10P3R2A13_03639	10P3R2A13_03639	100.000	286	0	0	1	286	1	286	0.0	561
10P3R2A13_03639	11P3R3A1_03860	96.154	286	11	0	1	286	1	286	0.0	537
10P3R2A13_03639	34P3R2A10_05044	100.000	192	0	0	95	286	1	192	5.82e-133	374
10P3R2A13_03640	10P3R2A13_03640	100.000	286	0	0	1	286	1	286	0.0	564
10P3R2A13_03640	34P3R2A10_01374	99.237	131	1	0	156	286	1	131	1.82e-87	256
10P3R2A13_03641	10P3R2A13_03641	100.000	276	0	0	1	276	1	276	0.0	563
10P3R2A13_03641	34P3R2A10_05273	98.621	145	2	0	132	276	1	145	1.36e-101	293
10P3R2A13_03642	10P3R2A13_03642	100.000	305	0	0	1	305	1	305	0.0	631
10P3R2A13_03643	10P3R2A13_03643	100.000	145	0	0	1	145	1	145	1.95e-102	289
10P3R2A13_03644	10P3R2A13_03644	100.000	378	0	0	1	378	1	378	0.0	762
10P3R2A13_03644	25P2R1A13_03422	100.000	315	0	0	1	315	1	315	0.0	644
10P3R2A13_03644	12_1P1R2A2-1_03790	100.000	172	0	0	1	172	1	172	6.23e-123	352
10P3R2A13_03644	12_1P1R2A2-1_03791	100.000	169	0	0	210	378	1	169	4.01e-118	339
10P3R2A13_03645	10P3R2A13_03645	100.000	1175	0	0	1	1175	1	1175	0.0	2440
10P3R2A13_03645	34P3R2A10_03439	100.000	933	0	0	243	1175	1	933	0.0	1939
10P3R2A13_03645	43P2R2A2_04738	100.000	578	0	0	598	1175	1	578	0.0	1208
10P3R2A13_03646	10P3R2A13_03646	100.000	89	0	0	1	89	1	89	1.35e-58	174
10P3R2A13_03647	10P3R2A13_03647	100.000	141	0	0	1	141	1	141	2.44e-102	288
10P3R2A13_03648	10P3R2A13_03648	100.000	330	0	0	1	330	1	330	0.0	682
10P3R2A13_03648	15P1R1A16_02183	100.000	108	0	0	223	330	1	108	2.81e-73	221
10P3R2A13_03649	10P3R2A13_03649	100.000	880	0	0	1	880	1	880	0.0	1773
10P3R2A13_03649	34P3R2A10_05283	98.507	67	1	0	814	880	1	67	1.97e-40	142
10P3R2A13_03650	10P3R2A13_03650	100.000	62	0	0	1	62	1	62	1.25e-38	121
10P3R2A13_03650	11P3R3A1_03871	96.774	62	2	0	1	62	1	62	1.54e-37	119
10P3R2A13_03651	10P3R2A13_03651	100.000	109	0	0	1	109	1	109	2.84e-76	220
10P3R2A13_03652	10P3R2A13_03652	100.000	302	0	0	1	302	1	302	0.0	630
10P3R2A13_03653	10P3R2A13_03653	100.000	500	0	0	1	500	1	500	0.0	1025
10P3R2A13_03654	10P3R2A13_03654	100.000	758	0	0	1	758	1	758	0.0	1562
10P3R2A13_03654	43P2R2A2_02684	100.000	573	0	0	186	758	1	573	0.0	1186
10P3R2A13_03654	15P1R1A16_03699	100.000	266	0	0	493	758	1	266	0.0	558
10P3R2A13_03655	10P3R2A13_03655	100.000	682	0	0	1	682	1	682	0.0	1397
10P3R2A13_03655	34P3R2A10_03106	99.283	279	2	0	404	682	1	279	0.0	572
10P3R2A13_03656	10P3R2A13_03656	100.000	310	0	0	1	310	1	310	0.0	649
10P3R2A13_03656	38P2R3A13_04456	95.161	310	15	0	1	310	1	310	0.0	619
10P3R2A13_03656	18P3R3A11_00212	95.161	310	15	0	1	310	1	310	0.0	618
10P3R2A13_03656	34P3R2A10_03014	99.065	214	2	0	97	310	1	214	4.09e-161	447
10P3R2A13_03657	10P3R2A13_03657	100.000	96	0	0	1	96	1	96	4.36e-69	201
10P3R2A13_03657	18P3R3A11_00211	95.833	96	4	0	1	96	1	96	8.11e-67	195
10P3R2A13_03657	56P2R2A4_01873	95.833	96	4	0	1	96	1	96	8.96e-67	195
10P3R2A13_03658	10P3R2A13_03658	100.000	249	0	0	1	249	1	249	0.0	508
10P3R2A13_03659	10P3R2A13_03659	100.000	166	0	0	1	166	1	166	5.75e-123	343
10P3R2A13_03660	10P3R2A13_03660	100.000	357	0	0	1	357	1	357	0.0	736
10P3R2A13_03661	10P3R2A13_03661	100.000	256	0	0	1	256	1	256	0.0	510
10P3R2A13_03661	43P2R2A2_04883	100.000	63	0	0	194	256	1	63	3.62e-37	125
10P3R2A13_03662	10P3R2A13_03662	100.000	263	0	0	1	263	1	263	0.0	538
10P3R2A13_03663	10P3R2A13_03663	100.000	461	0	0	1	461	1	461	0.0	939
10P3R2A13_03663	15P1R1A16_04104	100.000	249	0	0	213	461	1	249	0.0	511
10P3R2A13_03664	10P3R2A13_03664	100.000	141	0	0	1	141	1	141	5.48e-103	290
10P3R2A13_03665	10P3R2A13_03665	100.000	402	0	0	1	402	1	402	0.0	805
10P3R2A13_03665	43P2R2A2_04703	100.000	240	0	0	163	402	1	240	1.01e-170	476
10P3R2A13_03665	34P3R2A10_04359	100.000	86	0	0	317	402	1	86	4.57e-54	174
10P3R2A13_03666	10P3R2A13_03666	100.000	438	0	0	1	438	1	438	0.0	910
10P3R2A13_03667	10P3R2A13_03667	100.000	317	0	0	1	317	1	317	0.0	642
10P3R2A13_03668	10P3R2A13_03668	100.000	197	0	0	1	197	1	197	6.54e-146	403
10P3R2A13_03669	10P3R2A13_03669	100.000	287	0	0	1	287	1	287	0.0	584
10P3R2A13_03669	15P1R1A16_02710	99.583	240	1	0	48	287	1	240	4.70e-177	488
10P3R2A13_03669	34P3R2A10_04334	98.438	192	3	0	96	287	1	192	4.52e-136	382
10P3R2A13_03669	27P2R2A12_04073	97.382	191	3	1	1	191	1	189	4.62e-136	382
10P3R2A13_03669	27P2R2A12_04072	97.849	93	2	0	195	287	1	93	4.13e-58	181
10P3R2A13_03670	10P3R2A13_03670	100.000	769	0	0	1	769	1	769	0.0	1571
10P3R2A13_03670	29P3R3A9_03391	97.789	769	17	0	1	769	1	769	0.0	1536
10P3R2A13_03670	25P2R1A13_03449	97.470	672	17	0	1	672	1	672	0.0	1341
10P3R2A13_03670	12_1P1R2A2-1_03763	99.662	591	2	0	179	769	1	591	0.0	1207
10P3R2A13_03670	12_1P1R2A2-1_03764	99.346	153	1	0	1	153	1	153	1.44e-102	312
10P3R2A13_03670	25P2R1A13_03450	100.000	58	0	0	712	769	1	58	7.62e-31	115
10P3R2A13_03671	10P3R2A13_03671	100.000	202	0	0	1	202	1	202	1.54e-145	403
10P3R2A13_03671	11P3R3A1_03892	97.030	202	6	0	1	202	1	202	4.29e-142	394
10P3R2A13_03671	39P2R1A13_03383	98.000	200	4	0	1	200	1	200	2.13e-141	392
10P3R2A13_03671	43P2R2A2_05613	96.757	185	6	0	18	202	1	185	5.85e-129	360
10P3R2A13_03671	17P1R1A4_01236	95.545	202	9	0	1	202	1	202	4.08e-126	353
10P3R2A13_03672	10P3R2A13_03672	100.000	299	0	0	1	299	1	299	0.0	593
10P3R2A13_03672	17P1R1A4_01237	97.324	299	8	0	1	299	1	299	0.0	578
10P3R2A13_03672	25P2R1A13_03452	96.321	299	11	0	1	299	1	299	0.0	570
10P3R2A13_03672	34P3R2A10_05042	97.095	241	7	0	59	299	1	241	7.51e-168	465
10P3R2A13_03673	10P3R2A13_03673	100.000	586	0	0	1	586	1	586	0.0	1202
10P3R2A13_03673	25P2R1A13_03453	97.440	586	15	0	1	586	1	586	0.0	1175
10P3R2A13_03673	11P3R3A1_03894	96.758	586	19	0	1	586	1	586	0.0	1169
10P3R2A13_03673	16_1P2R1A8-1_04273	96.219	529	20	0	58	586	1	529	0.0	1049
10P3R2A13_03673	28P2R1A12_03771	98.174	493	9	0	94	586	63	555	0.0	992
10P3R2A13_03673	34P3R2A10_03482	98.891	451	5	0	136	586	1	451	0.0	915
10P3R2A13_03673	43P2R2A2_05137	96.837	411	13	0	176	586	1	411	0.0	822
10P3R2A13_03673	16_1P2R1A8-1_00903	96.721	61	2	0	1	61	1	61	8.41e-36	128
10P3R2A13_03674	10P3R2A13_03674	100.000	439	0	0	1	439	1	439	0.0	892
10P3R2A13_03674	27P2R2A12_04067	97.950	439	9	0	1	439	1	439	0.0	879
10P3R2A13_03674	11P3R3A1_03895	97.950	439	9	0	1	439	1	439	0.0	875
10P3R2A13_03674	28P2R1A12_03773	96.327	245	9	0	195	439	1	245	8.54e-172	481
10P3R2A13_03674	28P2R1A12_03772	100.000	193	0	0	1	193	1	193	6.39e-138	393
10P3R2A13_03675	10P3R2A13_03675	100.000	202	0	0	1	202	1	202	5.23e-148	409
10P3R2A13_03676	10P3R2A13_03676	100.000	1301	0	0	1	1301	1	1301	0.0	2670
10P3R2A13_03676	34P3R2A10_03067	99.652	862	3	0	440	1301	1	862	0.0	1772
10P3R2A13_03676	15P1R1A16_05044	100.000	526	0	0	776	1301	1	526	0.0	1083
10P3R2A13_03677	10P3R2A13_03677	100.000	267	0	0	1	267	1	267	0.0	553
10P3R2A13_03677	43P2R2A2_05066	100.000	190	0	0	78	267	1	190	8.44e-142	395
10P3R2A13_03678	10P3R2A13_03678	100.000	480	0	0	1	480	1	480	0.0	980
10P3R2A13_03678	15P1R1A16_02399	99.286	280	2	0	201	480	1	280	0.0	570
10P3R2A13_03679	10P3R2A13_03679	100.000	334	0	0	1	334	1	334	0.0	682
10P3R2A13_03679	28P2R1A12_03778	99.522	209	1	0	126	334	1	209	2.25e-151	423
10P3R2A13_03679	25P2R1A13_03460	100.000	125	0	0	126	250	1	125	7.40e-87	257
10P3R2A13_03679	25P2R1A13_03459	100.000	84	0	0	251	334	1	84	9.53e-54	171
10P3R2A13_03679	25P2R1A13_03461	97.368	38	1	0	1	38	1	38	3.67e-17	74.3
10P3R2A13_03680	10P3R2A13_03680	100.000	177	0	0	1	177	1	177	1.76e-129	360
10P3R2A13_03680	24P1R3A1_03005	98.305	177	3	0	1	177	13	189	4.72e-128	357
10P3R2A13_03681	10P3R2A13_03681	100.000	58	0	0	1	58	1	58	2.21e-36	115
10P3R2A13_03681	3P1R3A2_03655	96.552	58	2	0	1	58	1	58	9.45e-35	111
10P3R2A13_03682	10P3R2A13_03682	100.000	56	0	0	1	56	1	56	3.37e-36	115
10P3R2A13_03682	27P2R2A12_04059	96.429	56	2	0	1	56	1	56	1.22e-34	111
10P3R2A13_03683	10P3R2A13_03683	100.000	547	0	0	1	547	1	547	0.0	1107
10P3R2A13_03684	10P3R2A13_03684	100.000	308	0	0	1	308	1	308	0.0	627
10P3R2A13_03685	10P3R2A13_03685	100.000	391	0	0	1	391	1	391	0.0	805
10P3R2A13_03685	11P3R3A1_03906	98.684	380	5	0	1	380	1	380	0.0	773
10P3R2A13_03686	10P3R2A13_03686	100.000	810	0	0	1	810	1	810	0.0	1686
10P3R2A13_03686	29P3R3A9_03298	98.889	540	6	0	271	810	1	540	0.0	1120
10P3R2A13_03686	43P2R2A2_05730	99.322	295	2	0	516	810	1	295	0.0	616
10P3R2A13_03686	29P3R3A9_03299	98.491	265	4	0	1	265	1	265	0.0	538
10P3R2A13_03687	10P3R2A13_03687	100.000	367	0	0	1	367	1	367	0.0	768
10P3R2A13_03687	15P1R1A16_04547	99.608	255	1	0	113	367	1	255	0.0	532
10P3R2A13_03687	34P3R2A10_03965	100.000	130	0	0	238	367	1	130	8.07e-93	273
10P3R2A13_03688	10P3R2A13_03688	100.000	249	0	0	1	249	1	249	0.0	512
10P3R2A13_03688	26P1R3A4_02924	97.992	249	5	0	1	249	1	249	0.0	501
10P3R2A13_03689	10P3R2A13_03689	100.000	189	0	0	1	189	1	189	4.37e-139	385
10P3R2A13_03690	10P3R2A13_03690	100.000	578	0	0	1	578	1	578	0.0	1195
10P3R2A13_03691	10P3R2A13_03691	100.000	163	0	0	1	163	1	163	7.71e-120	335
10P3R2A13_03691	12_1P1R2A2-1_00172	97.546	163	4	0	1	163	1	163	1.99e-117	328
10P3R2A13_03693	10P3R2A13_03693	100.000	693	0	0	1	693	1	693	0.0	1381
10P3R2A13_03693	34P3R2A10_02674	99.848	659	1	0	35	693	1	659	0.0	1315
10P3R2A13_03694	10P3R2A13_03694	100.000	383	0	0	1	383	1	383	0.0	773
10P3R2A13_03694	43P2R2A2_03018	100.000	214	0	0	170	383	1	214	7.85e-157	439
10P3R2A13_03694	15P1R1A16_03650	100.000	181	0	0	203	383	1	181	1.80e-131	374
10P3R2A13_03695	10P3R2A13_03695	100.000	215	0	0	1	215	1	215	1.78e-156	431
10P3R2A13_03695	15P1R1A16_05151	100.000	133	0	0	83	215	1	133	3.46e-93	268
10P3R2A13_03696	10P3R2A13_03696	100.000	130	0	0	1	130	1	130	5.45e-91	259
10P3R2A13_03697	10P3R2A13_03697	100.000	350	0	0	1	350	1	350	0.0	711
10P3R2A13_03698	10P3R2A13_03698	100.000	287	0	0	1	287	1	287	0.0	594
10P3R2A13_03698	34P3R2A10_03639	99.608	255	1	0	33	287	1	255	0.0	527
10P3R2A13_03699	10P3R2A13_03699	100.000	534	0	0	1	534	1	534	0.0	1070
10P3R2A13_03699	27P2R2A12_01403	99.706	340	1	0	195	534	1	340	0.0	665
10P3R2A13_03699	27P2R2A12_01404	100.000	172	0	0	1	172	1	172	2.68e-124	362
10P3R2A13_03700	10P3R2A13_03700	100.000	554	0	0	1	554	1	554	0.0	1124
10P3R2A13_03700	34P3R2A10_04217	99.239	394	3	0	161	554	1	394	0.0	784
10P3R2A13_03701	10P3R2A13_03701	100.000	168	0	0	1	168	1	168	6.40e-118	330
10P3R2A13_03701	27P2R2A12_01406	100.000	132	0	0	1	132	1	132	4.60e-92	263
10P3R2A13_03702	10P3R2A13_03702	100.000	655	0	0	1	655	1	655	0.0	1320
10P3R2A13_03702	34P3R2A10_04325	99.421	518	3	0	138	655	1	518	0.0	1031
10P3R2A13_03703	10P3R2A13_03703	100.000	309	0	0	1	309	1	309	0.0	630
10P3R2A13_03704	10P3R2A13_03704	100.000	296	0	0	1	296	1	296	0.0	594
10P3R2A13_03704	34P3R2A10_04914	100.000	60	0	0	237	296	1	60	1.54e-37	127
10P3R2A13_03705	10P3R2A13_03705	100.000	193	0	0	1	193	1	193	5.04e-144	398
10P3R2A13_03706	10P3R2A13_03706	100.000	117	0	0	1	117	1	117	8.16e-83	237
10P3R2A13_03707	10P3R2A13_03707	100.000	143	0	0	1	143	1	143	6.02e-104	293
10P3R2A13_03708	10P3R2A13_03708	100.000	475	0	0	1	475	1	475	0.0	979
10P3R2A13_03709	10P3R2A13_03709	100.000	267	0	0	1	267	1	267	0.0	548
10P3R2A13_03710	10P3R2A13_03710	100.000	329	0	0	1	329	1	329	0.0	640
10P3R2A13_03710	34P3R2A10_04039	100.000	37	0	0	293	329	1	37	4.19e-18	76.6
10P3R2A13_03711	10P3R2A13_03711	100.000	505	0	0	1	505	1	505	0.0	1033
10P3R2A13_03711	34P3R2A10_04937	100.000	172	0	0	334	505	1	172	1.44e-120	350
10P3R2A13_03712	10P3R2A13_03712	100.000	330	0	0	1	330	1	330	0.0	673
10P3R2A13_03712	18P3R3A11_01644	95.455	330	15	0	1	330	1	330	0.0	647
10P3R2A13_03713	10P3R2A13_03713	100.000	168	0	0	1	168	1	168	1.66e-124	347
10P3R2A13_03714	10P3R2A13_03714	100.000	84	0	0	1	84	1	84	2.51e-56	168
10P3R2A13_03715	10P3R2A13_03715	100.000	108	0	0	1	108	1	108	1.68e-76	221
10P3R2A13_03716	10P3R2A13_03716	100.000	166	0	0	1	166	1	166	3.96e-123	343
10P3R2A13_03717	10P3R2A13_03717	100.000	80	0	0	1	80	1	80	5.81e-55	164
10P3R2A13_03717	12_1P1R2A2-1_00146	96.250	80	3	0	1	80	1	80	4.70e-53	159
10P3R2A13_03718	10P3R2A13_03718	100.000	404	0	0	1	404	1	404	0.0	790
10P3R2A13_03719	10P3R2A13_03719	100.000	222	0	0	1	222	1	222	1.18e-166	457
10P3R2A13_03723	10P3R2A13_03723	100.000	183	0	0	1	183	1	183	1.43e-129	361
10P3R2A13_03724	10P3R2A13_03724	100.000	611	0	0	1	611	1	611	0.0	1262
10P3R2A13_03724	43P2R2A2_01141	100.000	217	0	0	395	611	1	217	2.15e-159	455
10P3R2A13_03725	10P3R2A13_03725	100.000	219	0	0	1	219	1	219	1.96e-163	449
10P3R2A13_03726	10P3R2A13_03726	100.000	75	0	0	1	75	1	75	9.87e-50	150
10P3R2A13_03727	10P3R2A13_03727	100.000	241	0	0	1	241	1	241	0.0	504
10P3R2A13_03728	10P3R2A13_03728	100.000	251	0	0	1	251	1	251	0.0	502
10P3R2A13_03729	10P3R2A13_03729	100.000	223	0	0	1	223	1	223	5.24e-161	444
10P3R2A13_03729	34P3R2A10_01304	100.000	173	0	0	51	223	1	173	1.92e-123	347
10P3R2A13_03730	10P3R2A13_03730	100.000	329	0	0	1	329	1	329	0.0	666
10P3R2A13_03731	10P3R2A13_03731	100.000	286	0	0	1	286	1	286	0.0	574
10P3R2A13_03732	10P3R2A13_03732	100.000	184	0	0	1	184	1	184	5.82e-139	384
10P3R2A13_03732	12_1P1R2A2-1_00131	97.826	184	4	0	1	184	1	184	1.04e-135	376
10P3R2A13_03732	11P3R3A1_04148	97.826	184	4	0	1	184	1	184	3.00e-135	375
10P3R2A13_03732	15P1R1A16_04276	97.661	171	4	0	1	171	1	171	1.63e-125	350
10P3R2A13_03733	10P3R2A13_03733	100.000	240	0	0	1	240	1	240	2.15e-174	479
10P3R2A13_03734	10P3R2A13_03734	100.000	493	0	0	1	493	1	493	0.0	965
10P3R2A13_03735	10P3R2A13_03735	100.000	471	0	0	1	471	1	471	0.0	929
10P3R2A13_03736	10P3R2A13_03736	100.000	137	0	0	1	137	1	137	7.23e-96	272
10P3R2A13_03736	11P3R3A1_04152	97.080	137	4	0	1	137	1	137	2.37e-93	265
10P3R2A13_03736	43P2R2A2_05115	100.000	92	0	0	46	137	1	92	2.31e-61	183
10P3R2A13_03737	10P3R2A13_03737	100.000	122	0	0	1	122	1	122	7.79e-87	248
10P3R2A13_03737	28P2R1A12_02685	98.333	120	2	0	1	120	1	120	7.58e-85	243
10P3R2A13_03737	11P3R3A1_04153	96.721	122	4	0	1	122	1	122	2.20e-84	241
10P3R2A13_03737	33P3R2A2_00353	97.500	120	3	0	1	120	1	120	3.49e-84	241
10P3R2A13_03737	25P2R1A13_03663	95.082	122	6	0	1	122	1	122	1.98e-82	237
10P3R2A13_03738	10P3R2A13_03738	100.000	496	0	0	1	496	1	496	0.0	1030
10P3R2A13_03738	15P1R1A16_04796	98.485	132	2	0	365	496	1	132	1.45e-90	272
10P3R2A13_03739	10P3R2A13_03739	100.000	138	0	0	1	138	1	138	2.67e-99	281
10P3R2A13_03739	34P3R2A10_04503	99.219	128	1	0	11	138	1	128	1.44e-91	261
10P3R2A13_03740	10P3R2A13_03740	100.000	402	0	0	1	402	1	402	0.0	800
10P3R2A13_03741	10P3R2A13_03741	100.000	78	0	0	1	78	1	78	2.32e-53	160
10P3R2A13_03741	3P1R3A2_02513	97.436	78	2	0	1	78	1	78	7.81e-52	156
10P3R2A13_03741	27P2R2A12_01446	97.436	78	2	0	1	78	1	78	9.31e-52	155
10P3R2A13_03742	10P3R2A13_03742	100.000	224	0	0	1	224	1	224	1.16e-168	463
10P3R2A13_03742	27P2R2A12_01447	97.768	224	5	0	1	224	1	224	4.76e-166	456
10P3R2A13_03742	11P3R3A1_04158	97.321	224	6	0	1	224	1	224	1.59e-165	455
10P3R2A13_03742	33P3R2A2_00358	96.429	224	8	0	1	224	1	224	3.56e-163	449
10P3R2A13_03742	25P2R1A13_03668	95.982	224	9	0	1	224	1	224	9.76e-163	448
10P3R2A13_03742	12_1P1R2A2-1_00121	97.183	142	4	0	1	142	1	142	2.45e-102	293
10P3R2A13_03743	10P3R2A13_03743	100.000	36	0	0	1	36	1	36	8.22e-20	72.4
10P3R2A13_03743	27P2R2A12_04178	97.222	36	1	0	1	36	1	36	3.32e-19	70.9
10P3R2A13_03743	27P2R2A12_02265	97.222	36	1	0	1	36	1	36	3.32e-19	70.9
10P3R2A13_03743	25P2R1A13_01954	97.222	36	1	0	1	36	1	36	4.61e-19	70.5
10P3R2A13_03743	23P1R2A1_00578	97.222	36	1	0	1	36	1	36	7.16e-19	70.1
10P3R2A13_03743	28P2R1A12_03221	97.222	36	1	0	1	36	1	36	1.06e-18	69.7
10P3R2A13_03744	10P3R2A13_03744	100.000	285	0	0	1	285	1	285	0.0	580
10P3R2A13_03744	31P2R1A5_01164	95.439	285	13	0	1	285	1	285	0.0	557
10P3R2A13_03744	43P2R2A2_05715	100.000	123	0	0	163	285	1	123	8.21e-86	252
10P3R2A13_03745	10P3R2A13_03745	100.000	270	0	0	1	270	1	270	0.0	545
10P3R2A13_03746	10P3R2A13_03746	100.000	131	0	0	1	131	1	131	1.56e-89	255
10P3R2A13_03747	10P3R2A13_03747	100.000	278	0	0	1	278	1	278	0.0	566
10P3R2A13_03748	10P3R2A13_03748	100.000	361	0	0	1	361	1	361	0.0	742
10P3R2A13_03748	15P1R1A16_04544	99.115	113	1	0	249	361	1	113	7.62e-76	229
10P3R2A13_03748	43P2R2A2_05040	100.000	89	0	0	273	361	1	89	1.10e-57	182
10P3R2A13_03749	10P3R2A13_03749	100.000	442	0	0	1	442	1	442	0.0	894
10P3R2A13_03749	11P3R3A1_01874	99.761	419	1	0	24	442	1	419	0.0	847
10P3R2A13_03749	43P2R2A2_05580	100.000	190	0	0	253	442	1	190	1.37e-132	379
10P3R2A13_03750	10P3R2A13_03750	100.000	208	0	0	1	208	1	208	9.87e-155	426
10P3R2A13_03751	10P3R2A13_03751	100.000	284	0	0	1	284	1	284	0.0	581
10P3R2A13_03752	10P3R2A13_03752	100.000	338	0	0	1	338	1	338	0.0	680
10P3R2A13_03752	18P3R3A11_04253	99.051	316	3	0	23	338	1	316	0.0	629
10P3R2A13_03752	31P2R1A5_01156	96.519	316	11	0	23	338	1	316	0.0	613
10P3R2A13_03752	38P2R3A13_08066	97.516	161	4	0	178	338	1	161	2.99e-109	315
10P3R2A13_03753	10P3R2A13_03753	100.000	551	0	0	1	551	1	551	0.0	1085
10P3R2A13_03754	10P3R2A13_03754	100.000	93	0	0	1	93	1	93	5.51e-65	190
10P3R2A13_03755	10P3R2A13_03755	100.000	195	0	0	1	195	1	195	6.65e-143	395
10P3R2A13_03756	10P3R2A13_03756	100.000	364	0	0	1	364	1	364	0.0	743
10P3R2A13_03758	10P3R2A13_03758	100.000	640	0	0	1	640	1	640	0.0	1315
10P3R2A13_03758	15P1R1A16_05155	99.765	425	1	0	216	640	1	425	0.0	867
10P3R2A13_03759	10P3R2A13_03759	100.000	357	0	0	1	357	1	357	0.0	735
10P3R2A13_03759	43P2R2A2_05267	99.331	299	2	0	59	357	1	299	0.0	617
10P3R2A13_03760	10P3R2A13_03760	100.000	211	0	0	1	211	1	211	3.01e-157	433
10P3R2A13_03761	10P3R2A13_03761	100.000	473	0	0	1	473	1	473	0.0	964
10P3R2A13_03761	43P2R2A2_04244	99.490	196	1	0	278	473	1	196	2.59e-140	400
10P3R2A13_03762	10P3R2A13_03762	100.000	566	0	0	1	566	1	566	0.0	1178
10P3R2A13_03763	10P3R2A13_03763	100.000	147	0	0	1	147	1	147	3.00e-108	304
10P3R2A13_03763	12_1P1R2A2-1_03181	97.959	147	3	0	1	147	1	147	2.96e-105	296
10P3R2A13_03763	15P1R1A16_04335	96.512	86	3	0	1	86	1	86	3.83e-55	167
10P3R2A13_03764	10P3R2A13_03764	100.000	85	0	0	1	85	1	85	1.12e-50	154
10P3R2A13_03764	25P2R1A13_01976	97.647	85	2	0	1	85	1	85	8.54e-50	151
10P3R2A13_03765	10P3R2A13_03765	100.000	245	0	0	1	245	1	245	0.0	502
10P3R2A13_03766	10P3R2A13_03766	100.000	204	0	0	1	204	1	204	5.86e-152	419
10P3R2A13_03767	10P3R2A13_03767	100.000	305	0	0	1	305	1	305	0.0	626
10P3R2A13_03768	10P3R2A13_03768	100.000	579	0	0	1	579	1	579	0.0	1139
10P3R2A13_03768	34P3R2A10_02163	100.000	271	0	0	309	579	1	271	0.0	551
10P3R2A13_03769	10P3R2A13_03769	100.000	50	0	0	1	50	1	50	3.43e-31	102
10P3R2A13_03769	16_1P2R1A8-1_03188	98.000	50	1	0	1	50	1	50	3.37e-30	99.8
10P3R2A13_03769	17P1R1A4_01995	98.000	50	1	0	1	50	1	50	3.48e-30	99.8
10P3R2A13_03770	10P3R2A13_03770	100.000	357	0	0	1	357	1	357	0.0	732
10P3R2A13_03771	10P3R2A13_03771	100.000	433	0	0	1	433	1	433	0.0	896
10P3R2A13_03772	10P3R2A13_03772	100.000	511	0	0	1	511	1	511	0.0	1070
10P3R2A13_03772	18P3R3A11_03964	95.890	511	21	0	1	511	1	511	0.0	1040
10P3R2A13_03773	10P3R2A13_03773	100.000	240	0	0	1	240	1	240	0.0	495
10P3R2A13_03774	10P3R2A13_03774	100.000	514	0	0	1	514	1	514	0.0	1031
10P3R2A13_03774	43P2R2A2_02156	100.000	415	0	0	100	514	1	415	0.0	834
10P3R2A13_03775	10P3R2A13_03775	100.000	177	0	0	1	177	1	177	1.42e-128	358
10P3R2A13_03776	10P3R2A13_03776	100.000	423	0	0	1	423	1	423	0.0	882
10P3R2A13_03776	34P3R2A10_02170	100.000	260	0	0	164	423	1	260	0.0	540
10P3R2A13_03776	40P3R1A10_03583	100.000	203	0	0	221	423	1	203	2.60e-150	424
10P3R2A13_03776	40P3R1A10_03584	98.246	114	2	0	1	114	1	114	1.70e-78	238
10P3R2A13_03777	10P3R2A13_03777	100.000	140	0	0	1	140	1	140	3.99e-99	280
10P3R2A13_03778	10P3R2A13_03778	100.000	304	0	0	1	304	1	304	0.0	611
10P3R2A13_03778	11P3R3A1_01844	98.788	165	2	0	1	165	1	165	2.12e-115	330
10P3R2A13_03778	28P2R1A12_03256	97.590	166	4	0	1	166	1	166	1.05e-112	323
10P3R2A13_03778	11P3R3A1_01843	98.851	87	1	0	218	304	1	87	4.94e-56	176
10P3R2A13_03778	17P1R1A4_02004	98.630	73	1	0	1	73	1	73	2.23e-45	150
10P3R2A13_03779	10P3R2A13_03779	100.000	190	0	0	1	190	1	190	6.64e-144	397
10P3R2A13_03779	12_1P1R2A2-1_03197	100.000	149	0	0	42	190	1	149	2.60e-111	313
10P3R2A13_03780	10P3R2A13_03780	100.000	220	0	0	1	220	1	220	2.19e-165	454
10P3R2A13_03781	10P3R2A13_03781	100.000	98	0	0	1	98	1	98	2.45e-68	199
10P3R2A13_03782	10P3R2A13_03782	100.000	134	0	0	1	134	1	134	2.06e-95	270
10P3R2A13_03783	10P3R2A13_03783	100.000	123	0	0	1	123	1	123	1.84e-89	254
10P3R2A13_03783	27P2R2A12_02225	96.748	123	4	0	1	123	1	123	8.06e-86	245
10P3R2A13_03784	10P3R2A13_03784	100.000	232	0	0	1	232	1	232	1.01e-173	476
10P3R2A13_03785	10P3R2A13_03785	100.000	271	0	0	1	271	1	271	0.0	541
10P3R2A13_03785	18P3R3A11_01758	95.941	271	11	0	1	271	1	271	0.0	523
10P3R2A13_03785	38P2R3A13_01689	95.941	271	11	0	1	271	1	271	0.0	523
10P3R2A13_03785	31P2R1A5_01070	95.941	271	11	0	1	271	1	271	0.0	521
10P3R2A13_03786	10P3R2A13_03786	100.000	89	0	0	1	89	1	89	4.28e-60	177
10P3R2A13_03786	18P3R3A11_01757	98.837	86	1	0	1	86	1	86	7.70e-58	172
10P3R2A13_03787	10P3R2A13_03787	100.000	109	0	0	1	109	1	109	1.80e-77	223
10P3R2A13_03787	10P3R2A13_02132	95.413	109	5	0	1	109	1	109	1.69e-73	213
10P3R2A13_03788	10P3R2A13_03788	100.000	95	0	0	1	95	1	95	6.43e-54	162
10P3R2A13_03789	10P3R2A13_03789	100.000	110	0	0	1	110	1	110	7.99e-78	224
10P3R2A13_03789	25P2R1A13_02000	100.000	51	0	0	1	51	1	51	3.45e-33	109
10P3R2A13_03789	25P2R1A13_02001	100.000	54	0	0	57	110	1	54	7.22e-33	108
10P3R2A13_03790	10P3R2A13_03790	100.000	774	0	0	1	774	1	774	0.0	1572
10P3R2A13_03790	15P1R1A16_01206	99.557	677	3	0	98	774	1	677	0.0	1372
10P3R2A13_03790	3P1R3A2_02076	98.916	646	7	0	1	646	1	646	0.0	1283
10P3R2A13_03790	3P1R3A2_02075	100.000	124	0	0	651	774	1	124	2.66e-83	260
10P3R2A13_03791	10P3R2A13_03791	100.000	70	0	0	1	70	1	70	2.18e-46	142
10P3R2A13_03793	10P3R2A13_03793	100.000	148	0	0	1	148	1	148	1.00e-108	305
10P3R2A13_03793	16_1P2R1A8-1_04565	97.973	148	3	0	1	148	1	148	1.95e-105	297
10P3R2A13_03793	28P2R1A12_03129	97.297	148	4	0	1	148	1	148	6.44e-105	295
10P3R2A13_03793	25P2R1A13_01531	96.575	146	5	0	1	146	1	146	2.27e-104	294
10P3R2A13_03794	10P3R2A13_03794	100.000	310	0	0	1	310	1	310	0.0	642
10P3R2A13_03795	10P3R2A13_03795	100.000	534	0	0	1	534	1	534	0.0	1112
10P3R2A13_03796	10P3R2A13_03796	100.000	435	0	0	1	435	1	435	0.0	904
10P3R2A13_03797	10P3R2A13_03797	100.000	579	0	0	1	579	1	579	0.0	1199
10P3R2A13_03797	34P3R2A10_02140	100.000	232	0	0	348	579	1	232	2.77e-170	482
10P3R2A13_03798	10P3R2A13_03798	100.000	525	0	0	1	525	1	525	0.0	1096
10P3R2A13_03798	40P3R1A10_02368	99.396	497	3	0	29	525	1	497	0.0	1036
10P3R2A13_03798	11P3R3A1_01520	98.025	405	8	0	1	405	1	405	0.0	833
10P3R2A13_03798	11P3R3A1_01519	99.160	119	1	0	407	525	1	119	5.20e-81	248
10P3R2A13_03799	10P3R2A13_03799	100.000	275	0	0	1	275	1	275	0.0	563
10P3R2A13_03800	10P3R2A13_03800	100.000	1228	0	0	1	1228	1	1228	0.0	2539
10P3R2A13_03800	43P2R2A2_04770	100.000	746	0	0	483	1228	1	746	0.0	1549
10P3R2A13_03800	15P1R1A16_03679	100.000	446	0	0	783	1228	1	446	0.0	932
10P3R2A13_03801	10P3R2A13_03801	100.000	544	0	0	1	544	1	544	0.0	1090
10P3R2A13_03801	43P2R2A2_02759	100.000	157	0	0	388	544	1	157	7.79e-109	321
10P3R2A13_03802	10P3R2A13_03802	100.000	230	0	0	1	230	1	230	2.74e-169	465
10P3R2A13_03803	10P3R2A13_03803	100.000	291	0	0	1	291	1	291	0.0	587
10P3R2A13_03803	34P3R2A10_03526	98.958	192	2	0	100	291	1	192	1.56e-137	386
10P3R2A13_03803	34P3R2A10_04916	97.917	192	4	0	100	291	1	192	4.78e-136	382
10P3R2A13_03804	10P3R2A13_03804	100.000	91	0	0	1	91	1	91	4.08e-62	183
10P3R2A13_03805	10P3R2A13_03805	100.000	376	0	0	1	376	1	376	0.0	754
10P3R2A13_03805	34P3R2A10_03528	97.872	376	8	0	1	376	1	376	0.0	743
10P3R2A13_03806	10P3R2A13_03806	100.000	264	0	0	1	264	1	264	0.0	529
10P3R2A13_03806	14P1R2A4_01812	97.727	264	6	0	1	264	1	264	0.0	516
10P3R2A13_03806	40P3R1A10_02360	100.000	255	0	0	10	264	1	255	0.0	511
10P3R2A13_03806	11P3R3A1_01528	97.255	255	7	0	10	264	1	255	8.47e-180	494
10P3R2A13_03807	10P3R2A13_03807	100.000	309	0	0	1	309	1	309	0.0	644
10P3R2A13_03807	32P3R2A9_02205	99.448	181	1	0	1	181	1	181	3.77e-137	385
10P3R2A13_03807	32P3R2A9_02206	100.000	93	0	0	217	309	1	93	9.73e-61	188
10P3R2A13_03808	10P3R2A13_03808	100.000	450	0	0	1	450	1	450	0.0	903
10P3R2A13_03808	34P3R2A10_03531	100.000	102	0	0	349	450	1	102	1.11e-66	208
10P3R2A13_03809	10P3R2A13_03809	100.000	550	0	0	1	550	1	550	0.0	1145
10P3R2A13_03809	42P1R1A12_03069	95.273	550	26	0	1	550	1	550	0.0	1095
10P3R2A13_03809	34P3R2A10_04732	100.000	469	0	0	82	550	1	469	0.0	977
10P3R2A13_03810	10P3R2A13_03810	100.000	81	0	0	1	81	1	81	3.15e-46	142
10P3R2A13_03811	10P3R2A13_03811	100.000	213	0	0	1	213	1	213	1.38e-158	437
10P3R2A13_03811	27P2R2A12_03526	97.653	213	5	0	1	213	1	213	2.17e-155	429
10P3R2A13_03812	10P3R2A13_03812	100.000	246	0	0	1	246	1	246	2.91e-179	491
10P3R2A13_03812	17P1R1A4_00898	97.967	246	5	0	1	246	1	246	7.34e-176	483
10P3R2A13_03812	43P2R2A2_05494	100.000	80	0	0	167	246	1	80	4.85e-53	166
10P3R2A13_03813	10P3R2A13_03813	100.000	699	0	0	1	699	1	699	0.0	1445
10P3R2A13_03813	43P2R2A2_03908	100.000	293	0	0	407	699	1	293	0.0	605
10P3R2A13_03814	10P3R2A13_03814	100.000	137	0	0	1	137	1	137	4.88e-95	270
10P3R2A13_03814	18P3R3A11_04094	97.810	137	3	0	1	137	1	137	1.60e-92	263
10P3R2A13_03814	38P2R3A13_07319	97.080	137	4	0	1	137	1	137	2.78e-91	260
10P3R2A13_03815	10P3R2A13_03815	100.000	492	0	0	1	492	1	492	0.0	997
10P3R2A13_03815	34P3R2A10_03862	100.000	190	0	0	303	492	1	190	1.14e-134	387
10P3R2A13_03816	10P3R2A13_03816	100.000	297	0	0	1	297	1	297	0.0	588
10P3R2A13_03817	10P3R2A13_03817	100.000	515	0	0	1	515	1	515	0.0	1043
10P3R2A13_03818	10P3R2A13_03818	100.000	397	0	0	1	397	1	397	0.0	803
10P3R2A13_03818	43P2R2A2_03903	100.000	70	0	0	328	397	1	70	6.09e-42	142
10P3R2A13_03819	10P3R2A13_03819	100.000	32	0	0	1	32	1	32	6.11e-16	62.4
10P3R2A13_03819	25P2R1A13_01508	96.875	32	1	0	1	32	1	32	1.91e-15	61.2
10P3R2A13_03820	10P3R2A13_03820	100.000	372	0	0	1	372	1	372	0.0	758
10P3R2A13_03821	10P3R2A13_03821	100.000	447	0	0	1	447	1	447	0.0	922
10P3R2A13_03821	28P2R1A12_03161	96.197	447	17	0	1	447	1	447	0.0	890
10P3R2A13_03822	10P3R2A13_03822	100.000	307	0	0	1	307	1	307	0.0	612
10P3R2A13_03823	10P3R2A13_03823	100.000	51	0	0	1	51	1	51	1.41e-31	103
10P3R2A13_03824	10P3R2A13_03824	100.000	65	0	0	1	65	1	65	2.67e-40	126
10P3R2A13_03825	10P3R2A13_03825	100.000	443	0	0	1	443	1	443	0.0	912
10P3R2A13_03825	11P3R3A1_01547	95.937	443	18	0	1	443	1	443	0.0	868
10P3R2A13_03825	25P2R1A13_01502	95.711	443	19	0	1	443	1	443	0.0	868
10P3R2A13_03825	33P3R2A2_04009	95.602	432	19	0	12	443	1	432	0.0	844
10P3R2A13_03825	43P2R2A2_03607	100.000	128	0	0	316	443	1	128	4.37e-91	271
10P3R2A13_03826	10P3R2A13_03826	100.000	166	0	0	1	166	1	166	9.64e-117	327
10P3R2A13_03827	10P3R2A13_03827	100.000	291	0	0	1	291	1	291	0.0	585
10P3R2A13_03828	10P3R2A13_03828	100.000	808	0	0	1	808	1	808	0.0	1666
10P3R2A13_03829	10P3R2A13_03829	100.000	123	0	0	1	123	1	123	2.27e-83	239
10P3R2A13_03830	10P3R2A13_03830	100.000	203	0	0	1	203	1	203	1.67e-147	408
10P3R2A13_03830	31P2R1A5_04569	95.074	203	10	0	1	203	1	203	3.52e-141	392
10P3R2A13_03831	10P3R2A13_03831	100.000	442	0	0	1	442	1	442	0.0	857
10P3R2A13_03832	10P3R2A13_03832	100.000	70	0	0	1	70	1	70	7.73e-45	137
10P3R2A13_03833	10P3R2A13_03833	100.000	172	0	0	1	172	1	172	5.20e-127	353
10P3R2A13_03834	10P3R2A13_03834	100.000	76	0	0	1	76	1	76	2.68e-48	147
10P3R2A13_03834	34P3R2A10_01990	100.000	74	0	0	1	74	1	74	2.23e-47	145
10P3R2A13_03834	1P1R1A1_02627	100.000	74	0	0	1	74	1	74	1.94e-45	147
10P3R2A13_03834	17P1R1A4_00919	100.000	74	0	0	1	74	1	74	2.57e-45	147
10P3R2A13_03835	10P3R2A13_03835	100.000	116	0	0	1	116	1	116	2.44e-79	228
10P3R2A13_03836	10P3R2A13_03836	100.000	81	0	0	1	81	1	81	3.01e-53	160
10P3R2A13_03837	10P3R2A13_03837	100.000	129	0	0	1	129	1	129	4.77e-88	251
10P3R2A13_03838	10P3R2A13_03838	100.000	119	0	0	1	119	1	119	1.35e-80	232
10P3R2A13_03839	10P3R2A13_03839	100.000	220	0	0	1	220	1	220	2.75e-165	454
10P3R2A13_03840	10P3R2A13_03840	100.000	317	0	0	1	317	1	317	0.0	635
10P3R2A13_03841	10P3R2A13_03841	100.000	500	0	0	1	500	1	500	0.0	1016
10P3R2A13_03842	10P3R2A13_03842	100.000	137	0	0	1	137	1	137	4.27e-100	283
10P3R2A13_03843	10P3R2A13_03843	100.000	953	0	0	1	953	1	953	0.0	1968
10P3R2A13_03844	10P3R2A13_03844	100.000	126	0	0	1	126	1	126	6.55e-91	258
10P3R2A13_03845	10P3R2A13_03845	100.000	220	0	0	1	220	1	220	1.22e-166	457
10P3R2A13_03846	10P3R2A13_03846	100.000	133	0	0	1	133	1	133	7.10e-93	264
10P3R2A13_03847	10P3R2A13_03847	100.000	331	0	0	1	331	1	331	0.0	682
10P3R2A13_03848	10P3R2A13_03848	100.000	488	0	0	1	488	1	488	0.0	993
10P3R2A13_03849	10P3R2A13_03849	100.000	113	0	0	1	113	1	113	4.00e-79	228
10P3R2A13_03850	10P3R2A13_03850	100.000	507	0	0	1	507	1	507	0.0	1041
10P3R2A13_03851	10P3R2A13_03851	100.000	123	0	0	1	123	1	123	1.81e-91	259
10P3R2A13_03852	10P3R2A13_03852	100.000	172	0	0	1	172	1	172	2.66e-127	354
10P3R2A13_03853	10P3R2A13_03853	100.000	424	0	0	1	424	1	424	0.0	877
10P3R2A13_03854	10P3R2A13_03854	100.000	182	0	0	1	182	1	182	4.33e-134	372
10P3R2A13_03855	10P3R2A13_03855	100.000	233	0	0	1	233	1	233	2.57e-177	486
10P3R2A13_03856	10P3R2A13_03856	100.000	300	0	0	1	300	1	300	0.0	613
10P3R2A13_03857	10P3R2A13_03857	100.000	206	0	0	1	206	1	206	4.49e-153	422
10P3R2A13_03858	10P3R2A13_03858	100.000	93	0	0	1	93	1	93	4.53e-64	188
10P3R2A13_03858	38P2R3A13_08681	96.774	93	3	0	1	93	1	93	7.08e-62	182
10P3R2A13_03858	33P3R2A2_04302	100.000	84	0	0	1	84	1	84	2.59e-57	172
10P3R2A13_03858	25P2R1A13_02882	95.294	85	4	0	1	85	1	85	2.09e-55	167
10P3R2A13_03859	10P3R2A13_03859	100.000	271	0	0	1	271	1	271	0.0	565
10P3R2A13_03859	38P2R3A13_08682	97.417	271	7	0	1	271	1	271	0.0	552
10P3R2A13_03859	1P1R1A1_04603	98.049	205	4	0	67	271	1	205	2.04e-150	418
10P3R2A13_03859	42P1R1A12_06128	98.895	181	2	0	91	271	1	181	2.96e-133	374
10P3R2A13_03859	38P2R3A13_08198	95.580	181	8	0	91	271	1	181	1.97e-129	364
10P3R2A13_03860	10P3R2A13_03860	100.000	206	0	0	1	206	1	206	1.13e-151	419
10P3R2A13_03860	43P2R2A2_00304	100.000	206	0	0	1	206	6	211	2.24e-151	418
10P3R2A13_03860	27P2R2A12_04158	96.117	206	8	0	1	206	404	609	4.51e-142	409
10P3R2A13_03861	10P3R2A13_03861	100.000	117	0	0	1	117	1	117	1.10e-81	234
10P3R2A13_03861	54P2R2A3_04795	95.726	117	5	0	1	117	1	117	3.09e-77	223
10P3R2A13_03862	10P3R2A13_03862	100.000	144	0	0	1	144	1	144	1.46e-103	292
10P3R2A13_03862	54P2R2A3_04794	97.917	144	3	0	1	144	1	144	2.04e-101	286
10P3R2A13_03863	10P3R2A13_03863	100.000	492	0	0	1	492	1	492	0.0	1007
10P3R2A13_03863	42P1R1A12_05595	95.519	491	22	0	1	491	1	491	0.0	962
10P3R2A13_03863	27P2R2A12_04155	95.918	490	20	0	1	490	1	490	0.0	962
10P3R2A13_03864	10P3R2A13_03864	100.000	227	0	0	1	227	1	227	4.46e-166	457
10P3R2A13_03864	27P2R2A12_04154	97.357	227	6	0	1	227	1	227	1.64e-162	447
10P3R2A13_03864	38P2R3A13_03231	95.133	226	11	0	1	226	11	236	7.73e-160	441
10P3R2A13_03865	10P3R2A13_03865	100.000	462	0	0	1	462	1	462	0.0	937
10P3R2A13_03865	27P2R2A12_04153	97.403	462	12	0	1	462	1	462	0.0	912
10P3R2A13_03866	10P3R2A13_03866	100.000	118	0	0	1	118	1	118	2.13e-83	239
10P3R2A13_03867	10P3R2A13_03867	100.000	431	0	0	1	431	1	431	0.0	883
10P3R2A13_03868	10P3R2A13_03868	100.000	1049	0	0	1	1049	1	1049	0.0	2119
10P3R2A13_03868	18P3R3A11_00049	95.706	1048	45	0	1	1048	1	1048	0.0	2052
10P3R2A13_03868	38P2R3A13_00159	95.889	1046	43	0	1	1046	1	1046	0.0	2048
10P3R2A13_03868	38P2R3A13_03235	95.977	1044	42	0	1	1044	1	1044	0.0	2023
10P3R2A13_03868	27P2R2A12_04150	99.697	330	1	0	1	330	1	330	0.0	669
10P3R2A13_03869	10P3R2A13_03869	100.000	147	0	0	1	147	1	147	5.15e-107	301
10P3R2A13_03869	54P2R2A3_04787	97.279	147	4	0	1	147	1	147	4.07e-105	296
10P3R2A13_03870	10P3R2A13_03870	100.000	814	0	0	1	814	1	814	0.0	1659
10P3R2A13_03870	54P2R2A3_04786	96.569	816	26	1	1	814	1	816	0.0	1601
10P3R2A13_03871	10P3R2A13_03871	100.000	66	0	0	1	66	1	66	3.20e-44	136
10P3R2A13_03872	10P3R2A13_03872	100.000	246	0	0	1	246	1	246	0.0	499
10P3R2A13_03873	10P3R2A13_03873	100.000	150	0	0	1	150	1	150	7.36e-108	303
10P3R2A13_03874	10P3R2A13_03874	100.000	341	0	0	1	341	1	341	0.0	713
10P3R2A13_03875	10P3R2A13_03875	100.000	260	0	0	1	260	1	260	0.0	532
10P3R2A13_03875	10P3R2A13_04760	95.385	260	12	0	1	260	1	260	0.0	509
10P3R2A13_03875	42P1R1A12_03770	96.833	221	7	0	40	260	1	221	3.88e-160	443
10P3R2A13_03875	32P3R2A9_05871	97.260	73	2	0	163	235	1	73	7.05e-47	150
10P3R2A13_03876	10P3R2A13_03876	100.000	606	0	0	1	606	1	606	0.0	1256
10P3R2A13_03877	10P3R2A13_03877	100.000	299	0	0	1	299	1	299	0.0	614
10P3R2A13_03878	10P3R2A13_03878	100.000	127	0	0	1	127	1	127	4.09e-90	256
10P3R2A13_03879	10P3R2A13_03879	100.000	310	0	0	1	310	1	310	0.0	612
10P3R2A13_03880	10P3R2A13_03880	100.000	227	0	0	1	227	1	227	2.66e-166	457
10P3R2A13_03881	10P3R2A13_03881	100.000	467	0	0	1	467	1	467	0.0	957
10P3R2A13_03882	10P3R2A13_03882	100.000	145	0	0	1	145	1	145	2.64e-99	281
10P3R2A13_03882	42P1R1A12_05578	95.172	145	7	0	1	145	1	145	3.99e-94	268
10P3R2A13_03883	10P3R2A13_03883	100.000	69	0	0	1	69	1	69	5.12e-45	138
10P3R2A13_03884	10P3R2A13_03884	100.000	137	0	0	1	137	1	137	3.29e-99	280
10P3R2A13_03885	10P3R2A13_03885	100.000	98	0	0	1	98	1	98	1.91e-67	197
10P3R2A13_03885	29P3R3A9_04174	96.939	98	3	0	1	98	1	98	3.22e-65	191
10P3R2A13_03886	10P3R2A13_03886	100.000	154	0	0	1	154	1	154	1.08e-109	308
10P3R2A13_03886	15P1R1A16_04904	96.104	154	6	0	1	154	1	154	2.20e-106	300
10P3R2A13_03886	1P1R1A1_04606	95.455	154	7	0	1	154	1	154	1.02e-105	298
10P3R2A13_03886	32P3R2A9_04546	95.455	154	7	0	1	154	1	154	2.08e-105	297
10P3R2A13_03888	10P3R2A13_03888	100.000	72	0	0	1	72	1	72	2.72e-47	144
10P3R2A13_03888	1P1R1A1_04043	97.222	72	2	0	1	72	1	72	6.44e-46	140
10P3R2A13_03888	12_1P1R2A2-1_04390	95.833	72	3	0	1	72	1	72	3.42e-45	139
10P3R2A13_03889	10P3R2A13_03889	100.000	366	0	0	1	366	1	366	0.0	734
10P3R2A13_03890	10P3R2A13_03890	100.000	128	0	0	1	128	1	128	5.69e-93	264
10P3R2A13_03891	10P3R2A13_03891	100.000	242	0	0	1	242	1	242	5.13e-179	491
10P3R2A13_03891	12_1P1R2A2-1_03720	99.587	242	1	0	1	242	34	275	7.70e-179	491
10P3R2A13_03891	15P1R1A16_03975	99.468	188	1	0	55	242	1	188	2.41e-135	378
10P3R2A13_03891	15P1R1A16_02987	98.907	183	2	0	60	242	1	183	5.53e-131	367
10P3R2A13_03891	23P1R2A1_04476	99.346	153	1	0	90	242	1	153	5.40e-108	308
10P3R2A13_03891	23P1R2A1_04454	97.333	75	2	0	168	242	1	75	2.94e-46	148
10P3R2A13_03892	10P3R2A13_03892	100.000	179	0	0	1	179	1	179	1.60e-134	373
10P3R2A13_03892	15P1R1A16_03976	97.765	179	4	0	1	179	1	179	2.11e-131	365
10P3R2A13_03892	15P1R1A16_02986	95.376	173	8	0	1	173	1	173	1.06e-125	350
10P3R2A13_03892	25P2R1A13_04884	97.321	112	3	0	68	179	1	112	1.65e-78	229
10P3R2A13_03892	14P1R2A4_04917	97.701	87	2	0	93	179	1	87	1.41e-58	177
10P3R2A13_03893	10P3R2A13_03893	100.000	121	0	0	1	121	1	121	7.08e-87	248
10P3R2A13_03893	25P2R1A13_04885	96.581	117	4	0	1	117	1	117	3.88e-82	236
10P3R2A13_03894	10P3R2A13_03894	100.000	102	0	0	1	102	1	102	2.85e-71	207
10P3R2A13_03895	10P3R2A13_03895	100.000	388	0	0	1	388	1	388	0.0	791
10P3R2A13_03897	10P3R2A13_03897	100.000	211	0	0	1	211	1	211	2.92e-155	428
10P3R2A13_03897	33P3R2A2_04151	100.000	49	0	0	1	49	1	49	2.31e-28	101
10P3R2A13_03898	10P3R2A13_03898	100.000	172	0	0	1	172	1	172	4.74e-124	346
10P3R2A13_03898	16_1P2R1A8-1_03896	100.000	171	0	0	1	171	1	171	5.24e-124	346
10P3R2A13_03898	25P2R1A13_03568	97.093	172	5	0	1	172	1	172	6.20e-121	338
10P3R2A13_03899	10P3R2A13_03899	100.000	336	0	0	1	336	1	336	0.0	689
10P3R2A13_03899	25P2R1A13_03569	99.387	326	2	0	11	336	1	326	0.0	663
10P3R2A13_03899	1P1R1A1_04073	98.897	272	3	0	65	336	1	272	0.0	544
10P3R2A13_03900	10P3R2A13_03900	100.000	870	0	0	1	870	1	870	0.0	1784
10P3R2A13_03900	11P3R3A1_01068	99.261	812	6	0	1	812	1	812	0.0	1655
10P3R2A13_03900	34P3R2A10_03563	99.481	770	4	0	101	870	1	770	0.0	1568
10P3R2A13_03900	15P1R1A16_03071	99.677	620	2	0	251	870	1	620	0.0	1257
10P3R2A13_03900	5P3R2A4_04593	99.635	548	2	0	323	870	1	548	0.0	1112
10P3R2A13_03900	43P2R2A2_05028	100.000	183	0	0	688	870	1	183	8.01e-124	370
10P3R2A13_03900	33P3R2A2_03864	97.115	104	3	0	1	104	1	104	3.00e-66	216
10P3R2A13_03901	10P3R2A13_03901	100.000	231	0	0	1	231	1	231	1.03e-170	469
10P3R2A13_03902	10P3R2A13_03902	100.000	181	0	0	1	181	1	181	7.65e-129	358
10P3R2A13_03902	1P1R1A1_04076	100.000	141	0	0	1	141	1	141	3.56e-97	277
10P3R2A13_03903	10P3R2A13_03903	100.000	289	0	0	1	289	1	289	0.0	586
10P3R2A13_03903	29P3R3A9_03863	99.308	289	2	0	1	289	33	321	0.0	583
10P3R2A13_03904	10P3R2A13_03904	100.000	71	0	0	1	71	1	71	1.66e-46	142
10P3R2A13_03905	10P3R2A13_03905	100.000	174	0	0	1	174	1	174	6.59e-123	343
10P3R2A13_03905	29P3R3A9_03865	97.126	174	5	0	1	174	1	174	3.43e-120	336
10P3R2A13_03906	10P3R2A13_03906	100.000	462	0	0	1	462	1	462	0.0	964
10P3R2A13_03906	31P2R1A5_03366	95.887	462	19	0	1	462	1	462	0.0	885
10P3R2A13_03906	42P1R1A12_00688	95.455	462	21	0	1	462	1	462	0.0	884
10P3R2A13_03907	10P3R2A13_03907	100.000	165	0	0	1	165	1	165	1.15e-122	342
10P3R2A13_03908	10P3R2A13_03908	100.000	241	0	0	1	241	1	241	0.0	497
10P3R2A13_03909	10P3R2A13_03909	100.000	170	0	0	1	170	1	170	4.97e-123	343
10P3R2A13_03909	18P3R3A11_03781	97.059	170	5	0	1	170	1	170	2.18e-119	334
10P3R2A13_03909	38P2R3A13_06522	96.471	170	6	0	1	170	1	170	2.77e-118	331
10P3R2A13_03910	10P3R2A13_03910	100.000	356	0	0	1	356	1	356	0.0	731
10P3R2A13_03910	34P3R2A10_04889	98.830	342	4	0	15	356	1	342	0.0	695
10P3R2A13_03910	43P2R2A2_05678	99.038	312	3	0	45	356	1	312	0.0	637
10P3R2A13_03911	10P3R2A13_03911	100.000	298	0	0	1	298	1	298	0.0	598
10P3R2A13_03911	34P3R2A10_04556	99.306	144	1	0	155	298	1	144	6.88e-98	284
10P3R2A13_03912	10P3R2A13_03912	100.000	272	0	0	1	272	1	272	0.0	550
10P3R2A13_03913	10P3R2A13_03913	100.000	420	0	0	1	420	1	420	0.0	860
10P3R2A13_03914	10P3R2A13_03914	100.000	556	0	0	1	556	1	556	0.0	1130
10P3R2A13_03914	25P2R1A13_03584	97.482	556	14	0	1	556	1	556	0.0	1102
10P3R2A13_03914	34P3R2A10_04946	97.963	491	7	1	66	556	1	488	0.0	961
10P3R2A13_03914	33P3R2A2_03879	98.101	316	6	0	1	316	1	316	0.0	632
10P3R2A13_03914	15P1R1A16_02782	99.357	311	2	0	246	556	1	311	0.0	627
10P3R2A13_03915	10P3R2A13_03915	100.000	350	0	0	1	350	1	350	0.0	727
10P3R2A13_03916	10P3R2A13_03916	100.000	412	0	0	1	412	1	412	0.0	862
10P3R2A13_03917	10P3R2A13_03917	100.000	262	0	0	1	262	1	262	0.0	539
10P3R2A13_03917	26P1R3A4_02544	100.000	146	0	0	117	262	1	146	1.27e-106	305
10P3R2A13_03917	26P1R3A4_02543	100.000	31	0	0	1	31	1	31	9.46e-15	66.6
10P3R2A13_03918	10P3R2A13_03918	100.000	382	0	0	1	382	1	382	0.0	755
10P3R2A13_03919	10P3R2A13_03919	100.000	434	0	0	1	434	1	434	0.0	850
10P3R2A13_03920	10P3R2A13_03920	100.000	454	0	0	1	454	1	454	0.0	939
10P3R2A13_03920	28P2R1A12_03885	98.821	424	5	0	1	424	1	424	0.0	870
10P3R2A13_03920	40P3R1A10_03772	100.000	296	0	0	1	296	1	296	0.0	608
10P3R2A13_03920	40P3R1A10_03771	100.000	155	0	0	300	454	1	155	1.77e-112	327
10P3R2A13_03921	10P3R2A13_03921	100.000	485	0	0	1	485	1	485	0.0	969
10P3R2A13_03921	34P3R2A10_05076	99.332	449	3	0	37	485	1	449	0.0	880
10P3R2A13_03921	34P3R2A10_05254	99.435	354	2	0	132	485	1	354	0.0	698
10P3R2A13_03922	10P3R2A13_03922	100.000	293	0	0	1	293	1	293	0.0	590
10P3R2A13_03922	11P3R3A1_01090	97.611	293	7	0	1	293	1	293	0.0	581
10P3R2A13_03922	43P2R2A2_03537	100.000	202	0	0	92	293	1	202	4.66e-146	408
10P3R2A13_03922	16_1P2R1A8-1_03872	100.000	89	0	0	205	293	1	89	9.51e-59	182
10P3R2A13_03923	10P3R2A13_03923	100.000	259	0	0	1	259	1	259	0.0	542
10P3R2A13_03924	10P3R2A13_03924	100.000	594	0	0	1	594	1	594	0.0	1227
10P3R2A13_03924	43P2R2A2_05522	100.000	107	0	0	488	594	1	107	1.41e-70	222
10P3R2A13_03924	43P2R2A2_05520	95.327	107	5	0	488	594	1	107	5.32e-67	213
10P3R2A13_03925	10P3R2A13_03925	100.000	272	0	0	1	272	1	272	0.0	552
10P3R2A13_03925	3P1R3A2_03944	95.556	270	12	0	1	270	1	270	0.0	530
10P3R2A13_03925	43P2R2A2_05307	100.000	167	0	0	106	272	1	167	3.97e-119	338
10P3R2A13_03926	10P3R2A13_03926	100.000	161	0	0	1	161	1	161	1.99e-119	333
10P3R2A13_03926	14P1R2A4_03589	98.750	160	2	0	1	160	1	160	4.19e-117	328
10P3R2A13_03927	10P3R2A13_03927	100.000	309	0	0	1	309	1	309	0.0	634
10P3R2A13_03928	10P3R2A13_03928	100.000	365	0	0	1	365	1	365	0.0	752
10P3R2A13_03928	28P2R1A12_03877	96.438	365	13	0	1	365	1	365	0.0	729
10P3R2A13_03928	34P3R2A10_04527	100.000	153	0	0	213	365	1	153	1.37e-110	319
10P3R2A13_03929	10P3R2A13_03929	100.000	121	0	0	1	121	1	121	1.17e-87	250
10P3R2A13_03929	1P1R1A1_04103	100.000	115	0	0	1	115	1	115	3.18e-83	239
10P3R2A13_03929	17P1R1A4_04058	99.010	101	1	0	1	101	1	101	4.82e-72	210
10P3R2A13_03930	10P3R2A13_03930	100.000	102	0	0	1	102	1	102	1.16e-59	177
10P3R2A13_03930	12_1P1R2A2-1_03234	100.000	102	0	0	1	102	7	108	1.56e-59	177
10P3R2A13_03930	5P3R2A4_03501	100.000	92	0	0	1	92	1	92	3.23e-54	164
10P3R2A13_03931	10P3R2A13_03931	100.000	71	0	0	1	71	1	71	5.11e-48	145
10P3R2A13_03932	10P3R2A13_03932	100.000	58	0	0	1	58	1	58	3.84e-35	112
10P3R2A13_03933	10P3R2A13_03933	100.000	358	0	0	1	358	1	358	0.0	731
10P3R2A13_03935	10P3R2A13_03935	100.000	343	0	0	1	343	1	343	0.0	704
10P3R2A13_03935	15P1R1A16_04240	100.000	160	0	0	184	343	1	160	1.09e-113	327
10P3R2A13_03936	10P3R2A13_03936	100.000	231	0	0	1	231	1	231	3.49e-170	468
10P3R2A13_03937	10P3R2A13_03937	100.000	391	0	0	1	391	1	391	0.0	821
10P3R2A13_03938	10P3R2A13_03938	100.000	849	0	0	1	849	1	849	0.0	1772
10P3R2A13_03939	10P3R2A13_03939	100.000	200	0	0	1	200	1	200	1.87e-147	407
10P3R2A13_03939	3P1R3A2_03826	98.000	200	4	0	1	200	1	200	1.01e-143	398
10P3R2A13_03939	25P2R1A13_01213	96.500	200	7	0	1	200	1	200	7.33e-143	396
10P3R2A13_03939	19P1R1A6_00957	97.000	200	6	0	1	200	1	200	7.91e-143	395
10P3R2A13_03939	11P3R3A1_01485	96.500	200	7	0	1	200	1	200	2.35e-142	394
10P3R2A13_03939	27P2R2A12_03616	96.000	200	8	0	1	200	1	200	1.52e-140	390
10P3R2A13_03939	12_1P1R2A2-1_03970	95.500	200	9	0	1	200	1	200	5.60e-140	389
10P3R2A13_03939	15P1R1A16_04831	98.291	117	2	0	84	200	1	117	9.13e-83	241
10P3R2A13_03940	10P3R2A13_03940	100.000	102	0	0	1	102	1	102	1.09e-70	205
10P3R2A13_03941	10P3R2A13_03941	100.000	307	0	0	1	307	1	307	0.0	633
10P3R2A13_03942	10P3R2A13_03942	100.000	420	0	0	1	420	1	420	0.0	865
10P3R2A13_03942	17P1R1A4_00698	95.946	296	12	0	1	296	1	296	0.0	586
10P3R2A13_03942	34P3R2A10_05222	95.023	221	11	0	76	296	1	221	7.59e-154	434
10P3R2A13_03942	15P1R1A16_05223	100.000	84	0	0	337	420	1	84	9.41e-53	171
10P3R2A13_03942	12_1P1R2A2-1_03966	96.341	82	3	0	337	418	1	82	1.32e-49	162
10P3R2A13_03943	10P3R2A13_03943	100.000	414	0	0	1	414	1	414	0.0	863
10P3R2A13_03943	43P2R2A2_05210	100.000	379	0	0	36	414	1	379	0.0	795
10P3R2A13_03943	15P1R1A16_05078	100.000	86	0	0	329	414	1	86	1.02e-57	183
10P3R2A13_03944	10P3R2A13_03944	100.000	76	0	0	1	76	1	76	3.68e-51	154
10P3R2A13_03946	10P3R2A13_03946	100.000	58	0	0	1	58	1	58	4.30e-34	110
10P3R2A13_03947	10P3R2A13_03947	100.000	443	0	0	1	443	1	443	0.0	864
10P3R2A13_03947	15P1R1A16_05229	98.454	194	3	0	250	443	1	194	1.11e-128	370
10P3R2A13_03948	10P3R2A13_03948	100.000	165	0	0	1	165	1	165	6.35e-123	342
10P3R2A13_03949	10P3R2A13_03949	100.000	197	0	0	1	197	1	197	3.90e-146	404
10P3R2A13_03949	25P2R1A13_01223	97.462	197	5	0	1	197	1	197	5.45e-143	396
10P3R2A13_03949	11P3R3A1_01495	97.462	197	5	0	1	197	1	197	1.97e-142	394
10P3R2A13_03950	10P3R2A13_03950	100.000	267	0	0	1	267	1	267	0.0	544
10P3R2A13_03951	10P3R2A13_03951	100.000	129	0	0	1	129	1	129	4.98e-93	264
10P3R2A13_03952	10P3R2A13_03952	100.000	232	0	0	1	232	1	232	1.14e-174	479
10P3R2A13_03953	10P3R2A13_03953	100.000	364	0	0	1	364	1	364	0.0	759
10P3R2A13_03953	18P3R3A11_03896	95.055	364	18	0	1	364	1	364	0.0	709
10P3R2A13_03954	10P3R2A13_03954	100.000	213	0	0	1	213	1	213	1.47e-157	434
10P3R2A13_03954	15P1R1A16_04028	98.969	97	1	0	117	213	1	97	8.57e-67	200
10P3R2A13_03955	10P3R2A13_03955	100.000	1321	0	0	1	1321	1	1321	0.0	2699
10P3R2A13_03955	34P3R2A10_03550	99.349	768	5	0	554	1321	1	768	0.0	1548
10P3R2A13_03956	10P3R2A13_03956	100.000	70	0	0	1	70	1	70	1.79e-45	139
10P3R2A13_03957	10P3R2A13_03957	100.000	503	0	0	1	503	1	503	0.0	1002
10P3R2A13_03958	10P3R2A13_03958	100.000	277	0	0	1	277	1	277	0.0	544
10P3R2A13_03959	10P3R2A13_03959	100.000	376	0	0	1	376	1	376	0.0	769
10P3R2A13_03960	10P3R2A13_03960	100.000	424	0	0	1	424	1	424	0.0	876
10P3R2A13_03960	43P2R2A2_05385	100.000	195	0	0	230	424	1	195	3.65e-143	405
10P3R2A13_03961	10P3R2A13_03961	100.000	99	0	0	1	99	1	99	5.45e-71	206
10P3R2A13_03961	19P1R1A6_00979	95.960	99	4	0	1	99	1	99	2.20e-67	197
10P3R2A13_03962	12_1P1R2A2-1_03948	100.000	263	0	0	1	263	93	355	0.0	540
10P3R2A13_03962	10P3R2A13_03962	100.000	263	0	0	1	263	1	263	0.0	539
10P3R2A13_03963	10P3R2A13_03963	100.000	138	0	0	1	138	1	138	4.57e-99	280
10P3R2A13_03964	10P3R2A13_03964	100.000	442	0	0	1	442	1	442	0.0	910
10P3R2A13_03965	10P3R2A13_03965	100.000	673	0	0	1	673	1	673	0.0	1392
10P3R2A13_03966	10P3R2A13_03966	100.000	808	0	0	1	808	1	808	0.0	1665
10P3R2A13_03967	10P3R2A13_03967	100.000	453	0	0	1	453	1	453	0.0	929
10P3R2A13_03968	10P3R2A13_03968	100.000	154	0	0	1	154	1	154	4.95e-111	311
10P3R2A13_03968	27P2R2A12_03688	100.000	154	0	0	1	154	113	266	5.35e-110	313
10P3R2A13_03968	1P1R1A1_04255	100.000	154	0	0	1	154	107	260	1.08e-109	312
10P3R2A13_03969	10P3R2A13_03969	100.000	79	0	0	1	79	1	79	3.54e-54	162
10P3R2A13_03970	10P3R2A13_03970	100.000	93	0	0	1	93	1	93	1.01e-63	187
10P3R2A13_03971	10P3R2A13_03971	100.000	91	0	0	1	91	1	91	5.49e-65	190
10P3R2A13_03972	10P3R2A13_03972	100.000	203	0	0	1	203	1	203	4.61e-151	417
10P3R2A13_03972	43P2R2A2_05271	100.000	135	0	0	69	203	1	135	3.46e-97	278
10P3R2A13_03972	3P1R3A2_04045	99.237	131	1	0	1	131	1	131	4.13e-93	268
10P3R2A13_03972	34P3R2A10_04632	100.000	72	0	0	132	203	1	72	1.70e-46	147
10P3R2A13_03972	34P3R2A10_01275	97.222	72	2	0	132	203	1	72	9.97e-45	143
10P3R2A13_03972	3P1R3A2_04044	100.000	60	0	0	144	203	1	60	1.21e-36	122
10P3R2A13_03973	10P3R2A13_03973	100.000	106	0	0	1	106	1	106	2.65e-76	220
10P3R2A13_03973	31P2R1A5_04630	95.283	106	5	0	1	106	1	106	6.96e-73	211
10P3R2A13_03974	10P3R2A13_03974	100.000	387	0	0	1	387	1	387	0.0	791
10P3R2A13_03974	31P2R1A5_04629	96.623	385	13	0	1	385	1	385	0.0	760
10P3R2A13_03975	10P3R2A13_03975	100.000	811	0	0	1	811	1	811	0.0	1647
10P3R2A13_03976	10P3R2A13_03976	100.000	297	0	0	1	297	1	297	0.0	617
10P3R2A13_03977	10P3R2A13_03977	100.000	727	0	0	1	727	1	727	0.0	1485
10P3R2A13_03977	15P1R1A16_04212	100.000	79	0	0	649	727	1	79	9.38e-47	160
10P3R2A13_03978	10P3R2A13_03978	100.000	302	0	0	1	302	1	302	0.0	586
10P3R2A13_03979	10P3R2A13_03979	100.000	206	0	0	1	206	1	206	1.72e-155	428
10P3R2A13_03979	25P2R1A13_01883	97.087	206	6	0	1	206	1	206	2.16e-151	418
10P3R2A13_03979	27P2R2A12_03699	96.364	110	4	0	97	206	1	110	3.45e-78	229
10P3R2A13_03979	27P2R2A12_03700	98.936	94	1	0	1	94	1	94	8.04e-63	190
10P3R2A13_03980	10P3R2A13_03980	100.000	368	0	0	1	368	1	368	0.0	747
10P3R2A13_03981	10P3R2A13_03981	100.000	221	0	0	1	221	1	221	8.46e-163	448
10P3R2A13_03981	28P2R1A12_03469	97.738	221	5	0	1	221	1	221	1.86e-158	437
10P3R2A13_03982	10P3R2A13_03982	100.000	834	0	0	1	834	1	834	0.0	1717
10P3R2A13_03982	15P1R1A16_04207	99.550	444	2	0	391	834	1	444	0.0	912
10P3R2A13_03982	34P3R2A10_03662	100.000	104	0	0	731	834	1	104	2.63e-65	213
10P3R2A13_03983	10P3R2A13_03983	100.000	360	0	0	1	360	1	360	0.0	710
10P3R2A13_03983	32P3R2A9_04019	100.000	246	0	0	1	246	1	246	1.08e-175	488
10P3R2A13_03983	34P3R2A10_02839	100.000	210	0	0	151	360	1	210	1.18e-147	415
10P3R2A13_03983	32P3R2A9_04018	100.000	106	0	0	255	360	1	106	4.99e-68	209
10P3R2A13_03984	10P3R2A13_03984	100.000	107	0	0	1	107	1	107	4.52e-73	212
10P3R2A13_03985	10P3R2A13_03985	100.000	766	0	0	1	766	1	766	0.0	1589
10P3R2A13_03986	10P3R2A13_03986	100.000	293	0	0	1	293	1	293	0.0	602
10P3R2A13_03987	10P3R2A13_03987	100.000	114	0	0	1	114	1	114	1.09e-80	231
10P3R2A13_03988	10P3R2A13_03988	100.000	284	0	0	1	284	1	284	0.0	590
10P3R2A13_03989	10P3R2A13_03989	100.000	578	0	0	1	578	1	578	0.0	1194
10P3R2A13_03989	34P3R2A10_02845	99.267	409	3	0	170	578	1	409	0.0	846
10P3R2A13_03990	10P3R2A13_03990	100.000	884	0	0	1	884	1	884	0.0	1807
10P3R2A13_03990	43P2R2A2_05052	100.000	367	0	0	518	884	1	367	0.0	757
10P3R2A13_03991	10P3R2A13_03991	100.000	384	0	0	1	384	1	384	0.0	795
