38P2R3A13_04425	38P2R3A13_04425	100.000	145	0	0	1	145	1	145	9.66e-107	300
38P2R3A13_04427	38P2R3A13_04427	100.000	257	0	0	1	257	1	257	0.0	531
38P2R3A13_04428	38P2R3A13_04428	100.000	195	0	0	1	195	1	195	3.36e-144	399
38P2R3A13_04429	38P2R3A13_04429	100.000	156	0	0	1	156	1	156	1.67e-114	320
38P2R3A13_04429	38P2R3A13_00300	96.795	156	5	0	1	156	1	156	6.35e-112	314
38P2R3A13_04430	38P2R3A13_04430	100.000	180	0	0	1	180	1	180	6.63e-135	374
38P2R3A13_04431	38P2R3A13_04431	100.000	240	0	0	1	240	1	240	1.27e-172	474
38P2R3A13_04432	38P2R3A13_04432	100.000	371	0	0	1	371	1	371	0.0	767
38P2R3A13_04433	38P2R3A13_04433	100.000	312	0	0	1	312	1	312	0.0	637
38P2R3A13_04434	38P2R3A13_04434	100.000	123	0	0	1	123	1	123	3.72e-88	251
38P2R3A13_04435	38P2R3A13_04435	100.000	273	0	0	1	273	1	273	0.0	554
38P2R3A13_04436	38P2R3A13_04436	100.000	205	0	0	1	205	1	205	1.91e-152	420
38P2R3A13_04437	38P2R3A13_04437	100.000	370	0	0	1	370	1	370	0.0	733
38P2R3A13_04438	38P2R3A13_04438	100.000	1020	0	0	1	1020	1	1020	0.0	2057
38P2R3A13_04439	38P2R3A13_04439	100.000	327	0	0	1	327	1	327	0.0	669
38P2R3A13_04440	38P2R3A13_04440	100.000	465	0	0	1	465	1	465	0.0	962
38P2R3A13_04441	38P2R3A13_04441	100.000	96	0	0	1	96	1	96	1.03e-65	192
38P2R3A13_04442	38P2R3A13_04442	100.000	302	0	0	1	302	1	302	0.0	610
38P2R3A13_04443	38P2R3A13_04443	100.000	313	0	0	1	313	1	313	0.0	644
38P2R3A13_04444	38P2R3A13_04444	100.000	199	0	0	1	199	1	199	2.28e-146	404
38P2R3A13_04444	18P3R3A11_00200	95.431	197	9	0	1	197	1	197	8.50e-140	388
38P2R3A13_04445	38P2R3A13_04445	100.000	309	0	0	1	309	1	309	0.0	626
38P2R3A13_04445	18P3R3A11_00201	98.039	306	6	0	1	306	4	309	0.0	613
38P2R3A13_04446	38P2R3A13_04446	100.000	439	0	0	1	439	1	439	0.0	916
38P2R3A13_04446	18P3R3A11_00202	97.039	439	13	0	1	439	1	439	0.0	890
38P2R3A13_04447	38P2R3A13_04447	100.000	402	0	0	1	402	1	402	0.0	806
38P2R3A13_04447	38P2R3A13_00327	95.274	402	19	0	1	402	1	402	0.0	775
38P2R3A13_04447	34P3R2A10_04359	95.349	86	4	0	317	402	1	86	3.92e-51	166
38P2R3A13_04448	38P2R3A13_04448	100.000	141	0	0	1	141	1	141	4.90e-104	293
38P2R3A13_04449	38P2R3A13_04449	100.000	476	0	0	1	476	1	476	0.0	969
38P2R3A13_04450	38P2R3A13_04450	100.000	262	0	0	1	262	1	262	0.0	538
38P2R3A13_04450	18P3R3A11_00206	96.183	262	10	0	1	262	1	262	0.0	517
38P2R3A13_04451	38P2R3A13_04451	100.000	256	0	0	1	256	1	256	0.0	512
38P2R3A13_04452	38P2R3A13_04452	100.000	357	0	0	1	357	1	357	0.0	735
38P2R3A13_04453	38P2R3A13_04453	100.000	166	0	0	1	166	1	166	8.82e-123	342
38P2R3A13_04454	38P2R3A13_04454	100.000	249	0	0	1	249	1	249	0.0	505
38P2R3A13_04456	38P2R3A13_04456	100.000	310	0	0	1	310	1	310	0.0	648
38P2R3A13_04456	18P3R3A11_00212	97.097	310	9	0	1	310	1	310	0.0	631
38P2R3A13_04456	10P3R2A13_03656	95.161	310	15	0	1	310	1	310	0.0	619
38P2R3A13_04457	38P2R3A13_04457	100.000	680	0	0	1	680	1	680	0.0	1390
38P2R3A13_04458	38P2R3A13_04458	100.000	759	0	0	1	759	1	759	0.0	1574
38P2R3A13_04459	38P2R3A13_04459	100.000	658	0	0	1	658	1	658	0.0	1355
38P2R3A13_04460	38P2R3A13_04460	100.000	369	0	0	1	369	1	369	0.0	754
38P2R3A13_04461	38P2R3A13_04461	100.000	500	0	0	1	500	1	500	0.0	1026
38P2R3A13_04461	38P2R3A13_00340	96.600	500	17	0	1	500	1	500	0.0	995
38P2R3A13_04461	18P3R3A11_00217	96.000	500	20	0	1	500	1	500	0.0	986
38P2R3A13_04462	38P2R3A13_04462	100.000	303	0	0	1	303	1	303	0.0	625
38P2R3A13_04463	38P2R3A13_04463	100.000	106	0	0	1	106	1	106	1.42e-72	211
38P2R3A13_04465	38P2R3A13_04465	100.000	880	0	0	1	880	1	880	0.0	1779
38P2R3A13_04470	38P2R3A13_04470	100.000	368	0	0	1	368	1	368	0.0	737
38P2R3A13_04470	18P3R3A11_02748	97.826	368	8	0	1	368	1	368	0.0	724
38P2R3A13_04470	38P2R3A13_08311	97.554	368	9	0	1	368	1	368	0.0	720
38P2R3A13_04471	38P2R3A13_04471	100.000	394	0	0	1	394	1	394	0.0	781
38P2R3A13_04472	38P2R3A13_04472	100.000	342	0	0	1	342	1	342	0.0	707
38P2R3A13_04472	18P3R3A11_02746	97.076	342	10	0	1	342	1	342	0.0	688
38P2R3A13_04472	38P2R3A13_08309	95.652	69	3	0	274	342	1	69	1.06e-42	142
38P2R3A13_04474	38P2R3A13_04474	100.000	1038	0	0	1	1038	1	1038	0.0	2107
38P2R3A13_04474	18P3R3A11_02744	97.495	1038	26	0	1	1038	1	1038	0.0	2063
38P2R3A13_04474	38P2R3A13_07420	95.857	1038	43	0	1	1038	1	1038	0.0	1995
38P2R3A13_04475	38P2R3A13_04475	100.000	380	0	0	1	380	1	380	0.0	768
38P2R3A13_04475	56P2R2A4_02867	97.368	380	10	0	1	380	1	380	0.0	747
38P2R3A13_04476	38P2R3A13_04476	100.000	240	0	0	1	240	1	240	1.07e-180	494
38P2R3A13_04476	56P2R2A4_02868	96.667	240	8	0	1	240	1	240	4.78e-174	478
38P2R3A13_04477	38P2R3A13_04477	100.000	694	0	0	1	694	1	694	0.0	1407
38P2R3A13_04478	38P2R3A13_04478	100.000	55	0	0	1	55	1	55	1.57e-34	110
38P2R3A13_04481	38P2R3A13_04481	100.000	248	0	0	1	248	1	248	0.0	518
38P2R3A13_04484	38P2R3A13_04484	100.000	81	0	0	1	81	1	81	3.27e-54	162
38P2R3A13_04484	18P3R3A11_02734	96.296	81	3	0	1	81	1	81	5.63e-53	159
38P2R3A13_04487	38P2R3A13_04487	100.000	151	0	0	1	151	1	151	2.29e-109	307
38P2R3A13_04487	38P2R3A13_07984	96.026	151	6	0	1	151	1	151	6.06e-106	298
38P2R3A13_04488	38P2R3A13_04488	100.000	200	0	0	1	200	1	200	7.06e-139	385
38P2R3A13_04488	38P2R3A13_07985	98.000	200	4	0	1	200	1	200	3.55e-135	376
38P2R3A13_04489	38P2R3A13_04489	100.000	334	0	0	1	334	1	334	0.0	687
38P2R3A13_04489	18P3R3A11_02729	97.605	334	8	0	1	334	1	334	0.0	677
38P2R3A13_04489	38P2R3A13_07986	97.006	334	10	0	1	334	1	334	0.0	674
38P2R3A13_04490	38P2R3A13_04490	100.000	325	0	0	1	325	1	325	0.0	664
38P2R3A13_04490	18P3R3A11_02728	96.000	325	13	0	1	325	1	325	0.0	645
38P2R3A13_04491	38P2R3A13_04491	100.000	647	0	0	1	647	1	647	0.0	1329
38P2R3A13_04491	38P2R3A13_07988	97.527	647	16	0	1	647	1	647	0.0	1298
38P2R3A13_04493	38P2R3A13_04493	100.000	339	0	0	1	339	1	339	0.0	679
38P2R3A13_04493	18P3R3A11_02725	96.755	339	7	1	1	339	1	335	0.0	653
38P2R3A13_04495	38P2R3A13_04495	100.000	198	0	0	1	198	1	198	4.45e-146	404
38P2R3A13_04495	47P2R3A6_01358	95.455	198	9	0	1	198	1	198	5.86e-139	386
38P2R3A13_04497	38P2R3A13_04497	100.000	1268	0	0	1	1268	1	1268	0.0	2568
38P2R3A13_04502	38P2R3A13_04502	100.000	656	0	0	1	656	1	656	0.0	1345
38P2R3A13_04502	38P2R3A13_07842	97.409	656	17	0	1	656	1	656	0.0	1316
38P2R3A13_04502	18P3R3A11_02715	95.884	656	27	0	1	656	1	656	0.0	1278
38P2R3A13_04503	38P2R3A13_04503	100.000	485	0	0	1	485	1	485	0.0	991
38P2R3A13_04503	38P2R3A13_07843	96.289	485	18	0	1	485	1	485	0.0	956
38P2R3A13_04503	18P3R3A11_02714	95.464	485	22	0	1	485	1	485	0.0	927
38P2R3A13_04504	38P2R3A13_04504	100.000	91	0	0	1	91	1	91	6.21e-61	180
38P2R3A13_04504	56P2R2A4_02896	97.802	91	2	0	1	91	1	91	2.54e-59	176
38P2R3A13_04504	38P2R3A13_07844	96.703	91	3	0	1	91	1	91	3.99e-59	175
38P2R3A13_04505	38P2R3A13_04505	100.000	89	0	0	1	89	1	89	4.71e-61	180
38P2R3A13_04506	38P2R3A13_04506	100.000	88	0	0	1	88	1	88	2.35e-60	178
38P2R3A13_04506	38P2R3A13_07846	95.455	88	4	0	1	88	1	88	1.25e-58	174
38P2R3A13_04507	38P2R3A13_04507	100.000	157	0	0	1	157	1	157	5.18e-114	319
38P2R3A13_04507	18P3R3A11_02711	96.178	157	6	0	1	157	1	157	4.73e-110	309
38P2R3A13_04509	38P2R3A13_04509	100.000	356	0	0	1	356	1	356	0.0	704
38P2R3A13_04509	18P3R3A11_02709	97.191	356	10	0	1	356	1	356	0.0	689
38P2R3A13_04509	38P2R3A13_07946	97.191	356	10	0	1	356	1	356	0.0	688
38P2R3A13_04510	38P2R3A13_04510	100.000	456	0	0	1	456	1	456	0.0	891
38P2R3A13_04510	38P2R3A13_07947	97.368	456	12	0	1	456	1	456	0.0	873
38P2R3A13_04510	18P3R3A11_02708	95.614	456	20	0	1	456	1	456	0.0	860
38P2R3A13_04512	38P2R3A13_04512	100.000	375	0	0	1	375	1	375	0.0	774
38P2R3A13_04516	38P2R3A13_04516	100.000	168	0	0	1	168	1	168	4.34e-120	335
38P2R3A13_04516	18P3R3A11_02702	95.833	168	7	0	1	168	1	168	6.61e-101	287
38P2R3A13_04519	38P2R3A13_04519	100.000	328	0	0	1	328	1	328	0.0	679
38P2R3A13_04519	18P3R3A11_02694	97.561	328	8	0	1	328	1	328	0.0	666
38P2R3A13_04521	38P2R3A13_04521	100.000	549	0	0	1	549	1	549	0.0	1111
38P2R3A13_04521	56P2R2A4_02913	97.996	549	11	0	1	549	1	549	0.0	1089
38P2R3A13_04521	18P3R3A11_02692	95.993	549	22	0	1	549	1	549	0.0	1037
38P2R3A13_04523	38P2R3A13_04523	100.000	168	0	0	1	168	1	168	3.06e-125	348
38P2R3A13_04525	38P2R3A13_04525	100.000	462	0	0	1	462	1	462	0.0	968
38P2R3A13_04525	18P3R3A11_03778	96.970	462	14	0	1	462	1	462	0.0	943
38P2R3A13_04526	38P2R3A13_04526	100.000	174	0	0	1	174	1	174	1.01e-122	343
38P2R3A13_04526	56P2R2A4_00866	95.954	173	7	0	1	173	1	173	9.05e-111	313
38P2R3A13_04526	18P3R3A11_03777	95.402	174	8	0	1	174	1	174	1.35e-110	312
38P2R3A13_04527	38P2R3A13_04527	100.000	339	0	0	1	339	1	339	0.0	693
38P2R3A13_04529	38P2R3A13_04529	100.000	71	0	0	1	71	1	71	9.18e-47	142
38P2R3A13_04529	31P2R1A5_03370	95.775	71	3	0	1	71	1	71	1.56e-45	139
38P2R3A13_04529	51P2R2A10_03068	95.652	69	3	0	1	69	1	69	1.13e-44	137
38P2R3A13_04531	38P2R3A13_04531	100.000	188	0	0	1	188	1	188	3.58e-134	373
38P2R3A13_04531	18P3R3A11_03772	95.213	188	9	0	1	188	1	188	7.37e-129	359
38P2R3A13_04532	38P2R3A13_04532	100.000	182	0	0	1	182	1	182	3.11e-134	372
38P2R3A13_04533	38P2R3A13_04533	100.000	231	0	0	1	231	1	231	4.16e-170	467
38P2R3A13_04533	18P3R3A11_03770	95.238	231	11	0	1	231	1	231	3.89e-162	447
38P2R3A13_04534	38P2R3A13_04534	100.000	854	0	0	1	854	1	854	0.0	1744
38P2R3A13_04535	38P2R3A13_04535	100.000	336	0	0	1	336	1	336	0.0	688
38P2R3A13_04535	38P2R3A13_01151	96.855	318	10	0	19	336	19	336	0.0	640
38P2R3A13_04536	38P2R3A13_04536	100.000	175	0	0	1	175	1	175	2.24e-129	360
38P2R3A13_04537	38P2R3A13_04537	100.000	211	0	0	1	211	1	211	7.60e-154	424
38P2R3A13_04537	18P3R3A11_03766	97.630	211	5	0	1	211	1	211	4.62e-150	415
38P2R3A13_04537	38P2R3A13_01149	97.630	211	5	0	1	211	1	211	5.75e-150	415
38P2R3A13_04538	38P2R3A13_04538	100.000	237	0	0	1	237	1	237	1.38e-175	481
38P2R3A13_04539	38P2R3A13_04539	100.000	233	0	0	1	233	1	233	2.32e-172	473
38P2R3A13_04541	38P2R3A13_04541	100.000	339	0	0	1	339	1	339	0.0	695
38P2R3A13_04541	38P2R3A13_01144	95.870	339	14	0	1	339	1	339	0.0	634
38P2R3A13_04542	38P2R3A13_04542	100.000	513	0	0	1	513	1	513	0.0	1003
38P2R3A13_04542	38P2R3A13_01143	96.881	513	16	0	1	513	13	525	0.0	983
38P2R3A13_04543	38P2R3A13_04543	100.000	347	0	0	1	347	1	347	0.0	702
38P2R3A13_04544	38P2R3A13_04544	100.000	728	0	0	1	728	1	728	0.0	1498
38P2R3A13_04545	38P2R3A13_04545	100.000	463	0	0	1	463	1	463	0.0	920
38P2R3A13_04545	18P3R3A11_03756	96.760	463	15	0	1	463	1	463	0.0	899
38P2R3A13_04546	38P2R3A13_04546	100.000	413	0	0	1	413	1	413	0.0	823
38P2R3A13_04546	18P3R3A11_03753	97.094	413	12	0	1	413	1	413	0.0	806
38P2R3A13_04547	38P2R3A13_04547	100.000	342	0	0	1	342	1	342	0.0	708
38P2R3A13_04548	38P2R3A13_04548	100.000	381	0	0	1	381	1	381	0.0	793
38P2R3A13_04549	38P2R3A13_04549	100.000	324	0	0	1	324	1	324	0.0	660
38P2R3A13_04549	18P3R3A11_03750	96.296	324	12	0	1	324	1	324	0.0	634
38P2R3A13_04550	38P2R3A13_04550	100.000	415	0	0	1	415	1	415	0.0	841
38P2R3A13_04550	18P3R3A11_03749	96.627	415	14	0	1	415	1	415	0.0	825
38P2R3A13_04550	38P2R3A13_01138	97.549	408	10	0	1	408	1	408	0.0	816
38P2R3A13_04551	38P2R3A13_04551	100.000	479	0	0	1	479	1	479	0.0	946
38P2R3A13_04552	38P2R3A13_04552	100.000	290	0	0	1	290	1	290	0.0	596
38P2R3A13_04552	18P3R3A11_03747	96.207	290	11	0	1	290	1	290	0.0	578
38P2R3A13_04553	38P2R3A13_04553	100.000	345	0	0	1	345	1	345	0.0	691
38P2R3A13_04554	38P2R3A13_04554	100.000	218	0	0	1	218	1	218	2.55e-164	451
38P2R3A13_04554	18P3R3A11_03744	96.330	218	8	0	1	218	1	218	2.28e-158	436
38P2R3A13_04554	38P2R3A13_01133	95.413	218	10	0	1	218	1	218	4.82e-158	436
38P2R3A13_04555	38P2R3A13_04555	100.000	123	0	0	1	123	1	123	4.00e-89	254
38P2R3A13_04555	38P2R3A13_01132	95.041	121	6	0	1	121	1	121	1.12e-84	242
38P2R3A13_04555	56P2R2A4_00905	95.455	110	5	0	12	121	2	111	2.01e-76	221
38P2R3A13_04556	38P2R3A13_04556	100.000	197	0	0	1	197	1	197	2.36e-146	404
38P2R3A13_04557	38P2R3A13_04557	100.000	356	0	0	1	356	1	356	0.0	736
38P2R3A13_04559	38P2R3A13_04559	100.000	83	0	0	1	83	1	83	3.01e-53	160
38P2R3A13_04560	38P2R3A13_04560	100.000	37	0	0	1	37	1	37	2.00e-18	68.9
38P2R3A13_04561	38P2R3A13_04561	100.000	903	0	0	1	903	1	903	0.0	1852
38P2R3A13_04561	18P3R3A11_03735	95.238	903	43	0	1	903	1	903	0.0	1721
38P2R3A13_04562	38P2R3A13_04562	100.000	354	0	0	1	354	1	354	0.0	710
38P2R3A13_04563	38P2R3A13_04563	100.000	1045	0	0	1	1045	1	1045	0.0	2096
38P2R3A13_04563	37P2R3-2A1_01467	95.598	1045	46	0	1	1045	1	1045	0.0	1984
38P2R3A13_04563	38P2R3A13_01124	95.019	1044	52	0	1	1044	1	1044	0.0	1971
38P2R3A13_04563	18P3R3A11_01140	96.203	79	3	0	966	1044	1	79	2.82e-44	154
38P2R3A13_04564	38P2R3A13_04564	100.000	374	0	0	1	374	1	374	0.0	779
38P2R3A13_04564	18P3R3A11_01141	96.524	374	13	0	1	374	1	374	0.0	758
38P2R3A13_04565	38P2R3A13_04565	100.000	297	0	0	1	297	1	297	0.0	595
38P2R3A13_04566	38P2R3A13_04566	100.000	265	0	0	1	265	1	265	0.0	544
38P2R3A13_04567	38P2R3A13_04567	100.000	652	0	0	1	652	1	652	0.0	1308
38P2R3A13_04568	38P2R3A13_04568	100.000	72	0	0	1	72	1	72	2.03e-43	134
38P2R3A13_04569	38P2R3A13_04569	100.000	289	0	0	1	289	1	289	0.0	582
38P2R3A13_04570	38P2R3A13_04570	100.000	231	0	0	1	231	1	231	7.01e-173	474
38P2R3A13_04571	38P2R3A13_04571	100.000	158	0	0	1	158	1	158	6.62e-112	314
38P2R3A13_04572	38P2R3A13_04572	100.000	37	0	0	1	37	1	37	3.41e-17	65.9
38P2R3A13_04573	38P2R3A13_04573	100.000	258	0	0	1	258	1	258	0.0	520
38P2R3A13_04574	38P2R3A13_04574	100.000	209	0	0	1	209	1	209	4.08e-151	417
38P2R3A13_04575	38P2R3A13_04575	100.000	243	0	0	1	243	1	243	0.0	497
38P2R3A13_04576	38P2R3A13_04576	100.000	318	0	0	1	318	1	318	0.0	654
38P2R3A13_04577	38P2R3A13_04577	100.000	208	0	0	1	208	1	208	1.77e-153	423
38P2R3A13_04578	38P2R3A13_04578	100.000	1541	0	0	1	1541	1	1541	0.0	3031
38P2R3A13_04579	38P2R3A13_04579	100.000	484	0	0	1	484	1	484	0.0	967
38P2R3A13_04580	38P2R3A13_04580	100.000	331	0	0	1	331	1	331	0.0	644
38P2R3A13_04581	38P2R3A13_04581	100.000	138	0	0	1	138	1	138	3.26e-97	275
38P2R3A13_04581	52P2R3A10_03822	100.000	128	0	0	11	138	1	128	1.15e-89	256
38P2R3A13_04582	38P2R3A13_04582	100.000	123	0	0	1	123	1	123	7.22e-90	255
38P2R3A13_04582	56P2R2A4_03294	96.296	54	2	0	1	54	1	54	3.56e-32	107
38P2R3A13_04583	38P2R3A13_04583	100.000	201	0	0	1	201	1	201	4.53e-148	409
38P2R3A13_04584	38P2R3A13_04584	100.000	813	0	0	1	813	1	813	0.0	1648
38P2R3A13_04584	56P2R2A4_03292	96.433	813	29	0	1	813	15	827	0.0	1594
38P2R3A13_04585	38P2R3A13_04585	100.000	646	0	0	1	646	1	646	0.0	1322
38P2R3A13_04585	56P2R2A4_03291	97.523	646	16	0	1	646	1	646	0.0	1297
38P2R3A13_04585	18P3R3A11_01099	96.594	646	22	0	1	646	1	646	0.0	1281
38P2R3A13_04586	38P2R3A13_04586	100.000	443	0	0	1	443	1	443	0.0	893
38P2R3A13_04586	18P3R3A11_01100	97.738	442	10	0	1	442	1	442	0.0	879
38P2R3A13_04587	38P2R3A13_04587	100.000	145	0	0	1	145	1	145	1.94e-104	294
38P2R3A13_04587	37P2R3-2A1_02565	97.931	145	3	0	1	145	1	145	4.38e-103	291
38P2R3A13_04587	18P3R3A11_01101	97.241	145	4	0	1	145	1	145	1.62e-101	287
38P2R3A13_04587	56P2R2A4_03289	96.552	145	5	0	1	145	1	145	1.66e-100	284
38P2R3A13_04589	38P2R3A13_04589	100.000	326	0	0	1	326	1	326	0.0	671
38P2R3A13_04589	37P2R3-2A1_02562	97.853	326	7	0	1	326	1	326	0.0	660
38P2R3A13_04590	38P2R3A13_04590	100.000	326	0	0	1	326	1	326	0.0	669
38P2R3A13_04590	37P2R3-2A1_02561	97.239	326	9	0	1	326	1	326	0.0	652
38P2R3A13_04595	38P2R3A13_04595	100.000	111	0	0	1	111	1	111	7.78e-65	191
38P2R3A13_04596	38P2R3A13_04596	100.000	301	0	0	1	301	1	301	0.0	605
38P2R3A13_04597	38P2R3A13_04597	100.000	299	0	0	1	299	1	299	0.0	616
38P2R3A13_04598	38P2R3A13_04598	100.000	352	0	0	1	352	1	352	0.0	733
38P2R3A13_04599	38P2R3A13_04599	100.000	197	0	0	1	197	1	197	1.83e-146	405
38P2R3A13_04600	38P2R3A13_04600	100.000	93	0	0	1	93	1	93	9.25e-61	179
38P2R3A13_04601	38P2R3A13_04601	100.000	114	0	0	1	114	1	114	6.35e-81	232
38P2R3A13_04602	38P2R3A13_04602	100.000	85	0	0	1	85	1	85	1.85e-57	171
38P2R3A13_04602	56P2R2A4_03280	95.294	85	4	0	1	85	1	85	7.55e-54	161
38P2R3A13_04603	38P2R3A13_04603	100.000	516	0	0	1	516	1	516	0.0	1032
38P2R3A13_04603	38P2R3A13_05958	96.124	516	20	0	1	516	1	516	0.0	977
38P2R3A13_04603	18P3R3A11_01106	95.736	516	21	1	1	516	1	515	0.0	966
38P2R3A13_04604	38P2R3A13_04604	100.000	163	0	0	1	163	1	163	1.55e-115	323
38P2R3A13_04604	18P3R3A11_01108	95.092	163	8	0	1	163	1	163	1.08e-109	309
38P2R3A13_04605	38P2R3A13_04605	100.000	168	0	0	1	168	1	168	1.43e-125	349
38P2R3A13_04605	18P3R3A11_01109	97.619	168	4	0	1	168	1	168	1.51e-122	342
38P2R3A13_04605	38P2R3A13_05955	96.429	168	6	0	1	168	1	168	1.53e-120	337
38P2R3A13_04606	38P2R3A13_04606	100.000	135	0	0	1	135	1	135	9.81e-98	276
38P2R3A13_04606	56P2R2A4_03276	97.778	135	3	0	1	135	1	135	6.72e-96	272
38P2R3A13_04607	38P2R3A13_04607	100.000	150	0	0	1	150	1	150	1.47e-106	300
38P2R3A13_04608	38P2R3A13_04608	100.000	142	0	0	1	142	1	142	5.31e-102	288
38P2R3A13_04608	38P2R3A13_05952	96.479	142	5	0	1	142	1	142	1.08e-98	279
38P2R3A13_04608	18P3R3A11_01112	96.479	142	5	0	1	142	1	142	6.60e-98	277
38P2R3A13_04609	38P2R3A13_04609	100.000	244	0	0	1	244	1	244	6.69e-179	491
38P2R3A13_04609	18P3R3A11_01113	97.541	244	6	0	1	244	1	244	5.57e-176	483
38P2R3A13_04609	38P2R3A13_05951	95.902	244	10	0	1	244	1	244	1.85e-172	474
38P2R3A13_04610	38P2R3A13_04610	100.000	396	0	0	1	396	1	396	0.0	821
38P2R3A13_04610	18P3R3A11_01114	97.222	396	11	0	1	396	1	396	0.0	807
38P2R3A13_04610	38P2R3A13_05502	96.465	396	14	0	1	396	1	396	0.0	801
38P2R3A13_04612	38P2R3A13_04612	100.000	300	0	0	1	300	1	300	0.0	617
38P2R3A13_04612	18P3R3A11_01116	97.667	300	7	0	1	300	1	300	0.0	605
38P2R3A13_04612	38P2R3A13_05504	95.667	300	13	0	1	300	1	300	0.0	563
38P2R3A13_04614	38P2R3A13_04614	100.000	276	0	0	1	276	1	276	0.0	562
38P2R3A13_04614	18P3R3A11_01118	97.464	276	7	0	1	276	1	276	0.0	551
38P2R3A13_04614	38P2R3A13_05506	95.652	276	12	0	1	276	1	276	0.0	542
38P2R3A13_04617	38P2R3A13_04617	100.000	471	0	0	1	471	1	471	0.0	952
38P2R3A13_04617	18P3R3A11_01121	97.240	471	13	0	1	471	1	471	0.0	933
38P2R3A13_04617	38P2R3A13_05509	96.815	471	15	0	1	471	1	471	0.0	931
38P2R3A13_04618	38P2R3A13_04618	100.000	246	0	0	1	246	1	246	0.0	507
38P2R3A13_04618	18P3R3A11_01122	97.967	246	5	0	1	246	1	246	0.0	498
38P2R3A13_04618	38P2R3A13_05510	97.541	244	6	0	1	244	1	244	1.35e-180	495
38P2R3A13_04620	38P2R3A13_04620	100.000	146	0	0	1	146	1	146	1.23e-105	297
38P2R3A13_04620	18P3R3A11_01124	95.205	146	7	0	1	146	1	146	6.46e-94	268
38P2R3A13_04621	38P2R3A13_04621	100.000	220	0	0	1	220	1	220	4.41e-159	438
38P2R3A13_04622	38P2R3A13_04622	100.000	450	0	0	1	450	1	450	0.0	899
38P2R3A13_04622	56P2R2A4_03260	97.303	445	12	0	6	450	2	446	0.0	869
38P2R3A13_04624	38P2R3A13_04624	100.000	105	0	0	1	105	1	105	7.86e-74	214
38P2R3A13_04624	38P2R3A13_05516	95.238	105	5	0	1	105	1	105	7.84e-71	206
38P2R3A13_04625	38P2R3A13_04625	100.000	296	0	0	1	296	1	296	0.0	603
38P2R3A13_04626	38P2R3A13_04626	100.000	317	0	0	1	317	1	317	0.0	647
38P2R3A13_04627	38P2R3A13_04627	100.000	347	0	0	1	347	1	347	0.0	650
38P2R3A13_04628	38P2R3A13_04628	100.000	328	0	0	1	328	1	328	0.0	623
38P2R3A13_04629	38P2R3A13_04629	100.000	271	0	0	1	271	1	271	0.0	554
38P2R3A13_04629	56P2R2A4_03253	97.048	271	8	0	1	271	1	271	0.0	536
38P2R3A13_04629	38P2R3A13_05525	95.472	265	12	0	1	265	1	265	0.0	522
38P2R3A13_04630	38P2R3A13_04630	100.000	714	0	0	1	714	1	714	0.0	1461
38P2R3A13_04630	56P2R2A4_03252	97.759	714	16	0	1	714	1	714	0.0	1432
38P2R3A13_04630	18P3R3A11_01139	95.658	714	27	1	1	714	40	749	0.0	1400
38P2R3A13_04632	38P2R3A13_04632	100.000	194	0	0	1	194	1	194	7.96e-146	403
38P2R3A13_04632	38P2R3A13_08493	96.392	194	7	0	1	194	1	194	5.17e-142	393
38P2R3A13_04632	18P3R3A11_04584	96.392	194	7	0	1	194	1	194	2.54e-141	391
38P2R3A13_04633	38P2R3A13_04633	100.000	276	0	0	1	276	1	276	0.0	566
38P2R3A13_04633	38P2R3A13_08492	96.377	276	10	0	1	276	1	276	0.0	549
38P2R3A13_04636	38P2R3A13_04636	100.000	1153	0	0	1	1153	1	1153	0.0	2304
38P2R3A13_04637	38P2R3A13_04637	100.000	87	0	0	1	87	1	87	1.65e-62	184
38P2R3A13_04639	38P2R3A13_04639	100.000	320	0	0	1	320	1	320	0.0	660
38P2R3A13_04639	18P3R3A11_02985	96.562	320	11	0	1	320	1	320	0.0	643
38P2R3A13_04640	38P2R3A13_04640	100.000	137	0	0	1	137	1	137	5.89e-99	280
38P2R3A13_04640	18P3R3A11_02986	95.620	137	6	0	1	137	1	137	3.24e-85	245
38P2R3A13_04641	38P2R3A13_04641	100.000	242	0	0	1	242	1	242	1.98e-179	492
38P2R3A13_04643	38P2R3A13_04643	100.000	333	0	0	1	333	1	333	0.0	671
38P2R3A13_04643	18P3R3A11_02989	95.783	332	14	0	1	332	1	332	0.0	620
38P2R3A13_04644	38P2R3A13_04644	100.000	152	0	0	1	152	1	152	1.39e-110	310
38P2R3A13_04644	56P2R2A4_03388	95.804	143	6	0	1	143	5	147	6.44e-100	283
38P2R3A13_04645	38P2R3A13_04645	100.000	346	0	0	1	346	1	346	0.0	718
38P2R3A13_04646	38P2R3A13_04646	100.000	114	0	0	1	114	1	114	1.32e-82	236
38P2R3A13_04647	38P2R3A13_04647	100.000	516	0	0	1	516	1	516	0.0	1067
38P2R3A13_04650	38P2R3A13_04650	100.000	773	0	0	1	773	1	773	0.0	1607
38P2R3A13_04650	56P2R2A4_03393	96.782	777	21	1	1	773	1	777	0.0	1572
38P2R3A13_04650	37P2R3-2A1_03316	97.021	772	23	0	1	772	1	772	0.0	1571
38P2R3A13_04650	18P3R3A11_02216	97.025	773	23	0	1	773	1	773	0.0	1569
38P2R3A13_04651	38P2R3A13_04651	100.000	568	0	0	1	568	1	568	0.0	1137
38P2R3A13_04659	38P2R3A13_04659	100.000	557	0	0	1	557	1	557	0.0	1135
38P2R3A13_04666	38P2R3A13_04666	100.000	405	0	0	1	405	1	405	0.0	827
38P2R3A13_04666	18P3R3A11_02200	97.778	405	9	0	1	405	1	405	0.0	811
38P2R3A13_04666	47P2R3A6_03674	96.790	405	13	0	1	405	1	405	0.0	803
38P2R3A13_04667	38P2R3A13_04667	100.000	223	0	0	1	223	1	223	4.13e-165	454
38P2R3A13_04672	38P2R3A13_04672	100.000	257	0	0	1	257	1	257	0.0	533
38P2R3A13_04672	18P3R3A11_02194	96.498	257	9	0	1	257	1	257	0.0	521
38P2R3A13_04673	38P2R3A13_04673	100.000	425	0	0	1	425	1	425	0.0	866
38P2R3A13_04673	18P3R3A11_02193	97.882	425	9	0	1	425	1	425	0.0	851
38P2R3A13_04675	38P2R3A13_04675	100.000	367	0	0	1	367	1	367	0.0	761
38P2R3A13_04676	38P2R3A13_04676	100.000	376	0	0	1	376	1	376	0.0	777
38P2R3A13_04677	38P2R3A13_04677	100.000	357	0	0	1	357	1	357	0.0	734
38P2R3A13_04678	38P2R3A13_04678	100.000	337	0	0	1	337	1	337	0.0	710
38P2R3A13_04679	38P2R3A13_04679	100.000	404	0	0	1	404	1	404	0.0	803
38P2R3A13_04679	56P2R2A4_03422	97.525	404	10	0	1	404	1	404	0.0	781
38P2R3A13_04680	38P2R3A13_04680	100.000	303	0	0	1	303	1	303	0.0	632
38P2R3A13_04681	38P2R3A13_04681	100.000	370	0	0	1	370	1	370	0.0	768
38P2R3A13_04681	56P2R2A4_03424	97.027	370	11	0	1	370	1	370	0.0	751
38P2R3A13_04682	38P2R3A13_04682	100.000	328	0	0	1	328	1	328	0.0	672
38P2R3A13_04682	56P2R2A4_03425	97.866	328	7	0	1	328	1	328	0.0	658
38P2R3A13_04682	18P3R3A11_02184	96.341	328	12	0	1	328	1	328	0.0	649
38P2R3A13_04687	38P2R3A13_04687	100.000	98	0	0	1	98	1	98	3.95e-70	204
38P2R3A13_04688	38P2R3A13_04688	100.000	274	0	0	1	274	1	274	0.0	566
38P2R3A13_04689	38P2R3A13_04689	100.000	158	0	0	1	158	1	158	7.51e-119	332
38P2R3A13_04690	38P2R3A13_04690	100.000	132	0	0	1	132	1	132	1.32e-91	261
38P2R3A13_04691	38P2R3A13_04691	100.000	214	0	0	1	214	1	214	7.73e-157	432
38P2R3A13_04692	38P2R3A13_04692	100.000	118	0	0	1	118	1	118	1.62e-80	231
38P2R3A13_04693	38P2R3A13_04693	100.000	101	0	0	1	101	1	101	2.27e-71	207
38P2R3A13_04694	38P2R3A13_04694	100.000	194	0	0	1	194	1	194	1.80e-143	397
38P2R3A13_04695	38P2R3A13_04695	100.000	247	0	0	1	247	1	247	0.0	501
38P2R3A13_04696	38P2R3A13_04696	100.000	468	0	0	1	468	1	468	0.0	951
38P2R3A13_04697	38P2R3A13_04697	100.000	153	0	0	1	153	1	153	6.26e-110	308
38P2R3A13_04698	38P2R3A13_04698	100.000	135	0	0	1	135	1	135	1.67e-95	271
38P2R3A13_04699	38P2R3A13_04699	100.000	155	0	0	1	155	1	155	3.46e-114	320
38P2R3A13_04700	38P2R3A13_04700	100.000	133	0	0	1	133	1	133	2.00e-94	268
38P2R3A13_04701	38P2R3A13_04701	100.000	180	0	0	1	180	1	180	3.54e-131	365
38P2R3A13_04702	38P2R3A13_04702	100.000	81	0	0	1	81	1	81	1.01e-55	166
38P2R3A13_04703	38P2R3A13_04703	100.000	869	0	0	1	869	1	869	0.0	1813
38P2R3A13_04704	38P2R3A13_04704	100.000	138	0	0	1	138	1	138	3.79e-99	280
38P2R3A13_04705	38P2R3A13_04705	100.000	211	0	0	1	211	1	211	2.07e-156	431
38P2R3A13_04706	38P2R3A13_04706	100.000	131	0	0	1	131	1	131	7.95e-97	274
38P2R3A13_04707	38P2R3A13_04707	100.000	79	0	0	1	79	1	79	8.57e-55	163
38P2R3A13_04708	38P2R3A13_04708	100.000	182	0	0	1	182	1	182	8.91e-135	374
38P2R3A13_04709	38P2R3A13_04709	100.000	72	0	0	1	72	1	72	8.65e-49	148
38P2R3A13_04710	38P2R3A13_04710	100.000	108	0	0	1	108	1	108	4.64e-78	224
38P2R3A13_04711	38P2R3A13_04711	100.000	333	0	0	1	333	1	333	0.0	689
38P2R3A13_04712	38P2R3A13_04712	100.000	208	0	0	1	208	1	208	6.21e-156	429
38P2R3A13_04713	38P2R3A13_04713	100.000	618	0	0	1	618	1	618	0.0	1268
38P2R3A13_04714	38P2R3A13_04714	100.000	261	0	0	1	261	1	261	0.0	542
38P2R3A13_04715	38P2R3A13_04715	100.000	164	0	0	1	164	1	164	9.81e-120	334
38P2R3A13_04716	38P2R3A13_04716	100.000	73	0	0	1	73	1	73	9.05e-50	150
38P2R3A13_04717	38P2R3A13_04717	100.000	204	0	0	1	204	1	204	3.52e-149	412
38P2R3A13_04718	38P2R3A13_04718	100.000	88	0	0	1	88	1	88	3.70e-59	175
38P2R3A13_04719	38P2R3A13_04719	100.000	131	0	0	1	131	1	131	4.52e-95	269
38P2R3A13_04720	38P2R3A13_04720	100.000	455	0	0	1	455	1	455	0.0	924
38P2R3A13_04721	38P2R3A13_04721	100.000	1136	0	0	1	1136	1	1136	0.0	2343
38P2R3A13_04722	38P2R3A13_04722	100.000	238	0	0	1	238	1	238	3.91e-176	483
38P2R3A13_04723	38P2R3A13_04723	100.000	244	0	0	1	244	1	244	2.69e-178	489
38P2R3A13_04724	38P2R3A13_04724	100.000	100	0	0	1	100	1	100	3.06e-65	191
38P2R3A13_04725	38P2R3A13_04725	100.000	103	0	0	1	103	1	103	1.28e-71	208
38P2R3A13_04726	38P2R3A13_04726	100.000	858	0	0	1	858	1	858	0.0	1778
38P2R3A13_04727	38P2R3A13_04727	100.000	1808	0	0	1	1808	1	1808	0.0	3663
38P2R3A13_04728	38P2R3A13_04728	100.000	262	0	0	1	262	1	262	0.0	542
38P2R3A13_04729	38P2R3A13_04729	100.000	180	0	0	1	180	1	180	1.85e-132	368
38P2R3A13_04730	38P2R3A13_04730	100.000	139	0	0	1	139	1	139	9.13e-102	287
38P2R3A13_04731	38P2R3A13_04731	100.000	330	0	0	1	330	1	330	0.0	670
38P2R3A13_04732	38P2R3A13_04732	100.000	103	0	0	1	103	1	103	6.58e-73	211
38P2R3A13_04733	38P2R3A13_04733	100.000	176	0	0	1	176	1	176	1.42e-126	353
38P2R3A13_04734	38P2R3A13_04734	100.000	238	0	0	1	238	1	238	3.71e-175	481
38P2R3A13_04735	38P2R3A13_04735	100.000	203	0	0	1	203	1	203	1.60e-152	421
38P2R3A13_04736	38P2R3A13_04736	100.000	302	0	0	1	302	1	302	0.0	622
38P2R3A13_04737	38P2R3A13_04737	100.000	202	0	0	1	202	1	202	5.04e-150	414
38P2R3A13_04738	38P2R3A13_04738	100.000	573	0	0	1	573	1	573	0.0	1167
38P2R3A13_04739	38P2R3A13_04739	100.000	196	0	0	1	196	1	196	1.61e-144	400
38P2R3A13_04740	38P2R3A13_04740	100.000	341	0	0	1	341	1	341	0.0	697
38P2R3A13_04741	38P2R3A13_04741	100.000	881	0	0	1	881	1	881	0.0	1806
38P2R3A13_04742	38P2R3A13_04742	100.000	231	0	0	1	231	1	231	5.70e-172	472
38P2R3A13_04743	38P2R3A13_04743	100.000	194	0	0	1	194	1	194	6.59e-142	393
38P2R3A13_04744	38P2R3A13_04744	100.000	190	0	0	1	190	1	190	7.35e-137	380
38P2R3A13_04745	38P2R3A13_04745	100.000	225	0	0	1	225	1	225	8.29e-169	463
38P2R3A13_04746	38P2R3A13_04746	100.000	231	0	0	1	231	1	231	4.34e-171	469
38P2R3A13_04747	38P2R3A13_04747	100.000	65	0	0	1	65	1	65	3.28e-40	125
38P2R3A13_04748	38P2R3A13_04748	100.000	105	0	0	1	105	1	105	3.67e-75	217
38P2R3A13_04749	38P2R3A13_04749	100.000	234	0	0	1	234	1	234	7.88e-169	464
38P2R3A13_04750	38P2R3A13_04750	100.000	274	0	0	1	274	1	274	0.0	561
38P2R3A13_04751	38P2R3A13_04751	100.000	269	0	0	1	269	1	269	0.0	548
38P2R3A13_04752	38P2R3A13_04752	100.000	157	0	0	1	157	1	157	2.49e-113	318
38P2R3A13_04752	47P2R3A6_03049	97.452	157	4	0	1	157	1	157	7.34e-110	309
38P2R3A13_04752	18P3R3A11_00636	96.178	157	6	0	1	157	1	157	4.07e-108	304
38P2R3A13_04753	38P2R3A13_04753	100.000	158	0	0	1	158	1	158	2.95e-115	322
38P2R3A13_04753	47P2R3A6_03050	95.570	158	7	0	1	158	1	158	3.47e-111	312
38P2R3A13_04754	38P2R3A13_04754	100.000	58	0	0	1	58	1	58	8.85e-35	111
38P2R3A13_04754	18P3R3A11_00638	96.552	58	2	0	1	58	1	58	5.48e-34	109
38P2R3A13_04754	47P2R3A6_03051	96.552	58	2	0	1	58	1	58	1.96e-33	108
38P2R3A13_04755	38P2R3A13_04755	100.000	66	0	0	1	66	1	66	1.58e-40	126
38P2R3A13_04756	38P2R3A13_04756	100.000	535	0	0	1	535	1	535	0.0	1101
38P2R3A13_04756	47P2R3A6_03054	98.692	535	7	0	1	535	71	605	0.0	1087
38P2R3A13_04757	38P2R3A13_04757	100.000	217	0	0	1	217	1	217	2.24e-164	451
38P2R3A13_04757	38P2R3A13_07144	95.392	217	10	0	1	217	1	217	1.74e-157	434
38P2R3A13_04757	52P2R3A10_01064	100.000	203	0	0	15	217	1	203	1.15e-152	421
38P2R3A13_04757	56P2R2A4_01098	96.190	210	8	0	8	217	64	273	2.48e-151	421
38P2R3A13_04757	47P2R3A6_03055	96.059	203	8	0	15	217	1	203	1.58e-147	408
38P2R3A13_04758	38P2R3A13_04758	100.000	353	0	0	1	353	1	353	0.0	712
38P2R3A13_04758	18P3R3A11_01341	96.601	353	12	0	1	353	1	353	0.0	692
38P2R3A13_04758	38P2R3A13_07143	96.317	353	13	0	1	353	1	353	0.0	689
38P2R3A13_04759	38P2R3A13_04759	100.000	230	0	0	1	230	1	230	1.13e-162	448
38P2R3A13_04759	18P3R3A11_01340	97.391	230	6	0	1	230	1	230	4.27e-157	434
38P2R3A13_04759	38P2R3A13_07142	96.522	230	8	0	1	230	1	230	1.11e-156	433
38P2R3A13_04760	38P2R3A13_04760	100.000	258	0	0	1	258	1	258	0.0	519
38P2R3A13_04762	38P2R3A13_04762	100.000	263	0	0	1	263	1	263	0.0	530
38P2R3A13_04763	38P2R3A13_04763	100.000	491	0	0	1	491	1	491	0.0	1000
38P2R3A13_04767	38P2R3A13_04767	100.000	347	0	0	1	347	1	347	0.0	721
38P2R3A13_04767	56P2R2A4_01088	97.695	347	8	0	1	347	1	347	0.0	708
38P2R3A13_04767	18P3R3A11_01332	95.072	345	17	0	1	345	1	345	0.0	694
38P2R3A13_04768	38P2R3A13_04768	100.000	251	0	0	1	251	1	251	0.0	513
38P2R3A13_04768	18P3R3A11_01331	97.211	251	7	0	1	251	1	251	0.0	503
38P2R3A13_04768	38P2R3A13_07924	97.927	193	4	0	59	251	1	193	1.97e-138	387
38P2R3A13_04770	38P2R3A13_04770	100.000	127	0	0	1	127	1	127	2.81e-87	249
38P2R3A13_04771	38P2R3A13_04771	100.000	313	0	0	1	313	1	313	0.0	627
38P2R3A13_04771	38P2R3A13_07921	95.082	305	15	0	1	305	1	305	0.0	562
38P2R3A13_04772	38P2R3A13_04772	100.000	240	0	0	1	240	1	240	1.43e-174	479
38P2R3A13_04772	38P2R3A13_07920	96.250	240	9	0	1	240	1	240	7.48e-168	462
38P2R3A13_04772	18P3R3A11_01327	96.250	240	9	0	1	240	1	240	1.54e-167	461
38P2R3A13_04779	38P2R3A13_04779	100.000	265	0	0	1	265	1	265	0.0	534
38P2R3A13_04779	47P2R3A6_03077	96.255	267	6	2	1	265	1	265	0.0	510
38P2R3A13_04781	38P2R3A13_04781	100.000	431	0	0	1	431	1	431	0.0	872
38P2R3A13_04782	38P2R3A13_04782	100.000	418	0	0	1	418	1	418	0.0	773
38P2R3A13_04782	56P2R2A4_01073	97.203	429	1	1	1	418	1	429	0.0	763
38P2R3A13_04782	18P3R3A11_01317	97.129	418	12	0	1	418	1	418	0.0	751
38P2R3A13_04782	38P2R3A13_08306	96.396	111	4	0	1	111	1	111	3.73e-60	201
38P2R3A13_04790	38P2R3A13_04790	100.000	877	0	0	1	877	1	877	0.0	1827
38P2R3A13_04790	18P3R3A11_01309	96.921	877	27	0	1	877	1	877	0.0	1774
38P2R3A13_04791	38P2R3A13_04791	100.000	639	0	0	1	639	1	639	0.0	1277
38P2R3A13_04791	18P3R3A11_01308	95.775	639	24	1	1	639	1	636	0.0	1215
38P2R3A13_04800	38P2R3A13_04800	100.000	135	0	0	1	135	1	135	7.37e-94	266
38P2R3A13_04800	18P3R3A11_01299	100.000	135	0	0	1	135	29	163	1.40e-93	267
38P2R3A13_04801	38P2R3A13_04801	100.000	199	0	0	1	199	1	199	2.74e-147	407
38P2R3A13_04801	18P3R3A11_01026	95.980	199	8	0	1	199	1	199	1.14e-118	335
38P2R3A13_04801	37P2R3-2A1_02640	95.477	199	9	0	1	199	1	199	1.16e-117	332
38P2R3A13_04805	38P2R3A13_04805	100.000	247	0	0	1	247	1	247	0.0	497
38P2R3A13_04805	18P3R3A11_01030	96.639	238	8	0	1	238	1	238	4.03e-160	443
38P2R3A13_04805	38P2R3A13_07823	95.547	247	11	0	1	247	1	247	1.44e-156	434
38P2R3A13_04810	38P2R3A13_04810	100.000	340	0	0	1	340	1	340	0.0	699
38P2R3A13_04810	18P3R3A11_01035	97.941	340	7	0	1	340	1	340	0.0	687
38P2R3A13_04813	38P2R3A13_04813	100.000	423	0	0	1	423	1	423	0.0	857
38P2R3A13_04813	18P3R3A11_01038	95.745	423	18	0	1	423	1	423	0.0	807
38P2R3A13_04817	38P2R3A13_04817	100.000	466	0	0	1	466	1	466	0.0	942
38P2R3A13_04817	18P3R3A11_01057	97.854	466	10	0	1	466	1	466	0.0	926
38P2R3A13_04818	38P2R3A13_04818	100.000	152	0	0	1	152	1	152	1.01e-111	313
38P2R3A13_04818	47P2R3A6_01641	96.711	152	5	0	1	152	15	166	1.51e-108	306
38P2R3A13_04818	18P3R3A11_01058	96.053	152	6	0	1	152	1	152	1.71e-107	302
38P2R3A13_04824	38P2R3A13_04824	100.000	327	0	0	1	327	1	327	0.0	657
38P2R3A13_04825	38P2R3A13_04825	100.000	234	0	0	1	234	1	234	5.49e-175	480
38P2R3A13_04825	18P3R3A11_01065	95.299	234	11	0	1	234	1	234	1.64e-160	443
38P2R3A13_04827	38P2R3A13_04827	100.000	99	0	0	1	99	1	99	6.69e-69	201
38P2R3A13_04827	56P2R2A4_03319	97.980	99	2	0	1	99	1	99	2.80e-67	196
38P2R3A13_04827	18P3R3A11_01067	96.970	99	3	0	1	99	1	99	2.09e-66	194
38P2R3A13_04828	38P2R3A13_04828	100.000	198	0	0	1	198	1	198	5.19e-146	404
38P2R3A13_04828	18P3R3A11_01068	97.980	198	4	0	1	198	1	198	1.15e-143	397
38P2R3A13_04829	38P2R3A13_04829	100.000	381	0	0	1	381	1	381	0.0	788
38P2R3A13_04829	18P3R3A11_01069	97.638	381	9	0	1	381	1	381	0.0	769
38P2R3A13_04829	38P2R3A13_08296	95.801	381	16	0	1	381	1	381	0.0	757
38P2R3A13_04830	38P2R3A13_04830	100.000	143	0	0	1	143	1	143	3.70e-105	296
38P2R3A13_04831	38P2R3A13_04831	100.000	239	0	0	1	239	1	239	1.71e-178	489
38P2R3A13_04831	38P2R3A13_08294	96.653	239	8	0	1	239	1	239	2.71e-172	473
38P2R3A13_04833	38P2R3A13_04833	100.000	240	0	0	1	240	1	240	0.0	499
38P2R3A13_04833	47P2R3A6_01626	97.500	240	6	0	1	240	1	240	1.39e-178	489
38P2R3A13_04833	18P3R3A11_01073	96.667	240	8	0	1	240	1	240	7.79e-178	488
38P2R3A13_04833	38P2R3A13_08292	98.374	123	2	0	118	240	1	123	2.48e-88	257
38P2R3A13_04834	38P2R3A13_04834	100.000	353	0	0	1	353	1	353	0.0	738
38P2R3A13_04834	56P2R2A4_03312	97.734	353	8	0	1	353	1	353	0.0	720
38P2R3A13_04834	18P3R3A11_01074	97.450	353	9	0	1	353	1	353	0.0	718
38P2R3A13_04834	38P2R3A13_08402	95.467	353	16	0	1	353	1	353	0.0	704
38P2R3A13_04836	38P2R3A13_04836	100.000	360	0	0	1	360	1	360	0.0	744
38P2R3A13_04836	18P3R3A11_01076	97.222	360	10	0	1	360	1	360	0.0	730
38P2R3A13_04837	38P2R3A13_04837	100.000	419	0	0	1	419	1	419	0.0	844
38P2R3A13_04837	18P3R3A11_01077	97.613	419	10	0	1	419	1	419	0.0	828
38P2R3A13_04837	38P2R3A13_08015	98.529	136	2	0	284	419	1	136	6.72e-93	276
38P2R3A13_04838	38P2R3A13_04838	100.000	268	0	0	1	268	1	268	0.0	544
38P2R3A13_04838	18P3R3A11_01078	95.522	268	12	0	1	268	1	268	0.0	520
38P2R3A13_04839	38P2R3A13_04839	100.000	180	0	0	1	180	1	180	5.24e-132	367
38P2R3A13_04839	18P3R3A11_01079	96.667	180	6	0	1	180	1	180	2.73e-128	357
38P2R3A13_04839	56P2R2A4_03307	96.667	180	6	0	1	180	1	180	3.44e-128	357
38P2R3A13_04842	38P2R3A13_04842	100.000	98	0	0	1	98	1	98	8.79e-67	195
38P2R3A13_04842	18P3R3A11_01082	97.959	98	2	0	1	98	1	98	3.60e-65	191
38P2R3A13_04846	38P2R3A13_04846	100.000	542	0	0	1	542	1	542	0.0	1102
38P2R3A13_04847	38P2R3A13_04847	100.000	231	0	0	1	231	1	231	9.69e-176	481
38P2R3A13_04847	38P2R3A13_05971	96.104	231	9	0	1	231	1	231	4.16e-170	467
38P2R3A13_04848	38P2R3A13_04848	100.000	712	0	0	1	712	1	712	0.0	1478
38P2R3A13_04848	38P2R3A13_05970	95.225	712	34	0	1	712	1	712	0.0	1415
38P2R3A13_04849	38P2R3A13_04849	100.000	239	0	0	1	239	1	239	3.07e-168	463
38P2R3A13_04849	56P2R2A4_03297	97.908	239	5	0	1	239	1	239	8.84e-165	454
38P2R3A13_04849	18P3R3A11_01089	96.653	239	7	1	1	239	1	238	6.29e-162	447
38P2R3A13_04849	38P2R3A13_05969	95.816	239	9	1	1	239	1	238	2.27e-160	443
38P2R3A13_04851	38P2R3A13_04851	100.000	81	0	0	1	81	1	81	5.45e-53	159
38P2R3A13_04852	38P2R3A13_04852	100.000	30	0	0	1	30	1	30	6.26e-14	57.4
38P2R3A13_04853	38P2R3A13_04853	100.000	171	0	0	1	171	1	171	1.31e-121	340
38P2R3A13_04854	38P2R3A13_04854	100.000	525	0	0	1	525	1	525	0.0	1092
38P2R3A13_04855	38P2R3A13_04855	100.000	248	0	0	1	248	1	248	0.0	509
38P2R3A13_04856	38P2R3A13_04856	100.000	179	0	0	1	179	1	179	7.05e-132	366
38P2R3A13_04856	47P2R3A6_04575	100.000	179	0	0	1	179	46	224	8.26e-132	368
38P2R3A13_04857	38P2R3A13_04857	100.000	283	0	0	1	283	1	283	0.0	589
38P2R3A13_04858	38P2R3A13_04858	100.000	247	0	0	1	247	1	247	0.0	508
38P2R3A13_04859	38P2R3A13_04859	100.000	338	0	0	1	338	1	338	0.0	697
38P2R3A13_04860	38P2R3A13_04860	100.000	268	0	0	1	268	1	268	0.0	549
38P2R3A13_04861	38P2R3A13_04861	100.000	108	0	0	1	108	1	108	4.27e-73	212
38P2R3A13_04862	38P2R3A13_04862	100.000	257	0	0	1	257	1	257	0.0	516
38P2R3A13_04863	38P2R3A13_04863	100.000	164	0	0	1	164	1	164	1.63e-117	329
38P2R3A13_04864	38P2R3A13_04864	100.000	87	0	0	1	87	1	87	5.48e-58	172
38P2R3A13_04865	38P2R3A13_04865	100.000	99	0	0	1	99	1	99	5.95e-71	206
38P2R3A13_04866	38P2R3A13_04866	100.000	187	0	0	1	187	1	187	2.90e-136	378
38P2R3A13_04867	38P2R3A13_04867	100.000	251	0	0	1	251	1	251	0.0	503
38P2R3A13_04868	38P2R3A13_04868	100.000	215	0	0	1	215	1	215	6.61e-159	437
38P2R3A13_04869	38P2R3A13_04869	100.000	418	0	0	1	418	1	418	0.0	818
38P2R3A13_04870	38P2R3A13_04870	100.000	98	0	0	1	98	1	98	1.54e-66	194
38P2R3A13_04871	38P2R3A13_04871	100.000	150	0	0	1	150	1	150	2.43e-108	304
38P2R3A13_04872	38P2R3A13_04872	100.000	252	0	0	1	252	1	252	0.0	519
38P2R3A13_04873	38P2R3A13_04873	100.000	179	0	0	1	179	1	179	9.36e-133	369
38P2R3A13_04874	38P2R3A13_04874	100.000	457	0	0	1	457	1	457	0.0	916
38P2R3A13_04875	38P2R3A13_04875	100.000	95	0	0	1	95	1	95	3.34e-64	188
38P2R3A13_04876	38P2R3A13_04876	100.000	153	0	0	1	153	1	153	1.00e-113	318
38P2R3A13_04877	38P2R3A13_04877	100.000	174	0	0	1	174	1	174	9.62e-126	350
38P2R3A13_04878	38P2R3A13_04878	100.000	322	0	0	1	322	1	322	0.0	658
38P2R3A13_04879	38P2R3A13_04879	100.000	410	0	0	1	410	1	410	0.0	855
38P2R3A13_04880	38P2R3A13_04880	100.000	285	0	0	1	285	1	285	0.0	556
38P2R3A13_04881	38P2R3A13_04881	100.000	165	0	0	1	165	1	165	1.75e-120	336
38P2R3A13_04882	38P2R3A13_04882	100.000	257	0	0	1	257	1	257	0.0	525
38P2R3A13_04882	51P2R2A10_00186	99.602	251	1	0	7	257	1	251	0.0	512
38P2R3A13_04883	38P2R3A13_04883	100.000	258	0	0	1	258	1	258	0.0	522
38P2R3A13_04883	51P2R2A10_00185	99.225	258	2	0	1	258	15	272	0.0	520
38P2R3A13_04884	38P2R3A13_04884	100.000	234	0	0	1	234	1	234	9.80e-177	484
38P2R3A13_04884	51P2R2A10_00184	97.009	234	7	0	1	234	1	234	6.74e-171	469
38P2R3A13_04885	38P2R3A13_04885	100.000	369	0	0	1	369	1	369	0.0	755
38P2R3A13_04885	51P2R2A10_00183	97.290	369	10	0	1	369	1	369	0.0	736
38P2R3A13_04886	38P2R3A13_04886	100.000	188	0	0	1	188	1	188	5.93e-140	387
38P2R3A13_04887	38P2R3A13_04887	100.000	273	0	0	1	273	1	273	0.0	570
38P2R3A13_04888	38P2R3A13_04888	100.000	110	0	0	1	110	1	110	1.10e-79	229
38P2R3A13_04889	38P2R3A13_04889	100.000	440	0	0	1	440	1	440	0.0	905
38P2R3A13_04889	51P2R2A10_00179	96.818	440	14	0	1	440	1	440	0.0	879
38P2R3A13_04890	38P2R3A13_04890	100.000	301	0	0	1	301	1	301	0.0	616
38P2R3A13_04890	51P2R2A10_00178	97.010	301	9	0	1	301	1	301	0.0	603
38P2R3A13_04891	38P2R3A13_04891	100.000	113	0	0	1	113	1	113	6.23e-77	222
38P2R3A13_04891	51P2R2A10_00177	95.536	112	5	0	1	112	1	112	4.99e-74	215
38P2R3A13_04892	38P2R3A13_04892	100.000	190	0	0	1	190	1	190	1.02e-142	394
38P2R3A13_04892	51P2R2A10_00176	97.895	190	4	0	1	190	1	190	6.83e-141	390
38P2R3A13_04893	38P2R3A13_04893	100.000	186	0	0	1	186	1	186	1.87e-136	378
38P2R3A13_04894	38P2R3A13_04894	100.000	263	0	0	1	263	1	263	0.0	536
38P2R3A13_04895	38P2R3A13_04895	100.000	231	0	0	1	231	1	231	4.40e-169	464
38P2R3A13_04896	38P2R3A13_04896	100.000	394	0	0	1	394	1	394	0.0	796
38P2R3A13_04897	38P2R3A13_04897	100.000	377	0	0	1	377	1	377	0.0	743
38P2R3A13_04898	38P2R3A13_04898	100.000	1027	0	0	1	1027	1	1027	0.0	2069
38P2R3A13_04899	38P2R3A13_04899	100.000	38	0	0	1	38	1	38	9.93e-22	77.4
38P2R3A13_04900	38P2R3A13_04900	100.000	39	0	0	1	39	1	39	2.80e-22	79.0
38P2R3A13_04901	38P2R3A13_04901	100.000	103	0	0	1	103	1	103	1.61e-71	207
38P2R3A13_04902	38P2R3A13_04902	100.000	935	0	0	1	935	1	935	0.0	1938
38P2R3A13_04904	38P2R3A13_04904	100.000	432	0	0	1	432	1	432	0.0	869
38P2R3A13_04904	18P3R3A11_03267	97.222	432	12	0	1	432	1	432	0.0	855
38P2R3A13_04904	38P2R3A13_08338	95.370	432	20	0	1	432	1	432	0.0	821
38P2R3A13_04905	38P2R3A13_04905	100.000	108	0	0	1	108	1	108	4.37e-76	219
38P2R3A13_04905	56P2R2A4_01390	97.222	108	3	0	1	108	1	108	3.77e-74	214
38P2R3A13_04905	37P2R3-2A1_02099	95.604	91	4	0	18	108	1	91	5.91e-59	176
38P2R3A13_04907	38P2R3A13_04907	100.000	888	0	0	1	888	1	888	0.0	1808
38P2R3A13_04907	38P2R3A13_08212	97.072	888	26	0	1	888	1	888	0.0	1758
38P2R3A13_04907	18P3R3A11_03264	95.158	888	43	0	1	888	1	888	0.0	1734
38P2R3A13_04908	38P2R3A13_04908	100.000	233	0	0	1	233	1	233	6.29e-173	474
38P2R3A13_04912	38P2R3A13_04912	100.000	128	0	0	1	128	1	128	1.45e-92	263
38P2R3A13_04912	18P3R3A11_03259	96.875	128	4	0	1	128	1	128	2.72e-90	257
38P2R3A13_04912	38P2R3A13_08250	96.094	128	5	0	1	128	1	128	4.05e-89	254
38P2R3A13_04914	38P2R3A13_04914	100.000	246	0	0	1	246	1	246	0.0	509
38P2R3A13_04915	38P2R3A13_04915	100.000	540	0	0	1	540	1	540	0.0	1118
38P2R3A13_04915	38P2R3A13_08386	97.778	540	12	0	1	540	1	540	0.0	1095
38P2R3A13_04915	18P3R3A11_03256	96.852	540	17	0	1	540	1	540	0.0	1088
38P2R3A13_04919	38P2R3A13_04919	100.000	159	0	0	1	159	1	159	2.38e-112	315
38P2R3A13_04920	38P2R3A13_04920	100.000	600	0	0	1	600	1	600	0.0	1233
38P2R3A13_04920	18P3R3A11_03251	98.000	600	12	0	1	600	1	600	0.0	1209
38P2R3A13_04921	38P2R3A13_04921	100.000	325	0	0	1	325	1	325	0.0	668
38P2R3A13_04921	18P3R3A11_03250	97.846	325	7	0	1	325	1	325	0.0	657
38P2R3A13_04929	38P2R3A13_04929	100.000	298	0	0	1	298	1	298	0.0	596
38P2R3A13_04929	18P3R3A11_03242	97.651	298	7	0	1	298	1	298	0.0	583
38P2R3A13_04929	38P2R3A13_07505	96.980	298	9	0	1	298	1	298	0.0	579
38P2R3A13_04930	38P2R3A13_04930	100.000	454	0	0	1	454	1	454	0.0	888
38P2R3A13_04930	38P2R3A13_07504	96.035	454	18	0	1	454	1	454	0.0	855
38P2R3A13_04930	18P3R3A11_03241	95.824	455	18	1	1	454	1	455	0.0	828
38P2R3A13_04932	38P2R3A13_04932	100.000	180	0	0	1	180	1	180	2.05e-135	375
38P2R3A13_04932	38P2R3A13_07502	95.556	180	8	0	1	180	1	180	1.76e-129	360
38P2R3A13_04932	52P2R3A10_02865	100.000	169	0	0	12	180	1	169	7.26e-126	351
38P2R3A13_04932	18P3R3A11_03239	97.633	169	4	0	12	180	1	169	1.56e-122	342
38P2R3A13_04933	38P2R3A13_04933	100.000	517	0	0	1	517	1	517	0.0	1056
38P2R3A13_04935	38P2R3A13_04935	100.000	461	0	0	1	461	1	461	0.0	946
38P2R3A13_04935	38P2R3A13_07362	96.529	461	16	0	1	461	1	461	0.0	916
38P2R3A13_04936	38P2R3A13_04936	100.000	246	0	0	1	246	1	246	0.0	500
38P2R3A13_04937	38P2R3A13_04937	100.000	446	0	0	1	446	1	446	0.0	906
38P2R3A13_04937	18P3R3A11_03234	97.982	446	9	0	1	446	1	446	0.0	896
38P2R3A13_04937	34P3R2A10_02369	95.062	162	8	0	285	446	1	162	2.20e-109	320
38P2R3A13_04939	38P2R3A13_04939	100.000	397	0	0	1	397	1	397	0.0	825
38P2R3A13_04939	18P3R3A11_03232	96.222	397	15	0	1	397	1	397	0.0	797
38P2R3A13_04941	38P2R3A13_04941	100.000	141	0	0	1	141	1	141	6.40e-98	277
38P2R3A13_04942	38P2R3A13_04942	100.000	382	0	0	1	382	1	382	0.0	750
38P2R3A13_04942	38P2R3A13_07817	97.889	379	8	0	1	379	1	379	0.0	735
38P2R3A13_04942	18P3R3A11_03229	96.825	378	12	0	1	378	1	378	0.0	728
38P2R3A13_04943	38P2R3A13_04943	100.000	426	0	0	1	426	1	426	0.0	869
38P2R3A13_04944	38P2R3A13_04944	100.000	213	0	0	1	213	1	213	2.82e-162	446
38P2R3A13_04945	38P2R3A13_04945	100.000	327	0	0	1	327	1	327	0.0	642
38P2R3A13_04945	18P3R3A11_03226	97.248	327	9	0	1	327	1	327	0.0	627
38P2R3A13_04952	38P2R3A13_04952	100.000	254	0	0	1	254	1	254	0.0	511
38P2R3A13_04952	18P3R3A11_03043	97.244	254	7	0	1	254	1	254	0.0	501
38P2R3A13_04952	38P2R3A13_08668	95.669	254	11	0	1	254	1	254	1.19e-172	476
38P2R3A13_04953	38P2R3A13_04953	100.000	328	0	0	1	328	1	328	0.0	658
38P2R3A13_04953	37P2R3-2A1_01951	96.552	116	4	0	1	116	1	116	9.62e-46	158
38P2R3A13_04954	38P2R3A13_04954	100.000	672	0	0	1	672	1	672	0.0	1360
38P2R3A13_04954	52P2R3A10_02983	100.000	648	0	0	25	672	1	648	0.0	1307
38P2R3A13_04954	18P3R3A11_03041	97.994	648	13	0	25	672	1	648	0.0	1287
38P2R3A13_04956	38P2R3A13_04956	100.000	332	0	0	1	332	1	332	0.0	662
38P2R3A13_04956	18P3R3A11_03039	97.892	332	7	0	1	332	1	332	0.0	655
38P2R3A13_04956	38P2R3A13_07686	97.590	332	8	0	1	332	1	332	0.0	652
38P2R3A13_04958	38P2R3A13_04958	100.000	113	0	0	1	113	1	113	1.05e-73	214
38P2R3A13_04958	56P2R2A4_01539	96.460	113	4	0	1	113	1	113	1.11e-71	209
38P2R3A13_04963	38P2R3A13_04963	100.000	472	0	0	1	472	1	472	0.0	987
38P2R3A13_04963	18P3R3A11_03032	97.669	472	11	0	1	472	1	472	0.0	969
38P2R3A13_04963	38P2R3A13_08450	96.398	472	17	0	1	472	1	472	0.0	959
38P2R3A13_04964	38P2R3A13_04964	100.000	128	0	0	1	128	1	128	7.28e-91	258
38P2R3A13_04965	38P2R3A13_04965	100.000	121	0	0	1	121	1	121	1.77e-85	244
38P2R3A13_04967	38P2R3A13_04967	100.000	718	0	0	1	718	1	718	0.0	1472
38P2R3A13_04967	56P2R2A4_01549	97.497	719	17	1	1	718	1	719	0.0	1430
38P2R3A13_04969	38P2R3A13_04969	100.000	413	0	0	1	413	1	413	0.0	815
38P2R3A13_04969	38P2R3A13_06743	97.337	413	11	0	1	413	1	413	0.0	798
38P2R3A13_04969	18P3R3A11_03025	97.337	413	11	0	1	413	1	413	0.0	796
38P2R3A13_04970	38P2R3A13_04970	100.000	118	0	0	1	118	1	118	2.46e-79	228
38P2R3A13_04971	38P2R3A13_04971	100.000	333	0	0	1	333	1	333	0.0	689
38P2R3A13_04971	56P2R2A4_01553	97.898	333	7	0	1	333	1	333	0.0	679
38P2R3A13_04972	38P2R3A13_04972	100.000	553	0	0	1	553	1	553	0.0	1144
38P2R3A13_04972	56P2R2A4_01554	97.649	553	13	0	1	553	1	553	0.0	1123
38P2R3A13_04973	38P2R3A13_04973	100.000	412	0	0	1	412	1	412	0.0	789
38P2R3A13_04973	56P2R2A4_01555	97.330	412	11	0	1	412	1	412	0.0	771
38P2R3A13_04974	38P2R3A13_04974	100.000	322	0	0	1	322	1	322	0.0	655
38P2R3A13_04974	38P2R3A13_06738	97.205	322	9	0	1	322	1	322	0.0	639
38P2R3A13_04974	18P3R3A11_03020	96.273	322	12	0	1	322	1	322	0.0	635
38P2R3A13_04975	38P2R3A13_04975	100.000	244	0	0	1	244	1	244	0.0	505
38P2R3A13_04976	38P2R3A13_04976	100.000	569	0	0	1	569	1	569	0.0	1160
38P2R3A13_04976	18P3R3A11_03018	96.283	565	21	0	1	565	1	565	0.0	1118
38P2R3A13_04976	38P2R3A13_06736	97.317	559	15	0	7	565	1	559	0.0	1114
38P2R3A13_04977	38P2R3A13_04977	100.000	413	0	0	1	413	1	413	0.0	853
38P2R3A13_04977	18P3R3A11_03017	97.567	411	10	0	1	411	1	411	0.0	833
38P2R3A13_04977	42P1R1A12_01805	96.040	404	16	0	1	404	1	404	0.0	806
38P2R3A13_04978	38P2R3A13_04978	100.000	306	0	0	1	306	1	306	0.0	634
38P2R3A13_04978	38P2R3A13_07236	95.752	306	13	0	1	306	1	306	0.0	609
38P2R3A13_04979	38P2R3A13_04979	100.000	166	0	0	1	166	1	166	1.24e-117	329
38P2R3A13_04980	38P2R3A13_04980	100.000	513	0	0	1	513	1	513	0.0	1062
38P2R3A13_04980	38P2R3A13_04086	95.720	514	21	1	1	513	1	514	0.0	1028
38P2R3A13_04980	23P1R2A1_04560	95.055	182	9	0	332	513	1	182	1.15e-125	364
38P2R3A13_04980	42P1R1A12_06030	96.914	162	5	0	352	513	1	162	2.05e-112	330
38P2R3A13_04981	38P2R3A13_04981	100.000	447	0	0	1	447	1	447	0.0	909
38P2R3A13_04982	38P2R3A13_04982	100.000	230	0	0	1	230	1	230	3.53e-170	467
38P2R3A13_04983	38P2R3A13_04983	100.000	569	0	0	1	569	1	569	0.0	1152
38P2R3A13_04984	38P2R3A13_04984	100.000	164	0	0	1	164	1	164	3.89e-121	338
38P2R3A13_04984	31P2R1A5_00148	95.122	164	8	0	1	164	1	164	1.06e-115	324
38P2R3A13_04985	38P2R3A13_04985	100.000	887	0	0	1	887	1	887	0.0	1804
38P2R3A13_04985	56P2R2A4_01567	97.948	877	18	0	1	877	1	877	0.0	1744
38P2R3A13_04986	38P2R3A13_04986	100.000	781	0	0	1	781	1	781	0.0	1618
38P2R3A13_04987	38P2R3A13_04987	100.000	298	0	0	1	298	1	298	0.0	605
38P2R3A13_04988	38P2R3A13_04988	100.000	1025	0	0	1	1025	1	1025	0.0	2107
38P2R3A13_04989	38P2R3A13_04989	100.000	58	0	0	1	58	1	58	3.52e-37	117
38P2R3A13_04990	38P2R3A13_04990	100.000	300	0	0	1	300	1	300	0.0	617
38P2R3A13_04991	38P2R3A13_04991	100.000	387	0	0	1	387	1	387	0.0	800
38P2R3A13_04992	38P2R3A13_04992	100.000	205	0	0	1	205	1	205	7.50e-155	426
38P2R3A13_04993	38P2R3A13_04993	100.000	230	0	0	1	230	1	230	8.95e-171	469
38P2R3A13_04993	18P3R3A11_01215	96.087	230	9	0	1	230	1	230	1.71e-164	453
38P2R3A13_04994	38P2R3A13_04994	100.000	181	0	0	1	181	1	181	7.08e-135	374
38P2R3A13_04995	38P2R3A13_04995	100.000	157	0	0	1	157	1	157	5.28e-115	322
38P2R3A13_04996	38P2R3A13_04996	100.000	339	0	0	1	339	1	339	0.0	681
38P2R3A13_04997	38P2R3A13_04997	100.000	417	0	0	1	417	1	417	0.0	864
38P2R3A13_04998	38P2R3A13_04998	100.000	414	0	0	1	414	1	414	0.0	847
38P2R3A13_04998	18P3R3A11_01208	95.411	414	19	0	1	414	1	414	0.0	813
38P2R3A13_04998	38P2R3A13_01062	95.411	414	19	0	1	414	1	414	0.0	811
38P2R3A13_04999	38P2R3A13_04999	100.000	355	0	0	1	355	1	355	0.0	711
38P2R3A13_04999	18P3R3A11_01207	95.493	355	16	0	1	355	1	355	0.0	657
38P2R3A13_05000	38P2R3A13_05000	100.000	332	0	0	1	332	1	332	0.0	638
38P2R3A13_05000	18P3R3A11_01206	97.892	332	7	0	1	332	1	332	0.0	630
38P2R3A13_05001	38P2R3A13_05001	100.000	501	0	0	1	501	1	501	0.0	1014
38P2R3A13_05002	38P2R3A13_05002	100.000	363	0	0	1	363	1	363	0.0	733
38P2R3A13_05003	38P2R3A13_05003	100.000	248	0	0	1	248	1	248	1.78e-177	487
38P2R3A13_05003	18P3R3A11_01203	96.774	248	8	0	1	248	1	248	7.13e-173	476
38P2R3A13_05003	31P2R1A5_01968	96.371	248	9	0	1	248	1	248	8.69e-172	473
38P2R3A13_05006	38P2R3A13_05006	100.000	241	0	0	1	241	1	241	1.10e-172	474
38P2R3A13_05006	18P3R3A11_01198	96.476	227	8	0	1	227	1	227	3.71e-155	430
38P2R3A13_05007	38P2R3A13_05007	100.000	155	0	0	1	155	1	155	9.15e-105	296
38P2R3A13_05007	18P3R3A11_01197	96.774	155	5	0	1	155	1	155	8.24e-102	288
38P2R3A13_05008	38P2R3A13_05008	100.000	371	0	0	1	371	1	371	0.0	753
38P2R3A13_05009	38P2R3A13_05009	100.000	138	0	0	1	138	1	138	2.02e-100	283
38P2R3A13_05010	38P2R3A13_05010	100.000	252	0	0	1	252	1	252	0.0	504
38P2R3A13_05011	38P2R3A13_05011	100.000	285	0	0	1	285	1	285	0.0	587
38P2R3A13_05012	38P2R3A13_05012	100.000	537	0	0	1	537	1	537	0.0	1105
38P2R3A13_05013	38P2R3A13_05013	100.000	392	0	0	1	392	1	392	0.0	805
38P2R3A13_05014	38P2R3A13_05014	100.000	320	0	0	1	320	1	320	0.0	645
38P2R3A13_05015	38P2R3A13_05015	100.000	416	0	0	1	416	1	416	0.0	802
38P2R3A13_05015	18P3R3A11_01189	96.154	416	16	0	1	416	1	416	0.0	775
38P2R3A13_05015	56P2R2A4_00954	96.314	407	15	0	1	407	1	407	0.0	762
38P2R3A13_05015	38P2R3A13_01078	95.192	416	20	0	1	416	1	416	0.0	708
38P2R3A13_05016	38P2R3A13_05016	100.000	335	0	0	1	335	1	335	0.0	630
38P2R3A13_05016	18P3R3A11_01188	95.224	335	16	0	1	335	1	335	0.0	515
38P2R3A13_05017	38P2R3A13_05017	100.000	331	0	0	1	331	1	331	0.0	635
38P2R3A13_05018	38P2R3A13_05018	100.000	267	0	0	1	267	1	267	0.0	542
38P2R3A13_05019	38P2R3A13_05019	100.000	1286	0	0	1	1286	1	1286	0.0	2625
38P2R3A13_05020	38P2R3A13_05020	100.000	71	0	0	1	71	1	71	6.79e-48	145
38P2R3A13_05021	38P2R3A13_05021	100.000	463	0	0	1	463	1	463	0.0	949
38P2R3A13_05022	38P2R3A13_05022	100.000	750	0	0	1	750	1	750	0.0	1548
38P2R3A13_05022	18P3R3A11_01182	97.071	751	18	2	1	750	1	748	0.0	1504
38P2R3A13_05022	38P2R3A13_01085	96.267	750	25	1	1	750	1	747	0.0	1493
38P2R3A13_05023	38P2R3A13_05023	100.000	221	0	0	1	221	1	221	1.33e-165	455
38P2R3A13_05024	38P2R3A13_05024	100.000	73	0	0	1	73	1	73	2.01e-34	112
38P2R3A13_05025	38P2R3A13_05025	100.000	87	0	0	1	87	1	87	1.95e-51	155
38P2R3A13_05026	38P2R3A13_05026	100.000	425	0	0	1	425	1	425	0.0	872
38P2R3A13_05027	38P2R3A13_05027	100.000	711	0	0	1	711	1	711	0.0	1461
38P2R3A13_05028	38P2R3A13_05028	100.000	702	0	0	1	702	1	702	0.0	1459
38P2R3A13_05029	38P2R3A13_05029	100.000	629	0	0	1	629	1	629	0.0	1287
38P2R3A13_05029	47P2R3A6_03217	99.523	629	3	0	1	629	50	678	0.0	1280
38P2R3A13_05029	18P3R3A11_01171	97.615	629	15	0	1	629	50	678	0.0	1263
38P2R3A13_05029	31P2R1A5_05039	96.491	627	22	0	1	627	50	676	0.0	1247
38P2R3A13_05029	10P3R2A13_00998	95.548	629	28	0	1	629	50	678	0.0	1238
38P2R3A13_05031	38P2R3A13_05031	100.000	293	0	0	1	293	1	293	0.0	599
38P2R3A13_05032	38P2R3A13_05032	100.000	287	0	0	1	287	1	287	0.0	548
38P2R3A13_05032	18P3R3A11_02547	96.516	287	10	0	1	287	1	287	0.0	530
38P2R3A13_05032	38P2R3A13_01990	95.819	287	12	0	1	287	1	287	6.15e-179	494
38P2R3A13_05033	38P2R3A13_05033	100.000	225	0	0	1	225	1	225	1.11e-166	458
38P2R3A13_05034	38P2R3A13_05034	100.000	383	0	0	1	383	1	383	0.0	794
38P2R3A13_05034	18P3R3A11_02545	96.730	367	12	0	17	383	1	367	0.0	737
38P2R3A13_05036	38P2R3A13_05036	100.000	320	0	0	1	320	1	320	0.0	638
38P2R3A13_05036	18P3R3A11_02543	96.875	320	10	0	1	320	1	320	0.0	619
38P2R3A13_05037	38P2R3A13_05037	100.000	121	0	0	1	121	1	121	2.36e-87	249
38P2R3A13_05037	38P2R3A13_01996	95.041	121	6	0	1	121	1	121	1.90e-82	236
38P2R3A13_05039	38P2R3A13_05039	100.000	120	0	0	1	120	1	120	1.30e-85	244
38P2R3A13_05041	38P2R3A13_05041	100.000	322	0	0	1	322	1	322	0.0	653
38P2R3A13_05042	38P2R3A13_05042	100.000	505	0	0	1	505	1	505	0.0	1016
38P2R3A13_05043	38P2R3A13_05043	100.000	480	0	0	1	480	1	480	0.0	1010
38P2R3A13_05044	38P2R3A13_05044	100.000	378	0	0	1	378	1	378	0.0	771
38P2R3A13_05045	38P2R3A13_05045	100.000	341	0	0	1	341	1	341	0.0	676
38P2R3A13_05046	38P2R3A13_05046	100.000	741	0	0	1	741	1	741	0.0	1516
38P2R3A13_05047	38P2R3A13_05047	100.000	187	0	0	1	187	1	187	2.54e-137	380
38P2R3A13_05047	18P3R3A11_02532	98.352	182	3	0	6	187	1	182	6.08e-132	367
38P2R3A13_05048	38P2R3A13_05048	100.000	338	0	0	1	338	1	338	0.0	698
38P2R3A13_05049	38P2R3A13_05049	100.000	484	0	0	1	484	1	484	0.0	964
38P2R3A13_05049	18P3R3A11_02530	96.058	482	19	0	1	482	1	482	0.0	909
38P2R3A13_05049	38P2R3A13_02008	95.643	482	21	0	1	482	1	482	0.0	903
38P2R3A13_05050	38P2R3A13_05050	100.000	475	0	0	1	475	1	475	0.0	993
38P2R3A13_05050	18P3R3A11_02529	97.463	473	12	0	1	473	1	473	0.0	965
38P2R3A13_05051	38P2R3A13_05051	100.000	152	0	0	1	152	1	152	9.51e-110	308
38P2R3A13_05052	38P2R3A13_05052	100.000	137	0	0	1	137	1	137	1.90e-100	283
38P2R3A13_05052	37P2R3-2A1_03652	95.620	137	6	0	1	137	1	137	3.28e-96	273
38P2R3A13_05053	38P2R3A13_05053	100.000	256	0	0	1	256	1	256	0.0	527
38P2R3A13_05053	18P3R3A11_02526	96.094	256	10	0	1	256	1	256	0.0	510
38P2R3A13_05054	38P2R3A13_05054	100.000	181	0	0	1	181	1	181	4.86e-136	377
38P2R3A13_05054	18P3R3A11_02525	97.238	181	5	0	1	181	1	181	3.13e-132	367
38P2R3A13_05054	38P2R3A13_02013	96.133	181	7	0	1	181	1	181	6.61e-131	364
38P2R3A13_05056	38P2R3A13_05056	100.000	308	0	0	1	308	1	308	0.0	602
38P2R3A13_05057	38P2R3A13_05057	100.000	605	0	0	1	605	1	605	0.0	1183
38P2R3A13_05058	38P2R3A13_05058	100.000	203	0	0	1	203	1	203	2.01e-148	410
38P2R3A13_05058	18P3R3A11_02521	97.044	203	6	0	1	203	1	203	6.54e-145	401
38P2R3A13_05059	38P2R3A13_05059	100.000	155	0	0	1	155	1	155	1.74e-116	325
38P2R3A13_05059	56P2R2A4_02736	96.129	155	6	0	1	155	1	155	2.26e-112	315
38P2R3A13_05060	38P2R3A13_05060	100.000	117	0	0	1	117	1	117	5.40e-81	233
38P2R3A13_05061	38P2R3A13_05061	100.000	288	0	0	1	288	1	288	0.0	597
38P2R3A13_05062	38P2R3A13_05062	100.000	91	0	0	1	91	1	91	2.13e-62	184
38P2R3A13_05062	18P3R3A11_02517	95.604	91	4	0	1	91	1	91	7.41e-61	180
38P2R3A13_05063	38P2R3A13_05063	100.000	374	0	0	1	374	1	374	0.0	775
38P2R3A13_05064	38P2R3A13_05064	100.000	337	0	0	1	337	1	337	0.0	675
38P2R3A13_05065	38P2R3A13_05065	100.000	691	0	0	1	691	1	691	0.0	1418
38P2R3A13_05065	18P3R3A11_02514	96.237	691	26	0	1	691	1	691	0.0	1365
38P2R3A13_05065	38P2R3A13_02024	95.948	691	28	0	1	691	1	691	0.0	1360
38P2R3A13_05066	38P2R3A13_05066	100.000	115	0	0	1	115	1	115	1.77e-82	236
38P2R3A13_05066	56P2R2A4_02725	95.652	115	5	0	1	115	1	115	4.53e-79	228
38P2R3A13_05067	38P2R3A13_05067	100.000	77	0	0	1	77	1	77	3.56e-52	157
38P2R3A13_05068	38P2R3A13_05068	100.000	854	0	0	1	854	1	854	0.0	1748
38P2R3A13_05068	38P2R3A13_02027	97.658	854	20	0	1	854	1	854	0.0	1711
38P2R3A13_05068	18P3R3A11_02484	96.600	853	28	1	3	854	4	856	0.0	1685
38P2R3A13_05069	38P2R3A13_05069	100.000	79	0	0	1	79	1	79	7.03e-55	164
38P2R3A13_05070	38P2R3A13_05070	100.000	476	0	0	1	476	1	476	0.0	978
38P2R3A13_05070	18P3R3A11_04204	97.899	476	10	0	1	476	1	476	0.0	961
38P2R3A13_05070	31P2R1A5_02172	96.218	476	18	0	1	476	1	476	0.0	946
38P2R3A13_05070	10P3R2A13_02040	95.168	476	23	0	1	476	1	476	0.0	938
38P2R3A13_05070	32P3R2A9_01858	97.583	331	8	0	146	476	1	331	0.0	664
38P2R3A13_05072	38P2R3A13_05072	100.000	136	0	0	1	136	1	136	4.35e-98	277
38P2R3A13_05073	38P2R3A13_05073	100.000	296	0	0	1	296	1	296	0.0	600
38P2R3A13_05074	38P2R3A13_05074	100.000	403	0	0	1	403	1	403	0.0	797
38P2R3A13_05075	38P2R3A13_05075	100.000	126	0	0	1	126	1	126	2.21e-91	259
38P2R3A13_05076	38P2R3A13_05076	100.000	120	0	0	1	120	1	120	3.16e-81	233
38P2R3A13_05077	38P2R3A13_05077	100.000	198	0	0	1	198	1	198	2.02e-145	402
38P2R3A13_05078	38P2R3A13_05078	100.000	396	0	0	1	396	1	396	0.0	814
38P2R3A13_05079	38P2R3A13_05079	100.000	173	0	0	1	173	1	173	2.14e-126	352
38P2R3A13_05080	38P2R3A13_05080	100.000	103	0	0	1	103	1	103	9.18e-72	208
38P2R3A13_05081	38P2R3A13_05081	100.000	760	0	0	1	760	1	760	0.0	1509
38P2R3A13_05081	56P2R2A4_03211	96.042	758	30	0	1	758	1	758	0.0	1314
38P2R3A13_05082	38P2R3A13_05082	100.000	155	0	0	1	155	1	155	4.62e-112	314
38P2R3A13_05083	38P2R3A13_05083	100.000	385	0	0	1	385	1	385	0.0	782
38P2R3A13_05084	38P2R3A13_05084	100.000	67	0	0	1	67	1	67	2.02e-45	139
38P2R3A13_05085	38P2R3A13_05085	100.000	185	0	0	1	185	1	185	7.18e-138	382
38P2R3A13_05086	38P2R3A13_05086	100.000	204	0	0	1	204	1	204	1.98e-151	418
38P2R3A13_05087	38P2R3A13_05087	100.000	117	0	0	1	117	1	117	3.26e-81	233
38P2R3A13_05088	38P2R3A13_05088	100.000	300	0	0	1	300	1	300	0.0	623
38P2R3A13_05090	38P2R3A13_05090	100.000	169	0	0	1	169	1	169	3.88e-126	351
38P2R3A13_05090	18P3R3A11_03646	97.633	169	4	0	1	169	1	169	9.80e-124	345
38P2R3A13_05090	38P2R3A13_06962	97.633	169	4	0	1	169	1	169	3.28e-123	343
38P2R3A13_05091	38P2R3A13_05091	100.000	616	0	0	1	616	1	616	0.0	1259
38P2R3A13_05091	31P2R1A5_03480	96.753	616	18	1	1	616	1	614	0.0	1216
38P2R3A13_05091	10P3R2A13_00056	96.429	616	20	1	1	616	1	614	0.0	1216
38P2R3A13_05091	15P1R1A16_04358	100.000	216	0	0	401	616	1	216	1.11e-154	443
38P2R3A13_05091	38P2R3A13_06961	100.000	126	0	0	491	616	1	126	2.80e-82	254
38P2R3A13_05096	38P2R3A13_05096	100.000	225	0	0	1	225	1	225	4.18e-165	454
38P2R3A13_05096	56P2R2A4_03222	97.778	225	5	0	1	225	1	225	2.54e-162	447
38P2R3A13_05098	38P2R3A13_05098	100.000	153	0	0	1	153	1	153	8.81e-109	306
38P2R3A13_05098	56P2R2A4_03224	97.386	153	4	0	1	153	1	153	1.20e-106	300
38P2R3A13_05098	18P3R3A11_03634	96.732	153	5	0	1	153	1	153	2.13e-106	300
38P2R3A13_05100	38P2R3A13_05100	100.000	105	0	0	1	105	1	105	8.23e-73	211
38P2R3A13_05100	56P2R2A4_03226	97.143	105	3	0	1	105	1	105	7.10e-71	206
38P2R3A13_05102	38P2R3A13_05102	100.000	276	0	0	1	276	1	276	0.0	565
38P2R3A13_05103	38P2R3A13_05103	100.000	338	0	0	1	338	1	338	0.0	693
38P2R3A13_05104	38P2R3A13_05104	100.000	141	0	0	1	141	1	141	3.85e-99	280
38P2R3A13_05107	38P2R3A13_05107	100.000	123	0	0	1	123	1	123	6.11e-87	248
38P2R3A13_05107	38P2R3A13_08462	95.868	121	5	0	1	121	1	121	2.89e-83	239
38P2R3A13_05108	38P2R3A13_05108	100.000	274	0	0	1	274	1	274	0.0	541
38P2R3A13_05108	18P3R3A11_03626	97.810	274	6	0	1	274	1	274	0.0	530
38P2R3A13_05108	38P2R3A13_08461	95.255	274	13	0	1	274	1	274	0.0	516
38P2R3A13_05109	38P2R3A13_05109	100.000	414	0	0	1	414	1	414	0.0	850
38P2R3A13_05109	18P3R3A11_03625	96.377	414	15	0	1	414	1	414	0.0	826
38P2R3A13_05109	38P2R3A13_08460	96.377	414	15	0	1	414	1	414	0.0	825
38P2R3A13_05110	38P2R3A13_05110	100.000	208	0	0	1	208	1	208	2.30e-152	421
38P2R3A13_05110	38P2R3A13_06950	97.115	208	6	0	1	208	1	208	1.37e-148	411
38P2R3A13_05110	18P3R3A11_03624	97.101	207	6	0	2	208	1	207	4.02e-146	405
38P2R3A13_05111	38P2R3A13_05111	100.000	434	0	0	1	434	1	434	0.0	885
38P2R3A13_05111	37P2R3-2A1_04095	97.005	434	13	0	1	434	1	434	0.0	863
38P2R3A13_05111	18P3R3A11_03623	95.622	434	19	0	1	434	1	434	0.0	837
38P2R3A13_05112	38P2R3A13_05112	100.000	952	0	0	1	952	1	952	0.0	1945
38P2R3A13_05112	18P3R3A11_03622	97.794	952	21	0	1	952	1	952	0.0	1909
38P2R3A13_05112	38P2R3A13_06952	95.168	952	46	0	1	952	1	952	0.0	1815
38P2R3A13_05114	38P2R3A13_05114	100.000	99	0	0	1	99	1	99	5.02e-66	193
38P2R3A13_05114	18P3R3A11_03620	96.907	97	3	0	1	97	1	97	2.04e-63	187
38P2R3A13_05116	38P2R3A13_05116	100.000	258	0	0	1	258	1	258	0.0	500
38P2R3A13_05116	18P3R3A11_03614	96.512	258	9	0	1	258	1	258	5.12e-177	487
38P2R3A13_05117	38P2R3A13_05117	100.000	263	0	0	1	263	1	263	0.0	536
38P2R3A13_05117	18P3R3A11_03613	96.958	263	8	0	1	263	1	263	0.0	525
38P2R3A13_05119	38P2R3A13_05119	100.000	222	0	0	1	222	1	222	4.51e-165	454
38P2R3A13_05119	38P2R3A13_06959	96.413	223	7	1	1	222	1	223	1.90e-158	437
38P2R3A13_05120	38P2R3A13_05120	100.000	475	0	0	1	475	1	475	0.0	950
38P2R3A13_05120	47P2R3A6_01561	99.789	475	1	0	1	475	19	493	0.0	947
38P2R3A13_05120	38P2R3A13_06960	97.263	475	13	0	1	475	1	475	0.0	926
38P2R3A13_05120	52P2R3A10_03767	97.263	475	13	0	1	475	19	493	0.0	926
38P2R3A13_05120	18P3R3A11_04580	95.368	475	18	1	1	475	19	489	0.0	884
38P2R3A13_05121	47P2R3A6_01226	99.932	2954	2	0	1	2954	3049	6002	0.0	5711
38P2R3A13_05121	38P2R3A13_05121	100.000	2954	0	0	1	2954	1	2954	0.0	5688
38P2R3A13_05122	38P2R3A13_05122	100.000	751	0	0	1	751	1	751	0.0	1524
38P2R3A13_05122	38P2R3A13_00265	96.699	727	24	0	25	751	1	727	0.0	1424
38P2R3A13_05122	18P3R3A11_00149	95.700	721	31	0	25	745	1	721	0.0	1367
38P2R3A13_05123	38P2R3A13_05123	100.000	392	0	0	1	392	1	392	0.0	794
38P2R3A13_05123	18P3R3A11_00148	96.173	392	15	0	1	392	1	392	0.0	769
38P2R3A13_05124	38P2R3A13_05124	100.000	295	0	0	1	295	1	295	0.0	608
38P2R3A13_05125	38P2R3A13_05125	100.000	488	0	0	1	488	1	488	0.0	1015
38P2R3A13_05126	38P2R3A13_05126	100.000	91	0	0	1	91	1	91	2.39e-61	181
38P2R3A13_05127	38P2R3A13_05127	100.000	223	0	0	1	223	1	223	1.64e-171	470
38P2R3A13_05127	38P2R3A13_00260	95.964	223	9	0	1	223	1	223	3.14e-166	457
38P2R3A13_05128	38P2R3A13_05128	100.000	268	0	0	1	268	1	268	0.0	546
38P2R3A13_05130	38P2R3A13_05130	100.000	373	0	0	1	373	1	373	0.0	757
38P2R3A13_05130	38P2R3A13_00248	97.587	373	9	0	1	373	2	374	0.0	746
38P2R3A13_05130	31P2R1A5_00750	95.174	373	18	0	1	373	1	373	0.0	734
38P2R3A13_05131	38P2R3A13_05131	100.000	564	0	0	1	564	1	564	0.0	1135
38P2R3A13_05132	38P2R3A13_05132	100.000	794	0	0	1	794	1	794	0.0	1625
38P2R3A13_05132	38P2R3A13_00246	95.970	794	32	0	1	794	1	794	0.0	1575
38P2R3A13_05133	38P2R3A13_05133	100.000	308	0	0	1	308	1	308	0.0	619
38P2R3A13_05134	38P2R3A13_05134	100.000	295	0	0	1	295	1	295	0.0	603
38P2R3A13_05134	38P2R3A13_00244	95.254	295	14	0	1	295	1	295	0.0	546
38P2R3A13_05135	38P2R3A13_05135	100.000	130	0	0	1	130	1	130	2.94e-92	262
38P2R3A13_05136	38P2R3A13_05136	100.000	168	0	0	1	168	1	168	4.45e-124	345
38P2R3A13_05137	38P2R3A13_05137	100.000	149	0	0	1	149	1	149	6.72e-105	296
38P2R3A13_05137	38P2R3A13_00241	95.302	149	7	0	1	149	1	149	1.11e-101	287
38P2R3A13_05138	38P2R3A13_05138	100.000	173	0	0	1	173	1	173	1.59e-126	352
38P2R3A13_05139	38P2R3A13_05139	100.000	329	0	0	1	329	1	329	0.0	673
38P2R3A13_05140	38P2R3A13_05140	100.000	542	0	0	1	542	1	542	0.0	1122
38P2R3A13_05141	38P2R3A13_05141	100.000	337	0	0	1	337	1	337	0.0	661
38P2R3A13_05141	38P2R3A13_00237	95.549	337	15	0	1	337	1	337	0.0	638
38P2R3A13_05142	38P2R3A13_05142	100.000	468	0	0	1	468	1	468	0.0	948
38P2R3A13_05142	38P2R3A13_00236	96.154	468	18	0	1	468	1	468	0.0	926
38P2R3A13_05142	18P3R3A11_00980	95.299	468	22	0	1	468	1	468	0.0	914
38P2R3A13_05145	38P2R3A13_05145	100.000	165	0	0	1	165	1	165	2.00e-115	323
38P2R3A13_05145	18P3R3A11_00977	95.732	164	7	0	1	164	1	164	1.40e-111	314
38P2R3A13_05146	38P2R3A13_05146	100.000	60	0	0	1	60	1	60	3.65e-35	112
38P2R3A13_05146	10P3R2A13_01880	95.349	43	2	0	1	43	1	43	1.61e-23	83.6
38P2R3A13_05147	38P2R3A13_05147	100.000	448	0	0	1	448	1	448	0.0	921
38P2R3A13_05147	56P2R2A4_04071	95.759	448	19	0	1	448	1	448	0.0	889
38P2R3A13_05147	38P2R3A13_00230	95.536	448	20	0	1	448	1	448	0.0	882
38P2R3A13_05148	38P2R3A13_05148	100.000	502	0	0	1	502	1	502	0.0	1030
38P2R3A13_05149	38P2R3A13_05149	100.000	286	0	0	1	286	1	286	0.0	581
38P2R3A13_05150	38P2R3A13_05150	100.000	390	0	0	1	390	1	390	0.0	807
38P2R3A13_05151	38P2R3A13_05151	100.000	290	0	0	1	290	1	290	0.0	605
38P2R3A13_05151	56P2R2A4_02552	95.486	288	13	0	1	288	1	288	0.0	579
38P2R3A13_05152	38P2R3A13_05152	100.000	156	0	0	1	156	1	156	1.04e-116	326
38P2R3A13_05153	38P2R3A13_05153	100.000	111	0	0	1	111	1	111	4.69e-79	227
38P2R3A13_05154	38P2R3A13_05154	100.000	166	0	0	1	166	1	166	9.25e-126	350
38P2R3A13_05155	38P2R3A13_05155	100.000	114	0	0	1	114	1	114	2.18e-78	226
38P2R3A13_05157	38P2R3A13_05157	100.000	142	0	0	1	142	1	142	2.29e-105	296
38P2R3A13_05157	18P3R3A11_01412	95.070	142	7	0	1	142	1	142	4.48e-100	283
38P2R3A13_05157	38P2R3A13_03822	95.070	142	7	0	1	142	1	142	1.07e-99	282
38P2R3A13_05160	38P2R3A13_05160	100.000	136	0	0	1	136	1	136	1.40e-95	271
38P2R3A13_05165	38P2R3A13_05165	100.000	127	0	0	1	127	1	127	2.59e-88	252
38P2R3A13_05165	18P3R3A11_01423	96.063	127	5	0	1	127	1	127	1.92e-85	244
38P2R3A13_05168	38P2R3A13_05168	100.000	129	0	0	1	129	1	129	6.60e-94	266
38P2R3A13_05168	56P2R2A4_02534	96.899	129	4	0	1	129	1	129	1.37e-90	258
38P2R3A13_05172	38P2R3A13_05172	100.000	54	0	0	1	54	1	54	8.22e-35	111
38P2R3A13_05175	38P2R3A13_05175	100.000	301	0	0	1	301	1	301	0.0	600
38P2R3A13_05175	18P3R3A11_01433	96.013	301	12	0	1	301	1	301	0.0	578
38P2R3A13_05176	38P2R3A13_05176	100.000	472	0	0	1	472	1	472	0.0	957
38P2R3A13_05176	56P2R2A4_02526	96.822	472	15	0	1	472	1	472	0.0	928
38P2R3A13_05177	38P2R3A13_05177	100.000	108	0	0	1	108	1	108	1.58e-75	218
38P2R3A13_05177	56P2R2A4_02525	97.222	108	3	0	1	108	1	108	2.87e-73	213
38P2R3A13_05178	38P2R3A13_05178	100.000	34	0	0	1	34	1	34	4.69e-18	67.8
38P2R3A13_05178	18P3R3A11_01436	96.552	29	1	0	6	34	104	132	1.23e-14	61.6
38P2R3A13_05179	38P2R3A13_05179	100.000	232	0	0	1	232	1	232	3.16e-171	470
38P2R3A13_05180	38P2R3A13_05180	100.000	157	0	0	1	157	1	157	4.53e-115	322
38P2R3A13_05180	18P3R3A11_01438	96.815	157	5	0	1	157	1	157	1.63e-111	313
38P2R3A13_05182	38P2R3A13_05182	100.000	355	0	0	1	355	1	355	0.0	713
38P2R3A13_05182	18P3R3A11_01440	99.148	352	3	0	1	352	6	357	0.0	702
38P2R3A13_05182	38P2R3A13_03798	95.170	352	17	0	1	352	1	352	0.0	684
38P2R3A13_05183	38P2R3A13_05183	100.000	127	0	0	1	127	1	127	8.82e-94	266
38P2R3A13_05184	38P2R3A13_05184	100.000	103	0	0	1	103	1	103	1.26e-71	208
38P2R3A13_05185	38P2R3A13_05185	100.000	288	0	0	1	288	1	288	0.0	573
38P2R3A13_05186	38P2R3A13_05186	100.000	423	0	0	1	423	1	423	0.0	858
38P2R3A13_05186	56P2R2A4_02519	96.912	421	13	0	1	421	1	421	0.0	836
38P2R3A13_05186	38P2R3A13_03797	95.012	421	21	0	1	421	1	421	0.0	797
38P2R3A13_05187	38P2R3A13_05187	100.000	101	0	0	1	101	1	101	1.77e-70	205
38P2R3A13_05188	38P2R3A13_05188	100.000	213	0	0	1	213	1	213	3.62e-150	415
38P2R3A13_05189	38P2R3A13_05189	100.000	248	0	0	1	248	1	248	0.0	511
38P2R3A13_05190	38P2R3A13_05190	100.000	457	0	0	1	457	1	457	0.0	941
38P2R3A13_05190	37P2R3-2A1_02254	97.593	457	11	0	1	457	1	457	0.0	921
38P2R3A13_05190	38P2R3A13_03794	96.280	457	17	0	1	457	1	457	0.0	912
38P2R3A13_05191	38P2R3A13_05191	100.000	107	0	0	1	107	1	107	2.83e-76	220
38P2R3A13_05191	56P2R2A4_02511	97.196	107	3	0	1	107	1	107	2.02e-74	215
38P2R3A13_05192	38P2R3A13_05192	100.000	182	0	0	1	182	1	182	1.28e-127	356
38P2R3A13_05192	42P1R1A12_02273	96.154	182	7	0	1	182	1	182	1.61e-123	345
38P2R3A13_05194	38P2R3A13_05194	100.000	133	0	0	1	133	1	133	4.35e-91	259
38P2R3A13_05194	38P2R3A13_02423	96.241	133	5	0	1	133	1	133	1.39e-86	248
38P2R3A13_05195	38P2R3A13_05195	100.000	343	0	0	1	343	1	343	0.0	689
38P2R3A13_05195	38P2R3A13_02422	97.654	341	8	0	1	341	1	341	0.0	673
38P2R3A13_05195	18P3R3A11_01786	96.188	341	13	0	1	341	1	341	0.0	665
38P2R3A13_05196	38P2R3A13_05196	100.000	221	0	0	1	221	1	221	3.85e-167	459
38P2R3A13_05196	38P2R3A13_02421	96.347	219	8	0	1	219	1	219	2.28e-159	439
38P2R3A13_05196	18P3R3A11_01787	95.890	219	9	0	1	219	1	219	1.83e-158	437
38P2R3A13_05197	38P2R3A13_05197	100.000	176	0	0	1	176	1	176	3.36e-130	362
38P2R3A13_05198	38P2R3A13_05198	100.000	265	0	0	1	265	1	265	0.0	536
38P2R3A13_05199	38P2R3A13_05199	100.000	294	0	0	1	294	1	294	0.0	590
38P2R3A13_05200	38P2R3A13_05200	100.000	169	0	0	1	169	1	169	4.82e-127	353
38P2R3A13_05201	38P2R3A13_05201	100.000	381	0	0	1	381	1	381	0.0	787
38P2R3A13_05202	38P2R3A13_05202	100.000	328	0	0	1	328	1	328	0.0	676
38P2R3A13_05202	38P2R3A13_02415	98.171	328	6	0	1	328	19	346	0.0	667
38P2R3A13_05202	56P2R2A4_03103	97.866	328	7	0	1	328	1	328	0.0	666
38P2R3A13_05202	18P3R3A11_01793	95.122	328	16	0	1	328	1	328	0.0	631
38P2R3A13_05203	38P2R3A13_05203	100.000	661	0	0	1	661	1	661	0.0	1362
38P2R3A13_05203	38P2R3A13_02414	95.310	661	31	0	1	661	1	661	0.0	1306
38P2R3A13_05204	38P2R3A13_05204	100.000	301	0	0	1	301	1	301	0.0	615
38P2R3A13_05205	38P2R3A13_05205	100.000	552	0	0	1	552	1	552	0.0	1101
38P2R3A13_05206	38P2R3A13_05206	100.000	113	0	0	1	113	1	113	2.19e-74	216
38P2R3A13_05207	38P2R3A13_05207	100.000	135	0	0	1	135	1	135	8.35e-92	261
38P2R3A13_05208	38P2R3A13_05208	100.000	198	0	0	1	198	1	198	1.73e-146	405
38P2R3A13_05209	38P2R3A13_05209	100.000	410	0	0	1	410	1	410	0.0	846
38P2R3A13_05209	56P2R2A4_03110	97.561	410	10	0	1	410	1	410	0.0	830
38P2R3A13_05209	38P2R3A13_02408	97.685	216	5	0	195	410	1	216	4.27e-158	444
38P2R3A13_05209	38P2R3A13_02407	97.906	191	4	0	1	191	1	191	5.06e-135	385
38P2R3A13_05210	38P2R3A13_05210	100.000	244	0	0	1	244	1	244	0.0	496
38P2R3A13_05211	38P2R3A13_05211	100.000	158	0	0	1	158	1	158	7.30e-117	327
38P2R3A13_05212	38P2R3A13_05212	100.000	390	0	0	1	390	1	390	0.0	784
38P2R3A13_05213	38P2R3A13_05213	100.000	193	0	0	1	193	1	193	2.15e-142	394
38P2R3A13_05214	38P2R3A13_05214	100.000	775	0	0	1	775	1	775	0.0	1545
38P2R3A13_05215	38P2R3A13_05215	100.000	202	0	0	1	202	1	202	1.44e-146	405
38P2R3A13_05216	38P2R3A13_05216	100.000	141	0	0	1	141	1	141	2.46e-103	291
38P2R3A13_05216	18P3R3A11_01807	97.163	141	4	0	1	141	1	141	2.42e-101	286
38P2R3A13_05216	38P2R3A13_02400	97.163	141	4	0	1	141	1	141	4.72e-101	285
38P2R3A13_05217	38P2R3A13_05217	100.000	564	0	0	1	564	1	564	0.0	1157
38P2R3A13_05218	38P2R3A13_05218	100.000	118	0	0	1	118	1	118	2.73e-85	243
38P2R3A13_05219	38P2R3A13_05219	100.000	454	0	0	1	454	1	454	0.0	925
38P2R3A13_05220	38P2R3A13_05220	100.000	179	0	0	1	179	1	179	3.98e-127	354
38P2R3A13_05221	38P2R3A13_05221	100.000	84	0	0	1	84	1	84	6.68e-56	167
38P2R3A13_05223	38P2R3A13_05223	100.000	272	0	0	1	272	1	272	0.0	551
38P2R3A13_05224	38P2R3A13_05224	100.000	241	0	0	1	241	1	241	2.96e-179	491
38P2R3A13_05225	38P2R3A13_05225	100.000	355	0	0	1	355	1	355	0.0	744
38P2R3A13_05226	38P2R3A13_05226	100.000	130	0	0	1	130	1	130	3.12e-94	267
38P2R3A13_05227	38P2R3A13_05227	100.000	350	0	0	1	350	1	350	0.0	690
38P2R3A13_05227	38P2R3A13_02389	97.714	350	8	0	1	350	1	350	0.0	676
38P2R3A13_05227	18P3R3A11_01816	95.714	350	15	0	1	350	1	350	0.0	664
38P2R3A13_05228	38P2R3A13_05228	100.000	406	0	0	1	406	1	406	0.0	786
38P2R3A13_05229	38P2R3A13_05229	100.000	186	0	0	1	186	1	186	9.11e-134	372
38P2R3A13_05229	38P2R3A13_02387	96.237	186	7	0	1	186	1	186	3.35e-129	360
38P2R3A13_05229	18P3R3A11_01818	96.237	186	7	0	1	186	1	186	3.54e-129	360
38P2R3A13_05230	38P2R3A13_05230	100.000	222	0	0	1	222	1	222	1.36e-161	445
38P2R3A13_05230	38P2R3A13_02386	96.847	222	7	0	1	222	1	222	8.07e-158	435
38P2R3A13_05230	18P3R3A11_01819	97.297	222	6	0	1	222	1	222	2.58e-157	434
38P2R3A13_05231	38P2R3A13_05231	100.000	81	0	0	1	81	1	81	1.88e-56	168
38P2R3A13_05231	38P2R3A13_02385	97.531	81	2	0	1	81	1	81	2.15e-55	165
38P2R3A13_05231	18P3R3A11_01820	95.062	81	4	0	1	81	1	81	1.01e-53	161
38P2R3A13_05232	38P2R3A13_05232	100.000	324	0	0	1	324	1	324	0.0	666
38P2R3A13_05233	38P2R3A13_05233	100.000	170	0	0	1	170	1	170	1.58e-121	339
38P2R3A13_05234	38P2R3A13_05234	100.000	429	0	0	1	429	1	429	0.0	842
38P2R3A13_05234	18P3R3A11_01823	97.203	429	12	0	1	429	1	429	0.0	822
38P2R3A13_05235	38P2R3A13_05235	100.000	729	0	0	1	729	1	729	0.0	1448
38P2R3A13_05236	38P2R3A13_05236	100.000	209	0	0	1	209	1	209	2.20e-147	408
38P2R3A13_05236	38P2R3A13_03076	97.608	209	5	0	1	209	1	209	7.37e-145	402
38P2R3A13_05236	18P3R3A11_01825	96.651	209	7	0	1	209	1	209	6.54e-144	399
38P2R3A13_05237	38P2R3A13_05237	100.000	120	0	0	1	120	1	120	3.98e-86	246
38P2R3A13_05238	38P2R3A13_05238	100.000	94	0	0	1	94	1	94	1.24e-62	184
38P2R3A13_05239	38P2R3A13_05239	100.000	201	0	0	1	201	1	201	4.52e-150	414
38P2R3A13_05239	18P3R3A11_01828	96.020	201	8	0	1	201	1	201	2.67e-135	377
38P2R3A13_05240	38P2R3A13_05240	100.000	331	0	0	1	331	1	331	0.0	645
38P2R3A13_05240	18P3R3A11_04567	96.677	331	11	0	1	331	1	331	0.0	556
38P2R3A13_05241	38P2R3A13_05241	100.000	293	0	0	1	293	1	293	0.0	606
38P2R3A13_05242	38P2R3A13_05242	100.000	785	0	0	1	785	1	785	0.0	1615
38P2R3A13_05243	38P2R3A13_05243	100.000	112	0	0	1	112	1	112	2.66e-80	230
38P2R3A13_05243	18P3R3A11_04564	96.429	112	4	0	1	112	1	112	1.31e-78	226
38P2R3A13_05243	38P2R3A13_03175	97.321	112	3	0	1	112	1	112	4.06e-78	225
38P2R3A13_05243	27P2R2A12_03894	100.000	41	0	0	72	112	1	41	1.28e-22	82.8
38P2R3A13_05244	38P2R3A13_05244	100.000	146	0	0	1	146	1	146	1.56e-108	305
38P2R3A13_05245	38P2R3A13_05245	100.000	263	0	0	1	263	1	263	0.0	543
38P2R3A13_05245	18P3R3A11_04485	95.817	263	11	0	1	263	1	263	0.0	521
38P2R3A13_05246	38P2R3A13_05246	100.000	339	0	0	1	339	1	339	0.0	690
38P2R3A13_05246	38P2R3A13_03172	95.575	339	15	0	1	339	1	339	0.0	668
38P2R3A13_05247	38P2R3A13_05247	100.000	260	0	0	1	260	1	260	0.0	522
38P2R3A13_05247	18P3R3A11_04483	96.154	260	10	0	1	260	1	260	0.0	511
38P2R3A13_05247	43P2R2A2_05609	95.238	168	8	0	93	260	1	168	2.62e-116	330
38P2R3A13_05247	25P2R1A13_01433	95.935	123	5	0	138	260	1	123	1.18e-81	241
38P2R3A13_05249	38P2R3A13_05249	100.000	151	0	0	1	151	1	151	6.77e-110	308
38P2R3A13_05250	38P2R3A13_05250	100.000	195	0	0	1	195	1	195	1.02e-140	390
38P2R3A13_05250	18P3R3A11_04480	97.436	195	5	0	1	195	1	195	1.19e-137	382
38P2R3A13_05250	38P2R3A13_03168	96.410	195	7	0	1	195	1	195	1.48e-134	374
38P2R3A13_05251	38P2R3A13_05251	100.000	355	0	0	1	355	1	355	0.0	721
38P2R3A13_05252	38P2R3A13_05252	100.000	282	0	0	1	282	1	282	0.0	587
38P2R3A13_05252	18P3R3A11_04478	97.872	282	6	0	1	282	1	282	0.0	578
38P2R3A13_05252	10P3R2A13_01393	95.390	282	13	0	1	282	1	282	0.0	567
38P2R3A13_05253	38P2R3A13_05253	100.000	252	0	0	1	252	1	252	0.0	504
38P2R3A13_05253	38P2R3A13_03165	97.619	252	6	0	1	252	1	252	8.64e-179	491
38P2R3A13_05253	18P3R3A11_04477	95.635	252	11	0	1	252	1	252	2.65e-176	484
38P2R3A13_05253	25P2R1A13_01440	95.804	143	6	0	110	252	1	143	8.14e-95	274
38P2R3A13_05254	38P2R3A13_05254	100.000	227	0	0	1	227	1	227	1.05e-167	461
38P2R3A13_05255	38P2R3A13_05255	100.000	379	0	0	1	379	1	379	0.0	780
38P2R3A13_05256	38P2R3A13_05256	100.000	183	0	0	1	183	1	183	8.62e-135	374
38P2R3A13_05257	38P2R3A13_05257	100.000	145	0	0	1	145	1	145	9.66e-107	300
38P2R3A13_05258	38P2R3A13_05258	100.000	253	0	0	1	253	1	253	0.0	521
38P2R3A13_05259	38P2R3A13_05259	100.000	108	0	0	1	108	1	108	2.70e-68	200
38P2R3A13_05260	38P2R3A13_05260	100.000	150	0	0	1	150	1	150	1.19e-109	308
38P2R3A13_05261	38P2R3A13_05261	100.000	297	0	0	1	297	1	297	0.0	612
38P2R3A13_05262	38P2R3A13_05262	100.000	312	0	0	1	312	1	312	0.0	626
38P2R3A13_05263	38P2R3A13_05263	100.000	511	0	0	1	511	1	511	0.0	1052
