38P2R3A13_06713	38P2R3A13_06713	100.000	591	0	0	1	591	1	591	0.0	1201
38P2R3A13_06713	38P2R3A13_01224	96.277	591	22	0	1	591	1	591	0.0	1164
38P2R3A13_06714	38P2R3A13_06714	100.000	153	0	0	1	153	1	153	1.37e-111	313
38P2R3A13_06714	18P3R3A11_02280	97.386	153	4	0	1	153	1	153	1.68e-109	308
38P2R3A13_06715	38P2R3A13_06715	100.000	349	0	0	1	349	1	349	0.0	729
38P2R3A13_06715	18P3R3A11_02281	95.702	349	15	0	1	349	1	349	0.0	705
38P2R3A13_06715	38P2R3A13_01226	95.129	349	17	0	1	349	2	350	0.0	700
38P2R3A13_06716	38P2R3A13_06716	100.000	273	0	0	1	273	1	273	0.0	557
38P2R3A13_06716	18P3R3A11_02282	95.971	273	11	0	1	273	1	273	0.0	539
38P2R3A13_06716	38P2R3A13_01227	95.238	273	13	0	1	273	1	273	0.0	535
38P2R3A13_06717	38P2R3A13_06717	100.000	567	0	0	1	567	1	567	0.0	1160
38P2R3A13_06718	38P2R3A13_06718	100.000	232	0	0	1	232	1	232	1.89e-176	483
38P2R3A13_06718	18P3R3A11_02284	97.414	232	6	0	1	232	1	232	1.03e-172	474
38P2R3A13_06719	38P2R3A13_06719	100.000	133	0	0	1	133	1	133	6.80e-97	274
38P2R3A13_06720	38P2R3A13_06720	100.000	127	0	0	1	127	1	127	4.01e-89	254
38P2R3A13_06721	38P2R3A13_06721	100.000	624	0	0	1	624	1	624	0.0	1258
38P2R3A13_06721	18P3R3A11_02289	95.192	624	30	0	1	624	1	624	0.0	1208
38P2R3A13_06722	38P2R3A13_06722	100.000	163	0	0	1	163	1	163	2.76e-119	333
38P2R3A13_06723	38P2R3A13_06723	100.000	468	0	0	1	468	1	468	0.0	918
38P2R3A13_06723	56P2R2A4_02570	97.863	468	10	0	1	468	1	468	0.0	899
38P2R3A13_06723	18P3R3A11_01371	96.581	468	16	0	1	468	1	468	0.0	889
38P2R3A13_06725	38P2R3A13_06725	100.000	304	0	0	1	304	1	304	0.0	615
38P2R3A13_06725	18P3R3A11_01373	96.382	304	11	0	1	304	1	304	0.0	591
38P2R3A13_06727	38P2R3A13_06727	100.000	151	0	0	1	151	1	151	4.35e-112	314
38P2R3A13_06728	38P2R3A13_06728	100.000	303	0	0	1	303	1	303	0.0	621
38P2R3A13_06728	18P3R3A11_01376	95.380	303	14	0	1	303	1	303	0.0	570
38P2R3A13_06729	38P2R3A13_06729	100.000	656	0	0	1	656	1	656	0.0	1337
38P2R3A13_06729	18P3R3A11_01377	95.122	656	32	0	1	656	1	656	0.0	1280
38P2R3A13_06730	38P2R3A13_06730	100.000	460	0	0	1	460	1	460	0.0	933
38P2R3A13_06730	18P3R3A11_01379	97.386	459	12	0	2	460	3	461	0.0	914
38P2R3A13_06731	38P2R3A13_06731	100.000	540	0	0	1	540	1	540	0.0	1118
38P2R3A13_06732	38P2R3A13_06732	100.000	253	0	0	1	253	1	253	0.0	512
38P2R3A13_06732	37P2R3-2A1_02165	96.838	253	8	0	1	253	1	253	2.98e-180	494
38P2R3A13_06732	18P3R3A11_01381	96.047	253	10	0	1	253	1	253	7.32e-180	494
38P2R3A13_06733	38P2R3A13_06733	100.000	335	0	0	1	335	1	335	0.0	695
38P2R3A13_06733	18P3R3A11_01384	96.418	335	12	0	1	335	1	335	0.0	672
38P2R3A13_06735	38P2R3A13_06735	100.000	43	0	0	1	43	1	43	1.87e-26	89.7
38P2R3A13_06735	47P2R3A6_00176	97.674	43	1	0	1	43	1	43	2.52e-25	86.7
38P2R3A13_06736	38P2R3A13_06736	100.000	560	0	0	1	560	1	560	0.0	1141
38P2R3A13_06736	38P2R3A13_04976	97.317	559	15	0	1	559	7	565	0.0	1114
38P2R3A13_06736	18P3R3A11_03018	96.964	560	17	0	1	560	7	566	0.0	1111
38P2R3A13_06737	38P2R3A13_06737	100.000	244	0	0	1	244	1	244	0.0	504
38P2R3A13_06737	18P3R3A11_03019	97.131	244	7	0	1	244	1	244	2.06e-180	494
38P2R3A13_06738	38P2R3A13_06738	100.000	322	0	0	1	322	1	322	0.0	655
38P2R3A13_06738	38P2R3A13_04974	97.205	322	9	0	1	322	1	322	0.0	639
38P2R3A13_06738	18P3R3A11_03020	95.963	322	13	0	1	322	1	322	0.0	612
38P2R3A13_06739	38P2R3A13_06739	100.000	412	0	0	1	412	1	412	0.0	789
38P2R3A13_06740	38P2R3A13_06740	100.000	553	0	0	1	553	1	553	0.0	1145
38P2R3A13_06741	38P2R3A13_06741	100.000	333	0	0	1	333	1	333	0.0	689
38P2R3A13_06742	38P2R3A13_06742	100.000	116	0	0	1	116	1	116	3.02e-78	226
38P2R3A13_06742	38P2R3A13_04970	95.050	101	5	0	1	101	1	101	6.76e-64	189
38P2R3A13_06742	18P3R3A11_03024	96.739	92	3	0	1	92	1	92	1.12e-60	181
38P2R3A13_06743	38P2R3A13_06743	100.000	413	0	0	1	413	1	413	0.0	816
38P2R3A13_06743	38P2R3A13_04969	97.337	413	11	0	1	413	1	413	0.0	798
38P2R3A13_06743	18P3R3A11_03025	97.094	413	12	0	1	413	1	413	0.0	797
38P2R3A13_06744	38P2R3A13_06744	100.000	396	0	0	1	396	1	396	0.0	778
38P2R3A13_06744	18P3R3A11_03026	96.717	396	13	0	1	396	1	396	0.0	755
38P2R3A13_06745	38P2R3A13_06745	100.000	741	0	0	1	741	1	741	0.0	1527
38P2R3A13_06746	38P2R3A13_06746	100.000	173	0	0	1	173	1	173	2.12e-125	349
38P2R3A13_06748	38P2R3A13_06748	100.000	281	0	0	1	281	1	281	0.0	585
38P2R3A13_06748	38P2R3A13_02072	95.018	281	14	0	1	281	1	281	0.0	556
38P2R3A13_06749	38P2R3A13_06749	100.000	182	0	0	1	182	1	182	6.70e-135	374
38P2R3A13_06749	38P2R3A13_02071	96.491	114	4	0	69	182	1	114	3.31e-76	223
38P2R3A13_06750	38P2R3A13_06750	100.000	110	0	0	1	110	1	110	1.16e-76	221
38P2R3A13_06751	38P2R3A13_06751	100.000	262	0	0	1	262	1	262	0.0	541
38P2R3A13_06751	18P3R3A11_00907	96.947	262	8	0	1	262	1	262	0.0	524
38P2R3A13_06752	38P2R3A13_06752	100.000	150	0	0	1	150	1	150	4.68e-109	306
38P2R3A13_06752	56P2R2A4_02681	97.333	150	4	0	1	150	1	150	1.07e-105	298
38P2R3A13_06752	38P2R3A13_02068	96.000	150	6	0	1	150	1	150	5.33e-105	296
38P2R3A13_06752	18P3R3A11_00906	95.333	150	7	0	1	150	1	150	3.26e-104	294
38P2R3A13_06754	38P2R3A13_06754	100.000	447	0	0	1	447	1	447	0.0	917
38P2R3A13_06754	18P3R3A11_00903	95.302	447	21	0	1	447	1	447	0.0	854
38P2R3A13_06755	38P2R3A13_06755	100.000	446	0	0	1	446	1	446	0.0	927
38P2R3A13_06756	38P2R3A13_06756	100.000	382	0	0	1	382	1	382	0.0	762
38P2R3A13_06758	38P2R3A13_06758	100.000	505	0	0	1	505	1	505	0.0	1023
38P2R3A13_06758	38P2R3A13_03533	97.628	506	11	1	1	505	338	843	0.0	998
38P2R3A13_06758	18P3R3A11_03518	97.426	505	13	0	1	505	338	842	0.0	998
38P2R3A13_06759	38P2R3A13_06759	100.000	740	0	0	1	740	1	740	0.0	1533
38P2R3A13_06761	38P2R3A13_06761	100.000	297	0	0	1	297	1	297	0.0	606
38P2R3A13_06762	38P2R3A13_06762	100.000	661	0	0	1	661	1	661	0.0	1268
38P2R3A13_06763	38P2R3A13_06763	100.000	427	0	0	1	427	1	427	0.0	875
38P2R3A13_06763	18P3R3A11_03509	96.956	427	13	0	1	427	1	427	0.0	853
38P2R3A13_06763	31P2R1A5_03680	95.316	427	20	0	1	427	1	427	0.0	840
38P2R3A13_06764	38P2R3A13_06764	100.000	467	0	0	1	467	1	467	0.0	917
38P2R3A13_06766	38P2R3A13_06766	100.000	208	0	0	1	208	1	208	1.49e-145	403
38P2R3A13_06766	18P3R3A11_03506	97.115	208	6	0	1	208	1	208	6.01e-142	394
38P2R3A13_06767	38P2R3A13_06767	100.000	267	0	0	1	267	1	267	0.0	536
38P2R3A13_06767	38P2R3A13_03542	95.492	244	11	0	24	267	24	267	1.29e-171	474
38P2R3A13_06768	38P2R3A13_06768	100.000	233	0	0	1	233	1	233	4.02e-171	470
38P2R3A13_06768	18P3R3A11_03504	97.425	233	6	0	1	233	1	233	3.18e-167	460
38P2R3A13_06768	38P2R3A13_03543	96.996	233	7	0	1	233	1	233	1.98e-166	458
38P2R3A13_06769	38P2R3A13_06769	100.000	505	0	0	1	505	1	505	0.0	1046
38P2R3A13_06769	38P2R3A13_03544	96.436	505	18	0	1	505	1	505	0.0	1014
38P2R3A13_06770	38P2R3A13_06770	100.000	55	0	0	1	55	1	55	3.23e-33	107
38P2R3A13_06771	38P2R3A13_06771	100.000	775	0	0	1	775	1	775	0.0	1545
38P2R3A13_06772	38P2R3A13_06772	100.000	1651	0	0	1	1651	1	1651	0.0	3355
38P2R3A13_06773	38P2R3A13_06773	100.000	515	0	0	1	515	1	515	0.0	1036
38P2R3A13_06773	18P3R3A11_03210	97.087	515	15	0	1	515	1	515	0.0	1010
38P2R3A13_06774	38P2R3A13_06774	100.000	456	0	0	1	456	1	456	0.0	946
38P2R3A13_06774	18P3R3A11_03211	96.053	456	18	0	1	456	1	456	0.0	913
38P2R3A13_06775	38P2R3A13_06775	100.000	283	0	0	1	283	1	283	0.0	574
38P2R3A13_06775	38P2R3A13_03481	95.760	283	12	0	1	283	1	283	0.0	555
38P2R3A13_06776	38P2R3A13_06776	100.000	257	0	0	1	257	1	257	0.0	524
38P2R3A13_06777	38P2R3A13_06777	100.000	259	0	0	1	259	1	259	0.0	520
38P2R3A13_06777	18P3R3A11_03214	95.367	259	12	0	1	259	1	259	0.0	500
38P2R3A13_06778	38P2R3A13_06778	100.000	429	0	0	1	429	1	429	0.0	881
38P2R3A13_06778	18P3R3A11_03215	96.970	429	13	0	1	429	1	429	0.0	859
38P2R3A13_06780	38P2R3A13_06780	100.000	105	0	0	1	105	1	105	3.96e-75	217
38P2R3A13_06780	18P3R3A11_02257	99.048	105	1	0	1	105	21	125	9.15e-75	217
38P2R3A13_06781	38P2R3A13_06781	100.000	73	0	0	1	73	1	73	1.93e-49	149
38P2R3A13_06781	18P3R3A11_02258	95.890	73	3	0	1	73	1	73	3.67e-48	146
38P2R3A13_06782	38P2R3A13_06782	100.000	184	0	0	1	184	1	184	9.90e-137	379
38P2R3A13_06783	38P2R3A13_06783	100.000	156	0	0	1	156	1	156	3.80e-115	322
38P2R3A13_06784	38P2R3A13_06784	100.000	487	0	0	1	487	1	487	0.0	984
38P2R3A13_06785	38P2R3A13_06785	100.000	237	0	0	1	237	1	237	1.89e-179	491
38P2R3A13_06786	38P2R3A13_06786	100.000	47	0	0	1	47	1	47	5.77e-28	93.6
38P2R3A13_06786	42P1R1A12_00739	97.872	47	1	0	1	47	1	47	1.20e-27	92.8
38P2R3A13_06788	38P2R3A13_06788	100.000	522	0	0	1	522	1	522	0.0	1066
38P2R3A13_06789	38P2R3A13_06789	100.000	104	0	0	1	104	1	104	4.99e-73	211
38P2R3A13_06789	37P2R3-2A1_01370	96.703	91	3	0	14	104	1	91	1.53e-59	177
38P2R3A13_06789	38P2R3A13_01210	95.604	91	4	0	14	104	1	91	4.30e-59	176
38P2R3A13_06790	38P2R3A13_06790	100.000	302	0	0	1	302	1	302	0.0	593
38P2R3A13_06791	38P2R3A13_06791	100.000	1031	0	0	1	1031	1	1031	0.0	2131
38P2R3A13_06792	38P2R3A13_06792	100.000	357	0	0	1	357	1	357	0.0	713
38P2R3A13_06793	38P2R3A13_06793	100.000	204	0	0	1	204	1	204	9.54e-142	393
38P2R3A13_06794	38P2R3A13_06794	100.000	474	0	0	1	474	1	474	0.0	951
38P2R3A13_06794	38P2R3A13_01215	95.570	474	21	0	1	474	1	474	0.0	899
38P2R3A13_06796	38P2R3A13_06796	100.000	84	0	0	1	84	1	84	3.36e-55	165
38P2R3A13_06796	18P3R3A11_02272	97.619	84	2	0	1	84	1	84	5.96e-54	162
38P2R3A13_06797	38P2R3A13_06797	100.000	516	0	0	1	516	1	516	0.0	1041
38P2R3A13_06797	18P3R3A11_02040	95.155	516	25	0	1	516	1	516	0.0	1001
38P2R3A13_06798	38P2R3A13_06798	100.000	345	0	0	1	345	1	345	0.0	716
38P2R3A13_06799	38P2R3A13_06799	100.000	356	0	0	1	356	1	356	0.0	739
38P2R3A13_06800	38P2R3A13_06800	100.000	393	0	0	1	393	1	393	0.0	817
38P2R3A13_06801	38P2R3A13_06801	100.000	384	0	0	1	384	1	384	0.0	796
38P2R3A13_06802	38P2R3A13_06802	100.000	353	0	0	1	353	1	353	0.0	730
38P2R3A13_06803	38P2R3A13_06803	100.000	214	0	0	1	214	1	214	2.00e-163	449
38P2R3A13_06803	18P3R3A11_02046	96.262	214	8	0	1	214	1	214	8.23e-159	437
38P2R3A13_06803	38P2R3A13_02212	95.327	214	10	0	1	214	1	214	2.08e-146	406
38P2R3A13_06804	38P2R3A13_06804	100.000	578	0	0	1	578	1	578	0.0	1179
38P2R3A13_06805	38P2R3A13_06805	100.000	1259	0	0	1	1259	1	1259	0.0	2539
38P2R3A13_06805	38P2R3A13_02210	95.949	1259	51	0	1	1259	1	1259	0.0	2449
38P2R3A13_06805	18P3R3A11_02048	95.234	1259	60	0	1	1259	1	1259	0.0	2433
38P2R3A13_06806	38P2R3A13_06806	100.000	253	0	0	1	253	1	253	0.0	530
38P2R3A13_06807	38P2R3A13_06807	100.000	239	0	0	1	239	1	239	4.40e-179	491
38P2R3A13_06807	38P2R3A13_01362	95.781	237	10	0	1	237	1	237	2.67e-171	471
38P2R3A13_06809	38P2R3A13_06809	100.000	247	0	0	1	247	1	247	0.0	514
38P2R3A13_06809	38P2R3A13_01360	97.571	247	6	0	1	247	1	247	0.0	506
38P2R3A13_06809	18P3R3A11_04548	96.761	247	8	0	1	247	1	247	0.0	499
38P2R3A13_06811	38P2R3A13_06811	100.000	240	0	0	1	240	1	240	1.72e-174	479
38P2R3A13_06811	18P3R3A11_03321	97.500	240	6	0	1	240	1	240	3.58e-170	468
38P2R3A13_06812	38P2R3A13_06812	100.000	338	0	0	1	338	1	338	0.0	686
38P2R3A13_06813	38P2R3A13_06813	100.000	361	0	0	1	361	1	361	0.0	734
38P2R3A13_06813	18P3R3A11_03319	96.676	361	12	0	1	361	1	361	0.0	707
38P2R3A13_06814	38P2R3A13_06814	100.000	505	0	0	1	505	1	505	0.0	1033
38P2R3A13_06814	18P3R3A11_03318	96.436	505	18	0	1	505	1	505	0.0	998
38P2R3A13_06816	38P2R3A13_06816	100.000	292	0	0	1	292	1	292	0.0	578
38P2R3A13_06816	18P3R3A11_03316	97.945	292	6	0	1	292	1	292	0.0	566
38P2R3A13_06817	38P2R3A13_06817	100.000	534	0	0	1	534	1	534	0.0	1095
38P2R3A13_06817	18P3R3A11_03315	95.880	534	22	0	1	534	1	534	0.0	1057
38P2R3A13_06817	56P2R2A4_03970	95.318	534	25	0	1	534	1	534	0.0	1052
38P2R3A13_06818	38P2R3A13_06818	100.000	257	0	0	1	257	1	257	0.0	534
38P2R3A13_06818	38P2R3A13_01351	95.720	257	11	0	1	257	1	257	0.0	510
38P2R3A13_06820	38P2R3A13_06820	100.000	188	0	0	1	188	1	188	8.74e-138	382
38P2R3A13_06821	38P2R3A13_06821	100.000	209	0	0	1	209	1	209	1.89e-154	426
38P2R3A13_06821	38P2R3A13_00854	96.651	209	7	0	1	209	1	209	1.42e-148	411
38P2R3A13_06822	38P2R3A13_06822	100.000	721	0	0	1	721	1	721	0.0	1464
38P2R3A13_06822	38P2R3A13_00853	97.226	721	20	0	1	721	1	721	0.0	1428
38P2R3A13_06822	18P3R3A11_03116	95.146	721	35	0	1	721	1	721	0.0	1383
38P2R3A13_06823	38P2R3A13_06823	100.000	149	0	0	1	149	1	149	8.10e-105	295
38P2R3A13_06824	38P2R3A13_06824	100.000	685	0	0	1	685	1	685	0.0	1403
38P2R3A13_06824	38P2R3A13_00851	96.058	685	27	0	1	685	1	685	0.0	1357
38P2R3A13_06825	38P2R3A13_06825	100.000	153	0	0	1	153	1	153	1.11e-112	315
38P2R3A13_06825	18P3R3A11_03113	97.386	153	4	0	1	153	1	153	1.92e-109	307
38P2R3A13_06825	56P2R2A4_01304	96.078	153	6	0	1	153	1	153	1.67e-108	305
38P2R3A13_06826	38P2R3A13_06826	100.000	270	0	0	1	270	1	270	0.0	555
38P2R3A13_06827	38P2R3A13_06827	100.000	139	0	0	1	139	1	139	7.29e-100	282
38P2R3A13_06827	18P3R3A11_03111	97.080	137	4	0	1	137	1	137	1.63e-96	273
38P2R3A13_06829	38P2R3A13_06829	100.000	397	0	0	1	397	1	397	0.0	814
38P2R3A13_06829	38P2R3A13_00846	98.992	397	4	0	1	397	17	413	0.0	810
38P2R3A13_06829	18P3R3A11_03109	98.489	397	6	0	1	397	23	419	0.0	806
38P2R3A13_06830	38P2R3A13_06830	100.000	186	0	0	1	186	1	186	2.08e-137	381
38P2R3A13_06831	38P2R3A13_06831	100.000	243	0	0	1	243	1	243	1.54e-179	492
38P2R3A13_06831	47P2R3A6_02335	99.588	243	1	0	1	243	21	263	3.09e-178	489
38P2R3A13_06832	38P2R3A13_06832	100.000	94	0	0	1	94	1	94	6.64e-67	195
38P2R3A13_06833	38P2R3A13_06833	100.000	110	0	0	1	110	1	110	2.91e-78	225
38P2R3A13_06834	38P2R3A13_06834	100.000	220	0	0	1	220	1	220	6.16e-155	428
38P2R3A13_06834	18P3R3A11_03103	97.727	220	5	0	1	220	1	220	3.58e-151	418
38P2R3A13_06835	38P2R3A13_06835	100.000	543	0	0	1	543	1	543	0.0	1123
38P2R3A13_06837	38P2R3A13_06837	100.000	116	0	0	1	116	1	116	2.07e-83	239
38P2R3A13_06837	47P2R3A6_03744	100.000	116	0	0	1	116	134	249	1.12e-82	241
38P2R3A13_06837	18P3R3A11_02937	95.690	116	5	0	1	116	134	249	4.12e-79	233
38P2R3A13_06838	38P2R3A13_06838	100.000	554	0	0	1	554	1	554	0.0	1098
38P2R3A13_06838	18P3R3A11_02936	97.112	554	16	0	1	554	1	554	0.0	1072
38P2R3A13_06841	38P2R3A13_06841	100.000	105	0	0	1	105	1	105	1.21e-74	216
38P2R3A13_06841	38P2R3A13_03360	95.192	104	5	0	1	104	1	104	2.69e-71	207
38P2R3A13_06841	18P3R3A11_02933	95.192	104	5	0	1	104	1	104	6.99e-71	206
38P2R3A13_06842	38P2R3A13_06842	100.000	410	0	0	1	410	1	410	0.0	843
38P2R3A13_06843	38P2R3A13_06843	100.000	431	0	0	1	431	1	431	0.0	860
38P2R3A13_06843	18P3R3A11_02931	97.680	431	10	0	1	431	1	431	0.0	851
38P2R3A13_06843	54P2R2A3_04123	96.752	431	14	0	1	431	1	431	0.0	842
38P2R3A13_06844	38P2R3A13_06844	100.000	383	0	0	1	383	1	383	0.0	784
38P2R3A13_06844	18P3R3A11_02930	97.650	383	9	0	1	383	1	383	0.0	771
38P2R3A13_06845	38P2R3A13_06845	100.000	206	0	0	1	206	1	206	9.02e-150	414
38P2R3A13_06846	38P2R3A13_06846	100.000	293	0	0	1	293	1	293	0.0	598
38P2R3A13_06848	38P2R3A13_06848	100.000	271	0	0	1	271	1	271	0.0	553
38P2R3A13_06848	18P3R3A11_02926	97.417	271	7	0	1	271	1	271	0.0	543
38P2R3A13_06848	38P2R3A13_03353	96.679	271	9	0	1	271	1	271	0.0	537
38P2R3A13_06849	38P2R3A13_06849	100.000	342	0	0	1	342	1	342	0.0	694
38P2R3A13_06850	38P2R3A13_06850	100.000	316	0	0	1	316	1	316	0.0	640
38P2R3A13_06851	38P2R3A13_06851	100.000	480	0	0	1	480	1	480	0.0	988
38P2R3A13_06851	47P2R3A6_03758	99.792	480	1	0	1	480	325	804	0.0	984
38P2R3A13_06851	18P3R3A11_02923	96.042	480	19	0	1	480	325	804	0.0	928
38P2R3A13_06851	43P2R2A2_04869	98.734	79	1	0	402	480	1	79	2.47e-48	160
38P2R3A13_06853	38P2R3A13_06853	100.000	462	0	0	1	462	1	462	0.0	919
38P2R3A13_06853	18P3R3A11_02153	97.835	462	10	0	1	462	1	462	0.0	903
38P2R3A13_06854	38P2R3A13_06854	100.000	247	0	0	1	247	1	247	0.0	509
38P2R3A13_06855	38P2R3A13_06855	100.000	451	0	0	1	451	1	451	0.0	897
38P2R3A13_06855	38P2R3A13_04211	96.452	451	16	0	1	451	1	451	0.0	874
38P2R3A13_06856	38P2R3A13_06856	100.000	360	0	0	1	360	1	360	0.0	746
38P2R3A13_06857	38P2R3A13_06857	100.000	417	0	0	1	417	1	417	0.0	818
38P2R3A13_06857	38P2R3A13_04213	97.122	417	12	0	1	417	1	417	0.0	798
38P2R3A13_06859	38P2R3A13_06859	100.000	226	0	0	1	226	1	226	2.81e-166	457
38P2R3A13_06860	38P2R3A13_06860	100.000	421	0	0	1	421	1	421	0.0	863
38P2R3A13_06860	38P2R3A13_04216	96.675	421	14	0	1	421	1	421	0.0	837
38P2R3A13_06861	38P2R3A13_06861	100.000	362	0	0	1	362	1	362	0.0	747
38P2R3A13_06861	38P2R3A13_04217	97.514	362	9	0	1	362	1	362	0.0	734
38P2R3A13_06861	18P3R3A11_02161	95.028	362	18	0	1	362	1	362	0.0	719
38P2R3A13_06862	38P2R3A13_06862	100.000	349	0	0	1	349	1	349	0.0	716
38P2R3A13_06862	18P3R3A11_02162	95.989	349	14	0	1	349	1	349	0.0	669
38P2R3A13_06862	38P2R3A13_04218	95.702	349	15	0	1	349	1	349	0.0	667
38P2R3A13_06863	38P2R3A13_06863	100.000	368	0	0	1	368	1	368	0.0	736
38P2R3A13_06863	18P3R3A11_02163	97.826	368	8	0	1	368	1	368	0.0	723
38P2R3A13_06863	56P2R2A4_03800	97.283	368	10	0	1	368	1	368	0.0	721
38P2R3A13_06865	38P2R3A13_06865	100.000	549	0	0	1	549	1	549	0.0	1130
38P2R3A13_06865	18P3R3A11_03554	95.628	549	24	0	1	549	1	549	0.0	1084
38P2R3A13_06870	38P2R3A13_06870	100.000	297	0	0	1	297	1	297	0.0	608
38P2R3A13_06870	18P3R3A11_03559	97.980	297	6	0	1	297	1	297	0.0	597
38P2R3A13_06870	38P2R3A13_04228	96.970	297	9	0	1	297	1	297	0.0	593
38P2R3A13_06870	22P1R2A3_03803	96.622	296	10	0	1	296	29	324	0.0	591
38P2R3A13_06870	10P3R2A13_02957	96.622	296	10	0	1	296	1	296	0.0	589
38P2R3A13_06870	42P1R1A12_05903	95.960	297	12	0	1	297	1	297	0.0	561
38P2R3A13_06870	31P2R1A5_04794	95.286	297	14	0	1	297	1	297	0.0	561
38P2R3A13_06872	38P2R3A13_06872	100.000	94	0	0	1	94	1	94	1.93e-65	191
38P2R3A13_06872	38P2R3A13_04226	97.872	94	2	0	1	94	1	94	8.60e-65	190
38P2R3A13_06872	28P2R1A12_03614	96.809	94	3	0	1	94	1	94	2.58e-64	189
38P2R3A13_06872	42P1R1A12_04549	96.809	94	3	0	1	94	1	94	2.91e-64	189
38P2R3A13_06872	10P3R2A13_02959	96.809	94	3	0	1	94	1	94	5.21e-64	188
38P2R3A13_06872	31P2R1A5_04796	96.809	94	3	0	1	94	1	94	8.08e-64	187
38P2R3A13_06872	51P2R2A10_05070	96.809	94	3	0	1	94	1	94	8.82e-64	187
38P2R3A13_06872	18P3R3A11_02169	96.809	94	3	0	1	94	1	94	8.92e-64	187
38P2R3A13_06874	38P2R3A13_06874	100.000	495	0	0	1	495	1	495	0.0	1009
38P2R3A13_06874	38P2R3A13_04223	96.566	495	17	0	1	495	1	495	0.0	981
38P2R3A13_06875	38P2R3A13_06875	100.000	333	0	0	1	333	1	333	0.0	685
38P2R3A13_06875	18P3R3A11_02166	97.605	334	7	1	1	333	90	423	0.0	668
38P2R3A13_06875	10P3R2A13_02963	95.495	333	15	0	1	333	90	422	0.0	663
38P2R3A13_06875	31P2R1A5_04802	96.166	313	12	0	1	313	90	402	0.0	626
38P2R3A13_06875	51P2R2A10_05056	96.141	311	12	0	1	311	90	400	0.0	623
38P2R3A13_06877	38P2R3A13_06877	100.000	565	0	0	1	565	1	565	0.0	1181
38P2R3A13_06877	38P2R3A13_03938	95.044	565	28	0	1	565	1	565	0.0	1088
38P2R3A13_06879	38P2R3A13_06879	100.000	233	0	0	1	233	1	233	2.52e-176	483
38P2R3A13_06880	38P2R3A13_06880	100.000	194	0	0	1	194	1	194	1.05e-148	410
38P2R3A13_06881	38P2R3A13_06881	100.000	147	0	0	1	147	1	147	1.00e-108	305
38P2R3A13_06882	38P2R3A13_06882	100.000	776	0	0	1	776	1	776	0.0	1613
38P2R3A13_06883	38P2R3A13_06883	100.000	221	0	0	1	221	1	221	2.10e-157	434
38P2R3A13_06883	18P3R3A11_02101	97.285	221	6	0	1	221	1	221	6.38e-153	423
38P2R3A13_06885	38P2R3A13_06885	100.000	250	0	0	1	250	1	250	0.0	506
38P2R3A13_06886	38P2R3A13_06886	100.000	313	0	0	1	313	1	313	0.0	632
38P2R3A13_06886	37P2R3-2A1_03204	95.484	310	14	0	1	310	1	310	0.0	579
38P2R3A13_06886	18P3R3A11_02104	95.527	313	14	0	1	313	1	313	0.0	579
38P2R3A13_06888	38P2R3A13_06888	100.000	325	0	0	1	325	1	325	0.0	666
38P2R3A13_06888	38P2R3A13_03949	96.308	325	12	0	1	325	1	325	0.0	649
38P2R3A13_06889	38P2R3A13_06889	100.000	843	0	0	1	843	1	843	0.0	1733
38P2R3A13_06889	18P3R3A11_00644	97.746	843	19	0	1	843	1	843	0.0	1697
38P2R3A13_06889	38P2R3A13_00721	97.628	843	20	0	1	843	1	843	0.0	1695
38P2R3A13_06890	38P2R3A13_06890	100.000	76	0	0	1	76	1	76	2.09e-52	157
38P2R3A13_06891	38P2R3A13_06891	100.000	125	0	0	1	125	1	125	5.64e-86	246
38P2R3A13_06891	37P2R3-2A1_00296	97.600	125	3	0	1	125	1	125	9.90e-85	243
38P2R3A13_06891	18P3R3A11_00642	95.161	124	6	0	2	125	7	130	3.88e-82	236
38P2R3A13_06892	38P2R3A13_06892	100.000	410	0	0	1	410	1	410	0.0	802
38P2R3A13_06892	38P2R3A13_00718	95.802	405	17	0	1	405	1	405	0.0	768
38P2R3A13_06892	18P3R3A11_00609	95.122	410	20	0	1	410	1	410	0.0	721
38P2R3A13_06893	38P2R3A13_06893	100.000	309	0	0	1	309	1	309	0.0	639
38P2R3A13_06894	38P2R3A13_06894	100.000	350	0	0	1	350	1	350	0.0	733
38P2R3A13_06894	18P3R3A11_00607	96.571	350	12	0	1	350	1	350	0.0	714
38P2R3A13_06894	38P2R3A13_00716	96.571	350	12	0	1	350	1	350	0.0	711
38P2R3A13_06895	38P2R3A13_06895	100.000	193	0	0	1	193	1	193	5.47e-142	393
38P2R3A13_06895	18P3R3A11_00606	97.409	193	5	0	1	193	1	193	5.51e-138	383
38P2R3A13_06896	38P2R3A13_06896	100.000	193	0	0	1	193	1	193	2.70e-137	381
38P2R3A13_06897	38P2R3A13_06897	100.000	373	0	0	1	373	1	373	0.0	767
38P2R3A13_06899	38P2R3A13_06899	100.000	82	0	0	1	82	1	82	1.09e-54	163
38P2R3A13_06900	38P2R3A13_06900	100.000	349	0	0	1	349	1	349	0.0	724
38P2R3A13_06900	18P3R3A11_00600	96.848	349	11	0	1	349	1	349	0.0	706
38P2R3A13_06900	38P2R3A13_00710	96.848	349	11	0	1	349	1	349	0.0	704
38P2R3A13_06901	38P2R3A13_06901	100.000	187	0	0	1	187	1	187	3.20e-136	378
38P2R3A13_06903	38P2R3A13_06903	100.000	50	0	0	1	50	1	50	2.51e-32	105
38P2R3A13_06903	47P2R3A6_01492	100.000	50	0	0	1	50	280	329	2.03e-30	107
38P2R3A13_06903	18P3R3A11_04135	96.000	50	2	0	1	50	280	329	1.52e-29	105
38P2R3A13_06904	38P2R3A13_06904	100.000	122	0	0	1	122	1	122	6.66e-84	240
38P2R3A13_06904	38P2R3A13_02953	95.082	122	6	0	1	122	1	122	2.53e-75	219
38P2R3A13_06906	38P2R3A13_06906	100.000	234	0	0	1	234	1	234	2.60e-176	483
38P2R3A13_06906	18P3R3A11_04138	97.436	234	6	0	1	234	1	234	1.73e-172	473
38P2R3A13_06907	38P2R3A13_06907	100.000	434	0	0	1	434	1	434	0.0	874
38P2R3A13_06908	38P2R3A13_06908	100.000	444	0	0	1	444	1	444	0.0	890
38P2R3A13_06908	18P3R3A11_04140	96.622	444	15	0	1	444	1	444	0.0	865
38P2R3A13_06909	38P2R3A13_06909	100.000	137	0	0	1	137	1	137	7.23e-100	282
38P2R3A13_06910	38P2R3A13_06910	100.000	765	0	0	1	765	1	765	0.0	1595
38P2R3A13_06910	18P3R3A11_04144	95.948	765	31	0	1	765	1	765	0.0	1541
38P2R3A13_06911	38P2R3A13_06911	100.000	403	0	0	1	403	1	403	0.0	819
38P2R3A13_06912	38P2R3A13_06912	100.000	444	0	0	1	444	1	444	0.0	891
38P2R3A13_06912	18P3R3A11_04146	97.748	444	10	0	1	444	1	444	0.0	874
38P2R3A13_06914	38P2R3A13_06914	100.000	307	0	0	1	307	1	307	0.0	628
38P2R3A13_06914	18P3R3A11_04148	96.743	307	10	0	1	307	1	307	0.0	608
38P2R3A13_06915	38P2R3A13_06915	100.000	190	0	0	1	190	1	190	5.92e-141	390
38P2R3A13_06915	18P3R3A11_03077	96.316	190	7	0	1	190	1	190	6.89e-136	377
38P2R3A13_06915	38P2R3A13_03426	95.263	190	9	0	1	190	1	190	3.10e-134	373
38P2R3A13_06916	38P2R3A13_06916	100.000	157	0	0	1	157	1	157	8.25e-117	326
38P2R3A13_06916	18P3R3A11_03078	97.452	157	4	0	1	157	1	157	1.91e-114	320
38P2R3A13_06916	10P3R2A13_00590	95.541	157	7	0	1	157	1	157	6.05e-113	317
38P2R3A13_06918	38P2R3A13_06918	100.000	488	0	0	1	488	1	488	0.0	992
38P2R3A13_06918	38P2R3A13_03429	97.336	488	13	0	1	488	1	488	0.0	972
38P2R3A13_06918	18P3R3A11_03080	97.336	488	13	0	1	488	1	488	0.0	971
38P2R3A13_06919	38P2R3A13_06919	100.000	119	0	0	1	119	1	119	1.27e-83	239
38P2R3A13_06920	38P2R3A13_06920	100.000	275	0	0	1	275	1	275	0.0	565
38P2R3A13_06921	38P2R3A13_06921	100.000	440	0	0	1	440	1	440	0.0	884
38P2R3A13_06921	38P2R3A13_03432	97.727	440	10	0	1	440	1	440	0.0	867
38P2R3A13_06921	18P3R3A11_03083	96.818	440	14	0	1	440	1	440	0.0	860
38P2R3A13_06922	38P2R3A13_06922	100.000	319	0	0	1	319	1	319	0.0	655
38P2R3A13_06922	38P2R3A13_03433	95.298	319	15	0	1	319	1	319	0.0	611
38P2R3A13_06922	18P3R3A11_03084	95.298	319	15	0	1	319	1	319	0.0	607
38P2R3A13_06923	38P2R3A13_06923	100.000	474	0	0	1	474	1	474	0.0	962
38P2R3A13_06924	38P2R3A13_06924	100.000	198	0	0	1	198	1	198	2.60e-145	402
38P2R3A13_06924	38P2R3A13_03435	97.980	198	4	0	1	198	1	198	5.89e-143	396
38P2R3A13_06924	18P3R3A11_03086	97.980	198	4	0	1	198	29	226	4.12e-142	395
38P2R3A13_06924	37P2R3-2A1_01995	98.101	158	3	0	41	198	1	158	1.18e-110	313
38P2R3A13_06926	38P2R3A13_06926	100.000	209	0	0	1	209	1	209	2.28e-151	418
38P2R3A13_06926	18P3R3A11_03088	97.129	209	6	0	1	209	1	209	4.23e-149	412
38P2R3A13_06926	42P1R1A12_01716	97.129	209	6	0	1	209	1	209	9.64e-149	411
38P2R3A13_06926	31P2R1A5_02835	95.215	209	10	0	1	209	1	209	1.93e-146	405
38P2R3A13_06927	38P2R3A13_06927	100.000	442	0	0	1	442	1	442	0.0	928
38P2R3A13_06927	47P2R3A6_00101	99.548	442	2	0	1	442	36	477	0.0	924
38P2R3A13_06927	18P3R3A11_03089	95.928	442	18	0	1	442	36	477	0.0	873
38P2R3A13_06929	38P2R3A13_06929	100.000	111	0	0	1	111	1	111	1.52e-78	226
38P2R3A13_06930	38P2R3A13_06930	100.000	241	0	0	1	241	1	241	2.42e-176	484
38P2R3A13_06930	38P2R3A13_01451	97.095	241	7	0	1	241	1	241	1.27e-171	472
38P2R3A13_06930	18P3R3A11_03835	96.266	241	9	0	1	241	1	241	1.36e-169	467
38P2R3A13_06931	38P2R3A13_06931	100.000	468	0	0	1	468	1	468	0.0	955
38P2R3A13_06931	38P2R3A13_01452	96.581	468	16	0	1	468	1	468	0.0	931
38P2R3A13_06931	18P3R3A11_03836	95.513	468	21	0	1	468	1	468	0.0	901
38P2R3A13_06932	38P2R3A13_06932	100.000	472	0	0	1	472	1	472	0.0	938
38P2R3A13_06933	38P2R3A13_06933	100.000	1026	0	0	1	1026	1	1026	0.0	2071
38P2R3A13_06933	38P2R3A13_01454	96.686	1026	34	0	1	1026	1	1026	0.0	2008
38P2R3A13_06933	18P3R3A11_03838	95.712	1026	44	0	1	1026	1	1026	0.0	1933
38P2R3A13_06934	38P2R3A13_06934	100.000	1041	0	0	1	1041	1	1041	0.0	2083
38P2R3A13_06934	18P3R3A11_03839	97.598	1041	25	0	1	1041	1	1041	0.0	2042
38P2R3A13_06934	38P2R3A13_01455	97.310	1041	28	0	1	1041	1	1041	0.0	2039
38P2R3A13_06935	38P2R3A13_06935	100.000	403	0	0	1	403	1	403	0.0	807
38P2R3A13_06936	38P2R3A13_06936	100.000	300	0	0	1	300	1	300	0.0	605
38P2R3A13_06938	38P2R3A13_06938	100.000	426	0	0	1	426	1	426	0.0	857
38P2R3A13_06938	18P3R3A11_03824	96.479	426	15	0	1	426	1	426	0.0	833
38P2R3A13_06938	38P2R3A13_01445	96.009	426	17	0	1	426	1	426	0.0	832
38P2R3A13_06939	38P2R3A13_06939	100.000	335	0	0	1	335	1	335	0.0	688
38P2R3A13_06940	38P2R3A13_06940	100.000	318	0	0	1	318	1	318	0.0	644
38P2R3A13_06941	38P2R3A13_06941	100.000	249	0	0	1	249	1	249	0.0	513
38P2R3A13_06942	38P2R3A13_06942	100.000	267	0	0	1	267	1	267	0.0	546
38P2R3A13_06943	38P2R3A13_06943	100.000	257	0	0	1	257	1	257	0.0	513
38P2R3A13_06944	38P2R3A13_06944	100.000	211	0	0	1	211	1	211	6.33e-158	435
38P2R3A13_06945	38P2R3A13_06945	100.000	67	0	0	1	67	1	67	5.89e-44	135
38P2R3A13_06946	38P2R3A13_06946	100.000	162	0	0	1	162	1	162	6.24e-122	340
38P2R3A13_06947	38P2R3A13_06947	100.000	88	0	0	1	88	1	88	4.00e-59	175
38P2R3A13_06947	18P3R3A11_00060	96.591	88	3	0	1	88	1	88	1.99e-57	171
38P2R3A13_06947	54P2R2A3_05175	95.238	42	2	0	47	88	1	42	9.33e-21	77.4
38P2R3A13_06948	38P2R3A13_06948	100.000	277	0	0	1	277	1	277	0.0	571
38P2R3A13_06949	38P2R3A13_06949	100.000	462	0	0	1	462	1	462	0.0	956
38P2R3A13_06950	38P2R3A13_06950	100.000	208	0	0	1	208	1	208	7.28e-153	422
38P2R3A13_06950	38P2R3A13_05110	97.115	208	6	0	1	208	1	208	1.37e-148	411
38P2R3A13_06951	38P2R3A13_06951	100.000	434	0	0	1	434	1	434	0.0	883
38P2R3A13_06952	38P2R3A13_06952	100.000	952	0	0	1	952	1	952	0.0	1947
38P2R3A13_06952	38P2R3A13_05112	95.168	952	46	0	1	952	1	952	0.0	1837
38P2R3A13_06952	18P3R3A11_03622	95.483	952	43	0	1	952	1	952	0.0	1822
38P2R3A13_06954	38P2R3A13_06954	100.000	99	0	0	1	99	1	99	4.50e-66	193
38P2R3A13_06954	18P3R3A11_03620	95.833	96	4	0	1	96	1	96	2.94e-61	181
38P2R3A13_06955	38P2R3A13_06955	100.000	218	0	0	1	218	1	218	2.89e-161	444
38P2R3A13_06955	18P3R3A11_03619	97.248	218	6	0	1	218	1	218	1.30e-156	432
38P2R3A13_06957	38P2R3A13_06957	100.000	263	0	0	1	263	1	263	0.0	534
38P2R3A13_06958	38P2R3A13_06958	100.000	387	0	0	1	387	1	387	0.0	803
38P2R3A13_06958	18P3R3A11_04578	96.641	387	13	0	1	387	1	387	0.0	780
38P2R3A13_06958	47P2R3A6_01559	96.382	387	14	0	1	387	1	387	0.0	779
38P2R3A13_06959	38P2R3A13_06959	100.000	223	0	0	1	223	1	223	7.80e-166	456
38P2R3A13_06959	38P2R3A13_05119	96.413	223	7	1	1	223	1	222	1.91e-158	437
38P2R3A13_06960	38P2R3A13_06960	100.000	475	0	0	1	475	1	475	0.0	950
38P2R3A13_06960	52P2R3A10_03767	100.000	475	0	0	1	475	19	493	0.0	949
38P2R3A13_06960	47P2R3A6_01561	97.474	475	12	0	1	475	19	493	0.0	929
38P2R3A13_06960	38P2R3A13_05120	97.263	475	13	0	1	475	1	475	0.0	926
38P2R3A13_06960	18P3R3A11_04580	96.000	475	15	1	1	475	19	489	0.0	907
38P2R3A13_06961	38P2R3A13_06961	100.000	126	0	0	1	126	1	126	3.47e-87	249
38P2R3A13_06961	15P1R1A16_04358	100.000	126	0	0	1	126	91	216	1.04e-86	251
38P2R3A13_06961	31P2R1A5_03480	100.000	126	0	0	1	126	489	614	3.57e-83	254
38P2R3A13_06961	10P3R2A13_00056	100.000	126	0	0	1	126	489	614	5.48e-83	254
38P2R3A13_06961	38P2R3A13_05091	100.000	126	0	0	1	126	491	616	5.73e-83	254
38P2R3A13_06961	24P1R3A1_04207	96.032	126	5	0	1	126	494	619	7.11e-80	246
38P2R3A13_06962	38P2R3A13_06962	100.000	169	0	0	1	169	1	169	2.30e-125	349
38P2R3A13_06962	18P3R3A11_03646	97.041	169	5	0	1	169	1	169	1.50e-123	344
38P2R3A13_06962	38P2R3A13_05090	97.633	169	4	0	1	169	1	169	3.28e-123	343
38P2R3A13_06964	38P2R3A13_06964	100.000	216	0	0	1	216	1	216	2.45e-162	446
38P2R3A13_06965	38P2R3A13_06965	100.000	209	0	0	1	209	1	209	3.71e-150	415
38P2R3A13_06966	38P2R3A13_06966	100.000	262	0	0	1	262	1	262	0.0	521
38P2R3A13_06967	38P2R3A13_06967	100.000	292	0	0	1	292	1	292	0.0	595
38P2R3A13_06968	38P2R3A13_06968	100.000	125	0	0	1	125	1	125	3.46e-88	251
38P2R3A13_06969	38P2R3A13_06969	100.000	390	0	0	1	390	1	390	0.0	771
38P2R3A13_06970	38P2R3A13_06970	100.000	255	0	0	1	255	1	255	0.0	519
38P2R3A13_06971	38P2R3A13_06971	100.000	165	0	0	1	165	1	165	2.51e-120	336
38P2R3A13_06972	38P2R3A13_06972	100.000	520	0	0	1	520	1	520	0.0	1042
38P2R3A13_06973	38P2R3A13_06973	100.000	507	0	0	1	507	1	507	0.0	1038
38P2R3A13_06973	38P2R3A13_02923	95.858	507	21	0	1	507	1	507	0.0	999
38P2R3A13_06974	38P2R3A13_06974	100.000	386	0	0	1	386	1	386	0.0	767
38P2R3A13_06976	38P2R3A13_06976	100.000	383	0	0	1	383	1	383	0.0	734
38P2R3A13_06976	18P3R3A11_04201	96.345	383	14	0	1	383	1	383	0.0	711
38P2R3A13_06976	38P2R3A13_01388	95.300	383	18	0	1	383	1	383	0.0	662
38P2R3A13_06977	38P2R3A13_06977	100.000	279	0	0	1	279	1	279	0.0	583
38P2R3A13_06978	38P2R3A13_06978	100.000	662	0	0	1	662	1	662	0.0	1373
38P2R3A13_06979	38P2R3A13_06979	100.000	490	0	0	1	490	1	490	0.0	980
38P2R3A13_06979	18P3R3A11_02482	97.551	490	12	0	1	490	1	490	0.0	960
38P2R3A13_06979	38P2R3A13_01385	96.735	490	16	0	1	490	1	490	0.0	953
38P2R3A13_06980	38P2R3A13_06980	100.000	289	0	0	1	289	1	289	0.0	584
38P2R3A13_06980	38P2R3A13_01384	97.232	289	8	0	1	289	1	289	0.0	571
38P2R3A13_06980	18P3R3A11_02481	95.848	289	12	0	1	289	1	289	0.0	564
38P2R3A13_06981	38P2R3A13_06981	100.000	349	0	0	1	349	1	349	0.0	687
38P2R3A13_06981	38P2R3A13_01383	95.702	349	15	0	1	349	1	349	0.0	645
38P2R3A13_06981	18P3R3A11_02480	95.989	349	14	0	1	349	1	349	0.0	644
38P2R3A13_06982	38P2R3A13_06982	100.000	286	0	0	1	286	1	286	0.0	592
38P2R3A13_06982	38P2R3A13_01382	96.503	286	10	0	1	286	1	286	0.0	575
38P2R3A13_06982	18P3R3A11_02479	95.652	276	12	0	1	276	1	276	0.0	536
38P2R3A13_06983	38P2R3A13_06983	100.000	561	0	0	1	561	1	561	0.0	1102
38P2R3A13_06983	38P2R3A13_01381	96.441	562	19	1	1	561	1	562	0.0	1066
38P2R3A13_06983	18P3R3A11_02478	95.730	562	23	1	1	561	1	562	0.0	1048
38P2R3A13_06984	38P2R3A13_06984	100.000	111	0	0	1	111	1	111	8.50e-78	224
38P2R3A13_06985	38P2R3A13_06985	100.000	296	0	0	1	296	1	296	0.0	612
38P2R3A13_06986	38P2R3A13_06986	100.000	248	0	0	1	248	1	248	0.0	513
38P2R3A13_06987	38P2R3A13_06987	100.000	366	0	0	1	366	1	366	0.0	745
38P2R3A13_06988	38P2R3A13_06988	100.000	135	0	0	1	135	1	135	1.69e-98	278
38P2R3A13_06989	38P2R3A13_06989	100.000	867	0	0	1	867	1	867	0.0	1804
38P2R3A13_06990	38P2R3A13_06990	100.000	418	0	0	1	418	1	418	0.0	833
38P2R3A13_06991	38P2R3A13_06991	100.000	73	0	0	1	73	1	73	2.95e-50	152
38P2R3A13_06992	38P2R3A13_06992	100.000	43	0	0	1	43	1	43	7.49e-25	85.5
38P2R3A13_06993	38P2R3A13_06993	100.000	55	0	0	1	55	1	55	2.87e-37	117
38P2R3A13_06994	38P2R3A13_06994	100.000	187	0	0	1	187	1	187	2.96e-131	365
38P2R3A13_06995	38P2R3A13_06995	100.000	294	0	0	1	294	1	294	0.0	613
38P2R3A13_06996	38P2R3A13_06996	100.000	132	0	0	1	132	1	132	1.76e-94	268
38P2R3A13_06996	42P1R1A12_06224	96.970	132	4	0	1	132	1	132	2.90e-91	260
38P2R3A13_06997	38P2R3A13_06997	100.000	460	0	0	1	460	1	460	0.0	948
38P2R3A13_06997	38P2R3A13_01431	99.348	460	3	0	1	460	30	489	0.0	945
38P2R3A13_06997	18P3R3A11_03803	98.043	460	9	0	1	460	30	489	0.0	934
38P2R3A13_06998	38P2R3A13_06998	100.000	172	0	0	1	172	1	172	7.24e-126	350
38P2R3A13_06999	38P2R3A13_06999	100.000	306	0	0	1	306	1	306	0.0	609
38P2R3A13_07000	38P2R3A13_07000	100.000	577	0	0	1	577	1	577	0.0	1167
38P2R3A13_07001	38P2R3A13_07001	100.000	448	0	0	1	448	1	448	0.0	860
38P2R3A13_07001	18P3R3A11_03800	95.759	448	19	0	1	448	1	448	0.0	832
38P2R3A13_07002	38P2R3A13_07002	100.000	733	0	0	1	733	1	733	0.0	1506
38P2R3A13_07003	38P2R3A13_07003	100.000	150	0	0	1	150	1	150	4.23e-110	309
38P2R3A13_07004	38P2R3A13_07004	100.000	345	0	0	1	345	1	345	0.0	706
38P2R3A13_07006	38P2R3A13_07006	100.000	152	0	0	1	152	1	152	8.74e-113	316
38P2R3A13_07009	38P2R3A13_07009	100.000	261	0	0	1	261	1	261	0.0	536
38P2R3A13_07011	38P2R3A13_07011	100.000	181	0	0	1	181	1	181	1.02e-128	358
38P2R3A13_07012	38P2R3A13_07012	100.000	85	0	0	1	85	1	85	2.44e-54	163
38P2R3A13_07012	38P2R3A13_04173	96.471	85	3	0	1	85	1	85	9.23e-53	159
38P2R3A13_07012	18P3R3A11_02117	95.294	85	4	0	1	85	1	85	7.36e-52	156
38P2R3A13_07013	38P2R3A13_07013	100.000	547	0	0	1	547	1	547	0.0	1117
38P2R3A13_07013	38P2R3A13_04174	96.344	547	20	0	1	547	1	547	0.0	1063
38P2R3A13_07013	18P3R3A11_02118	96.161	547	21	0	1	547	1	547	0.0	1060
38P2R3A13_07014	38P2R3A13_07014	100.000	202	0	0	1	202	1	202	3.95e-145	402
38P2R3A13_07014	18P3R3A11_02119	97.525	202	5	0	1	202	1	202	1.92e-142	395
38P2R3A13_07016	38P2R3A13_07016	100.000	486	0	0	1	486	1	486	0.0	988
38P2R3A13_07016	38P2R3A13_04177	96.708	486	16	0	1	486	1	486	0.0	956
38P2R3A13_07018	38P2R3A13_07018	100.000	269	0	0	1	269	1	269	0.0	555
38P2R3A13_07018	18P3R3A11_02123	96.283	269	10	0	1	269	1	269	0.0	538
38P2R3A13_07018	38P2R3A13_04179	95.539	269	12	0	1	269	1	269	0.0	536
38P2R3A13_07019	38P2R3A13_07019	100.000	754	0	0	1	754	1	754	0.0	1547
38P2R3A13_07019	18P3R3A11_02124	96.021	754	30	0	1	754	1	754	0.0	1503
38P2R3A13_07019	38P2R3A13_04180	95.093	754	37	0	1	754	1	754	0.0	1488
38P2R3A13_07020	47P2R3A6_03610	100.000	191	0	0	1	191	85	275	1.50e-144	402
38P2R3A13_07020	38P2R3A13_07020	100.000	191	0	0	1	191	1	191	5.45e-144	398
38P2R3A13_07020	38P2R3A13_03966	96.859	191	6	0	1	191	1	191	4.55e-141	390
38P2R3A13_07020	18P3R3A11_03593	95.288	191	9	0	1	191	1	191	9.63e-139	385
38P2R3A13_07021	38P2R3A13_07021	100.000	393	0	0	1	393	1	393	0.0	814
38P2R3A13_07021	38P2R3A13_03965	97.201	393	11	0	1	393	1	393	0.0	798
38P2R3A13_07021	18P3R3A11_03594	96.947	393	12	0	1	393	1	393	0.0	795
38P2R3A13_07022	38P2R3A13_07022	100.000	394	0	0	1	394	1	394	0.0	758
38P2R3A13_07022	38P2R3A13_03964	97.462	394	10	0	1	394	1	394	0.0	746
38P2R3A13_07022	18P3R3A11_03595	96.193	394	15	0	1	394	1	394	0.0	724
38P2R3A13_07023	38P2R3A13_07023	100.000	514	0	0	1	514	1	514	0.0	1043
38P2R3A13_07023	38P2R3A13_03963	97.860	514	11	0	1	514	1	514	0.0	1021
38P2R3A13_07023	18P3R3A11_03596	97.082	514	15	0	1	514	1	514	0.0	1016
38P2R3A13_07024	38P2R3A13_07024	100.000	331	0	0	1	331	1	331	0.0	667
38P2R3A13_07024	38P2R3A13_03962	97.885	331	7	0	1	331	1	331	0.0	656
38P2R3A13_07024	18P3R3A11_03597	97.583	331	8	0	1	331	1	331	0.0	656
38P2R3A13_07026	38P2R3A13_07026	100.000	485	0	0	1	485	1	485	0.0	991
38P2R3A13_07027	38P2R3A13_07027	100.000	180	0	0	1	180	1	180	5.26e-135	374
38P2R3A13_07028	38P2R3A13_07028	100.000	307	0	0	1	307	1	307	0.0	627
38P2R3A13_07029	38P2R3A13_07029	100.000	332	0	0	1	332	1	332	0.0	671
38P2R3A13_07030	38P2R3A13_07030	100.000	102	0	0	1	102	1	102	2.02e-73	212
38P2R3A13_07031	38P2R3A13_07031	100.000	587	0	0	1	587	1	587	0.0	1216
38P2R3A13_07031	38P2R3A13_02882	96.422	587	21	0	1	587	1	587	0.0	1178
38P2R3A13_07031	18P3R3A11_02460	96.082	587	23	0	1	587	1	587	0.0	1175
38P2R3A13_07032	38P2R3A13_07032	100.000	236	0	0	1	236	1	236	2.60e-177	486
38P2R3A13_07032	47P2R3A6_00301	97.881	236	5	0	1	236	1	236	1.23e-172	474
38P2R3A13_07033	38P2R3A13_07033	100.000	399	0	0	1	399	1	399	0.0	792
38P2R3A13_07033	38P2R3A13_02884	96.241	399	15	0	1	399	1	399	0.0	763
38P2R3A13_07035	38P2R3A13_07035	100.000	530	0	0	1	530	1	530	0.0	1062
38P2R3A13_07036	38P2R3A13_07036	100.000	342	0	0	1	342	1	342	0.0	685
38P2R3A13_07036	38P2R3A13_02887	95.029	342	17	0	1	342	1	342	0.0	641
38P2R3A13_07037	38P2R3A13_07037	100.000	365	0	0	1	365	1	365	0.0	726
38P2R3A13_07037	18P3R3A11_02466	97.260	365	10	0	1	365	1	365	0.0	714
38P2R3A13_07037	38P2R3A13_02888	96.164	365	14	0	1	365	1	365	0.0	703
38P2R3A13_07038	38P2R3A13_07038	100.000	602	0	0	1	602	1	602	0.0	1232
38P2R3A13_07039	38P2R3A13_07039	100.000	514	0	0	1	514	1	514	0.0	1058
38P2R3A13_07041	38P2R3A13_07041	100.000	73	0	0	1	73	1	73	2.41e-43	134
38P2R3A13_07042	38P2R3A13_07042	100.000	66	0	0	1	66	1	66	4.31e-44	135
38P2R3A13_07043	38P2R3A13_07043	100.000	137	0	0	1	137	1	137	5.20e-96	272
38P2R3A13_07044	38P2R3A13_07044	100.000	143	0	0	1	143	1	143	1.43e-107	302
38P2R3A13_07045	38P2R3A13_07045	100.000	141	0	0	1	141	1	141	3.75e-101	285
38P2R3A13_07046	38P2R3A13_07046	100.000	74	0	0	1	74	1	74	2.13e-48	147
38P2R3A13_07047	38P2R3A13_07047	100.000	231	0	0	1	231	1	231	8.23e-175	479
38P2R3A13_07048	38P2R3A13_07048	100.000	74	0	0	1	74	1	74	5.29e-51	154
38P2R3A13_07049	38P2R3A13_07049	100.000	79	0	0	1	79	1	79	7.63e-54	161
38P2R3A13_07050	38P2R3A13_07050	100.000	68	0	0	1	68	1	68	2.66e-43	134
38P2R3A13_07051	38P2R3A13_07051	100.000	88	0	0	1	88	1	88	4.07e-60	177
38P2R3A13_07052	38P2R3A13_07052	100.000	221	0	0	1	221	1	221	1.15e-160	442
38P2R3A13_07053	38P2R3A13_07053	100.000	324	0	0	1	324	1	324	0.0	660
38P2R3A13_07054	38P2R3A13_07054	100.000	144	0	0	1	144	1	144	1.82e-104	294
38P2R3A13_07054	44P3R3A6_05134	97.222	144	4	0	1	144	1	144	1.47e-102	289
38P2R3A13_07055	38P2R3A13_07055	100.000	424	0	0	1	424	1	424	0.0	884
38P2R3A13_07056	38P2R3A13_07056	100.000	254	0	0	1	254	1	254	0.0	528
38P2R3A13_07056	11P3R3A1_03448	95.618	251	11	0	1	251	1	251	0.0	503
38P2R3A13_07057	38P2R3A13_07057	100.000	453	0	0	1	453	1	453	0.0	941
38P2R3A13_07058	38P2R3A13_07058	100.000	541	0	0	1	541	1	541	0.0	1089
38P2R3A13_07058	18P3R3A11_02938	95.749	541	23	0	1	541	1	541	0.0	1052
38P2R3A13_07059	38P2R3A13_07059	100.000	441	0	0	1	441	1	441	0.0	919
38P2R3A13_07059	18P3R3A11_02939	97.506	441	11	0	1	441	1	441	0.0	898
38P2R3A13_07059	56P2R2A4_03631	96.599	441	15	0	1	441	1	441	0.0	892
38P2R3A13_07060	38P2R3A13_07060	100.000	116	0	0	1	116	1	116	2.22e-78	226
38P2R3A13_07060	18P3R3A11_02940	96.552	116	4	0	1	116	1	116	7.22e-76	219
38P2R3A13_07060	38P2R3A13_03367	95.690	116	5	0	1	116	1	116	2.77e-68	201
38P2R3A13_07061	38P2R3A13_07061	100.000	116	0	0	1	116	1	116	1.46e-80	231
38P2R3A13_07062	38P2R3A13_07062	100.000	431	0	0	1	431	1	431	0.0	881
38P2R3A13_07063	38P2R3A13_07063	100.000	446	0	0	1	446	1	446	0.0	870
38P2R3A13_07063	18P3R3A11_02943	95.964	446	18	0	1	446	1	446	0.0	822
38P2R3A13_07064	38P2R3A13_07064	100.000	309	0	0	1	309	1	309	0.0	642
38P2R3A13_07065	38P2R3A13_07065	100.000	363	0	0	1	363	1	363	0.0	745
38P2R3A13_07066	38P2R3A13_07066	100.000	395	0	0	1	395	1	395	0.0	779
38P2R3A13_07066	18P3R3A11_02946	97.927	386	8	0	10	395	1	386	0.0	744
38P2R3A13_07066	37P2R3-2A1_03373	96.891	386	12	0	10	395	1	386	0.0	740
38P2R3A13_07067	38P2R3A13_07067	100.000	278	0	0	1	278	1	278	0.0	545
38P2R3A13_07068	38P2R3A13_07068	100.000	149	0	0	1	149	1	149	1.90e-110	310
38P2R3A13_07068	37P2R3-2A1_03371	97.315	149	4	0	1	149	1	149	1.14e-107	303
38P2R3A13_07068	38P2R3A13_03375	97.315	149	4	0	1	149	1	149	4.26e-107	301
38P2R3A13_07068	56P2R2A4_03622	95.973	149	6	0	1	149	1	149	3.19e-105	296
38P2R3A13_07069	38P2R3A13_07069	100.000	30	0	0	1	30	1	30	1.33e-11	51.2
38P2R3A13_07069	18P3R3A11_02949	96.667	30	1	0	1	30	1	30	3.79e-11	50.1
38P2R3A13_07070	38P2R3A13_07070	100.000	76	0	0	1	76	1	76	2.31e-52	157
38P2R3A13_07070	47P2R3A6_00764	100.000	76	0	0	1	76	93	168	3.23e-52	160
38P2R3A13_07070	38P2R3A13_01662	96.053	76	3	0	1	76	93	168	1.80e-50	155
38P2R3A13_07071	38P2R3A13_07071	100.000	436	0	0	1	436	1	436	0.0	897
38P2R3A13_07071	38P2R3A13_01661	98.394	436	7	0	1	436	13	448	0.0	888
38P2R3A13_07071	18P3R3A11_03985	96.101	436	17	0	1	436	13	448	0.0	875
38P2R3A13_07073	38P2R3A13_07073	100.000	1207	0	0	1	1207	1	1207	0.0	2471
38P2R3A13_07073	38P2R3A13_01659	97.100	1207	35	0	1	1207	1	1207	0.0	2406
38P2R3A13_07073	18P3R3A11_03987	96.272	1207	45	0	1	1207	1	1207	0.0	2359
38P2R3A13_07074	38P2R3A13_07074	100.000	239	0	0	1	239	1	239	5.29e-180	493
38P2R3A13_07074	38P2R3A13_01658	96.653	239	8	0	1	239	1	239	1.80e-175	481
38P2R3A13_07074	18P3R3A11_03988	95.397	239	11	0	1	239	1	239	9.56e-173	474
38P2R3A13_07075	38P2R3A13_07075	100.000	339	0	0	1	339	1	339	0.0	691
38P2R3A13_07075	37P2R3-2A1_03165	95.870	339	14	0	1	339	1	339	0.0	664
38P2R3A13_07075	18P3R3A11_03989	95.575	339	15	0	1	339	1	339	0.0	664
38P2R3A13_07078	38P2R3A13_07078	100.000	78	0	0	1	78	1	78	2.78e-49	149
38P2R3A13_07079	38P2R3A13_07079	100.000	135	0	0	1	135	1	135	5.38e-97	275
38P2R3A13_07080	38P2R3A13_07080	100.000	165	0	0	1	165	1	165	3.95e-124	345
38P2R3A13_07081	38P2R3A13_07081	100.000	283	0	0	1	283	1	283	0.0	583
38P2R3A13_07081	18P3R3A11_02210	98.233	283	5	0	1	283	423	705	0.0	579
38P2R3A13_07082	38P2R3A13_07082	100.000	219	0	0	1	219	1	219	2.11e-165	454
38P2R3A13_07082	47P2R3A6_03685	100.000	219	0	0	1	219	12	230	4.15e-165	454
38P2R3A13_07084	38P2R3A13_07084	100.000	401	0	0	1	401	1	401	0.0	789
38P2R3A13_07084	18P3R3A11_02213	97.506	401	10	0	1	401	1	401	0.0	775
38P2R3A13_07084	34P3R2A10_04845	97.727	44	1	0	357	400	1	44	2.62e-22	89.0
38P2R3A13_07086	38P2R3A13_07086	100.000	568	0	0	1	568	1	568	0.0	1135
38P2R3A13_07087	38P2R3A13_07087	100.000	773	0	0	1	773	1	773	0.0	1611
38P2R3A13_07088	38P2R3A13_07088	100.000	437	0	0	1	437	1	437	0.0	889
38P2R3A13_07088	18P3R3A11_02217	98.398	437	7	0	1	437	28	464	0.0	880
38P2R3A13_07089	47P2R3A6_02958	99.293	283	2	0	1	283	47	329	0.0	574
38P2R3A13_07089	38P2R3A13_07089	100.000	283	0	0	1	283	1	283	0.0	574
38P2R3A13_07089	38P2R3A13_00995	98.233	283	5	0	1	283	25	307	0.0	570
38P2R3A13_07089	18P3R3A11_02857	95.406	283	13	0	1	283	25	307	0.0	557
38P2R3A13_07090	38P2R3A13_07090	100.000	239	0	0	1	239	1	239	0.0	497
38P2R3A13_07090	18P3R3A11_02858	96.653	239	8	0	1	239	1	239	2.09e-177	486
38P2R3A13_07091	38P2R3A13_07091	100.000	441	0	0	1	441	1	441	0.0	867
38P2R3A13_07091	18P3R3A11_02859	97.052	441	13	0	1	441	1	441	0.0	849
38P2R3A13_07092	38P2R3A13_07092	100.000	459	0	0	1	459	1	459	0.0	963
38P2R3A13_07092	18P3R3A11_02860	95.425	459	21	0	1	459	1	459	0.0	929
38P2R3A13_07092	38P2R3A13_00998	95.861	459	19	0	1	459	1	459	0.0	927
38P2R3A13_07093	38P2R3A13_07093	100.000	347	0	0	1	347	1	347	0.0	707
38P2R3A13_07093	38P2R3A13_00999	97.695	347	8	0	1	347	1	347	0.0	696
38P2R3A13_07094	38P2R3A13_07094	100.000	507	0	0	1	507	1	507	0.0	1016
38P2R3A13_07095	38P2R3A13_07095	100.000	524	0	0	1	524	1	524	0.0	1061
38P2R3A13_07095	18P3R3A11_02863	97.328	524	14	0	1	524	1	524	0.0	1041
38P2R3A13_07095	38P2R3A13_01001	97.519	524	13	0	1	524	1	524	0.0	1038
38P2R3A13_07096	38P2R3A13_07096	100.000	365	0	0	1	365	1	365	0.0	730
38P2R3A13_07096	38P2R3A13_01002	95.068	365	18	0	1	365	1	365	0.0	660
38P2R3A13_07097	38P2R3A13_07097	100.000	370	0	0	1	370	1	370	0.0	724
38P2R3A13_07099	38P2R3A13_07099	100.000	335	0	0	1	335	1	335	0.0	687
38P2R3A13_07099	18P3R3A11_03920	97.313	335	9	0	1	335	1	335	0.0	675
38P2R3A13_07099	38P2R3A13_08315	95.224	335	16	0	1	335	1	335	0.0	657
38P2R3A13_07107	38P2R3A13_07107	100.000	616	0	0	1	616	1	616	0.0	1248
38P2R3A13_07108	38P2R3A13_07108	100.000	284	0	0	1	284	1	284	0.0	576
38P2R3A13_07108	38P2R3A13_08190	97.887	284	6	0	1	284	1	284	0.0	565
38P2R3A13_07108	18P3R3A11_03911	97.887	284	6	0	1	284	1	284	0.0	563
38P2R3A13_07109	38P2R3A13_07109	100.000	645	0	0	1	645	1	645	0.0	1329
38P2R3A13_07109	38P2R3A13_02709	96.434	645	23	0	1	645	1	645	0.0	1290
38P2R3A13_07109	18P3R3A11_00738	95.504	645	29	0	1	645	1	645	0.0	1283
38P2R3A13_07110	38P2R3A13_07110	100.000	664	0	0	1	664	1	664	0.0	1367
38P2R3A13_07110	18P3R3A11_00737	96.078	663	26	0	2	664	1	663	0.0	1324
38P2R3A13_07110	38P2R3A13_02708	96.084	664	26	0	1	664	1	664	0.0	1322
38P2R3A13_07111	38P2R3A13_07111	100.000	289	0	0	1	289	1	289	0.0	600
38P2R3A13_07111	38P2R3A13_02707	95.172	290	13	1	1	289	1	290	0.0	575
38P2R3A13_07112	38P2R3A13_07112	100.000	61	0	0	1	61	1	61	3.37e-39	123
38P2R3A13_07113	38P2R3A13_07113	100.000	251	0	0	1	251	1	251	0.0	516
38P2R3A13_07113	38P2R3A13_02705	95.851	241	10	0	11	251	1	241	5.11e-174	478
38P2R3A13_07114	38P2R3A13_07114	100.000	73	0	0	1	73	1	73	4.59e-44	136
38P2R3A13_07114	38P2R3A13_02704	97.260	73	2	0	1	73	1	73	2.05e-42	132
38P2R3A13_07114	15P1R1A16_00515	98.182	55	1	0	19	73	1	55	1.58e-31	103
38P2R3A13_07115	38P2R3A13_07115	100.000	109	0	0	1	109	1	109	1.20e-71	208
38P2R3A13_07115	38P2R3A13_02703	96.330	109	4	0	1	109	1	109	4.20e-69	202
38P2R3A13_07116	38P2R3A13_07116	100.000	246	0	0	1	246	1	246	0.0	500
38P2R3A13_07116	52P2R3A10_03433	96.341	246	9	0	1	246	1	246	9.14e-176	483
38P2R3A13_07116	38P2R3A13_02702	96.341	246	9	0	1	246	32	277	2.13e-174	481
38P2R3A13_07119	38P2R3A13_07119	100.000	256	0	0	1	256	1	256	0.0	510
38P2R3A13_07120	38P2R3A13_07120	100.000	88	0	0	1	88	1	88	4.40e-60	177
38P2R3A13_07120	18P3R3A11_00727	97.701	87	2	0	1	87	1	87	6.10e-59	178
38P2R3A13_07120	42P1R1A12_04812	95.402	87	4	0	1	87	1	87	2.61e-58	177
38P2R3A13_07121	38P2R3A13_07121	100.000	62	0	0	1	62	1	62	1.62e-39	124
38P2R3A13_07121	18P3R3A11_00727	100.000	62	0	0	1	62	136	197	1.64e-38	125
38P2R3A13_07121	42P1R1A12_04812	95.161	62	3	0	1	62	136	197	1.20e-36	120
38P2R3A13_07122	38P2R3A13_07122	100.000	197	0	0	1	197	1	197	1.59e-146	405
38P2R3A13_07122	18P3R3A11_04364	97.970	197	4	0	1	197	1	197	3.92e-144	399
38P2R3A13_07122	38P2R3A13_05572	95.939	197	8	0	1	197	1	197	6.80e-142	393
38P2R3A13_07123	38P2R3A13_07123	100.000	223	0	0	1	223	1	223	7.24e-165	453
38P2R3A13_07123	18P3R3A11_04363	97.297	222	6	0	1	222	1	222	6.78e-160	441
38P2R3A13_07124	38P2R3A13_07124	100.000	355	0	0	1	355	1	355	0.0	734
38P2R3A13_07124	18P3R3A11_04362	96.338	355	13	0	1	355	1	355	0.0	712
38P2R3A13_07124	54P2R2A3_04864	96.338	355	13	0	1	355	1	355	0.0	708
38P2R3A13_07124	31P2R1A5_05167	95.493	355	16	0	1	355	1	355	0.0	699
38P2R3A13_07124	42P1R1A12_05491	95.493	355	16	0	1	355	1	355	0.0	699
38P2R3A13_07125	38P2R3A13_07125	100.000	258	0	0	1	258	1	258	0.0	534
38P2R3A13_07125	38P2R3A13_05569	96.124	258	10	0	1	258	1	258	0.0	515
38P2R3A13_07126	38P2R3A13_07126	100.000	166	0	0	1	166	1	166	2.06e-121	339
38P2R3A13_07127	38P2R3A13_07127	100.000	632	0	0	1	632	1	632	0.0	1320
38P2R3A13_07127	38P2R3A13_05567	97.310	632	17	0	1	632	1	632	0.0	1289
38P2R3A13_07127	18P3R3A11_04359	97.152	632	18	0	1	632	1	632	0.0	1287
38P2R3A13_07128	38P2R3A13_07128	100.000	212	0	0	1	212	1	212	1.14e-154	427
38P2R3A13_07129	38P2R3A13_07129	100.000	252	0	0	1	252	1	252	0.0	513
38P2R3A13_07130	38P2R3A13_07130	100.000	67	0	0	1	67	1	67	7.10e-44	135
38P2R3A13_07130	56P2R2A4_04105	95.522	67	3	0	1	67	1	67	2.91e-42	131
38P2R3A13_07132	38P2R3A13_07132	100.000	378	0	0	1	378	1	378	0.0	785
38P2R3A13_07132	38P2R3A13_05562	96.000	375	15	0	1	375	1	375	0.0	754
38P2R3A13_07132	56P2R2A4_04103	95.733	375	16	0	1	375	1	375	0.0	751
38P2R3A13_07133	38P2R3A13_07133	100.000	514	0	0	1	514	1	514	0.0	1074
38P2R3A13_07134	38P2R3A13_07134	100.000	348	0	0	1	348	1	348	0.0	724
38P2R3A13_07136	38P2R3A13_07136	100.000	349	0	0	1	349	1	349	0.0	731
38P2R3A13_07136	18P3R3A11_01334	96.848	349	11	0	1	349	1	349	0.0	709
38P2R3A13_07137	38P2R3A13_07137	100.000	339	0	0	1	339	1	339	0.0	706
38P2R3A13_07137	18P3R3A11_01335	97.640	339	8	0	1	339	1	339	0.0	695
38P2R3A13_07137	10P3R2A13_02585	96.755	339	11	0	1	339	1	339	0.0	688
38P2R3A13_07138	38P2R3A13_07138	100.000	491	0	0	1	491	1	491	0.0	1002
38P2R3A13_07139	38P2R3A13_07139	100.000	263	0	0	1	263	1	263	0.0	529
38P2R3A13_07140	38P2R3A13_07140	100.000	50	0	0	1	50	1	50	6.03e-30	99.0
38P2R3A13_07140	18P3R3A11_01338	98.000	50	1	0	1	50	1	50	9.16e-30	98.6
38P2R3A13_07140	56P2R2A4_01094	96.000	50	2	0	1	50	11	60	1.96e-29	97.8
38P2R3A13_07141	38P2R3A13_07141	100.000	258	0	0	1	258	1	258	0.0	522
38P2R3A13_07142	38P2R3A13_07142	100.000	230	0	0	1	230	1	230	2.66e-161	445
38P2R3A13_07142	38P2R3A13_04759	96.522	230	8	0	1	230	1	230	1.11e-156	433
38P2R3A13_07142	18P3R3A11_01340	96.957	230	7	0	1	230	1	230	3.84e-155	429
38P2R3A13_07143	38P2R3A13_07143	100.000	353	0	0	1	353	1	353	0.0	712
38P2R3A13_07143	18P3R3A11_01341	96.317	353	13	0	1	353	1	353	0.0	692
38P2R3A13_07143	38P2R3A13_04758	96.317	353	13	0	1	353	1	353	0.0	689
38P2R3A13_07144	38P2R3A13_07144	100.000	217	0	0	1	217	1	217	1.18e-164	452
38P2R3A13_07144	38P2R3A13_04757	95.392	217	10	0	1	217	1	217	1.74e-157	434
38P2R3A13_07144	47P2R3A6_03055	99.507	203	1	0	15	217	1	203	2.66e-151	418
38P2R3A13_07144	52P2R3A10_01064	95.567	203	9	0	15	217	1	203	1.53e-146	406
38P2R3A13_07145	38P2R3A13_07145	100.000	124	0	0	1	124	1	124	2.62e-86	246
38P2R3A13_07145	18P3R3A11_02302	99.194	124	1	0	1	124	173	296	1.01e-83	246
38P2R3A13_07145	42P1R1A12_00787	95.902	122	5	0	1	122	173	294	1.61e-78	233
38P2R3A13_07145	31P2R1A5_03274	95.082	122	6	0	1	122	173	294	2.38e-78	233
38P2R3A13_07146	38P2R3A13_07146	100.000	454	0	0	1	454	1	454	0.0	904
38P2R3A13_07146	18P3R3A11_02303	95.374	454	21	0	1	454	1	454	0.0	880
38P2R3A13_07147	38P2R3A13_07147	100.000	164	0	0	1	164	1	164	1.03e-115	324
38P2R3A13_07147	38P2R3A13_01249	96.951	164	5	0	1	164	1	164	3.75e-113	318
38P2R3A13_07147	18P3R3A11_02304	96.951	164	5	0	1	164	1	164	1.37e-112	316
38P2R3A13_07148	38P2R3A13_07148	100.000	304	0	0	1	304	1	304	0.0	624
38P2R3A13_07149	38P2R3A13_07149	100.000	198	0	0	1	198	1	198	9.10e-145	400
38P2R3A13_07149	18P3R3A11_02306	95.408	196	9	0	1	196	1	196	2.76e-136	379
38P2R3A13_07150	38P2R3A13_07150	100.000	483	0	0	1	483	1	483	0.0	988
38P2R3A13_07150	18P3R3A11_02307	97.308	483	13	0	1	483	1	483	0.0	965
38P2R3A13_07150	38P2R3A13_01252	95.652	483	21	0	1	483	1	483	0.0	950
38P2R3A13_07152	38P2R3A13_07152	100.000	300	0	0	1	300	1	300	0.0	603
38P2R3A13_07152	47P2R3A6_03425	97.333	300	8	0	1	300	1	300	0.0	586
38P2R3A13_07154	38P2R3A13_07154	100.000	325	0	0	1	325	1	325	0.0	667
38P2R3A13_07155	38P2R3A13_07155	100.000	324	0	0	1	324	1	324	0.0	651
38P2R3A13_07155	38P2R3A13_01257	96.605	324	11	0	1	324	1	324	0.0	633
38P2R3A13_07155	18P3R3A11_02313	96.914	324	10	0	1	324	1	324	0.0	632
38P2R3A13_07156	38P2R3A13_07156	100.000	75	0	0	1	75	1	75	2.38e-49	149
38P2R3A13_07156	18P3R3A11_02314	100.000	75	0	0	1	75	66	140	4.37e-49	151
38P2R3A13_07156	31P2R1A5_03252	96.000	75	3	0	1	75	66	140	4.35e-46	143
38P2R3A13_07157	38P2R3A13_07157	100.000	208	0	0	1	208	1	208	9.55e-148	409
38P2R3A13_07158	38P2R3A13_07158	100.000	323	0	0	1	323	1	323	0.0	654
38P2R3A13_07159	38P2R3A13_07159	100.000	325	0	0	1	325	1	325	0.0	666
38P2R3A13_07160	38P2R3A13_07160	100.000	284	0	0	1	284	1	284	0.0	585
38P2R3A13_07161	38P2R3A13_07161	100.000	69	0	0	1	69	1	69	2.47e-46	141
38P2R3A13_07162	38P2R3A13_07162	100.000	46	0	0	1	46	1	46	7.19e-28	93.6
38P2R3A13_07163	38P2R3A13_07163	100.000	88	0	0	1	88	1	88	5.36e-60	177
38P2R3A13_07164	38P2R3A13_07164	100.000	188	0	0	1	188	1	188	2.38e-136	378
38P2R3A13_07165	38P2R3A13_07165	100.000	141	0	0	1	141	1	141	1.42e-102	289
38P2R3A13_07166	38P2R3A13_07166	100.000	107	0	0	1	107	1	107	6.03e-76	219
38P2R3A13_07167	38P2R3A13_07167	100.000	129	0	0	1	129	1	129	1.70e-92	263
38P2R3A13_07168	38P2R3A13_07168	100.000	91	0	0	1	91	1	91	1.13e-62	184
38P2R3A13_07169	38P2R3A13_07169	100.000	409	0	0	1	409	1	409	0.0	848
38P2R3A13_07170	38P2R3A13_07170	100.000	75	0	0	1	75	1	75	4.30e-49	149
38P2R3A13_07171	47P2R3A6_00675	100.000	73	0	0	1	73	76	148	1.16e-49	152
38P2R3A13_07171	38P2R3A13_07171	100.000	73	0	0	1	73	1	73	3.34e-49	149
38P2R3A13_07171	18P3R3A11_01686	97.260	73	2	0	1	73	76	148	3.61e-48	149
38P2R3A13_07171	38P2R3A13_01805	95.890	73	3	0	1	73	76	148	1.53e-47	147
38P2R3A13_07172	38P2R3A13_07172	100.000	247	0	0	1	247	1	247	0.0	499
38P2R3A13_07172	18P3R3A11_01687	97.571	247	6	0	1	247	1	247	1.58e-178	490
38P2R3A13_07172	31P2R1A5_01005	97.571	247	6	0	1	247	1	247	1.17e-177	488
38P2R3A13_07172	10P3R2A13_04241	95.142	247	12	0	1	247	1	247	1.11e-175	483
38P2R3A13_07173	38P2R3A13_07173	100.000	174	0	0	1	174	1	174	3.83e-126	351
38P2R3A13_07173	18P3R3A11_01688	97.126	174	5	0	1	174	1	174	1.93e-123	345
38P2R3A13_07177	38P2R3A13_07177	100.000	252	0	0	1	252	1	252	0.0	501
38P2R3A13_07177	18P3R3A11_01692	97.222	252	7	0	1	252	1	252	1.17e-179	493
38P2R3A13_07178	38P2R3A13_07178	100.000	227	0	0	1	227	1	227	7.58e-171	469
38P2R3A13_07178	56P2R2A4_00141	97.357	227	6	0	1	227	1	227	2.59e-164	452
38P2R3A13_07178	38P2R3A13_01798	96.916	227	7	0	1	227	94	320	1.80e-163	454
38P2R3A13_07179	38P2R3A13_07179	100.000	440	0	0	1	440	1	440	0.0	904
38P2R3A13_07179	38P2R3A13_01797	97.727	440	10	0	1	440	1	440	0.0	891
38P2R3A13_07179	18P3R3A11_01694	97.727	440	10	0	1	440	1	440	0.0	891
38P2R3A13_07180	38P2R3A13_07180	100.000	324	0	0	1	324	1	324	0.0	674
38P2R3A13_07180	18P3R3A11_01695	95.062	324	16	0	1	324	1	324	0.0	648
38P2R3A13_07182	38P2R3A13_07182	100.000	296	0	0	1	296	1	296	0.0	605
38P2R3A13_07182	38P2R3A13_01794	98.621	290	4	0	7	296	1	290	0.0	588
38P2R3A13_07182	18P3R3A11_01697	98.276	290	5	0	7	296	1	290	0.0	587
38P2R3A13_07183	38P2R3A13_07183	100.000	395	0	0	1	395	1	395	0.0	792
38P2R3A13_07183	18P3R3A11_01903	97.722	395	9	0	1	395	1	395	0.0	779
38P2R3A13_07184	38P2R3A13_07184	100.000	439	0	0	1	439	1	439	0.0	910
38P2R3A13_07185	38P2R3A13_07185	100.000	848	0	0	1	848	1	848	0.0	1757
38P2R3A13_07185	18P3R3A11_01901	97.877	848	18	0	1	848	1	848	0.0	1726
38P2R3A13_07186	38P2R3A13_07186	100.000	109	0	0	1	109	1	109	4.61e-79	227
38P2R3A13_07187	38P2R3A13_07187	100.000	458	0	0	1	458	1	458	0.0	936
38P2R3A13_07187	18P3R3A11_01899	95.415	458	21	0	1	458	1	458	0.0	894
38P2R3A13_07187	38P2R3A13_02339	95.415	458	21	0	1	458	1	458	0.0	892
38P2R3A13_07190	38P2R3A13_07190	100.000	254	0	0	1	254	1	254	0.0	515
38P2R3A13_07193	38P2R3A13_07193	100.000	348	0	0	1	348	1	348	0.0	716
38P2R3A13_07193	18P3R3A11_03697	97.126	348	10	0	1	348	1	348	0.0	696
38P2R3A13_07194	38P2R3A13_07194	100.000	395	0	0	1	395	1	395	0.0	804
38P2R3A13_07195	38P2R3A13_07195	100.000	461	0	0	1	461	1	461	0.0	936
38P2R3A13_07196	38P2R3A13_07196	100.000	146	0	0	1	146	1	146	1.48e-107	302
38P2R3A13_07197	38P2R3A13_07197	100.000	298	0	0	1	298	1	298	0.0	607
38P2R3A13_07197	18P3R3A11_03693	96.309	298	11	0	1	298	1	298	0.0	560
38P2R3A13_07197	38P2R3A13_03497	95.302	298	14	0	1	298	1	298	0.0	556
38P2R3A13_07198	38P2R3A13_07198	100.000	184	0	0	1	184	1	184	2.18e-137	380
38P2R3A13_07198	38P2R3A13_03498	95.109	184	9	0	1	184	1	184	7.61e-131	364
38P2R3A13_07200	38P2R3A13_07200	100.000	317	0	0	1	317	1	317	0.0	666
38P2R3A13_07201	38P2R3A13_07201	100.000	466	0	0	1	466	1	466	0.0	954
38P2R3A13_07201	18P3R3A11_03689	96.781	466	15	0	1	466	1	466	0.0	922
38P2R3A13_07201	38P2R3A13_03501	96.567	466	16	0	1	466	1	466	0.0	919
38P2R3A13_07202	38P2R3A13_07202	100.000	457	0	0	1	457	1	457	0.0	915
38P2R3A13_07202	18P3R3A11_03688	95.624	457	20	0	1	457	1	457	0.0	886
38P2R3A13_07203	38P2R3A13_07203	100.000	192	0	0	1	192	1	192	1.68e-139	387
38P2R3A13_07203	38P2R3A13_04310	96.354	192	7	0	1	192	1	192	1.77e-126	353
38P2R3A13_07203	56P2R2A4_01047	96.354	192	7	0	1	192	1	192	3.49e-126	353
38P2R3A13_07203	18P3R3A11_01288	95.312	192	9	0	1	192	1	192	1.81e-125	351
38P2R3A13_07205	38P2R3A13_07205	100.000	560	0	0	1	560	1	560	0.0	1108
38P2R3A13_07206	38P2R3A13_07206	100.000	69	0	0	1	69	1	69	1.00e-46	142
38P2R3A13_07206	18P3R3A11_01291	95.652	69	3	0	1	69	1	69	1.93e-45	139
38P2R3A13_07206	38P2R3A13_04313	95.652	69	3	0	1	69	1	69	8.04e-45	137
38P2R3A13_07207	38P2R3A13_07207	100.000	471	0	0	1	471	1	471	0.0	983
38P2R3A13_07209	38P2R3A13_07209	100.000	219	0	0	1	219	1	219	1.81e-158	437
38P2R3A13_07210	38P2R3A13_07210	100.000	311	0	0	1	311	1	311	0.0	635
38P2R3A13_07211	38P2R3A13_07211	100.000	246	0	0	1	246	1	246	0.0	496
38P2R3A13_07212	38P2R3A13_07212	100.000	264	0	0	1	264	1	264	0.0	546
38P2R3A13_07213	38P2R3A13_07213	100.000	127	0	0	1	127	1	127	2.36e-94	267
38P2R3A13_07213	18P3R3A11_01298	100.000	127	0	0	1	127	302	428	2.96e-91	270
38P2R3A13_07213	42P1R1A12_01066	96.850	127	4	0	1	127	302	428	1.00e-88	263
38P2R3A13_07213	10P3R2A13_02545	96.850	127	4	0	1	127	302	428	2.60e-88	263
38P2R3A13_07213	31P2R1A5_01857	95.276	127	6	0	1	127	302	428	9.99e-88	261
38P2R3A13_07214	38P2R3A13_07214	100.000	470	0	0	1	470	1	470	0.0	940
38P2R3A13_07214	18P3R3A11_02028	97.872	470	10	0	1	470	1	470	0.0	929
38P2R3A13_07214	10P3R2A13_01513	95.309	469	22	0	1	469	1	469	0.0	908
38P2R3A13_07214	15P1R1A16_04593	95.755	212	9	0	258	469	1	212	2.52e-144	411
38P2R3A13_07215	38P2R3A13_07215	100.000	221	0	0	1	221	1	221	7.06e-166	456
38P2R3A13_07215	18P3R3A11_02029	96.380	221	8	0	1	221	1	221	2.16e-160	442
38P2R3A13_07216	38P2R3A13_07216	100.000	550	0	0	1	550	1	550	0.0	1098
38P2R3A13_07216	18P3R3A11_02030	95.636	550	24	0	1	550	1	550	0.0	1023
38P2R3A13_07217	38P2R3A13_07217	100.000	322	0	0	1	322	1	322	0.0	637
38P2R3A13_07218	38P2R3A13_07218	100.000	280	0	0	1	280	1	280	0.0	575
38P2R3A13_07218	38P2R3A13_02222	95.273	275	13	0	6	280	1	275	0.0	538
38P2R3A13_07219	38P2R3A13_07219	100.000	283	0	0	1	283	1	283	0.0	565
38P2R3A13_07220	38P2R3A13_07220	100.000	129	0	0	1	129	1	129	6.53e-94	266
38P2R3A13_07221	38P2R3A13_07221	100.000	648	0	0	1	648	1	648	0.0	1327
38P2R3A13_07221	18P3R3A11_02035	95.525	648	29	0	1	648	1	648	0.0	1274
38P2R3A13_07222	38P2R3A13_07222	100.000	247	0	0	1	247	1	247	0.0	511
38P2R3A13_07222	38P2R3A13_02216	97.976	247	5	0	1	247	1	247	0.0	503
38P2R3A13_07222	18P3R3A11_02036	97.166	247	7	0	1	247	1	247	0.0	498
38P2R3A13_07223	38P2R3A13_07223	100.000	186	0	0	1	186	1	186	4.30e-137	380
38P2R3A13_07223	56P2R2A4_02613	96.774	186	6	0	1	186	1	186	3.41e-132	368
38P2R3A13_07223	38P2R3A13_02215	96.237	186	7	0	1	186	1	186	4.73e-132	367
38P2R3A13_07223	18P3R3A11_02037	95.699	186	8	0	1	186	1	186	6.33e-120	337
38P2R3A13_07224	38P2R3A13_07224	100.000	66	0	0	1	66	1	66	7.68e-40	125
38P2R3A13_07225	38P2R3A13_07225	100.000	91	0	0	1	91	1	91	8.51e-59	174
38P2R3A13_07226	38P2R3A13_07226	100.000	171	0	0	1	171	1	171	6.97e-129	358
38P2R3A13_07227	38P2R3A13_07227	100.000	47	0	0	1	47	1	47	2.08e-28	94.7
38P2R3A13_07228	38P2R3A13_07228	100.000	75	0	0	1	75	1	75	5.82e-53	159
38P2R3A13_07229	38P2R3A13_07229	100.000	398	0	0	1	398	1	398	0.0	810
38P2R3A13_07230	38P2R3A13_07230	100.000	380	0	0	1	380	1	380	0.0	775
38P2R3A13_07231	38P2R3A13_07231	100.000	78	0	0	1	78	1	78	3.50e-52	157
38P2R3A13_07232	38P2R3A13_07232	100.000	198	0	0	1	198	1	198	2.30e-142	394
38P2R3A13_07233	38P2R3A13_07233	100.000	83	0	0	1	83	1	83	3.47e-56	167
38P2R3A13_07234	38P2R3A13_07234	100.000	303	0	0	1	303	1	303	0.0	614
38P2R3A13_07235	38P2R3A13_07235	100.000	69	0	0	1	69	1	69	1.06e-46	142
38P2R3A13_07236	38P2R3A13_07236	100.000	306	0	0	1	306	1	306	0.0	633
38P2R3A13_07236	18P3R3A11_03016	96.405	306	11	0	1	306	1	306	0.0	612
38P2R3A13_07236	38P2R3A13_04978	95.752	306	13	0	1	306	1	306	0.0	609
38P2R3A13_07237	38P2R3A13_07237	100.000	159	0	0	1	159	1	159	3.65e-117	327
38P2R3A13_07239	38P2R3A13_07239	100.000	310	0	0	1	310	1	310	0.0	630
38P2R3A13_07239	38P2R3A13_02773	95.806	310	13	0	1	310	1	310	0.0	611
38P2R3A13_07239	18P3R3A11_03013	95.806	310	13	0	1	310	1	310	0.0	610
38P2R3A13_07241	38P2R3A13_07241	100.000	443	0	0	1	443	1	443	0.0	900
38P2R3A13_07241	38P2R3A13_02775	96.163	443	15	1	1	443	1	441	0.0	868
38P2R3A13_07242	38P2R3A13_07242	100.000	95	0	0	1	95	1	95	4.84e-65	191
38P2R3A13_07243	38P2R3A13_07243	100.000	437	0	0	1	437	1	437	0.0	885
38P2R3A13_07243	18P3R3A11_03009	97.941	437	9	0	1	437	1	437	0.0	871
38P2R3A13_07244	38P2R3A13_07244	100.000	716	0	0	1	716	1	716	0.0	1461
38P2R3A13_07245	38P2R3A13_07245	100.000	125	0	0	1	125	1	125	1.38e-87	250
38P2R3A13_07245	47P2R3A6_02557	99.200	125	1	0	1	125	815	939	3.97e-79	250
38P2R3A13_07245	18P3R3A11_01535	95.200	125	6	0	1	125	815	939	1.71e-69	224
38P2R3A13_07246	47P2R3A6_02556	100.000	149	0	0	1	149	19	167	5.36e-105	296
38P2R3A13_07246	38P2R3A13_07246	100.000	149	0	0	1	149	1	149	6.09e-105	296
38P2R3A13_07246	42P1R1A12_05645	95.973	149	6	0	1	149	19	167	7.25e-102	288
38P2R3A13_07247	38P2R3A13_07247	100.000	150	0	0	1	150	1	150	3.24e-107	301
38P2R3A13_07247	18P3R3A11_01537	97.973	148	3	0	1	148	1	148	1.86e-105	297
38P2R3A13_07247	31P2R1A5_04406	96.622	148	5	0	1	148	1	148	6.16e-104	293
38P2R3A13_07247	34P3R2A10_03525	96.825	63	2	0	88	150	1	63	2.89e-38	124
38P2R3A13_07248	38P2R3A13_07248	100.000	317	0	0	1	317	1	317	0.0	645
38P2R3A13_07248	18P3R3A11_01538	97.792	317	7	0	1	317	1	317	0.0	635
38P2R3A13_07248	56P2R2A4_02419	97.476	317	8	0	1	317	1	317	0.0	630
38P2R3A13_07249	38P2R3A13_07249	100.000	185	0	0	1	185	1	185	6.32e-136	377
38P2R3A13_07250	38P2R3A13_07250	100.000	257	0	0	1	257	1	257	0.0	533
38P2R3A13_07251	38P2R3A13_07251	100.000	273	0	0	1	273	1	273	0.0	546
38P2R3A13_07252	38P2R3A13_07252	100.000	266	0	0	1	266	1	266	0.0	523
38P2R3A13_07253	38P2R3A13_07253	100.000	165	0	0	1	165	1	165	3.53e-121	338
38P2R3A13_07254	38P2R3A13_07254	100.000	143	0	0	1	143	1	143	6.87e-104	293
38P2R3A13_07255	38P2R3A13_07255	100.000	581	0	0	1	581	1	581	0.0	1200
38P2R3A13_07256	38P2R3A13_07256	100.000	336	0	0	1	336	1	336	0.0	694
38P2R3A13_07257	38P2R3A13_07257	100.000	274	0	0	1	274	1	274	0.0	550
38P2R3A13_07257	38P2R3A13_02552	95.985	274	11	0	1	274	1	274	0.0	528
38P2R3A13_07258	38P2R3A13_07258	100.000	258	0	0	1	258	1	258	0.0	523
38P2R3A13_07258	47P2R3A6_03877	99.612	258	1	0	1	258	20	277	0.0	522
38P2R3A13_07258	38P2R3A13_02375	95.736	258	11	0	1	258	20	277	0.0	503
38P2R3A13_07258	18P3R3A11_01864	95.349	258	12	0	1	258	20	277	0.0	501
38P2R3A13_07261	38P2R3A13_07261	100.000	798	0	0	1	798	1	798	0.0	1654
38P2R3A13_07261	18P3R3A11_01867	96.742	798	26	0	1	798	1	798	0.0	1607
38P2R3A13_07262	38P2R3A13_07262	100.000	694	0	0	1	694	1	694	0.0	1441
38P2R3A13_07262	38P2R3A13_02371	96.110	694	27	0	1	694	1	694	0.0	1390
38P2R3A13_07262	18P3R3A11_01868	96.047	683	27	0	1	683	1	683	0.0	1372
38P2R3A13_07264	38P2R3A13_07264	100.000	446	0	0	1	446	1	446	0.0	896
38P2R3A13_07265	38P2R3A13_07265	100.000	310	0	0	1	310	1	310	0.0	619
38P2R3A13_07266	38P2R3A13_07266	100.000	46	0	0	1	46	1	46	6.47e-25	85.9
38P2R3A13_07267	38P2R3A13_07267	100.000	58	0	0	1	58	1	58	7.16e-38	119
38P2R3A13_07268	38P2R3A13_07268	100.000	114	0	0	1	114	1	114	2.80e-76	221
38P2R3A13_07269	38P2R3A13_07269	100.000	248	0	0	1	248	1	248	3.59e-177	486
38P2R3A13_07270	38P2R3A13_07270	100.000	54	0	0	1	54	1	54	1.09e-31	103
38P2R3A13_07271	38P2R3A13_07271	100.000	300	0	0	1	300	1	300	0.0	578
38P2R3A13_07272	38P2R3A13_07272	100.000	54	0	0	1	54	1	54	8.43e-32	103
38P2R3A13_07273	38P2R3A13_07273	100.000	426	0	0	1	426	1	426	0.0	813
38P2R3A13_07274	38P2R3A13_07274	100.000	298	0	0	1	298	1	298	0.0	623
38P2R3A13_07275	38P2R3A13_07275	100.000	452	0	0	1	452	1	452	0.0	920
38P2R3A13_07276	38P2R3A13_07276	100.000	275	0	0	1	275	1	275	0.0	570
38P2R3A13_07277	38P2R3A13_07277	100.000	132	0	0	1	132	1	132	5.90e-97	274
38P2R3A13_07278	38P2R3A13_07278	100.000	197	0	0	1	197	1	197	1.09e-143	397
38P2R3A13_07281	38P2R3A13_07281	100.000	297	0	0	1	297	1	297	0.0	588
38P2R3A13_07281	38P2R3A13_02719	97.306	297	8	0	1	297	1	297	0.0	573
38P2R3A13_07281	18P3R3A11_00749	96.296	297	11	0	1	297	1	297	0.0	568
38P2R3A13_07282	38P2R3A13_07282	100.000	322	0	0	1	322	1	322	0.0	640
38P2R3A13_07282	38P2R3A13_02720	96.894	322	10	0	1	322	1	322	0.0	626
38P2R3A13_07282	18P3R3A11_00750	95.333	300	14	0	23	322	23	322	0.0	560
38P2R3A13_07283	38P2R3A13_07283	100.000	547	0	0	1	547	1	547	0.0	1128
38P2R3A13_07283	38P2R3A13_02721	97.075	547	16	0	1	547	1	547	0.0	1095
38P2R3A13_07284	38P2R3A13_07284	100.000	113	0	0	1	113	1	113	2.06e-81	233
38P2R3A13_07285	38P2R3A13_07285	100.000	290	0	0	1	290	1	290	0.0	573
38P2R3A13_07286	38P2R3A13_07286	100.000	124	0	0	1	124	1	124	8.61e-89	253
38P2R3A13_07288	38P2R3A13_07288	100.000	217	0	0	1	217	1	217	9.69e-160	440
38P2R3A13_07289	38P2R3A13_07289	100.000	221	0	0	1	221	1	221	3.10e-166	456
38P2R3A13_07289	18P3R3A11_01704	95.475	221	10	0	1	221	1	221	1.23e-160	442
38P2R3A13_07290	38P2R3A13_07290	100.000	687	0	0	1	687	1	687	0.0	1429
38P2R3A13_07290	38P2R3A13_01788	96.943	687	21	0	1	687	1	687	0.0	1400
38P2R3A13_07290	18P3R3A11_01703	96.070	687	27	0	1	687	1	687	0.0	1394
38P2R3A13_07291	38P2R3A13_07291	100.000	217	0	0	1	217	1	217	1.40e-157	434
38P2R3A13_07292	38P2R3A13_07292	100.000	393	0	0	1	393	1	393	0.0	795
38P2R3A13_07293	38P2R3A13_07293	100.000	219	0	0	1	219	1	219	4.65e-159	438
38P2R3A13_07293	18P3R3A11_01700	97.653	213	5	0	1	213	1	213	2.08e-152	421
38P2R3A13_07294	38P2R3A13_07294	100.000	604	0	0	1	604	1	604	0.0	1242
38P2R3A13_07294	38P2R3A13_01792	96.854	604	19	0	1	604	1	604	0.0	1207
38P2R3A13_07294	18P3R3A11_01699	97.517	604	15	0	1	604	1	604	0.0	1206
38P2R3A13_07295	38P2R3A13_07295	100.000	182	0	0	1	182	1	182	1.98e-135	375
38P2R3A13_07297	38P2R3A13_07297	100.000	205	0	0	1	205	1	205	1.06e-151	419
38P2R3A13_07297	38P2R3A13_04163	96.098	205	8	0	1	205	1	205	2.16e-146	405
38P2R3A13_07297	18P3R3A11_03610	95.122	205	10	0	1	205	1	205	3.86e-136	379
38P2R3A13_07298	38P2R3A13_07298	100.000	444	0	0	1	444	1	444	0.0	923
38P2R3A13_07298	56P2R2A4_03854	97.072	444	13	0	1	444	1	444	0.0	902
38P2R3A13_07298	18P3R3A11_03609	96.847	444	14	0	1	444	1	444	0.0	901
38P2R3A13_07299	38P2R3A13_07299	100.000	730	0	0	1	730	1	730	0.0	1493
38P2R3A13_07299	18P3R3A11_03608	96.164	730	28	0	1	730	1	730	0.0	1393
38P2R3A13_07302	38P2R3A13_07302	100.000	502	0	0	1	502	1	502	0.0	1036
38P2R3A13_07302	18P3R3A11_02112	98.185	496	9	0	1	496	1	496	0.0	1015
38P2R3A13_07302	54P2R2A3_04429	95.102	490	24	0	5	494	1	490	0.0	974
38P2R3A13_07303	38P2R3A13_07303	100.000	236	0	0	1	236	1	236	7.27e-179	490
38P2R3A13_07303	38P2R3A13_03306	97.458	236	6	0	1	236	1	236	2.79e-174	478
38P2R3A13_07304	38P2R3A13_07304	100.000	478	0	0	1	478	1	478	0.0	953
38P2R3A13_07304	18P3R3A11_02876	97.071	478	14	0	1	478	1	478	0.0	926
38P2R3A13_07305	38P2R3A13_07305	100.000	328	0	0	1	328	1	328	0.0	678
38P2R3A13_07305	38P2R3A13_03308	96.951	328	10	0	1	328	1	328	0.0	659
38P2R3A13_07305	18P3R3A11_02877	95.122	328	16	0	1	328	1	328	0.0	647
38P2R3A13_07306	38P2R3A13_07306	100.000	310	0	0	1	310	1	310	0.0	616
38P2R3A13_07307	38P2R3A13_07307	100.000	297	0	0	1	297	1	297	0.0	586
38P2R3A13_07307	18P3R3A11_02879	97.980	297	6	0	1	297	1	297	0.0	579
38P2R3A13_07307	10P3R2A13_03333	97.306	297	8	0	1	297	1	297	0.0	574
38P2R3A13_07310	38P2R3A13_07310	100.000	140	0	0	1	140	1	140	9.02e-102	287
38P2R3A13_07310	18P3R3A11_02882	97.143	140	4	0	1	140	1	140	7.30e-99	280
38P2R3A13_07312	38P2R3A13_07312	100.000	502	0	0	1	502	1	502	0.0	1038
38P2R3A13_07312	18P3R3A11_04089	98.008	502	10	0	1	502	49	550	0.0	1019
38P2R3A13_07312	31P2R1A5_04583	95.418	502	23	0	1	502	49	550	0.0	996
38P2R3A13_07312	42P1R1A12_03069	95.219	502	24	0	1	502	49	550	0.0	993
38P2R3A13_07313	38P2R3A13_07313	100.000	81	0	0	1	81	1	81	3.44e-46	142
38P2R3A13_07313	18P3R3A11_04090	96.296	81	3	0	1	81	1	81	4.94e-12	55.8
38P2R3A13_07314	38P2R3A13_07314	100.000	213	0	0	1	213	1	213	3.06e-160	441
38P2R3A13_07315	38P2R3A13_07315	100.000	246	0	0	1	246	1	246	0.0	503
38P2R3A13_07316	38P2R3A13_07316	100.000	699	0	0	1	699	1	699	0.0	1448
38P2R3A13_07316	18P3R3A11_04093	97.139	699	20	0	1	699	1	699	0.0	1420
38P2R3A13_07316	38P2R3A13_03065	96.853	699	22	0	1	699	1	699	0.0	1419
38P2R3A13_07317	38P2R3A13_07317	100.000	152	0	0	1	152	1	152	3.16e-111	312
38P2R3A13_07318	38P2R3A13_07318	100.000	171	0	0	1	171	1	171	6.62e-127	353
38P2R3A13_07319	38P2R3A13_07319	100.000	137	0	0	1	137	1	137	6.71e-95	269
38P2R3A13_07319	18P3R3A11_04094	97.810	137	3	0	1	137	1	137	9.08e-92	261
38P2R3A13_07319	10P3R2A13_03814	97.080	137	4	0	1	137	1	137	2.78e-91	260
38P2R3A13_07321	38P2R3A13_07321	100.000	515	0	0	1	515	1	515	0.0	1046
38P2R3A13_07321	18P3R3A11_04096	97.087	515	15	0	1	515	1	515	0.0	1019
38P2R3A13_07321	38P2R3A13_03068	96.505	515	18	0	1	515	1	515	0.0	1010
38P2R3A13_07322	38P2R3A13_07322	100.000	111	0	0	1	111	1	111	7.06e-78	224
38P2R3A13_07322	18P3R3A11_04097	96.396	111	4	0	1	111	287	397	9.04e-71	216
38P2R3A13_07323	38P2R3A13_07323	100.000	405	0	0	1	405	1	405	0.0	795
38P2R3A13_07323	18P3R3A11_02830	96.049	405	16	0	1	405	1	405	0.0	769
38P2R3A13_07323	38P2R3A13_00968	95.309	405	19	0	1	405	1	405	0.0	761
38P2R3A13_07324	38P2R3A13_07324	100.000	184	0	0	1	184	1	184	9.86e-139	384
38P2R3A13_07324	38P2R3A13_00967	96.739	184	6	0	1	184	1	184	7.24e-134	372
38P2R3A13_07324	18P3R3A11_02829	95.604	182	8	0	1	182	1	182	8.66e-132	366
38P2R3A13_07325	38P2R3A13_07325	100.000	259	0	0	1	259	1	259	0.0	514
38P2R3A13_07326	38P2R3A13_07326	100.000	144	0	0	1	144	1	144	7.32e-104	293
38P2R3A13_07327	38P2R3A13_07327	100.000	430	0	0	1	430	1	430	0.0	833
38P2R3A13_07328	38P2R3A13_07328	100.000	107	0	0	1	107	1	107	8.47e-76	219
38P2R3A13_07330	38P2R3A13_07330	100.000	125	0	0	1	125	1	125	8.29e-86	245
38P2R3A13_07331	38P2R3A13_07331	100.000	90	0	0	1	90	1	90	4.13e-63	185
38P2R3A13_07331	18P3R3A11_02816	97.778	90	2	0	1	90	1	90	7.10e-62	182
38P2R3A13_07332	38P2R3A13_07332	100.000	241	0	0	1	241	1	241	0.0	501
38P2R3A13_07332	38P2R3A13_00959	95.851	241	10	0	1	241	1	241	2.95e-166	458
38P2R3A13_07332	56P2R2A4_01198	95.021	241	12	0	1	241	1	241	2.06e-165	456
38P2R3A13_07332	18P3R3A11_02815	95.021	241	12	0	1	241	1	241	8.19e-165	454
38P2R3A13_07333	38P2R3A13_07333	100.000	301	0	0	1	301	1	301	0.0	609
38P2R3A13_07333	18P3R3A11_02814	98.671	301	4	0	1	301	8	308	0.0	603
38P2R3A13_07334	38P2R3A13_07334	100.000	215	0	0	1	215	1	215	3.48e-148	410
38P2R3A13_07334	47P2R3A6_01446	100.000	215	0	0	1	215	421	635	2.51e-146	421
38P2R3A13_07335	38P2R3A13_07335	100.000	415	0	0	1	415	1	415	0.0	818
38P2R3A13_07335	18P3R3A11_02634	97.349	415	11	0	1	415	1	415	0.0	803
38P2R3A13_07336	38P2R3A13_07336	100.000	336	0	0	1	336	1	336	0.0	693
38P2R3A13_07336	18P3R3A11_02633	97.321	336	9	0	1	336	1	336	0.0	677
38P2R3A13_07337	38P2R3A13_07337	100.000	293	0	0	1	293	1	293	0.0	605
38P2R3A13_07337	18P3R3A11_02632	95.904	293	12	0	1	293	1	293	0.0	580
38P2R3A13_07338	38P2R3A13_07338	100.000	332	0	0	1	332	1	332	0.0	691
38P2R3A13_07338	10P3R2A13_00146	96.386	332	12	0	1	332	1	332	0.0	673
38P2R3A13_07338	18P3R3A11_02631	96.988	332	10	0	1	332	1	332	0.0	671
38P2R3A13_07338	31P2R1A5_03564	95.482	332	15	0	1	332	1	332	0.0	669
38P2R3A13_07339	38P2R3A13_07339	100.000	175	0	0	1	175	1	175	1.75e-126	352
38P2R3A13_07339	56P2R2A4_02975	95.625	160	7	0	16	175	1	160	5.13e-110	310
38P2R3A13_07340	38P2R3A13_07340	100.000	168	0	0	1	168	1	168	7.26e-121	337
38P2R3A13_07340	38P2R3A13_02988	95.238	168	8	0	1	168	1	168	7.11e-114	320
38P2R3A13_07341	38P2R3A13_07341	100.000	110	0	0	1	110	1	110	6.00e-78	224
38P2R3A13_07341	18P3R3A11_02628	97.273	110	3	0	1	110	1	110	1.05e-74	216
38P2R3A13_07342	38P2R3A13_07342	100.000	145	0	0	1	145	1	145	5.33e-108	303
38P2R3A13_07343	38P2R3A13_07343	100.000	173	0	0	1	173	1	173	1.84e-124	347
38P2R3A13_07343	18P3R3A11_02626	97.688	173	4	0	1	173	1	173	3.54e-122	341
38P2R3A13_07344	38P2R3A13_07344	100.000	215	0	0	1	215	1	215	1.71e-160	441
38P2R3A13_07345	38P2R3A13_07345	100.000	346	0	0	1	346	1	346	0.0	677
38P2R3A13_07346	38P2R3A13_07346	100.000	192	0	0	1	192	1	192	1.48e-137	382
38P2R3A13_07346	18P3R3A11_02623	95.833	192	8	0	1	192	1	192	1.82e-122	343
38P2R3A13_07347	38P2R3A13_07347	100.000	93	0	0	1	93	1	93	2.13e-64	189
38P2R3A13_07347	18P3R3A11_01221	100.000	93	0	0	1	93	96	188	5.61e-64	191
38P2R3A13_07347	10P3R2A13_02337	98.925	93	1	0	1	93	96	188	9.69e-64	191
38P2R3A13_07347	51P2R2A10_02833	96.774	93	3	0	1	93	96	188	2.12e-62	187
38P2R3A13_07349	38P2R3A13_07349	100.000	143	0	0	1	143	1	143	7.62e-102	287
38P2R3A13_07349	18P3R3A11_01223	97.902	143	3	0	1	143	1	143	1.09e-98	280
38P2R3A13_07349	38P2R3A13_04246	96.503	143	5	0	1	143	1	143	5.12e-98	278
38P2R3A13_07350	38P2R3A13_07350	100.000	413	0	0	1	413	1	413	0.0	840
38P2R3A13_07350	38P2R3A13_04247	96.126	413	16	0	1	413	1	413	0.0	815
38P2R3A13_07352	38P2R3A13_07352	100.000	137	0	0	1	137	1	137	1.32e-97	276
38P2R3A13_07353	38P2R3A13_07353	100.000	277	0	0	1	277	1	277	0.0	574
38P2R3A13_07354	38P2R3A13_07354	100.000	206	0	0	1	206	1	206	2.10e-155	428
38P2R3A13_07355	38P2R3A13_07355	100.000	270	0	0	1	270	1	270	0.0	565
38P2R3A13_07357	38P2R3A13_07357	100.000	206	0	0	1	206	1	206	8.74e-155	426
38P2R3A13_07357	38P2R3A13_04254	97.087	206	6	0	1	206	1	206	5.04e-150	414
38P2R3A13_07358	38P2R3A13_07358	100.000	397	0	0	1	397	1	397	0.0	827
38P2R3A13_07361	38P2R3A13_07361	100.000	250	0	0	1	250	1	250	0.0	513
38P2R3A13_07362	38P2R3A13_07362	100.000	461	0	0	1	461	1	461	0.0	948
38P2R3A13_07362	38P2R3A13_04935	96.529	461	16	0	1	461	1	461	0.0	916
38P2R3A13_07363	47P2R3A6_00032	100.000	1187	0	0	1	1187	110	1296	0.0	2448
38P2R3A13_07363	38P2R3A13_07363	100.000	1187	0	0	1	1187	1	1187	0.0	2447
38P2R3A13_07363	18P3R3A11_03237	97.725	1187	27	0	1	1187	110	1296	0.0	2408
38P2R3A13_07364	38P2R3A13_07364	100.000	232	0	0	1	232	1	232	1.29e-175	481
38P2R3A13_07364	18P3R3A11_01851	96.983	232	7	0	1	232	1	232	6.81e-171	469
38P2R3A13_07369	38P2R3A13_07369	100.000	368	0	0	1	368	1	368	0.0	754
38P2R3A13_07369	18P3R3A11_01856	97.826	368	8	0	1	368	1	368	0.0	740
38P2R3A13_07369	42P1R1A12_00065	95.122	369	17	1	1	368	1	369	0.0	716
38P2R3A13_07370	38P2R3A13_07370	100.000	729	0	0	1	729	1	729	0.0	1507
38P2R3A13_07370	18P3R3A11_01857	96.571	729	25	0	1	729	31	759	0.0	1471
38P2R3A13_07370	38P2R3A13_02382	96.022	729	29	0	1	729	31	759	0.0	1462
38P2R3A13_07371	38P2R3A13_07371	100.000	208	0	0	1	208	1	208	2.63e-151	418
38P2R3A13_07372	38P2R3A13_07372	100.000	149	0	0	1	149	1	149	1.96e-106	300
38P2R3A13_07373	38P2R3A13_07373	100.000	110	0	0	1	110	1	110	5.05e-73	212
38P2R3A13_07374	38P2R3A13_07374	100.000	387	0	0	1	387	1	387	0.0	800
38P2R3A13_07374	18P3R3A11_04279	97.674	387	9	0	1	387	1	387	0.0	787
38P2R3A13_07375	38P2R3A13_07375	100.000	291	0	0	1	291	1	291	0.0	610
38P2R3A13_07377	38P2R3A13_07377	100.000	357	0	0	1	357	1	357	0.0	741
38P2R3A13_07377	18P3R3A11_04282	97.759	357	8	0	1	357	1	357	0.0	732
38P2R3A13_07378	38P2R3A13_07378	100.000	125	0	0	1	125	1	125	1.55e-92	262
38P2R3A13_07379	38P2R3A13_07379	100.000	163	0	0	1	163	1	163	2.15e-121	338
38P2R3A13_07380	38P2R3A13_07380	100.000	407	0	0	1	407	1	407	0.0	844
38P2R3A13_07381	38P2R3A13_07381	100.000	162	0	0	1	162	1	162	1.34e-119	334
38P2R3A13_07382	38P2R3A13_07382	100.000	457	0	0	1	457	1	457	0.0	923
38P2R3A13_07383	38P2R3A13_07383	100.000	135	0	0	1	135	1	135	5.01e-95	270
38P2R3A13_07384	38P2R3A13_07384	100.000	712	0	0	1	712	1	712	0.0	1462
38P2R3A13_07384	38P2R3A13_02354	96.208	712	27	0	1	712	1	712	0.0	1419
38P2R3A13_07385	38P2R3A13_07385	100.000	187	0	0	1	187	1	187	1.06e-135	377
38P2R3A13_07385	18P3R3A11_01885	97.861	187	4	0	1	187	1	187	1.32e-133	371
38P2R3A13_07386	38P2R3A13_07386	100.000	851	0	0	1	851	1	851	0.0	1753
38P2R3A13_07386	38P2R3A13_02352	97.415	851	22	0	1	851	1	851	0.0	1714
38P2R3A13_07387	38P2R3A13_07387	100.000	259	0	0	1	259	1	259	0.0	521
38P2R3A13_07388	38P2R3A13_07388	100.000	165	0	0	1	165	1	165	1.99e-117	328
38P2R3A13_07389	38P2R3A13_07389	100.000	154	0	0	1	154	1	154	4.36e-109	306
38P2R3A13_07390	38P2R3A13_07390	100.000	413	0	0	1	413	1	413	0.0	828
38P2R3A13_07391	38P2R3A13_07391	100.000	94	0	0	1	94	1	94	3.08e-64	188
38P2R3A13_07391	18P3R3A11_00475	96.774	93	3	0	1	93	1	93	1.09e-62	185
38P2R3A13_07393	38P2R3A13_07393	100.000	116	0	0	1	116	1	116	1.03e-78	227
38P2R3A13_07393	18P3R3A11_00473	95.690	116	5	0	1	116	1	116	1.40e-74	216
38P2R3A13_07394	38P2R3A13_07394	100.000	273	0	0	1	273	1	273	0.0	565
38P2R3A13_07394	18P3R3A11_00472	97.070	273	8	0	1	273	1	273	0.0	553
38P2R3A13_07395	38P2R3A13_07395	100.000	452	0	0	1	452	1	452	0.0	934
38P2R3A13_07395	38P2R3A13_00581	96.018	452	18	0	1	452	1	452	0.0	905
38P2R3A13_07395	18P3R3A11_00471	95.575	452	20	0	1	452	1	452	0.0	897
38P2R3A13_07396	38P2R3A13_07396	100.000	253	0	0	1	253	1	253	0.0	520
38P2R3A13_07397	38P2R3A13_07397	100.000	750	0	0	1	750	1	750	0.0	1548
38P2R3A13_07397	18P3R3A11_00469	96.933	750	23	0	1	750	1	750	0.0	1509
38P2R3A13_07397	38P2R3A13_00579	96.800	750	24	0	1	750	1	750	0.0	1505
38P2R3A13_07398	38P2R3A13_07398	100.000	108	0	0	1	108	1	108	3.74e-77	222
38P2R3A13_07399	38P2R3A13_07399	100.000	250	0	0	1	250	1	250	8.82e-179	491
38P2R3A13_07399	18P3R3A11_00467	98.800	250	3	0	1	250	215	464	3.37e-174	488
38P2R3A13_07399	42P1R1A12_04775	95.200	250	12	0	1	250	215	464	7.14e-160	451
38P2R3A13_07399	10P3R2A13_00906	96.000	250	10	0	1	250	215	464	1.33e-159	451
38P2R3A13_07400	38P2R3A13_07400	100.000	206	0	0	1	206	1	206	1.65e-143	398
38P2R3A13_07400	18P3R3A11_00467	96.098	205	8	0	1	205	1	205	3.75e-131	376
38P2R3A13_07402	38P2R3A13_07402	100.000	216	0	0	1	216	1	216	1.80e-157	434
38P2R3A13_07402	38P2R3A13_01824	97.674	215	5	0	2	216	1	215	2.79e-154	426
38P2R3A13_07403	38P2R3A13_07403	100.000	383	0	0	1	383	1	383	0.0	776
38P2R3A13_07403	38P2R3A13_01819	95.039	383	19	0	1	383	1	383	0.0	748
38P2R3A13_07405	38P2R3A13_07405	100.000	131	0	0	1	131	1	131	7.22e-92	261
38P2R3A13_07406	38P2R3A13_07406	100.000	528	0	0	1	528	1	528	0.0	1074
38P2R3A13_07406	18P3R3A11_01675	95.076	528	26	0	1	528	1	528	0.0	1036
38P2R3A13_07407	38P2R3A13_07407	100.000	380	0	0	1	380	1	380	0.0	790
38P2R3A13_07408	47P2R3A6_00666	100.000	534	0	0	1	534	45	578	0.0	1105
38P2R3A13_07408	38P2R3A13_07408	100.000	534	0	0	1	534	1	534	0.0	1103
38P2R3A13_07408	38P2R3A13_01814	97.378	534	14	0	1	534	45	578	0.0	1080
38P2R3A13_07408	18P3R3A11_01677	97.004	534	16	0	1	534	45	578	0.0	1075
38P2R3A13_07409	38P2R3A13_07409	100.000	87	0	0	1	87	1	87	6.14e-57	169
38P2R3A13_07409	38P2R3A13_01196	98.851	87	1	0	1	87	90	176	7.40e-57	172
38P2R3A13_07410	38P2R3A13_07410	100.000	62	0	0	1	62	1	62	4.44e-39	122
38P2R3A13_07411	38P2R3A13_07411	100.000	1116	0	0	1	1116	1	1116	0.0	2259
38P2R3A13_07411	38P2R3A13_01198	95.785	1115	47	0	1	1115	1	1115	0.0	2033
38P2R3A13_07412	38P2R3A13_07412	100.000	198	0	0	1	198	1	198	1.58e-147	407
38P2R3A13_07413	38P2R3A13_07413	100.000	398	0	0	1	398	1	398	0.0	795
38P2R3A13_07413	38P2R3A13_01200	96.231	398	15	0	1	398	1	398	0.0	773
38P2R3A13_07413	18P3R3A11_02255	95.729	398	17	0	1	398	1	398	0.0	745
38P2R3A13_07415	38P2R3A13_07415	100.000	33	0	0	1	33	1	33	7.12e-17	64.7
38P2R3A13_07415	24P1R3A1_04935	96.970	33	1	0	1	33	67	99	2.56e-16	65.1
38P2R3A13_07416	38P2R3A13_07416	100.000	55	0	0	1	55	1	55	1.08e-34	111
38P2R3A13_07417	38P2R3A13_07417	100.000	698	0	0	1	698	1	698	0.0	1421
38P2R3A13_07418	38P2R3A13_07418	100.000	231	0	0	1	231	1	231	2.55e-174	478
38P2R3A13_07419	38P2R3A13_07419	100.000	380	0	0	1	380	1	380	0.0	768
38P2R3A13_07420	38P2R3A13_07420	100.000	1038	0	0	1	1038	1	1038	0.0	2106
38P2R3A13_07420	18P3R3A11_02744	96.435	1038	37	0	1	1038	1	1038	0.0	2041
38P2R3A13_07420	38P2R3A13_04474	95.857	1038	43	0	1	1038	1	1038	0.0	1995
38P2R3A13_07422	18P3R3A11_03156	98.438	64	1	0	1	64	33	96	1.04e-42	133
38P2R3A13_07422	38P2R3A13_07422	100.000	64	0	0	1	64	1	64	1.26e-42	132
38P2R3A13_07422	10P3R2A13_01584	100.000	62	0	0	1	62	33	94	3.35e-42	131
38P2R3A13_07422	31P2R1A5_01644	100.000	61	0	0	1	61	33	93	1.52e-41	130
38P2R3A13_07423	38P2R3A13_07423	100.000	755	0	0	1	755	1	755	0.0	1516
38P2R3A13_07424	38P2R3A13_07424	100.000	583	0	0	1	583	1	583	0.0	1194
38P2R3A13_07424	18P3R3A11_03154	96.735	582	19	0	1	582	1	582	0.0	1160
38P2R3A13_07424	38P2R3A13_00891	96.226	583	22	0	1	583	1	583	0.0	1156
38P2R3A13_07425	38P2R3A13_07425	100.000	326	0	0	1	326	1	326	0.0	648
38P2R3A13_07426	38P2R3A13_07426	100.000	410	0	0	1	410	1	410	0.0	844
38P2R3A13_07428	38P2R3A13_07428	100.000	249	0	0	1	249	1	249	0.0	505
38P2R3A13_07428	38P2R3A13_00887	97.189	249	7	0	1	249	1	249	2.07e-180	495
38P2R3A13_07428	18P3R3A11_03150	96.787	249	8	0	1	249	1	249	1.58e-179	493
38P2R3A13_07429	38P2R3A13_07429	100.000	298	0	0	1	298	1	298	0.0	607
38P2R3A13_07429	38P2R3A13_00886	96.980	298	9	0	1	298	1	298	0.0	592
38P2R3A13_07429	18P3R3A11_03149	95.302	298	14	0	1	298	1	298	0.0	585
38P2R3A13_07430	38P2R3A13_07430	100.000	260	0	0	1	260	1	260	0.0	519
38P2R3A13_07432	38P2R3A13_07432	100.000	420	0	0	1	420	1	420	0.0	832
38P2R3A13_07432	18P3R3A11_01656	96.919	422	11	1	1	420	1	422	0.0	807
38P2R3A13_07433	38P2R3A13_07433	100.000	191	0	0	1	191	1	191	4.48e-130	363
38P2R3A13_07434	38P2R3A13_07434	100.000	183	0	0	1	183	1	183	3.90e-130	362
38P2R3A13_07435	38P2R3A13_07435	100.000	254	0	0	1	254	1	254	0.0	514
38P2R3A13_07436	38P2R3A13_07436	100.000	795	0	0	1	795	1	795	0.0	1632
38P2R3A13_07437	38P2R3A13_07437	100.000	321	0	0	1	321	1	321	0.0	639
38P2R3A13_07438	38P2R3A13_07438	100.000	555	0	0	1	555	1	555	0.0	1122
38P2R3A13_07438	38P2R3A13_01829	96.043	556	21	1	1	555	1	556	0.0	1063
38P2R3A13_07439	38P2R3A13_07439	100.000	121	0	0	1	121	1	121	6.39e-88	250
38P2R3A13_07439	47P2R3A6_02452	100.000	121	0	0	1	121	177	297	7.64e-86	251
38P2R3A13_07439	38P2R3A13_03528	95.041	121	6	0	1	121	177	297	3.95e-81	239
38P2R3A13_07440	38P2R3A13_07440	100.000	448	0	0	1	448	1	448	0.0	920
38P2R3A13_07440	18P3R3A11_03524	96.226	424	16	0	1	424	1	424	0.0	843
38P2R3A13_07440	38P2R3A13_03527	95.047	424	21	0	1	424	1	424	0.0	828
38P2R3A13_07441	38P2R3A13_07441	100.000	160	0	0	1	160	1	160	2.17e-115	323
38P2R3A13_07442	38P2R3A13_07442	100.000	264	0	0	1	264	1	264	0.0	541
38P2R3A13_07442	18P3R3A11_03526	96.970	264	8	0	1	264	1	264	0.0	528
38P2R3A13_07443	38P2R3A13_07443	100.000	284	0	0	1	284	1	284	0.0	575
38P2R3A13_07443	38P2R3A13_03524	96.831	284	9	0	1	284	1	284	0.0	563
38P2R3A13_07443	18P3R3A11_03527	95.775	284	12	0	1	284	1	284	0.0	556
38P2R3A13_07444	38P2R3A13_07444	100.000	127	0	0	1	127	1	127	7.52e-92	261
38P2R3A13_07444	18P3R3A11_03528	96.063	127	5	0	1	127	1	127	6.65e-89	253
38P2R3A13_07445	38P2R3A13_07445	100.000	416	0	0	1	416	1	416	0.0	861
38P2R3A13_07446	38P2R3A13_07446	100.000	147	0	0	1	147	1	147	2.80e-110	309
38P2R3A13_07448	38P2R3A13_07448	100.000	309	0	0	1	309	1	309	0.0	627
38P2R3A13_07448	56P2R2A4_02333	97.411	309	8	0	1	309	1	309	0.0	613
38P2R3A13_07448	18P3R3A11_03540	95.793	309	13	0	1	309	1	309	0.0	603
38P2R3A13_07450	47P2R3A6_02463	100.000	172	0	0	1	172	12	183	6.75e-124	346
38P2R3A13_07450	38P2R3A13_07450	100.000	172	0	0	1	172	1	172	1.75e-123	344
38P2R3A13_07450	18P3R3A11_03542	97.674	172	4	0	1	172	12	183	5.26e-122	341
38P2R3A13_07450	38P2R3A13_03517	97.674	172	4	0	1	172	8	179	1.05e-120	338
38P2R3A13_07450	24P1R3A1_02349	97.093	172	5	0	1	172	12	183	1.53e-120	337
38P2R3A13_07450	10P3R2A13_02449	97.093	172	5	0	1	172	8	179	1.71e-120	337
38P2R3A13_07450	42P1R1A12_01516	95.930	172	7	0	1	172	19	190	1.39e-119	335
38P2R3A13_07450	31P2R1A5_03717	95.349	172	8	0	1	172	8	179	3.77e-119	334
38P2R3A13_07451	38P2R3A13_07451	100.000	234	0	0	1	234	1	234	5.68e-175	480
38P2R3A13_07452	38P2R3A13_07452	100.000	342	0	0	1	342	1	342	0.0	690
38P2R3A13_07456	38P2R3A13_07456	100.000	244	0	0	1	244	1	244	0.0	497
38P2R3A13_07456	18P3R3A11_01060	97.131	244	7	0	1	244	1	244	2.03e-177	487
38P2R3A13_07457	38P2R3A13_07457	100.000	236	0	0	1	236	1	236	4.01e-180	493
38P2R3A13_07457	56P2R2A4_03327	97.881	236	5	0	1	236	1	236	2.38e-177	486
38P2R3A13_07457	18P3R3A11_01059	96.610	236	8	0	1	236	1	236	9.40e-176	482
38P2R3A13_07461	38P2R3A13_07461	100.000	896	0	0	1	896	1	896	0.0	1813
38P2R3A13_07461	38P2R3A13_04309	97.991	896	18	0	1	896	1	896	0.0	1773
38P2R3A13_07461	18P3R3A11_01287	95.871	896	37	0	1	896	1	896	0.0	1745
38P2R3A13_07463	38P2R3A13_07463	100.000	733	0	0	1	733	1	733	0.0	1527
38P2R3A13_07463	18P3R3A11_01285	95.225	733	35	0	1	733	1	733	0.0	1457
38P2R3A13_07464	38P2R3A13_07464	100.000	438	0	0	1	438	1	438	0.0	869
38P2R3A13_07464	18P3R3A11_01284	96.575	438	15	0	1	438	1	438	0.0	844
38P2R3A13_07465	38P2R3A13_07465	100.000	547	0	0	1	547	1	547	0.0	1123
38P2R3A13_07465	18P3R3A11_01283	97.258	547	15	0	1	547	1	547	0.0	1089
38P2R3A13_07465	43P2R2A2_02392	95.914	465	19	0	83	547	1	465	0.0	898
38P2R3A13_07466	38P2R3A13_07466	100.000	448	0	0	1	448	1	448	0.0	909
