42P1R1A12_00968	42P1R1A12_00968	100.000	226	0	0	1	226	1	226	1.10e-169	466
42P1R1A12_00968	51P2R2A10_01310	96.903	226	7	0	1	226	1	226	5.16e-164	451
42P1R1A12_00969	42P1R1A12_00969	100.000	331	0	0	1	331	1	331	0.0	670
42P1R1A12_00970	42P1R1A12_00970	100.000	580	0	0	1	580	1	580	0.0	1183
42P1R1A12_00970	51P2R2A10_01308	97.759	580	13	0	1	580	1	580	0.0	1160
42P1R1A12_00971	42P1R1A12_00971	100.000	378	0	0	1	378	1	378	0.0	760
42P1R1A12_00972	42P1R1A12_00972	100.000	369	0	0	1	369	1	369	0.0	746
42P1R1A12_00972	31P2R1A5_01768	95.393	369	17	0	1	369	1	369	0.0	717
42P1R1A12_00973	42P1R1A12_00973	100.000	146	0	0	1	146	1	146	4.47e-103	291
42P1R1A12_00973	51P2R2A10_01305	99.194	124	1	0	1	124	1	124	4.89e-84	242
42P1R1A12_00974	42P1R1A12_00974	100.000	250	0	0	1	250	1	250	0.0	518
42P1R1A12_00975	42P1R1A12_00975	100.000	415	0	0	1	415	1	415	0.0	849
42P1R1A12_00975	51P2R2A10_01302	99.359	312	2	0	104	415	1	312	0.0	639
42P1R1A12_00975	51P2R2A10_01303	100.000	92	0	0	1	92	1	92	9.41e-63	197
42P1R1A12_00977	42P1R1A12_00977	100.000	235	0	0	1	235	1	235	9.63e-167	459
42P1R1A12_00978	42P1R1A12_00978	100.000	151	0	0	1	151	1	151	4.99e-109	306
42P1R1A12_00979	42P1R1A12_00979	100.000	83	0	0	1	83	1	83	8.58e-55	164
42P1R1A12_00979	51P2R2A10_01298	96.386	83	3	0	1	83	1	83	7.01e-53	159
42P1R1A12_00980	42P1R1A12_00980	100.000	163	0	0	1	163	1	163	8.06e-120	334
42P1R1A12_00980	54P2R2A3_03547	96.319	163	6	0	1	163	1	163	2.87e-115	323
42P1R1A12_00980	51P2R2A10_01297	96.319	163	6	0	1	163	1	163	4.08e-115	323
42P1R1A12_00980	31P2R1A5_01776	95.092	163	8	0	1	163	1	163	8.70e-115	322
42P1R1A12_00981	42P1R1A12_00981	100.000	171	0	0	1	171	1	171	2.92e-125	349
42P1R1A12_00981	54P2R2A3_03546	95.322	171	8	0	1	171	1	171	5.64e-120	335
42P1R1A12_00981	31P2R1A5_01777	95.322	171	8	0	1	171	1	171	8.84e-120	335
42P1R1A12_00982	42P1R1A12_00982	100.000	330	0	0	1	330	1	330	0.0	685
42P1R1A12_00982	51P2R2A10_01295	97.879	330	7	0	1	330	1	330	0.0	669
42P1R1A12_00982	54P2R2A3_03545	95.455	330	15	0	1	330	12	341	0.0	661
42P1R1A12_00983	42P1R1A12_00983	100.000	298	0	0	1	298	1	298	0.0	616
42P1R1A12_00984	42P1R1A12_00984	100.000	302	0	0	1	302	1	302	0.0	605
42P1R1A12_00985	42P1R1A12_00985	100.000	548	0	0	1	548	1	548	0.0	1136
42P1R1A12_00985	51P2R2A10_01293	97.263	548	15	0	1	548	1	548	0.0	1111
42P1R1A12_00986	42P1R1A12_00986	100.000	224	0	0	1	224	1	224	1.07e-164	453
42P1R1A12_00987	42P1R1A12_00987	100.000	366	0	0	1	366	1	366	0.0	735
42P1R1A12_00987	51P2R2A10_01291	96.721	366	12	0	1	366	1	366	0.0	715
42P1R1A12_00988	42P1R1A12_00988	100.000	31	0	0	1	31	1	31	8.00e-16	62.0
42P1R1A12_00989	42P1R1A12_00989	100.000	672	0	0	1	672	1	672	0.0	1359
42P1R1A12_00989	38P2R3A13_06203	95.387	672	31	0	1	672	1	672	0.0	1288
42P1R1A12_00990	42P1R1A12_00990	100.000	241	0	0	1	241	1	241	1.18e-179	492
42P1R1A12_00990	51P2R2A10_01288	97.095	241	7	0	1	241	1	241	3.40e-175	481
42P1R1A12_00991	42P1R1A12_00991	100.000	241	0	0	1	241	1	241	2.91e-177	486
42P1R1A12_00992	42P1R1A12_00992	100.000	252	0	0	1	252	1	252	0.0	511
42P1R1A12_00992	51P2R2A10_01286	95.635	252	11	0	1	252	1	252	9.94e-168	463
42P1R1A12_00993	42P1R1A12_00993	100.000	386	0	0	1	386	1	386	0.0	763
42P1R1A12_00993	51P2R2A10_01285	95.855	386	16	0	1	386	1	386	0.0	658
42P1R1A12_00994	42P1R1A12_00994	100.000	347	0	0	1	347	1	347	0.0	725
42P1R1A12_00994	31P2R1A5_01789	95.965	347	14	0	1	347	1	347	0.0	699
42P1R1A12_00995	42P1R1A12_00995	100.000	436	0	0	1	436	1	436	0.0	902
42P1R1A12_00995	51P2R2A10_01283	95.413	436	20	0	1	436	1	436	0.0	870
42P1R1A12_00996	42P1R1A12_00996	100.000	159	0	0	1	159	1	159	5.55e-117	327
42P1R1A12_00997	42P1R1A12_00997	100.000	461	0	0	1	461	1	461	0.0	900
42P1R1A12_00998	42P1R1A12_00998	100.000	508	0	0	1	508	1	508	0.0	1020
42P1R1A12_00998	31P2R1A5_01793	95.661	507	22	0	1	507	1	507	0.0	983
42P1R1A12_00998	54P2R2A3_03530	95.266	507	24	0	1	507	1	507	0.0	983
42P1R1A12_00999	42P1R1A12_00999	100.000	563	0	0	1	563	1	563	0.0	1170
42P1R1A12_00999	31P2R1A5_01794	97.336	563	15	0	1	563	1	563	0.0	1143
42P1R1A12_01000	42P1R1A12_01000	100.000	242	0	0	1	242	1	242	0.0	496
42P1R1A12_01000	51P2R2A10_01278	96.694	242	8	0	1	242	1	242	3.44e-176	483
42P1R1A12_01001	42P1R1A12_01001	100.000	406	0	0	1	406	1	406	0.0	828
42P1R1A12_01001	51P2R2A10_01276	95.320	406	19	0	1	406	1	406	0.0	793
42P1R1A12_01002	42P1R1A12_01002	100.000	428	0	0	1	428	1	428	0.0	876
42P1R1A12_01002	51P2R2A10_01275	97.430	428	11	0	1	428	1	428	0.0	858
42P1R1A12_01003	42P1R1A12_01003	100.000	73	0	0	1	73	1	73	6.56e-48	145
42P1R1A12_01004	42P1R1A12_01004	100.000	185	0	0	1	185	1	185	1.78e-138	384
42P1R1A12_01004	51P2R2A10_01273	96.216	185	7	0	1	185	1	185	2.21e-134	373
42P1R1A12_01005	42P1R1A12_01005	100.000	244	0	0	1	244	1	244	0.0	498
42P1R1A12_01005	51P2R2A10_01272	95.902	244	10	0	1	244	1	244	1.01e-173	478
42P1R1A12_01006	42P1R1A12_01006	100.000	408	0	0	1	408	1	408	0.0	840
42P1R1A12_01007	42P1R1A12_01007	100.000	81	0	0	1	81	1	81	4.47e-56	167
42P1R1A12_01008	42P1R1A12_01008	100.000	108	0	0	1	108	1	108	1.43e-75	218
42P1R1A12_01009	42P1R1A12_01009	100.000	89	0	0	1	89	1	89	7.92e-60	177
42P1R1A12_01009	51P2R2A10_01269	97.753	89	2	0	1	89	1	89	2.52e-58	173
42P1R1A12_01010	42P1R1A12_01010	100.000	490	0	0	1	490	1	490	0.0	1009
42P1R1A12_01011	42P1R1A12_01011	100.000	159	0	0	1	159	1	159	1.38e-120	336
42P1R1A12_01012	42P1R1A12_01012	100.000	332	0	0	1	332	1	332	0.0	689
42P1R1A12_01012	51P2R2A10_01266	97.879	330	7	0	1	330	1	330	0.0	673
42P1R1A12_01013	42P1R1A12_01013	100.000	273	0	0	1	273	1	273	0.0	566
42P1R1A12_01013	51P2R2A10_01265	97.802	273	6	0	1	273	1	273	0.0	554
42P1R1A12_01014	42P1R1A12_01014	100.000	353	0	0	1	353	1	353	0.0	715
42P1R1A12_01014	51P2R2A10_01264	96.884	353	11	0	1	353	1	353	0.0	692
42P1R1A12_01015	42P1R1A12_01015	100.000	230	0	0	1	230	1	230	8.97e-161	444
42P1R1A12_01016	42P1R1A12_01016	100.000	258	0	0	1	258	1	258	0.0	518
42P1R1A12_01016	51P2R2A10_01262	96.124	258	10	0	1	258	1	258	0.0	499
42P1R1A12_01017	42P1R1A12_01017	100.000	50	0	0	1	50	1	50	9.16e-30	98.6
42P1R1A12_01017	51P2R2A10_01261	98.000	50	1	0	1	50	22	71	1.84e-29	98.2
42P1R1A12_01018	42P1R1A12_01018	100.000	263	0	0	1	263	1	263	0.0	528
42P1R1A12_01018	51P2R2A10_01260	95.437	263	12	0	1	263	1	263	1.50e-176	486
42P1R1A12_01019	42P1R1A12_01019	100.000	490	0	0	1	490	1	490	0.0	998
42P1R1A12_01019	51P2R2A10_01259	96.319	489	18	0	1	489	1	489	0.0	962
42P1R1A12_01020	42P1R1A12_01020	100.000	339	0	0	1	339	1	339	0.0	703
42P1R1A12_01020	31P2R1A5_01821	97.345	339	9	0	1	339	1	339	0.0	691
42P1R1A12_01021	42P1R1A12_01021	100.000	349	0	0	1	349	1	349	0.0	731
42P1R1A12_01022	42P1R1A12_01022	100.000	383	0	0	1	383	1	383	0.0	792
42P1R1A12_01022	31P2R1A5_01823	95.561	383	17	0	1	383	1	383	0.0	761
42P1R1A12_01023	42P1R1A12_01023	100.000	348	0	0	1	348	1	348	0.0	719
42P1R1A12_01023	51P2R2A10_01255	97.126	348	10	0	1	348	1	348	0.0	698
42P1R1A12_01025	42P1R1A12_01025	100.000	351	0	0	1	351	1	351	0.0	726
42P1R1A12_01026	42P1R1A12_01026	100.000	124	0	0	1	124	1	124	7.12e-86	246
42P1R1A12_01026	51P2R2A10_05305	97.581	124	3	0	1	124	1	124	3.67e-84	241
42P1R1A12_01027	42P1R1A12_01027	100.000	315	0	0	1	315	1	315	0.0	634
42P1R1A12_01027	51P2R2A10_05304	96.508	315	11	0	1	315	1	315	0.0	611
42P1R1A12_01028	42P1R1A12_01028	100.000	240	0	0	1	240	1	240	3.18e-175	481
42P1R1A12_01028	51P2R2A10_05303	97.500	240	6	0	1	240	1	240	4.50e-171	470
42P1R1A12_01029	42P1R1A12_01029	100.000	348	0	0	1	348	1	348	0.0	721
42P1R1A12_01029	51P2R2A10_05302	97.989	348	7	0	1	348	1	348	0.0	709
42P1R1A12_01035	42P1R1A12_01035	100.000	264	0	0	1	264	1	264	0.0	531
42P1R1A12_01037	42P1R1A12_01037	100.000	431	0	0	1	431	1	431	0.0	873
42P1R1A12_01037	31P2R1A5_01840	97.680	431	10	0	1	431	1	431	0.0	855
42P1R1A12_01039	42P1R1A12_01039	100.000	143	0	0	1	143	1	143	5.16e-99	280
42P1R1A12_01039	31P2R1A5_01842	97.203	143	4	0	1	143	1	143	2.21e-96	273
42P1R1A12_01040	42P1R1A12_01040	100.000	231	0	0	1	231	1	231	7.76e-171	469
42P1R1A12_01040	31P2R1A5_01843	97.835	231	5	0	1	231	1	231	1.96e-167	460
42P1R1A12_01040	18P3R3A11_01315	96.104	231	9	0	1	231	1	231	2.45e-165	455
42P1R1A12_01040	10P3R2A13_02563	95.671	231	10	0	1	231	1	231	8.16e-157	434
42P1R1A12_01040	38P2R3A13_08308	98.425	127	2	0	105	231	1	127	6.90e-88	255
42P1R1A12_01041	42P1R1A12_01041	100.000	135	0	0	1	135	1	135	6.32e-98	277
42P1R1A12_01041	31P2R1A5_01844	97.037	135	4	0	1	135	1	135	5.70e-96	272
42P1R1A12_01042	42P1R1A12_01042	100.000	97	0	0	1	97	1	97	7.76e-66	193
42P1R1A12_01044	42P1R1A12_01044	100.000	380	0	0	1	380	1	380	0.0	768
42P1R1A12_01044	31P2R1A5_01847	96.579	380	13	0	1	380	1	380	0.0	750
42P1R1A12_01045	42P1R1A12_01045	100.000	523	0	0	1	523	1	523	0.0	1064
42P1R1A12_01045	31P2R1A5_01848	97.132	523	15	0	1	523	1	523	0.0	1036
42P1R1A12_01046	42P1R1A12_01046	100.000	150	0	0	1	150	1	150	7.29e-107	301
42P1R1A12_01047	42P1R1A12_01047	100.000	463	0	0	1	463	1	463	0.0	952
42P1R1A12_01047	51P2R2A10_05284	96.976	463	14	0	1	463	1	463	0.0	924
42P1R1A12_01048	42P1R1A12_01048	100.000	482	0	0	1	482	1	482	0.0	998
42P1R1A12_01049	42P1R1A12_01049	100.000	414	0	0	1	414	1	414	0.0	855
42P1R1A12_01050	42P1R1A12_01050	100.000	457	0	0	1	457	1	457	0.0	939
42P1R1A12_01050	51P2R2A10_05281	97.155	457	13	0	1	457	1	457	0.0	914
42P1R1A12_01051	42P1R1A12_01051	100.000	106	0	0	1	106	1	106	6.67e-76	219
42P1R1A12_01051	51P2R2A10_05280	96.226	106	4	0	1	106	1	106	5.90e-73	211
42P1R1A12_01052	42P1R1A12_01052	100.000	436	0	0	1	436	1	436	0.0	868
42P1R1A12_01053	42P1R1A12_01053	100.000	334	0	0	1	334	1	334	0.0	682
42P1R1A12_01054	42P1R1A12_01054	100.000	551	0	0	1	551	1	551	0.0	1143
42P1R1A12_01054	51P2R2A10_05277	96.552	551	19	0	1	551	1	551	0.0	1113
42P1R1A12_01055	42P1R1A12_01055	100.000	201	0	0	1	201	1	201	2.91e-151	417
42P1R1A12_01056	42P1R1A12_01056	100.000	301	0	0	1	301	1	301	0.0	619
42P1R1A12_01057	42P1R1A12_01057	100.000	257	0	0	1	257	1	257	0.0	533
42P1R1A12_01059	42P1R1A12_01059	100.000	389	0	0	1	389	1	389	0.0	786
42P1R1A12_01059	18P3R3A11_01305	97.686	389	9	0	1	389	1	389	0.0	768
42P1R1A12_01059	10P3R2A13_02553	97.429	389	10	0	1	389	1	389	0.0	767
42P1R1A12_01060	42P1R1A12_01060	100.000	408	0	0	1	408	1	408	0.0	820
42P1R1A12_01060	31P2R1A5_01851	96.333	409	14	1	1	408	1	409	0.0	788
42P1R1A12_01061	42P1R1A12_01061	100.000	936	0	0	1	936	1	936	0.0	1957
42P1R1A12_01061	31P2R1A5_01852	96.795	936	30	0	1	936	1	936	0.0	1909
42P1R1A12_01064	42P1R1A12_01064	100.000	116	0	0	1	116	1	116	5.72e-77	222
42P1R1A12_01064	31P2R1A5_01855	95.690	116	5	0	1	116	1	116	3.76e-74	215
42P1R1A12_01065	42P1R1A12_01065	100.000	135	0	0	1	135	1	135	3.58e-93	265
42P1R1A12_01065	31P2R1A5_01856	95.556	135	6	0	1	135	1	135	4.95e-90	257
42P1R1A12_01066	42P1R1A12_01066	100.000	428	0	0	1	428	1	428	0.0	896
42P1R1A12_01066	18P3R3A11_01298	96.495	428	15	0	1	428	1	428	0.0	875
42P1R1A12_01066	31P2R1A5_01857	96.262	428	16	0	1	428	1	428	0.0	871
42P1R1A12_01066	10P3R2A13_02545	96.495	428	15	0	1	428	1	428	0.0	871
42P1R1A12_01066	38P2R3A13_07213	96.850	127	4	0	302	428	1	127	3.37e-88	263
42P1R1A12_01067	42P1R1A12_01067	100.000	264	0	0	1	264	1	264	0.0	540
42P1R1A12_01068	42P1R1A12_01068	100.000	215	0	0	1	215	1	215	3.30e-155	428
42P1R1A12_01068	51P2R2A10_02753	96.744	215	7	0	1	215	1	215	1.46e-150	416
42P1R1A12_01069	42P1R1A12_01069	100.000	332	0	0	1	332	1	332	0.0	653
42P1R1A12_01070	42P1R1A12_01070	100.000	242	0	0	1	242	1	242	2.03e-174	479
42P1R1A12_01071	42P1R1A12_01071	100.000	249	0	0	1	249	1	249	0.0	506
42P1R1A12_01072	42P1R1A12_01072	100.000	311	0	0	1	311	1	311	0.0	633
42P1R1A12_01073	42P1R1A12_01073	100.000	219	0	0	1	219	1	219	2.94e-158	436
42P1R1A12_01074	42P1R1A12_01074	100.000	248	0	0	1	248	1	248	0.0	507
42P1R1A12_01075	42P1R1A12_01075	100.000	494	0	0	1	494	1	494	0.0	994
42P1R1A12_01075	51P2R2A10_02760	97.976	494	10	0	1	494	1	494	0.0	978
42P1R1A12_01076	42P1R1A12_01076	100.000	483	0	0	1	483	1	483	0.0	996
42P1R1A12_01077	42P1R1A12_01077	100.000	69	0	0	1	69	1	69	4.59e-45	138
42P1R1A12_01077	51P2R2A10_02762	95.652	69	3	0	1	69	1	69	1.23e-43	134
42P1R1A12_01078	42P1R1A12_01078	100.000	560	0	0	1	560	1	560	0.0	1105
42P1R1A12_01079	42P1R1A12_01079	100.000	683	0	0	1	683	1	683	0.0	1364
42P1R1A12_01079	31P2R1A5_01868	96.047	683	27	0	1	683	1	683	0.0	1259
42P1R1A12_01080	42P1R1A12_01080	100.000	192	0	0	1	192	1	192	1.03e-136	379
42P1R1A12_01080	51P2R2A10_02765	96.354	192	7	0	1	192	1	192	5.32e-132	368
42P1R1A12_01081	42P1R1A12_01081	100.000	896	0	0	1	896	1	896	0.0	1801
42P1R1A12_01081	51P2R2A10_02766	97.656	896	21	0	1	896	1	896	0.0	1762
42P1R1A12_01082	42P1R1A12_01082	100.000	226	0	0	1	226	1	226	9.02e-165	453
42P1R1A12_01082	51P2R2A10_02767	96.903	226	7	0	1	226	1	226	1.64e-160	442
42P1R1A12_01083	42P1R1A12_01083	100.000	232	0	0	1	232	1	232	2.55e-174	478
42P1R1A12_01084	42P1R1A12_01084	100.000	300	0	0	1	300	1	300	0.0	624
42P1R1A12_01085	42P1R1A12_01085	100.000	493	0	0	1	493	1	493	0.0	1023
42P1R1A12_01086	42P1R1A12_01086	100.000	329	0	0	1	329	1	329	0.0	641
42P1R1A12_01087	42P1R1A12_01087	100.000	495	0	0	1	495	1	495	0.0	1006
42P1R1A12_01088	42P1R1A12_01088	100.000	305	0	0	1	305	1	305	0.0	614
42P1R1A12_01089	42P1R1A12_01089	100.000	36	0	0	1	36	1	36	1.72e-21	76.6
42P1R1A12_01090	42P1R1A12_01090	100.000	358	0	0	1	358	1	358	0.0	731
42P1R1A12_01091	42P1R1A12_01091	100.000	266	0	0	1	266	1	266	0.0	550
42P1R1A12_01092	42P1R1A12_01092	100.000	140	0	0	1	140	1	140	4.27e-98	278
42P1R1A12_01093	42P1R1A12_01093	100.000	547	0	0	1	547	1	547	0.0	1125
42P1R1A12_01093	31P2R1A5_01873	97.441	547	14	0	1	547	1	547	0.0	1098
42P1R1A12_01093	10P3R2A13_02416	95.430	547	25	0	1	547	1	547	0.0	1061
42P1R1A12_01093	43P2R2A2_02392	95.914	465	19	0	83	547	1	465	0.0	905
42P1R1A12_01094	42P1R1A12_01094	100.000	183	0	0	1	183	1	183	1.34e-137	381
42P1R1A12_01094	51P2R2A10_02770	97.814	183	4	0	1	183	1	183	3.25e-135	375
42P1R1A12_01095	42P1R1A12_01095	100.000	258	0	0	1	258	1	258	0.0	525
42P1R1A12_01095	51P2R2A10_02771	96.124	258	10	0	1	258	1	258	0.0	506
42P1R1A12_01096	42P1R1A12_01096	100.000	98	0	0	1	98	1	98	1.14e-64	190
42P1R1A12_01098	42P1R1A12_01098	100.000	151	0	0	1	151	1	151	4.18e-110	309
42P1R1A12_01098	31P2R1A5_01878	97.351	151	4	0	1	151	1	151	4.70e-107	301
42P1R1A12_01098	18P3R3A11_01278	98.639	147	2	0	1	147	1	147	5.46e-107	301
42P1R1A12_01098	38P2R3A13_04300	97.959	147	3	0	1	147	1	147	8.30e-106	298
42P1R1A12_01098	10P3R2A13_02411	97.279	147	4	0	1	147	1	147	4.65e-105	296
42P1R1A12_01098	38P2R3A13_08262	98.039	102	2	0	46	147	1	102	5.09e-71	208
42P1R1A12_01099	42P1R1A12_01099	100.000	309	0	0	1	309	1	309	0.0	609
42P1R1A12_01099	51P2R2A10_02775	97.087	309	9	0	1	309	1	309	0.0	591
42P1R1A12_01100	42P1R1A12_01100	100.000	468	0	0	1	468	1	468	0.0	967
42P1R1A12_01100	51P2R2A10_02776	97.009	468	14	0	1	468	1	468	0.0	942
42P1R1A12_01100	31P2R1A5_01880	95.299	468	22	0	1	468	1	468	0.0	908
42P1R1A12_01101	42P1R1A12_01101	100.000	380	0	0	1	380	1	380	0.0	774
42P1R1A12_01101	51P2R2A10_02777	95.789	380	16	0	1	380	1	380	0.0	723
42P1R1A12_01102	42P1R1A12_01102	100.000	432	0	0	1	432	1	432	0.0	858
42P1R1A12_01102	51P2R2A10_02778	97.222	432	12	0	1	432	1	432	0.0	842
42P1R1A12_01103	42P1R1A12_01103	100.000	111	0	0	1	111	1	111	1.65e-79	228
42P1R1A12_01103	51P2R2A10_02779	97.297	111	3	0	1	111	1	111	1.92e-77	223
42P1R1A12_01104	42P1R1A12_01104	100.000	468	0	0	1	468	1	468	0.0	960
42P1R1A12_01105	42P1R1A12_01105	100.000	556	0	0	1	556	1	556	0.0	1164
42P1R1A12_01105	31P2R1A5_01885	95.848	554	23	0	1	554	1	554	0.0	1119
42P1R1A12_01106	42P1R1A12_01106	100.000	651	0	0	1	651	1	651	0.0	1298
42P1R1A12_01108	42P1R1A12_01108	100.000	383	0	0	1	383	1	383	0.0	786
42P1R1A12_01109	42P1R1A12_01109	100.000	407	0	0	1	407	1	407	0.0	826
42P1R1A12_01111	42P1R1A12_01111	100.000	554	0	0	1	554	1	554	0.0	1154
42P1R1A12_01111	31P2R1A5_01891	97.288	553	15	0	1	553	1	553	0.0	1132
42P1R1A12_01111	18P3R3A11_01269	97.288	553	15	0	1	553	1	553	0.0	1129
42P1R1A12_01111	15P1R1A16_03738	95.089	224	11	0	330	553	1	224	2.16e-160	456
42P1R1A12_01119	42P1R1A12_01119	100.000	194	0	0	1	194	1	194	2.80e-142	394
42P1R1A12_01120	42P1R1A12_01120	100.000	392	0	0	1	392	1	392	0.0	796
42P1R1A12_01120	51P2R2A10_02795	96.429	392	14	0	1	392	1	392	0.0	745
42P1R1A12_01121	42P1R1A12_01121	100.000	475	0	0	1	475	1	475	0.0	985
42P1R1A12_01121	10P3R2A13_02392	96.632	475	16	0	1	475	1	475	0.0	959
42P1R1A12_01121	31P2R1A5_01900	96.421	475	17	0	1	475	1	475	0.0	958
42P1R1A12_01122	42P1R1A12_01122	100.000	349	0	0	1	349	1	349	0.0	711
42P1R1A12_01122	18P3R3A11_01259	97.994	349	7	0	1	349	1	349	0.0	697
42P1R1A12_01122	31P2R1A5_01901	97.135	349	10	0	1	349	1	349	0.0	693
42P1R1A12_01122	10P3R2A13_02391	96.821	346	11	0	1	346	14	359	0.0	687
42P1R1A12_01122	43P2R2A2_05086	95.035	141	7	0	206	346	1	141	1.37e-93	275
42P1R1A12_01123	42P1R1A12_01123	100.000	156	0	0	1	156	1	156	9.10e-113	316
42P1R1A12_01124	42P1R1A12_01124	100.000	293	0	0	1	293	1	293	0.0	590
42P1R1A12_01124	51P2R2A10_02799	100.000	293	0	0	1	293	23	315	0.0	590
42P1R1A12_01124	31P2R1A5_01903	98.635	293	4	0	1	293	24	316	0.0	582
42P1R1A12_01124	10P3R2A13_02389	95.904	293	12	0	1	293	1	293	0.0	544
42P1R1A12_01124	18P3R3A11_01257	95.563	293	13	0	1	293	1	293	0.0	539
42P1R1A12_01125	42P1R1A12_01125	100.000	513	0	0	1	513	1	513	0.0	1031
42P1R1A12_01125	51P2R2A10_02800	97.856	513	11	0	1	513	1	513	0.0	1019
42P1R1A12_01126	42P1R1A12_01126	100.000	304	0	0	1	304	1	304	0.0	628
42P1R1A12_01126	31P2R1A5_01905	95.066	304	15	0	1	304	1	304	0.0	582
42P1R1A12_01127	42P1R1A12_01127	100.000	247	0	0	1	247	1	247	0.0	502
42P1R1A12_01127	31P2R1A5_01906	96.356	247	9	0	1	247	1	247	1.02e-177	488
42P1R1A12_01128	42P1R1A12_01128	100.000	225	0	0	1	225	1	225	3.17e-160	442
42P1R1A12_01128	31P2R1A5_01907	96.444	225	8	0	1	225	1	225	1.82e-155	430
42P1R1A12_01129	42P1R1A12_01129	100.000	242	0	0	1	242	1	242	0.0	497
42P1R1A12_01129	31P2R1A5_01908	95.868	242	10	0	1	242	1	242	2.14e-167	461
42P1R1A12_01130	42P1R1A12_01130	100.000	556	0	0	1	556	1	556	0.0	1145
42P1R1A12_01131	42P1R1A12_01131	100.000	596	0	0	1	596	1	596	0.0	1173
42P1R1A12_01132	42P1R1A12_01132	100.000	161	0	0	1	161	1	161	5.39e-119	332
42P1R1A12_01133	42P1R1A12_01133	100.000	861	0	0	1	861	1	861	0.0	1795
42P1R1A12_01134	42P1R1A12_01134	100.000	197	0	0	1	197	1	197	1.18e-146	405
42P1R1A12_01135	42P1R1A12_01135	100.000	344	0	0	1	344	1	344	0.0	687
42P1R1A12_01136	42P1R1A12_01136	100.000	217	0	0	1	217	1	217	1.54e-164	452
42P1R1A12_01137	42P1R1A12_01137	100.000	210	0	0	1	210	1	210	5.75e-156	430
42P1R1A12_01140	42P1R1A12_01140	100.000	634	0	0	1	634	1	634	0.0	1304
42P1R1A12_01140	31P2R1A5_01919	97.792	634	14	0	1	634	1	634	0.0	1286
42P1R1A12_01142	42P1R1A12_01142	100.000	367	0	0	1	367	1	367	0.0	737
42P1R1A12_01142	51P2R2A10_02817	97.275	367	10	0	1	367	1	367	0.0	720
42P1R1A12_01143	42P1R1A12_01143	100.000	400	0	0	1	400	1	400	0.0	825
42P1R1A12_01143	51P2R2A10_02818	99.500	400	2	0	1	400	25	424	0.0	825
42P1R1A12_01143	54P2R2A3_03072	98.250	400	7	0	1	400	25	424	0.0	818
42P1R1A12_01143	31P2R1A5_01922	98.000	400	8	0	1	400	1	400	0.0	816
42P1R1A12_01144	42P1R1A12_01144	100.000	88	0	0	1	88	1	88	1.97e-60	178
42P1R1A12_01144	31P2R1A5_01923	97.727	88	2	0	1	88	1	88	1.52e-59	176
42P1R1A12_01144	10P3R2A13_02362	96.591	88	3	0	1	88	1	88	1.10e-58	174
42P1R1A12_01145	42P1R1A12_01145	100.000	215	0	0	1	215	1	215	4.44e-161	443
42P1R1A12_01145	51P2R2A10_02820	95.349	215	10	0	1	215	1	215	1.27e-146	406
42P1R1A12_01146	42P1R1A12_01146	100.000	318	0	0	1	318	1	318	0.0	651
42P1R1A12_01147	42P1R1A12_01147	100.000	322	0	0	1	322	1	322	0.0	671
42P1R1A12_01147	31P2R1A5_01926	96.894	322	10	0	1	322	1	322	0.0	654
42P1R1A12_01147	18P3R3A11_01236	96.273	322	12	0	1	322	1	322	0.0	653
42P1R1A12_01147	10P3R2A13_02359	95.963	322	13	0	1	322	1	322	0.0	651
42P1R1A12_01148	42P1R1A12_01148	100.000	68	0	0	1	68	1	68	1.53e-42	132
42P1R1A12_01149	42P1R1A12_01149	100.000	263	0	0	1	263	1	263	0.0	528
42P1R1A12_01149	51P2R2A10_02824	95.817	263	11	0	1	263	1	263	0.0	513
42P1R1A12_01152	42P1R1A12_01152	100.000	190	0	0	1	190	1	190	1.87e-141	391
42P1R1A12_01153	42P1R1A12_01153	100.000	458	0	0	1	458	1	458	0.0	900
42P1R1A12_01154	42P1R1A12_01154	100.000	265	0	0	1	265	1	265	0.0	554
42P1R1A12_01154	51P2R2A10_02829	96.226	265	10	0	1	265	1	265	0.0	536
42P1R1A12_01155	42P1R1A12_01155	100.000	137	0	0	1	137	1	137	9.26e-98	276
42P1R1A12_01156	42P1R1A12_01156	100.000	143	0	0	1	143	1	143	1.83e-102	289
42P1R1A12_01157	42P1R1A12_01157	100.000	522	0	0	1	522	1	522	0.0	1071
42P1R1A12_01159	42P1R1A12_01159	100.000	304	0	0	1	304	1	304	0.0	621
42P1R1A12_01160	42P1R1A12_01160	100.000	408	0	0	1	408	1	408	0.0	860
42P1R1A12_01160	51P2R2A10_02835	95.325	385	18	0	24	408	1	385	0.0	786
42P1R1A12_01161	42P1R1A12_01161	100.000	210	0	0	1	210	1	210	6.53e-159	437
42P1R1A12_01162	42P1R1A12_01162	100.000	387	0	0	1	387	1	387	0.0	796
42P1R1A12_01162	51P2R2A10_02837	97.674	387	9	0	1	387	1	387	0.0	781
42P1R1A12_01163	42P1R1A12_01163	100.000	230	0	0	1	230	1	230	4.20e-171	469
42P1R1A12_01163	51P2R2A10_02838	96.957	230	7	0	1	230	1	230	1.90e-166	458
42P1R1A12_01164	42P1R1A12_01164	100.000	181	0	0	1	181	1	181	8.42e-136	376
42P1R1A12_01165	42P1R1A12_01165	100.000	770	0	0	1	770	1	770	0.0	1587
42P1R1A12_01165	51P2R2A10_02840	96.364	770	28	0	1	770	1	770	0.0	1504
42P1R1A12_01166	42P1R1A12_01166	100.000	327	0	0	1	327	1	327	0.0	669
42P1R1A12_01166	31P2R1A5_01946	96.024	327	13	0	1	327	1	327	0.0	646
42P1R1A12_01167	42P1R1A12_01167	100.000	518	0	0	1	518	1	518	0.0	1031
42P1R1A12_01167	51P2R2A10_02842	95.560	518	23	0	1	518	1	518	0.0	990
42P1R1A12_01168	42P1R1A12_01168	100.000	329	0	0	1	329	1	329	0.0	629
42P1R1A12_01169	42P1R1A12_01169	100.000	334	0	0	1	334	1	334	0.0	649
42P1R1A12_01170	42P1R1A12_01170	100.000	315	0	0	1	315	1	315	0.0	630
42P1R1A12_01170	51P2R2A10_02845	95.556	315	14	0	1	315	1	315	0.0	588
42P1R1A12_01171	42P1R1A12_01171	100.000	343	0	0	1	343	1	343	0.0	697
42P1R1A12_01171	31P2R1A5_01951	95.335	343	16	0	1	343	1	343	0.0	664
42P1R1A12_01172	42P1R1A12_01172	100.000	499	0	0	1	499	1	499	0.0	1017
42P1R1A12_01172	51P2R2A10_02847	96.566	495	17	0	1	495	1	495	0.0	976
42P1R1A12_01173	42P1R1A12_01173	100.000	204	0	0	1	204	1	204	1.74e-154	426
42P1R1A12_01173	51P2R2A10_02848	97.549	204	5	0	1	204	1	204	1.63e-149	413
42P1R1A12_01173	31P2R1A5_01953	95.025	201	10	0	1	201	1	201	2.30e-144	400
42P1R1A12_01174	42P1R1A12_01174	100.000	63	0	0	1	63	1	63	1.47e-41	129
42P1R1A12_01175	42P1R1A12_01175	100.000	421	0	0	1	421	1	421	0.0	831
42P1R1A12_01176	42P1R1A12_01176	100.000	412	0	0	1	412	1	412	0.0	826
42P1R1A12_01176	51P2R2A10_02850	97.087	412	12	0	1	412	1	412	0.0	807
42P1R1A12_01177	42P1R1A12_01177	100.000	413	0	0	1	413	1	413	0.0	855
42P1R1A12_01177	51P2R2A10_02851	97.094	413	12	0	1	413	1	413	0.0	831
42P1R1A12_01178	42P1R1A12_01178	100.000	359	0	0	1	359	1	359	0.0	738
42P1R1A12_01178	51P2R2A10_02852	97.772	359	8	0	1	359	1	359	0.0	717
42P1R1A12_01179	42P1R1A12_01179	100.000	270	0	0	1	270	1	270	0.0	556
42P1R1A12_01179	51P2R2A10_02853	97.778	270	6	0	1	270	1	270	0.0	546
42P1R1A12_01180	42P1R1A12_01180	100.000	454	0	0	1	454	1	454	0.0	913
42P1R1A12_01181	42P1R1A12_01181	100.000	423	0	0	1	423	1	423	0.0	867
42P1R1A12_01182	42P1R1A12_01182	100.000	343	0	0	1	343	1	343	0.0	685
42P1R1A12_01182	51P2R2A10_02856	97.959	343	7	0	1	343	1	343	0.0	673
42P1R1A12_01183	42P1R1A12_01183	100.000	400	0	0	1	400	1	400	0.0	823
42P1R1A12_01183	51P2R2A10_02857	96.250	400	15	0	1	400	1	400	0.0	797
42P1R1A12_01184	42P1R1A12_01184	100.000	414	0	0	1	414	1	414	0.0	845
42P1R1A12_01184	51P2R2A10_02858	97.101	414	12	0	1	414	1	414	0.0	825
42P1R1A12_01185	42P1R1A12_01185	100.000	355	0	0	1	355	1	355	0.0	710
42P1R1A12_01186	42P1R1A12_01186	100.000	333	0	0	1	333	1	333	0.0	640
42P1R1A12_01186	31P2R1A5_01965	97.281	331	9	0	1	331	1	331	0.0	627
42P1R1A12_01187	42P1R1A12_01187	100.000	501	0	0	1	501	1	501	0.0	1011
42P1R1A12_01187	51P2R2A10_02861	97.804	501	11	0	1	501	1	501	0.0	988
42P1R1A12_01188	42P1R1A12_01188	100.000	363	0	0	1	363	1	363	0.0	731
42P1R1A12_01188	51P2R2A10_02862	96.970	363	11	0	1	363	1	363	0.0	713
42P1R1A12_01189	42P1R1A12_01189	100.000	98	0	0	1	98	1	98	7.89e-70	203
42P1R1A12_01190	42P1R1A12_01190	100.000	135	0	0	1	135	1	135	2.34e-96	273
42P1R1A12_01191	42P1R1A12_01191	100.000	66	0	0	1	66	1	66	1.05e-45	139
42P1R1A12_01191	31P2R1A5_01971	95.455	66	3	0	1	66	1	66	7.47e-44	135
42P1R1A12_01192	42P1R1A12_01192	100.000	703	0	0	1	703	1	703	0.0	1409
42P1R1A12_01192	31P2R1A5_01972	97.151	702	20	0	2	703	1	702	0.0	1375
42P1R1A12_01193	42P1R1A12_01193	100.000	138	0	0	1	138	1	138	6.16e-98	277
42P1R1A12_01193	51P2R2A10_02867	97.826	138	3	0	1	138	1	138	2.02e-96	273
42P1R1A12_01194	42P1R1A12_01194	100.000	252	0	0	1	252	1	252	0.0	506
42P1R1A12_01194	51P2R2A10_02868	97.619	252	6	0	1	252	1	252	2.34e-180	495
42P1R1A12_01195	42P1R1A12_01195	100.000	284	0	0	1	284	1	284	0.0	583
42P1R1A12_01195	31P2R1A5_05066	96.479	284	10	0	1	284	1	284	0.0	565
42P1R1A12_01196	42P1R1A12_01196	100.000	536	0	0	1	536	1	536	0.0	1102
42P1R1A12_01196	51P2R2A10_02870	96.082	536	21	0	1	536	1	536	0.0	1063
42P1R1A12_01197	42P1R1A12_01197	100.000	392	0	0	1	392	1	392	0.0	800
42P1R1A12_01197	51P2R2A10_02871	97.704	392	9	0	1	392	1	392	0.0	785
42P1R1A12_01198	42P1R1A12_01198	100.000	320	0	0	1	320	1	320	0.0	645
42P1R1A12_01198	51P2R2A10_02872	96.250	320	12	0	1	320	1	320	0.0	625
42P1R1A12_01199	42P1R1A12_01199	100.000	347	0	0	1	347	1	347	0.0	721
42P1R1A12_01199	51P2R2A10_02408	97.983	347	7	0	1	347	1	347	0.0	713
42P1R1A12_01199	34P3R2A10_02597	96.491	57	2	0	291	347	1	57	2.09e-30	110
42P1R1A12_01200	42P1R1A12_01200	100.000	73	0	0	1	73	1	73	2.14e-48	147
42P1R1A12_01200	31P2R1A5_02305	97.260	73	2	0	1	73	1	73	1.33e-47	145
42P1R1A12_01201	42P1R1A12_01201	100.000	238	0	0	1	238	1	238	4.65e-170	468
42P1R1A12_01201	31P2R1A5_02304	97.479	238	6	0	1	238	1	238	7.25e-166	457
42P1R1A12_01202	42P1R1A12_01202	100.000	232	0	0	1	232	1	232	9.61e-168	461
42P1R1A12_01203	42P1R1A12_01203	100.000	33	0	0	1	33	1	33	5.68e-18	67.8
42P1R1A12_01204	42P1R1A12_01204	100.000	177	0	0	1	177	1	177	3.07e-131	364
42P1R1A12_01204	31P2R1A5_02302	97.740	177	4	0	1	177	1	177	2.24e-129	360
42P1R1A12_01205	42P1R1A12_01205	100.000	749	0	0	1	749	1	749	0.0	1515
42P1R1A12_01205	31P2R1A5_02301	96.662	749	25	0	1	749	1	749	0.0	1474
42P1R1A12_01206	42P1R1A12_01206	100.000	292	0	0	1	292	1	292	0.0	584
42P1R1A12_01206	31P2R1A5_02300	96.918	292	9	0	1	292	1	292	0.0	568
42P1R1A12_01207	42P1R1A12_01207	100.000	265	0	0	1	265	1	265	0.0	557
42P1R1A12_01207	31P2R1A5_02299	95.472	265	12	0	1	265	1	265	0.0	537
42P1R1A12_01208	42P1R1A12_01208	100.000	156	0	0	1	156	1	156	4.56e-113	317
42P1R1A12_01209	42P1R1A12_01209	100.000	188	0	0	1	188	1	188	2.62e-138	383
42P1R1A12_01210	42P1R1A12_01210	100.000	138	0	0	1	138	1	138	1.98e-95	271
42P1R1A12_01211	42P1R1A12_01211	100.000	108	0	0	1	108	1	108	5.90e-75	217
42P1R1A12_01211	51P2R2A10_02420	96.296	108	4	0	1	108	1	108	1.22e-72	211
42P1R1A12_01212	42P1R1A12_01212	100.000	1125	0	0	1	1125	1	1125	0.0	2294
42P1R1A12_01213	42P1R1A12_01213	100.000	962	0	0	1	962	1	962	0.0	1982
42P1R1A12_01214	42P1R1A12_01214	100.000	1182	0	0	1	1182	1	1182	0.0	2404
42P1R1A12_01214	51P2R2A10_02423	96.870	1182	37	0	1	1182	1	1182	0.0	2333
42P1R1A12_01215	42P1R1A12_01215	100.000	612	0	0	1	612	1	612	0.0	1235
42P1R1A12_01216	42P1R1A12_01216	100.000	444	0	0	1	444	1	444	0.0	913
42P1R1A12_01216	31P2R1A5_02289	97.072	444	13	0	1	444	1	444	0.0	890
42P1R1A12_01217	42P1R1A12_01217	100.000	399	0	0	1	399	1	399	0.0	814
42P1R1A12_01217	51P2R2A10_02426	99.499	399	2	0	1	399	20	418	0.0	810
42P1R1A12_01217	31P2R1A5_02288	96.742	399	13	0	1	399	20	418	0.0	793
42P1R1A12_01217	43P2R2A2_03991	95.722	187	8	0	213	399	1	187	2.22e-127	364
42P1R1A12_01217	14P1R2A4_04837	95.714	140	6	0	260	399	1	140	5.19e-91	270
42P1R1A12_01218	42P1R1A12_01218	100.000	360	0	0	1	360	1	360	0.0	735
42P1R1A12_01219	42P1R1A12_01219	100.000	289	0	0	1	289	1	289	0.0	588
42P1R1A12_01220	42P1R1A12_01220	100.000	405	0	0	1	405	1	405	0.0	836
42P1R1A12_01221	42P1R1A12_01221	100.000	151	0	0	1	151	1	151	1.29e-110	310
42P1R1A12_01221	51P2R2A10_02430	96.026	151	6	0	1	151	1	151	2.36e-106	300
42P1R1A12_01222	42P1R1A12_01222	100.000	117	0	0	1	117	1	117	1.15e-82	237
42P1R1A12_01223	42P1R1A12_01223	100.000	185	0	0	1	185	1	185	3.12e-133	370
42P1R1A12_01224	42P1R1A12_01224	100.000	452	0	0	1	452	1	452	0.0	907
42P1R1A12_01224	51P2R2A10_02433	97.345	452	12	0	1	452	1	452	0.0	884
42P1R1A12_01225	42P1R1A12_01225	100.000	371	0	0	1	371	1	371	0.0	761
42P1R1A12_01226	42P1R1A12_01226	100.000	464	0	0	1	464	1	464	0.0	946
42P1R1A12_01227	42P1R1A12_01227	100.000	337	0	0	1	337	1	337	0.0	686
42P1R1A12_01228	42P1R1A12_01228	100.000	92	0	0	1	92	1	92	2.13e-58	174
42P1R1A12_01229	42P1R1A12_01229	100.000	164	0	0	1	164	1	164	8.79e-115	322
42P1R1A12_01230	42P1R1A12_01230	100.000	211	0	0	1	211	1	211	5.92e-152	420
42P1R1A12_01230	51P2R2A10_02439	96.682	211	7	0	1	211	1	211	1.75e-146	406
42P1R1A12_01231	42P1R1A12_01231	100.000	154	0	0	1	154	1	154	3.42e-109	307
42P1R1A12_01233	42P1R1A12_01233	100.000	126	0	0	1	126	1	126	1.92e-91	259
42P1R1A12_01234	42P1R1A12_01234	100.000	611	0	0	1	611	1	611	0.0	1213
42P1R1A12_01234	51P2R2A10_02443	97.533	608	15	0	1	608	1	608	0.0	1179
42P1R1A12_01235	42P1R1A12_01235	100.000	174	0	0	1	174	1	174	3.47e-126	352
42P1R1A12_01236	42P1R1A12_01236	100.000	225	0	0	1	225	1	225	1.51e-164	452
42P1R1A12_01236	51P2R2A10_02445	97.333	225	1	1	1	225	1	220	8.86e-158	435
42P1R1A12_01237	42P1R1A12_01237	100.000	555	0	0	1	555	1	555	0.0	1150
42P1R1A12_01237	31P2R1A5_02268	98.011	553	11	0	1	553	1	553	0.0	1129
42P1R1A12_01237	1P1R1A1_00899	97.838	555	12	0	1	555	1	555	0.0	1127
42P1R1A12_01237	40P3R1A10_03071	98.043	460	9	0	1	460	1	460	0.0	939
42P1R1A12_01237	40P3R1A10_03070	97.590	83	2	0	473	555	1	83	3.14e-50	167
42P1R1A12_01238	42P1R1A12_01238	100.000	271	0	0	1	271	1	271	0.0	543
42P1R1A12_01238	31P2R1A5_02267	95.572	271	12	0	1	271	1	271	0.0	518
42P1R1A12_01239	42P1R1A12_01239	100.000	95	0	0	1	95	1	95	2.73e-62	184
42P1R1A12_01239	1P1R1A1_00901	96.774	93	3	0	1	93	1	93	2.36e-59	176
42P1R1A12_01239	31P2R1A5_02266	95.789	95	4	0	1	95	1	95	1.21e-51	157
42P1R1A12_01240	42P1R1A12_01240	100.000	267	0	0	1	267	1	267	0.0	532
42P1R1A12_01241	42P1R1A12_01241	100.000	304	0	0	1	304	1	304	0.0	634
42P1R1A12_01242	42P1R1A12_01242	100.000	460	0	0	1	460	1	460	0.0	945
42P1R1A12_01243	42P1R1A12_01243	100.000	320	0	0	1	320	1	320	0.0	634
42P1R1A12_01243	51P2R2A10_02453	95.625	320	14	0	1	320	1	320	0.0	607
42P1R1A12_01244	42P1R1A12_01244	100.000	211	0	0	1	211	1	211	6.00e-157	432
42P1R1A12_01245	42P1R1A12_01245	100.000	380	0	0	1	380	1	380	0.0	775
42P1R1A12_01246	42P1R1A12_01246	100.000	202	0	0	1	202	1	202	3.09e-148	409
42P1R1A12_01247	42P1R1A12_01247	100.000	190	0	0	1	190	1	190	1.39e-141	392
42P1R1A12_01247	51P2R2A10_02457	96.316	190	7	0	1	190	1	190	1.02e-136	379
42P1R1A12_01248	42P1R1A12_01248	100.000	258	0	0	1	258	1	258	0.0	525
42P1R1A12_01249	42P1R1A12_01249	100.000	352	0	0	1	352	1	352	0.0	713
42P1R1A12_01250	42P1R1A12_01250	100.000	242	0	0	1	242	1	242	1.97e-180	494
42P1R1A12_01251	42P1R1A12_01251	100.000	262	0	0	1	262	1	262	0.0	527
42P1R1A12_01251	51P2R2A10_02461	97.255	255	7	0	8	262	1	255	0.0	497
42P1R1A12_01252	42P1R1A12_01252	100.000	265	0	0	1	265	1	265	0.0	549
42P1R1A12_01253	42P1R1A12_01253	100.000	238	0	0	1	238	1	238	6.47e-177	485
42P1R1A12_01253	51P2R2A10_02463	97.059	238	7	0	1	238	1	238	5.72e-171	470
42P1R1A12_01254	42P1R1A12_01254	100.000	246	0	0	1	246	1	246	7.24e-178	488
42P1R1A12_01255	42P1R1A12_01255	100.000	94	0	0	1	94	1	94	1.66e-64	189
42P1R1A12_01256	42P1R1A12_01256	100.000	226	0	0	1	226	1	226	1.62e-161	445
42P1R1A12_01257	42P1R1A12_01257	100.000	272	0	0	1	272	1	272	0.0	557
42P1R1A12_01258	42P1R1A12_01258	100.000	508	0	0	1	508	1	508	0.0	1038
42P1R1A12_01258	51P2R2A10_02468	96.654	508	17	0	1	508	1	508	0.0	1006
42P1R1A12_01259	42P1R1A12_01259	100.000	182	0	0	1	182	1	182	5.35e-132	367
42P1R1A12_01259	51P2R2A10_02469	97.253	182	5	0	1	182	1	182	2.92e-128	357
42P1R1A12_01260	42P1R1A12_01260	100.000	352	0	0	1	352	1	352	0.0	695
42P1R1A12_01264	42P1R1A12_01264	100.000	366	0	0	1	366	1	366	0.0	754
42P1R1A12_01264	31P2R1A5_02241	95.082	366	18	0	1	366	1	366	0.0	725
42P1R1A12_01265	42P1R1A12_01265	100.000	270	0	0	1	270	1	270	0.0	550
42P1R1A12_01265	54P2R2A3_01666	97.770	269	6	0	1	269	1	269	0.0	538
42P1R1A12_01266	42P1R1A12_01266	100.000	144	0	0	1	144	1	144	1.03e-101	287
42P1R1A12_01266	51P2R2A10_02476	95.105	143	7	0	1	143	1	143	2.87e-97	276
42P1R1A12_01267	42P1R1A12_01267	100.000	402	0	0	1	402	1	402	0.0	818
42P1R1A12_01267	51P2R2A10_02477	97.264	402	11	0	1	402	1	402	0.0	797
42P1R1A12_01268	42P1R1A12_01268	100.000	77	0	0	1	77	1	77	2.67e-53	159
42P1R1A12_01270	42P1R1A12_01270	100.000	132	0	0	1	132	1	132	4.42e-90	257
42P1R1A12_01271	42P1R1A12_01271	100.000	367	0	0	1	367	1	367	0.0	764
42P1R1A12_01271	31P2R1A5_02234	96.185	367	14	0	1	367	1	367	0.0	741
42P1R1A12_01272	42P1R1A12_01272	100.000	237	0	0	1	237	1	237	5.43e-176	483
42P1R1A12_01273	42P1R1A12_01273	100.000	141	0	0	1	141	1	141	3.41e-100	283
42P1R1A12_01273	51P2R2A10_02483	96.454	141	5	0	1	141	1	141	1.01e-95	272
42P1R1A12_01274	42P1R1A12_01274	100.000	473	0	0	1	473	1	473	0.0	973
42P1R1A12_01275	42P1R1A12_01275	100.000	592	0	0	1	592	1	592	0.0	1236
42P1R1A12_01275	31P2R1A5_02230	95.270	592	28	0	1	592	1	592	0.0	1174
42P1R1A12_01276	42P1R1A12_01276	100.000	437	0	0	1	437	1	437	0.0	883
42P1R1A12_01277	42P1R1A12_01277	100.000	216	0	0	1	216	1	216	2.77e-161	444
42P1R1A12_01277	51P2R2A10_02487	97.685	216	5	0	1	216	1	216	1.12e-157	434
42P1R1A12_01278	42P1R1A12_01278	100.000	256	0	0	1	256	1	256	0.0	524
42P1R1A12_01279	42P1R1A12_01279	100.000	648	0	0	1	648	1	648	0.0	1310
42P1R1A12_01279	51P2R2A10_02489	95.666	646	28	0	1	646	1	646	0.0	1234
42P1R1A12_01280	42P1R1A12_01280	100.000	391	0	0	1	391	1	391	0.0	794
42P1R1A12_01281	42P1R1A12_01281	100.000	466	0	0	1	466	1	466	0.0	919
42P1R1A12_01282	42P1R1A12_01282	100.000	469	0	0	1	469	1	469	0.0	966
42P1R1A12_01283	42P1R1A12_01283	100.000	314	0	0	1	314	1	314	0.0	630
42P1R1A12_01284	42P1R1A12_01284	100.000	456	0	0	1	456	1	456	0.0	939
42P1R1A12_01284	31P2R1A5_02215	95.395	456	21	0	1	456	1	456	0.0	900
42P1R1A12_01285	42P1R1A12_01285	100.000	430	0	0	1	430	1	430	0.0	861
42P1R1A12_01285	31P2R1A5_02214	96.047	430	17	0	1	430	1	430	0.0	834
42P1R1A12_01286	42P1R1A12_01286	100.000	456	0	0	1	456	1	456	0.0	938
42P1R1A12_01286	31P2R1A5_02213	95.614	456	20	0	1	456	1	456	0.0	906
42P1R1A12_01287	42P1R1A12_01287	100.000	282	0	0	1	282	1	282	0.0	585
42P1R1A12_01288	42P1R1A12_01288	100.000	186	0	0	1	186	1	186	6.29e-138	382
42P1R1A12_01288	51P2R2A10_02498	96.237	186	3	1	1	186	1	182	3.27e-130	362
42P1R1A12_01289	42P1R1A12_01289	100.000	110	0	0	1	110	1	110	9.76e-77	221
42P1R1A12_01289	51P2R2A10_02499	96.364	110	4	0	1	110	1	110	4.83e-73	212
42P1R1A12_01290	42P1R1A12_01290	100.000	265	0	0	1	265	1	265	0.0	546
42P1R1A12_01291	42P1R1A12_01291	100.000	148	0	0	1	148	1	148	3.66e-107	301
42P1R1A12_01291	51P2R2A10_02501	96.622	148	5	0	1	148	1	148	7.85e-105	295
42P1R1A12_01292	42P1R1A12_01292	100.000	453	0	0	1	453	1	453	0.0	902
42P1R1A12_01292	10P3R2A13_01689	96.889	450	14	0	1	450	1	450	0.0	878
42P1R1A12_01292	28P2R1A12_00017	96.610	354	12	0	97	450	1	354	0.0	690
42P1R1A12_01292	34P3R2A10_04242	98.193	166	3	0	285	450	1	166	7.66e-110	321
42P1R1A12_01292	28P2R1A12_00018	96.629	89	3	0	1	89	1	89	8.20e-54	174
42P1R1A12_01293	42P1R1A12_01293	100.000	447	0	0	1	447	1	447	0.0	921
42P1R1A12_01294	42P1R1A12_01294	100.000	447	0	0	1	447	1	447	0.0	930
42P1R1A12_01294	10P3R2A13_01687	95.973	447	18	0	1	447	1	447	0.0	904
42P1R1A12_01294	43P2R2A2_04319	96.124	129	5	0	319	447	1	129	8.39e-90	268
42P1R1A12_01295	42P1R1A12_01295	100.000	380	0	0	1	380	1	380	0.0	759
42P1R1A12_01295	51P2R2A10_02505	96.842	380	12	0	1	380	1	380	0.0	742
42P1R1A12_01296	42P1R1A12_01296	100.000	921	0	0	1	921	1	921	0.0	1886
42P1R1A12_01296	51P2R2A10_02506	97.165	917	26	0	1	917	1	917	0.0	1831
42P1R1A12_01297	42P1R1A12_01297	100.000	448	0	0	1	448	1	448	0.0	922
42P1R1A12_01297	51P2R2A10_02507	95.759	448	19	0	1	448	1	448	0.0	889
42P1R1A12_01298	42P1R1A12_01298	100.000	746	0	0	1	746	1	746	0.0	1545
42P1R1A12_01298	31P2R1A5_02201	96.649	746	25	0	1	746	1	746	0.0	1502
42P1R1A12_01299	42P1R1A12_01299	100.000	264	0	0	1	264	1	264	0.0	538
42P1R1A12_01299	51P2R2A10_02509	97.348	264	7	0	1	264	1	264	0.0	528
42P1R1A12_01299	54P2R2A3_01706	96.591	264	9	0	1	264	1	264	0.0	523
42P1R1A12_01300	42P1R1A12_01300	100.000	546	0	0	1	546	1	546	0.0	1123
42P1R1A12_01300	31P2R1A5_02199	96.886	546	17	0	1	546	1	546	0.0	1097
42P1R1A12_01300	18P3R3A11_04234	96.520	546	19	0	1	546	1	546	0.0	1097
42P1R1A12_01302	42P1R1A12_01302	100.000	370	0	0	1	370	1	370	0.0	765
42P1R1A12_01302	51P2R2A10_02512	97.027	370	11	0	1	370	1	370	0.0	745
42P1R1A12_01303	42P1R1A12_01303	100.000	224	0	0	1	224	1	224	1.14e-169	466
42P1R1A12_01303	31P2R1A5_02196	96.429	224	8	0	1	224	1	224	4.88e-164	451
42P1R1A12_01304	42P1R1A12_01304	100.000	121	0	0	1	121	1	121	2.08e-89	254
42P1R1A12_01304	31P2R1A5_02195	95.041	121	6	0	1	121	2	122	2.19e-86	246
42P1R1A12_01304	18P3R3A11_04227	96.694	121	4	0	1	121	1	121	3.18e-86	246
42P1R1A12_01304	38P2R3A13_07848	95.041	121	6	0	1	121	1	121	3.92e-86	246
42P1R1A12_01305	42P1R1A12_01305	100.000	583	0	0	1	583	1	583	0.0	1189
42P1R1A12_01306	42P1R1A12_01306	100.000	571	0	0	1	571	1	571	0.0	1184
42P1R1A12_01306	31P2R1A5_02193	97.898	571	12	0	1	571	1	571	0.0	1164
42P1R1A12_01306	18P3R3A11_04225	95.447	571	26	0	1	571	1	571	0.0	1138
42P1R1A12_01307	42P1R1A12_01307	100.000	245	0	0	1	245	1	245	0.0	504
42P1R1A12_01308	42P1R1A12_01308	100.000	281	0	0	1	281	1	281	0.0	577
42P1R1A12_01309	42P1R1A12_01309	100.000	383	0	0	1	383	1	383	0.0	789
42P1R1A12_01310	42P1R1A12_01310	100.000	306	0	0	1	306	1	306	0.0	599
42P1R1A12_01311	42P1R1A12_01311	100.000	77	0	0	1	77	1	77	2.54e-51	154
42P1R1A12_01312	42P1R1A12_01312	100.000	352	0	0	1	352	1	352	0.0	733
42P1R1A12_01312	51P2R2A10_02528	96.243	346	13	0	1	346	1	346	0.0	699
42P1R1A12_01313	42P1R1A12_01313	100.000	472	0	0	1	472	1	472	0.0	950
42P1R1A12_01313	51P2R2A10_02529	96.186	472	18	0	1	472	1	472	0.0	895
42P1R1A12_01315	42P1R1A12_01315	100.000	476	0	0	1	476	1	476	0.0	971
42P1R1A12_01316	42P1R1A12_01316	100.000	202	0	0	1	202	1	202	1.45e-148	410
42P1R1A12_01316	31P2R1A5_02187	95.050	202	10	0	1	202	1	202	4.06e-142	394
42P1R1A12_01317	42P1R1A12_01317	100.000	109	0	0	1	109	1	109	5.17e-74	214
42P1R1A12_01318	42P1R1A12_01318	100.000	106	0	0	1	106	1	106	1.63e-74	215
42P1R1A12_01318	31P2R1A5_02185	97.170	106	3	0	1	106	1	106	3.19e-73	212
42P1R1A12_01319	42P1R1A12_01319	100.000	237	0	0	1	237	1	237	1.44e-176	484
42P1R1A12_01320	42P1R1A12_01320	100.000	160	0	0	1	160	1	160	1.31e-114	321
42P1R1A12_01320	10P3R2A13_02032	97.500	160	4	0	1	160	1	160	3.27e-112	315
42P1R1A12_01320	38P2R3A13_08231	96.250	160	6	0	1	160	1	160	3.17e-111	312
42P1R1A12_01321	42P1R1A12_01321	100.000	350	0	0	1	350	1	350	0.0	712
42P1R1A12_01321	51P2R2A10_02537	96.000	350	14	0	1	350	1	350	0.0	664
42P1R1A12_01322	42P1R1A12_01322	100.000	254	0	0	1	254	1	254	0.0	518
42P1R1A12_01323	42P1R1A12_01323	100.000	209	0	0	1	209	1	209	4.64e-154	425
42P1R1A12_01323	31P2R1A5_02180	96.651	209	7	0	1	209	1	209	8.74e-149	411
42P1R1A12_01324	42P1R1A12_01324	100.000	373	0	0	1	373	1	373	0.0	750
42P1R1A12_01326	42P1R1A12_01326	100.000	126	0	0	1	126	1	126	2.14e-90	257
42P1R1A12_01327	42P1R1A12_01327	100.000	388	0	0	1	388	1	388	0.0	756
42P1R1A12_01328	42P1R1A12_01328	100.000	296	0	0	1	296	1	296	0.0	588
42P1R1A12_01329	42P1R1A12_01329	100.000	136	0	0	1	136	1	136	1.01e-97	276
42P1R1A12_01329	51P2R2A10_02545	96.296	135	5	0	1	135	1	135	6.83e-94	267
42P1R1A12_01330	42P1R1A12_01330	100.000	198	0	0	1	198	1	198	7.46e-146	403
42P1R1A12_01332	42P1R1A12_01332	100.000	79	0	0	1	79	1	79	2.71e-55	165
42P1R1A12_01333	42P1R1A12_01333	100.000	68	0	0	1	68	1	68	2.54e-44	136
42P1R1A12_01334	42P1R1A12_01334	100.000	856	0	0	1	856	1	856	0.0	1756
42P1R1A12_01334	31P2R1A5_02169	95.878	849	35	0	8	856	6	854	0.0	1650
42P1R1A12_01335	42P1R1A12_01335	100.000	75	0	0	1	75	1	75	8.25e-51	153
42P1R1A12_01336	42P1R1A12_01336	100.000	174	0	0	1	174	1	174	1.40e-128	357
42P1R1A12_01337	42P1R1A12_01337	100.000	80	0	0	1	80	1	80	2.14e-54	162
42P1R1A12_01338	42P1R1A12_01338	100.000	161	0	0	1	161	1	161	1.50e-121	338
42P1R1A12_01338	31P2R1A5_02168	99.379	161	1	0	1	161	9	169	3.80e-121	338
42P1R1A12_01339	42P1R1A12_01339	100.000	180	0	0	1	180	1	180	1.73e-126	353
42P1R1A12_01340	42P1R1A12_01340	100.000	185	0	0	1	185	1	185	8.66e-138	382
42P1R1A12_01341	42P1R1A12_01341	100.000	823	0	0	1	823	1	823	0.0	1703
42P1R1A12_01342	42P1R1A12_01342	100.000	248	0	0	1	248	1	248	0.0	511
42P1R1A12_01342	51P2R2A10_02554	97.177	248	7	0	1	248	1	248	0.0	501
42P1R1A12_01343	42P1R1A12_01343	100.000	211	0	0	1	211	1	211	1.38e-156	431
42P1R1A12_01344	42P1R1A12_01344	100.000	351	0	0	1	351	1	351	0.0	708
42P1R1A12_01345	42P1R1A12_01345	100.000	183	0	0	1	183	1	183	3.76e-133	370
42P1R1A12_01346	42P1R1A12_01346	100.000	224	0	0	1	224	1	224	2.36e-165	454
42P1R1A12_01347	42P1R1A12_01347	100.000	69	0	0	1	69	1	69	1.07e-44	137
42P1R1A12_01348	42P1R1A12_01348	100.000	223	0	0	1	223	1	223	1.22e-168	463
42P1R1A12_01349	42P1R1A12_01349	100.000	317	0	0	1	317	1	317	0.0	652
42P1R1A12_01350	42P1R1A12_01350	100.000	704	0	0	1	704	1	704	0.0	1439
42P1R1A12_01351	42P1R1A12_01351	100.000	387	0	0	1	387	1	387	0.0	767
42P1R1A12_01352	42P1R1A12_01352	100.000	648	0	0	1	648	1	648	0.0	1311
42P1R1A12_01352	51P2R2A10_02564	95.525	648	29	0	1	648	1	648	0.0	1259
42P1R1A12_01353	42P1R1A12_01353	100.000	466	0	0	1	466	1	466	0.0	923
42P1R1A12_01354	42P1R1A12_01354	100.000	418	0	0	1	418	1	418	0.0	855
42P1R1A12_01354	51P2R2A10_02566	95.455	418	19	0	1	418	1	418	0.0	790
42P1R1A12_01355	42P1R1A12_01355	100.000	265	0	0	1	265	1	265	0.0	538
42P1R1A12_01356	42P1R1A12_01356	100.000	84	0	0	1	84	1	84	3.63e-58	172
42P1R1A12_01357	42P1R1A12_01357	100.000	244	0	0	1	244	1	244	1.39e-178	489
42P1R1A12_01358	42P1R1A12_01358	100.000	422	0	0	1	422	1	422	0.0	863
42P1R1A12_01359	42P1R1A12_01359	100.000	163	0	0	1	163	1	163	5.32e-119	332
42P1R1A12_01360	42P1R1A12_01360	100.000	247	0	0	1	247	1	247	0.0	507
42P1R1A12_01361	42P1R1A12_01361	100.000	104	0	0	1	104	1	104	2.81e-74	214
42P1R1A12_01362	42P1R1A12_01362	100.000	384	0	0	1	384	1	384	0.0	783
42P1R1A12_01362	51P2R2A10_02574	96.875	384	12	0	1	384	1	384	0.0	763
42P1R1A12_01363	42P1R1A12_01363	100.000	260	0	0	1	260	1	260	0.0	523
42P1R1A12_01364	42P1R1A12_01364	100.000	332	0	0	1	332	1	332	0.0	624
42P1R1A12_01364	51P2R2A10_02576	97.590	332	8	0	1	332	1	332	0.0	610
42P1R1A12_01365	42P1R1A12_01365	100.000	273	0	0	1	273	1	273	0.0	542
42P1R1A12_01366	42P1R1A12_01366	100.000	347	0	0	1	347	1	347	0.0	719
42P1R1A12_01366	51P2R2A10_02578	95.677	347	15	0	1	347	1	347	0.0	689
42P1R1A12_01367	42P1R1A12_01367	100.000	790	0	0	1	790	1	790	0.0	1619
42P1R1A12_01368	42P1R1A12_01368	100.000	95	0	0	1	95	1	95	3.52e-68	198
42P1R1A12_01368	51P2R2A10_02580	96.842	95	3	0	1	95	1	95	1.13e-66	195
42P1R1A12_01369	42P1R1A12_01369	100.000	117	0	0	1	117	1	117	9.18e-84	239
42P1R1A12_01369	51P2R2A10_02581	95.614	114	5	0	1	114	1	114	5.10e-78	225
42P1R1A12_01370	42P1R1A12_01370	100.000	285	0	0	1	285	1	285	0.0	554
42P1R1A12_01370	51P2R2A10_02582	97.193	285	8	0	1	285	1	285	0.0	541
42P1R1A12_01371	42P1R1A12_01371	100.000	283	0	0	1	283	1	283	0.0	557
42P1R1A12_01371	31P2R1A5_02156	96.466	283	10	0	1	283	1	283	0.0	540
42P1R1A12_01372	42P1R1A12_01372	100.000	274	0	0	1	274	1	274	0.0	557
42P1R1A12_01373	42P1R1A12_01373	100.000	306	0	0	1	306	1	306	0.0	629
42P1R1A12_01374	42P1R1A12_01374	100.000	321	0	0	1	321	1	321	0.0	645
42P1R1A12_01375	42P1R1A12_01375	100.000	305	0	0	1	305	1	305	0.0	622
42P1R1A12_01376	42P1R1A12_01376	100.000	105	0	0	1	105	1	105	1.43e-72	210
42P1R1A12_01376	51P2R2A10_02588	97.143	105	3	0	1	105	1	105	1.65e-70	205
42P1R1A12_01377	42P1R1A12_01377	100.000	441	0	0	1	441	1	441	0.0	882
42P1R1A12_01377	31P2R1A5_02150	95.692	441	19	0	1	441	1	441	0.0	851
42P1R1A12_01378	42P1R1A12_01378	100.000	105	0	0	1	105	1	105	1.00e-73	213
42P1R1A12_01379	42P1R1A12_01379	100.000	453	0	0	1	453	1	453	0.0	904
42P1R1A12_01379	51P2R2A10_02591	98.113	424	8	0	30	453	1	424	0.0	830
42P1R1A12_01380	42P1R1A12_01380	100.000	446	0	0	1	446	1	446	0.0	917
42P1R1A12_01381	42P1R1A12_01381	100.000	732	0	0	1	732	1	732	0.0	1516
42P1R1A12_01381	51P2R2A10_02593	95.765	732	31	0	1	732	1	732	0.0	1459
42P1R1A12_01382	42P1R1A12_01382	100.000	467	0	0	1	467	1	467	0.0	976
42P1R1A12_01382	51P2R2A10_02594	97.859	467	10	0	1	467	1	467	0.0	957
42P1R1A12_01383	42P1R1A12_01383	100.000	316	0	0	1	316	1	316	0.0	639
42P1R1A12_01383	51P2R2A10_02595	97.152	316	9	0	1	316	1	316	0.0	626
42P1R1A12_01384	42P1R1A12_01384	100.000	295	0	0	1	295	1	295	0.0	590
42P1R1A12_01384	51P2R2A10_02596	97.627	295	7	0	1	295	397	691	0.0	582
42P1R1A12_01385	42P1R1A12_01385	100.000	394	0	0	1	394	1	394	0.0	813
42P1R1A12_01385	51P2R2A10_02596	98.473	393	6	0	1	393	1	393	0.0	803
42P1R1A12_01386	42P1R1A12_01386	100.000	337	0	0	1	337	1	337	0.0	675
42P1R1A12_01386	51P2R2A10_02597	97.923	337	7	0	1	337	1	337	0.0	663
42P1R1A12_01387	42P1R1A12_01387	100.000	374	0	0	1	374	1	374	0.0	772
42P1R1A12_01388	42P1R1A12_01388	100.000	91	0	0	1	91	1	91	7.30e-62	182
42P1R1A12_01389	42P1R1A12_01389	100.000	291	0	0	1	291	1	291	0.0	604
42P1R1A12_01389	51P2R2A10_02600	97.595	291	7	0	1	291	1	291	0.0	588
42P1R1A12_01390	42P1R1A12_01390	100.000	115	0	0	1	115	1	115	9.88e-79	227
42P1R1A12_01390	51P2R2A10_02601	97.345	113	3	0	1	113	1	113	3.04e-76	221
42P1R1A12_01391	42P1R1A12_01391	100.000	150	0	0	1	150	1	150	2.23e-111	312
42P1R1A12_01392	42P1R1A12_01392	100.000	203	0	0	1	203	1	203	5.28e-149	411
42P1R1A12_01392	51P2R2A10_02603	97.537	203	5	0	1	203	1	203	4.26e-146	404
42P1R1A12_01393	42P1R1A12_01393	100.000	609	0	0	1	609	1	609	0.0	1183
42P1R1A12_01394	42P1R1A12_01394	100.000	308	0	0	1	308	1	308	0.0	601
42P1R1A12_01396	42P1R1A12_01396	100.000	181	0	0	1	181	1	181	7.71e-136	376
42P1R1A12_01396	31P2R1A5_02133	95.028	181	9	0	1	181	1	181	1.28e-129	361
42P1R1A12_01398	42P1R1A12_01398	100.000	137	0	0	1	137	1	137	1.60e-101	286
42P1R1A12_01398	51P2R2A10_02609	97.810	137	3	0	1	137	1	137	1.76e-99	281
42P1R1A12_01399	42P1R1A12_01399	100.000	162	0	0	1	162	1	162	1.81e-115	323
42P1R1A12_01399	51P2R2A10_02610	95.679	162	7	0	1	162	1	162	1.02e-104	296
42P1R1A12_01400	42P1R1A12_01400	100.000	475	0	0	1	475	1	475	0.0	993
42P1R1A12_01400	51P2R2A10_02611	97.053	475	14	0	1	475	1	475	0.0	964
42P1R1A12_01401	42P1R1A12_01401	100.000	481	0	0	1	481	1	481	0.0	959
42P1R1A12_01402	42P1R1A12_01402	100.000	338	0	0	1	338	1	338	0.0	693
42P1R1A12_01402	51P2R2A10_02613	96.746	338	11	0	1	338	1	338	0.0	672
42P1R1A12_01403	42P1R1A12_01403	100.000	176	0	0	1	176	1	176	1.33e-128	358
42P1R1A12_01403	51P2R2A10_02614	97.727	176	4	0	1	176	1	176	1.42e-126	353
42P1R1A12_01404	42P1R1A12_01404	100.000	740	0	0	1	740	1	740	0.0	1488
42P1R1A12_01405	42P1R1A12_01405	100.000	337	0	0	1	337	1	337	0.0	661
42P1R1A12_01405	51P2R2A10_02616	97.041	338	9	1	1	337	1	338	0.0	644
42P1R1A12_01406	42P1R1A12_01406	100.000	378	0	0	1	378	1	378	0.0	771
42P1R1A12_01406	51P2R2A10_02617	96.032	378	15	0	1	378	1	378	0.0	742
42P1R1A12_01407	42P1R1A12_01407	100.000	482	0	0	1	482	1	482	0.0	1013
42P1R1A12_01408	42P1R1A12_01408	100.000	515	0	0	1	515	1	515	0.0	1025
42P1R1A12_01409	42P1R1A12_01409	100.000	322	0	0	1	322	1	322	0.0	652
42P1R1A12_01410	42P1R1A12_01410	100.000	258	0	0	1	258	1	258	0.0	530
42P1R1A12_01411	42P1R1A12_01411	100.000	120	0	0	1	120	1	120	1.79e-85	244
42P1R1A12_01411	51P2R2A10_02622	96.667	120	4	0	1	120	1	120	7.58e-83	238
42P1R1A12_01412	42P1R1A12_01412	100.000	260	0	0	1	260	1	260	0.0	528
42P1R1A12_01412	31P2R1A5_02116	95.769	260	11	0	1	260	1	260	0.0	506
42P1R1A12_01413	42P1R1A12_01413	100.000	121	0	0	1	121	1	121	2.83e-85	244
42P1R1A12_01414	42P1R1A12_01414	100.000	326	0	0	1	326	1	326	0.0	644
42P1R1A12_01416	42P1R1A12_01416	100.000	329	0	0	1	329	1	329	0.0	679
42P1R1A12_01417	42P1R1A12_01417	100.000	226	0	0	1	226	1	226	4.00e-165	454
42P1R1A12_01417	51P2R2A10_02628	95.133	226	11	0	1	226	1	226	1.58e-157	435
42P1R1A12_01418	42P1R1A12_01418	100.000	288	0	0	1	288	1	288	0.0	548
42P1R1A12_01418	51P2R2A10_02629	95.833	288	12	0	1	288	1	288	2.29e-179	495
42P1R1A12_01419	42P1R1A12_01419	100.000	293	0	0	1	293	1	293	0.0	596
42P1R1A12_01419	51P2R2A10_02630	95.904	293	12	0	1	293	1	293	0.0	573
42P1R1A12_01420	42P1R1A12_01420	100.000	76	0	0	1	76	1	76	9.09e-50	150
42P1R1A12_01421	42P1R1A12_01421	100.000	160	0	0	1	160	1	160	1.80e-114	321
42P1R1A12_01421	51P2R2A10_02632	98.125	160	3	0	1	160	7	166	1.40e-112	316
42P1R1A12_01423	42P1R1A12_01423	100.000	167	0	0	1	167	1	167	1.93e-121	339
42P1R1A12_01423	51P2R2A10_02634	97.006	167	5	0	1	167	1	167	2.00e-118	331
42P1R1A12_01424	42P1R1A12_01424	100.000	876	0	0	1	876	1	876	0.0	1800
42P1R1A12_01424	31P2R1A5_02103	96.575	876	30	0	1	876	1	876	0.0	1750
42P1R1A12_01424	34P3R2A10_04930	96.703	91	3	0	785	875	1	91	3.65e-51	174
42P1R1A12_01430	42P1R1A12_01430	100.000	189	0	0	1	189	1	189	1.09e-142	394
42P1R1A12_01431	42P1R1A12_01431	100.000	344	0	0	1	344	1	344	0.0	706
42P1R1A12_01431	31P2R1A5_03636	97.384	344	9	0	1	344	1	344	0.0	687
42P1R1A12_01431	18P3R3A11_03466	95.640	344	15	0	1	344	1	344	0.0	680
42P1R1A12_01432	42P1R1A12_01432	100.000	218	0	0	1	218	1	218	5.79e-152	420
42P1R1A12_01432	18P3R3A11_03467	97.248	218	6	0	1	218	1	218	1.65e-149	414
42P1R1A12_01432	31P2R1A5_03637	97.706	218	5	0	1	218	1	218	3.87e-149	413
42P1R1A12_01432	10P3R2A13_03529	96.330	218	8	0	1	218	1	218	6.63e-148	410
42P1R1A12_01434	42P1R1A12_01434	100.000	136	0	0	1	136	1	136	1.51e-96	273
42P1R1A12_01435	42P1R1A12_01435	100.000	236	0	0	1	236	1	236	5.32e-175	480
42P1R1A12_01435	51P2R2A10_04540	95.763	236	10	0	1	236	1	236	7.23e-168	462
42P1R1A12_01436	42P1R1A12_01436	100.000	573	0	0	1	573	1	573	0.0	1176
42P1R1A12_01436	54P2R2A3_04259	97.208	573	16	0	1	573	1	573	0.0	1149
42P1R1A12_01436	31P2R1A5_03641	96.161	573	22	0	1	573	1	573	0.0	1137
42P1R1A12_01437	42P1R1A12_01437	100.000	274	0	0	1	274	1	274	0.0	564
42P1R1A12_01438	42P1R1A12_01438	100.000	234	0	0	1	234	1	234	1.99e-178	488
42P1R1A12_01439	42P1R1A12_01439	100.000	138	0	0	1	138	1	138	1.17e-95	271
42P1R1A12_01439	51P2R2A10_04543	97.101	138	4	0	1	138	1	138	6.29e-93	265
42P1R1A12_01440	42P1R1A12_01440	100.000	182	0	0	1	182	1	182	5.29e-132	367
42P1R1A12_01440	51P2R2A10_04544	97.253	182	5	0	1	182	1	182	7.24e-129	359
42P1R1A12_01441	42P1R1A12_01441	100.000	67	0	0	1	67	1	67	1.41e-41	129
42P1R1A12_01442	42P1R1A12_01442	100.000	87	0	0	1	87	1	87	7.17e-60	177
42P1R1A12_01442	51P2R2A10_04546	96.552	87	3	0	1	87	1	87	4.45e-58	172
42P1R1A12_01442	31P2R1A5_03647	95.402	87	4	0	1	87	1	87	3.71e-57	170
42P1R1A12_01443	42P1R1A12_01443	100.000	436	0	0	1	436	1	436	0.0	882
42P1R1A12_01444	42P1R1A12_01444	100.000	130	0	0	1	130	1	130	8.75e-95	268
42P1R1A12_01446	42P1R1A12_01446	100.000	597	0	0	1	597	1	597	0.0	1233
42P1R1A12_01448	42P1R1A12_01448	100.000	1161	0	0	1	1161	1	1161	0.0	2383
42P1R1A12_01448	47P2R3A6_02414	95.607	1161	51	0	1	1161	1	1161	0.0	2289
42P1R1A12_01448	31P2R1A5_03652	95.693	1161	50	0	1	1161	1	1161	0.0	2284
42P1R1A12_01448	10P3R2A13_03544	95.263	1161	55	0	1	1161	1	1161	0.0	2278
42P1R1A12_01448	15P1R1A16_04225	96.042	960	38	0	202	1161	1	960	0.0	1903
42P1R1A12_01449	42P1R1A12_01449	100.000	199	0	0	1	199	1	199	6.05e-146	404
42P1R1A12_01449	51P2R2A10_04552	97.487	199	5	0	1	199	1	199	6.09e-142	393
42P1R1A12_01450	42P1R1A12_01450	100.000	383	0	0	1	383	1	383	0.0	776
42P1R1A12_01450	31P2R1A5_03654	95.026	382	19	0	1	382	1	382	0.0	714
42P1R1A12_01451	42P1R1A12_01451	100.000	263	0	0	1	263	1	263	0.0	531
42P1R1A12_01451	31P2R1A5_03655	96.198	263	10	0	1	263	1	263	0.0	517
42P1R1A12_01453	42P1R1A12_01453	100.000	342	0	0	1	342	1	342	0.0	692
42P1R1A12_01453	31P2R1A5_03657	95.322	342	16	0	1	342	1	342	0.0	668
42P1R1A12_01454	42P1R1A12_01454	100.000	162	0	0	1	162	1	162	7.57e-114	319
42P1R1A12_01454	31P2R1A5_03658	96.296	162	6	0	1	162	1	162	7.28e-111	311
42P1R1A12_01455	42P1R1A12_01455	100.000	810	0	0	1	810	1	810	0.0	1661
42P1R1A12_01455	31P2R1A5_03659	96.790	810	26	0	1	810	1	810	0.0	1623
42P1R1A12_01456	42P1R1A12_01456	100.000	451	0	0	1	451	1	451	0.0	909
42P1R1A12_01457	42P1R1A12_01457	100.000	286	0	0	1	286	1	286	0.0	564
42P1R1A12_01458	42P1R1A12_01458	100.000	253	0	0	1	253	1	253	0.0	521
42P1R1A12_01458	54P2R2A3_04238	95.257	253	12	0	1	253	1	253	0.0	499
42P1R1A12_01458	31P2R1A5_03662	95.652	230	10	0	24	253	1	230	1.10e-164	454
42P1R1A12_01459	42P1R1A12_01459	100.000	400	0	0	1	400	1	400	0.0	827
42P1R1A12_01459	51P2R2A10_04562	97.500	400	10	0	1	400	1	400	0.0	805
42P1R1A12_01460	42P1R1A12_01460	100.000	186	0	0	1	186	1	186	3.56e-132	367
42P1R1A12_01460	10P3R2A13_03557	96.237	186	7	0	1	186	1	186	1.52e-128	358
42P1R1A12_01460	31P2R1A5_03664	96.774	186	6	0	1	186	1	186	1.92e-128	358
42P1R1A12_01464	42P1R1A12_01464	100.000	265	0	0	1	265	1	265	0.0	543
42P1R1A12_01464	31P2R1A5_03668	96.981	265	8	0	1	265	1	265	0.0	533
42P1R1A12_01465	42P1R1A12_01465	100.000	888	0	0	1	888	1	888	0.0	1825
42P1R1A12_01466	42P1R1A12_01466	100.000	275	0	0	1	275	1	275	0.0	559
42P1R1A12_01466	18P3R3A11_03499	97.455	275	7	0	1	275	1	275	0.0	550
42P1R1A12_01466	10P3R2A13_03563	95.273	275	13	0	1	275	1	275	0.0	520
42P1R1A12_01466	34P3R2A10_04858	96.847	222	7	0	54	275	1	222	3.54e-160	444
42P1R1A12_01466	32P3R2A9_06368	95.620	137	6	0	139	275	1	137	5.49e-91	265
42P1R1A12_01467	42P1R1A12_01467	100.000	130	0	0	1	130	1	130	1.40e-91	260
42P1R1A12_01467	18P3R3A11_03500	96.154	130	5	0	1	130	1	130	5.65e-90	256
42P1R1A12_01467	31P2R1A5_03671	98.425	127	2	0	1	127	1	127	1.73e-89	255
42P1R1A12_01467	10P3R2A13_03564	96.850	127	4	0	1	127	1	127	2.14e-88	252
42P1R1A12_01468	42P1R1A12_01468	100.000	993	0	0	1	993	1	993	0.0	2071
42P1R1A12_01469	42P1R1A12_01469	100.000	386	0	0	1	386	1	386	0.0	781
42P1R1A12_01469	54P2R2A3_04228	97.409	386	10	0	1	386	19	404	0.0	763
42P1R1A12_01469	38P2R3A13_03546	95.855	386	16	0	1	386	1	386	0.0	751
42P1R1A12_01469	18P3R3A11_03501	95.596	386	17	0	1	386	1	386	0.0	751
42P1R1A12_01469	10P3R2A13_03565	95.078	386	19	0	1	386	1	386	0.0	748
42P1R1A12_01470	42P1R1A12_01470	100.000	480	0	0	1	480	1	480	0.0	956
42P1R1A12_01470	31P2R1A5_03673	97.500	480	10	1	1	480	1	478	0.0	930
42P1R1A12_01471	42P1R1A12_01471	100.000	519	0	0	1	519	1	519	0.0	1073
42P1R1A12_01472	42P1R1A12_01472	100.000	233	0	0	1	233	1	233	8.94e-172	471
42P1R1A12_01473	42P1R1A12_01473	100.000	267	0	0	1	267	1	267	0.0	535
42P1R1A12_01473	51P2R2A10_04575	97.753	267	6	0	1	267	1	267	0.0	525
42P1R1A12_01474	42P1R1A12_01474	100.000	208	0	0	1	208	1	208	2.51e-146	405
42P1R1A12_01474	31P2R1A5_03677	95.192	208	10	0	1	208	1	208	7.15e-131	366
42P1R1A12_01476	42P1R1A12_01476	100.000	490	0	0	1	490	1	490	0.0	966
42P1R1A12_01476	51P2R2A10_04578	98.776	490	6	0	1	490	15	504	0.0	960
42P1R1A12_01477	42P1R1A12_01477	100.000	427	0	0	1	427	1	427	0.0	871
42P1R1A12_01477	54P2R2A3_04220	96.721	427	14	0	1	427	1	427	0.0	844
42P1R1A12_01477	31P2R1A5_03680	95.785	427	18	0	1	427	1	427	0.0	837
42P1R1A12_01478	42P1R1A12_01478	100.000	90	0	0	1	90	1	90	9.04e-62	182
42P1R1A12_01479	42P1R1A12_01479	100.000	661	0	0	1	661	1	661	0.0	1256
42P1R1A12_01479	51P2R2A10_04580	97.731	661	15	0	1	661	1	661	0.0	1232
42P1R1A12_01480	42P1R1A12_01480	100.000	297	0	0	1	297	1	297	0.0	600
42P1R1A12_01480	51P2R2A10_04581	97.643	297	7	0	1	297	1	297	0.0	588
42P1R1A12_01481	42P1R1A12_01481	100.000	266	0	0	1	266	1	266	0.0	537
42P1R1A12_01481	51P2R2A10_04582	97.368	266	7	0	1	266	1	266	0.0	523
42P1R1A12_01481	54P2R2A3_04217	96.617	266	9	0	1	266	1	266	0.0	521
42P1R1A12_01481	31P2R1A5_03683	95.113	266	13	0	1	266	1	266	0.0	510
42P1R1A12_01482	42P1R1A12_01482	100.000	735	0	0	1	735	1	735	0.0	1524
42P1R1A12_01484	42P1R1A12_01484	100.000	60	0	0	1	60	1	60	5.15e-39	122
42P1R1A12_01484	51P2R2A10_04585	96.667	60	2	0	1	60	1	60	3.72e-38	120
42P1R1A12_01485	42P1R1A12_01485	100.000	126	0	0	1	126	1	126	2.17e-89	254
42P1R1A12_01485	51P2R2A10_04586	96.825	126	4	0	1	126	1	126	2.10e-85	244
42P1R1A12_01486	42P1R1A12_01486	100.000	175	0	0	1	175	1	175	1.29e-125	350
42P1R1A12_01487	42P1R1A12_01487	100.000	1091	0	0	1	1091	1	1091	0.0	2244
42P1R1A12_01488	42P1R1A12_01488	100.000	280	0	0	1	280	1	280	0.0	568
42P1R1A12_01489	42P1R1A12_01489	100.000	661	0	0	1	661	1	661	0.0	1325
42P1R1A12_01490	42P1R1A12_01490	100.000	498	0	0	1	498	1	498	0.0	1003
42P1R1A12_01490	51P2R2A10_04591	96.787	498	16	0	1	498	1	498	0.0	970
42P1R1A12_01491	42P1R1A12_01491	100.000	402	0	0	1	402	1	402	0.0	796
42P1R1A12_01492	42P1R1A12_01492	100.000	141	0	0	1	141	1	141	2.14e-101	286
42P1R1A12_01493	42P1R1A12_01493	100.000	171	0	0	1	171	1	171	4.27e-122	341
42P1R1A12_01494	42P1R1A12_01494	100.000	122	0	0	1	122	1	122	5.89e-85	243
42P1R1A12_01495	42P1R1A12_01495	100.000	199	0	0	1	199	1	199	1.12e-142	395
42P1R1A12_01496	42P1R1A12_01496	100.000	327	0	0	1	327	1	327	0.0	652
42P1R1A12_01497	42P1R1A12_01497	100.000	398	0	0	1	398	1	398	0.0	798
42P1R1A12_01498	42P1R1A12_01498	100.000	162	0	0	1	162	1	162	1.41e-114	321
42P1R1A12_01499	42P1R1A12_01499	100.000	253	0	0	1	253	1	253	0.0	501
42P1R1A12_01500	42P1R1A12_01500	100.000	281	0	0	1	281	1	281	0.0	545
42P1R1A12_01501	42P1R1A12_01501	100.000	810	0	0	1	810	1	810	0.0	1603
42P1R1A12_01501	51P2R2A10_04602	97.037	810	24	0	1	810	1	810	0.0	1563
42P1R1A12_01502	42P1R1A12_01502	100.000	179	0	0	1	179	1	179	9.29e-131	363
42P1R1A12_01503	42P1R1A12_01503	100.000	239	0	0	1	239	1	239	0.0	496
42P1R1A12_01503	51P2R2A10_04604	97.490	239	6	0	1	239	1	239	3.38e-178	488
42P1R1A12_01504	42P1R1A12_01504	100.000	152	0	0	1	152	1	152	4.30e-111	311
42P1R1A12_01504	10P3R2A13_02429	97.368	152	4	0	1	152	1	152	1.48e-108	305
42P1R1A12_01505	42P1R1A12_01505	100.000	294	0	0	1	294	1	294	0.0	603
42P1R1A12_01505	51P2R2A10_04606	95.918	294	12	0	1	294	1	294	0.0	581
42P1R1A12_01506	42P1R1A12_01506	100.000	455	0	0	1	455	1	455	0.0	933
42P1R1A12_01506	31P2R1A5_03707	96.074	433	17	0	1	433	1	433	0.0	834
42P1R1A12_01506	54P2R2A3_04194	95.913	416	17	0	18	433	18	433	0.0	828
42P1R1A12_01507	42P1R1A12_01507	100.000	160	0	0	1	160	1	160	2.36e-116	325
42P1R1A12_01508	42P1R1A12_01508	100.000	264	0	0	1	264	1	264	0.0	540
42P1R1A12_01509	42P1R1A12_01509	100.000	285	0	0	1	285	1	285	0.0	579
42P1R1A12_01509	51P2R2A10_04610	96.140	285	11	0	1	285	1	285	0.0	556
42P1R1A12_01510	42P1R1A12_01510	100.000	127	0	0	1	127	1	127	3.33e-93	264
42P1R1A12_01511	42P1R1A12_01511	100.000	418	0	0	1	418	1	418	0.0	862
42P1R1A12_01511	51P2R2A10_04612	96.651	418	14	0	1	418	1	418	0.0	838
42P1R1A12_01512	42P1R1A12_01512	100.000	147	0	0	1	147	1	147	2.56e-110	309
42P1R1A12_01512	51P2R2A10_04613	96.599	147	5	0	1	147	1	147	2.15e-106	299
42P1R1A12_01513	42P1R1A12_01513	100.000	257	0	0	1	257	1	257	0.0	509
42P1R1A12_01513	31P2R1A5_03714	96.875	256	8	0	2	257	1	256	0.0	497
42P1R1A12_01514	42P1R1A12_01514	100.000	309	0	0	1	309	1	309	0.0	629
42P1R1A12_01514	31P2R1A5_03715	95.469	309	14	0	1	309	1	309	0.0	607
42P1R1A12_01515	42P1R1A12_01515	100.000	221	0	0	1	221	1	221	2.26e-166	457
42P1R1A12_01515	31P2R1A5_03716	95.928	221	9	0	1	221	1	221	6.31e-161	443
42P1R1A12_01516	42P1R1A12_01516	100.000	190	0	0	1	190	1	190	7.90e-139	385
42P1R1A12_01516	31P2R1A5_03717	98.324	179	3	0	12	190	1	179	1.76e-128	358
42P1R1A12_01516	47P2R3A6_02463	95.628	183	8	0	8	190	1	183	5.45e-127	355
42P1R1A12_01516	38P2R3A13_03517	95.531	179	8	0	12	190	1	179	1.30e-124	348
42P1R1A12_01516	38P2R3A13_07450	95.930	172	7	0	19	190	1	172	1.54e-119	335
42P1R1A12_01517	42P1R1A12_01517	100.000	797	0	0	1	797	1	797	0.0	1628
42P1R1A12_01517	31P2R1A5_03718	96.236	797	30	0	1	797	1	797	0.0	1586
42P1R1A12_01518	42P1R1A12_01518	100.000	534	0	0	1	534	1	534	0.0	1102
42P1R1A12_01518	51P2R2A10_04619	96.629	534	12	1	1	534	1	528	0.0	1058
42P1R1A12_01519	42P1R1A12_01519	100.000	120	0	0	1	120	1	120	8.67e-86	245
42P1R1A12_01520	42P1R1A12_01520	100.000	109	0	0	1	109	1	109	1.04e-75	219
42P1R1A12_01521	42P1R1A12_01521	100.000	588	0	0	1	588	1	588	0.0	1164
42P1R1A12_01522	42P1R1A12_01522	100.000	288	0	0	1	288	1	288	0.0	602
42P1R1A12_01522	51P2R2A10_04622	97.917	288	6	0	1	288	1	288	0.0	592
42P1R1A12_01523	42P1R1A12_01523	100.000	265	0	0	1	265	1	265	0.0	548
42P1R1A12_01523	51P2R2A10_04623	97.358	265	7	0	1	265	1	265	0.0	540
42P1R1A12_01523	31P2R1A5_03724	96.604	265	9	0	1	265	1	265	0.0	537
42P1R1A12_01523	18P3R3A11_03547	96.226	265	10	0	1	265	1	265	0.0	534
42P1R1A12_01523	38P2R3A13_08205	95.849	265	11	0	1	265	1	265	0.0	533
42P1R1A12_01524	42P1R1A12_01524	100.000	257	0	0	1	257	1	257	0.0	525
42P1R1A12_01525	42P1R1A12_01525	100.000	328	0	0	1	328	1	328	0.0	667
42P1R1A12_01526	42P1R1A12_01526	100.000	424	0	0	1	424	1	424	0.0	852
42P1R1A12_01527	42P1R1A12_01527	100.000	318	0	0	1	318	1	318	0.0	600
42P1R1A12_01528	42P1R1A12_01528	100.000	121	0	0	1	121	1	121	4.78e-86	246
42P1R1A12_01529	42P1R1A12_01529	100.000	866	0	0	1	866	1	866	0.0	1771
42P1R1A12_01529	31P2R1A5_03726	96.651	866	29	0	1	866	1	866	0.0	1724
42P1R1A12_01529	18P3R3A11_03679	96.651	866	29	0	1	866	1	866	0.0	1717
42P1R1A12_01529	10P3R2A13_02456	95.843	866	36	0	1	866	1	866	0.0	1664
42P1R1A12_01529	38P2R3A13_08203	97.143	735	21	0	132	866	1	735	0.0	1481
42P1R1A12_01529	43P2R2A2_02362	96.393	610	22	0	257	866	1	610	0.0	1217
42P1R1A12_01529	34P3R2A10_05060	97.015	402	12	0	465	866	1	402	0.0	804
42P1R1A12_01529	43P2R2A2_05704	96.501	343	12	0	524	866	1	343	0.0	682
42P1R1A12_01529	15P1R1A16_04990	97.436	156	4	0	711	866	1	156	4.19e-103	316
42P1R1A12_01530	42P1R1A12_01530	100.000	531	0	0	1	531	1	531	0.0	1082
42P1R1A12_01531	42P1R1A12_01531	100.000	267	0	0	1	267	1	267	0.0	542
42P1R1A12_01532	42P1R1A12_01532	100.000	95	0	0	1	95	1	95	1.24e-64	189
42P1R1A12_01534	42P1R1A12_01534	100.000	630	0	0	1	630	1	630	0.0	1241
42P1R1A12_01534	43P2R2A2_04184	95.439	285	13	0	346	630	1	285	0.0	566
42P1R1A12_01534	38P2R3A13_08688	98.876	89	1	0	542	630	1	89	7.64e-57	186
42P1R1A12_01537	42P1R1A12_01537	100.000	456	0	0	1	456	1	456	0.0	910
42P1R1A12_01537	31P2R1A5_03734	96.264	455	17	0	1	455	1	455	0.0	885
42P1R1A12_01538	42P1R1A12_01538	100.000	469	0	0	1	469	1	469	0.0	963
42P1R1A12_01539	42P1R1A12_01539	100.000	317	0	0	1	317	1	317	0.0	662
42P1R1A12_01540	42P1R1A12_01540	100.000	285	0	0	1	285	1	285	0.0	573
42P1R1A12_01541	42P1R1A12_01541	100.000	184	0	0	1	184	1	184	9.06e-137	379
42P1R1A12_01541	51P2R2A10_04637	97.283	184	5	0	1	184	1	184	1.42e-132	369
42P1R1A12_01542	42P1R1A12_01542	100.000	298	0	0	1	298	1	298	0.0	605
42P1R1A12_01543	42P1R1A12_01543	100.000	144	0	0	1	144	1	144	1.12e-104	295
42P1R1A12_01543	51P2R2A10_04639	96.528	144	5	0	1	144	1	144	1.68e-101	286
42P1R1A12_01544	42P1R1A12_01544	100.000	462	0	0	1	462	1	462	0.0	933
42P1R1A12_01544	51P2R2A10_04640	96.753	462	15	0	1	462	1	462	0.0	907
42P1R1A12_01545	42P1R1A12_01545	100.000	402	0	0	1	402	1	402	0.0	795
42P1R1A12_01545	51P2R2A10_04641	95.771	402	17	0	1	402	1	402	0.0	769
42P1R1A12_01546	42P1R1A12_01546	100.000	348	0	0	1	348	1	348	0.0	717
42P1R1A12_01547	42P1R1A12_01547	100.000	207	0	0	1	207	1	207	6.83e-152	419
42P1R1A12_01547	51P2R2A10_04643	97.101	207	6	0	1	207	1	207	1.53e-147	408
42P1R1A12_01548	42P1R1A12_01548	100.000	248	0	0	1	248	1	248	0.0	507
42P1R1A12_01548	51P2R2A10_04644	97.984	248	5	0	1	248	1	248	0.0	497
42P1R1A12_01549	42P1R1A12_01549	100.000	65	0	0	1	65	1	65	8.62e-43	132
42P1R1A12_01550	42P1R1A12_01550	100.000	134	0	0	1	134	1	134	1.30e-95	271
42P1R1A12_01551	42P1R1A12_01551	100.000	902	0	0	1	902	1	902	0.0	1865
42P1R1A12_01551	31P2R1A5_03748	96.231	902	34	0	1	902	1	902	0.0	1808
42P1R1A12_01551	18P3R3A11_03702	95.011	902	45	0	1	902	1	902	0.0	1775
42P1R1A12_01551	31P2R1A5_00978	95.238	21	1	0	876	896	198	218	9.83e-08	53.9
42P1R1A12_01551	42P1R1A12_00339	95.238	21	1	0	876	896	198	218	1.16e-07	53.5
42P1R1A12_01551	54P2R2A3_02353	95.238	21	1	0	876	896	198	218	6.63e-07	51.6
42P1R1A12_01552	42P1R1A12_01552	100.000	170	0	0	1	170	1	170	2.13e-123	344
42P1R1A12_01552	51P2R2A10_04648	96.471	170	6	0	1	170	1	170	9.91e-118	330
42P1R1A12_01553	42P1R1A12_01553	100.000	306	0	0	1	306	1	306	0.0	633
42P1R1A12_01553	10P3R2A13_02476	97.059	306	9	0	1	306	1	306	0.0	622
42P1R1A12_01553	31P2R1A5_03750	96.405	306	11	0	1	306	1	306	0.0	621
42P1R1A12_01553	18P3R3A11_03704	96.732	306	10	0	1	306	1	306	0.0	621
42P1R1A12_01553	38P2R3A13_08519	95.455	132	6	0	175	306	1	132	1.19e-90	265
42P1R1A12_01556	42P1R1A12_01556	100.000	278	0	0	1	278	1	278	0.0	574
42P1R1A12_01556	31P2R1A5_03753	96.043	278	10	1	1	278	1	277	0.0	548
42P1R1A12_01557	42P1R1A12_01557	100.000	307	0	0	1	307	1	307	0.0	622
42P1R1A12_01557	51P2R2A10_04653	97.394	307	8	0	1	307	1	307	0.0	608
42P1R1A12_01558	42P1R1A12_01558	100.000	492	0	0	1	492	1	492	0.0	1004
42P1R1A12_01558	31P2R1A5_03755	96.545	492	17	0	1	492	1	492	0.0	976
42P1R1A12_01559	42P1R1A12_01559	100.000	349	0	0	1	349	1	349	0.0	700
42P1R1A12_01559	51P2R2A10_04655	97.135	349	10	0	1	349	1	349	0.0	682
42P1R1A12_01560	42P1R1A12_01560	100.000	420	0	0	1	420	1	420	0.0	832
42P1R1A12_01560	31P2R1A5_03757	96.000	425	12	1	1	420	1	425	0.0	804
42P1R1A12_01561	42P1R1A12_01561	100.000	439	0	0	1	439	1	439	0.0	894
42P1R1A12_01563	42P1R1A12_01563	100.000	453	0	0	1	453	1	453	0.0	918
42P1R1A12_01563	51P2R2A10_04659	95.806	453	19	0	1	453	1	453	0.0	823
42P1R1A12_01564	42P1R1A12_01564	100.000	496	0	0	1	496	1	496	0.0	1013
42P1R1A12_01564	31P2R1A5_03761	95.968	496	20	0	1	496	1	496	0.0	927
42P1R1A12_01567	42P1R1A12_01567	100.000	314	0	0	1	314	1	314	0.0	634
42P1R1A12_01567	31P2R1A5_03764	96.815	314	10	0	1	314	1	314	0.0	617
42P1R1A12_01567	18P3R3A11_03718	95.541	314	14	0	1	314	1	314	0.0	610
42P1R1A12_01568	42P1R1A12_01568	100.000	153	0	0	1	153	1	153	6.03e-112	314
42P1R1A12_01568	31P2R1A5_03765	96.732	153	5	0	1	153	1	153	4.18e-109	306
42P1R1A12_01571	42P1R1A12_01571	100.000	575	0	0	1	575	1	575	0.0	1186
42P1R1A12_01571	31P2R1A5_03768	95.826	575	24	0	1	575	1	575	0.0	1139
42P1R1A12_01572	42P1R1A12_01572	100.000	317	0	0	1	317	1	317	0.0	660
42P1R1A12_01573	42P1R1A12_01573	100.000	524	0	0	1	524	1	524	0.0	1084
42P1R1A12_01573	18P3R3A11_03724	95.229	524	25	0	1	524	1	524	0.0	1040
42P1R1A12_01573	31P2R1A5_03770	95.038	524	26	0	1	524	1	524	0.0	1039
42P1R1A12_01574	42P1R1A12_01574	100.000	364	0	0	1	364	1	364	0.0	752
42P1R1A12_01574	31P2R1A5_03771	95.330	364	17	0	1	364	1	364	0.0	719
42P1R1A12_01575	42P1R1A12_01575	100.000	467	0	0	1	467	1	467	0.0	964
42P1R1A12_01575	31P2R1A5_03772	96.574	467	16	0	1	467	1	467	0.0	937
42P1R1A12_01575	38P2R3A13_02583	96.146	467	18	0	1	467	1	467	0.0	916
42P1R1A12_01575	10P3R2A13_02498	95.503	467	21	0	1	467	1	467	0.0	915
42P1R1A12_01575	38P2R3A13_05530	95.717	467	20	0	1	467	1	467	0.0	913
42P1R1A12_01576	42P1R1A12_01576	100.000	202	0	0	1	202	1	202	5.36e-152	419
42P1R1A12_01577	42P1R1A12_01577	100.000	678	0	0	1	678	1	678	0.0	1401
42P1R1A12_01578	42P1R1A12_01578	100.000	288	0	0	1	288	1	288	0.0	595
42P1R1A12_01579	42P1R1A12_01579	100.000	405	0	0	1	405	1	405	0.0	800
42P1R1A12_01580	42P1R1A12_01580	100.000	252	0	0	1	252	1	252	0.0	512
42P1R1A12_01581	42P1R1A12_01581	100.000	299	0	0	1	299	1	299	0.0	613
42P1R1A12_01582	42P1R1A12_01582	100.000	437	0	0	1	437	1	437	0.0	881
42P1R1A12_01582	51P2R2A10_04678	95.652	437	19	0	1	437	1	437	0.0	823
42P1R1A12_01583	42P1R1A12_01583	100.000	395	0	0	1	395	1	395	0.0	787
42P1R1A12_01584	42P1R1A12_01584	100.000	51	0	0	1	51	1	51	1.17e-31	103
42P1R1A12_01585	42P1R1A12_01585	100.000	552	0	0	1	552	1	552	0.0	1139
42P1R1A12_01585	51P2R2A10_04681	96.920	552	17	0	1	552	1	552	0.0	1112
42P1R1A12_01586	42P1R1A12_01586	100.000	328	0	0	1	328	1	328	0.0	667
42P1R1A12_01587	42P1R1A12_01587	100.000	537	0	0	1	537	1	537	0.0	1056
42P1R1A12_01587	51P2R2A10_04683	95.345	537	25	0	1	537	1	537	0.0	945
42P1R1A12_01588	42P1R1A12_01588	100.000	234	0	0	1	234	1	234	2.30e-170	468
42P1R1A12_01589	42P1R1A12_01589	100.000	256	0	0	1	256	1	256	0.0	502
42P1R1A12_01589	51P2R2A10_04685	96.484	256	9	0	1	256	1	256	2.65e-177	488
42P1R1A12_01591	42P1R1A12_01591	100.000	570	0	0	1	570	1	570	0.0	1170
42P1R1A12_01592	42P1R1A12_01592	100.000	501	0	0	1	501	1	501	0.0	1045
42P1R1A12_01593	42P1R1A12_01593	100.000	232	0	0	1	232	1	232	3.10e-176	483
42P1R1A12_01593	51P2R2A10_04689	97.414	232	6	0	1	232	1	232	4.63e-172	472
42P1R1A12_01594	42P1R1A12_01594	100.000	786	0	0	1	786	1	786	0.0	1621
42P1R1A12_01594	51P2R2A10_04690	97.455	786	20	0	1	786	1	786	0.0	1586
42P1R1A12_01595	42P1R1A12_01595	100.000	969	0	0	1	969	1	969	0.0	1984
42P1R1A12_01595	31P2R1A5_03792	96.698	969	32	0	1	969	1	969	0.0	1925
42P1R1A12_01596	42P1R1A12_01596	100.000	220	0	0	1	220	1	220	5.79e-166	456
42P1R1A12_01596	51P2R2A10_04692	97.727	220	5	0	1	220	1	220	2.19e-163	449
42P1R1A12_01597	42P1R1A12_01597	100.000	180	0	0	1	180	1	180	3.85e-133	369
42P1R1A12_01598	42P1R1A12_01598	100.000	452	0	0	1	452	1	452	0.0	902
42P1R1A12_01598	51P2R2A10_04694	97.124	452	13	0	1	452	1	452	0.0	879
42P1R1A12_01599	42P1R1A12_01599	100.000	542	0	0	1	542	1	542	0.0	1107
42P1R1A12_01599	51P2R2A10_04695	97.232	542	15	0	1	542	1	542	0.0	1081
42P1R1A12_01600	42P1R1A12_01600	100.000	233	0	0	1	233	1	233	3.30e-177	485
42P1R1A12_01600	51P2R2A10_04696	97.425	233	6	0	1	233	1	233	1.31e-172	474
42P1R1A12_01601	42P1R1A12_01601	100.000	276	0	0	1	276	1	276	0.0	565
42P1R1A12_01602	42P1R1A12_01602	100.000	789	0	0	1	789	1	789	0.0	1635
42P1R1A12_01603	42P1R1A12_01603	100.000	429	0	0	1	429	1	429	0.0	878
42P1R1A12_01604	42P1R1A12_01604	100.000	327	0	0	1	327	1	327	0.0	659
42P1R1A12_01605	42P1R1A12_01605	100.000	274	0	0	1	274	1	274	0.0	566
42P1R1A12_01606	42P1R1A12_01606	100.000	126	0	0	1	126	1	126	2.32e-89	254
42P1R1A12_01606	51P2R2A10_04702	96.825	126	4	0	1	126	1	126	2.33e-87	249
42P1R1A12_01606	31P2R1A5_03803	95.238	126	6	0	1	126	1	126	7.91e-86	246
42P1R1A12_01607	42P1R1A12_01607	100.000	283	0	0	1	283	1	283	0.0	587
42P1R1A12_01608	42P1R1A12_01608	100.000	160	0	0	1	160	1	160	1.90e-119	333
42P1R1A12_01608	18P3R3A11_01545	97.500	160	4	0	1	160	1	160	1.75e-116	326
42P1R1A12_01608	31P2R1A5_03805	96.875	160	5	0	1	160	1	160	2.02e-116	325
42P1R1A12_01609	42P1R1A12_01609	100.000	622	0	0	1	622	1	622	0.0	1234
42P1R1A12_01610	42P1R1A12_01610	100.000	178	0	0	1	178	1	178	7.67e-134	371
42P1R1A12_01610	31P2R1A5_03807	97.191	178	5	0	1	178	1	178	1.76e-130	363
42P1R1A12_01611	42P1R1A12_01611	100.000	78	0	0	1	78	1	78	2.06e-53	160
42P1R1A12_01613	42P1R1A12_01613	100.000	383	0	0	1	383	1	383	0.0	792
42P1R1A12_01613	31P2R1A5_03816	97.911	383	8	0	1	383	1	383	0.0	777
42P1R1A12_01613	18P3R3A11_01540	95.561	383	17	0	1	383	1	383	0.0	758
42P1R1A12_01613	38P2R3A13_08587	95.690	348	15	0	36	383	1	348	0.0	676
42P1R1A12_01614	42P1R1A12_01614	100.000	274	0	0	1	274	1	274	0.0	548
42P1R1A12_01615	42P1R1A12_01615	100.000	303	0	0	1	303	1	303	0.0	612
42P1R1A12_01616	42P1R1A12_01616	100.000	509	0	0	1	509	1	509	0.0	1043
42P1R1A12_01616	51P2R2A10_04714	95.874	509	21	0	1	509	1	509	0.0	1001
42P1R1A12_01617	42P1R1A12_01617	100.000	290	0	0	1	290	1	290	0.0	584
42P1R1A12_01617	51P2R2A10_04715	97.931	290	6	0	1	290	1	290	0.0	573
42P1R1A12_01617	31P2R1A5_03820	96.207	290	11	0	1	290	1	290	0.0	550
42P1R1A12_01618	42P1R1A12_01618	100.000	98	0	0	1	98	1	98	5.79e-67	196
42P1R1A12_01618	51P2R2A10_04716	97.368	76	2	0	1	76	1	76	1.79e-48	149
42P1R1A12_01619	42P1R1A12_01619	100.000	343	0	0	1	343	1	343	0.0	704
42P1R1A12_01620	42P1R1A12_01620	100.000	447	0	0	1	447	1	447	0.0	885
42P1R1A12_01621	42P1R1A12_01621	100.000	83	0	0	1	83	1	83	6.71e-53	159
42P1R1A12_01623	42P1R1A12_01623	100.000	152	0	0	1	152	1	152	6.37e-112	313
42P1R1A12_01624	42P1R1A12_01624	100.000	433	0	0	1	433	1	433	0.0	870
42P1R1A12_01625	42P1R1A12_01625	100.000	109	0	0	1	109	1	109	1.81e-76	221
42P1R1A12_01625	37P2R3-2A1_02099	95.506	89	4	0	19	107	1	89	9.44e-59	175
42P1R1A12_01626	42P1R1A12_01626	100.000	452	0	0	1	452	1	452	0.0	927
42P1R1A12_01627	42P1R1A12_01627	100.000	893	0	0	1	893	1	893	0.0	1825
42P1R1A12_01628	42P1R1A12_01628	100.000	233	0	0	1	233	1	233	3.79e-174	478
42P1R1A12_01629	42P1R1A12_01629	100.000	142	0	0	1	142	1	142	8.47e-104	292
42P1R1A12_01629	31P2R1A5_02759	97.183	142	4	0	1	142	1	142	2.55e-101	286
42P1R1A12_01630	42P1R1A12_01630	100.000	358	0	0	1	358	1	358	0.0	730
42P1R1A12_01631	42P1R1A12_01631	100.000	230	0	0	1	230	1	230	5.56e-173	474
42P1R1A12_01631	51P2R2A10_03841	97.391	230	6	0	1	230	1	230	3.57e-169	465
42P1R1A12_01633	42P1R1A12_01633	100.000	444	0	0	1	444	1	444	0.0	904
42P1R1A12_01634	42P1R1A12_01634	100.000	247	0	0	1	247	1	247	0.0	509
42P1R1A12_01634	51P2R2A10_03838	96.761	247	8	0	1	247	1	247	1.24e-179	493
42P1R1A12_01635	42P1R1A12_01635	100.000	540	0	0	1	540	1	540	0.0	1113
42P1R1A12_01637	42P1R1A12_01637	100.000	217	0	0	1	217	1	217	9.16e-161	442
42P1R1A12_01638	42P1R1A12_01638	100.000	319	0	0	1	319	1	319	0.0	647
42P1R1A12_01639	42P1R1A12_01639	100.000	160	0	0	1	160	1	160	2.13e-112	315
42P1R1A12_01639	51P2R2A10_03833	96.875	160	5	0	1	160	1	160	4.27e-110	310
42P1R1A12_01641	42P1R1A12_01641	100.000	325	0	0	1	325	1	325	0.0	667
42P1R1A12_01641	31P2R1A5_02772	96.308	325	12	0	1	325	1	325	0.0	651
42P1R1A12_01643	42P1R1A12_01643	100.000	302	0	0	1	302	1	302	0.0	619
42P1R1A12_01643	31P2R1A5_02774	96.689	302	10	0	1	302	1	302	0.0	601
42P1R1A12_01643	10P3R2A13_00498	96.689	302	10	0	1	302	1	302	0.0	599
42P1R1A12_01643	18P3R3A11_03248	96.667	300	10	0	1	300	1	300	0.0	597
42P1R1A12_01643	38P2R3A13_07511	97.021	235	7	0	68	302	1	235	2.32e-168	466
42P1R1A12_01644	42P1R1A12_01644	100.000	246	0	0	1	246	1	246	0.0	497
42P1R1A12_01645	42P1R1A12_01645	100.000	244	0	0	1	244	1	244	4.55e-180	493
42P1R1A12_01645	18P3R3A11_03246	96.281	242	9	0	1	242	1	242	5.53e-173	476
42P1R1A12_01645	31P2R1A5_02776	95.492	244	11	0	1	244	1	244	1.26e-170	469
42P1R1A12_01646	42P1R1A12_01646	100.000	127	0	0	1	127	1	127	4.72e-90	256
42P1R1A12_01646	51P2R2A10_03826	96.850	127	4	0	1	127	1	127	2.16e-87	249
42P1R1A12_01646	31P2R1A5_02777	95.276	127	6	0	1	127	1	127	1.34e-85	245
42P1R1A12_01647	42P1R1A12_01647	100.000	87	0	0	1	87	1	87	8.60e-61	179
42P1R1A12_01647	31P2R1A5_02778	95.402	87	4	0	1	87	1	87	1.64e-58	173
42P1R1A12_01648	42P1R1A12_01648	100.000	283	0	0	1	283	1	283	0.0	576
