42P1R1A12_02966	42P1R1A12_02966	100.000	274	0	0	1	274	1	274	0.0	540
42P1R1A12_02966	31P2R1A5_03466	96.350	274	10	0	1	274	1	274	0.0	526
42P1R1A12_02967	42P1R1A12_02967	100.000	128	0	0	1	128	1	128	6.89e-91	258
42P1R1A12_02967	31P2R1A5_03467	95.238	126	6	0	1	126	1	126	4.75e-86	246
42P1R1A12_02968	42P1R1A12_02968	100.000	207	0	0	1	207	1	207	1.14e-148	411
42P1R1A12_02968	31P2R1A5_03468	96.135	207	7	1	1	207	1	206	1.47e-141	393
42P1R1A12_02969	42P1R1A12_02969	100.000	275	0	0	1	275	1	275	0.0	559
42P1R1A12_02969	51P2R2A10_02169	96.364	275	10	0	1	275	1	275	0.0	540
42P1R1A12_02970	42P1R1A12_02970	100.000	101	0	0	1	101	1	101	2.73e-69	202
42P1R1A12_02970	31P2R1A5_03470	96.040	101	4	0	1	101	1	101	2.06e-67	197
42P1R1A12_02971	42P1R1A12_02971	100.000	107	0	0	1	107	1	107	5.96e-76	219
42P1R1A12_02972	42P1R1A12_02972	100.000	568	0	0	1	568	1	568	0.0	1162
42P1R1A12_02973	42P1R1A12_02973	100.000	158	0	0	1	158	1	158	9.34e-115	321
42P1R1A12_02973	51P2R2A10_02165	96.835	158	4	1	1	158	1	157	1.80e-108	305
42P1R1A12_02974	42P1R1A12_02974	100.000	225	0	0	1	225	1	225	6.79e-164	451
42P1R1A12_02975	42P1R1A12_02975	100.000	206	0	0	1	206	1	206	2.16e-151	418
42P1R1A12_02976	42P1R1A12_02976	100.000	536	0	0	1	536	1	536	0.0	1080
42P1R1A12_02977	42P1R1A12_02977	100.000	338	0	0	1	338	1	338	0.0	688
42P1R1A12_02977	31P2R1A5_03477	96.450	338	12	0	1	338	1	338	0.0	668
42P1R1A12_02977	10P3R2A13_00053	95.266	338	16	0	1	338	1	338	0.0	662
42P1R1A12_02979	42P1R1A12_02979	100.000	588	0	0	1	588	1	588	0.0	1214
42P1R1A12_02979	31P2R1A5_03479	96.392	582	21	0	7	588	1	582	0.0	1160
42P1R1A12_02981	42P1R1A12_02981	100.000	221	0	0	1	221	1	221	8.91e-165	453
42P1R1A12_02982	42P1R1A12_02982	100.000	169	0	0	1	169	1	169	2.90e-124	346
42P1R1A12_02984	42P1R1A12_02984	100.000	100	0	0	1	100	1	100	7.89e-71	206
42P1R1A12_02984	51P2R2A10_02154	97.000	100	3	0	1	100	1	100	1.57e-68	200
42P1R1A12_02985	42P1R1A12_02985	100.000	638	0	0	1	638	1	638	0.0	1316
42P1R1A12_02986	42P1R1A12_02986	100.000	366	0	0	1	366	1	366	0.0	751
42P1R1A12_02987	42P1R1A12_02987	100.000	357	0	0	1	357	1	357	0.0	731
42P1R1A12_02988	42P1R1A12_02988	100.000	211	0	0	1	211	1	211	1.85e-158	436
42P1R1A12_02989	42P1R1A12_02989	100.000	473	0	0	1	473	1	473	0.0	940
42P1R1A12_02990	42P1R1A12_02990	100.000	550	0	0	1	550	1	550	0.0	1110
42P1R1A12_02990	51P2R2A10_02148	96.364	550	20	0	1	550	1	550	0.0	1067
42P1R1A12_02991	42P1R1A12_02991	100.000	258	0	0	1	258	1	258	0.0	523
42P1R1A12_02992	42P1R1A12_02992	100.000	185	0	0	1	185	1	185	5.50e-134	372
42P1R1A12_02993	42P1R1A12_02993	100.000	460	0	0	1	460	1	460	0.0	941
42P1R1A12_02993	31P2R1A5_03511	96.304	460	17	0	1	460	1	460	0.0	907
42P1R1A12_02994	42P1R1A12_02994	100.000	111	0	0	1	111	1	111	7.62e-78	224
42P1R1A12_02995	42P1R1A12_02995	100.000	328	0	0	1	328	1	328	0.0	670
42P1R1A12_02996	42P1R1A12_02996	100.000	1031	0	0	1	1031	1	1031	0.0	2159
42P1R1A12_02997	42P1R1A12_02997	100.000	150	0	0	1	150	1	150	1.75e-111	312
42P1R1A12_02998	42P1R1A12_02998	100.000	478	0	0	1	478	1	478	0.0	957
42P1R1A12_02999	42P1R1A12_02999	100.000	478	0	0	1	478	1	478	0.0	944
42P1R1A12_03000	42P1R1A12_03000	100.000	353	0	0	1	353	1	353	0.0	729
42P1R1A12_03001	42P1R1A12_03001	100.000	783	0	0	1	783	1	783	0.0	1628
42P1R1A12_03002	42P1R1A12_03002	100.000	99	0	0	1	99	1	99	1.09e-69	202
42P1R1A12_03002	51P2R2A10_02144	96.970	99	3	0	1	99	1	99	1.24e-67	197
42P1R1A12_03003	42P1R1A12_03003	100.000	296	0	0	1	296	1	296	0.0	615
42P1R1A12_03003	31P2R1A5_03513	96.284	296	11	0	1	296	1	296	0.0	598
42P1R1A12_03004	42P1R1A12_03004	100.000	334	0	0	1	334	1	334	0.0	677
42P1R1A12_03004	54P2R2A3_01081	95.210	334	16	0	1	334	1	334	0.0	629
42P1R1A12_03004	18P3R3A11_03672	95.808	334	14	0	1	334	1	334	0.0	626
42P1R1A12_03005	42P1R1A12_03005	100.000	331	0	0	1	331	1	331	0.0	635
42P1R1A12_03005	38P2R3A13_06584	95.570	316	14	0	1	316	1	316	0.0	548
42P1R1A12_03006	42P1R1A12_03006	100.000	345	0	0	1	345	1	345	0.0	664
42P1R1A12_03006	31P2R1A5_03516	95.652	345	15	0	1	345	1	345	0.0	539
42P1R1A12_03007	42P1R1A12_03007	100.000	496	0	0	1	496	1	496	0.0	999
42P1R1A12_03007	51P2R2A10_02139	97.984	496	10	0	1	496	1	496	0.0	978
42P1R1A12_03008	42P1R1A12_03008	100.000	324	0	0	1	324	1	324	0.0	640
42P1R1A12_03008	31P2R1A5_03518	96.605	324	11	0	1	324	1	324	0.0	622
42P1R1A12_03009	42P1R1A12_03009	100.000	531	0	0	1	531	1	531	0.0	1087
42P1R1A12_03009	51P2R2A10_02137	97.175	531	15	0	1	531	1	531	0.0	1059
42P1R1A12_03010	42P1R1A12_03010	100.000	674	0	0	1	674	1	674	0.0	1373
42P1R1A12_03010	51P2R2A10_02136	96.142	674	26	0	1	674	1	674	0.0	1326
42P1R1A12_03011	42P1R1A12_03011	100.000	377	0	0	1	377	1	377	0.0	779
42P1R1A12_03012	42P1R1A12_03012	100.000	448	0	0	1	448	1	448	0.0	899
42P1R1A12_03013	42P1R1A12_03013	100.000	289	0	0	1	289	1	289	0.0	598
42P1R1A12_03013	51P2R2A10_02133	96.540	289	10	0	1	289	1	289	0.0	577
42P1R1A12_03014	42P1R1A12_03014	100.000	548	0	0	1	548	1	548	0.0	1150
42P1R1A12_03014	51P2R2A10_02132	96.533	548	19	0	1	548	1	548	0.0	1115
42P1R1A12_03015	42P1R1A12_03015	100.000	168	0	0	1	168	1	168	3.81e-125	348
42P1R1A12_03015	51P2R2A10_02131	97.024	168	5	0	1	168	1	168	3.29e-121	338
42P1R1A12_03016	42P1R1A12_03016	100.000	125	0	0	1	125	1	125	2.41e-89	254
42P1R1A12_03017	42P1R1A12_03017	100.000	74	0	0	1	74	1	74	5.43e-50	151
42P1R1A12_03018	42P1R1A12_03018	100.000	330	0	0	1	330	1	330	0.0	686
42P1R1A12_03019	42P1R1A12_03019	100.000	323	0	0	1	323	1	323	0.0	637
42P1R1A12_03019	51P2R2A10_02129	97.833	323	7	0	1	323	1	323	0.0	628
42P1R1A12_03020	42P1R1A12_03020	100.000	416	0	0	1	416	1	416	0.0	820
42P1R1A12_03020	51P2R2A10_02128	97.356	416	11	0	1	416	1	416	0.0	801
42P1R1A12_03021	42P1R1A12_03021	100.000	185	0	0	1	185	1	185	1.61e-134	374
42P1R1A12_03021	51P2R2A10_02127	95.135	185	9	0	1	185	1	185	6.77e-128	357
42P1R1A12_03022	42P1R1A12_03022	100.000	496	0	0	1	496	1	496	0.0	1031
42P1R1A12_03023	42P1R1A12_03023	100.000	471	0	0	1	471	1	471	0.0	988
42P1R1A12_03023	51P2R2A10_02125	99.363	471	3	0	1	471	12	482	0.0	984
42P1R1A12_03023	10P3R2A13_00079	96.178	471	18	0	1	471	1	471	0.0	964
42P1R1A12_03023	31P2R1A5_03531	95.329	471	22	0	1	471	1	471	0.0	956
42P1R1A12_03024	42P1R1A12_03024	100.000	434	0	0	1	434	1	434	0.0	875
42P1R1A12_03024	31P2R1A5_03532	95.853	434	18	0	1	434	1	434	0.0	850
42P1R1A12_03025	42P1R1A12_03025	100.000	259	0	0	1	259	1	259	0.0	537
42P1R1A12_03027	42P1R1A12_03027	100.000	128	0	0	1	128	1	128	1.60e-91	260
42P1R1A12_03027	51P2R2A10_02121	96.875	128	4	0	1	128	1	128	7.32e-89	253
42P1R1A12_03028	42P1R1A12_03028	100.000	123	0	0	1	123	1	123	1.03e-83	240
42P1R1A12_03029	42P1R1A12_03029	100.000	102	0	0	1	102	1	102	1.15e-66	195
42P1R1A12_03030	42P1R1A12_03030	100.000	133	0	0	1	133	1	133	2.30e-91	260
42P1R1A12_03030	51P2R2A10_02118	96.241	133	5	0	1	133	1	133	2.48e-87	250
42P1R1A12_03031	42P1R1A12_03031	100.000	100	0	0	1	100	1	100	9.95e-67	195
42P1R1A12_03032	42P1R1A12_03032	100.000	131	0	0	1	131	1	131	1.95e-89	255
42P1R1A12_03032	31P2R1A5_03540	95.420	131	6	0	1	131	1	131	9.32e-86	246
42P1R1A12_03033	42P1R1A12_03033	100.000	329	0	0	1	329	1	329	0.0	685
42P1R1A12_03034	42P1R1A12_03034	100.000	123	0	0	1	123	1	123	3.99e-86	246
42P1R1A12_03035	42P1R1A12_03035	100.000	299	0	0	1	299	1	299	0.0	601
42P1R1A12_03035	31P2R1A5_03543	97.324	299	8	0	1	299	1	299	0.0	587
42P1R1A12_03036	42P1R1A12_03036	100.000	234	0	0	1	234	1	234	1.12e-175	481
42P1R1A12_03036	51P2R2A10_02112	97.863	234	5	0	1	234	1	234	3.09e-172	473
42P1R1A12_03037	42P1R1A12_03037	100.000	54	0	0	1	54	1	54	2.85e-31	102
42P1R1A12_03038	42P1R1A12_03038	100.000	137	0	0	1	137	1	137	9.48e-97	274
42P1R1A12_03039	42P1R1A12_03039	100.000	136	0	0	1	136	1	136	5.94e-96	272
42P1R1A12_03040	42P1R1A12_03040	100.000	334	0	0	1	334	1	334	0.0	703
42P1R1A12_03042	42P1R1A12_03042	100.000	146	0	0	1	146	1	146	8.00e-107	300
42P1R1A12_03043	42P1R1A12_03043	100.000	310	0	0	1	310	1	310	0.0	643
42P1R1A12_03043	31P2R1A5_04604	95.806	310	13	0	1	310	1	310	0.0	623
42P1R1A12_03044	42P1R1A12_03044	100.000	534	0	0	1	534	1	534	0.0	1110
42P1R1A12_03044	51P2R2A10_04219	97.378	534	14	0	1	534	1	534	0.0	1087
42P1R1A12_03045	42P1R1A12_03045	100.000	435	0	0	1	435	1	435	0.0	905
42P1R1A12_03045	31P2R1A5_04602	95.862	435	18	0	1	435	6	440	0.0	876
42P1R1A12_03046	42P1R1A12_03046	100.000	587	0	0	1	587	1	587	0.0	1215
42P1R1A12_03047	42P1R1A12_03047	100.000	138	0	0	1	138	1	138	1.39e-100	284
42P1R1A12_03047	51P2R2A10_04222	96.377	138	5	0	1	138	1	138	2.13e-97	276
42P1R1A12_03048	42P1R1A12_03048	100.000	276	0	0	1	276	1	276	0.0	563
42P1R1A12_03049	42P1R1A12_03049	100.000	1228	0	0	1	1228	1	1228	0.0	2530
42P1R1A12_03049	31P2R1A5_04599	95.847	1228	51	0	1	1228	1	1228	0.0	2423
42P1R1A12_03049	43P2R2A2_04770	95.040	746	37	0	483	1228	1	746	0.0	1481
42P1R1A12_03050	42P1R1A12_03050	100.000	544	0	0	1	544	1	544	0.0	1094
42P1R1A12_03051	42P1R1A12_03051	100.000	230	0	0	1	230	1	230	2.09e-169	465
42P1R1A12_03052	42P1R1A12_03052	100.000	87	0	0	1	87	1	87	4.74e-59	175
42P1R1A12_03053	42P1R1A12_03053	100.000	106	0	0	1	106	1	106	7.45e-76	219
42P1R1A12_03054	42P1R1A12_03054	100.000	270	0	0	1	270	1	270	0.0	546
42P1R1A12_03055	42P1R1A12_03055	100.000	411	0	0	1	411	1	411	0.0	853
42P1R1A12_03057	42P1R1A12_03057	100.000	266	0	0	1	266	1	266	0.0	522
42P1R1A12_03057	28P2R1A12_03141	95.489	266	12	0	1	266	1	266	0.0	502
42P1R1A12_03057	31P2R1A5_04594	95.506	267	11	1	1	266	1	267	1.45e-180	496
42P1R1A12_03058	42P1R1A12_03058	100.000	165	0	0	1	165	1	165	7.13e-120	335
42P1R1A12_03058	51P2R2A10_04231	96.970	165	5	0	1	165	1	165	3.05e-116	325
42P1R1A12_03059	42P1R1A12_03059	100.000	136	0	0	1	136	1	136	3.97e-99	280
42P1R1A12_03059	51P2R2A10_04232	95.588	136	6	0	1	136	1	136	4.02e-94	267
42P1R1A12_03060	42P1R1A12_03060	100.000	268	0	0	1	268	1	268	0.0	547
42P1R1A12_03060	51P2R2A10_04233	95.149	268	13	0	1	268	1	268	0.0	524
42P1R1A12_03061	42P1R1A12_03061	100.000	316	0	0	1	316	1	316	0.0	648
42P1R1A12_03062	42P1R1A12_03062	100.000	291	0	0	1	291	1	291	0.0	588
42P1R1A12_03062	51P2R2A10_04235	97.251	291	8	0	1	291	1	291	0.0	575
42P1R1A12_03063	42P1R1A12_03063	100.000	91	0	0	1	91	1	91	8.71e-62	182
42P1R1A12_03063	51P2R2A10_04236	96.703	91	3	0	1	91	1	91	3.86e-59	175
42P1R1A12_03065	42P1R1A12_03065	100.000	527	0	0	1	527	1	527	0.0	1082
42P1R1A12_03065	51P2R2A10_04238	97.343	527	14	0	1	527	1	527	0.0	1061
42P1R1A12_03066	42P1R1A12_03066	100.000	376	0	0	1	376	1	376	0.0	755
42P1R1A12_03066	51P2R2A10_04239	97.606	376	9	0	1	376	1	376	0.0	744
42P1R1A12_03067	42P1R1A12_03067	100.000	263	0	0	1	263	1	263	0.0	533
42P1R1A12_03068	42P1R1A12_03068	100.000	450	0	0	1	450	1	450	0.0	907
42P1R1A12_03069	42P1R1A12_03069	100.000	550	0	0	1	550	1	550	0.0	1140
42P1R1A12_03069	31P2R1A5_04583	97.455	550	14	0	1	550	1	550	0.0	1115
42P1R1A12_03069	18P3R3A11_04089	96.000	550	22	0	1	550	1	550	0.0	1099
42P1R1A12_03069	10P3R2A13_03809	95.273	550	26	0	1	550	1	550	0.0	1095
42P1R1A12_03069	38P2R3A13_07312	95.219	502	24	0	49	550	1	502	0.0	993
42P1R1A12_03069	34P3R2A10_04732	95.949	469	19	0	82	550	1	469	0.0	946
42P1R1A12_03070	42P1R1A12_03070	100.000	152	0	0	1	152	1	152	7.96e-111	311
42P1R1A12_03071	42P1R1A12_03071	100.000	170	0	0	1	170	1	170	3.58e-127	353
42P1R1A12_03072	42P1R1A12_03072	100.000	126	0	0	1	126	1	126	2.54e-89	254
42P1R1A12_03073	42P1R1A12_03073	100.000	107	0	0	1	107	1	107	6.46e-71	206
42P1R1A12_03073	54P2R2A3_03756	97.196	107	3	0	1	107	1	107	8.91e-70	203
42P1R1A12_03074	42P1R1A12_03074	100.000	246	0	0	1	246	1	246	2.12e-179	492
42P1R1A12_03075	42P1R1A12_03075	100.000	426	0	0	1	426	1	426	0.0	866
42P1R1A12_03076	42P1R1A12_03076	100.000	137	0	0	1	137	1	137	5.15e-95	270
42P1R1A12_03078	42P1R1A12_03078	100.000	515	0	0	1	515	1	515	0.0	1044
42P1R1A12_03078	31P2R1A5_04578	96.117	515	20	0	1	515	1	515	0.0	1011
42P1R1A12_03078	54P2R2A3_03751	95.146	515	25	0	1	515	1	515	0.0	985
42P1R1A12_03079	42P1R1A12_03079	100.000	397	0	0	1	397	1	397	0.0	803
42P1R1A12_03079	31P2R1A5_04577	97.481	397	10	0	1	397	1	397	0.0	784
42P1R1A12_03081	42P1R1A12_03081	100.000	430	0	0	1	430	1	430	0.0	886
42P1R1A12_03081	31P2R1A5_04575	96.744	430	14	0	1	430	1	430	0.0	863
42P1R1A12_03082	42P1R1A12_03082	100.000	306	0	0	1	306	1	306	0.0	616
42P1R1A12_03083	42P1R1A12_03083	100.000	166	0	0	1	166	1	166	8.06e-119	332
42P1R1A12_03083	51P2R2A10_04252	95.181	166	8	0	1	166	1	166	7.39e-112	315
42P1R1A12_03084	42P1R1A12_03084	100.000	290	0	0	1	290	1	290	0.0	582
42P1R1A12_03085	42P1R1A12_03085	100.000	808	0	0	1	808	1	808	0.0	1664
42P1R1A12_03086	42P1R1A12_03086	100.000	123	0	0	1	123	1	123	4.64e-83	238
42P1R1A12_03087	42P1R1A12_03087	100.000	203	0	0	1	203	1	203	4.53e-148	409
42P1R1A12_03087	31P2R1A5_04569	97.015	201	6	0	1	201	1	201	7.01e-143	396
42P1R1A12_03088	42P1R1A12_03088	100.000	439	0	0	1	439	1	439	0.0	853
42P1R1A12_03088	51P2R2A10_04257	96.811	439	14	0	1	439	1	439	0.0	830
42P1R1A12_03089	42P1R1A12_03089	100.000	71	0	0	1	71	1	71	7.00e-46	140
42P1R1A12_03090	42P1R1A12_03090	100.000	172	0	0	1	172	1	172	1.98e-127	354
42P1R1A12_03091	42P1R1A12_03091	100.000	163	0	0	1	163	1	163	7.87e-121	337
42P1R1A12_03091	31P2R1A5_04565	96.273	161	6	0	1	161	1	161	4.22e-115	322
42P1R1A12_03092	42P1R1A12_03092	100.000	314	0	0	1	314	1	314	0.0	654
42P1R1A12_03093	42P1R1A12_03093	100.000	81	0	0	1	81	1	81	1.94e-50	152
42P1R1A12_03094	42P1R1A12_03094	100.000	328	0	0	1	328	1	328	0.0	668
42P1R1A12_03094	51P2R2A10_04263	98.476	328	5	0	1	328	14	341	0.0	658
42P1R1A12_03095	42P1R1A12_03095	100.000	472	0	0	1	472	1	472	0.0	959
42P1R1A12_03095	10P3R2A13_01350	97.881	472	10	0	1	472	1	472	0.0	939
42P1R1A12_03096	42P1R1A12_03096	100.000	360	0	0	1	360	1	360	0.0	729
42P1R1A12_03097	42P1R1A12_03097	100.000	398	0	0	1	398	1	398	0.0	818
42P1R1A12_03098	42P1R1A12_03098	100.000	238	0	0	1	238	1	238	1.51e-180	494
42P1R1A12_03099	42P1R1A12_03099	100.000	139	0	0	1	139	1	139	1.26e-100	284
42P1R1A12_03099	51P2R2A10_04268	96.403	139	5	0	1	139	1	139	5.11e-97	275
42P1R1A12_03100	42P1R1A12_03100	100.000	118	0	0	1	118	1	118	2.27e-84	241
42P1R1A12_03100	51P2R2A10_04269	97.414	116	3	0	1	116	1	116	6.62e-82	235
42P1R1A12_03101	42P1R1A12_03101	100.000	106	0	0	1	106	1	106	7.92e-70	204
42P1R1A12_03102	42P1R1A12_03102	100.000	137	0	0	1	137	1	137	4.21e-97	275
42P1R1A12_03103	42P1R1A12_03103	100.000	942	0	0	1	942	1	942	0.0	1940
42P1R1A12_03103	31P2R1A5_04555	97.771	942	21	0	1	942	1	942	0.0	1902
42P1R1A12_03103	18P3R3A11_04572	96.064	940	37	0	1	940	1	940	0.0	1854
42P1R1A12_03103	10P3R2A13_01357	95.957	940	38	0	1	940	1	940	0.0	1854
42P1R1A12_03103	15P1R1A16_04390	97.222	432	12	0	509	940	1	432	0.0	867
42P1R1A12_03103	34P3R2A10_05001	98.438	256	4	0	685	940	1	256	0.0	525
42P1R1A12_03104	42P1R1A12_03104	100.000	176	0	0	1	176	1	176	8.41e-127	353
42P1R1A12_03105	42P1R1A12_03105	100.000	517	0	0	1	517	1	517	0.0	1072
42P1R1A12_03105	51P2R2A10_04273	95.040	504	25	0	1	504	1	504	0.0	998
42P1R1A12_03106	42P1R1A12_03106	100.000	754	0	0	1	754	1	754	0.0	1551
42P1R1A12_03107	42P1R1A12_03107	100.000	117	0	0	1	117	1	117	5.96e-85	243
42P1R1A12_03108	42P1R1A12_03108	100.000	808	0	0	1	808	1	808	0.0	1656
42P1R1A12_03108	51P2R2A10_04276	97.153	808	23	0	1	808	1	808	0.0	1620
42P1R1A12_03109	42P1R1A12_03109	100.000	130	0	0	1	130	1	130	2.08e-95	270
42P1R1A12_03110	42P1R1A12_03110	100.000	94	0	0	1	94	1	94	1.74e-63	186
42P1R1A12_03110	54P2R2A3_03713	97.872	94	2	0	1	94	1	94	2.02e-62	184
42P1R1A12_03110	31P2R1A5_04538	96.809	94	3	0	1	94	1	94	2.08e-62	184
42P1R1A12_03111	42P1R1A12_03111	100.000	535	0	0	1	535	1	535	0.0	1116
42P1R1A12_03112	42P1R1A12_03112	100.000	110	0	0	1	110	1	110	4.77e-78	224
42P1R1A12_03112	31P2R1A5_04536	97.273	110	3	0	1	110	1	110	7.20e-76	219
42P1R1A12_03114	42P1R1A12_03114	100.000	223	0	0	1	223	1	223	4.93e-165	454
42P1R1A12_03114	51P2R2A10_04282	97.758	223	5	0	1	223	1	223	2.43e-162	447
42P1R1A12_03115	42P1R1A12_03115	100.000	450	0	0	1	450	1	450	0.0	857
42P1R1A12_03115	31P2R1A5_04533	97.556	450	11	0	1	450	1	450	0.0	844
42P1R1A12_03115	18P3R3A11_04561	95.556	450	20	0	1	450	1	450	0.0	826
42P1R1A12_03116	42P1R1A12_03116	100.000	549	0	0	1	549	1	549	0.0	1082
42P1R1A12_03116	31P2R1A5_04532	97.086	549	16	0	1	549	1	549	0.0	1056
42P1R1A12_03117	42P1R1A12_03117	100.000	294	0	0	1	294	1	294	0.0	601
42P1R1A12_03117	51P2R2A10_04289	95.222	293	14	0	1	293	1	293	0.0	580
42P1R1A12_03118	42P1R1A12_03118	100.000	137	0	0	1	137	1	137	3.14e-95	270
42P1R1A12_03118	51P2R2A10_04290	95.620	137	6	0	1	137	1	137	1.06e-82	238
42P1R1A12_03119	42P1R1A12_03119	100.000	230	0	0	1	230	1	230	5.05e-165	454
42P1R1A12_03119	51P2R2A10_04291	95.217	230	11	0	1	230	1	230	3.21e-159	439
42P1R1A12_03120	42P1R1A12_03120	100.000	180	0	0	1	180	1	180	1.70e-125	350
42P1R1A12_03121	42P1R1A12_03121	100.000	229	0	0	1	229	1	229	6.31e-169	464
42P1R1A12_03122	42P1R1A12_03122	100.000	863	0	0	1	863	1	863	0.0	1774
42P1R1A12_03123	42P1R1A12_03123	100.000	205	0	0	1	205	1	205	3.57e-153	422
42P1R1A12_03124	42P1R1A12_03124	100.000	368	0	0	1	368	1	368	0.0	744
42P1R1A12_03125	42P1R1A12_03125	100.000	550	0	0	1	550	1	550	0.0	1089
42P1R1A12_03125	31P2R1A5_04522	96.189	551	20	1	1	550	2	552	0.0	1023
42P1R1A12_03126	42P1R1A12_03126	100.000	105	0	0	1	105	1	105	1.82e-72	210
42P1R1A12_03127	42P1R1A12_03127	100.000	653	0	0	1	653	1	653	0.0	1353
42P1R1A12_03127	31P2R1A5_04520	96.018	653	26	0	1	653	1	653	0.0	1306
42P1R1A12_03129	42P1R1A12_03129	100.000	228	0	0	1	228	1	228	3.30e-170	467
42P1R1A12_03129	51P2R2A10_04301	96.930	228	7	0	1	228	1	228	1.19e-165	456
42P1R1A12_03132	42P1R1A12_03132	100.000	304	0	0	1	304	1	304	0.0	624
42P1R1A12_03132	51P2R2A10_04309	96.358	302	11	0	1	302	1	302	0.0	600
42P1R1A12_03133	42P1R1A12_03133	100.000	232	0	0	1	232	1	232	5.85e-176	482
42P1R1A12_03133	51P2R2A10_04310	96.552	232	8	0	1	232	1	232	3.69e-170	468
42P1R1A12_03134	42P1R1A12_03134	100.000	327	0	0	1	327	1	327	0.0	634
42P1R1A12_03134	38P2R3A13_05264	96.330	327	12	0	1	327	1	327	0.0	588
42P1R1A12_03134	25P2R1A13_01451	95.413	327	15	0	1	327	1	327	0.0	582
42P1R1A12_03135	42P1R1A12_03135	100.000	511	0	0	1	511	1	511	0.0	1050
42P1R1A12_03136	42P1R1A12_03136	100.000	312	0	0	1	312	1	312	0.0	622
42P1R1A12_03136	25P2R1A13_01449	95.513	312	14	0	1	312	1	312	0.0	602
42P1R1A12_03137	42P1R1A12_03137	100.000	296	0	0	1	296	1	296	0.0	609
42P1R1A12_03138	42P1R1A12_03138	100.000	150	0	0	1	150	1	150	3.86e-107	301
42P1R1A12_03139	42P1R1A12_03139	100.000	111	0	0	1	111	1	111	1.65e-71	208
42P1R1A12_03140	42P1R1A12_03140	100.000	253	0	0	1	253	1	253	0.0	523
42P1R1A12_03141	42P1R1A12_03141	100.000	188	0	0	1	188	1	188	6.21e-139	385
42P1R1A12_03141	51P2R2A10_04318	95.745	188	8	0	1	188	1	188	1.48e-132	369
42P1R1A12_03142	42P1R1A12_03142	100.000	379	0	0	1	379	1	379	0.0	778
42P1R1A12_03143	42P1R1A12_03143	100.000	229	0	0	1	229	1	229	1.30e-168	463
42P1R1A12_03143	51P2R2A10_04320	97.380	229	6	0	1	229	1	229	2.45e-163	450
42P1R1A12_03144	42P1R1A12_03144	100.000	253	0	0	1	253	1	253	0.0	507
42P1R1A12_03144	31P2R1A5_04284	96.047	253	10	0	1	253	1	253	2.68e-177	487
42P1R1A12_03144	51P2R2A10_04321	95.652	253	11	0	1	253	1	253	6.65e-177	486
42P1R1A12_03145	42P1R1A12_03145	100.000	283	0	0	1	283	1	283	0.0	589
42P1R1A12_03145	31P2R1A5_04283	97.880	283	6	0	1	283	1	283	0.0	576
42P1R1A12_03146	42P1R1A12_03146	100.000	355	0	0	1	355	1	355	0.0	721
42P1R1A12_03146	51P2R2A10_04323	97.183	355	10	0	1	355	1	355	0.0	702
42P1R1A12_03147	42P1R1A12_03147	100.000	195	0	0	1	195	1	195	4.21e-140	388
42P1R1A12_03148	42P1R1A12_03148	100.000	151	0	0	1	151	1	151	2.92e-109	307
42P1R1A12_03149	42P1R1A12_03149	100.000	242	0	0	1	242	1	242	0.0	498
42P1R1A12_03149	51P2R2A10_04326	96.694	242	8	0	1	242	1	242	5.68e-177	485
42P1R1A12_03150	42P1R1A12_03150	100.000	145	0	0	1	145	1	145	8.37e-107	300
42P1R1A12_03150	51P2R2A10_04327	95.172	145	7	0	1	145	1	145	1.03e-102	290
42P1R1A12_03151	42P1R1A12_03151	100.000	112	0	0	1	112	1	112	4.08e-80	230
42P1R1A12_03151	51P2R2A10_04328	96.429	112	4	0	1	112	1	112	3.45e-78	225
42P1R1A12_03151	27P2R2A12_03894	100.000	41	0	0	72	112	1	41	1.39e-22	82.8
42P1R1A12_03152	42P1R1A12_03152	100.000	501	0	0	1	501	1	501	0.0	1017
42P1R1A12_03152	31P2R1A5_04276	96.607	501	17	0	1	501	1	501	0.0	995
42P1R1A12_03153	42P1R1A12_03153	100.000	102	0	0	1	102	1	102	4.24e-71	206
42P1R1A12_03154	42P1R1A12_03154	100.000	307	0	0	1	307	1	307	0.0	633
42P1R1A12_03154	51P2R2A10_04331	97.394	307	8	0	1	307	1	307	0.0	619
42P1R1A12_03155	42P1R1A12_03155	100.000	227	0	0	1	227	1	227	3.67e-157	434
42P1R1A12_03155	51P2R2A10_04332	96.476	227	8	0	1	227	1	227	9.99e-153	423
42P1R1A12_03156	42P1R1A12_03156	100.000	261	0	0	1	261	1	261	0.0	533
42P1R1A12_03156	51P2R2A10_04333	97.318	261	7	0	1	261	1	261	0.0	519
42P1R1A12_03157	42P1R1A12_03157	100.000	199	0	0	1	199	1	199	7.09e-149	411
42P1R1A12_03157	51P2R2A10_04334	95.477	199	9	0	1	199	1	199	5.82e-143	396
42P1R1A12_03158	42P1R1A12_03158	100.000	196	0	0	1	196	1	196	2.47e-145	402
42P1R1A12_03159	42P1R1A12_03159	100.000	145	0	0	1	145	1	145	6.36e-103	290
42P1R1A12_03160	42P1R1A12_03160	100.000	270	0	0	1	270	1	270	0.0	560
42P1R1A12_03161	42P1R1A12_03161	100.000	741	0	0	1	741	1	741	0.0	1537
42P1R1A12_03161	51P2R2A10_04338	97.706	741	17	0	1	741	1	741	0.0	1506
42P1R1A12_03163	42P1R1A12_03163	100.000	696	0	0	1	696	1	696	0.0	1436
42P1R1A12_03163	51P2R2A10_04340	95.115	696	34	0	1	696	1	696	0.0	1349
42P1R1A12_03164	42P1R1A12_03164	100.000	197	0	0	1	197	1	197	1.52e-145	402
42P1R1A12_03165	42P1R1A12_03165	100.000	590	0	0	1	590	1	590	0.0	1189
42P1R1A12_03166	42P1R1A12_03166	100.000	108	0	0	1	108	1	108	6.09e-75	216
42P1R1A12_03166	31P2R1A5_04256	97.222	108	3	0	1	108	1	108	2.26e-72	210
42P1R1A12_03166	54P2R2A3_03885	96.296	108	4	0	1	108	1	108	9.02e-72	209
42P1R1A12_03168	42P1R1A12_03168	100.000	479	0	0	1	479	1	479	0.0	983
42P1R1A12_03168	31P2R1A5_04254	97.912	479	10	0	1	479	1	479	0.0	964
42P1R1A12_03168	18P3R3A11_01964	95.825	479	20	0	1	479	1	479	0.0	927
42P1R1A12_03169	42P1R1A12_03169	100.000	159	0	0	1	159	1	159	1.66e-112	316
42P1R1A12_03170	42P1R1A12_03170	100.000	420	0	0	1	420	1	420	0.0	824
42P1R1A12_03170	51P2R2A10_04347	96.667	420	14	0	1	420	1	420	0.0	800
42P1R1A12_03173	42P1R1A12_03173	100.000	118	0	0	1	118	1	118	1.91e-83	239
42P1R1A12_03174	42P1R1A12_03174	100.000	289	0	0	1	289	1	289	0.0	595
42P1R1A12_03175	42P1R1A12_03175	100.000	503	0	0	1	503	1	503	0.0	1030
42P1R1A12_03177	42P1R1A12_03177	100.000	173	0	0	1	173	1	173	5.70e-125	348
42P1R1A12_03178	42P1R1A12_03178	100.000	194	0	0	1	194	1	194	2.31e-144	399
42P1R1A12_03179	42P1R1A12_03179	100.000	90	0	0	1	90	1	90	6.36e-62	182
42P1R1A12_03179	51P2R2A10_05213	96.667	90	3	0	1	90	1	90	1.10e-59	177
42P1R1A12_03179	31P2R1A5_04697	95.556	90	4	0	1	90	1	90	3.47e-59	175
42P1R1A12_03180	42P1R1A12_03180	100.000	329	0	0	1	329	1	329	0.0	677
42P1R1A12_03181	42P1R1A12_03181	100.000	208	0	0	1	208	1	208	3.23e-154	425
42P1R1A12_03182	42P1R1A12_03182	100.000	300	0	0	1	300	1	300	0.0	622
42P1R1A12_03183	42P1R1A12_03183	100.000	930	0	0	1	930	1	930	0.0	1897
42P1R1A12_03184	42P1R1A12_03184	100.000	211	0	0	1	211	1	211	1.28e-157	434
42P1R1A12_03185	51P2R2A10_05219	98.750	80	1	0	1	80	90	169	6.73e-49	152
42P1R1A12_03185	42P1R1A12_03185	100.000	80	0	0	1	80	1	80	1.44e-48	148
42P1R1A12_03186	42P1R1A12_03186	100.000	458	0	0	1	458	1	458	0.0	951
42P1R1A12_03186	51P2R2A10_05220	97.817	458	10	0	1	458	1	458	0.0	931
42P1R1A12_03187	42P1R1A12_03187	100.000	37	0	0	1	37	1	37	1.27e-19	72.0
42P1R1A12_03187	51P2R2A10_05221	97.297	37	1	0	1	37	1	37	8.60e-19	70.1
42P1R1A12_03189	42P1R1A12_03189	100.000	350	0	0	1	350	1	350	0.0	702
42P1R1A12_03189	31P2R1A5_04687	97.714	350	8	0	1	350	1	350	0.0	689
42P1R1A12_03189	18P3R3A11_04382	95.714	350	15	0	1	350	1	350	0.0	672
42P1R1A12_03189	43P2R2A2_02188	96.970	66	2	0	285	350	1	66	3.05e-40	136
42P1R1A12_03191	42P1R1A12_03191	100.000	608	0	0	1	608	1	608	0.0	1243
42P1R1A12_03191	18P3R3A11_04384	97.533	608	15	0	1	608	1	608	0.0	1214
42P1R1A12_03191	31P2R1A5_04685	97.039	608	18	0	1	608	1	608	0.0	1207
42P1R1A12_03191	38P2R3A13_06610	95.556	180	8	0	429	608	1	180	3.42e-121	356
42P1R1A12_03192	42P1R1A12_03192	100.000	200	0	0	1	200	1	200	6.12e-152	419
42P1R1A12_03192	51P2R2A10_05236	98.000	200	4	0	1	200	1	200	6.56e-150	414
42P1R1A12_03193	42P1R1A12_03193	100.000	287	0	0	1	287	1	287	0.0	572
42P1R1A12_03194	42P1R1A12_03194	100.000	146	0	0	1	146	1	146	1.67e-105	297
42P1R1A12_03194	51P2R2A10_05238	97.945	146	3	0	1	146	1	146	1.34e-103	292
42P1R1A12_03194	38P2R3A13_03863	96.575	146	5	0	1	146	1	146	7.48e-103	290
42P1R1A12_03194	38P2R3A13_06622	96.575	146	5	0	1	146	1	146	2.79e-102	289
42P1R1A12_03194	18P3R3A11_04314	95.890	146	6	0	1	146	1	146	7.75e-102	288
42P1R1A12_03194	31P2R1A5_04682	95.205	146	7	0	1	146	1	146	7.77e-101	285
42P1R1A12_03195	42P1R1A12_03195	100.000	314	0	0	1	314	1	314	0.0	651
42P1R1A12_03195	31P2R1A5_04681	97.134	314	9	0	1	314	1	314	0.0	637
42P1R1A12_03196	42P1R1A12_03196	100.000	306	0	0	1	306	1	306	0.0	625
42P1R1A12_03197	42P1R1A12_03197	100.000	310	0	0	1	310	1	310	0.0	641
42P1R1A12_03198	42P1R1A12_03198	100.000	212	0	0	1	212	1	212	1.07e-156	432
42P1R1A12_03198	31P2R1A5_04676	95.283	212	10	0	1	212	1	212	1.56e-150	416
42P1R1A12_03198	51P2R2A10_05244	98.291	117	2	0	96	212	1	117	2.32e-79	233
42P1R1A12_03198	51P2R2A10_00001	95.575	113	5	0	96	208	1	113	3.82e-74	219
42P1R1A12_03199	42P1R1A12_03199	100.000	301	0	0	1	301	1	301	0.0	627
42P1R1A12_03199	18P3R3A11_04320	96.346	301	11	0	1	301	1	301	0.0	610
42P1R1A12_03200	42P1R1A12_03200	100.000	805	0	0	1	805	1	805	0.0	1672
42P1R1A12_03200	31P2R1A5_04674	96.646	805	27	0	1	805	1	805	0.0	1627
42P1R1A12_03201	42P1R1A12_03201	100.000	196	0	0	1	196	1	196	2.92e-148	409
42P1R1A12_03201	31P2R1A5_04673	96.429	196	7	0	1	196	1	196	1.30e-143	397
42P1R1A12_03202	42P1R1A12_03202	100.000	259	0	0	1	259	1	259	0.0	533
42P1R1A12_03202	51P2R2A10_05085	98.456	259	4	0	1	259	21	279	0.0	526
42P1R1A12_03204	42P1R1A12_03204	100.000	504	0	0	1	504	1	504	0.0	1033
42P1R1A12_03205	42P1R1A12_03205	100.000	233	0	0	1	233	1	233	6.66e-178	487
42P1R1A12_03205	51P2R2A10_05088	97.854	233	5	0	1	233	1	233	1.07e-174	479
42P1R1A12_03206	42P1R1A12_03206	100.000	281	0	0	1	281	1	281	0.0	567
42P1R1A12_03207	42P1R1A12_03207	100.000	268	0	0	1	268	1	268	0.0	523
42P1R1A12_03208	42P1R1A12_03208	100.000	166	0	0	1	166	1	166	4.45e-119	333
42P1R1A12_03209	42P1R1A12_03209	100.000	393	0	0	1	393	1	393	0.0	807
42P1R1A12_03210	42P1R1A12_03210	100.000	161	0	0	1	161	1	161	3.75e-119	333
42P1R1A12_03211	42P1R1A12_03211	100.000	868	0	0	1	868	1	868	0.0	1790
42P1R1A12_03212	42P1R1A12_03212	100.000	327	0	0	1	327	1	327	0.0	668
42P1R1A12_03212	51P2R2A10_05096	97.859	327	7	0	1	327	1	327	0.0	657
42P1R1A12_03213	42P1R1A12_03213	100.000	105	0	0	1	105	1	105	2.82e-71	207
42P1R1A12_03215	42P1R1A12_03215	100.000	283	0	0	1	283	1	283	0.0	585
42P1R1A12_03215	51P2R2A10_05099	97.880	283	6	0	1	283	1	283	0.0	575
42P1R1A12_03216	42P1R1A12_03216	100.000	90	0	0	1	90	1	90	4.00e-63	185
42P1R1A12_03217	42P1R1A12_03217	100.000	146	0	0	1	146	1	146	6.88e-106	298
42P1R1A12_03217	51P2R2A10_05101	95.890	146	6	0	1	146	1	146	1.78e-101	286
42P1R1A12_03218	42P1R1A12_03218	100.000	185	0	0	1	185	1	185	1.63e-138	384
42P1R1A12_03219	42P1R1A12_03219	100.000	108	0	0	1	108	1	108	1.96e-69	202
42P1R1A12_03219	51P2R2A10_05103	97.222	108	3	0	1	108	1	108	3.79e-68	199
42P1R1A12_03220	42P1R1A12_03220	100.000	230	0	0	1	230	1	230	2.37e-163	450
42P1R1A12_03221	42P1R1A12_03221	100.000	183	0	0	1	183	1	183	1.24e-132	369
42P1R1A12_03221	31P2R1A5_04661	96.175	183	7	0	1	183	1	183	2.85e-129	360
42P1R1A12_03222	42P1R1A12_03222	100.000	306	0	0	1	306	1	306	0.0	626
42P1R1A12_03223	42P1R1A12_03223	100.000	445	0	0	1	445	1	445	0.0	918
42P1R1A12_03224	42P1R1A12_03224	100.000	803	0	0	1	803	1	803	0.0	1645
42P1R1A12_03225	42P1R1A12_03225	100.000	376	0	0	1	376	1	376	0.0	784
42P1R1A12_03226	42P1R1A12_03226	100.000	420	0	0	1	420	1	420	0.0	836
42P1R1A12_03227	42P1R1A12_03227	100.000	332	0	0	1	332	1	332	0.0	674
42P1R1A12_03227	51P2R2A10_05110	96.687	332	11	0	1	332	1	332	0.0	656
42P1R1A12_03228	42P1R1A12_03228	100.000	708	0	0	1	708	1	708	0.0	1456
42P1R1A12_03228	51P2R2A10_05111	97.316	708	19	0	1	708	1	708	0.0	1423
42P1R1A12_03229	42P1R1A12_03229	100.000	436	0	0	1	436	1	436	0.0	880
42P1R1A12_03229	51P2R2A10_05112	99.289	422	3	0	15	436	1	422	0.0	847
42P1R1A12_03229	31P2R1A5_04658	95.735	422	18	0	15	436	1	422	0.0	784
42P1R1A12_03230	42P1R1A12_03230	100.000	197	0	0	1	197	1	197	2.62e-148	409
42P1R1A12_03231	42P1R1A12_03231	100.000	241	0	0	1	241	1	241	5.97e-180	493
42P1R1A12_03232	42P1R1A12_03232	100.000	189	0	0	1	189	1	189	1.84e-131	366
42P1R1A12_03233	42P1R1A12_03233	100.000	186	0	0	1	186	1	186	7.05e-136	377
42P1R1A12_03234	42P1R1A12_03234	100.000	246	0	0	1	246	1	246	0.0	499
42P1R1A12_03235	42P1R1A12_03235	100.000	877	0	0	1	877	1	877	0.0	1811
42P1R1A12_03236	42P1R1A12_03236	100.000	204	0	0	1	204	1	204	1.11e-150	416
42P1R1A12_03237	42P1R1A12_03237	100.000	181	0	0	1	181	1	181	3.17e-131	365
42P1R1A12_03238	42P1R1A12_03238	100.000	172	0	0	1	172	1	172	3.51e-120	336
42P1R1A12_03239	42P1R1A12_03239	100.000	232	0	0	1	232	1	232	1.03e-172	474
42P1R1A12_03240	42P1R1A12_03240	100.000	575	0	0	1	575	1	575	0.0	1144
42P1R1A12_03241	42P1R1A12_03241	100.000	97	0	0	1	97	1	97	2.32e-69	202
42P1R1A12_03242	42P1R1A12_03242	100.000	286	0	0	1	286	1	286	0.0	571
42P1R1A12_03243	42P1R1A12_03243	100.000	91	0	0	1	91	1	91	2.58e-64	188
42P1R1A12_03244	42P1R1A12_03244	100.000	194	0	0	1	194	1	194	2.23e-145	402
42P1R1A12_03245	42P1R1A12_03245	100.000	337	0	0	1	337	1	337	0.0	691
42P1R1A12_03245	54P2R2A3_04041	96.736	337	11	0	1	337	1	337	0.0	675
42P1R1A12_03245	51P2R2A10_05115	95.252	337	16	0	1	337	1	337	0.0	667
42P1R1A12_03246	42P1R1A12_03246	100.000	474	0	0	1	474	1	474	0.0	957
42P1R1A12_03246	51P2R2A10_05116	97.186	462	13	0	1	462	1	462	0.0	917
42P1R1A12_03246	54P2R2A3_04040	96.753	462	15	0	1	462	1	462	0.0	914
42P1R1A12_03247	42P1R1A12_03247	100.000	563	0	0	1	563	1	563	0.0	1177
42P1R1A12_03248	42P1R1A12_03248	100.000	454	0	0	1	454	1	454	0.0	937
42P1R1A12_03249	42P1R1A12_03249	100.000	460	0	0	1	460	1	460	0.0	951
42P1R1A12_03250	42P1R1A12_03250	100.000	105	0	0	1	105	1	105	1.82e-75	218
42P1R1A12_03251	42P1R1A12_03251	100.000	383	0	0	1	383	1	383	0.0	778
42P1R1A12_03251	51P2R2A10_05119	96.606	383	13	0	1	383	1	383	0.0	756
42P1R1A12_03251	31P2R1A5_04656	95.822	383	16	0	1	383	1	383	0.0	750
42P1R1A12_03252	42P1R1A12_03252	100.000	335	0	0	1	335	1	335	0.0	657
42P1R1A12_03253	42P1R1A12_03253	100.000	335	0	0	1	335	1	335	0.0	652
42P1R1A12_03253	51P2R2A10_05121	97.015	335	10	0	1	335	1	335	0.0	636
42P1R1A12_03254	42P1R1A12_03254	100.000	504	0	0	1	504	1	504	0.0	1026
42P1R1A12_03255	42P1R1A12_03255	100.000	329	0	0	1	329	1	329	0.0	648
42P1R1A12_03255	31P2R1A5_04652	96.960	329	10	0	1	329	1	329	0.0	632
42P1R1A12_03255	18P3R3A11_04340	96.049	329	13	0	1	329	1	329	0.0	622
42P1R1A12_03256	42P1R1A12_03256	100.000	277	0	0	1	277	1	277	0.0	573
42P1R1A12_03256	31P2R1A5_04651	97.112	277	8	0	1	277	1	277	0.0	558
42P1R1A12_03257	42P1R1A12_03257	100.000	420	0	0	1	420	1	420	0.0	872
42P1R1A12_03257	31P2R1A5_04650	97.143	420	12	0	1	420	1	420	0.0	851
42P1R1A12_03258	42P1R1A12_03258	100.000	489	0	0	1	489	1	489	0.0	1011
42P1R1A12_03258	51P2R2A10_05126	96.933	489	15	0	1	489	1	489	0.0	982
42P1R1A12_03259	42P1R1A12_03259	100.000	279	0	0	1	279	1	279	0.0	578
42P1R1A12_03259	51P2R2A10_05127	97.491	279	7	0	1	279	1	279	0.0	565
42P1R1A12_03260	42P1R1A12_03260	100.000	283	0	0	1	283	1	283	0.0	587
42P1R1A12_03260	51P2R2A10_05128	99.293	283	2	0	1	283	12	294	0.0	583
42P1R1A12_03261	42P1R1A12_03261	100.000	345	0	0	1	345	1	345	0.0	684
42P1R1A12_03261	31P2R1A5_04646	95.362	345	16	0	1	345	1	345	0.0	660
42P1R1A12_03263	42P1R1A12_03263	100.000	225	0	0	1	225	1	225	4.99e-171	469
42P1R1A12_03263	51P2R2A10_05131	96.889	225	7	0	1	225	1	225	8.82e-165	453
42P1R1A12_03266	42P1R1A12_03266	100.000	168	0	0	1	168	1	168	1.88e-121	339
42P1R1A12_03266	31P2R1A5_04641	97.024	168	5	0	1	168	1	168	4.82e-117	328
42P1R1A12_03267	42P1R1A12_03267	100.000	299	0	0	1	299	1	299	0.0	600
42P1R1A12_03268	42P1R1A12_03268	100.000	321	0	0	1	321	1	321	0.0	651
42P1R1A12_03268	31P2R1A5_04639	97.508	321	8	0	1	321	1	321	0.0	637
42P1R1A12_03269	42P1R1A12_03269	100.000	162	0	0	1	162	1	162	2.85e-114	320
42P1R1A12_03269	31P2R1A5_04638	96.914	162	5	0	1	162	1	162	2.99e-112	315
42P1R1A12_03270	42P1R1A12_03270	100.000	309	0	0	1	309	1	309	0.0	620
42P1R1A12_03270	51P2R2A10_05138	97.735	309	7	0	1	309	1	309	0.0	606
42P1R1A12_03273	42P1R1A12_03273	100.000	285	0	0	1	285	1	285	0.0	573
42P1R1A12_03274	42P1R1A12_03274	100.000	343	0	0	1	343	1	343	0.0	704
42P1R1A12_03275	42P1R1A12_03275	100.000	732	0	0	1	732	1	732	0.0	1490
42P1R1A12_03276	42P1R1A12_03276	100.000	72	0	0	1	72	1	72	1.29e-49	150
42P1R1A12_03279	42P1R1A12_03279	100.000	811	0	0	1	811	1	811	0.0	1647
42P1R1A12_03279	31P2R1A5_04628	95.684	811	35	0	1	811	1	811	0.0	1589
42P1R1A12_03280	42P1R1A12_03280	100.000	124	0	0	1	124	1	124	2.20e-87	249
42P1R1A12_03280	51P2R2A10_05148	95.968	124	5	0	1	124	1	124	4.37e-84	241
42P1R1A12_03281	42P1R1A12_03281	100.000	302	0	0	1	302	1	302	0.0	601
42P1R1A12_03282	42P1R1A12_03282	100.000	296	0	0	1	296	1	296	0.0	616
42P1R1A12_03282	31P2R1A5_04623	97.973	296	6	0	1	296	1	296	0.0	607
42P1R1A12_03283	42P1R1A12_03283	100.000	250	0	0	1	250	1	250	0.0	506
42P1R1A12_03284	42P1R1A12_03284	100.000	368	0	0	1	368	1	368	0.0	749
42P1R1A12_03284	51P2R2A10_05152	97.554	368	9	0	1	368	1	368	0.0	733
42P1R1A12_03285	42P1R1A12_03285	100.000	221	0	0	1	221	1	221	4.49e-161	444
42P1R1A12_03285	31P2R1A5_04621	97.738	221	5	0	1	221	1	221	2.49e-158	437
42P1R1A12_03286	42P1R1A12_03286	100.000	288	0	0	1	288	1	288	0.0	602
42P1R1A12_03287	42P1R1A12_03287	100.000	216	0	0	1	216	1	216	3.74e-164	451
42P1R1A12_03288	42P1R1A12_03288	100.000	884	0	0	1	884	1	884	0.0	1811
42P1R1A12_03288	31P2R1A5_04618	96.154	884	34	0	1	884	1	884	0.0	1726
42P1R1A12_03289	42P1R1A12_03289	100.000	384	0	0	1	384	1	384	0.0	797
42P1R1A12_03289	31P2R1A5_04617	96.094	384	15	0	1	384	1	384	0.0	772
42P1R1A12_03290	42P1R1A12_03290	100.000	335	0	0	1	335	1	335	0.0	686
42P1R1A12_03291	42P1R1A12_03291	100.000	258	0	0	1	258	1	258	0.0	512
42P1R1A12_03291	31P2R1A5_04615	96.512	258	9	0	1	258	1	258	0.0	498
42P1R1A12_03292	42P1R1A12_03292	100.000	458	0	0	1	458	1	458	0.0	934
42P1R1A12_03292	31P2R1A5_04614	96.491	456	16	0	1	456	1	456	0.0	902
42P1R1A12_03292	10P3R2A13_03994	95.833	456	19	0	1	456	1	456	0.0	896
42P1R1A12_03292	18P3R3A11_03918	95.415	458	21	0	1	458	1	458	0.0	894
42P1R1A12_03293	42P1R1A12_03293	100.000	306	0	0	1	306	1	306	0.0	624
42P1R1A12_03293	31P2R1A5_04613	97.386	306	8	0	1	306	1	306	0.0	608
42P1R1A12_03293	18P3R3A11_03917	95.752	306	13	0	1	306	1	306	0.0	600
42P1R1A12_03293	10P3R2A13_03997	95.098	306	15	0	1	306	1	306	0.0	600
42P1R1A12_03296	42P1R1A12_03296	100.000	120	0	0	1	120	1	120	3.39e-84	241
42P1R1A12_03297	42P1R1A12_03297	100.000	367	0	0	1	367	1	367	0.0	767
42P1R1A12_03298	42P1R1A12_03298	100.000	53	0	0	1	53	1	53	1.89e-34	110
42P1R1A12_03298	51P2R2A10_05166	100.000	50	0	0	1	50	1	50	1.51e-30	110
42P1R1A12_03299	42P1R1A12_03299	100.000	623	0	0	1	623	1	623	0.0	1276
42P1R1A12_03299	51P2R2A10_05166	98.234	623	11	0	1	623	51	673	0.0	1259
42P1R1A12_03300	42P1R1A12_03300	100.000	285	0	0	1	285	1	285	0.0	579
42P1R1A12_03301	42P1R1A12_03301	100.000	180	0	0	1	180	1	180	1.55e-131	365
42P1R1A12_03301	51P2R2A10_01063	96.667	180	6	0	1	180	1	180	4.44e-127	354
42P1R1A12_03302	42P1R1A12_03302	100.000	516	0	0	1	516	1	516	0.0	1043
42P1R1A12_03302	51P2R2A10_01064	99.587	484	2	0	30	513	1	484	0.0	972
42P1R1A12_03303	42P1R1A12_03303	100.000	74	0	0	1	74	1	74	4.05e-49	149
42P1R1A12_03303	51P2R2A10_01065	97.297	74	2	0	1	74	1	74	3.09e-48	146
42P1R1A12_03304	42P1R1A12_03304	100.000	354	0	0	1	354	1	354	0.0	718
42P1R1A12_03305	42P1R1A12_03305	100.000	704	0	0	1	704	1	704	0.0	1445
42P1R1A12_03306	42P1R1A12_03306	100.000	100	0	0	1	100	1	100	1.08e-67	197
42P1R1A12_03306	51P2R2A10_01068	98.000	100	2	0	1	100	1	100	3.33e-66	194
42P1R1A12_03307	42P1R1A12_03307	100.000	312	0	0	1	312	1	312	0.0	636
42P1R1A12_03307	51P2R2A10_01069	96.474	312	11	0	1	312	1	312	0.0	616
42P1R1A12_03308	42P1R1A12_03308	100.000	346	0	0	1	346	1	346	0.0	705
42P1R1A12_03308	51P2R2A10_01070	97.977	346	7	0	1	346	1	346	0.0	694
42P1R1A12_03309	42P1R1A12_03309	100.000	192	0	0	1	192	1	192	4.30e-142	393
42P1R1A12_03309	51P2R2A10_01071	97.917	192	4	0	1	192	1	192	7.56e-139	385
42P1R1A12_03310	42P1R1A12_03310	100.000	432	0	0	1	432	1	432	0.0	878
42P1R1A12_03311	42P1R1A12_03311	100.000	173	0	0	1	173	1	173	3.06e-129	359
42P1R1A12_03312	42P1R1A12_03312	100.000	150	0	0	1	150	1	150	1.16e-101	288
42P1R1A12_03312	51P2R2A10_01073	96.667	150	5	0	1	150	1	150	2.37e-99	281
42P1R1A12_03313	42P1R1A12_03313	100.000	78	0	0	1	78	1	78	1.05e-49	150
42P1R1A12_03313	51P2R2A10_01074	96.154	78	3	0	1	78	1	78	2.23e-47	145
42P1R1A12_03314	42P1R1A12_03314	100.000	533	0	0	1	533	1	533	0.0	1102
42P1R1A12_03314	51P2R2A10_01075	96.060	533	21	0	1	533	1	533	0.0	1068
42P1R1A12_03315	42P1R1A12_03315	100.000	478	0	0	1	478	1	478	0.0	961
42P1R1A12_03315	51P2R2A10_01076	95.397	478	22	0	1	478	1	478	0.0	854
42P1R1A12_03316	42P1R1A12_03316	100.000	419	0	0	1	419	1	419	0.0	858
42P1R1A12_03317	42P1R1A12_03317	100.000	257	0	0	1	257	1	257	0.0	518
42P1R1A12_03318	42P1R1A12_03318	100.000	58	0	0	1	58	1	58	9.00e-36	114
42P1R1A12_03319	42P1R1A12_03319	100.000	31	0	0	1	31	1	31	1.16e-14	59.3
42P1R1A12_03320	42P1R1A12_03320	100.000	95	0	0	1	95	1	95	3.83e-66	193
42P1R1A12_03321	42P1R1A12_03321	100.000	41	0	0	1	41	1	41	3.95e-22	78.6
42P1R1A12_03321	51P2R2A10_01081	97.561	41	1	0	1	41	1	41	1.07e-21	77.4
42P1R1A12_03322	42P1R1A12_03322	100.000	476	0	0	1	476	1	476	0.0	980
42P1R1A12_03322	51P2R2A10_01082	95.588	476	21	0	1	476	1	476	0.0	922
42P1R1A12_03323	42P1R1A12_03323	100.000	269	0	0	1	269	1	269	0.0	525
42P1R1A12_03323	51P2R2A10_01083	97.026	269	8	0	1	269	1	269	0.0	514
42P1R1A12_03324	42P1R1A12_03324	100.000	310	0	0	1	310	1	310	0.0	607
42P1R1A12_03324	51P2R2A10_01084	96.129	310	12	0	1	310	1	310	0.0	587
42P1R1A12_03325	42P1R1A12_03325	100.000	337	0	0	1	337	1	337	0.0	686
42P1R1A12_03326	42P1R1A12_03326	100.000	382	0	0	1	382	1	382	0.0	791
42P1R1A12_03326	51P2R2A10_01086	97.906	382	8	0	1	382	1	382	0.0	777
42P1R1A12_03327	42P1R1A12_03327	100.000	471	0	0	1	471	1	471	0.0	967
42P1R1A12_03327	51P2R2A10_01087	96.815	471	15	0	1	471	1	471	0.0	941
42P1R1A12_03328	42P1R1A12_03328	100.000	466	0	0	1	466	1	466	0.0	939
42P1R1A12_03329	42P1R1A12_03329	100.000	337	0	0	1	337	1	337	0.0	659
42P1R1A12_03329	51P2R2A10_01089	97.033	337	10	0	1	337	1	337	0.0	644
42P1R1A12_03330	42P1R1A12_03330	100.000	42	0	0	1	42	1	42	8.51e-22	77.8
42P1R1A12_03330	51P2R2A10_01090	95.238	42	2	0	1	42	1	42	7.84e-21	75.5
42P1R1A12_03331	42P1R1A12_03331	100.000	78	0	0	1	78	1	78	3.34e-53	159
42P1R1A12_03332	42P1R1A12_03332	100.000	661	0	0	1	661	1	661	0.0	1375
42P1R1A12_03333	42P1R1A12_03333	100.000	177	0	0	1	177	1	177	1.18e-130	363
42P1R1A12_03333	51P2R2A10_01093	95.455	176	8	0	1	176	1	176	4.54e-124	347
42P1R1A12_03334	42P1R1A12_03334	100.000	389	0	0	1	389	1	389	0.0	740
42P1R1A12_03335	42P1R1A12_03335	100.000	292	0	0	1	292	1	292	0.0	609
42P1R1A12_03335	51P2R2A10_01096	95.848	289	12	0	4	292	1	289	0.0	578
42P1R1A12_03336	42P1R1A12_03336	100.000	341	0	0	1	341	1	341	0.0	685
42P1R1A12_03336	51P2R2A10_01097	98.344	302	5	0	36	337	1	302	0.0	585
42P1R1A12_03337	42P1R1A12_03337	100.000	223	0	0	1	223	1	223	3.07e-166	457
42P1R1A12_03337	51P2R2A10_01098	97.758	223	5	0	1	223	1	223	1.37e-162	447
42P1R1A12_03338	42P1R1A12_03338	100.000	531	0	0	1	531	1	531	0.0	1109
42P1R1A12_03339	42P1R1A12_03339	100.000	410	0	0	1	410	1	410	0.0	847
42P1R1A12_03340	42P1R1A12_03340	100.000	199	0	0	1	199	1	199	3.05e-149	412
42P1R1A12_03341	42P1R1A12_03341	100.000	333	0	0	1	333	1	333	0.0	659
42P1R1A12_03341	51P2R2A10_01102	96.697	333	11	0	1	333	1	333	0.0	642
42P1R1A12_03342	42P1R1A12_03342	100.000	327	0	0	1	327	1	327	0.0	663
42P1R1A12_03343	42P1R1A12_03343	100.000	195	0	0	1	195	1	195	1.04e-147	407
42P1R1A12_03344	42P1R1A12_03344	100.000	552	0	0	1	552	1	552	0.0	1151
42P1R1A12_03344	31P2R1A5_00742	95.109	552	27	0	1	552	1	552	0.0	1111
42P1R1A12_03345	42P1R1A12_03345	100.000	208	0	0	1	208	1	208	2.34e-155	428
42P1R1A12_03345	51P2R2A10_01106	97.596	208	5	0	1	208	1	208	2.38e-152	421
42P1R1A12_03346	42P1R1A12_03346	100.000	503	0	0	1	503	1	503	0.0	1032
42P1R1A12_03346	51P2R2A10_01107	97.018	503	15	0	1	503	1	503	0.0	1007
42P1R1A12_03347	42P1R1A12_03347	100.000	448	0	0	1	448	1	448	0.0	916
42P1R1A12_03347	51P2R2A10_01108	97.991	448	9	0	1	448	1	448	0.0	900
42P1R1A12_03348	42P1R1A12_03348	100.000	247	0	0	1	247	1	247	0.0	513
42P1R1A12_03348	31P2R1A5_00746	95.142	247	12	0	1	247	1	247	1.52e-180	495
42P1R1A12_03349	42P1R1A12_03349	100.000	207	0	0	1	207	1	207	1.33e-154	426
42P1R1A12_03349	51P2R2A10_01110	96.618	207	7	0	1	207	1	207	2.14e-150	415
42P1R1A12_03350	42P1R1A12_03350	100.000	308	0	0	1	308	1	308	0.0	617
42P1R1A12_03351	42P1R1A12_03351	100.000	791	0	0	1	791	1	791	0.0	1617
42P1R1A12_03351	51P2R2A10_01112	97.724	791	18	0	1	791	1	791	0.0	1592
42P1R1A12_03352	42P1R1A12_03352	100.000	92	0	0	1	92	1	92	5.14e-64	188
42P1R1A12_03353	42P1R1A12_03353	100.000	373	0	0	1	373	1	373	0.0	760
42P1R1A12_03353	31P2R1A5_00750	95.979	373	15	0	1	373	1	373	0.0	735
42P1R1A12_03355	42P1R1A12_03355	100.000	176	0	0	1	176	1	176	5.54e-127	353
42P1R1A12_03355	51P2R2A10_01116	96.591	176	6	0	1	176	1	176	1.37e-123	345
42P1R1A12_03356	42P1R1A12_03356	100.000	81	0	0	1	81	1	81	7.25e-56	166
42P1R1A12_03357	42P1R1A12_03357	100.000	55	0	0	1	55	1	55	1.74e-31	103
42P1R1A12_03358	42P1R1A12_03358	100.000	66	0	0	1	66	1	66	1.54e-40	126
42P1R1A12_03359	42P1R1A12_03359	100.000	68	0	0	1	68	1	68	1.82e-44	137
42P1R1A12_03359	51P2R2A10_01120	97.059	68	2	0	1	68	1	68	2.05e-43	134
42P1R1A12_03360	42P1R1A12_03360	100.000	324	0	0	1	324	1	324	0.0	667
42P1R1A12_03360	51P2R2A10_01121	95.988	324	13	0	1	324	1	324	0.0	648
42P1R1A12_03361	42P1R1A12_03361	100.000	309	0	0	1	309	1	309	0.0	629
42P1R1A12_03362	42P1R1A12_03362	100.000	165	0	0	1	165	1	165	1.09e-120	337
42P1R1A12_03363	42P1R1A12_03363	100.000	333	0	0	1	333	1	333	0.0	682
42P1R1A12_03363	51P2R2A10_01124	97.598	333	8	0	1	333	1	333	0.0	667
42P1R1A12_03364	42P1R1A12_03364	100.000	480	0	0	1	480	1	480	0.0	973
42P1R1A12_03365	42P1R1A12_03365	100.000	264	0	0	1	264	1	264	0.0	539
42P1R1A12_03366	42P1R1A12_03366	100.000	425	0	0	1	425	1	425	0.0	871
42P1R1A12_03366	31P2R1A5_00245	96.235	425	16	0	1	425	1	425	0.0	850
42P1R1A12_03367	42P1R1A12_03367	100.000	144	0	0	1	144	1	144	1.57e-100	284
42P1R1A12_03367	51P2R2A10_01128	95.833	144	6	0	1	144	1	144	9.78e-97	275
42P1R1A12_03368	42P1R1A12_03368	100.000	551	0	0	1	551	1	551	0.0	1103
42P1R1A12_03369	42P1R1A12_03369	100.000	362	0	0	1	362	1	362	0.0	727
42P1R1A12_03369	51P2R2A10_01130	97.790	362	8	0	1	362	1	362	0.0	711
42P1R1A12_03370	42P1R1A12_03370	100.000	460	0	0	1	460	1	460	0.0	912
42P1R1A12_03370	51P2R2A10_01131	96.739	460	15	0	1	460	1	460	0.0	885
42P1R1A12_03371	42P1R1A12_03371	100.000	220	0	0	1	220	1	220	5.92e-160	441
42P1R1A12_03371	51P2R2A10_01132	96.364	220	8	0	1	220	1	220	2.48e-154	426
42P1R1A12_03372	42P1R1A12_03372	100.000	1301	0	0	1	1301	1	1301	0.0	2669
42P1R1A12_03372	31P2R1A5_00230	95.766	1299	55	0	1	1299	1	1299	0.0	2563
42P1R1A12_03373	42P1R1A12_03373	100.000	202	0	0	1	202	1	202	3.09e-147	407
42P1R1A12_03373	31P2R1A5_00229	96.535	202	7	0	1	202	1	202	4.25e-141	391
42P1R1A12_03374	42P1R1A12_03374	100.000	136	0	0	1	136	1	136	5.83e-99	280
42P1R1A12_03374	54P2R2A3_02824	96.324	136	5	0	1	136	1	136	6.65e-95	269
42P1R1A12_03375	42P1R1A12_03375	100.000	199	0	0	1	199	1	199	1.81e-147	407
42P1R1A12_03375	51P2R2A10_01136	97.990	199	4	0	1	199	1	199	4.42e-144	399
42P1R1A12_03376	42P1R1A12_03376	100.000	312	0	0	1	312	1	312	0.0	627
42P1R1A12_03376	51P2R2A10_01137	97.756	312	7	0	1	312	1	312	0.0	617
42P1R1A12_03376	31P2R1A5_00225	95.192	312	15	0	1	312	1	312	0.0	580
42P1R1A12_03377	42P1R1A12_03377	100.000	439	0	0	1	439	1	439	0.0	912
42P1R1A12_03378	42P1R1A12_03378	100.000	402	0	0	1	402	1	402	0.0	806
42P1R1A12_03379	42P1R1A12_03379	100.000	141	0	0	1	141	1	141	3.26e-104	293
42P1R1A12_03379	51P2R2A10_01140	95.035	141	7	0	1	141	1	141	1.73e-99	281
42P1R1A12_03380	42P1R1A12_03380	100.000	474	0	0	1	474	1	474	0.0	956
42P1R1A12_03381	42P1R1A12_03381	100.000	263	0	0	1	263	1	263	0.0	530
42P1R1A12_03381	51P2R2A10_01142	97.719	263	6	0	1	263	1	263	0.0	517
42P1R1A12_03382	42P1R1A12_03382	100.000	256	0	0	1	256	1	256	0.0	511
42P1R1A12_03382	51P2R2A10_01143	95.703	256	11	0	1	256	1	256	3.76e-178	489
42P1R1A12_03383	42P1R1A12_03383	100.000	357	0	0	1	357	1	357	0.0	726
42P1R1A12_03384	42P1R1A12_03384	100.000	166	0	0	1	166	1	166	1.63e-122	342
42P1R1A12_03385	42P1R1A12_03385	100.000	252	0	0	1	252	1	252	0.0	505
42P1R1A12_03386	42P1R1A12_03386	100.000	96	0	0	1	96	1	96	1.01e-69	202
42P1R1A12_03386	31P2R1A5_00215	97.917	96	2	0	1	96	1	96	1.76e-67	197
42P1R1A12_03386	51P2R2A10_01147	95.833	96	4	0	1	96	1	96	1.81e-66	194
42P1R1A12_03387	42P1R1A12_03387	100.000	310	0	0	1	310	1	310	0.0	647
42P1R1A12_03387	51P2R2A10_01148	96.452	310	11	0	1	310	1	310	0.0	625
42P1R1A12_03387	31P2R1A5_00214	95.161	310	15	0	1	310	1	310	0.0	620
42P1R1A12_03388	42P1R1A12_03388	100.000	682	0	0	1	682	1	682	0.0	1395
42P1R1A12_03388	51P2R2A10_01149	96.628	682	23	0	1	682	1	682	0.0	1353
42P1R1A12_03389	42P1R1A12_03389	100.000	753	0	0	1	753	1	753	0.0	1552
42P1R1A12_03390	42P1R1A12_03390	100.000	111	0	0	1	111	1	111	4.04e-77	222
42P1R1A12_03390	51P2R2A10_01151	95.495	111	5	0	1	111	1	111	1.32e-73	213
42P1R1A12_03391	42P1R1A12_03391	100.000	300	0	0	1	300	1	300	0.0	615
42P1R1A12_03392	42P1R1A12_03392	100.000	109	0	0	1	109	1	109	2.22e-77	223
42P1R1A12_03393	42P1R1A12_03393	100.000	218	0	0	1	218	1	218	1.08e-154	427
42P1R1A12_03394	42P1R1A12_03394	100.000	53	0	0	1	53	1	53	1.61e-33	108
42P1R1A12_03395	42P1R1A12_03395	100.000	288	0	0	1	288	1	288	0.0	593
42P1R1A12_03396	42P1R1A12_03396	100.000	292	0	0	1	292	1	292	0.0	584
42P1R1A12_03396	51P2R2A10_01152	95.890	292	12	0	1	292	1	292	0.0	542
42P1R1A12_03397	42P1R1A12_03397	100.000	202	0	0	1	202	1	202	1.21e-148	410
42P1R1A12_03397	51P2R2A10_01153	96.535	202	7	0	1	202	1	202	8.53e-144	398
42P1R1A12_03398	42P1R1A12_03398	100.000	270	0	0	1	270	1	270	0.0	557
42P1R1A12_03399	42P1R1A12_03399	100.000	130	0	0	1	130	1	130	8.94e-95	268
42P1R1A12_03400	42P1R1A12_03400	100.000	350	0	0	1	350	1	350	0.0	730
42P1R1A12_03401	42P1R1A12_03401	100.000	330	0	0	1	330	1	330	0.0	674
42P1R1A12_03402	42P1R1A12_03402	100.000	304	0	0	1	304	1	304	0.0	620
42P1R1A12_03403	42P1R1A12_03403	100.000	62	0	0	1	62	1	62	1.59e-41	129
42P1R1A12_03404	42P1R1A12_03404	100.000	151	0	0	1	151	1	151	1.35e-111	313
42P1R1A12_03405	42P1R1A12_03405	100.000	360	0	0	1	360	1	360	0.0	742
42P1R1A12_03406	42P1R1A12_03406	100.000	311	0	0	1	311	1	311	0.0	645
42P1R1A12_03407	42P1R1A12_03407	100.000	327	0	0	1	327	1	327	0.0	669
42P1R1A12_03407	44P3R3A6_00403	95.719	327	14	0	1	327	1	327	0.0	647
42P1R1A12_03407	51P2R2A10_01167	95.719	327	14	0	1	327	1	327	0.0	640
42P1R1A12_03408	42P1R1A12_03408	100.000	337	0	0	1	337	1	337	0.0	684
42P1R1A12_03409	42P1R1A12_03409	100.000	324	0	0	1	324	1	324	0.0	647
42P1R1A12_03410	42P1R1A12_03410	100.000	256	0	0	1	256	1	256	0.0	528
42P1R1A12_03411	42P1R1A12_03411	100.000	481	0	0	1	481	1	481	0.0	944
42P1R1A12_03412	42P1R1A12_03412	100.000	269	0	0	1	269	1	269	0.0	560
42P1R1A12_03413	42P1R1A12_03413	100.000	249	0	0	1	249	1	249	0.0	514
42P1R1A12_03414	42P1R1A12_03414	100.000	230	0	0	1	230	1	230	3.59e-173	475
42P1R1A12_03415	42P1R1A12_03415	100.000	207	0	0	1	207	1	207	3.04e-157	432
42P1R1A12_03416	42P1R1A12_03416	100.000	160	0	0	1	160	1	160	2.30e-117	328
42P1R1A12_03416	18P3R3A11_00262	98.101	158	3	0	1	158	1	158	2.42e-114	320
42P1R1A12_03417	42P1R1A12_03417	100.000	184	0	0	1	184	1	184	7.92e-133	369
42P1R1A12_03417	42P1R1A12_05151	95.109	184	9	0	1	184	1	184	8.08e-128	356
42P1R1A12_03418	42P1R1A12_03418	100.000	140	0	0	1	140	1	140	1.50e-100	284
42P1R1A12_03419	42P1R1A12_03419	100.000	422	0	0	1	422	1	422	0.0	881
42P1R1A12_03419	31P2R1A5_05179	97.156	422	12	0	1	422	1	422	0.0	862
42P1R1A12_03419	54P2R2A3_02951	97.156	422	12	0	1	422	1	422	0.0	862
42P1R1A12_03419	44P3R3A6_03107	97.487	398	10	0	1	398	1	398	0.0	814
42P1R1A12_03420	42P1R1A12_03420	100.000	169	0	0	1	169	1	169	9.14e-126	350
42P1R1A12_03421	42P1R1A12_03421	100.000	226	0	0	1	226	1	226	1.95e-170	468
42P1R1A12_03423	42P1R1A12_03423	100.000	587	0	0	1	587	1	587	0.0	1201
42P1R1A12_03424	42P1R1A12_03424	100.000	88	0	0	1	88	1	88	4.75e-60	177
42P1R1A12_03425	42P1R1A12_03425	100.000	336	0	0	1	336	1	336	0.0	686
42P1R1A12_03425	31P2R1A5_05184	96.429	336	12	0	1	336	1	336	0.0	662
42P1R1A12_03426	42P1R1A12_03426	100.000	253	0	0	1	253	1	253	0.0	501
42P1R1A12_03427	42P1R1A12_03427	100.000	198	0	0	1	198	1	198	2.39e-145	402
42P1R1A12_03427	51P2R2A10_03539	97.475	198	5	0	1	198	1	198	4.59e-141	391
42P1R1A12_03428	42P1R1A12_03428	100.000	95	0	0	1	95	1	95	7.14e-67	195
42P1R1A12_03428	51P2R2A10_03538	95.789	95	4	0	1	95	1	95	7.85e-65	190
42P1R1A12_03429	42P1R1A12_03429	100.000	586	0	0	1	586	1	586	0.0	1216
42P1R1A12_03429	31P2R1A5_05190	95.051	586	29	0	1	586	1	586	0.0	1164
42P1R1A12_03429	54P2R2A3_00560	95.222	586	28	0	1	586	1	586	0.0	1164
42P1R1A12_03430	42P1R1A12_03430	100.000	240	0	0	1	240	1	240	0.0	495
42P1R1A12_03430	51P2R2A10_03536	95.417	240	11	0	1	240	1	240	6.51e-174	478
42P1R1A12_03431	42P1R1A12_03431	100.000	399	0	0	1	399	1	399	0.0	791
42P1R1A12_03432	42P1R1A12_03432	100.000	115	0	0	1	115	1	115	3.81e-82	235
42P1R1A12_03433	42P1R1A12_03433	100.000	530	0	0	1	530	1	530	0.0	1059
42P1R1A12_03433	51P2R2A10_03533	97.925	530	11	0	1	530	11	540	0.0	1038
42P1R1A12_03434	42P1R1A12_03434	100.000	342	0	0	1	342	1	342	0.0	681
42P1R1A12_03435	42P1R1A12_03435	100.000	365	0	0	1	365	1	365	0.0	721
42P1R1A12_03435	34P3R2A10_02874	95.436	241	11	0	125	365	1	241	3.68e-161	451
42P1R1A12_03436	42P1R1A12_03436	100.000	609	0	0	1	609	1	609	0.0	1251
42P1R1A12_03436	51P2R2A10_03530	96.711	608	20	0	2	609	30	637	0.0	1210
42P1R1A12_03437	42P1R1A12_03437	100.000	521	0	0	1	521	1	521	0.0	1070
42P1R1A12_03437	51P2R2A10_03529	95.010	521	26	0	1	521	1	521	0.0	1002
42P1R1A12_03438	42P1R1A12_03438	100.000	190	0	0	1	190	1	190	1.61e-140	389
42P1R1A12_03438	31P2R1A5_05199	96.842	190	6	0	1	190	1	190	2.57e-136	378
42P1R1A12_03439	42P1R1A12_03439	100.000	236	0	0	1	236	1	236	6.50e-173	475
42P1R1A12_03439	51P2R2A10_03527	97.034	236	7	0	1	236	1	236	8.90e-168	462
42P1R1A12_03440	42P1R1A12_03440	100.000	326	0	0	1	326	1	326	0.0	663
42P1R1A12_03440	51P2R2A10_03526	96.012	326	13	0	1	326	1	326	0.0	639
42P1R1A12_03441	42P1R1A12_03441	100.000	489	0	0	1	489	1	489	0.0	1005
42P1R1A12_03441	51P2R2A10_03525	95.501	489	22	0	1	489	1	489	0.0	961
42P1R1A12_03442	42P1R1A12_03442	100.000	191	0	0	1	191	1	191	8.41e-141	390
42P1R1A12_03443	42P1R1A12_03443	100.000	84	0	0	1	84	1	84	5.83e-57	169
42P1R1A12_03443	51P2R2A10_03523	95.181	83	4	0	1	83	1	83	2.44e-54	163
42P1R1A12_03444	42P1R1A12_03444	100.000	398	0	0	1	398	1	398	0.0	801
42P1R1A12_03444	51P2R2A10_03522	97.990	398	8	0	1	398	1	398	0.0	789
42P1R1A12_03445	42P1R1A12_03445	100.000	377	0	0	1	377	1	377	0.0	753
42P1R1A12_03447	42P1R1A12_03447	100.000	563	0	0	1	563	1	563	0.0	1107
42P1R1A12_03448	42P1R1A12_03448	100.000	312	0	0	1	312	1	312	0.0	646
42P1R1A12_03448	51P2R2A10_03518	96.154	312	12	0	1	312	1	312	0.0	622
42P1R1A12_03449	42P1R1A12_03449	100.000	312	0	0	1	312	1	312	0.0	629
42P1R1A12_03450	42P1R1A12_03450	100.000	417	0	0	1	417	1	417	0.0	811
42P1R1A12_03451	42P1R1A12_03451	100.000	364	0	0	1	364	1	364	0.0	751
42P1R1A12_03451	51P2R2A10_03515	96.100	359	14	0	1	359	1	359	0.0	714
42P1R1A12_03452	42P1R1A12_03452	100.000	286	0	0	1	286	1	286	0.0	589
42P1R1A12_03453	42P1R1A12_03453	100.000	350	0	0	1	350	1	350	0.0	686
42P1R1A12_03453	31P2R1A5_05095	95.143	350	17	0	1	350	1	350	0.0	615
42P1R1A12_03454	42P1R1A12_03454	100.000	289	0	0	1	289	1	289	0.0	578
42P1R1A12_03455	42P1R1A12_03455	100.000	490	0	0	1	490	1	490	0.0	980
42P1R1A12_03455	31P2R1A5_05093	95.102	490	24	0	1	490	1	490	0.0	944
42P1R1A12_03456	42P1R1A12_03456	100.000	658	0	0	1	658	1	658	0.0	1351
42P1R1A12_03457	42P1R1A12_03457	100.000	53	0	0	1	53	1	53	1.22e-33	108
42P1R1A12_03458	42P1R1A12_03458	100.000	65	0	0	1	65	1	65	3.16e-44	135
42P1R1A12_03459	42P1R1A12_03459	100.000	37	0	0	1	37	1	37	9.44e-22	77.4
42P1R1A12_03460	42P1R1A12_03460	100.000	279	0	0	1	279	1	279	0.0	580
42P1R1A12_03460	51P2R2A10_03509	97.491	279	7	0	1	279	1	279	0.0	566
42P1R1A12_03461	42P1R1A12_03461	100.000	223	0	0	1	223	1	223	7.45e-167	458
42P1R1A12_03461	31P2R1A5_05090	95.964	223	9	0	1	223	1	223	2.71e-154	427
42P1R1A12_03461	38P2R3A13_01389	95.516	223	10	0	1	223	1	223	5.35e-154	426
42P1R1A12_03461	18P3R3A11_04200	95.516	223	10	0	1	223	1	223	2.06e-153	424
42P1R1A12_03462	42P1R1A12_03462	100.000	386	0	0	1	386	1	386	0.0	763
42P1R1A12_03462	51P2R2A10_03507	96.891	386	12	0	1	386	1	386	0.0	744
42P1R1A12_03463	42P1R1A12_03463	100.000	341	0	0	1	341	1	341	0.0	698
42P1R1A12_03464	42P1R1A12_03464	100.000	333	0	0	1	333	1	333	0.0	669
42P1R1A12_03464	31P2R1A5_05087	96.096	333	13	0	1	333	1	333	0.0	648
42P1R1A12_03464	18P3R3A11_04197	95.195	333	16	0	1	333	1	333	0.0	641
42P1R1A12_03465	42P1R1A12_03465	100.000	507	0	0	1	507	1	507	0.0	1037
42P1R1A12_03465	31P2R1A5_05086	97.436	507	13	0	1	507	1	507	0.0	1017
42P1R1A12_03465	34P3R2A10_04484	95.528	492	22	0	16	507	1	492	0.0	968
42P1R1A12_03465	43P2R2A2_03513	95.433	416	19	0	92	507	1	416	0.0	817
42P1R1A12_03467	42P1R1A12_03467	100.000	239	0	0	1	239	1	239	3.53e-178	488
42P1R1A12_03467	31P2R1A5_05082	95.397	239	10	1	1	238	1	239	2.17e-157	436
42P1R1A12_03468	42P1R1A12_03468	100.000	295	0	0	1	295	1	295	0.0	600
42P1R1A12_03468	51P2R2A10_03498	97.966	295	6	0	1	295	1	295	0.0	587
42P1R1A12_03469	42P1R1A12_03469	100.000	232	0	0	1	232	1	232	4.00e-166	457
42P1R1A12_03470	42P1R1A12_03470	100.000	133	0	0	1	133	1	133	3.20e-91	259
42P1R1A12_03470	51P2R2A10_03496	96.241	133	5	0	1	133	1	133	1.78e-88	253
42P1R1A12_03471	42P1R1A12_03471	100.000	306	0	0	1	306	1	306	0.0	623
42P1R1A12_03472	42P1R1A12_03472	100.000	453	0	0	1	453	1	453	0.0	891
42P1R1A12_03472	51P2R2A10_03494	97.792	453	10	0	1	453	1	453	0.0	877
42P1R1A12_03473	42P1R1A12_03473	100.000	346	0	0	1	346	1	346	0.0	723
42P1R1A12_03473	51P2R2A10_03493	95.376	346	16	0	1	346	1	346	0.0	696
42P1R1A12_03474	42P1R1A12_03474	100.000	233	0	0	1	233	1	233	3.10e-175	480
42P1R1A12_03475	42P1R1A12_03475	100.000	215	0	0	1	215	1	215	1.22e-161	444
42P1R1A12_03476	42P1R1A12_03476	100.000	398	0	0	1	398	1	398	0.0	816
42P1R1A12_03477	42P1R1A12_03477	100.000	313	0	0	1	313	1	313	0.0	640
42P1R1A12_03478	42P1R1A12_03478	100.000	278	0	0	1	278	1	278	0.0	568
42P1R1A12_03479	42P1R1A12_03479	100.000	620	0	0	1	620	1	620	0.0	1236
42P1R1A12_03479	51P2R2A10_03487	96.452	620	22	0	1	620	1	620	0.0	1178
42P1R1A12_03480	42P1R1A12_03480	100.000	465	0	0	1	465	1	465	0.0	966
42P1R1A12_03480	51P2R2A10_03486	97.849	465	10	0	1	465	1	465	0.0	951
42P1R1A12_03481	42P1R1A12_03481	100.000	245	0	0	1	245	1	245	0.0	505
42P1R1A12_03482	42P1R1A12_03482	100.000	480	0	0	1	480	1	480	0.0	972
42P1R1A12_03483	42P1R1A12_03483	100.000	190	0	0	1	190	1	190	1.34e-133	372
42P1R1A12_03484	42P1R1A12_03484	100.000	196	0	0	1	196	1	196	1.26e-140	390
42P1R1A12_03485	42P1R1A12_03485	100.000	316	0	0	1	316	1	316	0.0	650
42P1R1A12_03485	31P2R1A5_05069	95.886	316	13	0	1	316	2	317	0.0	608
42P1R1A12_03486	42P1R1A12_03486	100.000	185	0	0	1	185	1	185	1.38e-136	379
42P1R1A12_03487	42P1R1A12_03487	100.000	581	0	0	1	581	1	581	0.0	1212
42P1R1A12_03487	51P2R2A10_03479	97.762	581	13	0	1	581	1	581	0.0	1186
42P1R1A12_03488	42P1R1A12_03488	100.000	766	0	0	1	766	1	766	0.0	1575
42P1R1A12_03488	31P2R1A5_00768	95.561	766	34	0	1	766	1	766	0.0	1504
42P1R1A12_03489	42P1R1A12_03489	100.000	306	0	0	1	306	1	306	0.0	610
42P1R1A12_03490	42P1R1A12_03490	100.000	386	0	0	1	386	1	386	0.0	714
42P1R1A12_03491	42P1R1A12_03491	100.000	316	0	0	1	316	1	316	0.0	633
42P1R1A12_03491	51P2R2A10_03475	96.835	316	10	0	1	316	1	316	0.0	617
42P1R1A12_03492	42P1R1A12_03492	100.000	246	0	0	1	246	1	246	4.81e-172	473
42P1R1A12_03492	51P2R2A10_03474	96.341	246	9	0	1	246	1	246	4.28e-166	458
42P1R1A12_03493	42P1R1A12_03493	100.000	38	0	0	1	38	1	38	4.89e-19	70.5
42P1R1A12_03494	42P1R1A12_03494	100.000	253	0	0	1	253	1	253	0.0	514
42P1R1A12_03495	42P1R1A12_03495	100.000	563	0	0	1	563	1	563	0.0	1153
42P1R1A12_03495	31P2R1A5_00774	95.204	563	27	0	1	563	13	575	0.0	1057
42P1R1A12_03496	42P1R1A12_03496	100.000	240	0	0	1	240	1	240	7.13e-179	490
42P1R1A12_03497	42P1R1A12_03497	100.000	156	0	0	1	156	1	156	2.15e-114	320
42P1R1A12_03497	51P2R2A10_03469	96.154	156	6	0	1	156	1	156	9.15e-110	308
42P1R1A12_03498	42P1R1A12_03498	100.000	156	0	0	1	156	1	156	4.83e-116	324
42P1R1A12_03498	51P2R2A10_03468	95.425	153	7	0	1	153	1	153	8.85e-109	306
42P1R1A12_03499	42P1R1A12_03499	100.000	681	0	0	1	681	1	681	0.0	1424
42P1R1A12_03499	31P2R1A5_00777	96.329	681	25	0	1	681	1	681	0.0	1380
42P1R1A12_03499	47P2R3A6_00361	95.280	678	32	0	4	681	1	678	0.0	1366
42P1R1A12_03500	42P1R1A12_03500	100.000	370	0	0	1	370	1	370	0.0	761
42P1R1A12_03500	31P2R1A5_00778	95.405	370	17	0	1	370	1	370	0.0	720
42P1R1A12_03501	42P1R1A12_03501	100.000	110	0	0	1	110	1	110	1.03e-77	224
42P1R1A12_03502	42P1R1A12_03502	100.000	106	0	0	1	106	1	106	1.15e-76	221
42P1R1A12_03503	42P1R1A12_03503	100.000	307	0	0	1	307	1	307	0.0	618
42P1R1A12_03503	51P2R2A10_03457	95.114	307	15	0	1	307	1	307	0.0	591
42P1R1A12_03504	42P1R1A12_03504	100.000	448	0	0	1	448	1	448	0.0	868
42P1R1A12_03505	42P1R1A12_03505	100.000	604	0	0	1	604	1	604	0.0	1215
42P1R1A12_03506	42P1R1A12_03506	100.000	312	0	0	1	312	1	312	0.0	625
42P1R1A12_03506	51P2R2A10_03454	97.749	311	7	0	1	311	1	311	0.0	612
42P1R1A12_03507	42P1R1A12_03507	100.000	659	0	0	1	659	1	659	0.0	1351
42P1R1A12_03508	42P1R1A12_03508	100.000	258	0	0	1	258	1	258	0.0	508
42P1R1A12_03509	42P1R1A12_03509	100.000	267	0	0	1	267	1	267	0.0	543
42P1R1A12_03511	42P1R1A12_03511	100.000	536	0	0	1	536	1	536	0.0	1095
42P1R1A12_03511	51P2R2A10_03449	95.709	536	23	0	1	536	1	536	0.0	1037
42P1R1A12_03512	42P1R1A12_03512	100.000	250	0	0	1	250	1	250	0.0	506
42P1R1A12_03512	54P2R2A3_04542	98.000	250	5	0	1	250	1	250	0.0	498
42P1R1A12_03512	51P2R2A10_03448	96.800	250	8	0	1	250	1	250	3.07e-180	494
42P1R1A12_03513	42P1R1A12_03513	100.000	334	0	0	1	334	1	334	0.0	687
42P1R1A12_03514	42P1R1A12_03514	100.000	314	0	0	1	314	1	314	0.0	649
42P1R1A12_03515	42P1R1A12_03515	100.000	456	0	0	1	456	1	456	0.0	951
42P1R1A12_03515	51P2R2A10_03445	95.833	456	19	0	1	456	1	456	0.0	921
42P1R1A12_03515	31P2R1A5_00790	95.175	456	22	0	1	456	1	456	0.0	913
42P1R1A12_03516	42P1R1A12_03516	100.000	488	0	0	1	488	1	488	0.0	1005
42P1R1A12_03516	51P2R2A10_03444	96.721	488	16	0	1	488	1	488	0.0	981
42P1R1A12_03517	42P1R1A12_03517	100.000	426	0	0	1	426	1	426	0.0	845
42P1R1A12_03517	31P2R1A5_00792	96.009	426	17	0	1	426	1	426	0.0	823
42P1R1A12_03518	42P1R1A12_03518	100.000	221	0	0	1	221	1	221	5.95e-163	448
42P1R1A12_03520	42P1R1A12_03520	100.000	557	0	0	1	557	1	557	0.0	1149
42P1R1A12_03520	54P2R2A3_04550	96.230	557	21	0	1	557	1	557	0.0	1110
42P1R1A12_03520	31P2R1A5_00795	96.858	541	17	0	17	557	1	541	0.0	1085
42P1R1A12_03520	51P2R2A10_03440	96.673	541	18	0	17	557	1	541	0.0	1085
42P1R1A12_03523	42P1R1A12_03523	100.000	288	0	0	1	288	1	288	0.0	587
42P1R1A12_03523	31P2R1A5_00798	96.181	288	11	0	1	288	1	288	0.0	565
42P1R1A12_03523	51P2R2A10_03437	96.528	288	10	0	1	288	1	288	0.0	563
42P1R1A12_03524	42P1R1A12_03524	100.000	258	0	0	1	258	1	258	0.0	526
42P1R1A12_03524	31P2R1A5_00799	96.512	258	9	0	1	258	1	258	0.0	508
42P1R1A12_03524	51P2R2A10_03436	96.512	258	9	0	1	258	1	258	0.0	506
42P1R1A12_03524	54P2R2A3_04554	95.736	258	11	0	1	258	1	258	0.0	503
42P1R1A12_03525	42P1R1A12_03525	100.000	267	0	0	1	267	1	267	0.0	556
42P1R1A12_03526	42P1R1A12_03526	100.000	129	0	0	1	129	1	129	4.50e-94	266
42P1R1A12_03527	42P1R1A12_03527	100.000	237	0	0	1	237	1	237	3.58e-177	486
42P1R1A12_03527	51P2R2A10_04955	97.890	237	5	0	1	237	313	549	5.05e-170	479
42P1R1A12_03528	42P1R1A12_03528	100.000	389	0	0	1	389	1	389	0.0	801
42P1R1A12_03528	51P2R2A10_04954	96.401	389	14	0	1	389	1	389	0.0	745
42P1R1A12_03529	42P1R1A12_03529	100.000	240	0	0	1	240	1	240	9.26e-180	492
42P1R1A12_03530	42P1R1A12_03530	100.000	196	0	0	1	196	1	196	1.20e-145	402
42P1R1A12_03531	42P1R1A12_03531	100.000	222	0	0	1	222	1	222	1.16e-169	465
42P1R1A12_03531	51P2R2A10_04952	96.396	222	8	0	1	222	1	222	8.45e-164	451
42P1R1A12_03532	42P1R1A12_03532	100.000	446	0	0	1	446	1	446	0.0	870
42P1R1A12_03532	31P2R1A5_04746	97.309	446	12	0	1	446	1	446	0.0	853
42P1R1A12_03532	34P3R2A10_03839	95.150	433	21	0	14	446	1	433	0.0	793
42P1R1A12_03533	42P1R1A12_03533	100.000	189	0	0	1	189	1	189	3.29e-138	383
42P1R1A12_03534	42P1R1A12_03534	100.000	246	0	0	1	246	1	246	0.0	506
42P1R1A12_03534	51P2R2A10_04949	95.122	246	12	0	1	246	1	246	5.46e-175	481
42P1R1A12_03535	42P1R1A12_03535	100.000	320	0	0	1	320	1	320	0.0	653
42P1R1A12_03536	42P1R1A12_03536	100.000	395	0	0	1	395	1	395	0.0	782
42P1R1A12_03536	51P2R2A10_04947	95.443	395	17	1	1	395	1	394	0.0	747
42P1R1A12_03537	42P1R1A12_03537	100.000	136	0	0	1	136	1	136	6.31e-98	277
42P1R1A12_03538	42P1R1A12_03538	100.000	181	0	0	1	181	1	181	8.02e-127	353
42P1R1A12_03539	42P1R1A12_03539	100.000	240	0	0	1	240	1	240	6.31e-180	493
42P1R1A12_03540	42P1R1A12_03540	100.000	867	0	0	1	867	1	867	0.0	1773
42P1R1A12_03541	42P1R1A12_03541	100.000	348	0	0	1	348	1	348	0.0	701
42P1R1A12_03542	42P1R1A12_03542	100.000	167	0	0	1	167	1	167	1.30e-118	332
42P1R1A12_03543	42P1R1A12_03543	100.000	455	0	0	1	455	1	455	0.0	909
42P1R1A12_03544	42P1R1A12_03544	100.000	549	0	0	1	549	1	549	0.0	1131
42P1R1A12_03544	31P2R1A5_04739	95.628	549	24	0	1	549	1	549	0.0	1056
42P1R1A12_03545	42P1R1A12_03545	100.000	109	0	0	1	109	1	109	1.35e-76	221
42P1R1A12_03545	38P2R3A13_03346	97.248	109	3	0	1	109	1	109	3.05e-74	215
42P1R1A12_03545	47P2R3A6_03762	96.330	109	4	0	1	109	1	109	4.75e-73	212
42P1R1A12_03545	18P3R3A11_02919	95.413	109	5	0	1	109	1	109	8.58e-73	211
42P1R1A12_03545	10P3R2A13_03282	95.413	109	5	0	1	109	1	109	5.37e-72	209
42P1R1A12_03548	42P1R1A12_03548	100.000	358	0	0	1	358	1	358	0.0	736
42P1R1A12_03548	31P2R1A5_04735	96.648	358	12	0	1	358	1	358	0.0	717
42P1R1A12_03549	42P1R1A12_03549	100.000	805	0	0	1	805	1	805	0.0	1666
42P1R1A12_03549	31P2R1A5_04734	96.025	805	32	0	1	805	1	805	0.0	1586
42P1R1A12_03549	10P3R2A13_03277	95.280	805	38	0	1	805	1	805	0.0	1568
42P1R1A12_03549	43P2R2A2_04869	97.468	79	2	0	727	805	1	79	2.03e-46	159
42P1R1A12_03550	42P1R1A12_03550	100.000	312	0	0	1	312	1	312	0.0	634
42P1R1A12_03550	51P2R2A10_04932	95.833	312	13	0	1	312	1	312	0.0	609
42P1R1A12_03551	42P1R1A12_03551	100.000	342	0	0	1	342	1	342	0.0	694
42P1R1A12_03551	51P2R2A10_04931	97.076	342	10	0	1	342	1	342	0.0	672
42P1R1A12_03552	42P1R1A12_03552	100.000	271	0	0	1	271	1	271	0.0	550
42P1R1A12_03552	31P2R1A5_04733	95.167	269	13	0	1	269	1	269	0.0	513
42P1R1A12_03553	42P1R1A12_03553	100.000	230	0	0	1	230	1	230	5.89e-172	472
42P1R1A12_03554	42P1R1A12_03554	100.000	292	0	0	1	292	1	292	0.0	594
42P1R1A12_03555	42P1R1A12_03555	100.000	206	0	0	1	206	1	206	4.88e-150	414
42P1R1A12_03556	42P1R1A12_03556	100.000	383	0	0	1	383	1	383	0.0	783
42P1R1A12_03556	54P2R2A3_04124	95.300	383	18	0	1	383	1	383	0.0	756
42P1R1A12_03556	18P3R3A11_02930	95.300	383	18	0	1	383	1	383	0.0	752
42P1R1A12_03557	42P1R1A12_03557	100.000	431	0	0	1	431	1	431	0.0	862
42P1R1A12_03558	42P1R1A12_03558	100.000	409	0	0	1	409	1	409	0.0	841
42P1R1A12_03559	42P1R1A12_03559	100.000	151	0	0	1	151	1	151	3.48e-109	306
42P1R1A12_03559	51P2R2A10_04922	96.063	127	5	0	25	151	56	182	1.83e-85	248
42P1R1A12_03561	42P1R1A12_03561	100.000	143	0	0	1	143	1	143	1.78e-104	294
42P1R1A12_03561	31P2R1A5_04727	95.105	143	7	0	1	143	1	143	1.04e-99	282
42P1R1A12_03562	42P1R1A12_03562	100.000	554	0	0	1	554	1	554	0.0	1093
42P1R1A12_03563	42P1R1A12_03563	100.000	249	0	0	1	249	1	249	0.0	509
42P1R1A12_03563	51P2R2A10_04917	96.787	249	8	0	1	249	1	249	0.0	496
42P1R1A12_03564	42P1R1A12_03564	100.000	541	0	0	1	541	1	541	0.0	1092
42P1R1A12_03564	31P2R1A5_04724	95.194	541	26	0	1	541	1	541	0.0	1050
42P1R1A12_03565	42P1R1A12_03565	100.000	441	0	0	1	441	1	441	0.0	920
42P1R1A12_03565	31P2R1A5_04723	97.279	441	12	0	1	441	1	441	0.0	899
42P1R1A12_03566	42P1R1A12_03566	100.000	116	0	0	1	116	1	116	1.56e-78	226
42P1R1A12_03567	42P1R1A12_03567	100.000	121	0	0	1	121	1	121	5.39e-86	246
42P1R1A12_03568	42P1R1A12_03568	100.000	177	0	0	1	177	1	177	1.41e-131	365
42P1R1A12_03569	42P1R1A12_03569	100.000	443	0	0	1	443	1	443	0.0	911
42P1R1A12_03569	51P2R2A10_04911	96.614	443	15	0	1	443	1	443	0.0	882
42P1R1A12_03570	42P1R1A12_03570	100.000	446	0	0	1	446	1	446	0.0	868
42P1R1A12_03571	42P1R1A12_03571	100.000	310	0	0	1	310	1	310	0.0	645
42P1R1A12_03571	51P2R2A10_04909	95.806	310	13	0	1	310	1	310	0.0	617
42P1R1A12_03572	42P1R1A12_03572	100.000	395	0	0	1	395	1	395	0.0	775
42P1R1A12_03572	31P2R1A5_04716	95.190	395	19	0	1	395	1	395	0.0	661
42P1R1A12_03573	42P1R1A12_03573	100.000	278	0	0	1	278	1	278	0.0	546
42P1R1A12_03573	51P2R2A10_04907	95.683	278	12	0	1	278	1	278	0.0	504
42P1R1A12_03574	42P1R1A12_03574	100.000	149	0	0	1	149	1	149	2.77e-109	306
42P1R1A12_03575	42P1R1A12_03575	100.000	30	0	0	1	30	1	30	1.64e-12	53.5
42P1R1A12_03577	42P1R1A12_03577	100.000	563	0	0	1	563	1	563	0.0	1149
42P1R1A12_03577	51P2R2A10_04903	97.513	563	14	0	1	563	1	563	0.0	1121
42P1R1A12_03578	42P1R1A12_03578	100.000	97	0	0	1	97	1	97	9.47e-69	200
42P1R1A12_03579	42P1R1A12_03579	100.000	198	0	0	1	198	1	198	1.20e-143	397
42P1R1A12_03579	31P2R1A5_04709	96.970	198	6	0	1	198	1	198	5.65e-141	391
42P1R1A12_03580	42P1R1A12_03580	100.000	501	0	0	1	501	1	501	0.0	986
42P1R1A12_03580	51P2R2A10_04899	97.405	501	13	0	1	501	1	501	0.0	964
42P1R1A12_03581	42P1R1A12_03581	100.000	440	0	0	1	440	1	440	0.0	880
42P1R1A12_03582	42P1R1A12_03582	100.000	464	0	0	1	464	1	464	0.0	935
42P1R1A12_03582	31P2R1A5_04706	97.414	464	12	0	1	464	1	464	0.0	917
42P1R1A12_03582	10P3R2A13_04225	95.043	464	23	0	1	464	1	464	0.0	868
42P1R1A12_03582	18P3R3A11_02958	96.070	458	18	0	1	458	1	458	0.0	844
42P1R1A12_03583	42P1R1A12_03583	100.000	151	0	0	1	151	1	151	1.84e-108	305
42P1R1A12_03583	51P2R2A10_04896	97.351	151	4	0	1	151	1	151	3.14e-106	299
42P1R1A12_03584	42P1R1A12_03584	100.000	108	0	0	1	108	1	108	3.78e-77	222
42P1R1A12_03585	42P1R1A12_03585	100.000	120	0	0	1	120	1	120	2.81e-85	244
42P1R1A12_03586	42P1R1A12_03586	100.000	394	0	0	1	394	1	394	0.0	764
42P1R1A12_03586	51P2R2A10_04893	97.716	394	9	0	1	394	1	394	0.0	751
42P1R1A12_03587	42P1R1A12_03587	100.000	270	0	0	1	270	1	270	0.0	544
42P1R1A12_03588	42P1R1A12_03588	100.000	372	0	0	1	372	1	372	0.0	775
42P1R1A12_03589	42P1R1A12_03589	100.000	240	0	0	1	240	1	240	1.14e-180	494
42P1R1A12_03589	54P2R2A3_04088	96.667	240	8	0	1	240	1	240	2.55e-176	484
42P1R1A12_03590	42P1R1A12_03590	100.000	338	0	0	1	338	1	338	0.0	690
42P1R1A12_03591	42P1R1A12_03591	100.000	371	0	0	1	371	1	371	0.0	753
42P1R1A12_03592	42P1R1A12_03592	100.000	287	0	0	1	287	1	287	0.0	558
42P1R1A12_03593	42P1R1A12_03593	100.000	266	0	0	1	266	1	266	0.0	522
42P1R1A12_03594	42P1R1A12_03594	100.000	460	0	0	1	460	1	460	0.0	952
42P1R1A12_03594	51P2R2A10_05371	99.294	425	3	0	36	460	1	425	0.0	875
42P1R1A12_03594	44P3R3A6_04639	95.506	89	4	0	372	460	1	89	2.03e-57	184
42P1R1A12_03594	54P2R2A3_05185	95.506	89	4	0	372	460	1	89	4.63e-57	183
42P1R1A12_03594	51P2R2A10_01252	100.000	41	0	0	420	460	1	41	3.54e-21	86.3
42P1R1A12_03595	42P1R1A12_03595	100.000	101	0	0	1	101	1	101	9.61e-70	203
42P1R1A12_03595	31P2R1A5_05249	96.040	101	4	0	1	101	1	101	4.51e-66	194
42P1R1A12_03596	42P1R1A12_03596	100.000	442	0	0	1	442	1	442	0.0	887
42P1R1A12_03596	31P2R1A5_05250	97.955	440	9	0	1	440	1	440	0.0	868
42P1R1A12_03597	42P1R1A12_03597	100.000	104	0	0	1	104	1	104	2.19e-73	212
42P1R1A12_03597	51P2R2A10_04213	97.115	104	3	0	1	104	1	104	1.50e-71	207
42P1R1A12_03598	42P1R1A12_03598	100.000	314	0	0	1	314	1	314	0.0	641
42P1R1A12_03598	51P2R2A10_04212	97.452	314	8	0	1	314	1	314	0.0	626
42P1R1A12_03599	42P1R1A12_03599	100.000	98	0	0	1	98	1	98	3.46e-67	196
42P1R1A12_03600	42P1R1A12_03600	100.000	322	0	0	1	322	1	322	0.0	663
42P1R1A12_03600	51P2R2A10_04210	95.342	322	11	1	1	322	1	318	0.0	630
42P1R1A12_03601	42P1R1A12_03601	100.000	86	0	0	1	86	1	86	1.22e-55	166
42P1R1A12_03602	42P1R1A12_03602	100.000	301	0	0	1	301	1	301	0.0	589
42P1R1A12_03603	42P1R1A12_03603	100.000	103	0	0	1	103	1	103	2.01e-73	212
42P1R1A12_03604	42P1R1A12_03604	100.000	79	0	0	1	79	1	79	1.84e-53	160
42P1R1A12_03605	42P1R1A12_03605	100.000	478	0	0	1	478	1	478	0.0	948
42P1R1A12_03605	51P2R2A10_04207	96.862	478	15	0	1	478	1	478	0.0	922
42P1R1A12_03606	42P1R1A12_03606	100.000	301	0	0	1	301	1	301	0.0	611
42P1R1A12_03606	51P2R2A10_04206	97.342	301	8	0	1	301	1	301	0.0	594
42P1R1A12_03607	42P1R1A12_03607	100.000	389	0	0	1	389	1	389	0.0	758
42P1R1A12_03607	51P2R2A10_04205	96.144	389	15	0	1	389	1	389	0.0	711
42P1R1A12_03608	42P1R1A12_03608	100.000	455	0	0	1	455	1	455	0.0	914
42P1R1A12_03609	42P1R1A12_03609	100.000	1036	0	0	1	1036	1	1036	0.0	2100
42P1R1A12_03609	31P2R1A5_05266	95.174	1036	50	0	1	1036	1	1036	0.0	1942
42P1R1A12_03610	42P1R1A12_03610	100.000	375	0	0	1	375	1	375	0.0	758
42P1R1A12_03611	42P1R1A12_03611	100.000	139	0	0	1	139	1	139	4.14e-102	288
42P1R1A12_03612	42P1R1A12_03612	100.000	216	0	0	1	216	1	216	2.74e-160	441
42P1R1A12_03612	51P2R2A10_04200	95.833	216	9	0	1	216	1	216	2.77e-154	426
42P1R1A12_03613	42P1R1A12_03613	100.000	499	0	0	1	499	1	499	0.0	976
42P1R1A12_03614	42P1R1A12_03614	100.000	305	0	0	1	305	1	305	0.0	597
42P1R1A12_03614	51P2R2A10_04198	96.066	305	12	0	1	305	1	305	0.0	581
42P1R1A12_03615	42P1R1A12_03615	100.000	207	0	0	1	207	1	207	3.43e-156	430
42P1R1A12_03615	51P2R2A10_04197	95.098	204	10	0	1	204	1	204	9.95e-147	406
42P1R1A12_03616	42P1R1A12_03616	100.000	157	0	0	1	157	1	157	3.22e-116	325
42P1R1A12_03617	42P1R1A12_03617	100.000	273	0	0	1	273	1	273	0.0	554
42P1R1A12_03618	42P1R1A12_03618	100.000	287	0	0	1	287	1	287	0.0	560
42P1R1A12_03619	42P1R1A12_03619	100.000	185	0	0	1	185	1	185	2.66e-135	375
42P1R1A12_03620	42P1R1A12_03620	100.000	260	0	0	1	260	1	260	0.0	533
42P1R1A12_03620	51P2R2A10_04192	95.769	260	11	0	1	260	1	260	0.0	510
42P1R1A12_03621	42P1R1A12_03621	100.000	318	0	0	1	318	1	318	0.0	649
42P1R1A12_03622	42P1R1A12_03622	100.000	350	0	0	1	350	1	350	0.0	722
42P1R1A12_03623	42P1R1A12_03623	100.000	101	0	0	1	101	1	101	3.51e-69	201
42P1R1A12_03624	42P1R1A12_03624	100.000	336	0	0	1	336	1	336	0.0	674
42P1R1A12_03624	51P2R2A10_04189	97.917	336	7	0	1	336	1	336	0.0	661
42P1R1A12_03625	42P1R1A12_03625	100.000	156	0	0	1	156	1	156	1.06e-112	316
42P1R1A12_03625	51P2R2A10_04188	96.154	156	6	0	1	156	1	156	1.27e-108	305
42P1R1A12_03626	42P1R1A12_03626	100.000	202	0	0	1	202	1	202	8.97e-147	406
42P1R1A12_03627	42P1R1A12_03627	100.000	127	0	0	1	127	1	127	8.82e-94	266
42P1R1A12_03627	51P2R2A10_04186	97.619	126	3	0	1	126	1	126	7.61e-90	258
42P1R1A12_03629	42P1R1A12_03629	100.000	465	0	0	1	465	1	465	0.0	948
42P1R1A12_03629	51P2R2A10_04183	97.634	465	11	0	1	465	1	465	0.0	929
42P1R1A12_03629	31P2R1A5_02441	95.699	465	20	0	1	465	1	465	0.0	888
42P1R1A12_03630	42P1R1A12_03630	100.000	773	0	0	1	773	1	773	0.0	1612
42P1R1A12_03630	51P2R2A10_04182	97.930	773	16	0	1	773	1	773	0.0	1583
42P1R1A12_03631	42P1R1A12_03631	100.000	301	0	0	1	301	1	301	0.0	617
42P1R1A12_03631	51P2R2A10_04181	98.000	300	6	0	1	300	1	300	0.0	606
42P1R1A12_03632	42P1R1A12_03632	100.000	218	0	0	1	218	1	218	1.15e-160	442
42P1R1A12_03632	51P2R2A10_04181	95.872	218	9	0	1	218	307	524	8.31e-151	429
42P1R1A12_03633	42P1R1A12_03633	100.000	157	0	0	1	157	1	157	5.66e-114	319
42P1R1A12_03634	42P1R1A12_03634	100.000	105	0	0	1	105	1	105	4.21e-70	204
42P1R1A12_03635	42P1R1A12_03635	100.000	364	0	0	1	364	1	364	0.0	725
42P1R1A12_03636	42P1R1A12_03636	100.000	284	0	0	1	284	1	284	0.0	578
42P1R1A12_03637	42P1R1A12_03637	100.000	287	0	0	1	287	1	287	0.0	588
42P1R1A12_03638	42P1R1A12_03638	100.000	311	0	0	1	311	1	311	0.0	632
42P1R1A12_03638	51P2R2A10_04175	97.749	311	7	0	1	311	1	311	0.0	620
42P1R1A12_03639	42P1R1A12_03639	100.000	225	0	0	1	225	1	225	1.72e-171	470
42P1R1A12_03639	51P2R2A10_04174	97.778	225	5	0	1	225	1	225	1.62e-167	460
42P1R1A12_03640	42P1R1A12_03640	100.000	244	0	0	1	244	1	244	0.0	508
42P1R1A12_03641	42P1R1A12_03641	100.000	292	0	0	1	292	1	292	0.0	597
42P1R1A12_03642	42P1R1A12_03642	100.000	271	0	0	1	271	1	271	0.0	555
42P1R1A12_03643	42P1R1A12_03643	100.000	195	0	0	1	195	1	195	1.96e-145	402
42P1R1A12_03644	42P1R1A12_03644	100.000	359	0	0	1	359	1	359	0.0	718
42P1R1A12_03645	42P1R1A12_03645	100.000	151	0	0	1	151	1	151	9.21e-110	308
42P1R1A12_03646	42P1R1A12_03646	100.000	180	0	0	1	180	1	180	2.02e-130	363
42P1R1A12_03647	42P1R1A12_03647	100.000	362	0	0	1	362	1	362	0.0	730
42P1R1A12_03648	42P1R1A12_03648	100.000	419	0	0	1	419	1	419	0.0	848
42P1R1A12_03649	42P1R1A12_03649	100.000	591	0	0	1	591	1	591	0.0	1201
