42P1R1A12_04334	42P1R1A12_04334	100.000	299	0	0	1	299	1	299	0.0	613
42P1R1A12_04335	42P1R1A12_04335	100.000	327	0	0	1	327	1	327	0.0	645
42P1R1A12_04336	42P1R1A12_04336	100.000	277	0	0	1	277	1	277	0.0	566
42P1R1A12_04337	42P1R1A12_04337	100.000	342	0	0	1	342	1	342	0.0	697
42P1R1A12_04338	42P1R1A12_04338	100.000	210	0	0	1	210	1	210	4.14e-156	430
42P1R1A12_04338	51P2R2A10_01229	97.143	210	6	0	1	210	1	210	6.89e-153	422
42P1R1A12_04339	42P1R1A12_04339	100.000	194	0	0	1	194	1	194	3.56e-142	394
42P1R1A12_04340	42P1R1A12_04340	100.000	188	0	0	1	188	1	188	3.30e-137	380
42P1R1A12_04340	51P2R2A10_01227	97.340	188	5	0	1	188	5	192	2.75e-134	373
42P1R1A12_04341	42P1R1A12_04341	100.000	105	0	0	1	105	1	105	2.43e-73	212
42P1R1A12_04342	42P1R1A12_04342	100.000	64	0	0	1	64	1	64	2.03e-41	129
42P1R1A12_04342	51P2R2A10_01225	96.875	64	2	0	1	64	1	64	3.57e-40	125
42P1R1A12_04343	42P1R1A12_04343	100.000	65	0	0	1	65	1	65	5.33e-45	137
42P1R1A12_04344	42P1R1A12_04344	100.000	141	0	0	1	141	1	141	5.38e-102	288
42P1R1A12_04344	51P2R2A10_01223	95.745	141	6	0	1	141	1	141	5.25e-98	278
42P1R1A12_04345	42P1R1A12_04345	100.000	422	0	0	1	422	1	422	0.0	879
42P1R1A12_04346	42P1R1A12_04346	100.000	356	0	0	1	356	1	356	0.0	724
42P1R1A12_04346	51P2R2A10_01221	95.787	356	15	0	1	356	1	356	0.0	699
42P1R1A12_04347	42P1R1A12_04347	100.000	248	0	0	1	248	1	248	0.0	502
42P1R1A12_04348	42P1R1A12_04348	100.000	207	0	0	1	207	1	207	1.04e-151	419
42P1R1A12_04349	42P1R1A12_04349	100.000	328	0	0	1	328	1	328	0.0	666
42P1R1A12_04351	42P1R1A12_04351	100.000	312	0	0	1	312	1	312	0.0	646
42P1R1A12_04351	51P2R2A10_01216	97.436	312	8	0	1	312	1	312	0.0	635
42P1R1A12_04351	31P2R1A5_00186	96.154	312	12	0	1	312	1	312	0.0	627
42P1R1A12_04352	42P1R1A12_04352	100.000	91	0	0	1	91	1	91	1.50e-63	186
42P1R1A12_04353	42P1R1A12_04353	100.000	313	0	0	1	313	1	313	0.0	643
42P1R1A12_04354	42P1R1A12_04354	100.000	108	0	0	1	108	1	108	3.58e-77	222
42P1R1A12_04355	42P1R1A12_04355	100.000	145	0	0	1	145	1	145	2.42e-102	289
42P1R1A12_04356	42P1R1A12_04356	100.000	71	0	0	1	71	1	71	2.11e-47	144
42P1R1A12_04357	42P1R1A12_04357	100.000	369	0	0	1	369	1	369	0.0	743
42P1R1A12_04358	42P1R1A12_04358	100.000	1176	0	0	1	1176	1	1176	0.0	2439
42P1R1A12_04358	31P2R1A5_00190	95.748	1176	50	0	1	1176	1	1176	0.0	2342
42P1R1A12_04359	42P1R1A12_04359	100.000	243	0	0	1	243	1	243	0.0	497
42P1R1A12_04360	42P1R1A12_04360	100.000	121	0	0	1	121	1	121	2.92e-86	246
42P1R1A12_04361	42P1R1A12_04361	100.000	131	0	0	1	131	1	131	3.30e-89	254
42P1R1A12_04361	51P2R2A10_01209	95.420	131	6	0	1	131	1	131	6.93e-86	246
42P1R1A12_04362	42P1R1A12_04362	100.000	181	0	0	1	181	1	181	1.41e-135	376
42P1R1A12_04363	42P1R1A12_04363	100.000	140	0	0	1	140	1	140	1.94e-102	289
42P1R1A12_04364	42P1R1A12_04364	100.000	221	0	0	1	221	1	221	3.36e-164	451
42P1R1A12_04365	42P1R1A12_04365	100.000	104	0	0	1	104	1	104	1.57e-74	215
42P1R1A12_04366	42P1R1A12_04366	100.000	370	0	0	1	370	1	370	0.0	756
42P1R1A12_04367	42P1R1A12_04367	100.000	116	0	0	1	116	1	116	1.96e-83	239
42P1R1A12_04368	42P1R1A12_04368	100.000	251	0	0	1	251	1	251	0.0	525
42P1R1A12_04369	42P1R1A12_04369	100.000	245	0	0	1	245	1	245	0.0	513
42P1R1A12_04370	42P1R1A12_04370	100.000	205	0	0	1	205	1	205	4.28e-149	412
42P1R1A12_04371	42P1R1A12_04371	100.000	3445	0	0	1	3445	1	3445	0.0	7006
42P1R1A12_04372	42P1R1A12_04372	100.000	91	0	0	1	91	1	91	9.67e-60	177
42P1R1A12_04373	42P1R1A12_04373	100.000	147	0	0	1	147	1	147	8.82e-107	300
42P1R1A12_04373	51P2R2A10_01204	96.599	147	5	0	1	147	1	147	3.87e-103	291
42P1R1A12_04374	42P1R1A12_04374	100.000	330	0	0	1	330	1	330	0.0	681
42P1R1A12_04375	42P1R1A12_04375	100.000	166	0	0	1	166	1	166	4.45e-114	320
42P1R1A12_04376	42P1R1A12_04376	100.000	880	0	0	1	880	1	880	0.0	1783
42P1R1A12_04376	51P2R2A10_01201	96.591	880	30	0	1	880	1	880	0.0	1729
42P1R1A12_04377	42P1R1A12_04377	100.000	62	0	0	1	62	1	62	2.32e-39	123
42P1R1A12_04378	42P1R1A12_04378	100.000	108	0	0	1	108	1	108	5.54e-74	214
42P1R1A12_04378	51P2R2A10_01199	97.222	108	3	0	1	108	1	108	9.12e-72	209
42P1R1A12_04379	42P1R1A12_04379	100.000	303	0	0	1	303	1	303	0.0	627
42P1R1A12_04380	42P1R1A12_04380	100.000	500	0	0	1	500	1	500	0.0	1020
42P1R1A12_04380	51P2R2A10_01192	97.400	500	13	0	1	500	1	500	0.0	997
42P1R1A12_04381	42P1R1A12_04381	100.000	244	0	0	1	244	1	244	0.0	501
42P1R1A12_04381	51P2R2A10_01191	95.902	244	10	0	1	244	1	244	1.61e-168	464
42P1R1A12_04382	42P1R1A12_04382	100.000	277	0	0	1	277	1	277	0.0	566
42P1R1A12_04382	51P2R2A10_01190	96.751	277	9	0	1	277	1	277	0.0	548
42P1R1A12_04383	42P1R1A12_04383	100.000	291	0	0	1	291	1	291	0.0	600
42P1R1A12_04383	51P2R2A10_01189	95.876	291	12	0	1	291	1	291	0.0	576
42P1R1A12_04384	42P1R1A12_04384	100.000	507	0	0	1	507	1	507	0.0	1038
42P1R1A12_04385	42P1R1A12_04385	100.000	306	0	0	1	306	1	306	0.0	633
42P1R1A12_04386	42P1R1A12_04386	100.000	420	0	0	1	420	1	420	0.0	861
42P1R1A12_04386	51P2R2A10_01186	97.381	420	11	0	1	420	1	420	0.0	842
42P1R1A12_04387	42P1R1A12_04387	100.000	145	0	0	1	145	1	145	2.19e-107	301
42P1R1A12_04388	42P1R1A12_04388	100.000	225	0	0	1	225	1	225	4.70e-161	444
42P1R1A12_04388	51P2R2A10_01184	97.333	225	6	0	1	225	1	225	8.08e-157	433
42P1R1A12_04389	42P1R1A12_04389	100.000	390	0	0	1	390	1	390	0.0	800
42P1R1A12_04390	42P1R1A12_04390	100.000	272	0	0	1	272	1	272	0.0	562
42P1R1A12_04390	51P2R2A10_01182	95.588	272	12	0	1	272	1	272	0.0	542
42P1R1A12_04391	42P1R1A12_04391	100.000	164	0	0	1	164	1	164	2.24e-123	343
42P1R1A12_04392	42P1R1A12_04392	100.000	179	0	0	1	179	1	179	1.30e-128	358
42P1R1A12_04393	42P1R1A12_04393	100.000	424	0	0	1	424	1	424	0.0	876
42P1R1A12_04393	11P3R3A1_03309	96.651	418	13	1	1	417	1	418	0.0	840
42P1R1A12_04393	14P1R2A4_03833	96.154	260	10	0	1	260	1	260	0.0	514
42P1R1A12_04395	42P1R1A12_04395	100.000	338	0	0	1	338	1	338	0.0	704
42P1R1A12_04396	42P1R1A12_04396	100.000	193	0	0	1	193	1	193	1.72e-144	399
42P1R1A12_04397	42P1R1A12_04397	100.000	340	0	0	1	340	1	340	0.0	699
42P1R1A12_04398	42P1R1A12_04398	100.000	291	0	0	1	291	1	291	0.0	578
42P1R1A12_04398	31P2R1A5_05015	96.907	291	9	0	1	291	1	291	0.0	565
42P1R1A12_04399	42P1R1A12_04399	100.000	296	0	0	1	296	1	296	0.0	593
42P1R1A12_04400	42P1R1A12_04400	100.000	275	0	0	1	275	1	275	0.0	576
42P1R1A12_04401	42P1R1A12_04401	100.000	358	0	0	1	358	1	358	0.0	733
42P1R1A12_04402	42P1R1A12_04402	100.000	437	0	0	1	437	1	437	0.0	896
42P1R1A12_04402	31P2R1A5_05019	95.652	437	19	0	1	437	1	437	0.0	864
42P1R1A12_04403	42P1R1A12_04403	100.000	500	0	0	1	500	1	500	0.0	1005
42P1R1A12_04404	42P1R1A12_04404	100.000	300	0	0	1	300	1	300	0.0	626
42P1R1A12_04404	31P2R1A5_05020	96.000	300	12	0	1	300	1	300	0.0	603
42P1R1A12_04405	42P1R1A12_04405	100.000	295	0	0	1	295	1	295	0.0	614
42P1R1A12_04405	54P2R2A3_03826	97.627	295	7	0	1	295	2	296	0.0	606
42P1R1A12_04406	42P1R1A12_04406	100.000	338	0	0	1	338	1	338	0.0	699
42P1R1A12_04406	31P2R1A5_05022	96.450	338	12	0	1	338	1	338	0.0	674
42P1R1A12_04407	42P1R1A12_04407	100.000	647	0	0	1	647	1	647	0.0	1341
42P1R1A12_04408	42P1R1A12_04408	100.000	638	0	0	1	638	1	638	0.0	1305
42P1R1A12_04409	42P1R1A12_04409	100.000	286	0	0	1	286	1	286	0.0	582
42P1R1A12_04409	31P2R1A5_05025	95.105	286	14	0	1	286	1	286	0.0	559
42P1R1A12_04410	42P1R1A12_04410	100.000	270	0	0	1	270	1	270	0.0	564
42P1R1A12_04411	42P1R1A12_04411	100.000	502	0	0	1	502	1	502	0.0	1026
42P1R1A12_04412	42P1R1A12_04412	100.000	274	0	0	1	274	1	274	0.0	562
42P1R1A12_04413	42P1R1A12_04413	100.000	501	0	0	1	501	1	501	0.0	1018
42P1R1A12_04414	42P1R1A12_04414	100.000	361	0	0	1	361	1	361	0.0	728
42P1R1A12_04414	31P2R1A5_04870	95.845	361	15	0	1	361	1	361	0.0	672
42P1R1A12_04415	42P1R1A12_04415	100.000	366	0	0	1	366	1	366	0.0	741
42P1R1A12_04417	42P1R1A12_04417	100.000	148	0	0	1	148	1	148	8.39e-109	305
42P1R1A12_04417	54P2R2A3_03838	95.270	148	7	0	1	148	1	148	1.35e-103	292
42P1R1A12_04418	42P1R1A12_04418	100.000	952	0	0	1	952	1	952	0.0	1971
42P1R1A12_04418	31P2R1A5_04874	97.269	952	26	0	1	952	1	952	0.0	1930
42P1R1A12_04418	10P3R2A13_03373	96.008	952	38	0	1	952	1	952	0.0	1879
42P1R1A12_04418	34P3R2A10_03257	95.468	684	31	0	269	952	1	684	0.0	1329
42P1R1A12_04419	42P1R1A12_04419	100.000	168	0	0	1	168	1	168	1.22e-124	347
42P1R1A12_04419	51P2R2A10_04486	95.833	168	7	0	1	168	1	168	5.94e-110	310
42P1R1A12_04420	42P1R1A12_04420	100.000	341	0	0	1	341	1	341	0.0	695
42P1R1A12_04421	42P1R1A12_04421	100.000	253	0	0	1	253	1	253	0.0	518
42P1R1A12_04421	51P2R2A10_04485	97.233	253	7	0	1	253	1	253	0.0	503
42P1R1A12_04422	42P1R1A12_04422	100.000	142	0	0	1	142	1	142	1.11e-96	274
42P1R1A12_04422	31P2R1A5_04877	96.639	119	4	0	1	119	1	119	1.63e-68	203
42P1R1A12_04422	54P2R2A3_03842	96.639	119	4	0	1	119	1	119	1.78e-68	203
42P1R1A12_04423	42P1R1A12_04423	100.000	335	0	0	1	335	1	335	0.0	697
42P1R1A12_04424	42P1R1A12_04424	100.000	151	0	0	1	151	1	151	2.14e-110	310
42P1R1A12_04424	51P2R2A10_04482	97.351	151	4	0	1	151	1	151	2.51e-107	302
42P1R1A12_04425	42P1R1A12_04425	100.000	312	0	0	1	312	1	312	0.0	643
42P1R1A12_04425	31P2R1A5_04880	97.756	312	7	0	1	312	1	312	0.0	633
42P1R1A12_04425	18P3R3A11_01369	95.484	310	14	0	3	312	2	311	0.0	614
42P1R1A12_04426	42P1R1A12_04426	100.000	154	0	0	1	154	1	154	1.78e-113	318
42P1R1A12_04426	38P2R3A13_05656	96.104	154	6	0	1	154	1	154	3.10e-109	307
42P1R1A12_04426	31P2R1A5_04881	95.455	154	7	0	1	154	1	154	9.40e-109	306
42P1R1A12_04427	42P1R1A12_04427	100.000	488	0	0	1	488	1	488	0.0	1016
42P1R1A12_04428	42P1R1A12_04428	100.000	129	0	0	1	129	1	129	4.74e-91	259
42P1R1A12_04428	51P2R2A10_04479	97.674	129	3	0	1	129	1	129	7.47e-89	253
42P1R1A12_04428	31P2R1A5_04882	96.124	129	5	0	1	129	1	129	7.32e-88	251
42P1R1A12_04428	10P3R2A13_03360	96.124	129	5	0	1	129	1	129	9.32e-88	251
42P1R1A12_04429	42P1R1A12_04429	100.000	903	0	0	1	903	1	903	0.0	1849
42P1R1A12_04430	42P1R1A12_04430	100.000	316	0	0	1	316	1	316	0.0	649
42P1R1A12_04430	51P2R2A10_04477	97.468	316	8	0	1	316	1	316	0.0	631
42P1R1A12_04431	42P1R1A12_04431	100.000	473	0	0	1	473	1	473	0.0	954
42P1R1A12_04431	31P2R1A5_04885	96.195	473	18	0	1	473	1	473	0.0	924
42P1R1A12_04432	42P1R1A12_04432	100.000	552	0	0	1	552	1	552	0.0	1154
42P1R1A12_04432	51P2R2A10_04475	96.196	552	21	0	1	552	1	552	0.0	1114
42P1R1A12_04433	42P1R1A12_04433	100.000	452	0	0	1	452	1	452	0.0	895
42P1R1A12_04434	42P1R1A12_04434	100.000	436	0	0	1	436	1	436	0.0	892
42P1R1A12_04434	51P2R2A10_04473	96.330	436	16	0	1	436	1	436	0.0	863
42P1R1A12_04435	42P1R1A12_04435	100.000	103	0	0	1	103	1	103	2.01e-70	205
42P1R1A12_04435	51P2R2A10_04472	97.087	103	3	0	1	103	1	103	5.86e-68	199
42P1R1A12_04436	42P1R1A12_04436	100.000	38	0	0	1	38	1	38	1.89e-22	79.3
42P1R1A12_04437	42P1R1A12_04437	100.000	248	0	0	1	248	1	248	9.74e-178	488
42P1R1A12_04438	42P1R1A12_04438	100.000	713	0	0	1	713	1	713	0.0	1494
42P1R1A12_04438	31P2R1A5_04887	96.914	713	22	0	1	713	1	713	0.0	1459
42P1R1A12_04439	42P1R1A12_04439	100.000	155	0	0	1	155	1	155	1.05e-115	323
42P1R1A12_04439	31P2R1A5_04888	95.484	155	7	0	1	155	1	155	3.83e-112	314
42P1R1A12_04440	42P1R1A12_04440	100.000	611	0	0	1	611	1	611	0.0	1264
42P1R1A12_04441	42P1R1A12_04441	100.000	162	0	0	1	162	1	162	1.74e-119	333
42P1R1A12_04442	42P1R1A12_04442	100.000	131	0	0	1	131	1	131	3.69e-88	252
42P1R1A12_04443	42P1R1A12_04443	100.000	415	0	0	1	415	1	415	0.0	859
42P1R1A12_04443	51P2R2A10_04464	96.145	415	16	0	1	415	223	637	0.0	829
42P1R1A12_04444	42P1R1A12_04444	100.000	211	0	0	1	211	1	211	6.50e-155	427
42P1R1A12_04444	51P2R2A10_04464	96.610	177	6	0	1	177	1	177	1.48e-118	350
42P1R1A12_04445	42P1R1A12_04445	100.000	384	0	0	1	384	1	384	0.0	778
42P1R1A12_04445	51P2R2A10_04463	95.312	384	18	0	1	384	1	384	0.0	718
42P1R1A12_04446	42P1R1A12_04446	100.000	247	0	0	1	247	1	247	0.0	505
42P1R1A12_04446	51P2R2A10_04462	97.976	247	5	0	1	247	1	247	2.55e-180	494
42P1R1A12_04447	42P1R1A12_04447	100.000	373	0	0	1	373	1	373	0.0	761
42P1R1A12_04448	42P1R1A12_04448	100.000	378	0	0	1	378	1	378	0.0	769
42P1R1A12_04448	51P2R2A10_04460	96.032	378	15	0	1	378	1	378	0.0	743
42P1R1A12_04449	42P1R1A12_04449	100.000	215	0	0	1	215	1	215	1.11e-146	407
42P1R1A12_04449	31P2R1A5_04896	96.744	215	7	0	1	215	1	215	8.31e-144	399
42P1R1A12_04451	42P1R1A12_04451	100.000	102	0	0	1	102	1	102	1.07e-69	203
42P1R1A12_04452	42P1R1A12_04452	100.000	121	0	0	1	121	1	121	1.59e-83	239
42P1R1A12_04452	54P2R2A3_03874	95.868	121	5	0	1	121	1	121	2.00e-79	229
42P1R1A12_04452	31P2R1A5_04899	95.868	121	5	0	1	121	1	121	1.24e-78	227
42P1R1A12_04453	42P1R1A12_04453	100.000	152	0	0	1	152	1	152	5.92e-111	311
42P1R1A12_04453	51P2R2A10_04455	100.000	113	0	0	40	152	1	113	1.18e-78	228
42P1R1A12_04454	42P1R1A12_04454	100.000	129	0	0	1	129	1	129	6.18e-90	256
42P1R1A12_04454	51P2R2A10_04454	97.674	129	3	0	1	129	1	129	1.03e-87	251
42P1R1A12_04454	31P2R1A5_04901	96.124	129	5	0	1	129	1	129	8.84e-87	248
42P1R1A12_04455	42P1R1A12_04455	100.000	451	0	0	1	451	1	451	0.0	927
42P1R1A12_04455	31P2R1A5_04902	96.896	451	14	0	1	451	1	451	0.0	904
42P1R1A12_04456	42P1R1A12_04456	100.000	184	0	0	1	184	1	184	2.75e-129	360
42P1R1A12_04456	31P2R1A5_04903	96.196	184	7	0	1	184	1	184	1.07e-116	328
42P1R1A12_04457	42P1R1A12_04457	100.000	504	0	0	1	504	1	504	0.0	1046
42P1R1A12_04458	42P1R1A12_04458	100.000	381	0	0	1	381	1	381	0.0	788
42P1R1A12_04458	51P2R2A10_04450	96.325	381	14	0	1	381	1	381	0.0	763
42P1R1A12_04459	42P1R1A12_04459	100.000	403	0	0	1	403	1	403	0.0	836
42P1R1A12_04460	42P1R1A12_04460	100.000	182	0	0	1	182	1	182	1.26e-136	379
42P1R1A12_04461	42P1R1A12_04461	100.000	458	0	0	1	458	1	458	0.0	944
42P1R1A12_04461	31P2R1A5_04906	96.288	458	17	0	1	458	1	458	0.0	916
42P1R1A12_04461	37P2R3-2A1_02128	95.323	449	21	0	1	449	1	449	0.0	892
42P1R1A12_04463	42P1R1A12_04463	100.000	329	0	0	1	329	1	329	0.0	637
42P1R1A12_04463	31P2R1A5_04908	97.546	326	8	0	1	326	1	326	0.0	619
42P1R1A12_04463	18P3R3A11_02057	96.626	326	11	0	1	326	1	326	0.0	614
42P1R1A12_04463	10P3R2A13_03348	95.399	326	15	0	1	326	1	326	0.0	605
42P1R1A12_04464	42P1R1A12_04464	100.000	341	0	0	1	341	1	341	0.0	656
42P1R1A12_04465	42P1R1A12_04465	100.000	501	0	0	1	501	1	501	0.0	1011
42P1R1A12_04465	31P2R1A5_04910	96.008	501	20	0	1	501	1	501	0.0	973
42P1R1A12_04466	42P1R1A12_04466	100.000	319	0	0	1	319	1	319	0.0	645
42P1R1A12_04466	31P2R1A5_04911	96.865	319	10	0	1	319	1	319	0.0	629
42P1R1A12_04466	43P2R2A2_05397	95.833	120	5	0	200	319	1	120	2.19e-80	239
42P1R1A12_04467	42P1R1A12_04467	100.000	176	0	0	1	176	1	176	4.19e-129	359
42P1R1A12_04467	31P2R1A5_04912	97.714	175	4	0	1	175	1	175	8.24e-127	353
42P1R1A12_04467	18P3R3A11_02053	97.714	175	4	0	1	175	1	175	1.03e-126	353
42P1R1A12_04467	10P3R2A13_03344	95.402	174	8	0	1	174	1	174	1.31e-124	348
42P1R1A12_04468	42P1R1A12_04468	100.000	149	0	0	1	149	1	149	2.96e-108	304
42P1R1A12_04469	42P1R1A12_04469	100.000	177	0	0	1	177	1	177	5.02e-127	354
42P1R1A12_04470	42P1R1A12_04470	100.000	168	0	0	1	168	1	168	4.67e-122	340
42P1R1A12_04471	42P1R1A12_04471	100.000	321	0	0	1	321	1	321	0.0	644
42P1R1A12_04472	42P1R1A12_04472	100.000	91	0	0	1	91	1	91	1.73e-63	186
42P1R1A12_04473	42P1R1A12_04473	100.000	77	0	0	1	77	1	77	8.89e-54	160
42P1R1A12_04474	42P1R1A12_04474	100.000	91	0	0	1	91	1	91	4.67e-58	172
42P1R1A12_04475	42P1R1A12_04475	100.000	343	0	0	1	343	1	343	0.0	691
42P1R1A12_04475	51P2R2A10_02359	97.959	343	7	0	1	343	1	343	0.0	677
42P1R1A12_04476	42P1R1A12_04476	100.000	646	0	0	1	646	1	646	0.0	1286
42P1R1A12_04477	42P1R1A12_04477	100.000	493	0	0	1	493	1	493	0.0	994
42P1R1A12_04477	51P2R2A10_02357	97.160	493	14	0	1	493	1	493	0.0	964
42P1R1A12_04478	42P1R1A12_04478	100.000	904	0	0	1	904	1	904	0.0	1804
42P1R1A12_04479	42P1R1A12_04479	100.000	260	0	0	1	260	1	260	0.0	515
42P1R1A12_04480	42P1R1A12_04480	100.000	518	0	0	1	518	1	518	0.0	1034
42P1R1A12_04481	42P1R1A12_04481	100.000	141	0	0	1	141	1	141	5.47e-99	280
42P1R1A12_04482	42P1R1A12_04482	100.000	77	0	0	1	77	1	77	8.64e-53	158
42P1R1A12_04483	42P1R1A12_04483	100.000	258	0	0	1	258	1	258	0.0	520
42P1R1A12_04484	42P1R1A12_04484	100.000	502	0	0	1	502	1	502	0.0	1030
42P1R1A12_04484	51P2R2A10_02349	96.414	502	18	0	1	502	1	502	0.0	993
42P1R1A12_04485	42P1R1A12_04485	100.000	250	0	0	1	250	1	250	0.0	511
42P1R1A12_04485	51P2R2A10_02348	98.319	238	4	0	13	250	1	238	1.00e-174	480
42P1R1A12_04485	54P2R2A3_00378	98.319	238	4	0	13	250	1	238	2.00e-174	479
42P1R1A12_04486	42P1R1A12_04486	100.000	267	0	0	1	267	1	267	0.0	538
42P1R1A12_04486	51P2R2A10_02347	96.255	267	10	0	1	267	1	267	0.0	518
42P1R1A12_04487	42P1R1A12_04487	100.000	230	0	0	1	230	1	230	5.75e-173	474
42P1R1A12_04488	42P1R1A12_04488	100.000	314	0	0	1	314	1	314	0.0	634
42P1R1A12_04488	51P2R2A10_02345	96.178	314	12	0	1	314	1	314	0.0	613
42P1R1A12_04489	42P1R1A12_04489	100.000	445	0	0	1	445	1	445	0.0	896
42P1R1A12_04489	54P2R2A3_00382	96.854	445	14	0	1	445	1	445	0.0	871
42P1R1A12_04490	42P1R1A12_04490	100.000	130	0	0	1	130	1	130	9.11e-92	261
42P1R1A12_04490	51P2R2A10_02343	97.692	130	3	0	1	130	1	130	1.57e-89	255
42P1R1A12_04490	54P2R2A3_00383	96.154	130	5	0	1	130	1	130	3.00e-88	252
42P1R1A12_04491	42P1R1A12_04491	100.000	519	0	0	1	519	1	519	0.0	1068
42P1R1A12_04491	54P2R2A3_00384	96.917	519	16	0	1	519	1	519	0.0	1033
42P1R1A12_04491	51P2R2A10_02342	96.146	519	20	0	1	519	1	519	0.0	1030
42P1R1A12_04493	42P1R1A12_04493	100.000	245	0	0	1	245	1	245	9.60e-180	493
42P1R1A12_04493	54P2R2A3_00386	97.143	245	7	0	1	245	1	245	5.58e-176	483
42P1R1A12_04494	42P1R1A12_04494	100.000	397	0	0	1	397	1	397	0.0	810
42P1R1A12_04494	54P2R2A3_00387	97.733	397	9	0	1	397	1	397	0.0	795
42P1R1A12_04495	42P1R1A12_04495	100.000	446	0	0	1	446	1	446	0.0	887
42P1R1A12_04495	54P2R2A3_00388	97.534	446	11	0	1	446	1	446	0.0	870
42P1R1A12_04495	51P2R2A10_02338	97.758	446	10	0	1	446	1	446	0.0	865
42P1R1A12_04496	42P1R1A12_04496	100.000	293	0	0	1	293	1	293	0.0	600
42P1R1A12_04496	51P2R2A10_02337	97.952	293	6	0	1	293	1	293	0.0	590
42P1R1A12_04496	54P2R2A3_00389	97.952	293	6	0	1	293	1	293	0.0	589
42P1R1A12_04497	42P1R1A12_04497	100.000	457	0	0	1	457	1	457	0.0	920
42P1R1A12_04497	54P2R2A3_00390	97.593	457	11	0	1	457	1	457	0.0	903
42P1R1A12_04497	51P2R2A10_02336	98.655	446	6	0	12	457	1	446	0.0	885
42P1R1A12_04498	42P1R1A12_04498	100.000	392	0	0	1	392	1	392	0.0	783
42P1R1A12_04498	51P2R2A10_02335	96.939	392	12	0	1	392	1	392	0.0	759
42P1R1A12_04499	42P1R1A12_04499	100.000	386	0	0	1	386	1	386	0.0	785
42P1R1A12_04499	51P2R2A10_02334	96.373	386	14	0	1	386	1	386	0.0	765
42P1R1A12_04500	42P1R1A12_04500	100.000	550	0	0	1	550	1	550	0.0	1107
42P1R1A12_04500	51P2R2A10_02333	97.818	550	12	0	1	550	1	550	0.0	1088
42P1R1A12_04501	42P1R1A12_04501	100.000	177	0	0	1	177	1	177	4.16e-127	354
42P1R1A12_04502	42P1R1A12_04502	100.000	46	0	0	1	46	1	46	1.71e-27	92.4
42P1R1A12_04503	42P1R1A12_04503	100.000	142	0	0	1	142	1	142	7.14e-102	287
42P1R1A12_04504	42P1R1A12_04504	100.000	431	0	0	1	431	1	431	0.0	831
42P1R1A12_04504	51P2R2A10_02330	96.288	431	16	0	1	431	1	431	0.0	800
42P1R1A12_04504	42P1R1A12_05414	95.804	429	18	0	1	429	1	429	0.0	791
42P1R1A12_04504	32P3R2A9_07517	95.410	305	14	0	125	429	1	305	0.0	565
42P1R1A12_04505	42P1R1A12_04505	100.000	117	0	0	1	117	1	117	5.26e-83	238
42P1R1A12_04505	51P2R2A10_02329	97.436	117	3	0	1	117	1	117	1.19e-80	232
42P1R1A12_04506	42P1R1A12_04506	100.000	401	0	0	1	401	1	401	0.0	799
42P1R1A12_04507	42P1R1A12_04507	100.000	227	0	0	1	227	1	227	7.67e-170	466
42P1R1A12_04508	42P1R1A12_04508	100.000	350	0	0	1	350	1	350	0.0	721
42P1R1A12_04509	42P1R1A12_04509	100.000	389	0	0	1	389	1	389	0.0	797
42P1R1A12_04510	42P1R1A12_04510	100.000	229	0	0	1	229	1	229	9.11e-166	456
42P1R1A12_04511	42P1R1A12_04511	100.000	491	0	0	1	491	1	491	0.0	997
42P1R1A12_04512	42P1R1A12_04512	100.000	159	0	0	1	159	1	159	2.94e-116	325
42P1R1A12_04513	42P1R1A12_04513	100.000	254	0	0	1	254	1	254	0.0	511
42P1R1A12_04514	42P1R1A12_04514	100.000	195	0	0	1	195	1	195	4.92e-145	401
42P1R1A12_04515	42P1R1A12_04515	100.000	355	0	0	1	355	1	355	0.0	734
42P1R1A12_04516	42P1R1A12_04516	100.000	291	0	0	1	291	1	291	0.0	609
42P1R1A12_04517	42P1R1A12_04517	100.000	300	0	0	1	300	1	300	0.0	619
42P1R1A12_04518	42P1R1A12_04518	100.000	235	0	0	1	235	1	235	1.44e-174	479
42P1R1A12_04519	42P1R1A12_04519	100.000	118	0	0	1	118	1	118	4.40e-83	238
42P1R1A12_04520	42P1R1A12_04520	100.000	350	0	0	1	350	1	350	0.0	720
42P1R1A12_04521	42P1R1A12_04521	100.000	143	0	0	1	143	1	143	3.99e-106	298
42P1R1A12_04522	42P1R1A12_04522	100.000	348	0	0	1	348	1	348	0.0	717
42P1R1A12_04523	42P1R1A12_04523	100.000	403	0	0	1	403	1	403	0.0	772
42P1R1A12_04524	42P1R1A12_04524	100.000	246	0	0	1	246	1	246	0.0	499
42P1R1A12_04525	42P1R1A12_04525	100.000	259	0	0	1	259	1	259	0.0	514
42P1R1A12_04526	42P1R1A12_04526	100.000	153	0	0	1	153	1	153	7.71e-110	308
42P1R1A12_04527	42P1R1A12_04527	100.000	304	0	0	1	304	1	304	0.0	625
42P1R1A12_04528	42P1R1A12_04528	100.000	376	0	0	1	376	1	376	0.0	769
42P1R1A12_04529	42P1R1A12_04529	100.000	551	0	0	1	551	1	551	0.0	1116
42P1R1A12_04530	42P1R1A12_04530	100.000	241	0	0	1	241	1	241	0.0	497
42P1R1A12_04531	42P1R1A12_04531	100.000	284	0	0	1	284	1	284	0.0	587
42P1R1A12_04532	42P1R1A12_04532	100.000	330	0	0	1	330	1	330	0.0	668
42P1R1A12_04533	42P1R1A12_04533	100.000	834	0	0	1	834	1	834	0.0	1723
42P1R1A12_04534	42P1R1A12_04534	100.000	340	0	0	1	340	1	340	0.0	660
42P1R1A12_04535	42P1R1A12_04535	100.000	285	0	0	1	285	1	285	0.0	593
42P1R1A12_04536	42P1R1A12_04536	100.000	130	0	0	1	130	1	130	7.77e-94	266
42P1R1A12_04537	42P1R1A12_04537	100.000	238	0	0	1	238	1	238	1.98e-175	481
42P1R1A12_04538	42P1R1A12_04538	100.000	277	0	0	1	277	1	277	0.0	570
42P1R1A12_04539	42P1R1A12_04539	100.000	391	0	0	1	391	1	391	0.0	809
42P1R1A12_04540	42P1R1A12_04540	100.000	243	0	0	1	243	1	243	0.0	499
42P1R1A12_04541	42P1R1A12_04541	100.000	837	0	0	1	837	1	837	0.0	1732
42P1R1A12_04542	42P1R1A12_04542	100.000	107	0	0	1	107	1	107	3.27e-71	207
42P1R1A12_04542	51P2R2A10_00535	97.196	107	3	0	1	107	1	107	7.01e-69	201
42P1R1A12_04543	42P1R1A12_04543	100.000	368	0	0	1	368	1	368	0.0	712
42P1R1A12_04544	42P1R1A12_04544	100.000	418	0	0	1	418	1	418	0.0	870
42P1R1A12_04545	42P1R1A12_04545	100.000	317	0	0	1	317	1	317	0.0	652
42P1R1A12_04546	42P1R1A12_04546	100.000	298	0	0	1	298	1	298	0.0	612
42P1R1A12_04547	42P1R1A12_04547	100.000	264	0	0	1	264	1	264	0.0	538
42P1R1A12_04548	42P1R1A12_04548	100.000	84	0	0	1	84	1	84	5.25e-56	167
42P1R1A12_04549	42P1R1A12_04549	100.000	94	0	0	1	94	1	94	4.59e-66	193
42P1R1A12_04549	28P2R1A12_03614	97.872	94	2	0	1	94	1	94	4.86e-65	191
42P1R1A12_04549	10P3R2A13_02959	97.872	94	2	0	1	94	1	94	8.79e-65	190
42P1R1A12_04549	18P3R3A11_02169	97.872	94	2	0	1	94	1	94	1.54e-64	189
42P1R1A12_04549	38P2R3A13_06872	96.809	94	3	0	1	94	1	94	2.91e-64	189
42P1R1A12_04549	38P2R3A13_04226	96.809	94	3	0	1	94	1	94	4.52e-64	188
42P1R1A12_04549	51P2R2A10_05070	97.872	94	2	0	1	94	1	94	4.57e-64	188
42P1R1A12_04549	31P2R1A5_04796	95.745	94	4	0	1	94	1	94	5.06e-63	185
42P1R1A12_04550	42P1R1A12_04550	100.000	94	0	0	1	94	1	94	8.03e-66	192
42P1R1A12_04550	54P2R2A3_04367	96.809	94	3	0	1	94	1	94	4.20e-63	186
42P1R1A12_04551	42P1R1A12_04551	100.000	235	0	0	1	235	1	235	1.83e-176	484
42P1R1A12_04551	51P2R2A10_05068	96.170	235	9	0	1	235	27	261	1.56e-169	467
42P1R1A12_04552	42P1R1A12_04552	100.000	250	0	0	1	250	1	250	0.0	506
42P1R1A12_04552	51P2R2A10_05067	97.600	250	6	0	1	250	1	250	0.0	496
42P1R1A12_04553	42P1R1A12_04553	100.000	243	0	0	1	243	1	243	9.95e-177	485
42P1R1A12_04554	42P1R1A12_04554	100.000	699	0	0	1	699	1	699	0.0	1450
42P1R1A12_04554	31P2R1A5_04797	97.173	672	19	0	27	698	1	672	0.0	1365
42P1R1A12_04555	42P1R1A12_04555	100.000	321	0	0	1	321	1	321	0.0	650
42P1R1A12_04556	42P1R1A12_04556	100.000	472	0	0	1	472	1	472	0.0	924
42P1R1A12_04556	51P2R2A10_05063	96.822	472	15	0	1	472	1	472	0.0	896
42P1R1A12_04557	42P1R1A12_04557	100.000	339	0	0	1	339	1	339	0.0	695
42P1R1A12_04558	42P1R1A12_04558	100.000	247	0	0	1	247	1	247	0.0	501
42P1R1A12_04558	51P2R2A10_05061	96.748	246	8	0	1	246	1	246	6.64e-177	486
42P1R1A12_04559	42P1R1A12_04559	100.000	496	0	0	1	496	1	496	0.0	1009
42P1R1A12_04559	51P2R2A10_05057	98.178	494	9	0	1	494	1	494	0.0	991
42P1R1A12_04562	42P1R1A12_04562	100.000	444	0	0	1	444	1	444	0.0	909
42P1R1A12_04563	42P1R1A12_04563	100.000	365	0	0	1	365	1	365	0.0	730
42P1R1A12_04563	31P2R1A5_04805	96.703	364	12	0	1	364	1	364	0.0	713
42P1R1A12_04564	42P1R1A12_04564	100.000	339	0	0	1	339	1	339	0.0	692
42P1R1A12_04565	42P1R1A12_04565	100.000	377	0	0	1	377	1	377	0.0	780
42P1R1A12_04566	42P1R1A12_04566	100.000	421	0	0	1	421	1	421	0.0	862
42P1R1A12_04567	42P1R1A12_04567	100.000	225	0	0	1	225	1	225	9.48e-161	443
42P1R1A12_04567	51P2R2A10_05047	95.495	222	10	0	4	225	4	225	2.16e-151	419
42P1R1A12_04568	42P1R1A12_04568	100.000	377	0	0	1	377	1	377	0.0	786
42P1R1A12_04568	31P2R1A5_04812	96.286	377	14	0	1	377	1	377	0.0	761
42P1R1A12_04569	42P1R1A12_04569	100.000	417	0	0	1	417	1	417	0.0	818
42P1R1A12_04569	31P2R1A5_04813	95.683	417	18	0	1	417	1	417	0.0	764
42P1R1A12_04570	42P1R1A12_04570	100.000	360	0	0	1	360	1	360	0.0	737
42P1R1A12_04570	51P2R2A10_05044	95.833	360	15	0	1	360	1	360	0.0	707
42P1R1A12_04571	42P1R1A12_04571	100.000	449	0	0	1	449	1	449	0.0	896
42P1R1A12_04572	42P1R1A12_04572	100.000	247	0	0	1	247	1	247	0.0	503
42P1R1A12_04572	51P2R2A10_05042	97.976	247	5	0	1	247	1	247	5.61e-180	493
42P1R1A12_04573	42P1R1A12_04573	100.000	462	0	0	1	462	1	462	0.0	919
42P1R1A12_04573	31P2R1A5_04817	95.887	462	19	0	1	462	1	462	0.0	887
42P1R1A12_04578	42P1R1A12_04578	100.000	399	0	0	1	399	1	399	0.0	806
42P1R1A12_04579	42P1R1A12_04579	100.000	397	0	0	1	397	1	397	0.0	792
42P1R1A12_04579	51P2R2A10_05033	95.970	397	9	1	1	397	1	390	0.0	754
42P1R1A12_04580	42P1R1A12_04580	100.000	247	0	0	1	247	1	247	2.23e-180	494
42P1R1A12_04580	51P2R2A10_05032	97.571	247	6	0	1	247	1	247	2.12e-176	484
42P1R1A12_04581	42P1R1A12_04581	100.000	319	0	0	1	319	1	319	0.0	639
42P1R1A12_04581	51P2R2A10_05031	97.492	319	8	0	1	319	1	319	0.0	625
42P1R1A12_04582	42P1R1A12_04582	100.000	876	0	0	1	876	1	876	0.0	1818
42P1R1A12_04582	31P2R1A5_04826	95.097	877	42	1	1	876	1	877	0.0	1740
42P1R1A12_04583	42P1R1A12_04583	100.000	107	0	0	1	107	1	107	4.73e-76	219
42P1R1A12_04584	42P1R1A12_04584	100.000	528	0	0	1	528	1	528	0.0	1048
42P1R1A12_04585	42P1R1A12_04585	100.000	559	0	0	1	559	1	559	0.0	1115
42P1R1A12_04586	42P1R1A12_04586	100.000	549	0	0	1	549	1	549	0.0	1150
42P1R1A12_04587	42P1R1A12_04587	100.000	456	0	0	1	456	1	456	0.0	942
42P1R1A12_04588	42P1R1A12_04588	100.000	275	0	0	1	275	1	275	0.0	567
42P1R1A12_04588	31P2R1A5_04829	96.000	275	11	0	1	275	1	275	0.0	549
42P1R1A12_04589	42P1R1A12_04589	100.000	236	0	0	1	236	1	236	1.80e-173	476
42P1R1A12_04589	51P2R2A10_05026	97.034	236	7	0	1	236	1	236	1.25e-168	464
42P1R1A12_04590	42P1R1A12_04590	100.000	301	0	0	1	301	1	301	0.0	610
42P1R1A12_04590	51P2R2A10_05025	96.678	301	10	0	1	301	1	301	0.0	589
42P1R1A12_04591	42P1R1A12_04591	100.000	239	0	0	1	239	1	239	2.81e-178	488
42P1R1A12_04591	51P2R2A10_05024	97.490	239	6	0	1	239	1	239	2.37e-174	479
42P1R1A12_04592	42P1R1A12_04592	100.000	731	0	0	1	731	1	731	0.0	1514
42P1R1A12_04592	54P2R2A3_04404	97.642	721	17	0	11	731	1	721	0.0	1459
42P1R1A12_04592	10P3R2A13_02997	96.671	721	24	0	11	731	1	721	0.0	1456
42P1R1A12_04592	18P3R3A11_02136	95.423	721	33	0	11	731	1	721	0.0	1440
42P1R1A12_04592	34P3R2A10_04377	96.401	389	14	0	343	731	1	389	0.0	772
42P1R1A12_04592	43P2R2A2_05360	95.758	165	7	0	567	731	1	165	6.30e-110	330
42P1R1A12_04593	42P1R1A12_04593	100.000	317	0	0	1	317	1	317	0.0	646
42P1R1A12_04593	31P2R1A5_04834	97.792	317	7	0	1	317	1	317	0.0	633
42P1R1A12_04593	43P2R2A2_04685	96.018	226	9	0	92	317	1	226	5.70e-160	445
42P1R1A12_04594	42P1R1A12_04594	100.000	298	0	0	1	298	1	298	0.0	592
42P1R1A12_04596	42P1R1A12_04596	100.000	291	0	0	1	291	1	291	0.0	597
42P1R1A12_04597	42P1R1A12_04597	100.000	609	0	0	1	609	1	609	0.0	1261
42P1R1A12_04597	31P2R1A5_04838	97.373	609	16	0	1	609	1	609	0.0	1233
42P1R1A12_04598	42P1R1A12_04598	100.000	208	0	0	1	208	1	208	1.51e-148	411
42P1R1A12_04599	42P1R1A12_04599	100.000	90	0	0	1	90	1	90	2.57e-60	178
42P1R1A12_04600	42P1R1A12_04600	100.000	207	0	0	1	207	1	207	2.51e-147	407
42P1R1A12_04600	51P2R2A10_05015	97.585	207	5	0	1	207	1	207	1.47e-145	403
42P1R1A12_04601	42P1R1A12_04601	100.000	331	0	0	1	331	1	331	0.0	684
42P1R1A12_04602	42P1R1A12_04602	100.000	267	0	0	1	267	1	267	0.0	558
42P1R1A12_04603	42P1R1A12_04603	100.000	300	0	0	1	300	1	300	0.0	599
42P1R1A12_04603	51P2R2A10_05012	96.667	300	10	0	1	300	1	300	0.0	580
42P1R1A12_04604	42P1R1A12_04604	100.000	318	0	0	1	318	1	318	0.0	645
42P1R1A12_04605	42P1R1A12_04605	100.000	754	0	0	1	754	1	754	0.0	1546
42P1R1A12_04606	42P1R1A12_04606	100.000	230	0	0	1	230	1	230	2.60e-174	478
42P1R1A12_04607	42P1R1A12_04607	100.000	271	0	0	1	271	1	271	0.0	560
42P1R1A12_04607	51P2R2A10_05008	97.048	271	8	0	1	271	1	271	0.0	545
42P1R1A12_04609	42P1R1A12_04609	100.000	483	0	0	1	483	1	483	0.0	980
42P1R1A12_04610	42P1R1A12_04610	100.000	252	0	0	1	252	1	252	0.0	522
42P1R1A12_04610	31P2R1A5_04850	97.619	252	6	0	1	252	1	252	0.0	512
42P1R1A12_04611	42P1R1A12_04611	100.000	202	0	0	1	202	1	202	7.16e-144	399
42P1R1A12_04611	51P2R2A10_05004	97.030	202	6	0	1	202	1	202	2.71e-140	389
42P1R1A12_04612	42P1R1A12_04612	100.000	547	0	0	1	547	1	547	0.0	1120
42P1R1A12_04613	42P1R1A12_04613	100.000	84	0	0	1	84	1	84	1.76e-54	163
42P1R1A12_04613	51P2R2A10_05002	97.619	84	2	0	1	84	1	84	4.16e-53	159
42P1R1A12_04614	42P1R1A12_04614	100.000	180	0	0	1	180	1	180	9.04e-128	356
42P1R1A12_04614	51P2R2A10_05001	96.667	180	6	0	1	180	1	180	1.19e-122	343
42P1R1A12_04615	42P1R1A12_04615	100.000	258	0	0	1	258	1	258	0.0	514
42P1R1A12_04615	31P2R1A5_04855	95.062	243	12	0	1	243	1	243	7.60e-169	466
42P1R1A12_04616	42P1R1A12_04616	100.000	261	0	0	1	261	1	261	0.0	533
42P1R1A12_04617	42P1R1A12_04617	100.000	163	0	0	1	163	1	163	4.65e-121	338
42P1R1A12_04617	31P2R1A5_04857	95.092	163	8	0	1	163	1	163	2.71e-116	325
42P1R1A12_04618	42P1R1A12_04618	100.000	490	0	0	1	490	1	490	0.0	1009
42P1R1A12_04618	54P2R2A3_04429	97.955	489	10	0	1	489	1	489	0.0	996
42P1R1A12_04618	10P3R2A13_03025	95.501	489	22	0	1	489	4	492	0.0	976
42P1R1A12_04619	42P1R1A12_04619	100.000	234	0	0	1	234	1	234	1.63e-174	479
42P1R1A12_04620	42P1R1A12_04620	100.000	104	0	0	1	104	1	104	7.77e-75	216
42P1R1A12_04622	42P1R1A12_04622	100.000	730	0	0	1	730	1	730	0.0	1491
42P1R1A12_04622	51P2R2A10_04993	97.534	730	18	0	1	730	1	730	0.0	1464
42P1R1A12_04623	42P1R1A12_04623	100.000	444	0	0	1	444	1	444	0.0	922
42P1R1A12_04623	51P2R2A10_04992	97.748	444	10	0	1	444	1	444	0.0	909
42P1R1A12_04623	43P2R2A2_04954	95.333	150	7	0	295	444	1	150	1.92e-104	306
42P1R1A12_04624	42P1R1A12_04624	100.000	205	0	0	1	205	1	205	4.23e-150	414
42P1R1A12_04624	51P2R2A10_04991	97.561	205	5	0	1	205	1	205	1.12e-145	403
42P1R1A12_04625	42P1R1A12_04625	100.000	484	0	0	1	484	1	484	0.0	965
42P1R1A12_04625	18P3R3A11_03611	97.521	484	12	0	1	484	1	484	0.0	951
42P1R1A12_04625	31P2R1A5_04864	96.074	484	19	0	1	484	1	484	0.0	896
42P1R1A12_04625	10P3R2A13_03031	95.868	484	20	0	1	484	1	484	0.0	894
42P1R1A12_04625	34P3R2A10_05038	96.172	209	8	0	276	484	1	209	6.80e-132	380
42P1R1A12_04626	42P1R1A12_04626	100.000	178	0	0	1	178	1	178	2.95e-134	372
42P1R1A12_04627	42P1R1A12_04627	100.000	211	0	0	1	211	1	211	2.47e-157	433
42P1R1A12_04628	42P1R1A12_04628	100.000	429	0	0	1	429	1	429	0.0	879
42P1R1A12_04629	42P1R1A12_04629	100.000	121	0	0	1	121	1	121	2.09e-78	226
42P1R1A12_04630	42P1R1A12_04630	100.000	338	0	0	1	338	1	338	0.0	676
42P1R1A12_04631	42P1R1A12_04631	100.000	852	0	0	1	852	1	852	0.0	1744
42P1R1A12_04632	42P1R1A12_04632	100.000	231	0	0	1	231	1	231	1.43e-172	473
42P1R1A12_04633	42P1R1A12_04633	100.000	187	0	0	1	187	1	187	7.18e-132	367
42P1R1A12_04634	42P1R1A12_04634	100.000	189	0	0	1	189	1	189	1.81e-136	379
42P1R1A12_04635	42P1R1A12_04635	100.000	343	0	0	1	343	1	343	0.0	701
42P1R1A12_04636	42P1R1A12_04636	100.000	189	0	0	1	189	1	189	3.70e-140	388
42P1R1A12_04636	10P3R2A13_01443	97.354	189	5	0	1	189	1	189	9.34e-138	382
42P1R1A12_04636	38P2R3A13_06023	96.296	189	7	0	1	189	1	189	5.18e-136	377
42P1R1A12_04636	18P3R3A11_01971	96.296	189	7	0	1	189	1	189	3.78e-135	375
42P1R1A12_04637	42P1R1A12_04637	100.000	44	0	0	1	44	1	44	7.04e-24	83.2
42P1R1A12_04638	42P1R1A12_04638	100.000	49	0	0	1	49	1	49	3.33e-28	94.4
42P1R1A12_04639	42P1R1A12_04639	100.000	106	0	0	1	106	1	106	2.81e-68	199
42P1R1A12_04640	42P1R1A12_04640	100.000	177	0	0	1	177	1	177	3.17e-131	364
42P1R1A12_04641	42P1R1A12_04641	100.000	120	0	0	1	120	1	120	1.03e-81	234
42P1R1A12_04642	42P1R1A12_04642	100.000	132	0	0	1	132	1	132	3.21e-91	259
42P1R1A12_04642	31P2R1A5_04233	96.212	132	5	0	1	132	1	132	6.29e-89	254
42P1R1A12_04643	42P1R1A12_04643	100.000	245	0	0	1	245	1	245	0.0	515
42P1R1A12_04643	31P2R1A5_04232	97.551	245	6	0	1	245	1	245	0.0	504
42P1R1A12_04643	18P3R3A11_01981	96.735	245	8	0	1	245	1	245	0.0	501
42P1R1A12_04644	42P1R1A12_04644	100.000	597	0	0	1	597	1	597	0.0	1243
42P1R1A12_04644	31P2R1A5_04231	96.482	597	21	0	1	597	1	597	0.0	1208
42P1R1A12_04644	18P3R3A11_01982	96.482	597	21	0	1	597	1	597	0.0	1159
42P1R1A12_04644	56P2R2A4_03904	96.583	556	19	0	42	597	1	556	0.0	1128
42P1R1A12_04645	42P1R1A12_04645	100.000	326	0	0	1	326	1	326	0.0	676
42P1R1A12_04645	51P2R2A10_04369	97.853	326	7	0	1	326	1	326	0.0	664
42P1R1A12_04645	31P2R1A5_04230	95.706	326	14	0	1	326	1	326	0.0	650
42P1R1A12_04646	42P1R1A12_04646	100.000	501	0	0	1	501	1	501	0.0	1000
42P1R1A12_04647	42P1R1A12_04647	100.000	1109	0	0	1	1109	1	1109	0.0	2229
42P1R1A12_04648	42P1R1A12_04648	100.000	321	0	0	1	321	1	321	0.0	659
42P1R1A12_04648	51P2R2A10_04371	97.508	321	8	0	1	321	1	321	0.0	646
42P1R1A12_04649	42P1R1A12_04649	100.000	354	0	0	1	354	1	354	0.0	731
42P1R1A12_04650	42P1R1A12_04650	100.000	182	0	0	1	182	1	182	3.70e-136	377
42P1R1A12_04650	18P3R3A11_01988	97.802	182	4	0	1	182	1	182	2.59e-133	370
42P1R1A12_04650	10P3R2A13_01460	95.055	182	9	0	1	182	1	182	4.97e-130	362
42P1R1A12_04650	24P1R3A1_01938	95.055	182	9	0	1	182	24	205	7.08e-130	362
42P1R1A12_04651	42P1R1A12_04651	100.000	244	0	0	1	244	1	244	0.0	506
42P1R1A12_04651	51P2R2A10_04374	97.131	244	7	0	1	244	34	277	9.18e-180	494
42P1R1A12_04655	42P1R1A12_04655	100.000	380	0	0	1	380	1	380	0.0	781
42P1R1A12_04655	51P2R2A10_04378	96.316	380	14	0	1	380	1	380	0.0	757
42P1R1A12_04656	42P1R1A12_04656	100.000	504	0	0	1	504	1	504	0.0	1003
42P1R1A12_04657	42P1R1A12_04657	100.000	154	0	0	1	154	1	154	5.09e-113	317
42P1R1A12_04658	42P1R1A12_04658	100.000	443	0	0	1	443	1	443	0.0	895
42P1R1A12_04659	42P1R1A12_04659	100.000	630	0	0	1	630	1	630	0.0	1280
42P1R1A12_04659	51P2R2A10_04382	96.835	632	18	1	1	630	1	632	0.0	1243
42P1R1A12_04660	42P1R1A12_04660	100.000	302	0	0	1	302	1	302	0.0	616
42P1R1A12_04660	31P2R1A5_04215	97.682	302	7	0	1	302	16	317	0.0	602
42P1R1A12_04661	42P1R1A12_04661	100.000	103	0	0	1	103	1	103	7.68e-73	211
42P1R1A12_04661	31P2R1A5_04214	96.117	103	4	0	1	103	1	103	4.83e-70	204
42P1R1A12_04662	42P1R1A12_04662	100.000	427	0	0	1	427	1	427	0.0	867
42P1R1A12_04662	31P2R1A5_04213	97.658	427	10	0	1	427	1	427	0.0	854
42P1R1A12_04663	42P1R1A12_04663	100.000	419	0	0	1	419	1	419	0.0	852
42P1R1A12_04664	42P1R1A12_04664	100.000	335	0	0	1	335	1	335	0.0	674
42P1R1A12_04664	31P2R1A5_04211	97.910	335	7	0	1	335	1	335	0.0	662
42P1R1A12_04665	42P1R1A12_04665	100.000	66	0	0	1	66	1	66	4.32e-41	128
42P1R1A12_04667	42P1R1A12_04667	100.000	142	0	0	1	142	1	142	3.34e-103	291
42P1R1A12_04667	31P2R1A5_04207	97.183	142	4	0	1	142	1	142	3.52e-100	283
42P1R1A12_04668	42P1R1A12_04668	100.000	817	0	0	1	817	1	817	0.0	1684
42P1R1A12_04669	42P1R1A12_04669	100.000	244	0	0	1	244	1	244	0.0	498
42P1R1A12_04669	56P2R2A4_03881	96.694	242	8	0	1	242	1	242	8.96e-176	483
42P1R1A12_04669	10P3R2A13_01478	95.082	244	12	0	1	244	1	244	2.29e-175	481
42P1R1A12_04669	38P2R3A13_06528	95.868	242	10	0	1	242	1	242	5.24e-175	481
42P1R1A12_04669	31P2R1A5_04205	95.902	244	10	0	1	244	1	244	9.87e-175	480
42P1R1A12_04670	42P1R1A12_04670	100.000	118	0	0	1	118	1	118	1.36e-83	239
42P1R1A12_04671	42P1R1A12_04671	100.000	546	0	0	1	546	1	546	0.0	1117
42P1R1A12_04671	51P2R2A10_04395	97.070	546	16	0	1	546	1	546	0.0	1093
42P1R1A12_04672	42P1R1A12_04672	100.000	96	0	0	1	96	1	96	3.63e-68	199
42P1R1A12_04672	51P2R2A10_04396	97.917	96	2	0	1	96	1	96	4.90e-67	196
42P1R1A12_04673	42P1R1A12_04673	100.000	103	0	0	1	103	1	103	6.51e-73	211
42P1R1A12_04674	42P1R1A12_04674	100.000	239	0	0	1	239	1	239	1.66e-179	491
42P1R1A12_04675	42P1R1A12_04675	100.000	252	0	0	1	252	1	252	0.0	517
42P1R1A12_04675	31P2R1A5_04200	95.238	252	12	0	1	252	1	252	0.0	496
42P1R1A12_04676	42P1R1A12_04676	100.000	355	0	0	1	355	1	355	0.0	744
42P1R1A12_04676	31P2R1A5_04199	97.183	355	10	0	1	355	1	355	0.0	729
42P1R1A12_04676	18P3R3A11_02013	95.775	355	15	0	1	355	1	355	0.0	721
42P1R1A12_04676	15P1R1A16_00545	95.536	112	5	0	244	355	1	112	3.51e-76	230
42P1R1A12_04677	42P1R1A12_04677	100.000	467	0	0	1	467	1	467	0.0	939
42P1R1A12_04677	31P2R1A5_04198	96.360	467	17	0	1	467	1	467	0.0	908
42P1R1A12_04677	18P3R3A11_02014	96.146	467	18	0	1	467	1	467	0.0	885
42P1R1A12_04677	10P3R2A13_01491	95.699	465	20	0	1	465	1	465	0.0	876
42P1R1A12_04677	27P2R2A12_01559	95.224	335	16	0	131	465	1	335	0.0	649
42P1R1A12_04679	42P1R1A12_04679	100.000	156	0	0	1	156	1	156	1.11e-113	318
42P1R1A12_04679	18P3R3A11_02016	96.154	156	6	0	1	156	1	156	7.51e-110	309
42P1R1A12_04680	42P1R1A12_04680	100.000	217	0	0	1	217	1	217	2.84e-160	441
42P1R1A12_04681	42P1R1A12_04681	100.000	285	0	0	1	285	1	285	0.0	590
42P1R1A12_04681	51P2R2A10_04405	95.789	285	12	0	1	285	1	285	0.0	569
42P1R1A12_04681	28P2R1A12_01697	98.438	128	2	0	113	240	1	128	4.89e-93	271
42P1R1A12_04682	42P1R1A12_04682	100.000	229	0	0	1	229	1	229	4.56e-173	474
42P1R1A12_04683	42P1R1A12_04683	100.000	398	0	0	1	398	1	398	0.0	785
42P1R1A12_04683	51P2R2A10_04407	96.231	398	15	0	1	398	1	398	0.0	726
42P1R1A12_04684	42P1R1A12_04684	100.000	92	0	0	1	92	1	92	6.37e-62	182
42P1R1A12_04686	42P1R1A12_04686	100.000	105	0	0	1	105	1	105	1.84e-74	215
42P1R1A12_04686	31P2R1A5_04189	97.143	105	3	0	1	105	1	105	4.91e-73	211
42P1R1A12_04686	47P2R3A6_02792	95.238	105	5	0	1	105	1	105	5.34e-71	206
42P1R1A12_04688	42P1R1A12_04688	100.000	150	0	0	1	150	1	150	1.05e-103	293
42P1R1A12_04688	18P3R3A11_02024	96.667	150	5	0	1	150	1	150	1.92e-100	285
42P1R1A12_04688	47P2R3A6_02790	96.000	150	6	0	1	150	1	150	5.94e-100	283
42P1R1A12_04689	42P1R1A12_04689	100.000	317	0	0	1	317	1	317	0.0	635
42P1R1A12_04689	51P2R2A10_04413	97.049	305	9	0	1	305	1	305	0.0	595
42P1R1A12_04691	42P1R1A12_04691	100.000	207	0	0	1	207	1	207	2.98e-149	412
42P1R1A12_04691	31P2R1A5_04185	96.618	207	7	0	1	207	1	207	1.50e-145	403
42P1R1A12_04692	42P1R1A12_04692	100.000	468	0	0	1	468	1	468	0.0	937
42P1R1A12_04692	31P2R1A5_04184	97.863	468	10	0	1	468	1	468	0.0	920
42P1R1A12_04693	42P1R1A12_04693	100.000	221	0	0	1	221	1	221	1.75e-166	457
42P1R1A12_04693	31P2R1A5_04183	95.023	221	11	0	1	221	1	221	5.20e-158	436
42P1R1A12_04694	42P1R1A12_04694	100.000	324	0	0	1	324	1	324	0.0	635
42P1R1A12_04695	42P1R1A12_04695	100.000	275	0	0	1	275	1	275	0.0	563
42P1R1A12_04696	42P1R1A12_04696	100.000	283	0	0	1	283	1	283	0.0	561
42P1R1A12_04697	42P1R1A12_04697	100.000	126	0	0	1	126	1	126	4.78e-90	256
42P1R1A12_04698	42P1R1A12_04698	100.000	648	0	0	1	648	1	648	0.0	1335
42P1R1A12_04698	51P2R2A10_04429	97.994	648	13	0	1	648	1	648	0.0	1310
42P1R1A12_04699	42P1R1A12_04699	100.000	248	0	0	1	248	1	248	0.0	514
42P1R1A12_04699	31P2R1A5_04931	95.968	248	10	0	1	248	1	248	2.82e-168	464
42P1R1A12_04700	42P1R1A12_04700	100.000	186	0	0	1	186	1	186	3.93e-137	380
42P1R1A12_04700	51P2R2A10_04431	97.312	186	5	0	1	186	1	186	5.05e-133	370
42P1R1A12_04702	42P1R1A12_04702	100.000	291	0	0	1	291	1	291	0.0	608
42P1R1A12_04702	51P2R2A10_04433	96.907	291	9	0	1	291	1	291	0.0	592
42P1R1A12_04703	42P1R1A12_04703	100.000	670	0	0	1	670	1	670	0.0	1399
42P1R1A12_04703	51P2R2A10_04434	96.567	670	23	0	1	670	1	670	0.0	1355
42P1R1A12_04704	42P1R1A12_04704	100.000	411	0	0	1	411	1	411	0.0	824
42P1R1A12_04704	51P2R2A10_04435	97.567	411	10	0	1	411	1	411	0.0	807
42P1R1A12_04705	42P1R1A12_04705	100.000	448	0	0	1	448	1	448	0.0	909
42P1R1A12_04705	31P2R1A5_04925	96.154	442	17	0	1	442	1	442	0.0	867
42P1R1A12_04706	42P1R1A12_04706	100.000	213	0	0	1	213	1	213	6.86e-162	445
42P1R1A12_04706	54P2R2A3_03972	95.305	213	10	0	1	213	1	213	4.69e-154	425
42P1R1A12_04707	42P1R1A12_04707	100.000	578	0	0	1	578	1	578	0.0	1176
42P1R1A12_04708	42P1R1A12_04708	100.000	1259	0	0	1	1259	1	1259	0.0	2537
42P1R1A12_04708	51P2R2A10_04439	97.935	1259	26	0	1	1259	1	1259	0.0	2499
42P1R1A12_04709	42P1R1A12_04709	100.000	115	0	0	1	115	1	115	2.89e-83	238
42P1R1A12_04710	42P1R1A12_04710	100.000	597	0	0	1	597	1	597	0.0	1233
42P1R1A12_04711	42P1R1A12_04711	100.000	288	0	0	1	288	1	288	0.0	594
42P1R1A12_04711	51P2R2A10_02929	96.516	287	10	0	1	287	1	287	0.0	577
42P1R1A12_04712	42P1R1A12_04712	100.000	476	0	0	1	476	1	476	0.0	936
42P1R1A12_04712	51P2R2A10_02930	97.689	476	11	0	1	476	1	476	0.0	920
42P1R1A12_04713	42P1R1A12_04713	100.000	415	0	0	1	415	1	415	0.0	844
42P1R1A12_04713	51P2R2A10_02931	97.831	415	9	0	1	415	1	415	0.0	828
42P1R1A12_04714	42P1R1A12_04714	100.000	327	0	0	1	327	1	327	0.0	662
42P1R1A12_04714	51P2R2A10_02932	97.859	327	7	0	1	327	1	327	0.0	647
42P1R1A12_04715	42P1R1A12_04715	100.000	104	0	0	1	104	1	104	1.40e-71	208
42P1R1A12_04715	51P2R2A10_02933	95.192	104	5	0	1	104	1	104	1.82e-68	200
42P1R1A12_04716	42P1R1A12_04716	100.000	206	0	0	1	206	1	206	1.20e-153	424
42P1R1A12_04717	42P1R1A12_04717	100.000	193	0	0	1	193	1	193	4.03e-134	373
42P1R1A12_04717	51P2R2A10_02935	95.855	193	8	0	1	193	1	193	7.58e-129	360
42P1R1A12_04718	42P1R1A12_04718	100.000	226	0	0	1	226	1	226	9.33e-171	468
42P1R1A12_04719	42P1R1A12_04719	100.000	846	0	0	1	846	1	846	0.0	1729
42P1R1A12_04719	51P2R2A10_02937	96.099	846	33	0	1	846	1	846	0.0	1652
42P1R1A12_04720	42P1R1A12_04720	100.000	545	0	0	1	545	1	545	0.0	1125
42P1R1A12_04721	42P1R1A12_04721	100.000	228	0	0	1	228	1	228	2.82e-172	473
42P1R1A12_04722	42P1R1A12_04722	100.000	214	0	0	1	214	1	214	9.88e-161	442
42P1R1A12_04722	51P2R2A10_02940	96.682	211	7	0	1	211	1	211	7.31e-154	425
42P1R1A12_04723	42P1R1A12_04723	100.000	310	0	0	1	310	1	310	0.0	635
42P1R1A12_04723	51P2R2A10_02941	95.161	310	15	0	1	310	1	310	0.0	610
42P1R1A12_04724	42P1R1A12_04724	100.000	250	0	0	1	250	1	250	9.95e-179	491
42P1R1A12_04724	51P2R2A10_02942	97.200	250	7	0	1	250	1	250	9.28e-173	476
42P1R1A12_04725	42P1R1A12_04725	100.000	139	0	0	1	139	1	139	3.70e-103	290
42P1R1A12_04726	42P1R1A12_04726	100.000	384	0	0	1	384	1	384	0.0	791
42P1R1A12_04726	51P2R2A10_02944	95.052	384	19	0	1	384	1	384	0.0	756
42P1R1A12_04727	42P1R1A12_04727	100.000	342	0	0	1	342	1	342	0.0	705
42P1R1A12_04727	51P2R2A10_02945	96.765	340	11	0	1	340	1	340	0.0	682
42P1R1A12_04728	42P1R1A12_04728	100.000	414	0	0	1	414	1	414	0.0	832
42P1R1A12_04728	31P2R1A5_04480	96.135	414	16	0	1	414	1	414	0.0	804
42P1R1A12_04729	42P1R1A12_04729	100.000	459	0	0	1	459	1	459	0.0	908
42P1R1A12_04729	51P2R2A10_02947	97.386	459	12	0	1	459	1	459	0.0	889
42P1R1A12_04729	31P2R1A5_04479	95.643	459	20	0	1	459	1	459	0.0	877
42P1R1A12_04730	42P1R1A12_04730	100.000	746	0	0	1	746	1	746	0.0	1530
42P1R1A12_04731	42P1R1A12_04731	100.000	318	0	0	1	318	1	318	0.0	647
42P1R1A12_04732	42P1R1A12_04732	100.000	259	0	0	1	259	1	259	0.0	528
42P1R1A12_04733	42P1R1A12_04733	100.000	393	0	0	1	393	1	393	0.0	808
42P1R1A12_04733	51P2R2A10_02951	97.710	393	9	0	1	393	1	393	0.0	789
42P1R1A12_04734	42P1R1A12_04734	100.000	161	0	0	1	161	1	161	3.54e-116	325
42P1R1A12_04735	42P1R1A12_04735	100.000	131	0	0	1	131	1	131	1.35e-87	250
42P1R1A12_04736	42P1R1A12_04736	100.000	373	0	0	1	373	1	373	0.0	776
42P1R1A12_04737	42P1R1A12_04737	100.000	361	0	0	1	361	1	361	0.0	694
42P1R1A12_04738	42P1R1A12_04738	100.000	264	0	0	1	264	1	264	0.0	519
42P1R1A12_04739	42P1R1A12_04739	100.000	308	0	0	1	308	1	308	0.0	628
42P1R1A12_04739	51P2R2A10_02954	95.130	308	15	0	1	308	1	308	0.0	595
42P1R1A12_04740	42P1R1A12_04740	100.000	506	0	0	1	506	1	506	0.0	1041
42P1R1A12_04740	51P2R2A10_02955	95.652	506	22	0	1	506	1	506	0.0	1002
42P1R1A12_04741	42P1R1A12_04741	100.000	457	0	0	1	457	1	457	0.0	904
42P1R1A12_04741	18P3R3A11_00020	95.186	457	22	0	1	457	1	457	0.0	872
42P1R1A12_04742	42P1R1A12_04742	100.000	467	0	0	1	467	1	467	0.0	968
42P1R1A12_04742	51P2R2A10_02957	95.289	467	22	0	1	467	1	467	0.0	924
42P1R1A12_04743	42P1R1A12_04743	100.000	335	0	0	1	335	1	335	0.0	694
42P1R1A12_04743	51P2R2A10_02958	97.313	335	9	0	1	335	1	335	0.0	676
42P1R1A12_04743	31P2R1A5_04450	95.796	333	14	0	1	333	1	333	0.0	667
42P1R1A12_04744	42P1R1A12_04744	100.000	280	0	0	1	280	1	280	0.0	570
42P1R1A12_04744	51P2R2A10_02959	97.143	280	8	0	1	280	1	280	0.0	555
42P1R1A12_04745	42P1R1A12_04745	100.000	475	0	0	1	475	1	475	0.0	984
42P1R1A12_04745	51P2R2A10_02960	97.895	475	10	0	1	475	1	475	0.0	965
42P1R1A12_04746	42P1R1A12_04746	100.000	627	0	0	1	627	1	627	0.0	1259
42P1R1A12_04746	51P2R2A10_02961	97.608	627	15	0	1	627	1	627	0.0	1233
42P1R1A12_04747	42P1R1A12_04747	100.000	293	0	0	1	293	1	293	0.0	603
42P1R1A12_04747	51P2R2A10_02962	99.317	293	2	0	1	293	18	310	0.0	602
42P1R1A12_04748	42P1R1A12_04748	100.000	305	0	0	1	305	1	305	0.0	588
42P1R1A12_04749	42P1R1A12_04749	100.000	369	0	0	1	369	1	369	0.0	726
42P1R1A12_04750	42P1R1A12_04750	100.000	256	0	0	1	256	1	256	0.0	524
42P1R1A12_04750	51P2R2A10_02965	97.656	256	6	0	1	256	1	256	0.0	514
42P1R1A12_04751	42P1R1A12_04751	100.000	240	0	0	1	240	1	240	1.60e-173	476
42P1R1A12_04752	42P1R1A12_04752	100.000	386	0	0	1	386	1	386	0.0	778
42P1R1A12_04752	18P3R3A11_00874	95.596	386	17	0	1	386	1	386	0.0	750
42P1R1A12_04753	42P1R1A12_04753	100.000	161	0	0	1	161	1	161	1.21e-118	331
42P1R1A12_04753	51P2R2A10_02968	96.894	161	5	0	1	161	1	161	7.23e-115	322
42P1R1A12_04754	42P1R1A12_04754	100.000	414	0	0	1	414	1	414	0.0	840
42P1R1A12_04754	51P2R2A10_02969	95.652	414	18	0	1	414	1	414	0.0	799
42P1R1A12_04755	42P1R1A12_04755	100.000	344	0	0	1	344	1	344	0.0	672
42P1R1A12_04756	42P1R1A12_04756	100.000	495	0	0	1	495	1	495	0.0	1009
42P1R1A12_04757	42P1R1A12_04757	100.000	308	0	0	1	308	1	308	0.0	615
42P1R1A12_04757	31P2R1A5_04446	95.130	308	15	0	1	308	1	308	0.0	600
42P1R1A12_04758	42P1R1A12_04758	100.000	344	0	0	1	344	1	344	0.0	701
42P1R1A12_04758	51P2R2A10_02973	95.058	344	17	0	1	344	1	344	0.0	670
42P1R1A12_04759	42P1R1A12_04759	100.000	336	0	0	1	336	1	336	0.0	671
42P1R1A12_04760	42P1R1A12_04760	100.000	344	0	0	1	344	1	344	0.0	709
42P1R1A12_04760	51P2R2A10_02975	96.221	344	13	0	1	344	1	344	0.0	684
42P1R1A12_04761	42P1R1A12_04761	100.000	292	0	0	1	292	1	292	0.0	591
42P1R1A12_04762	42P1R1A12_04762	100.000	138	0	0	1	138	1	138	3.77e-101	285
42P1R1A12_04763	42P1R1A12_04763	100.000	506	0	0	1	506	1	506	0.0	1040
42P1R1A12_04763	31P2R1A5_04438	97.233	506	14	0	1	506	1	506	0.0	1019
42P1R1A12_04763	31P2R1A5_02387	95.455	506	23	0	1	506	1	506	0.0	999
42P1R1A12_04763	42P1R1A12_03869	95.059	506	25	0	1	506	1	506	0.0	992
42P1R1A12_04766	42P1R1A12_04766	100.000	446	0	0	1	446	1	446	0.0	890
42P1R1A12_04766	51P2R2A10_02981	96.861	446	14	0	1	446	1	446	0.0	869
42P1R1A12_04766	31P2R1A5_04435	96.861	446	13	1	1	446	1	445	0.0	862
42P1R1A12_04767	42P1R1A12_04767	100.000	526	0	0	1	526	1	526	0.0	1090
42P1R1A12_04767	51P2R2A10_02982	96.388	526	19	0	1	526	1	526	0.0	1052
42P1R1A12_04768	42P1R1A12_04768	100.000	289	0	0	1	289	1	289	0.0	602
42P1R1A12_04769	42P1R1A12_04769	100.000	292	0	0	1	292	1	292	0.0	592
42P1R1A12_04770	42P1R1A12_04770	100.000	181	0	0	1	181	1	181	1.08e-133	371
42P1R1A12_04771	42P1R1A12_04771	100.000	276	0	0	1	276	1	276	0.0	552
42P1R1A12_04772	42P1R1A12_04772	100.000	659	0	0	1	659	1	659	0.0	1372
42P1R1A12_04773	42P1R1A12_04773	100.000	205	0	0	1	205	1	205	3.71e-155	427
42P1R1A12_04774	42P1R1A12_04774	100.000	282	0	0	1	282	1	282	0.0	584
42P1R1A12_04775	42P1R1A12_04775	100.000	464	0	0	1	464	1	464	0.0	910
42P1R1A12_04775	31P2R1A5_00033	95.043	464	23	0	1	464	1	464	0.0	849
42P1R1A12_04775	38P2R3A13_07399	95.200	250	12	0	215	464	1	250	1.23e-161	456
42P1R1A12_04776	42P1R1A12_04776	100.000	197	0	0	1	197	1	197	1.48e-144	400
42P1R1A12_04777	42P1R1A12_04777	100.000	254	0	0	1	254	1	254	0.0	512
42P1R1A12_04777	51P2R2A10_01900	95.669	254	11	0	1	254	1	254	3.29e-179	492
42P1R1A12_04778	42P1R1A12_04778	100.000	223	0	0	1	223	1	223	3.81e-162	446
42P1R1A12_04778	51P2R2A10_01901	95.964	223	9	0	1	223	1	223	3.26e-154	426
42P1R1A12_04779	42P1R1A12_04779	100.000	179	0	0	1	179	1	179	4.61e-130	362
42P1R1A12_04780	42P1R1A12_04780	100.000	133	0	0	1	133	1	133	9.04e-97	274
42P1R1A12_04780	51P2R2A10_01903	97.692	130	3	0	1	130	1	130	1.88e-93	265
42P1R1A12_04781	42P1R1A12_04781	100.000	727	0	0	1	727	1	727	0.0	1477
42P1R1A12_04781	51P2R2A10_01904	96.703	728	23	1	1	727	1	728	0.0	1432
42P1R1A12_04782	42P1R1A12_04782	100.000	439	0	0	1	439	1	439	0.0	875
42P1R1A12_04783	42P1R1A12_04783	100.000	180	0	0	1	180	1	180	1.78e-129	360
42P1R1A12_04783	31P2R1A5_00040	96.111	180	7	0	1	180	1	180	1.33e-125	350
42P1R1A12_04784	42P1R1A12_04784	100.000	248	0	0	1	248	1	248	9.57e-174	478
42P1R1A12_04785	42P1R1A12_04785	100.000	213	0	0	1	213	1	213	4.36e-158	435
42P1R1A12_04786	42P1R1A12_04786	100.000	82	0	0	1	82	1	82	6.75e-56	166
42P1R1A12_04787	42P1R1A12_04787	100.000	208	0	0	1	208	1	208	1.98e-156	431
42P1R1A12_04788	42P1R1A12_04788	100.000	293	0	0	1	293	1	293	0.0	605
42P1R1A12_04789	42P1R1A12_04789	100.000	235	0	0	1	235	1	235	5.50e-175	480
42P1R1A12_04790	42P1R1A12_04790	100.000	300	0	0	1	300	1	300	0.0	599
42P1R1A12_04791	42P1R1A12_04791	100.000	316	0	0	1	316	1	316	0.0	631
42P1R1A12_04792	42P1R1A12_04792	100.000	152	0	0	1	152	1	152	1.20e-109	308
42P1R1A12_04793	42P1R1A12_04793	100.000	270	0	0	1	270	1	270	0.0	541
42P1R1A12_04794	42P1R1A12_04794	100.000	398	0	0	1	398	1	398	0.0	816
42P1R1A12_04794	31P2R1A5_00053	97.487	398	10	0	1	398	1	398	0.0	801
42P1R1A12_04794	18P3R3A11_00711	95.477	398	18	0	1	398	1	398	0.0	790
42P1R1A12_04795	42P1R1A12_04795	100.000	453	0	0	1	453	1	453	0.0	934
42P1R1A12_04795	51P2R2A10_01915	95.585	453	20	0	1	453	1	453	0.0	895
42P1R1A12_04796	42P1R1A12_04796	100.000	532	0	0	1	532	1	532	0.0	1087
42P1R1A12_04796	31P2R1A5_00055	97.368	532	14	0	1	532	1	532	0.0	1056
42P1R1A12_04797	42P1R1A12_04797	100.000	521	0	0	1	521	1	521	0.0	1062
42P1R1A12_04797	31P2R1A5_00056	95.393	521	24	0	1	521	1	521	0.0	1017
42P1R1A12_04798	42P1R1A12_04798	100.000	290	0	0	1	290	1	290	0.0	595
42P1R1A12_04799	42P1R1A12_04799	100.000	207	0	0	1	207	1	207	3.98e-154	425
42P1R1A12_04800	42P1R1A12_04800	100.000	296	0	0	1	296	1	296	0.0	598
42P1R1A12_04800	31P2R1A5_00060	95.681	301	8	1	1	296	1	301	0.0	579
42P1R1A12_04800	18P3R3A11_00718	95.608	296	9	2	1	296	1	292	0.0	561
42P1R1A12_04801	42P1R1A12_04801	100.000	455	0	0	1	455	1	455	0.0	918
42P1R1A12_04802	42P1R1A12_04802	100.000	787	0	0	1	787	1	787	0.0	1618
42P1R1A12_04802	51P2R2A10_01923	95.924	785	32	0	1	785	1	785	0.0	1553
42P1R1A12_04803	42P1R1A12_04803	100.000	325	0	0	1	325	1	325	0.0	674
42P1R1A12_04804	42P1R1A12_04804	100.000	197	0	0	1	197	1	197	3.61e-147	406
42P1R1A12_04804	51P2R2A10_01925	97.462	197	5	0	1	197	1	197	6.01e-144	398
42P1R1A12_04805	42P1R1A12_04805	100.000	254	0	0	1	254	1	254	0.0	529
42P1R1A12_04806	42P1R1A12_04806	100.000	364	0	0	1	364	1	364	0.0	743
42P1R1A12_04806	51P2R2A10_01927	97.708	349	8	0	16	364	1	349	0.0	697
42P1R1A12_04807	42P1R1A12_04807	100.000	84	0	0	1	84	1	84	1.33e-58	173
42P1R1A12_04807	31P2R1A5_00064	96.429	84	3	0	1	84	1	84	3.77e-56	167
42P1R1A12_04808	42P1R1A12_04808	100.000	866	0	0	1	866	1	866	0.0	1805
42P1R1A12_04808	31P2R1A5_00065	96.651	866	29	0	1	866	1	866	0.0	1757
42P1R1A12_04810	42P1R1A12_04810	100.000	56	0	0	1	56	1	56	7.15e-35	111
42P1R1A12_04811	42P1R1A12_04811	100.000	891	0	0	1	891	1	891	0.0	1833
42P1R1A12_04812	42P1R1A12_04812	100.000	197	0	0	1	197	1	197	4.64e-147	406
42P1R1A12_04812	31P2R1A5_00069	98.462	195	3	0	1	195	1	195	2.14e-144	399
42P1R1A12_04812	18P3R3A11_00727	96.447	197	7	0	1	197	1	197	3.19e-143	396
42P1R1A12_04812	38P2R3A13_07120	95.402	87	4	0	1	87	1	87	5.85e-58	177
42P1R1A12_04812	38P2R3A13_07121	95.161	62	3	0	136	197	1	62	3.81e-36	120
42P1R1A12_04813	42P1R1A12_04813	100.000	256	0	0	1	256	1	256	0.0	502
42P1R1A12_04813	51P2R2A10_01934	95.312	256	12	0	1	256	1	256	1.34e-176	486
42P1R1A12_04814	42P1R1A12_04814	100.000	103	0	0	1	103	1	103	2.48e-69	202
42P1R1A12_04815	42P1R1A12_04815	100.000	390	0	0	1	390	1	390	0.0	804
42P1R1A12_04815	31P2R1A5_00072	95.801	381	16	0	10	390	10	390	0.0	759
42P1R1A12_04815	54P2R2A3_03429	95.801	381	16	0	10	390	10	390	0.0	759
42P1R1A12_04816	42P1R1A12_04816	100.000	246	0	0	1	246	1	246	0.0	499
42P1R1A12_04816	51P2R2A10_01937	96.748	246	8	0	1	246	1	246	2.65e-176	484
42P1R1A12_04816	31P2R1A5_00073	95.473	243	11	0	1	243	1	243	3.29e-168	464
42P1R1A12_04817	42P1R1A12_04817	100.000	109	0	0	1	109	1	109	8.90e-72	209
42P1R1A12_04817	51P2R2A10_01938	97.248	109	3	0	1	109	1	109	5.76e-70	204
42P1R1A12_04818	42P1R1A12_04818	100.000	74	0	0	1	74	1	74	2.80e-45	139
42P1R1A12_04818	15P1R1A16_00515	98.182	55	1	0	20	74	1	55	1.09e-31	104
42P1R1A12_04819	42P1R1A12_04819	100.000	240	0	0	1	240	1	240	0.0	495
42P1R1A12_04819	51P2R2A10_01940	97.917	240	5	0	1	240	11	250	1.31e-176	485
42P1R1A12_04820	42P1R1A12_04820	100.000	61	0	0	1	61	1	61	3.97e-39	122
42P1R1A12_04821	42P1R1A12_04821	100.000	645	0	0	1	645	1	645	0.0	1328
42P1R1A12_04822	42P1R1A12_04822	100.000	386	0	0	1	386	1	386	0.0	778
42P1R1A12_04823	42P1R1A12_04823	100.000	263	0	0	1	263	1	263	0.0	535
42P1R1A12_04823	31P2R1A5_00080	95.437	263	12	0	1	263	1	263	0.0	515
42P1R1A12_04824	42P1R1A12_04824	100.000	270	0	0	1	270	1	270	0.0	553
42P1R1A12_04824	31P2R1A5_00087	95.556	270	12	0	1	270	1	270	0.0	532
42P1R1A12_04825	42P1R1A12_04825	100.000	331	0	0	1	331	1	331	0.0	686
42P1R1A12_04825	31P2R1A5_00088	95.166	331	16	0	1	331	1	331	0.0	660
42P1R1A12_04826	42P1R1A12_04826	100.000	297	0	0	1	297	1	297	0.0	583
42P1R1A12_04826	31P2R1A5_00089	96.296	297	11	0	1	297	1	297	0.0	565
42P1R1A12_04827	42P1R1A12_04827	100.000	410	0	0	1	410	1	410	0.0	852
42P1R1A12_04828	42P1R1A12_04828	100.000	103	0	0	1	103	1	103	3.57e-72	209
42P1R1A12_04829	42P1R1A12_04829	100.000	164	0	0	1	164	1	164	1.54e-123	344
42P1R1A12_04830	42P1R1A12_04830	100.000	370	0	0	1	370	1	370	0.0	768
42P1R1A12_04831	42P1R1A12_04831	100.000	954	0	0	1	954	1	954	0.0	1967
42P1R1A12_04832	42P1R1A12_04832	100.000	53	0	0	1	53	1	53	5.09e-34	109
42P1R1A12_04833	42P1R1A12_04833	100.000	64	0	0	1	64	1	64	2.45e-41	128
42P1R1A12_04834	42P1R1A12_04834	100.000	211	0	0	1	211	1	211	4.64e-153	422
42P1R1A12_04835	42P1R1A12_04835	100.000	95	0	0	1	95	1	95	1.46e-68	199
42P1R1A12_04836	42P1R1A12_04836	100.000	107	0	0	1	107	1	107	7.07e-74	214
42P1R1A12_04837	42P1R1A12_04837	100.000	286	0	0	1	286	1	286	0.0	587
42P1R1A12_04838	42P1R1A12_04838	100.000	248	0	0	1	248	1	248	0.0	518
42P1R1A12_04839	42P1R1A12_04839	100.000	123	0	0	1	123	1	123	5.53e-87	248
42P1R1A12_04840	42P1R1A12_04840	100.000	67	0	0	1	67	1	67	7.17e-44	135
42P1R1A12_04841	42P1R1A12_04841	100.000	89	0	0	1	89	1	89	1.17e-61	181
42P1R1A12_04842	42P1R1A12_04842	100.000	369	0	0	1	369	1	369	0.0	739
42P1R1A12_04843	42P1R1A12_04843	100.000	215	0	0	1	215	1	215	2.24e-157	434
42P1R1A12_04844	42P1R1A12_04844	100.000	543	0	0	1	543	1	543	0.0	1117
42P1R1A12_04845	42P1R1A12_04845	100.000	89	0	0	1	89	1	89	1.36e-62	184
42P1R1A12_04846	42P1R1A12_04846	100.000	81	0	0	1	81	1	81	7.66e-53	159
42P1R1A12_04847	42P1R1A12_04847	100.000	200	0	0	1	200	1	200	8.09e-149	411
42P1R1A12_04848	42P1R1A12_04848	100.000	69	0	0	1	69	1	69	1.80e-48	147
42P1R1A12_04849	42P1R1A12_04849	100.000	99	0	0	1	99	1	99	4.96e-70	203
42P1R1A12_04850	42P1R1A12_04850	100.000	47	0	0	1	47	1	47	3.46e-29	96.7
42P1R1A12_04851	42P1R1A12_04851	100.000	274	0	0	1	274	1	274	0.0	572
42P1R1A12_04852	42P1R1A12_04852	100.000	176	0	0	1	176	1	176	5.45e-130	361
42P1R1A12_04853	42P1R1A12_04853	100.000	430	0	0	1	430	1	430	0.0	850
42P1R1A12_04853	51P2R2A10_03348	96.279	430	16	0	1	430	1	430	0.0	814
42P1R1A12_04854	42P1R1A12_04854	100.000	283	0	0	1	283	1	283	0.0	587
42P1R1A12_04855	42P1R1A12_04855	100.000	310	0	0	1	310	1	310	0.0	629
42P1R1A12_04856	42P1R1A12_04856	100.000	344	0	0	1	344	1	344	0.0	696
42P1R1A12_04857	42P1R1A12_04857	100.000	466	0	0	1	466	1	466	0.0	914
42P1R1A12_04858	42P1R1A12_04858	100.000	447	0	0	1	447	1	447	0.0	925
42P1R1A12_04859	42P1R1A12_04859	100.000	283	0	0	1	283	1	283	0.0	579
42P1R1A12_04860	42P1R1A12_04860	100.000	296	0	0	1	296	1	296	0.0	582
42P1R1A12_04861	42P1R1A12_04861	100.000	543	0	0	1	543	1	543	0.0	1113
42P1R1A12_04862	42P1R1A12_04862	100.000	184	0	0	1	184	1	184	5.46e-138	382
42P1R1A12_04863	42P1R1A12_04863	100.000	86	0	0	1	86	1	86	5.93e-59	174
42P1R1A12_04863	32P3R2A9_02326	96.512	86	3	0	1	86	1	86	8.18e-58	172
42P1R1A12_04864	42P1R1A12_04864	100.000	395	0	0	1	395	1	395	0.0	821
42P1R1A12_04865	42P1R1A12_04865	100.000	492	0	0	1	492	1	492	0.0	1018
42P1R1A12_04866	42P1R1A12_04866	100.000	259	0	0	1	259	1	259	0.0	532
42P1R1A12_04866	51P2R2A10_03359	97.297	259	7	0	1	259	1	259	0.0	518
42P1R1A12_04867	42P1R1A12_04867	100.000	345	0	0	1	345	1	345	0.0	712
42P1R1A12_04868	42P1R1A12_04868	100.000	697	0	0	1	697	1	697	0.0	1441
42P1R1A12_04869	42P1R1A12_04869	100.000	84	0	0	1	84	1	84	8.86e-57	169
42P1R1A12_04870	42P1R1A12_04870	100.000	483	0	0	1	483	1	483	0.0	983
42P1R1A12_04870	51P2R2A10_03363	97.516	483	12	0	1	483	1	483	0.0	961
42P1R1A12_04871	42P1R1A12_04871	100.000	468	0	0	1	468	1	468	0.0	948
42P1R1A12_04872	42P1R1A12_04872	100.000	416	0	0	1	416	1	416	0.0	863
42P1R1A12_04872	51P2R2A10_03365	98.798	416	5	0	1	416	14	429	0.0	857
42P1R1A12_04873	42P1R1A12_04873	100.000	185	0	0	1	185	1	185	3.27e-136	378
42P1R1A12_04873	51P2R2A10_03366	96.757	185	6	0	1	185	1	185	7.85e-132	367
42P1R1A12_04874	42P1R1A12_04874	100.000	696	0	0	1	696	1	696	0.0	1418
42P1R1A12_04875	42P1R1A12_04875	100.000	406	0	0	1	406	1	406	0.0	808
42P1R1A12_04875	51P2R2A10_03368	97.291	406	11	0	1	406	1	406	0.0	786
42P1R1A12_04876	42P1R1A12_04876	100.000	461	0	0	1	461	1	461	0.0	923
42P1R1A12_04877	42P1R1A12_04877	100.000	342	0	0	1	342	1	342	0.0	707
42P1R1A12_04877	51P2R2A10_03370	97.076	342	10	0	1	342	1	342	0.0	693
42P1R1A12_04878	42P1R1A12_04878	100.000	405	0	0	1	405	1	405	0.0	844
42P1R1A12_04878	51P2R2A10_03371	95.515	379	17	0	27	405	1	379	0.0	759
42P1R1A12_04879	42P1R1A12_04879	100.000	372	0	0	1	372	1	372	0.0	769
42P1R1A12_04879	51P2R2A10_03372	97.312	372	10	0	1	372	1	372	0.0	748
42P1R1A12_04880	42P1R1A12_04880	100.000	137	0	0	1	137	1	137	8.86e-98	276
42P1R1A12_04880	51P2R2A10_03373	96.350	137	5	0	1	137	1	137	9.32e-95	269
42P1R1A12_04881	42P1R1A12_04881	100.000	473	0	0	1	473	1	473	0.0	974
42P1R1A12_04882	42P1R1A12_04882	100.000	169	0	0	1	169	1	169	2.82e-121	338
42P1R1A12_04882	51P2R2A10_03375	95.210	167	8	0	1	167	1	167	7.49e-115	322
42P1R1A12_04883	42P1R1A12_04883	100.000	133	0	0	1	133	1	133	1.20e-96	273
42P1R1A12_04883	51P2R2A10_03376	96.992	133	4	0	1	133	1	133	2.61e-93	265
42P1R1A12_04884	42P1R1A12_04884	100.000	415	0	0	1	415	1	415	0.0	861
42P1R1A12_04886	42P1R1A12_04886	100.000	486	0	0	1	486	1	486	0.0	998
42P1R1A12_04886	15P1R1A16_04409	95.122	41	2	0	446	486	1	41	1.20e-19	82.0
42P1R1A12_04887	42P1R1A12_04887	100.000	155	0	0	1	155	1	155	1.82e-112	315
42P1R1A12_04888	42P1R1A12_04888	100.000	352	0	0	1	352	1	352	0.0	723
42P1R1A12_04889	42P1R1A12_04889	100.000	286	0	0	1	286	1	286	0.0	589
42P1R1A12_04889	51P2R2A10_03382	95.105	286	14	0	1	286	1	286	0.0	564
42P1R1A12_04890	42P1R1A12_04890	100.000	72	0	0	1	72	1	72	2.36e-47	144
42P1R1A12_04891	42P1R1A12_04891	100.000	408	0	0	1	408	1	408	0.0	846
42P1R1A12_04891	31P2R1A5_03129	97.549	408	10	0	1	408	1	408	0.0	830
42P1R1A12_04891	54P2R2A3_01923	96.078	408	16	0	1	408	1	408	0.0	760
42P1R1A12_04893	42P1R1A12_04893	100.000	213	0	0	1	213	1	213	6.16e-155	427
42P1R1A12_04893	31P2R1A5_03127	96.244	213	8	0	1	213	1	213	3.83e-149	413
42P1R1A12_04894	42P1R1A12_04894	100.000	265	0	0	1	265	1	265	0.0	538
42P1R1A12_04894	51P2R2A10_03387	95.849	265	11	0	1	265	1	265	7.03e-180	495
42P1R1A12_04895	42P1R1A12_04895	100.000	413	0	0	1	413	1	413	0.0	827
42P1R1A12_04896	42P1R1A12_04896	100.000	448	0	0	1	448	1	448	0.0	914
42P1R1A12_04896	51P2R2A10_03389	97.321	448	12	0	1	448	1	448	0.0	895
42P1R1A12_04897	42P1R1A12_04897	100.000	247	0	0	1	247	1	247	0.0	515
42P1R1A12_04898	42P1R1A12_04898	100.000	256	0	0	1	256	1	256	0.0	535
42P1R1A12_04898	51P2R2A10_03391	97.656	256	6	0	1	256	1	256	0.0	522
42P1R1A12_04900	42P1R1A12_04900	100.000	815	0	0	1	815	1	815	0.0	1671
42P1R1A12_04900	31P2R1A5_03120	95.215	815	39	0	1	815	1	815	0.0	1560
42P1R1A12_04901	42P1R1A12_04901	100.000	257	0	0	1	257	1	257	0.0	535
42P1R1A12_04903	42P1R1A12_04903	100.000	247	0	0	1	247	1	247	0.0	513
42P1R1A12_04904	42P1R1A12_04904	100.000	156	0	0	1	156	1	156	4.82e-117	327
42P1R1A12_04905	42P1R1A12_04905	100.000	241	0	0	1	241	1	241	0.0	498
42P1R1A12_04906	42P1R1A12_04906	100.000	252	0	0	1	252	1	252	0.0	528
42P1R1A12_04907	42P1R1A12_04907	100.000	456	0	0	1	456	1	456	0.0	931
42P1R1A12_04908	42P1R1A12_04908	100.000	278	0	0	1	278	1	278	0.0	574
42P1R1A12_04908	51P2R2A10_03401	97.842	278	6	0	1	278	1	278	0.0	563
42P1R1A12_04909	42P1R1A12_04909	100.000	269	0	0	1	269	1	269	0.0	552
42P1R1A12_04909	31P2R1A5_03108	95.539	269	12	0	1	269	1	269	0.0	533
42P1R1A12_04910	42P1R1A12_04910	100.000	397	0	0	1	397	1	397	0.0	761
42P1R1A12_04910	51P2R2A10_03403	97.733	397	9	0	1	397	1	397	0.0	742
42P1R1A12_04911	42P1R1A12_04911	100.000	301	0	0	1	301	1	301	0.0	612
42P1R1A12_04912	42P1R1A12_04912	100.000	268	0	0	1	268	1	268	0.0	545
42P1R1A12_04912	51P2R2A10_03405	95.149	268	13	0	1	268	1	268	0.0	522
42P1R1A12_04914	42P1R1A12_04914	100.000	257	0	0	1	257	1	257	0.0	518
42P1R1A12_04915	42P1R1A12_04915	100.000	251	0	0	1	251	1	251	0.0	506
42P1R1A12_04916	42P1R1A12_04916	100.000	218	0	0	1	218	1	218	2.59e-155	429
42P1R1A12_04917	42P1R1A12_04917	100.000	262	0	0	1	262	1	262	0.0	532
42P1R1A12_04918	42P1R1A12_04918	100.000	319	0	0	1	319	1	319	0.0	652
42P1R1A12_04919	42P1R1A12_04919	100.000	302	0	0	1	302	1	302	0.0	619
42P1R1A12_04920	42P1R1A12_04920	100.000	143	0	0	1	143	1	143	5.95e-104	293
42P1R1A12_04921	42P1R1A12_04921	100.000	97	0	0	1	97	1	97	1.13e-65	192
42P1R1A12_04922	42P1R1A12_04922	100.000	392	0	0	1	392	1	392	0.0	794
42P1R1A12_04922	31P2R1A5_00914	95.918	392	16	0	1	392	1	392	0.0	752
42P1R1A12_04924	42P1R1A12_04924	100.000	508	0	0	1	508	1	508	0.0	1037
42P1R1A12_04925	42P1R1A12_04925	100.000	267	0	0	1	267	1	267	0.0	519
42P1R1A12_04926	42P1R1A12_04926	100.000	281	0	0	1	281	1	281	0.0	574
42P1R1A12_04927	42P1R1A12_04927	100.000	336	0	0	1	336	1	336	0.0	689
42P1R1A12_04928	42P1R1A12_04928	100.000	341	0	0	1	341	1	341	0.0	684
42P1R1A12_04929	42P1R1A12_04929	100.000	338	0	0	1	338	1	338	0.0	681
42P1R1A12_04930	42P1R1A12_04930	100.000	240	0	0	1	240	1	240	5.38e-177	485
42P1R1A12_04931	42P1R1A12_04931	100.000	336	0	0	1	336	1	336	0.0	682
42P1R1A12_04932	42P1R1A12_04932	100.000	257	0	0	1	257	1	257	3.88e-179	492
42P1R1A12_04933	42P1R1A12_04933	100.000	259	0	0	1	259	1	259	0.0	524
42P1R1A12_04934	42P1R1A12_04934	100.000	184	0	0	1	184	1	184	5.59e-137	379
42P1R1A12_04934	51P2R2A10_01971	96.023	176	7	0	9	184	14	189	6.16e-127	354
42P1R1A12_04935	42P1R1A12_04935	100.000	394	0	0	1	394	1	394	0.0	810
42P1R1A12_04936	42P1R1A12_04936	100.000	64	0	0	1	64	1	64	8.16e-42	129
42P1R1A12_04937	42P1R1A12_04937	100.000	49	0	0	1	49	1	49	1.56e-30	100
42P1R1A12_04938	42P1R1A12_04938	100.000	75	0	0	1	75	1	75	1.74e-50	152
42P1R1A12_04939	42P1R1A12_04939	100.000	146	0	0	1	146	1	146	8.25e-108	303
42P1R1A12_04940	42P1R1A12_04940	100.000	235	0	0	1	235	1	235	1.56e-175	481
42P1R1A12_04941	42P1R1A12_04941	100.000	194	0	0	1	194	1	194	5.69e-144	398
42P1R1A12_04942	42P1R1A12_04942	100.000	145	0	0	1	145	1	145	1.79e-106	299
42P1R1A12_04943	42P1R1A12_04943	100.000	85	0	0	1	85	1	85	2.30e-58	173
42P1R1A12_04944	42P1R1A12_04944	100.000	112	0	0	1	112	1	112	4.41e-80	230
42P1R1A12_04945	42P1R1A12_04945	100.000	70	0	0	1	70	1	70	7.69e-46	140
42P1R1A12_04946	42P1R1A12_04946	100.000	114	0	0	1	114	1	114	1.16e-81	234
42P1R1A12_04947	42P1R1A12_04947	100.000	100	0	0	1	100	1	100	3.87e-71	206
42P1R1A12_04948	42P1R1A12_04948	100.000	233	0	0	1	233	1	233	3.28e-174	478
42P1R1A12_04949	42P1R1A12_04949	100.000	70	0	0	1	70	1	70	1.42e-45	139
42P1R1A12_04950	42P1R1A12_04950	100.000	100	0	0	1	100	1	100	6.64e-70	203
42P1R1A12_04951	42P1R1A12_04951	100.000	277	0	0	1	277	1	277	0.0	570
42P1R1A12_04952	42P1R1A12_04952	100.000	298	0	0	1	298	1	298	0.0	619
42P1R1A12_04953	42P1R1A12_04953	100.000	460	0	0	1	460	1	460	0.0	944
42P1R1A12_04954	42P1R1A12_04954	100.000	123	0	0	1	123	1	123	5.14e-90	256
42P1R1A12_04955	42P1R1A12_04955	100.000	261	0	0	1	261	1	261	0.0	540
42P1R1A12_04956	42P1R1A12_04956	100.000	166	0	0	1	166	1	166	1.93e-119	334
42P1R1A12_04957	42P1R1A12_04957	100.000	93	0	0	1	93	1	93	1.20e-62	184
42P1R1A12_04958	42P1R1A12_04958	100.000	70	0	0	1	70	1	70	3.05e-47	144
42P1R1A12_04959	42P1R1A12_04959	100.000	90	0	0	1	90	1	90	1.36e-60	179
42P1R1A12_04960	42P1R1A12_04960	100.000	168	0	0	1	168	1	168	1.47e-124	347
42P1R1A12_04961	42P1R1A12_04961	100.000	117	0	0	1	117	1	117	2.75e-83	238
42P1R1A12_04962	42P1R1A12_04962	100.000	213	0	0	1	213	1	213	1.24e-154	427
42P1R1A12_04963	42P1R1A12_04963	100.000	169	0	0	1	169	1	169	2.17e-120	336
42P1R1A12_04964	42P1R1A12_04964	100.000	67	0	0	1	67	1	67	2.42e-46	141
42P1R1A12_04965	42P1R1A12_04965	100.000	188	0	0	1	188	1	188	1.34e-139	387
42P1R1A12_04966	42P1R1A12_04966	100.000	708	0	0	1	708	1	708	0.0	1468
42P1R1A12_04967	42P1R1A12_04967	100.000	88	0	0	1	88	1	88	1.88e-58	173
42P1R1A12_04968	42P1R1A12_04968	100.000	546	0	0	1	546	1	546	0.0	1123
42P1R1A12_04968	44P3R3A6_00176	95.788	546	23	0	1	546	1	546	0.0	1093
42P1R1A12_04969	42P1R1A12_04969	100.000	290	0	0	1	290	1	290	0.0	594
42P1R1A12_04970	42P1R1A12_04970	100.000	193	0	0	1	193	1	193	2.72e-134	374
42P1R1A12_04971	42P1R1A12_04971	100.000	135	0	0	1	135	1	135	4.02e-95	270
42P1R1A12_04972	42P1R1A12_04972	100.000	350	0	0	1	350	1	350	0.0	714
42P1R1A12_04973	42P1R1A12_04973	100.000	127	0	0	1	127	1	127	4.50e-87	249
42P1R1A12_04974	42P1R1A12_04974	100.000	121	0	0	1	121	1	121	3.88e-86	246
42P1R1A12_04975	42P1R1A12_04975	100.000	182	0	0	1	182	1	182	3.30e-133	370
42P1R1A12_04976	42P1R1A12_04976	100.000	60	0	0	1	60	1	60	7.20e-38	119
42P1R1A12_04977	42P1R1A12_04977	100.000	506	0	0	1	506	1	506	0.0	1025
42P1R1A12_04978	42P1R1A12_04978	100.000	123	0	0	1	123	1	123	3.16e-87	249
42P1R1A12_04979	42P1R1A12_04979	100.000	93	0	0	1	93	1	93	5.35e-64	188
42P1R1A12_04980	42P1R1A12_04980	100.000	612	0	0	1	612	1	612	0.0	1254
42P1R1A12_04981	42P1R1A12_04981	100.000	245	0	0	1	245	1	245	0.0	505
42P1R1A12_04982	42P1R1A12_04982	100.000	467	0	0	1	467	1	467	0.0	950
42P1R1A12_04983	42P1R1A12_04983	100.000	360	0	0	1	360	1	360	0.0	741
42P1R1A12_04984	42P1R1A12_04984	100.000	193	0	0	1	193	1	193	5.45e-144	398
42P1R1A12_04985	42P1R1A12_04985	100.000	150	0	0	1	150	1	150	5.36e-107	301
42P1R1A12_04986	42P1R1A12_04986	100.000	383	0	0	1	383	1	383	0.0	781
42P1R1A12_04987	42P1R1A12_04987	100.000	223	0	0	1	223	1	223	3.38e-168	462
42P1R1A12_04988	42P1R1A12_04988	100.000	272	0	0	1	272	1	272	0.0	549
42P1R1A12_04989	42P1R1A12_04989	100.000	168	0	0	1	168	1	168	1.37e-121	339
42P1R1A12_04989	51P2R2A10_00050	95.238	168	8	0	1	168	1	168	1.39e-105	299
42P1R1A12_04990	42P1R1A12_04990	100.000	469	0	0	1	469	1	469	0.0	963
42P1R1A12_04991	42P1R1A12_04991	100.000	525	0	0	1	525	1	525	0.0	1074
42P1R1A12_04991	51P2R2A10_00052	97.714	525	12	0	1	525	1	525	0.0	1051
42P1R1A12_04992	42P1R1A12_04992	100.000	496	0	0	1	496	1	496	0.0	1009
42P1R1A12_04993	42P1R1A12_04993	100.000	177	0	0	1	177	1	177	4.63e-129	359
42P1R1A12_04994	42P1R1A12_04994	100.000	267	0	0	1	267	1	267	0.0	535
42P1R1A12_04995	42P1R1A12_04995	100.000	149	0	0	1	149	1	149	5.61e-107	301
42P1R1A12_04996	42P1R1A12_04996	100.000	87	0	0	1	87	1	87	3.43e-60	177
42P1R1A12_04996	51P2R2A10_00057	95.402	87	4	0	1	87	1	87	2.37e-56	168
42P1R1A12_04997	42P1R1A12_04997	100.000	381	0	0	1	381	1	381	0.0	771
42P1R1A12_04997	51P2R2A10_00058	95.538	381	17	0	1	381	1	381	0.0	745
42P1R1A12_04998	42P1R1A12_04998	100.000	401	0	0	1	401	1	401	0.0	822
42P1R1A12_04998	51P2R2A10_00059	96.758	401	13	0	1	401	1	401	0.0	800
42P1R1A12_04999	42P1R1A12_04999	100.000	275	0	0	1	275	1	275	0.0	570
42P1R1A12_04999	51P2R2A10_00060	96.364	275	10	0	1	275	1	275	0.0	553
42P1R1A12_05000	42P1R1A12_05000	100.000	157	0	0	1	157	1	157	5.45e-116	324
42P1R1A12_05000	51P2R2A10_00061	97.452	157	4	0	1	157	1	157	5.42e-113	317
42P1R1A12_05001	42P1R1A12_05001	100.000	462	0	0	1	462	1	462	0.0	944
42P1R1A12_05001	51P2R2A10_00062	96.970	462	14	0	1	462	1	462	0.0	913
42P1R1A12_05002	42P1R1A12_05002	100.000	458	0	0	1	458	1	458	0.0	945
42P1R1A12_05002	51P2R2A10_00063	97.817	458	10	0	1	458	1	458	0.0	927
42P1R1A12_05003	42P1R1A12_05003	100.000	221	0	0	1	221	1	221	5.89e-163	448
42P1R1A12_05003	51P2R2A10_00064	95.475	221	10	0	1	221	1	221	1.46e-155	429
42P1R1A12_05004	42P1R1A12_05004	100.000	73	0	0	1	73	1	73	1.92e-48	147
42P1R1A12_05005	42P1R1A12_05005	100.000	521	0	0	1	521	1	521	0.0	1094
42P1R1A12_05006	42P1R1A12_05006	100.000	484	0	0	1	484	1	484	0.0	1009
