42P1R1A12_05007	42P1R1A12_05007	100.000	294	0	0	1	294	1	294	0.0	599
42P1R1A12_05007	31P2R1A5_00871	97.619	294	7	0	1	294	1	294	0.0	586
42P1R1A12_05008	42P1R1A12_05008	100.000	1172	0	0	1	1172	1	1172	0.0	2438
42P1R1A12_05009	42P1R1A12_05009	100.000	104	0	0	1	104	1	104	1.27e-72	210
42P1R1A12_05009	51P2R2A10_00070	97.115	104	3	0	1	104	1	104	1.38e-70	205
42P1R1A12_05010	42P1R1A12_05010	100.000	701	0	0	1	701	1	701	0.0	1437
42P1R1A12_05010	31P2R1A5_00874	96.719	701	23	0	1	701	1	701	0.0	1402
42P1R1A12_05011	42P1R1A12_05011	100.000	475	0	0	1	475	1	475	0.0	980
42P1R1A12_05011	51P2R2A10_00072	97.474	475	12	0	1	475	1	475	0.0	962
42P1R1A12_05012	42P1R1A12_05012	100.000	389	0	0	1	389	1	389	0.0	798
42P1R1A12_05013	42P1R1A12_05013	100.000	479	0	0	1	479	1	479	0.0	975
42P1R1A12_05013	51P2R2A10_00074	96.033	479	19	0	1	479	1	479	0.0	942
42P1R1A12_05014	42P1R1A12_05014	100.000	158	0	0	1	158	1	158	1.83e-117	328
42P1R1A12_05015	42P1R1A12_05015	100.000	353	0	0	1	353	1	353	0.0	719
42P1R1A12_05016	42P1R1A12_05016	100.000	112	0	0	1	112	1	112	4.22e-76	220
42P1R1A12_05016	31P2R1A5_00880	98.113	106	2	0	1	106	1	106	2.80e-71	207
42P1R1A12_05016	10P3R2A13_00474	96.154	104	4	0	1	104	1	104	9.28e-69	201
42P1R1A12_05017	42P1R1A12_05017	100.000	71	0	0	1	71	1	71	2.02e-46	142
42P1R1A12_05018	42P1R1A12_05018	100.000	247	0	0	1	247	1	247	5.61e-170	468
42P1R1A12_05018	51P2R2A10_00079	97.571	247	6	0	1	247	1	247	1.09e-166	460
42P1R1A12_05019	42P1R1A12_05019	100.000	370	0	0	1	370	1	370	0.0	765
42P1R1A12_05019	51P2R2A10_00080	97.838	370	8	0	1	370	1	370	0.0	753
42P1R1A12_05020	42P1R1A12_05020	100.000	244	0	0	1	244	1	244	2.51e-175	481
42P1R1A12_05020	51P2R2A10_00081	97.131	244	7	0	1	244	1	244	7.14e-171	470
42P1R1A12_05021	42P1R1A12_05021	100.000	475	0	0	1	475	1	475	0.0	948
42P1R1A12_05022	42P1R1A12_05022	100.000	337	0	0	1	337	1	337	0.0	698
42P1R1A12_05023	42P1R1A12_05023	100.000	150	0	0	1	150	1	150	1.62e-108	305
42P1R1A12_05024	42P1R1A12_05024	100.000	314	0	0	1	314	1	314	0.0	646
42P1R1A12_05025	42P1R1A12_05025	100.000	335	0	0	1	335	1	335	0.0	686
42P1R1A12_05026	42P1R1A12_05026	100.000	130	0	0	1	130	1	130	7.67e-95	269
42P1R1A12_05027	42P1R1A12_05027	100.000	306	0	0	1	306	1	306	0.0	621
42P1R1A12_05028	42P1R1A12_05028	100.000	244	0	0	1	244	1	244	1.30e-179	492
42P1R1A12_05030	42P1R1A12_05030	100.000	166	0	0	1	166	1	166	2.17e-121	338
42P1R1A12_05030	51P2R2A10_00086	95.783	166	7	0	1	166	1	166	1.43e-118	332
42P1R1A12_05031	42P1R1A12_05031	100.000	642	0	0	1	642	1	642	0.0	1311
42P1R1A12_05031	51P2R2A10_00087	96.417	642	23	0	1	642	1	642	0.0	1270
42P1R1A12_05032	42P1R1A12_05032	100.000	111	0	0	1	111	1	111	4.74e-79	227
42P1R1A12_05033	42P1R1A12_05033	100.000	114	0	0	1	114	1	114	7.76e-80	229
42P1R1A12_05034	42P1R1A12_05034	100.000	233	0	0	1	233	1	233	6.63e-174	477
42P1R1A12_05034	51P2R2A10_00090	96.567	233	8	0	1	233	1	233	3.39e-168	462
42P1R1A12_05035	42P1R1A12_05035	100.000	511	0	0	1	511	1	511	0.0	1035
42P1R1A12_05036	42P1R1A12_05036	100.000	443	0	0	1	443	1	443	0.0	925
42P1R1A12_05037	42P1R1A12_05037	100.000	512	0	0	1	512	1	512	0.0	1045
42P1R1A12_05038	42P1R1A12_05038	100.000	302	0	0	1	302	1	302	0.0	600
42P1R1A12_05038	51P2R2A10_00094	96.358	302	11	0	1	302	1	302	0.0	586
42P1R1A12_05039	42P1R1A12_05039	100.000	168	0	0	1	168	1	168	8.86e-120	335
42P1R1A12_05039	51P2R2A10_00095	97.024	168	5	0	1	168	1	168	2.07e-116	326
42P1R1A12_05040	42P1R1A12_05040	100.000	176	0	0	1	176	1	176	2.46e-126	352
42P1R1A12_05041	42P1R1A12_05041	100.000	149	0	0	1	149	1	149	8.76e-109	305
42P1R1A12_05042	42P1R1A12_05042	100.000	217	0	0	1	217	1	217	1.10e-158	437
42P1R1A12_05043	42P1R1A12_05043	100.000	87	0	0	1	87	1	87	1.29e-57	171
42P1R1A12_05044	42P1R1A12_05044	100.000	159	0	0	1	159	1	159	3.48e-114	320
42P1R1A12_05045	42P1R1A12_05045	100.000	211	0	0	1	211	1	211	3.75e-156	430
42P1R1A12_05045	51P2R2A10_00726	99.444	180	1	0	32	211	1	180	5.67e-127	355
42P1R1A12_05046	42P1R1A12_05046	100.000	104	0	0	1	104	1	104	4.93e-73	211
42P1R1A12_05047	42P1R1A12_05047	100.000	91	0	0	1	91	1	91	2.79e-61	181
42P1R1A12_05047	51P2R2A10_00728	96.703	91	3	0	1	91	1	91	9.49e-59	174
42P1R1A12_05048	42P1R1A12_05048	100.000	85	0	0	1	85	1	85	1.78e-56	168
42P1R1A12_05049	42P1R1A12_05049	100.000	88	0	0	1	88	1	88	2.59e-61	181
42P1R1A12_05049	51P2R2A10_00730	96.591	88	3	0	1	88	1	88	3.04e-59	175
42P1R1A12_05050	42P1R1A12_05050	100.000	363	0	0	1	363	1	363	0.0	748
42P1R1A12_05050	51P2R2A10_00731	97.521	363	9	0	1	363	1	363	0.0	730
42P1R1A12_05051	42P1R1A12_05051	100.000	417	0	0	1	417	1	417	0.0	828
42P1R1A12_05052	42P1R1A12_05052	100.000	1036	0	0	1	1036	1	1036	0.0	2141
42P1R1A12_05053	42P1R1A12_05053	100.000	357	0	0	1	357	1	357	0.0	728
42P1R1A12_05054	42P1R1A12_05054	100.000	145	0	0	1	145	1	145	4.68e-107	301
42P1R1A12_05055	42P1R1A12_05055	100.000	403	0	0	1	403	1	403	0.0	830
42P1R1A12_05055	51P2R2A10_00736	96.766	402	13	0	1	402	1	402	0.0	801
42P1R1A12_05056	42P1R1A12_05056	100.000	104	0	0	1	104	1	104	3.38e-67	197
42P1R1A12_05057	42P1R1A12_05057	100.000	94	0	0	1	94	1	94	2.56e-66	194
42P1R1A12_05058	42P1R1A12_05058	100.000	326	0	0	1	326	1	326	0.0	681
42P1R1A12_05059	42P1R1A12_05059	100.000	344	0	0	1	344	1	344	0.0	708
42P1R1A12_05059	51P2R2A10_00739	95.058	344	17	0	1	344	1	344	0.0	676
42P1R1A12_05060	42P1R1A12_05060	100.000	93	0	0	1	93	1	93	9.09e-63	185
42P1R1A12_05061	42P1R1A12_05061	100.000	32	0	0	1	32	1	32	6.78e-17	64.7
42P1R1A12_05061	51P2R2A10_00745	96.875	32	1	0	1	32	1	32	4.74e-16	62.8
42P1R1A12_05062	42P1R1A12_05062	100.000	337	0	0	1	337	1	337	0.0	683
42P1R1A12_05062	51P2R2A10_00748	95.413	327	15	0	1	327	1	327	0.0	637
42P1R1A12_05063	42P1R1A12_05063	100.000	131	0	0	1	131	1	131	3.08e-95	270
42P1R1A12_05063	51P2R2A10_00749	95.420	131	6	0	1	131	1	131	1.94e-91	260
42P1R1A12_05064	42P1R1A12_05064	100.000	368	0	0	1	368	1	368	0.0	760
42P1R1A12_05065	42P1R1A12_05065	100.000	424	0	0	1	424	1	424	0.0	874
42P1R1A12_05065	31P2R1A5_00386	96.226	424	16	0	1	424	1	424	0.0	847
42P1R1A12_05066	42P1R1A12_05066	100.000	525	0	0	1	525	1	525	0.0	1030
42P1R1A12_05066	51P2R2A10_00752	97.143	525	15	0	1	525	1	525	0.0	1001
42P1R1A12_05067	42P1R1A12_05067	100.000	358	0	0	1	358	1	358	0.0	698
42P1R1A12_05068	42P1R1A12_05068	100.000	266	0	0	1	266	1	266	0.0	536
42P1R1A12_05069	42P1R1A12_05069	100.000	233	0	0	1	233	1	233	9.46e-171	469
42P1R1A12_05070	42P1R1A12_05070	100.000	65	0	0	1	65	1	65	1.55e-41	129
42P1R1A12_05071	42P1R1A12_05071	100.000	157	0	0	1	157	1	157	4.65e-108	304
42P1R1A12_05072	42P1R1A12_05072	100.000	398	0	0	1	398	1	398	0.0	789
42P1R1A12_05073	42P1R1A12_05073	100.000	300	0	0	1	300	1	300	0.0	572
42P1R1A12_05073	51P2R2A10_00758	97.000	300	9	0	1	300	1	300	0.0	557
42P1R1A12_05074	42P1R1A12_05074	100.000	73	0	0	1	73	1	73	1.64e-49	150
42P1R1A12_05074	51P2R2A10_00759	95.890	73	3	0	1	73	1	73	9.85e-48	145
42P1R1A12_05075	42P1R1A12_05075	100.000	127	0	0	1	127	1	127	4.24e-93	264
42P1R1A12_05076	42P1R1A12_05076	100.000	145	0	0	1	145	1	145	5.20e-104	293
42P1R1A12_05077	42P1R1A12_05077	100.000	223	0	0	1	223	1	223	6.52e-161	443
42P1R1A12_05078	42P1R1A12_05078	100.000	400	0	0	1	400	1	400	0.0	782
42P1R1A12_05079	42P1R1A12_05079	100.000	264	0	0	1	264	1	264	0.0	543
42P1R1A12_05080	42P1R1A12_05080	100.000	263	0	0	1	263	1	263	0.0	544
42P1R1A12_05081	42P1R1A12_05081	100.000	315	0	0	1	315	1	315	0.0	644
42P1R1A12_05081	51P2R2A10_00775	96.825	315	10	0	1	315	1	315	0.0	629
42P1R1A12_05082	42P1R1A12_05082	100.000	161	0	0	1	161	1	161	2.66e-116	325
42P1R1A12_05083	42P1R1A12_05083	100.000	293	0	0	1	293	1	293	0.0	599
42P1R1A12_05083	31P2R1A5_00411	96.587	293	10	0	1	293	1	293	0.0	580
42P1R1A12_05084	42P1R1A12_05084	100.000	462	0	0	1	462	1	462	0.0	942
42P1R1A12_05084	51P2R2A10_00778	96.104	462	18	0	1	462	2	463	0.0	915
42P1R1A12_05085	42P1R1A12_05085	100.000	309	0	0	1	309	1	309	0.0	635
42P1R1A12_05085	31P2R1A5_00413	95.469	309	14	0	1	309	1	309	0.0	614
42P1R1A12_05086	42P1R1A12_05086	100.000	125	0	0	1	125	1	125	4.31e-92	261
42P1R1A12_05086	51P2R2A10_00780	95.122	123	6	0	1	123	1	123	7.11e-86	246
42P1R1A12_05087	42P1R1A12_05087	100.000	471	0	0	1	471	1	471	0.0	947
42P1R1A12_05088	42P1R1A12_05088	100.000	177	0	0	1	177	1	177	8.81e-131	363
42P1R1A12_05088	51P2R2A10_00782	96.610	177	6	0	1	177	1	177	2.74e-127	354
42P1R1A12_05089	42P1R1A12_05089	100.000	484	0	0	1	484	1	484	0.0	993
42P1R1A12_05089	51P2R2A10_00783	95.041	484	24	0	1	484	1	484	0.0	946
42P1R1A12_05090	42P1R1A12_05090	100.000	147	0	0	1	147	1	147	3.77e-109	306
42P1R1A12_05090	51P2R2A10_00784	96.599	147	5	0	1	147	1	147	3.94e-104	293
42P1R1A12_05091	42P1R1A12_05091	100.000	33	0	0	1	33	1	33	8.39e-17	64.7
42P1R1A12_05092	42P1R1A12_05092	100.000	251	0	0	1	251	1	251	0.0	517
42P1R1A12_05093	42P1R1A12_05093	100.000	267	0	0	1	267	1	267	0.0	545
42P1R1A12_05094	42P1R1A12_05094	100.000	140	0	0	1	140	1	140	1.16e-101	286
42P1R1A12_05095	42P1R1A12_05095	100.000	100	0	0	1	100	1	100	2.66e-71	207
42P1R1A12_05096	42P1R1A12_05096	100.000	104	0	0	1	104	1	104	2.12e-69	202
42P1R1A12_05097	42P1R1A12_05097	100.000	130	0	0	1	130	1	130	5.92e-97	274
42P1R1A12_05098	42P1R1A12_05098	100.000	323	0	0	1	323	1	323	0.0	673
42P1R1A12_05099	42P1R1A12_05099	100.000	100	0	0	1	100	1	100	1.50e-68	200
42P1R1A12_05100	42P1R1A12_05100	100.000	89	0	0	1	89	1	89	7.39e-61	179
42P1R1A12_05101	42P1R1A12_05101	100.000	82	0	0	1	82	1	82	3.63e-57	170
42P1R1A12_05101	42P1R1A12_03964	97.015	67	2	0	10	76	21	87	1.78e-44	138
42P1R1A12_05102	42P1R1A12_05102	100.000	80	0	0	1	80	1	80	1.45e-55	166
42P1R1A12_05103	42P1R1A12_05103	100.000	181	0	0	1	181	1	181	6.23e-133	369
42P1R1A12_05104	42P1R1A12_05104	100.000	245	0	0	1	245	1	245	0.0	509
42P1R1A12_05105	42P1R1A12_05105	100.000	257	0	0	1	257	1	257	0.0	517
42P1R1A12_05106	42P1R1A12_05106	100.000	232	0	0	1	232	1	232	4.03e-170	467
42P1R1A12_05107	42P1R1A12_05107	100.000	251	0	0	1	251	1	251	0.0	508
42P1R1A12_05108	42P1R1A12_05108	100.000	308	0	0	1	308	1	308	0.0	634
42P1R1A12_05109	42P1R1A12_05109	100.000	401	0	0	1	401	1	401	0.0	824
42P1R1A12_05110	42P1R1A12_05110	100.000	258	0	0	1	258	1	258	0.0	522
42P1R1A12_05111	42P1R1A12_05111	100.000	329	0	0	1	329	1	329	0.0	661
42P1R1A12_05112	42P1R1A12_05112	100.000	230	0	0	1	230	1	230	1.16e-170	468
42P1R1A12_05113	42P1R1A12_05113	100.000	279	0	0	1	279	1	279	0.0	567
42P1R1A12_05114	42P1R1A12_05114	100.000	306	0	0	1	306	1	306	0.0	604
42P1R1A12_05115	42P1R1A12_05115	100.000	424	0	0	1	424	1	424	0.0	868
42P1R1A12_05116	42P1R1A12_05116	100.000	450	0	0	1	450	1	450	0.0	924
42P1R1A12_05116	31P2R1A5_05133	95.333	450	21	0	1	450	1	450	0.0	858
42P1R1A12_05117	42P1R1A12_05117	100.000	155	0	0	1	155	1	155	4.31e-109	306
42P1R1A12_05118	42P1R1A12_05118	100.000	239	0	0	1	239	1	239	1.02e-179	492
42P1R1A12_05119	42P1R1A12_05119	100.000	269	0	0	1	269	1	269	0.0	550
42P1R1A12_05120	42P1R1A12_05120	100.000	332	0	0	1	332	1	332	0.0	667
42P1R1A12_05121	42P1R1A12_05121	100.000	189	0	0	1	189	1	189	5.15e-133	370
42P1R1A12_05122	42P1R1A12_05122	100.000	599	0	0	1	599	1	599	0.0	1223
42P1R1A12_05123	42P1R1A12_05123	100.000	408	0	0	1	408	1	408	0.0	822
42P1R1A12_05124	42P1R1A12_05124	100.000	474	0	0	1	474	1	474	0.0	941
42P1R1A12_05125	42P1R1A12_05125	100.000	293	0	0	1	293	1	293	0.0	593
42P1R1A12_05126	42P1R1A12_05126	100.000	233	0	0	1	233	1	233	3.00e-168	462
42P1R1A12_05127	42P1R1A12_05127	100.000	340	0	0	1	340	1	340	0.0	664
42P1R1A12_05128	42P1R1A12_05128	100.000	469	0	0	1	469	1	469	0.0	967
42P1R1A12_05129	42P1R1A12_05129	100.000	91	0	0	1	91	1	91	4.78e-64	188
42P1R1A12_05130	42P1R1A12_05130	100.000	539	0	0	1	539	1	539	0.0	1103
42P1R1A12_05131	42P1R1A12_05131	100.000	238	0	0	1	238	1	238	7.37e-178	487
42P1R1A12_05131	51P2R2A10_01969	97.059	238	7	0	1	238	1	238	8.58e-172	472
42P1R1A12_05132	42P1R1A12_05132	100.000	322	0	0	1	322	1	322	0.0	649
42P1R1A12_05132	51P2R2A10_01968	96.894	322	10	0	1	322	1	322	0.0	628
42P1R1A12_05134	42P1R1A12_05134	100.000	352	0	0	1	352	1	352	0.0	673
42P1R1A12_05134	51P2R2A10_01966	96.023	352	14	0	1	352	1	352	0.0	648
42P1R1A12_05135	42P1R1A12_05135	100.000	514	0	0	1	514	1	514	0.0	1050
42P1R1A12_05135	31P2R1A5_00104	95.136	514	25	0	1	514	1	514	0.0	1010
42P1R1A12_05136	42P1R1A12_05136	100.000	354	0	0	1	354	1	354	0.0	709
42P1R1A12_05136	51P2R2A10_01964	95.480	354	16	0	1	354	1	354	0.0	610
42P1R1A12_05137	42P1R1A12_05137	100.000	466	0	0	1	466	1	466	0.0	957
42P1R1A12_05137	31P2R1A5_00102	95.708	466	20	0	1	466	1	466	0.0	926
42P1R1A12_05138	42P1R1A12_05138	100.000	105	0	0	1	105	1	105	6.36e-75	216
42P1R1A12_05138	51P2R2A10_01962	96.190	105	4	0	1	105	1	105	5.62e-72	209
42P1R1A12_05139	42P1R1A12_05139	100.000	77	0	0	1	77	1	77	2.09e-48	147
42P1R1A12_05140	42P1R1A12_05140	100.000	120	0	0	1	120	1	120	6.34e-84	240
42P1R1A12_05141	42P1R1A12_05141	100.000	75	0	0	1	75	1	75	2.53e-50	152
42P1R1A12_05142	42P1R1A12_05142	100.000	223	0	0	1	223	1	223	1.59e-157	435
42P1R1A12_05143	42P1R1A12_05143	100.000	325	0	0	1	325	1	325	0.0	659
42P1R1A12_05144	42P1R1A12_05144	100.000	464	0	0	1	464	1	464	0.0	906
42P1R1A12_05145	42P1R1A12_05145	100.000	390	0	0	1	390	1	390	0.0	804
42P1R1A12_05145	51P2R2A10_01955	97.949	390	8	0	1	390	1	390	0.0	793
42P1R1A12_05146	42P1R1A12_05146	100.000	554	0	0	1	554	1	554	0.0	1110
42P1R1A12_05147	42P1R1A12_05147	100.000	195	0	0	1	195	1	195	1.45e-140	389
42P1R1A12_05147	51P2R2A10_01954	95.385	195	9	0	1	195	575	769	1.38e-129	382
42P1R1A12_05148	42P1R1A12_05148	100.000	95	0	0	1	95	1	95	3.27e-67	196
42P1R1A12_05148	51P2R2A10_01953	96.842	95	3	0	1	95	1	95	3.49e-64	188
42P1R1A12_05149	42P1R1A12_05149	100.000	548	0	0	1	548	1	548	0.0	1132
42P1R1A12_05149	51P2R2A10_01952	97.628	548	13	0	1	548	1	548	0.0	1107
42P1R1A12_05150	42P1R1A12_05150	100.000	322	0	0	1	322	1	322	0.0	640
42P1R1A12_05150	31P2R1A5_00090	95.349	301	14	0	22	322	22	322	0.0	556
42P1R1A12_05151	42P1R1A12_05151	100.000	184	0	0	1	184	1	184	1.18e-132	369
42P1R1A12_05151	42P1R1A12_03417	95.109	184	9	0	1	184	1	184	8.08e-128	356
42P1R1A12_05151	42P1R1A12_06154	96.111	180	7	0	1	180	1	180	8.11e-124	347
42P1R1A12_05152	42P1R1A12_05152	100.000	364	0	0	1	364	1	364	0.0	749
42P1R1A12_05153	42P1R1A12_05153	100.000	144	0	0	1	144	1	144	1.71e-103	291
42P1R1A12_05154	42P1R1A12_05154	100.000	159	0	0	1	159	1	159	1.26e-112	316
42P1R1A12_05155	42P1R1A12_05155	100.000	267	0	0	1	267	1	267	0.0	524
42P1R1A12_05156	42P1R1A12_05156	100.000	287	0	0	1	287	1	287	0.0	575
42P1R1A12_05157	42P1R1A12_05157	100.000	896	0	0	1	896	1	896	0.0	1834
42P1R1A12_05158	42P1R1A12_05158	100.000	286	0	0	1	286	1	286	0.0	579
42P1R1A12_05159	42P1R1A12_05159	100.000	660	0	0	1	660	1	660	0.0	1333
42P1R1A12_05160	42P1R1A12_05160	100.000	500	0	0	1	500	1	500	0.0	1014
42P1R1A12_05161	42P1R1A12_05161	100.000	407	0	0	1	407	1	407	0.0	809
42P1R1A12_05162	42P1R1A12_05162	100.000	143	0	0	1	143	1	143	1.10e-102	290
42P1R1A12_05163	42P1R1A12_05163	100.000	184	0	0	1	184	1	184	3.02e-132	367
42P1R1A12_05164	42P1R1A12_05164	100.000	122	0	0	1	122	1	122	2.09e-86	247
42P1R1A12_05165	42P1R1A12_05165	100.000	200	0	0	1	200	1	200	3.41e-147	407
42P1R1A12_05166	42P1R1A12_05166	100.000	329	0	0	1	329	1	329	0.0	672
42P1R1A12_05167	42P1R1A12_05167	100.000	402	0	0	1	402	1	402	0.0	826
42P1R1A12_05168	42P1R1A12_05168	100.000	165	0	0	1	165	1	165	5.23e-121	338
42P1R1A12_05169	42P1R1A12_05169	100.000	247	0	0	1	247	1	247	0.0	498
42P1R1A12_05170	42P1R1A12_05170	100.000	281	0	0	1	281	1	281	0.0	551
42P1R1A12_05171	42P1R1A12_05171	100.000	218	0	0	1	218	1	218	1.46e-163	449
42P1R1A12_05171	51P2R2A10_02928	97.706	218	5	0	1	218	1	218	1.33e-159	439
42P1R1A12_05172	42P1R1A12_05172	100.000	123	0	0	1	123	1	123	3.10e-90	256
42P1R1A12_05172	51P2R2A10_02927	98.347	121	2	0	1	121	1	121	8.28e-88	250
42P1R1A12_05173	42P1R1A12_05173	100.000	194	0	0	1	194	1	194	1.65e-144	399
42P1R1A12_05173	51P2R2A10_02926	96.875	192	6	0	1	192	1	192	9.10e-139	385
42P1R1A12_05174	42P1R1A12_05174	100.000	367	0	0	1	367	1	367	0.0	757
42P1R1A12_05174	51P2R2A10_02925	96.458	367	13	0	1	367	1	367	0.0	730
42P1R1A12_05176	42P1R1A12_05176	100.000	207	0	0	1	207	1	207	3.74e-152	420
42P1R1A12_05177	42P1R1A12_05177	100.000	218	0	0	1	218	1	218	4.08e-159	438
42P1R1A12_05178	42P1R1A12_05178	100.000	450	0	0	1	450	1	450	0.0	947
42P1R1A12_05179	42P1R1A12_05179	100.000	567	0	0	1	567	1	567	0.0	1186
42P1R1A12_05180	42P1R1A12_05180	100.000	465	0	0	1	465	1	465	0.0	936
42P1R1A12_05181	42P1R1A12_05181	100.000	331	0	0	1	331	1	331	0.0	680
42P1R1A12_05182	42P1R1A12_05182	100.000	83	0	0	1	83	1	83	3.79e-53	159
42P1R1A12_05182	51P2R2A10_02921	96.386	83	3	0	1	83	1	83	4.11e-52	157
42P1R1A12_05183	42P1R1A12_05183	100.000	37	0	0	1	37	1	37	3.01e-18	68.6
42P1R1A12_05184	42P1R1A12_05184	100.000	908	0	0	1	908	1	908	0.0	1858
42P1R1A12_05185	42P1R1A12_05185	100.000	361	0	0	1	361	1	361	0.0	726
42P1R1A12_05186	42P1R1A12_05186	100.000	1031	0	0	1	1031	1	1031	0.0	2062
42P1R1A12_05187	42P1R1A12_05187	100.000	240	0	0	1	240	1	240	4.79e-180	493
42P1R1A12_05187	51P2R2A10_02916	95.556	225	10	0	16	240	16	240	5.24e-161	445
42P1R1A12_05188	42P1R1A12_05188	100.000	372	0	0	1	372	1	372	0.0	776
42P1R1A12_05188	51P2R2A10_02915	96.505	372	13	0	1	372	1	372	0.0	756
42P1R1A12_05189	42P1R1A12_05189	100.000	555	0	0	1	555	1	555	0.0	1139
42P1R1A12_05189	51P2R2A10_02914	97.297	555	15	0	1	555	1	555	0.0	1110
42P1R1A12_05190	42P1R1A12_05190	100.000	318	0	0	1	318	1	318	0.0	627
42P1R1A12_05190	31P2R1A5_04504	95.283	318	15	0	1	318	1	318	0.0	582
42P1R1A12_05191	42P1R1A12_05191	100.000	298	0	0	1	298	1	298	0.0	579
42P1R1A12_05192	42P1R1A12_05192	100.000	348	0	0	1	348	1	348	0.0	714
42P1R1A12_05193	42P1R1A12_05193	100.000	337	0	0	1	337	1	337	0.0	684
42P1R1A12_05193	51P2R2A10_02910	96.439	337	12	0	1	337	1	337	0.0	659
42P1R1A12_05194	42P1R1A12_05194	100.000	395	0	0	1	395	1	395	0.0	803
42P1R1A12_05194	51P2R2A10_02909	95.696	395	17	0	1	395	1	395	0.0	744
42P1R1A12_05195	42P1R1A12_05195	100.000	423	0	0	1	423	1	423	0.0	866
42P1R1A12_05195	51P2R2A10_02908	95.745	423	18	0	1	423	1	423	0.0	837
42P1R1A12_05196	42P1R1A12_05196	100.000	411	0	0	1	411	1	411	0.0	786
42P1R1A12_05196	51P2R2A10_02873	97.794	408	9	0	1	408	1	408	0.0	767
42P1R1A12_05197	42P1R1A12_05197	100.000	336	0	0	1	336	1	336	0.0	634
42P1R1A12_05198	42P1R1A12_05198	100.000	331	0	0	1	331	1	331	0.0	630
42P1R1A12_05198	51P2R2A10_02875	96.979	331	10	0	1	331	1	331	0.0	614
42P1R1A12_05199	42P1R1A12_05199	100.000	265	0	0	1	265	1	265	0.0	539
42P1R1A12_05199	51P2R2A10_02876	96.226	265	10	0	1	265	1	265	0.0	523
42P1R1A12_05200	42P1R1A12_05200	100.000	1294	0	0	1	1294	1	1294	0.0	2618
42P1R1A12_05200	51P2R2A10_02877	95.201	1292	62	0	1	1292	1	1292	0.0	2453
42P1R1A12_05201	42P1R1A12_05201	100.000	68	0	0	1	68	1	68	8.61e-46	140
42P1R1A12_05202	42P1R1A12_05202	100.000	400	0	0	1	400	1	400	0.0	807
42P1R1A12_05203	42P1R1A12_05203	100.000	750	0	0	1	750	1	750	0.0	1540
42P1R1A12_05204	42P1R1A12_05204	100.000	208	0	0	1	208	1	208	2.57e-153	423
42P1R1A12_05205	42P1R1A12_05205	100.000	312	0	0	1	312	1	312	0.0	630
42P1R1A12_05206	42P1R1A12_05206	100.000	277	0	0	1	277	1	277	0.0	571
42P1R1A12_05206	54P2R2A3_03139	95.307	277	13	0	1	277	1	277	0.0	553
42P1R1A12_05207	42P1R1A12_05207	100.000	317	0	0	1	317	1	317	0.0	641
42P1R1A12_05208	42P1R1A12_05208	100.000	507	0	0	1	507	1	507	0.0	1036
42P1R1A12_05209	42P1R1A12_05209	100.000	312	0	0	1	312	1	312	0.0	630
42P1R1A12_05209	31P2R1A5_05049	96.795	312	10	0	1	312	1	312	0.0	615
42P1R1A12_05210	42P1R1A12_05210	100.000	207	0	0	1	207	1	207	2.10e-154	426
42P1R1A12_05210	51P2R2A10_02887	95.169	207	10	0	1	207	1	207	1.93e-147	408
42P1R1A12_05211	42P1R1A12_05211	100.000	515	0	0	1	515	1	515	0.0	1053
42P1R1A12_05212	42P1R1A12_05212	100.000	352	0	0	1	352	1	352	0.0	694
42P1R1A12_05212	31P2R1A5_05046	95.480	354	13	1	1	351	1	354	0.0	670
42P1R1A12_05214	42P1R1A12_05214	100.000	262	0	0	1	262	1	262	0.0	537
42P1R1A12_05215	42P1R1A12_05215	100.000	51	0	0	1	51	1	51	1.91e-29	97.8
42P1R1A12_05215	51P2R2A10_02892	96.078	51	2	0	1	51	1	51	2.12e-28	95.1
42P1R1A12_05216	42P1R1A12_05216	100.000	678	0	0	1	678	1	678	0.0	1384
42P1R1A12_05217	42P1R1A12_05217	100.000	198	0	0	1	198	1	198	6.41e-145	401
42P1R1A12_05217	51P2R2A10_02894	97.475	198	5	0	1	198	1	198	3.45e-141	391
42P1R1A12_05218	42P1R1A12_05218	100.000	491	0	0	1	491	1	491	0.0	1007
42P1R1A12_05218	51P2R2A10_02895	97.963	491	10	0	1	491	1	491	0.0	989
42P1R1A12_05219	42P1R1A12_05219	100.000	571	0	0	1	571	1	571	0.0	1187
42P1R1A12_05219	51P2R2A10_02896	98.014	554	11	0	1	554	1	554	0.0	1132
42P1R1A12_05220	42P1R1A12_05220	100.000	232	0	0	1	232	1	232	7.02e-172	472
42P1R1A12_05220	51P2R2A10_02897	97.414	232	6	0	1	232	1	232	1.18e-167	461
42P1R1A12_05221	42P1R1A12_05221	100.000	523	0	0	1	523	1	523	0.0	1055
42P1R1A12_05222	42P1R1A12_05222	100.000	350	0	0	1	350	1	350	0.0	688
42P1R1A12_05223	42P1R1A12_05223	100.000	278	0	0	1	278	1	278	0.0	535
42P1R1A12_05224	42P1R1A12_05224	100.000	279	0	0	1	279	1	279	0.0	560
42P1R1A12_05225	42P1R1A12_05225	100.000	235	0	0	1	235	1	235	6.21e-174	477
42P1R1A12_05226	42P1R1A12_05226	100.000	446	0	0	1	446	1	446	0.0	910
42P1R1A12_05226	31P2R1A5_04517	95.964	446	18	0	1	446	1	446	0.0	875
42P1R1A12_05227	42P1R1A12_05227	100.000	255	0	0	1	255	1	255	0.0	520
42P1R1A12_05228	42P1R1A12_05228	100.000	254	0	0	1	254	1	254	0.0	521
42P1R1A12_05228	31P2R1A5_04515	95.669	254	11	0	1	254	1	254	0.0	498
42P1R1A12_05229	42P1R1A12_05229	100.000	222	0	0	1	222	1	222	9.40e-159	438
42P1R1A12_05230	42P1R1A12_05230	100.000	214	0	0	1	214	1	214	1.44e-150	416
42P1R1A12_05230	31P2R1A5_04513	96.262	214	8	0	1	214	1	214	5.35e-145	402
42P1R1A12_05231	42P1R1A12_05231	100.000	284	0	0	1	284	1	284	0.0	581
42P1R1A12_05232	42P1R1A12_05232	100.000	489	0	0	1	489	1	489	0.0	1008
42P1R1A12_05232	51P2R2A10_02904	97.955	489	10	0	1	489	1	489	0.0	988
42P1R1A12_05233	42P1R1A12_05233	100.000	216	0	0	1	216	1	216	2.13e-153	424
42P1R1A12_05234	42P1R1A12_05234	100.000	110	0	0	1	110	1	110	2.18e-71	208
42P1R1A12_05238	42P1R1A12_05238	100.000	74	0	0	1	74	1	74	3.98e-48	146
42P1R1A12_05239	42P1R1A12_05239	100.000	1037	0	0	1	1037	1	1037	0.0	2109
42P1R1A12_05239	31P2R1A5_05141	95.371	1037	48	0	1	1037	1	1037	0.0	1993
42P1R1A12_05240	42P1R1A12_05240	100.000	380	0	0	1	380	1	380	0.0	768
42P1R1A12_05240	51P2R2A10_05173	96.316	380	14	0	1	380	1	380	0.0	744
42P1R1A12_05241	42P1R1A12_05241	100.000	214	0	0	1	214	1	214	1.08e-160	442
42P1R1A12_05243	42P1R1A12_05243	100.000	282	0	0	1	282	1	282	0.0	583
42P1R1A12_05243	31P2R1A5_05137	98.227	282	5	0	1	282	41	322	0.0	577
42P1R1A12_05244	42P1R1A12_05244	100.000	247	0	0	1	247	1	247	0.0	513
42P1R1A12_05244	51P2R2A10_05177	95.142	247	12	0	1	247	1	247	9.74e-167	460
42P1R1A12_05245	42P1R1A12_05245	100.000	294	0	0	1	294	1	294	0.0	598
42P1R1A12_05245	51P2R2A10_05178	96.939	294	9	0	1	294	1	294	0.0	542
42P1R1A12_05246	42P1R1A12_05246	100.000	484	0	0	1	484	1	484	0.0	951
42P1R1A12_05247	42P1R1A12_05247	100.000	81	0	0	1	81	1	81	1.41e-53	160
42P1R1A12_05249	42P1R1A12_05249	100.000	158	0	0	1	158	1	158	9.20e-112	314
42P1R1A12_05250	42P1R1A12_05250	100.000	200	0	0	1	200	1	200	3.16e-140	389
42P1R1A12_05250	51P2R2A10_05183	97.000	200	6	0	1	200	1	200	1.21e-137	382
42P1R1A12_05251	42P1R1A12_05251	100.000	334	0	0	1	334	1	334	0.0	686
42P1R1A12_05252	42P1R1A12_05252	100.000	325	0	0	1	325	1	325	0.0	664
42P1R1A12_05252	51P2R2A10_05185	97.538	325	8	0	1	325	1	325	0.0	650
42P1R1A12_05253	42P1R1A12_05253	100.000	647	0	0	1	647	1	647	0.0	1335
42P1R1A12_05256	42P1R1A12_05256	100.000	163	0	0	1	163	1	163	1.79e-110	311
42P1R1A12_05256	31P2R1A5_05125	96.319	163	6	0	1	163	1	163	1.03e-107	304
42P1R1A12_05257	42P1R1A12_05257	100.000	194	0	0	1	194	1	194	6.11e-141	390
42P1R1A12_05257	51P2R2A10_05190	97.938	194	4	0	1	194	1	194	4.38e-137	380
42P1R1A12_05259	42P1R1A12_05259	100.000	1266	0	0	1	1266	1	1266	0.0	2563
42P1R1A12_05259	51P2R2A10_05192	96.998	1266	38	0	1	1266	1	1266	0.0	2499
42P1R1A12_05260	42P1R1A12_05260	100.000	482	0	0	1	482	1	482	0.0	973
42P1R1A12_05261	42P1R1A12_05261	100.000	249	0	0	1	249	1	249	0.0	512
42P1R1A12_05262	42P1R1A12_05262	100.000	310	0	0	1	310	1	310	0.0	640
42P1R1A12_05262	31P2R1A5_05120	96.129	310	12	0	1	310	1	310	0.0	618
42P1R1A12_05264	42P1R1A12_05264	100.000	311	0	0	1	311	1	311	0.0	629
42P1R1A12_05264	51P2R2A10_05197	96.141	311	12	0	1	311	1	311	0.0	607
42P1R1A12_05265	42P1R1A12_05265	100.000	656	0	0	1	656	1	656	0.0	1342
42P1R1A12_05266	42P1R1A12_05266	100.000	92	0	0	1	92	1	92	3.89e-62	183
42P1R1A12_05266	51P2R2A10_05199	95.652	92	4	0	1	92	1	92	1.43e-59	176
42P1R1A12_05267	42P1R1A12_05267	100.000	89	0	0	1	89	1	89	5.05e-60	177
42P1R1A12_05268	42P1R1A12_05268	100.000	88	0	0	1	88	1	88	1.44e-60	179
42P1R1A12_05268	31P2R1A5_05114	95.455	88	4	0	1	88	1	88	4.73e-58	172
42P1R1A12_05270	42P1R1A12_05270	100.000	313	0	0	1	313	1	313	0.0	622
42P1R1A12_05270	31P2R1A5_05112	97.444	313	8	0	1	313	1	313	0.0	610
42P1R1A12_05271	42P1R1A12_05271	100.000	215	0	0	1	215	1	215	1.90e-157	434
42P1R1A12_05272	42P1R1A12_05272	100.000	222	0	0	1	222	1	222	7.18e-163	448
42P1R1A12_05273	42P1R1A12_05273	100.000	423	0	0	1	423	1	423	0.0	830
42P1R1A12_05273	51P2R2A10_05206	97.872	423	9	0	1	423	1	423	0.0	819
42P1R1A12_05273	31P2R1A5_05109	95.508	423	19	0	1	423	1	423	0.0	803
42P1R1A12_05274	42P1R1A12_05274	100.000	300	0	0	1	300	1	300	0.0	621
42P1R1A12_05274	31P2R1A5_05108	96.000	300	12	0	1	300	1	300	0.0	602
42P1R1A12_05275	42P1R1A12_05275	100.000	206	0	0	1	206	1	206	1.57e-151	418
42P1R1A12_05275	54P2R2A3_01218	96.602	206	7	0	1	206	1	206	1.59e-146	405
42P1R1A12_05275	31P2R1A5_05107	95.146	206	10	0	1	206	1	206	2.04e-145	403
42P1R1A12_05276	42P1R1A12_05276	100.000	83	0	0	1	83	1	83	3.16e-52	157
42P1R1A12_05277	42P1R1A12_05277	100.000	332	0	0	1	332	1	332	0.0	671
42P1R1A12_05277	51P2R2A10_02373	97.590	332	8	0	1	332	1	332	0.0	659
42P1R1A12_05278	42P1R1A12_05278	100.000	217	0	0	1	217	1	217	2.89e-162	446
42P1R1A12_05278	51P2R2A10_02374	95.392	217	10	0	1	217	1	217	6.66e-154	425
42P1R1A12_05279	42P1R1A12_05279	100.000	239	0	0	1	239	1	239	0.0	497
42P1R1A12_05280	42P1R1A12_05280	100.000	195	0	0	1	195	1	195	4.12e-140	388
42P1R1A12_05281	42P1R1A12_05281	100.000	234	0	0	1	234	1	234	5.03e-175	480
42P1R1A12_05281	51P2R2A10_02377	97.436	234	6	0	1	234	1	234	3.41e-171	470
42P1R1A12_05282	42P1R1A12_05282	100.000	291	0	0	1	291	1	291	0.0	588
42P1R1A12_05283	42P1R1A12_05283	100.000	410	0	0	1	410	1	410	0.0	814
42P1R1A12_05284	42P1R1A12_05284	100.000	154	0	0	1	154	1	154	3.59e-108	304
42P1R1A12_05284	51P2R2A10_02380	95.425	153	7	0	1	153	1	153	1.48e-103	293
42P1R1A12_05285	42P1R1A12_05285	100.000	291	0	0	1	291	1	291	0.0	588
42P1R1A12_05285	51P2R2A10_02381	97.595	291	7	0	1	291	1	291	0.0	577
42P1R1A12_05286	42P1R1A12_05286	100.000	393	0	0	1	393	1	393	0.0	788
42P1R1A12_05287	42P1R1A12_05287	100.000	232	0	0	1	232	1	232	1.53e-172	473
42P1R1A12_05288	42P1R1A12_05288	100.000	392	0	0	1	392	1	392	0.0	823
42P1R1A12_05289	42P1R1A12_05289	100.000	254	0	0	1	254	1	254	0.0	516
42P1R1A12_05289	31P2R1A5_02328	96.063	254	10	0	1	254	1	254	0.0	499
42P1R1A12_05290	42P1R1A12_05290	100.000	473	0	0	1	473	1	473	0.0	959
42P1R1A12_05290	15P1R1A16_04757	95.666	323	14	0	149	471	1	323	0.0	651
42P1R1A12_05290	34P3R2A10_05023	96.172	209	8	0	263	471	1	209	1.16e-149	425
42P1R1A12_05291	42P1R1A12_05291	100.000	332	0	0	1	332	1	332	0.0	682
42P1R1A12_05291	51P2R2A10_02387	95.783	332	14	0	1	332	1	332	0.0	650
42P1R1A12_05292	42P1R1A12_05292	100.000	414	0	0	1	414	1	414	0.0	830
42P1R1A12_05293	42P1R1A12_05293	100.000	478	0	0	1	478	1	478	0.0	991
42P1R1A12_05293	51P2R2A10_02389	96.653	478	16	0	1	478	1	478	0.0	962
42P1R1A12_05294	42P1R1A12_05294	100.000	449	0	0	1	449	1	449	0.0	930
42P1R1A12_05294	51P2R2A10_02390	96.882	449	13	1	1	449	1	448	0.0	899
42P1R1A12_05295	42P1R1A12_05295	100.000	376	0	0	1	376	1	376	0.0	790
42P1R1A12_05295	51P2R2A10_02391	97.606	376	9	0	1	376	1	376	0.0	775
42P1R1A12_05296	42P1R1A12_05296	100.000	429	0	0	1	429	1	429	0.0	884
42P1R1A12_05297	42P1R1A12_05297	100.000	376	0	0	1	376	1	376	0.0	775
42P1R1A12_05298	42P1R1A12_05298	100.000	301	0	0	1	301	1	301	0.0	610
42P1R1A12_05298	18P3R3A11_00955	95.349	301	14	0	1	301	1	301	0.0	592
42P1R1A12_05299	42P1R1A12_05299	100.000	297	0	0	1	297	1	297	0.0	588
42P1R1A12_05299	31P2R1A5_02319	96.633	297	10	0	1	297	1	297	0.0	571
42P1R1A12_05299	18P3R3A11_00954	96.296	297	11	0	1	297	1	297	0.0	570
42P1R1A12_05300	42P1R1A12_05300	100.000	109	0	0	1	109	1	109	2.88e-78	225
42P1R1A12_05300	51P2R2A10_02396	97.248	109	3	0	1	109	1	109	2.84e-76	220
42P1R1A12_05301	42P1R1A12_05301	100.000	231	0	0	1	231	1	231	3.97e-172	472
42P1R1A12_05301	51P2R2A10_02397	96.104	231	9	0	1	231	1	231	5.45e-165	454
42P1R1A12_05302	42P1R1A12_05302	100.000	309	0	0	1	309	1	309	0.0	621
42P1R1A12_05303	42P1R1A12_05303	100.000	421	0	0	1	421	1	421	0.0	863
42P1R1A12_05303	51P2R2A10_02399	97.862	421	9	0	1	421	1	421	0.0	850
42P1R1A12_05304	42P1R1A12_05304	100.000	337	0	0	1	337	1	337	0.0	703
42P1R1A12_05305	42P1R1A12_05305	100.000	446	0	0	1	446	1	446	0.0	895
42P1R1A12_05306	42P1R1A12_05306	100.000	476	0	0	1	476	1	476	0.0	991
42P1R1A12_05306	51P2R2A10_02402	96.218	476	18	0	1	476	1	476	0.0	957
42P1R1A12_05307	42P1R1A12_05307	100.000	258	0	0	1	258	1	258	0.0	525
42P1R1A12_05307	31P2R1A5_02311	96.512	258	9	0	1	258	1	258	0.0	510
42P1R1A12_05308	42P1R1A12_05308	100.000	160	0	0	1	160	1	160	3.82e-116	325
42P1R1A12_05309	42P1R1A12_05309	100.000	339	0	0	1	339	1	339	0.0	699
42P1R1A12_05310	42P1R1A12_05310	100.000	720	0	0	1	720	1	720	0.0	1471
42P1R1A12_05310	51P2R2A10_02406	97.778	720	16	0	1	720	1	720	0.0	1440
42P1R1A12_05311	42P1R1A12_05311	100.000	398	0	0	1	398	1	398	0.0	783
42P1R1A12_05311	51P2R2A10_02407	97.739	398	9	0	1	398	1	398	0.0	769
42P1R1A12_05312	42P1R1A12_05312	100.000	174	0	0	1	174	1	174	4.65e-127	353
42P1R1A12_05313	42P1R1A12_05313	100.000	200	0	0	1	200	1	200	1.82e-148	410
42P1R1A12_05314	42P1R1A12_05314	100.000	47	0	0	1	47	1	47	5.55e-29	96.3
42P1R1A12_05314	51P2R2A10_01386	97.872	47	1	0	1	47	1	47	3.80e-28	94.4
42P1R1A12_05315	42P1R1A12_05315	100.000	214	0	0	1	214	1	214	1.50e-161	444
42P1R1A12_05316	42P1R1A12_05316	100.000	198	0	0	1	198	1	198	9.44e-149	410
42P1R1A12_05317	42P1R1A12_05317	100.000	61	0	0	1	61	1	61	4.84e-39	122
42P1R1A12_05318	42P1R1A12_05318	100.000	98	0	0	1	98	1	98	4.49e-68	198
42P1R1A12_05319	42P1R1A12_05319	100.000	173	0	0	1	173	1	173	3.52e-125	349
42P1R1A12_05320	42P1R1A12_05320	100.000	47	0	0	1	47	1	47	1.19e-28	95.5
42P1R1A12_05321	42P1R1A12_05321	100.000	151	0	0	1	151	1	151	5.30e-107	301
42P1R1A12_05322	42P1R1A12_05322	100.000	221	0	0	1	221	1	221	1.26e-158	437
42P1R1A12_05323	42P1R1A12_05323	100.000	54	0	0	1	54	1	54	1.27e-33	108
42P1R1A12_05324	42P1R1A12_05324	100.000	46	0	0	1	46	1	46	1.10e-28	95.5
42P1R1A12_05324	51P2R2A10_01377	95.238	42	2	0	5	46	30	71	7.33e-24	84.0
42P1R1A12_05325	42P1R1A12_05325	100.000	98	0	0	1	98	1	98	6.33e-70	203
42P1R1A12_05326	42P1R1A12_05326	100.000	359	0	0	1	359	1	359	0.0	751
42P1R1A12_05327	42P1R1A12_05327	100.000	85	0	0	1	85	1	85	4.98e-60	177
42P1R1A12_05327	51P2R2A10_01373	95.294	85	4	0	1	85	1	85	1.17e-56	169
42P1R1A12_05328	42P1R1A12_05328	100.000	142	0	0	1	142	1	142	5.91e-103	290
42P1R1A12_05329	42P1R1A12_05329	100.000	76	0	0	1	76	1	76	3.02e-51	154
42P1R1A12_05330	42P1R1A12_05330	100.000	98	0	0	1	98	1	98	4.36e-70	204
42P1R1A12_05331	42P1R1A12_05331	100.000	75	0	0	1	75	1	75	1.22e-48	147
42P1R1A12_05331	51P2R2A10_01365	97.333	75	2	0	1	75	1	75	4.15e-47	144
42P1R1A12_05332	42P1R1A12_05332	100.000	169	0	0	1	169	1	169	7.77e-125	348
42P1R1A12_05333	42P1R1A12_05333	100.000	72	0	0	1	72	1	72	2.47e-49	149
42P1R1A12_05334	42P1R1A12_05334	100.000	429	0	0	1	429	1	429	0.0	892
42P1R1A12_05335	42P1R1A12_05335	100.000	209	0	0	1	209	1	209	3.19e-155	428
42P1R1A12_05335	51P2R2A10_01361	96.172	209	8	0	1	209	1	209	9.21e-150	414
42P1R1A12_05336	42P1R1A12_05336	100.000	372	0	0	1	372	1	372	0.0	749
42P1R1A12_05337	42P1R1A12_05337	100.000	128	0	0	1	128	1	128	1.01e-90	258
42P1R1A12_05337	51P2R2A10_01359	96.094	128	5	0	1	128	1	128	1.22e-86	248
42P1R1A12_05338	42P1R1A12_05338	100.000	415	0	0	1	415	1	415	0.0	838
42P1R1A12_05338	51P2R2A10_01358	97.831	415	9	0	1	415	1	415	0.0	827
42P1R1A12_05339	42P1R1A12_05339	100.000	173	0	0	1	173	1	173	1.75e-128	357
42P1R1A12_05339	51P2R2A10_01357	97.110	173	5	0	1	173	1	173	3.08e-125	349
42P1R1A12_05340	42P1R1A12_05340	100.000	442	0	0	1	442	1	442	0.0	910
42P1R1A12_05340	31P2R1A5_01719	97.059	442	13	0	1	442	1	442	0.0	893
42P1R1A12_05340	18P3R3A11_02840	95.475	442	20	0	1	442	1	442	0.0	877
42P1R1A12_05340	38P2R3A13_06172	95.309	405	19	0	38	442	1	405	0.0	803
42P1R1A12_05341	42P1R1A12_05341	100.000	316	0	0	1	316	1	316	0.0	623
42P1R1A12_05342	42P1R1A12_05342	100.000	307	0	0	1	307	1	307	0.0	611
42P1R1A12_05342	31P2R1A5_01721	96.091	307	12	0	1	307	1	307	0.0	591
42P1R1A12_05343	42P1R1A12_05343	100.000	513	0	0	1	513	1	513	0.0	1050
42P1R1A12_05344	42P1R1A12_05344	100.000	619	0	0	1	619	1	619	0.0	1247
42P1R1A12_05344	51P2R2A10_01352	96.931	619	18	1	1	619	1	618	0.0	1209
42P1R1A12_05345	42P1R1A12_05345	100.000	314	0	0	1	314	1	314	0.0	634
42P1R1A12_05346	42P1R1A12_05346	100.000	412	0	0	1	412	1	412	0.0	833
42P1R1A12_05346	51P2R2A10_01350	96.359	412	15	0	1	412	1	412	0.0	808
42P1R1A12_05347	42P1R1A12_05347	100.000	252	0	0	1	252	1	252	0.0	516
42P1R1A12_05347	51P2R2A10_01349	96.429	252	9	0	1	252	1	252	0.0	497
42P1R1A12_05348	42P1R1A12_05348	100.000	30	0	0	1	30	1	30	2.76e-15	60.5
42P1R1A12_05349	42P1R1A12_05349	100.000	300	0	0	1	300	1	300	0.0	622
42P1R1A12_05349	51P2R2A10_01348	97.333	300	8	0	1	300	1	300	0.0	609
42P1R1A12_05350	42P1R1A12_05350	100.000	811	0	0	1	811	1	811	0.0	1688
42P1R1A12_05350	31P2R1A5_01728	95.808	811	34	0	1	811	1	811	0.0	1622
42P1R1A12_05351	42P1R1A12_05351	100.000	272	0	0	1	272	1	272	0.0	562
42P1R1A12_05351	51P2R2A10_01346	96.691	272	9	0	1	272	1	272	0.0	545
42P1R1A12_05352	42P1R1A12_05352	100.000	422	0	0	1	422	1	422	0.0	873
42P1R1A12_05352	51P2R2A10_01345	95.498	422	19	0	1	422	1	422	0.0	840
42P1R1A12_05353	42P1R1A12_05353	100.000	367	0	0	1	367	1	367	0.0	748
42P1R1A12_05353	51P2R2A10_01344	97.207	358	10	0	10	367	1	358	0.0	710
42P1R1A12_05354	42P1R1A12_05354	100.000	434	0	0	1	434	1	434	0.0	871
42P1R1A12_05355	42P1R1A12_05355	100.000	788	0	0	1	788	1	788	0.0	1637
42P1R1A12_05355	51P2R2A10_01342	95.685	788	34	0	1	788	1	788	0.0	1569
42P1R1A12_05356	42P1R1A12_05356	100.000	331	0	0	1	331	1	331	0.0	684
42P1R1A12_05358	42P1R1A12_05358	100.000	258	0	0	1	258	1	258	0.0	539
42P1R1A12_05358	10P3R2A13_03302	96.512	258	9	0	1	258	1	258	0.0	524
42P1R1A12_05359	42P1R1A12_05359	100.000	297	0	0	1	297	1	297	0.0	588
42P1R1A12_05359	31P2R1A5_04753	95.286	297	14	0	1	297	1	297	0.0	569
42P1R1A12_05359	15P1R1A16_01950	96.774	248	8	0	50	297	1	248	2.02e-173	479
42P1R1A12_05361	42P1R1A12_05361	100.000	347	0	0	1	347	1	347	0.0	695
42P1R1A12_05361	31P2R1A5_04755	96.542	347	12	0	1	347	1	347	0.0	676
42P1R1A12_05362	42P1R1A12_05362	100.000	610	0	0	1	610	1	610	0.0	1242
42P1R1A12_05362	15P1R1A16_04029	95.455	176	8	0	435	610	1	176	1.17e-116	344
42P1R1A12_05363	42P1R1A12_05363	100.000	457	0	0	1	457	1	457	0.0	929
42P1R1A12_05363	51P2R2A10_04962	96.937	457	14	0	1	457	1	457	0.0	904
42P1R1A12_05364	42P1R1A12_05364	100.000	724	0	0	1	724	1	724	0.0	1488
42P1R1A12_05367	42P1R1A12_05367	100.000	288	0	0	1	288	1	288	0.0	590
42P1R1A12_05367	31P2R1A5_04760	97.917	288	6	0	1	288	1	288	0.0	581
42P1R1A12_05367	18P3R3A11_02897	95.139	288	14	0	1	288	1	288	0.0	570
42P1R1A12_05369	42P1R1A12_05369	100.000	178	0	0	1	178	1	178	1.51e-128	358
42P1R1A12_05372	42P1R1A12_05372	100.000	272	0	0	1	272	1	272	0.0	538
42P1R1A12_05372	54P2R2A3_04162	96.691	272	9	0	1	272	1	272	0.0	525
42P1R1A12_05372	31P2R1A5_04765	95.588	272	12	0	1	272	1	272	0.0	523
42P1R1A12_05372	18P3R3A11_02892	95.221	272	13	0	1	272	1	272	0.0	520
42P1R1A12_05372	34P3R2A10_02009	95.570	158	7	0	115	272	1	158	7.97e-104	298
42P1R1A12_05373	42P1R1A12_05373	100.000	127	0	0	1	127	1	127	1.58e-83	240
42P1R1A12_05373	51P2R2A10_04972	97.638	127	3	0	1	127	1	127	7.29e-82	236
42P1R1A12_05374	42P1R1A12_05374	100.000	208	0	0	1	208	1	208	1.73e-153	423
42P1R1A12_05374	51P2R2A10_04973	96.635	208	7	0	1	208	1	208	3.09e-148	410
42P1R1A12_05375	42P1R1A12_05375	100.000	630	0	0	1	630	1	630	0.0	1300
42P1R1A12_05375	31P2R1A5_04768	96.190	630	24	0	1	630	1	630	0.0	1246
42P1R1A12_05375	18P3R3A11_02889	95.556	630	28	0	1	630	1	630	0.0	1238
42P1R1A12_05376	42P1R1A12_05376	100.000	147	0	0	1	147	1	147	3.34e-105	296
42P1R1A12_05376	51P2R2A10_04975	95.238	147	7	0	1	147	1	147	1.20e-99	282
42P1R1A12_05377	42P1R1A12_05377	100.000	153	0	0	1	153	1	153	4.29e-112	314
42P1R1A12_05377	10P3R2A13_03325	96.732	153	5	0	1	153	1	153	2.37e-108	305
42P1R1A12_05377	18P3R3A11_02887	96.732	153	5	0	1	153	1	153	7.49e-108	303
42P1R1A12_05377	31P2R1A5_04770	95.425	153	7	0	1	153	1	153	4.20e-107	301
42P1R1A12_05378	42P1R1A12_05378	100.000	331	0	0	1	331	1	331	0.0	675
42P1R1A12_05378	51P2R2A10_04977	97.583	331	8	0	1	331	1	331	0.0	660
42P1R1A12_05379	42P1R1A12_05379	100.000	483	0	0	1	483	1	483	0.0	989
42P1R1A12_05380	42P1R1A12_05380	100.000	500	0	0	1	500	1	500	0.0	1017
42P1R1A12_05381	42P1R1A12_05381	100.000	623	0	0	1	623	1	623	0.0	1255
42P1R1A12_05381	31P2R1A5_04774	95.345	623	29	0	1	623	1	623	0.0	1198
42P1R1A12_05382	42P1R1A12_05382	100.000	140	0	0	1	140	1	140	6.93e-102	287
42P1R1A12_05383	42P1R1A12_05383	100.000	502	0	0	1	502	1	502	0.0	1016
42P1R1A12_05383	31P2R1A5_04776	97.410	502	13	0	1	502	1	502	0.0	994
42P1R1A12_05383	15P1R1A16_03817	95.833	216	9	0	287	502	1	216	1.24e-147	421
42P1R1A12_05384	42P1R1A12_05384	100.000	322	0	0	1	322	1	322	0.0	625
42P1R1A12_05384	18P3R3A11_02880	97.826	322	7	0	1	322	1	322	0.0	613
42P1R1A12_05384	31P2R1A5_04777	97.516	322	8	0	1	322	1	322	0.0	612
42P1R1A12_05384	10P3R2A13_03332	96.273	322	12	0	1	322	1	322	0.0	605
42P1R1A12_05385	42P1R1A12_05385	100.000	297	0	0	1	297	1	297	0.0	588
42P1R1A12_05385	31P2R1A5_04778	96.296	297	11	0	1	297	1	297	0.0	573
42P1R1A12_05386	42P1R1A12_05386	100.000	344	0	0	1	344	1	344	0.0	691
42P1R1A12_05386	51P2R2A10_04985	96.802	344	11	0	1	344	1	344	0.0	672
42P1R1A12_05387	42P1R1A12_05387	100.000	328	0	0	1	328	1	328	0.0	675
42P1R1A12_05388	42P1R1A12_05388	100.000	466	0	0	1	466	1	466	0.0	929
42P1R1A12_05392	42P1R1A12_05392	100.000	1025	0	0	1	1025	1	1025	0.0	2132
42P1R1A12_05392	16_1P2R1A8-1_03371	96.488	1025	35	1	1	1025	1	1024	0.0	2060
42P1R1A12_05392	10P3R2A13_01032	96.488	1025	36	0	1	1025	1	1025	0.0	2060
42P1R1A12_05392	34P3R2A10_02680	97.756	713	16	0	313	1025	1	713	0.0	1456
42P1R1A12_05392	15P1R1A16_05052	96.488	541	19	0	485	1025	1	541	0.0	1091
42P1R1A12_05393	42P1R1A12_05393	100.000	383	0	0	1	383	1	383	0.0	781
42P1R1A12_05393	10P3R2A13_01033	96.154	364	14	0	20	383	1	364	0.0	710
42P1R1A12_05394	42P1R1A12_05394	100.000	337	0	0	1	337	1	337	0.0	691
42P1R1A12_05394	54P2R2A3_05063	99.636	275	1	0	1	275	1	275	0.0	561
42P1R1A12_05395	42P1R1A12_05395	100.000	56	0	0	1	56	1	56	1.35e-34	111
42P1R1A12_05396	42P1R1A12_05396	100.000	84	0	0	1	84	1	84	5.48e-56	167
42P1R1A12_05396	44P3R3A6_05464	97.590	83	2	0	2	84	34	116	1.04e-53	162
42P1R1A12_05396	16_1P2R1A8-1_04812	96.386	83	3	0	2	84	34	116	2.37e-53	161
42P1R1A12_05396	30P2R3A4_02559	96.386	83	3	0	2	84	40	122	1.14e-52	160
42P1R1A12_05396	16_1P2R1A8-1_01450	95.181	83	4	0	2	84	34	116	2.20e-52	159
42P1R1A12_05396	28P2R1A12_04818	95.181	83	4	0	2	84	34	116	1.04e-51	157
42P1R1A12_05396	30P2R3A4_04048	97.436	78	2	0	7	84	1	78	1.30e-49	150
42P1R1A12_05397	42P1R1A12_05397	100.000	256	0	0	1	256	1	256	0.0	520
42P1R1A12_05398	42P1R1A12_05398	100.000	319	0	0	1	319	1	319	0.0	613
42P1R1A12_05399	42P1R1A12_05399	100.000	333	0	0	1	333	1	333	0.0	642
42P1R1A12_05399	16_1P2R1A8-1_04445	96.096	333	13	0	1	333	1	333	0.0	621
42P1R1A12_05400	42P1R1A12_05400	100.000	149	0	0	1	149	1	149	1.33e-107	302
42P1R1A12_05400	16_1P2R1A8-1_04446	95.302	149	7	0	1	149	153	301	3.69e-101	292
42P1R1A12_05401	42P1R1A12_05401	100.000	639	0	0	1	639	1	639	0.0	1322
42P1R1A12_05401	11P3R3A1_03444	98.537	615	7	1	1	613	1	615	0.0	1246
42P1R1A12_05401	44P3R3A6_05203	96.748	615	18	1	1	613	1	615	0.0	1233
42P1R1A12_05402	42P1R1A12_05402	100.000	318	0	0	1	318	1	318	0.0	644
42P1R1A12_05402	11P3R3A1_03445	96.855	318	10	0	1	318	1	318	0.0	621
42P1R1A12_05403	42P1R1A12_05403	100.000	174	0	0	1	174	1	174	4.45e-127	353
42P1R1A12_05403	16_1P2R1A8-1_04449	96.552	174	6	0	1	174	1	174	9.16e-123	343
42P1R1A12_05403	11P3R3A1_03446	95.402	174	8	0	1	174	1	174	3.95e-121	338
42P1R1A12_05404	42P1R1A12_05404	100.000	35	0	0	1	35	1	35	1.78e-19	71.6
42P1R1A12_05405	42P1R1A12_05405	100.000	406	0	0	1	406	1	406	0.0	847
42P1R1A12_05406	42P1R1A12_05406	100.000	318	0	0	1	318	1	318	0.0	660
42P1R1A12_05407	42P1R1A12_05407	100.000	283	0	0	1	283	1	283	0.0	569
42P1R1A12_05408	42P1R1A12_05408	100.000	224	0	0	1	224	1	224	2.25e-162	447
42P1R1A12_05409	42P1R1A12_05409	100.000	221	0	0	1	221	1	221	1.18e-160	442
42P1R1A12_05410	42P1R1A12_05410	100.000	273	0	0	1	273	1	273	0.0	567
42P1R1A12_05411	42P1R1A12_05411	100.000	322	0	0	1	322	1	322	0.0	644
42P1R1A12_05412	42P1R1A12_05412	100.000	243	0	0	1	243	1	243	0.0	500
42P1R1A12_05413	42P1R1A12_05413	100.000	142	0	0	1	142	1	142	2.97e-102	288
42P1R1A12_05414	42P1R1A12_05414	100.000	430	0	0	1	430	1	430	0.0	829
42P1R1A12_05414	42P1R1A12_04504	95.804	429	18	0	1	429	1	429	0.0	791
42P1R1A12_05414	32P3R2A9_07517	97.386	306	8	0	125	430	1	306	0.0	578
42P1R1A12_05415	42P1R1A12_05415	100.000	584	0	0	1	584	1	584	0.0	1194
42P1R1A12_05416	42P1R1A12_05416	100.000	121	0	0	1	121	1	121	8.53e-87	248
42P1R1A12_05416	32P3R2A9_04996	96.694	121	4	0	1	121	1	121	3.27e-84	241
42P1R1A12_05417	42P1R1A12_05417	100.000	118	0	0	1	118	1	118	8.22e-83	237
42P1R1A12_05418	42P1R1A12_05418	100.000	666	0	0	1	666	1	666	0.0	1347
42P1R1A12_05418	12_1P1R2A2-1_04379	97.598	666	16	0	1	666	1	666	0.0	1327
42P1R1A12_05419	42P1R1A12_05419	100.000	36	0	0	1	36	1	36	7.48e-21	75.1
42P1R1A12_05420	42P1R1A12_05420	100.000	426	0	0	1	426	1	426	0.0	871
42P1R1A12_05420	12_1P1R2A2-1_04378	96.479	426	15	0	1	426	1	426	0.0	843
42P1R1A12_05420	33P3R2A2_04240	96.698	424	14	0	1	424	1	424	0.0	842
42P1R1A12_05420	16_1P2R1A8-1_04698	95.991	424	17	0	1	424	1	424	0.0	835
42P1R1A12_05420	30P2R3A4_04510	98.230	113	2	0	1	113	1	113	2.97e-70	218
42P1R1A12_05421	42P1R1A12_05421	100.000	64	0	0	1	64	1	64	1.74e-41	129
42P1R1A12_05422	42P1R1A12_05422	100.000	143	0	0	1	143	1	143	1.07e-104	295
42P1R1A12_05422	44P3R3A6_05467	95.652	23	1	0	1	23	1	23	1.14e-08	48.9
42P1R1A12_05423	42P1R1A12_05423	100.000	92	0	0	1	92	1	92	4.93e-63	185
42P1R1A12_05423	54P2R2A3_05147	97.143	35	1	0	58	92	41	75	1.03e-18	73.2
42P1R1A12_05423	54P2R2A3_04764	97.143	35	1	0	58	92	86	120	9.03e-18	72.0
42P1R1A12_05424	42P1R1A12_05424	100.000	193	0	0	1	193	1	193	2.95e-143	396
42P1R1A12_05425	42P1R1A12_05425	100.000	271	0	0	1	271	1	271	0.0	513
42P1R1A12_05425	43P2R2A2_03420	99.174	121	1	0	151	271	1	121	5.15e-76	226
42P1R1A12_05425	10P3R2A13_04805	99.083	109	1	0	163	271	1	109	3.58e-68	206
42P1R1A12_05426	42P1R1A12_05426	100.000	124	0	0	1	124	1	124	3.90e-86	246
42P1R1A12_05426	10P3R2A13_04804	96.774	124	4	0	1	124	1	124	9.84e-84	240
42P1R1A12_05427	42P1R1A12_05427	100.000	195	0	0	1	195	1	195	1.87e-146	404
42P1R1A12_05428	42P1R1A12_05428	100.000	208	0	0	1	208	1	208	2.91e-156	430
42P1R1A12_05429	42P1R1A12_05429	100.000	247	0	0	1	247	1	247	1.12e-169	468
42P1R1A12_05430	42P1R1A12_05430	100.000	90	0	0	1	90	1	90	2.85e-62	183
42P1R1A12_05431	42P1R1A12_05431	100.000	110	0	0	1	110	1	110	3.57e-75	217
42P1R1A12_05432	42P1R1A12_05432	100.000	129	0	0	1	129	1	129	1.06e-93	266
42P1R1A12_05433	42P1R1A12_05433	100.000	553	0	0	1	553	1	553	0.0	1135
42P1R1A12_05434	42P1R1A12_05434	100.000	117	0	0	1	117	1	117	1.50e-83	239
42P1R1A12_05434	54P2R2A3_05094	96.581	117	4	0	1	117	1	117	6.86e-78	225
42P1R1A12_05435	42P1R1A12_05435	100.000	159	0	0	1	159	1	159	7.59e-119	332
42P1R1A12_05436	42P1R1A12_05436	100.000	78	0	0	1	78	1	78	4.54e-53	159
42P1R1A12_05437	42P1R1A12_05437	100.000	154	0	0	1	154	1	154	8.53e-113	316
42P1R1A12_05438	42P1R1A12_05438	100.000	107	0	0	1	107	1	107	1.65e-76	221
42P1R1A12_05439	42P1R1A12_05439	100.000	266	0	0	1	266	1	266	0.0	507
42P1R1A12_05440	42P1R1A12_05440	100.000	144	0	0	1	144	1	144	3.12e-98	278
42P1R1A12_05441	42P1R1A12_05441	100.000	143	0	0	1	143	1	143	2.29e-94	268
42P1R1A12_05442	42P1R1A12_05442	100.000	48	0	0	1	48	1	48	7.55e-29	95.9
42P1R1A12_05443	42P1R1A12_05443	100.000	131	0	0	1	131	1	131	8.35e-95	269
42P1R1A12_05444	42P1R1A12_05444	100.000	69	0	0	1	69	1	69	5.10e-46	140
42P1R1A12_05445	42P1R1A12_05445	100.000	84	0	0	1	84	1	84	3.17e-56	167
42P1R1A12_05446	42P1R1A12_05446	100.000	167	0	0	1	167	1	167	3.10e-119	333
42P1R1A12_05447	42P1R1A12_05447	100.000	57	0	0	1	57	1	57	5.95e-37	117
42P1R1A12_05448	42P1R1A12_05448	100.000	303	0	0	1	303	1	303	0.0	616
42P1R1A12_05449	42P1R1A12_05449	100.000	142	0	0	1	142	1	142	2.03e-101	286
42P1R1A12_05450	42P1R1A12_05450	100.000	430	0	0	1	430	1	430	0.0	880
42P1R1A12_05451	42P1R1A12_05451	100.000	125	0	0	1	125	1	125	3.05e-86	246
42P1R1A12_05452	42P1R1A12_05452	100.000	241	0	0	1	241	1	241	0.0	498
42P1R1A12_05453	42P1R1A12_05453	100.000	108	0	0	1	108	1	108	7.40e-76	219
42P1R1A12_05454	42P1R1A12_05454	100.000	338	0	0	1	338	1	338	0.0	664
42P1R1A12_05455	42P1R1A12_05455	100.000	166	0	0	1	166	1	166	2.52e-124	346
42P1R1A12_05456	42P1R1A12_05456	100.000	165	0	0	1	165	1	165	2.19e-123	343
42P1R1A12_05457	42P1R1A12_05457	100.000	143	0	0	1	143	1	143	3.49e-103	291
42P1R1A12_05458	42P1R1A12_05458	100.000	430	0	0	1	430	1	430	0.0	832
42P1R1A12_05459	42P1R1A12_05459	100.000	589	0	0	1	589	1	589	0.0	1201
42P1R1A12_05460	42P1R1A12_05460	100.000	122	0	0	1	122	1	122	1.33e-87	249
42P1R1A12_05461	42P1R1A12_05461	100.000	160	0	0	1	160	1	160	1.62e-118	331
42P1R1A12_05462	42P1R1A12_05462	100.000	118	0	0	1	118	1	118	1.74e-82	236
42P1R1A12_05463	42P1R1A12_05463	100.000	61	0	0	1	61	1	61	7.12e-41	127
42P1R1A12_05464	42P1R1A12_05464	100.000	181	0	0	1	181	1	181	1.03e-133	371
42P1R1A12_05465	42P1R1A12_05465	100.000	334	0	0	1	334	1	334	0.0	671
42P1R1A12_05466	42P1R1A12_05466	100.000	77	0	0	1	77	1	77	7.14e-51	153
42P1R1A12_05467	42P1R1A12_05467	100.000	68	0	0	1	68	1	68	2.23e-43	134
42P1R1A12_05468	42P1R1A12_05468	100.000	276	0	0	1	276	1	276	0.0	560
42P1R1A12_05469	42P1R1A12_05469	100.000	493	0	0	1	493	1	493	0.0	991
42P1R1A12_05469	10P3R2A13_04697	96.755	493	16	0	1	493	1	493	0.0	967
42P1R1A12_05471	42P1R1A12_05471	100.000	128	0	0	1	128	1	128	6.62e-85	243
42P1R1A12_05471	31P2R1A5_05147	97.656	128	3	0	1	128	1	128	3.33e-83	239
42P1R1A12_05473	42P1R1A12_05473	100.000	143	0	0	1	143	1	143	2.31e-101	286
42P1R1A12_05473	10P3R2A13_04289	97.902	143	3	0	1	143	1	143	7.82e-100	282
42P1R1A12_05474	42P1R1A12_05474	100.000	235	0	0	1	235	1	235	1.23e-169	466
42P1R1A12_05474	18P3R3A11_04346	97.872	235	5	0	1	235	1	235	1.46e-166	459
42P1R1A12_05474	10P3R2A13_04288	97.021	235	7	0	1	235	1	235	8.18e-165	454
42P1R1A12_05476	42P1R1A12_05476	100.000	122	0	0	1	122	1	122	1.12e-76	222
42P1R1A12_05476	31P2R1A5_05152	97.541	122	3	0	1	122	1	122	1.24e-74	217
42P1R1A12_05476	10P3R2A13_04286	96.721	122	4	0	1	122	1	122	1.32e-60	181
42P1R1A12_05480	42P1R1A12_05480	100.000	106	0	0	1	106	1	106	1.42e-73	213
42P1R1A12_05480	54P2R2A3_04853	97.170	106	3	0	1	106	1	106	5.31e-72	209
42P1R1A12_05480	31P2R1A5_05156	96.226	106	4	0	1	106	1	106	1.01e-71	208
42P1R1A12_05481	42P1R1A12_05481	100.000	102	0	0	1	102	1	102	2.31e-68	199
42P1R1A12_05481	31P2R1A5_05157	95.098	102	5	0	1	102	1	102	2.55e-65	192
42P1R1A12_05482	42P1R1A12_05482	100.000	511	0	0	1	511	1	511	0.0	1060
42P1R1A12_05483	42P1R1A12_05483	100.000	378	0	0	1	378	1	378	0.0	786
42P1R1A12_05484	42P1R1A12_05484	100.000	257	0	0	1	257	1	257	0.0	509
42P1R1A12_05484	31P2R1A5_05160	96.457	254	9	0	1	254	1	254	4.24e-179	492
42P1R1A12_05485	42P1R1A12_05485	100.000	67	0	0	1	67	1	67	5.78e-43	133
42P1R1A12_05486	42P1R1A12_05486	100.000	252	0	0	1	252	1	252	0.0	506
42P1R1A12_05487	42P1R1A12_05487	100.000	212	0	0	1	212	1	212	1.58e-153	424
42P1R1A12_05488	42P1R1A12_05488	100.000	632	0	0	1	632	1	632	0.0	1318
42P1R1A12_05488	51P2R2A10_05257	97.468	632	16	0	1	632	1	632	0.0	1291
42P1R1A12_05489	42P1R1A12_05489	100.000	166	0	0	1	166	1	166	2.27e-122	341
42P1R1A12_05490	42P1R1A12_05490	100.000	258	0	0	1	258	1	258	0.0	536
42P1R1A12_05491	42P1R1A12_05491	100.000	355	0	0	1	355	1	355	0.0	733
42P1R1A12_05491	10P3R2A13_04274	96.338	355	13	0	1	355	1	355	0.0	708
42P1R1A12_05491	54P2R2A3_04864	96.338	355	13	0	1	355	1	355	0.0	707
42P1R1A12_05491	31P2R1A5_05167	96.056	355	14	0	1	355	1	355	0.0	706
42P1R1A12_05491	38P2R3A13_07124	95.493	355	16	0	1	355	1	355	0.0	699
42P1R1A12_05492	42P1R1A12_05492	100.000	224	0	0	1	224	1	224	2.00e-165	455
42P1R1A12_05492	51P2R2A10_05253	97.748	222	5	0	1	222	1	222	2.93e-160	442
42P1R1A12_05493	42P1R1A12_05493	100.000	197	0	0	1	197	1	197	5.12e-147	406
42P1R1A12_05493	31P2R1A5_05169	96.447	197	7	0	1	197	1	197	5.57e-143	396
42P1R1A12_05493	54P2R2A3_04866	95.431	197	9	0	1	197	1	197	3.27e-141	391
42P1R1A12_05494	42P1R1A12_05494	100.000	91	0	0	1	91	1	91	1.08e-60	179
42P1R1A12_05494	18P3R3A11_04365	97.802	91	2	0	1	91	1	91	4.03e-59	175
42P1R1A12_05494	10P3R2A13_04271	95.604	91	4	0	1	91	1	91	6.21e-58	172
42P1R1A12_05495	42P1R1A12_05495	100.000	231	0	0	1	231	1	231	8.60e-175	479
42P1R1A12_05496	42P1R1A12_05496	100.000	145	0	0	1	145	1	145	2.93e-106	299
42P1R1A12_05497	42P1R1A12_05497	100.000	43	0	0	1	43	1	43	7.74e-25	85.5
42P1R1A12_05498	42P1R1A12_05498	100.000	463	0	0	1	463	1	463	0.0	947
42P1R1A12_05499	42P1R1A12_05499	100.000	445	0	0	1	445	1	445	0.0	901
42P1R1A12_05499	51P2R2A10_05247	95.056	445	21	1	1	445	1	444	0.0	854
42P1R1A12_05500	42P1R1A12_05500	100.000	431	0	0	1	431	1	431	0.0	880
42P1R1A12_05500	51P2R2A10_05246	97.680	431	10	0	1	431	1	431	0.0	859
42P1R1A12_05501	42P1R1A12_05501	100.000	530	0	0	1	530	1	530	0.0	1092
42P1R1A12_05501	31P2R1A5_05176	95.849	530	22	0	1	530	1	530	0.0	1051
42P1R1A12_05501	18P3R3A11_04368	95.472	530	24	0	1	530	1	530	0.0	1051
42P1R1A12_05503	42P1R1A12_05503	100.000	105	0	0	1	105	1	105	1.04e-70	206
42P1R1A12_05504	42P1R1A12_05504	100.000	189	0	0	1	189	1	189	1.47e-139	386
42P1R1A12_05504	31P2R1A5_02095	95.238	189	9	0	1	189	1	189	9.97e-132	367
42P1R1A12_05505	42P1R1A12_05505	100.000	143	0	0	1	143	1	143	9.59e-97	275
42P1R1A12_05505	51P2R2A10_02644	95.804	143	6	0	1	143	1	143	7.17e-94	267
42P1R1A12_05506	42P1R1A12_05506	100.000	519	0	0	1	519	1	519	0.0	1075
42P1R1A12_05508	42P1R1A12_05508	100.000	256	0	0	1	256	1	256	0.0	521
42P1R1A12_05508	51P2R2A10_02647	96.063	254	10	0	1	254	1	254	0.0	500
42P1R1A12_05509	42P1R1A12_05509	100.000	559	0	0	1	559	1	559	0.0	1162
42P1R1A12_05509	51P2R2A10_02648	97.496	559	14	0	1	559	1	559	0.0	1138
42P1R1A12_05511	42P1R1A12_05511	100.000	391	0	0	1	391	1	391	0.0	791
42P1R1A12_05511	31P2R1A5_02088	96.419	391	14	0	1	391	1	391	0.0	767
42P1R1A12_05513	42P1R1A12_05513	100.000	112	0	0	1	112	1	112	9.13e-75	216
42P1R1A12_05513	51P2R2A10_02652	95.536	112	5	0	1	112	1	112	3.51e-71	207
42P1R1A12_05514	42P1R1A12_05514	100.000	249	0	0	1	249	1	249	1.07e-180	495
42P1R1A12_05515	42P1R1A12_05515	100.000	332	0	0	1	332	1	332	0.0	687
42P1R1A12_05516	42P1R1A12_05516	100.000	355	0	0	1	355	1	355	0.0	693
42P1R1A12_05517	42P1R1A12_05517	100.000	401	0	0	1	401	1	401	0.0	811
42P1R1A12_05518	42P1R1A12_05518	100.000	321	0	0	1	321	1	321	0.0	664
42P1R1A12_05519	42P1R1A12_05519	100.000	715	0	0	1	715	1	715	0.0	1482
42P1R1A12_05519	51P2R2A10_02658	97.063	715	21	0	1	715	1	715	0.0	1439
42P1R1A12_05520	42P1R1A12_05520	100.000	137	0	0	1	137	1	137	5.16e-99	280
42P1R1A12_05521	42P1R1A12_05521	100.000	82	0	0	1	82	1	82	1.81e-58	173
42P1R1A12_05521	51P2R2A10_02660	95.122	82	4	0	1	82	1	82	4.21e-56	167
42P1R1A12_05522	42P1R1A12_05522	100.000	144	0	0	1	144	1	144	2.34e-104	294
42P1R1A12_05522	51P2R2A10_02661	97.917	144	3	0	1	144	1	144	1.22e-101	287
42P1R1A12_05523	42P1R1A12_05523	100.000	453	0	0	1	453	1	453	0.0	912
42P1R1A12_05524	42P1R1A12_05524	100.000	109	0	0	1	109	1	109	3.55e-75	217
42P1R1A12_05525	42P1R1A12_05525	100.000	117	0	0	1	117	1	117	2.99e-85	243
42P1R1A12_05525	31P2R1A5_02074	96.491	114	4	0	1	114	1	114	6.16e-81	233
42P1R1A12_05526	42P1R1A12_05526	100.000	150	0	0	1	150	1	150	1.02e-107	303
42P1R1A12_05526	51P2R2A10_02665	99.301	143	1	0	1	143	1	143	1.52e-101	287
42P1R1A12_05527	42P1R1A12_05527	100.000	134	0	0	1	134	1	134	1.60e-96	273
42P1R1A12_05528	42P1R1A12_05528	100.000	60	0	0	1	60	1	60	1.73e-38	121
42P1R1A12_05529	42P1R1A12_05529	100.000	174	0	0	1	174	1	174	1.02e-123	345
42P1R1A12_05530	42P1R1A12_05530	100.000	100	0	0	1	100	1	100	3.02e-69	201
42P1R1A12_05530	51P2R2A10_02669	96.000	100	4	0	1	100	1	100	1.54e-66	195
42P1R1A12_05531	42P1R1A12_05531	100.000	199	0	0	1	199	1	199	7.78e-140	388
42P1R1A12_05532	42P1R1A12_05532	100.000	596	0	0	1	596	1	596	0.0	1214
42P1R1A12_05533	42P1R1A12_05533	100.000	507	0	0	1	507	1	507	0.0	1046
42P1R1A12_05534	42P1R1A12_05534	100.000	199	0	0	1	199	1	199	2.34e-143	397
42P1R1A12_05535	42P1R1A12_05535	100.000	220	0	0	1	220	1	220	3.51e-164	451
42P1R1A12_05535	51P2R2A10_02673	95.455	220	10	0	1	220	1	220	5.21e-157	433
42P1R1A12_05536	42P1R1A12_05536	100.000	845	0	0	1	845	1	845	0.0	1724
42P1R1A12_05537	42P1R1A12_05537	100.000	62	0	0	1	62	1	62	1.72e-40	126
42P1R1A12_05538	42P1R1A12_05538	100.000	753	0	0	1	753	1	753	0.0	1552
42P1R1A12_05538	51P2R2A10_01896	97.078	753	22	0	1	753	1	753	0.0	1513
42P1R1A12_05539	42P1R1A12_05539	100.000	253	0	0	1	253	1	253	0.0	522
42P1R1A12_05540	42P1R1A12_05540	100.000	449	0	0	1	449	1	449	0.0	925
42P1R1A12_05540	31P2R1A5_00029	95.100	449	22	0	1	449	1	449	0.0	896
42P1R1A12_05541	42P1R1A12_05541	100.000	275	0	0	1	275	1	275	0.0	565
42P1R1A12_05542	42P1R1A12_05542	100.000	116	0	0	1	116	1	116	7.09e-79	227
42P1R1A12_05542	51P2R2A10_01892	97.414	116	3	0	1	116	1	116	1.61e-76	221
42P1R1A12_05543	42P1R1A12_05543	100.000	453	0	0	1	453	1	453	0.0	895
42P1R1A12_05544	42P1R1A12_05544	100.000	107	0	0	1	107	1	107	2.79e-73	212
42P1R1A12_05545	42P1R1A12_05545	100.000	113	0	0	1	113	1	113	3.47e-82	235
42P1R1A12_05545	51P2R2A10_01889	95.575	113	5	0	1	113	1	113	3.00e-79	228
42P1R1A12_05546	42P1R1A12_05546	100.000	276	0	0	1	276	1	276	0.0	565
42P1R1A12_05546	31P2R1A5_00023	95.652	276	12	0	1	276	1	276	0.0	543
42P1R1A12_05547	42P1R1A12_05547	100.000	287	0	0	1	287	1	287	0.0	585
42P1R1A12_05547	51P2R2A10_01887	96.167	287	11	0	1	287	1	287	0.0	564
42P1R1A12_05548	42P1R1A12_05548	100.000	681	0	0	1	681	1	681	0.0	1391
42P1R1A12_05549	42P1R1A12_05549	100.000	181	0	0	1	181	1	181	3.10e-131	365
42P1R1A12_05549	51P2R2A10_01885	97.238	181	5	0	1	181	1	181	5.22e-128	357
42P1R1A12_05550	42P1R1A12_05550	100.000	161	0	0	1	161	1	161	1.27e-116	326
42P1R1A12_05550	51P2R2A10_01884	97.516	161	4	0	1	161	1	161	1.63e-113	318
42P1R1A12_05551	42P1R1A12_05551	100.000	322	0	0	1	322	1	322	0.0	651
42P1R1A12_05552	42P1R1A12_05552	100.000	442	0	0	1	442	1	442	0.0	900
42P1R1A12_05552	51P2R2A10_01882	96.833	442	14	0	1	442	1	442	0.0	871
42P1R1A12_05553	42P1R1A12_05553	100.000	493	0	0	1	493	1	493	0.0	996
42P1R1A12_05553	51P2R2A10_01881	97.566	493	12	0	1	493	1	493	0.0	977
42P1R1A12_05554	42P1R1A12_05554	100.000	345	0	0	1	345	1	345	0.0	714
42P1R1A12_05555	42P1R1A12_05555	100.000	407	0	0	1	407	1	407	0.0	838
42P1R1A12_05555	51P2R2A10_01879	96.806	407	13	0	1	407	1	407	0.0	818
42P1R1A12_05556	42P1R1A12_05556	100.000	269	0	0	1	269	1	269	0.0	562
42P1R1A12_05556	51P2R2A10_01878	96.654	269	9	0	1	269	1	269	0.0	550
42P1R1A12_05557	42P1R1A12_05557	100.000	221	0	0	1	221	1	221	1.50e-155	429
42P1R1A12_05558	42P1R1A12_05558	100.000	233	0	0	1	233	1	233	3.54e-168	462
42P1R1A12_05558	51P2R2A10_01876	95.708	233	10	0	1	233	16	248	1.18e-152	424
42P1R1A12_05559	42P1R1A12_05559	100.000	184	0	0	1	184	1	184	2.67e-133	370
42P1R1A12_05560	42P1R1A12_05560	100.000	387	0	0	1	387	1	387	0.0	780
42P1R1A12_05561	42P1R1A12_05561	100.000	512	0	0	1	512	1	512	0.0	956
42P1R1A12_05562	42P1R1A12_05562	100.000	211	0	0	1	211	1	211	7.06e-152	419
42P1R1A12_05563	42P1R1A12_05563	100.000	436	0	0	1	436	1	436	0.0	894
42P1R1A12_05563	51P2R2A10_01871	95.622	434	19	0	1	434	1	434	0.0	820
42P1R1A12_05564	42P1R1A12_05564	100.000	206	0	0	1	206	1	206	3.00e-144	400
42P1R1A12_05565	42P1R1A12_05565	100.000	140	0	0	1	140	1	140	1.52e-99	281
42P1R1A12_05566	42P1R1A12_05566	100.000	448	0	0	1	448	1	448	0.0	925
42P1R1A12_05566	31P2R1A5_00005	97.321	448	12	0	1	448	1	448	0.0	905
42P1R1A12_05567	42P1R1A12_05567	100.000	299	0	0	1	299	1	299	0.0	617
42P1R1A12_05568	42P1R1A12_05568	100.000	111	0	0	1	111	1	111	6.22e-76	219
42P1R1A12_05569	42P1R1A12_05569	100.000	83	0	0	1	83	1	83	1.24e-58	173
42P1R1A12_05570	42P1R1A12_05570	100.000	199	0	0	1	199	1	199	1.00e-146	405
42P1R1A12_05570	42P1R1A12_05984	96.985	199	6	0	1	199	1	199	1.67e-142	395
42P1R1A12_05572	42P1R1A12_05572	100.000	323	0	0	1	323	1	323	0.0	670
42P1R1A12_05572	33P3R2A2_04178	99.351	308	2	0	16	323	1	308	0.0	634
42P1R1A12_05572	54P2R2A3_05166	95.455	308	14	0	16	323	1	308	0.0	612
42P1R1A12_05573	42P1R1A12_05573	100.000	165	0	0	1	165	1	165	1.02e-120	337
42P1R1A12_05573	31P2R1A5_05290	96.970	165	5	0	1	165	1	165	1.39e-115	324
42P1R1A12_05574	42P1R1A12_05574	100.000	189	0	0	1	189	1	189	4.31e-135	375
42P1R1A12_05574	54P2R2A3_04770	97.354	189	5	0	1	189	1	189	1.47e-130	363
42P1R1A12_05574	31P2R1A5_05291	98.990	99	1	0	1	99	1	99	3.78e-65	195
42P1R1A12_05576	42P1R1A12_05576	100.000	60	0	0	1	60	1	60	1.74e-38	121
42P1R1A12_05577	42P1R1A12_05577	100.000	33	0	0	1	33	1	33	1.27e-17	66.6
42P1R1A12_05578	42P1R1A12_05578	100.000	145	0	0	1	145	1	145	4.03e-100	283
42P1R1A12_05578	10P3R2A13_03882	95.172	145	7	0	1	145	1	145	3.99e-94	268
42P1R1A12_05592	42P1R1A12_05592	100.000	118	0	0	1	118	1	118	1.97e-83	239
42P1R1A12_05595	42P1R1A12_05595	100.000	494	0	0	1	494	1	494	0.0	1010
42P1R1A12_05595	27P2R2A12_04155	96.154	494	19	0	1	494	1	494	0.0	972
42P1R1A12_05595	10P3R2A13_03863	95.519	491	22	0	1	491	1	491	0.0	962
42P1R1A12_05596	42P1R1A12_05596	100.000	144	0	0	1	144	1	144	1.13e-102	290
42P1R1A12_05596	27P2R2A12_04156	95.833	144	6	0	1	144	1	144	1.23e-97	277
42P1R1A12_05597	42P1R1A12_05597	100.000	117	0	0	1	117	1	117	1.20e-82	237
42P1R1A12_05597	27P2R2A12_04157	97.436	117	3	0	1	117	1	117	1.31e-80	232
42P1R1A12_05598	42P1R1A12_05598	100.000	42	0	0	1	42	1	42	2.78e-24	84.0
42P1R1A12_05599	42P1R1A12_05599	100.000	303	0	0	1	303	1	303	0.0	630
42P1R1A12_05600	42P1R1A12_05600	100.000	341	0	0	1	341	1	341	0.0	703
42P1R1A12_05601	42P1R1A12_05601	100.000	521	0	0	1	521	1	521	0.0	1068
42P1R1A12_05602	42P1R1A12_05602	100.000	139	0	0	1	139	1	139	4.55e-100	283
42P1R1A12_05603	42P1R1A12_05603	100.000	77	0	0	1	77	1	77	6.84e-51	153
42P1R1A12_05603	31P2R1A5_03870	97.403	77	2	0	1	77	1	77	2.56e-49	149
42P1R1A12_05603	3P1R3A2_04513	96.104	77	3	0	1	77	1	77	4.20e-49	149
42P1R1A12_05604	42P1R1A12_05604	100.000	385	0	0	1	385	1	385	0.0	789
42P1R1A12_05604	51P2R2A10_01613	96.623	385	13	0	1	385	1	385	0.0	766
42P1R1A12_05605	42P1R1A12_05605	100.000	461	0	0	1	461	1	461	0.0	904
42P1R1A12_05606	42P1R1A12_05606	100.000	167	0	0	1	167	1	167	5.17e-115	323
42P1R1A12_05607	42P1R1A12_05607	100.000	109	0	0	1	109	1	109	1.04e-75	219
42P1R1A12_05608	42P1R1A12_05608	100.000	441	0	0	1	441	1	441	0.0	911
42P1R1A12_05608	51P2R2A10_01617	97.959	441	9	0	1	441	1	441	0.0	897
42P1R1A12_05609	42P1R1A12_05609	100.000	496	0	0	1	496	1	496	0.0	1004
42P1R1A12_05610	42P1R1A12_05610	100.000	239	0	0	1	239	1	239	2.84e-177	486
42P1R1A12_05610	51P2R2A10_01619	97.908	239	5	0	1	239	1	239	1.08e-173	477
42P1R1A12_05611	42P1R1A12_05611	100.000	248	0	0	1	248	1	248	7.48e-179	491
42P1R1A12_05611	51P2R2A10_01620	97.581	248	6	0	1	248	1	248	2.06e-174	479
42P1R1A12_05612	42P1R1A12_05612	100.000	311	0	0	1	311	1	311	0.0	649
42P1R1A12_05612	51P2R2A10_01621	96.785	311	10	0	1	311	1	311	0.0	633
42P1R1A12_05613	42P1R1A12_05613	100.000	129	0	0	1	129	1	129	1.50e-93	265
42P1R1A12_05614	42P1R1A12_05614	100.000	466	0	0	1	466	1	466	0.0	945
42P1R1A12_05614	51P2R2A10_01623	96.781	466	15	0	1	466	1	466	0.0	920
42P1R1A12_05615	42P1R1A12_05615	100.000	63	0	0	1	63	1	63	3.32e-41	128
42P1R1A12_05616	42P1R1A12_05616	100.000	528	0	0	1	528	1	528	0.0	1056
42P1R1A12_05616	51P2R2A10_01625	95.076	528	26	0	1	528	1	528	0.0	959
42P1R1A12_05617	42P1R1A12_05617	100.000	280	0	0	1	280	1	280	0.0	566
42P1R1A12_05618	42P1R1A12_05618	100.000	262	0	0	1	262	1	262	0.0	525
42P1R1A12_05619	42P1R1A12_05619	100.000	222	0	0	1	222	1	222	1.92e-158	437
42P1R1A12_05620	42P1R1A12_05620	100.000	220	0	0	1	220	1	220	2.94e-159	439
42P1R1A12_05620	31P2R1A5_00556	97.260	219	6	0	2	220	1	219	3.79e-155	428
42P1R1A12_05621	42P1R1A12_05621	100.000	247	0	0	1	247	1	247	0.0	506
42P1R1A12_05621	18P3R3A11_03867	96.735	245	8	0	1	245	1	245	4.59e-180	494
42P1R1A12_05621	31P2R1A5_00555	97.143	245	7	0	1	245	1	245	1.42e-179	493
42P1R1A12_05621	38P2R3A13_04129	95.510	245	11	0	1	245	1	245	7.38e-178	488
42P1R1A12_05622	42P1R1A12_05622	100.000	414	0	0	1	414	1	414	0.0	858
42P1R1A12_05622	18P3R3A11_03868	96.377	414	15	0	1	414	1	414	0.0	833
42P1R1A12_05622	38P2R3A13_04130	95.388	412	19	0	1	412	1	412	0.0	827
42P1R1A12_05623	42P1R1A12_05623	100.000	411	0	0	1	411	1	411	0.0	827
42P1R1A12_05624	42P1R1A12_05624	100.000	570	0	0	1	570	1	570	0.0	1164
42P1R1A12_05624	51P2R2A10_01633	97.719	570	13	0	1	570	1	570	0.0	1144
42P1R1A12_05625	42P1R1A12_05625	100.000	234	0	0	1	234	1	234	2.78e-175	481
42P1R1A12_05625	51P2R2A10_01634	97.436	234	6	0	1	234	1	234	1.73e-171	471
42P1R1A12_05626	42P1R1A12_05626	100.000	179	0	0	1	179	1	179	2.74e-133	370
42P1R1A12_05627	42P1R1A12_05627	100.000	105	0	0	1	105	1	105	1.17e-72	211
42P1R1A12_05627	51P2R2A10_01636	95.876	97	4	0	1	97	1	97	1.29e-63	187
42P1R1A12_05628	42P1R1A12_05628	100.000	106	0	0	1	106	1	106	3.74e-75	217
42P1R1A12_05629	42P1R1A12_05629	100.000	301	0	0	1	301	1	301	0.0	613
42P1R1A12_05630	42P1R1A12_05630	100.000	278	0	0	1	278	1	278	0.0	573
42P1R1A12_05630	51P2R2A10_01641	97.842	278	6	0	1	278	1	278	0.0	565
42P1R1A12_05631	42P1R1A12_05631	100.000	256	0	0	1	256	1	256	0.0	523
42P1R1A12_05631	51P2R2A10_01642	97.638	254	6	0	1	254	1	254	0.0	507
42P1R1A12_05632	42P1R1A12_05632	100.000	548	0	0	1	548	1	548	0.0	1127
42P1R1A12_05632	51P2R2A10_04891	97.628	548	13	0	1	548	1	548	0.0	1104
42P1R1A12_05633	42P1R1A12_05633	100.000	233	0	0	1	233	1	233	2.42e-174	478
42P1R1A12_05633	51P2R2A10_04890	97.854	233	5	0	1	233	1	233	3.94e-170	468
42P1R1A12_05634	42P1R1A12_05634	100.000	210	0	0	1	210	1	210	5.96e-155	427
42P1R1A12_05635	42P1R1A12_05635	100.000	315	0	0	1	315	1	315	0.0	650
42P1R1A12_05636	42P1R1A12_05636	100.000	442	0	0	1	442	1	442	0.0	916
42P1R1A12_05637	42P1R1A12_05637	100.000	309	0	0	1	309	1	309	0.0	642
42P1R1A12_05638	42P1R1A12_05638	100.000	420	0	0	1	420	1	420	0.0	825
42P1R1A12_05639	42P1R1A12_05639	100.000	478	0	0	1	478	1	478	0.0	930
42P1R1A12_05640	42P1R1A12_05640	100.000	352	0	0	1	352	1	352	0.0	714
42P1R1A12_05641	42P1R1A12_05641	100.000	313	0	0	1	313	1	313	0.0	644
42P1R1A12_05642	42P1R1A12_05642	100.000	305	0	0	1	305	1	305	0.0	623
42P1R1A12_05642	51P2R2A10_04881	97.705	305	7	0	1	305	1	305	0.0	610
42P1R1A12_05643	42P1R1A12_05643	100.000	317	0	0	1	317	1	317	0.0	646
42P1R1A12_05643	31P2R1A5_04407	95.899	317	13	0	1	317	1	317	0.0	620
42P1R1A12_05644	42P1R1A12_05644	100.000	150	0	0	1	150	1	150	3.82e-107	301
42P1R1A12_05644	18P3R3A11_01537	95.270	148	7	0	1	148	1	148	2.02e-102	290
42P1R1A12_05644	31P2R1A5_04406	95.270	148	7	0	1	148	1	148	4.70e-102	288
42P1R1A12_05645	42P1R1A12_05645	100.000	167	0	0	1	167	1	167	3.61e-119	333
42P1R1A12_05645	38P2R3A13_07246	95.973	149	6	0	19	167	1	149	8.12e-102	288
42P1R1A12_05646	42P1R1A12_05646	100.000	939	0	0	1	939	1	939	0.0	1942
42P1R1A12_05647	42P1R1A12_05647	100.000	313	0	0	1	313	1	313	0.0	624
42P1R1A12_05648	42P1R1A12_05648	100.000	70	0	0	1	70	1	70	2.11e-45	139
42P1R1A12_05649	42P1R1A12_05649	100.000	300	0	0	1	300	1	300	0.0	625
42P1R1A12_05649	54P2R2A3_02596	95.302	298	14	0	1	298	1	298	0.0	595
42P1R1A12_05650	42P1R1A12_05650	100.000	392	0	0	1	392	1	392	0.0	767
42P1R1A12_05650	51P2R2A10_04873	95.663	392	17	0	1	392	1	392	0.0	713
42P1R1A12_05651	42P1R1A12_05651	100.000	231	0	0	1	231	1	231	1.02e-173	476
42P1R1A12_05652	42P1R1A12_05652	100.000	1020	0	0	1	1020	1	1020	0.0	2110
42P1R1A12_05653	42P1R1A12_05653	100.000	265	0	0	1	265	1	265	0.0	531
42P1R1A12_05654	42P1R1A12_05654	100.000	42	0	0	1	42	1	42	2.38e-24	84.3
42P1R1A12_05655	42P1R1A12_05655	100.000	211	0	0	1	211	1	211	2.11e-159	438
42P1R1A12_05655	42P1R1A12_06129	95.556	180	8	0	1	180	1	180	5.68e-128	358
42P1R1A12_05656	42P1R1A12_05656	100.000	482	0	0	1	482	1	482	0.0	998
42P1R1A12_05657	42P1R1A12_05657	100.000	241	0	0	1	241	1	241	0.0	498
42P1R1A12_05658	42P1R1A12_05658	100.000	84	0	0	1	84	1	84	1.12e-58	174
42P1R1A12_05659	42P1R1A12_05659	100.000	172	0	0	1	172	1	172	9.63e-126	350
42P1R1A12_05659	44P3R3A6_05555	95.349	172	8	0	1	172	1	172	2.25e-116	327
42P1R1A12_05660	42P1R1A12_05660	100.000	188	0	0	1	188	1	188	1.65e-139	386
42P1R1A12_05661	42P1R1A12_05661	100.000	83	0	0	1	83	1	83	1.08e-56	169
42P1R1A12_05662	42P1R1A12_05662	100.000	42	0	0	1	42	1	42	1.12e-25	87.8
42P1R1A12_05663	42P1R1A12_05663	100.000	356	0	0	1	356	1	356	0.0	702
42P1R1A12_05664	42P1R1A12_05664	100.000	910	0	0	1	910	1	910	0.0	1858
42P1R1A12_05664	42P1R1A12_02332	96.703	910	30	0	1	910	1	910	0.0	1806
42P1R1A12_05664	51P2R2A10_04723	96.044	910	36	0	1	910	1	910	0.0	1778
42P1R1A12_05666	42P1R1A12_05666	100.000	79	0	0	1	79	1	79	1.76e-53	160
42P1R1A12_05667	42P1R1A12_05667	100.000	727	0	0	1	727	1	727	0.0	1508
42P1R1A12_05668	42P1R1A12_05668	100.000	427	0	0	1	427	1	427	0.0	885
42P1R1A12_05669	42P1R1A12_05669	100.000	196	0	0	1	196	1	196	3.00e-145	401
42P1R1A12_05670	42P1R1A12_05670	100.000	93	0	0	1	93	1	93	9.67e-64	187
42P1R1A12_05671	42P1R1A12_05671	100.000	361	0	0	1	361	1	361	0.0	742
42P1R1A12_05672	42P1R1A12_05672	100.000	161	0	0	1	161	1	161	6.30e-118	330
42P1R1A12_05673	42P1R1A12_05673	100.000	260	0	0	1	260	1	260	0.0	531
42P1R1A12_05674	42P1R1A12_05674	100.000	54	0	0	1	54	1	54	4.91e-30	99.4
42P1R1A12_05675	42P1R1A12_05675	100.000	404	0	0	1	404	1	404	0.0	832
42P1R1A12_05676	42P1R1A12_05676	100.000	109	0	0	1	109	1	109	1.52e-75	218
42P1R1A12_05677	42P1R1A12_05677	100.000	80	0	0	1	80	1	80	3.45e-56	167
42P1R1A12_05679	42P1R1A12_05679	100.000	65	0	0	1	65	1	65	1.57e-43	134
42P1R1A12_05680	42P1R1A12_05680	100.000	159	0	0	1	159	1	159	2.78e-112	315
42P1R1A12_05680	38P2R3A13_08552	96.855	159	5	0	1	159	1	159	3.60e-108	305
42P1R1A12_05680	10P3R2A13_04397	96.855	159	5	0	1	159	1	159	5.01e-108	304
42P1R1A12_05680	31P2R1A5_05206	95.597	159	7	0	1	159	1	159	8.66e-108	304
42P1R1A12_05680	18P3R3A11_04455	95.513	156	7	0	1	156	1	156	3.14e-105	297
42P1R1A12_05681	42P1R1A12_05681	100.000	158	0	0	1	158	1	158	1.25e-110	311
42P1R1A12_05698	42P1R1A12_05698	100.000	178	0	0	1	178	1	178	3.16e-128	357
42P1R1A12_05698	31P2R1A5_05224	97.753	178	4	0	1	178	1	178	1.93e-126	352
42P1R1A12_05702	42P1R1A12_05702	100.000	145	0	0	1	145	1	145	3.91e-99	281
42P1R1A12_05702	31P2R1A5_05228	95.862	145	6	0	1	145	1	145	2.20e-96	274
42P1R1A12_05702	18P3R3A11_04433	95.172	145	7	0	1	145	1	145	1.10e-93	267
42P1R1A12_05704	42P1R1A12_05704	100.000	119	0	0	1	119	1	119	2.66e-82	236
42P1R1A12_05704	31P2R1A5_05230	97.479	119	3	0	1	119	1	119	7.17e-80	230
42P1R1A12_05705	42P1R1A12_05705	100.000	127	0	0	1	127	1	127	1.33e-91	260
42P1R1A12_05709	42P1R1A12_05709	100.000	123	0	0	1	123	1	123	5.93e-86	246
42P1R1A12_05710	42P1R1A12_05710	100.000	142	0	0	1	142	1	142	7.43e-104	292
42P1R1A12_05710	51P2R2A10_05326	96.479	142	5	0	1	142	1	142	4.63e-100	283
42P1R1A12_05711	42P1R1A12_05711	100.000	87	0	0	1	87	1	87	5.75e-60	177
42P1R1A12_05714	42P1R1A12_05714	100.000	430	0	0	1	430	1	430	0.0	880
42P1R1A12_05714	51P2R2A10_05322	96.279	430	16	0	1	430	27	456	0.0	851
42P1R1A12_05715	42P1R1A12_05715	100.000	316	0	0	1	316	1	316	0.0	639
42P1R1A12_05715	51P2R2A10_05321	96.203	316	12	0	1	316	1	316	0.0	618
42P1R1A12_05716	42P1R1A12_05716	100.000	170	0	0	1	170	1	170	2.34e-120	336
42P1R1A12_05716	10P3R2A13_04434	97.059	170	5	0	1	170	1	170	3.24e-117	328
42P1R1A12_05717	42P1R1A12_05717	100.000	375	0	0	1	375	1	375	0.0	752
42P1R1A12_05717	51P2R2A10_05319	95.467	375	17	0	1	375	1	375	0.0	718
42P1R1A12_05718	42P1R1A12_05718	100.000	158	0	0	1	158	1	158	2.28e-113	318
42P1R1A12_05718	31P2R1A5_05243	97.468	158	4	0	1	158	1	158	2.85e-110	310
42P1R1A12_05719	42P1R1A12_05719	100.000	181	0	0	1	181	1	181	1.19e-133	371
42P1R1A12_05720	42P1R1A12_05720	100.000	191	0	0	1	191	1	191	1.36e-141	392
42P1R1A12_05720	51P2R2A10_05316	97.382	191	5	0	1	191	1	191	1.34e-137	382
42P1R1A12_05721	42P1R1A12_05721	100.000	273	0	0	1	273	1	273	0.0	554
42P1R1A12_05721	51P2R2A10_05315	96.703	273	9	0	1	273	1	273	0.0	539
42P1R1A12_05722	42P1R1A12_05722	100.000	86	0	0	1	86	1	86	5.37e-59	174
42P1R1A12_05723	42P1R1A12_05723	100.000	185	0	0	1	185	1	185	7.23e-135	374
42P1R1A12_05723	51P2R2A10_05313	96.216	185	7	0	1	185	1	185	8.33e-129	359
42P1R1A12_05724	42P1R1A12_05724	100.000	154	0	0	1	154	1	154	1.26e-111	313
42P1R1A12_05725	42P1R1A12_05725	100.000	414	0	0	1	414	1	414	0.0	854
42P1R1A12_05726	42P1R1A12_05726	100.000	395	0	0	1	395	1	395	0.0	818
42P1R1A12_05727	42P1R1A12_05727	100.000	397	0	0	1	397	1	397	0.0	833
42P1R1A12_05728	42P1R1A12_05728	100.000	95	0	0	1	95	1	95	2.36e-67	196
42P1R1A12_05729	42P1R1A12_05729	100.000	621	0	0	1	621	1	621	0.0	1254
42P1R1A12_05730	42P1R1A12_05730	100.000	66	0	0	1	66	1	66	2.60e-44	136
42P1R1A12_05731	42P1R1A12_05731	100.000	347	0	0	1	347	1	347	0.0	704
42P1R1A12_05732	42P1R1A12_05732	100.000	126	0	0	1	126	1	126	3.61e-88	251
42P1R1A12_05733	42P1R1A12_05733	100.000	78	0	0	1	78	1	78	9.24e-54	160
42P1R1A12_05734	42P1R1A12_05734	100.000	101	0	0	1	101	1	101	1.10e-68	200
42P1R1A12_05735	42P1R1A12_05735	100.000	70	0	0	1	70	1	70	3.74e-45	138
42P1R1A12_05736	42P1R1A12_05736	100.000	125	0	0	1	125	1	125	2.09e-92	262
42P1R1A12_05737	42P1R1A12_05737	100.000	94	0	0	1	94	1	94	3.46e-65	191
42P1R1A12_05738	42P1R1A12_05738	100.000	272	0	0	1	272	1	272	0.0	561
42P1R1A12_05739	42P1R1A12_05739	100.000	80	0	0	1	80	1	80	1.65e-56	168
42P1R1A12_05740	42P1R1A12_05740	100.000	206	0	0	1	206	1	206	2.03e-150	415
42P1R1A12_05741	42P1R1A12_05741	100.000	149	0	0	1	149	1	149	1.26e-106	300
42P1R1A12_05742	42P1R1A12_05742	100.000	143	0	0	1	143	1	143	3.75e-104	293
42P1R1A12_05743	42P1R1A12_05743	100.000	109	0	0	1	109	1	109	2.30e-76	220
42P1R1A12_05744	42P1R1A12_05744	100.000	376	0	0	1	376	1	376	0.0	767
42P1R1A12_05745	42P1R1A12_05745	100.000	137	0	0	1	137	1	137	1.50e-97	276
42P1R1A12_05746	42P1R1A12_05746	100.000	80	0	0	1	80	1	80	1.98e-52	157
42P1R1A12_05746	44P3R3A6_02551	96.250	80	0	1	1	80	1	77	3.84e-48	147
42P1R1A12_05747	42P1R1A12_05747	100.000	230	0	0	1	230	1	230	1.13e-174	479
42P1R1A12_05748	42P1R1A12_05748	100.000	215	0	0	1	215	1	215	1.11e-162	447
42P1R1A12_05749	42P1R1A12_05749	100.000	539	0	0	1	539	1	539	0.0	1113
42P1R1A12_05749	44P3R3A6_02548	96.378	497	18	0	43	539	1	497	0.0	993
42P1R1A12_05750	42P1R1A12_05750	100.000	263	0	0	1	263	1	263	0.0	545
42P1R1A12_05751	42P1R1A12_05751	100.000	681	0	0	1	681	1	681	0.0	1389
42P1R1A12_05752	42P1R1A12_05752	100.000	250	0	0	1	250	1	250	0.0	507
42P1R1A12_05752	51P2R2A10_00722	96.400	250	9	0	1	250	1	250	0.0	496
42P1R1A12_05753	42P1R1A12_05753	100.000	229	0	0	1	229	1	229	3.02e-171	470
42P1R1A12_05754	42P1R1A12_05754	100.000	151	0	0	1	151	1	151	4.08e-106	299
42P1R1A12_05755	42P1R1A12_05755	100.000	488	0	0	1	488	1	488	0.0	1004
42P1R1A12_05756	42P1R1A12_05756	100.000	459	0	0	1	459	1	459	0.0	919
42P1R1A12_05756	51P2R2A10_00718	96.732	459	15	0	1	459	1	459	0.0	893
42P1R1A12_05757	42P1R1A12_05757	100.000	340	0	0	1	340	1	340	0.0	698
42P1R1A12_05757	51P2R2A10_00717	95.858	338	14	0	1	338	1	338	0.0	672
42P1R1A12_05758	42P1R1A12_05758	100.000	405	0	0	1	405	1	405	0.0	847
42P1R1A12_05758	43P2R2A2_05150	98.165	109	2	0	297	405	1	109	1.87e-75	229
42P1R1A12_05759	42P1R1A12_05759	100.000	109	0	0	1	109	1	109	7.95e-73	211
42P1R1A12_05760	42P1R1A12_05760	100.000	114	0	0	1	114	1	114	1.24e-80	231
42P1R1A12_05760	51P2R2A10_00714	97.368	114	3	0	1	114	1	114	8.13e-79	227
42P1R1A12_05761	42P1R1A12_05761	100.000	187	0	0	1	187	1	187	6.77e-140	387
42P1R1A12_05761	51P2R2A10_00713	97.861	187	4	0	1	187	1	187	1.16e-135	377
42P1R1A12_05762	42P1R1A12_05762	100.000	237	0	0	1	237	1	237	5.64e-180	493
42P1R1A12_05763	42P1R1A12_05763	100.000	84	0	0	1	84	1	84	8.41e-59	174
42P1R1A12_05763	51P2R2A10_00711	97.619	84	2	0	1	84	1	84	1.95e-57	171
42P1R1A12_05764	42P1R1A12_05764	100.000	318	0	0	1	318	1	318	0.0	657
42P1R1A12_05765	42P1R1A12_05765	100.000	471	0	0	1	471	1	471	0.0	980
42P1R1A12_05765	51P2R2A10_00710	96.391	471	17	0	1	471	342	812	0.0	957
42P1R1A12_05766	42P1R1A12_05766	100.000	206	0	0	1	206	1	206	9.84e-156	429
42P1R1A12_05766	51P2R2A10_00709	96.602	206	7	0	1	206	1	206	2.63e-151	417
42P1R1A12_05766	31P2R1A5_00333	96.117	206	8	0	1	206	1	206	3.55e-150	415
42P1R1A12_05767	42P1R1A12_05767	100.000	286	0	0	1	286	1	286	0.0	554
42P1R1A12_05767	51P2R2A10_00708	96.154	286	11	0	1	286	1	286	0.0	534
42P1R1A12_05768	42P1R1A12_05768	100.000	203	0	0	1	203	1	203	1.61e-145	403
42P1R1A12_05769	42P1R1A12_05769	100.000	416	0	0	1	416	1	416	0.0	808
42P1R1A12_05770	42P1R1A12_05770	100.000	232	0	0	1	232	1	232	7.44e-170	467
42P1R1A12_05770	51P2R2A10_00705	97.414	232	6	0	1	232	1	232	1.90e-165	456
42P1R1A12_05771	42P1R1A12_05771	100.000	407	0	0	1	407	1	407	0.0	829
42P1R1A12_05772	42P1R1A12_05772	100.000	298	0	0	1	298	1	298	0.0	602
42P1R1A12_05772	51P2R2A10_00703	97.651	298	7	0	1	298	1	298	0.0	588
42P1R1A12_05773	42P1R1A12_05773	100.000	417	0	0	1	417	1	417	0.0	816
42P1R1A12_05774	42P1R1A12_05774	100.000	130	0	0	1	130	1	130	2.40e-86	247
42P1R1A12_05775	42P1R1A12_05775	100.000	93	0	0	1	93	1	93	1.03e-61	182
42P1R1A12_05776	42P1R1A12_05776	100.000	210	0	0	1	210	1	210	1.81e-157	434
42P1R1A12_05777	42P1R1A12_05777	100.000	92	0	0	1	92	1	92	6.14e-60	177
42P1R1A12_05778	42P1R1A12_05778	100.000	106	0	0	1	106	1	106	1.89e-58	175
42P1R1A12_05779	42P1R1A12_05779	100.000	114	0	0	1	114	1	114	4.29e-84	240
42P1R1A12_05780	42P1R1A12_05780	100.000	155	0	0	1	155	1	155	3.40e-112	315
42P1R1A12_05780	31P2R1A5_03085	97.419	155	4	0	1	155	1	155	2.16e-109	307
42P1R1A12_05781	42P1R1A12_05781	100.000	579	0	0	1	579	1	579	0.0	1205
42P1R1A12_05781	31P2R1A5_03086	99.714	350	1	0	230	579	1	350	0.0	728
42P1R1A12_05782	42P1R1A12_05782	100.000	440	0	0	1	440	1	440	0.0	910
42P1R1A12_05782	31P2R1A5_03087	99.699	332	1	0	109	440	1	332	0.0	684
42P1R1A12_05785	42P1R1A12_05785	100.000	85	0	0	1	85	1	85	9.69e-58	171
42P1R1A12_05786	42P1R1A12_05786	100.000	161	0	0	1	161	1	161	4.89e-118	330
42P1R1A12_05787	42P1R1A12_05787	100.000	150	0	0	1	150	1	150	1.05e-108	305
42P1R1A12_05788	42P1R1A12_05788	100.000	116	0	0	1	116	1	116	1.14e-80	232
42P1R1A12_05789	42P1R1A12_05789	100.000	235	0	0	1	235	1	235	6.27e-175	480
42P1R1A12_05790	42P1R1A12_05790	100.000	135	0	0	1	135	1	135	3.30e-95	270
42P1R1A12_05791	42P1R1A12_05791	100.000	99	0	0	1	99	1	99	1.86e-68	199
42P1R1A12_05792	42P1R1A12_05792	100.000	252	0	0	1	252	1	252	0.0	530
42P1R1A12_05793	42P1R1A12_05793	100.000	86	0	0	1	86	1	86	1.51e-57	171
42P1R1A12_05793	51P2R2A10_03009	95.385	65	3	0	1	65	1	65	2.16e-42	133
