43P2R2A2_05446	43P2R2A2_05446	100.000	361	0	0	1	361	1	361	0.0	746
43P2R2A2_05446	10P3R2A13_00515	100.000	361	0	0	1	361	734	1094	0.0	744
43P2R2A2_05446	15P1R1A16_00135	99.169	361	3	0	1	361	196	556	0.0	738
43P2R2A2_05451	43P2R2A2_05451	100.000	142	0	0	1	142	1	142	2.99e-99	281
43P2R2A2_05451	10P3R2A13_01752	97.887	142	3	0	1	142	1	142	1.09e-97	277
43P2R2A2_05451	25P2R1A13_03755	97.183	142	4	0	1	142	1	142	1.68e-96	274
43P2R2A2_05451	12_1P1R2A2-1_01025	96.774	31	1	0	1	31	1	31	1.21e-15	66.2
43P2R2A2_05456	43P2R2A2_05456	100.000	168	0	0	1	168	1	168	7.91e-116	325
43P2R2A2_05460	43P2R2A2_05460	100.000	168	0	0	1	168	1	168	3.26e-120	336
43P2R2A2_05460	10P3R2A13_02303	100.000	168	0	0	1	168	241	408	3.38e-117	337
43P2R2A2_05461	43P2R2A2_05461	100.000	217	0	0	1	217	1	217	9.82e-165	452
43P2R2A2_05461	10P3R2A13_00146	100.000	217	0	0	1	217	116	332	7.24e-164	455
43P2R2A2_05461	31P2R1A5_03564	97.235	217	6	0	1	217	116	332	8.78e-160	444
43P2R2A2_05463	10P3R2A13_00731	100.000	341	0	0	1	341	10	350	0.0	706
43P2R2A2_05463	43P2R2A2_05463	100.000	341	0	0	1	341	1	341	0.0	705
43P2R2A2_05463	17P1R1A4_01631	97.654	341	8	0	1	341	10	350	0.0	688
43P2R2A2_05463	15P1R1A16_05111	99.515	206	1	0	136	341	1	206	4.38e-152	426
43P2R2A2_05463	27P2R2A12_03365	100.000	111	0	0	231	341	1	111	6.69e-79	236
43P2R2A2_05466	43P2R2A2_05466	100.000	119	0	0	1	119	1	119	1.91e-82	236
43P2R2A2_05466	16_1P2R1A8-1_04670	99.115	113	1	0	7	119	1	113	5.44e-77	223
43P2R2A2_05466	5P3R2A4_04853	100.000	108	0	0	12	119	1	108	6.20e-74	214
43P2R2A2_05467	43P2R2A2_05467	100.000	62	0	0	1	62	1	62	6.15e-40	125
43P2R2A2_05470	43P2R2A2_05470	100.000	206	0	0	1	206	1	206	1.46e-149	413
43P2R2A2_05470	10P3R2A13_00488	100.000	206	0	0	1	206	240	445	4.11e-147	416
43P2R2A2_05470	34P3R2A10_02917	99.174	121	1	0	86	206	1	121	3.38e-80	234
43P2R2A2_05475	43P2R2A2_05475	100.000	240	0	0	1	240	1	240	4.32e-177	486
43P2R2A2_05475	10P3R2A13_02324	100.000	240	0	0	1	240	153	392	5.02e-177	491
43P2R2A2_05477	10P3R2A13_02990	100.000	471	0	0	1	471	379	849	0.0	977
43P2R2A2_05477	43P2R2A2_05477	100.000	471	0	0	1	471	1	471	0.0	976
43P2R2A2_05477	34P3R2A10_02941	100.000	471	0	0	1	471	231	701	0.0	976
43P2R2A2_05477	15P1R1A16_04377	100.000	433	0	0	39	471	1	433	0.0	900
43P2R2A2_05483	43P2R2A2_05483	100.000	153	0	0	1	153	1	153	2.11e-111	312
43P2R2A2_05484	43P2R2A2_05484	100.000	102	0	0	1	102	1	102	1.26e-72	210
43P2R2A2_05484	15P1R1A16_04688	100.000	102	0	0	1	102	260	361	8.12e-70	212
43P2R2A2_05484	10P3R2A13_01721	100.000	102	0	0	1	102	862	963	1.18e-65	212
43P2R2A2_05485	43P2R2A2_05485	100.000	335	0	0	1	335	1	335	0.0	543
43P2R2A2_05485	10P3R2A13_04964	99.701	335	1	0	1	335	22	356	0.0	539
43P2R2A2_05485	25P2R1A13_03693	96.748	246	8	0	90	335	1	246	2.15e-45	155
43P2R2A2_05485	16_1P2R1A8-1_04799	98.592	71	1	0	1	71	96	166	1.85e-36	129
43P2R2A2_05486	43P2R2A2_05486	100.000	161	0	0	1	161	1	161	6.53e-117	327
43P2R2A2_05486	34P3R2A10_04974	98.137	161	3	0	1	161	71	231	1.45e-112	318
43P2R2A2_05486	10P3R2A13_01020	97.516	161	4	0	1	161	137	297	9.49e-111	317
43P2R2A2_05486	15P1R1A16_04259	99.123	114	1	0	48	161	1	114	6.06e-80	232
43P2R2A2_05487	43P2R2A2_05487	100.000	368	0	0	1	368	1	368	0.0	737
43P2R2A2_05487	10P3R2A13_01696	100.000	368	0	0	1	368	63	430	0.0	737
43P2R2A2_05488	10P3R2A13_03388	100.000	343	0	0	1	343	27	369	0.0	694
43P2R2A2_05488	43P2R2A2_05488	100.000	343	0	0	1	343	1	343	0.0	691
43P2R2A2_05488	12_1P1R2A2-1_04302	97.959	343	7	0	1	343	27	369	0.0	684
43P2R2A2_05488	25P2R1A13_03148	96.501	343	12	0	1	343	27	369	0.0	674
43P2R2A2_05490	43P2R2A2_05490	100.000	156	0	0	1	156	1	156	5.77e-115	322
43P2R2A2_05490	10P3R2A13_00640	100.000	156	0	0	1	156	184	339	5.26e-113	323
43P2R2A2_05490	31P2R1A5_02883	96.154	156	6	0	1	156	184	339	8.75e-109	313
43P2R2A2_05490	51P2R2A10_03713	95.513	156	7	0	1	156	184	339	1.01e-107	310
43P2R2A2_05490	34P3R2A10_04475	100.000	85	0	0	72	156	1	85	1.93e-59	179
43P2R2A2_05491	43P2R2A2_05491	100.000	202	0	0	1	202	1	202	1.67e-153	423
43P2R2A2_05491	25P2R1A13_02757	99.010	202	2	0	1	202	83	284	1.54e-151	421
43P2R2A2_05491	10P3R2A13_00475	100.000	122	0	0	81	202	1	122	6.85e-90	259
43P2R2A2_05492	43P2R2A2_05492	100.000	81	0	0	1	81	1	81	1.52e-51	155
43P2R2A2_05494	43P2R2A2_05494	100.000	80	0	0	1	80	1	80	1.59e-54	163
43P2R2A2_05494	10P3R2A13_03812	100.000	80	0	0	1	80	167	246	1.58e-53	166
43P2R2A2_05494	17P1R1A4_00898	97.500	80	2	0	1	80	167	246	1.55e-51	161
43P2R2A2_05495	43P2R2A2_05495	100.000	100	0	0	1	100	1	100	1.41e-64	190
43P2R2A2_05500	43P2R2A2_05500	100.000	178	0	0	1	178	1	178	4.56e-131	364
43P2R2A2_05500	17P1R1A4_00937	98.876	178	2	0	1	178	30	207	1.61e-128	359
43P2R2A2_05500	19P1R1A6_02915	99.438	178	1	0	1	178	254	431	1.85e-126	362
43P2R2A2_05500	12_1P1R2A2-1_00534	97.802	182	0	1	1	178	254	435	2.80e-125	359
43P2R2A2_05500	3P1R3A2_02411	98.315	178	3	0	1	178	254	431	1.68e-124	357
43P2R2A2_05501	10P3R2A13_01364	100.000	299	0	0	1	299	252	550	0.0	595
43P2R2A2_05501	43P2R2A2_05501	100.000	299	0	0	1	299	1	299	0.0	595
43P2R2A2_05504	43P2R2A2_05504	100.000	75	0	0	1	75	1	75	4.98e-51	154
43P2R2A2_05504	15P1R1A16_03400	100.000	75	0	0	1	75	265	339	2.26e-48	155
43P2R2A2_05504	34P3R2A10_03794	96.000	75	3	0	1	75	221	295	7.41e-47	150
43P2R2A2_05504	33P3R2A2_01148	96.000	75	3	0	1	75	265	339	2.46e-46	150
43P2R2A2_05504	34P3R2A10_04074	96.000	75	3	0	1	75	221	295	2.71e-46	149
43P2R2A2_05504	10P3R2A13_02245	96.000	75	3	0	1	75	265	339	1.15e-45	148
43P2R2A2_05508	43P2R2A2_05508	100.000	221	0	0	1	221	1	221	2.94e-166	457
43P2R2A2_05508	34P3R2A10_04669	99.548	221	1	0	1	221	19	239	7.68e-166	456
43P2R2A2_05508	10P3R2A13_00471	100.000	221	0	0	1	221	169	389	1.29e-164	459
43P2R2A2_05508	32P3R2A9_00399	98.171	164	3	0	58	221	1	164	1.84e-117	331
43P2R2A2_05508	32P3R2A9_00398	100.000	40	0	0	1	40	169	208	4.27e-21	87.4
43P2R2A2_05509	43P2R2A2_05509	100.000	62	0	0	1	62	1	62	8.95e-42	129
43P2R2A2_05509	34P3R2A10_04051	96.774	62	2	0	1	62	1	62	2.01e-40	126
43P2R2A2_05509	10P3R2A13_02818	100.000	62	0	0	1	62	223	284	2.54e-39	130
43P2R2A2_05509	29P3R3A9_00429	96.774	62	2	0	1	62	171	232	1.96e-38	126
43P2R2A2_05509	28P2R1A12_02645	95.161	62	3	0	1	62	130	191	2.35e-38	125
43P2R2A2_05509	12_1P1R2A2-1_00087	95.161	62	3	0	1	62	223	284	2.80e-37	125
43P2R2A2_05510	10P3R2A13_02817	100.000	381	0	0	1	381	73	453	0.0	769
43P2R2A2_05510	43P2R2A2_05510	100.000	381	0	0	1	381	1	381	0.0	768
43P2R2A2_05510	11P3R3A1_03129	97.113	381	11	0	1	381	73	453	0.0	749
43P2R2A2_05510	26P1R3A4_04378	97.638	381	9	0	1	381	73	453	0.0	748
43P2R2A2_05510	43P2R2A2_05625	97.010	301	9	0	81	381	1	301	0.0	593
43P2R2A2_05513	43P2R2A2_05513	100.000	113	0	0	1	113	1	113	9.71e-83	237
43P2R2A2_05513	15P1R1A16_05065	100.000	113	0	0	1	113	78	190	2.07e-81	236
43P2R2A2_05513	19P1R1A6_03593	100.000	113	0	0	1	113	136	248	4.11e-81	238
43P2R2A2_05513	11P3R3A1_04668	97.345	113	3	0	1	113	88	200	6.59e-78	228
43P2R2A2_05513	43P2R2A2_04912	95.495	111	5	0	1	111	1	111	3.64e-77	223
43P2R2A2_05513	7P1R3A5_04733	96.396	111	4	0	1	111	73	183	7.33e-77	224
43P2R2A2_05513	32P3R2A9_05789	95.495	111	5	0	1	111	78	188	3.55e-76	223
43P2R2A2_05513	12_1P1R2A2-1_04429	96.364	110	4	0	1	110	88	197	3.75e-76	223
43P2R2A2_05513	17P1R1A4_03407	95.495	111	5	0	1	111	136	246	1.55e-75	223
43P2R2A2_05518	43P2R2A2_05518	100.000	58	0	0	1	58	1	58	1.46e-38	121
43P2R2A2_05518	10P3R2A13_02208	100.000	58	0	0	1	58	227	284	2.46e-37	124
43P2R2A2_05518	31P2R1A5_04309	96.491	57	2	0	1	57	227	283	1.21e-35	120
43P2R2A2_05518	51P2R2A10_04785	96.429	56	2	0	1	56	227	282	5.08e-35	119
43P2R2A2_05520	43P2R2A2_05520	100.000	107	0	0	1	107	1	107	5.06e-76	219
43P2R2A2_05520	43P2R2A2_05522	95.327	107	5	0	1	107	1	107	7.91e-73	211
43P2R2A2_05520	10P3R2A13_03924	95.327	107	5	0	1	107	488	594	9.58e-68	213
43P2R2A2_05522	43P2R2A2_05522	100.000	107	0	0	1	107	1	107	4.38e-76	219
43P2R2A2_05522	43P2R2A2_05520	95.327	107	5	0	1	107	1	107	7.91e-73	211
43P2R2A2_05522	10P3R2A13_03924	100.000	107	0	0	1	107	488	594	2.53e-71	222
43P2R2A2_05525	10P3R2A13_04449	100.000	112	0	0	1	112	62	173	5.28e-81	234
43P2R2A2_05525	43P2R2A2_05525	100.000	112	0	0	1	112	1	112	1.38e-80	231
43P2R2A2_05529	43P2R2A2_05529	100.000	121	0	0	1	121	1	121	1.66e-84	242
43P2R2A2_05538	43P2R2A2_05538	100.000	171	0	0	1	171	1	171	5.24e-124	346
43P2R2A2_05546	43P2R2A2_05546	100.000	48	0	0	1	48	1	48	1.32e-28	95.5
43P2R2A2_05550	21P1R1A8_04616	100.000	276	0	0	1	276	40	315	0.0	558
43P2R2A2_05550	22P1R2A3_04610	100.000	276	0	0	1	276	62	337	0.0	558
43P2R2A2_05550	43P2R2A2_05550	100.000	276	0	0	1	276	1	276	0.0	558
43P2R2A2_05550	20P1R1A7_04605	100.000	276	0	0	1	276	78	353	0.0	558
43P2R2A2_05550	11P3R3A1_03794	99.638	276	1	0	1	276	78	353	0.0	557
43P2R2A2_05550	22P1R2A3_04614	97.826	276	6	0	1	276	40	315	0.0	548
43P2R2A2_05550	24P1R3A1_08551	97.464	276	7	0	1	276	36	311	0.0	545
43P2R2A2_05550	16_1P2R1A8-1_04324	96.739	276	9	0	1	276	78	353	0.0	542
43P2R2A2_05550	19P1R1A6_04724	100.000	261	0	0	16	276	1	261	0.0	525
43P2R2A2_05550	14P1R2A4_04952	97.600	250	6	0	27	276	1	250	1.49e-178	491
43P2R2A2_05550	15P1R1A16_05123	98.387	124	2	0	153	276	1	124	1.05e-83	246
43P2R2A2_05550	24P1R3A1_09355	100.000	80	0	0	197	276	1	80	2.88e-51	162
43P2R2A2_05553	10P3R2A13_02837	100.000	124	0	0	1	124	15	138	2.70e-85	244
43P2R2A2_05553	43P2R2A2_05553	100.000	124	0	0	1	124	1	124	3.03e-85	244
43P2R2A2_05557	11P3R3A1_00600	100.000	411	0	0	1	411	845	1255	0.0	864
43P2R2A2_05557	43P2R2A2_05557	100.000	411	0	0	1	411	1	411	0.0	840
43P2R2A2_05557	28P2R1A12_00541	95.864	411	15	1	1	411	843	1251	0.0	822
43P2R2A2_05558	43P2R2A2_05558	100.000	62	0	0	1	62	1	62	2.20e-41	128
43P2R2A2_05558	10P3R2A13_00257	98.387	62	1	0	1	62	180	241	7.67e-40	130
43P2R2A2_05561	43P2R2A2_05561	100.000	226	0	0	1	226	1	226	3.41e-170	467
43P2R2A2_05561	10P3R2A13_04534	100.000	226	0	0	1	226	62	287	8.76e-170	468
43P2R2A2_05565	43P2R2A2_05565	100.000	108	0	0	1	108	1	108	5.32e-76	219
43P2R2A2_05566	10P3R2A13_03357	100.000	422	0	0	1	422	53	474	0.0	843
43P2R2A2_05566	43P2R2A2_05566	100.000	422	0	0	1	422	1	422	0.0	841
43P2R2A2_05569	43P2R2A2_05569	100.000	241	0	0	1	241	1	241	1.17e-172	474
43P2R2A2_05569	34P3R2A10_04415	96.680	241	8	0	1	241	1	241	7.24e-167	460
43P2R2A2_05569	10P3R2A13_04989	100.000	189	0	0	53	241	1	189	6.58e-134	374
43P2R2A2_05569	39P2R1A13_04775	97.354	189	5	0	53	241	1	189	1.10e-129	364
43P2R2A2_05569	12_1P1R2A2-1_04440	97.354	189	5	0	53	241	1	189	5.58e-129	362
43P2R2A2_05569	3P1R3A2_04873	96.296	189	7	0	53	241	1	189	1.15e-128	361
43P2R2A2_05569	25P2R1A13_04781	95.767	189	8	0	53	241	1	189	4.68e-128	360
43P2R2A2_05569	38P2R3A13_08695	95.767	189	8	0	53	241	1	189	4.29e-126	355
43P2R2A2_05569	40P3R1A10_04611	96.970	99	3	0	143	241	1	99	2.52e-62	190
43P2R2A2_05569	15P1R1A16_05215	96.875	96	3	0	143	238	1	96	2.34e-60	185
43P2R2A2_05574	10P3R2A13_00076	100.000	367	0	0	1	367	49	415	0.0	726
43P2R2A2_05574	43P2R2A2_05574	100.000	367	0	0	1	367	1	367	0.0	725
43P2R2A2_05580	43P2R2A2_05580	100.000	190	0	0	1	190	1	190	6.31e-136	377
43P2R2A2_05580	10P3R2A13_03749	100.000	190	0	0	1	190	253	442	5.89e-133	379
43P2R2A2_05580	11P3R3A1_01874	99.474	190	1	0	1	190	230	419	4.03e-132	376
43P2R2A2_05581	43P2R2A2_05581	100.000	111	0	0	1	111	1	111	2.45e-79	228
43P2R2A2_05582	43P2R2A2_05582	100.000	287	0	0	1	287	1	287	0.0	570
43P2R2A2_05582	10P3R2A13_02932	97.561	287	7	0	1	287	114	400	0.0	554
43P2R2A2_05584	43P2R2A2_05584	100.000	165	0	0	1	165	1	165	5.69e-123	343
43P2R2A2_05584	10P3R2A13_02885	100.000	165	0	0	1	165	144	308	3.04e-122	346
43P2R2A2_05585	3P1R3A2_01904	99.504	403	2	0	1	403	843	1245	0.0	842
43P2R2A2_05585	34P3R2A10_04339	97.800	409	3	1	1	403	495	903	0.0	828
43P2R2A2_05585	43P2R2A2_05585	100.000	403	0	0	1	403	1	403	0.0	827
43P2R2A2_05585	16_1P2R1A8-1_00111	96.774	403	13	0	1	403	845	1247	0.0	822
43P2R2A2_05585	5P3R2A4_00534	97.767	403	9	0	1	403	373	775	0.0	820
43P2R2A2_05586	43P2R2A2_05586	100.000	150	0	0	1	150	1	150	1.52e-102	290
43P2R2A2_05587	43P2R2A2_05587	100.000	63	0	0	1	63	1	63	1.15e-40	127
43P2R2A2_05587	10P3R2A13_01022	100.000	63	0	0	1	63	422	484	5.77e-38	130
43P2R2A2_05588	43P2R2A2_05588	100.000	104	0	0	1	104	1	104	2.18e-70	205
43P2R2A2_05592	43P2R2A2_05592	100.000	134	0	0	1	134	1	134	1.48e-95	271
43P2R2A2_05592	10P3R2A13_04306	100.000	134	0	0	1	134	354	487	3.17e-95	282
43P2R2A2_05592	34P3R2A10_04821	100.000	134	0	0	1	134	321	454	9.83e-95	280
43P2R2A2_05594	10P3R2A13_04200	100.000	330	0	0	1	330	26	355	0.0	691
43P2R2A2_05594	43P2R2A2_05594	100.000	330	0	0	1	330	1	330	0.0	690
43P2R2A2_05594	33P3R2A2_03323	98.876	178	2	0	1	178	26	203	3.23e-133	377
43P2R2A2_05594	33P3R2A2_03322	97.059	136	4	0	195	330	1	136	1.56e-92	271
43P2R2A2_05598	43P2R2A2_05598	100.000	388	0	0	1	388	1	388	0.0	802
43P2R2A2_05598	10P3R2A13_03350	99.742	388	1	0	1	388	71	458	0.0	801
43P2R2A2_05601	43P2R2A2_05601	100.000	203	0	0	1	203	1	203	6.67e-147	406
43P2R2A2_05601	10P3R2A13_02882	100.000	203	0	0	1	203	201	403	9.22e-144	406
43P2R2A2_05603	43P2R2A2_05603	100.000	77	0	0	1	77	1	77	9.10e-51	153
43P2R2A2_05604	43P2R2A2_05604	100.000	158	0	0	1	158	1	158	1.10e-108	306
43P2R2A2_05605	43P2R2A2_05605	100.000	112	0	0	1	112	1	112	3.46e-77	223
43P2R2A2_05606	10P3R2A13_00679	99.225	258	2	0	1	258	89	346	0.0	527
43P2R2A2_05606	43P2R2A2_05606	100.000	258	0	0	1	258	1	258	0.0	526
43P2R2A2_05609	43P2R2A2_05609	100.000	168	0	0	1	168	1	168	1.10e-120	337
43P2R2A2_05609	10P3R2A13_01398	100.000	168	0	0	1	168	93	260	1.98e-119	337
43P2R2A2_05609	18P3R3A11_04483	97.024	168	5	0	1	168	93	260	1.83e-117	332
43P2R2A2_05609	38P2R3A13_05247	95.238	168	8	0	1	168	93	260	1.69e-116	330
43P2R2A2_05609	25P2R1A13_01433	100.000	123	0	0	46	168	1	123	3.00e-84	243
43P2R2A2_05611	43P2R2A2_05611	100.000	256	0	0	1	256	1	256	0.0	505
43P2R2A2_05612	43P2R2A2_05612	100.000	87	0	0	1	87	1	87	8.39e-59	174
43P2R2A2_05613	11P3R3A1_03892	100.000	185	0	0	1	185	18	202	4.89e-132	368
43P2R2A2_05613	43P2R2A2_05613	100.000	185	0	0	1	185	1	185	6.65e-132	367
43P2R2A2_05613	10P3R2A13_03671	96.757	185	6	0	1	185	18	202	5.36e-129	360
43P2R2A2_05613	39P2R1A13_03383	96.721	183	6	0	1	183	18	200	2.69e-127	356
43P2R2A2_05613	17P1R1A4_01236	96.216	185	7	0	1	185	18	202	3.00e-127	356
43P2R2A2_05614	43P2R2A2_05614	100.000	159	0	0	1	159	1	159	1.88e-115	323
43P2R2A2_05614	10P3R2A13_02832	100.000	159	0	0	1	159	50	208	5.15e-115	324
43P2R2A2_05625	11P3R3A1_03129	100.000	301	0	0	1	301	153	453	0.0	615
43P2R2A2_05625	43P2R2A2_05625	100.000	301	0	0	1	301	1	301	0.0	613
43P2R2A2_05625	26P1R3A4_04378	97.342	301	8	0	1	301	153	453	0.0	599
43P2R2A2_05625	10P3R2A13_02817	97.010	301	9	0	1	301	153	453	0.0	594
43P2R2A2_05625	43P2R2A2_05510	97.010	301	9	0	1	301	81	381	0.0	593
43P2R2A2_05626	43P2R2A2_05626	100.000	106	0	0	1	106	1	106	1.52e-75	218
43P2R2A2_05626	10P3R2A13_00602	100.000	106	0	0	1	106	271	376	7.28e-72	218
43P2R2A2_05628	43P2R2A2_05628	100.000	202	0	0	1	202	1	202	2.48e-148	410
43P2R2A2_05628	10P3R2A13_00600	100.000	202	0	0	1	202	32	233	1.25e-147	409
43P2R2A2_05629	43P2R2A2_05629	100.000	173	0	0	1	173	1	173	1.28e-127	355
43P2R2A2_05629	10P3R2A13_00484	99.422	173	1	0	1	173	58	230	7.33e-127	355
43P2R2A2_05630	43P2R2A2_05630	100.000	200	0	0	1	200	1	200	5.63e-149	411
43P2R2A2_05630	10P3R2A13_00483	100.000	200	0	0	1	200	147	346	7.35e-147	412
43P2R2A2_05634	43P2R2A2_05634	100.000	322	0	0	1	322	1	322	0.0	675
43P2R2A2_05634	10P3R2A13_00433	97.516	322	8	0	1	322	1	322	0.0	660
43P2R2A2_05634	15P1R1A16_04162	99.582	239	1	0	84	322	1	239	0.0	504
43P2R2A2_05638	43P2R2A2_05638	100.000	99	0	0	1	99	1	99	1.65e-64	189
43P2R2A2_05638	10P3R2A13_00373	100.000	99	0	0	1	99	247	345	4.81e-62	191
43P2R2A2_05638	32P3R2A9_00296	100.000	99	0	0	1	99	261	359	4.86e-62	192
43P2R2A2_05638	29P3R3A9_00286	98.990	99	1	0	1	99	247	345	1.67e-61	190
43P2R2A2_05638	34P3R2A10_01757	96.970	99	3	0	1	99	261	359	3.41e-60	187
43P2R2A2_05638	28P2R1A12_02244	96.970	99	3	0	1	99	247	345	4.85e-60	186
43P2R2A2_05638	16_1P2R1A8-1_04731	96.907	97	3	0	1	97	247	343	7.54e-60	186
43P2R2A2_05641	10P3R2A13_03352	100.000	251	0	0	1	251	201	451	0.0	521
43P2R2A2_05641	34P3R2A10_01881	100.000	251	0	0	1	251	147	397	0.0	518
43P2R2A2_05641	43P2R2A2_05641	100.000	251	0	0	1	251	1	251	0.0	514
43P2R2A2_05641	18P3R3A11_02063	96.016	251	10	0	1	251	201	451	0.0	504
43P2R2A2_05645	43P2R2A2_05645	100.000	69	0	0	1	69	1	69	3.45e-45	139
43P2R2A2_05646	43P2R2A2_05646	100.000	163	0	0	1	163	1	163	7.00e-119	332
43P2R2A2_05646	15P1R1A16_04620	99.387	163	1	0	1	163	113	275	1.75e-116	330
43P2R2A2_05646	10P3R2A13_00440	100.000	163	0	0	1	163	265	427	3.21e-115	333
43P2R2A2_05647	43P2R2A2_05647	100.000	198	0	0	1	198	1	198	1.37e-144	400
43P2R2A2_05648	43P2R2A2_05648	100.000	131	0	0	1	131	1	131	1.47e-93	265
43P2R2A2_05649	43P2R2A2_05649	100.000	137	0	0	1	137	1	137	1.93e-98	278
43P2R2A2_05649	10P3R2A13_03150	100.000	137	0	0	1	137	204	340	2.70e-96	280
43P2R2A2_05649	18P3R3A11_02171	96.350	137	5	0	1	137	204	340	4.56e-92	270
43P2R2A2_05651	43P2R2A2_05651	100.000	181	0	0	1	181	1	181	9.97e-134	371
43P2R2A2_05651	34P3R2A10_04345	100.000	181	0	0	1	181	305	485	8.59e-133	380
43P2R2A2_05651	29P3R3A9_02135	100.000	181	0	0	1	181	364	544	4.37e-132	380
43P2R2A2_05651	25P2R1A13_04471	99.448	181	1	0	1	181	382	562	8.44e-131	378
43P2R2A2_05651	33P3R2A2_00003	100.000	181	0	0	1	181	423	603	2.52e-130	378
43P2R2A2_05651	19P1R1A6_01689	100.000	181	0	0	1	181	633	813	5.16e-129	381
43P2R2A2_05651	3P1R3A2_00596	95.531	179	8	0	1	179	223	401	3.87e-128	365
43P2R2A2_05651	10P3R2A13_00752	100.000	181	0	0	1	181	644	824	5.98e-128	378
43P2R2A2_05651	12_1P1R2A2-1_00699	98.895	181	2	0	1	181	644	824	8.86e-127	375
43P2R2A2_05651	3P1R3A2_00800	100.000	115	0	0	67	181	1	115	2.99e-82	238
43P2R2A2_05654	43P2R2A2_05654	100.000	104	0	0	1	104	1	104	1.20e-73	213
43P2R2A2_05654	16_1P2R1A8-1_04572	96.842	95	3	0	10	104	181	275	1.68e-63	193
43P2R2A2_05654	25P2R1A13_00266	95.789	95	4	0	10	104	181	275	7.80e-63	192
43P2R2A2_05654	15P1R1A16_03768	100.000	79	0	0	26	104	1	79	3.34e-55	166
43P2R2A2_05656	43P2R2A2_05656	100.000	180	0	0	1	180	1	180	1.45e-128	358
43P2R2A2_05656	10P3R2A13_03328	99.444	180	1	0	1	180	320	499	1.67e-124	359
43P2R2A2_05657	43P2R2A2_05657	100.000	242	0	0	1	242	1	242	4.10e-176	483
43P2R2A2_05657	10P3R2A13_04051	98.760	242	3	0	1	242	574	815	1.97e-166	479
43P2R2A2_05658	43P2R2A2_05658	100.000	110	0	0	1	110	1	110	1.86e-74	216
43P2R2A2_05659	43P2R2A2_05659	100.000	382	0	0	1	382	1	382	0.0	789
43P2R2A2_05659	10P3R2A13_02925	100.000	382	0	0	1	382	54	435	0.0	788
43P2R2A2_05660	43P2R2A2_05660	100.000	76	0	0	1	76	1	76	5.40e-51	154
43P2R2A2_05662	43P2R2A2_05662	100.000	184	0	0	1	184	1	184	6.04e-131	364
43P2R2A2_05662	10P3R2A13_04672	100.000	184	0	0	1	184	149	332	6.77e-129	365
43P2R2A2_05663	43P2R2A2_05663	100.000	144	0	0	1	144	1	144	4.22e-95	270
43P2R2A2_05663	10P3R2A13_04673	100.000	144	0	0	1	144	250	393	4.66e-92	271
43P2R2A2_05671	43P2R2A2_05671	100.000	279	0	0	1	279	1	279	0.0	548
43P2R2A2_05671	12_1P1R2A2-1_02204	99.283	279	2	0	1	279	97	375	0.0	547
43P2R2A2_05671	28P2R1A12_00524	95.374	281	11	1	1	279	97	377	0.0	523
43P2R2A2_05671	11P3R3A1_00611	95.374	281	11	1	1	279	96	376	0.0	522
43P2R2A2_05671	34P3R2A10_03942	95.374	281	11	1	1	279	1	281	0.0	521
43P2R2A2_05672	43P2R2A2_05672	100.000	284	0	0	1	284	1	284	0.0	585
43P2R2A2_05672	20P1R1A7_04417	98.944	284	3	0	1	284	177	460	0.0	582
43P2R2A2_05672	8P2R1A11_00287	97.887	284	6	0	1	284	174	457	0.0	578
43P2R2A2_05672	15P1R1A16_04920	97.887	284	6	0	1	284	185	468	0.0	575
43P2R2A2_05672	10P3R2A13_00451	95.775	284	12	0	1	284	174	457	0.0	565
43P2R2A2_05672	14P1R2A4_04777	95.070	284	14	0	1	284	177	460	0.0	563
43P2R2A2_05672	17P1R1A4_04435	98.148	54	1	0	231	284	1	54	4.39e-30	107
43P2R2A2_05674	43P2R2A2_05674	100.000	230	0	0	1	230	1	230	3.55e-172	472
43P2R2A2_05674	10P3R2A13_00269	99.565	230	1	0	1	230	126	355	9.22e-170	471
43P2R2A2_05674	32P3R2A9_00175	98.696	230	3	0	1	230	126	355	2.78e-168	468
43P2R2A2_05675	43P2R2A2_05675	100.000	96	0	0	1	96	1	96	1.44e-68	199
43P2R2A2_05675	28P2R1A12_04109	97.917	96	2	0	1	96	1	96	9.85e-68	197
43P2R2A2_05675	5P3R2A4_04844	97.917	96	2	0	1	96	1	96	2.22e-67	196
43P2R2A2_05675	11P3R3A1_03161	97.917	96	2	0	1	96	1	96	7.77e-67	195
43P2R2A2_05675	25P2R1A13_03351	100.000	33	0	0	63	95	1	33	3.12e-17	72.0
43P2R2A2_05677	10P3R2A13_00267	100.000	312	0	0	1	312	57	368	0.0	621
43P2R2A2_05677	43P2R2A2_05677	100.000	312	0	0	1	312	1	312	0.0	619
43P2R2A2_05677	17P1R1A4_00162	97.436	312	8	0	1	312	57	368	0.0	607
43P2R2A2_05677	11P3R3A1_00611	95.312	320	7	1	1	312	57	376	0.0	598
43P2R2A2_05677	25P2R1A13_00164	95.253	316	7	2	1	312	57	368	0.0	591
43P2R2A2_05678	43P2R2A2_05678	100.000	312	0	0	1	312	1	312	0.0	643
43P2R2A2_05678	34P3R2A10_04889	99.359	312	2	0	1	312	31	342	0.0	639
43P2R2A2_05678	10P3R2A13_03910	99.038	312	3	0	1	312	45	356	0.0	637
43P2R2A2_05683	43P2R2A2_05683	100.000	130	0	0	1	130	1	130	5.13e-84	241
43P2R2A2_05683	10P3R2A13_02826	100.000	130	0	0	1	130	177	306	5.34e-83	245
43P2R2A2_05683	15P1R1A16_02621	99.231	130	1	0	1	130	153	282	3.42e-82	242
43P2R2A2_05684	43P2R2A2_05684	100.000	95	0	0	1	95	1	95	8.11e-65	190
43P2R2A2_05685	43P2R2A2_05685	100.000	125	0	0	1	125	1	125	1.23e-86	248
43P2R2A2_05685	17P1R1A4_00085	98.400	125	2	0	1	125	173	297	6.17e-84	247
43P2R2A2_05686	43P2R2A2_05686	100.000	184	0	0	1	184	1	184	2.31e-135	375
43P2R2A2_05686	15P1R1A16_02794	98.844	173	2	0	1	173	1	173	3.76e-125	349
43P2R2A2_05686	15P1R1A16_05218	97.688	173	4	0	1	173	28	200	2.50e-124	348
43P2R2A2_05686	10P3R2A13_02704	98.266	173	3	0	1	173	125	297	2.92e-124	352
43P2R2A2_05687	43P2R2A2_05687	100.000	207	0	0	1	207	1	207	4.77e-150	414
43P2R2A2_05687	10P3R2A13_00390	100.000	207	0	0	1	207	129	335	1.40e-146	410
43P2R2A2_05691	43P2R2A2_05691	100.000	166	0	0	1	166	1	166	2.60e-120	336
43P2R2A2_05692	43P2R2A2_05692	100.000	152	0	0	1	152	1	152	1.86e-104	295
43P2R2A2_05692	34P3R2A10_03438	99.342	152	1	0	1	152	160	311	5.08e-103	297
43P2R2A2_05692	10P3R2A13_02186	100.000	152	0	0	1	152	260	411	1.31e-102	300
43P2R2A2_05692	29P3R3A9_04233	99.342	152	1	0	1	152	269	420	5.65e-102	298
43P2R2A2_05692	30P2R3A4_02506	96.711	152	5	0	1	152	260	411	5.66e-100	293
43P2R2A2_05693	43P2R2A2_05693	100.000	131	0	0	1	131	1	131	1.11e-91	261
43P2R2A2_05693	11P3R3A1_02927	100.000	131	0	0	1	131	331	461	1.42e-88	264
43P2R2A2_05695	43P2R2A2_05695	100.000	143	0	0	1	143	1	143	4.51e-101	285
43P2R2A2_05695	43P2R2A2_04456	96.503	143	5	0	1	143	1	143	4.50e-97	275
43P2R2A2_05697	43P2R2A2_05697	100.000	150	0	0	1	150	1	150	3.56e-113	317
43P2R2A2_05697	10P3R2A13_03387	100.000	150	0	0	1	150	178	327	2.82e-111	318
43P2R2A2_05697	11P3R3A1_03332	99.333	150	1	0	1	150	178	327	1.55e-110	317
43P2R2A2_05697	29P3R3A9_04210	98.667	150	2	0	1	150	178	327	2.63e-110	316
43P2R2A2_05697	16_1P2R1A8-1_01677	96.667	150	5	0	1	150	178	327	3.29e-109	313
43P2R2A2_05697	17P1R1A4_02550	96.000	150	6	0	1	150	178	327	5.52e-108	310
43P2R2A2_05697	15P1R1A16_04068	96.000	150	6	0	1	150	178	327	1.09e-107	309
43P2R2A2_05697	33P3R2A2_03669	95.333	150	7	0	1	150	178	327	7.53e-107	307
43P2R2A2_05698	43P2R2A2_05698	100.000	121	0	0	1	121	1	121	2.40e-85	244
43P2R2A2_05698	34P3R2A10_04170	97.059	68	2	0	1	68	1	68	2.93e-43	136
43P2R2A2_05703	43P2R2A2_05703	100.000	103	0	0	1	103	1	103	2.07e-70	205
43P2R2A2_05704	43P2R2A2_05704	100.000	343	0	0	1	343	1	343	0.0	704
43P2R2A2_05704	34P3R2A10_05060	100.000	343	0	0	1	343	60	402	0.0	704
43P2R2A2_05704	10P3R2A13_02456	100.000	343	0	0	1	343	524	866	0.0	704
43P2R2A2_05704	43P2R2A2_02362	100.000	343	0	0	1	343	268	610	0.0	703
43P2R2A2_05704	18P3R3A11_03679	97.376	343	9	0	1	343	524	866	0.0	687
43P2R2A2_05704	38P2R3A13_08203	97.085	343	10	0	1	343	393	735	0.0	684
43P2R2A2_05704	42P1R1A12_01529	96.501	343	12	0	1	343	524	866	0.0	682
43P2R2A2_05704	31P2R1A5_03726	96.501	343	12	0	1	343	524	866	0.0	661
43P2R2A2_05704	15P1R1A16_04990	100.000	156	0	0	188	343	1	156	1.15e-112	324
43P2R2A2_05705	43P2R2A2_05705	100.000	137	0	0	1	137	1	137	4.05e-99	280
43P2R2A2_05705	15P1R1A16_02603	100.000	137	0	0	1	137	129	265	2.28e-97	280
43P2R2A2_05705	34P3R2A10_03308	99.270	137	1	0	1	137	391	527	2.54e-94	281
43P2R2A2_05705	25P2R1A13_02136	99.270	137	1	0	1	137	1158	1294	5.84e-89	281
43P2R2A2_05705	10P3R2A13_02317	99.270	137	1	0	1	137	1158	1294	1.39e-88	280
43P2R2A2_05710	43P2R2A2_05710	100.000	305	0	0	1	305	1	305	0.0	611
43P2R2A2_05710	10P3R2A13_01201	100.000	305	0	0	1	305	58	362	0.0	610
43P2R2A2_05713	43P2R2A2_05713	100.000	71	0	0	1	71	1	71	6.60e-47	143
43P2R2A2_05715	43P2R2A2_05715	100.000	123	0	0	1	123	1	123	3.09e-87	249
43P2R2A2_05715	10P3R2A13_03744	100.000	123	0	0	1	123	163	285	3.54e-86	252
43P2R2A2_05716	43P2R2A2_05716	100.000	244	0	0	1	244	1	244	0.0	509
43P2R2A2_05716	15P1R1A16_03876	99.590	244	1	0	1	244	278	521	0.0	508
43P2R2A2_05716	10P3R2A13_03217	100.000	244	0	0	1	244	517	760	1.36e-178	509
43P2R2A2_05717	10P3R2A13_00624	100.000	314	0	0	1	314	141	454	0.0	656
43P2R2A2_05717	43P2R2A2_05717	100.000	314	0	0	1	314	1	314	0.0	647
43P2R2A2_05717	31P2R1A5_02872	97.134	314	9	0	1	314	141	454	0.0	638
43P2R2A2_05718	43P2R2A2_05718	100.000	193	0	0	1	193	1	193	1.04e-141	392
43P2R2A2_05718	11P3R3A1_00988	96.891	193	6	0	1	193	69	261	1.71e-135	379
43P2R2A2_05720	43P2R2A2_05720	100.000	141	0	0	1	141	1	141	3.66e-102	288
43P2R2A2_05720	10P3R2A13_01489	100.000	141	0	0	1	141	112	252	3.22e-101	290
43P2R2A2_05720	27P2R2A12_01560	100.000	59	0	0	83	141	1	59	6.03e-35	115
43P2R2A2_05721	43P2R2A2_05721	100.000	163	0	0	1	163	1	163	1.29e-119	334
43P2R2A2_05721	10P3R2A13_01488	100.000	163	0	0	1	163	88	250	1.47e-118	335
43P2R2A2_05721	27P2R2A12_01561	97.546	163	4	0	1	163	88	250	9.42e-116	327
43P2R2A2_05722	43P2R2A2_05722	100.000	113	0	0	1	113	1	113	1.98e-78	226
43P2R2A2_05723	43P2R2A2_05723	100.000	181	0	0	1	181	1	181	1.58e-132	368
43P2R2A2_05723	10P3R2A13_02385	99.448	181	1	0	1	181	67	247	1.04e-129	363
43P2R2A2_05723	18P3R3A11_01254	96.685	181	6	0	1	181	67	247	3.99e-128	359
43P2R2A2_05724	10P3R2A13_00425	99.701	335	1	0	1	335	387	721	0.0	686
43P2R2A2_05724	43P2R2A2_05724	100.000	335	0	0	1	335	1	335	0.0	684
43P2R2A2_05724	15P1R1A16_04258	100.000	58	0	0	278	335	1	58	1.79e-34	120
43P2R2A2_05725	43P2R2A2_05725	100.000	83	0	0	1	83	1	83	2.27e-55	165
43P2R2A2_05725	10P3R2A13_00070	98.795	83	1	0	1	83	591	673	2.95e-49	164
43P2R2A2_05730	43P2R2A2_05730	100.000	295	0	0	1	295	1	295	0.0	618
43P2R2A2_05730	10P3R2A13_03686	99.322	295	2	0	1	295	516	810	0.0	616
43P2R2A2_05730	29P3R3A9_03298	98.305	295	5	0	1	295	246	540	0.0	610
43P2R2A2_05732	43P2R2A2_05732	100.000	215	0	0	1	215	1	215	2.05e-157	434
43P2R2A2_05732	11P3R3A1_01667	98.140	215	4	0	1	215	287	501	2.66e-151	429
43P2R2A2_05732	17P1R1A4_01027	98.605	215	3	0	1	215	272	486	3.10e-150	426
43P2R2A2_05732	10P3R2A13_01454	96.744	215	7	0	1	215	272	486	6.98e-144	410
43P2R2A2_05733	43P2R2A2_05733	100.000	195	0	0	1	195	1	195	1.46e-148	410
43P2R2A2_05733	10P3R2A13_03043	100.000	195	0	0	1	195	342	536	9.20e-146	416
43P2R2A2_05736	43P2R2A2_05736	100.000	89	0	0	1	89	1	89	1.16e-61	182
43P2R2A2_05736	38P2R3A13_08391	98.876	89	1	0	1	89	76	164	1.16e-60	182
43P2R2A2_05736	10P3R2A13_01230	100.000	89	0	0	1	89	152	240	2.16e-60	184
43P2R2A2_05739	43P2R2A2_05739	100.000	91	0	0	1	91	1	91	6.57e-64	187
43P2R2A2_05739	10P3R2A13_01514	100.000	91	0	0	1	91	131	221	3.16e-63	190
43P2R2A2_05739	18P3R3A11_02029	95.604	91	4	0	1	91	131	221	8.89e-61	184
44P3R3A6_00001	44P3R3A6_00001	100.000	86	0	0	1	86	1	86	3.98e-60	177
44P3R3A6_00002	44P3R3A6_00002	100.000	380	0	0	1	380	1	380	0.0	760
44P3R3A6_00003	44P3R3A6_00003	100.000	1143	0	0	1	1143	1	1143	0.0	2310
44P3R3A6_00003	54P2R2A3_02898	95.498	1044	47	0	100	1143	110	1153	0.0	2017
44P3R3A6_00007	44P3R3A6_00007	100.000	181	0	0	1	181	1	181	8.75e-133	369
44P3R3A6_00007	54P2R2A3_02893	96.685	181	6	0	1	181	1	181	1.38e-128	358
44P3R3A6_00007	31P2R1A5_00158	95.580	181	8	0	1	181	1	181	2.87e-115	324
44P3R3A6_00008	44P3R3A6_00008	100.000	165	0	0	1	165	1	165	1.22e-121	339
44P3R3A6_00008	31P2R1A5_00159	97.576	165	4	0	1	165	1	165	4.00e-119	333
44P3R3A6_00009	44P3R3A6_00009	100.000	238	0	0	1	238	1	238	2.04e-171	471
44P3R3A6_00013	44P3R3A6_00013	100.000	69	0	0	1	69	1	69	2.93e-45	139
44P3R3A6_00020	44P3R3A6_00020	100.000	345	0	0	1	345	1	345	0.0	684
44P3R3A6_00020	31P2R1A5_00171	96.812	345	11	0	1	345	1	345	0.0	661
44P3R3A6_00020	54P2R2A3_02880	95.335	343	16	0	1	343	1	343	0.0	649
44P3R3A6_00053	31P2R1A5_00204	100.000	441	0	0	1	441	67	507	0.0	902
44P3R3A6_00053	44P3R3A6_00053	100.000	441	0	0	1	441	1	441	0.0	902
44P3R3A6_00054	44P3R3A6_00054	100.000	62	0	0	1	62	1	62	4.44e-39	122
44P3R3A6_00054	31P2R1A5_00204	100.000	61	0	0	1	61	1	61	4.50e-38	131
44P3R3A6_00058	44P3R3A6_00058	100.000	225	0	0	1	225	1	225	3.53e-161	444
44P3R3A6_00058	31P2R1A5_00208	96.000	225	9	0	1	225	1	225	4.61e-146	406
44P3R3A6_00071	44P3R3A6_00071	100.000	474	0	0	1	474	1	474	0.0	963
44P3R3A6_00071	31P2R1A5_00221	95.359	474	22	0	1	474	1	474	0.0	815
44P3R3A6_00081	44P3R3A6_00081	100.000	313	0	0	1	313	1	313	0.0	659
44P3R3A6_00081	31P2R1A5_00231	98.944	284	3	0	30	313	1	284	0.0	590
44P3R3A6_00105	44P3R3A6_00105	100.000	333	0	0	1	333	1	333	0.0	683
44P3R3A6_00110	44P3R3A6_00110	100.000	118	0	0	1	118	1	118	9.98e-76	219
44P3R3A6_00110	31P2R1A5_00260	97.458	118	3	0	1	118	1	118	1.11e-73	214
44P3R3A6_00110	54P2R2A3_02799	97.059	102	3	0	1	102	1	102	1.06e-64	191
44P3R3A6_00136	44P3R3A6_00136	100.000	53	0	0	1	53	1	53	2.91e-31	102
44P3R3A6_00137	44P3R3A6_00137	100.000	145	0	0	1	145	1	145	1.75e-96	274
44P3R3A6_00137	42P1R1A12_01838	99.310	145	1	0	1	145	365	509	6.77e-94	280
44P3R3A6_00137	31P2R1A5_00287	98.621	145	2	0	1	145	365	509	2.02e-92	276
44P3R3A6_00138	44P3R3A6_00138	100.000	87	0	0	1	87	1	87	3.73e-61	180
44P3R3A6_00139	44P3R3A6_00139	100.000	92	0	0	1	92	1	92	2.77e-65	191
44P3R3A6_00140	44P3R3A6_00140	100.000	142	0	0	1	142	1	142	8.27e-105	295
44P3R3A6_00141	44P3R3A6_00141	100.000	66	0	0	1	66	1	66	2.92e-43	133
44P3R3A6_00142	44P3R3A6_00142	100.000	231	0	0	1	231	1	231	1.22e-175	481
44P3R3A6_00143	44P3R3A6_00143	100.000	115	0	0	1	115	1	115	1.71e-82	236
44P3R3A6_00144	44P3R3A6_00144	100.000	75	0	0	1	75	1	75	2.51e-49	149
44P3R3A6_00145	44P3R3A6_00145	100.000	98	0	0	1	98	1	98	1.80e-69	202
44P3R3A6_00146	44P3R3A6_00146	100.000	37	0	0	1	37	1	37	1.71e-19	71.6
44P3R3A6_00147	44P3R3A6_00147	100.000	132	0	0	1	132	1	132	3.43e-95	270
44P3R3A6_00148	44P3R3A6_00148	100.000	90	0	0	1	90	1	90	1.01e-63	187
44P3R3A6_00149	44P3R3A6_00149	100.000	138	0	0	1	138	1	138	4.53e-98	277
44P3R3A6_00150	44P3R3A6_00150	100.000	85	0	0	1	85	1	85	1.21e-60	179
44P3R3A6_00151	44P3R3A6_00151	100.000	358	0	0	1	358	1	358	0.0	748
44P3R3A6_00152	44P3R3A6_00152	100.000	132	0	0	1	132	1	132	5.29e-97	274
44P3R3A6_00153	44P3R3A6_00153	100.000	74	0	0	1	74	1	74	9.78e-51	153
44P3R3A6_00154	44P3R3A6_00154	100.000	262	0	0	1	262	1	262	0.0	529
44P3R3A6_00155	44P3R3A6_00155	100.000	45	0	0	1	45	1	45	2.02e-27	92.4
44P3R3A6_00156	44P3R3A6_00156	100.000	359	0	0	1	359	1	359	0.0	748
44P3R3A6_00157	44P3R3A6_00157	100.000	183	0	0	1	183	1	183	9.09e-136	376
44P3R3A6_00158	44P3R3A6_00158	100.000	97	0	0	1	97	1	97	5.71e-69	201
44P3R3A6_00159	44P3R3A6_00159	100.000	118	0	0	1	118	1	118	1.37e-84	242
44P3R3A6_00160	44P3R3A6_00160	100.000	56	0	0	1	56	1	56	5.59e-36	114
44P3R3A6_00161	44P3R3A6_00161	100.000	103	0	0	1	103	1	103	5.83e-73	211
44P3R3A6_00162	44P3R3A6_00162	100.000	215	0	0	1	215	1	215	1.00e-163	450
44P3R3A6_00163	44P3R3A6_00163	100.000	200	0	0	1	200	1	200	6.21e-150	414
44P3R3A6_00166	44P3R3A6_00166	100.000	107	0	0	1	107	1	107	6.01e-77	221
44P3R3A6_00167	44P3R3A6_00167	100.000	175	0	0	1	175	1	175	1.73e-128	357
44P3R3A6_00168	44P3R3A6_00168	100.000	106	0	0	1	106	1	106	3.15e-74	214
44P3R3A6_00168	51P2R2A10_03026	95.283	106	5	0	1	106	1	106	2.39e-71	207
44P3R3A6_00169	44P3R3A6_00169	100.000	132	0	0	1	132	1	132	9.46e-97	274
44P3R3A6_00170	44P3R3A6_00170	100.000	92	0	0	1	92	1	92	2.82e-66	193
44P3R3A6_00171	44P3R3A6_00171	100.000	57	0	0	1	57	1	57	2.37e-37	118
44P3R3A6_00172	44P3R3A6_00172	100.000	213	0	0	1	213	1	213	4.48e-155	427
44P3R3A6_00173	44P3R3A6_00173	100.000	195	0	0	1	195	1	195	3.63e-144	399
44P3R3A6_00174	44P3R3A6_00174	100.000	708	0	0	1	708	1	708	0.0	1466
44P3R3A6_00176	44P3R3A6_00176	100.000	546	0	0	1	546	1	546	0.0	1124
44P3R3A6_00176	42P1R1A12_04968	95.788	546	23	0	1	546	1	546	0.0	1093
44P3R3A6_00177	44P3R3A6_00177	100.000	289	0	0	1	289	1	289	0.0	593
44P3R3A6_00178	44P3R3A6_00178	100.000	194	0	0	1	194	1	194	6.28e-138	383
44P3R3A6_00179	44P3R3A6_00179	100.000	135	0	0	1	135	1	135	4.34e-95	270
44P3R3A6_00180	44P3R3A6_00180	100.000	350	0	0	1	350	1	350	0.0	717
44P3R3A6_00181	44P3R3A6_00181	100.000	123	0	0	1	123	1	123	2.98e-84	241
44P3R3A6_00182	44P3R3A6_00182	100.000	120	0	0	1	120	1	120	2.55e-84	241
44P3R3A6_00183	44P3R3A6_00183	100.000	52	0	0	1	52	1	52	4.91e-32	104
44P3R3A6_00184	44P3R3A6_00184	100.000	62	0	0	1	62	1	62	1.34e-39	124
44P3R3A6_00185	44P3R3A6_00185	100.000	504	0	0	1	504	1	504	0.0	1023
44P3R3A6_00186	44P3R3A6_00186	100.000	123	0	0	1	123	1	123	5.66e-87	248
44P3R3A6_00187	44P3R3A6_00187	100.000	93	0	0	1	93	1	93	1.10e-62	184
44P3R3A6_00188	44P3R3A6_00188	100.000	625	0	0	1	625	1	625	0.0	1274
44P3R3A6_00189	44P3R3A6_00189	100.000	467	0	0	1	467	1	467	0.0	951
44P3R3A6_00190	44P3R3A6_00190	100.000	360	0	0	1	360	1	360	0.0	741
44P3R3A6_00191	44P3R3A6_00191	100.000	196	0	0	1	196	1	196	5.07e-147	406
44P3R3A6_00192	44P3R3A6_00192	100.000	150	0	0	1	150	1	150	8.39e-108	303
44P3R3A6_00193	44P3R3A6_00193	100.000	383	0	0	1	383	1	383	0.0	780
44P3R3A6_00194	44P3R3A6_00194	100.000	226	0	0	1	226	1	226	2.57e-168	462
44P3R3A6_00195	44P3R3A6_00195	100.000	275	0	0	1	275	1	275	0.0	510
44P3R3A6_00196	44P3R3A6_00196	100.000	655	0	0	1	655	1	655	0.0	1335
44P3R3A6_00197	44P3R3A6_00197	100.000	249	0	0	1	249	1	249	3.32e-180	494
44P3R3A6_00198	44P3R3A6_00198	100.000	279	0	0	1	279	1	279	0.0	573
44P3R3A6_00199	44P3R3A6_00199	100.000	80	0	0	1	80	1	80	8.25e-55	164
44P3R3A6_00200	44P3R3A6_00200	100.000	106	0	0	1	106	1	106	1.36e-73	213
44P3R3A6_00201	44P3R3A6_00201	100.000	367	0	0	1	367	1	367	0.0	761
44P3R3A6_00202	44P3R3A6_00202	100.000	373	0	0	1	373	1	373	0.0	743
44P3R3A6_00202	31P2R1A5_00287	99.451	364	2	0	1	364	1	364	0.0	716
44P3R3A6_00205	44P3R3A6_00205	100.000	309	0	0	1	309	1	309	0.0	635
44P3R3A6_00205	54P2R2A3_02770	96.370	303	11	0	7	309	1	303	0.0	600
44P3R3A6_00225	44P3R3A6_00225	100.000	301	0	0	1	301	1	301	0.0	598
44P3R3A6_00225	54P2R2A3_02749	97.674	301	7	0	1	301	1	301	0.0	585
44P3R3A6_00225	31P2R1A5_00310	96.346	301	11	0	1	301	1	301	0.0	580
44P3R3A6_00226	44P3R3A6_00226	100.000	206	0	0	1	206	1	206	9.86e-149	411
44P3R3A6_00277	44P3R3A6_00277	100.000	35	0	0	1	35	1	35	1.61e-18	68.9
44P3R3A6_00277	31P2R1A5_00363	97.143	35	1	0	1	35	1	35	3.46e-18	68.2
44P3R3A6_00340	44P3R3A6_00340	100.000	142	0	0	1	142	1	142	6.27e-106	298
44P3R3A6_00340	31P2R1A5_00426	96.479	142	5	0	1	142	1	142	1.79e-102	289
44P3R3A6_00346	44P3R3A6_00346	100.000	234	0	0	1	234	1	234	1.91e-169	466
44P3R3A6_00346	31P2R1A5_00432	99.565	230	1	0	1	230	1	230	7.47e-166	458
44P3R3A6_00356	44P3R3A6_00356	100.000	454	0	0	1	454	1	454	0.0	940
44P3R3A6_00356	31P2R1A5_00442	99.740	385	1	0	70	454	1	385	0.0	788
44P3R3A6_00372	44P3R3A6_00372	100.000	261	0	0	1	261	1	261	0.0	540
44P3R3A6_00372	31P2R1A5_00458	99.087	219	2	0	1	219	1	219	3.63e-162	448
44P3R3A6_00402	44P3R3A6_00402	100.000	262	0	0	1	262	1	262	0.0	536
44P3R3A6_00402	31P2R1A5_00488	97.328	262	7	0	1	262	1	262	0.0	525
44P3R3A6_00403	44P3R3A6_00403	100.000	327	0	0	1	327	1	327	0.0	674
44P3R3A6_00403	42P1R1A12_03407	95.719	327	14	0	1	327	1	327	0.0	647
44P3R3A6_00404	44P3R3A6_00404	100.000	337	0	0	1	337	1	337	0.0	683
44P3R3A6_00412	44P3R3A6_00412	100.000	215	0	0	1	215	1	215	2.57e-160	441
44P3R3A6_00412	54P2R2A3_00357	97.209	215	6	0	1	215	1	215	1.05e-155	429
44P3R3A6_00412	31P2R1A5_00507	97.209	215	6	0	1	215	1	215	4.02e-155	428
44P3R3A6_00427	44P3R3A6_00427	100.000	210	0	0	1	210	1	210	2.28e-158	436
44P3R3A6_00428	44P3R3A6_00428	100.000	220	0	0	1	220	1	220	2.73e-164	451
44P3R3A6_00429	44P3R3A6_00429	100.000	177	0	0	1	177	1	177	2.38e-126	352
44P3R3A6_00430	44P3R3A6_00430	100.000	226	0	0	1	226	1	226	1.10e-166	458
44P3R3A6_00431	44P3R3A6_00431	100.000	845	0	0	1	845	1	845	0.0	1738
44P3R3A6_00432	44P3R3A6_00432	100.000	336	0	0	1	336	1	336	0.0	680
44P3R3A6_00433	44P3R3A6_00433	100.000	171	0	0	1	171	1	171	4.36e-122	341
44P3R3A6_00434	44P3R3A6_00434	100.000	207	0	0	1	207	1	207	3.43e-156	430
44P3R3A6_00435	44P3R3A6_00435	100.000	207	0	0	1	207	1	207	1.37e-148	411
44P3R3A6_00435	31P2R1A5_00522	96.618	207	7	0	1	207	1	207	1.31e-143	398
44P3R3A6_00435	54P2R2A3_00342	97.101	207	6	0	1	207	1	207	2.64e-143	397
44P3R3A6_00444	44P3R3A6_00444	100.000	307	0	0	1	307	1	307	0.0	622
44P3R3A6_00444	31P2R1A5_00531	99.349	307	2	0	1	307	25	331	0.0	621
44P3R3A6_00445	44P3R3A6_00445	100.000	222	0	0	1	222	1	222	2.48e-163	449
44P3R3A6_00445	31P2R1A5_00532	96.847	222	7	0	1	222	1	222	3.35e-159	439
44P3R3A6_00449	44P3R3A6_00449	100.000	33	0	0	1	33	1	33	1.51e-17	66.6
44P3R3A6_00456	44P3R3A6_00456	100.000	179	0	0	1	179	1	179	7.87e-132	366
44P3R3A6_00456	31P2R1A5_00542	97.740	177	4	0	1	177	1	177	3.84e-128	357
44P3R3A6_00456	54P2R2A3_00330	95.758	165	7	0	15	179	15	179	6.35e-115	323
44P3R3A6_00474	44P3R3A6_00474	100.000	62	0	0	1	62	1	62	1.29e-40	126
44P3R3A6_00474	31P2R1A5_00561	95.161	62	3	0	1	62	1	62	2.66e-38	120
44P3R3A6_00486	44P3R3A6_00486	100.000	278	0	0	1	278	1	278	0.0	571
44P3R3A6_00487	44P3R3A6_00487	100.000	487	0	0	1	487	1	487	0.0	1019
44P3R3A6_00488	44P3R3A6_00488	100.000	623	0	0	1	623	1	623	0.0	1265
44P3R3A6_00489	44P3R3A6_00489	100.000	532	0	0	1	532	1	532	0.0	1098
44P3R3A6_00493	44P3R3A6_00493	100.000	137	0	0	1	137	1	137	2.19e-100	283
44P3R3A6_00493	31P2R1A5_00578	96.350	137	5	0	1	137	1	137	3.81e-97	275
44P3R3A6_00495	44P3R3A6_00495	100.000	286	0	0	1	286	1	286	0.0	586
44P3R3A6_00495	31P2R1A5_00580	97.674	258	6	0	29	286	1	258	0.0	518
44P3R3A6_00497	44P3R3A6_00497	100.000	338	0	0	1	338	1	338	0.0	689
44P3R3A6_00498	44P3R3A6_00498	100.000	310	0	0	1	310	1	310	0.0	635
44P3R3A6_00499	44P3R3A6_00499	100.000	232	0	0	1	232	1	232	8.65e-172	471
44P3R3A6_00500	44P3R3A6_00500	100.000	75	0	0	1	75	1	75	2.69e-48	147
44P3R3A6_00500	54P2R2A3_00298	97.333	75	2	0	1	75	1	75	1.93e-46	142
44P3R3A6_00500	31P2R1A5_00583	96.000	75	3	0	1	75	1	75	2.65e-46	142
44P3R3A6_00532	44P3R3A6_00532	100.000	762	0	0	1	762	1	762	0.0	1509
44P3R3A6_00532	31P2R1A5_00615	97.375	762	20	0	1	762	1	762	0.0	1463
44P3R3A6_00533	44P3R3A6_00533	100.000	250	0	0	1	250	1	250	0.0	502
44P3R3A6_00542	44P3R3A6_00542	100.000	318	0	0	1	318	1	318	0.0	634
44P3R3A6_00542	31P2R1A5_00625	97.778	315	7	0	1	315	1	315	0.0	616
44P3R3A6_00543	44P3R3A6_00543	100.000	226	0	0	1	226	1	226	3.70e-166	457
44P3R3A6_00543	31P2R1A5_00626	97.778	225	5	0	1	225	1	225	4.20e-162	447
44P3R3A6_00553	44P3R3A6_00553	100.000	154	0	0	1	154	1	154	2.45e-112	315
44P3R3A6_00553	31P2R1A5_00637	98.693	153	2	0	1	153	1	153	1.29e-110	311
44P3R3A6_00561	44P3R3A6_00561	100.000	236	0	0	1	236	1	236	3.89e-178	488
44P3R3A6_00561	31P2R1A5_00645	96.186	236	9	0	1	236	1	236	3.53e-171	470
44P3R3A6_00575	44P3R3A6_00575	100.000	109	0	0	1	109	1	109	5.51e-78	224
44P3R3A6_00575	31P2R1A5_00659	96.330	109	4	0	1	109	1	109	4.15e-74	214
44P3R3A6_00576	44P3R3A6_00576	100.000	219	0	0	1	219	1	219	2.45e-162	446
44P3R3A6_00576	31P2R1A5_00660	97.260	219	6	0	1	219	1	219	1.57e-158	437
44P3R3A6_00577	44P3R3A6_00577	100.000	295	0	0	1	295	1	295	0.0	613
44P3R3A6_00577	31P2R1A5_00661	97.966	295	6	0	1	295	1	295	0.0	605
44P3R3A6_00577	54P2R2A3_00216	97.627	295	7	0	1	295	1	295	0.0	602
44P3R3A6_00577	42P1R1A12_02737	95.070	284	14	0	1	284	1	284	0.0	571
44P3R3A6_00586	44P3R3A6_00586	100.000	97	0	0	1	97	1	97	2.08e-69	202
44P3R3A6_00586	31P2R1A5_00670	97.938	97	2	0	1	97	1	97	1.30e-68	200
44P3R3A6_00621	44P3R3A6_00621	100.000	100	0	0	1	100	1	100	3.27e-68	199
44P3R3A6_00621	31P2R1A5_00706	97.000	100	3	0	1	100	1	100	2.37e-66	194
44P3R3A6_00621	54P2R2A3_00169	96.000	100	4	0	1	100	1	100	1.23e-51	157
44P3R3A6_00636	44P3R3A6_00636	100.000	269	0	0	1	269	1	269	0.0	527
44P3R3A6_00636	31P2R1A5_00721	97.770	269	6	0	1	269	1	269	0.0	519
44P3R3A6_00637	44P3R3A6_00637	100.000	310	0	0	1	310	1	310	0.0	605
44P3R3A6_00637	31P2R1A5_00722	96.774	310	10	0	1	310	1	310	0.0	587
44P3R3A6_00645	44P3R3A6_00645	100.000	102	0	0	1	102	1	102	3.98e-66	194
44P3R3A6_00680	44P3R3A6_00680	100.000	720	0	0	1	720	1	720	0.0	1440
44P3R3A6_00680	31P2R1A5_01459	100.000	106	0	0	615	720	1	106	1.15e-54	182
44P3R3A6_00717	44P3R3A6_00717	100.000	123	0	0	1	123	1	123	5.52e-73	213
44P3R3A6_00722	44P3R3A6_00722	100.000	163	0	0	1	163	1	163	3.34e-116	325
44P3R3A6_00722	31P2R1A5_01417	96.491	57	2	0	107	163	1	57	6.85e-32	108
44P3R3A6_00730	44P3R3A6_00730	100.000	239	0	0	1	239	1	239	1.01e-177	487
44P3R3A6_00730	31P2R1A5_01409	97.490	239	6	0	1	239	1	239	2.77e-172	473
44P3R3A6_00750	44P3R3A6_00750	100.000	511	0	0	1	511	1	511	0.0	992
44P3R3A6_00750	31P2R1A5_01389	97.847	511	11	0	1	511	1	511	0.0	972
44P3R3A6_00750	54P2R2A3_00050	95.303	511	24	0	1	511	1	511	0.0	947
44P3R3A6_00763	44P3R3A6_00763	100.000	160	0	0	1	160	1	160	1.49e-116	326
44P3R3A6_00779	44P3R3A6_00779	100.000	49	0	0	1	49	1	49	3.54e-31	102
44P3R3A6_00779	31P2R1A5_01360	95.918	49	2	0	1	49	1	49	3.52e-30	99.4
44P3R3A6_00780	44P3R3A6_00780	100.000	47	0	0	1	47	1	47	2.07e-26	89.7
44P3R3A6_00780	31P2R1A5_01359	97.872	47	1	0	1	47	1	47	8.75e-26	88.2
44P3R3A6_00785	44P3R3A6_00785	100.000	308	0	0	1	308	1	308	0.0	617
44P3R3A6_00785	31P2R1A5_01354	97.403	308	8	0	1	308	1	308	0.0	602
44P3R3A6_00785	54P2R2A3_00020	96.429	308	11	0	1	308	1	308	0.0	592
44P3R3A6_00793	44P3R3A6_00793	100.000	289	0	0	1	289	1	289	0.0	587
44P3R3A6_00794	44P3R3A6_00794	100.000	327	0	0	1	327	1	327	0.0	653
44P3R3A6_00795	44P3R3A6_00795	100.000	107	0	0	1	107	1	107	6.97e-75	216
44P3R3A6_00797	44P3R3A6_00797	100.000	101	0	0	1	101	1	101	8.49e-71	206
44P3R3A6_00800	44P3R3A6_00800	100.000	154	0	0	1	154	1	154	1.30e-115	323
44P3R3A6_00800	31P2R1A5_01340	97.403	154	4	0	1	154	1	154	2.98e-112	315
44P3R3A6_00802	44P3R3A6_00802	100.000	281	0	0	1	281	1	281	0.0	538
44P3R3A6_00802	54P2R2A3_03348	97.509	281	7	0	1	281	1	281	0.0	523
44P3R3A6_00802	31P2R1A5_01338	96.441	281	10	0	1	281	1	281	0.0	523
44P3R3A6_00803	44P3R3A6_00803	100.000	153	0	0	1	153	1	153	1.47e-111	313
44P3R3A6_00803	31P2R1A5_01337	97.386	153	4	0	1	153	1	153	8.74e-108	303
44P3R3A6_00805	44P3R3A6_00805	100.000	652	0	0	1	652	1	652	0.0	1293
44P3R3A6_00814	44P3R3A6_00814	100.000	124	0	0	1	124	1	124	1.10e-88	253
44P3R3A6_00814	31P2R1A5_01326	96.774	124	4	0	1	124	1	124	8.31e-86	245
44P3R3A6_00814	54P2R2A3_03336	95.161	124	6	0	1	124	1	124	2.61e-84	241
44P3R3A6_00824	44P3R3A6_00824	100.000	72	0	0	1	72	1	72	1.96e-47	144
44P3R3A6_00848	44P3R3A6_00848	100.000	342	0	0	1	342	1	342	0.0	630
44P3R3A6_00848	31P2R1A5_01291	97.661	342	8	0	1	342	1	342	0.0	618
44P3R3A6_00848	54P2R2A3_03318	97.749	311	7	0	32	342	32	342	0.0	524
44P3R3A6_00866	44P3R3A6_00866	100.000	315	0	0	1	315	1	315	0.0	639
44P3R3A6_00866	31P2R1A5_01272	97.778	315	7	0	1	315	1	315	0.0	627
44P3R3A6_00866	54P2R2A3_03300	97.143	315	9	0	1	315	1	315	0.0	625
44P3R3A6_00871	44P3R3A6_00871	100.000	250	0	0	1	250	1	250	0.0	496
44P3R3A6_00871	31P2R1A5_01267	97.600	250	6	0	1	250	1	250	6.88e-176	483
44P3R3A6_00891	44P3R3A6_00891	100.000	205	0	0	1	205	1	205	8.97e-153	421
44P3R3A6_00891	31P2R1A5_01247	100.000	179	0	0	27	205	1	179	5.75e-131	365
44P3R3A6_00915	44P3R3A6_00915	100.000	478	0	0	1	478	1	478	0.0	944
44P3R3A6_00916	44P3R3A6_00916	100.000	305	0	0	1	305	1	305	0.0	625
44P3R3A6_00917	44P3R3A6_00917	100.000	418	0	0	1	418	1	418	0.0	859
44P3R3A6_00918	44P3R3A6_00918	100.000	123	0	0	1	123	1	123	1.26e-86	247
44P3R3A6_00952	44P3R3A6_00952	100.000	153	0	0	1	153	1	153	2.24e-113	317
44P3R3A6_00952	31P2R1A5_01189	100.000	120	0	0	34	153	1	120	3.28e-88	253
44P3R3A6_00962	44P3R3A6_00962	100.000	37	0	0	1	37	1	37	7.37e-23	80.1
44P3R3A6_00994	44P3R3A6_00994	100.000	462	0	0	1	462	1	462	0.0	908
44P3R3A6_00994	31P2R1A5_01148	97.835	462	10	0	1	462	1	462	0.0	888
44P3R3A6_01067	44P3R3A6_01067	100.000	383	0	0	1	383	1	383	0.0	798
44P3R3A6_01067	51P2R2A10_00328	95.778	379	16	0	3	381	1	379	0.0	768
44P3R3A6_01067	42P1R1A12_00434	96.042	379	15	0	3	381	1	379	0.0	744
44P3R3A6_01068	44P3R3A6_01068	100.000	365	0	0	1	365	1	365	0.0	744
44P3R3A6_01068	51P2R2A10_00327	97.534	365	9	0	1	365	1	365	0.0	726
44P3R3A6_01068	42P1R1A12_00433	96.970	363	11	0	1	363	1	363	0.0	721
44P3R3A6_01069	44P3R3A6_01069	100.000	280	0	0	1	280	1	280	0.0	556
44P3R3A6_01069	42P1R1A12_00432	97.857	280	6	0	1	280	1	280	0.0	545
44P3R3A6_01070	44P3R3A6_01070	100.000	314	0	0	1	314	1	314	0.0	636
44P3R3A6_01070	42P1R1A12_00431	97.134	314	9	0	1	314	1	314	0.0	619
44P3R3A6_01071	44P3R3A6_01071	100.000	430	0	0	1	430	1	430	0.0	887
44P3R3A6_01072	44P3R3A6_01072	100.000	413	0	0	1	413	1	413	0.0	853
44P3R3A6_01073	44P3R3A6_01073	100.000	669	0	0	1	669	1	669	0.0	1377
44P3R3A6_01074	44P3R3A6_01074	100.000	70	0	0	1	70	1	70	3.02e-44	136
44P3R3A6_01074	31P2R1A5_01062	98.507	67	1	0	1	67	1	67	3.51e-42	131
44P3R3A6_01074	54P2R2A3_02274	96.721	61	2	0	1	61	1	61	1.68e-37	119
44P3R3A6_01095	44P3R3A6_01095	100.000	227	0	0	1	227	1	227	1.83e-167	460
44P3R3A6_01104	44P3R3A6_01104	100.000	49	0	0	1	49	1	49	2.19e-28	95.1
44P3R3A6_01104	31P2R1A5_01032	97.959	49	1	0	1	49	1	49	3.08e-28	94.7
44P3R3A6_01107	44P3R3A6_01107	100.000	125	0	0	1	125	1	125	1.14e-86	248
44P3R3A6_01107	31P2R1A5_01029	97.600	125	3	0	1	125	1	125	3.31e-84	241
44P3R3A6_01125	44P3R3A6_01125	100.000	320	0	0	1	320	1	320	0.0	662
44P3R3A6_01125	54P2R2A3_02320	97.143	315	9	0	6	320	1	315	0.0	634
44P3R3A6_01171	44P3R3A6_01171	100.000	380	0	0	1	380	1	380	0.0	796
44P3R3A6_01171	31P2R1A5_01548	99.451	364	2	0	17	380	1	364	0.0	756
44P3R3A6_01171	42P1R1A12_02006	96.154	364	14	0	17	380	1	364	0.0	713
44P3R3A6_01178	44P3R3A6_01178	100.000	187	0	0	1	187	1	187	7.38e-135	374
44P3R3A6_01191	44P3R3A6_01191	100.000	496	0	0	1	496	1	496	0.0	1018
44P3R3A6_01191	31P2R1A5_01567	96.774	496	16	0	1	496	1	496	0.0	989
44P3R3A6_01191	54P2R2A3_04303	96.169	496	19	0	1	496	1	496	0.0	983
44P3R3A6_01238	44P3R3A6_01238	100.000	654	0	0	1	654	1	654	0.0	1354
44P3R3A6_01238	31P2R1A5_01614	99.847	654	1	0	1	654	49	702	0.0	1353
44P3R3A6_01249	44P3R3A6_01249	100.000	389	0	0	1	389	1	389	0.0	809
44P3R3A6_01250	44P3R3A6_01250	100.000	413	0	0	1	413	1	413	0.0	841
44P3R3A6_01251	44P3R3A6_01251	100.000	430	0	0	1	430	1	430	0.0	863
44P3R3A6_01252	44P3R3A6_01252	100.000	404	0	0	1	404	1	404	0.0	837
44P3R3A6_01253	44P3R3A6_01253	100.000	155	0	0	1	155	1	155	7.74e-112	313
44P3R3A6_01272	44P3R3A6_01272	100.000	755	0	0	1	755	1	755	0.0	1483
44P3R3A6_01272	31P2R1A5_01643	97.616	755	18	0	1	755	1	755	0.0	1444
44P3R3A6_01290	44P3R3A6_01290	100.000	1420	0	0	1	1420	1	1420	0.0	2855
44P3R3A6_01290	31P2R1A5_01661	97.890	1422	4	3	1	1420	1	1398	0.0	2780
44P3R3A6_01290	15P1R1A16_04827	97.036	506	15	0	915	1420	1	506	0.0	998
44P3R3A6_01290	51P2R2A10_01470	96.693	514	17	0	907	1420	860	1373	0.0	978
44P3R3A6_01290	47P2R3A6_02862	98.054	514	10	0	907	1420	742	1255	0.0	975
44P3R3A6_01290	38P2R3A13_07872	97.860	514	11	0	907	1420	705	1218	0.0	974
44P3R3A6_01305	44P3R3A6_01305	100.000	562	0	0	1	562	1	562	0.0	1165
44P3R3A6_01305	42P1R1A12_02862	95.915	563	22	1	1	562	1	563	0.0	1125
44P3R3A6_01305	51P2R2A10_01455	96.189	551	21	0	12	562	1	551	0.0	1108
44P3R3A6_01305	43P2R2A2_03583	95.342	365	17	0	198	562	1	365	0.0	731
44P3R3A6_01316	44P3R3A6_01316	100.000	265	0	0	1	265	1	265	0.0	549
44P3R3A6_01316	42P1R1A12_02872	97.984	248	5	0	18	265	2	249	0.0	504
44P3R3A6_01316	31P2R1A5_01687	100.000	243	0	0	23	265	1	243	0.0	503
44P3R3A6_01316	51P2R2A10_01445	97.119	243	7	0	23	265	1	243	4.01e-178	489
44P3R3A6_01316	10P3R2A13_01632	95.473	243	11	0	23	265	1	243	2.89e-175	482
44P3R3A6_01336	44P3R3A6_01336	100.000	258	0	0	1	258	1	258	0.0	533
44P3R3A6_01337	44P3R3A6_01337	100.000	60	0	0	1	60	1	60	9.12e-39	122
44P3R3A6_01338	44P3R3A6_01338	100.000	362	0	0	1	362	1	362	0.0	737
44P3R3A6_01339	44P3R3A6_01339	100.000	162	0	0	1	162	1	162	5.53e-117	327
44P3R3A6_01340	44P3R3A6_01340	100.000	877	0	0	1	877	1	877	0.0	1762
44P3R3A6_01341	44P3R3A6_01341	100.000	100	0	0	1	100	1	100	9.66e-66	193
44P3R3A6_01342	44P3R3A6_01342	100.000	172	0	0	1	172	1	172	6.43e-125	348
44P3R3A6_01343	44P3R3A6_01343	100.000	391	0	0	1	391	1	391	0.0	802
44P3R3A6_01344	44P3R3A6_01344	100.000	359	0	0	1	359	1	359	0.0	738
44P3R3A6_01345	44P3R3A6_01345	100.000	246	0	0	1	246	1	246	0.0	497
44P3R3A6_01346	44P3R3A6_01346	100.000	755	0	0	1	755	1	755	0.0	1553
44P3R3A6_01347	44P3R3A6_01347	100.000	200	0	0	1	200	1	200	1.30e-148	410
44P3R3A6_01348	44P3R3A6_01348	100.000	303	0	0	1	303	1	303	0.0	601
44P3R3A6_01349	44P3R3A6_01349	100.000	121	0	0	1	121	1	121	2.72e-84	241
44P3R3A6_01350	44P3R3A6_01350	100.000	191	0	0	1	191	1	191	6.60e-141	390
44P3R3A6_01351	44P3R3A6_01351	100.000	275	0	0	1	275	1	275	0.0	571
44P3R3A6_01352	44P3R3A6_01352	100.000	150	0	0	1	150	1	150	1.57e-106	300
44P3R3A6_01353	44P3R3A6_01353	100.000	144	0	0	1	144	1	144	1.10e-103	292
44P3R3A6_01354	44P3R3A6_01354	100.000	143	0	0	1	143	1	143	9.40e-101	285
44P3R3A6_01355	44P3R3A6_01355	100.000	128	0	0	1	128	1	128	1.57e-87	250
44P3R3A6_01356	44P3R3A6_01356	100.000	170	0	0	1	170	1	170	3.76e-125	348
44P3R3A6_01357	44P3R3A6_01357	100.000	72	0	0	1	72	1	72	5.19e-48	146
44P3R3A6_01358	44P3R3A6_01358	100.000	68	0	0	1	68	1	68	5.31e-46	140
44P3R3A6_01359	44P3R3A6_01359	100.000	155	0	0	1	155	1	155	3.64e-115	322
44P3R3A6_01360	44P3R3A6_01360	100.000	218	0	0	1	218	1	218	1.21e-158	437
44P3R3A6_01361	44P3R3A6_01361	100.000	351	0	0	1	351	1	351	0.0	718
44P3R3A6_01362	44P3R3A6_01362	100.000	278	0	0	1	278	1	278	0.0	571
44P3R3A6_01363	44P3R3A6_01363	100.000	585	0	0	1	585	1	585	0.0	1222
44P3R3A6_01364	44P3R3A6_01364	100.000	344	0	0	1	344	1	344	0.0	716
44P3R3A6_01365	44P3R3A6_01365	100.000	235	0	0	1	235	1	235	2.41e-177	486
44P3R3A6_01366	44P3R3A6_01366	100.000	62	0	0	1	62	1	62	4.02e-39	122
44P3R3A6_01367	44P3R3A6_01367	100.000	794	0	0	1	794	1	794	0.0	1651
44P3R3A6_01368	44P3R3A6_01368	100.000	76	0	0	1	76	1	76	6.37e-51	153
44P3R3A6_01369	44P3R3A6_01369	100.000	79	0	0	1	79	1	79	4.81e-54	162
44P3R3A6_01370	44P3R3A6_01370	100.000	114	0	0	1	114	1	114	1.62e-79	229
44P3R3A6_01371	44P3R3A6_01371	100.000	67	0	0	1	67	1	67	2.11e-45	139
44P3R3A6_01372	44P3R3A6_01372	100.000	170	0	0	1	170	1	170	3.18e-126	351
44P3R3A6_01373	44P3R3A6_01373	100.000	74	0	0	1	74	1	74	1.86e-48	147
44P3R3A6_01374	44P3R3A6_01374	100.000	191	0	0	1	191	1	191	2.70e-143	396
44P3R3A6_01375	44P3R3A6_01375	100.000	373	0	0	1	373	1	373	0.0	762
44P3R3A6_01376	44P3R3A6_01376	100.000	358	0	0	1	358	1	358	0.0	727
44P3R3A6_01377	44P3R3A6_01377	100.000	351	0	0	1	351	1	351	0.0	730
44P3R3A6_01378	44P3R3A6_01378	100.000	188	0	0	1	188	1	188	5.43e-140	387
44P3R3A6_01378	31P2R1A5_01707	97.872	188	4	0	1	188	1	188	1.64e-136	379
44P3R3A6_01394	44P3R3A6_01394	100.000	620	0	0	1	620	1	620	0.0	1254
44P3R3A6_01394	54P2R2A3_03599	97.258	620	17	0	1	620	1	620	0.0	1218
44P3R3A6_01394	31P2R1A5_01723	97.083	617	18	0	1	617	1	617	0.0	1213
44P3R3A6_01413	44P3R3A6_01413	100.000	42	0	0	1	42	1	42	7.47e-26	88.2
44P3R3A6_01413	31P2R1A5_01742	97.619	42	1	0	1	42	1	42	8.76e-25	85.5
44P3R3A6_01468	44P3R3A6_01468	100.000	420	0	0	1	420	1	420	0.0	862
44P3R3A6_01468	31P2R1A5_01797	99.524	420	2	0	1	420	21	440	0.0	858
44P3R3A6_01545	44P3R3A6_01545	100.000	183	0	0	1	183	1	183	2.43e-137	380
44P3R3A6_01545	31P2R1A5_01874	100.000	183	0	0	1	183	49	231	5.77e-136	379
44P3R3A6_01545	54P2R2A3_03026	96.721	183	6	0	1	183	49	231	3.16e-132	369
44P3R3A6_01546	44P3R3A6_01546	100.000	291	0	0	1	291	1	291	0.0	595
44P3R3A6_01546	31P2R1A5_01875	99.225	258	2	0	34	291	1	258	0.0	522
44P3R3A6_01581	44P3R3A6_01581	100.000	598	0	0	1	598	1	598	0.0	1163
44P3R3A6_01658	44P3R3A6_01658	100.000	210	0	0	1	210	1	210	2.30e-154	426
44P3R3A6_01658	31P2R1A5_05054	97.143	210	6	0	1	210	1	210	1.51e-150	416
44P3R3A6_01714	44P3R3A6_01714	100.000	145	0	0	1	145	1	145	6.22e-103	290
44P3R3A6_01715	44P3R3A6_01715	100.000	157	0	0	1	157	1	157	1.14e-112	316
44P3R3A6_01716	44P3R3A6_01716	100.000	248	0	0	1	248	1	248	5.41e-174	478
44P3R3A6_01717	44P3R3A6_01717	100.000	285	0	0	1	285	1	285	0.0	581
44P3R3A6_01718	44P3R3A6_01718	100.000	354	0	0	1	354	1	354	0.0	733
44P3R3A6_01719	44P3R3A6_01719	100.000	329	0	0	1	329	1	329	0.0	689
44P3R3A6_01719	54P2R2A3_04683	97.872	329	7	0	1	329	1	329	0.0	678
44P3R3A6_01720	44P3R3A6_01720	100.000	910	0	0	1	910	1	910	0.0	1872
44P3R3A6_01723	44P3R3A6_01723	100.000	466	0	0	1	466	1	466	0.0	943
44P3R3A6_01724	44P3R3A6_01724	100.000	385	0	0	1	385	1	385	0.0	793
44P3R3A6_01725	44P3R3A6_01725	100.000	337	0	0	1	337	1	337	0.0	692
44P3R3A6_01726	44P3R3A6_01726	100.000	375	0	0	1	375	1	375	0.0	753
44P3R3A6_01727	44P3R3A6_01727	100.000	344	0	0	1	344	1	344	0.0	693
44P3R3A6_01728	44P3R3A6_01728	100.000	326	0	0	1	326	1	326	0.0	667
44P3R3A6_01729	44P3R3A6_01729	100.000	407	0	0	1	407	1	407	0.0	813
44P3R3A6_01730	44P3R3A6_01730	100.000	319	0	0	1	319	1	319	0.0	655
44P3R3A6_01731	44P3R3A6_01731	100.000	291	0	0	1	291	1	291	0.0	597
44P3R3A6_01732	44P3R3A6_01732	100.000	508	0	0	1	508	1	508	0.0	1014
44P3R3A6_01733	44P3R3A6_01733	100.000	725	0	0	1	725	1	725	0.0	1466
44P3R3A6_01734	44P3R3A6_01734	100.000	379	0	0	1	379	1	379	0.0	776
44P3R3A6_01734	31P2R1A5_00821	95.767	378	16	0	1	378	1	378	0.0	751
44P3R3A6_01734	54P2R2A3_04577	96.543	376	13	0	1	376	1	376	0.0	748
44P3R3A6_01735	44P3R3A6_01735	100.000	478	0	0	1	478	1	478	0.0	978
44P3R3A6_01735	54P2R2A3_04576	97.908	478	10	0	1	478	1	478	0.0	962
44P3R3A6_01735	33P3R2A2_04396	97.490	478	12	0	1	478	1	478	0.0	960
44P3R3A6_01735	31P2R1A5_00820	96.653	478	16	0	1	478	1	478	0.0	949
44P3R3A6_01736	44P3R3A6_01736	100.000	210	0	0	1	210	1	210	2.05e-149	413
44P3R3A6_01770	44P3R3A6_01770	100.000	94	0	0	1	94	1	94	2.13e-66	194
44P3R3A6_01771	44P3R3A6_01771	100.000	276	0	0	1	276	1	276	0.0	563
44P3R3A6_01772	44P3R3A6_01772	100.000	71	0	0	1	71	1	71	2.25e-47	144
44P3R3A6_01773	44P3R3A6_01773	100.000	192	0	0	1	192	1	192	5.20e-145	400
44P3R3A6_01774	44P3R3A6_01774	100.000	82	0	0	1	82	1	82	1.25e-55	166
44P3R3A6_01775	44P3R3A6_01775	100.000	69	0	0	1	69	1	69	5.39e-46	140
44P3R3A6_01776	44P3R3A6_01776	100.000	99	0	0	1	99	1	99	2.81e-69	201
44P3R3A6_01777	44P3R3A6_01777	100.000	128	0	0	1	128	1	128	9.12e-93	263
44P3R3A6_01778	44P3R3A6_01778	100.000	30	0	0	1	30	1	30	6.51e-15	59.7
44P3R3A6_01779	44P3R3A6_01779	100.000	125	0	0	1	125	1	125	1.15e-91	260
44P3R3A6_01780	44P3R3A6_01780	100.000	1582	0	0	1	1582	1	1582	0.0	3260
44P3R3A6_01781	44P3R3A6_01781	100.000	175	0	0	1	175	1	175	3.91e-131	364
44P3R3A6_01782	44P3R3A6_01782	100.000	78	0	0	1	78	1	78	1.12e-51	155
44P3R3A6_01783	44P3R3A6_01783	100.000	611	0	0	1	611	1	611	0.0	1248
44P3R3A6_01784	44P3R3A6_01784	100.000	90	0	0	1	90	1	90	5.53e-64	187
44P3R3A6_01785	44P3R3A6_01785	100.000	186	0	0	1	186	1	186	1.92e-138	384
44P3R3A6_01786	44P3R3A6_01786	100.000	277	0	0	1	277	1	277	0.0	575
44P3R3A6_01787	44P3R3A6_01787	100.000	428	0	0	1	428	1	428	0.0	890
44P3R3A6_01854	44P3R3A6_01854	100.000	116	0	0	1	116	1	116	1.73e-80	231
44P3R3A6_01854	31P2R1A5_05194	99.130	115	1	0	1	115	1	115	6.22e-75	231
44P3R3A6_01854	54P2R2A3_00556	97.391	115	3	0	1	115	1	115	5.97e-74	228
44P3R3A6_01855	44P3R3A6_01855	100.000	406	0	0	1	406	1	406	0.0	810
44P3R3A6_01855	31P2R1A5_05194	99.507	406	2	0	1	406	125	530	0.0	805
44P3R3A6_01855	54P2R2A3_00556	97.044	406	12	0	1	406	125	530	0.0	785
44P3R3A6_01870	44P3R3A6_01870	100.000	180	0	0	1	180	1	180	4.38e-134	372
44P3R3A6_01870	31P2R1A5_03041	97.778	180	4	0	1	180	1	180	7.07e-130	361
44P3R3A6_01895	44P3R3A6_01895	100.000	357	0	0	1	357	1	357	0.0	747
44P3R3A6_01895	54P2R2A3_00588	97.199	357	10	0	1	357	1	357	0.0	729
44P3R3A6_01898	44P3R3A6_01898	100.000	420	0	0	1	420	1	420	0.0	840
44P3R3A6_01898	31P2R1A5_03013	96.429	420	15	0	1	420	1	420	0.0	807
44P3R3A6_01906	44P3R3A6_01906	100.000	308	0	0	1	308	1	308	0.0	625
44P3R3A6_01906	31P2R1A5_03005	100.000	175	0	0	133	307	1	175	2.08e-124	353
44P3R3A6_01906	31P2R1A5_03004	99.219	128	1	0	1	128	1	128	1.09e-88	260
44P3R3A6_01911	44P3R3A6_01911	100.000	253	0	0	1	253	1	253	0.0	509
44P3R3A6_01914	44P3R3A6_01914	100.000	153	0	0	1	153	1	153	2.24e-112	315
44P3R3A6_01914	54P2R2A3_00607	96.078	153	6	0	1	153	2	154	6.28e-109	306
44P3R3A6_01914	31P2R1A5_02996	96.689	151	5	0	1	151	1	151	4.94e-108	304
44P3R3A6_01940	44P3R3A6_01940	100.000	224	0	0	1	224	1	224	4.00e-166	456
44P3R3A6_01940	31P2R1A5_02970	99.533	214	1	0	1	214	1	214	3.22e-158	436
44P3R3A6_02062	44P3R3A6_02062	100.000	668	0	0	1	668	1	668	0.0	1317
44P3R3A6_02085	44P3R3A6_02085	100.000	430	0	0	1	430	1	430	0.0	846
44P3R3A6_02085	31P2R1A5_02825	97.442	430	11	0	1	430	1	430	0.0	822
44P3R3A6_02086	44P3R3A6_02086	100.000	302	0	0	1	302	1	302	0.0	625
44P3R3A6_02087	44P3R3A6_02087	100.000	530	0	0	1	530	1	530	0.0	1078
44P3R3A6_02088	44P3R3A6_02088	100.000	445	0	0	1	445	1	445	0.0	882
44P3R3A6_02089	44P3R3A6_02089	100.000	493	0	0	1	493	1	493	0.0	994
44P3R3A6_02090	44P3R3A6_02090	100.000	303	0	0	1	303	1	303	0.0	608
44P3R3A6_02091	44P3R3A6_02091	100.000	53	0	0	1	53	1	53	2.56e-33	107
44P3R3A6_02096	44P3R3A6_02096	100.000	360	0	0	1	360	1	360	0.0	718
44P3R3A6_02096	31P2R1A5_02820	96.944	360	11	0	1	360	1	360	0.0	692
44P3R3A6_02162	44P3R3A6_02162	100.000	80	0	0	1	80	1	80	2.41e-55	165
44P3R3A6_02203	44P3R3A6_02203	100.000	92	0	0	1	92	1	92	4.53e-62	183
44P3R3A6_02203	31P2R1A5_02713	98.913	92	1	0	1	92	52	143	1.19e-60	181
44P3R3A6_02204	44P3R3A6_02204	100.000	51	0	0	1	51	1	51	2.94e-29	97.4
44P3R3A6_02247	44P3R3A6_02247	100.000	163	0	0	1	163	1	163	3.23e-121	338
44P3R3A6_02247	31P2R1A5_02670	99.194	124	1	0	40	163	1	124	2.30e-89	256
44P3R3A6_02273	44P3R3A6_02273	100.000	117	0	0	1	117	1	117	1.66e-82	236
44P3R3A6_02273	31P2R1A5_02644	99.145	117	1	0	1	117	4	120	2.98e-82	236
44P3R3A6_02433	44P3R3A6_02433	100.000	420	0	0	1	420	1	420	0.0	822
44P3R3A6_02433	54P2R2A3_01524	96.635	416	14	0	1	416	1	416	0.0	787
44P3R3A6_02461	44P3R3A6_02461	100.000	365	0	0	1	365	1	365	0.0	755
44P3R3A6_02462	44P3R3A6_02462	100.000	56	0	0	1	56	1	56	4.73e-34	109
44P3R3A6_02463	44P3R3A6_02463	100.000	507	0	0	1	507	1	507	0.0	1046
44P3R3A6_02464	44P3R3A6_02464	100.000	189	0	0	1	189	1	189	1.88e-138	384
44P3R3A6_02465	44P3R3A6_02465	100.000	82	0	0	1	82	1	82	2.83e-56	167
44P3R3A6_02465	44P3R3A6_04272	95.122	82	4	0	1	82	1	82	1.87e-53	160
44P3R3A6_02466	44P3R3A6_02466	100.000	237	0	0	1	237	1	237	1.14e-176	484
44P3R3A6_02467	44P3R3A6_02467	100.000	142	0	0	1	142	1	142	1.65e-105	296
44P3R3A6_02468	44P3R3A6_02468	100.000	244	0	0	1	244	1	244	0.0	504
44P3R3A6_02469	44P3R3A6_02469	100.000	244	0	0	1	244	1	244	0.0	506
44P3R3A6_02471	44P3R3A6_02471	100.000	336	0	0	1	336	1	336	0.0	674
44P3R3A6_02471	31P2R1A5_02438	97.619	336	8	0	1	336	1	336	0.0	662
44P3R3A6_02472	44P3R3A6_02472	100.000	97	0	0	1	97	1	97	1.10e-65	192
44P3R3A6_02472	31P2R1A5_02437	95.876	97	4	0	1	97	1	97	5.39e-55	165
44P3R3A6_02473	44P3R3A6_02473	100.000	249	0	0	1	249	1	249	0.0	512
44P3R3A6_02473	54P2R2A3_01555	99.142	233	2	0	17	249	1	233	1.73e-172	474
44P3R3A6_02487	44P3R3A6_02487	100.000	201	0	0	1	201	1	201	2.24e-143	397
44P3R3A6_02529	44P3R3A6_02529	100.000	557	0	0	1	557	1	557	0.0	1103
44P3R3A6_02529	31P2R1A5_02401	98.384	557	9	0	1	557	114	670	0.0	1082
44P3R3A6_02529	54P2R2A3_04459	96.768	557	18	0	1	557	114	670	0.0	1065
44P3R3A6_02530	44P3R3A6_02530	100.000	88	0	0	1	88	1	88	3.99e-60	177
44P3R3A6_02530	31P2R1A5_02401	96.552	87	3	0	1	87	1	87	7.85e-53	174
44P3R3A6_02543	54P2R2A3_04472	100.000	294	0	0	1	294	28	321	0.0	605
44P3R3A6_02543	44P3R3A6_02543	100.000	294	0	0	1	294	1	294	0.0	604
44P3R3A6_02543	31P2R1A5_02388	98.639	294	4	0	1	294	7	300	0.0	597
44P3R3A6_02543	42P1R1A12_03868	97.619	294	7	0	1	294	1	294	0.0	593
44P3R3A6_02543	38P2R3A13_05994	97.279	294	8	0	1	294	1	294	0.0	592
44P3R3A6_02543	18P3R3A11_01002	96.939	294	9	0	1	294	1	294	0.0	590
44P3R3A6_02543	10P3R2A13_01803	96.939	294	9	0	1	294	1	294	0.0	589
44P3R3A6_02548	44P3R3A6_02548	100.000	497	0	0	1	497	1	497	0.0	1026
44P3R3A6_02548	42P1R1A12_05749	96.378	497	18	0	1	497	43	539	0.0	993
44P3R3A6_02549	44P3R3A6_02549	100.000	213	0	0	1	213	1	213	2.24e-161	444
44P3R3A6_02550	44P3R3A6_02550	100.000	231	0	0	1	231	1	231	5.17e-177	484
44P3R3A6_02551	44P3R3A6_02551	100.000	77	0	0	1	77	1	77	3.92e-50	152
44P3R3A6_02551	42P1R1A12_05746	96.250	80	0	1	1	77	1	80	3.70e-48	147
44P3R3A6_02552	44P3R3A6_02552	100.000	144	0	0	1	144	1	144	9.38e-106	297
44P3R3A6_02553	44P3R3A6_02553	100.000	380	0	0	1	380	1	380	0.0	774
44P3R3A6_02556	44P3R3A6_02556	100.000	268	0	0	1	268	1	268	0.0	539
44P3R3A6_02556	31P2R1A5_02381	97.388	268	7	0	1	268	1	268	0.0	523
44P3R3A6_02556	54P2R2A3_04479	95.522	268	12	0	1	268	1	268	0.0	518
44P3R3A6_02563	44P3R3A6_02563	100.000	98	0	0	1	98	1	98	9.16e-68	197
44P3R3A6_02563	31P2R1A5_02374	97.959	98	2	0	1	98	1	98	8.89e-67	195
44P3R3A6_02578	44P3R3A6_02578	100.000	176	0	0	1	176	1	176	4.40e-127	354
44P3R3A6_02578	31P2R1A5_02359	97.159	176	5	0	1	176	1	176	2.32e-123	344
44P3R3A6_02653	44P3R3A6_02653	100.000	147	0	0	1	147	1	147	2.73e-106	299
44P3R3A6_02653	31P2R1A5_02284	97.959	147	3	0	1	147	1	147	3.93e-105	296
44P3R3A6_02653	54P2R2A3_01622	96.599	147	5	0	1	147	1	147	4.46e-103	291
44P3R3A6_02657	44P3R3A6_02657	100.000	371	0	0	1	371	1	371	0.0	753
44P3R3A6_02657	31P2R1A5_02280	97.844	371	8	0	1	371	1	371	0.0	740
44P3R3A6_02657	54P2R2A3_01626	96.226	371	14	0	1	371	1	371	0.0	733
44P3R3A6_02659	44P3R3A6_02659	100.000	339	0	0	1	339	1	339	0.0	685
44P3R3A6_02659	31P2R1A5_02278	96.755	339	11	0	1	339	1	339	0.0	665
44P3R3A6_02659	54P2R2A3_01628	95.870	339	14	0	1	339	1	339	0.0	637
44P3R3A6_02660	44P3R3A6_02660	100.000	92	0	0	1	92	1	92	1.15e-59	177
44P3R3A6_02660	54P2R2A3_01629	96.739	92	3	0	1	92	1	92	7.63e-57	170
44P3R3A6_02661	44P3R3A6_02661	100.000	164	0	0	1	164	1	164	7.32e-113	317
44P3R3A6_02661	31P2R1A5_02276	96.951	164	5	0	1	164	1	164	8.31e-109	306
44P3R3A6_02665	44P3R3A6_02665	100.000	117	0	0	1	117	1	117	2.62e-84	241
44P3R3A6_02679	44P3R3A6_02679	100.000	190	0	0	1	190	1	190	2.64e-139	386
44P3R3A6_02679	31P2R1A5_02258	96.842	190	6	0	1	190	1	190	2.28e-134	374
44P3R3A6_02688	44P3R3A6_02688	100.000	226	0	0	1	226	1	226	8.32e-160	441
44P3R3A6_02688	31P2R1A5_02249	97.788	226	5	0	1	226	1	226	3.11e-156	432
44P3R3A6_02698	44P3R3A6_02698	100.000	146	0	0	1	146	1	146	2.91e-103	291
44P3R3A6_02698	31P2R1A5_02239	95.890	146	6	0	1	146	1	146	1.88e-98	279
44P3R3A6_02698	54P2R2A3_01667	95.070	142	7	0	1	142	1	142	2.79e-95	271
44P3R3A6_02746	44P3R3A6_02746	100.000	888	0	0	1	888	1	888	0.0	1832
44P3R3A6_02747	44P3R3A6_02747	100.000	519	0	0	1	519	1	519	0.0	1067
44P3R3A6_02748	44P3R3A6_02748	100.000	181	0	0	1	181	1	181	1.89e-132	368
44P3R3A6_02749	44P3R3A6_02749	100.000	352	0	0	1	352	1	352	0.0	728
44P3R3A6_02750	44P3R3A6_02750	100.000	249	0	0	1	249	1	249	0.0	508
44P3R3A6_02751	44P3R3A6_02751	100.000	217	0	0	1	217	1	217	1.84e-161	444
44P3R3A6_02752	44P3R3A6_02752	100.000	307	0	0	1	307	1	307	0.0	622
44P3R3A6_02753	44P3R3A6_02753	100.000	98	0	0	1	98	1	98	5.79e-67	196
44P3R3A6_02754	44P3R3A6_02754	100.000	674	0	0	1	674	1	674	0.0	1379
44P3R3A6_02755	44P3R3A6_02755	100.000	396	0	0	1	396	1	396	0.0	793
44P3R3A6_02756	44P3R3A6_02756	100.000	352	0	0	1	352	1	352	0.0	731
44P3R3A6_02779	44P3R3A6_02779	100.000	111	0	0	1	111	1	111	4.21e-78	225
44P3R3A6_02780	44P3R3A6_02780	100.000	260	0	0	1	260	1	260	0.0	519
44P3R3A6_02780	31P2R1A5_02167	97.692	260	6	0	1	260	1	260	0.0	508
44P3R3A6_02785	44P3R3A6_02785	100.000	98	0	0	1	98	1	98	6.04e-71	206
44P3R3A6_02785	31P2R1A5_02162	97.959	98	2	0	1	98	1	98	3.92e-69	201
44P3R3A6_02799	44P3R3A6_02799	100.000	467	0	0	1	467	1	467	0.0	935
44P3R3A6_02799	31P2R1A5_02148	100.000	424	0	0	44	467	1	424	0.0	844
44P3R3A6_02825	44P3R3A6_02825	100.000	446	0	0	1	446	1	446	0.0	894
44P3R3A6_02826	44P3R3A6_02826	100.000	239	0	0	1	239	1	239	1.89e-179	491
44P3R3A6_02827	44P3R3A6_02827	100.000	232	0	0	1	232	1	232	1.15e-165	456
44P3R3A6_02828	44P3R3A6_02828	100.000	316	0	0	1	316	1	316	0.0	639
44P3R3A6_02830	44P3R3A6_02830	100.000	485	0	0	1	485	1	485	0.0	1019
44P3R3A6_02851	44P3R3A6_02851	100.000	174	0	0	1	174	1	174	1.96e-130	362
44P3R3A6_02852	44P3R3A6_02852	100.000	177	0	0	1	177	1	177	1.59e-131	365
44P3R3A6_02853	44P3R3A6_02853	100.000	260	0	0	1	260	1	260	0.0	534
44P3R3A6_02854	44P3R3A6_02854	100.000	793	0	0	1	793	1	793	0.0	1640
44P3R3A6_02855	44P3R3A6_02855	100.000	885	0	0	1	885	1	885	0.0	1782
44P3R3A6_02855	31P2R1A5_00149	97.401	885	23	0	1	885	1	885	0.0	1732
44P3R3A6_02863	44P3R3A6_02863	100.000	254	0	0	1	254	1	254	0.0	511
44P3R3A6_02863	31P2R1A5_00139	97.244	254	7	0	1	254	1	254	0.0	499
44P3R3A6_02864	44P3R3A6_02864	100.000	305	0	0	1	305	1	305	0.0	606
44P3R3A6_02864	31P2R1A5_00138	97.377	305	8	0	1	305	1	305	0.0	590
44P3R3A6_02899	44P3R3A6_02899	100.000	95	0	0	1	95	1	95	5.48e-64	188
44P3R3A6_02906	44P3R3A6_02906	100.000	330	0	0	1	330	1	330	0.0	667
44P3R3A6_02906	54P2R2A3_02941	96.923	325	10	0	6	330	1	325	0.0	639
44P3R3A6_02921	44P3R3A6_02921	100.000	271	0	0	1	271	1	271	0.0	553
44P3R3A6_02921	31P2R1A5_00082	99.251	267	2	0	1	267	1	267	0.0	543
44P3R3A6_02924	44P3R3A6_02924	100.000	389	0	0	1	389	1	389	0.0	787
44P3R3A6_02933	31P2R1A5_00070	100.000	240	0	0	1	240	1	240	1.23e-169	468
44P3R3A6_02933	44P3R3A6_02933	100.000	241	0	0	1	241	1	241	2.31e-169	466
44P3R3A6_02933	54P2R2A3_03431	95.833	240	10	0	1	240	1	240	1.53e-158	439
44P3R3A6_02958	44P3R3A6_02958	100.000	803	0	0	1	803	1	803	0.0	1646
44P3R3A6_02958	31P2R1A5_00045	99.875	803	1	0	1	803	24	826	0.0	1643
44P3R3A6_02958	28P2R1A12_04838	97.154	773	22	0	31	803	1	773	0.0	1535
44P3R3A6_02958	54P2R2A3_03457	98.163	762	14	0	42	803	1	762	0.0	1530
44P3R3A6_02964	44P3R3A6_02964	100.000	747	0	0	1	747	1	747	0.0	1525
44P3R3A6_02964	31P2R1A5_00039	99.725	728	2	0	20	747	1	728	0.0	1481
44P3R3A6_03019	31P2R1A5_04162	100.000	42	0	0	1	42	1	42	2.14e-26	91.3
44P3R3A6_03019	44P3R3A6_03019	100.000	43	0	0	1	43	1	43	3.03e-26	89.0
44P3R3A6_03040	44P3R3A6_03040	100.000	75	0	0	1	75	1	75	3.74e-48	146
44P3R3A6_03040	31P2R1A5_04141	97.333	75	2	0	1	75	1	75	6.95e-47	143
44P3R3A6_03043	44P3R3A6_03043	100.000	378	0	0	1	378	1	378	0.0	759
44P3R3A6_03043	31P2R1A5_04138	97.619	378	9	0	1	378	1	378	0.0	742
44P3R3A6_03062	44P3R3A6_03062	100.000	380	0	0	1	380	1	380	0.0	780
44P3R3A6_03062	54P2R2A3_04762	97.619	378	9	0	1	378	1	378	0.0	756
44P3R3A6_03069	44P3R3A6_03069	100.000	119	0	0	1	119	1	119	2.87e-86	246
44P3R3A6_03069	31P2R1A5_04112	96.639	119	4	0	1	119	1	119	1.43e-83	239
44P3R3A6_03069	54P2R2A3_04755	95.798	119	5	0	1	119	1	119	9.89e-83	237
44P3R3A6_03084	31P2R1A5_04097	100.000	35	0	0	1	35	9	43	2.75e-17	66.2
44P3R3A6_03084	44P3R3A6_03084	100.000	35	0	0	1	35	1	35	6.31e-17	65.1
44P3R3A6_03087	44P3R3A6_03087	100.000	684	0	0	1	684	1	684	0.0	1370
44P3R3A6_03087	31P2R1A5_04094	97.515	684	17	0	1	684	1	684	0.0	1337
44P3R3A6_03088	44P3R3A6_03088	100.000	71	0	0	1	71	1	71	2.83e-42	131
44P3R3A6_03088	31P2R1A5_04093	95.775	71	2	1	1	71	1	70	2.81e-39	124
44P3R3A6_03098	44P3R3A6_03098	100.000	214	0	0	1	214	1	214	4.42e-157	433
44P3R3A6_03102	44P3R3A6_03102	100.000	238	0	0	1	238	1	238	3.50e-177	486
44P3R3A6_03102	31P2R1A5_04076	97.899	238	5	0	1	238	1	238	1.31e-173	477
44P3R3A6_03103	44P3R3A6_03103	100.000	51	0	0	1	51	1	51	3.14e-31	102
44P3R3A6_03103	31P2R1A5_04063	96.078	51	2	0	1	51	1	51	4.82e-29	96.7
44P3R3A6_03103	31P2R1A5_04012	96.078	51	2	0	1	51	367	417	2.18e-26	98.2
44P3R3A6_03104	44P3R3A6_03104	100.000	357	0	0	1	357	1	357	0.0	740
44P3R3A6_03105	44P3R3A6_03105	100.000	223	0	0	1	223	1	223	1.36e-166	457
44P3R3A6_03106	44P3R3A6_03106	100.000	237	0	0	1	237	1	237	9.14e-173	474
44P3R3A6_03107	44P3R3A6_03107	100.000	399	0	0	1	399	1	399	0.0	832
44P3R3A6_03107	54P2R2A3_02951	97.990	398	8	0	1	398	1	398	0.0	818
44P3R3A6_03107	31P2R1A5_05179	97.990	398	8	0	1	398	1	398	0.0	816
44P3R3A6_03107	42P1R1A12_03419	97.487	398	10	0	1	398	1	398	0.0	814
44P3R3A6_03109	44P3R3A6_03109	100.000	182	0	0	1	182	1	182	2.14e-130	363
44P3R3A6_03111	44P3R3A6_03111	100.000	49	0	0	1	49	1	49	9.46e-28	93.2
44P3R3A6_03112	44P3R3A6_03112	100.000	231	0	0	1	231	1	231	1.23e-168	463
44P3R3A6_03113	44P3R3A6_03113	100.000	353	0	0	1	353	1	353	0.0	728
44P3R3A6_03114	44P3R3A6_03114	100.000	475	0	0	1	475	1	475	0.0	963
44P3R3A6_03114	31P2R1A5_04060	97.263	475	13	0	1	475	1	475	0.0	934
44P3R3A6_03115	44P3R3A6_03115	100.000	4198	0	0	1	4198	1	4198	0.0	8503
44P3R3A6_03116	44P3R3A6_03116	100.000	200	0	0	1	200	1	200	2.33e-146	404
44P3R3A6_03117	44P3R3A6_03117	100.000	236	0	0	1	236	1	236	2.10e-179	491
44P3R3A6_03118	44P3R3A6_03118	100.000	250	0	0	1	250	1	250	0.0	522
44P3R3A6_03119	44P3R3A6_03119	100.000	120	0	0	1	120	1	120	3.02e-86	246
44P3R3A6_03120	44P3R3A6_03120	100.000	117	0	0	1	117	1	117	1.81e-84	241
44P3R3A6_03121	44P3R3A6_03121	100.000	999	0	0	1	999	1	999	0.0	2012
44P3R3A6_03122	44P3R3A6_03122	100.000	115	0	0	1	115	1	115	2.42e-80	231
44P3R3A6_03123	44P3R3A6_03123	100.000	160	0	0	1	160	1	160	1.38e-116	326
44P3R3A6_03124	44P3R3A6_03124	100.000	138	0	0	1	138	1	138	1.11e-99	281
44P3R3A6_03125	44P3R3A6_03125	100.000	127	0	0	1	127	1	127	5.81e-90	256
44P3R3A6_03128	44P3R3A6_03128	100.000	96	0	0	1	96	1	96	1.90e-67	197
44P3R3A6_03129	44P3R3A6_03129	100.000	429	0	0	1	429	1	429	0.0	875
44P3R3A6_03139	44P3R3A6_03139	100.000	166	0	0	1	166	1	166	1.82e-123	344
44P3R3A6_03139	31P2R1A5_04035	95.783	166	7	0	1	166	1	166	2.17e-117	328
44P3R3A6_03142	44P3R3A6_03142	100.000	344	0	0	1	344	1	344	0.0	703
44P3R3A6_03142	31P2R1A5_04031	97.384	344	9	0	1	344	1	344	0.0	687
44P3R3A6_03144	44P3R3A6_03144	100.000	131	0	0	1	131	1	131	1.16e-91	261
44P3R3A6_03145	44P3R3A6_03145	100.000	86	0	0	1	86	1	86	3.54e-59	175
44P3R3A6_03146	44P3R3A6_03146	100.000	78	0	0	1	78	1	78	1.17e-52	158
44P3R3A6_03146	31P2R1A5_04028	97.436	78	2	0	1	78	1	78	1.69e-51	155
44P3R3A6_03147	44P3R3A6_03147	100.000	280	0	0	1	280	1	280	0.0	582
44P3R3A6_03148	44P3R3A6_03148	100.000	100	0	0	1	100	1	100	1.56e-70	205
44P3R3A6_03149	44P3R3A6_03149	100.000	132	0	0	1	132	1	132	2.18e-96	273
44P3R3A6_03150	44P3R3A6_03150	100.000	248	0	0	1	248	1	248	0.0	510
44P3R3A6_03151	44P3R3A6_03151	100.000	147	0	0	1	147	1	147	3.93e-106	298
44P3R3A6_03152	44P3R3A6_03152	100.000	329	0	0	1	329	1	329	0.0	682
44P3R3A6_03153	44P3R3A6_03153	100.000	185	0	0	1	185	1	185	1.87e-136	378
44P3R3A6_03157	44P3R3A6_03157	100.000	38	0	0	1	38	1	38	1.88e-21	76.6
44P3R3A6_03157	31P2R1A5_04015	100.000	36	0	0	1	36	1	36	3.78e-12	57.8
44P3R3A6_03158	44P3R3A6_03158	100.000	57	0	0	1	57	1	57	3.92e-37	117
44P3R3A6_03158	31P2R1A5_04015	98.246	57	1	0	1	57	658	714	1.24e-32	117
44P3R3A6_03159	44P3R3A6_03159	100.000	376	0	0	1	376	1	376	0.0	782
44P3R3A6_03195	44P3R3A6_03195	100.000	214	0	0	1	214	1	214	3.90e-153	423
44P3R3A6_03195	31P2R1A5_04449	99.065	214	2	0	1	214	9	222	4.14e-151	418
44P3R3A6_03223	44P3R3A6_03223	100.000	289	0	0	1	289	1	289	0.0	576
44P3R3A6_03224	44P3R3A6_03224	100.000	309	0	0	1	309	1	309	0.0	625
44P3R3A6_03225	44P3R3A6_03225	100.000	559	0	0	1	559	1	559	0.0	1150
44P3R3A6_03226	44P3R3A6_03226	100.000	676	0	0	1	676	1	676	0.0	1382
44P3R3A6_03227	44P3R3A6_03227	100.000	544	0	0	1	544	1	544	0.0	1113
44P3R3A6_03228	44P3R3A6_03228	100.000	65	0	0	1	65	1	65	6.46e-41	127
44P3R3A6_03229	44P3R3A6_03229	100.000	131	0	0	1	131	1	131	4.90e-93	264
44P3R3A6_03230	44P3R3A6_03230	100.000	369	0	0	1	369	1	369	0.0	764
44P3R3A6_03231	44P3R3A6_03231	100.000	196	0	0	1	196	1	196	2.74e-147	407
44P3R3A6_03232	44P3R3A6_03232	100.000	189	0	0	1	189	1	189	7.07e-140	387
44P3R3A6_03233	44P3R3A6_03233	100.000	135	0	0	1	135	1	135	1.49e-97	276
44P3R3A6_03234	44P3R3A6_03234	100.000	135	0	0	1	135	1	135	2.08e-95	270
44P3R3A6_03235	44P3R3A6_03235	100.000	544	0	0	1	544	1	544	0.0	1130
44P3R3A6_03236	44P3R3A6_03236	100.000	437	0	0	1	437	1	437	0.0	887
44P3R3A6_03237	44P3R3A6_03237	100.000	402	0	0	1	402	1	402	0.0	823
44P3R3A6_03238	44P3R3A6_03238	100.000	98	0	0	1	98	1	98	2.95e-69	201
44P3R3A6_03239	44P3R3A6_03239	100.000	66	0	0	1	66	1	66	6.57e-43	132
44P3R3A6_03240	44P3R3A6_03240	100.000	271	0	0	1	271	1	271	0.0	542
44P3R3A6_03241	44P3R3A6_03241	100.000	394	0	0	1	394	1	394	0.0	815
44P3R3A6_03251	44P3R3A6_03251	100.000	359	0	0	1	359	1	359	0.0	741
44P3R3A6_03251	31P2R1A5_03360	97.493	359	9	0	1	359	1	359	0.0	723
44P3R3A6_03264	44P3R3A6_03264	100.000	33	0	0	1	33	1	33	5.03e-18	67.8
44P3R3A6_03281	44P3R3A6_03281	100.000	304	0	0	1	304	1	304	0.0	619
44P3R3A6_03292	44P3R3A6_03292	100.000	47	0	0	1	47	1	47	6.16e-28	93.6
44P3R3A6_03292	42P1R1A12_00739	95.745	47	2	0	1	47	1	47	4.08e-27	91.7
44P3R3A6_03292	31P2R1A5_03320	97.872	47	1	0	1	47	1	47	5.93e-27	91.3
44P3R3A6_03301	44P3R3A6_03301	100.000	158	0	0	1	158	1	158	2.18e-112	315
44P3R3A6_03301	31P2R1A5_03311	100.000	158	0	0	1	158	254	411	1.71e-109	317
44P3R3A6_03302	44P3R3A6_03302	100.000	224	0	0	1	224	1	224	9.75e-164	451
44P3R3A6_03302	31P2R1A5_03311	99.552	223	1	0	1	223	1	223	4.38e-160	449
44P3R3A6_03372	44P3R3A6_03372	100.000	376	0	0	1	376	1	376	0.0	779
44P3R3A6_03372	18P3R3A11_02325	97.872	376	8	0	1	376	1	376	0.0	766
44P3R3A6_03372	10P3R2A13_01084	97.340	376	10	0	1	376	1	376	0.0	760
44P3R3A6_03376	44P3R3A6_03376	100.000	148	0	0	1	148	1	148	6.42e-106	298
44P3R3A6_03376	31P2R1A5_03237	97.973	148	3	0	1	148	1	148	2.36e-103	291
44P3R3A6_03458	44P3R3A6_03458	100.000	327	0	0	1	327	1	327	0.0	654
44P3R3A6_03458	54P2R2A3_00906	95.413	327	15	0	1	327	1	327	0.0	622
44P3R3A6_03458	31P2R1A5_03387	99.576	236	1	0	92	327	1	236	1.59e-166	462
44P3R3A6_03461	44P3R3A6_03461	100.000	97	0	0	1	97	1	97	3.64e-66	194
44P3R3A6_03461	31P2R1A5_03400	97.938	97	2	0	1	97	1	97	1.21e-64	190
44P3R3A6_03485	44P3R3A6_03485	100.000	96	0	0	1	96	1	96	8.03e-67	195
44P3R3A6_03485	31P2R1A5_03428	97.917	96	2	0	1	96	1	96	3.75e-65	191
44P3R3A6_03540	44P3R3A6_03540	100.000	191	0	0	1	191	1	191	2.29e-144	399
44P3R3A6_03540	31P2R1A5_03483	96.859	191	6	0	1	191	1	191	1.54e-139	387
44P3R3A6_03556	44P3R3A6_03556	100.000	550	0	0	1	550	1	550	0.0	1110
44P3R3A6_03556	31P2R1A5_03508	97.818	550	12	0	1	550	1	550	0.0	1087
44P3R3A6_03556	54P2R2A3_01075	97.091	550	16	0	1	550	1	550	0.0	1080
44P3R3A6_03567	44P3R3A6_03567	100.000	533	0	0	1	533	1	533	0.0	1096
44P3R3A6_03596	44P3R3A6_03596	100.000	444	0	0	1	444	1	444	0.0	890
44P3R3A6_03598	44P3R3A6_03598	100.000	317	0	0	1	317	1	317	0.0	657
44P3R3A6_03599	44P3R3A6_03599	100.000	280	0	0	1	280	1	280	0.0	566
44P3R3A6_03599	54P2R2A3_01121	96.786	280	9	0	1	280	1	280	0.0	548
44P3R3A6_03600	44P3R3A6_03600	100.000	285	0	0	1	285	1	285	0.0	582
44P3R3A6_03601	44P3R3A6_03601	100.000	305	0	0	1	305	1	305	0.0	626
44P3R3A6_03601	54P2R2A3_01123	96.721	305	10	0	1	305	1	305	0.0	606
44P3R3A6_03602	44P3R3A6_03602	100.000	471	0	0	1	471	1	471	0.0	954
44P3R3A6_03603	44P3R3A6_03603	100.000	272	0	0	1	272	1	272	0.0	553
44P3R3A6_03603	54P2R2A3_01125	96.324	272	10	0	1	272	1	272	0.0	535
44P3R3A6_03604	44P3R3A6_03604	100.000	424	0	0	1	424	1	424	0.0	879
44P3R3A6_03605	44P3R3A6_03605	100.000	156	0	0	1	156	1	156	2.54e-110	310
44P3R3A6_03605	54P2R2A3_01127	95.513	156	7	0	1	156	1	156	1.34e-105	298
44P3R3A6_03606	44P3R3A6_03606	100.000	95	0	0	1	95	1	95	1.88e-65	192
44P3R3A6_03607	44P3R3A6_03607	100.000	461	0	0	1	461	1	461	0.0	910
44P3R3A6_03608	44P3R3A6_03608	100.000	348	0	0	1	348	1	348	0.0	715
44P3R3A6_03608	54P2R2A3_01130	97.989	348	7	0	1	348	1	348	0.0	700
44P3R3A6_03609	44P3R3A6_03609	100.000	258	0	0	1	258	1	258	0.0	522
44P3R3A6_03610	44P3R3A6_03610	100.000	338	0	0	1	338	1	338	0.0	689
44P3R3A6_03610	54P2R2A3_01132	95.858	338	10	1	1	338	1	334	0.0	659
44P3R3A6_03617	44P3R3A6_03617	100.000	216	0	0	1	216	1	216	4.55e-159	438
44P3R3A6_03617	31P2R1A5_03558	97.685	216	5	0	1	216	1	216	1.18e-155	429
44P3R3A6_03622	44P3R3A6_03622	100.000	177	0	0	1	177	1	177	5.03e-126	351
44P3R3A6_03644	44P3R3A6_03644	100.000	284	0	0	1	284	1	284	0.0	577
44P3R3A6_03782	44P3R3A6_03782	100.000	306	0	0	1	306	1	306	0.0	622
44P3R3A6_03782	54P2R2A3_03689	97.059	306	9	0	1	306	1	306	0.0	606
44P3R3A6_03782	31P2R1A5_04296	95.392	217	9	1	1	216	1	217	2.69e-148	415
44P3R3A6_03782	31P2R1A5_04295	100.000	90	0	0	217	306	1	90	7.02e-60	186
44P3R3A6_03806	44P3R3A6_03806	100.000	124	0	0	1	124	1	124	1.42e-82	237
44P3R3A6_03806	31P2R1A5_04271	97.581	124	3	0	1	124	1	124	3.00e-80	231
44P3R3A6_03806	54P2R2A3_03665	95.968	124	5	0	1	124	1	124	1.98e-64	191
44P3R3A6_03832	44P3R3A6_03832	100.000	117	0	0	1	117	1	117	2.75e-75	218
44P3R3A6_03833	44P3R3A6_03833	100.000	345	0	0	1	345	1	345	0.0	695
44P3R3A6_03833	31P2R1A5_04244	97.391	345	9	0	1	345	1	345	0.0	679
44P3R3A6_03899	44P3R3A6_03899	100.000	206	0	0	1	206	1	206	6.70e-156	429
44P3R3A6_03899	54P2R2A3_04265	98.942	189	2	0	18	206	1	189	3.54e-141	391
44P3R3A6_03949	44P3R3A6_03949	100.000	850	0	0	1	850	1	850	0.0	1738
44P3R3A6_03951	44P3R3A6_03951	100.000	186	0	0	1	186	1	186	5.51e-133	370
44P3R3A6_03951	31P2R1A5_03687	96.237	186	7	0	1	186	1	186	1.54e-127	356
44P3R3A6_03964	44P3R3A6_03964	100.000	59	0	0	1	59	1	59	2.03e-33	108
44P3R3A6_03965	44P3R3A6_03965	100.000	168	0	0	1	168	1	168	1.40e-119	334
44P3R3A6_03965	31P2R1A5_03700	100.000	168	0	0	1	168	82	249	3.54e-118	334
44P3R3A6_03984	44P3R3A6_03984	100.000	543	0	0	1	543	1	543	0.0	1116
44P3R3A6_03984	31P2R1A5_03719	97.238	543	1	1	1	543	1	529	0.0	1075
44P3R3A6_03992	44P3R3A6_03992	100.000	536	0	0	1	536	1	536	0.0	1092
44P3R3A6_03992	31P2R1A5_03727	96.310	542	14	1	1	536	1	542	0.0	1056
44P3R3A6_03996	44P3R3A6_03996	100.000	633	0	0	1	633	1	633	0.0	1247
44P3R3A6_03996	18P3R3A11_03685	97.634	634	14	1	1	633	1	634	0.0	1221
44P3R3A6_03996	42P1R1A12_01534	95.577	633	25	3	1	633	1	630	0.0	1038
44P3R3A6_03996	43P2R2A2_04184	95.455	286	12	1	348	633	1	285	0.0	565
44P3R3A6_03996	38P2R3A13_08688	100.000	89	0	0	545	633	1	89	2.81e-55	182
44P3R3A6_04084	44P3R3A6_04084	100.000	509	0	0	1	509	1	509	0.0	1046
44P3R3A6_04092	44P3R3A6_04092	100.000	920	0	0	1	920	1	920	0.0	1873
44P3R3A6_04092	31P2R1A5_04983	96.304	920	29	2	1	920	1	915	0.0	1800
44P3R3A6_04092	54P2R2A3_02723	95.652	920	35	2	1	920	1	915	0.0	1740
44P3R3A6_04097	44P3R3A6_04097	100.000	138	0	0	1	138	1	138	2.48e-97	276
44P3R3A6_04097	31P2R1A5_04978	96.377	138	5	0	1	138	1	138	2.19e-93	266
44P3R3A6_04103	44P3R3A6_04103	100.000	394	0	0	1	394	1	394	0.0	803
44P3R3A6_04103	31P2R1A5_04972	97.208	394	11	0	1	394	1	394	0.0	781
44P3R3A6_04104	44P3R3A6_04104	100.000	86	0	0	1	86	1	86	8.39e-60	177
44P3R3A6_04104	31P2R1A5_04971	97.674	86	2	0	1	86	1	86	1.11e-58	174
44P3R3A6_04108	31P2R1A5_04967	100.000	46	0	0	1	46	1	46	1.69e-26	91.3
44P3R3A6_04108	44P3R3A6_04108	100.000	47	0	0	1	47	1	47	1.82e-26	90.1
44P3R3A6_04108	24P1R3A1_05828	97.826	46	1	0	1	46	1	46	7.25e-26	89.7
44P3R3A6_04108	31P2R1A5_04968	97.826	46	1	0	1	46	1	46	8.64e-26	89.7
44P3R3A6_04108	42P1R1A12_02313	95.652	46	2	0	1	46	1	46	1.34e-25	89.0
44P3R3A6_04108	24P1R3A1_05827	95.652	46	2	0	1	46	1	46	2.19e-25	88.6
44P3R3A6_04109	44P3R3A6_04109	100.000	173	0	0	1	173	1	173	9.67e-129	358
44P3R3A6_04109	31P2R1A5_04966	97.110	173	5	0	1	173	1	173	6.41e-126	351
44P3R3A6_04113	44P3R3A6_04113	100.000	303	0	0	1	303	1	303	0.0	598
44P3R3A6_04113	31P2R1A5_04962	97.030	303	9	0	1	303	1	303	0.0	581
44P3R3A6_04113	54P2R2A3_02715	95.380	303	14	0	1	303	1	303	0.0	572
44P3R3A6_04124	44P3R3A6_04124	100.000	85	0	0	1	85	1	85	4.51e-60	177
44P3R3A6_04139	44P3R3A6_04139	100.000	208	0	0	1	208	1	208	1.72e-156	431
44P3R3A6_04139	54P2R2A3_02694	97.596	208	5	0	1	208	1	208	2.33e-153	423
44P3R3A6_04140	44P3R3A6_04140	100.000	274	0	0	1	274	1	274	0.0	570
44P3R3A6_04154	44P3R3A6_04154	100.000	88	0	0	1	88	1	88	2.91e-59	176
44P3R3A6_04154	31P2R1A5_04315	96.591	88	3	0	1	88	1	88	6.32e-57	169
44P3R3A6_04175	44P3R3A6_04175	100.000	189	0	0	1	189	1	189	1.94e-138	384
44P3R3A6_04175	31P2R1A5_04336	97.041	169	5	0	21	189	143	311	2.92e-116	332
44P3R3A6_04175	54P2R2A3_02661	95.833	168	7	0	21	188	143	310	1.53e-114	328
44P3R3A6_04218	44P3R3A6_04218	100.000	475	0	0	1	475	1	475	0.0	959
44P3R3A6_04218	31P2R1A5_04381	98.503	334	5	0	1	334	1	334	0.0	660
44P3R3A6_04218	31P2R1A5_04382	99.145	117	1	0	359	475	1	117	5.00e-77	236
44P3R3A6_04225	44P3R3A6_04225	100.000	126	0	0	1	126	1	126	7.48e-91	258
44P3R3A6_04225	54P2R2A3_02608	97.619	126	3	0	1	126	1	126	1.23e-88	253
44P3R3A6_04250	44P3R3A6_04250	100.000	122	0	0	1	122	1	122	7.58e-85	243
44P3R3A6_04250	31P2R1A5_04414	95.082	122	6	0	1	122	1	122	5.17e-68	200
44P3R3A6_04258	44P3R3A6_04258	100.000	162	0	0	1	162	1	162	1.21e-120	337
44P3R3A6_04258	18P3R3A11_01408	96.296	162	6	0	1	162	1	162	1.18e-117	329
44P3R3A6_04259	44P3R3A6_04259	100.000	173	0	0	1	173	1	173	5.98e-123	343
44P3R3A6_04260	44P3R3A6_04260	100.000	172	0	0	1	172	1	172	8.67e-129	358
44P3R3A6_04261	44P3R3A6_04261	100.000	225	0	0	1	225	1	225	7.65e-165	453
44P3R3A6_04261	54P2R2A3_03780	96.889	225	7	0	1	225	1	225	7.38e-159	438
44P3R3A6_04262	44P3R3A6_04262	100.000	116	0	0	1	116	1	116	4.49e-77	223
44P3R3A6_04262	54P2R2A3_03781	95.690	116	5	0	1	116	1	116	1.14e-74	216
44P3R3A6_04263	44P3R3A6_04263	100.000	160	0	0	1	160	1	160	2.51e-118	330
44P3R3A6_04264	44P3R3A6_04264	100.000	75	0	0	1	75	1	75	9.31e-51	153
44P3R3A6_04265	44P3R3A6_04265	100.000	232	0	0	1	232	1	232	3.80e-178	488
44P3R3A6_04266	44P3R3A6_04266	100.000	781	0	0	1	781	1	781	0.0	1617
44P3R3A6_04267	44P3R3A6_04267	100.000	107	0	0	1	107	1	107	1.54e-73	213
44P3R3A6_04268	44P3R3A6_04268	100.000	76	0	0	1	76	1	76	1.16e-52	158
44P3R3A6_04269	44P3R3A6_04269	100.000	65	0	0	1	65	1	65	1.32e-40	127
44P3R3A6_04270	44P3R3A6_04270	100.000	89	0	0	1	89	1	89	5.46e-63	185
44P3R3A6_04270	18P3R3A11_02224	95.506	89	4	0	1	89	1	89	4.55e-47	145
44P3R3A6_04271	44P3R3A6_04271	100.000	246	0	0	1	246	1	246	0.0	503
44P3R3A6_04272	44P3R3A6_04272	100.000	82	0	0	1	82	1	82	2.57e-56	167
44P3R3A6_04272	44P3R3A6_02465	95.122	82	4	0	1	82	1	82	1.87e-53	160
44P3R3A6_04273	44P3R3A6_04273	100.000	189	0	0	1	189	1	189	1.13e-139	387
44P3R3A6_04274	44P3R3A6_04274	100.000	104	0	0	1	104	1	104	2.20e-75	218
44P3R3A6_04275	44P3R3A6_04275	100.000	191	0	0	1	191	1	191	2.28e-135	376
44P3R3A6_04276	44P3R3A6_04276	100.000	298	0	0	1	298	1	298	0.0	605
44P3R3A6_04277	44P3R3A6_04277	100.000	421	0	0	1	421	1	421	0.0	872
44P3R3A6_04277	25P2R1A13_02515	95.204	417	20	0	1	417	1	417	0.0	830
44P3R3A6_04279	44P3R3A6_04279	100.000	223	0	0	1	223	1	223	1.80e-165	455
44P3R3A6_04279	31P2R1A5_05012	96.444	225	6	1	1	223	1	225	7.04e-158	436
44P3R3A6_04285	44P3R3A6_04285	100.000	358	0	0	1	358	1	358	0.0	736
44P3R3A6_04285	54P2R2A3_03823	97.486	358	9	0	1	358	1	358	0.0	717
44P3R3A6_04285	31P2R1A5_05018	99.429	350	2	0	1	350	1	350	0.0	716
44P3R3A6_04339	44P3R3A6_04339	100.000	32	0	0	1	32	1	32	2.63e-15	60.8
44P3R3A6_04339	31P2R1A5_04914	96.875	32	1	0	1	32	1	32	7.48e-15	59.7
44P3R3A6_04339	54P2R2A3_03977	96.875	32	1	0	1	32	1	32	9.22e-15	59.3
44P3R3A6_04367	44P3R3A6_04367	100.000	496	0	0	1	496	1	496	0.0	1032
44P3R3A6_04367	31P2R1A5_00963	97.379	496	13	0	1	496	1	496	0.0	1009
44P3R3A6_04367	54P2R2A3_02408	96.573	496	17	0	1	496	1	496	0.0	1000
44P3R3A6_04368	44P3R3A6_04368	100.000	144	0	0	1	144	1	144	1.08e-106	300
44P3R3A6_04370	44P3R3A6_04370	100.000	64	0	0	1	64	1	64	1.66e-42	131
44P3R3A6_04393	44P3R3A6_04393	100.000	320	0	0	1	320	1	320	0.0	634
44P3R3A6_04394	44P3R3A6_04394	100.000	130	0	0	1	130	1	130	4.20e-94	267
44P3R3A6_04394	42P1R1A12_04006	95.349	129	6	0	1	129	1	129	6.54e-89	254
44P3R3A6_04395	44P3R3A6_04395	100.000	307	0	0	1	307	1	307	0.0	624
44P3R3A6_04396	44P3R3A6_04396	100.000	115	0	0	1	115	1	115	8.98e-82	234
44P3R3A6_04397	44P3R3A6_04397	100.000	186	0	0	1	186	1	186	9.85e-139	384
44P3R3A6_04414	31P2R1A5_00904	100.000	70	0	0	1	70	13	82	1.73e-47	145
44P3R3A6_04414	44P3R3A6_04414	100.000	70	0	0	1	70	1	70	1.88e-47	144
44P3R3A6_04416	44P3R3A6_04416	100.000	119	0	0	1	119	1	119	9.13e-84	240
44P3R3A6_04417	44P3R3A6_04417	100.000	238	0	0	1	238	1	238	0.0	498
44P3R3A6_04418	44P3R3A6_04418	100.000	404	0	0	1	404	1	404	0.0	844
44P3R3A6_04419	44P3R3A6_04419	100.000	990	0	0	1	990	1	990	0.0	2036
44P3R3A6_04420	44P3R3A6_04420	100.000	600	0	0	1	600	1	600	0.0	1248
44P3R3A6_04421	44P3R3A6_04421	100.000	250	0	0	1	250	1	250	0.0	515
44P3R3A6_04422	44P3R3A6_04422	100.000	89	0	0	1	89	1	89	1.29e-60	179
44P3R3A6_04422	54P2R2A3_03793	97.753	89	2	0	1	89	6	94	8.30e-59	174
44P3R3A6_04423	44P3R3A6_04423	100.000	296	0	0	1	296	1	296	0.0	594
44P3R3A6_04424	44P3R3A6_04424	100.000	299	0	0	1	299	1	299	0.0	599
44P3R3A6_04425	44P3R3A6_04425	100.000	519	0	0	1	519	1	519	0.0	1066
44P3R3A6_04426	44P3R3A6_04426	100.000	316	0	0	1	316	1	316	0.0	660
44P3R3A6_04427	44P3R3A6_04427	100.000	260	0	0	1	260	1	260	0.0	542
44P3R3A6_04428	44P3R3A6_04428	100.000	1175	0	0	1	1175	1	1175	0.0	2378
44P3R3A6_04429	44P3R3A6_04429	100.000	249	0	0	1	249	1	249	0.0	510
44P3R3A6_04430	44P3R3A6_04430	100.000	620	0	0	1	620	1	620	0.0	1269
44P3R3A6_04431	44P3R3A6_04431	100.000	102	0	0	1	102	1	102	9.21e-72	208
44P3R3A6_04432	44P3R3A6_04432	100.000	101	0	0	1	101	1	101	5.78e-71	206
44P3R3A6_04433	44P3R3A6_04433	100.000	133	0	0	1	133	1	133	1.45e-96	273
44P3R3A6_04434	44P3R3A6_04434	100.000	342	0	0	1	342	1	342	0.0	717
44P3R3A6_04435	44P3R3A6_04435	100.000	418	0	0	1	418	1	418	0.0	855
44P3R3A6_04436	44P3R3A6_04436	100.000	301	0	0	1	301	1	301	0.0	614
44P3R3A6_04437	44P3R3A6_04437	100.000	228	0	0	1	228	1	228	1.02e-171	471
44P3R3A6_04438	44P3R3A6_04438	100.000	46	0	0	1	46	1	46	7.51e-28	93.6
44P3R3A6_04439	44P3R3A6_04439	100.000	355	0	0	1	355	1	355	0.0	718
44P3R3A6_04440	44P3R3A6_04440	100.000	76	0	0	1	76	1	76	2.04e-53	160
44P3R3A6_04441	44P3R3A6_04441	100.000	235	0	0	1	235	1	235	1.06e-176	484
44P3R3A6_04442	44P3R3A6_04442	100.000	915	0	0	1	915	1	915	0.0	1902
44P3R3A6_04443	44P3R3A6_04443	100.000	98	0	0	1	98	1	98	2.27e-65	192
44P3R3A6_04444	44P3R3A6_04444	100.000	237	0	0	1	237	1	237	2.10e-174	479
44P3R3A6_04445	44P3R3A6_04445	100.000	78	0	0	1	78	1	78	8.65e-54	161
44P3R3A6_04446	44P3R3A6_04446	100.000	72	0	0	1	72	1	72	1.39e-47	145
44P3R3A6_04447	44P3R3A6_04447	100.000	195	0	0	1	195	1	195	1.48e-144	400
44P3R3A6_04448	44P3R3A6_04448	100.000	62	0	0	1	62	1	62	4.55e-41	127
44P3R3A6_04449	44P3R3A6_04449	100.000	309	0	0	1	309	1	309	0.0	633
44P3R3A6_04450	44P3R3A6_04450	100.000	381	0	0	1	381	1	381	0.0	786
44P3R3A6_04451	44P3R3A6_04451	100.000	394	0	0	1	394	1	394	0.0	785
44P3R3A6_04452	44P3R3A6_04452	100.000	400	0	0	1	400	1	400	0.0	807
44P3R3A6_04453	44P3R3A6_04453	100.000	297	0	0	1	297	1	297	0.0	614
44P3R3A6_04454	44P3R3A6_04454	100.000	351	0	0	1	351	1	351	0.0	734
44P3R3A6_04455	44P3R3A6_04455	100.000	300	0	0	1	300	1	300	0.0	580
44P3R3A6_04456	44P3R3A6_04456	100.000	170	0	0	1	170	1	170	2.74e-125	349
44P3R3A6_04457	44P3R3A6_04457	100.000	423	0	0	1	423	1	423	0.0	876
44P3R3A6_04481	44P3R3A6_04481	100.000	306	0	0	1	306	1	306	0.0	625
44P3R3A6_04481	31P2R1A5_04680	96.078	306	12	0	1	306	1	306	0.0	599
44P3R3A6_04483	44P3R3A6_04483	100.000	128	0	0	1	128	1	128	6.08e-93	264
44P3R3A6_04483	31P2R1A5_04678	99.038	104	1	0	1	104	1	104	1.50e-71	211
44P3R3A6_04501	44P3R3A6_04501	100.000	307	0	0	1	307	1	307	0.0	619
44P3R3A6_04502	44P3R3A6_04502	100.000	308	0	0	1	308	1	308	0.0	634
44P3R3A6_04503	44P3R3A6_04503	100.000	164	0	0	1	164	1	164	2.60e-120	336
44P3R3A6_04504	44P3R3A6_04504	100.000	426	0	0	1	426	1	426	0.0	849
44P3R3A6_04504	51P2R2A10_05109	97.418	426	11	0	1	426	1	426	0.0	830
44P3R3A6_04508	44P3R3A6_04508	100.000	198	0	0	1	198	1	198	2.13e-148	409
44P3R3A6_04529	44P3R3A6_04529	100.000	307	0	0	1	307	1	307	0.0	610
44P3R3A6_04529	31P2R1A5_04637	97.720	307	7	0	1	307	1	307	0.0	597
44P3R3A6_04544	44P3R3A6_04544	100.000	288	0	0	1	288	1	288	0.0	600
44P3R3A6_04544	31P2R1A5_04620	98.264	288	5	0	1	288	42	329	0.0	591
44P3R3A6_04639	44P3R3A6_04639	100.000	89	0	0	1	89	1	89	3.37e-63	186
44P3R3A6_04639	54P2R2A3_05182	98.876	89	1	0	1	89	71	159	3.57e-62	185
44P3R3A6_04639	54P2R2A3_05185	97.753	89	2	0	1	89	1	89	5.98e-62	182
44P3R3A6_04639	51P2R2A10_05371	95.506	89	4	0	1	89	337	425	2.81e-58	184
44P3R3A6_04639	42P1R1A12_03594	95.506	89	4	0	1	89	372	460	3.94e-58	184
44P3R3A6_04639	31P2R1A5_04701	100.000	41	0	0	49	89	1	41	7.81e-24	85.1
44P3R3A6_04707	44P3R3A6_04707	100.000	242	0	0	1	242	1	242	9.28e-171	470
44P3R3A6_04707	31P2R1A5_04798	97.107	242	7	0	1	242	1	242	3.88e-167	461
44P3R3A6_04707	54P2R2A3_04369	97.095	241	7	0	2	242	1	241	4.31e-167	461
44P3R3A6_04709	44P3R3A6_04709	100.000	94	0	0	1	94	1	94	2.02e-65	191
44P3R3A6_04716	44P3R3A6_04716	100.000	86	0	0	1	86	1	86	4.19e-58	172
44P3R3A6_04716	51P2R2A10_05076	95.349	86	4	0	1	86	1	86	1.32e-55	166
44P3R3A6_04716	31P2R1A5_04790	95.349	86	4	0	1	86	1	86	8.27e-55	164
44P3R3A6_04726	44P3R3A6_04726	100.000	125	0	0	1	125	1	125	4.52e-91	259
44P3R3A6_04726	31P2R1A5_01462	97.600	125	3	0	1	125	1	125	6.13e-88	251
44P3R3A6_04726	54P2R2A3_04581	96.800	125	4	0	1	125	1	125	1.12e-86	248
44P3R3A6_04732	44P3R3A6_04732	100.000	115	0	0	1	115	1	115	5.66e-78	225
44P3R3A6_04767	44P3R3A6_04767	100.000	1051	0	0	1	1051	1	1051	0.0	2100
44P3R3A6_04767	31P2R1A5_01503	96.667	1080	7	1	1	1051	1	1080	0.0	2075
44P3R3A6_04780	44P3R3A6_04780	100.000	38	0	0	1	38	1	38	1.65e-19	71.6
44P3R3A6_04780	31P2R1A5_01516	97.368	38	1	0	1	38	1	38	4.24e-19	70.9
44P3R3A6_04798	44P3R3A6_04798	100.000	154	0	0	1	154	1	154	9.25e-116	323
44P3R3A6_04798	31P2R1A5_03166	100.000	153	0	0	2	154	37	189	3.24e-115	323
44P3R3A6_04803	44P3R3A6_04803	100.000	248	0	0	1	248	1	248	2.63e-172	474
44P3R3A6_04804	44P3R3A6_04804	100.000	397	0	0	1	397	1	397	0.0	812
44P3R3A6_04805	44P3R3A6_04805	100.000	267	0	0	1	267	1	267	0.0	532
44P3R3A6_04806	44P3R3A6_04806	100.000	353	0	0	1	353	1	353	0.0	702
44P3R3A6_04807	44P3R3A6_04807	100.000	184	0	0	1	184	1	184	4.22e-135	375
44P3R3A6_04808	44P3R3A6_04808	100.000	318	0	0	1	318	1	318	0.0	662
44P3R3A6_04809	44P3R3A6_04809	100.000	116	0	0	1	116	1	116	2.00e-81	234
44P3R3A6_04810	44P3R3A6_04810	100.000	565	0	0	1	565	1	565	0.0	1158
44P3R3A6_04811	44P3R3A6_04811	100.000	239	0	0	1	239	1	239	2.71e-179	491
44P3R3A6_04812	44P3R3A6_04812	100.000	922	0	0	1	922	1	922	0.0	1892
44P3R3A6_04812	31P2R1A5_03152	96.855	922	29	0	1	922	1	922	0.0	1835
44P3R3A6_04815	44P3R3A6_04815	100.000	512	0	0	1	512	1	512	0.0	1021
44P3R3A6_04815	31P2R1A5_03149	97.461	512	13	0	1	512	1	512	0.0	992
44P3R3A6_04817	44P3R3A6_04817	100.000	155	0	0	1	155	1	155	1.56e-116	325
44P3R3A6_04818	44P3R3A6_04818	100.000	213	0	0	1	213	1	213	7.47e-158	435
44P3R3A6_04818	31P2R1A5_03146	96.244	213	8	0	1	213	1	213	9.92e-152	419
44P3R3A6_04818	54P2R2A3_01940	95.775	213	9	0	1	213	1	213	2.94e-151	418
44P3R3A6_04831	44P3R3A6_04831	100.000	151	0	0	1	151	1	151	1.33e-110	310
44P3R3A6_04831	54P2R2A3_01927	96.026	151	6	0	1	151	1	151	5.61e-106	298
44P3R3A6_04831	31P2R1A5_03133	95.364	151	7	0	1	151	1	151	3.62e-105	296
44P3R3A6_04897	44P3R3A6_04897	100.000	195	0	0	1	195	1	195	2.87e-140	389
44P3R3A6_04898	44P3R3A6_04898	100.000	147	0	0	1	147	1	147	1.74e-107	302
44P3R3A6_04898	31P2R1A5_02061	97.260	146	4	0	1	146	1	146	8.07e-104	295
44P3R3A6_04898	54P2R2A3_01844	96.575	146	5	0	1	146	1	146	1.98e-102	292
44P3R3A6_04914	44P3R3A6_04914	100.000	73	0	0	1	73	1	73	9.43e-48	145
44P3R3A6_04914	31P2R1A5_02045	100.000	73	0	0	1	73	136	208	4.66e-47	148
44P3R3A6_04915	44P3R3A6_04915	100.000	214	0	0	1	214	1	214	2.68e-160	441
44P3R3A6_04916	44P3R3A6_04916	100.000	30	0	0	1	30	1	30	9.05e-15	59.3
44P3R3A6_04917	44P3R3A6_04917	100.000	413	0	0	1	413	1	413	0.0	820
44P3R3A6_04918	44P3R3A6_04918	100.000	115	0	0	1	115	1	115	1.33e-82	236
44P3R3A6_04919	44P3R3A6_04919	100.000	80	0	0	1	80	1	80	3.78e-55	164
44P3R3A6_04920	44P3R3A6_04920	100.000	414	0	0	1	414	1	414	0.0	852
44P3R3A6_04921	44P3R3A6_04921	100.000	3373	0	0	1	3373	1	3373	0.0	6858
44P3R3A6_04922	44P3R3A6_04922	100.000	197	0	0	1	197	1	197	2.30e-142	394
44P3R3A6_04923	44P3R3A6_04923	100.000	57	0	0	1	57	1	57	5.15e-35	112
44P3R3A6_04924	44P3R3A6_04924	100.000	237	0	0	1	237	1	237	0.0	498
44P3R3A6_04925	44P3R3A6_04925	100.000	252	0	0	1	252	1	252	0.0	530
44P3R3A6_04926	44P3R3A6_04926	100.000	116	0	0	1	116	1	116	4.51e-84	240
44P3R3A6_04927	44P3R3A6_04927	100.000	1049	0	0	1	1049	1	1049	0.0	2110
44P3R3A6_04928	44P3R3A6_04928	100.000	141	0	0	1	141	1	141	9.86e-101	285
44P3R3A6_04929	44P3R3A6_04929	100.000	248	0	0	1	248	1	248	4.98e-180	494
44P3R3A6_04930	44P3R3A6_04930	100.000	134	0	0	1	134	1	134	9.17e-95	269
44P3R3A6_04931	44P3R3A6_04931	100.000	193	0	0	1	193	1	193	5.70e-137	380
44P3R3A6_04932	44P3R3A6_04932	100.000	92	0	0	1	92	1	92	6.33e-64	187
44P3R3A6_04933	44P3R3A6_04933	100.000	109	0	0	1	109	1	109	2.60e-72	210
44P3R3A6_04934	44P3R3A6_04934	100.000	674	0	0	1	674	1	674	0.0	1398
