51P2R2A10_00057	51P2R2A10_00057	100.000	87	0	0	1	87	1	87	4.14e-60	177
51P2R2A10_00057	42P1R1A12_04996	95.402	87	4	0	1	87	1	87	2.37e-56	168
51P2R2A10_00058	51P2R2A10_00058	100.000	381	0	0	1	381	1	381	0.0	775
51P2R2A10_00058	42P1R1A12_04997	95.538	381	17	0	1	381	1	381	0.0	745
51P2R2A10_00059	51P2R2A10_00059	100.000	401	0	0	1	401	1	401	0.0	822
51P2R2A10_00059	42P1R1A12_04998	96.758	401	13	0	1	401	1	401	0.0	800
51P2R2A10_00060	51P2R2A10_00060	100.000	275	0	0	1	275	1	275	0.0	571
51P2R2A10_00060	42P1R1A12_04999	96.364	275	10	0	1	275	1	275	0.0	553
51P2R2A10_00061	51P2R2A10_00061	100.000	157	0	0	1	157	1	157	4.57e-116	325
51P2R2A10_00061	42P1R1A12_05000	97.452	157	4	0	1	157	1	157	5.42e-113	317
51P2R2A10_00062	51P2R2A10_00062	100.000	462	0	0	1	462	1	462	0.0	943
51P2R2A10_00062	42P1R1A12_05001	96.970	462	14	0	1	462	1	462	0.0	913
51P2R2A10_00063	51P2R2A10_00063	100.000	458	0	0	1	458	1	458	0.0	945
51P2R2A10_00063	42P1R1A12_05002	97.817	458	10	0	1	458	1	458	0.0	927
51P2R2A10_00064	51P2R2A10_00064	100.000	221	0	0	1	221	1	221	1.35e-163	450
51P2R2A10_00064	42P1R1A12_05003	95.475	221	10	0	1	221	1	221	1.46e-155	429
51P2R2A10_00065	51P2R2A10_00065	100.000	73	0	0	1	73	1	73	4.21e-49	149
51P2R2A10_00070	51P2R2A10_00070	100.000	104	0	0	1	104	1	104	1.34e-72	210
51P2R2A10_00070	42P1R1A12_05009	97.115	104	3	0	1	104	1	104	1.38e-70	205
51P2R2A10_00072	51P2R2A10_00072	100.000	475	0	0	1	475	1	475	0.0	981
51P2R2A10_00072	42P1R1A12_05011	97.474	475	12	0	1	475	1	475	0.0	962
51P2R2A10_00074	51P2R2A10_00074	100.000	479	0	0	1	479	1	479	0.0	974
51P2R2A10_00074	42P1R1A12_05013	96.033	479	19	0	1	479	1	479	0.0	942
51P2R2A10_00075	51P2R2A10_00075	100.000	158	0	0	1	158	1	158	6.97e-118	329
51P2R2A10_00078	51P2R2A10_00078	100.000	78	0	0	1	78	1	78	7.73e-52	156
51P2R2A10_00079	51P2R2A10_00079	100.000	247	0	0	1	247	1	247	6.54e-171	471
51P2R2A10_00079	42P1R1A12_05018	97.571	247	6	0	1	247	1	247	1.09e-166	460
51P2R2A10_00080	51P2R2A10_00080	100.000	370	0	0	1	370	1	370	0.0	764
51P2R2A10_00080	42P1R1A12_05019	97.838	370	8	0	1	370	1	370	0.0	753
51P2R2A10_00081	51P2R2A10_00081	100.000	244	0	0	1	244	1	244	2.43e-174	479
51P2R2A10_00081	42P1R1A12_05020	97.131	244	7	0	1	244	1	244	7.14e-171	470
51P2R2A10_00082	51P2R2A10_00082	100.000	130	0	0	1	130	1	130	7.84e-95	269
51P2R2A10_00084	51P2R2A10_00084	100.000	244	0	0	1	244	1	244	0.0	498
51P2R2A10_00085	51P2R2A10_00085	100.000	444	0	0	1	444	1	444	0.0	891
51P2R2A10_00086	51P2R2A10_00086	100.000	166	0	0	1	166	1	166	8.94e-122	340
51P2R2A10_00086	42P1R1A12_05030	95.783	166	7	0	1	166	1	166	1.43e-118	332
51P2R2A10_00087	51P2R2A10_00087	100.000	642	0	0	1	642	1	642	0.0	1308
51P2R2A10_00087	42P1R1A12_05031	96.417	642	23	0	1	642	1	642	0.0	1270
51P2R2A10_00088	51P2R2A10_00088	100.000	111	0	0	1	111	1	111	4.88e-80	230
51P2R2A10_00089	51P2R2A10_00089	100.000	114	0	0	1	114	1	114	3.68e-80	230
51P2R2A10_00090	51P2R2A10_00090	100.000	233	0	0	1	233	1	233	3.83e-174	478
51P2R2A10_00090	42P1R1A12_05034	96.567	233	8	0	1	233	1	233	3.39e-168	462
51P2R2A10_00091	51P2R2A10_00091	100.000	512	0	0	1	512	1	512	0.0	1037
51P2R2A10_00093	51P2R2A10_00093	100.000	492	0	0	1	492	1	492	0.0	1001
51P2R2A10_00094	51P2R2A10_00094	100.000	302	0	0	1	302	1	302	0.0	600
51P2R2A10_00094	42P1R1A12_05038	96.358	302	11	0	1	302	1	302	0.0	586
51P2R2A10_00095	51P2R2A10_00095	100.000	168	0	0	1	168	1	168	1.71e-119	334
51P2R2A10_00095	42P1R1A12_05039	97.024	168	5	0	1	168	1	168	2.07e-116	326
51P2R2A10_00096	51P2R2A10_00096	100.000	176	0	0	1	176	1	176	2.23e-126	352
51P2R2A10_00097	51P2R2A10_00097	100.000	876	0	0	1	876	1	876	0.0	1795
51P2R2A10_00098	51P2R2A10_00098	100.000	237	0	0	1	237	1	237	1.37e-174	479
51P2R2A10_00099	51P2R2A10_00099	100.000	191	0	0	1	191	1	191	1.18e-142	394
51P2R2A10_00099	42P1R1A12_04060	95.556	180	7	1	13	191	1	180	7.66e-117	329
51P2R2A10_00100	51P2R2A10_00100	100.000	182	0	0	1	182	1	182	6.44e-127	354
51P2R2A10_00101	51P2R2A10_00101	100.000	173	0	0	1	173	1	173	2.37e-124	347
51P2R2A10_00104	51P2R2A10_00104	100.000	317	0	0	1	317	1	317	0.0	645
51P2R2A10_00104	31P2R1A5_00919	97.792	317	7	0	1	317	1	317	0.0	635
51P2R2A10_00105	51P2R2A10_00105	100.000	314	0	0	1	314	1	314	0.0	636
51P2R2A10_00105	42P1R1A12_04052	96.497	314	11	0	1	314	1	314	0.0	617
51P2R2A10_00106	51P2R2A10_00106	100.000	203	0	0	1	203	1	203	1.68e-151	418
51P2R2A10_00107	51P2R2A10_00107	100.000	329	0	0	1	329	1	329	0.0	676
51P2R2A10_00108	51P2R2A10_00108	100.000	256	0	0	1	256	1	256	0.0	530
51P2R2A10_00109	51P2R2A10_00109	100.000	203	0	0	1	203	1	203	8.81e-144	398
51P2R2A10_00110	51P2R2A10_00110	100.000	209	0	0	1	209	1	209	8.59e-153	422
51P2R2A10_00111	51P2R2A10_00111	100.000	223	0	0	1	223	1	223	1.18e-159	440
51P2R2A10_00112	51P2R2A10_00112	100.000	473	0	0	1	473	1	473	0.0	954
51P2R2A10_00113	51P2R2A10_00113	100.000	116	0	0	1	116	1	116	1.30e-82	236
51P2R2A10_00114	51P2R2A10_00114	100.000	101	0	0	1	101	1	101	4.67e-69	201
51P2R2A10_00115	51P2R2A10_00115	100.000	81	0	0	1	81	1	81	6.86e-56	166
51P2R2A10_00115	31P2R1A5_00899	96.552	58	2	0	1	58	1	58	2.22e-36	118
51P2R2A10_00120	51P2R2A10_00120	100.000	86	0	0	1	86	1	86	6.31e-60	177
51P2R2A10_00121	51P2R2A10_00121	100.000	514	0	0	1	514	1	514	0.0	1057
51P2R2A10_00121	42P1R1A12_04019	95.720	514	22	0	1	514	1	514	0.0	1014
51P2R2A10_00122	51P2R2A10_00122	100.000	311	0	0	1	311	1	311	0.0	613
51P2R2A10_00122	42P1R1A12_04018	97.106	311	9	0	1	311	1	311	0.0	597
51P2R2A10_00123	51P2R2A10_00123	100.000	192	0	0	1	192	1	192	4.06e-143	395
51P2R2A10_00125	51P2R2A10_00125	100.000	1021	0	0	1	1021	1	1021	0.0	2055
51P2R2A10_00125	42P1R1A12_04015	96.768	1021	33	0	1	1021	1	1021	0.0	1998
51P2R2A10_00126	51P2R2A10_00126	100.000	362	0	0	1	362	1	362	0.0	729
51P2R2A10_00126	42P1R1A12_04014	96.685	362	12	0	1	362	1	362	0.0	707
51P2R2A10_00128	51P2R2A10_00128	100.000	144	0	0	1	144	1	144	2.38e-102	289
51P2R2A10_00130	51P2R2A10_00130	100.000	315	0	0	1	315	1	315	0.0	645
51P2R2A10_00131	51P2R2A10_00131	100.000	145	0	0	1	145	1	145	7.93e-107	300
51P2R2A10_00131	42P1R1A12_04009	96.296	135	5	0	1	135	1	135	1.95e-96	273
51P2R2A10_00132	51P2R2A10_00132	100.000	301	0	0	1	301	1	301	0.0	618
51P2R2A10_00133	51P2R2A10_00133	100.000	307	0	0	1	307	1	307	0.0	624
51P2R2A10_00134	51P2R2A10_00134	100.000	130	0	0	1	130	1	130	2.93e-93	265
51P2R2A10_00134	42P1R1A12_04006	97.674	129	3	0	1	129	1	129	4.53e-91	259
51P2R2A10_00135	51P2R2A10_00135	100.000	122	0	0	1	122	1	122	1.49e-90	257
51P2R2A10_00136	51P2R2A10_00136	100.000	63	0	0	1	63	1	63	1.95e-42	131
51P2R2A10_00137	51P2R2A10_00137	100.000	297	0	0	1	297	1	297	0.0	606
51P2R2A10_00138	51P2R2A10_00138	100.000	777	0	0	1	777	1	777	0.0	1589
51P2R2A10_00139	51P2R2A10_00139	100.000	418	0	0	1	418	1	418	0.0	869
51P2R2A10_00140	51P2R2A10_00140	100.000	156	0	0	1	156	1	156	1.11e-112	316
51P2R2A10_00141	51P2R2A10_00141	100.000	201	0	0	1	201	1	201	2.05e-149	412
51P2R2A10_00142	51P2R2A10_00142	100.000	233	0	0	1	233	1	233	3.28e-175	480
51P2R2A10_00143	51P2R2A10_00143	100.000	461	0	0	1	461	1	461	0.0	956
51P2R2A10_00144	51P2R2A10_00144	100.000	387	0	0	1	387	1	387	0.0	803
51P2R2A10_00145	51P2R2A10_00145	100.000	316	0	0	1	316	1	316	0.0	661
51P2R2A10_00146	51P2R2A10_00146	100.000	96	0	0	1	96	1	96	1.61e-64	189
51P2R2A10_00147	51P2R2A10_00147	100.000	249	0	0	1	249	1	249	0.0	510
51P2R2A10_00148	51P2R2A10_00148	100.000	624	0	0	1	624	1	624	0.0	1281
51P2R2A10_00149	51P2R2A10_00149	100.000	102	0	0	1	102	1	102	7.43e-74	213
51P2R2A10_00150	51P2R2A10_00150	100.000	101	0	0	1	101	1	101	1.83e-71	207
51P2R2A10_00151	51P2R2A10_00151	100.000	343	0	0	1	343	1	343	0.0	716
51P2R2A10_00152	51P2R2A10_00152	100.000	435	0	0	1	435	1	435	0.0	891
51P2R2A10_00153	51P2R2A10_00153	100.000	297	0	0	1	297	1	297	0.0	607
51P2R2A10_00154	51P2R2A10_00154	100.000	228	0	0	1	228	1	228	2.28e-169	465
51P2R2A10_00155	51P2R2A10_00155	100.000	47	0	0	1	47	1	47	1.21e-28	95.5
51P2R2A10_00156	51P2R2A10_00156	100.000	344	0	0	1	344	1	344	0.0	684
51P2R2A10_00157	51P2R2A10_00157	100.000	92	0	0	1	92	1	92	7.02e-66	192
51P2R2A10_00158	51P2R2A10_00158	100.000	240	0	0	1	240	1	240	2.50e-176	484
51P2R2A10_00159	51P2R2A10_00159	100.000	916	0	0	1	916	1	916	0.0	1903
51P2R2A10_00160	51P2R2A10_00160	100.000	94	0	0	1	94	1	94	7.65e-64	187
51P2R2A10_00161	51P2R2A10_00161	100.000	216	0	0	1	216	1	216	1.58e-160	442
51P2R2A10_00162	51P2R2A10_00162	100.000	74	0	0	1	74	1	74	1.52e-50	152
51P2R2A10_00163	51P2R2A10_00163	100.000	70	0	0	1	70	1	70	5.18e-46	140
51P2R2A10_00164	51P2R2A10_00164	100.000	196	0	0	1	196	1	196	2.41e-145	402
51P2R2A10_00165	51P2R2A10_00165	100.000	65	0	0	1	65	1	65	2.08e-42	131
51P2R2A10_00166	51P2R2A10_00166	100.000	309	0	0	1	309	1	309	0.0	636
51P2R2A10_00167	51P2R2A10_00167	100.000	398	0	0	1	398	1	398	0.0	773
51P2R2A10_00168	51P2R2A10_00168	100.000	235	0	0	1	235	1	235	5.86e-176	482
51P2R2A10_00169	51P2R2A10_00169	100.000	337	0	0	1	337	1	337	0.0	686
51P2R2A10_00170	51P2R2A10_00170	100.000	301	0	0	1	301	1	301	0.0	612
51P2R2A10_00171	51P2R2A10_00171	100.000	294	0	0	1	294	1	294	0.0	610
51P2R2A10_00172	51P2R2A10_00172	100.000	226	0	0	1	226	1	226	3.17e-167	459
51P2R2A10_00173	51P2R2A10_00173	100.000	192	0	0	1	192	1	192	3.05e-143	396
51P2R2A10_00174	51P2R2A10_00174	100.000	240	0	0	1	240	1	240	0.0	496
51P2R2A10_00175	51P2R2A10_00175	100.000	186	0	0	1	186	1	186	1.91e-136	378
51P2R2A10_00176	51P2R2A10_00176	100.000	190	0	0	1	190	1	190	9.66e-143	395
51P2R2A10_00176	38P2R3A13_04892	97.895	190	4	0	1	190	1	190	6.83e-141	390
51P2R2A10_00177	51P2R2A10_00177	100.000	114	0	0	1	114	1	114	6.00e-78	224
51P2R2A10_00177	38P2R3A13_04891	95.536	112	5	0	1	112	1	112	5.03e-74	215
51P2R2A10_00178	51P2R2A10_00178	100.000	301	0	0	1	301	1	301	0.0	615
51P2R2A10_00178	38P2R3A13_04890	97.010	301	9	0	1	301	1	301	0.0	603
51P2R2A10_00179	51P2R2A10_00179	100.000	440	0	0	1	440	1	440	0.0	903
51P2R2A10_00179	38P2R3A13_04889	96.818	440	14	0	1	440	1	440	0.0	879
51P2R2A10_00180	51P2R2A10_00180	100.000	110	0	0	1	110	1	110	4.48e-80	230
51P2R2A10_00181	51P2R2A10_00181	100.000	281	0	0	1	281	1	281	0.0	582
51P2R2A10_00182	51P2R2A10_00182	100.000	188	0	0	1	188	1	188	8.26e-139	384
51P2R2A10_00183	51P2R2A10_00183	100.000	369	0	0	1	369	1	369	0.0	753
51P2R2A10_00183	38P2R3A13_04885	97.290	369	10	0	1	369	1	369	0.0	736
51P2R2A10_00184	51P2R2A10_00184	100.000	234	0	0	1	234	1	234	9.80e-177	484
51P2R2A10_00184	38P2R3A13_04884	97.009	234	7	0	1	234	1	234	6.74e-171	469
51P2R2A10_00185	51P2R2A10_00185	100.000	272	0	0	1	272	1	272	0.0	552
51P2R2A10_00185	38P2R3A13_04883	99.225	258	2	0	15	272	1	258	0.0	520
51P2R2A10_00186	51P2R2A10_00186	100.000	251	0	0	1	251	1	251	0.0	513
51P2R2A10_00186	38P2R3A13_04882	99.602	251	1	0	1	251	7	257	0.0	512
51P2R2A10_00187	51P2R2A10_00187	100.000	165	0	0	1	165	1	165	7.27e-121	337
51P2R2A10_00188	51P2R2A10_00188	100.000	33	0	0	1	33	1	33	8.39e-19	69.7
51P2R2A10_00189	51P2R2A10_00189	100.000	283	0	0	1	283	1	283	0.0	549
51P2R2A10_00190	51P2R2A10_00190	100.000	293	0	0	1	293	1	293	0.0	608
51P2R2A10_00191	51P2R2A10_00191	100.000	254	0	0	1	254	1	254	0.0	520
51P2R2A10_00192	51P2R2A10_00192	100.000	323	0	0	1	323	1	323	0.0	659
51P2R2A10_00193	51P2R2A10_00193	100.000	150	0	0	1	150	1	150	4.89e-109	306
51P2R2A10_00194	51P2R2A10_00194	100.000	98	0	0	1	98	1	98	5.29e-68	198
51P2R2A10_00195	51P2R2A10_00195	100.000	418	0	0	1	418	1	418	0.0	817
51P2R2A10_00196	51P2R2A10_00196	100.000	215	0	0	1	215	1	215	1.77e-158	436
51P2R2A10_00197	51P2R2A10_00197	100.000	251	0	0	1	251	1	251	0.0	503
51P2R2A10_00198	51P2R2A10_00198	100.000	187	0	0	1	187	1	187	6.36e-138	382
51P2R2A10_00199	51P2R2A10_00199	100.000	95	0	0	1	95	1	95	1.76e-66	194
51P2R2A10_00200	51P2R2A10_00200	100.000	504	0	0	1	504	1	504	0.0	1033
51P2R2A10_00201	51P2R2A10_00201	100.000	327	0	0	1	327	1	327	0.0	653
51P2R2A10_00202	51P2R2A10_00202	100.000	342	0	0	1	342	1	342	0.0	661
51P2R2A10_00203	51P2R2A10_00203	100.000	483	0	0	1	483	1	483	0.0	986
51P2R2A10_00204	51P2R2A10_00204	100.000	417	0	0	1	417	1	417	0.0	867
51P2R2A10_00206	51P2R2A10_00206	100.000	267	0	0	1	267	1	267	0.0	542
51P2R2A10_00208	51P2R2A10_00208	100.000	486	0	0	1	486	1	486	0.0	984
51P2R2A10_00209	51P2R2A10_00209	100.000	331	0	0	1	331	1	331	0.0	678
51P2R2A10_00209	42P1R1A12_03996	96.979	331	10	0	1	331	1	331	0.0	662
51P2R2A10_00210	51P2R2A10_00210	100.000	357	0	0	1	357	1	357	0.0	720
51P2R2A10_00210	42P1R1A12_03995	97.759	357	8	0	1	357	1	357	0.0	706
51P2R2A10_00211	51P2R2A10_00211	100.000	97	0	0	1	97	1	97	4.37e-67	196
51P2R2A10_00212	51P2R2A10_00212	100.000	232	0	0	1	232	1	232	1.13e-171	471
51P2R2A10_00213	51P2R2A10_00213	100.000	491	0	0	1	491	1	491	0.0	1014
51P2R2A10_00214	51P2R2A10_00214	100.000	165	0	0	1	165	1	165	4.94e-122	340
51P2R2A10_00216	51P2R2A10_00216	100.000	304	0	0	1	304	1	304	0.0	591
51P2R2A10_00216	42P1R1A12_03989	97.039	304	9	0	1	304	1	304	0.0	573
51P2R2A10_00217	51P2R2A10_00217	100.000	60	0	0	1	60	1	60	4.59e-38	120
51P2R2A10_00218	51P2R2A10_00218	100.000	556	0	0	1	556	1	556	0.0	1140
51P2R2A10_00219	51P2R2A10_00219	100.000	72	0	0	1	72	1	72	1.77e-48	147
51P2R2A10_00221	51P2R2A10_00221	100.000	208	0	0	1	208	1	208	1.40e-155	429
51P2R2A10_00221	42P1R1A12_03984	96.635	208	7	0	1	208	1	208	6.06e-151	417
51P2R2A10_00222	51P2R2A10_00222	100.000	138	0	0	1	138	1	138	2.52e-100	283
51P2R2A10_00223	51P2R2A10_00223	100.000	496	0	0	1	496	1	496	0.0	1031
51P2R2A10_00223	42P1R1A12_03982	97.782	496	11	0	1	496	1	496	0.0	1013
51P2R2A10_00225	51P2R2A10_00225	100.000	329	0	0	1	329	1	329	0.0	662
51P2R2A10_00225	42P1R1A12_03980	97.872	329	7	0	1	329	1	329	0.0	649
51P2R2A10_00227	51P2R2A10_00227	100.000	251	0	0	1	251	1	251	0.0	504
51P2R2A10_00227	42P1R1A12_03978	97.610	251	6	0	1	251	1	251	1.07e-180	496
51P2R2A10_00228	51P2R2A10_00228	100.000	241	0	0	1	241	1	241	0.0	506
51P2R2A10_00228	42P1R1A12_03977	97.510	241	6	0	1	241	20	260	1.26e-180	495
51P2R2A10_00236	51P2R2A10_00236	100.000	241	0	0	1	241	1	241	1.32e-177	487
51P2R2A10_00237	51P2R2A10_00237	100.000	223	0	0	1	223	1	223	4.92e-166	456
51P2R2A10_00237	42P1R1A12_00339	96.413	223	8	0	1	223	1	223	3.64e-162	446
51P2R2A10_00238	51P2R2A10_00238	100.000	404	0	0	1	404	1	404	0.0	782
51P2R2A10_00238	42P1R1A12_00340	97.900	381	8	0	24	404	1	381	0.0	726
51P2R2A10_00239	51P2R2A10_00239	100.000	80	0	0	1	80	1	80	1.44e-54	163
51P2R2A10_00239	42P1R1A12_00341	96.250	80	3	0	1	80	1	80	2.60e-52	157
51P2R2A10_00240	51P2R2A10_00240	100.000	166	0	0	1	166	1	166	7.90e-123	342
51P2R2A10_00240	42P1R1A12_00342	95.783	166	7	0	1	166	1	166	6.85e-118	330
51P2R2A10_00242	51P2R2A10_00242	100.000	475	0	0	1	475	1	475	0.0	931
51P2R2A10_00244	51P2R2A10_00244	100.000	521	0	0	1	521	1	521	0.0	1052
51P2R2A10_00244	42P1R1A12_00346	97.313	521	14	0	1	521	1	521	0.0	1035
51P2R2A10_00245	51P2R2A10_00245	100.000	168	0	0	1	168	1	168	3.34e-125	348
51P2R2A10_00246	51P2R2A10_00246	100.000	191	0	0	1	191	1	191	1.70e-138	384
51P2R2A10_00250	51P2R2A10_00250	100.000	268	0	0	1	268	1	268	0.0	545
51P2R2A10_00250	42P1R1A12_00352	97.761	268	6	0	1	268	1	268	0.0	532
51P2R2A10_00252	51P2R2A10_00252	100.000	143	0	0	1	143	1	143	3.75e-105	296
51P2R2A10_00252	42P1R1A12_00354	97.902	143	3	0	1	143	1	143	6.88e-103	290
51P2R2A10_00254	51P2R2A10_00254	100.000	380	0	0	1	380	1	380	0.0	788
51P2R2A10_00254	42P1R1A12_00356	97.632	380	9	0	1	380	1	380	0.0	771
51P2R2A10_00256	51P2R2A10_00256	100.000	190	0	0	1	190	1	190	2.78e-140	388
51P2R2A10_00257	51P2R2A10_00257	100.000	245	0	0	1	245	1	245	0.0	497
51P2R2A10_00257	42P1R1A12_00359	96.721	244	8	0	1	244	1	244	1.84e-176	484
51P2R2A10_00258	51P2R2A10_00258	100.000	339	0	0	1	339	1	339	0.0	699
51P2R2A10_00258	42P1R1A12_00360	96.697	333	11	0	1	333	1	333	0.0	669
51P2R2A10_00261	51P2R2A10_00261	100.000	273	0	0	1	273	1	273	0.0	566
51P2R2A10_00262	51P2R2A10_00262	100.000	189	0	0	1	189	1	189	5.04e-139	385
51P2R2A10_00262	42P1R1A12_00364	96.296	189	7	0	1	189	1	189	2.27e-132	368
51P2R2A10_00271	51P2R2A10_00271	100.000	320	0	0	1	320	1	320	0.0	661
51P2R2A10_00280	51P2R2A10_00280	100.000	121	0	0	1	121	1	121	1.03e-82	237
51P2R2A10_00281	51P2R2A10_00281	100.000	227	0	0	1	227	1	227	3.08e-164	452
51P2R2A10_00281	42P1R1A12_00387	96.444	225	8	0	1	225	1	225	2.17e-157	435
51P2R2A10_00285	51P2R2A10_00285	100.000	125	0	0	1	125	1	125	6.53e-89	253
51P2R2A10_00286	51P2R2A10_00286	100.000	290	0	0	1	290	1	290	0.0	565
51P2R2A10_00286	42P1R1A12_00392	96.207	290	11	0	1	290	1	290	0.0	522
51P2R2A10_00288	51P2R2A10_00288	100.000	320	0	0	1	320	1	320	0.0	639
51P2R2A10_00289	51P2R2A10_00289	100.000	763	0	0	1	763	1	763	0.0	1550
51P2R2A10_00290	51P2R2A10_00290	100.000	255	0	0	1	255	1	255	0.0	523
51P2R2A10_00291	51P2R2A10_00291	100.000	173	0	0	1	173	1	173	7.61e-123	343
51P2R2A10_00292	51P2R2A10_00292	100.000	184	0	0	1	184	1	184	4.64e-132	367
51P2R2A10_00293	51P2R2A10_00293	100.000	315	0	0	1	315	1	315	0.0	645
51P2R2A10_00294	51P2R2A10_00294	100.000	218	0	0	1	218	1	218	2.71e-161	444
51P2R2A10_00296	51P2R2A10_00296	100.000	80	0	0	1	80	1	80	1.72e-55	165
51P2R2A10_00296	42P1R1A12_00402	96.250	80	3	0	1	80	1	80	1.53e-54	163
51P2R2A10_00297	51P2R2A10_00297	100.000	492	0	0	1	492	1	492	0.0	1009
51P2R2A10_00297	42P1R1A12_00403	96.545	492	17	0	1	492	1	492	0.0	982
51P2R2A10_00300	51P2R2A10_00300	100.000	166	0	0	1	166	1	166	4.94e-122	340
51P2R2A10_00300	42P1R1A12_00406	96.386	166	6	0	1	166	23	188	4.38e-118	331
51P2R2A10_00303	51P2R2A10_00303	100.000	294	0	0	1	294	1	294	0.0	597
51P2R2A10_00303	31P2R1A5_01043	97.288	295	7	1	1	294	1	295	0.0	580
51P2R2A10_00304	51P2R2A10_00304	100.000	458	0	0	1	458	1	458	0.0	891
51P2R2A10_00304	42P1R1A12_00410	95.197	458	22	0	1	458	1	458	0.0	858
51P2R2A10_00307	51P2R2A10_00307	100.000	97	0	0	1	97	1	97	1.25e-63	187
51P2R2A10_00307	42P1R1A12_00413	96.907	97	3	0	1	97	1	97	1.55e-61	182
51P2R2A10_00309	51P2R2A10_00309	100.000	582	0	0	1	582	1	582	0.0	1196
51P2R2A10_00309	42P1R1A12_00415	97.595	582	14	0	1	582	1	582	0.0	1173
51P2R2A10_00310	51P2R2A10_00310	100.000	265	0	0	1	265	1	265	0.0	548
51P2R2A10_00311	51P2R2A10_00311	100.000	189	0	0	1	189	1	189	5.27e-132	367
51P2R2A10_00311	42P1R1A12_00417	95.767	189	8	0	1	189	1	189	1.35e-127	356
51P2R2A10_00312	51P2R2A10_00312	100.000	153	0	0	1	153	1	153	1.34e-106	300
51P2R2A10_00317	51P2R2A10_00317	100.000	522	0	0	1	522	1	522	0.0	1071
51P2R2A10_00320	51P2R2A10_00320	100.000	452	0	0	1	452	1	452	0.0	929
51P2R2A10_00322	51P2R2A10_00322	100.000	677	0	0	1	677	1	677	0.0	1389
51P2R2A10_00323	51P2R2A10_00323	100.000	413	0	0	1	413	1	413	0.0	852
51P2R2A10_00323	42P1R1A12_00429	97.821	413	9	0	1	413	1	413	0.0	834
51P2R2A10_00324	51P2R2A10_00324	100.000	430	0	0	1	430	1	430	0.0	887
51P2R2A10_00324	42P1R1A12_00430	96.977	430	13	0	1	430	1	430	0.0	863
51P2R2A10_00327	51P2R2A10_00327	100.000	365	0	0	1	365	1	365	0.0	744
51P2R2A10_00327	42P1R1A12_00433	98.343	362	6	0	1	362	1	362	0.0	728
51P2R2A10_00327	44P3R3A6_01068	97.534	365	9	0	1	365	1	365	0.0	726
51P2R2A10_00328	51P2R2A10_00328	100.000	380	0	0	1	380	1	380	0.0	792
51P2R2A10_00328	42P1R1A12_00434	97.632	380	9	0	1	380	1	380	0.0	780
51P2R2A10_00328	44P3R3A6_01067	95.778	379	16	0	1	379	3	381	0.0	768
51P2R2A10_00331	51P2R2A10_00331	100.000	232	0	0	1	232	1	232	9.68e-170	466
51P2R2A10_00331	42P1R1A12_00437	95.259	232	11	0	1	232	1	232	2.00e-161	445
51P2R2A10_00332	51P2R2A10_00332	100.000	195	0	0	1	195	1	195	1.25e-139	387
51P2R2A10_00332	42P1R1A12_00438	97.436	195	5	0	1	195	1	195	1.28e-135	377
51P2R2A10_00337	51P2R2A10_00337	100.000	233	0	0	1	233	1	233	1.05e-173	476
51P2R2A10_00337	42P1R1A12_00443	97.854	233	5	0	1	233	1	233	1.91e-170	468
51P2R2A10_00339	51P2R2A10_00339	100.000	220	0	0	1	220	1	220	6.78e-164	451
51P2R2A10_00339	42P1R1A12_00445	97.273	220	6	0	1	220	1	220	2.16e-160	442
51P2R2A10_00340	51P2R2A10_00340	100.000	149	0	0	1	149	1	149	1.35e-111	312
51P2R2A10_00340	42P1R1A12_00446	97.987	149	3	0	1	149	1	149	6.36e-110	308
51P2R2A10_00341	51P2R2A10_00341	100.000	116	0	0	1	116	1	116	2.32e-85	243
51P2R2A10_00342	51P2R2A10_00342	100.000	177	0	0	1	177	1	177	2.86e-128	357
51P2R2A10_00342	42P1R1A12_00448	96.610	177	6	0	1	177	1	177	4.04e-126	352
51P2R2A10_00343	51P2R2A10_00343	100.000	521	0	0	1	521	1	521	0.0	1043
51P2R2A10_00343	42P1R1A12_00449	97.697	521	12	0	1	521	1	521	0.0	1024
51P2R2A10_00349	51P2R2A10_00349	100.000	305	0	0	1	305	1	305	0.0	625
51P2R2A10_00349	42P1R1A12_00455	96.393	305	11	0	1	305	1	305	0.0	605
51P2R2A10_00351	51P2R2A10_00351	100.000	74	0	0	1	74	1	74	1.72e-49	150
51P2R2A10_00352	51P2R2A10_00352	100.000	284	0	0	1	284	1	284	0.0	584
51P2R2A10_00353	51P2R2A10_00353	100.000	583	0	0	1	583	1	583	0.0	1202
51P2R2A10_00353	42P1R1A12_00457	96.041	581	23	0	1	581	1	581	0.0	1102
51P2R2A10_00354	51P2R2A10_00354	100.000	453	0	0	1	453	1	453	0.0	916
51P2R2A10_00354	42P1R1A12_00458	96.468	453	16	0	1	453	1	453	0.0	891
51P2R2A10_00355	51P2R2A10_00355	100.000	464	0	0	1	464	1	464	0.0	961
51P2R2A10_00356	51P2R2A10_00356	100.000	927	0	0	1	927	1	927	0.0	1904
51P2R2A10_00360	51P2R2A10_00360	100.000	251	0	0	1	251	1	251	0.0	522
51P2R2A10_00360	42P1R1A12_00465	97.211	251	7	0	1	251	1	251	0.0	509
51P2R2A10_00361	51P2R2A10_00361	100.000	256	0	0	1	256	1	256	0.0	525
51P2R2A10_00361	42P1R1A12_00466	95.312	256	12	0	1	256	1	256	1.81e-174	480
51P2R2A10_00362	51P2R2A10_00362	100.000	307	0	0	1	307	1	307	0.0	590
51P2R2A10_00363	51P2R2A10_00363	100.000	72	0	0	1	72	1	72	4.83e-44	136
51P2R2A10_00364	51P2R2A10_00364	100.000	328	0	0	1	328	1	328	0.0	660
51P2R2A10_00364	42P1R1A12_00468	96.037	328	13	0	1	328	1	328	0.0	618
51P2R2A10_00365	51P2R2A10_00365	100.000	267	0	0	1	267	1	267	0.0	540
51P2R2A10_00365	42P1R1A12_00469	96.255	267	10	0	1	267	4	270	0.0	523
51P2R2A10_00369	51P2R2A10_00369	100.000	210	0	0	1	210	1	210	3.78e-143	397
51P2R2A10_00369	42P1R1A12_00473	97.143	210	6	0	1	210	1	210	1.05e-139	389
51P2R2A10_00371	51P2R2A10_00371	100.000	229	0	0	1	229	1	229	6.10e-170	466
51P2R2A10_00371	42P1R1A12_00475	95.197	229	11	0	1	229	1	229	5.23e-163	449
51P2R2A10_00372	51P2R2A10_00372	100.000	298	0	0	1	298	1	298	0.0	612
51P2R2A10_00372	42P1R1A12_00476	97.315	298	8	0	1	298	1	298	0.0	599
51P2R2A10_00374	51P2R2A10_00374	100.000	162	0	0	1	162	1	162	1.50e-104	296
51P2R2A10_00375	51P2R2A10_00375	100.000	176	0	0	1	176	1	176	3.80e-129	359
51P2R2A10_00375	42P1R1A12_00479	95.402	174	8	0	1	174	1	174	1.82e-123	345
51P2R2A10_00376	51P2R2A10_00376	100.000	137	0	0	1	137	1	137	3.45e-97	275
51P2R2A10_00376	42P1R1A12_00480	95.200	125	6	0	13	137	1	125	2.22e-86	247
51P2R2A10_00377	51P2R2A10_00377	100.000	145	0	0	1	145	1	145	1.69e-105	297
51P2R2A10_00381	51P2R2A10_00381	100.000	202	0	0	1	202	1	202	1.00e-150	416
51P2R2A10_00382	51P2R2A10_00382	100.000	560	0	0	1	560	1	560	0.0	1166
51P2R2A10_00382	42P1R1A12_00491	95.893	560	23	0	1	560	1	560	0.0	1127
51P2R2A10_00383	51P2R2A10_00383	100.000	140	0	0	1	140	1	140	8.49e-104	292
51P2R2A10_00384	51P2R2A10_00384	100.000	40	0	0	1	40	1	40	7.75e-20	72.8
51P2R2A10_00386	51P2R2A10_00386	100.000	647	0	0	1	647	1	647	0.0	1332
51P2R2A10_00386	42P1R1A12_00495	96.136	647	25	0	1	647	1	647	0.0	1282
51P2R2A10_00387	51P2R2A10_00387	100.000	159	0	0	1	159	1	159	1.79e-111	313
51P2R2A10_00387	42P1R1A12_00496	95.597	159	7	0	1	159	1	159	8.02e-108	304
51P2R2A10_00388	51P2R2A10_00388	100.000	446	0	0	1	446	1	446	0.0	927
51P2R2A10_00388	42P1R1A12_00497	97.982	446	9	0	1	446	1	446	0.0	910
51P2R2A10_00389	51P2R2A10_00389	100.000	1035	0	0	1	1035	1	1035	0.0	2154
51P2R2A10_00389	42P1R1A12_00498	97.971	1035	21	0	1	1035	1	1035	0.0	2114
51P2R2A10_00390	51P2R2A10_00390	100.000	278	0	0	1	278	1	278	0.0	562
51P2R2A10_00391	51P2R2A10_00391	100.000	311	0	0	1	311	1	311	0.0	633
51P2R2A10_00391	42P1R1A12_00500	97.428	311	8	0	1	311	1	311	0.0	615
51P2R2A10_00392	51P2R2A10_00392	100.000	469	0	0	1	469	1	469	0.0	972
51P2R2A10_00392	42P1R1A12_00501	97.441	469	12	0	1	469	1	469	0.0	947
51P2R2A10_00394	51P2R2A10_00394	100.000	400	0	0	1	400	1	400	0.0	832
51P2R2A10_00394	42P1R1A12_00503	96.750	400	13	0	1	400	1	400	0.0	808
51P2R2A10_00396	51P2R2A10_00396	100.000	595	0	0	1	595	1	595	0.0	1230
51P2R2A10_00396	42P1R1A12_00505	97.815	595	13	0	1	595	1	595	0.0	1201
51P2R2A10_00400	51P2R2A10_00400	100.000	349	0	0	1	349	1	349	0.0	711
51P2R2A10_00403	51P2R2A10_00403	100.000	284	0	0	1	284	1	284	0.0	577
51P2R2A10_00403	42P1R1A12_00515	96.831	284	9	0	1	284	1	284	0.0	563
51P2R2A10_00407	51P2R2A10_00407	100.000	280	0	0	1	280	1	280	0.0	567
51P2R2A10_00408	51P2R2A10_00408	100.000	131	0	0	1	131	1	131	4.93e-91	259
51P2R2A10_00408	42P1R1A12_00520	97.710	131	3	0	1	131	1	131	5.41e-89	254
51P2R2A10_00416	51P2R2A10_00416	100.000	397	0	0	1	397	1	397	0.0	794
51P2R2A10_00417	51P2R2A10_00417	100.000	419	0	0	1	419	1	419	0.0	860
51P2R2A10_00417	42P1R1A12_00529	96.181	419	16	0	1	419	1	419	0.0	831
51P2R2A10_00420	51P2R2A10_00420	100.000	1357	0	0	1	1357	1	1357	0.0	2771
51P2R2A10_00420	42P1R1A12_00532	96.021	1357	54	0	1	1357	1	1357	0.0	2575
51P2R2A10_00421	51P2R2A10_00421	100.000	867	0	0	1	867	1	867	0.0	1769
51P2R2A10_00422	51P2R2A10_00422	100.000	460	0	0	1	460	1	460	0.0	934
51P2R2A10_00422	42P1R1A12_00534	97.174	460	13	0	1	460	1	460	0.0	906
51P2R2A10_00423	51P2R2A10_00423	100.000	217	0	0	1	217	1	217	3.47e-157	433
51P2R2A10_00423	31P2R1A5_01177	97.235	217	6	0	1	217	1	217	8.96e-154	425
51P2R2A10_00424	51P2R2A10_00424	100.000	593	0	0	1	593	1	593	0.0	1212
51P2R2A10_00424	42P1R1A12_00536	97.302	593	16	0	1	593	1	593	0.0	1186
51P2R2A10_00428	51P2R2A10_00428	100.000	237	0	0	1	237	1	237	1.48e-171	471
51P2R2A10_00428	42P1R1A12_00540	96.624	237	8	0	1	237	1	237	4.33e-166	457
51P2R2A10_00430	51P2R2A10_00430	100.000	299	0	0	1	299	1	299	0.0	582
51P2R2A10_00431	51P2R2A10_00431	100.000	149	0	0	1	149	1	149	1.88e-106	300
51P2R2A10_00431	18P3R3A11_00670	95.270	148	7	0	2	149	1	148	2.55e-100	284
51P2R2A10_00435	51P2R2A10_00435	100.000	153	0	0	1	153	1	153	8.81e-114	318
51P2R2A10_00435	42P1R1A12_00545	96.732	153	5	0	1	153	1	153	9.50e-110	308
51P2R2A10_00436	51P2R2A10_00436	100.000	300	0	0	1	300	1	300	0.0	612
51P2R2A10_00436	42P1R1A12_00546	97.659	299	7	0	1	299	1	299	0.0	600
51P2R2A10_00440	51P2R2A10_00440	100.000	176	0	0	1	176	1	176	9.31e-131	363
51P2R2A10_00440	42P1R1A12_00550	96.591	176	6	0	1	176	1	176	7.89e-126	351
51P2R2A10_00448	51P2R2A10_00448	100.000	279	0	0	1	279	1	279	0.0	567
51P2R2A10_00451	51P2R2A10_00451	100.000	58	0	0	1	58	1	58	2.25e-34	110
51P2R2A10_00451	42P1R1A12_00561	96.552	58	2	0	1	58	1	58	7.25e-33	107
51P2R2A10_00453	51P2R2A10_00453	100.000	243	0	0	1	243	1	243	8.30e-173	475
51P2R2A10_00453	42P1R1A12_00564	95.062	243	12	0	1	243	1	243	1.66e-133	375
51P2R2A10_00454	51P2R2A10_00454	100.000	291	0	0	1	291	1	291	0.0	597
51P2R2A10_00454	42P1R1A12_00565	97.251	291	8	0	1	291	1	291	0.0	584
51P2R2A10_00455	51P2R2A10_00455	100.000	95	0	0	1	95	1	95	6.68e-64	187
51P2R2A10_00456	51P2R2A10_00456	100.000	311	0	0	1	311	1	311	0.0	629
51P2R2A10_00456	42P1R1A12_00567	96.440	309	11	0	1	309	1	309	0.0	605
51P2R2A10_00457	51P2R2A10_00457	100.000	253	0	0	1	253	1	253	0.0	521
51P2R2A10_00457	42P1R1A12_00568	97.628	253	6	0	1	253	1	253	0.0	512
51P2R2A10_00458	51P2R2A10_00458	100.000	78	0	0	1	78	1	78	4.12e-53	159
51P2R2A10_00464	51P2R2A10_00464	100.000	796	0	0	1	796	1	796	0.0	1620
51P2R2A10_00464	42P1R1A12_00575	97.739	796	18	0	1	796	1	796	0.0	1594
51P2R2A10_00467	51P2R2A10_00467	100.000	267	0	0	1	267	1	267	0.0	538
51P2R2A10_00467	42P1R1A12_00578	97.378	267	7	0	1	267	1	267	0.0	526
51P2R2A10_00468	51P2R2A10_00468	100.000	184	0	0	1	184	1	184	2.18e-137	380
51P2R2A10_00468	42P1R1A12_00579	96.196	184	7	0	1	184	1	184	6.72e-133	369
51P2R2A10_00469	51P2R2A10_00469	100.000	250	0	0	1	250	1	250	0.0	509
51P2R2A10_00471	51P2R2A10_00471	100.000	481	0	0	1	481	1	481	0.0	988
51P2R2A10_00472	51P2R2A10_00472	100.000	76	0	0	1	76	1	76	2.03e-51	155
51P2R2A10_00477	51P2R2A10_00477	100.000	1019	0	0	1	1019	1	1019	0.0	2120
51P2R2A10_00477	42P1R1A12_00588	97.350	1019	27	0	1	1019	1	1019	0.0	2075
51P2R2A10_00478	51P2R2A10_00478	100.000	137	0	0	1	137	1	137	3.09e-98	278
51P2R2A10_00480	51P2R2A10_00480	100.000	210	0	0	1	210	1	210	2.14e-158	436
51P2R2A10_00481	51P2R2A10_00481	100.000	220	0	0	1	220	1	220	1.25e-164	452
51P2R2A10_00482	51P2R2A10_00482	100.000	177	0	0	1	177	1	177	9.50e-126	350
51P2R2A10_00483	51P2R2A10_00483	100.000	226	0	0	1	226	1	226	2.91e-166	457
51P2R2A10_00484	51P2R2A10_00484	100.000	848	0	0	1	848	1	848	0.0	1742
51P2R2A10_00485	51P2R2A10_00485	100.000	316	0	0	1	316	1	316	0.0	627
51P2R2A10_00486	51P2R2A10_00486	100.000	171	0	0	1	171	1	171	2.41e-122	342
51P2R2A10_00489	51P2R2A10_00489	100.000	249	0	0	1	249	1	249	0.0	504
51P2R2A10_00489	42P1R1A12_00600	96.386	249	9	0	1	249	1	249	2.05e-178	489
51P2R2A10_00490	51P2R2A10_00490	100.000	425	0	0	1	425	1	425	0.0	875
51P2R2A10_00490	42P1R1A12_00601	95.972	422	17	0	1	422	1	422	0.0	814
51P2R2A10_00491	51P2R2A10_00491	100.000	407	0	0	1	407	1	407	0.0	835
51P2R2A10_00491	42P1R1A12_00602	95.577	407	18	0	1	407	1	407	0.0	800
51P2R2A10_00492	51P2R2A10_00492	100.000	139	0	0	1	139	1	139	2.25e-101	286
51P2R2A10_00492	42P1R1A12_00603	97.122	139	4	0	1	139	1	139	1.31e-98	279
51P2R2A10_00493	51P2R2A10_00493	100.000	328	0	0	1	328	1	328	0.0	667
51P2R2A10_00493	42P1R1A12_00604	95.745	329	13	1	1	328	1	329	0.0	641
51P2R2A10_00496	51P2R2A10_00496	100.000	71	0	0	1	71	1	71	5.36e-47	143
51P2R2A10_00496	42P1R1A12_00607	97.183	71	2	0	1	71	1	71	3.28e-46	141
51P2R2A10_00498	51P2R2A10_00498	100.000	618	0	0	1	618	1	618	0.0	1268
51P2R2A10_00499	51P2R2A10_00499	100.000	440	0	0	1	440	1	440	0.0	877
51P2R2A10_00499	42P1R1A12_00610	97.727	440	10	0	1	440	1	440	0.0	865
51P2R2A10_00500	51P2R2A10_00500	100.000	279	0	0	1	279	1	279	0.0	566
51P2R2A10_00500	42P1R1A12_00611	97.133	279	8	0	1	279	1	279	0.0	551
51P2R2A10_00501	51P2R2A10_00501	100.000	269	0	0	1	269	1	269	0.0	545
51P2R2A10_00501	42P1R1A12_00616	96.255	267	10	0	1	267	1	267	2.40e-178	491
51P2R2A10_00502	51P2R2A10_00502	100.000	556	0	0	1	556	1	556	0.0	1146
51P2R2A10_00502	42P1R1A12_00618	95.724	304	12	1	253	556	1	303	0.0	594
51P2R2A10_00503	51P2R2A10_00503	100.000	313	0	0	1	313	1	313	0.0	638
51P2R2A10_00503	42P1R1A12_00619	96.795	312	10	0	1	312	1	312	0.0	621
51P2R2A10_00504	51P2R2A10_00504	100.000	289	0	0	1	289	1	289	0.0	595
51P2R2A10_00504	42P1R1A12_00620	96.864	287	9	0	1	287	1	287	0.0	578
51P2R2A10_00505	51P2R2A10_00505	100.000	269	0	0	1	269	1	269	0.0	550
51P2R2A10_00505	42P1R1A12_00621	97.026	269	8	0	1	269	1	269	0.0	536
51P2R2A10_00507	51P2R2A10_00507	100.000	339	0	0	1	339	1	339	0.0	689
51P2R2A10_00507	42P1R1A12_00623	97.935	339	7	0	1	339	1	339	0.0	676
51P2R2A10_00508	51P2R2A10_00508	100.000	399	0	0	1	399	1	399	0.0	752
51P2R2A10_00508	42P1R1A12_00624	96.992	399	12	0	1	399	1	399	0.0	733
51P2R2A10_00509	51P2R2A10_00509	100.000	245	0	0	1	245	1	245	0.0	511
51P2R2A10_00510	51P2R2A10_00510	100.000	527	0	0	1	527	1	527	0.0	1059
51P2R2A10_00510	42P1R1A12_00628	95.446	527	24	0	1	527	1	527	0.0	1013
51P2R2A10_00511	51P2R2A10_00511	100.000	199	0	0	1	199	1	199	1.91e-146	405
51P2R2A10_00511	42P1R1A12_00629	96.482	199	7	0	1	199	1	199	2.22e-141	392
51P2R2A10_00512	51P2R2A10_00512	100.000	298	0	0	1	298	1	298	0.0	593
51P2R2A10_00512	42P1R1A12_00630	97.973	296	6	0	1	296	1	296	0.0	579
51P2R2A10_00514	51P2R2A10_00514	100.000	382	0	0	1	382	1	382	0.0	773
51P2R2A10_00515	51P2R2A10_00515	100.000	325	0	0	1	325	1	325	0.0	647
51P2R2A10_00516	51P2R2A10_00516	100.000	346	0	0	1	346	1	346	0.0	709
51P2R2A10_00516	31P2R1A5_01285	95.087	346	17	0	1	346	1	346	0.0	676
51P2R2A10_00517	51P2R2A10_00517	100.000	332	0	0	1	332	1	332	0.0	639
51P2R2A10_00517	42P1R1A12_00635	97.590	332	8	0	1	332	1	332	0.0	624
51P2R2A10_00518	51P2R2A10_00518	100.000	263	0	0	1	263	1	263	0.0	520
51P2R2A10_00518	42P1R1A12_00636	95.057	263	13	0	1	263	1	263	9.39e-166	459
51P2R2A10_00519	51P2R2A10_00519	100.000	718	0	0	1	718	1	718	0.0	1472
51P2R2A10_00519	42P1R1A12_00637	96.240	718	27	0	1	718	1	718	0.0	1426
51P2R2A10_00522	51P2R2A10_00522	100.000	351	0	0	1	351	1	351	0.0	660
51P2R2A10_00523	51P2R2A10_00523	100.000	316	0	0	1	316	1	316	0.0	643
51P2R2A10_00523	42P1R1A12_00641	96.519	316	11	0	1	316	1	316	0.0	628
51P2R2A10_00524	51P2R2A10_00524	100.000	300	0	0	1	300	1	300	0.0	606
51P2R2A10_00524	42P1R1A12_00642	97.000	300	9	0	1	300	1	300	0.0	589
51P2R2A10_00525	51P2R2A10_00525	100.000	256	0	0	1	256	1	256	0.0	523
51P2R2A10_00525	42P1R1A12_00643	97.656	256	6	0	1	256	1	256	0.0	513
51P2R2A10_00529	51P2R2A10_00529	100.000	384	0	0	1	384	1	384	0.0	787
51P2R2A10_00529	42P1R1A12_00647	96.094	384	15	0	1	384	1	384	0.0	741
51P2R2A10_00531	51P2R2A10_00531	100.000	361	0	0	1	361	1	361	0.0	741
51P2R2A10_00531	42P1R1A12_00649	97.507	361	9	0	1	361	1	361	0.0	724
51P2R2A10_00532	51P2R2A10_00532	100.000	319	0	0	1	319	1	319	0.0	657
51P2R2A10_00534	51P2R2A10_00534	100.000	368	0	0	1	368	1	368	0.0	716
51P2R2A10_00535	51P2R2A10_00535	100.000	107	0	0	1	107	1	107	5.85e-71	206
51P2R2A10_00535	42P1R1A12_04542	97.196	107	3	0	1	107	1	107	7.01e-69	201
51P2R2A10_00536	51P2R2A10_00536	100.000	838	0	0	1	838	1	838	0.0	1738
51P2R2A10_00537	51P2R2A10_00537	100.000	222	0	0	1	222	1	222	2.91e-164	452
51P2R2A10_00538	51P2R2A10_00538	100.000	665	0	0	1	665	1	665	0.0	1373
51P2R2A10_00539	51P2R2A10_00539	100.000	247	0	0	1	247	1	247	0.0	502
51P2R2A10_00540	51P2R2A10_00540	100.000	130	0	0	1	130	1	130	7.12e-94	266
51P2R2A10_00541	51P2R2A10_00541	100.000	285	0	0	1	285	1	285	0.0	592
51P2R2A10_00542	51P2R2A10_00542	100.000	340	0	0	1	340	1	340	0.0	659
51P2R2A10_00543	51P2R2A10_00543	100.000	834	0	0	1	834	1	834	0.0	1712
51P2R2A10_00544	51P2R2A10_00544	100.000	363	0	0	1	363	1	363	0.0	737
51P2R2A10_00544	42P1R1A12_01967	96.970	363	11	0	1	363	1	363	0.0	717
51P2R2A10_00546	51P2R2A10_00546	100.000	357	0	0	1	357	1	357	0.0	721
51P2R2A10_00546	42P1R1A12_01965	97.759	357	8	0	1	357	1	357	0.0	709
51P2R2A10_00547	51P2R2A10_00547	100.000	257	0	0	1	257	1	257	0.0	521
51P2R2A10_00547	42P1R1A12_01964	97.665	257	6	0	1	257	1	257	0.0	507
51P2R2A10_00548	51P2R2A10_00548	100.000	560	0	0	1	560	1	560	0.0	1144
51P2R2A10_00548	42P1R1A12_01963	97.857	560	12	0	1	560	1	560	0.0	1122
51P2R2A10_00550	51P2R2A10_00550	100.000	291	0	0	1	291	1	291	0.0	594
51P2R2A10_00550	42P1R1A12_01961	97.595	291	7	0	1	291	1	291	0.0	581
51P2R2A10_00551	51P2R2A10_00551	100.000	396	0	0	1	396	1	396	0.0	823
51P2R2A10_00552	51P2R2A10_00552	100.000	473	0	0	1	473	1	473	0.0	947
51P2R2A10_00552	42P1R1A12_01959	96.829	473	15	0	1	473	1	473	0.0	918
51P2R2A10_00553	51P2R2A10_00553	100.000	446	0	0	1	446	1	446	0.0	907
51P2R2A10_00554	51P2R2A10_00554	100.000	47	0	0	1	47	1	47	1.02e-26	90.5
51P2R2A10_00554	42P1R1A12_01958	95.745	47	2	0	1	47	1	47	5.58e-26	88.6
51P2R2A10_00555	51P2R2A10_00555	100.000	303	0	0	1	303	1	303	0.0	622
51P2R2A10_00556	51P2R2A10_00556	100.000	802	0	0	1	802	1	802	0.0	1644
51P2R2A10_00556	42P1R1A12_01948	96.509	802	28	0	1	802	1	802	0.0	1596
51P2R2A10_00557	51P2R2A10_00557	100.000	322	0	0	1	322	1	322	0.0	652
51P2R2A10_00557	42P1R1A12_01947	95.031	322	16	0	1	322	1	322	0.0	624
51P2R2A10_00558	51P2R2A10_00558	100.000	327	0	0	1	327	1	327	0.0	661
51P2R2A10_00559	51P2R2A10_00559	100.000	316	0	0	1	316	1	316	0.0	619
51P2R2A10_00559	42P1R1A12_01945	97.468	316	8	0	1	316	1	316	0.0	608
51P2R2A10_00561	51P2R2A10_00561	100.000	568	0	0	1	568	1	568	0.0	1149
51P2R2A10_00561	42P1R1A12_01943	97.887	568	12	0	1	568	1	568	0.0	1129
51P2R2A10_00562	51P2R2A10_00562	100.000	349	0	0	1	349	1	349	0.0	705
51P2R2A10_00563	51P2R2A10_00563	100.000	259	0	0	1	259	1	259	0.0	525
51P2R2A10_00563	42P1R1A12_01941	97.297	259	7	0	1	259	1	259	0.0	512
51P2R2A10_00564	51P2R2A10_00564	100.000	225	0	0	1	225	1	225	5.93e-159	439
51P2R2A10_00564	42P1R1A12_01940	97.778	225	5	0	1	225	1	225	3.15e-155	429
51P2R2A10_00565	51P2R2A10_00565	100.000	408	0	0	1	408	1	408	0.0	832
51P2R2A10_00566	51P2R2A10_00566	100.000	213	0	0	1	213	1	213	3.09e-160	441
51P2R2A10_00567	51P2R2A10_00567	100.000	128	0	0	1	128	1	128	1.35e-93	265
51P2R2A10_00569	51P2R2A10_00569	100.000	210	0	0	1	210	1	210	3.97e-148	410
51P2R2A10_00569	42P1R1A12_01935	97.143	210	6	0	1	210	1	210	1.55e-144	401
51P2R2A10_00571	51P2R2A10_00571	100.000	269	0	0	1	269	1	269	0.0	557
51P2R2A10_00572	51P2R2A10_00572	100.000	295	0	0	1	295	1	295	0.0	603
51P2R2A10_00572	42P1R1A12_01932	97.288	295	8	0	1	295	1	295	0.0	588
51P2R2A10_00573	51P2R2A10_00573	100.000	131	0	0	1	131	1	131	8.66e-94	266
51P2R2A10_00573	42P1R1A12_01931	95.420	131	6	0	1	131	1	131	3.44e-90	257
51P2R2A10_00574	51P2R2A10_00574	100.000	50	0	0	1	50	1	50	4.92e-29	96.7
51P2R2A10_00575	51P2R2A10_00575	100.000	537	0	0	1	537	1	537	0.0	1096
51P2R2A10_00575	42P1R1A12_01929	95.345	537	25	0	1	537	24	560	0.0	1041
51P2R2A10_00576	51P2R2A10_00576	100.000	54	0	0	1	54	1	54	2.99e-35	112
51P2R2A10_00577	51P2R2A10_00577	100.000	168	0	0	1	168	1	168	3.07e-123	343
51P2R2A10_00579	51P2R2A10_00579	100.000	173	0	0	1	173	1	173	3.82e-127	354
51P2R2A10_00579	42P1R1A12_01922	97.688	173	4	0	1	173	1	173	5.52e-124	346
51P2R2A10_00580	51P2R2A10_00580	100.000	330	0	0	1	330	1	330	0.0	674
51P2R2A10_00581	51P2R2A10_00581	100.000	542	0	0	1	542	1	542	0.0	1122
51P2R2A10_00582	51P2R2A10_00582	100.000	337	0	0	1	337	1	337	0.0	664
51P2R2A10_00582	42P1R1A12_01919	97.329	337	9	0	1	337	1	337	0.0	645
51P2R2A10_00583	51P2R2A10_00583	100.000	468	0	0	1	468	1	468	0.0	950
51P2R2A10_00583	42P1R1A12_01918	96.154	468	18	0	1	468	1	468	0.0	918
51P2R2A10_00584	51P2R2A10_00584	100.000	291	0	0	1	291	1	291	0.0	595
51P2R2A10_00585	51P2R2A10_00585	100.000	169	0	0	1	169	1	169	4.15e-125	348
51P2R2A10_00585	42P1R1A12_01916	97.041	169	5	0	1	169	1	169	1.49e-121	339
51P2R2A10_00587	51P2R2A10_00587	100.000	67	0	0	1	67	1	67	5.48e-40	125
51P2R2A10_00592	51P2R2A10_00592	100.000	214	0	0	1	214	1	214	5.08e-159	438
51P2R2A10_00592	42P1R1A12_01909	95.327	214	8	1	1	214	1	212	3.38e-149	413
51P2R2A10_00593	51P2R2A10_00593	100.000	384	0	0	1	384	1	384	0.0	801
51P2R2A10_00594	51P2R2A10_00594	100.000	395	0	0	1	395	1	395	0.0	780
51P2R2A10_00594	42P1R1A12_01907	96.456	395	14	0	1	395	1	395	0.0	758
51P2R2A10_00599	51P2R2A10_00599	100.000	285	0	0	1	285	1	285	0.0	582
51P2R2A10_00599	42P1R1A12_01902	97.544	285	7	0	1	285	1	285	0.0	571
51P2R2A10_00604	51P2R2A10_00604	100.000	200	0	0	1	200	1	200	3.88e-149	412
51P2R2A10_00605	51P2R2A10_00605	100.000	80	0	0	1	80	1	80	9.55e-54	161
51P2R2A10_00605	42P1R1A12_01896	97.500	80	2	0	1	80	1	80	1.72e-52	158
51P2R2A10_00606	51P2R2A10_00606	100.000	299	0	0	1	299	1	299	0.0	616
51P2R2A10_00606	42P1R1A12_01895	97.659	299	7	0	1	299	1	299	0.0	606
51P2R2A10_00609	51P2R2A10_00609	100.000	299	0	0	1	299	1	299	0.0	608
51P2R2A10_00609	42P1R1A12_01892	97.324	299	8	0	1	299	1	299	0.0	590
51P2R2A10_00610	51P2R2A10_00610	100.000	79	0	0	1	79	1	79	1.73e-51	155
51P2R2A10_00610	42P1R1A12_01891	97.468	79	2	0	1	79	1	79	1.80e-50	152
51P2R2A10_00612	51P2R2A10_00612	100.000	451	0	0	1	451	1	451	0.0	926
51P2R2A10_00614	51P2R2A10_00614	100.000	375	0	0	1	375	1	375	0.0	759
51P2R2A10_00614	42P1R1A12_01887	96.533	375	13	0	1	375	1	375	0.0	738
51P2R2A10_00621	51P2R2A10_00621	100.000	212	0	0	1	212	1	212	6.39e-159	437
51P2R2A10_00621	31P2R1A5_01455	96.226	212	8	0	1	212	1	212	3.37e-154	426
51P2R2A10_00621	42P1R1A12_01880	98.086	209	4	0	1	209	1	209	8.39e-154	424
51P2R2A10_00621	10P3R2A13_00809	95.215	209	10	0	1	209	1	209	8.80e-151	417
51P2R2A10_00621	15P1R1A16_00134	97.191	178	5	0	32	209	1	178	9.88e-129	360
51P2R2A10_00623	51P2R2A10_00623	100.000	207	0	0	1	207	1	207	3.89e-154	425
51P2R2A10_00623	42P1R1A12_01878	97.101	207	6	0	1	207	1	207	1.40e-149	413
51P2R2A10_00624	51P2R2A10_00624	100.000	351	0	0	1	351	1	351	0.0	694
51P2R2A10_00624	42P1R1A12_01877	95.442	351	16	0	1	351	1	351	0.0	668
51P2R2A10_00625	51P2R2A10_00625	100.000	656	0	0	1	656	1	656	0.0	1325
51P2R2A10_00628	51P2R2A10_00628	100.000	147	0	0	1	147	1	147	4.96e-99	281
51P2R2A10_00628	42P1R1A12_01873	96.599	147	5	0	1	147	1	147	1.80e-94	269
51P2R2A10_00629	51P2R2A10_00629	100.000	72	0	0	1	72	1	72	5.28e-49	148
51P2R2A10_00629	42P1R1A12_01872	100.000	72	0	0	1	72	17	88	7.07e-49	149
51P2R2A10_00630	51P2R2A10_00630	100.000	457	0	0	1	457	1	457	0.0	947
51P2R2A10_00630	42P1R1A12_01871	96.499	457	16	0	1	457	1	457	0.0	919
51P2R2A10_00631	51P2R2A10_00631	100.000	347	0	0	1	347	1	347	0.0	707
51P2R2A10_00631	42P1R1A12_01870	95.677	347	15	0	1	347	1	347	0.0	682
51P2R2A10_00632	51P2R2A10_00632	100.000	334	0	0	1	334	1	334	0.0	679
51P2R2A10_00632	42P1R1A12_01869	97.904	334	7	0	1	334	1	334	0.0	665
51P2R2A10_00633	51P2R2A10_00633	100.000	271	0	0	1	271	1	271	0.0	546
51P2R2A10_00633	42P1R1A12_01868	97.426	272	6	1	1	271	1	272	0.0	535
51P2R2A10_00636	51P2R2A10_00636	100.000	68	0	0	1	68	1	68	2.84e-46	141
51P2R2A10_00636	42P1R1A12_01865	97.059	68	2	0	1	68	1	68	1.90e-45	139
51P2R2A10_00637	51P2R2A10_00637	100.000	398	0	0	1	398	1	398	0.0	825
51P2R2A10_00641	51P2R2A10_00641	100.000	393	0	0	1	393	1	393	0.0	801
51P2R2A10_00643	51P2R2A10_00643	100.000	467	0	0	1	467	1	467	0.0	959
51P2R2A10_00643	42P1R1A12_01858	96.360	467	17	0	1	467	1	467	0.0	929
51P2R2A10_00644	51P2R2A10_00644	100.000	311	0	0	1	311	1	311	0.0	636
51P2R2A10_00644	42P1R1A12_01857	95.177	311	15	0	1	311	1	311	0.0	606
51P2R2A10_00645	51P2R2A10_00645	100.000	434	0	0	1	434	1	434	0.0	893
51P2R2A10_00645	42P1R1A12_01856	95.622	434	19	0	1	434	1	434	0.0	860
51P2R2A10_00646	51P2R2A10_00646	100.000	592	0	0	1	592	1	592	0.0	1214
51P2R2A10_00648	51P2R2A10_00648	100.000	116	0	0	1	116	1	116	3.03e-85	243
51P2R2A10_00649	51P2R2A10_00649	100.000	30	0	0	1	30	1	30	6.62e-16	62.0
51P2R2A10_00651	51P2R2A10_00651	100.000	242	0	0	1	242	1	242	5.31e-179	491
51P2R2A10_00651	42P1R1A12_01849	95.455	242	11	0	1	242	1	242	1.08e-171	472
51P2R2A10_00659	51P2R2A10_00659	100.000	172	0	0	1	172	1	172	1.29e-127	355
51P2R2A10_00660	51P2R2A10_00660	100.000	40	0	0	1	40	1	40	5.16e-22	78.2
51P2R2A10_00662	51P2R2A10_00662	100.000	482	0	0	1	482	1	482	0.0	993
51P2R2A10_00662	42P1R1A12_01837	95.021	482	24	0	1	482	1	482	0.0	927
51P2R2A10_00663	51P2R2A10_00663	100.000	437	0	0	1	437	1	437	0.0	894
51P2R2A10_00663	42P1R1A12_01836	97.025	437	13	0	1	437	1	437	0.0	871
51P2R2A10_00664	51P2R2A10_00664	100.000	303	0	0	1	303	1	303	0.0	622
51P2R2A10_00664	42P1R1A12_01835	97.690	303	7	0	1	303	1	303	0.0	608
51P2R2A10_00665	51P2R2A10_00665	100.000	188	0	0	1	188	1	188	2.63e-140	388
51P2R2A10_00670	51P2R2A10_00670	100.000	451	0	0	1	451	1	451	0.0	908
51P2R2A10_00671	51P2R2A10_00671	100.000	256	0	0	1	256	1	256	0.0	522
51P2R2A10_00671	42P1R1A12_01828	95.703	256	11	0	1	256	1	256	1.66e-166	460
51P2R2A10_00673	51P2R2A10_00673	100.000	552	0	0	1	552	1	552	0.0	1147
51P2R2A10_00673	42P1R1A12_01826	97.645	552	13	0	1	552	1	552	0.0	1127
51P2R2A10_00676	51P2R2A10_00676	100.000	317	0	0	1	317	1	317	0.0	644
51P2R2A10_00676	42P1R1A12_01823	97.792	317	7	0	1	317	1	317	0.0	632
51P2R2A10_00678	51P2R2A10_00678	100.000	540	0	0	1	540	1	540	0.0	1097
51P2R2A10_00678	42P1R1A12_01821	96.667	540	16	1	1	540	20	557	0.0	1060
51P2R2A10_00679	51P2R2A10_00679	100.000	299	0	0	1	299	1	299	0.0	603
51P2R2A10_00680	51P2R2A10_00680	100.000	247	0	0	1	247	1	247	1.54e-177	487
51P2R2A10_00681	51P2R2A10_00681	100.000	302	0	0	1	302	1	302	0.0	609
51P2R2A10_00682	51P2R2A10_00682	100.000	566	0	0	1	566	1	566	0.0	1170
51P2R2A10_00682	42P1R1A12_01817	97.880	566	12	0	1	566	1	566	0.0	1148
51P2R2A10_00684	51P2R2A10_00684	100.000	301	0	0	1	301	1	301	0.0	603
51P2R2A10_00685	51P2R2A10_00685	100.000	207	0	0	1	207	1	207	3.03e-146	405
51P2R2A10_00687	51P2R2A10_00687	100.000	267	0	0	1	267	1	267	0.0	539
51P2R2A10_00687	42P1R1A12_01812	96.629	267	9	0	1	267	1	267	0.0	520
51P2R2A10_00688	51P2R2A10_00688	100.000	278	0	0	1	278	1	278	0.0	563
51P2R2A10_00688	42P1R1A12_01811	97.482	278	7	0	1	278	1	278	0.0	553
51P2R2A10_00689	51P2R2A10_00689	100.000	100	0	0	1	100	1	100	1.65e-69	202
51P2R2A10_00689	42P1R1A12_01810	96.000	100	4	0	1	100	1	100	5.09e-67	196
51P2R2A10_00690	51P2R2A10_00690	100.000	281	0	0	1	281	1	281	0.0	550
51P2R2A10_00695	51P2R2A10_00695	100.000	719	0	0	1	719	1	719	0.0	1467
51P2R2A10_00695	42P1R1A12_05956	95.346	709	33	0	1	709	1	709	0.0	1390
51P2R2A10_00698	51P2R2A10_00698	100.000	107	0	0	1	107	1	107	1.43e-72	211
51P2R2A10_00699	51P2R2A10_00699	100.000	134	0	0	1	134	1	134	1.28e-81	236
51P2R2A10_00700	51P2R2A10_00700	100.000	496	0	0	1	496	1	496	0.0	1025
51P2R2A10_00700	42P1R1A12_05952	96.169	496	19	0	1	496	1	496	0.0	986
51P2R2A10_00701	51P2R2A10_00701	100.000	31	0	0	1	31	1	31	9.03e-16	62.0
51P2R2A10_00703	51P2R2A10_00703	100.000	298	0	0	1	298	1	298	0.0	600
51P2R2A10_00703	42P1R1A12_05772	97.651	298	7	0	1	298	1	298	0.0	588
51P2R2A10_00705	51P2R2A10_00705	100.000	232	0	0	1	232	1	232	1.09e-170	469
51P2R2A10_00705	42P1R1A12_05770	97.414	232	6	0	1	232	1	232	1.90e-165	456
51P2R2A10_00706	51P2R2A10_00706	100.000	420	0	0	1	420	1	420	0.0	815
51P2R2A10_00707	51P2R2A10_00707	100.000	203	0	0	1	203	1	203	1.56e-143	398
51P2R2A10_00708	51P2R2A10_00708	100.000	286	0	0	1	286	1	286	0.0	555
51P2R2A10_00708	42P1R1A12_05767	96.154	286	11	0	1	286	1	286	0.0	534
51P2R2A10_00709	51P2R2A10_00709	100.000	206	0	0	1	206	1	206	3.04e-156	430
51P2R2A10_00709	42P1R1A12_05766	96.602	206	7	0	1	206	1	206	2.63e-151	417
51P2R2A10_00709	38P2R3A13_05802	95.973	149	6	0	58	206	1	149	7.08e-105	298
51P2R2A10_00710	51P2R2A10_00710	100.000	812	0	0	1	812	1	812	0.0	1689
51P2R2A10_00710	42P1R1A12_05765	96.391	471	17	0	342	812	1	471	0.0	957
51P2R2A10_00711	51P2R2A10_00711	100.000	84	0	0	1	84	1	84	8.41e-59	174
51P2R2A10_00711	42P1R1A12_05763	97.619	84	2	0	1	84	1	84	1.95e-57	171
51P2R2A10_00712	51P2R2A10_00712	100.000	237	0	0	1	237	1	237	2.42e-180	493
51P2R2A10_00713	51P2R2A10_00713	100.000	187	0	0	1	187	1	187	3.17e-140	388
51P2R2A10_00713	42P1R1A12_05761	97.861	187	4	0	1	187	1	187	1.16e-135	377
51P2R2A10_00713	31P2R1A5_00337	95.187	187	9	0	1	187	1	187	3.67e-133	370
51P2R2A10_00714	51P2R2A10_00714	100.000	114	0	0	1	114	1	114	6.94e-81	232
51P2R2A10_00714	42P1R1A12_05760	97.368	114	3	0	1	114	1	114	8.13e-79	227
51P2R2A10_00715	51P2R2A10_00715	100.000	109	0	0	1	109	1	109	2.84e-72	210
51P2R2A10_00717	51P2R2A10_00717	100.000	339	0	0	1	339	1	339	0.0	695
51P2R2A10_00717	42P1R1A12_05757	95.858	338	14	0	1	338	1	338	0.0	672
51P2R2A10_00718	51P2R2A10_00718	100.000	459	0	0	1	459	1	459	0.0	919
51P2R2A10_00718	42P1R1A12_05756	96.732	459	15	0	1	459	1	459	0.0	893
51P2R2A10_00719	51P2R2A10_00719	100.000	488	0	0	1	488	1	488	0.0	1007
51P2R2A10_00720	51P2R2A10_00720	100.000	144	0	0	1	144	1	144	3.99e-101	286
51P2R2A10_00722	51P2R2A10_00722	100.000	250	0	0	1	250	1	250	0.0	508
51P2R2A10_00722	42P1R1A12_05752	96.400	250	9	0	1	250	1	250	0.0	496
51P2R2A10_00723	51P2R2A10_00723	100.000	681	0	0	1	681	1	681	0.0	1390
51P2R2A10_00724	51P2R2A10_00724	100.000	204	0	0	1	204	1	204	7.59e-148	409
51P2R2A10_00726	51P2R2A10_00726	100.000	180	0	0	1	180	1	180	2.59e-128	357
51P2R2A10_00726	42P1R1A12_05045	99.444	180	1	0	1	180	32	211	4.83e-127	355
51P2R2A10_00727	51P2R2A10_00727	100.000	104	0	0	1	104	1	104	7.97e-74	213
51P2R2A10_00728	51P2R2A10_00728	100.000	91	0	0	1	91	1	91	4.42e-61	180
51P2R2A10_00728	42P1R1A12_05047	96.703	91	3	0	1	91	1	91	9.49e-59	174
51P2R2A10_00729	51P2R2A10_00729	100.000	85	0	0	1	85	1	85	6.07e-57	169
51P2R2A10_00730	51P2R2A10_00730	100.000	88	0	0	1	88	1	88	7.99e-62	182
51P2R2A10_00730	42P1R1A12_05049	96.591	88	3	0	1	88	1	88	3.04e-59	175
51P2R2A10_00731	51P2R2A10_00731	100.000	363	0	0	1	363	1	363	0.0	748
51P2R2A10_00731	42P1R1A12_05050	97.521	363	9	0	1	363	1	363	0.0	730
51P2R2A10_00733	51P2R2A10_00733	100.000	1036	0	0	1	1036	1	1036	0.0	2135
51P2R2A10_00734	51P2R2A10_00734	100.000	357	0	0	1	357	1	357	0.0	726
51P2R2A10_00735	51P2R2A10_00735	100.000	145	0	0	1	145	1	145	2.32e-107	301
51P2R2A10_00736	51P2R2A10_00736	100.000	406	0	0	1	406	1	406	0.0	833
51P2R2A10_00736	42P1R1A12_05055	96.766	402	13	0	1	402	1	402	0.0	801
51P2R2A10_00738	51P2R2A10_00738	100.000	326	0	0	1	326	1	326	0.0	682
51P2R2A10_00739	51P2R2A10_00739	100.000	344	0	0	1	344	1	344	0.0	708
51P2R2A10_00739	42P1R1A12_05059	95.058	344	17	0	1	344	1	344	0.0	676
51P2R2A10_00740	51P2R2A10_00740	100.000	93	0	0	1	93	1	93	1.16e-62	184
51P2R2A10_00741	51P2R2A10_00741	100.000	163	0	0	1	163	1	163	6.36e-123	342
51P2R2A10_00742	51P2R2A10_00742	100.000	207	0	0	1	207	1	207	6.19e-152	419
51P2R2A10_00743	51P2R2A10_00743	100.000	1121	0	0	1	1121	1	1121	0.0	2267
51P2R2A10_00744	51P2R2A10_00744	100.000	112	0	0	1	112	1	112	4.51e-80	230
51P2R2A10_00745	51P2R2A10_00745	100.000	32	0	0	1	32	1	32	1.40e-16	63.9
51P2R2A10_00745	42P1R1A12_05061	96.875	32	1	0	1	32	1	32	4.74e-16	62.8
51P2R2A10_00746	51P2R2A10_00746	100.000	34	0	0	1	34	1	34	4.95e-16	62.8
51P2R2A10_00747	51P2R2A10_00747	100.000	42	0	0	1	42	1	42	6.36e-21	75.5
51P2R2A10_00748	51P2R2A10_00748	100.000	336	0	0	1	336	1	336	0.0	682
51P2R2A10_00748	42P1R1A12_05062	95.413	327	15	0	1	327	1	327	0.0	637
51P2R2A10_00749	51P2R2A10_00749	100.000	131	0	0	1	131	1	131	4.37e-95	269
51P2R2A10_00749	42P1R1A12_05063	95.420	131	6	0	1	131	1	131	1.94e-91	260
51P2R2A10_00752	51P2R2A10_00752	100.000	525	0	0	1	525	1	525	0.0	1029
51P2R2A10_00752	42P1R1A12_05066	97.143	525	15	0	1	525	1	525	0.0	1001
51P2R2A10_00756	51P2R2A10_00756	100.000	157	0	0	1	157	1	157	3.73e-109	307
51P2R2A10_00758	51P2R2A10_00758	100.000	300	0	0	1	300	1	300	0.0	572
51P2R2A10_00758	42P1R1A12_05073	97.000	300	9	0	1	300	1	300	0.0	557
51P2R2A10_00759	51P2R2A10_00759	100.000	73	0	0	1	73	1	73	5.06e-50	151
51P2R2A10_00759	42P1R1A12_05074	95.890	73	3	0	1	73	1	73	9.85e-48	145
51P2R2A10_00764	51P2R2A10_00764	100.000	264	0	0	1	264	1	264	0.0	545
51P2R2A10_00765	51P2R2A10_00765	100.000	263	0	0	1	263	1	263	0.0	541
51P2R2A10_00766	51P2R2A10_00766	100.000	427	0	0	1	427	1	427	0.0	842
51P2R2A10_00767	51P2R2A10_00767	100.000	157	0	0	1	157	1	157	6.67e-114	319
51P2R2A10_00768	51P2R2A10_00768	100.000	391	0	0	1	391	1	391	0.0	805
51P2R2A10_00769	51P2R2A10_00769	100.000	254	0	0	1	254	1	254	0.0	502
51P2R2A10_00770	51P2R2A10_00770	100.000	295	0	0	1	295	1	295	0.0	602
51P2R2A10_00771	51P2R2A10_00771	100.000	382	0	0	1	382	1	382	0.0	761
51P2R2A10_00772	51P2R2A10_00772	100.000	413	0	0	1	413	1	413	0.0	830
51P2R2A10_00773	51P2R2A10_00773	100.000	329	0	0	1	329	1	329	0.0	671
51P2R2A10_00774	51P2R2A10_00774	100.000	254	0	0	1	254	1	254	0.0	517
51P2R2A10_00775	51P2R2A10_00775	100.000	315	0	0	1	315	1	315	0.0	643
51P2R2A10_00775	42P1R1A12_05081	96.825	315	10	0	1	315	1	315	0.0	629
51P2R2A10_00776	51P2R2A10_00776	100.000	161	0	0	1	161	1	161	5.78e-117	327
51P2R2A10_00778	51P2R2A10_00778	100.000	463	0	0	1	463	1	463	0.0	948
51P2R2A10_00778	42P1R1A12_05084	96.104	462	18	0	2	463	1	462	0.0	915
51P2R2A10_00780	51P2R2A10_00780	100.000	125	0	0	1	125	1	125	1.29e-91	260
51P2R2A10_00780	42P1R1A12_05086	95.122	123	6	0	1	123	1	123	7.11e-86	246
51P2R2A10_00781	51P2R2A10_00781	100.000	471	0	0	1	471	1	471	0.0	950
51P2R2A10_00782	51P2R2A10_00782	100.000	177	0	0	1	177	1	177	1.21e-130	363
51P2R2A10_00782	42P1R1A12_05088	96.610	177	6	0	1	177	1	177	2.74e-127	354
51P2R2A10_00783	51P2R2A10_00783	100.000	484	0	0	1	484	1	484	0.0	991
51P2R2A10_00783	42P1R1A12_05089	95.041	484	24	0	1	484	1	484	0.0	946
51P2R2A10_00784	51P2R2A10_00784	100.000	147	0	0	1	147	1	147	2.33e-108	304
51P2R2A10_00784	42P1R1A12_05090	96.599	147	5	0	1	147	1	147	3.94e-104	293
51P2R2A10_00786	51P2R2A10_00786	100.000	251	0	0	1	251	1	251	0.0	513
51P2R2A10_00787	51P2R2A10_00787	100.000	267	0	0	1	267	1	267	0.0	541
51P2R2A10_00788	51P2R2A10_00788	100.000	140	0	0	1	140	1	140	6.09e-101	285
51P2R2A10_00789	51P2R2A10_00789	100.000	123	0	0	1	123	1	123	1.94e-88	252
51P2R2A10_00790	51P2R2A10_00790	100.000	416	0	0	1	416	1	416	0.0	830
51P2R2A10_00790	42P1R1A12_05981	95.192	416	18	1	1	416	1	414	0.0	772
51P2R2A10_00791	51P2R2A10_00791	100.000	490	0	0	1	490	1	490	0.0	987
51P2R2A10_00792	51P2R2A10_00792	100.000	1038	0	0	1	1038	1	1038	0.0	2090
51P2R2A10_00792	42P1R1A12_05979	96.724	1038	34	0	1	1038	1	1038	0.0	2030
51P2R2A10_00793	51P2R2A10_00793	100.000	110	0	0	1	110	1	110	3.60e-80	230
51P2R2A10_00793	42P1R1A12_05978	97.938	97	2	0	14	110	1	97	3.98e-69	202
51P2R2A10_00794	51P2R2A10_00794	100.000	149	0	0	1	149	1	149	3.46e-107	301
51P2R2A10_00795	51P2R2A10_00795	100.000	193	0	0	1	193	1	193	1.41e-143	397
51P2R2A10_00796	51P2R2A10_00796	100.000	73	0	0	1	73	1	73	4.55e-49	149
51P2R2A10_00797	51P2R2A10_00797	100.000	414	0	0	1	414	1	414	0.0	816
51P2R2A10_00798	51P2R2A10_00798	100.000	754	0	0	1	754	1	754	0.0	1559
51P2R2A10_00799	51P2R2A10_00799	100.000	505	0	0	1	505	1	505	0.0	1050
51P2R2A10_00800	51P2R2A10_00800	100.000	650	0	0	1	650	1	650	0.0	1350
51P2R2A10_00801	51P2R2A10_00801	100.000	211	0	0	1	211	1	211	1.27e-159	439
51P2R2A10_00802	51P2R2A10_00802	100.000	262	0	0	1	262	1	262	0.0	537
51P2R2A10_00803	51P2R2A10_00803	100.000	390	0	0	1	390	1	390	0.0	815
51P2R2A10_00804	51P2R2A10_00804	100.000	507	0	0	1	507	1	507	0.0	1041
51P2R2A10_00805	51P2R2A10_00805	100.000	77	0	0	1	77	1	77	1.69e-51	155
51P2R2A10_00806	51P2R2A10_00806	100.000	1457	0	0	1	1457	1	1457	0.0	3013
51P2R2A10_00807	51P2R2A10_00807	100.000	131	0	0	1	131	1	131	1.70e-92	263
51P2R2A10_00808	51P2R2A10_00808	100.000	166	0	0	1	166	1	166	7.82e-123	342
51P2R2A10_00809	51P2R2A10_00809	100.000	207	0	0	1	207	1	207	2.45e-148	410
51P2R2A10_00810	51P2R2A10_00810	100.000	396	0	0	1	396	1	396	0.0	765
51P2R2A10_00811	51P2R2A10_00811	100.000	279	0	0	1	279	1	279	0.0	563
51P2R2A10_00812	51P2R2A10_00812	100.000	349	0	0	1	349	1	349	0.0	707
51P2R2A10_00816	51P2R2A10_00816	100.000	343	0	0	1	343	1	343	0.0	691
51P2R2A10_00816	42P1R1A12_02636	99.000	200	2	0	144	343	1	200	1.25e-141	399
51P2R2A10_00817	51P2R2A10_00817	100.000	92	0	0	1	92	1	92	9.26e-65	189
51P2R2A10_00819	51P2R2A10_00819	100.000	70	0	0	1	70	1	70	1.77e-43	134
51P2R2A10_00819	31P2R1A5_03036	97.143	70	2	0	1	70	1	70	8.98e-43	132
51P2R2A10_00820	51P2R2A10_00820	100.000	247	0	0	1	247	1	247	0.0	504
51P2R2A10_00820	42P1R1A12_02631	95.142	247	12	0	1	247	1	247	6.95e-176	483
51P2R2A10_00821	51P2R2A10_00821	100.000	233	0	0	1	233	1	233	1.16e-164	454
51P2R2A10_00822	51P2R2A10_00822	100.000	251	0	0	1	251	1	251	0.0	498
51P2R2A10_00823	51P2R2A10_00823	100.000	292	0	0	1	292	1	292	0.0	591
51P2R2A10_00823	31P2R1A5_03040	97.153	281	8	0	12	292	1	281	0.0	553
51P2R2A10_00824	51P2R2A10_00824	100.000	177	0	0	1	177	1	177	4.56e-131	364
51P2R2A10_00825	51P2R2A10_00825	100.000	252	0	0	1	252	1	252	0.0	509
51P2R2A10_00826	51P2R2A10_00826	100.000	263	0	0	1	263	1	263	0.0	523
51P2R2A10_00827	51P2R2A10_00827	100.000	319	0	0	1	319	1	319	0.0	654
51P2R2A10_00827	42P1R1A12_02624	97.152	316	9	0	1	316	1	316	0.0	632
51P2R2A10_00829	51P2R2A10_00829	100.000	486	0	0	1	486	1	486	0.0	984
51P2R2A10_00832	51P2R2A10_00832	100.000	283	0	0	1	283	1	283	0.0	582
51P2R2A10_00833	51P2R2A10_00833	100.000	110	0	0	1	110	1	110	1.50e-80	231
51P2R2A10_00834	51P2R2A10_00834	100.000	270	0	0	1	270	1	270	0.0	535
51P2R2A10_00835	51P2R2A10_00835	100.000	319	0	0	1	319	1	319	0.0	660
51P2R2A10_00836	51P2R2A10_00836	100.000	336	0	0	1	336	1	336	0.0	646
51P2R2A10_00836	42P1R1A12_02615	96.131	336	13	0	1	336	1	336	0.0	624
51P2R2A10_00837	51P2R2A10_00837	100.000	169	0	0	1	169	1	169	1.64e-124	347
51P2R2A10_00838	51P2R2A10_00838	100.000	362	0	0	1	362	1	362	0.0	726
51P2R2A10_00839	51P2R2A10_00839	100.000	421	0	0	1	421	1	421	0.0	832
51P2R2A10_00839	42P1R1A12_02611	97.862	421	9	0	1	421	1	421	0.0	816
51P2R2A10_00839	38P2R3A13_02149	96.437	421	15	0	1	421	1	421	0.0	810
51P2R2A10_00840	51P2R2A10_00840	100.000	332	0	0	1	332	1	332	0.0	671
51P2R2A10_00840	42P1R1A12_02610	95.482	332	15	0	1	332	1	332	0.0	647
51P2R2A10_00841	51P2R2A10_00841	100.000	254	0	0	1	254	1	254	0.0	526
51P2R2A10_00842	51P2R2A10_00842	100.000	513	0	0	1	513	1	513	0.0	1066
51P2R2A10_00843	51P2R2A10_00843	100.000	209	0	0	1	209	1	209	9.64e-156	429
51P2R2A10_00843	42P1R1A12_02607	96.196	184	7	0	26	209	1	184	1.56e-129	362
51P2R2A10_00844	51P2R2A10_00844	100.000	263	0	0	1	263	1	263	0.0	541
51P2R2A10_00845	51P2R2A10_00845	100.000	47	0	0	1	47	1	47	2.63e-27	92.0
51P2R2A10_00846	51P2R2A10_00846	100.000	315	0	0	1	315	1	315	0.0	640
51P2R2A10_00847	51P2R2A10_00847	100.000	456	0	0	1	456	1	456	0.0	942
51P2R2A10_00849	51P2R2A10_00849	100.000	511	0	0	1	511	1	511	0.0	1031
51P2R2A10_00849	42P1R1A12_02601	96.282	511	19	0	1	511	1	511	0.0	993
51P2R2A10_00850	51P2R2A10_00850	100.000	318	0	0	1	318	1	318	0.0	634
51P2R2A10_00850	42P1R1A12_02600	95.912	318	13	0	1	318	1	318	0.0	612
51P2R2A10_00851	51P2R2A10_00851	100.000	344	0	0	1	344	1	344	0.0	706
51P2R2A10_00852	51P2R2A10_00852	100.000	43	0	0	1	43	1	43	1.56e-24	84.7
51P2R2A10_00853	51P2R2A10_00853	100.000	209	0	0	1	209	1	209	1.81e-153	423
51P2R2A10_00854	51P2R2A10_00854	100.000	201	0	0	1	201	1	201	2.89e-148	409
51P2R2A10_00855	51P2R2A10_00855	100.000	131	0	0	1	131	1	131	1.35e-95	271
51P2R2A10_00856	51P2R2A10_00856	100.000	48	0	0	1	48	1	48	5.37e-29	96.3
51P2R2A10_00857	51P2R2A10_00857	100.000	191	0	0	1	191	1	191	2.73e-143	396
51P2R2A10_00858	51P2R2A10_00858	100.000	200	0	0	1	200	1	200	7.90e-150	413
51P2R2A10_00859	51P2R2A10_00859	100.000	303	0	0	1	303	1	303	0.0	616
51P2R2A10_00859	42P1R1A12_02593	95.050	303	15	0	1	303	1	303	0.0	589
51P2R2A10_00860	51P2R2A10_00860	100.000	199	0	0	1	199	1	199	1.27e-148	410
51P2R2A10_00861	51P2R2A10_00861	100.000	267	0	0	1	267	1	267	0.0	538
51P2R2A10_00862	51P2R2A10_00862	100.000	145	0	0	1	145	1	145	4.04e-104	293
51P2R2A10_00864	51P2R2A10_00864	100.000	75	0	0	1	75	1	75	5.58e-50	151
51P2R2A10_00864	42P1R1A12_02588	97.183	71	2	0	1	71	1	71	5.23e-46	141
51P2R2A10_00865	51P2R2A10_00865	100.000	298	0	0	1	298	1	298	0.0	594
51P2R2A10_00865	42P1R1A12_02587	95.302	298	14	0	1	298	1	298	0.0	572
51P2R2A10_00866	51P2R2A10_00866	100.000	83	0	0	1	83	1	83	4.99e-56	167
51P2R2A10_00866	42P1R1A12_02586	96.386	83	3	0	1	83	1	83	1.07e-53	161
51P2R2A10_00867	51P2R2A10_00867	100.000	324	0	0	1	324	1	324	0.0	674
51P2R2A10_00868	51P2R2A10_00868	100.000	247	0	0	1	247	1	247	0.0	511
51P2R2A10_00869	51P2R2A10_00869	100.000	148	0	0	1	148	1	148	7.81e-107	300
51P2R2A10_00869	42P1R1A12_02583	95.270	148	7	0	1	148	1	148	2.58e-101	286
51P2R2A10_00872	51P2R2A10_00872	100.000	247	0	0	1	247	1	247	0.0	496
51P2R2A10_00874	51P2R2A10_00874	100.000	352	0	0	1	352	1	352	0.0	721
51P2R2A10_00875	51P2R2A10_00875	100.000	296	0	0	1	296	1	296	0.0	594
51P2R2A10_00876	51P2R2A10_00876	100.000	223	0	0	1	223	1	223	1.27e-169	465
51P2R2A10_00877	51P2R2A10_00877	100.000	79	0	0	1	79	1	79	1.05e-53	160
51P2R2A10_00877	42P1R1A12_02568	100.000	74	0	0	1	74	1	74	1.07e-50	153
51P2R2A10_00878	51P2R2A10_00878	100.000	156	0	0	1	156	1	156	3.09e-115	322
51P2R2A10_00879	51P2R2A10_00879	100.000	73	0	0	1	73	1	73	2.85e-48	147
51P2R2A10_00879	31P2R1A5_00459	97.260	73	2	0	1	73	1	73	3.89e-47	144
51P2R2A10_00880	51P2R2A10_00880	100.000	260	0	0	1	260	1	260	0.0	537
51P2R2A10_00880	42P1R1A12_02565	97.308	260	7	0	1	260	1	260	0.0	524
51P2R2A10_00881	51P2R2A10_00881	100.000	441	0	0	1	441	1	441	0.0	909
51P2R2A10_00881	42P1R1A12_02564	95.465	441	20	0	1	441	1	441	0.0	870
51P2R2A10_00882	51P2R2A10_00882	100.000	182	0	0	1	182	1	182	1.80e-133	370
51P2R2A10_00883	51P2R2A10_00883	100.000	178	0	0	1	178	1	178	9.59e-132	366
51P2R2A10_00884	51P2R2A10_00884	100.000	834	0	0	1	834	1	834	0.0	1707
51P2R2A10_00885	51P2R2A10_00885	100.000	245	0	0	1	245	1	245	0.0	505
51P2R2A10_00886	51P2R2A10_00886	100.000	198	0	0	1	198	1	198	1.35e-145	402
51P2R2A10_00887	51P2R2A10_00887	100.000	175	0	0	1	175	1	175	1.10e-128	358
51P2R2A10_00888	51P2R2A10_00888	100.000	251	0	0	1	251	1	251	0.0	511
51P2R2A10_00889	51P2R2A10_00889	100.000	169	0	0	1	169	1	169	1.66e-122	342
51P2R2A10_00890	51P2R2A10_00890	100.000	172	0	0	1	172	1	172	3.21e-126	351
51P2R2A10_00891	51P2R2A10_00891	100.000	320	0	0	1	320	1	320	0.0	652
51P2R2A10_00892	51P2R2A10_00892	100.000	171	0	0	1	171	1	171	2.70e-126	352
51P2R2A10_00893	51P2R2A10_00893	100.000	429	0	0	1	429	1	429	0.0	877
51P2R2A10_00894	51P2R2A10_00894	100.000	325	0	0	1	325	1	325	0.0	679
51P2R2A10_00895	51P2R2A10_00895	100.000	168	0	0	1	168	1	168	1.03e-121	340
51P2R2A10_00896	51P2R2A10_00896	100.000	586	0	0	1	586	1	586	0.0	1185
51P2R2A10_00897	51P2R2A10_00897	100.000	196	0	0	1	196	1	196	1.76e-142	394
51P2R2A10_00898	51P2R2A10_00898	100.000	353	0	0	1	353	1	353	0.0	708
51P2R2A10_00899	51P2R2A10_00899	100.000	665	0	0	1	665	1	665	0.0	1380
51P2R2A10_00900	51P2R2A10_00900	100.000	143	0	0	1	143	1	143	5.90e-103	290
51P2R2A10_00901	51P2R2A10_00901	100.000	371	0	0	1	371	1	371	0.0	760
51P2R2A10_00907	51P2R2A10_00907	100.000	318	0	0	1	318	1	318	0.0	629
51P2R2A10_00907	31P2R1A5_00510	97.799	318	7	0	1	318	1	318	0.0	616
51P2R2A10_00908	51P2R2A10_00908	100.000	291	0	0	1	291	1	291	0.0	590
51P2R2A10_00908	31P2R1A5_00509	95.189	291	14	0	1	291	1	291	0.0	541
51P2R2A10_00910	51P2R2A10_00910	100.000	215	0	0	1	215	1	215	2.96e-161	443
51P2R2A10_00911	51P2R2A10_00911	100.000	187	0	0	1	187	1	187	1.84e-139	386
51P2R2A10_00912	51P2R2A10_00912	100.000	178	0	0	1	178	1	178	8.61e-131	363
51P2R2A10_00915	51P2R2A10_00915	100.000	424	0	0	1	424	1	424	0.0	864
51P2R2A10_00916	51P2R2A10_00916	100.000	670	0	0	1	670	1	670	0.0	1357
51P2R2A10_00916	42P1R1A12_02516	97.612	670	16	0	1	670	1	670	0.0	1326
51P2R2A10_00917	51P2R2A10_00917	100.000	417	0	0	1	417	1	417	0.0	861
51P2R2A10_00919	51P2R2A10_00919	100.000	456	0	0	1	456	1	456	0.0	943
51P2R2A10_00919	42P1R1A12_02513	97.368	456	12	0	1	456	1	456	0.0	919
51P2R2A10_00920	51P2R2A10_00920	100.000	148	0	0	1	148	1	148	2.78e-107	301
51P2R2A10_00923	51P2R2A10_00923	100.000	184	0	0	1	184	1	184	1.66e-135	376
51P2R2A10_00923	42P1R1A12_02509	97.826	184	4	0	1	184	1	184	3.37e-133	370
51P2R2A10_00924	51P2R2A10_00924	100.000	251	0	0	1	251	1	251	0.0	505
51P2R2A10_00924	42P1R1A12_02508	97.211	251	7	0	1	251	1	251	1.82e-180	495
51P2R2A10_00928	51P2R2A10_00928	100.000	261	0	0	1	261	1	261	0.0	538
51P2R2A10_00928	42P1R1A12_02504	97.166	247	7	0	15	261	1	247	8.68e-180	494
51P2R2A10_00929	51P2R2A10_00929	100.000	199	0	0	1	199	1	199	3.85e-147	406
51P2R2A10_00929	42P1R1A12_02503	96.324	136	5	0	60	195	1	136	2.11e-94	271
51P2R2A10_00930	51P2R2A10_00930	100.000	102	0	0	1	102	1	102	1.26e-72	210
51P2R2A10_00930	42P1R1A12_02497	95.050	101	5	0	1	101	1	101	9.84e-68	199
51P2R2A10_00931	51P2R2A10_00931	100.000	912	0	0	1	912	1	912	0.0	1858
51P2R2A10_00931	42P1R1A12_02647	95.969	918	31	1	1	912	1	918	0.0	1780
51P2R2A10_00934	51P2R2A10_00934	100.000	510	0	0	1	510	1	510	0.0	1016
51P2R2A10_00934	42P1R1A12_02650	97.255	510	14	0	1	510	1	510	0.0	987
51P2R2A10_00935	51P2R2A10_00935	100.000	466	0	0	1	466	1	466	0.0	941
51P2R2A10_00935	42P1R1A12_02651	96.781	466	15	0	1	466	1	466	0.0	915
51P2R2A10_00936	51P2R2A10_00936	100.000	692	0	0	1	692	1	692	0.0	1427
51P2R2A10_00937	51P2R2A10_00937	100.000	847	0	0	1	847	1	847	0.0	1720
51P2R2A10_00938	51P2R2A10_00938	100.000	596	0	0	1	596	1	596	0.0	1215
51P2R2A10_00939	51P2R2A10_00939	100.000	295	0	0	1	295	1	295	0.0	599
51P2R2A10_00939	42P1R1A12_02656	96.271	295	11	0	1	295	1	295	0.0	581
51P2R2A10_00940	51P2R2A10_00940	100.000	77	0	0	1	77	1	77	5.10e-50	151
51P2R2A10_00942	51P2R2A10_00942	100.000	148	0	0	1	148	1	148	8.41e-108	303
51P2R2A10_00943	51P2R2A10_00943	100.000	212	0	0	1	212	1	212	1.49e-152	421
51P2R2A10_00943	42P1R1A12_02660	97.500	200	5	0	13	212	1	200	8.53e-140	389
51P2R2A10_00944	51P2R2A10_00944	100.000	513	0	0	1	513	1	513	0.0	1066
51P2R2A10_00945	51P2R2A10_00945	100.000	442	0	0	1	442	1	442	0.0	910
51P2R2A10_00945	42P1R1A12_02662	97.285	442	12	0	1	442	2	443	0.0	886
51P2R2A10_00946	51P2R2A10_00946	100.000	151	0	0	1	151	1	151	7.44e-112	313
51P2R2A10_00946	42P1R1A12_02663	96.026	151	6	0	1	151	1	151	1.09e-108	305
51P2R2A10_00947	51P2R2A10_00947	100.000	141	0	0	1	141	1	141	2.41e-103	291
51P2R2A10_00948	51P2R2A10_00948	100.000	1036	0	0	1	1036	1	1036	0.0	2092
51P2R2A10_00949	51P2R2A10_00949	100.000	212	0	0	1	212	1	212	4.90e-154	425
51P2R2A10_00950	51P2R2A10_00950	100.000	187	0	0	1	187	1	187	7.15e-134	372
51P2R2A10_00951	51P2R2A10_00951	100.000	142	0	0	1	142	1	142	1.80e-100	284
51P2R2A10_00953	51P2R2A10_00953	100.000	381	0	0	1	381	1	381	0.0	771
51P2R2A10_00954	51P2R2A10_00954	100.000	345	0	0	1	345	1	345	0.0	705
51P2R2A10_00955	51P2R2A10_00955	100.000	308	0	0	1	308	1	308	0.0	637
51P2R2A10_00955	42P1R1A12_02673	97.078	308	9	0	1	308	1	308	0.0	625
51P2R2A10_00956	51P2R2A10_00956	100.000	391	0	0	1	391	1	391	0.0	810
51P2R2A10_00956	42P1R1A12_02674	97.187	391	11	0	1	391	1	391	0.0	792
51P2R2A10_00957	51P2R2A10_00957	100.000	232	0	0	1	232	1	232	1.01e-171	471
51P2R2A10_00958	51P2R2A10_00958	100.000	243	0	0	1	243	1	243	3.34e-174	479
51P2R2A10_00958	42P1R1A12_02676	95.062	243	12	0	1	243	1	243	5.05e-166	458
51P2R2A10_00959	51P2R2A10_00959	100.000	247	0	0	1	247	1	247	3.27e-174	479
51P2R2A10_00959	42P1R1A12_02677	95.142	247	12	0	1	247	1	247	1.93e-155	431
51P2R2A10_00960	51P2R2A10_00960	100.000	312	0	0	1	312	1	312	0.0	630
51P2R2A10_00963	51P2R2A10_00963	100.000	261	0	0	1	261	1	261	0.0	520
51P2R2A10_00963	42P1R1A12_02681	97.297	259	7	0	1	259	1	259	0.0	503
51P2R2A10_00964	51P2R2A10_00964	100.000	183	0	0	1	183	1	183	7.74e-134	372
51P2R2A10_00965	51P2R2A10_00965	100.000	248	0	0	1	248	1	248	0.0	503
51P2R2A10_00965	42P1R1A12_02683	96.774	248	8	0	1	248	1	248	1.38e-177	488
51P2R2A10_00967	51P2R2A10_00967	100.000	599	0	0	1	599	1	599	0.0	1201
51P2R2A10_00968	51P2R2A10_00968	100.000	1202	0	0	1	1202	1	1202	0.0	2435
51P2R2A10_00968	42P1R1A12_02686	95.674	1202	52	0	1	1202	1	1202	0.0	2286
51P2R2A10_00970	51P2R2A10_00970	100.000	243	0	0	1	243	1	243	0.0	503
51P2R2A10_00970	42P1R1A12_02688	97.531	243	6	0	1	243	1	243	6.53e-180	493
51P2R2A10_00972	51P2R2A10_00972	100.000	272	0	0	1	272	1	272	0.0	531
51P2R2A10_00972	42P1R1A12_02690	97.794	272	6	0	1	272	1	272	0.0	522
51P2R2A10_00973	51P2R2A10_00973	100.000	353	0	0	1	353	1	353	0.0	719
51P2R2A10_00973	42P1R1A12_02691	96.884	353	10	1	1	353	1	352	0.0	696
51P2R2A10_00974	51P2R2A10_00974	100.000	201	0	0	1	201	1	201	3.49e-147	407
51P2R2A10_00975	51P2R2A10_00975	100.000	231	0	0	1	231	1	231	4.30e-169	464
51P2R2A10_00976	51P2R2A10_00976	100.000	211	0	0	1	211	1	211	1.63e-149	414
51P2R2A10_00976	42P1R1A12_02694	95.735	211	9	0	1	211	1	211	2.63e-143	398
51P2R2A10_00977	51P2R2A10_00977	100.000	155	0	0	1	155	1	155	7.31e-108	303
51P2R2A10_00978	51P2R2A10_00978	100.000	145	0	0	1	145	1	145	8.12e-96	272
51P2R2A10_00978	42P1R1A12_02696	95.862	145	6	0	1	145	1	145	9.74e-92	262
51P2R2A10_00979	51P2R2A10_00979	100.000	311	0	0	1	311	1	311	0.0	635
51P2R2A10_00981	51P2R2A10_00981	100.000	31	0	0	1	31	1	31	2.24e-14	58.5
51P2R2A10_00983	51P2R2A10_00983	100.000	228	0	0	1	228	1	228	2.88e-165	455
51P2R2A10_00984	51P2R2A10_00984	100.000	170	0	0	1	170	1	170	2.79e-121	339
51P2R2A10_00985	51P2R2A10_00985	100.000	470	0	0	1	470	1	470	0.0	951
51P2R2A10_00985	42P1R1A12_02703	97.447	470	12	0	1	470	1	470	0.0	931
51P2R2A10_00986	51P2R2A10_00986	100.000	388	0	0	1	388	1	388	0.0	756
51P2R2A10_00987	51P2R2A10_00987	100.000	302	0	0	1	302	1	302	0.0	614
51P2R2A10_00988	51P2R2A10_00988	100.000	302	0	0	1	302	1	302	0.0	625
51P2R2A10_00988	42P1R1A12_02706	96.013	301	11	1	1	301	1	300	0.0	575
51P2R2A10_00989	51P2R2A10_00989	100.000	257	0	0	1	257	1	257	0.0	524
51P2R2A10_00990	51P2R2A10_00990	100.000	206	0	0	1	206	1	206	2.39e-144	400
51P2R2A10_00991	51P2R2A10_00991	100.000	767	0	0	1	767	1	767	0.0	1592
51P2R2A10_00991	42P1R1A12_02709	96.089	767	30	0	1	767	1	767	0.0	1529
51P2R2A10_00992	51P2R2A10_00992	100.000	307	0	0	1	307	1	307	0.0	625
51P2R2A10_00993	51P2R2A10_00993	100.000	303	0	0	1	303	1	303	0.0	610
51P2R2A10_00994	51P2R2A10_00994	100.000	40	0	0	1	40	1	40	3.16e-21	76.3
51P2R2A10_00995	51P2R2A10_00995	100.000	290	0	0	1	290	1	290	0.0	598
51P2R2A10_00995	42P1R1A12_02712	95.862	290	12	0	1	290	1	290	0.0	571
51P2R2A10_00997	51P2R2A10_00997	100.000	160	0	0	1	160	1	160	3.16e-118	330
51P2R2A10_00998	51P2R2A10_00998	100.000	301	0	0	1	301	1	301	0.0	613
51P2R2A10_00998	42P1R1A12_02715	97.342	301	8	0	1	301	1	301	0.0	597
51P2R2A10_00999	51P2R2A10_00999	100.000	284	0	0	1	284	1	284	0.0	585
51P2R2A10_00999	42P1R1A12_02716	95.775	284	12	0	1	284	1	284	0.0	561
51P2R2A10_01002	51P2R2A10_01002	100.000	232	0	0	1	232	1	232	7.06e-175	479
51P2R2A10_01003	51P2R2A10_01003	100.000	227	0	0	1	227	1	227	2.40e-169	465
51P2R2A10_01004	51P2R2A10_01004	100.000	571	0	0	1	571	1	571	0.0	1149
51P2R2A10_01005	51P2R2A10_01005	100.000	319	0	0	1	319	1	319	0.0	652
51P2R2A10_01006	51P2R2A10_01006	100.000	200	0	0	1	200	1	200	1.27e-146	405
51P2R2A10_01006	42P1R1A12_02724	95.500	200	9	0	1	200	1	200	1.57e-132	370
51P2R2A10_01008	51P2R2A10_01008	100.000	541	0	0	1	541	1	541	0.0	1096
51P2R2A10_01008	42P1R1A12_02727	96.858	541	17	0	1	541	1	541	0.0	1068
51P2R2A10_01009	51P2R2A10_01009	100.000	315	0	0	1	315	1	315	0.0	603
51P2R2A10_01009	42P1R1A12_02728	96.825	315	10	0	1	315	1	315	0.0	587
51P2R2A10_01010	51P2R2A10_01010	100.000	284	0	0	1	284	1	284	0.0	544
51P2R2A10_01010	42P1R1A12_02729	95.745	282	12	0	1	282	1	282	2.94e-169	469
