51P2R2A10_02054	51P2R2A10_02054	100.000	141	0	0	1	141	1	141	2.52e-102	288
51P2R2A10_02054	42P1R1A12_04117	99.291	141	1	0	1	141	11	151	4.57e-102	288
51P2R2A10_02054	31P2R1A5_03576	96.454	141	5	0	1	141	1	141	8.02e-100	282
51P2R2A10_02058	51P2R2A10_02058	100.000	315	0	0	1	315	1	315	0.0	640
51P2R2A10_02058	42P1R1A12_04121	97.460	315	8	0	1	315	1	315	0.0	630
51P2R2A10_02064	51P2R2A10_02064	100.000	314	0	0	1	314	1	314	0.0	650
51P2R2A10_02065	51P2R2A10_02065	100.000	144	0	0	1	144	1	144	4.25e-107	301
51P2R2A10_02066	51P2R2A10_02066	100.000	257	0	0	1	257	1	257	1.62e-176	486
51P2R2A10_02067	51P2R2A10_02067	100.000	132	0	0	1	132	1	132	1.65e-88	253
51P2R2A10_02068	51P2R2A10_02068	100.000	73	0	0	1	73	1	73	8.80e-46	140
51P2R2A10_02069	51P2R2A10_02069	100.000	229	0	0	1	229	1	229	7.13e-169	464
51P2R2A10_02070	51P2R2A10_02070	100.000	368	0	0	1	368	1	368	0.0	748
51P2R2A10_02071	51P2R2A10_02071	100.000	295	0	0	1	295	1	295	0.0	600
51P2R2A10_02072	51P2R2A10_02072	100.000	310	0	0	1	310	1	310	0.0	623
51P2R2A10_02073	51P2R2A10_02073	100.000	111	0	0	1	111	1	111	9.36e-79	226
51P2R2A10_02074	51P2R2A10_02074	100.000	556	0	0	1	556	1	556	0.0	1152
51P2R2A10_02075	51P2R2A10_02075	100.000	403	0	0	1	403	1	403	0.0	780
51P2R2A10_02076	51P2R2A10_02076	100.000	41	0	0	1	41	1	41	9.02e-22	77.8
51P2R2A10_02077	51P2R2A10_02077	100.000	297	0	0	1	297	1	297	0.0	608
51P2R2A10_02078	51P2R2A10_02078	100.000	336	0	0	1	336	1	336	0.0	691
51P2R2A10_02078	42P1R1A12_04128	97.619	336	8	0	1	336	1	336	0.0	677
51P2R2A10_02079	51P2R2A10_02079	100.000	293	0	0	1	293	1	293	0.0	605
51P2R2A10_02079	42P1R1A12_04129	96.587	293	10	0	1	293	1	293	0.0	585
51P2R2A10_02083	51P2R2A10_02083	100.000	95	0	0	1	95	1	95	2.09e-64	189
51P2R2A10_02084	51P2R2A10_02084	100.000	148	0	0	1	148	1	148	3.26e-110	309
51P2R2A10_02084	42P1R1A12_04134	95.270	148	7	0	1	148	1	148	1.33e-105	297
51P2R2A10_02086	51P2R2A10_02086	100.000	216	0	0	1	216	1	216	4.97e-159	438
51P2R2A10_02087	51P2R2A10_02087	100.000	347	0	0	1	347	1	347	0.0	672
51P2R2A10_02087	42P1R1A12_04137	95.101	347	17	0	1	347	1	347	0.0	644
51P2R2A10_02091	51P2R2A10_02091	100.000	694	0	0	1	694	1	694	0.0	1396
51P2R2A10_02091	42P1R1A12_04141	97.695	694	16	0	1	694	1	694	0.0	1367
51P2R2A10_02093	51P2R2A10_02093	100.000	630	0	0	1	630	1	630	0.0	1300
51P2R2A10_02094	51P2R2A10_02094	100.000	291	0	0	1	291	1	291	0.0	600
51P2R2A10_02094	42P1R1A12_04144	96.220	291	11	0	1	291	1	291	0.0	578
51P2R2A10_02095	51P2R2A10_02095	100.000	385	0	0	1	385	1	385	0.0	794
51P2R2A10_02096	51P2R2A10_02096	100.000	377	0	0	1	377	1	377	0.0	761
51P2R2A10_02097	51P2R2A10_02097	100.000	145	0	0	1	145	1	145	1.47e-99	282
51P2R2A10_02097	42P1R1A12_04147	96.552	145	5	0	1	145	1	145	6.97e-95	270
51P2R2A10_02098	51P2R2A10_02098	100.000	293	0	0	1	293	1	293	0.0	595
51P2R2A10_02098	42P1R1A12_04148	96.928	293	9	0	1	293	1	293	0.0	582
51P2R2A10_02098	38P2R3A13_02970	96.246	293	11	0	1	293	1	293	0.0	575
51P2R2A10_02100	51P2R2A10_02100	100.000	158	0	0	1	158	1	158	1.20e-114	321
51P2R2A10_02100	42P1R1A12_04150	97.468	158	4	0	1	158	1	158	1.00e-111	313
51P2R2A10_02101	51P2R2A10_02101	100.000	456	0	0	1	456	1	456	0.0	949
51P2R2A10_02102	51P2R2A10_02102	100.000	270	0	0	1	270	1	270	0.0	544
51P2R2A10_02108	51P2R2A10_02108	100.000	178	0	0	1	178	1	178	5.48e-126	351
51P2R2A10_02108	42P1R1A12_04158	96.067	178	7	0	1	178	1	178	1.35e-119	335
51P2R2A10_02109	51P2R2A10_02109	100.000	172	0	0	1	172	1	172	2.34e-125	349
51P2R2A10_02111	51P2R2A10_02111	100.000	54	0	0	1	54	1	54	2.66e-32	105
51P2R2A10_02112	51P2R2A10_02112	100.000	234	0	0	1	234	1	234	6.76e-176	482
51P2R2A10_02112	42P1R1A12_03036	97.863	234	5	0	1	234	1	234	3.09e-172	473
51P2R2A10_02117	51P2R2A10_02117	100.000	100	0	0	1	100	1	100	1.95e-65	192
51P2R2A10_02118	51P2R2A10_02118	100.000	133	0	0	1	133	1	133	3.35e-90	257
51P2R2A10_02118	42P1R1A12_03030	96.241	133	5	0	1	133	1	133	2.48e-87	250
51P2R2A10_02120	51P2R2A10_02120	100.000	123	0	0	1	123	1	123	1.84e-83	239
51P2R2A10_02121	51P2R2A10_02121	100.000	128	0	0	1	128	1	128	2.96e-91	259
51P2R2A10_02121	42P1R1A12_03027	96.875	128	4	0	1	128	1	128	7.32e-89	253
51P2R2A10_02125	51P2R2A10_02125	100.000	482	0	0	1	482	1	482	0.0	1011
51P2R2A10_02125	42P1R1A12_03023	99.363	471	3	0	12	482	1	471	0.0	984
51P2R2A10_02125	10P3R2A13_00079	95.966	471	19	0	12	482	1	471	0.0	963
51P2R2A10_02125	31P2R1A5_03531	95.117	471	23	0	12	482	1	471	0.0	954
51P2R2A10_02127	51P2R2A10_02127	100.000	185	0	0	1	185	1	185	1.52e-134	374
51P2R2A10_02127	42P1R1A12_03021	95.135	185	9	0	1	185	1	185	6.77e-128	357
51P2R2A10_02128	51P2R2A10_02128	100.000	416	0	0	1	416	1	416	0.0	818
51P2R2A10_02128	42P1R1A12_03020	97.356	416	11	0	1	416	1	416	0.0	801
51P2R2A10_02129	51P2R2A10_02129	100.000	323	0	0	1	323	1	323	0.0	638
51P2R2A10_02129	42P1R1A12_03019	97.833	323	7	0	1	323	1	323	0.0	628
51P2R2A10_02129	31P2R1A5_03527	95.016	321	16	0	1	321	1	321	0.0	594
51P2R2A10_02131	51P2R2A10_02131	100.000	168	0	0	1	168	1	168	1.95e-125	349
51P2R2A10_02131	42P1R1A12_03015	97.024	168	5	0	1	168	1	168	3.29e-121	338
51P2R2A10_02132	51P2R2A10_02132	100.000	548	0	0	1	548	1	548	0.0	1148
51P2R2A10_02132	42P1R1A12_03014	96.533	548	19	0	1	548	1	548	0.0	1115
51P2R2A10_02133	51P2R2A10_02133	100.000	289	0	0	1	289	1	289	0.0	598
51P2R2A10_02133	42P1R1A12_03013	96.540	289	10	0	1	289	1	289	0.0	577
51P2R2A10_02136	51P2R2A10_02136	100.000	674	0	0	1	674	1	674	0.0	1372
51P2R2A10_02136	42P1R1A12_03010	96.142	674	26	0	1	674	1	674	0.0	1326
51P2R2A10_02137	51P2R2A10_02137	100.000	531	0	0	1	531	1	531	0.0	1087
51P2R2A10_02137	42P1R1A12_03009	97.175	531	15	0	1	531	1	531	0.0	1059
51P2R2A10_02139	51P2R2A10_02139	100.000	496	0	0	1	496	1	496	0.0	999
51P2R2A10_02139	42P1R1A12_03007	97.984	496	10	0	1	496	1	496	0.0	978
51P2R2A10_02144	51P2R2A10_02144	100.000	99	0	0	1	99	1	99	2.52e-69	202
51P2R2A10_02144	42P1R1A12_03002	96.970	99	3	0	1	99	1	99	1.24e-67	197
51P2R2A10_02146	51P2R2A10_02146	100.000	185	0	0	1	185	1	185	6.47e-135	374
51P2R2A10_02147	51P2R2A10_02147	100.000	258	0	0	1	258	1	258	0.0	524
51P2R2A10_02148	51P2R2A10_02148	100.000	550	0	0	1	550	1	550	0.0	1109
51P2R2A10_02148	42P1R1A12_02990	96.364	550	20	0	1	550	1	550	0.0	1067
51P2R2A10_02149	51P2R2A10_02149	100.000	472	0	0	1	472	1	472	0.0	945
51P2R2A10_02154	51P2R2A10_02154	100.000	100	0	0	1	100	1	100	1.13e-70	205
51P2R2A10_02154	42P1R1A12_02984	97.000	100	3	0	1	100	1	100	1.57e-68	200
51P2R2A10_02157	51P2R2A10_02157	100.000	221	0	0	1	221	1	221	1.92e-164	452
51P2R2A10_02165	51P2R2A10_02165	100.000	157	0	0	1	157	1	157	7.52e-114	319
51P2R2A10_02165	42P1R1A12_02973	96.835	158	4	1	1	157	1	158	1.79e-108	305
51P2R2A10_02167	51P2R2A10_02167	100.000	107	0	0	1	107	1	107	1.02e-75	218
51P2R2A10_02169	51P2R2A10_02169	100.000	275	0	0	1	275	1	275	0.0	560
51P2R2A10_02169	42P1R1A12_02969	96.364	275	10	0	1	275	1	275	0.0	540
51P2R2A10_02175	51P2R2A10_02175	100.000	469	0	0	1	469	1	469	0.0	946
51P2R2A10_02175	42P1R1A12_02963	96.802	469	15	0	1	469	1	469	0.0	922
51P2R2A10_02176	51P2R2A10_02176	100.000	945	0	0	1	945	1	945	0.0	1917
51P2R2A10_02176	42P1R1A12_02962	97.249	945	26	0	1	945	1	945	0.0	1865
51P2R2A10_02178	51P2R2A10_02178	100.000	70	0	0	1	70	1	70	7.68e-49	148
51P2R2A10_02178	42P1R1A12_02960	95.714	70	3	0	1	70	1	70	6.29e-47	143
51P2R2A10_02179	51P2R2A10_02179	100.000	94	0	0	1	94	1	94	1.49e-61	182
51P2R2A10_02179	42P1R1A12_02959	95.652	92	4	0	1	92	1	92	2.21e-57	171
51P2R2A10_02181	51P2R2A10_02181	100.000	351	0	0	1	351	1	351	0.0	720
51P2R2A10_02182	51P2R2A10_02182	100.000	245	0	0	1	245	1	245	0.0	506
51P2R2A10_02183	51P2R2A10_02183	100.000	843	0	0	1	843	1	843	0.0	1733
51P2R2A10_02184	51P2R2A10_02184	100.000	191	0	0	1	191	1	191	8.08e-139	385
51P2R2A10_02185	51P2R2A10_02185	100.000	264	0	0	1	264	1	264	0.0	537
51P2R2A10_02185	42P1R1A12_02952	96.591	264	9	0	1	264	1	264	0.0	521
51P2R2A10_02186	51P2R2A10_02186	100.000	387	0	0	1	387	1	387	0.0	803
51P2R2A10_02186	42P1R1A12_02951	97.933	387	8	0	1	387	1	387	0.0	790
51P2R2A10_02186	31P2R1A5_03455	95.349	387	18	0	1	387	1	387	0.0	778
51P2R2A10_02188	51P2R2A10_02188	100.000	483	0	0	1	483	1	483	0.0	969
51P2R2A10_02188	42P1R1A12_02949	96.687	483	16	0	1	483	1	483	0.0	937
51P2R2A10_02192	51P2R2A10_02192	100.000	192	0	0	1	192	1	192	2.56e-143	396
51P2R2A10_02192	42P1R1A12_02945	97.917	192	4	0	1	192	1	192	1.44e-140	389
51P2R2A10_02194	51P2R2A10_02194	100.000	284	0	0	1	284	1	284	0.0	591
51P2R2A10_02195	51P2R2A10_02195	100.000	608	0	0	1	608	1	608	0.0	1260
51P2R2A10_02196	51P2R2A10_02196	100.000	423	0	0	1	423	1	423	0.0	851
51P2R2A10_02197	51P2R2A10_02197	100.000	397	0	0	1	397	1	397	0.0	828
51P2R2A10_02199	51P2R2A10_02199	100.000	194	0	0	1	194	1	194	8.23e-146	403
51P2R2A10_02199	42P1R1A12_02942	95.876	194	8	0	1	194	1	194	4.08e-140	388
51P2R2A10_02200	51P2R2A10_02200	100.000	450	0	0	1	450	1	450	0.0	900
51P2R2A10_02201	51P2R2A10_02201	100.000	220	0	0	1	220	1	220	1.79e-158	437
51P2R2A10_02201	42P1R1A12_02940	96.818	220	7	0	1	220	1	220	5.59e-154	426
51P2R2A10_02202	51P2R2A10_02202	100.000	136	0	0	1	136	1	136	1.63e-96	273
51P2R2A10_02202	42P1R1A12_02939	96.241	133	5	0	1	133	1	133	4.68e-90	257
51P2R2A10_02208	51P2R2A10_02208	100.000	388	0	0	1	388	1	388	0.0	793
51P2R2A10_02208	42P1R1A12_02931	97.938	388	8	0	1	388	1	388	0.0	778
51P2R2A10_02215	51P2R2A10_02215	100.000	296	0	0	1	296	1	296	0.0	607
51P2R2A10_02215	31P2R1A5_03429	97.973	296	6	0	1	296	1	296	0.0	594
51P2R2A10_02215	42P1R1A12_02924	96.284	296	11	0	1	296	1	296	0.0	587
51P2R2A10_02216	51P2R2A10_02216	100.000	96	0	0	1	96	1	96	4.62e-68	198
51P2R2A10_02216	42P1R1A12_02923	95.833	96	4	0	1	96	1	96	5.58e-64	188
51P2R2A10_02221	51P2R2A10_02221	100.000	30	0	0	1	30	1	30	1.65e-13	56.2
51P2R2A10_02222	51P2R2A10_02222	100.000	63	0	0	1	63	1	63	5.38e-41	127
51P2R2A10_02223	51P2R2A10_02223	100.000	113	0	0	1	113	1	113	1.32e-82	236
51P2R2A10_02223	42P1R1A12_02916	97.273	110	3	0	1	110	1	110	5.87e-79	227
51P2R2A10_02224	51P2R2A10_02224	100.000	201	0	0	1	201	1	201	8.05e-146	403
51P2R2A10_02224	42P1R1A12_02915	95.522	201	9	0	1	201	1	201	3.94e-140	389
51P2R2A10_02225	51P2R2A10_02225	100.000	300	0	0	1	300	1	300	0.0	608
51P2R2A10_02225	42P1R1A12_02914	96.000	300	12	0	1	300	1	300	0.0	590
51P2R2A10_02228	51P2R2A10_02228	100.000	45	0	0	1	45	1	45	1.35e-26	90.1
51P2R2A10_02232	51P2R2A10_02232	100.000	729	0	0	1	729	1	729	0.0	1514
51P2R2A10_02232	42P1R1A12_03790	98.738	713	9	0	17	729	1	713	0.0	1466
51P2R2A10_02236	51P2R2A10_02236	100.000	353	0	0	1	353	1	353	0.0	735
51P2R2A10_02236	42P1R1A12_03794	97.734	353	8	0	1	353	1	353	0.0	719
51P2R2A10_02241	51P2R2A10_02241	100.000	169	0	0	1	169	1	169	6.08e-121	338
51P2R2A10_02241	42P1R1A12_03799	95.858	169	7	0	1	169	1	169	8.61e-117	327
51P2R2A10_02242	51P2R2A10_02242	100.000	329	0	0	1	329	1	329	0.0	675
51P2R2A10_02242	42P1R1A12_03800	97.264	329	9	0	1	329	1	329	0.0	661
51P2R2A10_02244	51P2R2A10_02244	100.000	198	0	0	1	198	1	198	4.52e-144	399
51P2R2A10_02244	42P1R1A12_03802	97.980	198	4	0	1	198	1	198	1.71e-141	392
51P2R2A10_02247	51P2R2A10_02247	100.000	238	0	0	1	238	1	238	6.96e-179	490
51P2R2A10_02247	42P1R1A12_03805	95.299	234	11	0	1	234	1	234	2.12e-168	463
51P2R2A10_02248	51P2R2A10_02248	100.000	327	0	0	1	327	1	327	0.0	659
51P2R2A10_02248	42P1R1A12_03806	97.248	327	9	0	1	327	1	327	0.0	640
51P2R2A10_02250	51P2R2A10_02250	100.000	139	0	0	1	139	1	139	1.81e-100	283
51P2R2A10_02250	42P1R1A12_03808	96.403	139	5	0	1	139	1	139	6.51e-97	275
51P2R2A10_02253	51P2R2A10_02253	100.000	244	0	0	1	244	1	244	0.0	496
51P2R2A10_02253	42P1R1A12_03811	97.541	244	6	0	1	244	1	244	5.88e-177	486
51P2R2A10_02262	51P2R2A10_02262	100.000	219	0	0	1	219	1	219	4.28e-163	448
51P2R2A10_02263	51P2R2A10_02263	100.000	226	0	0	1	226	1	226	5.19e-168	461
51P2R2A10_02264	51P2R2A10_02264	100.000	236	0	0	1	236	1	236	2.78e-168	463
51P2R2A10_02265	51P2R2A10_02265	100.000	193	0	0	1	193	1	193	6.85e-131	365
51P2R2A10_02266	51P2R2A10_02266	100.000	142	0	0	1	142	1	142	2.38e-102	288
51P2R2A10_02271	51P2R2A10_02271	100.000	198	0	0	1	198	1	198	5.48e-140	388
51P2R2A10_02271	42P1R1A12_03829	95.455	198	9	0	1	198	1	198	2.39e-127	356
51P2R2A10_02273	51P2R2A10_02273	100.000	299	0	0	1	299	1	299	0.0	616
51P2R2A10_02273	42P1R1A12_03831	97.324	299	8	0	1	299	1	299	0.0	603
51P2R2A10_02274	51P2R2A10_02274	100.000	489	0	0	1	489	1	489	0.0	1000
51P2R2A10_02276	51P2R2A10_02276	100.000	332	0	0	1	332	1	332	0.0	675
51P2R2A10_02276	42P1R1A12_03834	96.386	332	12	0	1	332	1	332	0.0	656
51P2R2A10_02277	51P2R2A10_02277	100.000	715	0	0	1	715	1	715	0.0	1476
51P2R2A10_02277	42P1R1A12_03835	96.084	715	28	0	1	715	1	715	0.0	1418
51P2R2A10_02281	51P2R2A10_02281	100.000	199	0	0	1	199	1	199	1.18e-144	400
51P2R2A10_02281	42P1R1A12_03839	96.482	199	7	0	1	199	1	199	1.02e-127	357
51P2R2A10_02285	51P2R2A10_02285	100.000	393	0	0	1	393	1	393	0.0	796
51P2R2A10_02286	51P2R2A10_02286	100.000	401	0	0	1	401	1	401	0.0	816
51P2R2A10_02286	42P1R1A12_03844	96.758	401	13	0	1	401	1	401	0.0	793
51P2R2A10_02290	51P2R2A10_02290	100.000	248	0	0	1	248	1	248	0.0	498
51P2R2A10_02290	42P1R1A12_03848	95.968	248	10	0	1	248	1	248	1.85e-174	479
51P2R2A10_02291	51P2R2A10_02291	100.000	164	0	0	1	164	1	164	1.43e-117	329
51P2R2A10_02294	51P2R2A10_02294	100.000	104	0	0	1	104	1	104	6.26e-74	214
51P2R2A10_02296	51P2R2A10_02296	100.000	248	0	0	1	248	1	248	0.0	508
51P2R2A10_02296	42P1R1A12_03854	95.968	248	10	0	1	248	1	248	1.17e-166	460
51P2R2A10_02297	51P2R2A10_02297	100.000	370	0	0	1	370	1	370	0.0	753
51P2R2A10_02303	51P2R2A10_02303	100.000	328	0	0	1	328	1	328	0.0	670
51P2R2A10_02303	42P1R1A12_03861	98.160	326	6	0	1	326	1	326	0.0	658
51P2R2A10_02312	51P2R2A10_02312	100.000	183	0	0	1	183	1	183	1.27e-137	381
51P2R2A10_02314	51P2R2A10_02314	100.000	193	0	0	1	193	1	193	3.68e-142	393
51P2R2A10_02314	42P1R1A12_06041	96.373	193	7	0	1	193	1	193	3.48e-137	381
51P2R2A10_02315	51P2R2A10_02315	100.000	498	0	0	1	498	1	498	0.0	1032
51P2R2A10_02315	42P1R1A12_06040	97.390	498	13	0	1	498	1	498	0.0	1008
51P2R2A10_02316	51P2R2A10_02316	100.000	300	0	0	1	300	1	300	0.0	619
51P2R2A10_02316	42P1R1A12_06039	96.667	300	10	0	1	300	1	300	0.0	600
51P2R2A10_02319	51P2R2A10_02319	100.000	242	0	0	1	242	1	242	6.84e-178	488
51P2R2A10_02320	51P2R2A10_02320	100.000	92	0	0	1	92	1	92	1.55e-64	189
51P2R2A10_02321	51P2R2A10_02321	100.000	228	0	0	1	228	1	228	1.95e-170	468
51P2R2A10_02322	51P2R2A10_02322	100.000	114	0	0	1	114	1	114	3.23e-79	228
51P2R2A10_02323	51P2R2A10_02323	100.000	199	0	0	1	199	1	199	5.11e-148	409
51P2R2A10_02324	51P2R2A10_02324	100.000	177	0	0	1	177	1	177	2.20e-121	340
51P2R2A10_02325	51P2R2A10_02325	100.000	245	0	0	1	245	1	245	1.21e-179	493
51P2R2A10_02326	51P2R2A10_02326	100.000	863	0	0	1	863	1	863	0.0	1772
51P2R2A10_02327	51P2R2A10_02327	100.000	463	0	0	1	463	1	463	0.0	928
51P2R2A10_02328	51P2R2A10_02328	100.000	247	0	0	1	247	1	247	0.0	499
51P2R2A10_02329	51P2R2A10_02329	100.000	117	0	0	1	117	1	117	2.21e-82	236
51P2R2A10_02329	42P1R1A12_04505	97.436	117	3	0	1	117	1	117	1.19e-80	232
51P2R2A10_02330	51P2R2A10_02330	100.000	431	0	0	1	431	1	431	0.0	828
51P2R2A10_02330	42P1R1A12_04504	96.288	431	16	0	1	431	1	431	0.0	800
51P2R2A10_02331	51P2R2A10_02331	100.000	142	0	0	1	142	1	142	2.49e-102	288
51P2R2A10_02332	51P2R2A10_02332	100.000	51	0	0	1	51	1	51	4.67e-33	107
51P2R2A10_02333	51P2R2A10_02333	100.000	550	0	0	1	550	1	550	0.0	1108
51P2R2A10_02333	42P1R1A12_04500	97.818	550	12	0	1	550	1	550	0.0	1088
51P2R2A10_02334	51P2R2A10_02334	100.000	386	0	0	1	386	1	386	0.0	791
51P2R2A10_02334	42P1R1A12_04499	96.373	386	14	0	1	386	1	386	0.0	746
51P2R2A10_02335	51P2R2A10_02335	100.000	392	0	0	1	392	1	392	0.0	784
51P2R2A10_02335	42P1R1A12_04498	96.939	392	12	0	1	392	1	392	0.0	759
51P2R2A10_02336	51P2R2A10_02336	100.000	446	0	0	1	446	1	446	0.0	900
51P2R2A10_02336	42P1R1A12_04497	98.655	446	6	0	1	446	12	457	0.0	885
51P2R2A10_02336	54P2R2A3_00390	97.534	446	11	0	1	446	12	457	0.0	882
51P2R2A10_02337	51P2R2A10_02337	100.000	293	0	0	1	293	1	293	0.0	602
51P2R2A10_02337	54P2R2A3_00389	97.952	293	6	0	1	293	1	293	0.0	591
51P2R2A10_02337	42P1R1A12_04496	97.952	293	6	0	1	293	1	293	0.0	590
51P2R2A10_02338	51P2R2A10_02338	100.000	446	0	0	1	446	1	446	0.0	886
51P2R2A10_02338	42P1R1A12_04495	97.758	446	10	0	1	446	1	446	0.0	865
51P2R2A10_02338	54P2R2A3_00388	96.188	446	17	0	1	446	1	446	0.0	823
51P2R2A10_02341	51P2R2A10_02341	100.000	534	0	0	1	534	1	534	0.0	1098
51P2R2A10_02341	54P2R2A3_00385	96.604	530	18	0	1	530	1	530	0.0	1056
51P2R2A10_02342	51P2R2A10_02342	100.000	519	0	0	1	519	1	519	0.0	1067
51P2R2A10_02342	42P1R1A12_04491	96.146	519	20	0	1	519	1	519	0.0	1030
51P2R2A10_02342	54P2R2A3_00384	96.146	519	20	0	1	519	1	519	0.0	1024
51P2R2A10_02343	51P2R2A10_02343	100.000	130	0	0	1	130	1	130	1.84e-91	260
51P2R2A10_02343	42P1R1A12_04490	97.692	130	3	0	1	130	1	130	1.57e-89	255
51P2R2A10_02343	54P2R2A3_00383	96.923	130	4	0	1	130	1	130	1.70e-88	253
51P2R2A10_02345	51P2R2A10_02345	100.000	314	0	0	1	314	1	314	0.0	633
51P2R2A10_02345	42P1R1A12_04488	96.178	314	12	0	1	314	1	314	0.0	613
51P2R2A10_02346	51P2R2A10_02346	100.000	230	0	0	1	230	1	230	5.81e-173	474
51P2R2A10_02347	51P2R2A10_02347	100.000	267	0	0	1	267	1	267	0.0	537
51P2R2A10_02347	42P1R1A12_04486	96.255	267	10	0	1	267	1	267	0.0	518
51P2R2A10_02347	54P2R2A3_00379	95.506	267	12	0	1	267	1	267	0.0	515
51P2R2A10_02348	51P2R2A10_02348	100.000	238	0	0	1	238	1	238	9.19e-177	484
51P2R2A10_02348	42P1R1A12_04485	98.319	238	4	0	1	238	13	250	9.52e-175	480
51P2R2A10_02348	54P2R2A3_00378	97.479	238	6	0	1	238	1	238	5.64e-173	475
51P2R2A10_02349	51P2R2A10_02349	100.000	502	0	0	1	502	1	502	0.0	1030
51P2R2A10_02349	42P1R1A12_04484	96.414	502	18	0	1	502	1	502	0.0	993
51P2R2A10_02351	51P2R2A10_02351	100.000	516	0	0	1	516	1	516	0.0	1054
51P2R2A10_02352	51P2R2A10_02352	100.000	472	0	0	1	472	1	472	0.0	985
51P2R2A10_02353	51P2R2A10_02353	100.000	356	0	0	1	356	1	356	0.0	736
51P2R2A10_02356	51P2R2A10_02356	100.000	904	0	0	1	904	1	904	0.0	1793
51P2R2A10_02357	51P2R2A10_02357	100.000	493	0	0	1	493	1	493	0.0	995
51P2R2A10_02357	42P1R1A12_04477	97.160	493	14	0	1	493	1	493	0.0	964
51P2R2A10_02358	51P2R2A10_02358	100.000	648	0	0	1	648	1	648	0.0	1290
51P2R2A10_02359	51P2R2A10_02359	100.000	343	0	0	1	343	1	343	0.0	689
51P2R2A10_02359	42P1R1A12_04475	97.959	343	7	0	1	343	1	343	0.0	677
51P2R2A10_02360	51P2R2A10_02360	100.000	91	0	0	1	91	1	91	3.62e-58	173
51P2R2A10_02363	51P2R2A10_02363	100.000	204	0	0	1	204	1	204	1.05e-144	401
51P2R2A10_02365	51P2R2A10_02365	100.000	169	0	0	1	169	1	169	3.14e-122	341
51P2R2A10_02366	51P2R2A10_02366	100.000	297	0	0	1	297	1	297	0.0	561
51P2R2A10_02368	51P2R2A10_02368	100.000	106	0	0	1	106	1	106	7.23e-75	216
51P2R2A10_02369	51P2R2A10_02369	100.000	241	0	0	1	241	1	241	8.61e-178	488
51P2R2A10_02372	51P2R2A10_02372	100.000	829	0	0	1	829	1	829	0.0	1714
51P2R2A10_02372	42P1R1A12_06190	98.739	555	7	0	275	829	1	555	0.0	1129
51P2R2A10_02373	51P2R2A10_02373	100.000	332	0	0	1	332	1	332	0.0	672
51P2R2A10_02373	42P1R1A12_05277	97.590	332	8	0	1	332	1	332	0.0	659
51P2R2A10_02374	51P2R2A10_02374	100.000	217	0	0	1	217	1	217	7.75e-162	445
51P2R2A10_02374	42P1R1A12_05278	95.392	217	10	0	1	217	1	217	6.66e-154	425
51P2R2A10_02375	51P2R2A10_02375	100.000	239	0	0	1	239	1	239	0.0	496
51P2R2A10_02376	51P2R2A10_02376	100.000	195	0	0	1	195	1	195	1.38e-140	390
51P2R2A10_02377	51P2R2A10_02377	100.000	234	0	0	1	234	1	234	6.06e-175	479
51P2R2A10_02377	42P1R1A12_05281	97.436	234	6	0	1	234	1	234	3.41e-171	470
51P2R2A10_02378	51P2R2A10_02378	100.000	291	0	0	1	291	1	291	0.0	591
51P2R2A10_02380	51P2R2A10_02380	100.000	163	0	0	1	163	1	163	5.65e-117	327
51P2R2A10_02380	42P1R1A12_05284	95.425	153	7	0	1	153	1	153	1.56e-103	293
51P2R2A10_02381	51P2R2A10_02381	100.000	291	0	0	1	291	1	291	0.0	589
51P2R2A10_02381	42P1R1A12_05285	97.595	291	7	0	1	291	1	291	0.0	577
51P2R2A10_02383	51P2R2A10_02383	100.000	232	0	0	1	232	1	232	1.67e-172	473
51P2R2A10_02387	51P2R2A10_02387	100.000	332	0	0	1	332	1	332	0.0	680
51P2R2A10_02387	42P1R1A12_05291	95.783	332	14	0	1	332	1	332	0.0	650
51P2R2A10_02389	51P2R2A10_02389	100.000	478	0	0	1	478	1	478	0.0	992
51P2R2A10_02389	42P1R1A12_05293	96.653	478	16	0	1	478	1	478	0.0	962
51P2R2A10_02390	51P2R2A10_02390	100.000	448	0	0	1	448	1	448	0.0	929
51P2R2A10_02390	42P1R1A12_05294	96.882	449	13	1	1	448	1	449	0.0	899
51P2R2A10_02391	51P2R2A10_02391	100.000	376	0	0	1	376	1	376	0.0	789
51P2R2A10_02391	42P1R1A12_05295	97.606	376	9	0	1	376	1	376	0.0	775
51P2R2A10_02396	51P2R2A10_02396	100.000	109	0	0	1	109	1	109	8.62e-79	226
51P2R2A10_02396	42P1R1A12_05300	97.248	109	3	0	1	109	1	109	2.84e-76	220
51P2R2A10_02397	51P2R2A10_02397	100.000	231	0	0	1	231	1	231	6.79e-172	472
51P2R2A10_02397	42P1R1A12_05301	96.104	231	9	0	1	231	1	231	5.45e-165	454
51P2R2A10_02399	51P2R2A10_02399	100.000	421	0	0	1	421	1	421	0.0	863
51P2R2A10_02399	42P1R1A12_05303	97.862	421	9	0	1	421	1	421	0.0	850
51P2R2A10_02402	51P2R2A10_02402	100.000	476	0	0	1	476	1	476	0.0	991
51P2R2A10_02402	42P1R1A12_05306	96.218	476	18	0	1	476	1	476	0.0	957
51P2R2A10_02404	51P2R2A10_02404	100.000	160	0	0	1	160	1	160	8.24e-116	324
51P2R2A10_02406	51P2R2A10_02406	100.000	720	0	0	1	720	1	720	0.0	1473
51P2R2A10_02406	42P1R1A12_05310	97.778	720	16	0	1	720	1	720	0.0	1440
51P2R2A10_02407	51P2R2A10_02407	100.000	398	0	0	1	398	1	398	0.0	783
51P2R2A10_02407	42P1R1A12_05311	97.739	398	9	0	1	398	1	398	0.0	769
51P2R2A10_02408	51P2R2A10_02408	100.000	347	0	0	1	347	1	347	0.0	720
51P2R2A10_02408	42P1R1A12_01199	97.983	347	7	0	1	347	1	347	0.0	713
51P2R2A10_02412	51P2R2A10_02412	100.000	33	0	0	1	33	1	33	8.87e-17	64.7
51P2R2A10_02417	51P2R2A10_02417	100.000	156	0	0	1	156	1	156	9.82e-113	316
51P2R2A10_02418	51P2R2A10_02418	100.000	188	0	0	1	188	1	188	1.03e-138	384
51P2R2A10_02419	51P2R2A10_02419	100.000	136	0	0	1	136	1	136	1.64e-93	266
51P2R2A10_02420	51P2R2A10_02420	100.000	108	0	0	1	108	1	108	6.09e-75	216
51P2R2A10_02420	42P1R1A12_01211	96.296	108	4	0	1	108	1	108	1.22e-72	211
51P2R2A10_02423	51P2R2A10_02423	100.000	1182	0	0	1	1182	1	1182	0.0	2405
51P2R2A10_02423	42P1R1A12_01214	96.870	1182	37	0	1	1182	1	1182	0.0	2333
51P2R2A10_02424	51P2R2A10_02424	100.000	612	0	0	1	612	1	612	0.0	1233
51P2R2A10_02426	51P2R2A10_02426	100.000	418	0	0	1	418	1	418	0.0	851
51P2R2A10_02426	31P2R1A5_02288	96.172	418	16	0	1	418	1	418	0.0	823
51P2R2A10_02426	42P1R1A12_01217	99.499	399	2	0	20	418	1	399	0.0	810
51P2R2A10_02426	43P2R2A2_03991	95.722	187	8	0	232	418	1	187	8.60e-127	363
51P2R2A10_02426	14P1R2A4_04837	95.714	140	6	0	279	418	1	140	1.36e-90	270
51P2R2A10_02427	51P2R2A10_02427	100.000	360	0	0	1	360	1	360	0.0	738
51P2R2A10_02428	51P2R2A10_02428	100.000	289	0	0	1	289	1	289	0.0	590
51P2R2A10_02429	51P2R2A10_02429	100.000	405	0	0	1	405	1	405	0.0	834
51P2R2A10_02430	51P2R2A10_02430	100.000	151	0	0	1	151	1	151	9.50e-111	310
51P2R2A10_02430	42P1R1A12_01221	96.026	151	6	0	1	151	1	151	2.36e-106	300
51P2R2A10_02433	51P2R2A10_02433	100.000	452	0	0	1	452	1	452	0.0	907
51P2R2A10_02433	42P1R1A12_01224	97.345	452	12	0	1	452	1	452	0.0	884
51P2R2A10_02434	51P2R2A10_02434	100.000	371	0	0	1	371	1	371	0.0	761
51P2R2A10_02438	51P2R2A10_02438	100.000	164	0	0	1	164	1	164	4.61e-114	320
51P2R2A10_02439	51P2R2A10_02439	100.000	211	0	0	1	211	1	211	2.90e-152	421
51P2R2A10_02439	42P1R1A12_01230	96.682	211	7	0	1	211	1	211	1.75e-146	406
51P2R2A10_02440	51P2R2A10_02440	100.000	154	0	0	1	154	1	154	4.36e-109	306
51P2R2A10_02441	51P2R2A10_02441	100.000	92	0	0	1	92	1	92	1.30e-59	177
51P2R2A10_02441	1P1R1A1_00894	97.826	92	2	0	1	92	1	92	8.75e-59	174
51P2R2A10_02441	31P2R1A5_02273	95.652	92	4	0	1	92	1	92	1.03e-49	152
51P2R2A10_02442	51P2R2A10_02442	100.000	117	0	0	1	117	1	117	4.50e-84	240
51P2R2A10_02443	51P2R2A10_02443	100.000	611	0	0	1	611	1	611	0.0	1213
51P2R2A10_02443	42P1R1A12_01234	97.533	608	15	0	1	608	1	608	0.0	1179
51P2R2A10_02445	51P2R2A10_02445	100.000	220	0	0	1	220	1	220	4.96e-161	443
51P2R2A10_02445	42P1R1A12_01236	97.333	225	1	1	1	220	1	225	8.66e-158	435
51P2R2A10_02449	51P2R2A10_02449	100.000	36	0	0	1	36	1	36	2.14e-19	71.2
51P2R2A10_02452	51P2R2A10_02452	100.000	460	0	0	1	460	1	460	0.0	946
51P2R2A10_02453	51P2R2A10_02453	100.000	320	0	0	1	320	1	320	0.0	634
51P2R2A10_02453	42P1R1A12_01243	95.625	320	14	0	1	320	1	320	0.0	607
51P2R2A10_02457	51P2R2A10_02457	100.000	190	0	0	1	190	1	190	2.84e-141	391
51P2R2A10_02457	42P1R1A12_01247	96.316	190	7	0	1	190	1	190	1.02e-136	379
51P2R2A10_02461	51P2R2A10_02461	100.000	255	0	0	1	255	1	255	0.0	511
51P2R2A10_02461	42P1R1A12_01251	97.255	255	7	0	1	255	8	262	0.0	497
51P2R2A10_02463	51P2R2A10_02463	100.000	238	0	0	1	238	1	238	3.99e-177	486
51P2R2A10_02463	42P1R1A12_01253	97.059	238	7	0	1	238	1	238	5.72e-171	470
51P2R2A10_02468	51P2R2A10_02468	100.000	508	0	0	1	508	1	508	0.0	1039
51P2R2A10_02468	42P1R1A12_01258	96.654	508	17	0	1	508	1	508	0.0	1006
51P2R2A10_02469	51P2R2A10_02469	100.000	182	0	0	1	182	1	182	1.75e-132	368
51P2R2A10_02469	42P1R1A12_01259	97.253	182	5	0	1	182	1	182	2.92e-128	357
51P2R2A10_02469	31P2R1A5_02246	95.604	182	8	0	1	182	1	182	1.93e-124	348
51P2R2A10_02476	51P2R2A10_02476	100.000	147	0	0	1	147	1	147	1.83e-104	294
51P2R2A10_02476	42P1R1A12_01266	95.105	143	7	0	1	143	1	143	2.93e-97	276
51P2R2A10_02477	51P2R2A10_02477	100.000	402	0	0	1	402	1	402	0.0	820
51P2R2A10_02477	42P1R1A12_01267	97.264	402	11	0	1	402	1	402	0.0	797
51P2R2A10_02483	51P2R2A10_02483	100.000	141	0	0	1	141	1	141	3.52e-100	283
51P2R2A10_02483	42P1R1A12_01273	96.454	141	5	0	1	141	1	141	1.01e-95	272
51P2R2A10_02484	51P2R2A10_02484	100.000	473	0	0	1	473	1	473	0.0	974
51P2R2A10_02487	51P2R2A10_02487	100.000	216	0	0	1	216	1	216	3.56e-161	443
51P2R2A10_02487	42P1R1A12_01277	97.685	216	5	0	1	216	1	216	1.12e-157	434
51P2R2A10_02489	51P2R2A10_02489	100.000	648	0	0	1	648	1	648	0.0	1310
51P2R2A10_02489	42P1R1A12_01279	95.666	646	28	0	1	646	1	646	0.0	1255
51P2R2A10_02491	51P2R2A10_02491	100.000	466	0	0	1	466	1	466	0.0	920
51P2R2A10_02498	51P2R2A10_02498	100.000	182	0	0	1	182	1	182	3.07e-135	375
51P2R2A10_02498	42P1R1A12_01288	96.237	186	3	1	1	182	1	186	3.20e-130	362
51P2R2A10_02499	51P2R2A10_02499	100.000	110	0	0	1	110	1	110	7.04e-76	219
51P2R2A10_02499	42P1R1A12_01289	96.364	110	4	0	1	110	1	110	4.83e-73	212
51P2R2A10_02501	51P2R2A10_02501	100.000	148	0	0	1	148	1	148	2.07e-107	302
51P2R2A10_02501	42P1R1A12_01291	96.622	148	5	0	1	148	1	148	7.85e-105	295
51P2R2A10_02505	51P2R2A10_02505	100.000	380	0	0	1	380	1	380	0.0	757
51P2R2A10_02505	42P1R1A12_01295	96.842	380	12	0	1	380	1	380	0.0	742
51P2R2A10_02506	51P2R2A10_02506	100.000	918	0	0	1	918	1	918	0.0	1876
51P2R2A10_02506	42P1R1A12_01296	97.165	917	26	0	1	917	1	917	0.0	1831
51P2R2A10_02507	51P2R2A10_02507	100.000	448	0	0	1	448	1	448	0.0	919
51P2R2A10_02507	42P1R1A12_01297	95.759	448	19	0	1	448	1	448	0.0	889
51P2R2A10_02509	51P2R2A10_02509	100.000	264	0	0	1	264	1	264	0.0	540
51P2R2A10_02509	42P1R1A12_01299	97.348	264	7	0	1	264	1	264	0.0	528
51P2R2A10_02509	54P2R2A3_01706	95.455	264	12	0	1	264	1	264	0.0	519
51P2R2A10_02512	51P2R2A10_02512	100.000	370	0	0	1	370	1	370	0.0	767
51P2R2A10_02512	42P1R1A12_01302	97.027	370	11	0	1	370	1	370	0.0	745
51P2R2A10_02514	51P2R2A10_02514	100.000	493	0	0	1	493	1	493	0.0	1023
51P2R2A10_02515	51P2R2A10_02515	100.000	433	0	0	1	433	1	433	0.0	877
51P2R2A10_02516	51P2R2A10_02516	100.000	262	0	0	1	262	1	262	0.0	541
51P2R2A10_02516	10P3R2A13_02004	96.947	262	8	0	1	262	1	262	0.0	528
51P2R2A10_02517	51P2R2A10_02517	100.000	485	0	0	1	485	1	485	0.0	1007
51P2R2A10_02517	28P2R1A12_02836	95.433	416	19	0	70	485	1	416	0.0	832
51P2R2A10_02518	51P2R2A10_02518	100.000	450	0	0	1	450	1	450	0.0	889
51P2R2A10_02519	51P2R2A10_02519	100.000	261	0	0	1	261	1	261	0.0	525
51P2R2A10_02520	51P2R2A10_02520	100.000	285	0	0	1	285	1	285	0.0	575
51P2R2A10_02521	51P2R2A10_02521	100.000	192	0	0	1	192	1	192	1.55e-141	392
51P2R2A10_02521	14P1R2A4_04700	96.296	81	3	0	1	81	1	81	5.46e-52	161
51P2R2A10_02522	51P2R2A10_02522	100.000	87	0	0	1	87	1	87	2.93e-61	180
51P2R2A10_02523	51P2R2A10_02523	100.000	433	0	0	1	433	1	433	0.0	879
51P2R2A10_02528	51P2R2A10_02528	100.000	353	0	0	1	353	1	353	0.0	734
51P2R2A10_02528	42P1R1A12_01312	96.243	346	13	0	1	346	1	346	0.0	699
51P2R2A10_02529	51P2R2A10_02529	100.000	472	0	0	1	472	1	472	0.0	953
51P2R2A10_02529	42P1R1A12_01313	96.186	472	18	0	1	472	1	472	0.0	895
51P2R2A10_02537	51P2R2A10_02537	100.000	350	0	0	1	350	1	350	0.0	711
51P2R2A10_02537	42P1R1A12_01321	96.000	350	14	0	1	350	1	350	0.0	686
51P2R2A10_02542	51P2R2A10_02542	100.000	126	0	0	1	126	1	126	5.10e-90	256
51P2R2A10_02543	51P2R2A10_02543	100.000	405	0	0	1	405	1	405	0.0	787
51P2R2A10_02544	51P2R2A10_02544	100.000	296	0	0	1	296	1	296	0.0	593
51P2R2A10_02545	51P2R2A10_02545	100.000	140	0	0	1	140	1	140	6.24e-100	282
51P2R2A10_02545	42P1R1A12_01329	96.296	135	5	0	1	135	1	135	7.03e-94	267
51P2R2A10_02552	51P2R2A10_02552	100.000	185	0	0	1	185	1	185	3.53e-137	380
51P2R2A10_02554	51P2R2A10_02554	100.000	248	0	0	1	248	1	248	0.0	509
51P2R2A10_02554	42P1R1A12_01342	97.177	248	7	0	1	248	1	248	0.0	501
51P2R2A10_02556	51P2R2A10_02556	100.000	351	0	0	1	351	1	351	0.0	706
51P2R2A10_02557	51P2R2A10_02557	100.000	183	0	0	1	183	1	183	1.61e-133	371
51P2R2A10_02558	51P2R2A10_02558	100.000	224	0	0	1	224	1	224	4.81e-166	456
51P2R2A10_02559	51P2R2A10_02559	100.000	70	0	0	1	70	1	70	1.30e-45	139
51P2R2A10_02560	51P2R2A10_02560	100.000	223	0	0	1	223	1	223	7.76e-169	463
51P2R2A10_02561	51P2R2A10_02561	100.000	317	0	0	1	317	1	317	0.0	655
51P2R2A10_02562	51P2R2A10_02562	100.000	704	0	0	1	704	1	704	0.0	1437
51P2R2A10_02563	51P2R2A10_02563	100.000	387	0	0	1	387	1	387	0.0	763
51P2R2A10_02564	51P2R2A10_02564	100.000	648	0	0	1	648	1	648	0.0	1314
51P2R2A10_02564	42P1R1A12_01352	95.525	648	29	0	1	648	1	648	0.0	1259
51P2R2A10_02565	51P2R2A10_02565	100.000	466	0	0	1	466	1	466	0.0	922
51P2R2A10_02566	51P2R2A10_02566	100.000	418	0	0	1	418	1	418	0.0	856
51P2R2A10_02566	42P1R1A12_01354	95.455	418	19	0	1	418	1	418	0.0	790
51P2R2A10_02567	51P2R2A10_02567	100.000	269	0	0	1	269	1	269	0.0	543
51P2R2A10_02568	51P2R2A10_02568	100.000	84	0	0	1	84	1	84	7.40e-58	172
51P2R2A10_02569	51P2R2A10_02569	100.000	244	0	0	1	244	1	244	2.66e-179	491
51P2R2A10_02570	51P2R2A10_02570	100.000	422	0	0	1	422	1	422	0.0	862
51P2R2A10_02571	51P2R2A10_02571	100.000	163	0	0	1	163	1	163	1.01e-117	329
51P2R2A10_02572	51P2R2A10_02572	100.000	247	0	0	1	247	1	247	0.0	506
51P2R2A10_02573	51P2R2A10_02573	100.000	107	0	0	1	107	1	107	5.94e-77	221
51P2R2A10_02574	51P2R2A10_02574	100.000	384	0	0	1	384	1	384	0.0	781
51P2R2A10_02574	42P1R1A12_01362	96.875	384	12	0	1	384	1	384	0.0	763
51P2R2A10_02575	51P2R2A10_02575	100.000	260	0	0	1	260	1	260	0.0	521
51P2R2A10_02576	51P2R2A10_02576	100.000	332	0	0	1	332	1	332	0.0	625
51P2R2A10_02576	42P1R1A12_01364	97.590	332	8	0	1	332	1	332	0.0	610
51P2R2A10_02578	51P2R2A10_02578	100.000	347	0	0	1	347	1	347	0.0	718
51P2R2A10_02578	42P1R1A12_01366	95.677	347	15	0	1	347	1	347	0.0	689
51P2R2A10_02580	51P2R2A10_02580	100.000	95	0	0	1	95	1	95	4.06e-68	198
51P2R2A10_02580	42P1R1A12_01368	96.842	95	3	0	1	95	1	95	1.13e-66	195
51P2R2A10_02581	51P2R2A10_02581	100.000	115	0	0	1	115	1	115	4.03e-82	235
51P2R2A10_02581	42P1R1A12_01369	95.614	114	5	0	1	114	1	114	5.01e-78	225
51P2R2A10_02582	51P2R2A10_02582	100.000	285	0	0	1	285	1	285	0.0	554
51P2R2A10_02582	42P1R1A12_01370	97.193	285	8	0	1	285	1	285	0.0	541
51P2R2A10_02587	51P2R2A10_02587	100.000	305	0	0	1	305	1	305	0.0	622
51P2R2A10_02588	51P2R2A10_02588	100.000	105	0	0	1	105	1	105	2.46e-73	212
51P2R2A10_02588	42P1R1A12_01376	97.143	105	3	0	1	105	1	105	1.65e-70	205
51P2R2A10_02591	51P2R2A10_02591	100.000	424	0	0	1	424	1	424	0.0	843
51P2R2A10_02591	42P1R1A12_01379	98.113	424	8	0	1	424	30	453	0.0	830
51P2R2A10_02593	51P2R2A10_02593	100.000	732	0	0	1	732	1	732	0.0	1519
51P2R2A10_02593	42P1R1A12_01381	95.765	732	31	0	1	732	1	732	0.0	1459
51P2R2A10_02594	51P2R2A10_02594	100.000	467	0	0	1	467	1	467	0.0	974
51P2R2A10_02594	42P1R1A12_01382	97.859	467	10	0	1	467	1	467	0.0	957
51P2R2A10_02595	51P2R2A10_02595	100.000	316	0	0	1	316	1	316	0.0	640
51P2R2A10_02595	42P1R1A12_01383	97.152	316	9	0	1	316	1	316	0.0	626
51P2R2A10_02596	51P2R2A10_02596	100.000	691	0	0	1	691	1	691	0.0	1416
51P2R2A10_02596	42P1R1A12_01385	98.473	393	6	0	1	393	1	393	0.0	803
51P2R2A10_02596	42P1R1A12_01384	97.627	295	7	0	397	691	1	295	0.0	582
51P2R2A10_02597	51P2R2A10_02597	100.000	337	0	0	1	337	1	337	0.0	676
51P2R2A10_02597	42P1R1A12_01386	97.923	337	7	0	1	337	1	337	0.0	663
51P2R2A10_02600	51P2R2A10_02600	100.000	291	0	0	1	291	1	291	0.0	603
51P2R2A10_02600	42P1R1A12_01389	97.595	291	7	0	1	291	1	291	0.0	588
51P2R2A10_02601	51P2R2A10_02601	100.000	117	0	0	1	117	1	117	3.27e-80	231
51P2R2A10_02601	42P1R1A12_01390	97.345	113	3	0	1	113	1	113	3.09e-76	221
51P2R2A10_02603	51P2R2A10_02603	100.000	203	0	0	1	203	1	203	2.59e-149	412
51P2R2A10_02603	42P1R1A12_01392	97.537	203	5	0	1	203	1	203	4.26e-146	404
51P2R2A10_02608	51P2R2A10_02608	100.000	256	0	0	1	256	1	256	0.0	525
51P2R2A10_02608	31P2R1A5_02132	96.875	256	8	0	1	256	1	256	0.0	510
51P2R2A10_02609	51P2R2A10_02609	100.000	137	0	0	1	137	1	137	2.09e-101	286
51P2R2A10_02609	42P1R1A12_01398	97.810	137	3	0	1	137	1	137	1.76e-99	281
51P2R2A10_02610	51P2R2A10_02610	100.000	162	0	0	1	162	1	162	4.91e-116	325
51P2R2A10_02610	42P1R1A12_01399	95.679	162	7	0	1	162	1	162	2.65e-104	295
51P2R2A10_02611	51P2R2A10_02611	100.000	475	0	0	1	475	1	475	0.0	994
51P2R2A10_02611	42P1R1A12_01400	97.053	475	14	0	1	475	1	475	0.0	964
51P2R2A10_02613	51P2R2A10_02613	100.000	338	0	0	1	338	1	338	0.0	696
51P2R2A10_02613	42P1R1A12_01402	96.746	338	11	0	1	338	1	338	0.0	672
51P2R2A10_02614	51P2R2A10_02614	100.000	176	0	0	1	176	1	176	1.07e-128	358
51P2R2A10_02614	42P1R1A12_01403	97.727	176	4	0	1	176	1	176	1.42e-126	353
51P2R2A10_02615	51P2R2A10_02615	100.000	740	0	0	1	740	1	740	0.0	1487
51P2R2A10_02616	51P2R2A10_02616	100.000	338	0	0	1	338	1	338	0.0	664
51P2R2A10_02616	42P1R1A12_01405	97.041	338	9	1	1	338	1	337	0.0	644
51P2R2A10_02617	51P2R2A10_02617	100.000	378	0	0	1	378	1	378	0.0	769
51P2R2A10_02617	42P1R1A12_01406	96.032	378	15	0	1	378	1	378	0.0	720
51P2R2A10_02622	51P2R2A10_02622	100.000	120	0	0	1	120	1	120	1.89e-85	244
51P2R2A10_02622	42P1R1A12_01411	96.667	120	4	0	1	120	1	120	7.58e-83	238
51P2R2A10_02628	51P2R2A10_02628	100.000	226	0	0	1	226	1	226	9.74e-165	453
51P2R2A10_02628	42P1R1A12_01417	95.133	226	11	0	1	226	1	226	1.58e-157	435
51P2R2A10_02629	51P2R2A10_02629	100.000	288	0	0	1	288	1	288	0.0	548
51P2R2A10_02629	42P1R1A12_01418	95.833	288	12	0	1	288	1	288	1.97e-179	496
51P2R2A10_02630	51P2R2A10_02630	100.000	293	0	0	1	293	1	293	0.0	594
51P2R2A10_02630	42P1R1A12_01419	95.904	293	12	0	1	293	1	293	0.0	573
51P2R2A10_02631	51P2R2A10_02631	100.000	38	0	0	1	38	1	38	1.50e-20	74.3
51P2R2A10_02632	51P2R2A10_02632	100.000	166	0	0	1	166	1	166	2.87e-119	333
51P2R2A10_02632	42P1R1A12_01421	98.125	160	3	0	7	166	1	160	1.46e-112	316
51P2R2A10_02634	51P2R2A10_02634	100.000	167	0	0	1	167	1	167	4.62e-122	340
51P2R2A10_02634	42P1R1A12_01423	97.006	167	5	0	1	167	1	167	2.00e-118	331
51P2R2A10_02642	51P2R2A10_02642	100.000	105	0	0	1	105	1	105	1.48e-71	208
51P2R2A10_02644	51P2R2A10_02644	100.000	143	0	0	1	143	1	143	1.81e-96	274
51P2R2A10_02644	42P1R1A12_05505	95.804	143	6	0	1	143	1	143	7.17e-94	267
51P2R2A10_02647	51P2R2A10_02647	100.000	256	0	0	1	256	1	256	0.0	521
51P2R2A10_02647	42P1R1A12_05508	96.063	254	10	0	1	254	1	254	0.0	500
51P2R2A10_02648	51P2R2A10_02648	100.000	559	0	0	1	559	1	559	0.0	1162
51P2R2A10_02648	42P1R1A12_05509	97.496	559	14	0	1	559	1	559	0.0	1138
51P2R2A10_02652	51P2R2A10_02652	100.000	112	0	0	1	112	1	112	7.17e-75	217
51P2R2A10_02652	42P1R1A12_05513	95.536	112	5	0	1	112	1	112	3.51e-71	207
51P2R2A10_02653	51P2R2A10_02653	100.000	249	0	0	1	249	1	249	1.90e-179	492
51P2R2A10_02658	51P2R2A10_02658	100.000	715	0	0	1	715	1	715	0.0	1484
51P2R2A10_02658	42P1R1A12_05519	97.063	715	21	0	1	715	1	715	0.0	1439
51P2R2A10_02660	51P2R2A10_02660	100.000	82	0	0	1	82	1	82	4.04e-58	172
51P2R2A10_02660	42P1R1A12_05521	95.122	82	4	0	1	82	1	82	4.21e-56	167
51P2R2A10_02661	51P2R2A10_02661	100.000	144	0	0	1	144	1	144	2.17e-104	294
51P2R2A10_02661	42P1R1A12_05522	97.917	144	3	0	1	144	1	144	1.22e-101	287
51P2R2A10_02662	51P2R2A10_02662	100.000	453	0	0	1	453	1	453	0.0	909
51P2R2A10_02665	51P2R2A10_02665	100.000	152	0	0	1	152	1	152	1.03e-108	305
51P2R2A10_02665	42P1R1A12_05526	99.301	143	1	0	1	143	1	143	1.54e-101	287
51P2R2A10_02666	51P2R2A10_02666	100.000	134	0	0	1	134	1	134	1.55e-96	273
51P2R2A10_02668	51P2R2A10_02668	100.000	174	0	0	1	174	1	174	1.76e-124	347
51P2R2A10_02669	51P2R2A10_02669	100.000	100	0	0	1	100	1	100	1.06e-69	202
51P2R2A10_02669	42P1R1A12_05530	96.000	100	4	0	1	100	1	100	1.54e-66	195
51P2R2A10_02670	51P2R2A10_02670	100.000	595	0	0	1	595	1	595	0.0	1209
51P2R2A10_02673	51P2R2A10_02673	100.000	220	0	0	1	220	1	220	4.88e-164	451
51P2R2A10_02673	42P1R1A12_05535	95.455	220	10	0	1	220	1	220	5.21e-157	433
51P2R2A10_02674	51P2R2A10_02674	100.000	867	0	0	1	867	1	867	0.0	1776
51P2R2A10_02675	51P2R2A10_02675	100.000	365	0	0	1	365	1	365	0.0	743
51P2R2A10_02676	51P2R2A10_02676	100.000	265	0	0	1	265	1	265	0.0	544
51P2R2A10_02677	51P2R2A10_02677	100.000	258	0	0	1	258	1	258	0.0	530
51P2R2A10_02678	51P2R2A10_02678	100.000	307	0	0	1	307	1	307	0.0	620
51P2R2A10_02679	51P2R2A10_02679	100.000	259	0	0	1	259	1	259	0.0	526
51P2R2A10_02679	42P1R1A12_03688	96.525	259	9	0	1	259	1	259	0.0	509
51P2R2A10_02680	51P2R2A10_02680	100.000	398	0	0	1	398	1	398	0.0	778
51P2R2A10_02681	51P2R2A10_02681	100.000	301	0	0	1	301	1	301	0.0	622
51P2R2A10_02682	51P2R2A10_02682	100.000	324	0	0	1	324	1	324	0.0	663
51P2R2A10_02683	51P2R2A10_02683	100.000	265	0	0	1	265	1	265	0.0	530
51P2R2A10_02684	51P2R2A10_02684	100.000	313	0	0	1	313	1	313	0.0	639
51P2R2A10_02686	51P2R2A10_02686	100.000	507	0	0	1	507	1	507	0.0	1030
51P2R2A10_02686	42P1R1A12_03701	97.436	507	13	0	1	507	1	507	0.0	1011
51P2R2A10_02688	51P2R2A10_02688	100.000	359	0	0	1	359	1	359	0.0	741
51P2R2A10_02688	42P1R1A12_03703	97.214	359	10	0	1	359	1	359	0.0	728
51P2R2A10_02689	51P2R2A10_02689	100.000	283	0	0	1	283	1	283	0.0	581
51P2R2A10_02692	51P2R2A10_02692	100.000	135	0	0	1	135	1	135	3.12e-95	270
51P2R2A10_02693	51P2R2A10_02693	100.000	534	0	0	1	534	1	534	0.0	1060
51P2R2A10_02694	51P2R2A10_02694	100.000	284	0	0	1	284	1	284	0.0	578
51P2R2A10_02695	51P2R2A10_02695	100.000	69	0	0	1	69	1	69	4.97e-47	143
51P2R2A10_02696	51P2R2A10_02696	100.000	402	0	0	1	402	1	402	0.0	820
51P2R2A10_02697	51P2R2A10_02697	100.000	437	0	0	1	437	1	437	0.0	889
51P2R2A10_02698	51P2R2A10_02698	100.000	544	0	0	1	544	1	544	0.0	1128
51P2R2A10_02699	51P2R2A10_02699	100.000	133	0	0	1	133	1	133	2.00e-95	270
51P2R2A10_02700	51P2R2A10_02700	100.000	138	0	0	1	138	1	138	6.31e-97	275
51P2R2A10_02701	51P2R2A10_02701	100.000	222	0	0	1	222	1	222	2.23e-167	459
51P2R2A10_02702	51P2R2A10_02702	100.000	428	0	0	1	428	1	428	0.0	889
51P2R2A10_02703	51P2R2A10_02703	100.000	147	0	0	1	147	1	147	4.44e-105	296
51P2R2A10_02704	51P2R2A10_02704	100.000	321	0	0	1	321	1	321	0.0	658
51P2R2A10_02705	51P2R2A10_02705	100.000	91	0	0	1	91	1	91	2.99e-63	186
51P2R2A10_02706	51P2R2A10_02706	100.000	463	0	0	1	463	1	463	0.0	960
51P2R2A10_02706	18P3R3A11_00272	96.112	463	18	0	1	463	1	463	0.0	928
51P2R2A10_02707	51P2R2A10_02707	100.000	371	0	0	1	371	1	371	0.0	767
51P2R2A10_02707	18P3R3A11_00271	96.765	371	12	0	1	371	1	371	0.0	748
51P2R2A10_02709	51P2R2A10_02709	100.000	704	0	0	1	704	1	704	0.0	1429
51P2R2A10_02710	51P2R2A10_02710	100.000	584	0	0	1	584	1	584	0.0	1194
51P2R2A10_02711	51P2R2A10_02711	100.000	202	0	0	1	202	1	202	7.07e-145	401
51P2R2A10_02715	51P2R2A10_02715	100.000	97	0	0	1	97	1	97	2.97e-64	189
51P2R2A10_02717	51P2R2A10_02717	100.000	554	0	0	1	554	1	554	0.0	1129
51P2R2A10_02717	42P1R1A12_03741	97.653	554	13	0	1	554	1	554	0.0	1102
51P2R2A10_02727	51P2R2A10_02727	100.000	146	0	0	1	146	1	146	2.15e-102	289
51P2R2A10_02728	51P2R2A10_02728	100.000	457	0	0	1	457	1	457	0.0	920
51P2R2A10_02729	51P2R2A10_02729	100.000	161	0	0	1	161	1	161	1.29e-119	334
51P2R2A10_02729	42P1R1A12_03753	96.273	161	6	0	1	161	1	161	2.75e-115	323
51P2R2A10_02730	51P2R2A10_02730	100.000	408	0	0	1	408	1	408	0.0	835
51P2R2A10_02730	42P1R1A12_03754	95.588	408	18	0	1	408	1	408	0.0	796
51P2R2A10_02734	51P2R2A10_02734	100.000	291	0	0	1	291	1	291	0.0	606
51P2R2A10_02734	42P1R1A12_03758	96.907	291	9	0	1	291	1	291	0.0	590
51P2R2A10_02739	51P2R2A10_02739	100.000	244	0	0	1	244	1	244	0.0	504
51P2R2A10_02739	42P1R1A12_06074	96.721	244	8	0	1	244	1	244	3.17e-179	491
51P2R2A10_02742	51P2R2A10_02742	100.000	231	0	0	1	231	1	231	1.59e-173	476
51P2R2A10_02753	51P2R2A10_02753	100.000	215	0	0	1	215	1	215	3.30e-155	428
51P2R2A10_02753	42P1R1A12_01068	96.744	215	7	0	1	215	1	215	1.46e-150	416
51P2R2A10_02760	51P2R2A10_02760	100.000	494	0	0	1	494	1	494	0.0	993
51P2R2A10_02760	42P1R1A12_01075	97.976	494	10	0	1	494	1	494	0.0	978
51P2R2A10_02761	51P2R2A10_02761	100.000	481	0	0	1	481	1	481	0.0	992
51P2R2A10_02762	51P2R2A10_02762	100.000	69	0	0	1	69	1	69	1.82e-45	139
51P2R2A10_02762	42P1R1A12_01077	95.652	69	3	0	1	69	1	69	2.78e-36	116
51P2R2A10_02765	51P2R2A10_02765	100.000	192	0	0	1	192	1	192	1.65e-136	379
51P2R2A10_02765	42P1R1A12_01080	96.354	192	7	0	1	192	1	192	5.32e-132	368
51P2R2A10_02766	51P2R2A10_02766	100.000	896	0	0	1	896	1	896	0.0	1803
51P2R2A10_02766	42P1R1A12_01081	97.656	896	21	0	1	896	1	896	0.0	1762
51P2R2A10_02767	51P2R2A10_02767	100.000	226	0	0	1	226	1	226	1.49e-164	452
51P2R2A10_02767	42P1R1A12_01082	96.903	226	7	0	1	226	1	226	1.64e-160	442
51P2R2A10_02768	51P2R2A10_02768	100.000	140	0	0	1	140	1	140	2.66e-99	281
51P2R2A10_02770	51P2R2A10_02770	100.000	183	0	0	1	183	1	183	8.95e-138	381
51P2R2A10_02770	42P1R1A12_01094	97.814	183	4	0	1	183	1	183	3.25e-135	375
51P2R2A10_02771	51P2R2A10_02771	100.000	258	0	0	1	258	1	258	0.0	525
51P2R2A10_02771	42P1R1A12_01095	96.124	258	10	0	1	258	1	258	0.0	506
51P2R2A10_02775	51P2R2A10_02775	100.000	309	0	0	1	309	1	309	0.0	608
51P2R2A10_02775	42P1R1A12_01099	97.087	309	9	0	1	309	1	309	0.0	591
51P2R2A10_02776	51P2R2A10_02776	100.000	468	0	0	1	468	1	468	0.0	966
51P2R2A10_02776	42P1R1A12_01100	97.009	468	14	0	1	468	1	468	0.0	942
51P2R2A10_02776	31P2R1A5_01880	95.513	468	21	0	1	468	1	468	0.0	910
51P2R2A10_02777	51P2R2A10_02777	100.000	380	0	0	1	380	1	380	0.0	772
51P2R2A10_02777	42P1R1A12_01101	95.789	380	16	0	1	380	1	380	0.0	722
51P2R2A10_02777	31P2R1A5_01881	95.263	380	18	0	1	380	1	380	0.0	713
51P2R2A10_02778	51P2R2A10_02778	100.000	432	0	0	1	432	1	432	0.0	860
51P2R2A10_02778	42P1R1A12_01102	97.222	432	12	0	1	432	1	432	0.0	842
51P2R2A10_02779	51P2R2A10_02779	100.000	111	0	0	1	111	1	111	2.40e-79	228
51P2R2A10_02779	42P1R1A12_01103	97.297	111	3	0	1	111	1	111	1.92e-77	223
51P2R2A10_02795	51P2R2A10_02795	100.000	392	0	0	1	392	1	392	0.0	797
51P2R2A10_02795	42P1R1A12_01120	96.429	392	14	0	1	392	1	392	0.0	746
51P2R2A10_02799	51P2R2A10_02799	100.000	315	0	0	1	315	1	315	0.0	639
51P2R2A10_02799	31P2R1A5_01903	97.152	316	8	1	1	315	1	316	0.0	617
51P2R2A10_02799	42P1R1A12_01124	100.000	293	0	0	23	315	1	293	0.0	590
51P2R2A10_02799	10P3R2A13_02389	95.904	293	12	0	23	315	1	293	0.0	544
51P2R2A10_02799	18P3R3A11_01257	95.563	293	13	0	23	315	1	293	0.0	539
51P2R2A10_02800	51P2R2A10_02800	100.000	513	0	0	1	513	1	513	0.0	1031
51P2R2A10_02800	42P1R1A12_01125	97.856	513	11	0	1	513	1	513	0.0	1019
51P2R2A10_02805	51P2R2A10_02805	100.000	557	0	0	1	557	1	557	0.0	1152
51P2R2A10_02806	51P2R2A10_02806	100.000	598	0	0	1	598	1	598	0.0	1172
51P2R2A10_02811	51P2R2A10_02811	100.000	217	0	0	1	217	1	217	5.44e-164	451
51P2R2A10_02812	51P2R2A10_02812	100.000	210	0	0	1	210	1	210	8.36e-156	429
51P2R2A10_02813	51P2R2A10_02813	100.000	154	0	0	1	154	1	154	1.39e-111	313
51P2R2A10_02813	31P2R1A5_01917	99.057	106	1	0	49	154	1	106	5.90e-73	214
51P2R2A10_02817	51P2R2A10_02817	100.000	367	0	0	1	367	1	367	0.0	738
51P2R2A10_02817	42P1R1A12_01142	97.275	367	10	0	1	367	1	367	0.0	720
51P2R2A10_02818	51P2R2A10_02818	100.000	424	0	0	1	424	1	424	0.0	875
51P2R2A10_02818	54P2R2A3_03072	97.406	424	11	0	1	424	1	424	0.0	859
51P2R2A10_02818	42P1R1A12_01143	99.500	400	2	0	25	424	1	400	0.0	825
51P2R2A10_02818	31P2R1A5_01922	98.000	400	8	0	25	424	1	400	0.0	817
51P2R2A10_02820	51P2R2A10_02820	100.000	215	0	0	1	215	1	215	2.10e-161	444
51P2R2A10_02820	42P1R1A12_01145	95.349	215	10	0	1	215	1	215	1.73e-146	406
51P2R2A10_02821	51P2R2A10_02821	100.000	318	0	0	1	318	1	318	0.0	649
51P2R2A10_02824	51P2R2A10_02824	100.000	263	0	0	1	263	1	263	0.0	532
51P2R2A10_02824	42P1R1A12_01149	95.817	263	11	0	1	263	1	263	0.0	513
51P2R2A10_02825	51P2R2A10_02825	100.000	130	0	0	1	130	1	130	2.02e-88	252
51P2R2A10_02829	51P2R2A10_02829	100.000	265	0	0	1	265	1	265	0.0	551
51P2R2A10_02829	42P1R1A12_01154	96.226	265	10	0	1	265	1	265	0.0	536
51P2R2A10_02833	51P2R2A10_02833	100.000	188	0	0	1	188	1	188	5.36e-141	390
51P2R2A10_02833	10P3R2A13_02337	97.872	188	4	0	1	188	1	188	6.78e-139	385
51P2R2A10_02833	18P3R3A11_01221	97.872	188	4	0	1	188	1	188	1.25e-138	384
51P2R2A10_02833	38P2R3A13_07347	96.774	93	3	0	96	188	1	93	4.29e-62	187
51P2R2A10_02834	51P2R2A10_02834	100.000	304	0	0	1	304	1	304	0.0	621
51P2R2A10_02835	51P2R2A10_02835	100.000	385	0	0	1	385	1	385	0.0	813
51P2R2A10_02835	42P1R1A12_01160	95.325	385	18	0	1	385	24	408	0.0	786
51P2R2A10_02836	51P2R2A10_02836	100.000	210	0	0	1	210	1	210	2.96e-159	438
51P2R2A10_02837	51P2R2A10_02837	100.000	387	0	0	1	387	1	387	0.0	795
51P2R2A10_02837	42P1R1A12_01162	97.674	387	9	0	1	387	1	387	0.0	781
51P2R2A10_02838	51P2R2A10_02838	100.000	230	0	0	1	230	1	230	9.87e-171	469
51P2R2A10_02838	42P1R1A12_01163	96.957	230	7	0	1	230	1	230	1.90e-166	458
51P2R2A10_02840	51P2R2A10_02840	100.000	770	0	0	1	770	1	770	0.0	1587
51P2R2A10_02840	42P1R1A12_01165	96.364	770	28	0	1	770	1	770	0.0	1503
51P2R2A10_02842	51P2R2A10_02842	100.000	518	0	0	1	518	1	518	0.0	1034
51P2R2A10_02842	42P1R1A12_01167	95.560	518	23	0	1	518	1	518	0.0	990
51P2R2A10_02845	51P2R2A10_02845	100.000	315	0	0	1	315	1	315	0.0	633
51P2R2A10_02845	42P1R1A12_01170	95.556	315	14	0	1	315	1	315	0.0	588
51P2R2A10_02847	51P2R2A10_02847	100.000	496	0	0	1	496	1	496	0.0	1014
51P2R2A10_02847	42P1R1A12_01172	96.566	495	17	0	1	495	1	495	0.0	976
51P2R2A10_02848	51P2R2A10_02848	100.000	204	0	0	1	204	1	204	4.84e-154	424
51P2R2A10_02848	42P1R1A12_01173	97.549	204	5	0	1	204	1	204	1.63e-149	413
51P2R2A10_02848	31P2R1A5_01953	95.522	201	9	0	1	201	1	201	2.71e-145	402
51P2R2A10_02850	51P2R2A10_02850	100.000	412	0	0	1	412	1	412	0.0	826
51P2R2A10_02850	42P1R1A12_01176	97.087	412	12	0	1	412	1	412	0.0	807
51P2R2A10_02851	51P2R2A10_02851	100.000	413	0	0	1	413	1	413	0.0	853
51P2R2A10_02851	42P1R1A12_01177	97.094	413	12	0	1	413	1	413	0.0	831
51P2R2A10_02852	51P2R2A10_02852	100.000	359	0	0	1	359	1	359	0.0	738
51P2R2A10_02852	42P1R1A12_01178	97.772	359	8	0	1	359	1	359	0.0	717
51P2R2A10_02853	51P2R2A10_02853	100.000	270	0	0	1	270	1	270	0.0	554
51P2R2A10_02853	42P1R1A12_01179	97.778	270	6	0	1	270	1	270	0.0	546
51P2R2A10_02855	51P2R2A10_02855	100.000	423	0	0	1	423	1	423	0.0	867
51P2R2A10_02856	51P2R2A10_02856	100.000	343	0	0	1	343	1	343	0.0	686
51P2R2A10_02856	42P1R1A12_01182	97.959	343	7	0	1	343	1	343	0.0	673
51P2R2A10_02857	51P2R2A10_02857	100.000	400	0	0	1	400	1	400	0.0	825
51P2R2A10_02857	42P1R1A12_01183	96.250	400	15	0	1	400	1	400	0.0	797
51P2R2A10_02858	51P2R2A10_02858	100.000	414	0	0	1	414	1	414	0.0	846
51P2R2A10_02858	42P1R1A12_01184	97.101	414	12	0	1	414	1	414	0.0	825
51P2R2A10_02861	51P2R2A10_02861	100.000	501	0	0	1	501	1	501	0.0	1010
51P2R2A10_02861	42P1R1A12_01187	97.804	501	11	0	1	501	1	501	0.0	988
51P2R2A10_02862	51P2R2A10_02862	100.000	363	0	0	1	363	1	363	0.0	732
51P2R2A10_02862	42P1R1A12_01188	96.970	363	11	0	1	363	1	363	0.0	713
51P2R2A10_02863	51P2R2A10_02863	100.000	77	0	0	1	77	1	77	7.55e-51	153
51P2R2A10_02864	51P2R2A10_02864	100.000	135	0	0	1	135	1	135	8.27e-96	271
51P2R2A10_02867	51P2R2A10_02867	100.000	138	0	0	1	138	1	138	1.92e-98	278
51P2R2A10_02867	42P1R1A12_01193	97.826	138	3	0	1	138	1	138	2.02e-96	273
51P2R2A10_02868	51P2R2A10_02868	100.000	252	0	0	1	252	1	252	0.0	506
51P2R2A10_02868	42P1R1A12_01194	97.619	252	6	0	1	252	1	252	2.34e-180	495
51P2R2A10_02870	51P2R2A10_02870	100.000	536	0	0	1	536	1	536	0.0	1102
51P2R2A10_02870	42P1R1A12_01196	96.082	536	21	0	1	536	1	536	0.0	1063
51P2R2A10_02871	51P2R2A10_02871	100.000	392	0	0	1	392	1	392	0.0	799
51P2R2A10_02871	42P1R1A12_01197	97.704	392	9	0	1	392	1	392	0.0	785
51P2R2A10_02872	51P2R2A10_02872	100.000	320	0	0	1	320	1	320	0.0	646
51P2R2A10_02872	42P1R1A12_01198	96.250	320	12	0	1	320	1	320	0.0	625
51P2R2A10_02873	51P2R2A10_02873	100.000	414	0	0	1	414	1	414	0.0	795
51P2R2A10_02873	42P1R1A12_05196	97.794	408	9	0	1	408	1	408	0.0	767
51P2R2A10_02875	51P2R2A10_02875	100.000	331	0	0	1	331	1	331	0.0	628
51P2R2A10_02875	42P1R1A12_05198	96.979	331	10	0	1	331	1	331	0.0	614
51P2R2A10_02876	51P2R2A10_02876	100.000	265	0	0	1	265	1	265	0.0	539
51P2R2A10_02876	42P1R1A12_05199	96.226	265	10	0	1	265	1	265	0.0	523
51P2R2A10_02877	51P2R2A10_02877	100.000	1296	0	0	1	1296	1	1296	0.0	2624
51P2R2A10_02877	42P1R1A12_05200	95.201	1292	62	0	1	1292	1	1292	0.0	2475
51P2R2A10_02878	51P2R2A10_02878	100.000	68	0	0	1	68	1	68	4.97e-46	140
51P2R2A10_02879	51P2R2A10_02879	100.000	400	0	0	1	400	1	400	0.0	805
51P2R2A10_02881	51P2R2A10_02881	100.000	208	0	0	1	208	1	208	1.27e-152	421
51P2R2A10_02887	51P2R2A10_02887	100.000	207	0	0	1	207	1	207	9.86e-155	426
51P2R2A10_02887	42P1R1A12_05210	95.169	207	10	0	1	207	1	207	1.93e-147	408
51P2R2A10_02892	51P2R2A10_02892	100.000	51	0	0	1	51	1	51	1.39e-29	98.2
51P2R2A10_02892	42P1R1A12_05215	96.078	51	2	0	1	51	1	51	2.12e-28	95.1
51P2R2A10_02894	51P2R2A10_02894	100.000	198	0	0	1	198	1	198	5.68e-145	401
51P2R2A10_02894	42P1R1A12_05217	97.475	198	5	0	1	198	1	198	3.45e-141	391
51P2R2A10_02895	51P2R2A10_02895	100.000	491	0	0	1	491	1	491	0.0	1008
51P2R2A10_02895	42P1R1A12_05218	97.963	491	10	0	1	491	1	491	0.0	989
51P2R2A10_02896	51P2R2A10_02896	100.000	555	0	0	1	555	1	555	0.0	1156
51P2R2A10_02896	42P1R1A12_05219	98.014	554	11	0	1	554	1	554	0.0	1132
51P2R2A10_02897	51P2R2A10_02897	100.000	232	0	0	1	232	1	232	5.63e-173	474
51P2R2A10_02897	42P1R1A12_05220	97.414	232	6	0	1	232	1	232	1.18e-167	461
51P2R2A10_02904	51P2R2A10_02904	100.000	489	0	0	1	489	1	489	0.0	1007
51P2R2A10_02904	42P1R1A12_05232	97.955	489	10	0	1	489	1	489	0.0	988
51P2R2A10_02905	51P2R2A10_02905	100.000	214	0	0	1	214	1	214	8.42e-151	417
51P2R2A10_02906	51P2R2A10_02906	100.000	445	0	0	1	445	1	445	0.0	899
51P2R2A10_02907	51P2R2A10_02907	100.000	297	0	0	1	297	1	297	0.0	566
51P2R2A10_02908	51P2R2A10_02908	100.000	423	0	0	1	423	1	423	0.0	869
51P2R2A10_02908	42P1R1A12_05195	95.745	423	18	0	1	423	1	423	0.0	837
51P2R2A10_02909	51P2R2A10_02909	100.000	395	0	0	1	395	1	395	0.0	801
51P2R2A10_02909	42P1R1A12_05194	95.696	395	17	0	1	395	1	395	0.0	741
51P2R2A10_02910	51P2R2A10_02910	100.000	337	0	0	1	337	1	337	0.0	684
51P2R2A10_02910	42P1R1A12_05193	96.439	337	12	0	1	337	1	337	0.0	659
51P2R2A10_02914	51P2R2A10_02914	100.000	555	0	0	1	555	1	555	0.0	1139
51P2R2A10_02914	42P1R1A12_05189	97.297	555	15	0	1	555	1	555	0.0	1110
51P2R2A10_02915	51P2R2A10_02915	100.000	372	0	0	1	372	1	372	0.0	777
51P2R2A10_02915	42P1R1A12_05188	96.505	372	13	0	1	372	1	372	0.0	756
51P2R2A10_02916	51P2R2A10_02916	100.000	240	0	0	1	240	1	240	3.27e-179	491
51P2R2A10_02916	42P1R1A12_05187	95.556	225	10	0	16	240	16	240	6.74e-161	445
51P2R2A10_02918	51P2R2A10_02918	100.000	360	0	0	1	360	1	360	0.0	720
51P2R2A10_02921	51P2R2A10_02921	100.000	83	0	0	1	83	1	83	3.88e-53	159
51P2R2A10_02921	42P1R1A12_05182	96.386	83	3	0	1	83	1	83	4.11e-52	157
51P2R2A10_02922	51P2R2A10_02922	100.000	541	0	0	1	541	1	541	0.0	1108
51P2R2A10_02923	51P2R2A10_02923	100.000	715	0	0	1	715	1	715	0.0	1470
51P2R2A10_02925	51P2R2A10_02925	100.000	367	0	0	1	367	1	367	0.0	755
51P2R2A10_02925	42P1R1A12_05174	96.458	367	13	0	1	367	1	367	0.0	730
51P2R2A10_02926	51P2R2A10_02926	100.000	194	0	0	1	194	1	194	2.95e-144	399
51P2R2A10_02926	42P1R1A12_05173	96.875	192	6	0	1	192	1	192	9.10e-139	385
51P2R2A10_02927	51P2R2A10_02927	100.000	123	0	0	1	123	1	123	5.67e-90	256
51P2R2A10_02927	42P1R1A12_05172	98.347	121	2	0	1	121	1	121	8.28e-88	250
51P2R2A10_02928	51P2R2A10_02928	100.000	218	0	0	1	218	1	218	5.51e-163	448
51P2R2A10_02928	42P1R1A12_05171	97.706	218	5	0	1	218	1	218	1.33e-159	439
51P2R2A10_02929	51P2R2A10_02929	100.000	289	0	0	1	289	1	289	0.0	598
51P2R2A10_02929	42P1R1A12_04711	96.516	287	10	0	1	287	1	287	0.0	577
51P2R2A10_02930	51P2R2A10_02930	100.000	476	0	0	1	476	1	476	0.0	936
51P2R2A10_02930	42P1R1A12_04712	97.689	476	11	0	1	476	1	476	0.0	920
51P2R2A10_02931	51P2R2A10_02931	100.000	415	0	0	1	415	1	415	0.0	844
51P2R2A10_02931	42P1R1A12_04713	97.831	415	9	0	1	415	1	415	0.0	828
51P2R2A10_02932	51P2R2A10_02932	100.000	327	0	0	1	327	1	327	0.0	660
51P2R2A10_02932	42P1R1A12_04714	97.859	327	7	0	1	327	1	327	0.0	647
51P2R2A10_02933	51P2R2A10_02933	100.000	104	0	0	1	104	1	104	7.67e-72	208
51P2R2A10_02933	42P1R1A12_04715	95.192	104	5	0	1	104	1	104	1.82e-68	200
51P2R2A10_02934	51P2R2A10_02934	100.000	206	0	0	1	206	1	206	4.63e-154	424
51P2R2A10_02935	51P2R2A10_02935	100.000	193	0	0	1	193	1	193	5.72e-135	375
51P2R2A10_02935	42P1R1A12_04717	95.855	193	8	0	1	193	1	193	7.58e-129	360
51P2R2A10_02937	51P2R2A10_02937	100.000	846	0	0	1	846	1	846	0.0	1731
51P2R2A10_02937	42P1R1A12_04719	96.099	846	33	0	1	846	1	846	0.0	1652
51P2R2A10_02938	51P2R2A10_02938	100.000	540	0	0	1	540	1	540	0.0	1111
51P2R2A10_02939	51P2R2A10_02939	100.000	227	0	0	1	227	1	227	1.04e-171	471
51P2R2A10_02940	51P2R2A10_02940	100.000	212	0	0	1	212	1	212	1.14e-159	439
51P2R2A10_02940	42P1R1A12_04722	96.682	211	7	0	1	211	1	211	7.24e-154	425
51P2R2A10_02941	51P2R2A10_02941	100.000	310	0	0	1	310	1	310	0.0	635
51P2R2A10_02941	42P1R1A12_04723	95.161	310	15	0	1	310	1	310	0.0	610
51P2R2A10_02942	51P2R2A10_02942	100.000	250	0	0	1	250	1	250	5.95e-178	489
51P2R2A10_02942	42P1R1A12_04724	97.200	250	7	0	1	250	1	250	9.28e-173	476
51P2R2A10_02943	51P2R2A10_02943	100.000	139	0	0	1	139	1	139	4.09e-103	290
51P2R2A10_02944	51P2R2A10_02944	100.000	384	0	0	1	384	1	384	0.0	793
51P2R2A10_02944	42P1R1A12_04726	95.052	384	19	0	1	384	1	384	0.0	756
51P2R2A10_02945	51P2R2A10_02945	100.000	343	0	0	1	343	1	343	0.0	705
51P2R2A10_02945	42P1R1A12_04727	96.765	340	11	0	1	340	1	340	0.0	682
51P2R2A10_02947	51P2R2A10_02947	100.000	459	0	0	1	459	1	459	0.0	911
51P2R2A10_02947	42P1R1A12_04729	97.386	459	12	0	1	459	1	459	0.0	889
51P2R2A10_02947	31P2R1A5_04479	95.207	459	22	0	1	459	1	459	0.0	870
51P2R2A10_02948	51P2R2A10_02948	100.000	730	0	0	1	730	1	730	0.0	1492
51P2R2A10_02949	51P2R2A10_02949	100.000	318	0	0	1	318	1	318	0.0	646
51P2R2A10_02951	51P2R2A10_02951	100.000	393	0	0	1	393	1	393	0.0	807
51P2R2A10_02951	42P1R1A12_04733	97.710	393	9	0	1	393	1	393	0.0	789
51P2R2A10_02952	51P2R2A10_02952	100.000	157	0	0	1	157	1	157	5.25e-113	317
51P2R2A10_02954	51P2R2A10_02954	100.000	308	0	0	1	308	1	308	0.0	625
51P2R2A10_02954	42P1R1A12_04739	95.130	308	15	0	1	308	1	308	0.0	595
51P2R2A10_02955	51P2R2A10_02955	100.000	506	0	0	1	506	1	506	0.0	1044
51P2R2A10_02955	42P1R1A12_04740	95.652	506	22	0	1	506	1	506	0.0	983
51P2R2A10_02957	51P2R2A10_02957	100.000	467	0	0	1	467	1	467	0.0	967
51P2R2A10_02957	42P1R1A12_04742	95.289	467	22	0	1	467	1	467	0.0	924
51P2R2A10_02958	51P2R2A10_02958	100.000	335	0	0	1	335	1	335	0.0	693
51P2R2A10_02958	42P1R1A12_04743	97.313	335	9	0	1	335	1	335	0.0	676
51P2R2A10_02958	31P2R1A5_04450	95.495	333	15	0	1	333	1	333	0.0	665
51P2R2A10_02959	51P2R2A10_02959	100.000	280	0	0	1	280	1	280	0.0	571
51P2R2A10_02959	42P1R1A12_04744	97.143	280	8	0	1	280	1	280	0.0	555
51P2R2A10_02960	51P2R2A10_02960	100.000	475	0	0	1	475	1	475	0.0	985
51P2R2A10_02960	42P1R1A12_04745	97.895	475	10	0	1	475	1	475	0.0	965
51P2R2A10_02961	51P2R2A10_02961	100.000	627	0	0	1	627	1	627	0.0	1261
51P2R2A10_02961	42P1R1A12_04746	97.608	627	15	0	1	627	1	627	0.0	1233
51P2R2A10_02962	51P2R2A10_02962	100.000	310	0	0	1	310	1	310	0.0	640
51P2R2A10_02962	42P1R1A12_04747	99.317	293	2	0	18	310	1	293	0.0	602
51P2R2A10_02965	51P2R2A10_02965	100.000	256	0	0	1	256	1	256	0.0	527
51P2R2A10_02965	42P1R1A12_04750	97.656	256	6	0	1	256	1	256	0.0	514
51P2R2A10_02968	51P2R2A10_02968	100.000	161	0	0	1	161	1	161	1.90e-118	331
51P2R2A10_02968	42P1R1A12_04753	96.894	161	5	0	1	161	1	161	7.23e-115	322
51P2R2A10_02969	51P2R2A10_02969	100.000	414	0	0	1	414	1	414	0.0	839
51P2R2A10_02969	42P1R1A12_04754	95.652	414	18	0	1	414	1	414	0.0	799
51P2R2A10_02973	51P2R2A10_02973	100.000	344	0	0	1	344	1	344	0.0	701
51P2R2A10_02973	42P1R1A12_04758	95.058	344	17	0	1	344	1	344	0.0	670
51P2R2A10_02974	51P2R2A10_02974	100.000	336	0	0	1	336	1	336	0.0	674
51P2R2A10_02975	51P2R2A10_02975	100.000	344	0	0	1	344	1	344	0.0	709
51P2R2A10_02975	42P1R1A12_04760	96.221	344	13	0	1	344	1	344	0.0	684
51P2R2A10_02977	51P2R2A10_02977	100.000	138	0	0	1	138	1	138	6.53e-101	285
51P2R2A10_02979	51P2R2A10_02979	100.000	495	0	0	1	495	1	495	0.0	989
51P2R2A10_02981	51P2R2A10_02981	100.000	446	0	0	1	446	1	446	0.0	891
51P2R2A10_02981	42P1R1A12_04766	96.861	446	14	0	1	446	1	446	0.0	869
51P2R2A10_02981	31P2R1A5_04435	95.067	446	21	1	1	446	1	445	0.0	848
51P2R2A10_02982	51P2R2A10_02982	100.000	526	0	0	1	526	1	526	0.0	1088
51P2R2A10_02982	42P1R1A12_04767	96.388	526	19	0	1	526	1	526	0.0	1052
51P2R2A10_02983	51P2R2A10_02983	100.000	289	0	0	1	289	1	289	0.0	602
51P2R2A10_02984	51P2R2A10_02984	100.000	292	0	0	1	292	1	292	0.0	594
51P2R2A10_02985	51P2R2A10_02985	100.000	181	0	0	1	181	1	181	7.17e-134	371
51P2R2A10_02986	51P2R2A10_02986	100.000	276	0	0	1	276	1	276	0.0	551
51P2R2A10_02987	51P2R2A10_02987	100.000	659	0	0	1	659	1	659	0.0	1371
51P2R2A10_02988	51P2R2A10_02988	100.000	164	0	0	1	164	1	164	5.63e-118	330
51P2R2A10_02989	51P2R2A10_02989	100.000	309	0	0	1	309	1	309	0.0	639
51P2R2A10_02990	51P2R2A10_02990	100.000	238	0	0	1	238	1	238	1.13e-175	482
51P2R2A10_02991	51P2R2A10_02991	100.000	412	0	0	1	412	1	412	0.0	829
51P2R2A10_02992	51P2R2A10_02992	100.000	275	0	0	1	275	1	275	0.0	574
51P2R2A10_02993	51P2R2A10_02993	100.000	725	0	0	1	725	1	725	0.0	1502
51P2R2A10_02994	51P2R2A10_02994	100.000	107	0	0	1	107	1	107	6.92e-74	214
51P2R2A10_02995	51P2R2A10_02995	100.000	80	0	0	1	80	1	80	1.83e-56	168
51P2R2A10_02996	51P2R2A10_02996	100.000	258	0	0	1	258	1	258	0.0	507
51P2R2A10_02997	51P2R2A10_02997	100.000	832	0	0	1	832	1	832	0.0	1698
51P2R2A10_02998	51P2R2A10_02998	100.000	348	0	0	1	348	1	348	0.0	664
51P2R2A10_02999	51P2R2A10_02999	100.000	196	0	0	1	196	1	196	2.54e-147	407
51P2R2A10_03000	51P2R2A10_03000	100.000	411	0	0	1	411	1	411	0.0	826
51P2R2A10_03001	51P2R2A10_03001	100.000	135	0	0	1	135	1	135	2.09e-97	275
51P2R2A10_03002	51P2R2A10_03002	100.000	218	0	0	1	218	1	218	3.62e-165	454
51P2R2A10_03003	51P2R2A10_03003	100.000	196	0	0	1	196	1	196	4.15e-143	396
51P2R2A10_03004	51P2R2A10_03004	100.000	290	0	0	1	290	1	290	0.0	594
51P2R2A10_03005	51P2R2A10_03005	100.000	102	0	0	1	102	1	102	1.99e-71	207
51P2R2A10_03006	51P2R2A10_03006	100.000	280	0	0	1	280	1	280	0.0	566
51P2R2A10_03007	51P2R2A10_03007	100.000	653	0	0	1	653	1	653	0.0	1323
51P2R2A10_03008	51P2R2A10_03008	100.000	159	0	0	1	159	1	159	1.84e-114	320
51P2R2A10_03009	51P2R2A10_03009	100.000	85	0	0	1	85	1	85	1.94e-56	168
51P2R2A10_03010	51P2R2A10_03010	100.000	252	0	0	1	252	1	252	0.0	527
51P2R2A10_03011	51P2R2A10_03011	100.000	148	0	0	1	148	1	148	1.81e-108	305
51P2R2A10_03012	51P2R2A10_03012	100.000	494	0	0	1	494	1	494	0.0	998
51P2R2A10_03013	51P2R2A10_03013	100.000	184	0	0	1	184	1	184	9.25e-138	382
51P2R2A10_03014	51P2R2A10_03014	100.000	123	0	0	1	123	1	123	1.97e-88	252
51P2R2A10_03015	51P2R2A10_03015	100.000	188	0	0	1	188	1	188	5.82e-139	385
51P2R2A10_03016	51P2R2A10_03016	100.000	109	0	0	1	109	1	109	3.13e-76	220
51P2R2A10_03017	51P2R2A10_03017	100.000	346	0	0	1	346	1	346	0.0	713
51P2R2A10_03018	51P2R2A10_03018	100.000	161	0	0	1	161	1	161	7.64e-115	322
51P2R2A10_03019	51P2R2A10_03019	100.000	390	0	0	1	390	1	390	0.0	792
51P2R2A10_03020	51P2R2A10_03020	100.000	233	0	0	1	233	1	233	3.69e-177	485
51P2R2A10_03021	51P2R2A10_03021	100.000	507	0	0	1	507	1	507	0.0	1042
51P2R2A10_03022	51P2R2A10_03022	100.000	559	0	0	1	559	1	559	0.0	1156
51P2R2A10_03023	51P2R2A10_03023	100.000	162	0	0	1	162	1	162	5.39e-119	332
51P2R2A10_03024	51P2R2A10_03024	100.000	212	0	0	1	212	1	212	1.43e-162	446
51P2R2A10_03025	51P2R2A10_03025	100.000	48	0	0	1	48	1	48	6.20e-29	96.3
51P2R2A10_03026	51P2R2A10_03026	100.000	106	0	0	1	106	1	106	2.34e-74	215
51P2R2A10_03026	44P3R3A6_00168	95.283	106	5	0	1	106	1	106	2.39e-71	207
51P2R2A10_03027	51P2R2A10_03027	100.000	168	0	0	1	168	1	168	6.12e-124	345
51P2R2A10_03029	51P2R2A10_03029	100.000	180	0	0	1	180	1	180	1.31e-135	376
51P2R2A10_03031	51P2R2A10_03031	100.000	229	0	0	1	229	1	229	7.33e-172	471
51P2R2A10_03032	51P2R2A10_03032	100.000	47	0	0	1	47	1	47	8.02e-28	93.6
51P2R2A10_03033	51P2R2A10_03033	100.000	77	0	0	1	77	1	77	3.81e-52	157
51P2R2A10_03034	51P2R2A10_03034	100.000	194	0	0	1	194	1	194	4.76e-145	401
51P2R2A10_03035	51P2R2A10_03035	100.000	57	0	0	1	57	1	57	8.50e-36	114
51P2R2A10_03036	51P2R2A10_03036	100.000	156	0	0	1	156	1	156	6.59e-115	322
51P2R2A10_03037	51P2R2A10_03037	100.000	188	0	0	1	188	1	188	8.98e-141	389
51P2R2A10_03038	51P2R2A10_03038	100.000	101	0	0	1	101	1	101	7.58e-72	208
51P2R2A10_03039	51P2R2A10_03039	100.000	300	0	0	1	300	1	300	0.0	625
51P2R2A10_03040	51P2R2A10_03040	100.000	59	0	0	1	59	1	59	2.78e-39	123
51P2R2A10_03041	51P2R2A10_03041	100.000	188	0	0	1	188	1	188	3.53e-141	390
51P2R2A10_03042	51P2R2A10_03042	100.000	415	0	0	1	415	1	415	0.0	866
51P2R2A10_03043	51P2R2A10_03043	100.000	179	0	0	1	179	1	179	1.00e-130	363
51P2R2A10_03045	51P2R2A10_03045	100.000	244	0	0	1	244	1	244	0.0	507
51P2R2A10_03046	51P2R2A10_03046	100.000	279	0	0	1	279	1	279	0.0	575
51P2R2A10_03047	51P2R2A10_03047	100.000	95	0	0	1	95	1	95	8.57e-65	190
51P2R2A10_03048	51P2R2A10_03048	100.000	64	0	0	1	64	1	64	2.19e-41	129
51P2R2A10_03049	51P2R2A10_03049	100.000	237	0	0	1	237	1	237	3.00e-176	483
51P2R2A10_03050	51P2R2A10_03050	100.000	347	0	0	1	347	1	347	0.0	714
51P2R2A10_03051	51P2R2A10_03051	100.000	75	0	0	1	75	1	75	4.65e-46	141
51P2R2A10_03052	51P2R2A10_03052	100.000	37	0	0	1	37	1	37	6.35e-20	72.8
51P2R2A10_03054	51P2R2A10_03054	100.000	324	0	0	1	324	1	324	0.0	612
51P2R2A10_03055	51P2R2A10_03055	100.000	99	0	0	1	99	1	99	8.61e-69	200
51P2R2A10_03055	42P1R1A12_00675	96.875	96	3	0	1	96	1	96	7.64e-65	190
51P2R2A10_03056	51P2R2A10_03056	100.000	305	0	0	1	305	1	305	0.0	640
51P2R2A10_03057	51P2R2A10_03057	100.000	161	0	0	1	161	1	161	7.31e-115	322
51P2R2A10_03058	51P2R2A10_03058	100.000	53	0	0	1	53	1	53	6.48e-34	109
51P2R2A10_03059	51P2R2A10_03059	100.000	76	0	0	1	76	1	76	7.99e-52	155
51P2R2A10_03060	51P2R2A10_03060	100.000	220	0	0	1	220	1	220	3.00e-165	454
51P2R2A10_03061	51P2R2A10_03061	100.000	73	0	0	1	73	1	73	8.47e-50	150
51P2R2A10_03062	51P2R2A10_03062	100.000	172	0	0	1	172	1	172	1.59e-128	357
51P2R2A10_03063	51P2R2A10_03063	100.000	290	0	0	1	290	1	290	0.0	600
51P2R2A10_03064	51P2R2A10_03064	100.000	73	0	0	1	73	1	73	9.02e-48	145
51P2R2A10_03068	51P2R2A10_03068	100.000	71	0	0	1	71	1	71	3.03e-47	144
51P2R2A10_03068	42P1R1A12_00687	97.183	71	2	0	1	71	1	71	7.00e-46	140
51P2R2A10_03068	31P2R1A5_03370	97.101	69	2	0	1	69	1	69	4.53e-45	138
51P2R2A10_03068	38P2R3A13_04529	95.652	69	3	0	1	69	1	69	1.13e-44	137
51P2R2A10_03068	38P2R3A13_01157	95.652	69	3	0	1	69	1	69	4.21e-44	136
51P2R2A10_03068	18P3R3A11_03774	95.652	69	3	0	1	69	1	69	8.69e-44	135
51P2R2A10_03069	51P2R2A10_03069	100.000	462	0	0	1	462	1	462	0.0	968
51P2R2A10_03069	42P1R1A12_00688	97.835	462	10	0	1	462	1	462	0.0	952
51P2R2A10_03069	31P2R1A5_03366	95.022	462	23	0	1	462	1	462	0.0	877
51P2R2A10_03071	51P2R2A10_03071	100.000	241	0	0	1	241	1	241	1.23e-180	494
51P2R2A10_03071	42P1R1A12_00690	95.021	241	12	0	1	241	1	241	4.44e-162	448
51P2R2A10_03072	51P2R2A10_03072	100.000	110	0	0	1	110	1	110	3.55e-77	223
51P2R2A10_03073	51P2R2A10_03073	100.000	170	0	0	1	170	1	170	7.98e-122	340
51P2R2A10_03073	42P1R1A12_00691	97.059	170	5	0	1	170	1	170	1.12e-117	330
51P2R2A10_03073	31P2R1A5_03362	97.059	170	5	0	1	170	1	170	1.16e-117	330
51P2R2A10_03075	51P2R2A10_03075	100.000	298	0	0	1	298	1	298	0.0	600
51P2R2A10_03076	51P2R2A10_03076	100.000	268	0	0	1	268	1	268	0.0	534
51P2R2A10_03077	51P2R2A10_03077	100.000	420	0	0	1	420	1	420	0.0	860
51P2R2A10_03078	51P2R2A10_03078	100.000	556	0	0	1	556	1	556	0.0	1127
51P2R2A10_03079	51P2R2A10_03079	100.000	350	0	0	1	350	1	350	0.0	723
51P2R2A10_03080	51P2R2A10_03080	100.000	412	0	0	1	412	1	412	0.0	857
51P2R2A10_03081	51P2R2A10_03081	100.000	261	0	0	1	261	1	261	0.0	532
51P2R2A10_03082	51P2R2A10_03082	100.000	382	0	0	1	382	1	382	0.0	751
51P2R2A10_03083	51P2R2A10_03083	100.000	437	0	0	1	437	1	437	0.0	852
51P2R2A10_03084	51P2R2A10_03084	100.000	454	0	0	1	454	1	454	0.0	943
51P2R2A10_03085	51P2R2A10_03085	100.000	485	0	0	1	485	1	485	0.0	964
51P2R2A10_03086	51P2R2A10_03086	100.000	436	0	0	1	436	1	436	0.0	874
51P2R2A10_03087	51P2R2A10_03087	100.000	293	0	0	1	293	1	293	0.0	592
51P2R2A10_03088	51P2R2A10_03088	100.000	259	0	0	1	259	1	259	0.0	540
51P2R2A10_03089	51P2R2A10_03089	100.000	594	0	0	1	594	1	594	0.0	1226
51P2R2A10_03090	51P2R2A10_03090	100.000	273	0	0	1	273	1	273	0.0	556
51P2R2A10_03091	51P2R2A10_03091	100.000	161	0	0	1	161	1	161	4.38e-119	332
51P2R2A10_03092	51P2R2A10_03092	100.000	50	0	0	1	50	1	50	6.78e-31	101
51P2R2A10_03093	51P2R2A10_03093	100.000	308	0	0	1	308	1	308	0.0	629
51P2R2A10_03094	51P2R2A10_03094	100.000	363	0	0	1	363	1	363	0.0	748
51P2R2A10_03096	51P2R2A10_03096	100.000	102	0	0	1	102	1	102	8.88e-73	211
51P2R2A10_03100	51P2R2A10_03100	100.000	257	0	0	1	257	1	257	0.0	528
51P2R2A10_03100	42P1R1A12_00699	96.109	257	10	0	1	257	1	257	0.0	507
51P2R2A10_03101	51P2R2A10_03101	100.000	285	0	0	1	285	1	285	0.0	568
51P2R2A10_03101	42P1R1A12_00700	97.895	285	6	0	1	285	1	285	0.0	560
51P2R2A10_03103	51P2R2A10_03103	100.000	227	0	0	1	227	1	227	2.65e-169	465
51P2R2A10_03105	51P2R2A10_03105	100.000	153	0	0	1	153	1	153	3.50e-105	296
51P2R2A10_03105	42P1R1A12_00704	96.622	148	5	0	1	148	1	148	1.25e-99	283
51P2R2A10_03106	51P2R2A10_03106	100.000	723	0	0	1	723	1	723	0.0	1476
51P2R2A10_03107	51P2R2A10_03107	100.000	239	0	0	1	239	1	239	1.10e-174	479
51P2R2A10_03108	51P2R2A10_03108	100.000	137	0	0	1	137	1	137	3.39e-100	283
51P2R2A10_03108	42P1R1A12_00705	96.350	137	5	0	1	137	1	137	7.13e-97	274
51P2R2A10_03115	51P2R2A10_03115	100.000	265	0	0	1	265	1	265	0.0	531
51P2R2A10_03115	42P1R1A12_00712	97.358	265	7	0	1	265	1	265	0.0	516
51P2R2A10_03116	51P2R2A10_03116	100.000	160	0	0	1	160	1	160	9.14e-114	319
51P2R2A10_03116	42P1R1A12_00713	96.875	160	5	0	1	160	1	160	4.61e-110	310
51P2R2A10_03116	31P2R1A5_03346	96.250	160	6	0	1	160	1	160	9.52e-110	309
51P2R2A10_03128	51P2R2A10_03128	100.000	126	0	0	1	126	1	126	5.33e-86	246
51P2R2A10_03128	42P1R1A12_00725	95.238	126	6	0	1	126	1	126	1.12e-74	218
51P2R2A10_03129	51P2R2A10_03129	100.000	176	0	0	1	176	1	176	1.27e-122	343
51P2R2A10_03130	51P2R2A10_03130	100.000	58	0	0	1	58	1	58	2.73e-35	113
51P2R2A10_03131	51P2R2A10_03131	100.000	187	0	0	1	187	1	187	2.00e-136	379
51P2R2A10_03133	51P2R2A10_03133	100.000	217	0	0	1	217	1	217	1.01e-161	445
51P2R2A10_03133	42P1R1A12_00730	95.392	217	10	0	1	217	1	217	6.66e-154	425
51P2R2A10_03138	51P2R2A10_03138	100.000	189	0	0	1	189	1	189	2.43e-141	391
51P2R2A10_03138	42P1R1A12_00735	97.354	189	5	0	1	189	1	189	7.68e-137	380
51P2R2A10_03140	51P2R2A10_03140	100.000	485	0	0	1	485	1	485	0.0	979
51P2R2A10_03141	51P2R2A10_03141	100.000	233	0	0	1	233	1	233	1.01e-175	481
51P2R2A10_03143	51P2R2A10_03143	100.000	88	0	0	1	88	1	88	6.93e-62	182
51P2R2A10_03143	42P1R1A12_00740	97.727	88	2	0	1	88	1	88	9.25e-61	179
51P2R2A10_03146	51P2R2A10_03146	100.000	105	0	0	1	105	1	105	2.29e-72	210
51P2R2A10_03146	42P1R1A12_00743	97.143	105	3	0	1	105	1	105	1.83e-70	205
51P2R2A10_03147	51P2R2A10_03147	100.000	686	0	0	1	686	1	686	0.0	1437
51P2R2A10_03147	42P1R1A12_00744	97.522	686	17	0	1	686	1	686	0.0	1410
51P2R2A10_03153	51P2R2A10_03153	100.000	529	0	0	1	529	1	529	0.0	1072
51P2R2A10_03155	51P2R2A10_03155	100.000	272	0	0	1	272	1	272	0.0	541
51P2R2A10_03156	51P2R2A10_03156	100.000	118	0	0	1	118	1	118	4.56e-82	235
51P2R2A10_03156	42P1R1A12_00753	95.763	118	5	0	1	118	1	118	4.80e-79	228
51P2R2A10_03158	51P2R2A10_03158	100.000	476	0	0	1	476	1	476	0.0	957
51P2R2A10_03158	42P1R1A12_00755	97.269	476	13	0	1	476	1	476	0.0	933
51P2R2A10_03160	51P2R2A10_03160	100.000	86	0	0	1	86	1	86	2.52e-56	168
51P2R2A10_03160	42P1R1A12_00757	97.674	86	2	0	1	86	1	86	4.52e-55	165
51P2R2A10_03161	51P2R2A10_03161	100.000	136	0	0	1	136	1	136	9.78e-94	266
51P2R2A10_03162	51P2R2A10_03162	100.000	104	0	0	1	104	1	104	4.38e-72	209
51P2R2A10_03162	42P1R1A12_00759	97.115	104	3	0	1	104	1	104	1.61e-70	205
51P2R2A10_03162	31P2R1A5_03301	95.192	104	5	0	1	104	1	104	7.33e-69	201
51P2R2A10_03163	51P2R2A10_03163	100.000	170	0	0	1	170	1	170	1.16e-119	335
51P2R2A10_03163	42P1R1A12_00760	95.294	170	8	0	1	170	1	170	7.19e-101	287
51P2R2A10_03164	51P2R2A10_03164	100.000	292	0	0	1	292	1	292	0.0	602
51P2R2A10_03164	42P1R1A12_00761	97.902	286	6	0	1	286	1	286	0.0	581
51P2R2A10_03165	51P2R2A10_03165	100.000	314	0	0	1	314	1	314	0.0	650
51P2R2A10_03166	51P2R2A10_03166	100.000	495	0	0	1	495	1	495	0.0	1021
51P2R2A10_03167	51P2R2A10_03167	100.000	247	0	0	1	247	1	247	2.69e-171	471
51P2R2A10_03170	51P2R2A10_03170	100.000	78	0	0	1	78	1	78	1.68e-54	162
51P2R2A10_03174	51P2R2A10_03174	100.000	351	0	0	1	351	1	351	0.0	729
51P2R2A10_03174	42P1R1A12_00768	96.296	351	13	0	1	351	1	351	0.0	709
51P2R2A10_03175	51P2R2A10_03175	100.000	273	0	0	1	273	1	273	0.0	563
51P2R2A10_03175	42P1R1A12_00769	96.337	273	10	0	1	273	1	273	0.0	545
51P2R2A10_03176	51P2R2A10_03176	100.000	567	0	0	1	567	1	567	0.0	1159
51P2R2A10_03176	42P1R1A12_00770	95.944	567	23	0	1	567	1	567	0.0	1084
51P2R2A10_03177	51P2R2A10_03177	100.000	232	0	0	1	232	1	232	2.11e-176	483
51P2R2A10_03177	42P1R1A12_00771	97.845	232	5	0	1	232	1	232	6.50e-172	472
51P2R2A10_03177	31P2R1A5_03290	96.087	230	9	0	1	230	1	230	7.59e-169	464
51P2R2A10_03179	51P2R2A10_03179	100.000	122	0	0	1	122	1	122	4.53e-85	243
51P2R2A10_03179	42P1R1A12_00773	96.721	122	4	0	1	122	1	122	1.29e-81	234
51P2R2A10_03187	51P2R2A10_03187	100.000	492	0	0	1	492	1	492	0.0	972
51P2R2A10_03187	42P1R1A12_00782	97.154	492	14	0	1	492	1	492	0.0	949
51P2R2A10_03193	51P2R2A10_03193	100.000	111	0	0	1	111	1	111	1.26e-71	208
51P2R2A10_03194	51P2R2A10_03194	100.000	253	0	0	1	253	1	253	0.0	518
51P2R2A10_03194	42P1R1A12_00790	96.838	253	8	0	1	253	1	253	0.0	502
51P2R2A10_03195	51P2R2A10_03195	100.000	274	0	0	1	274	1	274	0.0	551
51P2R2A10_03196	51P2R2A10_03196	100.000	559	0	0	1	559	1	559	0.0	1149
51P2R2A10_03198	51P2R2A10_03198	100.000	568	0	0	1	568	1	568	0.0	1150
51P2R2A10_03198	42P1R1A12_00794	95.423	568	26	0	1	568	1	568	0.0	1095
51P2R2A10_03199	51P2R2A10_03199	100.000	273	0	0	1	273	1	273	0.0	541
51P2R2A10_03200	51P2R2A10_03200	100.000	455	0	0	1	455	1	455	0.0	905
51P2R2A10_03200	42P1R1A12_00796	97.143	455	13	0	1	455	1	455	0.0	881
51P2R2A10_03205	51P2R2A10_03205	100.000	304	0	0	1	304	1	304	0.0	630
51P2R2A10_03205	42P1R1A12_00801	96.711	304	10	0	1	304	1	304	0.0	613
51P2R2A10_03206	51P2R2A10_03206	100.000	197	0	0	1	197	1	197	5.15e-144	398
51P2R2A10_03206	42P1R1A12_00802	97.462	197	5	0	1	197	1	197	1.44e-139	387
51P2R2A10_03207	51P2R2A10_03207	100.000	523	0	0	1	523	1	523	0.0	1073
51P2R2A10_03207	42P1R1A12_00803	99.172	483	4	0	41	523	1	483	0.0	982
51P2R2A10_03207	31P2R1A5_03259	97.308	483	13	0	41	523	1	483	0.0	965
51P2R2A10_03211	51P2R2A10_03211	100.000	325	0	0	1	325	1	325	0.0	671
51P2R2A10_03211	42P1R1A12_00807	97.846	325	7	0	1	325	1	325	0.0	657
51P2R2A10_03212	42P1R1A12_00808	100.000	163	0	0	1	163	7	169	2.09e-116	326
51P2R2A10_03212	51P2R2A10_03212	100.000	163	0	0	1	163	1	163	3.16e-116	325
51P2R2A10_03213	51P2R2A10_03213	100.000	326	0	0	1	326	1	326	0.0	660
51P2R2A10_03213	42P1R1A12_00809	96.296	324	12	0	1	324	1	324	0.0	634
51P2R2A10_03217	51P2R2A10_03217	100.000	150	0	0	1	150	1	150	5.96e-109	306
51P2R2A10_03217	31P2R1A5_03249	98.000	150	3	0	1	150	1	150	5.36e-107	301
51P2R2A10_03217	18P3R3A11_02317	96.667	150	5	0	1	150	1	150	3.71e-105	296
51P2R2A10_03217	10P3R2A13_01091	95.333	150	7	0	1	150	1	150	1.78e-104	295
51P2R2A10_03218	51P2R2A10_03218	100.000	181	0	0	1	181	1	181	2.55e-130	362
51P2R2A10_03218	42P1R1A12_00814	96.685	181	6	0	1	181	1	181	1.25e-125	350
51P2R2A10_03220	51P2R2A10_03220	100.000	230	0	0	1	230	1	230	3.05e-165	455
51P2R2A10_03220	42P1R1A12_00816	96.522	230	8	0	1	230	1	230	3.78e-160	442
51P2R2A10_03221	51P2R2A10_03221	100.000	126	0	0	1	126	1	126	3.50e-92	261
51P2R2A10_03222	51P2R2A10_03222	100.000	464	0	0	1	464	1	464	0.0	943
51P2R2A10_03225	51P2R2A10_03225	100.000	111	0	0	1	111	1	111	5.04e-77	222
51P2R2A10_03225	18P3R3A11_02324	97.297	111	3	0	1	111	1	111	8.77e-75	216
51P2R2A10_03225	10P3R2A13_01085	95.495	111	5	0	1	111	1	111	4.71e-73	212
51P2R2A10_03227	51P2R2A10_03227	100.000	357	0	0	1	357	1	357	0.0	727
51P2R2A10_03227	18P3R3A11_02326	96.359	357	13	0	1	357	1	357	0.0	705
51P2R2A10_03227	38P2R3A13_08533	95.238	357	17	0	1	357	1	357	0.0	699
51P2R2A10_03227	38P2R3A13_01270	95.518	357	16	0	1	357	1	357	0.0	697
51P2R2A10_03228	51P2R2A10_03228	100.000	194	0	0	1	194	1	194	1.78e-142	394
51P2R2A10_03230	51P2R2A10_03230	100.000	465	0	0	1	465	1	465	0.0	931
51P2R2A10_03231	51P2R2A10_03231	100.000	884	0	0	1	884	1	884	0.0	1707
51P2R2A10_03235	51P2R2A10_03235	100.000	301	0	0	1	301	1	301	0.0	617
51P2R2A10_03235	42P1R1A12_00831	97.993	299	6	0	1	299	1	299	0.0	603
51P2R2A10_03236	51P2R2A10_03236	100.000	606	0	0	1	606	1	606	0.0	1249
51P2R2A10_03236	42P1R1A12_00832	97.360	606	16	0	1	606	1	606	0.0	1219
51P2R2A10_03238	51P2R2A10_03238	100.000	440	0	0	1	440	1	440	0.0	865
51P2R2A10_03238	42P1R1A12_00834	97.955	440	9	0	1	440	1	440	0.0	853
51P2R2A10_03238	31P2R1A5_03226	95.455	440	20	0	1	440	1	440	0.0	835
