51P2R2A10_03239	51P2R2A10_03239	100.000	430	0	0	1	430	1	430	0.0	883
51P2R2A10_03239	42P1R1A12_00835	96.744	430	14	0	1	430	1	430	0.0	857
51P2R2A10_03241	51P2R2A10_03241	100.000	401	0	0	1	401	1	401	0.0	823
51P2R2A10_03242	51P2R2A10_03242	100.000	1045	0	0	1	1045	1	1045	0.0	2059
51P2R2A10_03243	51P2R2A10_03243	100.000	121	0	0	1	121	1	121	4.35e-84	241
51P2R2A10_03247	51P2R2A10_03247	100.000	222	0	0	1	222	1	222	1.68e-160	442
51P2R2A10_03249	51P2R2A10_03249	100.000	176	0	0	1	176	1	176	5.77e-129	358
51P2R2A10_03249	42P1R1A12_00845	96.023	176	7	0	1	176	1	176	2.42e-125	349
51P2R2A10_03250	51P2R2A10_03250	100.000	233	0	0	1	233	1	233	2.57e-169	465
51P2R2A10_03250	42P1R1A12_00846	96.996	233	7	0	1	233	1	233	8.55e-165	454
51P2R2A10_03251	51P2R2A10_03251	100.000	153	0	0	1	153	1	153	1.24e-109	308
51P2R2A10_03251	42P1R1A12_00847	97.386	153	4	0	1	153	1	153	2.06e-106	300
51P2R2A10_03255	51P2R2A10_03255	100.000	87	0	0	1	87	1	87	3.37e-56	167
51P2R2A10_03255	42P1R1A12_00851	97.701	87	2	0	1	87	1	87	1.52e-54	163
51P2R2A10_03257	51P2R2A10_03257	100.000	429	0	0	1	429	1	429	0.0	858
51P2R2A10_03257	42P1R1A12_00853	97.669	429	10	0	1	429	1	429	0.0	838
51P2R2A10_03258	51P2R2A10_03258	100.000	255	0	0	1	255	1	255	0.0	520
51P2R2A10_03258	42P1R1A12_00854	96.471	255	9	0	1	255	1	255	0.0	502
51P2R2A10_03260	51P2R2A10_03260	100.000	237	0	0	1	237	1	237	8.35e-175	479
51P2R2A10_03263	51P2R2A10_03263	100.000	101	0	0	1	101	1	101	1.79e-70	205
51P2R2A10_03263	42P1R1A12_00859	97.030	101	3	0	1	101	1	101	1.78e-68	200
51P2R2A10_03264	51P2R2A10_03264	100.000	369	0	0	1	369	1	369	0.0	764
51P2R2A10_03264	42P1R1A12_00860	95.393	369	17	0	1	369	1	369	0.0	734
51P2R2A10_03266	51P2R2A10_03266	100.000	178	0	0	1	178	1	178	1.23e-132	368
51P2R2A10_03266	42P1R1A12_00862	97.753	178	4	0	1	178	1	178	2.05e-130	362
51P2R2A10_03267	51P2R2A10_03267	100.000	390	0	0	1	390	1	390	0.0	803
51P2R2A10_03267	42P1R1A12_00863	97.436	390	10	0	1	390	1	390	0.0	783
51P2R2A10_03269	51P2R2A10_03269	100.000	573	0	0	1	573	1	573	0.0	1172
51P2R2A10_03269	42P1R1A12_00866	97.731	573	13	0	1	573	1	573	0.0	1147
51P2R2A10_03272	51P2R2A10_03272	100.000	257	0	0	1	257	1	257	0.0	518
51P2R2A10_03276	51P2R2A10_03276	100.000	434	0	0	1	434	1	434	0.0	861
51P2R2A10_03279	51P2R2A10_03279	100.000	349	0	0	1	349	1	349	0.0	722
51P2R2A10_03279	42P1R1A12_00876	97.994	349	7	0	1	349	1	349	0.0	708
51P2R2A10_03280	51P2R2A10_03280	100.000	311	0	0	1	311	1	311	0.0	630
51P2R2A10_03280	42P1R1A12_00877	96.785	311	10	0	1	311	1	311	0.0	615
51P2R2A10_03281	51P2R2A10_03281	100.000	477	0	0	1	477	1	477	0.0	957
51P2R2A10_03281	31P2R1A5_03192	95.425	459	21	0	19	477	12	470	0.0	884
51P2R2A10_03282	51P2R2A10_03282	100.000	461	0	0	1	461	1	461	0.0	946
51P2R2A10_03283	51P2R2A10_03283	100.000	460	0	0	1	460	1	460	0.0	907
51P2R2A10_03283	31P2R1A5_03191	96.304	460	17	0	1	460	1	460	0.0	880
51P2R2A10_03283	42P1R1A12_00879	98.691	382	5	0	1	382	1	382	0.0	742
51P2R2A10_03283	42P1R1A12_00880	98.077	52	1	0	409	460	1	52	6.31e-27	102
51P2R2A10_03295	51P2R2A10_03295	100.000	228	0	0	1	228	1	228	6.32e-160	441
51P2R2A10_03295	42P1R1A12_00892	96.053	228	9	0	1	228	1	228	1.20e-154	428
51P2R2A10_03296	51P2R2A10_03296	100.000	235	0	0	1	235	1	235	3.09e-178	488
51P2R2A10_03296	42P1R1A12_00893	97.021	235	7	0	1	235	1	235	1.90e-173	476
51P2R2A10_03297	51P2R2A10_03297	100.000	548	0	0	1	548	1	548	0.0	1137
51P2R2A10_03297	42P1R1A12_00894	96.898	548	17	0	1	548	1	548	0.0	1104
51P2R2A10_03298	51P2R2A10_03298	100.000	842	0	0	1	842	1	842	0.0	1712
51P2R2A10_03298	42P1R1A12_00895	97.981	842	17	0	1	842	1	842	0.0	1683
51P2R2A10_03300	51P2R2A10_03300	100.000	196	0	0	1	196	1	196	9.85e-137	380
51P2R2A10_03300	42P1R1A12_00897	97.449	196	5	0	1	196	1	196	6.97e-133	370
51P2R2A10_03300	31P2R1A5_03174	95.408	196	9	0	1	196	1	196	2.94e-131	366
51P2R2A10_03301	51P2R2A10_03301	100.000	181	0	0	1	181	1	181	2.08e-132	368
51P2R2A10_03301	42P1R1A12_00899	97.238	181	5	0	1	181	1	181	8.71e-130	361
51P2R2A10_03302	51P2R2A10_03302	100.000	281	0	0	1	281	1	281	0.0	578
51P2R2A10_03302	42P1R1A12_00900	95.374	281	13	0	1	281	1	281	0.0	554
51P2R2A10_03304	51P2R2A10_03304	100.000	291	0	0	1	291	1	291	0.0	587
51P2R2A10_03304	42P1R1A12_00902	97.595	291	7	0	1	291	1	291	0.0	572
51P2R2A10_03305	51P2R2A10_03305	100.000	294	0	0	1	294	1	294	0.0	582
51P2R2A10_03305	42P1R1A12_00903	97.279	294	8	0	1	294	1	294	0.0	567
51P2R2A10_03306	51P2R2A10_03306	100.000	221	0	0	1	221	1	221	3.76e-163	449
51P2R2A10_03307	51P2R2A10_03307	100.000	270	0	0	1	270	1	270	0.0	514
51P2R2A10_03308	51P2R2A10_03308	100.000	266	0	0	1	266	1	266	0.0	549
51P2R2A10_03308	42P1R1A12_00906	96.241	266	10	0	1	266	1	266	0.0	530
51P2R2A10_03309	51P2R2A10_03309	100.000	596	0	0	1	596	1	596	0.0	1226
51P2R2A10_03309	42P1R1A12_00907	96.812	596	19	0	1	596	1	596	0.0	1187
51P2R2A10_03310	51P2R2A10_03310	100.000	248	0	0	1	248	1	248	2.00e-180	494
51P2R2A10_03310	42P1R1A12_00908	97.581	248	6	0	1	248	1	248	1.90e-176	484
51P2R2A10_03311	51P2R2A10_03311	100.000	523	0	0	1	523	1	523	0.0	1004
51P2R2A10_03311	42P1R1A12_00909	97.323	523	14	0	1	523	1	523	0.0	978
51P2R2A10_03311	31P2R1A5_00117	95.602	523	23	0	1	523	1	523	0.0	875
51P2R2A10_03312	51P2R2A10_03312	100.000	356	0	0	1	356	1	356	0.0	710
51P2R2A10_03312	42P1R1A12_00910	95.506	356	16	0	1	356	1	356	0.0	683
51P2R2A10_03319	51P2R2A10_03319	100.000	395	0	0	1	395	1	395	0.0	821
51P2R2A10_03319	54P2R2A3_01961	96.915	389	12	0	1	389	1	389	0.0	793
51P2R2A10_03320	51P2R2A10_03320	100.000	370	0	0	1	370	1	370	0.0	760
51P2R2A10_03321	51P2R2A10_03321	100.000	588	0	0	1	588	1	588	0.0	1191
51P2R2A10_03322	51P2R2A10_03322	100.000	42	0	0	1	42	1	42	2.41e-24	84.3
51P2R2A10_03323	51P2R2A10_03323	100.000	245	0	0	1	245	1	245	0.0	503
51P2R2A10_03324	51P2R2A10_03324	100.000	665	0	0	1	665	1	665	0.0	1387
51P2R2A10_03325	51P2R2A10_03325	100.000	151	0	0	1	151	1	151	3.85e-107	301
51P2R2A10_03326	51P2R2A10_03326	100.000	91	0	0	1	91	1	91	1.82e-61	181
51P2R2A10_03327	51P2R2A10_03327	100.000	454	0	0	1	454	1	454	0.0	896
51P2R2A10_03328	51P2R2A10_03328	100.000	138	0	0	1	138	1	138	2.15e-97	276
51P2R2A10_03329	51P2R2A10_03329	100.000	186	0	0	1	186	1	186	3.60e-138	383
51P2R2A10_03330	51P2R2A10_03330	100.000	506	0	0	1	506	1	506	0.0	1016
51P2R2A10_03331	51P2R2A10_03331	100.000	666	0	0	1	666	1	666	0.0	1387
51P2R2A10_03332	51P2R2A10_03332	100.000	283	0	0	1	283	1	283	0.0	583
51P2R2A10_03333	51P2R2A10_03333	100.000	423	0	0	1	423	1	423	0.0	860
51P2R2A10_03334	51P2R2A10_03334	100.000	264	0	0	1	264	1	264	0.0	547
51P2R2A10_03335	51P2R2A10_03335	100.000	276	0	0	1	276	1	276	0.0	573
51P2R2A10_03336	51P2R2A10_03336	100.000	359	0	0	1	359	1	359	0.0	751
51P2R2A10_03337	51P2R2A10_03337	100.000	563	0	0	1	563	1	563	0.0	1169
51P2R2A10_03338	51P2R2A10_03338	100.000	186	0	0	1	186	1	186	4.51e-140	387
51P2R2A10_03339	51P2R2A10_03339	100.000	424	0	0	1	424	1	424	0.0	850
51P2R2A10_03340	51P2R2A10_03340	100.000	232	0	0	1	232	1	232	4.13e-174	477
51P2R2A10_03341	51P2R2A10_03341	100.000	123	0	0	1	123	1	123	6.35e-85	243
51P2R2A10_03342	51P2R2A10_03342	100.000	249	0	0	1	249	1	249	0.0	506
51P2R2A10_03343	51P2R2A10_03343	100.000	429	0	0	1	429	1	429	0.0	853
51P2R2A10_03344	51P2R2A10_03344	100.000	1030	0	0	1	1030	1	1030	0.0	2081
51P2R2A10_03345	51P2R2A10_03345	100.000	370	0	0	1	370	1	370	0.0	726
51P2R2A10_03346	51P2R2A10_03346	100.000	207	0	0	1	207	1	207	4.19e-155	427
51P2R2A10_03347	51P2R2A10_03347	100.000	162	0	0	1	162	1	162	1.60e-116	326
51P2R2A10_03348	51P2R2A10_03348	100.000	430	0	0	1	430	1	430	0.0	848
51P2R2A10_03348	42P1R1A12_04853	96.279	430	16	0	1	430	1	430	0.0	814
51P2R2A10_03349	51P2R2A10_03349	100.000	283	0	0	1	283	1	283	0.0	588
51P2R2A10_03353	51P2R2A10_03353	100.000	447	0	0	1	447	1	447	0.0	927
51P2R2A10_03354	51P2R2A10_03354	100.000	543	0	0	1	543	1	543	0.0	1114
51P2R2A10_03355	51P2R2A10_03355	100.000	184	0	0	1	184	1	184	2.32e-138	383
51P2R2A10_03358	51P2R2A10_03358	100.000	492	0	0	1	492	1	492	0.0	1021
51P2R2A10_03359	51P2R2A10_03359	100.000	259	0	0	1	259	1	259	0.0	531
51P2R2A10_03359	42P1R1A12_04866	97.297	259	7	0	1	259	1	259	0.0	518
51P2R2A10_03360	51P2R2A10_03360	100.000	331	0	0	1	331	1	331	0.0	682
51P2R2A10_03362	51P2R2A10_03362	100.000	84	0	0	1	84	1	84	1.20e-57	171
51P2R2A10_03363	51P2R2A10_03363	100.000	483	0	0	1	483	1	483	0.0	984
51P2R2A10_03363	42P1R1A12_04870	97.516	483	12	0	1	483	1	483	0.0	961
51P2R2A10_03365	51P2R2A10_03365	100.000	429	0	0	1	429	1	429	0.0	891
51P2R2A10_03365	42P1R1A12_04872	98.798	416	5	0	14	429	1	416	0.0	857
51P2R2A10_03366	51P2R2A10_03366	100.000	185	0	0	1	185	1	185	7.21e-136	377
51P2R2A10_03366	42P1R1A12_04873	96.757	185	6	0	1	185	1	185	7.85e-132	367
51P2R2A10_03367	51P2R2A10_03367	100.000	696	0	0	1	696	1	696	0.0	1422
51P2R2A10_03368	51P2R2A10_03368	100.000	406	0	0	1	406	1	406	0.0	807
51P2R2A10_03368	42P1R1A12_04875	97.291	406	11	0	1	406	1	406	0.0	786
51P2R2A10_03370	51P2R2A10_03370	100.000	342	0	0	1	342	1	342	0.0	707
51P2R2A10_03370	42P1R1A12_04877	97.076	342	10	0	1	342	1	342	0.0	693
51P2R2A10_03371	51P2R2A10_03371	100.000	379	0	0	1	379	1	379	0.0	790
51P2R2A10_03371	42P1R1A12_04878	95.515	379	17	0	1	379	27	405	0.0	759
51P2R2A10_03372	51P2R2A10_03372	100.000	372	0	0	1	372	1	372	0.0	769
51P2R2A10_03372	42P1R1A12_04879	97.312	372	10	0	1	372	1	372	0.0	748
51P2R2A10_03373	51P2R2A10_03373	100.000	137	0	0	1	137	1	137	2.74e-97	275
51P2R2A10_03373	42P1R1A12_04880	96.350	137	5	0	1	137	1	137	9.32e-95	269
51P2R2A10_03374	51P2R2A10_03374	100.000	473	0	0	1	473	1	473	0.0	974
51P2R2A10_03375	51P2R2A10_03375	100.000	169	0	0	1	169	1	169	2.52e-122	341
51P2R2A10_03375	42P1R1A12_04882	95.210	167	8	0	1	167	1	167	7.49e-115	322
51P2R2A10_03376	51P2R2A10_03376	100.000	133	0	0	1	133	1	133	5.34e-97	274
51P2R2A10_03376	42P1R1A12_04883	96.992	133	4	0	1	133	1	133	2.61e-93	265
51P2R2A10_03380	51P2R2A10_03380	100.000	164	0	0	1	164	1	164	4.71e-119	333
51P2R2A10_03382	51P2R2A10_03382	100.000	286	0	0	1	286	1	286	0.0	590
51P2R2A10_03382	42P1R1A12_04889	95.105	286	14	0	1	286	1	286	0.0	564
51P2R2A10_03383	51P2R2A10_03383	100.000	72	0	0	1	72	1	72	3.04e-47	144
51P2R2A10_03387	51P2R2A10_03387	100.000	265	0	0	1	265	1	265	0.0	538
51P2R2A10_03387	42P1R1A12_04894	95.849	265	11	0	1	265	1	265	6.95e-180	495
51P2R2A10_03389	51P2R2A10_03389	100.000	448	0	0	1	448	1	448	0.0	914
51P2R2A10_03389	42P1R1A12_04896	97.321	448	12	0	1	448	1	448	0.0	895
51P2R2A10_03391	51P2R2A10_03391	100.000	256	0	0	1	256	1	256	0.0	535
51P2R2A10_03391	42P1R1A12_04898	97.656	256	6	0	1	256	1	256	0.0	522
51P2R2A10_03399	51P2R2A10_03399	100.000	252	0	0	1	252	1	252	0.0	529
51P2R2A10_03401	51P2R2A10_03401	100.000	278	0	0	1	278	1	278	0.0	573
51P2R2A10_03401	42P1R1A12_04908	97.842	278	6	0	1	278	1	278	0.0	563
51P2R2A10_03403	51P2R2A10_03403	100.000	397	0	0	1	397	1	397	0.0	758
51P2R2A10_03403	42P1R1A12_04910	97.733	397	9	0	1	397	1	397	0.0	742
51P2R2A10_03405	51P2R2A10_03405	100.000	268	0	0	1	268	1	268	0.0	544
51P2R2A10_03405	42P1R1A12_04912	95.149	268	13	0	1	268	1	268	0.0	522
51P2R2A10_03407	51P2R2A10_03407	100.000	1017	0	0	1	1017	1	1017	0.0	2127
51P2R2A10_03408	51P2R2A10_03408	100.000	636	0	0	1	636	1	636	0.0	1294
51P2R2A10_03409	51P2R2A10_03409	100.000	233	0	0	1	233	1	233	1.52e-169	466
51P2R2A10_03410	51P2R2A10_03410	100.000	206	0	0	1	206	1	206	3.50e-151	417
51P2R2A10_03411	51P2R2A10_03411	100.000	425	0	0	1	425	1	425	0.0	839
51P2R2A10_03411	42P1R1A12_04208	97.882	425	9	0	1	425	1	425	0.0	822
51P2R2A10_03412	51P2R2A10_03412	100.000	505	0	0	1	505	1	505	0.0	1037
51P2R2A10_03412	42P1R1A12_04209	97.822	505	11	0	1	505	1	505	0.0	1014
51P2R2A10_03412	44P3R3A6_05049	95.842	505	21	0	1	505	1	505	0.0	998
51P2R2A10_03413	51P2R2A10_03413	100.000	345	0	0	1	345	1	345	0.0	695
51P2R2A10_03413	42P1R1A12_04210	97.101	345	10	0	1	345	1	345	0.0	679
51P2R2A10_03414	51P2R2A10_03414	100.000	327	0	0	1	327	1	327	0.0	657
51P2R2A10_03415	51P2R2A10_03415	100.000	282	0	0	1	282	1	282	0.0	548
51P2R2A10_03415	42P1R1A12_04212	96.429	280	10	0	1	280	1	280	0.0	530
51P2R2A10_03417	51P2R2A10_03417	100.000	300	0	0	1	300	1	300	0.0	624
51P2R2A10_03417	42P1R1A12_04214	96.333	300	11	0	1	300	1	300	0.0	603
51P2R2A10_03418	51P2R2A10_03418	100.000	251	0	0	1	251	1	251	0.0	522
51P2R2A10_03419	51P2R2A10_03419	100.000	311	0	0	1	311	1	311	0.0	643
51P2R2A10_03420	51P2R2A10_03420	100.000	373	0	0	1	373	1	373	0.0	748
51P2R2A10_03421	51P2R2A10_03421	100.000	152	0	0	1	152	1	152	1.35e-110	310
51P2R2A10_03421	42P1R1A12_04218	97.368	152	4	0	1	152	1	152	4.33e-108	304
51P2R2A10_03422	51P2R2A10_03422	100.000	242	0	0	1	242	1	242	4.58e-175	481
51P2R2A10_03422	42P1R1A12_04219	96.694	242	8	0	1	242	1	242	1.87e-171	471
51P2R2A10_03426	51P2R2A10_03426	100.000	415	0	0	1	415	1	415	0.0	830
51P2R2A10_03426	42P1R1A12_04223	95.215	418	17	1	1	415	1	418	0.0	792
51P2R2A10_03429	51P2R2A10_03429	100.000	472	0	0	1	472	1	472	0.0	936
51P2R2A10_03433	51P2R2A10_03433	100.000	298	0	0	1	298	1	298	0.0	599
51P2R2A10_03433	42P1R1A12_04230	97.315	298	8	0	1	298	1	298	0.0	586
51P2R2A10_03433	31P2R1A5_00800	95.638	298	13	0	1	298	2	299	0.0	576
51P2R2A10_03434	51P2R2A10_03434	100.000	157	0	0	1	157	1	157	3.20e-114	320
51P2R2A10_03435	51P2R2A10_03435	100.000	269	0	0	1	269	1	269	0.0	561
51P2R2A10_03436	51P2R2A10_03436	100.000	258	0	0	1	258	1	258	0.0	527
51P2R2A10_03436	42P1R1A12_03524	96.512	258	9	0	1	258	1	258	0.0	506
51P2R2A10_03436	31P2R1A5_00799	95.736	258	11	0	1	258	1	258	0.0	505
51P2R2A10_03437	51P2R2A10_03437	100.000	288	0	0	1	288	1	288	0.0	584
51P2R2A10_03437	42P1R1A12_03523	96.528	288	10	0	1	288	1	288	0.0	563
51P2R2A10_03437	31P2R1A5_00798	95.486	288	13	0	1	288	1	288	0.0	562
51P2R2A10_03440	51P2R2A10_03440	100.000	541	0	0	1	541	1	541	0.0	1115
51P2R2A10_03440	42P1R1A12_03520	96.673	541	18	0	1	541	17	557	0.0	1085
51P2R2A10_03440	54P2R2A3_04550	96.488	541	19	0	1	541	17	557	0.0	1083
51P2R2A10_03440	31P2R1A5_00795	96.303	541	20	0	1	541	1	541	0.0	1063
51P2R2A10_03441	51P2R2A10_03441	100.000	385	0	0	1	385	1	385	0.0	800
51P2R2A10_03441	31P2R1A5_00794	97.662	385	9	0	1	385	1	385	0.0	785
51P2R2A10_03442	51P2R2A10_03442	100.000	221	0	0	1	221	1	221	2.77e-162	447
51P2R2A10_03444	51P2R2A10_03444	100.000	488	0	0	1	488	1	488	0.0	1005
51P2R2A10_03444	42P1R1A12_03516	96.721	488	16	0	1	488	1	488	0.0	981
51P2R2A10_03445	51P2R2A10_03445	100.000	456	0	0	1	456	1	456	0.0	950
51P2R2A10_03445	31P2R1A5_00790	96.711	456	15	0	1	456	1	456	0.0	922
51P2R2A10_03445	42P1R1A12_03515	95.833	456	19	0	1	456	1	456	0.0	921
51P2R2A10_03447	51P2R2A10_03447	100.000	334	0	0	1	334	1	334	0.0	687
51P2R2A10_03448	51P2R2A10_03448	100.000	250	0	0	1	250	1	250	0.0	505
51P2R2A10_03448	42P1R1A12_03512	96.800	250	8	0	1	250	1	250	3.07e-180	494
51P2R2A10_03448	54P2R2A3_04542	96.400	250	9	0	1	250	1	250	6.55e-180	493
51P2R2A10_03449	51P2R2A10_03449	100.000	536	0	0	1	536	1	536	0.0	1097
51P2R2A10_03449	42P1R1A12_03511	95.709	536	23	0	1	536	1	536	0.0	1037
51P2R2A10_03454	51P2R2A10_03454	100.000	316	0	0	1	316	1	316	0.0	633
51P2R2A10_03454	42P1R1A12_03506	97.749	311	7	0	1	311	1	311	0.0	612
51P2R2A10_03455	51P2R2A10_03455	100.000	604	0	0	1	604	1	604	0.0	1213
51P2R2A10_03457	51P2R2A10_03457	100.000	307	0	0	1	307	1	307	0.0	618
51P2R2A10_03457	42P1R1A12_03503	95.114	307	15	0	1	307	1	307	0.0	591
51P2R2A10_03459	51P2R2A10_03459	100.000	110	0	0	1	110	1	110	1.66e-78	226
51P2R2A10_03462	51P2R2A10_03462	100.000	1240	0	0	1	1240	1	1240	0.0	2535
51P2R2A10_03463	51P2R2A10_03463	100.000	1199	0	0	1	1199	1	1199	0.0	2439
51P2R2A10_03464	51P2R2A10_03464	100.000	363	0	0	1	363	1	363	0.0	744
51P2R2A10_03465	51P2R2A10_03465	100.000	762	0	0	1	762	1	762	0.0	1526
51P2R2A10_03466	51P2R2A10_03466	100.000	379	0	0	1	379	1	379	0.0	768
51P2R2A10_03467	51P2R2A10_03467	100.000	669	0	0	1	669	1	669	0.0	1345
51P2R2A10_03468	51P2R2A10_03468	100.000	154	0	0	1	154	1	154	1.35e-113	318
51P2R2A10_03468	42P1R1A12_03498	95.425	153	7	0	1	153	1	153	8.73e-109	306
51P2R2A10_03469	51P2R2A10_03469	100.000	156	0	0	1	156	1	156	1.55e-114	320
51P2R2A10_03469	42P1R1A12_03497	96.154	156	6	0	1	156	1	156	9.15e-110	308
51P2R2A10_03472	51P2R2A10_03472	100.000	253	0	0	1	253	1	253	0.0	515
51P2R2A10_03474	51P2R2A10_03474	100.000	246	0	0	1	246	1	246	1.73e-172	474
51P2R2A10_03474	42P1R1A12_03492	96.341	246	9	0	1	246	1	246	4.28e-166	458
51P2R2A10_03475	51P2R2A10_03475	100.000	316	0	0	1	316	1	316	0.0	633
51P2R2A10_03475	42P1R1A12_03491	96.835	316	10	0	1	316	1	316	0.0	617
51P2R2A10_03476	51P2R2A10_03476	100.000	386	0	0	1	386	1	386	0.0	712
51P2R2A10_03479	51P2R2A10_03479	100.000	581	0	0	1	581	1	581	0.0	1210
51P2R2A10_03479	42P1R1A12_03487	97.762	581	13	0	1	581	1	581	0.0	1186
51P2R2A10_03486	51P2R2A10_03486	100.000	465	0	0	1	465	1	465	0.0	967
51P2R2A10_03486	42P1R1A12_03480	97.849	465	10	0	1	465	1	465	0.0	951
51P2R2A10_03487	51P2R2A10_03487	100.000	620	0	0	1	620	1	620	0.0	1239
51P2R2A10_03487	42P1R1A12_03479	96.452	620	22	0	1	620	1	620	0.0	1178
51P2R2A10_03493	51P2R2A10_03493	100.000	346	0	0	1	346	1	346	0.0	720
51P2R2A10_03493	42P1R1A12_03473	95.376	346	16	0	1	346	1	346	0.0	696
51P2R2A10_03494	51P2R2A10_03494	100.000	453	0	0	1	453	1	453	0.0	890
51P2R2A10_03494	42P1R1A12_03472	97.792	453	10	0	1	453	1	453	0.0	877
51P2R2A10_03496	51P2R2A10_03496	100.000	133	0	0	1	133	1	133	1.97e-91	260
51P2R2A10_03496	42P1R1A12_03470	96.241	133	5	0	1	133	1	133	1.78e-88	253
51P2R2A10_03498	51P2R2A10_03498	100.000	295	0	0	1	295	1	295	0.0	599
51P2R2A10_03498	42P1R1A12_03468	97.966	295	6	0	1	295	1	295	0.0	587
51P2R2A10_03500	51P2R2A10_03500	100.000	220	0	0	1	220	1	220	2.25e-161	444
51P2R2A10_03501	51P2R2A10_03501	100.000	119	0	0	1	119	1	119	6.32e-86	245
51P2R2A10_03502	51P2R2A10_03502	100.000	224	0	0	1	224	1	224	2.64e-165	454
51P2R2A10_03507	51P2R2A10_03507	100.000	386	0	0	1	386	1	386	0.0	762
51P2R2A10_03507	42P1R1A12_03462	96.891	386	12	0	1	386	1	386	0.0	744
51P2R2A10_03509	51P2R2A10_03509	100.000	279	0	0	1	279	1	279	0.0	579
51P2R2A10_03509	42P1R1A12_03460	97.491	279	7	0	1	279	1	279	0.0	566
51P2R2A10_03515	51P2R2A10_03515	100.000	363	0	0	1	363	1	363	0.0	749
51P2R2A10_03515	42P1R1A12_03451	96.100	359	14	0	1	359	1	359	0.0	714
51P2R2A10_03518	51P2R2A10_03518	100.000	312	0	0	1	312	1	312	0.0	645
51P2R2A10_03518	42P1R1A12_03448	96.154	312	12	0	1	312	1	312	0.0	622
51P2R2A10_03522	51P2R2A10_03522	100.000	398	0	0	1	398	1	398	0.0	801
51P2R2A10_03522	42P1R1A12_03444	97.990	398	8	0	1	398	1	398	0.0	789
51P2R2A10_03523	51P2R2A10_03523	100.000	85	0	0	1	85	1	85	4.40e-58	172
51P2R2A10_03523	42P1R1A12_03443	95.181	83	4	0	1	83	1	83	2.47e-54	163
51P2R2A10_03525	51P2R2A10_03525	100.000	489	0	0	1	489	1	489	0.0	1002
51P2R2A10_03525	42P1R1A12_03441	95.501	489	22	0	1	489	1	489	0.0	961
51P2R2A10_03526	51P2R2A10_03526	100.000	326	0	0	1	326	1	326	0.0	662
51P2R2A10_03526	42P1R1A12_03440	96.012	326	13	0	1	326	1	326	0.0	639
51P2R2A10_03527	51P2R2A10_03527	100.000	236	0	0	1	236	1	236	1.63e-172	474
51P2R2A10_03527	42P1R1A12_03439	97.034	236	7	0	1	236	1	236	8.90e-168	462
51P2R2A10_03529	51P2R2A10_03529	100.000	521	0	0	1	521	1	521	0.0	1069
51P2R2A10_03529	42P1R1A12_03437	95.010	521	26	0	1	521	1	521	0.0	1002
51P2R2A10_03530	51P2R2A10_03530	100.000	637	0	0	1	637	1	637	0.0	1310
51P2R2A10_03530	42P1R1A12_03436	96.711	608	20	0	30	637	2	609	0.0	1210
51P2R2A10_03533	51P2R2A10_03533	100.000	540	0	0	1	540	1	540	0.0	1080
51P2R2A10_03533	42P1R1A12_03433	97.925	530	11	0	11	540	1	530	0.0	1038
51P2R2A10_03536	51P2R2A10_03536	100.000	240	0	0	1	240	1	240	1.23e-180	494
51P2R2A10_03536	42P1R1A12_03430	95.417	240	11	0	1	240	1	240	6.51e-174	478
51P2R2A10_03538	51P2R2A10_03538	100.000	95	0	0	1	95	1	95	6.83e-67	195
51P2R2A10_03538	42P1R1A12_03428	95.789	95	4	0	1	95	1	95	7.85e-65	190
51P2R2A10_03539	51P2R2A10_03539	100.000	198	0	0	1	198	1	198	5.68e-145	401
51P2R2A10_03539	42P1R1A12_03427	97.475	198	5	0	1	198	1	198	4.59e-141	391
51P2R2A10_03540	51P2R2A10_03540	100.000	253	0	0	1	253	1	253	0.0	499
51P2R2A10_03546	51P2R2A10_03546	100.000	141	0	0	1	141	1	141	9.13e-101	285
51P2R2A10_03547	51P2R2A10_03547	100.000	164	0	0	1	164	1	164	3.41e-121	338
51P2R2A10_03549	51P2R2A10_03549	100.000	416	0	0	1	416	1	416	0.0	808
51P2R2A10_03549	42P1R1A12_02369	95.913	416	17	0	1	416	1	416	0.0	781
51P2R2A10_03552	51P2R2A10_03552	100.000	217	0	0	1	217	1	217	2.45e-162	446
51P2R2A10_03552	42P1R1A12_02372	95.853	217	9	0	1	217	1	217	2.16e-150	416
51P2R2A10_03553	51P2R2A10_03553	100.000	355	0	0	1	355	1	355	0.0	720
51P2R2A10_03553	42P1R1A12_02373	95.493	355	16	0	1	355	1	355	0.0	692
51P2R2A10_03554	51P2R2A10_03554	100.000	351	0	0	1	351	1	351	0.0	723
51P2R2A10_03554	42P1R1A12_02374	96.581	351	12	0	1	351	1	351	0.0	705
51P2R2A10_03555	51P2R2A10_03555	100.000	373	0	0	1	373	1	373	0.0	739
51P2R2A10_03556	51P2R2A10_03556	100.000	887	0	0	1	887	1	887	0.0	1815
51P2R2A10_03556	42P1R1A12_02376	97.182	887	25	0	1	887	1	887	0.0	1773
51P2R2A10_03558	51P2R2A10_03558	100.000	949	0	0	1	949	1	949	0.0	1957
51P2R2A10_03558	42P1R1A12_02378	96.523	949	33	0	1	949	1	949	0.0	1890
51P2R2A10_03560	51P2R2A10_03560	100.000	243	0	0	1	243	1	243	0.0	504
51P2R2A10_03560	42P1R1A12_02380	97.942	243	5	0	1	243	1	243	1.33e-180	494
51P2R2A10_03564	51P2R2A10_03564	100.000	397	0	0	1	397	1	397	0.0	794
51P2R2A10_03565	51P2R2A10_03565	100.000	283	0	0	1	283	1	283	0.0	573
51P2R2A10_03566	51P2R2A10_03566	100.000	542	0	0	1	542	1	542	0.0	1101
51P2R2A10_03567	51P2R2A10_03567	100.000	420	0	0	1	420	1	420	0.0	840
51P2R2A10_03568	51P2R2A10_03568	100.000	393	0	0	1	393	1	393	0.0	819
51P2R2A10_03570	51P2R2A10_03570	100.000	430	0	0	1	430	1	430	0.0	852
51P2R2A10_03570	42P1R1A12_02393	99.574	235	1	0	1	235	1	235	3.37e-169	474
51P2R2A10_03570	42P1R1A12_02392	97.761	134	3	0	297	430	2	135	5.84e-84	253
51P2R2A10_03573	51P2R2A10_03573	100.000	399	0	0	1	399	1	399	0.0	808
51P2R2A10_03573	42P1R1A12_02396	96.992	399	12	0	1	399	1	399	0.0	786
51P2R2A10_03575	51P2R2A10_03575	100.000	483	0	0	1	483	1	483	0.0	1000
51P2R2A10_03575	42P1R1A12_02398	96.066	483	19	0	1	483	1	483	0.0	974
51P2R2A10_03576	51P2R2A10_03576	100.000	343	0	0	1	343	1	343	0.0	696
51P2R2A10_03577	51P2R2A10_03577	100.000	142	0	0	1	142	1	142	6.44e-104	293
51P2R2A10_03577	42P1R1A12_02400	95.070	142	7	0	1	142	1	142	2.56e-100	283
51P2R2A10_03578	51P2R2A10_03578	100.000	472	0	0	1	472	1	472	0.0	943
51P2R2A10_03578	42P1R1A12_02401	96.610	472	16	0	1	472	1	472	0.0	910
51P2R2A10_03579	51P2R2A10_03579	100.000	226	0	0	1	226	1	226	2.77e-162	447
51P2R2A10_03580	51P2R2A10_03580	100.000	327	0	0	1	327	1	327	0.0	671
51P2R2A10_03580	42P1R1A12_02403	95.413	327	15	0	1	327	1	327	0.0	638
51P2R2A10_03581	51P2R2A10_03581	100.000	144	0	0	1	144	1	144	1.87e-96	274
51P2R2A10_03581	42P1R1A12_02404	95.833	144	6	0	1	144	1	144	1.15e-92	264
51P2R2A10_03582	51P2R2A10_03582	100.000	507	0	0	1	507	1	507	0.0	999
51P2R2A10_03582	42P1R1A12_02405	96.647	507	17	0	1	507	1	507	0.0	965
51P2R2A10_03583	51P2R2A10_03583	100.000	208	0	0	1	208	1	208	5.26e-151	417
51P2R2A10_03583	42P1R1A12_02406	95.673	208	9	0	1	208	1	208	3.57e-145	402
51P2R2A10_03584	51P2R2A10_03584	100.000	464	0	0	1	464	1	464	0.0	921
51P2R2A10_03585	51P2R2A10_03585	100.000	322	0	0	1	322	1	322	0.0	640
51P2R2A10_03587	51P2R2A10_03587	100.000	253	0	0	1	253	1	253	0.0	517
51P2R2A10_03588	51P2R2A10_03588	100.000	557	0	0	1	557	1	557	0.0	1126
51P2R2A10_03589	51P2R2A10_03589	100.000	442	0	0	1	442	1	442	0.0	900
51P2R2A10_03590	51P2R2A10_03590	100.000	154	0	0	1	154	1	154	1.78e-113	318
51P2R2A10_03591	51P2R2A10_03591	100.000	306	0	0	1	306	1	306	0.0	630
51P2R2A10_03592	51P2R2A10_03592	100.000	177	0	0	1	177	1	177	7.13e-132	366
51P2R2A10_03593	51P2R2A10_03593	100.000	170	0	0	1	170	1	170	6.44e-125	348
51P2R2A10_03594	51P2R2A10_03594	100.000	348	0	0	1	348	1	348	0.0	707
51P2R2A10_03595	51P2R2A10_03595	100.000	850	0	0	1	850	1	850	0.0	1732
51P2R2A10_03596	51P2R2A10_03596	100.000	221	0	0	1	221	1	221	6.35e-164	451
51P2R2A10_03597	51P2R2A10_03597	100.000	176	0	0	1	176	1	176	4.98e-125	348
51P2R2A10_03612	51P2R2A10_03612	100.000	309	0	0	1	309	1	309	0.0	636
51P2R2A10_03614	51P2R2A10_03614	100.000	200	0	0	1	200	1	200	2.27e-149	412
51P2R2A10_03614	42P1R1A12_02437	97.500	200	5	0	1	200	1	200	2.91e-145	402
51P2R2A10_03614	31P2R1A5_02979	96.500	200	7	0	1	200	1	200	1.04e-143	398
51P2R2A10_03616	51P2R2A10_03616	100.000	224	0	0	1	224	1	224	1.91e-162	447
51P2R2A10_03616	42P1R1A12_02439	95.089	224	11	0	1	224	1	224	4.82e-146	406
51P2R2A10_03625	51P2R2A10_03625	100.000	148	0	0	1	148	1	148	1.77e-107	302
51P2R2A10_03628	51P2R2A10_03628	100.000	184	0	0	1	184	1	184	1.25e-134	374
51P2R2A10_03628	42P1R1A12_02451	97.826	184	4	0	1	184	1	184	3.09e-131	365
51P2R2A10_03629	51P2R2A10_03629	100.000	215	0	0	1	215	1	215	1.13e-158	437
51P2R2A10_03629	42P1R1A12_02452	95.814	215	9	0	1	215	1	215	1.11e-152	422
51P2R2A10_03630	51P2R2A10_03630	100.000	210	0	0	1	210	1	210	7.15e-157	432
51P2R2A10_03630	42P1R1A12_02453	95.238	210	10	0	1	210	1	210	2.67e-149	413
51P2R2A10_03632	51P2R2A10_03632	100.000	298	0	0	1	298	1	298	0.0	609
51P2R2A10_03632	42P1R1A12_02455	97.315	298	8	0	1	298	1	298	0.0	593
51P2R2A10_03633	51P2R2A10_03633	100.000	85	0	0	1	85	1	85	1.31e-59	176
51P2R2A10_03634	51P2R2A10_03634	100.000	189	0	0	1	189	1	189	5.06e-137	380
51P2R2A10_03635	51P2R2A10_03635	100.000	166	0	0	1	166	1	166	2.10e-122	341
51P2R2A10_03635	42P1R1A12_02458	95.181	166	8	0	1	166	1	166	5.05e-117	328
51P2R2A10_03641	51P2R2A10_03641	100.000	190	0	0	1	190	1	190	2.47e-138	384
51P2R2A10_03641	42P1R1A12_02464	97.368	190	5	0	1	190	1	190	4.91e-135	375
51P2R2A10_03644	51P2R2A10_03644	100.000	228	0	0	1	228	1	228	8.40e-161	443
51P2R2A10_03644	42P1R1A12_02467	96.957	230	3	2	1	228	1	228	2.37e-153	424
51P2R2A10_03645	51P2R2A10_03645	100.000	423	0	0	1	423	1	423	0.0	857
51P2R2A10_03649	51P2R2A10_03649	100.000	338	0	0	1	338	1	338	0.0	682
51P2R2A10_03649	42P1R1A12_02472	95.562	338	15	0	1	338	1	338	0.0	657
51P2R2A10_03650	51P2R2A10_03650	100.000	379	0	0	1	379	1	379	0.0	769
51P2R2A10_03650	42P1R1A12_02473	97.098	379	11	0	1	379	1	379	0.0	751
51P2R2A10_03652	51P2R2A10_03652	100.000	392	0	0	1	392	1	392	0.0	761
51P2R2A10_03652	42P1R1A12_02475	97.704	392	9	0	1	392	1	392	0.0	744
51P2R2A10_03654	51P2R2A10_03654	100.000	663	0	0	1	663	1	663	0.0	1367
51P2R2A10_03655	51P2R2A10_03655	100.000	93	0	0	1	93	1	93	4.44e-64	188
51P2R2A10_03655	42P1R1A12_02478	95.699	93	4	0	1	93	1	93	5.50e-62	182
51P2R2A10_03656	51P2R2A10_03656	100.000	183	0	0	1	183	1	183	4.15e-138	382
51P2R2A10_03656	42P1R1A12_02479	97.268	183	5	0	1	183	7	189	9.66e-135	374
51P2R2A10_03665	51P2R2A10_03665	100.000	95	0	0	1	95	1	95	1.82e-65	192
51P2R2A10_03665	42P1R1A12_02488	97.895	95	2	0	1	95	1	95	2.13e-64	189
51P2R2A10_03668	51P2R2A10_03668	100.000	299	0	0	1	299	1	299	0.0	605
51P2R2A10_03668	42P1R1A12_02491	96.990	299	9	0	1	299	1	299	0.0	589
51P2R2A10_03670	51P2R2A10_03670	100.000	258	0	0	1	258	1	258	0.0	522
51P2R2A10_03673	51P2R2A10_03673	100.000	248	0	0	1	248	1	248	0.0	515
51P2R2A10_03673	42P1R1A12_01803	96.522	230	8	0	19	248	1	230	2.10e-169	466
51P2R2A10_03675	51P2R2A10_03675	100.000	412	0	0	1	412	1	412	0.0	793
51P2R2A10_03675	42P1R1A12_01801	95.388	412	19	0	1	412	1	412	0.0	717
51P2R2A10_03676	51P2R2A10_03676	100.000	554	0	0	1	554	1	554	0.0	1137
51P2R2A10_03676	42P1R1A12_01800	95.126	554	27	0	1	554	1	554	0.0	1068
51P2R2A10_03677	51P2R2A10_03677	100.000	331	0	0	1	331	1	331	0.0	684
51P2R2A10_03677	42P1R1A12_01799	95.166	331	16	0	1	331	1	331	0.0	657
51P2R2A10_03678	51P2R2A10_03678	100.000	118	0	0	1	118	1	118	3.42e-79	228
51P2R2A10_03678	42P1R1A12_01798	96.610	118	3	1	1	118	1	117	6.05e-74	215
51P2R2A10_03681	51P2R2A10_03681	100.000	727	0	0	1	727	1	727	0.0	1493
51P2R2A10_03681	42P1R1A12_01795	95.461	727	33	0	1	727	1	727	0.0	1427
51P2R2A10_03685	51P2R2A10_03685	100.000	132	0	0	1	132	1	132	4.36e-95	270
51P2R2A10_03691	51P2R2A10_03691	100.000	295	0	0	1	295	1	295	0.0	600
51P2R2A10_03691	42P1R1A12_01785	97.966	295	6	0	1	295	1	295	0.0	590
51P2R2A10_03692	51P2R2A10_03692	100.000	419	0	0	1	419	1	419	0.0	845
51P2R2A10_03693	51P2R2A10_03693	100.000	278	0	0	1	278	1	278	0.0	566
51P2R2A10_03693	42P1R1A12_01783	97.482	278	7	0	1	278	1	278	0.0	550
51P2R2A10_03694	51P2R2A10_03694	100.000	309	0	0	1	309	1	309	0.0	622
51P2R2A10_03694	42P1R1A12_01782	95.469	309	14	0	1	309	1	309	0.0	591
51P2R2A10_03698	51P2R2A10_03698	100.000	332	0	0	1	332	1	332	0.0	662
51P2R2A10_03698	42P1R1A12_01778	100.000	143	0	0	190	332	196	338	8.55e-99	295
51P2R2A10_03699	51P2R2A10_03699	100.000	254	0	0	1	254	1	254	0.0	512
51P2R2A10_03699	42P1R1A12_01777	97.638	254	6	0	1	254	1	254	0.0	506
51P2R2A10_03700	51P2R2A10_03700	100.000	324	0	0	1	324	1	324	0.0	651
51P2R2A10_03700	42P1R1A12_01776	97.840	324	7	0	1	324	1	324	0.0	639
51P2R2A10_03700	31P2R1A5_02895	97.531	324	8	0	1	324	1	324	0.0	637
51P2R2A10_03700	10P3R2A13_00650	96.914	324	10	0	1	324	1	324	0.0	636
51P2R2A10_03700	18P3R3A11_03044	96.296	324	12	0	1	324	1	324	0.0	606
51P2R2A10_03705	51P2R2A10_03705	100.000	289	0	0	1	289	1	289	0.0	585
51P2R2A10_03706	51P2R2A10_03706	100.000	433	0	0	1	433	1	433	0.0	871
51P2R2A10_03707	51P2R2A10_03707	100.000	236	0	0	1	236	1	236	5.00e-179	490
51P2R2A10_03707	42P1R1A12_01769	97.881	236	5	0	1	236	1	236	2.42e-174	478
51P2R2A10_03708	51P2R2A10_03708	100.000	135	0	0	1	135	1	135	2.37e-99	280
51P2R2A10_03708	42P1R1A12_01768	95.588	136	5	1	1	135	1	136	2.39e-92	263
51P2R2A10_03710	51P2R2A10_03710	100.000	365	0	0	1	365	1	365	0.0	742
51P2R2A10_03710	10P3R2A13_00643	95.082	366	17	1	1	365	1	366	0.0	706
51P2R2A10_03711	51P2R2A10_03711	100.000	292	0	0	1	292	1	292	0.0	582
51P2R2A10_03713	51P2R2A10_03713	100.000	339	0	0	1	339	1	339	0.0	696
51P2R2A10_03713	42P1R1A12_01763	97.640	339	8	0	1	339	1	339	0.0	680
51P2R2A10_03713	31P2R1A5_02883	95.870	339	14	0	1	339	1	339	0.0	643
51P2R2A10_03713	43P2R2A2_05490	95.513	156	7	0	184	339	1	156	2.20e-107	310
51P2R2A10_03714	51P2R2A10_03714	100.000	300	0	0	1	300	1	300	0.0	622
51P2R2A10_03714	42P1R1A12_01762	98.000	300	6	0	1	300	1	300	0.0	614
51P2R2A10_03715	51P2R2A10_03715	100.000	192	0	0	1	192	1	192	3.85e-142	393
51P2R2A10_03715	42P1R1A12_01761	97.396	192	5	0	1	192	1	192	3.79e-138	383
51P2R2A10_03719	51P2R2A10_03719	100.000	300	0	0	1	300	1	300	0.0	619
51P2R2A10_03720	51P2R2A10_03720	100.000	351	0	0	1	351	1	351	0.0	729
51P2R2A10_03720	42P1R1A12_01756	96.866	351	11	0	1	351	1	351	0.0	711
51P2R2A10_03721	51P2R2A10_03721	100.000	164	0	0	1	164	1	164	2.41e-115	323
51P2R2A10_03723	51P2R2A10_03723	100.000	299	0	0	1	299	1	299	0.0	607
51P2R2A10_03723	42P1R1A12_01753	97.659	299	7	0	1	299	1	299	0.0	593
51P2R2A10_03725	51P2R2A10_03725	100.000	468	0	0	1	468	1	468	0.0	936
51P2R2A10_03727	51P2R2A10_03727	100.000	396	0	0	1	396	1	396	0.0	799
51P2R2A10_03727	42P1R1A12_01749	95.960	396	16	0	1	396	1	396	0.0	769
51P2R2A10_03728	51P2R2A10_03728	100.000	280	0	0	1	280	1	280	0.0	571
51P2R2A10_03729	51P2R2A10_03729	100.000	468	0	0	1	468	1	468	0.0	944
51P2R2A10_03729	42P1R1A12_01747	97.436	468	12	0	1	468	1	468	0.0	920
51P2R2A10_03730	51P2R2A10_03730	100.000	96	0	0	1	96	1	96	1.74e-64	189
51P2R2A10_03730	42P1R1A12_01746	95.833	96	4	0	1	96	1	96	8.27e-61	180
51P2R2A10_03732	51P2R2A10_03732	100.000	339	0	0	1	339	1	339	0.0	676
51P2R2A10_03733	51P2R2A10_03733	100.000	268	0	0	1	268	1	268	0.0	543
51P2R2A10_03733	42P1R1A12_01743	95.896	268	11	0	1	268	1	268	0.0	521
51P2R2A10_03734	51P2R2A10_03734	100.000	231	0	0	1	231	1	231	8.74e-172	471
51P2R2A10_03734	42P1R1A12_01742	97.403	231	6	0	1	231	1	231	1.03e-167	461
51P2R2A10_03735	51P2R2A10_03735	100.000	160	0	0	1	160	1	160	1.34e-118	331
51P2R2A10_03735	42P1R1A12_01741	96.250	160	6	0	1	160	1	160	5.76e-114	319
51P2R2A10_03739	51P2R2A10_03739	100.000	356	0	0	1	356	1	356	0.0	723
51P2R2A10_03739	42P1R1A12_01737	96.067	356	14	0	1	356	1	356	0.0	700
51P2R2A10_03741	51P2R2A10_03741	100.000	655	0	0	1	655	1	655	0.0	1352
51P2R2A10_03741	42P1R1A12_01735	97.099	655	19	0	1	655	1	655	0.0	1312
51P2R2A10_03747	51P2R2A10_03747	100.000	667	0	0	1	667	1	667	0.0	1328
51P2R2A10_03748	51P2R2A10_03748	100.000	290	0	0	1	290	1	290	0.0	599
51P2R2A10_03761	51P2R2A10_03761	100.000	298	0	0	1	298	1	298	0.0	613
51P2R2A10_03761	42P1R1A12_01714	97.651	298	7	0	1	298	1	298	0.0	600
51P2R2A10_03764	51P2R2A10_03764	100.000	453	0	0	1	453	1	453	0.0	939
51P2R2A10_03764	42P1R1A12_01711	95.364	453	21	0	1	453	1	453	0.0	900
51P2R2A10_03765	51P2R2A10_03765	100.000	505	0	0	1	505	1	505	0.0	1029
51P2R2A10_03765	42P1R1A12_01709	97.426	505	13	0	1	505	1	505	0.0	1003
51P2R2A10_03766	51P2R2A10_03766	100.000	366	0	0	1	366	1	366	0.0	752
51P2R2A10_03766	42P1R1A12_01708	96.995	366	11	0	1	366	1	366	0.0	736
51P2R2A10_03767	51P2R2A10_03767	100.000	558	0	0	1	558	1	558	0.0	1155
51P2R2A10_03767	42P1R1A12_01707	97.312	558	15	0	1	558	1	558	0.0	1133
51P2R2A10_03770	51P2R2A10_03770	100.000	741	0	0	1	741	1	741	0.0	1508
51P2R2A10_03771	51P2R2A10_03771	100.000	64	0	0	1	64	1	64	2.81e-42	130
51P2R2A10_03771	42P1R1A12_01703	96.875	64	2	0	1	64	1	64	5.11e-41	127
51P2R2A10_03772	51P2R2A10_03772	100.000	296	0	0	1	296	1	296	0.0	590
51P2R2A10_03773	51P2R2A10_03773	100.000	399	0	0	1	399	1	399	0.0	786
51P2R2A10_03776	51P2R2A10_03776	100.000	458	0	0	1	458	1	458	0.0	939
51P2R2A10_03776	42P1R1A12_01698	97.155	457	13	0	1	457	1	457	0.0	919
51P2R2A10_03777	51P2R2A10_03777	100.000	343	0	0	1	343	1	343	0.0	710
51P2R2A10_03777	42P1R1A12_01697	97.376	343	9	0	1	343	1	343	0.0	695
51P2R2A10_03778	51P2R2A10_03778	100.000	115	0	0	1	115	1	115	3.83e-80	230
51P2R2A10_03779	51P2R2A10_03779	100.000	72	0	0	1	72	1	72	1.31e-48	147
51P2R2A10_03780	51P2R2A10_03780	100.000	131	0	0	1	131	1	131	2.72e-96	272
51P2R2A10_03780	42P1R1A12_01694	95.420	131	6	0	1	131	15	145	1.21e-91	261
51P2R2A10_03781	51P2R2A10_03781	100.000	126	0	0	1	126	1	126	9.11e-91	258
51P2R2A10_03787	51P2R2A10_03787	100.000	320	0	0	1	320	1	320	0.0	651
51P2R2A10_03787	42P1R1A12_01687	96.605	324	7	2	1	320	1	324	0.0	629
51P2R2A10_03790	51P2R2A10_03790	100.000	775	0	0	1	775	1	775	0.0	1529
51P2R2A10_03790	42P1R1A12_01684	96.258	775	29	0	1	775	1	775	0.0	1473
51P2R2A10_03791	51P2R2A10_03791	100.000	1649	0	0	1	1649	1	1649	0.0	3332
51P2R2A10_03791	42P1R1A12_01683	96.180	1649	63	0	1	1649	1	1649	0.0	3164
51P2R2A10_03792	51P2R2A10_03792	100.000	282	0	0	1	282	1	282	0.0	569
51P2R2A10_03792	42P1R1A12_01680	96.809	282	9	0	1	282	1	282	0.0	554
51P2R2A10_03805	51P2R2A10_03805	100.000	327	0	0	1	327	1	327	0.0	631
51P2R2A10_03806	51P2R2A10_03806	100.000	213	0	0	1	213	1	213	2.45e-162	446
51P2R2A10_03806	42P1R1A12_01666	97.183	213	6	0	1	213	1	213	3.35e-158	436
51P2R2A10_03807	51P2R2A10_03807	100.000	426	0	0	1	426	1	426	0.0	871
51P2R2A10_03807	42P1R1A12_01665	96.479	426	15	0	1	426	1	426	0.0	845
51P2R2A10_03809	51P2R2A10_03809	100.000	279	0	0	1	279	1	279	0.0	579
51P2R2A10_03810	51P2R2A10_03810	100.000	479	0	0	1	479	1	479	0.0	957
51P2R2A10_03810	42P1R1A12_01662	97.912	479	10	0	1	479	1	479	0.0	943
51P2R2A10_03810	54P2R2A3_00839	97.286	479	13	0	1	479	1	479	0.0	937
51P2R2A10_03811	51P2R2A10_03811	100.000	1092	0	0	1	1092	1	1092	0.0	2268
51P2R2A10_03811	42P1R1A12_01661	95.238	1092	52	0	1	1092	1	1092	0.0	2084
51P2R2A10_03812	51P2R2A10_03812	100.000	399	0	0	1	399	1	399	0.0	828
51P2R2A10_03812	42P1R1A12_01660	95.489	399	18	0	1	399	1	399	0.0	791
51P2R2A10_03813	51P2R2A10_03813	100.000	141	0	0	1	141	1	141	3.28e-97	275
51P2R2A10_03813	42P1R1A12_01659	98.582	141	2	0	1	141	16	156	9.47e-97	275
51P2R2A10_03813	31P2R1A5_02790	96.454	141	5	0	1	141	1	141	8.29e-95	270
51P2R2A10_03813	54P2R2A3_00842	95.035	141	7	0	1	141	16	156	1.07e-94	270
51P2R2A10_03815	51P2R2A10_03815	100.000	397	0	0	1	397	1	397	0.0	823
51P2R2A10_03815	42P1R1A12_01657	96.474	397	14	0	1	397	1	397	0.0	800
51P2R2A10_03818	51P2R2A10_03818	100.000	235	0	0	1	235	1	235	7.57e-174	477
51P2R2A10_03818	42P1R1A12_01654	96.596	235	8	0	1	235	1	235	1.11e-168	464
51P2R2A10_03821	51P2R2A10_03821	100.000	539	0	0	1	539	1	539	0.0	1113
51P2R2A10_03821	42P1R1A12_01651	96.846	539	17	0	1	539	1	539	0.0	1078
51P2R2A10_03822	51P2R2A10_03822	100.000	169	0	0	1	169	1	169	2.71e-125	349
51P2R2A10_03822	42P1R1A12_01650	97.633	169	4	0	1	169	1	169	1.98e-122	342
51P2R2A10_03823	51P2R2A10_03823	100.000	212	0	0	1	212	1	212	1.12e-157	434
51P2R2A10_03826	51P2R2A10_03826	100.000	127	0	0	1	127	1	127	5.94e-90	256
51P2R2A10_03826	42P1R1A12_01646	96.850	127	4	0	1	127	1	127	2.16e-87	249
51P2R2A10_03833	51P2R2A10_03833	100.000	160	0	0	1	160	1	160	9.36e-113	316
51P2R2A10_03833	42P1R1A12_01639	96.875	160	5	0	1	160	1	160	4.27e-110	310
51P2R2A10_03838	51P2R2A10_03838	100.000	247	0	0	1	247	1	247	0.0	510
51P2R2A10_03838	42P1R1A12_01634	96.761	247	8	0	1	247	1	247	1.24e-179	493
51P2R2A10_03841	51P2R2A10_03841	100.000	230	0	0	1	230	1	230	1.63e-172	473
51P2R2A10_03841	42P1R1A12_01631	97.391	230	6	0	1	230	1	230	3.57e-169	465
51P2R2A10_03844	51P2R2A10_03844	100.000	233	0	0	1	233	1	233	3.36e-174	478
51P2R2A10_03853	51P2R2A10_03853	100.000	96	0	0	1	96	1	96	2.36e-65	191
51P2R2A10_03854	51P2R2A10_03854	100.000	120	0	0	1	120	1	120	2.07e-84	241
51P2R2A10_03854	42P1R1A12_00005	97.500	120	3	0	1	120	1	120	3.48e-82	236
51P2R2A10_03855	51P2R2A10_03855	100.000	129	0	0	1	129	1	129	5.95e-92	261
51P2R2A10_03865	51P2R2A10_03865	100.000	290	0	0	1	290	1	290	0.0	582
51P2R2A10_03865	42P1R1A12_00016	97.586	290	7	0	1	290	1	290	0.0	570
51P2R2A10_03874	51P2R2A10_03874	100.000	188	0	0	1	188	1	188	1.43e-139	386
51P2R2A10_03874	42P1R1A12_00025	97.340	188	5	0	1	188	1	188	5.77e-137	380
51P2R2A10_03875	51P2R2A10_03875	100.000	201	0	0	1	201	1	201	2.91e-150	414
51P2R2A10_03875	42P1R1A12_00026	97.015	201	6	0	1	201	1	201	1.30e-146	405
51P2R2A10_03876	51P2R2A10_03876	100.000	56	0	0	1	56	1	56	4.31e-35	112
51P2R2A10_03879	51P2R2A10_03879	100.000	441	0	0	1	441	1	441	0.0	912
51P2R2A10_03879	42P1R1A12_00030	97.506	441	11	0	1	441	1	441	0.0	890
51P2R2A10_03882	51P2R2A10_03882	100.000	270	0	0	1	270	1	270	0.0	539
51P2R2A10_03885	51P2R2A10_03885	100.000	250	0	0	1	250	1	250	0.0	507
51P2R2A10_03885	42P1R1A12_00036	96.800	250	8	0	1	250	1	250	2.39e-178	489
51P2R2A10_03888	51P2R2A10_03888	100.000	431	0	0	1	431	1	431	0.0	858
51P2R2A10_03891	51P2R2A10_03891	100.000	413	0	0	1	413	1	413	0.0	824
51P2R2A10_03892	51P2R2A10_03892	100.000	147	0	0	1	147	1	147	1.01e-101	287
51P2R2A10_03893	51P2R2A10_03893	100.000	178	0	0	1	178	1	178	2.16e-125	350
51P2R2A10_03894	51P2R2A10_03894	100.000	264	0	0	1	264	1	264	0.0	525
51P2R2A10_03895	51P2R2A10_03895	100.000	853	0	0	1	853	1	853	0.0	1759
51P2R2A10_03895	42P1R1A12_00046	97.890	853	18	0	1	853	1	853	0.0	1729
51P2R2A10_03897	51P2R2A10_03897	100.000	710	0	0	1	710	1	710	0.0	1457
51P2R2A10_03897	42P1R1A12_00048	96.056	710	28	0	1	710	1	710	0.0	1414
51P2R2A10_03898	51P2R2A10_03898	100.000	228	0	0	1	228	1	228	1.05e-171	471
51P2R2A10_03902	51P2R2A10_03902	100.000	698	0	0	1	698	1	698	0.0	1450
51P2R2A10_03902	42P1R1A12_00053	95.912	685	28	0	1	685	1	685	0.0	1375
51P2R2A10_03906	51P2R2A10_03906	100.000	277	0	0	1	277	1	277	0.0	561
51P2R2A10_03906	42P1R1A12_00057	97.473	277	7	0	1	277	1	277	0.0	549
51P2R2A10_03908	51P2R2A10_03908	100.000	503	0	0	1	503	1	503	0.0	1035
51P2R2A10_03908	31P2R1A5_02685	96.223	503	19	0	1	503	1	503	0.0	1003
51P2R2A10_03908	42P1R1A12_00059	96.024	503	20	0	1	503	1	503	0.0	954
51P2R2A10_03912	51P2R2A10_03912	100.000	659	0	0	1	659	1	659	0.0	1360
51P2R2A10_03912	42P1R1A12_00063	96.965	659	20	0	1	659	1	659	0.0	1326
51P2R2A10_03913	51P2R2A10_03913	100.000	729	0	0	1	729	1	729	0.0	1505
51P2R2A10_03913	42P1R1A12_00064	99.177	729	6	0	1	729	40	768	0.0	1494
51P2R2A10_03915	51P2R2A10_03915	100.000	402	0	0	1	402	1	402	0.0	815
51P2R2A10_03916	51P2R2A10_03916	100.000	700	0	0	1	700	1	700	0.0	1436
51P2R2A10_03917	51P2R2A10_03917	100.000	447	0	0	1	447	1	447	0.0	872
51P2R2A10_03917	31P2R1A5_02676	97.987	447	9	0	1	447	1	447	0.0	855
51P2R2A10_03917	10P3R2A13_01263	96.644	447	15	0	1	447	1	447	0.0	849
51P2R2A10_03917	18P3R3A11_01854	96.868	447	14	0	1	447	1	447	0.0	848
51P2R2A10_03917	54P2R2A3_01332	97.630	422	10	0	26	447	1	422	0.0	810
51P2R2A10_03917	28P2R1A12_02934	96.791	374	12	0	74	447	1	374	0.0	720
51P2R2A10_03919	51P2R2A10_03919	100.000	349	0	0	1	349	1	349	0.0	717
51P2R2A10_03919	31P2R1A5_02674	98.494	332	5	0	18	349	1	332	0.0	672
51P2R2A10_03919	18P3R3A11_01852	95.482	332	15	0	18	349	1	332	0.0	656
51P2R2A10_03921	51P2R2A10_03921	100.000	346	0	0	1	346	1	346	0.0	714
51P2R2A10_03921	42P1R1A12_00070	97.399	346	9	0	1	346	1	346	0.0	699
51P2R2A10_03922	51P2R2A10_03922	100.000	213	0	0	1	213	1	213	6.60e-159	437
51P2R2A10_03923	51P2R2A10_03923	100.000	164	0	0	1	164	1	164	2.45e-122	341
51P2R2A10_03925	51P2R2A10_03925	100.000	107	0	0	1	107	1	107	6.66e-68	199
51P2R2A10_03926	51P2R2A10_03926	100.000	247	0	0	1	247	1	247	0.0	501
51P2R2A10_03926	42P1R1A12_00075	96.356	247	9	0	1	247	1	247	2.85e-177	487
51P2R2A10_03932	51P2R2A10_03932	100.000	300	0	0	1	300	1	300	0.0	621
51P2R2A10_03934	51P2R2A10_03934	100.000	532	0	0	1	532	1	532	0.0	1097
51P2R2A10_03934	42P1R1A12_00084	97.932	532	11	0	1	532	1	532	0.0	1075
51P2R2A10_03935	42P1R1A12_00085	100.000	238	0	0	1	238	7	244	1.50e-177	487
51P2R2A10_03935	51P2R2A10_03935	100.000	238	0	0	1	238	1	238	2.94e-177	486
51P2R2A10_03935	31P2R1A5_02660	97.479	238	6	0	1	238	1	238	3.84e-174	478
51P2R2A10_03935	10P3R2A13_01280	96.218	238	9	0	1	238	1	238	1.30e-170	469
51P2R2A10_03940	51P2R2A10_03940	100.000	129	0	0	1	129	1	129	7.23e-93	263
51P2R2A10_03944	51P2R2A10_03944	100.000	505	0	0	1	505	1	505	0.0	1029
51P2R2A10_03944	42P1R1A12_00094	97.426	505	13	0	1	505	1	505	0.0	1006
51P2R2A10_03948	51P2R2A10_03948	100.000	505	0	0	1	505	1	505	0.0	992
51P2R2A10_03948	34P3R2A10_01916	96.190	105	4	0	401	505	1	105	1.51e-65	207
51P2R2A10_03949	51P2R2A10_03949	100.000	199	0	0	1	199	1	199	3.68e-148	409
51P2R2A10_03949	42P1R1A12_00099	96.985	199	6	0	1	199	1	199	4.23e-144	399
51P2R2A10_03951	51P2R2A10_03951	100.000	120	0	0	1	120	1	120	5.66e-85	243
51P2R2A10_03953	51P2R2A10_03953	100.000	735	0	0	1	735	1	735	0.0	1457
51P2R2A10_03953	42P1R1A12_00103	97.551	735	18	0	1	735	1	735	0.0	1423
51P2R2A10_03954	51P2R2A10_03954	100.000	82	0	0	1	82	1	82	6.95e-57	169
51P2R2A10_03954	42P1R1A12_00104	97.561	82	2	0	1	82	1	82	2.14e-55	165
51P2R2A10_03959	51P2R2A10_03959	100.000	128	0	0	1	128	1	128	6.98e-86	246
51P2R2A10_03959	42P1R1A12_00128	98.400	125	2	0	1	125	1	125	7.93e-83	238
51P2R2A10_03960	51P2R2A10_03960	100.000	113	0	0	1	113	1	113	3.51e-74	215
51P2R2A10_03960	42P1R1A12_00129	97.345	113	3	0	1	113	1	113	1.14e-71	209
51P2R2A10_03962	51P2R2A10_03962	100.000	301	0	0	1	301	1	301	0.0	613
51P2R2A10_03962	42P1R1A12_00131	97.342	301	8	0	1	301	1	301	0.0	599
51P2R2A10_03967	51P2R2A10_03967	100.000	287	0	0	1	287	1	287	0.0	572
51P2R2A10_03967	42P1R1A12_00136	96.516	287	10	0	1	287	1	287	0.0	554
51P2R2A10_03968	51P2R2A10_03968	100.000	523	0	0	1	523	1	523	0.0	1075
51P2R2A10_03969	51P2R2A10_03969	100.000	315	0	0	1	315	1	315	0.0	625
51P2R2A10_03969	42P1R1A12_00139	96.825	315	10	0	1	315	1	315	0.0	609
51P2R2A10_03970	51P2R2A10_03970	100.000	278	0	0	1	278	1	278	0.0	545
51P2R2A10_03970	42P1R1A12_00140	96.403	278	10	0	1	278	1	278	0.0	532
51P2R2A10_03971	51P2R2A10_03971	100.000	254	0	0	1	254	1	254	0.0	506
51P2R2A10_03972	51P2R2A10_03972	100.000	257	0	0	1	257	1	257	0.0	514
51P2R2A10_03973	51P2R2A10_03973	100.000	139	0	0	1	139	1	139	3.39e-99	280
51P2R2A10_03973	42P1R1A12_00143	95.683	139	6	0	1	139	1	139	1.93e-83	241
51P2R2A10_03975	51P2R2A10_03975	100.000	111	0	0	1	111	1	111	2.49e-77	223
51P2R2A10_03979	51P2R2A10_03979	100.000	388	0	0	1	388	1	388	0.0	798
51P2R2A10_03979	42P1R1A12_00150	95.619	388	17	0	1	388	1	388	0.0	773
51P2R2A10_03980	51P2R2A10_03980	100.000	628	0	0	1	628	1	628	0.0	1295
51P2R2A10_03983	51P2R2A10_03983	100.000	112	0	0	1	112	1	112	8.52e-80	229
51P2R2A10_03983	31P2R1A5_02610	97.321	112	3	0	1	112	1	112	3.85e-78	225
51P2R2A10_03983	42P1R1A12_00154	97.321	112	3	0	1	112	1	112	5.35e-78	224
51P2R2A10_03985	51P2R2A10_03985	100.000	491	0	0	1	491	1	491	0.0	982
51P2R2A10_03985	42P1R1A12_00156	98.152	487	9	0	1	487	1	487	0.0	955
51P2R2A10_03986	51P2R2A10_03986	100.000	168	0	0	1	168	1	168	4.97e-124	345
51P2R2A10_03987	51P2R2A10_03987	100.000	400	0	0	1	400	1	400	0.0	816
51P2R2A10_03988	51P2R2A10_03988	100.000	82	0	0	1	82	1	82	2.64e-57	170
51P2R2A10_03989	51P2R2A10_03989	100.000	274	0	0	1	274	1	274	0.0	550
51P2R2A10_03989	42P1R1A12_00157	96.838	253	8	0	15	267	1	253	1.24e-178	491
51P2R2A10_03989	31P2R1A5_02607	96.774	248	8	0	15	262	1	248	3.66e-175	483
51P2R2A10_03989	10P3R2A13_01321	95.600	250	11	0	15	264	1	250	1.35e-174	481
51P2R2A10_03989	34P3R2A10_04729	95.192	104	5	0	161	264	1	104	1.42e-66	202
51P2R2A10_03992	51P2R2A10_03992	100.000	192	0	0	1	192	1	192	1.40e-143	397
51P2R2A10_03992	31P2R1A5_02693	97.917	192	4	0	1	192	1	192	1.34e-141	392
51P2R2A10_03992	18P3R3A11_01870	97.396	192	5	0	1	192	1	192	1.70e-140	389
51P2R2A10_03992	38P2R3A13_02369	95.833	192	8	0	1	192	1	192	9.41e-139	385
51P2R2A10_03992	10P3R2A13_01240	95.312	192	9	0	1	192	1	192	1.11e-137	382
51P2R2A10_03993	51P2R2A10_03993	100.000	225	0	0	1	225	1	225	1.06e-160	443
51P2R2A10_03993	42P1R1A12_00161	95.111	225	11	0	1	225	1	225	2.19e-137	384
51P2R2A10_03994	51P2R2A10_03994	100.000	261	0	0	1	261	1	261	0.0	531
51P2R2A10_03995	51P2R2A10_03995	100.000	90	0	0	1	90	1	90	1.13e-60	179
51P2R2A10_03995	42P1R1A12_00163	97.778	90	2	0	1	90	1	90	2.21e-59	176
51P2R2A10_03996	51P2R2A10_03996	100.000	79	0	0	1	79	1	79	1.15e-51	155
51P2R2A10_03997	51P2R2A10_03997	100.000	773	0	0	1	773	1	773	0.0	1583
51P2R2A10_03997	42P1R1A12_00165	97.930	773	16	0	1	773	1	773	0.0	1558
51P2R2A10_03999	51P2R2A10_03999	100.000	44	0	0	1	44	1	44	7.99e-25	85.5
51P2R2A10_04005	51P2R2A10_04005	100.000	424	0	0	1	424	1	424	0.0	867
51P2R2A10_04009	51P2R2A10_04009	100.000	383	0	0	1	383	1	383	0.0	761
51P2R2A10_04011	51P2R2A10_04011	100.000	176	0	0	1	176	1	176	7.31e-131	363
51P2R2A10_04011	42P1R1A12_00178	95.429	175	8	0	1	175	1	175	2.66e-124	347
51P2R2A10_04012	51P2R2A10_04012	100.000	143	0	0	1	143	1	143	8.25e-105	295
51P2R2A10_04013	51P2R2A10_04013	100.000	203	0	0	1	203	1	203	1.36e-151	418
51P2R2A10_04014	51P2R2A10_04014	100.000	253	0	0	1	253	1	253	0.0	504
51P2R2A10_04015	51P2R2A10_04015	100.000	300	0	0	1	300	1	300	0.0	608
51P2R2A10_04015	42P1R1A12_00182	97.333	300	8	0	1	300	1	300	0.0	595
51P2R2A10_04018	51P2R2A10_04018	100.000	684	0	0	1	684	1	684	0.0	1379
51P2R2A10_04018	42P1R1A12_00185	96.930	684	21	0	1	684	1	684	0.0	1344
51P2R2A10_04019	51P2R2A10_04019	100.000	312	0	0	1	312	1	312	0.0	644
51P2R2A10_04019	42P1R1A12_00186	97.087	309	9	0	1	309	1	309	0.0	622
51P2R2A10_04020	51P2R2A10_04020	100.000	502	0	0	1	502	1	502	0.0	1025
51P2R2A10_04020	42P1R1A12_00187	96.614	502	17	0	1	502	1	502	0.0	999
51P2R2A10_04022	51P2R2A10_04022	100.000	669	0	0	1	669	1	669	0.0	1356
51P2R2A10_04022	42P1R1A12_00189	96.263	669	25	0	1	669	1	669	0.0	1314
51P2R2A10_04024	51P2R2A10_04024	100.000	370	0	0	1	370	1	370	0.0	754
51P2R2A10_04027	51P2R2A10_04027	100.000	246	0	0	1	246	1	246	0.0	501
51P2R2A10_04027	42P1R1A12_00195	97.154	246	7	0	1	246	1	246	5.20e-179	491
51P2R2A10_04029	51P2R2A10_04029	100.000	519	0	0	1	519	1	519	0.0	1072
51P2R2A10_04029	42P1R1A12_00197	96.339	519	19	0	1	519	1	519	0.0	1030
51P2R2A10_04031	51P2R2A10_04031	100.000	559	0	0	1	559	1	559	0.0	1142
51P2R2A10_04031	42P1R1A12_00199	97.853	559	12	0	1	559	1	559	0.0	1123
51P2R2A10_04032	51P2R2A10_04032	100.000	36	0	0	1	36	1	36	6.56e-19	70.1
51P2R2A10_04034	51P2R2A10_04034	100.000	333	0	0	1	333	1	333	0.0	681
51P2R2A10_04034	42P1R1A12_00202	96.396	333	12	0	1	333	1	333	0.0	658
51P2R2A10_04035	51P2R2A10_04035	100.000	158	0	0	1	158	1	158	1.07e-115	323
51P2R2A10_04035	42P1R1A12_00203	96.203	158	6	0	1	158	1	158	7.71e-112	314
51P2R2A10_04036	51P2R2A10_04036	100.000	1351	0	0	1	1351	1	1351	0.0	2736
51P2R2A10_04036	42P1R1A12_00204	97.705	1351	31	0	1	1351	1	1351	0.0	2679
51P2R2A10_04037	51P2R2A10_04037	100.000	801	0	0	1	801	1	801	0.0	1624
51P2R2A10_04037	42P1R1A12_00205	95.143	803	37	1	1	801	1	803	0.0	1531
51P2R2A10_04039	51P2R2A10_04039	100.000	268	0	0	1	268	1	268	0.0	543
51P2R2A10_04039	42P1R1A12_00207	95.896	268	11	0	1	268	1	268	1.51e-180	497
51P2R2A10_04040	51P2R2A10_04040	100.000	186	0	0	1	186	1	186	4.39e-131	365
51P2R2A10_04043	51P2R2A10_04043	100.000	301	0	0	1	301	1	301	0.0	594
51P2R2A10_04043	42P1R1A12_00211	97.342	301	8	0	1	301	1	301	0.0	587
51P2R2A10_04043	31P2R1A5_02571	96.013	301	12	0	1	301	1	301	0.0	580
51P2R2A10_04049	51P2R2A10_04049	100.000	215	0	0	1	215	1	215	2.68e-160	441
51P2R2A10_04050	51P2R2A10_04050	100.000	194	0	0	1	194	1	194	8.47e-148	408
51P2R2A10_04050	42P1R1A12_00218	95.745	188	8	0	1	188	1	188	8.73e-138	382
51P2R2A10_04052	51P2R2A10_04052	100.000	777	0	0	1	777	1	777	0.0	1610
51P2R2A10_04052	42P1R1A12_00220	96.911	777	24	0	1	777	1	777	0.0	1568
51P2R2A10_04055	51P2R2A10_04055	100.000	250	0	0	1	250	1	250	0.0	508
51P2R2A10_04056	51P2R2A10_04056	100.000	313	0	0	1	313	1	313	0.0	630
51P2R2A10_04056	42P1R1A12_00224	95.208	313	15	0	1	313	1	313	0.0	599
51P2R2A10_04058	51P2R2A10_04058	100.000	324	0	0	1	324	1	324	0.0	671
51P2R2A10_04058	42P1R1A12_00226	97.531	324	8	0	1	324	1	324	0.0	655
51P2R2A10_04061	51P2R2A10_04061	100.000	98	0	0	1	98	1	98	1.50e-67	197
51P2R2A10_04061	42P1R1A12_00229	96.939	98	3	0	1	98	1	98	4.51e-66	193
51P2R2A10_04063	51P2R2A10_04063	100.000	540	0	0	1	540	1	540	0.0	1087
51P2R2A10_04064	51P2R2A10_04064	100.000	51	0	0	1	51	1	51	1.17e-31	103
51P2R2A10_04067	51P2R2A10_04067	100.000	102	0	0	1	102	1	102	1.52e-73	213
51P2R2A10_04068	51P2R2A10_04068	100.000	332	0	0	1	332	1	332	0.0	665
51P2R2A10_04069	51P2R2A10_04069	100.000	127	0	0	1	127	1	127	1.94e-90	257
51P2R2A10_04072	51P2R2A10_04072	100.000	331	0	0	1	331	1	331	0.0	666
51P2R2A10_04072	42P1R1A12_00241	97.281	331	9	0	1	331	1	331	0.0	653
51P2R2A10_04072	31P2R1A5_02539	95.482	332	14	1	1	331	1	332	0.0	640
51P2R2A10_04077	51P2R2A10_04077	100.000	678	0	0	1	678	1	678	0.0	1408
51P2R2A10_04077	42P1R1A12_00246	97.640	678	15	1	1	678	1	677	0.0	1378
51P2R2A10_04078	51P2R2A10_04078	100.000	420	0	0	1	420	1	420	0.0	866
51P2R2A10_04078	31P2R1A5_02533	95.204	417	20	0	1	417	1	417	0.0	832
51P2R2A10_04079	51P2R2A10_04079	100.000	163	0	0	1	163	1	163	4.30e-116	325
51P2R2A10_04079	42P1R1A12_00248	96.933	163	5	0	1	163	1	163	4.94e-113	317
51P2R2A10_04082	51P2R2A10_04082	100.000	155	0	0	1	155	1	155	1.54e-113	318
51P2R2A10_04082	42P1R1A12_00251	95.484	155	7	0	1	155	1	155	3.07e-108	305
51P2R2A10_04083	51P2R2A10_04083	100.000	310	0	0	1	310	1	310	0.0	646
51P2R2A10_04083	42P1R1A12_00252	96.452	310	11	0	1	310	1	310	0.0	626
51P2R2A10_04085	51P2R2A10_04085	100.000	502	0	0	1	502	1	502	0.0	1038
51P2R2A10_04085	42P1R1A12_00254	96.614	502	17	0	1	502	1	502	0.0	1008
51P2R2A10_04086	51P2R2A10_04086	100.000	221	0	0	1	221	1	221	3.23e-161	444
51P2R2A10_04086	42P1R1A12_00255	97.285	221	6	0	1	221	1	221	4.09e-157	434
51P2R2A10_04088	51P2R2A10_04088	100.000	233	0	0	1	233	1	233	7.20e-177	484
51P2R2A10_04088	42P1R1A12_00257	97.854	233	5	0	1	233	1	233	4.38e-173	475
51P2R2A10_04089	51P2R2A10_04089	100.000	268	0	0	1	268	1	268	0.0	550
51P2R2A10_04090	51P2R2A10_04090	100.000	467	0	0	1	467	1	467	0.0	944
51P2R2A10_04090	42P1R1A12_00259	95.931	467	19	0	1	467	1	467	0.0	889
51P2R2A10_04091	51P2R2A10_04091	100.000	654	0	0	1	654	1	654	0.0	1364
51P2R2A10_04091	42P1R1A12_00260	96.483	654	23	0	1	654	1	654	0.0	1323
51P2R2A10_04092	51P2R2A10_04092	100.000	614	0	0	1	614	1	614	0.0	1233
51P2R2A10_04092	42P1R1A12_00261	95.928	614	25	0	1	614	1	614	0.0	1186
51P2R2A10_04093	51P2R2A10_04093	100.000	463	0	0	1	463	1	463	0.0	934
51P2R2A10_04093	42P1R1A12_00262	95.896	463	19	0	1	463	1	463	0.0	871
51P2R2A10_04094	51P2R2A10_04094	100.000	203	0	0	1	203	1	203	6.28e-150	414
51P2R2A10_04094	42P1R1A12_00263	97.044	203	6	0	1	203	1	203	1.68e-145	403
51P2R2A10_04096	51P2R2A10_04096	100.000	124	0	0	1	124	1	124	7.17e-88	251
51P2R2A10_04096	42P1R1A12_00265	95.161	124	6	0	1	124	1	124	9.24e-83	238
51P2R2A10_04101	51P2R2A10_04101	100.000	121	0	0	1	121	1	121	2.02e-83	239
51P2R2A10_04105	51P2R2A10_04105	100.000	158	0	0	1	158	1	158	1.96e-117	328
51P2R2A10_04105	42P1R1A12_00274	97.468	158	4	0	1	158	1	158	2.04e-113	318
51P2R2A10_04114	51P2R2A10_04114	100.000	266	0	0	1	266	1	266	0.0	553
51P2R2A10_04115	51P2R2A10_04115	100.000	342	0	0	1	342	1	342	0.0	705
51P2R2A10_04115	31P2R1A5_02499	97.953	342	7	0	1	342	1	342	0.0	695
51P2R2A10_04115	10P3R2A13_03158	96.784	342	11	0	1	342	1	342	0.0	689
51P2R2A10_04115	18P3R3A11_02180	95.894	341	14	0	1	341	1	341	0.0	681
51P2R2A10_04115	43P2R2A2_03835	96.831	284	9	0	59	342	1	284	0.0	570
51P2R2A10_04119	51P2R2A10_04119	100.000	324	0	0	1	324	1	324	0.0	657
51P2R2A10_04119	42P1R1A12_00288	96.296	324	12	0	1	324	1	324	0.0	630
51P2R2A10_04120	51P2R2A10_04120	100.000	303	0	0	1	303	1	303	0.0	631
51P2R2A10_04120	42P1R1A12_00289	95.380	303	14	0	1	303	1	303	0.0	605
51P2R2A10_04121	51P2R2A10_04121	100.000	389	0	0	1	389	1	389	0.0	778
51P2R2A10_04121	42P1R1A12_00290	95.887	389	16	0	1	389	1	389	0.0	662
51P2R2A10_04122	51P2R2A10_04122	100.000	361	0	0	1	361	1	361	0.0	750
51P2R2A10_04122	42P1R1A12_00291	97.784	361	8	0	1	361	1	361	0.0	732
51P2R2A10_04123	51P2R2A10_04123	100.000	321	0	0	1	321	1	321	0.0	676
51P2R2A10_04123	42P1R1A12_00292	97.819	321	7	0	1	321	1	321	0.0	661
51P2R2A10_04124	51P2R2A10_04124	100.000	359	0	0	1	359	1	359	0.0	736
51P2R2A10_04124	42P1R1A12_00293	95.543	359	16	0	1	359	1	359	0.0	704
51P2R2A10_04126	51P2R2A10_04126	100.000	365	0	0	1	365	1	365	0.0	746
51P2R2A10_04126	42P1R1A12_00295	96.712	365	12	0	1	365	1	365	0.0	724
51P2R2A10_04129	51P2R2A10_04129	100.000	259	0	0	1	259	1	259	0.0	531
51P2R2A10_04129	42P1R1A12_00298	96.911	259	8	0	1	259	1	259	0.0	518
51P2R2A10_04131	51P2R2A10_04131	100.000	270	0	0	1	270	1	270	0.0	553
51P2R2A10_04131	31P2R1A5_02483	97.407	270	7	0	1	270	1	270	0.0	545
51P2R2A10_04132	51P2R2A10_04132	100.000	779	0	0	1	779	1	779	0.0	1597
51P2R2A10_04133	51P2R2A10_04133	100.000	458	0	0	1	458	1	458	0.0	940
51P2R2A10_04134	51P2R2A10_04134	100.000	242	0	0	1	242	1	242	2.23e-180	494
51P2R2A10_04135	51P2R2A10_04135	100.000	226	0	0	1	226	1	226	2.59e-169	465
51P2R2A10_04145	51P2R2A10_04145	100.000	420	0	0	1	420	1	420	0.0	827
51P2R2A10_04145	42P1R1A12_00310	95.238	420	20	0	1	420	1	420	0.0	725
51P2R2A10_04147	51P2R2A10_04147	100.000	559	0	0	1	559	1	559	0.0	1129
51P2R2A10_04151	51P2R2A10_04151	100.000	230	0	0	1	230	1	230	2.05e-174	478
51P2R2A10_04151	42P1R1A12_00316	97.826	230	5	0	1	230	1	230	1.30e-170	468
51P2R2A10_04154	51P2R2A10_04154	100.000	249	0	0	1	249	1	249	0.0	514
51P2R2A10_04154	42P1R1A12_00319	97.992	249	5	0	1	249	1	249	0.0	508
51P2R2A10_04156	51P2R2A10_04156	100.000	200	0	0	1	200	1	200	2.41e-146	404
51P2R2A10_04156	42P1R1A12_00321	97.500	200	5	0	1	200	1	200	1.08e-141	393
51P2R2A10_04159	51P2R2A10_04159	100.000	241	0	0	1	241	1	241	0.0	496
51P2R2A10_04160	51P2R2A10_04160	100.000	347	0	0	1	347	1	347	0.0	714
51P2R2A10_04161	51P2R2A10_04161	100.000	320	0	0	1	320	1	320	0.0	655
51P2R2A10_04162	51P2R2A10_04162	100.000	445	0	0	1	445	1	445	0.0	893
51P2R2A10_04163	51P2R2A10_04163	100.000	254	0	0	1	254	1	254	0.0	522
51P2R2A10_04172	51P2R2A10_04172	100.000	460	0	0	1	460	1	460	0.0	955
51P2R2A10_04172	42P1R1A12_05985	97.826	460	10	0	1	460	1	460	0.0	935
51P2R2A10_04174	51P2R2A10_04174	100.000	225	0	0	1	225	1	225	2.05e-171	470
51P2R2A10_04174	42P1R1A12_03639	97.778	225	5	0	1	225	1	225	1.62e-167	460
51P2R2A10_04175	51P2R2A10_04175	100.000	311	0	0	1	311	1	311	0.0	631
51P2R2A10_04175	42P1R1A12_03638	97.749	311	7	0	1	311	1	311	0.0	620
51P2R2A10_04181	51P2R2A10_04181	100.000	524	0	0	1	524	1	524	0.0	1074
51P2R2A10_04181	42P1R1A12_03631	98.000	300	6	0	1	300	1	300	0.0	606
51P2R2A10_04181	42P1R1A12_03632	95.872	218	9	0	307	524	1	218	2.86e-150	429
51P2R2A10_04182	51P2R2A10_04182	100.000	773	0	0	1	773	1	773	0.0	1612
51P2R2A10_04182	42P1R1A12_03630	97.930	773	16	0	1	773	1	773	0.0	1583
51P2R2A10_04183	51P2R2A10_04183	100.000	465	0	0	1	465	1	465	0.0	947
51P2R2A10_04183	42P1R1A12_03629	97.634	465	11	0	1	465	1	465	0.0	929
51P2R2A10_04183	31P2R1A5_02441	95.699	465	20	0	1	465	1	465	0.0	886
51P2R2A10_04185	51P2R2A10_04185	100.000	64	0	0	1	64	1	64	5.86e-40	125
51P2R2A10_04186	51P2R2A10_04186	100.000	198	0	0	1	198	1	198	1.78e-148	410
51P2R2A10_04186	42P1R1A12_03627	97.619	126	3	0	1	126	1	126	1.19e-89	258
51P2R2A10_04187	51P2R2A10_04187	100.000	189	0	0	1	189	1	189	1.11e-138	384
51P2R2A10_04188	51P2R2A10_04188	100.000	156	0	0	1	156	1	156	6.13e-113	317
51P2R2A10_04188	42P1R1A12_03625	96.154	156	6	0	1	156	1	156	1.27e-108	305
51P2R2A10_04189	51P2R2A10_04189	100.000	336	0	0	1	336	1	336	0.0	674
51P2R2A10_04189	42P1R1A12_03624	97.917	336	7	0	1	336	1	336	0.0	661
51P2R2A10_04190	51P2R2A10_04190	100.000	113	0	0	1	113	1	113	6.11e-80	229
51P2R2A10_04192	51P2R2A10_04192	100.000	260	0	0	1	260	1	260	0.0	531
51P2R2A10_04192	42P1R1A12_03620	95.769	260	11	0	1	260	1	260	0.0	510
51P2R2A10_04197	51P2R2A10_04197	100.000	209	0	0	1	209	1	209	1.44e-157	434
51P2R2A10_04197	42P1R1A12_03615	95.098	204	10	0	1	204	1	204	1.00e-146	406
51P2R2A10_04198	51P2R2A10_04198	100.000	305	0	0	1	305	1	305	0.0	604
51P2R2A10_04198	42P1R1A12_03614	96.066	305	12	0	1	305	1	305	0.0	581
51P2R2A10_04200	51P2R2A10_04200	100.000	216	0	0	1	216	1	216	1.71e-160	442
51P2R2A10_04200	42P1R1A12_03612	95.833	216	9	0	1	216	1	216	2.77e-154	426
51P2R2A10_04201	51P2R2A10_04201	100.000	139	0	0	1	139	1	139	8.74e-102	287
51P2R2A10_04205	51P2R2A10_04205	100.000	389	0	0	1	389	1	389	0.0	761
51P2R2A10_04205	42P1R1A12_03607	96.144	389	15	0	1	389	1	389	0.0	711
51P2R2A10_04206	51P2R2A10_04206	100.000	301	0	0	1	301	1	301	0.0	610
51P2R2A10_04206	42P1R1A12_03606	97.342	301	8	0	1	301	1	301	0.0	594
51P2R2A10_04207	51P2R2A10_04207	100.000	478	0	0	1	478	1	478	0.0	952
51P2R2A10_04207	42P1R1A12_03605	96.862	478	15	0	1	478	1	478	0.0	922
51P2R2A10_04209	51P2R2A10_04209	100.000	86	0	0	1	86	1	86	5.67e-56	167
51P2R2A10_04210	51P2R2A10_04210	100.000	318	0	0	1	318	1	318	0.0	653
51P2R2A10_04210	42P1R1A12_03600	95.342	322	11	1	1	318	1	322	0.0	630
51P2R2A10_04211	51P2R2A10_04211	100.000	98	0	0	1	98	1	98	1.08e-66	195
51P2R2A10_04212	51P2R2A10_04212	100.000	314	0	0	1	314	1	314	0.0	640
51P2R2A10_04212	42P1R1A12_03598	97.452	314	8	0	1	314	1	314	0.0	626
51P2R2A10_04213	51P2R2A10_04213	100.000	104	0	0	1	104	1	104	1.08e-73	213
51P2R2A10_04213	42P1R1A12_03597	97.115	104	3	0	1	104	1	104	1.50e-71	207
51P2R2A10_04217	51P2R2A10_04217	100.000	146	0	0	1	146	1	146	9.44e-107	300
51P2R2A10_04219	51P2R2A10_04219	100.000	534	0	0	1	534	1	534	0.0	1110
51P2R2A10_04219	42P1R1A12_03044	97.378	534	14	0	1	534	1	534	0.0	1087
51P2R2A10_04222	51P2R2A10_04222	100.000	138	0	0	1	138	1	138	7.28e-101	285
51P2R2A10_04222	42P1R1A12_03047	96.377	138	5	0	1	138	1	138	2.13e-97	276
51P2R2A10_04227	51P2R2A10_04227	100.000	270	0	0	1	270	1	270	0.0	548
51P2R2A10_04229	51P2R2A10_04229	100.000	275	0	0	1	275	1	275	0.0	547
51P2R2A10_04229	31P2R1A5_04595	96.727	275	9	0	1	275	1	275	0.0	532
51P2R2A10_04231	51P2R2A10_04231	100.000	165	0	0	1	165	1	165	3.49e-120	335
51P2R2A10_04231	42P1R1A12_03058	96.970	165	5	0	1	165	1	165	3.05e-116	325
51P2R2A10_04232	51P2R2A10_04232	100.000	136	0	0	1	136	1	136	6.16e-99	280
51P2R2A10_04232	42P1R1A12_03059	95.588	136	6	0	1	136	1	136	4.02e-94	267
51P2R2A10_04233	51P2R2A10_04233	100.000	268	0	0	1	268	1	268	0.0	550
51P2R2A10_04233	42P1R1A12_03060	95.149	268	13	0	1	268	1	268	0.0	524
51P2R2A10_04234	51P2R2A10_04234	100.000	316	0	0	1	316	1	316	0.0	648
51P2R2A10_04235	51P2R2A10_04235	100.000	291	0	0	1	291	1	291	0.0	587
51P2R2A10_04235	42P1R1A12_03062	97.251	291	8	0	1	291	1	291	0.0	575
51P2R2A10_04236	51P2R2A10_04236	100.000	91	0	0	1	91	1	91	5.43e-62	182
51P2R2A10_04236	42P1R1A12_03063	96.703	91	3	0	1	91	1	91	3.86e-59	175
51P2R2A10_04237	51P2R2A10_04237	100.000	314	0	0	1	314	1	314	0.0	612
51P2R2A10_04237	31P2R1A5_04585	95.130	308	15	0	1	308	1	308	0.0	560
51P2R2A10_04238	51P2R2A10_04238	100.000	527	0	0	1	527	1	527	0.0	1083
51P2R2A10_04238	42P1R1A12_03065	97.343	527	14	0	1	527	1	527	0.0	1061
51P2R2A10_04239	51P2R2A10_04239	100.000	376	0	0	1	376	1	376	0.0	755
51P2R2A10_04239	42P1R1A12_03066	97.606	376	9	0	1	376	1	376	0.0	744
51P2R2A10_04240	51P2R2A10_04240	100.000	263	0	0	1	263	1	263	0.0	535
51P2R2A10_04244	51P2R2A10_04244	100.000	170	0	0	1	170	1	170	4.72e-127	353
51P2R2A10_04250	51P2R2A10_04250	100.000	429	0	0	1	429	1	429	0.0	884
51P2R2A10_04251	51P2R2A10_04251	100.000	311	0	0	1	311	1	311	0.0	622
51P2R2A10_04252	51P2R2A10_04252	100.000	166	0	0	1	166	1	166	9.19e-119	332
51P2R2A10_04252	42P1R1A12_03083	95.181	166	8	0	1	166	1	166	7.39e-112	315
51P2R2A10_04257	51P2R2A10_04257	100.000	439	0	0	1	439	1	439	0.0	850
51P2R2A10_04257	42P1R1A12_03088	96.811	439	14	0	1	439	1	439	0.0	830
51P2R2A10_04262	51P2R2A10_04262	100.000	81	0	0	1	81	1	81	1.21e-49	150
51P2R2A10_04263	51P2R2A10_04263	100.000	341	0	0	1	341	1	341	0.0	693
51P2R2A10_04263	42P1R1A12_03094	98.476	328	5	0	14	341	1	328	0.0	658
51P2R2A10_04266	51P2R2A10_04266	100.000	398	0	0	1	398	1	398	0.0	818
51P2R2A10_04268	51P2R2A10_04268	100.000	139	0	0	1	139	1	139	1.14e-100	284
51P2R2A10_04268	42P1R1A12_03099	96.403	139	5	0	1	139	1	139	5.11e-97	275
51P2R2A10_04269	51P2R2A10_04269	100.000	118	0	0	1	118	1	118	7.83e-85	242
51P2R2A10_04269	42P1R1A12_03100	97.414	116	3	0	1	116	1	116	6.62e-82	235
51P2R2A10_04270	51P2R2A10_04270	100.000	77	0	0	1	77	1	77	6.59e-52	156
51P2R2A10_04273	51P2R2A10_04273	100.000	521	0	0	1	521	1	521	0.0	1079
51P2R2A10_04275	51P2R2A10_04275	100.000	115	0	0	1	115	1	115	1.57e-82	236
51P2R2A10_04276	51P2R2A10_04276	100.000	808	0	0	1	808	1	808	0.0	1656
51P2R2A10_04276	42P1R1A12_03108	97.153	808	23	0	1	808	1	808	0.0	1620
51P2R2A10_04277	51P2R2A10_04277	100.000	130	0	0	1	130	1	130	2.82e-96	272
51P2R2A10_04279	51P2R2A10_04279	100.000	535	0	0	1	535	1	535	0.0	1115
51P2R2A10_04282	51P2R2A10_04282	100.000	223	0	0	1	223	1	223	9.31e-165	453
51P2R2A10_04282	42P1R1A12_03114	97.758	223	5	0	1	223	1	223	2.43e-162	447
51P2R2A10_04285	51P2R2A10_04285	100.000	296	0	0	1	296	1	296	0.0	605
51P2R2A10_04286	51P2R2A10_04286	100.000	313	0	0	1	313	1	313	0.0	605
51P2R2A10_04287	51P2R2A10_04287	100.000	570	0	0	1	570	1	570	0.0	1177
51P2R2A10_04288	51P2R2A10_04288	100.000	376	0	0	1	376	1	376	0.0	759
51P2R2A10_04289	51P2R2A10_04289	100.000	299	0	0	1	299	1	299	0.0	611
51P2R2A10_04289	42P1R1A12_03117	95.222	293	14	0	1	293	1	293	0.0	580
51P2R2A10_04290	51P2R2A10_04290	100.000	137	0	0	1	137	1	137	5.75e-95	270
51P2R2A10_04290	42P1R1A12_03118	95.620	137	6	0	1	137	1	137	2.10e-82	238
51P2R2A10_04291	51P2R2A10_04291	100.000	230	0	0	1	230	1	230	6.93e-166	456
51P2R2A10_04291	42P1R1A12_03119	95.217	230	11	0	1	230	1	230	5.12e-150	416
51P2R2A10_04292	51P2R2A10_04292	100.000	179	0	0	1	179	1	179	8.67e-127	353
51P2R2A10_04293	51P2R2A10_04293	100.000	229	0	0	1	229	1	229	3.45e-170	467
51P2R2A10_04294	51P2R2A10_04294	100.000	864	0	0	1	864	1	864	0.0	1771
51P2R2A10_04295	51P2R2A10_04295	100.000	198	0	0	1	198	1	198	3.45e-148	409
51P2R2A10_04296	51P2R2A10_04296	100.000	368	0	0	1	368	1	368	0.0	743
51P2R2A10_04300	51P2R2A10_04300	100.000	438	0	0	1	438	1	438	0.0	867
51P2R2A10_04300	31P2R1A5_04519	97.945	438	9	0	1	438	1	438	0.0	852
51P2R2A10_04301	51P2R2A10_04301	100.000	228	0	0	1	228	1	228	2.37e-170	468
51P2R2A10_04301	42P1R1A12_03129	96.930	228	7	0	1	228	1	228	1.19e-165	456
51P2R2A10_04304	51P2R2A10_04304	100.000	488	0	0	1	488	1	488	0.0	989
51P2R2A10_04305	51P2R2A10_04305	100.000	682	0	0	1	682	1	682	0.0	1389
51P2R2A10_04306	51P2R2A10_04306	100.000	344	0	0	1	344	1	344	0.0	687
51P2R2A10_04307	51P2R2A10_04307	100.000	92	0	0	1	92	1	92	1.18e-60	179
51P2R2A10_04308	51P2R2A10_04308	100.000	662	0	0	1	662	1	662	0.0	1374
51P2R2A10_04309	51P2R2A10_04309	100.000	309	0	0	1	309	1	309	0.0	634
51P2R2A10_04309	42P1R1A12_03132	96.358	302	11	0	1	302	1	302	0.0	600
51P2R2A10_04310	51P2R2A10_04310	100.000	232	0	0	1	232	1	232	1.28e-175	481
51P2R2A10_04310	42P1R1A12_03133	96.552	232	8	0	1	232	1	232	3.69e-170	468
51P2R2A10_04315	51P2R2A10_04315	100.000	150	0	0	1	150	1	150	8.39e-108	303
51P2R2A10_04316	51P2R2A10_04316	100.000	111	0	0	1	111	1	111	9.54e-72	209
51P2R2A10_04317	51P2R2A10_04317	100.000	253	0	0	1	253	1	253	0.0	522
51P2R2A10_04318	51P2R2A10_04318	100.000	188	0	0	1	188	1	188	1.70e-138	384
51P2R2A10_04318	42P1R1A12_03141	95.745	188	8	0	1	188	1	188	1.48e-132	369
51P2R2A10_04319	51P2R2A10_04319	100.000	379	0	0	1	379	1	379	0.0	780
51P2R2A10_04320	51P2R2A10_04320	100.000	229	0	0	1	229	1	229	1.83e-168	463
51P2R2A10_04320	42P1R1A12_03143	97.380	229	6	0	1	229	1	229	2.45e-163	450
51P2R2A10_04321	51P2R2A10_04321	100.000	253	0	0	1	253	1	253	0.0	508
51P2R2A10_04321	31P2R1A5_04284	95.652	253	11	0	1	253	1	253	3.48e-177	487
51P2R2A10_04321	42P1R1A12_03144	95.652	253	11	0	1	253	1	253	6.65e-177	486
51P2R2A10_04321	25P2R1A13_01440	95.105	143	7	0	111	253	1	143	1.05e-93	271
51P2R2A10_04323	51P2R2A10_04323	100.000	355	0	0	1	355	1	355	0.0	719
51P2R2A10_04323	42P1R1A12_03146	97.183	355	10	0	1	355	1	355	0.0	702
51P2R2A10_04326	51P2R2A10_04326	100.000	242	0	0	1	242	1	242	0.0	498
51P2R2A10_04326	42P1R1A12_03149	96.694	242	8	0	1	242	1	242	5.68e-177	485
51P2R2A10_04327	51P2R2A10_04327	100.000	145	0	0	1	145	1	145	1.65e-106	299
51P2R2A10_04327	42P1R1A12_03150	95.172	145	7	0	1	145	1	145	1.03e-102	290
51P2R2A10_04328	51P2R2A10_04328	100.000	112	0	0	1	112	1	112	6.34e-80	229
51P2R2A10_04328	42P1R1A12_03151	96.429	112	4	0	1	112	1	112	3.45e-78	225
51P2R2A10_04328	27P2R2A12_03894	100.000	41	0	0	72	112	1	41	1.46e-22	82.8
51P2R2A10_04331	51P2R2A10_04331	100.000	307	0	0	1	307	1	307	0.0	632
51P2R2A10_04331	42P1R1A12_03154	97.394	307	8	0	1	307	1	307	0.0	619
51P2R2A10_04332	51P2R2A10_04332	100.000	227	0	0	1	227	1	227	3.74e-158	437
51P2R2A10_04332	42P1R1A12_03155	96.476	227	8	0	1	227	1	227	9.99e-153	423
51P2R2A10_04333	51P2R2A10_04333	100.000	261	0	0	1	261	1	261	0.0	531
51P2R2A10_04333	42P1R1A12_03156	97.318	261	7	0	1	261	1	261	0.0	519
51P2R2A10_04334	51P2R2A10_04334	100.000	199	0	0	1	199	1	199	1.31e-148	410
51P2R2A10_04334	42P1R1A12_03157	95.477	199	9	0	1	199	1	199	5.82e-143	396
51P2R2A10_04335	51P2R2A10_04335	100.000	196	0	0	1	196	1	196	9.39e-146	403
51P2R2A10_04336	51P2R2A10_04336	100.000	132	0	0	1	132	1	132	2.10e-93	265
51P2R2A10_04338	51P2R2A10_04338	100.000	741	0	0	1	741	1	741	0.0	1536
51P2R2A10_04338	42P1R1A12_03161	97.706	741	17	0	1	741	1	741	0.0	1506
51P2R2A10_04340	51P2R2A10_04340	100.000	696	0	0	1	696	1	696	0.0	1432
51P2R2A10_04340	42P1R1A12_03163	95.115	696	34	0	1	696	1	696	0.0	1350
51P2R2A10_04342	51P2R2A10_04342	100.000	586	0	0	1	586	1	586	0.0	1184
51P2R2A10_04347	51P2R2A10_04347	100.000	420	0	0	1	420	1	420	0.0	827
51P2R2A10_04347	42P1R1A12_03170	96.667	420	14	0	1	420	1	420	0.0	800
51P2R2A10_04351	51P2R2A10_04351	100.000	288	0	0	1	288	1	288	0.0	591
51P2R2A10_04352	51P2R2A10_04352	100.000	642	0	0	1	642	1	642	0.0	1317
51P2R2A10_04353	51P2R2A10_04353	100.000	429	0	0	1	429	1	429	0.0	876
51P2R2A10_04354	51P2R2A10_04354	100.000	122	0	0	1	122	1	122	9.75e-81	232
51P2R2A10_04355	51P2R2A10_04355	100.000	342	0	0	1	342	1	342	0.0	684
51P2R2A10_04356	51P2R2A10_04356	100.000	848	0	0	1	848	1	848	0.0	1738
51P2R2A10_04357	51P2R2A10_04357	100.000	231	0	0	1	231	1	231	2.51e-171	470
51P2R2A10_04358	51P2R2A10_04358	100.000	187	0	0	1	187	1	187	2.89e-132	368
51P2R2A10_04359	51P2R2A10_04359	100.000	188	0	0	1	188	1	188	1.30e-135	376
51P2R2A10_04360	51P2R2A10_04360	100.000	343	0	0	1	343	1	343	0.0	701
51P2R2A10_04364	51P2R2A10_04364	100.000	177	0	0	1	177	1	177	1.78e-130	362
51P2R2A10_04369	51P2R2A10_04369	100.000	326	0	0	1	326	1	326	0.0	677
51P2R2A10_04369	42P1R1A12_04645	97.853	326	7	0	1	326	1	326	0.0	664
51P2R2A10_04369	31P2R1A5_04230	95.706	326	14	0	1	326	1	326	0.0	650
51P2R2A10_04371	51P2R2A10_04371	100.000	321	0	0	1	321	1	321	0.0	660
51P2R2A10_04371	42P1R1A12_04648	97.508	321	8	0	1	321	1	321	0.0	646
51P2R2A10_04374	51P2R2A10_04374	100.000	277	0	0	1	277	1	277	0.0	572
51P2R2A10_04374	42P1R1A12_04651	97.131	244	7	0	34	277	1	244	1.04e-179	494
51P2R2A10_04378	51P2R2A10_04378	100.000	380	0	0	1	380	1	380	0.0	785
51P2R2A10_04378	42P1R1A12_04655	96.316	380	14	0	1	380	1	380	0.0	757
51P2R2A10_04379	51P2R2A10_04379	100.000	508	0	0	1	508	1	508	0.0	1014
51P2R2A10_04382	51P2R2A10_04382	100.000	632	0	0	1	632	1	632	0.0	1284
51P2R2A10_04382	42P1R1A12_04659	96.835	632	18	1	1	632	1	630	0.0	1243
51P2R2A10_04388	51P2R2A10_04388	100.000	97	0	0	1	97	1	97	9.06e-62	182
51P2R2A10_04394	51P2R2A10_04394	100.000	118	0	0	1	118	1	118	9.59e-83	237
51P2R2A10_04395	51P2R2A10_04395	100.000	546	0	0	1	546	1	546	0.0	1115
51P2R2A10_04395	42P1R1A12_04671	97.070	546	16	0	1	546	1	546	0.0	1093
51P2R2A10_04396	51P2R2A10_04396	100.000	96	0	0	1	96	1	96	4.77e-68	198
51P2R2A10_04396	42P1R1A12_04672	97.917	96	2	0	1	96	1	96	4.90e-67	196
51P2R2A10_04397	51P2R2A10_04397	100.000	103	0	0	1	103	1	103	2.45e-73	212
51P2R2A10_04398	51P2R2A10_04398	100.000	239	0	0	1	239	1	239	8.57e-180	492
51P2R2A10_04405	51P2R2A10_04405	100.000	285	0	0	1	285	1	285	0.0	589
51P2R2A10_04405	42P1R1A12_04681	95.789	285	12	0	1	285	1	285	0.0	569
51P2R2A10_04405	15P1R1A16_05089	95.161	248	12	0	38	285	1	248	6.69e-180	495
51P2R2A10_04405	43P2R2A2_04826	95.556	225	10	0	61	285	1	225	2.07e-163	452
51P2R2A10_04405	27P2R2A12_01554	96.532	173	6	0	113	285	1	173	9.11e-126	355
51P2R2A10_04405	28P2R1A12_01697	98.438	128	2	0	113	240	1	128	4.89e-93	271
51P2R2A10_04407	51P2R2A10_04407	100.000	398	0	0	1	398	1	398	0.0	785
51P2R2A10_04407	42P1R1A12_04683	96.231	398	15	0	1	398	1	398	0.0	726
51P2R2A10_04413	51P2R2A10_04413	100.000	309	0	0	1	309	1	309	0.0	618
51P2R2A10_04413	42P1R1A12_04689	97.049	305	9	0	1	305	1	305	0.0	595
51P2R2A10_04414	51P2R2A10_04414	100.000	426	0	0	1	426	1	426	0.0	853
51P2R2A10_04415	51P2R2A10_04415	100.000	690	0	0	1	690	1	690	0.0	1422
51P2R2A10_04416	51P2R2A10_04416	100.000	514	0	0	1	514	1	514	0.0	1048
51P2R2A10_04417	51P2R2A10_04417	100.000	259	0	0	1	259	1	259	0.0	534
51P2R2A10_04418	51P2R2A10_04418	100.000	282	0	0	1	282	1	282	0.0	577
51P2R2A10_04419	51P2R2A10_04419	100.000	264	0	0	1	264	1	264	0.0	541
51P2R2A10_04420	51P2R2A10_04420	100.000	217	0	0	1	217	1	217	1.33e-162	447
51P2R2A10_04421	51P2R2A10_04421	100.000	220	0	0	1	220	1	220	2.30e-160	442
51P2R2A10_04429	51P2R2A10_04429	100.000	648	0	0	1	648	1	648	0.0	1335
51P2R2A10_04429	42P1R1A12_04698	97.994	648	13	0	1	648	1	648	0.0	1310
51P2R2A10_04431	51P2R2A10_04431	100.000	186	0	0	1	186	1	186	3.61e-136	378
51P2R2A10_04431	42P1R1A12_04700	97.312	186	5	0	1	186	1	186	5.05e-133	370
51P2R2A10_04433	51P2R2A10_04433	100.000	291	0	0	1	291	1	291	0.0	607
51P2R2A10_04433	42P1R1A12_04702	96.907	291	9	0	1	291	1	291	0.0	592
51P2R2A10_04434	51P2R2A10_04434	100.000	670	0	0	1	670	1	670	0.0	1395
51P2R2A10_04434	42P1R1A12_04703	96.567	670	23	0	1	670	1	670	0.0	1355
51P2R2A10_04435	51P2R2A10_04435	100.000	411	0	0	1	411	1	411	0.0	830
51P2R2A10_04435	42P1R1A12_04704	97.567	411	10	0	1	411	1	411	0.0	807
51P2R2A10_04439	51P2R2A10_04439	100.000	1259	0	0	1	1259	1	1259	0.0	2535
51P2R2A10_04439	42P1R1A12_04708	97.935	1259	26	0	1	1259	1	1259	0.0	2499
