54P2R2A3_04978	54P2R2A3_04978	100.000	713	0	0	1	713	1	713	0.0	1473
54P2R2A3_04981	54P2R2A3_04981	100.000	97	0	0	1	97	1	97	1.39e-68	200
54P2R2A3_04982	54P2R2A3_04982	100.000	300	0	0	1	300	1	300	0.0	614
54P2R2A3_04983	54P2R2A3_04983	100.000	742	0	0	1	742	1	742	0.0	1526
54P2R2A3_04984	54P2R2A3_04984	100.000	363	0	0	1	363	1	363	0.0	732
54P2R2A3_04985	54P2R2A3_04985	100.000	98	0	0	1	98	1	98	1.79e-70	204
54P2R2A3_04986	54P2R2A3_04986	100.000	229	0	0	1	229	1	229	1.53e-172	473
54P2R2A3_04987	54P2R2A3_04987	100.000	259	0	0	1	259	1	259	0.0	528
54P2R2A3_04987	44P3R3A6_05141	95.257	253	9	1	10	259	8	260	3.43e-177	488
54P2R2A3_04987	1P1R1A1_04667	95.349	43	2	0	202	244	1	43	5.51e-22	86.7
54P2R2A3_04989	54P2R2A3_04989	100.000	289	0	0	1	289	1	289	0.0	598
54P2R2A3_04990	54P2R2A3_04990	100.000	90	0	0	1	90	1	90	3.01e-59	176
54P2R2A3_04993	54P2R2A3_04993	100.000	424	0	0	1	424	1	424	0.0	884
54P2R2A3_04993	44P3R3A6_05135	97.406	424	11	0	1	424	1	424	0.0	863
54P2R2A3_04996	54P2R2A3_04996	100.000	178	0	0	1	178	1	178	5.18e-133	369
54P2R2A3_04997	54P2R2A3_04997	100.000	89	0	0	1	89	1	89	1.65e-59	176
54P2R2A3_04998	54P2R2A3_04998	100.000	478	0	0	1	478	1	478	0.0	978
54P2R2A3_04998	31P2R1A5_05287	96.862	478	15	0	1	478	1	478	0.0	953
54P2R2A3_05000	54P2R2A3_05000	100.000	462	0	0	1	462	1	462	0.0	929
54P2R2A3_05000	31P2R1A5_05285	96.753	462	15	0	1	462	37	498	0.0	903
54P2R2A3_05001	54P2R2A3_05001	100.000	115	0	0	1	115	1	115	4.36e-81	233
54P2R2A3_05002	54P2R2A3_05002	100.000	421	0	0	1	421	1	421	0.0	859
54P2R2A3_05002	44P3R3A6_05389	96.912	421	13	0	1	421	1	421	0.0	836
54P2R2A3_05002	31P2R1A5_05283	96.798	406	13	0	1	406	1	406	0.0	806
54P2R2A3_05008	54P2R2A3_05008	100.000	240	0	0	1	240	1	240	1.98e-176	484
54P2R2A3_05008	31P2R1A5_05277	97.917	240	5	0	1	240	1	240	8.37e-174	477
54P2R2A3_05009	54P2R2A3_05009	100.000	420	0	0	1	420	1	420	0.0	863
54P2R2A3_05009	31P2R1A5_05276	97.381	420	11	0	1	420	1	420	0.0	842
54P2R2A3_05012	54P2R2A3_05012	100.000	162	0	0	1	162	1	162	2.34e-107	303
54P2R2A3_05012	31P2R1A5_05273	96.296	162	6	0	1	162	1	162	2.66e-103	293
54P2R2A3_05013	54P2R2A3_05013	100.000	175	0	0	1	175	1	175	3.15e-124	347
54P2R2A3_05013	31P2R1A5_05272	96.571	175	6	0	1	175	1	175	7.39e-120	335
54P2R2A3_05015	54P2R2A3_05015	100.000	83	0	0	1	83	1	83	6.47e-57	169
54P2R2A3_05016	54P2R2A3_05016	100.000	286	0	0	1	286	1	286	0.0	589
54P2R2A3_05016	42P1R1A12_05880	97.552	286	7	0	1	286	1	286	0.0	578
54P2R2A3_05016	31P2R1A5_03976	97.902	286	6	0	1	286	1	286	0.0	578
54P2R2A3_05017	54P2R2A3_05017	100.000	109	0	0	1	109	1	109	1.13e-75	218
54P2R2A3_05018	54P2R2A3_05018	100.000	198	0	0	1	198	1	198	1.37e-144	400
54P2R2A3_05019	54P2R2A3_05019	100.000	271	0	0	1	271	1	271	0.0	561
54P2R2A3_05020	54P2R2A3_05020	100.000	297	0	0	1	297	1	297	0.0	619
54P2R2A3_05021	54P2R2A3_05021	100.000	255	0	0	1	255	1	255	0.0	530
54P2R2A3_05021	42P1R1A12_06223	95.669	254	11	0	1	254	1	254	0.0	506
54P2R2A3_05021	25P2R1A13_02884	95.455	22	1	0	233	254	1	22	8.02e-08	48.1
54P2R2A3_05022	54P2R2A3_05022	100.000	362	0	0	1	362	1	362	0.0	742
54P2R2A3_05023	54P2R2A3_05023	100.000	431	0	0	1	431	1	431	0.0	889
54P2R2A3_05024	54P2R2A3_05024	100.000	541	0	0	1	541	1	541	0.0	1123
54P2R2A3_05025	54P2R2A3_05025	100.000	39	0	0	1	39	1	39	1.01e-23	82.4
54P2R2A3_05027	54P2R2A3_05027	100.000	230	0	0	1	230	1	230	2.50e-173	475
54P2R2A3_05028	54P2R2A3_05028	100.000	771	0	0	1	771	1	771	0.0	1598
54P2R2A3_05028	31P2R1A5_03967	95.720	771	29	2	1	771	1	767	0.0	1499
54P2R2A3_05029	54P2R2A3_05029	100.000	1754	0	0	1	1754	1	1754	0.0	3562
54P2R2A3_05029	31P2R1A5_03968	97.719	1754	40	0	1	1754	1	1754	0.0	3477
54P2R2A3_05029	44P3R3A6_05456	98.958	96	1	0	1659	1754	1	96	6.29e-55	186
54P2R2A3_05029	44P3R3A6_05498	96.875	96	3	0	1659	1754	1	96	8.63e-54	182
54P2R2A3_05030	54P2R2A3_05030	100.000	242	0	0	1	242	1	242	6.27e-177	485
54P2R2A3_05031	54P2R2A3_05031	100.000	198	0	0	1	198	1	198	1.39e-142	395
54P2R2A3_05032	54P2R2A3_05032	100.000	74	0	0	1	74	1	74	4.23e-49	149
54P2R2A3_05033	54P2R2A3_05033	100.000	215	0	0	1	215	1	215	4.78e-156	430
54P2R2A3_05034	54P2R2A3_05034	100.000	217	0	0	1	217	1	217	1.24e-158	437
54P2R2A3_05036	54P2R2A3_05036	100.000	113	0	0	1	113	1	113	4.48e-81	233
54P2R2A3_05037	54P2R2A3_05037	100.000	97	0	0	1	97	1	97	3.00e-68	199
54P2R2A3_05037	31P2R1A5_04261	96.907	97	3	0	1	97	1	97	3.15e-66	194
54P2R2A3_05038	54P2R2A3_05038	100.000	193	0	0	1	193	1	193	1.06e-140	390
54P2R2A3_05039	54P2R2A3_05039	100.000	830	0	0	1	830	1	830	0.0	1674
54P2R2A3_05039	31P2R1A5_04263	96.988	830	25	0	1	830	1	830	0.0	1627
54P2R2A3_05040	54P2R2A3_05040	100.000	672	0	0	1	672	1	672	0.0	1370
54P2R2A3_05040	31P2R1A5_04264	96.875	672	21	0	1	672	1	672	0.0	1335
54P2R2A3_05042	54P2R2A3_05042	100.000	150	0	0	1	150	1	150	2.63e-107	302
54P2R2A3_05042	31P2R1A5_04266	96.000	150	6	0	1	150	1	150	1.52e-92	265
54P2R2A3_05044	54P2R2A3_05044	100.000	253	0	0	1	253	1	253	3.05e-178	489
54P2R2A3_05047	54P2R2A3_05047	100.000	281	0	0	1	281	1	281	0.0	578
54P2R2A3_05048	54P2R2A3_05048	100.000	203	0	0	1	203	1	203	2.98e-149	412
54P2R2A3_05049	54P2R2A3_05049	100.000	260	0	0	1	260	1	260	0.0	521
54P2R2A3_05050	54P2R2A3_05050	100.000	420	0	0	1	420	1	420	0.0	823
54P2R2A3_05051	54P2R2A3_05051	100.000	260	0	0	1	260	1	260	0.0	518
54P2R2A3_05052	54P2R2A3_05052	100.000	111	0	0	1	111	1	111	1.10e-70	206
54P2R2A3_05053	54P2R2A3_05053	100.000	192	0	0	1	192	1	192	4.79e-142	393
54P2R2A3_05054	54P2R2A3_05054	100.000	264	0	0	1	264	1	264	0.0	535
54P2R2A3_05055	54P2R2A3_05055	100.000	83	0	0	1	83	1	83	1.75e-57	171
54P2R2A3_05056	54P2R2A3_05056	100.000	82	0	0	1	82	1	82	3.34e-56	167
54P2R2A3_05057	54P2R2A3_05057	100.000	288	0	0	1	288	1	288	0.0	592
54P2R2A3_05058	54P2R2A3_05058	100.000	39	0	0	1	39	1	39	1.40e-20	74.7
54P2R2A3_05059	54P2R2A3_05059	100.000	58	0	0	1	58	1	58	1.04e-38	121
54P2R2A3_05059	10P3R2A13_01030	97.778	45	1	0	1	45	4	48	2.85e-27	97.1
54P2R2A3_05063	54P2R2A3_05063	100.000	310	0	0	1	310	1	310	0.0	635
54P2R2A3_05063	42P1R1A12_05394	99.636	275	1	0	1	275	1	275	0.0	561
54P2R2A3_05064	54P2R2A3_05064	100.000	181	0	0	1	181	1	181	2.90e-132	367
54P2R2A3_05064	44P3R3A6_05426	96.133	181	7	0	1	181	1	181	1.99e-127	355
54P2R2A3_05065	54P2R2A3_05065	100.000	83	0	0	1	83	1	83	1.16e-58	174
54P2R2A3_05066	54P2R2A3_05066	100.000	686	0	0	1	686	1	686	0.0	1413
54P2R2A3_05067	54P2R2A3_05067	100.000	144	0	0	1	144	1	144	2.96e-106	298
54P2R2A3_05068	54P2R2A3_05068	100.000	243	0	0	1	243	1	243	0.0	495
54P2R2A3_05069	54P2R2A3_05069	100.000	109	0	0	1	109	1	109	3.23e-77	223
54P2R2A3_05070	54P2R2A3_05070	100.000	125	0	0	1	125	1	125	2.95e-86	246
54P2R2A3_05071	54P2R2A3_05071	100.000	360	0	0	1	360	1	360	0.0	752
54P2R2A3_05073	54P2R2A3_05073	100.000	45	0	0	1	45	1	45	2.71e-28	94.4
54P2R2A3_05074	54P2R2A3_05074	100.000	117	0	0	1	117	1	117	1.12e-83	239
54P2R2A3_05075	54P2R2A3_05075	100.000	81	0	0	1	81	1	81	4.18e-53	159
54P2R2A3_05087	54P2R2A3_05087	100.000	154	0	0	1	154	1	154	5.03e-109	306
54P2R2A3_05087	33P3R2A2_04387	99.291	141	1	0	14	154	1	141	5.96e-97	275
54P2R2A3_05091	54P2R2A3_05091	100.000	214	0	0	1	214	1	214	9.99e-161	442
54P2R2A3_05091	31P2R1A5_05296	95.192	208	10	0	1	208	1	208	4.81e-149	412
54P2R2A3_05092	54P2R2A3_05092	100.000	32	0	0	1	32	1	32	1.89e-17	66.2
54P2R2A3_05093	54P2R2A3_05093	100.000	553	0	0	1	553	1	553	0.0	1134
54P2R2A3_05094	54P2R2A3_05094	100.000	117	0	0	1	117	1	117	2.61e-82	236
54P2R2A3_05094	42P1R1A12_05434	96.581	117	4	0	1	117	1	117	6.86e-78	225
54P2R2A3_05096	54P2R2A3_05096	100.000	146	0	0	1	146	1	146	1.90e-108	304
54P2R2A3_05097	54P2R2A3_05097	100.000	56	0	0	1	56	1	56	3.72e-34	110
54P2R2A3_05100	54P2R2A3_05100	100.000	93	0	0	1	93	1	93	2.53e-64	189
54P2R2A3_05101	54P2R2A3_05101	100.000	188	0	0	1	188	1	188	2.04e-137	381
54P2R2A3_05102	54P2R2A3_05102	100.000	154	0	0	1	154	1	154	8.57e-111	311
54P2R2A3_05103	54P2R2A3_05103	100.000	107	0	0	1	107	1	107	2.72e-74	215
54P2R2A3_05104	54P2R2A3_05104	100.000	162	0	0	1	162	1	162	1.13e-116	327
54P2R2A3_05105	54P2R2A3_05105	100.000	71	0	0	1	71	1	71	1.60e-44	137
54P2R2A3_05112	54P2R2A3_05112	100.000	343	0	0	1	343	1	343	0.0	711
54P2R2A3_05112	31P2R1A5_05310	95.627	343	15	0	1	343	1	343	0.0	684
54P2R2A3_05115	54P2R2A3_05115	100.000	456	0	0	1	456	1	456	0.0	937
54P2R2A3_05116	54P2R2A3_05116	100.000	274	0	0	1	274	1	274	0.0	550
54P2R2A3_05117	54P2R2A3_05117	100.000	405	0	0	1	405	1	405	0.0	786
54P2R2A3_05118	54P2R2A3_05118	100.000	102	0	0	1	102	1	102	4.86e-69	201
54P2R2A3_05119	54P2R2A3_05119	100.000	103	0	0	1	103	1	103	1.64e-72	210
54P2R2A3_05119	33P3R2A2_04259	100.000	103	0	0	1	103	93	195	7.43e-72	212
54P2R2A3_05124	54P2R2A3_05124	100.000	479	0	0	1	479	1	479	0.0	990
54P2R2A3_05125	54P2R2A3_05125	100.000	67	0	0	1	67	1	67	2.39e-44	136
54P2R2A3_05126	54P2R2A3_05126	100.000	169	0	0	1	169	1	169	9.46e-125	347
54P2R2A3_05127	54P2R2A3_05127	100.000	127	0	0	1	127	1	127	3.46e-91	259
54P2R2A3_05128	54P2R2A3_05128	100.000	182	0	0	1	182	1	182	2.04e-137	380
54P2R2A3_05129	54P2R2A3_05129	100.000	57	0	0	1	57	1	57	2.43e-36	115
54P2R2A3_05130	54P2R2A3_05130	100.000	169	0	0	1	169	1	169	9.18e-124	345
54P2R2A3_05131	54P2R2A3_05131	100.000	170	0	0	1	170	1	170	1.15e-125	350
54P2R2A3_05132	54P2R2A3_05132	100.000	452	0	0	1	452	1	452	0.0	927
54P2R2A3_05133	54P2R2A3_05133	100.000	282	0	0	1	282	1	282	0.0	574
54P2R2A3_05134	54P2R2A3_05134	100.000	75	0	0	1	75	1	75	1.14e-51	155
54P2R2A3_05135	54P2R2A3_05135	100.000	151	0	0	1	151	1	151	3.00e-111	312
54P2R2A3_05136	54P2R2A3_05136	100.000	200	0	0	1	200	1	200	2.64e-149	412
54P2R2A3_05137	54P2R2A3_05137	100.000	136	0	0	1	136	1	136	8.92e-100	281
54P2R2A3_05138	54P2R2A3_05138	100.000	412	0	0	1	412	1	412	0.0	857
54P2R2A3_05139	54P2R2A3_05139	100.000	159	0	0	1	159	1	159	4.13e-116	325
54P2R2A3_05141	54P2R2A3_05141	100.000	142	0	0	1	142	1	142	4.62e-105	295
54P2R2A3_05142	54P2R2A3_05142	100.000	106	0	0	1	106	1	106	1.38e-70	206
54P2R2A3_05143	54P2R2A3_05143	100.000	188	0	0	1	188	1	188	1.53e-137	381
54P2R2A3_05144	54P2R2A3_05144	100.000	452	0	0	1	452	1	452	0.0	943
54P2R2A3_05145	54P2R2A3_05145	100.000	77	0	0	1	77	1	77	2.37e-50	152
54P2R2A3_05146	54P2R2A3_05146	100.000	76	0	0	1	76	1	76	1.61e-52	157
54P2R2A3_05147	54P2R2A3_05147	100.000	75	0	0	1	75	1	75	2.43e-52	157
54P2R2A3_05147	54P2R2A3_04764	98.667	75	1	0	1	75	46	120	1.78e-51	156
54P2R2A3_05147	42P1R1A12_05423	97.143	35	1	0	41	75	58	92	8.43e-19	73.2
54P2R2A3_05148	54P2R2A3_05148	100.000	132	0	0	1	132	1	132	6.35e-94	266
54P2R2A3_05149	54P2R2A3_05149	100.000	449	0	0	1	449	1	449	0.0	932
54P2R2A3_05149	42P1R1A12_06189	96.659	449	15	0	1	449	5	453	0.0	910
54P2R2A3_05150	54P2R2A3_05150	100.000	230	0	0	1	230	1	230	4.41e-159	439
54P2R2A3_05152	54P2R2A3_05152	100.000	117	0	0	1	117	1	117	3.03e-84	241
54P2R2A3_05152	33P3R2A2_04249	100.000	67	0	0	51	117	1	67	3.77e-44	138
54P2R2A3_05155	54P2R2A3_05155	100.000	35	0	0	1	35	1	35	5.87e-18	67.8
54P2R2A3_05155	1P1R1A1_04694	96.970	33	1	0	3	35	34	66	2.04e-15	62.0
54P2R2A3_05156	54P2R2A3_05156	100.000	215	0	0	1	215	1	215	4.55e-159	438
54P2R2A3_05156	1P1R1A1_04695	97.674	215	5	0	1	215	13	227	1.14e-156	432
54P2R2A3_05157	54P2R2A3_05157	100.000	303	0	0	1	303	1	303	0.0	623
54P2R2A3_05159	54P2R2A3_05159	100.000	71	0	0	1	71	1	71	1.35e-48	147
54P2R2A3_05159	44P3R3A6_05566	97.183	71	2	0	1	71	1	71	4.30e-47	143
54P2R2A3_05160	54P2R2A3_05160	100.000	75	0	0	1	75	1	75	7.84e-50	150
54P2R2A3_05160	44P3R3A6_05567	96.000	75	3	0	1	75	1	75	5.36e-49	149
54P2R2A3_05162	54P2R2A3_05162	100.000	138	0	0	1	138	1	138	3.32e-99	280
54P2R2A3_05164	54P2R2A3_05164	100.000	129	0	0	1	129	1	129	7.00e-93	264
54P2R2A3_05165	54P2R2A3_05165	100.000	30	0	0	1	30	1	30	5.40e-15	60.1
54P2R2A3_05166	54P2R2A3_05166	100.000	308	0	0	1	308	1	308	0.0	637
54P2R2A3_05166	33P3R2A2_04178	96.104	308	12	0	1	308	1	308	0.0	617
54P2R2A3_05166	42P1R1A12_05572	95.455	308	14	0	1	308	16	323	0.0	612
54P2R2A3_05167	54P2R2A3_05167	100.000	226	0	0	1	226	1	226	1.03e-165	456
54P2R2A3_05168	54P2R2A3_05168	100.000	514	0	0	1	514	1	514	0.0	1073
54P2R2A3_05169	54P2R2A3_05169	100.000	470	0	0	1	470	1	470	0.0	965
54P2R2A3_05170	54P2R2A3_05170	100.000	75	0	0	1	75	1	75	4.19e-50	151
54P2R2A3_05171	54P2R2A3_05171	100.000	246	0	0	1	246	1	246	8.78e-173	475
54P2R2A3_05172	54P2R2A3_05172	100.000	164	0	0	1	164	1	164	1.65e-112	316
54P2R2A3_05173	54P2R2A3_05173	100.000	496	0	0	1	496	1	496	0.0	1018
54P2R2A3_05174	54P2R2A3_05174	100.000	41	0	0	1	41	1	41	4.18e-24	83.6
54P2R2A3_05175	54P2R2A3_05175	100.000	42	0	0	1	42	1	42	5.31e-22	78.2
54P2R2A3_05175	18P3R3A11_00060	100.000	42	0	0	1	42	47	88	5.86e-22	79.3
54P2R2A3_05175	38P2R3A13_06947	95.238	42	2	0	1	42	47	88	4.45e-21	77.4
54P2R2A3_05176	54P2R2A3_05176	100.000	220	0	0	1	220	1	220	1.94e-159	439
54P2R2A3_05177	33P3R2A2_04108	100.000	575	0	0	1	575	415	989	0.0	1177
54P2R2A3_05177	54P2R2A3_05177	100.000	575	0	0	1	575	1	575	0.0	1170
54P2R2A3_05178	54P2R2A3_05178	100.000	109	0	0	1	109	1	109	4.44e-77	222
54P2R2A3_05179	54P2R2A3_05179	100.000	170	0	0	1	170	1	170	5.78e-124	345
54P2R2A3_05180	54P2R2A3_05180	100.000	295	0	0	1	295	1	295	0.0	556
54P2R2A3_05181	54P2R2A3_05181	100.000	362	0	0	1	362	1	362	0.0	691
54P2R2A3_05182	54P2R2A3_05182	100.000	159	0	0	1	159	1	159	3.77e-118	330
54P2R2A3_05182	44P3R3A6_04639	98.876	89	1	0	71	159	1	89	6.37e-62	185
54P2R2A3_05182	54P2R2A3_05185	96.629	89	3	0	71	159	1	89	1.84e-60	182
54P2R2A3_05182	31P2R1A5_04701	97.561	41	1	0	119	159	1	41	2.40e-21	81.3
54P2R2A3_05185	54P2R2A3_05185	100.000	89	0	0	1	89	1	89	1.63e-63	186
54P2R2A3_05185	44P3R3A6_04639	97.753	89	2	0	1	89	1	89	5.98e-62	182
54P2R2A3_05185	54P2R2A3_05182	96.629	89	3	0	1	89	71	159	1.03e-60	182
54P2R2A3_05185	51P2R2A10_05371	95.506	89	4	0	1	89	337	425	7.07e-58	182
54P2R2A3_05185	42P1R1A12_03594	95.506	89	4	0	1	89	372	460	8.96e-58	183
54P2R2A3_05185	31P2R1A5_04701	95.122	41	2	0	49	89	1	41	1.80e-22	81.6
54P2R2A3_05188	54P2R2A3_05188	100.000	335	0	0	1	335	1	335	0.0	693
54P2R2A3_05188	28P2R1A12_04792	97.313	335	9	0	1	335	1	335	0.0	676
54P2R2A3_05188	28P2R1A12_04789	96.565	262	9	0	74	335	2	263	0.0	519
54P2R2A3_05189	54P2R2A3_05189	100.000	126	0	0	1	126	1	126	2.12e-91	259
54P2R2A3_05190	54P2R2A3_05190	100.000	92	0	0	1	92	1	92	5.18e-65	190
54P2R2A3_05190	33P3R2A2_04397	95.652	92	4	0	1	92	1	92	7.17e-63	185
54P2R2A3_05191	54P2R2A3_05191	100.000	174	0	0	1	174	1	174	9.15e-129	358
54P2R2A3_05195	54P2R2A3_05195	100.000	182	0	0	1	182	1	182	5.51e-134	372
55P3R1A11_04107	55P3R1A11_04107	100.000	124	0	0	1	124	1	124	2.26e-88	252
55P3R1A11_04107	33P3R2A2_04030	100.000	124	0	0	1	124	107	230	6.75e-88	254
55P3R1A11_04107	55P3R1A11_04240	97.581	124	3	0	1	124	1	124	5.30e-86	246
55P3R1A11_04107	33P3R2A2_04202	97.581	124	3	0	1	124	107	230	1.28e-85	249
55P3R1A11_04107	32P3R2A9_04731	95.968	124	5	0	1	124	1	124	7.22e-85	243
55P3R1A11_04107	32P3R2A9_04550	95.161	124	6	0	1	124	1	124	1.35e-84	242
55P3R1A11_04107	19P1R1A6_04654	96.774	124	4	0	1	124	173	296	9.49e-84	246
55P3R1A11_04107	25P2R1A13_04574	96.774	124	4	0	1	124	173	296	1.47e-83	246
55P3R1A11_04240	55P3R1A11_04240	100.000	124	0	0	1	124	1	124	6.28e-88	251
55P3R1A11_04240	33P3R2A2_04202	100.000	124	0	0	1	124	107	230	1.35e-87	254
55P3R1A11_04240	32P3R2A9_04550	97.581	124	3	0	1	124	1	124	1.31e-86	247
55P3R1A11_04240	55P3R1A11_04107	97.581	124	3	0	1	124	1	124	5.30e-86	246
55P3R1A11_04240	33P3R2A2_04030	97.581	124	3	0	1	124	107	230	1.58e-85	248
55P3R1A11_04240	32P3R2A9_04731	96.774	124	4	0	1	124	1	124	2.04e-85	244
55P3R1A11_04240	33P3R2A2_04010	96.774	124	4	0	1	124	173	296	2.65e-83	245
55P3R1A11_04240	19P1R1A6_04654	95.968	124	5	0	1	124	173	296	6.34e-83	244
55P3R1A11_04240	25P2R1A13_04574	95.968	124	5	0	1	124	173	296	9.19e-83	244
55P3R1A11_04451	55P3R1A11_04451	100.000	124	0	0	1	124	1	124	7.45e-90	256
55P3R1A11_04451	19P1R1A6_04705	95.935	123	5	0	1	123	1	123	3.79e-85	253
55P3R1A11_04451	10P3R2A13_04971	96.203	79	3	0	1	79	1	79	1.20e-51	158
55P3R1A11_04451	12_1P1R2A2-1_04444	100.000	56	0	0	24	79	2	57	1.08e-35	117
55P3R1A11_04451	28P2R1A12_04015	96.610	59	2	0	1	59	1	59	2.12e-35	116
55P3R1A11_04451	4P1R1A3_04652	96.429	56	2	0	1	56	1	56	2.40e-32	113
55P3R1A11_04451	1P1R1A1_04696	96.429	56	2	0	1	56	1	56	8.13e-32	114
55P3R1A11_04473	33P3R2A2_04470	100.000	68	0	0	1	68	29	96	5.17e-45	139
55P3R1A11_04473	55P3R1A11_04473	100.000	68	0	0	1	68	1	68	8.65e-45	137
55P3R1A11_04473	20P1R1A7_04602	97.143	70	0	1	1	68	29	98	4.43e-43	134
55P3R1A11_04473	28P2R1A12_04689	97.143	70	0	1	1	68	20	89	8.07e-43	133
55P3R1A11_04473	16_1P2R1A8-1_01455	95.714	70	1	1	1	68	1	70	8.29e-42	130
56P2R2A4_00004	56P2R2A4_00004	100.000	224	0	0	1	224	1	224	9.47e-168	461
56P2R2A4_00004	38P2R3A13_01540	95.536	224	10	0	1	224	1	224	3.31e-160	442
56P2R2A4_00005	56P2R2A4_00005	100.000	298	0	0	1	298	1	298	0.0	608
56P2R2A4_00006	56P2R2A4_00006	100.000	118	0	0	1	118	1	118	7.41e-85	243
56P2R2A4_00007	56P2R2A4_00007	100.000	101	0	0	1	101	1	101	8.64e-69	201
56P2R2A4_00008	56P2R2A4_00008	100.000	307	0	0	1	307	1	307	0.0	625
56P2R2A4_00008	38P2R3A13_01552	97.705	305	7	0	1	305	1	305	0.0	610
56P2R2A4_00011	56P2R2A4_00011	100.000	111	0	0	1	111	1	111	2.63e-77	223
56P2R2A4_00011	38P2R3A13_01555	97.297	111	3	0	1	111	1	111	6.02e-76	219
56P2R2A4_00011	37P2R3-2A1_03752	97.297	111	3	0	1	111	1	111	2.15e-75	218
56P2R2A4_00011	31P2R1A5_00899	95.495	111	5	0	1	111	1	111	2.55e-73	213
56P2R2A4_00015	56P2R2A4_00015	100.000	581	0	0	1	581	1	581	0.0	1194
56P2R2A4_00015	38P2R3A13_01559	96.902	581	18	0	1	581	1	581	0.0	1158
56P2R2A4_00015	37P2R3-2A1_03757	96.213	581	22	0	1	581	1	581	0.0	1155
56P2R2A4_00015	18P3R3A11_01566	96.386	581	21	0	1	581	1	581	0.0	1154
56P2R2A4_00016	56P2R2A4_00016	100.000	316	0	0	1	316	1	316	0.0	649
56P2R2A4_00016	38P2R3A13_01560	95.570	316	14	0	1	316	1	316	0.0	627
56P2R2A4_00017	56P2R2A4_00017	100.000	581	0	0	1	581	1	581	0.0	1191
56P2R2A4_00017	38P2R3A13_01561	97.418	581	15	0	1	581	1	581	0.0	1168
56P2R2A4_00018	56P2R2A4_00018	100.000	404	0	0	1	404	1	404	0.0	773
56P2R2A4_00018	38P2R3A13_01562	96.782	404	13	0	1	404	1	404	0.0	751
56P2R2A4_00030	56P2R2A4_00030	100.000	288	0	0	1	288	1	288	0.0	584
56P2R2A4_00030	38P2R3A13_01574	97.222	288	8	0	1	288	1	288	0.0	572
56P2R2A4_00031	56P2R2A4_00031	100.000	389	0	0	1	389	1	389	0.0	782
56P2R2A4_00032	56P2R2A4_00032	100.000	234	0	0	1	234	1	234	1.30e-173	476
56P2R2A4_00034	56P2R2A4_00034	100.000	164	0	0	1	164	1	164	1.33e-120	337
56P2R2A4_00034	38P2R3A13_01578	95.122	164	8	0	1	164	1	164	1.35e-115	324
56P2R2A4_00036	56P2R2A4_00036	100.000	304	0	0	1	304	1	304	0.0	590
56P2R2A4_00036	38P2R3A13_01580	97.368	304	8	0	1	304	1	304	0.0	580
56P2R2A4_00036	38P2R3A13_03586	95.724	304	13	0	1	304	1	304	0.0	572
56P2R2A4_00037	56P2R2A4_00037	100.000	61	0	0	1	61	1	61	8.03e-41	127
56P2R2A4_00037	38P2R3A13_01581	96.721	61	2	0	1	61	1	61	1.31e-39	124
56P2R2A4_00038	56P2R2A4_00038	100.000	563	0	0	1	563	1	563	0.0	1154
56P2R2A4_00050	56P2R2A4_00050	100.000	411	0	0	1	411	1	411	0.0	799
56P2R2A4_00050	38P2R3A13_01594	96.602	412	10	4	1	411	1	409	0.0	753
56P2R2A4_00061	56P2R2A4_00061	100.000	475	0	0	1	475	1	475	0.0	932
56P2R2A4_00061	38P2R3A13_01605	95.579	475	21	0	1	475	1	475	0.0	848
56P2R2A4_00062	56P2R2A4_00062	100.000	275	0	0	1	275	1	275	0.0	528
56P2R2A4_00062	38P2R3A13_01606	95.636	275	12	0	1	275	1	275	1.91e-173	479
56P2R2A4_00063	56P2R2A4_00063	100.000	402	0	0	1	402	1	402	0.0	835
56P2R2A4_00063	38P2R3A13_01607	96.020	402	16	0	1	402	1	402	0.0	805
56P2R2A4_00078	56P2R2A4_00078	100.000	154	0	0	1	154	1	154	6.65e-112	314
56P2R2A4_00117	56P2R2A4_00117	100.000	840	0	0	1	840	1	840	0.0	1721
56P2R2A4_00117	38P2R3A13_01822	97.381	840	22	0	1	840	1	840	0.0	1680
56P2R2A4_00119	56P2R2A4_00119	100.000	192	0	0	1	192	1	192	2.45e-137	381
56P2R2A4_00131	56P2R2A4_00131	100.000	273	0	0	1	273	1	273	0.0	567
56P2R2A4_00131	38P2R3A13_01808	97.802	273	6	0	1	273	1	273	0.0	557
56P2R2A4_00141	56P2R2A4_00141	100.000	227	0	0	1	227	1	227	7.83e-171	469
56P2R2A4_00141	38P2R3A13_01798	98.678	227	3	0	1	227	94	320	1.00e-167	464
56P2R2A4_00141	38P2R3A13_07178	97.357	227	6	0	1	227	1	227	2.59e-164	452
56P2R2A4_00150	56P2R2A4_00150	100.000	216	0	0	1	216	1	216	2.27e-156	431
56P2R2A4_00150	38P2R3A13_01789	97.222	216	6	0	1	216	1	216	1.09e-153	424
56P2R2A4_00153	56P2R2A4_00153	100.000	217	0	0	1	217	1	217	1.39e-159	439
56P2R2A4_00154	56P2R2A4_00154	100.000	77	0	0	1	77	1	77	2.78e-51	154
56P2R2A4_00154	38P2R3A13_01785	97.403	77	2	0	1	77	1	77	1.76e-50	152
56P2R2A4_00154	18P3R3A11_01706	97.403	77	2	0	1	77	1	77	2.29e-50	152
56P2R2A4_00156	56P2R2A4_00156	100.000	290	0	0	1	290	1	290	0.0	566
56P2R2A4_00156	38P2R3A13_01783	97.931	290	6	0	1	290	1	290	0.0	557
56P2R2A4_00158	56P2R2A4_00158	100.000	299	0	0	1	299	1	299	0.0	622
56P2R2A4_00158	38P2R3A13_01727	97.993	299	6	0	1	299	1	299	0.0	610
56P2R2A4_00171	56P2R2A4_00171	100.000	80	0	0	1	80	1	80	1.32e-52	158
56P2R2A4_00171	38P2R3A13_01714	97.500	80	2	0	1	80	1	80	2.01e-51	155
56P2R2A4_00172	56P2R2A4_00172	100.000	97	0	0	1	97	1	97	4.51e-64	188
56P2R2A4_00172	38P2R3A13_01712	96.907	97	3	0	1	97	1	97	2.27e-62	184
56P2R2A4_00173	56P2R2A4_00173	100.000	330	0	0	1	330	1	330	0.0	671
56P2R2A4_00173	38P2R3A13_01711	96.364	330	12	0	1	330	1	330	0.0	651
56P2R2A4_00176	56P2R2A4_00176	100.000	272	0	0	1	272	1	272	0.0	568
56P2R2A4_00176	38P2R3A13_01708	97.426	272	7	0	1	272	1	272	0.0	553
56P2R2A4_00178	56P2R2A4_00178	100.000	153	0	0	1	153	1	153	8.25e-109	306
56P2R2A4_00178	38P2R3A13_01706	97.386	153	4	0	1	153	1	153	1.43e-106	300
56P2R2A4_00178	38P2R3A13_08146	95.425	153	7	0	1	153	1	153	1.11e-104	295
56P2R2A4_00183	56P2R2A4_00183	100.000	533	0	0	1	533	1	533	0.0	1085
56P2R2A4_00183	38P2R3A13_01701	97.749	533	12	0	1	533	1	533	0.0	1064
56P2R2A4_00186	56P2R2A4_00186	100.000	445	0	0	1	445	1	445	0.0	919
56P2R2A4_00186	38P2R3A13_01698	96.404	445	16	0	1	445	1	445	0.0	884
56P2R2A4_00215	56P2R2A4_00215	100.000	160	0	0	1	160	1	160	3.44e-119	333
56P2R2A4_00216	56P2R2A4_00216	100.000	74	0	0	1	74	1	74	2.19e-46	142
56P2R2A4_00217	56P2R2A4_00217	100.000	235	0	0	1	235	1	235	1.17e-174	479
56P2R2A4_00220	56P2R2A4_00220	100.000	324	0	0	1	324	1	324	0.0	654
56P2R2A4_00220	38P2R3A13_01667	96.914	324	10	0	1	324	28	351	0.0	639
56P2R2A4_00221	56P2R2A4_00221	100.000	253	0	0	1	253	1	253	0.0	515
56P2R2A4_00221	38P2R3A13_01666	96.047	253	10	0	1	253	1	253	0.0	497
56P2R2A4_00224	56P2R2A4_00224	100.000	35	0	0	1	35	1	35	2.83e-19	70.9
56P2R2A4_00231	56P2R2A4_00231	100.000	339	0	0	1	339	1	339	0.0	690
56P2R2A4_00231	38P2R3A13_01657	97.640	339	8	0	1	339	1	339	0.0	676
56P2R2A4_00231	37P2R3-2A1_03165	95.575	339	15	0	1	339	1	339	0.0	664
56P2R2A4_00234	56P2R2A4_00234	100.000	78	0	0	1	78	1	78	3.43e-52	157
56P2R2A4_00235	56P2R2A4_00235	100.000	140	0	0	1	140	1	140	1.29e-104	294
56P2R2A4_00237	56P2R2A4_00237	100.000	330	0	0	1	330	1	330	0.0	674
56P2R2A4_00238	56P2R2A4_00238	100.000	139	0	0	1	139	1	139	6.15e-98	277
56P2R2A4_00242	56P2R2A4_00242	100.000	271	0	0	1	271	1	271	0.0	543
56P2R2A4_00242	38P2R3A13_01644	95.941	271	11	0	1	271	1	271	0.0	521
56P2R2A4_00245	56P2R2A4_00245	100.000	348	0	0	1	348	1	348	0.0	707
56P2R2A4_00245	18P3R3A11_04003	97.126	348	10	0	1	348	1	348	0.0	690
56P2R2A4_00248	56P2R2A4_00248	100.000	847	0	0	1	847	1	847	0.0	1750
56P2R2A4_00248	38P2R3A13_01628	99.062	640	6	0	1	640	1	640	0.0	1317
56P2R2A4_00248	38P2R3A13_05583	95.938	640	26	0	1	640	1	640	0.0	1285
56P2R2A4_00248	37P2R3-2A1_04271	96.273	483	18	0	158	640	1	483	0.0	975
56P2R2A4_00248	18P3R3A11_04586	96.667	270	9	0	371	640	1	270	0.0	540
56P2R2A4_00249	56P2R2A4_00249	100.000	145	0	0	1	145	1	145	1.08e-106	300
56P2R2A4_00250	56P2R2A4_00250	100.000	172	0	0	1	172	1	172	6.75e-128	355
56P2R2A4_00251	56P2R2A4_00251	100.000	147	0	0	1	147	1	147	7.91e-107	300
56P2R2A4_00252	56P2R2A4_00252	100.000	147	0	0	1	147	1	147	1.92e-107	302
56P2R2A4_00252	38P2R3A13_01624	97.959	147	3	0	1	147	1	147	2.25e-105	296
56P2R2A4_00252	18P3R3A11_04587	95.918	147	6	0	1	147	1	147	4.13e-103	291
56P2R2A4_00253	56P2R2A4_00253	100.000	1458	0	0	1	1458	1	1458	0.0	2996
56P2R2A4_00253	37P2R3-2A1_04273	96.235	1328	50	0	1	1328	1	1328	0.0	2544
56P2R2A4_00253	38P2R3A13_08555	100.000	187	0	0	1272	1458	1	187	1.48e-128	395
56P2R2A4_00253	38P2R3A13_02612	95.082	61	3	0	1272	1332	1	61	8.76e-35	132
56P2R2A4_00254	56P2R2A4_00254	100.000	119	0	0	1	119	1	119	1.23e-82	237
56P2R2A4_00255	56P2R2A4_00255	100.000	156	0	0	1	156	1	156	8.31e-114	318
56P2R2A4_00266	56P2R2A4_00266	100.000	277	0	0	1	277	1	277	0.0	558
56P2R2A4_00266	38P2R3A13_02627	96.029	277	11	0	1	277	1	277	0.0	538
56P2R2A4_00267	56P2R2A4_00267	100.000	131	0	0	1	131	1	131	2.95e-90	257
56P2R2A4_00267	38P2R3A13_02628	97.710	131	3	0	1	131	1	131	2.06e-88	253
56P2R2A4_00272	56P2R2A4_00272	100.000	232	0	0	1	232	1	232	5.05e-172	472
56P2R2A4_00272	38P2R3A13_02633	97.845	232	5	0	1	232	1	232	2.75e-167	460
56P2R2A4_00272	18P3R3A11_04264	96.552	232	8	0	1	232	1	232	1.41e-165	456
56P2R2A4_00276	56P2R2A4_00276	100.000	395	0	0	1	395	1	395	0.0	809
56P2R2A4_00277	56P2R2A4_00277	100.000	416	0	0	1	416	1	416	0.0	856
56P2R2A4_00277	18P3R3A11_04269	95.913	416	17	0	1	416	1	416	0.0	805
56P2R2A4_00277	38P2R3A13_06279	95.913	416	17	0	1	416	1	416	0.0	797
56P2R2A4_00278	56P2R2A4_00278	100.000	293	0	0	1	293	1	293	0.0	572
56P2R2A4_00278	18P3R3A11_04270	95.904	293	12	0	1	293	1	293	0.0	532
56P2R2A4_00279	56P2R2A4_00279	100.000	263	0	0	1	263	1	263	0.0	541
56P2R2A4_00279	18P3R3A11_04271	97.719	263	6	0	1	263	1	263	0.0	531
56P2R2A4_00280	56P2R2A4_00280	100.000	1329	0	0	1	1329	1	1329	0.0	2716
56P2R2A4_00281	56P2R2A4_00281	100.000	842	0	0	1	842	1	842	0.0	1729
56P2R2A4_00290	56P2R2A4_00290	100.000	299	0	0	1	299	1	299	0.0	588
56P2R2A4_00290	38P2R3A13_02646	97.993	299	6	0	1	299	1	299	0.0	577
56P2R2A4_00292	56P2R2A4_00292	100.000	112	0	0	1	112	1	112	7.98e-80	229
56P2R2A4_00309	56P2R2A4_00309	100.000	290	0	0	1	290	1	290	0.0	586
56P2R2A4_00309	18P3R3A11_00688	96.897	290	9	0	1	290	1	290	0.0	571
56P2R2A4_00313	56P2R2A4_00313	100.000	739	0	0	1	739	1	739	0.0	1512
56P2R2A4_00315	56P2R2A4_00315	100.000	248	0	0	1	248	1	248	2.40e-175	482
56P2R2A4_00317	56P2R2A4_00317	100.000	394	0	0	1	394	1	394	0.0	815
56P2R2A4_00318	56P2R2A4_00318	100.000	72	0	0	1	72	1	72	1.09e-48	147
56P2R2A4_00319	56P2R2A4_00319	100.000	109	0	0	1	109	1	109	2.15e-77	223
56P2R2A4_00320	56P2R2A4_00320	100.000	114	0	0	1	114	1	114	1.86e-81	233
56P2R2A4_00321	56P2R2A4_00321	100.000	119	0	0	1	119	1	119	1.10e-87	249
56P2R2A4_00322	56P2R2A4_00322	100.000	109	0	0	1	109	1	109	1.68e-78	226
56P2R2A4_00323	56P2R2A4_00323	100.000	73	0	0	1	73	1	73	3.60e-47	144
56P2R2A4_00324	56P2R2A4_00324	100.000	77	0	0	1	77	1	77	6.94e-53	159
56P2R2A4_00325	56P2R2A4_00325	100.000	64	0	0	1	64	1	64	7.43e-41	127
56P2R2A4_00325	18P3R3A11_03390	95.312	64	3	0	1	64	1	64	1.80e-38	121
56P2R2A4_00326	56P2R2A4_00326	100.000	189	0	0	1	189	1	189	4.15e-143	395
56P2R2A4_00327	56P2R2A4_00327	100.000	73	0	0	1	73	1	73	1.12e-50	152
56P2R2A4_00327	18P3R3A11_03392	97.260	73	2	0	1	73	1	73	3.99e-49	149
56P2R2A4_00328	56P2R2A4_00328	100.000	377	0	0	1	377	1	377	0.0	785
56P2R2A4_00329	56P2R2A4_00329	100.000	51	0	0	1	51	1	51	9.39e-34	108
56P2R2A4_00329	18P3R3A11_03395	96.078	51	2	0	1	51	1	51	4.59e-32	104
56P2R2A4_00330	56P2R2A4_00330	100.000	237	0	0	1	237	1	237	4.85e-178	488
56P2R2A4_00331	56P2R2A4_00331	100.000	222	0	0	1	222	1	222	9.26e-168	461
56P2R2A4_00332	56P2R2A4_00332	100.000	219	0	0	1	219	1	219	3.28e-165	454
56P2R2A4_00333	56P2R2A4_00333	100.000	52	0	0	1	52	1	52	5.92e-32	104
56P2R2A4_00334	56P2R2A4_00334	100.000	132	0	0	1	132	1	132	8.03e-97	274
56P2R2A4_00335	56P2R2A4_00335	100.000	66	0	0	1	66	1	66	9.16e-45	137
56P2R2A4_00336	56P2R2A4_00336	100.000	141	0	0	1	141	1	141	8.86e-104	292
56P2R2A4_00338	56P2R2A4_00338	100.000	78	0	0	1	78	1	78	6.57e-54	161
56P2R2A4_00338	18P3R3A11_03406	97.436	78	2	0	1	78	1	78	9.59e-53	158
56P2R2A4_00339	56P2R2A4_00339	100.000	182	0	0	1	182	1	182	2.38e-136	378
56P2R2A4_00340	56P2R2A4_00340	100.000	341	0	0	1	341	1	341	0.0	717
56P2R2A4_00341	56P2R2A4_00341	100.000	226	0	0	1	226	1	226	4.56e-172	472
56P2R2A4_00342	56P2R2A4_00342	100.000	166	0	0	1	166	1	166	1.87e-119	334
56P2R2A4_00343	56P2R2A4_00343	100.000	150	0	0	1	150	1	150	8.42e-111	310
56P2R2A4_00344	56P2R2A4_00344	100.000	97	0	0	1	97	1	97	2.52e-67	196
56P2R2A4_00345	56P2R2A4_00345	100.000	121	0	0	1	121	1	121	1.75e-88	252
56P2R2A4_00346	56P2R2A4_00346	100.000	39	0	0	1	39	1	39	6.27e-23	80.5
56P2R2A4_00347	56P2R2A4_00347	100.000	230	0	0	1	230	1	230	1.24e-173	476
56P2R2A4_00348	56P2R2A4_00348	100.000	119	0	0	1	119	1	119	3.23e-86	246
56P2R2A4_00349	56P2R2A4_00349	100.000	75	0	0	1	75	1	75	7.64e-51	153
56P2R2A4_00350	56P2R2A4_00350	100.000	165	0	0	1	165	1	165	6.10e-121	337
56P2R2A4_00351	56P2R2A4_00351	100.000	126	0	0	1	126	1	126	5.16e-90	256
56P2R2A4_00352	56P2R2A4_00352	100.000	39	0	0	1	39	1	39	2.41e-21	76.6
56P2R2A4_00353	56P2R2A4_00353	100.000	73	0	0	1	73	1	73	1.15e-47	145
56P2R2A4_00354	56P2R2A4_00354	100.000	213	0	0	1	213	1	213	1.06e-162	447
56P2R2A4_00355	56P2R2A4_00355	100.000	156	0	0	1	156	1	156	4.57e-116	324
56P2R2A4_00356	56P2R2A4_00356	100.000	433	0	0	1	433	1	433	0.0	896
56P2R2A4_00357	56P2R2A4_00357	100.000	490	0	0	1	490	1	490	0.0	1001
56P2R2A4_00358	56P2R2A4_00358	100.000	301	0	0	1	301	1	301	0.0	624
56P2R2A4_00359	56P2R2A4_00359	100.000	108	0	0	1	108	1	108	7.06e-77	221
56P2R2A4_00360	56P2R2A4_00360	100.000	462	0	0	1	462	1	462	0.0	953
56P2R2A4_00361	56P2R2A4_00361	100.000	144	0	0	1	144	1	144	7.65e-104	293
56P2R2A4_00362	56P2R2A4_00362	100.000	361	0	0	1	361	1	361	0.0	738
56P2R2A4_00363	56P2R2A4_00363	100.000	126	0	0	1	126	1	126	3.13e-83	239
56P2R2A4_00364	56P2R2A4_00364	100.000	126	0	0	1	126	1	126	6.83e-88	251
56P2R2A4_00365	56P2R2A4_00365	100.000	59	0	0	1	59	1	59	3.90e-39	122
56P2R2A4_00366	56P2R2A4_00366	100.000	117	0	0	1	117	1	117	1.76e-81	234
56P2R2A4_00367	56P2R2A4_00367	100.000	147	0	0	1	147	1	147	1.70e-107	302
56P2R2A4_00369	56P2R2A4_00369	100.000	248	0	0	1	248	1	248	6.48e-180	493
56P2R2A4_00370	56P2R2A4_00370	100.000	224	0	0	1	224	1	224	6.92e-172	471
56P2R2A4_00371	56P2R2A4_00371	100.000	1142	0	0	1	1142	1	1142	0.0	2243
56P2R2A4_00372	56P2R2A4_00372	100.000	165	0	0	1	165	1	165	3.46e-119	333
56P2R2A4_00373	56P2R2A4_00373	100.000	157	0	0	1	157	1	157	1.12e-116	326
56P2R2A4_00374	56P2R2A4_00374	100.000	828	0	0	1	828	1	828	0.0	1704
56P2R2A4_00375	56P2R2A4_00375	100.000	656	0	0	1	656	1	656	0.0	1346
56P2R2A4_00376	56P2R2A4_00376	100.000	640	0	0	1	640	1	640	0.0	1314
56P2R2A4_00377	56P2R2A4_00377	100.000	53	0	0	1	53	1	53	2.44e-34	110
56P2R2A4_00378	56P2R2A4_00378	100.000	140	0	0	1	140	1	140	6.98e-99	280
56P2R2A4_00378	37P2R3-2A1_00994	96.429	140	5	0	1	140	26	165	8.53e-96	273
56P2R2A4_00378	56P2R2A4_00520	95.714	140	6	0	1	140	1	140	1.19e-95	271
56P2R2A4_00379	56P2R2A4_00379	100.000	423	0	0	1	423	1	423	0.0	882
56P2R2A4_00379	37P2R3-2A1_00993	95.418	371	17	0	51	421	1	371	0.0	751
56P2R2A4_00380	56P2R2A4_00380	100.000	205	0	0	1	205	1	205	1.25e-150	416
56P2R2A4_00381	56P2R2A4_00381	100.000	224	0	0	1	224	1	224	1.30e-167	460
56P2R2A4_00385	56P2R2A4_00385	100.000	70	0	0	1	70	1	70	5.60e-46	140
56P2R2A4_00387	56P2R2A4_00387	100.000	404	0	0	1	404	1	404	0.0	812
56P2R2A4_00387	38P2R3A13_02676	97.772	404	9	0	1	404	1	404	0.0	799
56P2R2A4_00397	56P2R2A4_00397	100.000	254	0	0	1	254	1	254	0.0	529
56P2R2A4_00397	38P2R3A13_02691	97.244	254	7	0	1	254	1	254	0.0	517
56P2R2A4_00397	38P2R3A13_04397	97.244	254	7	0	1	254	1	254	0.0	514
56P2R2A4_00418	56P2R2A4_00418	100.000	303	0	0	1	303	1	303	0.0	614
56P2R2A4_00418	18P3R3A11_00742	97.368	304	7	1	1	303	1	304	0.0	594
56P2R2A4_00419	56P2R2A4_00419	100.000	152	0	0	1	152	1	152	1.81e-105	297
56P2R2A4_00419	38P2R3A13_02713	96.711	152	5	0	1	152	1	152	6.03e-102	288
56P2R2A4_00420	56P2R2A4_00420	100.000	235	0	0	1	235	1	235	5.40e-173	475
56P2R2A4_00420	18P3R3A11_00744	96.170	235	9	0	1	235	1	235	3.67e-167	460
56P2R2A4_00420	38P2R3A13_02714	95.319	235	11	0	1	235	1	235	7.01e-166	457
56P2R2A4_00421	56P2R2A4_00421	100.000	355	0	0	1	355	1	355	0.0	729
56P2R2A4_00421	38P2R3A13_02715	97.183	355	10	0	1	355	1	355	0.0	714
56P2R2A4_00421	18P3R3A11_00745	96.620	355	12	0	1	355	1	355	0.0	706
56P2R2A4_00422	56P2R2A4_00422	100.000	314	0	0	1	314	1	314	0.0	655
56P2R2A4_00422	38P2R3A13_02716	96.497	314	11	0	1	314	1	314	0.0	639
56P2R2A4_00428	56P2R2A4_00428	100.000	326	0	0	1	326	1	326	0.0	662
56P2R2A4_00428	38P2R3A13_02722	97.853	326	7	0	1	326	1	326	0.0	649
56P2R2A4_00433	56P2R2A4_00433	100.000	566	0	0	1	566	1	566	0.0	1173
56P2R2A4_00433	38P2R3A13_02727	95.760	566	24	0	1	566	1	566	0.0	1128
56P2R2A4_00436	56P2R2A4_00436	100.000	281	0	0	1	281	1	281	0.0	560
56P2R2A4_00436	18P3R3A11_00760	97.509	281	7	0	1	281	1	281	0.0	547
56P2R2A4_00437	56P2R2A4_00437	100.000	351	0	0	1	351	1	351	0.0	727
56P2R2A4_00437	38P2R3A13_02731	97.721	351	8	0	1	351	1	351	0.0	714
56P2R2A4_00437	18P3R3A11_00761	96.581	351	12	0	1	351	1	351	0.0	709
56P2R2A4_00437	38P2R3A13_06416	96.296	351	13	0	1	351	1	351	0.0	703
56P2R2A4_00438	56P2R2A4_00438	100.000	263	0	0	1	263	1	263	0.0	546
56P2R2A4_00438	38P2R3A13_02732	96.958	263	8	0	1	263	1	263	0.0	528
56P2R2A4_00439	56P2R2A4_00439	100.000	352	0	0	1	352	1	352	0.0	732
56P2R2A4_00439	38P2R3A13_02733	97.727	352	8	0	1	352	1	352	0.0	715
56P2R2A4_00440	56P2R2A4_00440	100.000	760	0	0	1	760	1	760	0.0	1583
56P2R2A4_00440	38P2R3A13_02734	95.526	760	34	0	1	760	1	760	0.0	1511
56P2R2A4_00441	56P2R2A4_00441	100.000	222	0	0	1	222	1	222	2.29e-164	452
56P2R2A4_00442	56P2R2A4_00442	100.000	361	0	0	1	361	1	361	0.0	744
56P2R2A4_00442	38P2R3A13_02736	97.784	361	8	0	1	361	1	361	0.0	731
56P2R2A4_00442	18P3R3A11_00766	95.291	361	17	0	1	361	1	361	0.0	715
56P2R2A4_00443	56P2R2A4_00443	100.000	305	0	0	1	305	1	305	0.0	632
56P2R2A4_00443	38P2R3A13_02737	97.705	305	7	0	1	305	1	305	0.0	620
56P2R2A4_00443	18P3R3A11_00767	96.066	305	12	0	1	305	1	305	0.0	612
56P2R2A4_00448	56P2R2A4_00448	100.000	403	0	0	1	403	1	403	0.0	837
56P2R2A4_00448	38P2R3A13_02742	97.767	403	9	0	1	403	1	403	0.0	820
56P2R2A4_00461	56P2R2A4_00461	100.000	413	0	0	1	413	1	413	0.0	862
56P2R2A4_00461	37P2R3-2A1_01049	96.126	413	16	0	1	413	1	413	0.0	831
56P2R2A4_00463	56P2R2A4_00463	100.000	81	0	0	1	81	1	81	7.65e-56	166
56P2R2A4_00463	37P2R3-2A1_01047	97.531	81	2	0	1	81	1	81	5.71e-55	164
56P2R2A4_00465	56P2R2A4_00465	100.000	1046	0	0	1	1046	1	1046	0.0	2157
56P2R2A4_00466	56P2R2A4_00466	100.000	55	0	0	1	55	1	55	1.71e-35	113
56P2R2A4_00467	56P2R2A4_00467	100.000	39	0	0	1	39	1	39	2.41e-23	81.6
56P2R2A4_00468	56P2R2A4_00468	100.000	179	0	0	1	179	1	179	5.70e-134	372
56P2R2A4_00469	56P2R2A4_00469	100.000	231	0	0	1	231	1	231	3.96e-173	475
56P2R2A4_00470	56P2R2A4_00470	100.000	84	0	0	1	84	1	84	8.08e-58	171
56P2R2A4_00471	56P2R2A4_00471	100.000	181	0	0	1	181	1	181	2.01e-134	373
56P2R2A4_00472	56P2R2A4_00472	100.000	286	0	0	1	286	1	286	0.0	587
56P2R2A4_00472	37P2R3-2A1_01037	96.154	286	11	0	1	286	21	306	0.0	569
56P2R2A4_00473	56P2R2A4_00473	100.000	229	0	0	1	229	1	229	5.70e-171	469
56P2R2A4_00474	56P2R2A4_00474	100.000	54	0	0	1	54	1	54	2.48e-33	107
56P2R2A4_00475	56P2R2A4_00475	100.000	150	0	0	1	150	1	150	2.61e-110	309
56P2R2A4_00476	56P2R2A4_00476	100.000	73	0	0	1	73	1	73	4.57e-48	146
56P2R2A4_00477	56P2R2A4_00477	100.000	106	0	0	1	106	1	106	7.49e-74	214
56P2R2A4_00478	56P2R2A4_00478	100.000	172	0	0	1	172	1	172	3.07e-127	354
56P2R2A4_00479	56P2R2A4_00479	100.000	322	0	0	1	322	1	322	0.0	669
56P2R2A4_00480	56P2R2A4_00480	100.000	298	0	0	1	298	1	298	0.0	605
56P2R2A4_00480	31P2R1A5_03893	95.302	298	14	0	1	298	2	299	0.0	584
56P2R2A4_00481	56P2R2A4_00481	100.000	296	0	0	1	296	1	296	0.0	608
56P2R2A4_00482	56P2R2A4_00482	100.000	466	0	0	1	466	1	466	0.0	966
56P2R2A4_00483	56P2R2A4_00483	100.000	158	0	0	1	158	1	158	7.08e-105	296
56P2R2A4_00484	56P2R2A4_00484	100.000	287	0	0	1	287	1	287	0.0	588
56P2R2A4_00485	56P2R2A4_00485	100.000	301	0	0	1	301	1	301	0.0	618
56P2R2A4_00486	56P2R2A4_00486	100.000	337	0	0	1	337	1	337	0.0	679
56P2R2A4_00487	56P2R2A4_00487	100.000	75	0	0	1	75	1	75	2.09e-51	154
56P2R2A4_00488	56P2R2A4_00488	100.000	201	0	0	1	201	1	201	2.08e-149	412
56P2R2A4_00488	37P2R3-2A1_01030	97.512	201	5	0	1	201	1	201	9.82e-145	400
56P2R2A4_00489	56P2R2A4_00489	100.000	149	0	0	1	149	1	149	3.16e-109	306
56P2R2A4_00490	56P2R2A4_00490	100.000	278	0	0	1	278	1	278	0.0	581
56P2R2A4_00491	56P2R2A4_00491	100.000	101	0	0	1	101	1	101	4.11e-71	206
56P2R2A4_00492	56P2R2A4_00492	100.000	179	0	0	1	179	1	179	3.69e-132	367
56P2R2A4_00493	56P2R2A4_00493	100.000	173	0	0	1	173	1	173	5.45e-125	348
56P2R2A4_00494	56P2R2A4_00494	100.000	138	0	0	1	138	1	138	7.28e-101	285
56P2R2A4_00494	37P2R3-2A1_01023	96.377	138	5	0	1	138	1	138	4.30e-97	275
56P2R2A4_00495	56P2R2A4_00495	100.000	87	0	0	1	87	1	87	1.01e-59	176
56P2R2A4_00495	37P2R3-2A1_01022	96.552	87	3	0	1	87	1	87	4.81e-58	172
56P2R2A4_00496	56P2R2A4_00496	100.000	329	0	0	1	329	1	329	0.0	686
56P2R2A4_00499	56P2R2A4_00499	100.000	366	0	0	1	366	1	366	0.0	752
56P2R2A4_00500	56P2R2A4_00500	100.000	257	0	0	1	257	1	257	0.0	511
56P2R2A4_00500	37P2R3-2A1_01017	95.331	257	12	0	1	257	1	257	2.39e-168	465
56P2R2A4_00501	56P2R2A4_00501	100.000	318	0	0	1	318	1	318	0.0	640
56P2R2A4_00501	37P2R3-2A1_01016	95.597	318	14	0	1	318	1	318	0.0	615
56P2R2A4_00502	56P2R2A4_00502	100.000	161	0	0	1	161	1	161	5.49e-116	325
56P2R2A4_00503	56P2R2A4_00503	100.000	117	0	0	1	117	1	117	1.03e-82	237
56P2R2A4_00504	56P2R2A4_00504	100.000	195	0	0	1	195	1	195	8.21e-147	405
56P2R2A4_00505	56P2R2A4_00505	100.000	137	0	0	1	137	1	137	1.08e-97	276
56P2R2A4_00506	56P2R2A4_00506	100.000	224	0	0	1	224	1	224	2.75e-167	459
56P2R2A4_00506	37P2R3-2A1_01011	95.089	224	11	0	1	224	1	224	1.28e-159	440
56P2R2A4_00508	56P2R2A4_00508	100.000	49	0	0	1	49	1	49	1.94e-30	100
56P2R2A4_00509	56P2R2A4_00509	100.000	971	0	0	1	971	1	971	0.0	1957
56P2R2A4_00509	37P2R3-2A1_01009	95.675	971	42	0	1	971	1	971	0.0	1785
56P2R2A4_00510	56P2R2A4_00510	100.000	116	0	0	1	116	1	116	1.10e-82	237
56P2R2A4_00511	56P2R2A4_00511	100.000	252	0	0	1	252	1	252	0.0	525
56P2R2A4_00512	56P2R2A4_00512	100.000	241	0	0	1	241	1	241	0.0	506
56P2R2A4_00513	56P2R2A4_00513	100.000	197	0	0	1	197	1	197	1.13e-141	392
56P2R2A4_00514	56P2R2A4_00514	100.000	239	0	0	1	239	1	239	3.35e-177	486
56P2R2A4_00515	56P2R2A4_00515	100.000	1062	0	0	1	1062	1	1062	0.0	2165
56P2R2A4_00516	56P2R2A4_00516	100.000	101	0	0	1	101	1	101	9.54e-69	200
56P2R2A4_00517	56P2R2A4_00517	100.000	226	0	0	1	226	1	226	2.99e-163	449
56P2R2A4_00518	56P2R2A4_00518	100.000	80	0	0	1	80	1	80	2.41e-55	165
56P2R2A4_00519	56P2R2A4_00519	100.000	414	0	0	1	414	1	414	0.0	832
56P2R2A4_00520	56P2R2A4_00520	100.000	140	0	0	1	140	1	140	7.38e-99	280
56P2R2A4_00520	37P2R3-2A1_00994	97.857	140	3	0	1	140	26	165	2.21e-96	274
56P2R2A4_00520	56P2R2A4_00378	95.714	140	6	0	1	140	1	140	1.19e-95	271
56P2R2A4_00521	56P2R2A4_00521	100.000	423	0	0	1	423	1	423	0.0	881
56P2R2A4_00521	37P2R3-2A1_00993	97.587	373	9	0	51	423	1	373	0.0	763
56P2R2A4_00523	56P2R2A4_00523	100.000	225	0	0	1	225	1	225	2.28e-168	462
56P2R2A4_00524	56P2R2A4_00524	100.000	137	0	0	1	137	1	137	1.76e-100	283
56P2R2A4_00525	56P2R2A4_00525	100.000	508	0	0	1	508	1	508	0.0	1035
56P2R2A4_00526	56P2R2A4_00526	100.000	31	0	0	1	31	1	31	4.25e-15	60.1
56P2R2A4_00527	56P2R2A4_00527	100.000	115	0	0	1	115	1	115	2.18e-81	233
56P2R2A4_00528	56P2R2A4_00528	100.000	150	0	0	1	150	1	150	2.75e-111	312
56P2R2A4_00530	56P2R2A4_00530	100.000	141	0	0	1	141	1	141	1.07e-103	292
56P2R2A4_00530	38P2R3A13_00006	97.163	141	4	0	1	141	1	141	2.91e-101	286
56P2R2A4_00534	56P2R2A4_00534	100.000	146	0	0	1	146	1	146	1.00e-104	295
56P2R2A4_00534	38P2R3A13_00011	95.205	146	7	0	1	146	1	146	1.06e-99	282
56P2R2A4_00545	56P2R2A4_00545	100.000	252	0	0	1	252	1	252	0.0	523
56P2R2A4_00545	38P2R3A13_00022	95.635	252	11	0	1	252	1	252	0.0	503
56P2R2A4_00548	56P2R2A4_00548	100.000	449	0	0	1	449	1	449	0.0	902
56P2R2A4_00550	56P2R2A4_00550	100.000	78	0	0	1	78	1	78	7.18e-51	154
56P2R2A4_00550	38P2R3A13_00027	96.154	78	3	0	1	78	1	78	7.24e-49	148
56P2R2A4_00556	56P2R2A4_00556	100.000	705	0	0	1	705	1	705	0.0	1453
56P2R2A4_00556	38P2R3A13_03723	97.021	705	21	0	1	705	1	705	0.0	1417
56P2R2A4_00556	18P3R3A11_00839	95.461	705	32	0	1	705	1	705	0.0	1375
56P2R2A4_00557	56P2R2A4_00557	100.000	354	0	0	1	354	1	354	0.0	716
56P2R2A4_00557	38P2R3A13_00034	97.740	354	8	0	1	354	1	354	0.0	702
56P2R2A4_00560	56P2R2A4_00560	100.000	180	0	0	1	180	1	180	9.35e-133	369
56P2R2A4_00564	56P2R2A4_00564	100.000	311	0	0	1	311	1	311	0.0	620
56P2R2A4_00564	18P3R3A11_00848	97.749	311	7	0	1	311	1	311	0.0	608
56P2R2A4_00568	56P2R2A4_00568	100.000	296	0	0	1	296	1	296	0.0	595
56P2R2A4_00568	38P2R3A13_00048	97.973	296	6	0	1	296	1	296	0.0	582
56P2R2A4_00568	18P3R3A11_00852	95.946	296	12	0	1	296	1	296	0.0	573
56P2R2A4_00569	56P2R2A4_00569	100.000	206	0	0	1	206	1	206	1.01e-153	424
56P2R2A4_00569	38P2R3A13_00049	96.117	206	8	0	1	206	1	206	9.25e-148	409
56P2R2A4_00575	56P2R2A4_00575	100.000	212	0	0	1	212	1	212	1.40e-155	429
56P2R2A4_00575	38P2R3A13_00055	95.283	212	10	0	1	212	1	212	1.34e-148	411
56P2R2A4_00576	56P2R2A4_00576	100.000	493	0	0	1	493	1	493	0.0	1013
56P2R2A4_00576	38P2R3A13_00056	96.349	493	18	0	1	493	1	493	0.0	971
56P2R2A4_00585	56P2R2A4_00585	100.000	409	0	0	1	409	1	409	0.0	841
56P2R2A4_00586	56P2R2A4_00586	100.000	161	0	0	1	161	1	161	7.74e-119	332
56P2R2A4_00586	38P2R3A13_00066	97.516	161	4	0	1	161	1	161	4.96e-117	327
56P2R2A4_00586	18P3R3A11_00873	95.652	161	7	0	1	161	1	161	4.28e-114	320
56P2R2A4_00588	56P2R2A4_00588	100.000	240	0	0	1	240	1	240	1.45e-174	479
56P2R2A4_00588	38P2R3A13_00068	97.500	240	6	0	1	240	1	240	9.20e-169	464
56P2R2A4_00591	56P2R2A4_00591	100.000	305	0	0	1	305	1	305	0.0	589
56P2R2A4_00591	38P2R3A13_00071	97.049	305	9	0	1	305	1	305	0.0	576
56P2R2A4_00592	56P2R2A4_00592	100.000	315	0	0	1	315	1	315	0.0	648
56P2R2A4_00592	38P2R3A13_00072	97.460	315	8	0	1	315	1	315	0.0	629
56P2R2A4_00595	56P2R2A4_00595	100.000	50	0	0	1	50	1	50	5.38e-31	101
56P2R2A4_00595	38P2R3A13_00075	98.000	50	1	0	1	50	1	50	1.76e-30	100
56P2R2A4_00600	56P2R2A4_00600	100.000	108	0	0	1	108	1	108	1.03e-76	221
56P2R2A4_00601	56P2R2A4_00601	100.000	273	0	0	1	273	1	273	0.0	557
56P2R2A4_00601	38P2R3A13_00082	95.880	267	11	0	7	273	15	281	0.0	522
56P2R2A4_00602	56P2R2A4_00602	100.000	123	0	0	1	123	1	123	2.60e-90	256
56P2R2A4_00603	56P2R2A4_00603	100.000	169	0	0	1	169	1	169	1.58e-124	347
56P2R2A4_00605	56P2R2A4_00605	100.000	364	0	0	1	364	1	364	0.0	724
56P2R2A4_00605	38P2R3A13_00085	97.802	364	8	0	1	364	1	364	0.0	711
56P2R2A4_00611	56P2R2A4_00611	100.000	337	0	0	1	337	1	337	0.0	685
56P2R2A4_00611	18P3R3A11_00896	97.923	337	7	0	1	337	1	337	0.0	675
56P2R2A4_00611	38P2R3A13_03760	96.736	337	11	0	1	337	1	337	0.0	671
56P2R2A4_00612	56P2R2A4_00612	100.000	571	0	0	1	571	1	571	0.0	1155
56P2R2A4_00612	38P2R3A13_00092	97.723	571	13	0	1	571	1	571	0.0	1134
56P2R2A4_00618	56P2R2A4_00618	100.000	320	0	0	1	320	1	320	0.0	664
56P2R2A4_00618	38P2R3A13_00098	97.812	320	7	0	1	320	1	320	0.0	650
56P2R2A4_00623	56P2R2A4_00623	100.000	329	0	0	1	329	1	329	0.0	674
56P2R2A4_00623	38P2R3A13_00103	97.859	327	7	0	1	327	1	327	0.0	659
56P2R2A4_00629	56P2R2A4_00629	100.000	494	0	0	1	494	1	494	0.0	1002
56P2R2A4_00629	38P2R3A13_00109	95.749	494	21	0	1	494	1	494	0.0	935
56P2R2A4_00630	56P2R2A4_00630	100.000	404	0	0	1	404	1	404	0.0	823
56P2R2A4_00630	38P2R3A13_00110	96.782	404	13	0	1	404	1	404	0.0	798
56P2R2A4_00631	56P2R2A4_00631	100.000	297	0	0	1	297	1	297	0.0	598
56P2R2A4_00631	38P2R3A13_00111	95.623	297	13	0	1	297	1	297	0.0	575
56P2R2A4_00634	56P2R2A4_00634	100.000	469	0	0	1	469	1	469	0.0	972
56P2R2A4_00634	38P2R3A13_00114	97.441	469	12	0	1	469	1	469	0.0	950
56P2R2A4_00637	56P2R2A4_00637	100.000	171	0	0	1	171	1	171	3.20e-124	346
56P2R2A4_00639	56P2R2A4_00639	100.000	187	0	0	1	187	1	187	4.49e-137	380
56P2R2A4_00639	38P2R3A13_00120	97.326	187	5	0	1	187	1	187	1.17e-132	369
56P2R2A4_00640	56P2R2A4_00640	100.000	124	0	0	1	124	1	124	7.05e-86	246
56P2R2A4_00640	38P2R3A13_00121	97.581	124	3	0	1	124	1	124	5.88e-84	241
56P2R2A4_00641	56P2R2A4_00641	100.000	675	0	0	1	675	1	675	0.0	1355
56P2R2A4_00641	38P2R3A13_00122	97.185	675	19	0	1	675	1	675	0.0	1320
56P2R2A4_00642	56P2R2A4_00642	100.000	204	0	0	1	204	1	204	1.83e-152	420
56P2R2A4_00642	38P2R3A13_00123	96.569	204	7	0	1	204	1	204	1.29e-147	408
56P2R2A4_00643	56P2R2A4_00643	100.000	253	0	0	1	253	1	253	0.0	519
56P2R2A4_00643	38P2R3A13_00124	97.628	253	6	0	1	253	1	253	0.0	509
56P2R2A4_00645	56P2R2A4_00645	100.000	96	0	0	1	96	1	96	2.85e-68	199
56P2R2A4_00645	18P3R3A11_00028	97.917	96	2	0	1	96	1	96	1.13e-66	195
56P2R2A4_00645	38P2R3A13_00126	95.833	96	4	0	1	96	1	96	2.85e-65	191
56P2R2A4_00646	56P2R2A4_00646	100.000	565	0	0	1	565	1	565	0.0	1154
56P2R2A4_00647	56P2R2A4_00647	100.000	445	0	0	1	445	1	445	0.0	895
56P2R2A4_00650	56P2R2A4_00650	100.000	304	0	0	1	304	1	304	0.0	614
56P2R2A4_00650	38P2R3A13_00141	97.368	304	8	0	1	304	1	304	0.0	602
56P2R2A4_00652	56P2R2A4_00652	100.000	253	0	0	1	253	1	253	0.0	521
56P2R2A4_00652	38P2R3A13_00143	97.233	253	7	0	1	253	1	253	0.0	509
56P2R2A4_00654	56P2R2A4_00654	100.000	596	0	0	1	596	1	596	0.0	1219
56P2R2A4_00654	38P2R3A13_00145	96.309	596	22	0	1	596	1	596	0.0	1178
56P2R2A4_00655	56P2R2A4_00655	100.000	823	0	0	1	823	1	823	0.0	1680
56P2R2A4_00655	38P2R3A13_00146	97.570	823	20	0	1	823	1	823	0.0	1642
56P2R2A4_00660	56P2R2A4_00660	100.000	332	0	0	1	332	1	332	0.0	679
56P2R2A4_00660	38P2R3A13_00151	97.590	332	8	0	1	332	1	332	0.0	666
56P2R2A4_00661	56P2R2A4_00661	100.000	162	0	0	1	162	1	162	1.08e-120	337
56P2R2A4_00662	56P2R2A4_00662	100.000	467	0	0	1	467	1	467	0.0	909
56P2R2A4_00663	56P2R2A4_00663	100.000	302	0	0	1	302	1	302	0.0	606
56P2R2A4_00663	38P2R3A13_00153	97.682	302	7	0	1	302	1	302	0.0	592
56P2R2A4_00666	56P2R2A4_00666	100.000	462	0	0	1	462	1	462	0.0	936
56P2R2A4_00666	38P2R3A13_00156	97.403	462	12	0	1	462	1	462	0.0	915
56P2R2A4_00667	56P2R2A4_00667	100.000	114	0	0	1	114	1	114	3.19e-80	230
56P2R2A4_00667	38P2R3A13_00157	96.491	114	4	0	1	114	1	114	1.65e-77	224
56P2R2A4_00668	56P2R2A4_00668	100.000	417	0	0	1	417	1	417	0.0	854
56P2R2A4_00668	38P2R3A13_00158	97.362	417	11	0	1	417	1	417	0.0	831
56P2R2A4_00670	56P2R2A4_00670	100.000	195	0	0	1	195	1	195	1.90e-139	387
56P2R2A4_00672	56P2R2A4_00672	100.000	321	0	0	1	321	1	321	0.0	662
56P2R2A4_00672	38P2R3A13_00162	95.639	321	14	0	1	321	1	321	0.0	637
56P2R2A4_00673	56P2R2A4_00673	100.000	148	0	0	1	148	1	148	2.51e-104	294
56P2R2A4_00673	38P2R3A13_00163	97.973	148	3	0	1	148	1	148	7.56e-102	288
56P2R2A4_00674	56P2R2A4_00674	100.000	143	0	0	1	143	1	143	5.44e-105	295
56P2R2A4_00674	38P2R3A13_00164	95.804	143	6	0	1	143	1	143	7.40e-100	282
56P2R2A4_00675	56P2R2A4_00675	100.000	124	0	0	1	124	1	124	4.70e-90	256
56P2R2A4_00675	38P2R3A13_00165	96.774	124	4	0	1	124	1	124	1.08e-86	248
56P2R2A4_00677	56P2R2A4_00677	100.000	195	0	0	1	195	1	195	1.48e-143	397
56P2R2A4_00677	38P2R3A13_00167	97.949	195	4	0	1	195	1	195	2.93e-140	389
56P2R2A4_00681	56P2R2A4_00681	100.000	397	0	0	1	397	1	397	0.0	801
56P2R2A4_00681	38P2R3A13_00171	96.977	397	12	0	1	397	1	397	0.0	781
56P2R2A4_00682	56P2R2A4_00682	100.000	433	0	0	1	433	1	433	0.0	868
56P2R2A4_00682	38P2R3A13_00172	96.767	433	14	0	1	433	1	433	0.0	843
56P2R2A4_00685	56P2R2A4_00685	100.000	147	0	0	1	147	1	147	2.55e-108	304
56P2R2A4_00685	38P2R3A13_00175	97.279	147	4	0	1	147	1	147	2.17e-106	299
56P2R2A4_00686	56P2R2A4_00686	100.000	157	0	0	1	157	1	157	5.42e-118	329
56P2R2A4_00687	56P2R2A4_00687	100.000	196	0	0	1	196	1	196	1.21e-138	385
56P2R2A4_00687	52P2R3A10_00177	95.918	196	8	0	1	196	1	196	1.59e-131	367
56P2R2A4_00687	38P2R3A13_00177	95.833	96	4	0	101	196	1	96	9.81e-58	176
56P2R2A4_00688	56P2R2A4_00688	100.000	183	0	0	1	183	1	183	6.13e-135	374
56P2R2A4_00688	38P2R3A13_00180	96.721	183	6	0	1	183	1	183	5.73e-130	362
56P2R2A4_00688	38P2R3A13_03258	95.082	183	9	0	1	183	1	183	2.98e-119	335
56P2R2A4_00689	56P2R2A4_00689	100.000	345	0	0	1	345	1	345	0.0	707
56P2R2A4_00689	38P2R3A13_00181	99.016	305	3	0	41	345	1	305	0.0	619
56P2R2A4_00689	18P3R3A11_00085	95.738	305	13	0	41	345	1	305	0.0	600
56P2R2A4_00689	38P2R3A13_03259	95.738	305	13	0	41	345	1	305	0.0	599
56P2R2A4_00690	56P2R2A4_00690	100.000	484	0	0	1	484	1	484	0.0	991
56P2R2A4_00690	38P2R3A13_00182	96.901	484	15	0	1	484	1	484	0.0	963
56P2R2A4_00691	56P2R2A4_00691	100.000	176	0	0	1	176	1	176	2.42e-130	362
56P2R2A4_00691	38P2R3A13_00183	96.591	176	6	0	1	176	1	176	2.34e-125	350
56P2R2A4_00697	56P2R2A4_00697	100.000	473	0	0	1	473	1	473	0.0	964
56P2R2A4_00697	38P2R3A13_00189	97.040	473	14	0	1	473	1	473	0.0	944
56P2R2A4_00701	56P2R2A4_00701	100.000	192	0	0	1	192	1	192	1.86e-144	399
56P2R2A4_00701	38P2R3A13_00193	98.125	160	3	0	1	160	1	160	2.02e-116	331
56P2R2A4_00701	38P2R3A13_00193	97.297	37	1	0	156	192	227	263	4.18e-16	74.3
56P2R2A4_00707	56P2R2A4_00707	100.000	302	0	0	1	302	1	302	0.0	583
56P2R2A4_00707	18P3R3A11_00103	95.652	299	13	0	1	299	1	299	0.0	557
56P2R2A4_00708	56P2R2A4_00708	100.000	369	0	0	1	369	1	369	0.0	735
56P2R2A4_00708	38P2R3A13_00200	98.374	369	6	0	1	369	30	398	0.0	727
56P2R2A4_00708	37P2R3-2A1_00812	96.477	369	13	0	1	369	30	398	0.0	715
56P2R2A4_00708	18P3R3A11_00104	96.657	359	12	0	1	359	30	388	0.0	698
56P2R2A4_00709	56P2R2A4_00709	100.000	215	0	0	1	215	1	215	1.05e-163	450
56P2R2A4_00709	38P2R3A13_00201	97.674	215	5	0	1	215	1	215	3.57e-160	441
56P2R2A4_00716	56P2R2A4_00716	100.000	138	0	0	1	138	1	138	1.85e-101	286
56P2R2A4_00716	38P2R3A13_00208	97.101	138	4	0	1	138	1	138	1.07e-98	279
56P2R2A4_00724	56P2R2A4_00724	100.000	925	0	0	1	925	1	925	0.0	1850
56P2R2A4_00724	38P2R3A13_01305	97.946	925	19	0	1	925	1	925	0.0	1810
56P2R2A4_00725	56P2R2A4_00725	100.000	208	0	0	1	208	1	208	3.43e-156	430
56P2R2A4_00725	38P2R3A13_01304	97.596	208	5	0	1	208	1	208	4.85e-153	422
56P2R2A4_00731	56P2R2A4_00731	100.000	76	0	0	1	76	1	76	1.47e-50	152
56P2R2A4_00731	38P2R3A13_01298	96.203	79	0	1	1	76	1	79	1.24e-48	148
56P2R2A4_00731	18P3R3A11_02353	100.000	63	0	0	1	63	1	63	6.37e-41	128
56P2R2A4_00731	38P2R3A13_06340	98.413	63	1	0	1	63	1	63	1.33e-40	127
56P2R2A4_00732	56P2R2A4_00732	100.000	367	0	0	1	367	1	367	0.0	751
56P2R2A4_00732	38P2R3A13_06339	95.913	367	15	0	1	367	1	367	0.0	723
56P2R2A4_00732	38P2R3A13_01297	98.571	70	1	0	298	367	1	70	9.97e-43	143
56P2R2A4_00733	56P2R2A4_00733	100.000	228	0	0	1	228	1	228	3.19e-171	470
56P2R2A4_00735	56P2R2A4_00735	100.000	87	0	0	1	87	1	87	5.77e-56	167
56P2R2A4_00738	56P2R2A4_00738	100.000	368	0	0	1	368	1	368	0.0	753
56P2R2A4_00738	38P2R3A13_01290	96.196	368	14	0	1	368	1	368	0.0	731
56P2R2A4_00754	56P2R2A4_00754	100.000	872	0	0	1	872	1	872	0.0	1684
56P2R2A4_00754	38P2R3A13_01274	97.248	872	24	0	1	872	1	872	0.0	1635
56P2R2A4_00754	18P3R3A11_02330	95.195	874	40	1	1	872	1	874	0.0	1484
56P2R2A4_00754	37P2R3-2A1_01305	95.298	872	41	0	1	872	1	872	0.0	1470
56P2R2A4_00755	56P2R2A4_00755	100.000	462	0	0	1	462	1	462	0.0	931
56P2R2A4_00755	38P2R3A13_01273	95.022	462	23	0	1	462	1	462	0.0	884
56P2R2A4_00761	56P2R2A4_00761	100.000	605	0	0	1	605	1	605	0.0	1211
56P2R2A4_00761	18P3R3A11_02323	97.686	605	14	0	1	605	1	605	0.0	1192
56P2R2A4_00765	56P2R2A4_00765	100.000	295	0	0	1	295	1	295	0.0	606
56P2R2A4_00795	56P2R2A4_00795	100.000	127	0	0	1	127	1	127	5.91e-88	251
56P2R2A4_00814	56P2R2A4_00814	100.000	1031	0	0	1	1031	1	1031	0.0	2134
56P2R2A4_00814	38P2R3A13_01212	95.623	1028	45	0	1	1028	1	1028	0.0	2024
56P2R2A4_00815	56P2R2A4_00815	100.000	275	0	0	1	275	1	275	0.0	544
56P2R2A4_00817	56P2R2A4_00817	100.000	522	0	0	1	522	1	522	0.0	1072
56P2R2A4_00817	38P2R3A13_01209	96.360	522	19	0	1	522	1	522	0.0	1043
56P2R2A4_00819	56P2R2A4_00819	100.000	237	0	0	1	237	1	237	1.45e-179	491
56P2R2A4_00819	38P2R3A13_01207	97.890	237	5	0	1	237	1	237	3.79e-175	480
56P2R2A4_00820	56P2R2A4_00820	100.000	487	0	0	1	487	1	487	0.0	982
56P2R2A4_00820	38P2R3A13_01206	96.920	487	15	0	1	487	1	487	0.0	955
56P2R2A4_00822	56P2R2A4_00822	100.000	184	0	0	1	184	1	184	5.65e-137	379
56P2R2A4_00822	38P2R3A13_01204	96.739	184	6	0	1	184	1	184	1.31e-132	369
56P2R2A4_00827	56P2R2A4_00827	100.000	218	0	0	1	218	1	218	6.81e-161	443
56P2R2A4_00827	38P2R3A13_01199	97.706	218	5	0	1	218	1	218	5.68e-158	436
56P2R2A4_00830	56P2R2A4_00830	100.000	176	0	0	1	176	1	176	1.16e-123	345
56P2R2A4_00844	56P2R2A4_00844	100.000	265	0	0	1	265	1	265	0.0	528
56P2R2A4_00844	38P2R3A13_01182	97.736	265	6	0	1	265	1	265	0.0	519
56P2R2A4_00846	56P2R2A4_00846	100.000	137	0	0	1	137	1	137	9.62e-100	281
56P2R2A4_00846	38P2R3A13_01180	97.810	137	3	0	1	137	1	137	6.81e-98	277
56P2R2A4_00846	18P3R3A11_02235	97.080	137	4	0	1	137	1	137	6.68e-97	275
56P2R2A4_00850	56P2R2A4_00850	100.000	224	0	0	1	224	1	224	7.44e-168	461
56P2R2A4_00850	38P2R3A13_01176	96.875	224	7	0	1	224	1	224	6.94e-164	451
56P2R2A4_00852	56P2R2A4_00852	100.000	285	0	0	1	285	1	285	0.0	570
56P2R2A4_00852	18P3R3A11_03789	97.895	285	6	0	1	285	1	285	0.0	561
56P2R2A4_00852	38P2R3A13_06514	95.439	285	13	0	1	285	1	285	0.0	547
56P2R2A4_00858	56P2R2A4_00858	100.000	357	0	0	1	357	1	357	0.0	738
56P2R2A4_00858	38P2R3A13_01168	96.919	357	11	0	1	357	1	357	0.0	715
56P2R2A4_00858	18P3R3A11_03783	96.078	357	14	0	1	357	1	357	0.0	714
56P2R2A4_00858	37P2R3-2A1_01413	95.518	357	16	0	1	357	1	357	0.0	709
56P2R2A4_00866	56P2R2A4_00866	100.000	176	0	0	1	176	1	176	8.93e-124	345
56P2R2A4_00866	18P3R3A11_03777	97.110	173	5	0	1	173	1	173	1.81e-119	335
56P2R2A4_00866	38P2R3A13_04526	95.954	173	7	0	1	173	1	173	1.02e-110	312
56P2R2A4_00876	56P2R2A4_00876	100.000	174	0	0	1	174	1	174	1.44e-127	355
56P2R2A4_00876	38P2R3A13_01150	97.701	174	4	0	1	174	1	174	3.44e-124	346
56P2R2A4_00881	56P2R2A4_00881	100.000	277	0	0	1	277	1	277	0.0	546
56P2R2A4_00881	38P2R3A13_01145	97.473	277	7	0	1	277	1	277	0.0	535
56P2R2A4_00884	56P2R2A4_00884	100.000	344	0	0	1	344	1	344	0.0	697
56P2R2A4_00884	38P2R3A13_01142	97.965	344	7	0	1	344	1	344	0.0	684
56P2R2A4_00885	56P2R2A4_00885	100.000	92	0	0	1	92	1	92	4.88e-60	177
56P2R2A4_00885	38P2R3A13_01141	97.826	92	2	0	1	92	1	92	4.48e-59	175
56P2R2A4_00889	56P2R2A4_00889	100.000	479	0	0	1	479	1	479	0.0	953
56P2R2A4_00889	38P2R3A13_01137	97.912	479	10	0	1	479	1	479	0.0	937
56P2R2A4_00891	56P2R2A4_00891	100.000	166	0	0	1	166	1	166	6.22e-122	340
56P2R2A4_00892	56P2R2A4_00892	100.000	186	0	0	1	186	1	186	4.18e-134	372
56P2R2A4_00893	56P2R2A4_00893	100.000	225	0	0	1	225	1	225	1.49e-167	460
56P2R2A4_00894	56P2R2A4_00894	100.000	183	0	0	1	183	1	183	1.81e-131	365
56P2R2A4_00895	56P2R2A4_00895	100.000	178	0	0	1	178	1	178	3.40e-129	359
56P2R2A4_00896	56P2R2A4_00896	100.000	228	0	0	1	228	1	228	2.92e-170	467
56P2R2A4_00897	56P2R2A4_00897	100.000	879	0	0	1	879	1	879	0.0	1799
56P2R2A4_00898	56P2R2A4_00898	100.000	174	0	0	1	174	1	174	4.42e-125	348
56P2R2A4_00899	56P2R2A4_00899	100.000	175	0	0	1	175	1	175	4.84e-129	358
56P2R2A4_00900	56P2R2A4_00900	100.000	310	0	0	1	310	1	310	0.0	638
56P2R2A4_00901	56P2R2A4_00901	100.000	572	0	0	1	572	1	572	0.0	1155
56P2R2A4_00902	56P2R2A4_00902	100.000	502	0	0	1	502	1	502	0.0	1038
56P2R2A4_00903	56P2R2A4_00903	100.000	870	0	0	1	870	1	870	0.0	1716
56P2R2A4_00905	56P2R2A4_00905	100.000	113	0	0	1	113	1	113	3.72e-81	233
56P2R2A4_00905	38P2R3A13_01132	96.460	113	4	0	1	113	11	123	3.96e-78	225
56P2R2A4_00905	38P2R3A13_04555	95.455	110	5	0	2	111	12	121	1.84e-76	221
56P2R2A4_00906	56P2R2A4_00906	100.000	197	0	0	1	197	1	197	1.85e-147	407
56P2R2A4_00906	38P2R3A13_01131	96.954	197	6	0	1	197	1	197	4.73e-143	396
56P2R2A4_00907	56P2R2A4_00907	100.000	368	0	0	1	368	1	368	0.0	760
56P2R2A4_00907	38P2R3A13_01130	97.011	368	11	0	1	368	1	368	0.0	742
56P2R2A4_00910	56P2R2A4_00910	100.000	37	0	0	1	37	1	37	4.12e-19	70.9
56P2R2A4_00912	56P2R2A4_00912	100.000	355	0	0	1	355	1	355	0.0	715
56P2R2A4_00912	38P2R3A13_01125	96.620	355	12	0	1	355	1	355	0.0	692
56P2R2A4_00915	56P2R2A4_00915	100.000	297	0	0	1	297	1	297	0.0	592
56P2R2A4_00915	38P2R3A13_01122	95.623	297	13	0	1	297	1	297	0.0	565
56P2R2A4_00917	56P2R2A4_00917	100.000	726	0	0	1	726	1	726	0.0	1451
56P2R2A4_00917	38P2R3A13_01119	97.222	72	2	0	655	726	1	72	2.76e-38	136
56P2R2A4_00919	56P2R2A4_00919	100.000	142	0	0	1	142	1	142	1.54e-105	296
56P2R2A4_00919	38P2R3A13_01117	95.775	142	6	0	1	142	1	142	1.76e-101	286
56P2R2A4_00920	56P2R2A4_00920	100.000	198	0	0	1	198	1	198	1.02e-148	410
56P2R2A4_00920	38P2R3A13_01116	96.465	198	7	0	1	198	1	198	3.75e-144	399
56P2R2A4_00921	56P2R2A4_00921	100.000	233	0	0	1	233	1	233	2.13e-177	486
56P2R2A4_00922	56P2R2A4_00922	100.000	672	0	0	1	672	1	672	0.0	1372
56P2R2A4_00923	56P2R2A4_00923	100.000	152	0	0	1	152	1	152	3.02e-108	304
56P2R2A4_00929	56P2R2A4_00929	100.000	235	0	0	1	235	1	235	2.50e-173	476
56P2R2A4_00929	38P2R3A13_01101	96.170	235	9	0	1	235	1	235	3.32e-167	460
56P2R2A4_00929	18P3R3A11_01162	95.745	235	10	0	1	235	1	235	6.33e-158	437
56P2R2A4_00930	56P2R2A4_00930	100.000	279	0	0	1	279	1	279	0.0	565
56P2R2A4_00930	18P3R3A11_01163	95.341	279	13	0	1	279	1	279	0.0	543
56P2R2A4_00930	38P2R3A13_01100	96.057	279	11	0	1	279	1	279	0.0	543
56P2R2A4_00931	56P2R2A4_00931	100.000	278	0	0	1	278	1	278	0.0	537
56P2R2A4_00931	18P3R3A11_01164	97.842	278	6	0	1	278	1	278	0.0	527
56P2R2A4_00934	56P2R2A4_00934	100.000	233	0	0	1	233	1	233	2.79e-173	475
56P2R2A4_00934	38P2R3A13_01096	97.425	233	6	0	1	233	1	233	1.30e-168	464
56P2R2A4_00937	56P2R2A4_00937	100.000	216	0	0	1	216	1	216	1.16e-157	434
56P2R2A4_00937	38P2R3A13_01093	95.833	216	9	0	1	216	1	216	1.50e-151	419
56P2R2A4_00938	56P2R2A4_00938	100.000	185	0	0	1	185	1	185	3.68e-137	380
56P2R2A4_00938	38P2R3A13_01092	96.757	185	6	0	1	185	1	185	6.43e-133	369
56P2R2A4_00941	56P2R2A4_00941	100.000	491	0	0	1	491	1	491	0.0	1007
56P2R2A4_00941	18P3R3A11_01169	97.352	491	13	0	1	491	1	491	0.0	985
56P2R2A4_00941	38P2R3A13_04003	95.927	491	20	0	1	491	1	491	0.0	955
56P2R2A4_00944	56P2R2A4_00944	100.000	116	0	0	1	116	1	116	1.69e-82	236
56P2R2A4_00945	56P2R2A4_00945	100.000	95	0	0	1	95	1	95	1.99e-65	191
56P2R2A4_00946	56P2R2A4_00946	100.000	219	0	0	1	219	1	219	1.03e-162	447
56P2R2A4_00948	56P2R2A4_00948	100.000	425	0	0	1	425	1	425	0.0	872
56P2R2A4_00948	38P2R3A13_01084	95.775	426	17	1	1	425	1	426	0.0	809
56P2R2A4_00949	56P2R2A4_00949	100.000	71	0	0	1	71	1	71	2.58e-48	146
56P2R2A4_00950	56P2R2A4_00950	100.000	1286	0	0	1	1286	1	1286	0.0	2617
56P2R2A4_00950	38P2R3A13_01082	96.501	1286	45	0	1	1286	1	1286	0.0	2533
56P2R2A4_00950	37P2R3-2A1_01515	95.257	1286	61	0	1	1286	1	1286	0.0	2460
56P2R2A4_00952	56P2R2A4_00952	100.000	331	0	0	1	331	1	331	0.0	635
56P2R2A4_00952	38P2R3A13_01080	97.885	331	7	0	1	331	1	331	0.0	625
56P2R2A4_00952	18P3R3A11_01187	97.281	331	9	0	1	331	1	331	0.0	615
56P2R2A4_00954	56P2R2A4_00954	100.000	412	0	0	1	412	1	412	0.0	793
56P2R2A4_00954	18P3R3A11_01189	97.059	408	12	0	1	408	1	408	0.0	773
56P2R2A4_00954	38P2R3A13_01078	97.304	408	11	0	1	408	1	408	0.0	773
56P2R2A4_00954	38P2R3A13_05015	96.314	407	15	0	1	407	1	407	0.0	762
56P2R2A4_00955	56P2R2A4_00955	100.000	320	0	0	1	320	1	320	0.0	642
56P2R2A4_00955	38P2R3A13_01077	96.226	318	12	0	1	318	1	318	0.0	615
56P2R2A4_00956	56P2R2A4_00956	100.000	392	0	0	1	392	1	392	0.0	803
56P2R2A4_00956	38P2R3A13_01076	97.449	392	10	0	1	392	1	392	0.0	783
56P2R2A4_00957	56P2R2A4_00957	100.000	537	0	0	1	537	1	537	0.0	1101
56P2R2A4_00957	38P2R3A13_01075	97.579	537	13	0	1	537	1	537	0.0	1078
56P2R2A4_00957	18P3R3A11_01192	96.834	537	17	0	1	537	1	537	0.0	1075
56P2R2A4_00963	56P2R2A4_00963	100.000	135	0	0	1	135	1	135	1.70e-97	276
56P2R2A4_00965	56P2R2A4_00965	100.000	363	0	0	1	363	1	363	0.0	736
56P2R2A4_00965	38P2R3A13_01066	97.796	363	8	0	1	363	1	363	0.0	723
56P2R2A4_00965	37P2R3-2A1_01534	96.143	363	14	0	1	363	1	363	0.0	711
56P2R2A4_00965	18P3R3A11_01204	95.317	363	17	0	1	363	1	363	0.0	661
56P2R2A4_00971	56P2R2A4_00971	100.000	339	0	0	1	339	1	339	0.0	680
56P2R2A4_00971	18P3R3A11_01210	97.050	339	10	0	1	339	1	339	0.0	664
56P2R2A4_00971	37P2R3-2A1_01540	95.280	339	16	0	1	339	1	339	0.0	631
56P2R2A4_00976	56P2R2A4_00976	100.000	387	0	0	1	387	1	387	0.0	801
56P2R2A4_00976	52P2R3A10_01190	97.158	387	11	0	1	387	1	387	0.0	784
56P2R2A4_00976	37P2R3-2A1_01548	95.607	387	17	0	1	387	1	387	0.0	770
56P2R2A4_00976	18P3R3A11_01217	95.349	387	18	0	1	387	1	387	0.0	767
56P2R2A4_00977	56P2R2A4_00977	100.000	209	0	0	1	209	1	209	3.14e-157	433
56P2R2A4_00978	56P2R2A4_00978	100.000	408	0	0	1	408	1	408	0.0	855
56P2R2A4_00987	56P2R2A4_00987	100.000	270	0	0	1	270	1	270	0.0	564
56P2R2A4_00987	38P2R3A13_04251	96.667	270	9	0	1	270	1	270	0.0	548
56P2R2A4_00989	56P2R2A4_00989	100.000	35	0	0	1	35	1	35	1.95e-19	71.2
56P2R2A4_00993	56P2R2A4_00993	100.000	263	0	0	1	263	1	263	0.0	533
56P2R2A4_01007	56P2R2A4_01007	100.000	190	0	0	1	190	1	190	3.43e-139	385
56P2R2A4_01010	56P2R2A4_01010	100.000	314	0	0	1	314	1	314	0.0	645
56P2R2A4_01010	38P2R3A13_04274	97.771	314	7	0	1	314	1	314	0.0	627
56P2R2A4_01010	18P3R3A11_01251	96.497	314	11	0	1	314	1	314	0.0	623
56P2R2A4_01020	56P2R2A4_01020	100.000	392	0	0	1	392	1	392	0.0	797
56P2R2A4_01020	38P2R3A13_04284	97.449	392	10	0	1	392	1	392	0.0	781
56P2R2A4_01031	56P2R2A4_01031	100.000	383	0	0	1	383	1	383	0.0	786
56P2R2A4_01031	18P3R3A11_01272	97.650	383	9	0	1	383	1	383	0.0	770
56P2R2A4_01031	47P2R3A6_03125	95.300	383	18	0	1	383	1	383	0.0	751
56P2R2A4_01034	56P2R2A4_01034	100.000	556	0	0	1	556	1	556	0.0	1160
56P2R2A4_01034	47P2R3A6_03122	97.662	556	13	0	1	556	1	556	0.0	1143
56P2R2A4_01034	18P3R3A11_01275	97.482	556	14	0	1	556	1	556	0.0	1140
56P2R2A4_01034	38P2R3A13_08259	96.825	378	12	0	179	556	1	378	0.0	772
56P2R2A4_01036	56P2R2A4_01036	100.000	110	0	0	1	110	1	110	1.78e-77	223
56P2R2A4_01036	38P2R3A13_04299	97.222	108	3	0	1	108	1	108	1.13e-74	216
56P2R2A4_01039	56P2R2A4_01039	100.000	96	0	0	1	96	1	96	8.97e-63	185
56P2R2A4_01039	38P2R3A13_04302	97.917	96	2	0	1	96	1	96	9.20e-62	182
56P2R2A4_01039	18P3R3A11_01280	95.833	96	4	0	1	96	1	96	1.76e-60	179
56P2R2A4_01039	47P2R3A6_03117	95.833	96	4	0	1	96	1	96	4.95e-60	178
56P2R2A4_01047	56P2R2A4_01047	100.000	192	0	0	1	192	1	192	1.31e-138	384
56P2R2A4_01047	38P2R3A13_04310	97.917	192	4	0	1	192	1	192	4.44e-136	378
56P2R2A4_01047	38P2R3A13_07203	96.354	192	7	0	1	192	1	192	4.60e-126	353
56P2R2A4_01047	18P3R3A11_01288	96.354	192	7	0	1	192	1	192	2.04e-125	351
56P2R2A4_01049	56P2R2A4_01049	100.000	560	0	0	1	560	1	560	0.0	1110
56P2R2A4_01049	38P2R3A13_04312	97.500	560	14	0	1	560	1	560	0.0	1090
56P2R2A4_01051	56P2R2A4_01051	100.000	471	0	0	1	471	1	471	0.0	980
56P2R2A4_01051	38P2R3A13_04314	97.665	471	11	0	1	471	1	471	0.0	957
56P2R2A4_01055	56P2R2A4_01055	100.000	247	0	0	1	247	1	247	0.0	499
56P2R2A4_01055	37P2R3-2A1_01627	95.547	247	11	0	1	247	1	247	2.96e-173	476
56P2R2A4_01055	38P2R3A13_04318	95.142	247	12	0	1	247	1	247	3.26e-163	451
56P2R2A4_01073	56P2R2A4_01073	100.000	429	0	0	1	429	1	429	0.0	787
56P2R2A4_01073	38P2R3A13_04782	97.203	429	1	1	1	429	1	418	0.0	763
56P2R2A4_01073	18P3R3A11_01317	95.105	429	10	1	1	429	1	418	0.0	745
56P2R2A4_01073	38P2R3A13_08306	97.297	111	3	0	1	111	1	111	7.73e-61	203
56P2R2A4_01082	56P2R2A4_01082	100.000	348	0	0	1	348	1	348	0.0	720
56P2R2A4_01082	18P3R3A11_01326	97.989	348	7	0	1	348	1	348	0.0	708
56P2R2A4_01082	38P2R3A13_07919	96.839	348	11	0	1	348	1	348	0.0	700
56P2R2A4_01088	56P2R2A4_01088	100.000	347	0	0	1	347	1	347	0.0	721
56P2R2A4_01088	38P2R3A13_04767	97.695	347	8	0	1	347	1	347	0.0	708
56P2R2A4_01088	18P3R3A11_01332	95.652	345	15	0	1	345	1	345	0.0	696
56P2R2A4_01094	56P2R2A4_01094	100.000	60	0	0	1	60	1	60	2.83e-38	120
56P2R2A4_01094	18P3R3A11_01338	98.000	50	1	0	11	60	1	50	1.27e-29	98.6
56P2R2A4_01094	38P2R3A13_07140	96.000	50	2	0	11	60	1	50	2.35e-29	97.8
56P2R2A4_01098	56P2R2A4_01098	100.000	273	0	0	1	273	1	273	0.0	565
56P2R2A4_01098	18P3R3A11_01342	96.337	273	10	0	1	273	1	273	0.0	546
56P2R2A4_01098	38P2R3A13_04757	96.190	210	8	0	64	273	8	217	3.11e-151	421
56P2R2A4_01098	52P2R3A10_01064	98.522	203	3	0	71	273	1	203	6.14e-149	414
56P2R2A4_01098	47P2R3A6_03055	95.567	203	9	0	71	273	1	203	2.45e-146	408
56P2R2A4_01098	38P2R3A13_01052	100.000	71	0	0	1	71	1	71	5.08e-46	149
56P2R2A4_01102	56P2R2A4_01102	100.000	313	0	0	1	313	1	313	0.0	635
56P2R2A4_01110	56P2R2A4_01110	100.000	252	0	0	1	252	1	252	0.0	515
56P2R2A4_01110	38P2R3A13_01040	96.429	252	9	0	1	252	1	252	0.0	498
56P2R2A4_01110	18P3R3A11_01355	95.635	252	11	0	1	252	1	252	8.24e-171	471
56P2R2A4_01111	56P2R2A4_01111	100.000	234	0	0	1	234	1	234	1.97e-171	471
56P2R2A4_01111	38P2R3A13_01039	97.009	234	7	0	1	234	6	239	1.53e-167	461
56P2R2A4_01118	56P2R2A4_01118	100.000	82	0	0	1	82	1	82	1.37e-54	163
56P2R2A4_01118	38P2R3A13_01032	97.561	82	2	0	1	82	1	82	1.87e-53	160
56P2R2A4_01118	18P3R3A11_01363	97.561	82	2	0	1	82	1	82	3.38e-53	160
56P2R2A4_01120	56P2R2A4_01120	100.000	236	0	0	1	236	1	236	6.13e-168	462
56P2R2A4_01120	47P2R3A6_02999	97.881	236	5	0	1	236	1	236	7.10e-165	454
56P2R2A4_01120	18P3R3A11_01365	97.458	236	6	0	1	236	1	236	2.01e-164	453
56P2R2A4_01120	38P2R3A13_05853	97.209	215	6	0	22	236	1	215	5.35e-146	406
56P2R2A4_01124	56P2R2A4_01124	100.000	137	0	0	1	137	1	137	1.23e-93	266
56P2R2A4_01124	18P3R3A11_04489	97.810	137	3	0	1	137	1	137	1.47e-91	261
56P2R2A4_01124	38P2R3A13_05849	97.080	137	4	0	1	137	1	137	5.49e-91	259
56P2R2A4_01126	56P2R2A4_01126	100.000	378	0	0	1	378	1	378	0.0	763
56P2R2A4_01126	18P3R3A11_04491	97.884	378	8	0	1	378	1	378	0.0	751
56P2R2A4_01127	56P2R2A4_01127	100.000	580	0	0	1	580	1	580	0.0	1190
56P2R2A4_01127	18P3R3A11_04492	97.931	580	12	0	1	580	1	580	0.0	1170
56P2R2A4_01127	38P2R3A13_05846	96.379	580	21	0	1	580	1	580	0.0	1150
56P2R2A4_01128	56P2R2A4_01128	100.000	332	0	0	1	332	1	332	0.0	675
56P2R2A4_01128	38P2R3A13_01022	97.892	332	7	0	1	332	1	332	0.0	662
56P2R2A4_01128	38P2R3A13_05845	96.084	332	13	0	1	332	1	332	0.0	655
56P2R2A4_01128	18P3R3A11_04493	95.482	332	15	0	1	332	1	332	0.0	567
56P2R2A4_01129	56P2R2A4_01129	100.000	226	0	0	1	226	1	226	2.38e-168	462
56P2R2A4_01129	38P2R3A13_01021	96.460	226	8	0	1	226	1	226	2.30e-162	447
56P2R2A4_01129	18P3R3A11_04494	96.018	226	9	0	1	226	1	226	8.86e-162	446
56P2R2A4_01131	56P2R2A4_01131	100.000	726	0	0	1	726	1	726	0.0	1496
56P2R2A4_01131	18P3R3A11_04496	96.281	726	27	0	1	726	1	726	0.0	1451
56P2R2A4_01131	38P2R3A13_05842	95.455	726	33	0	1	726	1	726	0.0	1441
56P2R2A4_01132	56P2R2A4_01132	100.000	168	0	0	1	168	1	168	7.32e-122	340
56P2R2A4_01133	56P2R2A4_01133	100.000	331	0	0	1	331	1	331	0.0	670
56P2R2A4_01134	56P2R2A4_01134	100.000	848	0	0	1	848	1	848	0.0	1758
56P2R2A4_01135	56P2R2A4_01135	100.000	225	0	0	1	225	1	225	3.90e-167	459
56P2R2A4_01136	56P2R2A4_01136	100.000	179	0	0	1	179	1	179	2.71e-126	352
56P2R2A4_01138	56P2R2A4_01138	100.000	87	0	0	1	87	1	87	3.61e-55	165
56P2R2A4_01138	18P3R3A11_04503	97.701	87	2	0	1	87	1	87	7.81e-54	162
56P2R2A4_01139	56P2R2A4_01139	100.000	89	0	0	1	89	1	89	1.94e-61	181
56P2R2A4_01139	38P2R3A13_01016	95.506	89	4	0	1	89	1	89	2.08e-59	176
56P2R2A4_01140	56P2R2A4_01140	100.000	89	0	0	1	89	1	89	5.96e-60	177
56P2R2A4_01170	56P2R2A4_01170	100.000	251	0	0	1	251	1	251	0.0	513
56P2R2A4_01170	38P2R3A13_00985	97.211	251	7	0	1	251	1	251	0.0	499
56P2R2A4_01170	18P3R3A11_02847	95.618	251	11	0	1	251	1	251	1.84e-163	452
56P2R2A4_01171	56P2R2A4_01171	100.000	411	0	0	1	411	1	411	0.0	834
56P2R2A4_01171	38P2R3A13_00984	96.837	411	13	0	1	411	1	411	0.0	812
56P2R2A4_01171	18P3R3A11_02846	96.107	411	16	0	1	411	1	411	0.0	808
56P2R2A4_01178	56P2R2A4_01178	100.000	500	0	0	1	500	1	500	0.0	1038
56P2R2A4_01179	56P2R2A4_01179	100.000	85	0	0	1	85	1	85	1.31e-55	166
56P2R2A4_01181	56P2R2A4_01181	100.000	373	0	0	1	373	1	373	0.0	747
56P2R2A4_01181	38P2R3A13_00976	97.587	373	9	0	1	373	1	373	0.0	733
56P2R2A4_01184	56P2R2A4_01184	100.000	253	0	0	1	253	1	253	0.0	524
56P2R2A4_01184	18P3R3A11_02835	97.628	253	6	0	1	253	1	253	0.0	513
56P2R2A4_01184	38P2R3A13_07740	95.652	253	11	0	1	253	1	253	0.0	504
56P2R2A4_01185	56P2R2A4_01185	100.000	203	0	0	1	203	1	203	3.82e-146	404
56P2R2A4_01185	38P2R3A13_00972	95.074	203	10	0	1	203	1	203	9.69e-139	385
56P2R2A4_01186	56P2R2A4_01186	100.000	243	0	0	1	243	1	243	1.44e-179	492
56P2R2A4_01186	38P2R3A13_00971	96.708	243	8	0	1	243	1	243	5.65e-174	478
56P2R2A4_01188	56P2R2A4_01188	100.000	271	0	0	1	271	1	271	0.0	557
56P2R2A4_01188	38P2R3A13_00969	95.203	271	13	0	1	271	1	271	0.0	532
56P2R2A4_01191	56P2R2A4_01191	100.000	226	0	0	1	226	1	226	7.11e-163	448
56P2R2A4_01192	56P2R2A4_01192	100.000	144	0	0	1	144	1	144	1.38e-104	294
56P2R2A4_01194	56P2R2A4_01194	100.000	107	0	0	1	107	1	107	8.29e-76	219
56P2R2A4_01194	18P3R3A11_02825	96.262	107	4	0	1	107	1	107	1.02e-73	213
56P2R2A4_01194	38P2R3A13_00963	96.262	107	4	0	1	107	1	107	2.70e-73	212
56P2R2A4_01198	56P2R2A4_01198	100.000	241	0	0	1	241	1	241	0.0	501
56P2R2A4_01198	38P2R3A13_00959	97.510	241	6	0	1	241	1	241	4.30e-179	491
56P2R2A4_01198	18P3R3A11_02815	96.266	241	9	0	1	241	1	241	8.81e-177	485
56P2R2A4_01198	38P2R3A13_07332	95.021	241	12	0	1	241	1	241	2.06e-165	456
56P2R2A4_01206	56P2R2A4_01206	100.000	376	0	0	1	376	1	376	0.0	778
56P2R2A4_01206	38P2R3A13_00951	97.340	376	10	0	1	376	1	376	0.0	758
56P2R2A4_01206	37P2R3-2A1_00086	95.455	374	17	0	1	374	1	374	0.0	748
56P2R2A4_01208	56P2R2A4_01208	100.000	490	0	0	1	490	1	490	0.0	993
56P2R2A4_01214	56P2R2A4_01214	100.000	173	0	0	1	173	1	173	2.63e-128	357
56P2R2A4_01214	38P2R3A13_00940	97.688	173	4	0	1	173	1	173	2.95e-125	349
56P2R2A4_01214	38P2R3A13_05279	95.376	173	8	0	1	173	1	173	9.68e-123	343
56P2R2A4_01216	56P2R2A4_01216	100.000	277	0	0	1	277	1	277	0.0	569
56P2R2A4_01216	38P2R3A13_00938	97.834	277	6	0	1	277	1	277	0.0	558
56P2R2A4_01221	56P2R2A4_01221	100.000	145	0	0	1	145	1	145	1.42e-96	274
56P2R2A4_01221	38P2R3A13_00933	97.931	145	3	0	1	145	1	145	3.53e-95	271
56P2R2A4_01221	18P3R3A11_02773	97.241	145	4	0	1	145	1	145	6.82e-95	270
56P2R2A4_01221	37P2R3-2A1_00119	96.552	145	5	0	1	145	1	145	1.88e-93	266
56P2R2A4_01222	56P2R2A4_01222	100.000	323	0	0	1	323	1	323	0.0	671
56P2R2A4_01222	38P2R3A13_00932	97.523	323	8	0	1	323	1	323	0.0	657
56P2R2A4_01222	37P2R3-2A1_00120	96.594	323	11	0	1	323	1	323	0.0	653
56P2R2A4_01222	18P3R3A11_02772	96.594	323	11	0	1	323	1	323	0.0	652
56P2R2A4_01227	56P2R2A4_01227	100.000	319	0	0	1	319	1	319	0.0	664
56P2R2A4_01227	38P2R3A13_00927	97.492	319	8	0	1	319	1	319	0.0	648
56P2R2A4_01233	56P2R2A4_01233	100.000	146	0	0	1	146	1	146	2.99e-106	299
56P2R2A4_01236	56P2R2A4_01236	100.000	509	0	0	1	509	1	509	0.0	1053
56P2R2A4_01236	38P2R3A13_00918	95.481	509	23	0	1	509	1	509	0.0	1009
56P2R2A4_01264	56P2R2A4_01264	100.000	326	0	0	1	326	1	326	0.0	647
56P2R2A4_01264	38P2R3A13_00890	97.853	326	7	0	1	326	1	326	0.0	634
56P2R2A4_01275	56P2R2A4_01275	100.000	184	0	0	1	184	1	184	2.63e-135	375
56P2R2A4_01275	47P2R3A6_02370	97.826	184	4	0	1	184	1	184	8.92e-134	371
56P2R2A4_01275	18P3R3A11_03142	97.826	184	4	0	1	184	1	184	2.15e-133	370
56P2R2A4_01278	56P2R2A4_01278	100.000	360	0	0	1	360	1	360	0.0	722
56P2R2A4_01280	56P2R2A4_01280	100.000	401	0	0	1	401	1	401	0.0	832
56P2R2A4_01280	38P2R3A13_00874	97.756	401	9	0	1	401	1	401	0.0	818
56P2R2A4_01280	38P2R3A13_08615	96.010	401	16	0	1	401	1	401	0.0	810
56P2R2A4_01282	56P2R2A4_01282	100.000	257	0	0	1	257	1	257	0.0	502
56P2R2A4_01282	38P2R3A13_00872	96.887	257	8	0	1	257	1	257	8.11e-178	489
56P2R2A4_01291	56P2R2A4_01291	100.000	636	0	0	1	636	1	636	0.0	1303
56P2R2A4_01291	38P2R3A13_07990	97.799	636	14	0	1	636	1	636	0.0	1276
56P2R2A4_01291	38P2R3A13_00863	96.541	636	22	0	1	636	1	636	0.0	1265
56P2R2A4_01304	56P2R2A4_01304	100.000	153	0	0	1	153	1	153	6.64e-113	316
56P2R2A4_01304	18P3R3A11_03113	97.386	153	4	0	1	153	1	153	9.29e-110	308
56P2R2A4_01304	38P2R3A13_06825	96.078	153	6	0	1	153	1	153	1.67e-108	305
56P2R2A4_01305	56P2R2A4_01305	100.000	221	0	0	1	221	1	221	2.32e-163	449
56P2R2A4_01305	38P2R3A13_00849	97.738	221	5	0	1	221	1	221	1.73e-160	442
56P2R2A4_01309	56P2R2A4_01309	100.000	186	0	0	1	186	1	186	1.06e-138	384
56P2R2A4_01309	38P2R3A13_00845	96.237	186	7	0	1	186	1	186	2.70e-134	373
56P2R2A4_01314	56P2R2A4_01314	100.000	386	0	0	1	386	1	386	0.0	796
56P2R2A4_01314	38P2R3A13_00840	95.855	386	16	0	1	386	1	386	0.0	768
56P2R2A4_01317	56P2R2A4_01317	100.000	240	0	0	1	240	1	240	4.07e-180	493
56P2R2A4_01317	38P2R3A13_00837	96.667	240	8	0	1	240	1	240	3.34e-173	476
56P2R2A4_01318	56P2R2A4_01318	100.000	36	0	0	1	36	1	36	6.85e-21	75.1
56P2R2A4_01319	56P2R2A4_01319	100.000	252	0	0	1	252	1	252	0.0	518
56P2R2A4_01320	56P2R2A4_01320	100.000	159	0	0	1	159	1	159	1.87e-118	331
56P2R2A4_01324	56P2R2A4_01324	100.000	143	0	0	1	143	1	143	1.41e-104	294
56P2R2A4_01325	56P2R2A4_01325	100.000	86	0	0	1	86	1	86	3.32e-58	172
56P2R2A4_01325	37P2R3-2A1_00213	97.674	86	2	0	1	86	1	86	5.12e-57	169
56P2R2A4_01325	18P3R3A11_03099	96.512	86	3	0	1	86	1	86	2.54e-56	168
56P2R2A4_01333	56P2R2A4_01333	100.000	312	0	0	1	312	1	312	0.0	634
56P2R2A4_01333	38P2R3A13_00790	97.436	312	8	0	1	312	1	312	0.0	616
56P2R2A4_01336	56P2R2A4_01336	100.000	167	0	0	1	167	1	167	7.15e-118	330
56P2R2A4_01336	38P2R3A13_00787	97.006	167	5	0	1	167	1	167	1.59e-112	316
56P2R2A4_01337	56P2R2A4_01337	100.000	108	0	0	1	108	1	108	9.82e-77	221
56P2R2A4_01340	56P2R2A4_01340	100.000	239	0	0	1	239	1	239	5.25e-178	488
56P2R2A4_01340	18P3R3A11_03856	97.908	239	5	0	1	239	1	239	9.98e-174	477
56P2R2A4_01340	38P2R3A13_04118	95.816	239	10	0	1	239	1	239	2.57e-170	468
56P2R2A4_01341	56P2R2A4_01341	100.000	248	0	0	1	248	1	248	1.18e-179	493
56P2R2A4_01341	37P2R3-2A1_00224	97.984	248	5	0	1	248	1	248	2.03e-176	484
56P2R2A4_01341	38P2R3A13_00782	97.154	246	7	0	3	248	2	247	1.53e-174	480
56P2R2A4_01341	18P3R3A11_03857	97.581	248	6	0	1	248	1	248	2.04e-174	479
56P2R2A4_01341	38P2R3A13_04119	96.774	248	8	0	1	248	1	248	3.75e-167	461
56P2R2A4_01342	56P2R2A4_01342	100.000	311	0	0	1	311	1	311	0.0	651
56P2R2A4_01342	38P2R3A13_00781	96.785	311	10	0	1	311	1	311	0.0	636
56P2R2A4_01342	18P3R3A11_03858	96.463	311	11	0	1	311	1	311	0.0	632
56P2R2A4_01344	56P2R2A4_01344	100.000	466	0	0	1	466	1	466	0.0	936
56P2R2A4_01344	18P3R3A11_03860	97.639	466	11	0	1	466	1	466	0.0	918
56P2R2A4_01345	56P2R2A4_01345	100.000	63	0	0	1	63	1	63	1.63e-40	126
56P2R2A4_01346	56P2R2A4_01346	100.000	528	0	0	1	528	1	528	0.0	1061
56P2R2A4_01346	38P2R3A13_00777	96.780	528	17	0	1	528	1	528	0.0	1033
56P2R2A4_01346	18P3R3A11_03862	95.833	528	22	0	1	528	1	528	0.0	993
56P2R2A4_01346	37P2R3-2A1_00229	95.644	528	23	0	1	528	1	528	0.0	991
56P2R2A4_01349	56P2R2A4_01349	100.000	222	0	0	1	222	1	222	7.55e-159	438
56P2R2A4_01349	38P2R3A13_00774	97.748	222	5	0	1	222	1	222	4.89e-155	428
56P2R2A4_01349	18P3R3A11_03865	96.396	222	8	0	1	222	1	222	4.39e-153	423
56P2R2A4_01349	38P2R3A13_04127	95.495	222	10	0	1	222	1	222	4.31e-151	418
56P2R2A4_01353	56P2R2A4_01353	100.000	421	0	0	1	421	1	421	0.0	847
56P2R2A4_01353	38P2R3A13_00770	97.625	421	10	0	1	421	1	421	0.0	828
56P2R2A4_01355	56P2R2A4_01355	100.000	168	0	0	1	168	1	168	1.06e-117	330
56P2R2A4_01355	38P2R3A13_00768	95.833	168	7	0	1	168	1	168	4.97e-112	315
56P2R2A4_01356	56P2R2A4_01356	100.000	250	0	0	1	250	1	250	9.41e-180	493
56P2R2A4_01356	18P3R3A11_03881	97.200	250	7	0	1	250	1	250	3.98e-175	481
56P2R2A4_01362	56P2R2A4_01362	100.000	199	0	0	1	199	1	199	4.50e-146	404
56P2R2A4_01362	18P3R3A11_03887	97.990	199	4	0	1	199	1	199	7.82e-144	398
56P2R2A4_01362	38P2R3A13_00761	97.990	199	4	0	1	199	1	199	1.61e-143	397
56P2R2A4_01363	56P2R2A4_01363	100.000	306	0	0	1	306	1	306	0.0	590
56P2R2A4_01363	38P2R3A13_00759	96.633	297	10	0	1	297	1	297	0.0	560
56P2R2A4_01363	18P3R3A11_03889	95.410	305	14	0	1	305	1	305	0.0	528
56P2R2A4_01363	38P2R3A13_04150	96.140	285	11	0	1	285	8	292	0.0	506
56P2R2A4_01364	56P2R2A4_01364	100.000	90	0	0	1	90	1	90	1.62e-60	179
56P2R2A4_01365	56P2R2A4_01365	100.000	174	0	0	1	174	1	174	5.39e-130	361
56P2R2A4_01368	56P2R2A4_01368	100.000	197	0	0	1	197	1	197	2.62e-147	407
56P2R2A4_01368	38P2R3A13_00756	97.462	197	5	0	1	197	1	197	9.63e-144	398
56P2R2A4_01369	56P2R2A4_01369	100.000	267	0	0	1	267	1	267	0.0	543
56P2R2A4_01369	38P2R3A13_00755	97.378	267	7	0	1	267	1	267	0.0	530
56P2R2A4_01373	56P2R2A4_01373	100.000	213	0	0	1	213	1	213	2.39e-157	433
56P2R2A4_01373	18P3R3A11_03897	97.183	213	6	0	1	213	1	213	7.27e-154	425
56P2R2A4_01376	56P2R2A4_01376	100.000	80	0	0	1	80	1	80	5.41e-56	167
56P2R2A4_01386	56P2R2A4_01386	100.000	287	0	0	1	287	1	287	0.0	589
56P2R2A4_01386	38P2R3A13_00739	96.167	287	11	0	1	287	1	287	0.0	567
56P2R2A4_01387	56P2R2A4_01387	100.000	302	0	0	1	302	1	302	0.0	610
56P2R2A4_01387	38P2R3A13_08365	95.364	302	14	0	1	302	1	302	0.0	557
56P2R2A4_01390	56P2R2A4_01390	100.000	108	0	0	1	108	1	108	4.28e-76	219
56P2R2A4_01390	38P2R3A13_04905	97.222	108	3	0	1	108	1	108	3.77e-74	214
56P2R2A4_01390	38P2R3A13_08339	95.370	108	5	0	1	108	1	108	1.95e-65	192
56P2R2A4_01390	37P2R3-2A1_02099	96.703	91	3	0	18	108	1	91	8.75e-60	178
56P2R2A4_01412	56P2R2A4_01412	100.000	87	0	0	1	87	1	87	1.59e-60	179
56P2R2A4_01412	38P2R3A13_07507	95.402	87	4	0	1	87	1	87	1.19e-58	174
56P2R2A4_01412	18P3R3A11_03244	95.402	87	4	0	1	87	1	87	1.45e-58	174
56P2R2A4_01458	56P2R2A4_01458	100.000	74	0	0	1	74	1	74	1.36e-50	152
56P2R2A4_01458	38P2R3A13_03467	97.297	74	2	0	1	74	1	74	1.19e-48	147
56P2R2A4_01458	37P2R3-2A1_02027	95.946	74	3	0	1	74	1	74	3.81e-48	146
56P2R2A4_01472	56P2R2A4_01472	100.000	635	0	0	1	635	1	635	0.0	1296
56P2R2A4_01472	38P2R3A13_03453	97.953	635	13	0	1	635	1	635	0.0	1278
56P2R2A4_01472	18P3R3A11_03183	97.638	635	15	0	1	635	1	635	0.0	1273
56P2R2A4_01472	38P2R3A13_05719	95.276	635	30	0	1	635	1	635	0.0	1244
56P2R2A4_01474	56P2R2A4_01474	100.000	275	0	0	1	275	1	275	0.0	575
56P2R2A4_01474	38P2R3A13_03451	97.091	275	8	0	1	275	1	275	0.0	560
56P2R2A4_01474	18P3R3A11_03181	97.091	275	8	0	1	275	1	275	0.0	560
56P2R2A4_01474	37P2R3-2A1_02009	96.000	275	11	0	1	275	1	275	0.0	552
56P2R2A4_01475	56P2R2A4_01475	100.000	405	0	0	1	405	1	405	0.0	786
56P2R2A4_01475	38P2R3A13_03450	97.778	405	9	0	1	405	1	405	0.0	766
56P2R2A4_01477	56P2R2A4_01477	100.000	248	0	0	1	248	1	248	0.0	496
56P2R2A4_01477	38P2R3A13_03448	95.161	248	12	0	1	248	1	248	2.22e-165	457
56P2R2A4_01478	56P2R2A4_01478	100.000	156	0	0	1	156	1	156	2.36e-108	305
56P2R2A4_01478	38P2R3A13_03447	97.436	156	4	0	1	156	1	156	1.34e-105	298
56P2R2A4_01478	18P3R3A11_03098	96.154	156	6	0	1	156	1	156	3.26e-104	295
56P2R2A4_01479	56P2R2A4_01479	100.000	410	0	0	1	410	1	410	0.0	812
56P2R2A4_01479	38P2R3A13_03446	97.317	410	11	0	1	410	1	410	0.0	788
56P2R2A4_01480	56P2R2A4_01480	100.000	297	0	0	1	297	1	297	0.0	594
56P2R2A4_01480	38P2R3A13_03445	97.306	297	8	0	1	297	1	297	0.0	575
56P2R2A4_01491	56P2R2A4_01491	100.000	474	0	0	1	474	1	474	0.0	963
56P2R2A4_01494	56P2R2A4_01494	100.000	275	0	0	1	275	1	275	0.0	567
56P2R2A4_01494	38P2R3A13_03431	97.091	275	8	0	1	275	1	275	0.0	551
56P2R2A4_01504	56P2R2A4_01504	100.000	649	0	0	1	649	1	649	0.0	1301
56P2R2A4_01504	38P2R3A13_03421	96.148	649	25	0	1	649	1	649	0.0	1248
56P2R2A4_01505	56P2R2A4_01505	100.000	232	0	0	1	232	1	232	6.64e-173	474
56P2R2A4_01505	38P2R3A13_03420	97.414	232	6	0	1	232	1	232	5.02e-169	464
56P2R2A4_01511	56P2R2A4_01511	100.000	659	0	0	1	659	1	659	0.0	1360
56P2R2A4_01511	38P2R3A13_03414	97.420	659	17	0	1	659	1	659	0.0	1331
56P2R2A4_01520	56P2R2A4_01520	100.000	150	0	0	1	150	1	150	3.92e-105	296
56P2R2A4_01520	38P2R3A13_07656	97.333	150	4	0	1	150	1	150	1.00e-102	290
56P2R2A4_01521	56P2R2A4_01521	100.000	192	0	0	1	192	1	192	9.68e-142	392
56P2R2A4_01521	38P2R3A13_07657	95.312	192	9	0	1	192	1	192	1.30e-124	349
56P2R2A4_01538	56P2R2A4_01538	100.000	315	0	0	1	315	1	315	0.0	633
56P2R2A4_01539	56P2R2A4_01539	100.000	113	0	0	1	113	1	113	4.19e-74	215
56P2R2A4_01539	38P2R3A13_04958	96.460	113	4	0	1	113	1	113	1.11e-71	209
56P2R2A4_01549	56P2R2A4_01549	100.000	719	0	0	1	719	1	719	0.0	1472
56P2R2A4_01549	38P2R3A13_04967	97.497	719	17	1	1	719	1	718	0.0	1430
56P2R2A4_01553	56P2R2A4_01553	100.000	333	0	0	1	333	1	333	0.0	687
56P2R2A4_01553	38P2R3A13_04971	97.898	333	7	0	1	333	1	333	0.0	679
56P2R2A4_01554	56P2R2A4_01554	100.000	553	0	0	1	553	1	553	0.0	1145
56P2R2A4_01554	38P2R3A13_04972	97.649	553	13	0	1	553	1	553	0.0	1123
56P2R2A4_01555	56P2R2A4_01555	100.000	412	0	0	1	412	1	412	0.0	790
56P2R2A4_01555	38P2R3A13_04973	97.330	412	11	0	1	412	1	412	0.0	771
56P2R2A4_01563	56P2R2A4_01563	100.000	446	0	0	1	446	1	446	0.0	899
56P2R2A4_01564	56P2R2A4_01564	100.000	218	0	0	1	218	1	218	1.55e-160	442
56P2R2A4_01565	56P2R2A4_01565	100.000	575	0	0	1	575	1	575	0.0	1162
56P2R2A4_01567	56P2R2A4_01567	100.000	878	0	0	1	878	1	878	0.0	1783
56P2R2A4_01567	38P2R3A13_04985	97.948	877	18	0	1	877	1	877	0.0	1744
56P2R2A4_01568	56P2R2A4_01568	100.000	214	0	0	1	214	1	214	8.44e-157	432
56P2R2A4_01569	56P2R2A4_01569	100.000	76	0	0	1	76	1	76	3.06e-50	152
56P2R2A4_01570	56P2R2A4_01570	100.000	841	0	0	1	841	1	841	0.0	1755
56P2R2A4_01571	56P2R2A4_01571	100.000	528	0	0	1	528	1	528	0.0	1096
56P2R2A4_01572	56P2R2A4_01572	100.000	216	0	0	1	216	1	216	3.01e-163	449
56P2R2A4_01573	56P2R2A4_01573	100.000	216	0	0	1	216	1	216	1.70e-162	447
56P2R2A4_01574	56P2R2A4_01574	100.000	216	0	0	1	216	1	216	4.47e-163	448
56P2R2A4_01575	56P2R2A4_01575	100.000	194	0	0	1	194	1	194	1.40e-144	400
56P2R2A4_01576	56P2R2A4_01576	100.000	89	0	0	1	89	1	89	1.73e-58	174
56P2R2A4_01577	56P2R2A4_01577	100.000	385	0	0	1	385	1	385	0.0	791
56P2R2A4_01578	56P2R2A4_01578	100.000	1139	0	0	1	1139	1	1139	0.0	2319
56P2R2A4_01579	56P2R2A4_01579	100.000	532	0	0	1	532	1	532	0.0	1068
56P2R2A4_01580	56P2R2A4_01580	100.000	588	0	0	1	588	1	588	0.0	1212
56P2R2A4_01581	56P2R2A4_01581	100.000	365	0	0	1	365	1	365	0.0	752
56P2R2A4_01582	56P2R2A4_01582	100.000	179	0	0	1	179	1	179	9.71e-131	363
56P2R2A4_01583	56P2R2A4_01583	100.000	151	0	0	1	151	1	151	9.21e-110	308
56P2R2A4_01584	56P2R2A4_01584	100.000	124	0	0	1	124	1	124	5.51e-88	251
56P2R2A4_01584	38P2R3A13_02770	99.194	124	1	0	1	124	34	157	6.93e-88	252
56P2R2A4_01593	38P2R3A13_02779	100.000	157	0	0	1	157	6	162	2.77e-114	320
56P2R2A4_01593	56P2R2A4_01593	100.000	157	0	0	1	157	1	157	4.69e-114	319
56P2R2A4_01593	38P2R3A13_08672	97.452	157	4	0	1	157	6	162	9.70e-112	314
56P2R2A4_01593	18P3R3A11_03007	97.452	157	4	0	1	157	6	162	1.11e-111	313
56P2R2A4_01593	37P2R3-2A1_01905	96.815	157	5	0	1	157	1	157	5.51e-111	311
56P2R2A4_01600	56P2R2A4_01600	100.000	92	0	0	1	92	1	92	2.49e-61	181
56P2R2A4_01600	38P2R3A13_02786	96.739	92	3	0	1	92	1	92	5.11e-59	175
56P2R2A4_01600	18P3R3A11_03000	96.667	90	3	0	1	90	1	90	4.43e-58	173
56P2R2A4_01620	56P2R2A4_01620	100.000	170	0	0	1	170	1	170	9.77e-125	347
56P2R2A4_01624	56P2R2A4_01624	100.000	215	0	0	1	215	1	215	1.83e-159	439
56P2R2A4_01624	38P2R3A13_02810	97.674	215	5	0	1	215	1	215	1.25e-155	429
56P2R2A4_01628	56P2R2A4_01628	100.000	148	0	0	1	148	1	148	3.11e-107	301
56P2R2A4_01628	38P2R3A13_02814	97.973	148	3	0	1	148	1	148	4.43e-105	296
56P2R2A4_01656	56P2R2A4_01656	100.000	306	0	0	1	306	1	306	0.0	629
56P2R2A4_01656	38P2R3A13_02842	96.405	306	11	0	1	306	1	306	0.0	608
56P2R2A4_01657	56P2R2A4_01657	100.000	154	0	0	1	154	1	154	7.06e-114	319
56P2R2A4_01657	38P2R3A13_02843	97.403	154	4	0	1	154	1	154	1.36e-111	313
56P2R2A4_01659	56P2R2A4_01659	100.000	432	0	0	1	432	1	432	0.0	875
56P2R2A4_01659	38P2R3A13_02845	97.685	432	10	0	1	432	1	432	0.0	857
56P2R2A4_01661	56P2R2A4_01661	100.000	259	0	0	1	259	1	259	0.0	530
56P2R2A4_01661	38P2R3A13_02847	95.753	259	11	0	1	259	1	259	0.0	511
56P2R2A4_01663	56P2R2A4_01663	100.000	322	0	0	1	322	1	322	0.0	644
56P2R2A4_01663	38P2R3A13_02849	97.188	320	9	0	1	320	1	320	0.0	628
56P2R2A4_01682	56P2R2A4_01682	100.000	353	0	0	1	353	1	353	0.0	723
56P2R2A4_01682	38P2R3A13_02868	96.884	353	11	0	1	353	1	353	0.0	700
56P2R2A4_01683	56P2R2A4_01683	100.000	219	0	0	1	219	1	219	2.45e-163	449
56P2R2A4_01683	38P2R3A13_02869	97.260	219	6	0	1	219	1	219	2.11e-159	439
56P2R2A4_01684	56P2R2A4_01684	100.000	567	0	0	1	567	1	567	0.0	1148
56P2R2A4_01684	38P2R3A13_02870	97.884	567	12	0	1	567	1	567	0.0	1127
56P2R2A4_01684	52P2R3A10_01961	98.175	548	10	0	20	567	1	548	0.0	1087
56P2R2A4_01684	18P3R3A11_02448	96.533	548	19	0	20	567	1	548	0.0	1070
56P2R2A4_01686	56P2R2A4_01686	100.000	430	0	0	1	430	1	430	0.0	838
56P2R2A4_01686	18P3R3A11_02450	96.512	430	15	0	1	430	1	430	0.0	808
56P2R2A4_01686	38P2R3A13_02872	96.359	412	15	0	19	430	1	412	0.0	775
56P2R2A4_01688	56P2R2A4_01688	100.000	168	0	0	1	168	1	168	9.89e-125	347
56P2R2A4_01688	38P2R3A13_02874	97.619	168	4	0	1	168	1	168	6.92e-123	343
56P2R2A4_01690	56P2R2A4_01690	100.000	396	0	0	1	396	1	396	0.0	781
56P2R2A4_01720	56P2R2A4_01720	100.000	276	0	0	1	276	1	276	0.0	575
56P2R2A4_01720	38P2R3A13_01387	97.826	276	6	0	1	276	1	276	0.0	562
56P2R2A4_01733	56P2R2A4_01733	100.000	237	0	0	1	237	1	237	0.0	496
56P2R2A4_01734	56P2R2A4_01734	100.000	266	0	0	1	266	1	266	0.0	541
56P2R2A4_01738	56P2R2A4_01738	100.000	618	0	0	1	618	1	618	0.0	1237
56P2R2A4_01738	38P2R3A13_01403	96.764	618	20	0	1	618	1	618	0.0	1206
56P2R2A4_01738	18P3R3A11_04184	95.955	618	25	0	1	618	1	618	0.0	1195
56P2R2A4_01740	56P2R2A4_01740	100.000	473	0	0	1	473	1	473	0.0	960
56P2R2A4_01740	38P2R3A13_01405	95.560	473	21	0	1	473	1	473	0.0	917
56P2R2A4_01741	56P2R2A4_01741	100.000	255	0	0	1	255	1	255	0.0	525
56P2R2A4_01741	38P2R3A13_01406	97.255	255	7	0	1	255	1	255	0.0	514
56P2R2A4_01749	56P2R2A4_01749	100.000	386	0	0	1	386	1	386	0.0	738
56P2R2A4_01749	38P2R3A13_01414	96.373	386	14	0	1	386	1	386	0.0	646
56P2R2A4_01761	56P2R2A4_01761	100.000	380	0	0	1	380	1	380	0.0	778
56P2R2A4_01761	38P2R3A13_01426	98.824	170	2	0	211	380	153	322	3.35e-118	345
56P2R2A4_01762	56P2R2A4_01762	100.000	145	0	0	1	145	1	145	7.77e-106	298
56P2R2A4_01763	56P2R2A4_01763	100.000	727	0	0	1	727	1	727	0.0	1487
56P2R2A4_01764	56P2R2A4_01764	100.000	172	0	0	1	172	1	172	1.01e-124	348
56P2R2A4_01764	38P2R3A13_01430	96.512	172	6	0	1	172	1	172	3.51e-120	336
56P2R2A4_01767	56P2R2A4_01767	100.000	108	0	0	1	108	1	108	4.32e-76	219
56P2R2A4_01768	56P2R2A4_01768	100.000	292	0	0	1	292	1	292	0.0	581
56P2R2A4_01769	56P2R2A4_01769	100.000	257	0	0	1	257	1	257	0.0	516
56P2R2A4_01769	38P2R3A13_01440	97.665	257	6	0	1	257	1	257	0.0	503
56P2R2A4_01769	18P3R3A11_03820	95.331	257	12	0	1	257	1	257	7.56e-165	456
56P2R2A4_01772	56P2R2A4_01772	100.000	318	0	0	1	318	1	318	0.0	638
56P2R2A4_01772	38P2R3A13_01443	96.855	318	10	0	1	318	1	318	0.0	619
56P2R2A4_01773	56P2R2A4_01773	100.000	335	0	0	1	335	1	335	0.0	685
56P2R2A4_01773	38P2R3A13_01444	97.313	335	9	0	1	335	1	335	0.0	669
56P2R2A4_01773	18P3R3A11_03823	95.821	335	14	0	1	335	1	335	0.0	667
56P2R2A4_01777	56P2R2A4_01777	100.000	166	0	0	1	166	1	166	4.93e-123	343
56P2R2A4_01779	56P2R2A4_01779	100.000	334	0	0	1	334	1	334	0.0	692
56P2R2A4_01785	56P2R2A4_01785	100.000	401	0	0	1	401	1	401	0.0	802
56P2R2A4_01785	38P2R3A13_01456	97.756	401	9	0	1	401	1	401	0.0	785
56P2R2A4_01785	18P3R3A11_03840	96.259	401	15	0	1	401	1	401	0.0	746
56P2R2A4_01787	56P2R2A4_01787	100.000	291	0	0	1	291	1	291	0.0	598
56P2R2A4_01788	56P2R2A4_01788	100.000	1110	0	0	1	1110	1	1110	0.0	2283
56P2R2A4_01788	38P2R3A13_01459	96.937	1110	34	0	1	1110	1	1110	0.0	2228
56P2R2A4_01801	56P2R2A4_01801	100.000	187	0	0	1	187	1	187	4.25e-137	380
56P2R2A4_01801	38P2R3A13_01472	98.895	181	2	0	1	181	1	181	1.56e-132	369
56P2R2A4_01801	18P3R3A11_04518	95.652	184	8	0	1	184	1	184	2.61e-131	365
56P2R2A4_01801	38P2R3A13_08662	96.133	181	7	0	1	181	1	181	6.12e-130	362
56P2R2A4_01804	56P2R2A4_01804	100.000	160	0	0	1	160	1	160	3.99e-117	327
56P2R2A4_01804	38P2R3A13_01475	97.500	160	4	0	1	160	1	160	8.08e-115	322
56P2R2A4_01804	47P2R3A6_00422	96.875	160	5	0	1	160	2	161	1.19e-114	321
56P2R2A4_01804	38P2R3A13_05347	96.330	109	4	0	52	160	1	109	1.36e-74	218
56P2R2A4_01807	56P2R2A4_01807	100.000	267	0	0	1	267	1	267	0.0	547
56P2R2A4_01814	56P2R2A4_01814	100.000	229	0	0	1	229	1	229	3.79e-172	472
56P2R2A4_01814	38P2R3A13_00279	97.817	229	5	0	1	229	1	229	4.76e-168	462
56P2R2A4_01815	56P2R2A4_01815	100.000	180	0	0	1	180	1	180	2.37e-128	357
56P2R2A4_01815	38P2R3A13_00280	97.778	180	4	0	1	180	1	180	1.42e-126	353
56P2R2A4_01815	18P3R3A11_00166	96.111	180	7	0	1	180	1	180	5.14e-124	347
56P2R2A4_01816	56P2R2A4_01816	100.000	174	0	0	1	174	1	174	8.64e-130	360
56P2R2A4_01817	56P2R2A4_01817	100.000	164	0	0	1	164	1	164	4.48e-122	340
56P2R2A4_01818	56P2R2A4_01818	100.000	325	0	0	1	325	1	325	0.0	675
56P2R2A4_01818	38P2R3A13_00281	95.692	325	14	0	1	325	1	325	0.0	647
56P2R2A4_01820	56P2R2A4_01820	100.000	311	0	0	1	311	1	311	0.0	640
56P2R2A4_01821	56P2R2A4_01821	100.000	145	0	0	1	145	1	145	1.18e-95	272
56P2R2A4_01821	38P2R3A13_00284	97.241	145	4	0	1	145	1	145	2.12e-93	266
56P2R2A4_01822	56P2R2A4_01822	100.000	153	0	0	1	153	1	153	9.81e-105	295
56P2R2A4_01823	56P2R2A4_01823	100.000	175	0	0	1	175	1	175	3.28e-131	364
56P2R2A4_01823	38P2R3A13_00286	97.688	173	4	0	1	173	1	173	9.75e-128	355
56P2R2A4_01824	56P2R2A4_01824	100.000	175	0	0	1	175	1	175	3.48e-124	347
56P2R2A4_01824	38P2R3A13_00287	97.714	175	4	0	1	175	1	175	1.19e-121	340
56P2R2A4_01829	56P2R2A4_01829	100.000	240	0	0	1	240	1	240	1.44e-177	487
56P2R2A4_01829	38P2R3A13_00292	95.833	240	10	0	1	240	1	240	2.00e-170	469
