5P3R2A4_03598	5P3R2A4_03598	100.000	101	0	0	1	101	1	101	3.50e-70	204
5P3R2A4_03599	5P3R2A4_03599	100.000	138	0	0	1	138	1	138	1.86e-99	281
5P3R2A4_03600	5P3R2A4_03600	100.000	612	0	0	1	612	1	612	0.0	1248
5P3R2A4_03600	10P3R2A13_04836	98.477	197	1	1	416	612	21	215	2.63e-131	383
5P3R2A4_03601	5P3R2A4_03601	100.000	344	0	0	1	344	1	344	0.0	717
5P3R2A4_03602	5P3R2A4_03602	100.000	402	0	0	1	402	1	402	0.0	819
5P3R2A4_03603	5P3R2A4_03603	100.000	310	0	0	1	310	1	310	0.0	640
5P3R2A4_03604	5P3R2A4_03604	100.000	238	0	0	1	238	1	238	1.07e-178	489
5P3R2A4_03605	5P3R2A4_03605	100.000	377	0	0	1	377	1	377	0.0	748
5P3R2A4_03606	5P3R2A4_03606	100.000	96	0	0	1	96	1	96	3.26e-67	196
5P3R2A4_03607	5P3R2A4_03607	100.000	253	0	0	1	253	1	253	0.0	518
5P3R2A4_03608	5P3R2A4_03608	100.000	918	0	0	1	918	1	918	0.0	1906
5P3R2A4_03609	5P3R2A4_03609	100.000	99	0	0	1	99	1	99	5.11e-67	196
5P3R2A4_03610	5P3R2A4_03610	100.000	216	0	0	1	216	1	216	4.69e-161	443
5P3R2A4_03611	5P3R2A4_03611	100.000	71	0	0	1	71	1	71	7.87e-47	143
5P3R2A4_03612	5P3R2A4_03612	100.000	389	0	0	1	389	1	389	0.0	803
5P3R2A4_03612	10P3R2A13_04676	99.333	300	2	0	1	300	1	300	0.0	618
5P3R2A4_03615	5P3R2A4_03615	100.000	79	0	0	1	79	1	79	2.94e-53	159
5P3R2A4_03615	10P3R2A13_04679	97.468	79	2	0	1	79	1	79	1.87e-51	155
5P3R2A4_03617	5P3R2A4_03617	100.000	72	0	0	1	72	1	72	1.40e-48	147
5P3R2A4_03617	10P3R2A13_04681	95.833	72	3	0	1	72	1	72	5.94e-47	143
5P3R2A4_03618	5P3R2A4_03618	100.000	82	0	0	1	82	1	82	7.42e-54	161
5P3R2A4_03618	10P3R2A13_04682	97.561	82	2	0	1	82	1	82	4.65e-53	159
5P3R2A4_03622	5P3R2A4_03622	100.000	281	0	0	1	281	1	281	0.0	564
5P3R2A4_03631	5P3R2A4_03631	100.000	215	0	0	1	215	1	215	4.03e-159	438
5P3R2A4_03633	5P3R2A4_03633	100.000	32	0	0	1	32	1	32	4.08e-13	55.5
5P3R2A4_03633	33P3R2A2_04312	96.875	32	1	0	1	32	1	32	6.92e-13	54.7
5P3R2A4_03633	10P3R2A13_04830	96.875	32	1	0	1	32	1	32	7.73e-13	54.7
5P3R2A4_03634	5P3R2A4_03634	100.000	345	0	0	1	345	1	345	0.0	707
5P3R2A4_03635	5P3R2A4_03635	100.000	590	0	0	1	590	1	590	0.0	1214
5P3R2A4_03636	5P3R2A4_03636	100.000	268	0	0	1	268	1	268	0.0	562
5P3R2A4_03637	5P3R2A4_03637	100.000	405	0	0	1	405	1	405	0.0	805
5P3R2A4_03638	5P3R2A4_03638	100.000	351	0	0	1	351	1	351	0.0	719
5P3R2A4_03639	5P3R2A4_03639	100.000	69	0	0	1	69	1	69	3.81e-45	138
5P3R2A4_03640	5P3R2A4_03640	100.000	136	0	0	1	136	1	136	5.75e-100	282
5P3R2A4_03641	5P3R2A4_03641	100.000	155	0	0	1	155	1	155	2.25e-109	307
5P3R2A4_03641	10P3R2A13_04831	95.139	144	7	0	1	144	1	144	3.68e-88	253
5P3R2A4_03643	5P3R2A4_03643	100.000	192	0	0	1	192	1	192	3.96e-144	398
5P3R2A4_03643	28P2R1A12_04305	97.396	192	5	0	1	192	1	192	5.85e-141	390
5P3R2A4_03643	1P1R1A1_03923	96.354	192	7	0	1	192	1	192	1.31e-139	387
5P3R2A4_03644	5P3R2A4_03644	100.000	421	0	0	1	421	1	421	0.0	863
5P3R2A4_03645	5P3R2A4_03645	100.000	170	0	0	1	170	1	170	8.95e-125	347
5P3R2A4_03646	5P3R2A4_03646	100.000	76	0	0	1	76	1	76	2.94e-52	157
5P3R2A4_03835	10P3R2A13_03318	100.000	128	0	0	1	128	30	157	6.68e-80	232
5P3R2A4_03835	5P3R2A4_03835	100.000	128	0	0	1	128	1	128	1.01e-79	230
5P3R2A4_03835	18P3R3A11_02894	96.875	128	4	0	1	128	30	157	6.26e-77	224
5P3R2A4_03835	31P2R1A5_04763	96.094	128	5	0	1	128	30	157	2.07e-76	223
5P3R2A4_03896	5P3R2A4_03896	100.000	368	0	0	1	368	1	368	0.0	756
5P3R2A4_03896	10P3R2A13_04088	95.312	384	2	1	1	368	1	384	0.0	741
5P3R2A4_03932	10P3R2A13_04136	100.000	640	0	0	1	640	1	640	0.0	1328
5P3R2A4_03932	5P3R2A4_03932	100.000	642	0	0	1	642	1	642	0.0	1328
5P3R2A4_03933	5P3R2A4_03933	100.000	147	0	0	1	147	1	147	5.17e-106	298
5P3R2A4_03933	10P3R2A13_04136	100.000	147	0	0	1	147	654	800	3.45e-99	301
5P3R2A4_03967	15P1R1A16_02482	100.000	230	0	0	1	230	35	264	7.18e-170	468
5P3R2A4_03967	5P3R2A4_03967	100.000	230	0	0	1	230	1	230	2.13e-169	465
5P3R2A4_04034	5P3R2A4_04034	100.000	106	0	0	1	106	1	106	5.09e-71	206
5P3R2A4_04034	10P3R2A13_02606	100.000	106	0	0	1	106	198	303	9.02e-69	207
5P3R2A4_04058	5P3R2A4_04058	100.000	124	0	0	1	124	1	124	2.06e-91	259
5P3R2A4_04058	10P3R2A13_00115	97.826	92	2	0	1	92	1	92	3.38e-65	193
5P3R2A4_04067	5P3R2A4_04067	100.000	178	0	0	1	178	1	178	7.53e-132	366
5P3R2A4_04067	10P3R2A13_00106	100.000	173	0	0	1	173	1	173	1.43e-127	361
5P3R2A4_04068	5P3R2A4_04068	100.000	1014	0	0	1	1014	1	1014	0.0	2111
5P3R2A4_04068	28P2R1A12_03058	96.774	372	12	0	643	1014	384	755	0.0	749
5P3R2A4_04073	5P3R2A4_04073	100.000	131	0	0	1	131	1	131	1.40e-94	268
5P3R2A4_04075	5P3R2A4_04075	100.000	402	0	0	1	402	1	402	0.0	826
5P3R2A4_04076	5P3R2A4_04076	100.000	322	0	0	1	322	1	322	0.0	641
5P3R2A4_04080	5P3R2A4_04080	100.000	155	0	0	1	155	1	155	2.40e-111	312
5P3R2A4_04082	5P3R2A4_04082	100.000	99	0	0	1	99	1	99	5.47e-70	203
5P3R2A4_04085	5P3R2A4_04085	100.000	270	0	0	1	270	1	270	0.0	559
5P3R2A4_04085	28P2R1A12_03039	97.407	270	7	0	1	270	1	270	0.0	545
5P3R2A4_04087	5P3R2A4_04087	100.000	346	0	0	1	346	1	346	0.0	708
5P3R2A4_04088	5P3R2A4_04088	100.000	74	0	0	1	74	1	74	2.58e-52	157
5P3R2A4_04089	5P3R2A4_04089	100.000	171	0	0	1	171	1	171	1.51e-119	334
5P3R2A4_04090	5P3R2A4_04090	100.000	180	0	0	1	180	1	180	6.02e-122	341
5P3R2A4_04091	5P3R2A4_04091	100.000	189	0	0	1	189	1	189	6.82e-136	377
5P3R2A4_04091	28P2R1A12_03032	97.884	189	4	0	1	189	1	189	1.26e-133	372
5P3R2A4_04094	5P3R2A4_04094	100.000	1131	0	0	1	1131	1	1131	0.0	2277
5P3R2A4_04127	5P3R2A4_04127	100.000	185	0	0	1	185	1	185	4.02e-132	367
5P3R2A4_04128	5P3R2A4_04128	100.000	384	0	0	1	384	1	384	0.0	778
5P3R2A4_04187	5P3R2A4_04187	100.000	751	0	0	1	751	1	751	0.0	1546
5P3R2A4_04187	15P1R1A16_04500	98.438	384	6	0	1	384	1	384	0.0	775
5P3R2A4_04187	15P1R1A16_04499	100.000	365	0	0	387	751	1	365	0.0	756
5P3R2A4_04188	5P3R2A4_04188	100.000	182	0	0	1	182	1	182	2.75e-135	375
5P3R2A4_04189	5P3R2A4_04189	100.000	462	0	0	1	462	1	462	0.0	936
5P3R2A4_04192	5P3R2A4_04192	100.000	183	0	0	1	183	1	183	7.89e-135	374
5P3R2A4_04193	5P3R2A4_04193	100.000	163	0	0	1	163	1	163	1.53e-121	339
5P3R2A4_04195	5P3R2A4_04195	100.000	238	0	0	1	238	1	238	1.10e-176	484
5P3R2A4_04195	28P2R1A12_04442	96.218	238	9	0	1	238	1	238	7.14e-170	467
5P3R2A4_04199	5P3R2A4_04199	100.000	663	0	0	1	663	1	663	0.0	1346
5P3R2A4_04199	28P2R1A12_04438	97.285	663	18	0	1	663	1	663	0.0	1315
5P3R2A4_04200	5P3R2A4_04200	100.000	206	0	0	1	206	1	206	5.02e-152	419
5P3R2A4_04200	28P2R1A12_04437	97.573	206	5	0	1	206	1	206	3.19e-148	410
5P3R2A4_04202	5P3R2A4_04202	100.000	446	0	0	1	446	1	446	0.0	909
5P3R2A4_04202	28P2R1A12_04435	97.982	446	9	0	1	446	1	446	0.0	889
5P3R2A4_04204	5P3R2A4_04204	100.000	147	0	0	1	147	1	147	3.27e-109	306
5P3R2A4_04209	5P3R2A4_04209	100.000	441	0	0	1	441	1	441	0.0	897
5P3R2A4_04209	28P2R1A12_04428	96.145	441	17	0	1	441	1	441	0.0	864
5P3R2A4_04213	5P3R2A4_04213	100.000	364	0	0	1	364	1	364	0.0	753
5P3R2A4_04214	5P3R2A4_04214	100.000	70	0	0	1	70	1	70	3.72e-44	136
5P3R2A4_04214	11P3R3A1_04685	97.143	70	2	0	1	70	1	70	9.08e-43	132
5P3R2A4_04216	5P3R2A4_04216	100.000	264	0	0	1	264	1	264	0.0	545
5P3R2A4_04216	11P3R3A1_04687	96.078	255	10	0	1	255	1	255	0.0	510
5P3R2A4_04216	29P3R3A9_01790	96.000	100	4	0	165	264	40	139	2.20e-66	202
5P3R2A4_04217	5P3R2A4_04217	100.000	36	0	0	1	36	1	36	6.35e-21	75.1
5P3R2A4_04217	10P3R2A13_04660	97.222	36	1	0	1	36	1	36	2.83e-20	73.6
5P3R2A4_04219	5P3R2A4_04219	100.000	182	0	0	1	182	1	182	9.60e-136	376
5P3R2A4_04220	5P3R2A4_04220	100.000	93	0	0	1	93	1	93	1.46e-61	182
5P3R2A4_04220	40P3R1A10_02916	95.699	93	4	0	1	93	1	93	7.53e-60	177
5P3R2A4_04220	19P1R1A6_04685	95.604	91	4	0	1	91	1	91	1.89e-57	171
5P3R2A4_04221	5P3R2A4_04221	100.000	88	0	0	1	88	1	88	2.90e-57	170
5P3R2A4_04221	10P3R2A13_04930	98.864	88	1	0	1	88	44	131	1.56e-56	170
5P3R2A4_04221	10P3R2A13_04945	98.864	88	1	0	1	88	44	131	3.84e-56	169
5P3R2A4_04221	3P1R3A2_04613	96.591	88	3	0	1	88	44	131	5.10e-56	169
5P3R2A4_04221	4P1R1A3_04436	97.727	88	2	0	1	88	44	131	5.34e-55	166
5P3R2A4_04221	28P2R1A12_04931	96.591	88	3	0	1	88	44	131	3.12e-54	164
5P3R2A4_04322	15P1R1A16_00894	100.000	317	0	0	2	318	111	427	0.0	647
5P3R2A4_04322	5P3R2A4_04322	100.000	318	0	0	1	318	1	318	0.0	646
5P3R2A4_04322	11P3R3A1_04283	98.738	317	4	0	2	318	111	427	0.0	641
5P3R2A4_04322	10P3R2A13_04585	96.735	245	8	0	74	318	95	339	9.01e-173	482
5P3R2A4_04371	5P3R2A4_04371	100.000	229	0	0	1	229	1	229	1.28e-171	471
5P3R2A4_04371	15P1R1A16_02315	99.462	186	1	0	1	186	1	186	3.28e-135	383
5P3R2A4_04371	12_1P1R2A2-1_03693	98.925	186	2	0	1	186	1	186	1.38e-133	379
5P3R2A4_04371	10P3R2A13_04789	98.387	186	3	0	1	186	1	186	2.76e-133	378
5P3R2A4_04371	32P3R2A9_05144	97.810	137	3	0	50	186	1	137	1.81e-94	278
5P3R2A4_04371	25P2R1A13_03678	96.970	99	3	0	88	186	1	99	2.58e-64	200
5P3R2A4_04371	25P2R1A13_04215	97.561	82	2	0	1	82	1	82	1.93e-53	167
5P3R2A4_04371	16_1P2R1A8-1_04602	100.000	45	0	0	142	186	1	45	2.01e-25	98.6
5P3R2A4_04371	12_1P1R2A2-1_00691	97.778	45	1	0	185	229	11	55	2.57e-24	91.7
5P3R2A4_04406	5P3R2A4_04406	100.000	350	0	0	1	350	1	350	0.0	664
5P3R2A4_04407	5P3R2A4_04407	100.000	182	0	0	1	182	1	182	7.47e-135	374
5P3R2A4_04408	5P3R2A4_04408	100.000	347	0	0	1	347	1	347	0.0	707
5P3R2A4_04409	5P3R2A4_04409	100.000	197	0	0	1	197	1	197	1.69e-146	405
5P3R2A4_04409	10P3R2A13_04586	97.970	197	4	0	1	197	1	197	6.35e-144	398
5P3R2A4_04411	5P3R2A4_04411	100.000	138	0	0	1	138	1	138	5.00e-98	277
5P3R2A4_04411	10P3R2A13_04588	97.101	138	4	0	1	138	1	138	8.54e-94	266
5P3R2A4_04412	5P3R2A4_04412	100.000	178	0	0	1	178	1	178	4.40e-132	367
5P3R2A4_04412	19P1R1A6_04699	97.191	178	5	0	1	178	1	178	6.57e-129	358
5P3R2A4_04412	10P3R2A13_04589	96.629	178	6	0	1	178	1	178	1.53e-127	355
5P3R2A4_04414	5P3R2A4_04414	100.000	464	0	0	1	464	1	464	0.0	942
5P3R2A4_04414	10P3R2A13_04591	97.629	464	11	0	1	464	1	464	0.0	920
5P3R2A4_04415	5P3R2A4_04415	100.000	161	0	0	1	161	1	161	1.44e-116	326
5P3R2A4_04416	5P3R2A4_04416	100.000	650	0	0	1	650	1	650	0.0	1312
5P3R2A4_04420	5P3R2A4_04420	100.000	54	0	0	1	54	1	54	1.15e-33	108
5P3R2A4_04420	10P3R2A13_04596	96.296	54	2	0	1	54	1	54	2.21e-32	105
5P3R2A4_04421	5P3R2A4_04421	100.000	188	0	0	1	188	1	188	7.64e-140	387
5P3R2A4_04421	10P3R2A13_04597	97.872	188	4	0	1	188	1	188	6.46e-136	377
5P3R2A4_04432	5P3R2A4_04432	100.000	99	0	0	1	99	1	99	1.08e-68	200
5P3R2A4_04434	5P3R2A4_04434	100.000	92	0	0	1	92	1	92	2.26e-60	179
5P3R2A4_04434	19P1R1A6_04685	97.826	92	2	0	1	92	1	92	1.40e-59	176
5P3R2A4_04434	43P2R2A2_01592	96.552	58	2	0	35	92	1	58	5.51e-34	111
5P3R2A4_04454	5P3R2A4_04454	100.000	71	0	0	1	71	1	71	2.52e-46	141
5P3R2A4_04454	10P3R2A13_01270	97.015	67	2	0	1	67	1	67	3.53e-41	132
5P3R2A4_04454	17P1R1A4_01365	100.000	62	0	0	1	62	1	62	7.66e-40	125
5P3R2A4_04455	5P3R2A4_04455	100.000	249	0	0	1	249	1	249	0.0	514
5P3R2A4_04456	5P3R2A4_04456	100.000	168	0	0	1	168	1	168	8.52e-123	342
5P3R2A4_04457	5P3R2A4_04457	100.000	231	0	0	1	231	1	231	9.46e-177	484
5P3R2A4_04458	5P3R2A4_04458	100.000	246	0	0	1	246	1	246	0.0	500
5P3R2A4_04459	5P3R2A4_04459	100.000	298	0	0	1	298	1	298	0.0	620
5P3R2A4_04460	5P3R2A4_04460	100.000	954	0	0	1	954	1	954	0.0	1971
5P3R2A4_04461	5P3R2A4_04461	100.000	479	0	0	1	479	1	479	0.0	994
5P3R2A4_04462	5P3R2A4_04462	100.000	67	0	0	1	67	1	67	1.04e-40	127
5P3R2A4_04463	5P3R2A4_04463	100.000	166	0	0	1	166	1	166	2.64e-118	331
5P3R2A4_04464	5P3R2A4_04464	100.000	191	0	0	1	191	1	191	2.89e-142	394
5P3R2A4_04465	5P3R2A4_04465	100.000	91	0	0	1	91	1	91	1.90e-61	181
5P3R2A4_04466	5P3R2A4_04466	100.000	262	0	0	1	262	1	262	0.0	538
5P3R2A4_04467	5P3R2A4_04467	100.000	645	0	0	1	645	1	645	0.0	1339
5P3R2A4_04468	5P3R2A4_04468	100.000	202	0	0	1	202	1	202	1.04e-149	413
5P3R2A4_04469	5P3R2A4_04469	100.000	181	0	0	1	181	1	181	1.58e-137	380
5P3R2A4_04470	5P3R2A4_04470	100.000	333	0	0	1	333	1	333	0.0	692
5P3R2A4_04471	5P3R2A4_04471	100.000	206	0	0	1	206	1	206	5.53e-153	422
5P3R2A4_04472	5P3R2A4_04472	100.000	75	0	0	1	75	1	75	1.10e-50	153
5P3R2A4_04473	5P3R2A4_04473	100.000	139	0	0	1	139	1	139	1.77e-99	281
5P3R2A4_04474	5P3R2A4_04474	100.000	880	0	0	1	880	1	880	0.0	1827
5P3R2A4_04475	5P3R2A4_04475	100.000	171	0	0	1	171	1	171	1.48e-125	350
5P3R2A4_04476	5P3R2A4_04476	100.000	445	0	0	1	445	1	445	0.0	911
5P3R2A4_04477	5P3R2A4_04477	100.000	260	0	0	1	260	1	260	0.0	526
5P3R2A4_04478	5P3R2A4_04478	100.000	193	0	0	1	193	1	193	1.63e-143	397
5P3R2A4_04479	5P3R2A4_04479	100.000	100	0	0	1	100	1	100	1.87e-71	207
5P3R2A4_04480	5P3R2A4_04480	100.000	124	0	0	1	124	1	124	2.20e-87	249
5P3R2A4_04481	5P3R2A4_04481	100.000	149	0	0	1	149	1	149	7.80e-107	300
5P3R2A4_04482	5P3R2A4_04482	100.000	195	0	0	1	195	1	195	4.97e-146	403
5P3R2A4_04516	5P3R2A4_04516	100.000	149	0	0	1	149	1	149	1.93e-109	307
5P3R2A4_04516	32P3R2A9_05144	100.000	149	0	0	1	149	145	293	5.77e-108	309
5P3R2A4_04516	25P2R1A13_03678	99.329	149	1	0	1	149	107	255	6.14e-108	307
5P3R2A4_04516	15P1R1A16_02315	100.000	149	0	0	1	149	194	342	2.14e-107	309
5P3R2A4_04516	16_1P2R1A8-1_04602	96.644	149	5	0	1	149	53	201	5.92e-105	298
5P3R2A4_04516	10P3R2A13_04789	95.973	149	6	0	1	149	194	342	6.68e-103	298
5P3R2A4_04529	5P3R2A4_04529	100.000	1160	0	0	1	1160	1	1160	0.0	2400
5P3R2A4_04529	16_1P2R1A8-1_04667	96.466	1160	41	0	1	1160	1	1160	0.0	2322
5P3R2A4_04529	28P2R1A12_04849	97.885	1135	24	0	26	1160	1	1135	0.0	2301
5P3R2A4_04529	12_1P1R2A2-1_04405	97.024	941	28	0	220	1160	1	941	0.0	1908
5P3R2A4_04529	14P1R2A4_05013	96.595	793	27	0	368	1160	1	793	0.0	1588
5P3R2A4_04529	26P1R3A4_04724	100.000	666	0	0	495	1160	1	666	0.0	1365
5P3R2A4_04529	15P1R1A16_04937	100.000	508	0	0	653	1160	1	508	0.0	1047
5P3R2A4_04529	32P3R2A9_06537	99.729	369	1	0	792	1160	1	369	0.0	757
5P3R2A4_04529	34P3R2A10_05083	95.935	369	15	0	792	1160	1	369	0.0	732
5P3R2A4_04529	29P3R3A9_01791	98.438	64	1	0	495	558	1	64	1.86e-32	120
5P3R2A4_04531	5P3R2A4_04531	100.000	1177	0	0	1	1177	1	1177	0.0	2362
5P3R2A4_04531	8P2R1A11_04504	100.000	722	0	0	456	1177	1	722	0.0	1537
5P3R2A4_04531	32P3R2A9_03490	97.926	675	14	0	503	1177	4	678	0.0	1420
5P3R2A4_04531	22P1R2A3_01670	95.436	241	11	0	937	1177	703	943	4.94e-149	472
5P3R2A4_04531	14P1R2A4_04971	95.436	241	11	0	937	1177	747	987	8.39e-149	473
5P3R2A4_04531	17P1R1A4_03403	95.760	566	24	0	1	566	1	566	0.0	559
5P3R2A4_04531	30P2R3A4_00390	100.000	210	0	0	968	1177	1	210	8.45e-146	437
5P3R2A4_04531	1P1R1A1_04715	100.000	76	0	0	1102	1177	1	76	1.54e-43	152
5P3R2A4_04552	5P3R2A4_04552	100.000	200	0	0	1	200	1	200	2.02e-145	402
5P3R2A4_04552	27P2R2A12_04333	100.000	27	0	0	174	200	114	140	4.64e-12	61.2
5P3R2A4_04552	33P3R2A2_04060	96.552	29	1	0	172	200	257	285	1.64e-11	62.0
5P3R2A4_04570	5P3R2A4_04570	100.000	341	0	0	1	341	1	341	0.0	692
5P3R2A4_04570	1P1R1A1_04594	97.947	341	7	0	1	341	1	341	0.0	682
5P3R2A4_04570	10P3R2A13_04132	97.067	341	10	0	1	341	1	341	0.0	675
5P3R2A4_04570	8P2R1A11_03538	95.783	332	14	0	10	341	28	359	0.0	650
5P3R2A4_04578	5P3R2A4_04578	100.000	1739	0	0	1	1739	1	1739	0.0	3504
5P3R2A4_04578	10P3R2A13_04827	100.000	875	0	0	865	1739	1	875	0.0	1768
5P3R2A4_04579	5P3R2A4_04579	100.000	480	0	0	1	480	1	480	0.0	997
5P3R2A4_04580	5P3R2A4_04580	100.000	183	0	0	1	183	1	183	8.31e-137	379
5P3R2A4_04581	5P3R2A4_04581	100.000	892	0	0	1	892	1	892	0.0	1843
5P3R2A4_04582	5P3R2A4_04582	100.000	102	0	0	1	102	1	102	3.57e-70	204
5P3R2A4_04583	5P3R2A4_04583	100.000	73	0	0	1	73	1	73	7.74e-48	145
5P3R2A4_04583	3P1R3A2_00017	97.260	73	2	0	1	73	1	73	1.44e-46	142
5P3R2A4_04584	5P3R2A4_04584	100.000	63	0	0	1	63	1	63	1.47e-39	124
5P3R2A4_04585	5P3R2A4_04585	100.000	61	0	0	1	61	1	61	5.27e-42	130
5P3R2A4_04586	5P3R2A4_04586	100.000	174	0	0	1	174	1	174	2.41e-127	354
5P3R2A4_04587	5P3R2A4_04587	100.000	351	0	0	1	351	1	351	0.0	723
5P3R2A4_04587	3P1R3A2_00021	97.151	351	10	0	1	351	1	351	0.0	705
5P3R2A4_04588	5P3R2A4_04588	100.000	292	0	0	1	292	1	292	0.0	603
5P3R2A4_04589	5P3R2A4_04589	100.000	104	0	0	1	104	1	104	1.98e-74	215
5P3R2A4_04590	5P3R2A4_04590	100.000	350	0	0	1	350	1	350	0.0	723
5P3R2A4_04591	5P3R2A4_04591	100.000	399	0	0	1	399	1	399	0.0	823
5P3R2A4_04593	5P3R2A4_04593	100.000	548	0	0	1	548	1	548	0.0	1120
5P3R2A4_04593	15P1R1A16_03071	100.000	548	0	0	1	548	73	620	0.0	1118
5P3R2A4_04593	34P3R2A10_03563	100.000	548	0	0	1	548	223	770	0.0	1118
5P3R2A4_04593	10P3R2A13_03900	99.635	548	2	0	1	548	323	870	0.0	1112
5P3R2A4_04593	11P3R3A1_01068	99.388	490	3	0	1	490	323	812	0.0	994
5P3R2A4_04593	43P2R2A2_05028	100.000	183	0	0	366	548	1	183	2.56e-128	372
5P3R2A4_04600	10P3R2A13_04712	100.000	602	0	0	1	602	390	991	0.0	1244
5P3R2A4_04600	5P3R2A4_04600	100.000	602	0	0	1	602	1	602	0.0	1233
5P3R2A4_04600	17P1R1A4_04094	100.000	573	0	0	30	602	1	573	0.0	1176
5P3R2A4_04600	25P2R1A13_03563	99.662	296	1	0	307	602	1	296	0.0	619
5P3R2A4_04600	25P2R1A13_03562	98.020	303	6	0	1	303	390	692	0.0	602
5P3R2A4_04618	5P3R2A4_04618	100.000	52	0	0	1	52	1	52	1.54e-33	108
5P3R2A4_04619	5P3R2A4_04619	100.000	139	0	0	1	139	1	139	1.92e-99	281
5P3R2A4_04620	5P3R2A4_04620	100.000	93	0	0	1	93	1	93	1.00e-65	192
5P3R2A4_04621	5P3R2A4_04621	100.000	174	0	0	1	174	1	174	5.65e-129	358
5P3R2A4_04622	5P3R2A4_04622	100.000	322	0	0	1	322	1	322	0.0	671
5P3R2A4_04622	40P3R1A10_02927	95.031	322	16	0	1	322	1	322	0.0	610
5P3R2A4_04623	5P3R2A4_04623	100.000	134	0	0	1	134	1	134	1.59e-97	276
5P3R2A4_04624	5P3R2A4_04624	100.000	102	0	0	1	102	1	102	1.82e-74	215
5P3R2A4_04625	5P3R2A4_04625	100.000	170	0	0	1	170	1	170	3.49e-119	333
5P3R2A4_04627	5P3R2A4_04627	100.000	71	0	0	1	71	1	71	1.25e-48	147
5P3R2A4_04627	10P3R2A13_04747	95.775	71	3	0	1	71	1	71	1.19e-46	142
5P3R2A4_04628	5P3R2A4_04628	100.000	108	0	0	1	108	1	108	1.04e-75	219
5P3R2A4_04629	5P3R2A4_04629	100.000	106	0	0	1	106	1	106	5.13e-76	219
5P3R2A4_04630	5P3R2A4_04630	100.000	124	0	0	1	124	1	124	1.65e-87	249
5P3R2A4_04631	5P3R2A4_04631	100.000	71	0	0	1	71	1	71	5.64e-48	145
5P3R2A4_04632	5P3R2A4_04632	100.000	350	0	0	1	350	1	350	0.0	727
5P3R2A4_04632	10P3R2A13_04940	99.099	111	1	0	240	350	1	111	2.55e-78	235
5P3R2A4_04632	10P3R2A13_04923	95.495	111	5	0	240	350	1	111	3.41e-76	229
5P3R2A4_04633	5P3R2A4_04633	100.000	120	0	0	1	120	1	120	7.31e-84	240
5P3R2A4_04633	15P1R1A16_00978	95.726	117	5	0	1	117	1	117	2.73e-79	229
5P3R2A4_04633	10P3R2A13_04941	96.552	116	4	0	1	116	1	116	5.57e-79	228
5P3R2A4_04633	28P2R1A12_04835	95.690	116	5	0	1	116	1	116	3.48e-78	226
5P3R2A4_04634	5P3R2A4_04634	100.000	185	0	0	1	185	1	185	2.40e-137	380
5P3R2A4_04636	5P3R2A4_04636	100.000	349	0	0	1	349	1	349	0.0	734
5P3R2A4_04636	15P1R1A16_00981	97.708	349	8	0	1	349	1	349	0.0	721
5P3R2A4_04636	3P1R3A2_04614	96.243	346	13	0	1	346	1	346	0.0	704
5P3R2A4_04636	11P3R3A1_02626	95.101	347	17	0	1	347	1	347	0.0	704
5P3R2A4_04636	32P3R2A9_04451	95.349	344	16	0	1	344	1	344	0.0	700
5P3R2A4_04639	5P3R2A4_04639	100.000	141	0	0	1	141	1	141	7.54e-103	290
5P3R2A4_04639	17P1R1A4_03041	100.000	136	0	0	1	136	1	136	5.47e-90	281
5P3R2A4_04643	5P3R2A4_04643	100.000	204	0	0	1	204	1	204	3.10e-152	420
5P3R2A4_04643	17P1R1A4_03045	100.000	204	0	0	1	204	34	237	6.78e-152	420
5P3R2A4_04643	10P3R2A13_04800	98.529	204	3	0	1	204	34	237	6.43e-149	413
5P3R2A4_04643	32P3R2A9_05434	95.588	204	9	0	1	204	35	238	9.39e-146	405
5P3R2A4_04651	5P3R2A4_04651	100.000	356	0	0	1	356	1	356	0.0	718
5P3R2A4_04651	10P3R2A13_04838	100.000	318	0	0	1	318	1	318	0.0	637
5P3R2A4_04662	5P3R2A4_04662	100.000	115	0	0	1	115	1	115	1.06e-82	237
5P3R2A4_04662	15P1R1A16_00894	100.000	114	0	0	1	114	1	114	1.02e-80	243
5P3R2A4_04662	11P3R3A1_04283	95.614	114	5	0	1	114	1	114	3.36e-77	233
5P3R2A4_04728	5P3R2A4_04728	100.000	35	0	0	1	35	1	35	3.58e-20	73.2
5P3R2A4_04729	5P3R2A4_04729	100.000	177	0	0	1	177	1	177	3.95e-126	352
5P3R2A4_04729	1P1R1A1_04248	98.913	92	1	0	1	92	1	92	4.69e-63	193
5P3R2A4_04729	10P3R2A13_04863	100.000	22	0	0	71	92	18	39	7.04e-08	50.4
5P3R2A4_04730	5P3R2A4_04730	100.000	188	0	0	1	188	1	188	2.62e-138	383
5P3R2A4_04730	10P3R2A13_04862	96.277	188	7	0	1	188	1	188	2.27e-132	368
5P3R2A4_04742	5P3R2A4_04742	100.000	65	0	0	1	65	1	65	1.99e-41	129
5P3R2A4_04744	5P3R2A4_04744	100.000	128	0	0	1	128	1	128	3.53e-91	259
5P3R2A4_04745	5P3R2A4_04745	100.000	226	0	0	1	226	1	226	9.02e-165	453
5P3R2A4_04761	5P3R2A4_04761	100.000	61	0	0	1	61	1	61	6.58e-39	122
5P3R2A4_04761	12_1P1R2A2-1_04299	100.000	61	0	0	1	61	273	333	6.55e-37	125
5P3R2A4_04761	15P1R1A16_04066	96.721	61	2	0	1	61	187	247	4.36e-36	120
5P3R2A4_04766	5P3R2A4_04766	100.000	55	0	0	1	55	1	55	1.33e-35	113
5P3R2A4_04767	5P3R2A4_04767	100.000	171	0	0	1	171	1	171	3.64e-124	346
5P3R2A4_04768	5P3R2A4_04768	100.000	165	0	0	1	165	1	165	9.72e-124	345
5P3R2A4_04769	5P3R2A4_04769	100.000	109	0	0	1	109	1	109	1.55e-76	221
5P3R2A4_04771	5P3R2A4_04771	100.000	261	0	0	1	261	1	261	0.0	534
5P3R2A4_04771	14P1R2A4_04555	99.617	261	1	0	1	261	81	341	0.0	533
5P3R2A4_04772	5P3R2A4_04772	100.000	71	0	0	1	71	1	71	6.85e-46	140
5P3R2A4_04772	14P1R2A4_04556	100.000	48	0	0	6	53	6	53	6.95e-28	94.7
5P3R2A4_04773	5P3R2A4_04773	100.000	58	0	0	1	58	1	58	4.24e-35	112
5P3R2A4_04774	5P3R2A4_04774	100.000	200	0	0	1	200	1	200	1.13e-150	416
5P3R2A4_04774	3P1R3A2_02193	98.000	200	4	0	1	200	1	200	2.06e-147	407
5P3R2A4_04774	34P3R2A10_00775	97.000	200	6	0	1	200	1	200	1.25e-146	405
5P3R2A4_04774	10P3R2A13_01992	97.000	200	6	0	1	200	1	200	3.69e-146	404
5P3R2A4_04775	5P3R2A4_04775	100.000	97	0	0	1	97	1	97	3.47e-70	204
5P3R2A4_04775	28P2R1A12_04895	96.907	97	3	0	1	97	1	97	3.00e-68	199
5P3R2A4_04775	3P1R3A2_02192	96.907	97	3	0	1	97	1	97	5.67e-68	198
5P3R2A4_04776	5P3R2A4_04776	100.000	179	0	0	1	179	1	179	5.17e-133	369
5P3R2A4_04782	5P3R2A4_04782	100.000	455	0	0	1	455	1	455	0.0	946
5P3R2A4_04782	10P3R2A13_03196	99.522	418	2	0	1	418	1	418	0.0	874
5P3R2A4_04782	32P3R2A9_02658	99.248	266	2	0	1	266	1	266	0.0	543
5P3R2A4_04782	32P3R2A9_02657	99.206	126	1	0	293	418	1	126	1.99e-89	280
5P3R2A4_04789	5P3R2A4_04789	100.000	268	0	0	1	268	1	268	0.0	543
5P3R2A4_04789	10P3R2A13_04641	100.000	247	0	0	22	268	1	247	0.0	500
5P3R2A4_04792	5P3R2A4_04792	100.000	389	0	0	1	389	1	389	0.0	796
5P3R2A4_04792	16_1P2R1A8-1_04752	95.041	363	18	0	27	389	11	373	0.0	709
5P3R2A4_04794	5P3R2A4_04794	100.000	176	0	0	1	176	1	176	8.94e-129	358
5P3R2A4_04795	5P3R2A4_04795	100.000	405	0	0	1	405	1	405	0.0	830
5P3R2A4_04814	5P3R2A4_04814	100.000	60	0	0	1	60	1	60	1.10e-38	121
5P3R2A4_04814	28P2R1A12_04015	96.667	60	2	0	1	60	1	60	7.77e-38	119
5P3R2A4_04814	25P2R1A13_01389	96.610	59	2	0	1	59	1	59	3.27e-36	121
5P3R2A4_04814	4P1R1A3_04652	98.214	56	1	0	1	56	1	56	2.04e-35	118
5P3R2A4_04814	1P1R1A1_04696	98.214	56	1	0	1	56	1	56	5.89e-35	119
5P3R2A4_04814	27P2R2A12_01795	97.368	38	1	0	22	59	1	38	5.66e-20	79.0
5P3R2A4_04828	5P3R2A4_04828	100.000	334	0	0	1	334	1	334	0.0	699
5P3R2A4_04828	10P3R2A13_04761	99.701	334	1	0	1	334	8	341	0.0	698
5P3R2A4_04828	2P1R1A2_04760	97.917	192	4	0	143	334	1	192	4.81e-142	399
5P3R2A4_04828	10P3R2A13_04091	98.305	59	1	0	1	59	8	66	5.21e-34	119
5P3R2A4_04828	28P2R1A12_03827	100.000	38	0	0	1	38	8	45	4.90e-19	79.3
5P3R2A4_04829	5P3R2A4_04829	100.000	173	0	0	1	173	1	173	1.71e-128	357
5P3R2A4_04829	10P3R2A13_04638	100.000	171	0	0	3	173	1105	1275	1.17e-116	358
5P3R2A4_04844	5P3R2A4_04844	100.000	96	0	0	1	96	1	96	2.01e-68	199
5P3R2A4_04844	28P2R1A12_04109	97.917	96	2	0	1	96	1	96	1.99e-67	197
5P3R2A4_04844	43P2R2A2_05675	97.917	96	2	0	1	96	1	96	2.22e-67	196
5P3R2A4_04844	11P3R3A1_03161	97.917	96	2	0	1	96	1	96	1.32e-66	194
5P3R2A4_04844	25P2R1A13_03351	100.000	33	0	0	63	95	1	33	3.40e-17	71.6
5P3R2A4_04846	5P3R2A4_04846	100.000	217	0	0	1	217	1	217	3.16e-161	444
5P3R2A4_04846	16_1P2R1A8-1_04710	95.392	217	10	0	1	217	1	217	5.97e-154	425
5P3R2A4_04852	5P3R2A4_04852	100.000	308	0	0	1	308	1	308	0.0	635
5P3R2A4_04852	42P1R1A12_03761	100.000	47	0	0	262	308	1	47	1.94e-25	96.3
5P3R2A4_04853	5P3R2A4_04853	100.000	108	0	0	1	108	1	108	4.59e-74	214
5P3R2A4_04853	43P2R2A2_05466	100.000	108	0	0	1	108	12	119	5.63e-74	214
5P3R2A4_04853	16_1P2R1A8-1_04670	99.074	108	1	0	1	108	6	113	1.67e-73	213
5P3R2A4_04854	10P3R2A13_04895	100.000	91	0	0	1	91	93	183	1.19e-63	190
5P3R2A4_04854	5P3R2A4_04854	100.000	91	0	0	1	91	1	91	5.97e-63	185
5P3R2A4_04854	16_1P2R1A8-1_04712	95.604	91	4	0	1	91	434	524	8.03e-59	187
7P1R3A5_04159	7P1R3A5_04159	100.000	200	0	0	1	200	1	200	5.61e-151	416
7P1R3A5_04159	25P2R1A13_03689	99.000	200	2	0	1	200	49	248	1.82e-149	414
7P1R3A5_04159	17P1R1A4_03407	97.500	200	5	0	1	200	49	248	1.47e-146	407
7P1R3A5_04159	11P3R3A1_04668	96.465	198	7	0	1	198	1	198	1.10e-144	400
7P1R3A5_04159	2P1R1A2_02483	96.000	200	8	0	1	200	1	200	1.12e-144	400
7P1R3A5_04159	12_1P1R2A2-1_04429	95.500	200	9	0	1	200	1	200	1.12e-143	398
7P1R3A5_04159	1P1R1A1_04625	95.500	200	9	0	1	200	1	200	1.76e-143	397
7P1R3A5_04159	11P3R3A1_04469	95.500	200	9	0	1	200	1	200	2.58e-143	397
7P1R3A5_04159	19P1R1A6_03593	95.960	198	8	0	1	198	49	246	3.53e-143	399
7P1R3A5_04159	32P3R2A9_05789	99.474	190	1	0	11	200	1	190	5.54e-142	393
7P1R3A5_04159	15P1R1A16_05065	95.745	188	8	0	11	198	1	188	2.41e-135	376
7P1R3A5_04159	7P1R3A5_04733	96.175	183	7	0	16	198	1	183	9.94e-132	367
7P1R3A5_04159	43P2R2A2_04912	95.575	113	5	0	88	200	1	113	7.59e-77	226
7P1R3A5_04365	7P1R3A5_04365	100.000	220	0	0	1	220	1	220	8.89e-166	455
7P1R3A5_04365	14P1R2A4_04203	97.196	214	6	0	1	214	1	214	6.68e-156	430
7P1R3A5_04596	7P1R3A5_04596	100.000	30	0	0	1	30	1	30	2.13e-14	58.5
7P1R3A5_04608	7P1R3A5_04608	100.000	655	0	0	1	655	1	655	0.0	1355
7P1R3A5_04608	15P1R1A16_03064	99.237	655	5	0	1	655	79	733	0.0	1343
7P1R3A5_04608	19P1R1A6_04481	98.898	635	7	0	21	655	1	635	0.0	1303
7P1R3A5_04608	23P1R2A1_04588	99.455	550	3	0	106	655	1	550	0.0	1137
7P1R3A5_04608	14P1R2A4_04205	98.485	528	8	0	128	655	1	528	0.0	1086
7P1R3A5_04608	50P1R3A15_04625	97.970	197	4	0	459	655	1	197	2.83e-139	404
7P1R3A5_04732	7P1R3A5_04732	100.000	181	0	0	1	181	1	181	2.16e-130	363
7P1R3A5_04732	15P1R1A16_04787	100.000	181	0	0	1	181	34	214	1.52e-129	362
7P1R3A5_04732	11P3R3A1_04667	95.028	181	9	0	1	181	1	181	4.65e-125	349
7P1R3A5_04732	32P3R2A9_06696	96.133	181	7	0	1	181	21	201	6.34e-125	350
7P1R3A5_04732	3P1R3A2_04918	95.580	181	8	0	1	181	34	214	1.01e-124	350
7P1R3A5_04732	28P2R1A12_04975	97.802	91	2	0	91	181	1	91	2.76e-59	179
7P1R3A5_04733	7P1R3A5_04733	100.000	185	0	0	1	185	1	185	2.20e-138	383
7P1R3A5_04733	17P1R1A4_03407	97.814	183	4	0	1	183	64	246	3.87e-133	372
7P1R3A5_04733	32P3R2A9_05789	96.721	183	6	0	1	183	6	188	6.73e-133	369
7P1R3A5_04733	25P2R1A13_03689	96.175	183	7	0	1	183	64	246	3.32e-132	370
7P1R3A5_04733	12_1P1R2A2-1_04429	97.238	181	5	0	1	181	16	196	4.17e-132	368
7P1R3A5_04733	11P3R3A1_04668	96.175	183	7	0	1	183	16	198	7.63e-132	367
7P1R3A5_04733	7P1R3A5_04159	96.175	183	7	0	1	183	16	198	9.20e-132	367
7P1R3A5_04733	19P1R1A6_03593	96.175	183	7	0	1	183	64	246	1.20e-131	369
7P1R3A5_04733	15P1R1A16_05065	96.175	183	7	0	1	183	6	188	1.35e-131	366
7P1R3A5_04733	34P3R2A10_04741	95.082	183	9	0	1	183	16	198	5.50e-131	365
7P1R3A5_04733	11P3R3A1_04469	95.082	183	9	0	1	183	16	198	2.61e-130	363
7P1R3A5_04733	1P1R1A1_04625	95.628	183	8	0	1	183	16	198	1.72e-129	361
7P1R3A5_04733	43P2R2A2_04912	97.297	111	3	0	73	183	1	111	6.57e-77	225
7P1R3A5_04733	43P2R2A2_05513	96.396	111	4	0	73	183	1	111	1.20e-76	224
7P1R3A5_04764	7P1R3A5_04764	100.000	211	0	0	1	211	1	211	7.49e-156	429
7P1R3A5_04764	26P1R3A4_03680	100.000	211	0	0	1	211	836	1046	1.13e-150	444
8P2R1A11_00001	8P2R1A11_00001	100.000	1092	0	0	1	1092	1	1092	0.0	2217
8P2R1A11_00001	26P1R3A4_03309	96.127	284	11	0	1	284	1	284	4.83e-95	320
8P2R1A11_00001	34P3R2A10_05045	96.429	112	4	0	981	1092	1	112	4.42e-68	223
8P2R1A11_00287	8P2R1A11_00287	100.000	457	0	0	1	457	1	457	0.0	939
8P2R1A11_00287	15P1R1A16_04920	98.249	457	8	0	1	457	12	468	0.0	926
8P2R1A11_00287	20P1R1A7_04417	98.458	454	7	0	4	457	7	460	0.0	922
8P2R1A11_00287	10P3R2A13_00451	96.061	457	18	0	1	457	1	457	0.0	909
8P2R1A11_00287	14P1R2A4_04777	96.256	454	17	0	4	457	7	460	0.0	905
8P2R1A11_00287	28P2R1A12_03785	96.035	454	18	0	1	454	1	454	0.0	900
8P2R1A11_00287	43P2R2A2_05672	97.887	284	6	0	174	457	1	284	0.0	578
8P2R1A11_00287	17P1R1A4_04435	98.148	54	1	0	404	457	1	54	6.63e-29	107
8P2R1A11_00295	8P2R1A11_00295	100.000	281	0	0	1	281	1	281	0.0	585
8P2R1A11_00296	8P2R1A11_00296	100.000	383	0	0	1	383	1	383	0.0	759
8P2R1A11_00297	8P2R1A11_00297	100.000	345	0	0	1	345	1	345	0.0	696
8P2R1A11_00298	8P2R1A11_00298	100.000	267	0	0	1	267	1	267	0.0	543
8P2R1A11_00299	8P2R1A11_00299	100.000	254	0	0	1	254	1	254	0.0	523
8P2R1A11_00300	8P2R1A11_00300	100.000	434	0	0	1	434	1	434	0.0	842
8P2R1A11_00304	8P2R1A11_00304	100.000	95	0	0	1	95	1	95	1.68e-66	194
8P2R1A11_00313	8P2R1A11_00313	100.000	203	0	0	1	203	1	203	1.57e-152	421
8P2R1A11_00313	12_1P1R2A2-1_00007	97.044	203	6	0	1	203	1	203	8.46e-149	411
8P2R1A11_00334	8P2R1A11_00334	100.000	159	0	0	1	159	1	159	4.50e-117	327
8P2R1A11_00335	8P2R1A11_00335	100.000	99	0	0	1	99	1	99	1.17e-69	202
8P2R1A11_00335	3P1R3A2_04141	97.980	99	2	0	1	99	1	99	4.00e-68	199
8P2R1A11_00335	1P1R1A1_04061	97.980	99	2	0	1	99	1	99	4.47e-68	199
8P2R1A11_00335	32P3R2A9_04523	97.980	99	2	0	1	99	1	99	9.12e-68	198
8P2R1A11_00335	11P3R3A1_03751	97.980	99	2	0	1	99	1	99	2.10e-67	197
8P2R1A11_00335	8P2R1A11_04419	95.960	99	4	0	1	99	1	99	6.39e-66	193
8P2R1A11_00336	8P2R1A11_00336	100.000	48	0	0	1	48	1	48	4.04e-29	96.7
8P2R1A11_00336	40P3R1A10_03738	97.917	48	1	0	1	48	1	48	1.21e-28	95.5
8P2R1A11_00339	40P3R1A10_03734	100.000	59	0	0	1	59	1	59	8.75e-41	127
8P2R1A11_00339	8P2R1A11_00339	100.000	60	0	0	1	60	1	60	1.50e-40	126
8P2R1A11_00339	10P3R2A13_04468	96.610	59	2	0	1	59	1	59	1.63e-38	121
8P2R1A11_00340	8P2R1A11_00340	100.000	111	0	0	1	111	1	111	4.02e-79	228
8P2R1A11_00340	10P3R2A13_04469	96.396	111	4	0	1	111	1	111	3.09e-75	218
8P2R1A11_00341	8P2R1A11_00341	100.000	349	0	0	1	349	1	349	0.0	714
8P2R1A11_00342	8P2R1A11_00342	100.000	218	0	0	1	218	1	218	5.25e-165	453
8P2R1A11_00342	10P3R2A13_04470	99.541	218	1	0	1	218	15	232	2.76e-164	452
8P2R1A11_00342	40P3R1A10_03730	97.248	218	6	0	1	218	1	218	3.13e-160	441
8P2R1A11_00344	8P2R1A11_00344	100.000	98	0	0	1	98	1	98	1.26e-66	195
8P2R1A11_00350	8P2R1A11_00350	100.000	163	0	0	1	163	1	163	1.91e-121	338
8P2R1A11_00354	8P2R1A11_00354	100.000	166	0	0	1	166	1	166	1.02e-121	340
8P2R1A11_00354	16_1P2R1A8-1_04751	96.988	166	5	0	1	166	1	166	9.62e-118	329
8P2R1A11_00354	27P2R2A12_04016	95.783	166	7	0	1	166	1	166	3.98e-108	305
8P2R1A11_00354	1P1R1A1_04042	95.783	166	7	0	1	166	1	166	1.26e-107	304
8P2R1A11_00354	10P3R2A13_01999	95.783	166	7	0	1	166	1	166	1.36e-107	304
8P2R1A11_00354	9P3R1A9_04436	95.783	166	7	0	1	166	1	166	2.80e-107	303
8P2R1A11_00355	8P2R1A11_00355	100.000	156	0	0	1	156	1	156	8.63e-112	313
8P2R1A11_00356	8P2R1A11_00356	100.000	51	0	0	1	51	1	51	7.32e-31	101
8P2R1A11_00357	8P2R1A11_00357	100.000	83	0	0	1	83	1	83	2.32e-55	165
8P2R1A11_00358	8P2R1A11_00358	100.000	73	0	0	1	73	1	73	1.75e-49	149
8P2R1A11_00359	8P2R1A11_00359	100.000	184	0	0	1	184	1	184	5.26e-135	375
8P2R1A11_00361	8P2R1A11_00361	100.000	489	0	0	1	489	1	489	0.0	1000
8P2R1A11_00362	8P2R1A11_00362	100.000	150	0	0	1	150	1	150	2.21e-110	310
8P2R1A11_00366	8P2R1A11_00366	100.000	74	0	0	1	74	1	74	8.36e-49	148
8P2R1A11_00366	32P3R2A9_01351	97.297	74	2	0	1	74	1	74	5.68e-47	143
8P2R1A11_00367	8P2R1A11_00367	100.000	136	0	0	1	136	1	136	6.28e-100	282
8P2R1A11_00367	32P3R2A9_01350	97.059	136	4	0	1	136	1	136	1.19e-95	271
8P2R1A11_00373	8P2R1A11_00373	100.000	151	0	0	1	151	1	151	7.73e-110	308
8P2R1A11_00374	8P2R1A11_00374	100.000	663	0	0	1	663	1	663	0.0	1344
8P2R1A11_00376	8P2R1A11_00376	100.000	101	0	0	1	101	1	101	2.15e-71	207
8P2R1A11_00376	32P3R2A9_01340	95.050	101	5	0	1	101	1	101	1.91e-67	197
8P2R1A11_00377	8P2R1A11_00377	100.000	356	0	0	1	356	1	356	0.0	727
8P2R1A11_00377	32P3R2A9_01339	97.443	352	9	0	1	352	1	352	0.0	702
8P2R1A11_00378	8P2R1A11_00378	100.000	116	0	0	1	116	1	116	8.61e-84	239
8P2R1A11_00379	8P2R1A11_00379	100.000	258	0	0	1	258	1	258	0.0	536
8P2R1A11_00380	8P2R1A11_00380	100.000	132	0	0	1	132	1	132	2.48e-97	275
8P2R1A11_00381	8P2R1A11_00381	100.000	251	0	0	1	251	1	251	0.0	510
8P2R1A11_00381	32P3R2A9_01335	97.610	251	6	0	1	251	1	251	0.0	502
8P2R1A11_00385	8P2R1A11_00385	100.000	325	0	0	1	325	1	325	0.0	620
8P2R1A11_00385	15P1R1A16_00376	96.154	26	1	0	92	117	77	102	5.11e-09	55.8
8P2R1A11_00386	8P2R1A11_00386	100.000	139	0	0	1	139	1	139	1.17e-100	284
8P2R1A11_00387	8P2R1A11_00387	100.000	356	0	0	1	356	1	356	0.0	706
8P2R1A11_00387	32P3R2A9_01329	97.191	356	10	0	1	356	1	356	0.0	686
8P2R1A11_00641	8P2R1A11_00641	100.000	1881	0	0	1	1881	1	1881	0.0	3883
8P2R1A11_00641	1P1R1A1_04672	99.092	1321	12	0	1	1321	1	1321	0.0	2712
8P2R1A11_00641	28P2R1A12_04500	97.729	1321	30	0	1	1321	1	1321	0.0	2673
8P2R1A11_00641	32P3R2A9_04831	97.729	1321	30	0	1	1321	1	1321	0.0	2670
8P2R1A11_00641	40P3R1A10_04523	96.291	1321	49	0	1	1321	1	1321	0.0	2635
8P2R1A11_00641	15P1R1A16_03079	99.112	563	5	0	1319	1881	8	570	0.0	1144
8P2R1A11_00641	27P2R2A12_01015	98.768	568	2	1	1319	1881	184	751	0.0	1140
8P2R1A11_00641	15P1R1A16_04689	98.012	503	10	0	819	1321	1	503	0.0	1028
8P2R1A11_00641	34P3R2A10_04477	97.561	82	2	0	1240	1321	1	82	9.70e-49	172
8P2R1A11_00641	34P3R2A10_04294	98.780	82	1	0	1240	1321	1	82	1.23e-47	175
8P2R1A11_00951	8P2R1A11_00951	100.000	69	0	0	1	69	1	69	2.27e-48	146
8P2R1A11_00951	15P1R1A16_02484	100.000	69	0	0	1	69	181	249	9.21e-47	148
8P2R1A11_00964	8P2R1A11_00964	100.000	189	0	0	1	189	1	189	2.22e-138	384
8P2R1A11_00964	10P3R2A13_01663	100.000	172	0	0	1	172	1	172	8.18e-119	354
8P2R1A11_00964	43P2R2A2_03772	100.000	88	0	0	85	172	1	88	1.15e-58	194
8P2R1A11_00964	34P3R2A10_00539	100.000	22	0	0	151	172	1	22	1.56e-09	56.6
8P2R1A11_00965	8P2R1A11_00965	100.000	596	0	0	1	596	1	596	0.0	1221
8P2R1A11_00965	10P3R2A13_01663	99.832	596	1	0	1	596	188	783	0.0	1218
8P2R1A11_00965	43P2R2A2_03772	99.832	596	1	0	1	596	104	699	0.0	1216
8P2R1A11_00965	34P3R2A10_00539	99.832	596	1	0	1	596	38	633	0.0	1216
8P2R1A11_00985	8P2R1A11_00985	100.000	114	0	0	1	114	1	114	8.98e-79	227
8P2R1A11_00985	12_1P1R2A2-1_03553	97.368	114	3	0	1	114	1	114	8.02e-76	219
8P2R1A11_00993	8P2R1A11_00993	100.000	360	0	0	1	360	1	360	0.0	727
8P2R1A11_00994	8P2R1A11_00994	100.000	553	0	0	1	553	1	553	0.0	1118
8P2R1A11_00995	8P2R1A11_00995	100.000	344	0	0	1	344	1	344	0.0	717
8P2R1A11_01003	8P2R1A11_01003	100.000	172	0	0	1	172	1	172	1.03e-126	353
8P2R1A11_01003	1P1R1A1_04156	97.093	172	5	0	1	172	1	172	2.93e-123	344
8P2R1A11_01003	40P3R1A10_04001	96.450	169	6	0	1	169	1	169	2.57e-121	339
8P2R1A11_01003	11P3R3A1_03414	97.041	169	5	0	1	169	1	169	2.69e-121	339
8P2R1A11_01004	8P2R1A11_01004	100.000	143	0	0	1	143	1	143	2.34e-99	281
8P2R1A11_01008	8P2R1A11_01008	100.000	410	0	0	1	410	1	410	0.0	834
8P2R1A11_01009	8P2R1A11_01009	100.000	193	0	0	1	193	1	193	1.36e-141	392
8P2R1A11_01009	11P3R3A1_03419	97.409	193	5	0	1	193	1	193	6.92e-139	385
8P2R1A11_01009	28P2R1A12_04718	96.891	193	6	0	1	193	1	193	1.01e-138	385
8P2R1A11_01009	12_1P1R2A2-1_03578	96.891	193	6	0	1	193	22	214	1.73e-137	382
8P2R1A11_01009	27P2R2A12_01970	96.373	193	7	0	1	193	1	193	1.80e-137	382
8P2R1A11_01009	29P3R3A9_01900	95.337	193	9	0	1	193	1	193	2.43e-136	379
8P2R1A11_01009	1P1R1A1_04162	95.337	193	9	0	1	193	1	193	6.73e-136	377
8P2R1A11_01010	8P2R1A11_01010	100.000	120	0	0	1	120	1	120	1.72e-83	239
8P2R1A11_01010	30P2R3A4_01626	95.833	120	5	0	1	120	1	120	1.01e-80	232
8P2R1A11_01012	8P2R1A11_01012	100.000	202	0	0	1	202	1	202	2.72e-151	417
8P2R1A11_01012	11P3R3A1_03422	97.525	202	5	0	1	202	1	202	1.86e-148	410
8P2R1A11_01012	12_1P1R2A2-1_03581	97.525	202	5	0	1	202	1	202	3.89e-148	409
8P2R1A11_01013	8P2R1A11_01013	100.000	640	0	0	1	640	1	640	0.0	1270
8P2R1A11_01013	30P2R3A4_01623	95.200	125	6	0	1	125	1	125	1.97e-72	231
8P2R1A11_01349	8P2R1A11_01349	100.000	183	0	0	1	183	1	183	8.66e-138	382
8P2R1A11_01349	10P3R2A13_00628	100.000	182	0	0	1	182	1	182	1.16e-135	382
8P2R1A11_01350	8P2R1A11_01350	100.000	137	0	0	1	137	1	137	7.71e-101	284
8P2R1A11_01350	10P3R2A13_00628	100.000	137	0	0	1	137	215	351	7.10e-98	285
8P2R1A11_01426	8P2R1A11_01426	100.000	94	0	0	1	94	1	94	1.25e-67	197
8P2R1A11_01427	8P2R1A11_01427	100.000	184	0	0	1	184	1	184	1.40e-134	374
8P2R1A11_01428	8P2R1A11_01428	100.000	193	0	0	1	193	1	193	1.27e-143	397
8P2R1A11_01429	8P2R1A11_01429	100.000	201	0	0	1	201	1	201	3.27e-147	407
8P2R1A11_01430	8P2R1A11_01430	100.000	415	0	0	1	415	1	415	0.0	868
8P2R1A11_01431	8P2R1A11_01431	100.000	53	0	0	1	53	1	53	3.17e-34	110
8P2R1A11_01431	11P3R3A1_03748	98.077	52	1	0	1	52	1	52	4.47e-34	109
8P2R1A11_01432	8P2R1A11_01432	100.000	88	0	0	1	88	1	88	2.32e-61	181
8P2R1A11_01432	8P2R1A11_04277	96.591	88	3	0	1	88	1	88	1.11e-59	176
8P2R1A11_01432	11P3R3A1_03749	97.727	88	2	0	1	88	140	227	4.26e-59	180
8P2R1A11_01432	14P1R2A4_04591	96.591	88	3	0	1	88	140	227	4.50e-59	180
8P2R1A11_01440	8P2R1A11_01440	100.000	72	0	0	1	72	1	72	4.12e-48	146
8P2R1A11_01440	10P3R2A13_00728	97.222	72	2	0	1	72	1	72	2.36e-47	144
8P2R1A11_01455	8P2R1A11_01455	100.000	174	0	0	1	174	1	174	4.16e-128	356
8P2R1A11_01455	10P3R2A13_00743	97.701	174	4	0	1	174	1	174	5.88e-125	348
8P2R1A11_01455	11P3R3A1_04434	97.701	174	4	0	1	174	1	174	1.56e-124	347
8P2R1A11_01455	1P1R1A1_02201	95.977	174	7	0	1	174	1	174	1.23e-122	342
8P2R1A11_01455	30P2R3A4_00407	96.552	174	6	0	1	174	1	174	3.20e-122	342
8P2R1A11_01455	15P1R1A16_03769	99.351	154	1	0	21	174	1	154	8.51e-111	312
8P2R1A11_01743	8P2R1A11_01743	100.000	267	0	0	1	267	1	267	0.0	547
8P2R1A11_01743	3P1R3A2_02280	97.736	265	6	0	1	265	1	265	0.0	534
8P2R1A11_01743	34P3R2A10_04761	99.184	245	2	0	21	265	1	245	0.0	499
8P2R1A11_02178	8P2R1A11_02178	100.000	258	0	0	1	258	1	258	0.0	520
8P2R1A11_02178	10P3R2A13_03306	99.595	247	1	0	12	258	112	358	6.49e-179	496
8P2R1A11_02179	8P2R1A11_02179	100.000	110	0	0	1	110	1	110	2.77e-79	228
8P2R1A11_02179	10P3R2A13_03306	99.074	108	1	0	1	108	1	108	1.03e-75	227
8P2R1A11_02393	8P2R1A11_02393	100.000	362	0	0	1	362	1	362	0.0	755
8P2R1A11_02393	3P1R3A2_00243	96.667	360	12	0	1	360	1	360	0.0	728
8P2R1A11_02394	8P2R1A11_02394	100.000	541	0	0	1	541	1	541	0.0	1114
8P2R1A11_02394	3P1R3A2_00244	95.185	540	26	0	1	540	1	540	0.0	1050
8P2R1A11_02395	8P2R1A11_02395	100.000	667	0	0	1	667	1	667	0.0	1358
8P2R1A11_02396	8P2R1A11_02396	100.000	118	0	0	1	118	1	118	1.19e-83	239
8P2R1A11_02397	8P2R1A11_02397	100.000	537	0	0	1	537	1	537	0.0	1088
8P2R1A11_02398	8P2R1A11_02398	100.000	402	0	0	1	402	1	402	0.0	823
8P2R1A11_02399	8P2R1A11_02399	100.000	1688	0	0	1	1688	1	1688	0.0	3497
8P2R1A11_02400	8P2R1A11_02400	100.000	442	0	0	1	442	1	442	0.0	906
8P2R1A11_02401	8P2R1A11_02401	100.000	550	0	0	1	550	1	550	0.0	1135
8P2R1A11_02402	8P2R1A11_02402	100.000	295	0	0	1	295	1	295	0.0	606
8P2R1A11_02405	8P2R1A11_02405	100.000	118	0	0	1	118	1	118	6.55e-86	245
8P2R1A11_02405	54P2R2A3_03815	96.970	99	3	0	1	99	1	99	3.03e-65	202
8P2R1A11_02405	17P1R1A4_02591	95.960	99	4	0	1	99	1	99	1.27e-63	198
8P2R1A11_02424	8P2R1A11_02424	100.000	121	0	0	1	121	1	121	2.48e-85	244
8P2R1A11_02425	8P2R1A11_02425	100.000	214	0	0	1	214	1	214	2.17e-162	446
8P2R1A11_02426	8P2R1A11_02426	100.000	151	0	0	1	151	1	151	1.29e-111	313
8P2R1A11_02426	10P3R2A13_03366	96.689	151	5	0	1	151	1	151	5.11e-108	303
8P2R1A11_02426	1P1R1A1_02893	96.000	100	4	0	52	151	1	100	2.40e-67	199
8P2R1A11_02426	1P1R1A1_02894	100.000	50	0	0	1	50	1	50	1.84e-31	107
8P2R1A11_02427	8P2R1A11_02427	100.000	198	0	0	1	198	1	198	7.35e-148	408
8P2R1A11_02427	25P2R1A13_02495	97.980	198	4	0	1	198	1	198	2.36e-145	402
8P2R1A11_02427	28P2R1A12_01650	97.980	198	4	0	1	198	1	198	3.17e-145	402
8P2R1A11_02427	10P3R2A13_03365	97.980	198	4	0	1	198	1	198	1.96e-144	399
8P2R1A11_02427	11P3R3A1_03294	96.970	198	6	0	1	198	1	198	2.79e-144	399
8P2R1A11_02470	8P2R1A11_02470	100.000	443	0	0	1	443	1	443	0.0	914
8P2R1A11_02470	10P3R2A13_01505	99.548	442	2	0	1	442	1	442	0.0	907
8P2R1A11_02470	19P1R1A6_02046	97.059	442	13	0	1	442	1	442	0.0	892
8P2R1A11_02470	43P2R2A2_04659	98.893	271	3	0	172	442	1	271	0.0	565
8P2R1A11_02470	43P2R2A2_04541	99.262	271	2	0	172	442	1	271	0.0	563
8P2R1A11_02471	8P2R1A11_02471	100.000	248	0	0	1	248	1	248	0.0	514
8P2R1A11_02858	8P2R1A11_02858	100.000	117	0	0	1	117	1	117	1.08e-82	237
8P2R1A11_02858	33P3R2A2_00360	100.000	104	0	0	1	104	1	104	3.64e-70	211
8P2R1A11_03456	8P2R1A11_03456	100.000	478	0	0	1	478	1	478	0.0	977
8P2R1A11_03456	10P3R2A13_04336	100.000	478	0	0	1	478	293	770	0.0	976
8P2R1A11_03456	43P2R2A2_01310	100.000	160	0	0	319	478	1	160	7.35e-112	327
8P2R1A11_03457	8P2R1A11_03457	100.000	286	0	0	1	286	1	286	0.0	581
8P2R1A11_03457	10P3R2A13_04336	98.723	235	3	0	1	235	1	235	4.60e-165	477
8P2R1A11_03523	8P2R1A11_03523	100.000	219	0	0	1	219	1	219	1.19e-155	430
8P2R1A11_03524	8P2R1A11_03524	100.000	187	0	0	1	187	1	187	7.40e-139	384
8P2R1A11_03524	32P3R2A9_04425	95.722	187	8	0	1	187	1	187	2.29e-125	350
8P2R1A11_03525	8P2R1A11_03525	100.000	205	0	0	1	205	1	205	7.41e-149	411
8P2R1A11_03526	8P2R1A11_03526	100.000	362	0	0	1	362	1	362	0.0	739
8P2R1A11_03527	8P2R1A11_03527	100.000	518	0	0	1	518	1	518	0.0	1062
8P2R1A11_03527	32P3R2A9_04428	96.911	518	16	0	1	518	1	518	0.0	1033
8P2R1A11_03527	30P2R3A4_04026	96.471	170	6	0	349	518	1	170	8.72e-118	344
8P2R1A11_03528	8P2R1A11_03528	100.000	151	0	0	1	151	1	151	7.14e-106	298
8P2R1A11_03528	32P3R2A9_04429	96.689	151	5	0	1	151	1	151	8.41e-101	285
8P2R1A11_03529	8P2R1A11_03529	100.000	432	0	0	1	432	1	432	0.0	887
8P2R1A11_03529	32P3R2A9_04430	96.528	432	15	0	1	432	1	432	0.0	854
8P2R1A11_03532	8P2R1A11_03532	100.000	356	0	0	1	356	1	356	0.0	717
8P2R1A11_03532	32P3R2A9_04433	97.753	356	8	0	1	356	1	356	0.0	698
8P2R1A11_03533	8P2R1A11_03533	100.000	198	0	0	1	198	1	198	2.11e-145	402
8P2R1A11_03534	8P2R1A11_03534	100.000	85	0	0	1	85	1	85	3.67e-59	175
8P2R1A11_03538	8P2R1A11_03538	100.000	359	0	0	1	359	1	359	0.0	731
8P2R1A11_03538	32P3R2A9_04441	95.822	359	15	0	1	359	1	359	0.0	702
8P2R1A11_03538	10P3R2A13_04132	96.386	332	12	0	28	359	10	341	0.0	654
8P2R1A11_03538	1P1R1A1_04594	96.084	332	13	0	28	359	10	341	0.0	653
8P2R1A11_03538	5P3R2A4_04570	95.783	332	14	0	28	359	10	341	0.0	626
8P2R1A11_03539	8P2R1A11_03539	100.000	90	0	0	1	90	1	90	7.33e-62	182
8P2R1A11_03539	40P3R1A10_03931	96.667	90	3	0	1	90	1	90	1.00e-59	177
8P2R1A11_03539	10P3R2A13_04922	96.667	90	3	0	1	90	1	90	1.10e-59	177
8P2R1A11_03541	8P2R1A11_03541	100.000	283	0	0	1	283	1	283	0.0	581
8P2R1A11_03542	8P2R1A11_03542	100.000	150	0	0	1	150	1	150	1.31e-110	310
8P2R1A11_03542	40P3R1A10_03928	99.333	150	1	0	1	150	9	158	3.60e-109	307
8P2R1A11_03543	8P2R1A11_03543	100.000	78	0	0	1	78	1	78	1.13e-52	158
8P2R1A11_03545	8P2R1A11_03545	100.000	165	0	0	1	165	1	165	4.92e-119	333
8P2R1A11_03548	8P2R1A11_03548	100.000	160	0	0	1	160	1	160	3.99e-121	337
8P2R1A11_03549	8P2R1A11_03549	100.000	146	0	0	1	146	1	146	1.90e-103	291
8P2R1A11_03550	8P2R1A11_03550	100.000	219	0	0	1	219	1	219	8.79e-166	455
8P2R1A11_03551	8P2R1A11_03551	100.000	64	0	0	1	64	1	64	2.40e-43	133
8P2R1A11_03552	8P2R1A11_03552	100.000	55	0	0	1	55	1	55	6.71e-34	109
8P2R1A11_03553	8P2R1A11_03553	100.000	179	0	0	1	179	1	179	1.66e-132	368
8P2R1A11_03554	8P2R1A11_03554	100.000	850	0	0	1	850	1	850	0.0	1743
8P2R1A11_03554	30P2R3A4_04485	100.000	850	0	0	1	850	153	1002	0.0	1739
8P2R1A11_03555	8P2R1A11_03555	100.000	91	0	0	1	91	1	91	4.64e-63	185
8P2R1A11_03556	8P2R1A11_03556	100.000	292	0	0	1	292	1	292	0.0	593
8P2R1A11_03562	8P2R1A11_03562	100.000	309	0	0	1	309	1	309	0.0	635
8P2R1A11_03562	28P2R1A12_04624	96.764	309	10	0	1	309	1	309	0.0	620
8P2R1A11_03562	28P2R1A12_04696	97.260	146	4	0	164	309	1	146	2.06e-102	296
8P2R1A11_03563	8P2R1A11_03563	100.000	228	0	0	1	228	1	228	2.18e-174	478
8P2R1A11_03563	28P2R1A12_04625	95.175	228	11	0	1	228	1	228	9.71e-167	458
8P2R1A11_03568	8P2R1A11_03568	100.000	141	0	0	1	141	1	141	3.06e-99	281
8P2R1A11_03568	28P2R1A12_04630	97.872	141	3	0	1	141	1	141	4.60e-98	278
8P2R1A11_03568	10P3R2A13_04959	97.163	141	4	0	1	141	1	141	9.75e-96	272
8P2R1A11_03568	1P1R1A1_04662	95.745	141	6	0	1	141	1	141	6.73e-95	270
8P2R1A11_03571	8P2R1A11_03571	100.000	78	0	0	1	78	1	78	1.40e-54	163
8P2R1A11_03571	33P3R2A2_04232	96.154	78	3	0	1	78	1	78	1.07e-52	158
8P2R1A11_03571	11P3R3A1_03469	96.154	78	3	0	1	78	1	78	3.17e-52	157
8P2R1A11_03572	8P2R1A11_03572	100.000	653	0	0	1	653	1	653	0.0	1337
8P2R1A11_03572	33P3R2A2_04233	96.784	653	21	0	1	653	1	653	0.0	1298
8P2R1A11_03572	1P1R1A1_04252	95.559	653	29	0	1	653	1	653	0.0	1261
8P2R1A11_03578	8P2R1A11_03578	100.000	89	0	0	1	89	1	89	2.07e-61	181
8P2R1A11_03578	28P2R1A12_04555	97.753	89	2	0	1	89	1	89	4.10e-60	177
8P2R1A11_03579	8P2R1A11_03579	100.000	130	0	0	1	130	1	130	2.61e-92	262
8P2R1A11_03580	8P2R1A11_03580	100.000	305	0	0	1	305	1	305	0.0	634
8P2R1A11_03580	32P3R2A9_04664	96.486	313	3	1	1	305	1	313	0.0	621
8P2R1A11_03581	8P2R1A11_03581	100.000	69	0	0	1	69	1	69	4.61e-44	135
8P2R1A11_03582	8P2R1A11_03582	100.000	84	0	0	1	84	1	84	2.71e-56	167
8P2R1A11_03582	28P2R1A12_04551	97.619	84	2	0	1	84	1	84	9.53e-55	164
8P2R1A11_03583	8P2R1A11_03583	100.000	283	0	0	1	283	1	283	0.0	587
8P2R1A11_03583	28P2R1A12_04550	97.880	283	6	0	1	283	1	283	0.0	575
8P2R1A11_03588	8P2R1A11_03588	100.000	357	0	0	1	357	1	357	0.0	737
8P2R1A11_03588	28P2R1A12_04542	97.759	357	8	0	1	357	1	357	0.0	722
8P2R1A11_03588	16_1P2R1A8-1_04774	98.068	207	4	0	151	357	1	207	4.30e-151	424
8P2R1A11_03590	8P2R1A11_03590	100.000	362	0	0	1	362	1	362	0.0	744
8P2R1A11_03591	8P2R1A11_03591	100.000	52	0	0	1	52	1	52	6.98e-32	103
8P2R1A11_03591	28P2R1A12_04540	96.154	52	2	0	1	52	1	52	2.89e-30	99.8
8P2R1A11_03592	8P2R1A11_03592	100.000	84	0	0	1	84	1	84	3.18e-58	172
8P2R1A11_03592	28P2R1A12_04539	97.619	84	2	0	1	84	1	84	3.69e-56	167
8P2R1A11_03602	8P2R1A11_03602	100.000	267	0	0	1	267	1	267	0.0	552
8P2R1A11_03602	32P3R2A9_04267	97.004	267	8	0	1	267	1	267	0.0	535
8P2R1A11_03604	8P2R1A11_03604	100.000	135	0	0	1	135	1	135	1.06e-91	261
8P2R1A11_03611	8P2R1A11_03611	100.000	1255	0	0	1	1255	1	1255	0.0	2573
8P2R1A11_03611	32P3R2A9_04276	96.736	1256	40	1	1	1255	1	1256	0.0	2489
8P2R1A11_03617	8P2R1A11_03617	100.000	195	0	0	1	195	1	195	2.52e-146	404
8P2R1A11_03844	10P3R2A13_02435	100.000	448	0	0	1	448	1	448	0.0	934
8P2R1A11_03844	8P2R1A11_03844	100.000	449	0	0	1	449	1	449	0.0	927
8P2R1A11_03844	28P2R1A12_01516	97.321	448	11	1	1	448	1	447	0.0	908
8P2R1A11_03844	25P2R1A13_00321	97.098	448	12	1	1	448	1	447	0.0	902
8P2R1A11_03845	8P2R1A11_03845	100.000	383	0	0	1	383	1	383	0.0	780
8P2R1A11_03845	10P3R2A13_02435	100.000	383	0	0	1	383	485	867	0.0	778
8P2R1A11_03845	28P2R1A12_01516	98.172	383	7	0	1	383	484	866	0.0	769
8P2R1A11_03845	25P2R1A13_00322	98.707	232	3	0	152	383	1	232	4.90e-168	469
8P2R1A11_03845	25P2R1A13_00321	98.780	82	1	0	1	82	484	565	7.72e-49	173
8P2R1A11_03904	8P2R1A11_03904	100.000	1673	0	0	1	1673	1	1673	0.0	3313
8P2R1A11_03904	10P3R2A13_03227	99.701	1672	5	0	1	1672	1	1672	0.0	3299
8P2R1A11_03904	17P1R1A4_03358	99.259	1349	10	0	1	1349	1	1349	0.0	2622
8P2R1A11_03904	28P2R1A12_03557	98.517	1281	19	0	1	1281	1	1281	0.0	2472
8P2R1A11_03904	15P1R1A16_04092	99.676	1234	4	0	439	1672	14	1247	0.0	2446
8P2R1A11_03904	15P1R1A16_04093	99.545	440	2	0	1	440	1	440	0.0	857
8P2R1A11_03904	25P2R1A13_04699	99.242	396	3	0	1277	1672	1	396	0.0	808
8P2R1A11_03904	33P3R2A2_02983	99.215	382	3	0	1291	1672	1	382	0.0	782
8P2R1A11_03904	28P2R1A12_03556	98.645	369	5	0	1304	1672	1	369	0.0	753
8P2R1A11_03904	17P1R1A4_03357	99.675	308	1	0	1365	1672	1	308	0.0	641
8P2R1A11_03905	8P2R1A11_03905	100.000	124	0	0	1	124	1	124	2.58e-88	252
8P2R1A11_03905	17P1R1A4_03357	99.194	124	1	0	1	124	320	443	1.85e-83	250
8P2R1A11_03905	28P2R1A12_03556	99.194	124	1	0	1	124	381	504	5.21e-83	251
8P2R1A11_03905	33P3R2A2_02983	99.194	124	1	0	1	124	394	517	9.57e-83	251
8P2R1A11_03905	25P2R1A13_04699	99.194	124	1	0	1	124	408	531	1.04e-82	251
8P2R1A11_03905	15P1R1A16_04092	99.194	124	1	0	1	124	1259	1382	1.22e-79	254
8P2R1A11_03905	10P3R2A13_03227	99.194	124	1	0	1	124	1684	1807	1.27e-79	254
8P2R1A11_04062	8P2R1A11_04062	100.000	653	0	0	1	653	1	653	0.0	1296
8P2R1A11_04062	10P3R2A13_02795	98.569	489	7	0	1	489	1	489	0.0	944
8P2R1A11_04062	29P3R3A9_00404	97.857	420	9	0	1	420	1	420	0.0	804
8P2R1A11_04062	25P2R1A13_04520	98.413	315	5	0	289	603	12	326	0.0	614
8P2R1A11_04062	25P2R1A13_03294	99.656	291	1	0	1	291	1	291	0.0	575
8P2R1A11_04062	29P3R3A9_00403	99.038	208	2	0	446	653	1	208	3.03e-147	425
8P2R1A11_04062	10P3R2A13_02794	98.113	159	3	0	495	653	1	159	1.23e-106	319
8P2R1A11_04063	8P2R1A11_04063	100.000	237	0	0	1	237	1	237	4.54e-179	490
8P2R1A11_04063	25P2R1A13_03295	99.578	237	1	0	1	237	14	250	6.47e-179	490
8P2R1A11_04063	10P3R2A13_02796	100.000	148	0	0	1	148	14	161	1.31e-108	309
8P2R1A11_04275	8P2R1A11_04275	100.000	355	0	0	1	355	1	355	0.0	741
8P2R1A11_04276	8P2R1A11_04276	100.000	53	0	0	1	53	1	53	1.52e-34	110
8P2R1A11_04277	8P2R1A11_04277	100.000	88	0	0	1	88	1	88	2.53e-61	181
8P2R1A11_04277	8P2R1A11_01432	96.591	88	3	0	1	88	1	88	1.11e-59	176
8P2R1A11_04277	14P1R2A4_04591	97.727	88	2	0	1	88	140	227	4.75e-59	180
8P2R1A11_04277	25P2R1A13_04043	95.455	88	4	0	1	88	140	227	9.89e-58	176
8P2R1A11_04334	8P2R1A11_04334	100.000	154	0	0	1	154	1	154	2.23e-109	307
8P2R1A11_04334	10P3R2A13_02177	97.403	154	4	0	1	154	1	154	5.29e-106	299
8P2R1A11_04346	8P2R1A11_04346	100.000	177	0	0	1	177	1	177	1.43e-129	360
8P2R1A11_04346	10P3R2A13_02165	97.740	177	4	0	1	177	1	177	1.20e-127	355
8P2R1A11_04346	34P3R2A10_02757	97.740	177	4	0	1	177	1	177	1.16e-126	353
8P2R1A11_04406	8P2R1A11_04406	100.000	261	0	0	1	261	1	261	0.0	544
8P2R1A11_04407	8P2R1A11_04407	100.000	108	0	0	1	108	1	108	5.14e-77	222
8P2R1A11_04413	8P2R1A11_04413	100.000	180	0	0	1	180	1	180	1.19e-133	371
8P2R1A11_04413	14P1R2A4_04584	96.667	180	6	0	1	180	1	180	6.35e-129	359
8P2R1A11_04419	8P2R1A11_04419	100.000	99	0	0	1	99	1	99	4.16e-70	204
8P2R1A11_04419	11P3R3A1_03751	97.980	99	2	0	1	99	1	99	3.55e-68	199
8P2R1A11_04419	8P2R1A11_00335	95.960	99	4	0	1	99	1	99	6.39e-66	193
8P2R1A11_04419	1P1R1A1_04061	95.960	99	4	0	1	99	1	99	9.59e-66	192
8P2R1A11_04419	3P1R3A2_04141	95.960	99	4	0	1	99	1	99	1.25e-65	192
8P2R1A11_04419	32P3R2A9_04523	95.960	99	4	0	1	99	1	99	1.77e-65	192
8P2R1A11_04420	8P2R1A11_04420	100.000	157	0	0	1	157	1	157	6.44e-115	322
8P2R1A11_04455	8P2R1A11_04455	100.000	51	0	0	1	51	1	51	4.79e-30	99.4
8P2R1A11_04482	8P2R1A11_04482	100.000	853	0	0	1	853	1	853	0.0	1730
8P2R1A11_04482	12_1P1R2A2-1_04015	100.000	852	0	0	1	852	1	852	0.0	1729
8P2R1A11_04482	15P1R1A16_04046	100.000	852	0	0	1	852	1	852	0.0	1726
8P2R1A11_04482	10P3R2A13_04702	96.140	855	30	1	1	852	1	855	0.0	1659
8P2R1A11_04482	34P3R2A10_04530	98.428	318	5	0	535	852	1	318	0.0	640
8P2R1A11_04482	27P2R2A12_04308	100.000	143	0	0	552	694	36	178	9.10e-93	289
8P2R1A11_04483	15P1R1A16_04046	99.815	541	1	0	1	541	863	1403	0.0	1114
8P2R1A11_04483	8P2R1A11_04483	100.000	541	0	0	1	541	1	541	0.0	1108
8P2R1A11_04483	27P2R2A12_04309	97.412	541	14	0	1	541	150	690	0.0	1084
8P2R1A11_04483	11P3R3A1_04738	99.745	392	1	0	150	541	1	392	0.0	803
8P2R1A11_04483	30P2R3A4_04523	98.408	377	6	0	165	541	1	377	0.0	763
8P2R1A11_04483	3P1R3A2_04869	98.889	360	4	0	182	541	3	362	0.0	731
8P2R1A11_04483	16_1P2R1A8-1_04740	100.000	304	0	0	238	541	1	304	0.0	625
8P2R1A11_04483	32P3R2A9_06357	100.000	282	0	0	260	541	1	282	0.0	582
8P2R1A11_04486	8P2R1A11_04486	100.000	69	0	0	1	69	1	69	3.59e-46	141
8P2R1A11_04486	32P3R2A9_04287	95.652	69	3	0	1	69	1	69	4.89e-43	133
8P2R1A11_04486	12_1P1R2A2-1_00049	95.652	69	3	0	1	69	1	69	8.29e-43	132
8P2R1A11_04499	8P2R1A11_04499	100.000	498	0	0	1	498	1	498	0.0	1002
8P2R1A11_04499	8P2R1A11_04510	95.833	432	18	0	1	432	1	432	0.0	835
8P2R1A11_04499	27P2R2A12_04176	96.296	432	16	0	1	432	127	558	0.0	833
8P2R1A11_04499	10P3R2A13_04913	95.205	292	14	0	207	498	1	292	0.0	571
8P2R1A11_04499	10P3R2A13_04946	97.788	226	5	0	207	432	1	226	4.75e-152	456
8P2R1A11_04499	11P3R3A1_04716	96.809	188	6	0	311	498	1	188	1.73e-131	379
8P2R1A11_04499	11P3R3A1_04720	99.180	122	1	0	311	432	1	122	1.26e-77	249
8P2R1A11_04504	5P3R2A4_04531	100.000	722	0	0	1	722	456	1177	0.0	1537
8P2R1A11_04504	8P2R1A11_04504	100.000	722	0	0	1	722	1	722	0.0	1484
8P2R1A11_04504	32P3R2A9_03490	97.926	675	14	0	48	722	4	678	0.0	1370
8P2R1A11_04504	22P1R2A3_01670	95.436	241	11	0	482	722	703	943	5.59e-148	455
8P2R1A11_04504	14P1R2A4_04971	95.436	241	11	0	482	722	747	987	6.43e-148	456
8P2R1A11_04504	14P1R2A4_04971	95.181	83	4	0	1	83	456	538	1.52e-36	147
8P2R1A11_04504	30P2R3A4_00390	100.000	210	0	0	513	722	1	210	1.25e-145	423
8P2R1A11_04504	1P1R1A1_04715	100.000	76	0	0	647	722	1	76	1.36e-42	148
8P2R1A11_04508	8P2R1A11_04508	100.000	200	0	0	1	200	1	200	4.84e-148	409
8P2R1A11_04508	11P3R3A1_04723	98.000	200	4	0	1	200	1	200	3.07e-145	402
8P2R1A11_04508	3P1R3A2_04807	96.000	200	8	0	1	200	1	200	3.48e-143	397
8P2R1A11_04508	10P3R2A13_04986	96.500	200	7	0	1	200	1	200	6.86e-143	396
8P2R1A11_04508	16_1P2R1A8-1_04705	96.500	200	7	0	1	200	1	200	1.82e-142	395
8P2R1A11_04509	8P2R1A11_04509	100.000	1089	0	0	1	1089	1	1089	0.0	2249
8P2R1A11_04509	17P1R1A4_03405	98.072	1089	21	0	1	1089	45	1133	0.0	2214
8P2R1A11_04509	1P1R1A1_04700	97.197	785	22	0	305	1089	1	785	0.0	1578
8P2R1A11_04509	3P1R3A2_04808	97.751	756	17	0	334	1089	1	756	0.0	1524
8P2R1A11_04509	40P3R1A10_04613	97.661	342	8	0	748	1089	1	342	0.0	687
8P2R1A11_04509	11P3R3A1_04724	97.953	342	7	0	748	1089	1	342	0.0	686
8P2R1A11_04509	34P3R2A10_05234	99.087	219	2	0	871	1089	1	219	2.19e-148	442
8P2R1A11_04509	29P3R3A9_01791	95.312	64	3	0	451	514	1	64	4.14e-31	117
8P2R1A11_04510	8P2R1A11_04510	100.000	1085	0	0	1	1085	1	1085	0.0	2229
8P2R1A11_04510	10P3R2A13_04946	99.545	879	4	0	207	1085	1	879	0.0	1814
8P2R1A11_04510	12_1P1R2A2-1_04015	98.413	819	10	2	270	1085	948	1766	0.0	1658
8P2R1A11_04510	32P3R2A9_05487	98.855	786	9	0	300	1085	1	786	0.0	1610
8P2R1A11_04510	16_1P2R1A8-1_04708	100.000	538	0	0	548	1085	1	538	0.0	1119
8P2R1A11_04510	8P2R1A11_04499	95.833	432	18	0	1	432	1	432	0.0	835
8P2R1A11_04510	11P3R3A1_04721	100.000	320	0	0	766	1085	1	320	0.0	667
8P2R1A11_04510	16_1P2R1A8-1_04709	99.060	319	3	0	207	525	1	319	0.0	647
8P2R1A11_04512	8P2R1A11_04512	100.000	173	0	0	1	173	1	173	8.19e-130	360
8P2R1A11_04512	16_1P2R1A8-1_01448	98.413	126	2	0	1	126	1	126	1.63e-92	265
8P2R1A11_04512	33P3R2A2_04374	96.032	126	5	0	1	126	1	126	2.59e-90	259
8P2R1A11_04512	32P3R2A9_04291	96.032	126	5	0	1	126	1	126	3.74e-89	257
8P2R1A11_04514	8P2R1A11_04514	100.000	277	0	0	1	277	1	277	0.0	565
8P2R1A11_04514	12_1P1R2A2-1_00057	99.639	277	1	0	1	277	69	345	0.0	563
8P2R1A11_04520	8P2R1A11_04520	100.000	65	0	0	1	65	1	65	3.10e-41	128
8P2R1A11_04520	27P2R2A12_03323	97.917	48	1	0	1	48	3	50	6.81e-27	99.8
8P2R1A11_04540	8P2R1A11_04540	100.000	125	0	0	1	125	1	125	3.84e-86	246
8P2R1A11_04540	39P2R1A13_04774	98.400	125	2	0	1	125	620	744	1.40e-78	245
8P2R1A11_04540	14P1R2A4_04668	99.200	125	1	0	1	125	715	839	2.28e-78	246
8P2R1A11_04551	8P2R1A11_04551	100.000	51	0	0	1	51	1	51	1.99e-30	100
8P2R1A11_04552	8P2R1A11_04552	100.000	45	0	0	1	45	1	45	6.00e-25	85.9
9P3R1A9_03747	9P3R1A9_03747	100.000	155	0	0	1	155	1	155	4.53e-111	311
9P3R1A9_04436	9P3R1A9_04436	100.000	166	0	0	1	166	1	166	2.70e-122	341
9P3R1A9_04436	40P3R1A10_03715	97.590	166	4	0	1	166	1	166	1.13e-119	334
9P3R1A9_04436	27P2R2A12_04016	97.590	166	4	0	1	166	1	166	2.26e-119	333
9P3R1A9_04436	16_1P2R1A8-1_04751	96.386	166	6	0	1	166	1	166	3.54e-118	330
9P3R1A9_04436	1P1R1A1_04042	96.386	166	6	0	1	166	1	166	3.66e-118	330
9P3R1A9_04436	10P3R2A13_01999	96.386	166	6	0	1	166	1	166	5.26e-118	330
9P3R1A9_04436	8P2R1A11_00354	95.783	166	7	0	1	166	1	166	4.54e-107	302
9P3R1A9_04553	9P3R1A9_04553	100.000	114	0	0	1	114	1	114	5.45e-81	232
9P3R1A9_04553	12_1P1R2A2-1_04283	99.123	114	1	0	1	114	587	700	5.51e-75	234
9P3R1A9_04553	11P3R3A1_04455	97.368	114	3	0	1	114	588	701	5.57e-74	232
9P3R1A9_04553	17P1R1A4_03421	97.368	114	3	0	1	114	532	645	8.79e-74	230
9P3R1A9_04591	9P3R1A9_04591	100.000	141	0	0	1	141	1	141	5.55e-92	262
9P3R1A9_04591	16_1P2R1A8-1_04733	97.163	141	4	0	1	141	1	141	6.81e-88	252
