10P3R2A13_00001	10P3R2A13_00001	100.000	142	0	0	1	142	1	142	2.47e-101	286
10P3R2A13_00002	10P3R2A13_00002	100.000	245	0	0	1	245	1	245	1.57e-179	492
10P3R2A13_00003	10P3R2A13_00003	100.000	396	0	0	1	396	1	396	0.0	820
10P3R2A13_00004	10P3R2A13_00004	100.000	220	0	0	1	220	1	220	5.02e-160	441
10P3R2A13_00005	10P3R2A13_00005	100.000	319	0	0	1	319	1	319	0.0	657
10P3R2A13_00005	43P2R2A2_04646	100.000	188	0	0	132	319	1	188	9.51e-138	387
10P3R2A13_00006	10P3R2A13_00006	100.000	388	0	0	1	388	1	388	0.0	795
10P3R2A13_00007	10P3R2A13_00007	100.000	276	0	0	1	276	1	276	0.0	565
10P3R2A13_00008	10P3R2A13_00008	100.000	309	0	0	1	309	1	309	0.0	641
10P3R2A13_00008	33P3R2A2_00429	99.645	282	1	0	1	282	1	282	0.0	587
10P3R2A13_00008	26P1R3A4_03317	100.000	187	0	0	1	187	1	187	9.46e-139	390
10P3R2A13_00008	26P1R3A4_03318	100.000	119	0	0	191	309	1	119	3.04e-83	246
10P3R2A13_00009	10P3R2A13_00009	100.000	86	0	0	1	86	1	86	6.40e-59	174
10P3R2A13_00010	10P3R2A13_00010	100.000	740	0	0	1	740	1	740	0.0	1542
10P3R2A13_00011	10P3R2A13_00011	100.000	471	0	0	1	471	1	471	0.0	954
10P3R2A13_00012	10P3R2A13_00012	100.000	246	0	0	1	246	1	246	0.0	509
10P3R2A13_00013	10P3R2A13_00013	100.000	753	0	0	1	753	1	753	0.0	1540
10P3R2A13_00013	43P2R2A2_03195	100.000	169	0	0	585	753	1	169	1.54e-114	343
10P3R2A13_00014	10P3R2A13_00014	100.000	30	0	0	1	30	1	30	4.87e-16	62.4
10P3R2A13_00014	32P3R2A9_00432	96.667	30	1	0	1	30	1	30	3.72e-15	60.5
10P3R2A13_00015	10P3R2A13_00015	100.000	161	0	0	1	161	1	161	4.22e-120	335
10P3R2A13_00015	34P3R2A10_04243	98.361	61	1	0	101	161	1	61	4.49e-39	127
10P3R2A13_00016	10P3R2A13_00016	100.000	131	0	0	1	131	1	131	7.34e-94	266
10P3R2A13_00017	10P3R2A13_00017	100.000	220	0	0	1	220	1	220	2.23e-160	442
10P3R2A13_00018	10P3R2A13_00018	100.000	450	0	0	1	450	1	450	0.0	913
10P3R2A13_00019	10P3R2A13_00019	100.000	194	0	0	1	194	1	194	2.14e-145	402
10P3R2A13_00020	10P3R2A13_00020	100.000	105	0	0	1	105	1	105	4.57e-75	217
10P3R2A13_00020	15P1R1A16_03506	100.000	51	0	0	55	105	1	51	2.23e-31	105
10P3R2A13_00021	10P3R2A13_00021	100.000	631	0	0	1	631	1	631	0.0	1306
10P3R2A13_00021	18P3R3A11_04585	95.721	631	27	0	1	631	1	631	0.0	1261
10P3R2A13_00021	34P3R2A10_03213	100.000	358	0	0	274	631	1	358	0.0	734
10P3R2A13_00022	10P3R2A13_00022	100.000	194	0	0	1	194	1	194	3.92e-144	399
10P3R2A13_00023	10P3R2A13_00023	100.000	276	0	0	1	276	1	276	0.0	563
10P3R2A13_00024	10P3R2A13_00024	100.000	141	0	0	1	141	1	141	1.46e-105	296
10P3R2A13_00024	18P3R3A11_04582	95.683	139	6	0	1	139	1	139	2.68e-100	283
10P3R2A13_00025	10P3R2A13_00025	100.000	210	0	0	1	210	1	210	1.13e-154	426
10P3R2A13_00026	10P3R2A13_00026	100.000	494	0	0	1	494	1	494	0.0	995
10P3R2A13_00027	10P3R2A13_00027	100.000	224	0	0	1	224	1	224	4.31e-167	459
10P3R2A13_00028	10P3R2A13_00028	100.000	387	0	0	1	387	1	387	0.0	805
10P3R2A13_00029	10P3R2A13_00029	100.000	272	0	0	1	272	1	272	0.0	553
10P3R2A13_00029	25P2R1A13_02708	97.426	272	7	0	1	272	1	272	0.0	541
10P3R2A13_00030	10P3R2A13_00030	100.000	258	0	0	1	258	1	258	0.0	498
10P3R2A13_00031	10P3R2A13_00031	100.000	57	0	0	1	57	1	57	1.20e-36	116
10P3R2A13_00032	10P3R2A13_00032	100.000	218	0	0	1	218	1	218	1.24e-161	445
10P3R2A13_00033	10P3R2A13_00033	100.000	97	0	0	1	97	1	97	3.54e-64	189
10P3R2A13_00034	10P3R2A13_00034	100.000	184	0	0	1	184	1	184	1.75e-135	376
10P3R2A13_00034	16_1P2R1A8-1_01866	100.000	83	0	0	102	184	1	83	1.05e-55	171
10P3R2A13_00034	16_1P2R1A8-1_03590	96.226	53	2	0	1	53	1	53	5.47e-31	107
10P3R2A13_00035	10P3R2A13_00035	100.000	838	0	0	1	838	1	838	0.0	1729
10P3R2A13_00035	28P2R1A12_00292	97.494	838	21	0	1	838	1	838	0.0	1695
10P3R2A13_00035	34P3R2A10_04374	100.000	218	0	0	621	838	1	218	4.42e-154	449
10P3R2A13_00035	34P3R2A10_04370	96.789	218	7	0	621	838	1	218	3.52e-149	436
10P3R2A13_00035	25P2R1A13_00923	96.685	181	6	0	658	838	28	208	2.29e-121	364
10P3R2A13_00036	10P3R2A13_00036	100.000	250	0	0	1	250	1	250	0.0	521
10P3R2A13_00036	27P2R2A12_00719	95.200	250	12	0	1	250	1	250	0.0	503
10P3R2A13_00037	10P3R2A13_00037	100.000	355	0	0	1	355	1	355	0.0	731
10P3R2A13_00037	33P3R2A2_00461	98.171	164	3	0	192	355	1	164	5.99e-113	325
10P3R2A13_00038	10P3R2A13_00038	100.000	67	0	0	1	67	1	67	1.86e-46	141
10P3R2A13_00039	10P3R2A13_00039	100.000	210	0	0	1	210	1	210	2.56e-154	426
10P3R2A13_00040	10P3R2A13_00040	100.000	554	0	0	1	554	1	554	0.0	1098
10P3R2A13_00041	10P3R2A13_00041	100.000	478	0	0	1	478	1	478	0.0	967
10P3R2A13_00042	10P3R2A13_00042	100.000	947	0	0	1	947	1	947	0.0	1935
10P3R2A13_00042	43P2R2A2_00931	100.000	539	0	0	409	947	1	539	0.0	1101
10P3R2A13_00042	34P3R2A10_04208	99.417	343	2	0	605	947	1	343	0.0	702
10P3R2A13_00043	10P3R2A13_00043	100.000	434	0	0	1	434	1	434	0.0	890
10P3R2A13_00043	34P3R2A10_04346	98.106	264	5	0	171	434	1	264	0.0	527
10P3R2A13_00044	10P3R2A13_00044	100.000	207	0	0	1	207	1	207	7.96e-152	419
10P3R2A13_00045	10P3R2A13_00045	100.000	413	0	0	1	413	1	413	0.0	845
10P3R2A13_00046	10P3R2A13_00046	100.000	274	0	0	1	274	1	274	0.0	544
10P3R2A13_00047	10P3R2A13_00047	100.000	123	0	0	1	123	1	123	3.31e-86	246
10P3R2A13_00048	10P3R2A13_00048	100.000	206	0	0	1	206	1	206	1.08e-148	411
10P3R2A13_00049	10P3R2A13_00049	100.000	311	0	0	1	311	1	311	0.0	646
10P3R2A13_00050	10P3R2A13_00050	100.000	304	0	0	1	304	1	304	0.0	627
10P3R2A13_00051	10P3R2A13_00051	100.000	202	0	0	1	202	1	202	7.01e-150	414
10P3R2A13_00051	43P2R2A2_03647	100.000	140	0	0	63	202	1	140	1.25e-100	287
10P3R2A13_00052	10P3R2A13_00052	100.000	488	0	0	1	488	1	488	0.0	951
10P3R2A13_00053	10P3R2A13_00053	100.000	338	0	0	1	338	1	338	0.0	686
10P3R2A13_00053	42P1R1A12_02977	95.266	338	16	0	1	338	1	338	0.0	662
10P3R2A13_00055	10P3R2A13_00055	100.000	582	0	0	1	582	1	582	0.0	1203
10P3R2A13_00056	10P3R2A13_00056	100.000	614	0	0	1	614	1	614	0.0	1255
10P3R2A13_00056	38P2R3A13_05091	96.429	616	20	1	1	614	1	616	0.0	1216
10P3R2A13_00056	31P2R1A5_03480	96.417	614	22	0	1	614	1	614	0.0	1153
10P3R2A13_00056	15P1R1A16_04358	100.000	216	0	0	399	614	1	216	1.37e-154	443
10P3R2A13_00056	38P2R3A13_06961	100.000	126	0	0	489	614	1	126	2.67e-82	254
10P3R2A13_00057	10P3R2A13_00057	100.000	169	0	0	1	169	1	169	2.09e-124	347
10P3R2A13_00059	10P3R2A13_00059	100.000	255	0	0	1	255	1	255	0.0	525
10P3R2A13_00059	34P3R2A10_01892	100.000	190	0	0	66	255	1	190	1.74e-140	392
10P3R2A13_00060	10P3R2A13_00060	100.000	208	0	0	1	208	1	208	8.20e-154	424
10P3R2A13_00061	10P3R2A13_00061	100.000	507	0	0	1	507	1	507	0.0	1041
10P3R2A13_00062	10P3R2A13_00062	100.000	497	0	0	1	497	1	497	0.0	1018
10P3R2A13_00063	10P3R2A13_00063	100.000	111	0	0	1	111	1	111	1.29e-77	224
10P3R2A13_00064	10P3R2A13_00064	100.000	328	0	0	1	328	1	328	0.0	672
10P3R2A13_00065	10P3R2A13_00065	100.000	1031	0	0	1	1031	1	1031	0.0	2163
10P3R2A13_00065	28P2R1A12_00323	99.378	964	6	0	68	1031	1	964	0.0	2013
10P3R2A13_00065	34P3R2A10_05109	100.000	265	0	0	767	1031	1	265	0.0	558
10P3R2A13_00065	28P2R1A12_00322	100.000	47	0	0	1	47	1	47	1.69e-25	100
10P3R2A13_00066	10P3R2A13_00066	100.000	150	0	0	1	150	1	150	1.90e-110	310
10P3R2A13_00067	10P3R2A13_00067	100.000	478	0	0	1	478	1	478	0.0	947
10P3R2A13_00067	25P2R1A13_00956	99.396	331	2	0	148	478	1	331	0.0	652
10P3R2A13_00067	15P1R1A16_02768	100.000	289	0	0	190	478	1	289	0.0	577
10P3R2A13_00067	25P2R1A13_00955	100.000	139	0	0	1	139	1	139	1.25e-92	277
10P3R2A13_00068	10P3R2A13_00068	100.000	357	0	0	1	357	1	357	0.0	738
10P3R2A13_00069	10P3R2A13_00069	100.000	784	0	0	1	784	1	784	0.0	1630
10P3R2A13_00069	25P2R1A13_00958	99.204	628	5	0	157	784	1	628	0.0	1298
10P3R2A13_00069	43P2R2A2_04975	100.000	347	0	0	438	784	1	347	0.0	725
10P3R2A13_00070	10P3R2A13_00070	100.000	673	0	0	1	673	1	673	0.0	1384
10P3R2A13_00070	43P2R2A2_05725	98.795	83	1	0	591	673	1	83	2.39e-48	164
10P3R2A13_00071	10P3R2A13_00071	100.000	379	0	0	1	379	1	379	0.0	787
10P3R2A13_00071	34P3R2A10_05169	99.650	286	1	0	94	379	1	286	0.0	593
10P3R2A13_00072	10P3R2A13_00072	100.000	168	0	0	1	168	1	168	7.10e-126	350
10P3R2A13_00073	10P3R2A13_00073	100.000	228	0	0	1	228	1	228	6.21e-172	471
10P3R2A13_00073	25P2R1A13_00964	97.778	225	5	0	4	228	7	231	4.98e-166	457
10P3R2A13_00074	10P3R2A13_00074	100.000	329	0	0	1	329	1	329	0.0	681
10P3R2A13_00075	10P3R2A13_00075	100.000	322	0	0	1	322	1	322	0.0	637
10P3R2A13_00076	10P3R2A13_00076	100.000	415	0	0	1	415	1	415	0.0	819
10P3R2A13_00076	43P2R2A2_05574	100.000	367	0	0	49	415	1	367	0.0	726
10P3R2A13_00077	10P3R2A13_00077	100.000	184	0	0	1	184	1	184	2.91e-134	373
10P3R2A13_00078	10P3R2A13_00078	100.000	496	0	0	1	496	1	496	0.0	1029
10P3R2A13_00079	10P3R2A13_00079	100.000	471	0	0	1	471	1	471	0.0	988
10P3R2A13_00079	42P1R1A12_03023	96.178	471	18	0	1	471	1	471	0.0	964
10P3R2A13_00079	51P2R2A10_02125	95.966	471	19	0	1	471	12	482	0.0	963
10P3R2A13_00079	31P2R1A5_03531	95.329	471	22	0	1	471	1	471	0.0	947
10P3R2A13_00080	10P3R2A13_00080	100.000	433	0	0	1	433	1	433	0.0	873
10P3R2A13_00080	34P3R2A10_03084	100.000	161	0	0	273	433	1	161	2.35e-110	322
10P3R2A13_00081	10P3R2A13_00081	100.000	363	0	0	1	363	1	363	0.0	759
10P3R2A13_00081	34P3R2A10_03085	100.000	211	0	0	153	363	1	211	5.45e-158	441
10P3R2A13_00081	34P3R2A10_03086	95.082	122	6	0	1	122	1	122	1.71e-82	248
10P3R2A13_00082	10P3R2A13_00082	100.000	895	0	0	1	895	1	895	0.0	1836
10P3R2A13_00083	10P3R2A13_00083	100.000	167	0	0	1	167	1	167	1.94e-118	331
10P3R2A13_00084	10P3R2A13_00084	100.000	239	0	0	1	239	1	239	1.52e-177	487
10P3R2A13_00085	10P3R2A13_00085	100.000	259	0	0	1	259	1	259	0.0	540
10P3R2A13_00086	10P3R2A13_00086	100.000	221	0	0	1	221	1	221	5.49e-159	438
10P3R2A13_00087	10P3R2A13_00087	100.000	128	0	0	1	128	1	128	2.04e-91	260
10P3R2A13_00087	33P3R2A2_00509	97.619	126	3	0	3	128	1	126	1.13e-87	250
10P3R2A13_00088	10P3R2A13_00088	100.000	123	0	0	1	123	1	123	3.12e-84	241
10P3R2A13_00089	10P3R2A13_00089	100.000	102	0	0	1	102	1	102	4.05e-68	199
10P3R2A13_00090	10P3R2A13_00090	100.000	135	0	0	1	135	1	135	2.07e-93	265
10P3R2A13_00091	10P3R2A13_00091	100.000	100	0	0	1	100	1	100	5.28e-66	193
10P3R2A13_00092	10P3R2A13_00092	100.000	161	0	0	1	161	1	161	1.51e-113	318
10P3R2A13_00092	24P1R3A1_02595	100.000	131	0	0	31	161	1	131	4.24e-90	258
10P3R2A13_00093	10P3R2A13_00093	100.000	329	0	0	1	329	1	329	0.0	686
10P3R2A13_00093	32P3R2A9_00512	100.000	313	0	0	1	313	1	313	0.0	654
10P3R2A13_00094	10P3R2A13_00094	100.000	122	0	0	1	122	1	122	1.25e-85	244
10P3R2A13_00095	10P3R2A13_00095	100.000	119	0	0	1	119	1	119	1.69e-83	239
10P3R2A13_00096	10P3R2A13_00096	100.000	299	0	0	1	299	1	299	0.0	603
10P3R2A13_00097	10P3R2A13_00097	100.000	234	0	0	1	234	1	234	7.53e-177	484
10P3R2A13_00098	10P3R2A13_00098	100.000	55	0	0	1	55	1	55	6.04e-33	107
10P3R2A13_00099	10P3R2A13_00099	100.000	437	0	0	1	437	1	437	0.0	882
10P3R2A13_00099	15P1R1A16_01399	99.471	378	2	0	60	437	1	378	0.0	759
10P3R2A13_00100	10P3R2A13_00100	100.000	444	0	0	1	444	1	444	0.0	889
10P3R2A13_00101	10P3R2A13_00101	100.000	455	0	0	1	455	1	455	0.0	933
10P3R2A13_00102	10P3R2A13_00102	100.000	130	0	0	1	130	1	130	1.36e-92	263
10P3R2A13_00103	10P3R2A13_00103	100.000	765	0	0	1	765	1	765	0.0	1592
10P3R2A13_00104	10P3R2A13_00104	100.000	403	0	0	1	403	1	403	0.0	822
10P3R2A13_00105	10P3R2A13_00105	100.000	444	0	0	1	444	1	444	0.0	893
10P3R2A13_00106	10P3R2A13_00106	100.000	330	0	0	1	330	1	330	0.0	670
10P3R2A13_00106	5P3R2A4_04067	100.000	173	0	0	1	173	1	173	2.64e-127	361
10P3R2A13_00106	5P3R2A4_01579	100.000	152	0	0	179	330	1	152	1.40e-103	300
10P3R2A13_00107	10P3R2A13_00107	100.000	313	0	0	1	313	1	313	0.0	639
10P3R2A13_00108	10P3R2A13_00108	100.000	180	0	0	1	180	1	180	3.21e-135	375
10P3R2A13_00108	11P3R3A1_03338	96.667	180	6	0	1	180	1	180	1.51e-129	360
10P3R2A13_00109	10P3R2A13_00109	100.000	396	0	0	1	396	1	396	0.0	796
10P3R2A13_00109	25P2R1A13_00996	95.960	396	16	0	1	396	1	396	0.0	732
10P3R2A13_00109	27P2R2A12_00644	96.429	364	13	0	1	364	1	364	0.0	703
10P3R2A13_00110	10P3R2A13_00110	100.000	382	0	0	1	382	1	382	0.0	764
10P3R2A13_00111	10P3R2A13_00111	100.000	297	0	0	1	297	1	297	0.0	592
10P3R2A13_00111	42P1R1A12_04156	97.980	297	6	0	1	297	1	297	0.0	582
10P3R2A13_00111	31P2R1A5_03549	97.980	297	6	0	1	297	1	297	0.0	582
10P3R2A13_00111	34P3R2A10_04409	100.000	203	0	0	1	203	1	203	2.24e-142	399
10P3R2A13_00111	34P3R2A10_04410	100.000	82	0	0	216	297	1	82	5.06e-54	170
10P3R2A13_00112	10P3R2A13_00112	100.000	257	0	0	1	257	1	257	0.0	524
10P3R2A13_00113	10P3R2A13_00113	100.000	445	0	0	1	445	1	445	0.0	897
10P3R2A13_00113	42P1R1A12_04154	95.281	445	21	0	1	445	1	445	0.0	860
10P3R2A13_00114	10P3R2A13_00114	100.000	524	0	0	1	524	1	524	0.0	1073
10P3R2A13_00114	43P2R2A2_01485	100.000	435	0	0	90	524	1	435	0.0	891
10P3R2A13_00114	34P3R2A10_04488	99.000	200	2	0	325	524	1	200	4.18e-143	410
10P3R2A13_00115	10P3R2A13_00115	100.000	112	0	0	1	112	1	112	7.53e-81	232
10P3R2A13_00115	5P3R2A4_04058	97.826	92	2	0	1	92	1	92	3.05e-65	193
10P3R2A13_00116	10P3R2A13_00116	100.000	155	0	0	1	155	1	155	9.02e-117	326
10P3R2A13_00116	25P2R1A13_01003	96.774	155	5	0	1	155	1	155	1.28e-112	315
10P3R2A13_00117	10P3R2A13_00117	100.000	270	0	0	1	270	1	270	0.0	548
10P3R2A13_00117	16_1P2R1A8-1_04478	100.000	116	0	0	154	269	1	116	8.53e-82	241
10P3R2A13_00117	16_1P2R1A8-1_01950	100.000	117	0	0	154	270	1	117	1.04e-81	241
10P3R2A13_00118	10P3R2A13_00118	100.000	427	0	0	1	427	1	427	0.0	882
10P3R2A13_00119	10P3R2A13_00119	100.000	158	0	0	1	158	1	158	1.15e-113	318
10P3R2A13_00120	10P3R2A13_00120	100.000	260	0	0	1	260	1	260	0.0	511
10P3R2A13_00120	42P1R1A12_04149	95.769	260	11	0	1	260	1	260	4.82e-167	462
10P3R2A13_00121	10P3R2A13_00121	100.000	293	0	0	1	293	1	293	0.0	596
10P3R2A13_00121	38P2R3A13_02970	95.904	293	12	0	1	293	1	293	0.0	575
10P3R2A13_00122	10P3R2A13_00122	100.000	145	0	0	1	145	1	145	5.91e-101	285
10P3R2A13_00123	10P3R2A13_00123	100.000	378	0	0	1	378	1	378	0.0	764
10P3R2A13_00123	33P3R2A2_00546	98.953	191	2	0	188	378	1	191	2.26e-135	384
10P3R2A13_00123	33P3R2A2_00545	99.448	181	1	0	1	181	1	181	6.02e-129	367
10P3R2A13_00124	10P3R2A13_00124	100.000	385	0	0	1	385	1	385	0.0	796
10P3R2A13_00125	10P3R2A13_00125	100.000	287	0	0	1	287	1	287	0.0	593
10P3R2A13_00126	10P3R2A13_00126	100.000	159	0	0	1	159	1	159	1.37e-114	321
10P3R2A13_00127	10P3R2A13_00127	100.000	268	0	0	1	268	1	268	0.0	535
10P3R2A13_00128	10P3R2A13_00128	100.000	264	0	0	1	264	1	264	0.0	534
10P3R2A13_00129	10P3R2A13_00129	100.000	234	0	0	1	234	1	234	5.63e-174	477
10P3R2A13_00129	24P1R3A1_02558	100.000	234	0	0	1	234	19	252	5.81e-174	478
10P3R2A13_00129	25P2R1A13_01016	97.863	234	5	0	1	234	1	234	2.89e-171	470
10P3R2A13_00129	34P3R2A10_01816	98.824	170	2	0	65	234	1	170	6.85e-123	345
10P3R2A13_00130	10P3R2A13_00130	100.000	195	0	0	1	195	1	195	6.36e-143	395
10P3R2A13_00130	27P2R2A12_00623	96.923	195	6	0	1	195	1	195	1.82e-138	384
10P3R2A13_00131	10P3R2A13_00131	100.000	232	0	0	1	232	1	232	3.14e-174	478
10P3R2A13_00132	10P3R2A13_00132	100.000	839	0	0	1	839	1	839	0.0	1731
10P3R2A13_00132	28P2R1A12_00389	99.315	730	5	0	1	730	1	730	0.0	1498
10P3R2A13_00132	28P2R1A12_00390	98.969	97	1	0	743	839	1	97	4.89e-61	201
10P3R2A13_00133	10P3R2A13_00133	100.000	364	0	0	1	364	1	364	0.0	739
10P3R2A13_00133	25P2R1A13_01020	97.802	364	8	0	1	364	1	364	0.0	727
10P3R2A13_00133	3P1R3A2_02753	97.857	280	6	0	85	364	10	289	0.0	561
10P3R2A13_00134	10P3R2A13_00134	100.000	287	0	0	1	287	1	287	0.0	580
10P3R2A13_00134	12_1P1R2A2-1_04156	99.303	287	2	0	1	287	25	311	0.0	577
10P3R2A13_00135	10P3R2A13_00135	100.000	679	0	0	1	679	1	679	0.0	1376
10P3R2A13_00135	43P2R2A2_04855	99.798	496	1	0	184	679	1	496	0.0	1006
10P3R2A13_00136	10P3R2A13_00136	100.000	132	0	0	1	132	1	132	1.44e-95	271
10P3R2A13_00136	17P1R1A4_02251	97.727	132	3	0	1	132	1	132	4.01e-94	267
10P3R2A13_00136	27P2R2A12_00617	96.970	132	4	0	1	132	1	132	1.65e-93	265
10P3R2A13_00137	10P3R2A13_00137	100.000	197	0	0	1	197	1	197	5.62e-145	401
10P3R2A13_00137	31P2R1A5_03555	97.462	197	5	0	1	197	1	197	8.12e-141	390
10P3R2A13_00138	10P3R2A13_00138	100.000	192	0	0	1	192	1	192	2.06e-137	381
10P3R2A13_00139	10P3R2A13_00139	100.000	347	0	0	1	347	1	347	0.0	679
10P3R2A13_00139	34P3R2A10_01826	100.000	165	0	0	183	347	1	165	1.48e-109	316
10P3R2A13_00139	43P2R2A2_04851	99.065	107	1	0	241	347	1	107	3.15e-64	199
10P3R2A13_00140	10P3R2A13_00140	100.000	212	0	0	1	212	1	212	2.84e-158	436
10P3R2A13_00141	10P3R2A13_00141	100.000	173	0	0	1	173	1	173	1.04e-124	348
10P3R2A13_00142	10P3R2A13_00142	100.000	148	0	0	1	148	1	148	2.99e-109	306
10P3R2A13_00143	10P3R2A13_00143	100.000	104	0	0	1	104	1	104	8.73e-73	211
10P3R2A13_00143	11P3R3A1_02811	99.010	101	1	0	4	104	1	101	1.91e-69	202
10P3R2A13_00143	12_1P1R2A2-1_04311	98.020	101	2	0	4	104	1	101	4.39e-69	201
10P3R2A13_00143	43P2R2A2_05425	100.000	94	0	0	11	104	1	94	2.42e-63	187
10P3R2A13_00144	10P3R2A13_00144	100.000	168	0	0	1	168	1	168	2.05e-121	339
10P3R2A13_00145	10P3R2A13_00145	100.000	175	0	0	1	175	1	175	1.61e-126	352
10P3R2A13_00146	10P3R2A13_00146	100.000	332	0	0	1	332	1	332	0.0	692
10P3R2A13_00146	31P2R1A5_03564	97.892	332	7	0	1	332	1	332	0.0	682
10P3R2A13_00146	38P2R3A13_07338	96.386	332	12	0	1	332	1	332	0.0	673
10P3R2A13_00146	18P3R3A11_02631	95.783	332	14	0	1	332	1	332	0.0	643
10P3R2A13_00146	43P2R2A2_05461	100.000	217	0	0	116	332	1	217	1.11e-163	455
10P3R2A13_00147	10P3R2A13_00147	100.000	293	0	0	1	293	1	293	0.0	604
10P3R2A13_00148	10P3R2A13_00148	100.000	336	0	0	1	336	1	336	0.0	692
10P3R2A13_00149	10P3R2A13_00149	100.000	415	0	0	1	415	1	415	0.0	819
10P3R2A13_00149	34P3R2A10_05092	99.730	371	1	0	45	415	1	371	0.0	733
10P3R2A13_00150	10P3R2A13_00150	100.000	630	0	0	1	630	1	630	0.0	1261
10P3R2A13_00151	10P3R2A13_00151	100.000	295	0	0	1	295	1	295	0.0	601
10P3R2A13_00151	18P3R3A11_02636	96.949	295	9	0	1	295	1	295	0.0	587
10P3R2A13_00152	10P3R2A13_00152	100.000	712	0	0	1	712	1	712	0.0	1436
10P3R2A13_00152	38P2R3A13_02996	96.333	709	26	0	1	709	1	709	0.0	1387
10P3R2A13_00152	42P1R1A12_04124	95.546	696	31	0	1	696	1	696	0.0	1356
10P3R2A13_00152	43P2R2A2_04048	100.000	176	0	0	537	712	1	176	6.50e-116	345
10P3R2A13_00153	10P3R2A13_00153	100.000	90	0	0	1	90	1	90	4.49e-61	180
10P3R2A13_00154	10P3R2A13_00154	100.000	315	0	0	1	315	1	315	0.0	639
10P3R2A13_00155	10P3R2A13_00155	100.000	134	0	0	1	134	1	134	7.59e-96	271
10P3R2A13_00155	31P2R1A5_03573	97.761	134	3	0	1	134	1	134	8.42e-94	266
10P3R2A13_00156	10P3R2A13_00156	100.000	891	0	0	1	891	1	891	0.0	1796
10P3R2A13_00156	43P2R2A2_04162	100.000	581	0	0	311	891	1	581	0.0	1181
10P3R2A13_00157	10P3R2A13_00157	100.000	496	0	0	1	496	1	496	0.0	995
10P3R2A13_00157	31P2R1A5_03575	95.968	496	20	0	1	496	1	496	0.0	964
10P3R2A13_00157	42P1R1A12_04118	95.161	496	24	0	1	496	1	496	0.0	954
10P3R2A13_00158	10P3R2A13_00158	100.000	151	0	0	1	151	1	151	1.74e-109	307
10P3R2A13_00158	42P1R1A12_04117	95.364	151	7	0	1	151	1	151	1.79e-106	300
10P3R2A13_00158	24P1R3A1_02529	100.000	141	0	0	11	151	1	141	5.06e-102	288
10P3R2A13_00158	31P2R1A5_03576	95.035	141	7	0	11	151	1	141	7.47e-99	280
10P3R2A13_00160	10P3R2A13_00160	100.000	448	0	0	1	448	1	448	0.0	931
10P3R2A13_00161	10P3R2A13_00161	100.000	542	0	0	1	542	1	542	0.0	1126
10P3R2A13_00161	25P2R1A13_01048	100.000	506	0	0	37	542	1	506	0.0	1051
10P3R2A13_00163	10P3R2A13_00163	100.000	111	0	0	1	111	1	111	6.87e-76	219
10P3R2A13_00164	10P3R2A13_00164	100.000	446	0	0	1	446	1	446	0.0	904
10P3R2A13_00165	10P3R2A13_00165	100.000	283	0	0	1	283	1	283	0.0	580
10P3R2A13_00166	10P3R2A13_00166	100.000	648	0	0	1	648	1	648	0.0	1323
10P3R2A13_00166	18P3R3A11_02651	97.377	648	17	0	1	648	1	648	0.0	1293
10P3R2A13_00166	38P2R3A13_08207	97.394	614	16	0	35	648	1	614	0.0	1227
10P3R2A13_00167	10P3R2A13_00167	100.000	210	0	0	1	210	1	210	2.01e-154	426
10P3R2A13_00167	31P2R1A5_03587	96.190	210	8	0	1	210	1	210	4.42e-149	412
10P3R2A13_00167	18P3R3A11_02652	95.673	208	9	0	1	208	1	208	6.42e-147	407
10P3R2A13_00168	10P3R2A13_00168	100.000	98	0	0	1	98	1	98	1.16e-65	192
10P3R2A13_00168	42P1R1A12_04108	96.939	98	3	0	1	98	14	111	8.42e-65	191
10P3R2A13_00169	10P3R2A13_00169	100.000	159	0	0	1	159	1	159	5.46e-114	319
10P3R2A13_00170	10P3R2A13_00170	100.000	478	0	0	1	478	1	478	0.0	986
10P3R2A13_00171	10P3R2A13_00171	100.000	391	0	0	1	391	1	391	0.0	794
10P3R2A13_00172	10P3R2A13_00172	100.000	322	0	0	1	322	1	322	0.0	637
10P3R2A13_00173	10P3R2A13_00173	100.000	86	0	0	1	86	1	86	7.44e-57	169
10P3R2A13_00173	18P3R3A11_02660	95.349	86	4	0	1	86	1	86	5.40e-54	162
10P3R2A13_00174	10P3R2A13_00174	100.000	104	0	0	1	104	1	104	8.04e-71	206
10P3R2A13_00174	42P1R1A12_04102	96.154	104	4	0	1	104	1	104	4.33e-69	201
10P3R2A13_00175	10P3R2A13_00175	100.000	324	0	0	1	324	1	324	0.0	662
10P3R2A13_00175	34P3R2A10_00375	100.000	71	0	0	254	324	1	71	1.11e-44	147
10P3R2A13_00176	10P3R2A13_00176	100.000	93	0	0	1	93	1	93	9.93e-66	192
10P3R2A13_00177	10P3R2A13_00177	100.000	420	0	0	1	420	1	420	0.0	852
10P3R2A13_00178	10P3R2A13_00178	100.000	90	0	0	1	90	1	90	3.94e-64	188
10P3R2A13_00179	10P3R2A13_00179	100.000	98	0	0	1	98	1	98	6.39e-67	196
10P3R2A13_00180	10P3R2A13_00180	100.000	212	0	0	1	212	1	212	2.05e-157	434
10P3R2A13_00181	10P3R2A13_00181	100.000	184	0	0	1	184	1	184	4.77e-134	372
10P3R2A13_00182	10P3R2A13_00182	100.000	261	0	0	1	261	1	261	0.0	511
10P3R2A13_00182	18P3R3A11_02669	95.019	261	13	0	1	261	1	261	5.11e-180	495
10P3R2A13_00183	10P3R2A13_00183	100.000	270	0	0	1	270	1	270	0.0	548
10P3R2A13_00184	10P3R2A13_00184	100.000	326	0	0	1	326	1	326	0.0	628
10P3R2A13_00185	10P3R2A13_00185	100.000	329	0	0	1	329	1	329	0.0	668
10P3R2A13_00186	10P3R2A13_00186	100.000	189	0	0	1	189	1	189	6.74e-136	377
10P3R2A13_00187	10P3R2A13_00187	100.000	192	0	0	1	192	1	192	2.40e-142	394
10P3R2A13_00188	10P3R2A13_00188	100.000	186	0	0	1	186	1	186	1.98e-135	376
10P3R2A13_00189	10P3R2A13_00189	100.000	242	0	0	1	242	1	242	7.48e-177	485
10P3R2A13_00189	18P3R3A11_02676	96.281	242	9	0	1	242	1	242	1.09e-171	472
10P3R2A13_00189	42P1R1A12_04087	96.281	242	9	0	1	242	1	242	1.46e-170	469
10P3R2A13_00190	10P3R2A13_00190	100.000	478	0	0	1	478	1	478	0.0	977
10P3R2A13_00191	10P3R2A13_00191	100.000	96	0	0	1	96	1	96	1.59e-66	194
10P3R2A13_00192	10P3R2A13_00192	100.000	164	0	0	1	164	1	164	3.87e-119	333
10P3R2A13_00193	10P3R2A13_00193	100.000	285	0	0	1	285	1	285	0.0	583
10P3R2A13_00193	18P3R3A11_02680	98.233	283	5	0	1	283	1	283	0.0	574
10P3R2A13_00193	38P2R3A13_03039	98.233	283	5	0	1	283	1	283	0.0	571
10P3R2A13_00193	42P1R1A12_04083	97.527	283	7	0	1	283	1	283	0.0	568
10P3R2A13_00193	38P2R3A13_07833	100.000	52	0	0	232	283	1	52	2.68e-31	110
10P3R2A13_00194	10P3R2A13_00194	100.000	91	0	0	1	91	1	91	2.36e-61	181
10P3R2A13_00195	10P3R2A13_00195	100.000	211	0	0	1	211	1	211	2.28e-158	436
10P3R2A13_00196	10P3R2A13_00196	100.000	243	0	0	1	243	1	243	1.89e-180	494
10P3R2A13_00197	10P3R2A13_00197	100.000	218	0	0	1	218	1	218	1.11e-159	440
10P3R2A13_00198	10P3R2A13_00198	100.000	779	0	0	1	779	1	779	0.0	1590
10P3R2A13_00199	10P3R2A13_00199	100.000	310	0	0	1	310	1	310	0.0	645
10P3R2A13_00200	10P3R2A13_00200	100.000	1518	0	0	1	1518	1	1518	0.0	3140
10P3R2A13_00200	42P1R1A12_04077	95.293	1487	70	0	32	1518	1	1487	0.0	2917
10P3R2A13_00200	43P2R2A2_04227	100.000	1202	0	0	317	1518	1	1202	0.0	2476
10P3R2A13_00201	10P3R2A13_00201	100.000	473	0	0	1	473	1	473	0.0	974
10P3R2A13_00202	10P3R2A13_00202	100.000	183	0	0	1	183	1	183	3.17e-135	375
10P3R2A13_00202	12_1P1R2A2-1_02101	99.448	181	1	0	1	181	1	181	1.48e-130	370
10P3R2A13_00202	28P2R1A12_00465	95.028	181	9	0	1	181	1	181	1.20e-122	350
10P3R2A13_00202	11P3R3A1_02870	100.000	135	0	0	1	135	1	135	5.78e-97	278
10P3R2A13_00202	25P2R1A13_03797	96.053	76	3	0	106	181	1	76	2.42e-46	153
10P3R2A13_00203	10P3R2A13_00203	100.000	183	0	0	1	183	1	183	8.89e-136	376
10P3R2A13_00203	19P1R1A6_02267	100.000	183	0	0	1	183	189	371	3.43e-135	382
10P3R2A13_00203	12_1P1R2A2-1_02101	100.000	183	0	0	1	183	194	376	5.64e-135	382
10P3R2A13_00203	25P2R1A13_03797	99.454	183	1	0	1	183	89	271	8.02e-135	377
10P3R2A13_00203	29P3R3A9_01030	99.454	183	1	0	1	183	181	363	1.56e-134	380
10P3R2A13_00203	28P2R1A12_00465	99.454	183	1	0	1	183	194	376	4.27e-134	380
10P3R2A13_00204	10P3R2A13_00204	100.000	155	0	0	1	155	1	155	6.46e-114	319
10P3R2A13_00204	11P3R3A1_02872	97.419	155	4	0	1	155	1	155	3.56e-111	312
10P3R2A13_00205	10P3R2A13_00205	100.000	292	0	0	1	292	1	292	0.0	571
10P3R2A13_00205	25P2R1A13_03799	97.260	292	8	0	1	292	1	292	0.0	558
10P3R2A13_00205	34P3R2A10_02493	100.000	56	0	0	237	292	1	56	9.10e-30	107
10P3R2A13_00206	10P3R2A13_00206	100.000	230	0	0	1	230	1	230	3.32e-167	460
10P3R2A13_00207	10P3R2A13_00207	100.000	497	0	0	1	497	1	497	0.0	992
10P3R2A13_00207	43P2R2A2_05433	100.000	232	0	0	266	497	1	232	1.79e-163	461
10P3R2A13_00208	10P3R2A13_00208	100.000	298	0	0	1	298	1	298	0.0	611
10P3R2A13_00209	10P3R2A13_00209	100.000	264	0	0	1	264	1	264	0.0	537
10P3R2A13_00210	10P3R2A13_00210	100.000	456	0	0	1	456	1	456	0.0	906
10P3R2A13_00211	10P3R2A13_00211	100.000	166	0	0	1	166	1	166	9.91e-120	334
10P3R2A13_00212	10P3R2A13_00212	100.000	213	0	0	1	213	1	213	5.85e-159	437
10P3R2A13_00214	10P3R2A13_00214	100.000	143	0	0	1	143	1	143	8.65e-104	292
10P3R2A13_00214	47P2R3A6_01377	97.902	143	3	0	1	143	1	143	2.46e-102	288
10P3R2A13_00214	31P2R1A5_03628	96.503	143	5	0	1	143	1	143	9.10e-101	285
10P3R2A13_00215	10P3R2A13_00215	100.000	376	0	0	1	376	1	376	0.0	781
10P3R2A13_00216	10P3R2A13_00216	100.000	133	0	0	1	133	1	133	7.12e-96	271
10P3R2A13_00217	10P3R2A13_00217	100.000	456	0	0	1	456	1	456	0.0	890
10P3R2A13_00218	10P3R2A13_00218	100.000	356	0	0	1	356	1	356	0.0	701
10P3R2A13_00219	10P3R2A13_00219	100.000	313	0	0	1	313	1	313	0.0	621
10P3R2A13_00220	10P3R2A13_00220	100.000	157	0	0	1	157	1	157	1.19e-113	318
10P3R2A13_00220	18P3R3A11_02711	96.178	157	6	0	1	157	1	157	1.60e-109	308
10P3R2A13_00221	10P3R2A13_00221	100.000	88	0	0	1	88	1	88	1.20e-59	176
10P3R2A13_00221	28P2R1A12_00483	100.000	88	0	0	1	88	18	105	1.81e-59	176
10P3R2A13_00222	10P3R2A13_00222	100.000	91	0	0	1	91	1	91	1.18e-61	182
10P3R2A13_00222	15P1R1A16_03031	100.000	49	0	0	43	91	1	49	9.45e-29	97.8
10P3R2A13_00223	10P3R2A13_00223	100.000	656	0	0	1	656	1	656	0.0	1343
10P3R2A13_00224	10P3R2A13_00224	100.000	311	0	0	1	311	1	311	0.0	633
10P3R2A13_00225	10P3R2A13_00225	100.000	68	0	0	1	68	1	68	5.46e-42	130
10P3R2A13_00225	18P3R3A11_02717	97.059	68	2	0	1	68	1	68	1.81e-41	129
10P3R2A13_00225	31P2R1A5_05119	95.588	68	3	0	1	68	1	68	1.85e-40	126
10P3R2A13_00226	10P3R2A13_00226	100.000	310	0	0	1	310	1	310	0.0	639
10P3R2A13_00227	10P3R2A13_00227	100.000	482	0	0	1	482	1	482	0.0	974
10P3R2A13_00227	34P3R2A10_03062	100.000	250	0	0	233	482	1	250	0.0	510
10P3R2A13_00228	10P3R2A13_00228	100.000	1267	0	0	1	1267	1	1267	0.0	2570
10P3R2A13_00228	34P3R2A10_03993	99.229	1167	9	0	101	1267	1	1167	0.0	2357
10P3R2A13_00228	43P2R2A2_01421	100.000	540	0	0	728	1267	1	540	0.0	1103
10P3R2A13_00228	15P1R1A16_04879	100.000	167	0	0	1101	1267	1	167	1.19e-108	338
10P3R2A13_00229	10P3R2A13_00229	100.000	490	0	0	1	490	1	490	0.0	1004
10P3R2A13_00229	31P2R1A5_05123	96.531	490	17	0	1	490	1	490	0.0	954
10P3R2A13_00229	18P3R3A11_02722	95.714	490	21	0	1	490	1	490	0.0	944
10P3R2A13_00230	10P3R2A13_00230	100.000	198	0	0	1	198	1	198	2.97e-145	402
10P3R2A13_00231	10P3R2A13_00231	100.000	163	0	0	1	163	1	163	3.85e-110	310
10P3R2A13_00232	10P3R2A13_00232	100.000	368	0	0	1	368	1	368	0.0	737
10P3R2A13_00232	18P3R3A11_02725	95.077	325	14	1	1	323	1	325	0.0	562
10P3R2A13_00232	38P2R3A13_04493	97.403	308	8	0	1	308	1	308	0.0	559
10P3R2A13_00234	10P3R2A13_00234	100.000	647	0	0	1	647	1	647	0.0	1334
10P3R2A13_00235	10P3R2A13_00235	100.000	325	0	0	1	325	1	325	0.0	663
10P3R2A13_00236	10P3R2A13_00236	100.000	157	0	0	1	157	1	157	7.66e-111	311
10P3R2A13_00237	10P3R2A13_00237	100.000	450	0	0	1	450	1	450	0.0	924
10P3R2A13_00237	31P2R1A5_05133	96.667	450	15	0	1	450	1	450	0.0	897
10P3R2A13_00237	18P3R3A11_02733	96.222	450	17	0	1	450	1	450	0.0	862
10P3R2A13_00238	10P3R2A13_00238	100.000	81	0	0	1	81	1	81	1.08e-54	163
10P3R2A13_00239	10P3R2A13_00239	100.000	484	0	0	1	484	1	484	0.0	952
10P3R2A13_00239	43P2R2A2_02004	100.000	201	0	0	284	484	1	201	2.83e-138	396
10P3R2A13_00239	34P3R2A10_02277	100.000	125	0	0	360	484	1	125	1.62e-80	246
10P3R2A13_00240	10P3R2A13_00240	100.000	294	0	0	1	294	1	294	0.0	597
10P3R2A13_00240	54P2R2A3_01247	95.918	294	12	0	1	294	1	294	0.0	529
10P3R2A13_00240	38P2R3A13_08084	95.238	294	14	0	1	294	1	294	0.0	526
10P3R2A13_00241	10P3R2A13_00241	100.000	322	0	0	1	322	1	322	0.0	669
10P3R2A13_00241	31P2R1A5_05137	95.031	322	16	0	1	322	1	322	0.0	635
10P3R2A13_00241	11P3R3A1_02909	99.656	291	1	0	32	322	1	291	0.0	602
10P3R2A13_00243	10P3R2A13_00243	100.000	295	0	0	1	295	1	295	0.0	613
10P3R2A13_00243	28P2R1A12_00505	97.627	295	7	0	1	295	1	295	0.0	603
10P3R2A13_00244	10P3R2A13_00244	100.000	60	0	0	1	60	1	60	1.21e-38	121
10P3R2A13_00244	28P2R1A12_00506	100.000	59	0	0	1	59	1	59	2.44e-38	120
10P3R2A13_00245	10P3R2A13_00245	100.000	221	0	0	1	221	1	221	1.12e-166	457
10P3R2A13_00245	33P3R2A2_00672	99.310	145	1	0	77	221	1	145	3.01e-105	300
10P3R2A13_00245	5P3R2A4_01937	100.000	129	0	0	93	221	1	129	9.86e-93	267
10P3R2A13_00245	5P3R2A4_01936	100.000	91	0	0	1	91	1	91	1.05e-62	190
10P3R2A13_00245	33P3R2A2_00673	100.000	73	0	0	1	73	1	73	3.61e-48	152
10P3R2A13_00246	10P3R2A13_00246	100.000	386	0	0	1	386	1	386	0.0	786
10P3R2A13_00247	10P3R2A13_00247	100.000	1035	0	0	1	1035	1	1035	0.0	2102
10P3R2A13_00247	34P3R2A10_03350	100.000	256	0	0	780	1035	1	256	6.07e-178	518
10P3R2A13_00247	27P2R2A12_00509	100.000	212	0	0	824	1035	1	212	2.75e-141	421
10P3R2A13_00248	10P3R2A13_00248	100.000	97	0	0	1	97	1	97	6.94e-70	203
10P3R2A13_00248	27P2R2A12_00508	96.907	97	3	0	1	97	1	97	2.03e-67	197
10P3R2A13_00249	10P3R2A13_00249	100.000	74	0	0	1	74	1	74	3.18e-49	149
10P3R2A13_00250	10P3R2A13_00250	100.000	342	0	0	1	342	1	342	0.0	706
10P3R2A13_00251	10P3R2A13_00251	100.000	394	0	0	1	394	1	394	0.0	778
10P3R2A13_00252	10P3R2A13_00252	100.000	368	0	0	1	368	1	368	0.0	740
10P3R2A13_00252	28P2R1A12_00514	97.826	368	8	0	1	368	1	368	0.0	723
10P3R2A13_00253	10P3R2A13_00253	100.000	253	0	0	1	253	1	253	0.0	525
10P3R2A13_00253	18P3R3A11_02749	95.257	253	12	0	1	253	1	253	0.0	503
10P3R2A13_00253	34P3R2A10_05153	98.913	184	2	0	70	253	1	184	1.88e-134	376
10P3R2A13_00257	10P3R2A13_00257	100.000	241	0	0	1	241	1	241	0.0	499
10P3R2A13_00257	43P2R2A2_05558	98.387	62	1	0	180	241	1	62	2.98e-39	130
10P3R2A13_00258	10P3R2A13_00258	100.000	876	0	0	1	876	1	876	0.0	1770
10P3R2A13_00258	34P3R2A10_03167	99.758	825	2	0	52	876	1	825	0.0	1663
10P3R2A13_00258	38P2R3A13_07871	97.736	265	6	0	1	265	1	265	0.0	541
10P3R2A13_00259	10P3R2A13_00259	100.000	563	0	0	1	563	1	563	0.0	1159
10P3R2A13_00259	17P1R1A4_00154	97.691	563	13	0	1	563	1	563	0.0	1136
10P3R2A13_00260	10P3R2A13_00260	100.000	208	0	0	1	208	1	208	4.50e-158	435
10P3R2A13_00261	10P3R2A13_00261	100.000	1465	0	0	1	1465	1	1465	0.0	3009
10P3R2A13_00261	34P3R2A10_03306	98.893	1265	14	0	201	1465	1	1265	0.0	2557
10P3R2A13_00261	12_1P1R2A2-1_02211	98.783	904	11	0	1	904	1	904	0.0	1832
10P3R2A13_00261	12_1P1R2A2-1_02210	98.532	545	8	0	921	1465	1	545	0.0	1101
10P3R2A13_00262	10P3R2A13_00262	100.000	550	0	0	1	550	1	550	0.0	1132
10P3R2A13_00262	5P3R2A4_00528	98.237	397	7	0	1	397	1	397	0.0	795
10P3R2A13_00262	26P1R3A4_00041	98.237	397	7	0	1	397	1	397	0.0	794
10P3R2A13_00262	5P3R2A4_00527	96.591	88	3	0	463	550	1	88	8.54e-56	182
10P3R2A13_00263	10P3R2A13_00263	100.000	259	0	0	1	259	1	259	0.0	535
10P3R2A13_00263	33P3R2A2_03482	98.795	249	3	0	11	259	1	249	0.0	511
10P3R2A13_00263	34P3R2A10_02441	99.015	203	2	0	57	259	1	203	3.10e-151	420
10P3R2A13_00264	10P3R2A13_00264	100.000	950	0	0	1	950	1	950	0.0	1961
10P3R2A13_00265	10P3R2A13_00265	100.000	217	0	0	1	217	1	217	4.14e-157	433
10P3R2A13_00265	18P3R3A11_02442	97.696	217	5	0	1	217	1	217	1.95e-153	424
10P3R2A13_00265	31P2R1A5_03023	96.774	217	7	0	1	217	1	217	9.91e-152	419
10P3R2A13_00265	38P2R3A13_07868	97.354	189	5	0	29	217	1	189	1.37e-130	365
10P3R2A13_00265	34P3R2A10_04099	100.000	50	0	0	168	217	1	50	1.93e-26	96.7
10P3R2A13_00266	10P3R2A13_00266	100.000	891	0	0	1	891	1	891	0.0	1832
10P3R2A13_00266	43P2R2A2_04120	99.858	706	1	0	186	891	1	706	0.0	1447
10P3R2A13_00266	34P3R2A10_04476	99.668	602	2	0	290	891	1	602	0.0	1226
10P3R2A13_00267	10P3R2A13_00267	100.000	368	0	0	1	368	1	368	0.0	733
10P3R2A13_00267	17P1R1A4_00162	97.826	368	8	0	1	368	1	368	0.0	717
10P3R2A13_00267	11P3R3A1_00611	96.011	376	7	1	1	368	1	376	0.0	709
10P3R2A13_00267	25P2R1A13_00164	95.968	372	7	2	1	368	1	368	0.0	701
10P3R2A13_00267	43P2R2A2_05677	100.000	312	0	0	57	368	1	312	0.0	621
10P3R2A13_00268	10P3R2A13_00268	100.000	352	0	0	1	352	1	352	0.0	727
10P3R2A13_00268	15P1R1A16_05019	98.502	267	4	0	86	352	1	267	0.0	547
10P3R2A13_00269	10P3R2A13_00269	100.000	355	0	0	1	355	1	355	0.0	734
10P3R2A13_00269	32P3R2A9_00175	97.746	355	8	0	1	355	1	355	0.0	718
10P3R2A13_00269	43P2R2A2_05674	99.565	230	1	0	126	355	1	230	1.42e-169	471
10P3R2A13_00270	10P3R2A13_00270	100.000	217	0	0	1	217	1	217	1.90e-164	452
10P3R2A13_00270	19P1R1A6_00545	97.696	217	5	0	1	217	1	217	4.16e-160	441
10P3R2A13_00270	34P3R2A10_04989	98.758	161	2	0	57	217	1	161	1.92e-119	336
10P3R2A13_00271	10P3R2A13_00271	100.000	548	0	0	1	548	1	548	0.0	1108
10P3R2A13_00271	34P3R2A10_04391	99.642	279	1	0	270	548	1	279	0.0	567
10P3R2A13_00272	10P3R2A13_00272	100.000	549	0	0	1	549	1	549	0.0	1132
10P3R2A13_00273	10P3R2A13_00273	100.000	163	0	0	1	163	1	163	3.17e-120	335
10P3R2A13_00274	10P3R2A13_00274	100.000	55	0	0	1	55	1	55	2.50e-36	115
10P3R2A13_00274	12_1P1R2A2-1_02197	96.364	55	2	0	1	55	1	55	5.05e-34	109
10P3R2A13_00275	10P3R2A13_00275	100.000	165	0	0	1	165	1	165	2.73e-122	341
10P3R2A13_00276	10P3R2A13_00276	100.000	88	0	0	1	88	1	88	4.09e-59	175
10P3R2A13_00277	10P3R2A13_00277	100.000	829	0	0	1	829	1	829	0.0	1732
10P3R2A13_00278	10P3R2A13_00278	100.000	232	0	0	1	232	1	232	1.90e-172	473
10P3R2A13_00279	10P3R2A13_00279	100.000	288	0	0	1	288	1	288	0.0	584
10P3R2A13_00280	10P3R2A13_00280	100.000	150	0	0	1	150	1	150	4.11e-113	317
10P3R2A13_00281	10P3R2A13_00281	100.000	201	0	0	1	201	1	201	2.88e-155	427
10P3R2A13_00283	10P3R2A13_00283	100.000	221	0	0	1	221	1	221	8.61e-150	415
10P3R2A13_00284	10P3R2A13_00284	100.000	246	0	0	1	246	1	246	5.88e-178	488
10P3R2A13_00285	10P3R2A13_00285	100.000	70	0	0	1	70	1	70	1.20e-44	137
10P3R2A13_00286	10P3R2A13_00286	100.000	160	0	0	1	160	1	160	1.00e-117	329
10P3R2A13_00287	10P3R2A13_00287	100.000	648	0	0	1	648	1	648	0.0	1285
10P3R2A13_00287	34P3R2A10_04694	100.000	134	0	0	515	648	1	134	4.21e-92	281
10P3R2A13_00288	10P3R2A13_00288	100.000	186	0	0	1	186	1	186	6.10e-137	380
10P3R2A13_00289	10P3R2A13_00289	100.000	351	0	0	1	351	1	351	0.0	721
10P3R2A13_00290	10P3R2A13_00290	100.000	216	0	0	1	216	1	216	4.68e-155	428
10P3R2A13_00290	15P1R1A16_03352	100.000	74	0	0	143	216	1	74	2.39e-46	147
10P3R2A13_00291	10P3R2A13_00291	100.000	772	0	0	1	772	1	772	0.0	1559
10P3R2A13_00291	11P3R3A1_00635	99.741	772	2	0	1	772	18	789	0.0	1552
10P3R2A13_00291	27P2R2A12_00369	98.444	771	12	0	1	771	18	788	0.0	1531
10P3R2A13_00291	1P1R1A1_00705	97.927	772	16	0	1	772	18	789	0.0	1526
10P3R2A13_00291	25P2R1A13_00188	96.887	771	24	0	1	771	18	788	0.0	1506
10P3R2A13_00291	43P2R2A2_01014	99.508	610	3	0	163	772	1	610	0.0	1231
10P3R2A13_00293	10P3R2A13_00293	100.000	587	0	0	1	587	1	587	0.0	1204
10P3R2A13_00293	34P3R2A10_05065	100.000	292	0	0	296	587	1	292	0.0	602
10P3R2A13_00294	10P3R2A13_00294	100.000	76	0	0	1	76	1	76	1.95e-50	152
10P3R2A13_00295	10P3R2A13_00295	100.000	336	0	0	1	336	1	336	0.0	687
10P3R2A13_00296	10P3R2A13_00296	100.000	95	0	0	1	95	1	95	2.94e-66	194
10P3R2A13_00297	10P3R2A13_00297	100.000	587	0	0	1	587	1	587	0.0	1214
10P3R2A13_00297	34P3R2A10_03750	98.995	398	4	0	190	587	1	398	0.0	822
10P3R2A13_00298	10P3R2A13_00298	100.000	232	0	0	1	232	1	232	1.03e-174	479
10P3R2A13_00299	10P3R2A13_00299	100.000	397	0	0	1	397	1	397	0.0	788
10P3R2A13_00300	10P3R2A13_00300	100.000	115	0	0	1	115	1	115	1.07e-82	237
10P3R2A13_00301	10P3R2A13_00301	100.000	530	0	0	1	530	1	530	0.0	1062
10P3R2A13_00301	25P2R1A13_00199	99.749	399	1	0	1	399	1	399	0.0	800
10P3R2A13_00301	25P2R1A13_00198	99.180	122	1	0	409	530	1	122	1.92e-80	247
10P3R2A13_00302	10P3R2A13_00302	100.000	342	0	0	1	342	1	342	0.0	681
10P3R2A13_00303	10P3R2A13_00303	100.000	365	0	0	1	365	1	365	0.0	724
10P3R2A13_00303	34P3R2A10_02874	99.585	241	1	0	125	365	1	241	5.82e-169	471
10P3R2A13_00304	10P3R2A13_00304	100.000	605	0	0	1	605	1	605	0.0	1241
10P3R2A13_00305	10P3R2A13_00305	100.000	519	0	0	1	519	1	519	0.0	1071
10P3R2A13_00305	27P2R2A12_00383	99.598	498	2	0	22	519	1	498	0.0	1024
10P3R2A13_00305	34P3R2A10_04212	100.000	236	0	0	284	519	1	236	3.83e-172	484
10P3R2A13_00306	10P3R2A13_00306	100.000	189	0	0	1	189	1	189	3.42e-141	390
10P3R2A13_00307	10P3R2A13_00307	100.000	238	0	0	1	238	1	238	6.37e-173	475
10P3R2A13_00308	10P3R2A13_00308	100.000	329	0	0	1	329	1	329	0.0	664
10P3R2A13_00309	10P3R2A13_00309	100.000	489	0	0	1	489	1	489	0.0	1011
10P3R2A13_00310	10P3R2A13_00310	100.000	191	0	0	1	191	1	191	2.04e-140	389
10P3R2A13_00311	10P3R2A13_00311	100.000	85	0	0	1	85	1	85	1.26e-57	171
10P3R2A13_00312	10P3R2A13_00312	100.000	394	0	0	1	394	1	394	0.0	792
10P3R2A13_00313	10P3R2A13_00313	100.000	377	0	0	1	377	1	377	0.0	750
10P3R2A13_00314	10P3R2A13_00314	100.000	313	0	0	1	313	1	313	0.0	639
10P3R2A13_00314	31P2R1A5_05098	97.444	313	8	0	1	313	1	313	0.0	622
10P3R2A13_00314	18P3R3A11_02477	96.486	313	11	0	1	313	1	313	0.0	622
10P3R2A13_00315	10P3R2A13_00315	100.000	564	0	0	1	564	1	564	0.0	1110
10P3R2A13_00315	34P3R2A10_04058	99.234	522	4	0	43	564	1	522	0.0	1018
10P3R2A13_00315	15P1R1A16_04952	100.000	78	0	0	487	564	1	78	4.14e-43	148
10P3R2A13_00317	10P3R2A13_00317	100.000	313	0	0	1	313	1	313	0.0	629
10P3R2A13_00317	19P1R1A6_00498	97.125	313	9	0	1	313	1	313	0.0	612
10P3R2A13_00317	15P1R1A16_05014	100.000	197	0	0	117	313	1	197	4.02e-142	399
10P3R2A13_00317	34P3R2A10_04715	97.970	197	4	0	117	313	1	197	6.40e-139	390
10P3R2A13_00317	14P1R2A4_05092	96.954	197	6	0	117	313	1	197	7.86e-138	388
10P3R2A13_00317	28P2R1A12_02187	100.000	177	0	0	1	177	1	177	3.94e-125	355
10P3R2A13_00317	28P2R1A12_02188	96.947	131	4	0	183	313	1	131	1.48e-87	258
10P3R2A13_00318	10P3R2A13_00318	100.000	417	0	0	1	417	1	417	0.0	808
10P3R2A13_00318	19P1R1A6_00497	97.842	417	9	0	1	417	1	417	0.0	795
10P3R2A13_00319	10P3R2A13_00319	100.000	233	0	0	1	233	1	233	8.03e-177	484
10P3R2A13_00320	10P3R2A13_00320	100.000	314	0	0	1	314	1	314	0.0	644
10P3R2A13_00321	10P3R2A13_00321	100.000	417	0	0	1	417	1	417	0.0	812
10P3R2A13_00321	15P1R1A16_00923	100.000	306	0	0	112	417	1	306	0.0	595
10P3R2A13_00321	34P3R2A10_04605	99.015	203	2	0	215	417	1	203	5.98e-137	390
10P3R2A13_00321	15P1R1A16_00924	98.824	85	1	0	1	85	1	85	3.54e-51	167
10P3R2A13_00322	10P3R2A13_00322	100.000	363	0	0	1	363	1	363	0.0	752
10P3R2A13_00323	10P3R2A13_00323	100.000	286	0	0	1	286	1	286	0.0	593
10P3R2A13_00323	34P3R2A10_04603	100.000	119	0	0	168	286	1	119	5.92e-86	252
10P3R2A13_00324	10P3R2A13_00324	100.000	350	0	0	1	350	1	350	0.0	689
10P3R2A13_00325	10P3R2A13_00325	100.000	294	0	0	1	294	1	294	0.0	596
10P3R2A13_00325	11P3R3A1_00669	100.000	269	0	0	26	294	1	269	0.0	547
10P3R2A13_00326	10P3R2A13_00326	100.000	490	0	0	1	490	1	490	0.0	982
10P3R2A13_00327	10P3R2A13_00327	100.000	664	0	0	1	664	1	664	0.0	1366
10P3R2A13_00327	25P2R1A13_00226	100.000	342	0	0	323	664	1	342	0.0	709
10P3R2A13_00328	10P3R2A13_00328	100.000	279	0	0	1	279	1	279	0.0	585
10P3R2A13_00329	10P3R2A13_00329	100.000	223	0	0	1	223	1	223	1.29e-167	460
10P3R2A13_00330	10P3R2A13_00330	100.000	386	0	0	1	386	1	386	0.0	761
10P3R2A13_00330	34P3R2A10_04149	99.438	178	1	0	209	386	1	178	8.36e-124	354
10P3R2A13_00331	10P3R2A13_00331	100.000	347	0	0	1	347	1	347	0.0	714
10P3R2A13_00331	12_1P1R2A2-1_03821	100.000	215	0	0	133	347	5	219	1.32e-161	450
10P3R2A13_00331	12_1P1R2A2-1_03822	100.000	132	0	0	1	132	1	132	2.10e-89	264
10P3R2A13_00332	10P3R2A13_00332	100.000	333	0	0	1	333	1	333	0.0	667
10P3R2A13_00332	18P3R3A11_04197	95.195	333	16	0	1	333	1	333	0.0	640
10P3R2A13_00333	10P3R2A13_00333	100.000	507	0	0	1	507	1	507	0.0	1039
10P3R2A13_00333	34P3R2A10_04484	100.000	492	0	0	16	507	1	492	0.0	1008
10P3R2A13_00333	18P3R3A11_04196	95.464	507	23	0	1	507	1	507	0.0	1002
10P3R2A13_00333	43P2R2A2_03513	100.000	416	0	0	92	507	1	416	0.0	850
10P3R2A13_00334	10P3R2A13_00334	100.000	337	0	0	1	337	1	337	0.0	650
10P3R2A13_00334	18P3R3A11_04195	97.626	337	8	0	1	337	1	337	0.0	639
10P3R2A13_00334	31P2R1A5_05085	95.252	337	16	0	1	337	1	337	0.0	563
10P3R2A13_00335	10P3R2A13_00335	100.000	412	0	0	1	412	1	412	0.0	857
10P3R2A13_00335	1P1R1A1_00749	99.702	336	1	0	77	412	1	336	0.0	692
10P3R2A13_00335	1P1R1A1_00750	98.592	71	1	0	1	71	1	71	3.37e-48	159
10P3R2A13_00336	10P3R2A13_00336	100.000	413	0	0	1	413	1	413	0.0	847
10P3R2A13_00336	33P3R2A2_01596	98.521	338	5	0	76	413	1	338	0.0	679
10P3R2A13_00337	10P3R2A13_00337	100.000	80	0	0	1	80	1	80	4.40e-53	159
10P3R2A13_00338	10P3R2A13_00338	100.000	240	0	0	1	240	1	240	1.95e-179	491
10P3R2A13_00339	10P3R2A13_00339	100.000	295	0	0	1	295	1	295	0.0	603
10P3R2A13_00340	10P3R2A13_00340	100.000	232	0	0	1	232	1	232	1.84e-166	458
10P3R2A13_00341	10P3R2A13_00341	100.000	133	0	0	1	133	1	133	9.67e-92	261
10P3R2A13_00343	10P3R2A13_00343	100.000	479	0	0	1	479	1	479	0.0	974
10P3R2A13_00343	15P1R1A16_03535	100.000	479	0	0	1	479	31	509	0.0	974
10P3R2A13_00344	10P3R2A13_00344	100.000	254	0	0	1	254	1	254	0.0	520
10P3R2A13_00345	10P3R2A13_00345	100.000	193	0	0	1	193	1	193	2.53e-138	384
10P3R2A13_00346	10P3R2A13_00346	100.000	196	0	0	1	196	1	196	1.60e-141	392
10P3R2A13_00347	10P3R2A13_00347	100.000	311	0	0	1	311	1	311	0.0	639
10P3R2A13_00348	10P3R2A13_00348	100.000	572	0	0	1	572	1	572	0.0	1191
10P3R2A13_00350	10P3R2A13_00350	100.000	306	0	0	1	306	1	306	0.0	612
10P3R2A13_00350	29P3R3A9_00260	97.386	306	8	0	1	306	1	306	0.0	597
10P3R2A13_00351	10P3R2A13_00351	100.000	386	0	0	1	386	1	386	0.0	743
10P3R2A13_00352	10P3R2A13_00352	100.000	309	0	0	1	309	1	309	0.0	625
10P3R2A13_00353	10P3R2A13_00353	100.000	244	0	0	1	244	1	244	4.37e-169	466
10P3R2A13_00354	10P3R2A13_00354	100.000	36	0	0	1	36	1	36	6.78e-17	65.1
10P3R2A13_00354	12_1P1R2A2-1_03798	97.222	36	1	0	1	36	1	36	4.20e-16	63.2
10P3R2A13_00355	10P3R2A13_00355	100.000	244	0	0	1	244	1	244	4.12e-180	493
10P3R2A13_00355	25P2R1A13_00254	100.000	216	0	0	29	244	1	216	1.16e-157	436
10P3R2A13_00356	10P3R2A13_00356	100.000	562	0	0	1	562	1	562	0.0	1156
10P3R2A13_00356	34P3R2A10_04340	100.000	507	0	0	56	562	1	507	0.0	1040
10P3R2A13_00357	10P3R2A13_00357	100.000	240	0	0	1	240	1	240	1.10e-177	487
10P3R2A13_00358	10P3R2A13_00358	100.000	157	0	0	1	157	1	157	1.48e-114	321
10P3R2A13_00359	10P3R2A13_00359	100.000	154	0	0	1	154	1	154	1.04e-107	303
10P3R2A13_00360	10P3R2A13_00360	100.000	667	0	0	1	667	1	667	0.0	1360
10P3R2A13_00360	17P1R1A4_00254	97.601	667	16	0	1	667	1	667	0.0	1330
10P3R2A13_00360	28P2R1A12_02231	97.001	667	20	0	1	667	1	667	0.0	1323
10P3R2A13_00360	27P2R2A12_00438	95.802	667	28	0	1	667	1	667	0.0	1306
10P3R2A13_00360	29P3R3A9_00270	96.108	668	25	1	1	667	1	668	0.0	1306
10P3R2A13_00360	34P3R2A10_05115	97.143	350	10	0	318	667	1	350	0.0	692
10P3R2A13_00361	10P3R2A13_00361	100.000	379	0	0	1	379	1	379	0.0	773
10P3R2A13_00362	10P3R2A13_00362	100.000	760	0	0	1	760	1	760	0.0	1536
10P3R2A13_00362	29P3R3A9_00272	97.237	760	21	0	1	760	1	760	0.0	1497
10P3R2A13_00362	25P2R1A13_02251	97.368	760	20	0	1	760	1	760	0.0	1497
10P3R2A13_00362	32P3R2A9_00284	97.237	760	21	0	1	760	1	760	0.0	1494
10P3R2A13_00362	27P2R2A12_00440	97.105	760	22	0	1	760	1	760	0.0	1493
10P3R2A13_00362	17P1R1A4_00257	99.565	460	2	0	1	460	1	460	0.0	943
10P3R2A13_00362	34P3R2A10_03986	98.077	468	9	0	293	760	1	468	0.0	906
10P3R2A13_00362	17P1R1A4_00256	97.578	289	7	0	472	760	1	289	0.0	554
10P3R2A13_00363	10P3R2A13_00363	100.000	363	0	0	1	363	1	363	0.0	747
10P3R2A13_00363	15P1R1A16_02096	100.000	295	0	0	69	363	1	295	0.0	605
10P3R2A13_00364	10P3R2A13_00364	100.000	107	0	0	1	107	1	107	2.18e-74	215
10P3R2A13_00364	40P3R1A10_00259	98.113	106	2	0	1	106	1	106	8.68e-73	211
10P3R2A13_00364	32P3R2A9_00287	97.143	105	3	0	1	105	1	105	2.21e-71	207
10P3R2A13_00364	29P3R3A9_00275	97.143	105	3	0	1	105	1	105	3.21e-70	204
10P3R2A13_00365	10P3R2A13_00365	100.000	1211	0	0	1	1211	1	1211	0.0	2478
10P3R2A13_00365	32P3R2A9_00288	97.110	1211	35	0	1	1211	1	1211	0.0	2410
10P3R2A13_00365	25P2R1A13_02254	95.871	1211	50	0	1	1211	1	1211	0.0	2342
10P3R2A13_00365	29P3R3A9_00276	95.128	1211	59	0	1	1211	1	1211	0.0	2319
10P3R2A13_00365	40P3R1A10_00260	97.048	1118	33	0	94	1211	1	1118	0.0	2227
10P3R2A13_00365	16_1P2R1A8-1_00001	100.000	951	0	0	261	1211	1	951	0.0	1943
10P3R2A13_00365	34P3R2A10_04462	96.978	728	22	0	484	1211	1	728	0.0	1448
10P3R2A13_00365	15P1R1A16_05055	100.000	435	0	0	777	1211	1	435	0.0	893
10P3R2A13_00365	16_1P2R1A8-1_04528	100.000	224	0	0	1	224	1	224	1.28e-153	459
10P3R2A13_00366	10P3R2A13_00366	100.000	1265	0	0	1	1265	1	1265	0.0	2596
10P3R2A13_00366	19P1R1A6_00446	97.312	1265	34	0	1	1265	1	1265	0.0	2536
10P3R2A13_00366	34P3R2A10_03724	99.750	1201	3	0	65	1265	1	1201	0.0	2458
10P3R2A13_00366	14P1R2A4_04605	97.031	1044	31	0	222	1265	1	1044	0.0	2088
10P3R2A13_00366	33P3R2A2_01626	99.056	953	9	0	313	1265	1	953	0.0	1937
10P3R2A13_00366	15P1R1A16_04846	96.658	808	27	0	458	1265	1	808	0.0	1608
10P3R2A13_00366	43P2R2A2_05251	96.602	618	21	0	648	1265	1	618	0.0	1228
10P3R2A13_00366	12_1P1R2A2-1_03159	99.327	297	2	0	1	297	1	297	0.0	608
10P3R2A13_00366	33P3R2A2_01627	98.540	274	4	0	1	274	1	274	0.0	555
10P3R2A13_00368	10P3R2A13_00368	100.000	370	0	0	1	370	1	370	0.0	761
10P3R2A13_00369	10P3R2A13_00369	100.000	94	0	0	1	94	1	94	1.84e-67	197
10P3R2A13_00369	15P1R1A16_03782	96.809	94	3	0	1	94	1	94	1.24e-64	189
10P3R2A13_00370	10P3R2A13_00370	100.000	181	0	0	1	181	1	181	5.14e-130	362
10P3R2A13_00370	16_1P2R1A8-1_04533	100.000	165	0	0	1	165	1	165	1.79e-118	332
10P3R2A13_00371	10P3R2A13_00371	100.000	225	0	0	1	225	1	225	1.84e-164	452
10P3R2A13_00372	10P3R2A13_00372	100.000	827	0	0	1	827	1	827	0.0	1707
10P3R2A13_00372	27P2R2A12_00451	98.241	796	14	0	32	827	1	796	0.0	1615
10P3R2A13_00372	43P2R2A2_05250	99.666	598	2	0	230	827	1	598	0.0	1227
10P3R2A13_00372	16_1P2R1A8-1_04798	99.677	310	1	0	210	519	12	321	0.0	635
10P3R2A13_00372	16_1P2R1A8-1_04732	100.000	305	0	0	523	827	1	305	0.0	631
10P3R2A13_00372	15P1R1A16_04813	100.000	64	0	0	764	827	1	64	1.71e-38	137
10P3R2A13_00372	27P2R2A12_00450	96.774	31	1	0	1	31	1	31	3.10e-13	64.3
10P3R2A13_00373	10P3R2A13_00373	100.000	345	0	0	1	345	1	345	0.0	698
10P3R2A13_00373	32P3R2A9_00296	99.710	345	1	0	1	345	15	359	0.0	697
10P3R2A13_00373	34P3R2A10_01757	97.971	345	7	0	1	345	15	359	0.0	687
10P3R2A13_00373	29P3R3A9_00286	97.971	345	7	0	1	345	1	345	0.0	684
10P3R2A13_00373	16_1P2R1A8-1_04731	97.959	343	7	0	1	343	1	343	0.0	683
10P3R2A13_00373	28P2R1A12_02244	97.391	345	9	0	1	345	1	345	0.0	681
10P3R2A13_00373	43P2R2A2_05638	100.000	99	0	0	247	345	1	99	1.67e-61	191
10P3R2A13_00374	10P3R2A13_00374	100.000	113	0	0	1	113	1	113	1.16e-81	234
10P3R2A13_00375	10P3R2A13_00375	100.000	275	0	0	1	275	1	275	0.0	556
10P3R2A13_00375	29P3R3A9_00288	96.085	281	3	1	1	273	1	281	0.0	538
10P3R2A13_00375	15P1R1A16_04810	97.908	239	5	0	37	275	1	239	1.24e-171	473
10P3R2A13_00375	27P2R2A12_00454	97.908	239	5	0	37	275	1	239	8.80e-171	471
10P3R2A13_00375	32P3R2A9_00298	100.000	201	0	0	75	275	1	201	3.03e-148	413
10P3R2A13_00375	32P3R2A9_00299	98.649	74	1	0	1	74	1	74	9.58e-44	143
10P3R2A13_00376	10P3R2A13_00376	100.000	91	0	0	1	91	1	91	1.02e-60	179
10P3R2A13_00377	10P3R2A13_00377	100.000	435	0	0	1	435	1	435	0.0	904
10P3R2A13_00378	10P3R2A13_00378	100.000	317	0	0	1	317	1	317	0.0	659
10P3R2A13_00379	10P3R2A13_00379	100.000	116	0	0	1	116	1	116	5.31e-84	240
10P3R2A13_00380	10P3R2A13_00380	100.000	30	0	0	1	30	1	30	5.96e-15	59.7
10P3R2A13_00381	10P3R2A13_00381	100.000	184	0	0	1	184	1	184	3.70e-135	375
10P3R2A13_00381	1P1R1A1_00273	97.283	184	5	0	1	184	1	184	2.54e-131	365
10P3R2A13_00382	10P3R2A13_00382	100.000	61	0	0	1	61	1	61	2.55e-40	125
10P3R2A13_00383	10P3R2A13_00383	100.000	240	0	0	1	240	1	240	0.0	498
10P3R2A13_00384	10P3R2A13_00384	100.000	82	0	0	1	82	1	82	2.15e-57	170
10P3R2A13_00385	10P3R2A13_00385	100.000	263	0	0	1	263	1	263	0.0	533
10P3R2A13_00385	15P1R1A16_03692	97.719	263	6	0	1	263	1	263	0.0	522
10P3R2A13_00385	29P3R3A9_00290	96.958	263	8	0	1	263	1	263	0.0	518
10P3R2A13_00385	3P1R3A2_00713	96.198	263	10	0	1	263	1	263	5.64e-180	495
10P3R2A13_00385	11P3R3A1_00722	95.817	263	11	0	1	263	1	263	8.86e-178	489
10P3R2A13_00386	10P3R2A13_00386	100.000	267	0	0	1	267	1	267	0.0	546
10P3R2A13_00387	10P3R2A13_00387	100.000	273	0	0	1	273	1	273	0.0	566
10P3R2A13_00387	34P3R2A10_05252	97.802	273	6	0	1	273	1	273	0.0	555
10P3R2A13_00387	29P3R3A9_00292	97.436	273	7	0	1	273	1	273	0.0	553
10P3R2A13_00387	33P3R2A2_01640	97.070	273	8	0	1	273	1	273	0.0	553
10P3R2A13_00387	25P2R1A13_02268	98.947	190	2	0	1	190	1	190	2.03e-136	384
10P3R2A13_00387	25P2R1A13_02269	95.556	45	2	0	229	273	1	45	4.07e-24	91.7
10P3R2A13_00388	10P3R2A13_00388	100.000	249	0	0	1	249	1	249	0.0	512
10P3R2A13_00388	34P3R2A10_05101	100.000	214	0	0	36	249	1	214	7.23e-159	439
10P3R2A13_00389	10P3R2A13_00389	100.000	322	0	0	1	322	1	322	0.0	647
10P3R2A13_00389	34P3R2A10_05100	99.010	202	2	0	121	322	1	202	1.13e-144	405
10P3R2A13_00390	10P3R2A13_00390	100.000	335	0	0	1	335	1	335	0.0	680
10P3R2A13_00390	43P2R2A2_05687	100.000	207	0	0	129	335	1	207	2.27e-146	410
10P3R2A13_00391	10P3R2A13_00391	100.000	426	0	0	1	426	1	426	0.0	855
10P3R2A13_00392	10P3R2A13_00392	100.000	351	0	0	1	351	1	351	0.0	724
10P3R2A13_00392	18P3R3A11_03825	96.011	351	14	0	1	351	1	351	0.0	704
10P3R2A13_00392	34P3R2A10_01659	98.214	112	2	0	240	351	1	112	1.99e-73	223
10P3R2A13_00393	10P3R2A13_00393	100.000	285	0	0	1	285	1	285	0.0	591
10P3R2A13_00393	11P3R3A1_00731	98.913	184	2	0	102	285	1	184	1.98e-135	380
10P3R2A13_00394	10P3R2A13_00394	100.000	421	0	0	1	421	1	421	0.0	877
10P3R2A13_00395	10P3R2A13_00395	100.000	151	0	0	1	151	1	151	5.79e-111	311
10P3R2A13_00395	43P2R2A2_02431	100.000	100	0	0	52	151	1	100	3.76e-69	204
10P3R2A13_00396	10P3R2A13_00396	100.000	95	0	0	1	95	1	95	3.11e-66	194
10P3R2A13_00396	11P3R3A1_00734	97.895	95	2	0	1	95	1	95	3.89e-65	191
10P3R2A13_00396	25P2R1A13_02278	97.872	94	2	0	1	94	1	94	2.71e-61	194
10P3R2A13_00397	10P3R2A13_00397	100.000	452	0	0	1	452	1	452	0.0	894
10P3R2A13_00397	25P2R1A13_02278	99.115	452	4	0	1	452	97	548	0.0	889
10P3R2A13_00398	10P3R2A13_00398	100.000	347	0	0	1	347	1	347	0.0	715
10P3R2A13_00399	10P3R2A13_00399	100.000	260	0	0	1	260	1	260	0.0	524
10P3R2A13_00400	10P3R2A13_00400	100.000	300	0	0	1	300	1	300	0.0	607
10P3R2A13_00401	10P3R2A13_00401	100.000	106	0	0	1	106	1	106	7.98e-75	216
10P3R2A13_00401	14P1R2A4_03285	100.000	106	0	0	1	106	21	126	2.08e-74	216
10P3R2A13_00401	27P2R2A12_00472	97.170	106	3	0	1	106	21	126	1.47e-72	211
10P3R2A13_00402	10P3R2A13_00402	100.000	454	0	0	1	454	1	454	0.0	951
10P3R2A13_00402	31P2R1A5_00801	95.595	454	20	0	1	454	1	454	0.0	915
10P3R2A13_00403	10P3R2A13_00403	100.000	99	0	0	1	99	1	99	9.06e-70	203
10P3R2A13_00404	10P3R2A13_00404	100.000	84	0	0	1	84	1	84	1.12e-54	164
10P3R2A13_00405	10P3R2A13_00405	100.000	111	0	0	1	111	1	111	5.79e-78	224
10P3R2A13_00406	10P3R2A13_00406	100.000	241	0	0	1	241	1	241	3.83e-177	486
10P3R2A13_00407	10P3R2A13_00407	100.000	468	0	0	1	468	1	468	0.0	953
10P3R2A13_00408	10P3R2A13_00408	100.000	472	0	0	1	472	1	472	0.0	931
10P3R2A13_00408	15P1R1A16_03643	99.412	340	2	0	133	472	1	340	0.0	660
10P3R2A13_00409	10P3R2A13_00409	100.000	1026	0	0	1	1026	1	1026	0.0	2068
10P3R2A13_00409	34P3R2A10_04781	100.000	466	0	0	561	1026	1	466	0.0	948
10P3R2A13_00409	43P2R2A2_02445	100.000	419	0	0	608	1026	1	419	0.0	850
10P3R2A13_00410	10P3R2A13_00410	100.000	1041	0	0	1	1041	1	1041	0.0	2081
10P3R2A13_00410	34P3R2A10_04257	99.488	391	2	0	651	1041	1	391	0.0	787
10P3R2A13_00410	15P1R1A16_05084	99.692	325	1	0	717	1041	1	325	0.0	654
10P3R2A13_00411	10P3R2A13_00411	100.000	456	0	0	1	456	1	456	0.0	926
10P3R2A13_00411	12_1P1R2A2-1_03122	100.000	416	0	0	41	456	1	416	0.0	834
10P3R2A13_00411	43P2R2A2_05237	100.000	65	0	0	392	456	1	65	4.39e-36	127
10P3R2A13_00412	10P3R2A13_00412	100.000	49	0	0	1	49	1	49	1.89e-29	97.8
10P3R2A13_00413	10P3R2A13_00413	100.000	220	0	0	1	220	1	220	4.01e-163	449
10P3R2A13_00413	29P3R3A9_00318	97.727	220	5	0	1	220	1	220	2.09e-160	442
10P3R2A13_00413	33P3R2A2_03815	97.727	220	5	0	1	220	1	220	6.68e-160	441
10P3R2A13_00413	25P2R1A13_02293	97.727	220	5	0	1	220	1	220	9.48e-160	440
10P3R2A13_00413	15P1R1A16_05168	100.000	55	0	0	166	220	1	55	3.90e-31	108
10P3R2A13_00414	10P3R2A13_00414	100.000	227	0	0	1	227	1	227	2.44e-167	460
10P3R2A13_00414	29P3R3A9_00319	97.768	224	5	0	1	224	1	224	2.10e-163	450
10P3R2A13_00414	26P1R3A4_00185	97.797	227	5	0	1	227	1	227	4.53e-163	449
10P3R2A13_00414	33P3R2A2_03814	96.035	227	9	0	1	227	1	227	6.66e-162	446
10P3R2A13_00414	25P2R1A13_02294	96.476	227	8	0	1	227	1	227	1.89e-161	445
10P3R2A13_00415	10P3R2A13_00415	100.000	647	0	0	1	647	1	647	0.0	1340
10P3R2A13_00415	25P2R1A13_02295	97.991	647	13	0	1	647	1	647	0.0	1315
10P3R2A13_00415	19P1R1A6_00406	97.063	647	19	0	1	647	1	647	0.0	1306
10P3R2A13_00415	27P2R2A12_00485	98.134	643	12	0	5	647	7	649	0.0	1305
10P3R2A13_00415	29P3R3A9_00321	97.201	643	18	0	5	647	7	649	0.0	1295
10P3R2A13_00415	12_1P1R2A2-1_03118	96.302	622	23	0	26	647	15	636	0.0	1224
10P3R2A13_00415	33P3R2A2_03812	95.874	509	21	0	139	647	1	509	0.0	991
10P3R2A13_00415	14P1R2A4_05105	96.726	336	11	0	312	647	1	336	0.0	668
10P3R2A13_00416	10P3R2A13_00416	100.000	451	0	0	1	451	1	451	0.0	915
10P3R2A13_00416	14P1R2A4_05104	98.462	130	2	0	322	451	1	130	4.09e-82	249
10P3R2A13_00417	10P3R2A13_00417	100.000	286	0	0	1	286	1	286	0.0	585
10P3R2A13_00417	16_1P2R1A8-1_02443	97.552	286	7	0	1	286	1	286	0.0	573
10P3R2A13_00417	33P3R2A2_03810	96.503	286	10	0	1	286	1	286	0.0	570
10P3R2A13_00417	27P2R2A12_00487	98.214	280	5	0	1	280	1	280	0.0	569
10P3R2A13_00417	28P2R1A12_04152	97.500	280	7	0	1	280	1	280	0.0	563
10P3R2A13_00417	40P3R1A10_00305	97.285	221	6	0	1	221	1	221	3.02e-158	439
10P3R2A13_00417	25P2R1A13_02298	100.000	169	0	0	118	286	1	169	5.32e-122	345
10P3R2A13_00417	25P2R1A13_02297	98.039	102	2	0	1	102	1	102	1.19e-68	208
10P3R2A13_00418	10P3R2A13_00418	100.000	1106	0	0	1	1106	1	1106	0.0	2264
10P3R2A13_00418	34P3R2A10_02185	98.197	1054	19	0	53	1106	1	1054	0.0	2125
10P3R2A13_00418	25P2R1A13_02299	99.474	950	5	0	157	1106	1	950	0.0	1942
10P3R2A13_00418	15P1R1A16_04506	99.307	433	3	0	674	1106	1	433	0.0	877
10P3R2A13_00418	43P2R2A2_04778	99.675	308	1	0	799	1106	1	308	0.0	626
10P3R2A13_00418	25P2R1A13_02300	99.291	141	1	0	1	141	1	141	2.61e-89	283
10P3R2A13_00418	28P2R1A12_04150	99.286	140	1	0	1	140	1	140	1.79e-88	282
10P3R2A13_00418	27P2R2A12_00489	100.000	123	0	0	1	123	1	123	1.00e-77	250
10P3R2A13_00419	10P3R2A13_00419	100.000	214	0	0	1	214	1	214	6.52e-160	440
10P3R2A13_00420	10P3R2A13_00420	100.000	194	0	0	1	194	1	194	1.45e-141	392
10P3R2A13_00420	31P2R1A5_00815	95.361	194	9	0	1	194	1	194	3.46e-134	373
10P3R2A13_00421	10P3R2A13_00421	100.000	618	0	0	1	618	1	618	0.0	1256
10P3R2A13_00421	12_1P1R2A2-1_03112	97.735	618	14	0	1	618	1	618	0.0	1229
10P3R2A13_00421	34P3R2A10_04977	97.506	401	10	0	218	618	2	402	0.0	798
10P3R2A13_00421	14P1R2A4_05096	99.333	300	2	0	319	618	1	300	0.0	613
10P3R2A13_00422	10P3R2A13_00422	100.000	528	0	0	1	528	1	528	0.0	1067
10P3R2A13_00422	12_1P1R2A2-1_03110	96.402	528	19	0	1	528	16	543	0.0	1042
10P3R2A13_00422	15P1R1A16_03829	99.544	439	2	0	90	528	1	439	0.0	889
10P3R2A13_00422	14P1R2A4_05097	98.438	128	2	0	401	528	1	128	1.56e-85	260
10P3R2A13_00423	10P3R2A13_00423	100.000	380	0	0	1	380	1	380	0.0	780
10P3R2A13_00423	15P1R1A16_05082	100.000	349	0	0	32	380	1	349	0.0	717
10P3R2A13_00424	10P3R2A13_00424	100.000	148	0	0	1	148	1	148	1.79e-109	307
10P3R2A13_00425	10P3R2A13_00425	100.000	721	0	0	1	721	1	721	0.0	1477
10P3R2A13_00425	43P2R2A2_05724	99.701	335	1	0	387	721	1	335	0.0	686
10P3R2A13_00425	15P1R1A16_04258	100.000	58	0	0	664	721	1	58	7.75e-33	120
10P3R2A13_00426	10P3R2A13_00426	100.000	280	0	0	1	280	1	280	0.0	588
10P3R2A13_00426	43P2R2A2_04755	100.000	241	0	0	40	280	1	241	0.0	507
10P3R2A13_00427	10P3R2A13_00427	100.000	163	0	0	1	163	1	163	9.54e-118	329
10P3R2A13_00428	10P3R2A13_00428	100.000	406	0	0	1	406	1	406	0.0	851
10P3R2A13_00429	10P3R2A13_00429	100.000	406	0	0	1	406	1	406	0.0	800
10P3R2A13_00430	10P3R2A13_00430	100.000	249	0	0	1	249	1	249	0.0	516
10P3R2A13_00430	25P2R1A13_02312	98.381	247	4	0	1	247	1	247	0.0	506
10P3R2A13_00430	29P3R3A9_00336	97.976	247	5	0	1	247	1	247	0.0	504
10P3R2A13_00431	10P3R2A13_00431	100.000	183	0	0	1	183	1	183	1.49e-134	373
10P3R2A13_00432	10P3R2A13_00432	100.000	374	0	0	1	374	1	374	0.0	779
10P3R2A13_00432	18P3R3A11_04519	95.722	374	16	0	1	374	1	374	0.0	751
10P3R2A13_00433	10P3R2A13_00433	100.000	322	0	0	1	322	1	322	0.0	673
10P3R2A13_00433	43P2R2A2_05634	97.516	322	8	0	1	322	1	322	0.0	660
10P3R2A13_00433	15P1R1A16_04162	99.163	239	2	0	84	322	1	239	0.0	500
10P3R2A13_00434	10P3R2A13_00434	100.000	161	0	0	1	161	1	161	6.58e-118	329
10P3R2A13_00434	11P3R3A1_03530	96.894	161	5	0	1	161	1	161	2.24e-115	323
10P3R2A13_00434	29P3R3A9_00340	96.894	161	5	0	1	161	1	161	1.24e-114	321
10P3R2A13_00434	34P3R2A10_00028	95.031	161	8	0	1	161	1	161	5.00e-113	317
10P3R2A13_00434	15P1R1A16_04161	95.652	161	7	0	1	161	1	161	7.93e-113	317
10P3R2A13_00435	10P3R2A13_00435	100.000	408	0	0	1	408	1	408	0.0	841
10P3R2A13_00436	10P3R2A13_00436	100.000	479	0	0	1	479	1	479	0.0	987
10P3R2A13_00436	15P1R1A16_04921	100.000	68	0	0	412	479	1	68	5.11e-40	138
10P3R2A13_00438	10P3R2A13_00438	100.000	465	0	0	1	465	1	465	0.0	961
10P3R2A13_00439	10P3R2A13_00439	100.000	493	0	0	1	493	1	493	0.0	976
10P3R2A13_00439	15P1R1A16_04241	98.958	288	3	0	206	493	1	288	0.0	561
10P3R2A13_00439	43P2R2A2_05175	100.000	117	0	0	377	493	1	117	7.33e-74	228
10P3R2A13_00440	10P3R2A13_00440	100.000	427	0	0	1	427	1	427	0.0	885
10P3R2A13_00440	15P1R1A16_04620	99.636	275	1	0	153	427	1	275	0.0	566
10P3R2A13_00440	43P2R2A2_05646	100.000	163	0	0	265	427	1	163	8.41e-115	333
10P3R2A13_00441	10P3R2A13_00441	100.000	407	0	0	1	407	1	407	0.0	837
10P3R2A13_00441	43P2R2A2_05252	100.000	204	0	0	204	407	1	204	4.70e-146	413
10P3R2A13_00442	10P3R2A13_00442	100.000	465	0	0	1	465	1	465	0.0	955
10P3R2A13_00442	28P2R1A12_04637	97.634	465	11	0	1	465	1	465	0.0	936
10P3R2A13_00442	1P1R1A1_00848	97.204	465	13	0	1	465	1	465	0.0	934
10P3R2A13_00442	3P1R3A2_00657	96.989	465	14	0	1	465	1	465	0.0	929
10P3R2A13_00442	11P3R3A1_03522	96.774	465	15	0	1	465	1	465	0.0	929
10P3R2A13_00442	25P2R1A13_02324	96.344	465	17	0	1	465	1	465	0.0	927
10P3R2A13_00442	34P3R2A10_00020	96.344	465	17	0	1	465	1	465	0.0	926
10P3R2A13_00442	15P1R1A16_04618	96.129	465	18	0	1	465	1	465	0.0	923
10P3R2A13_00444	10P3R2A13_00444	100.000	254	0	0	1	254	1	254	0.0	516
10P3R2A13_00445	10P3R2A13_00445	100.000	400	0	0	1	400	1	400	0.0	785
10P3R2A13_00446	10P3R2A13_00446	100.000	504	0	0	1	504	1	504	0.0	998
10P3R2A13_00447	10P3R2A13_00447	100.000	335	0	0	1	335	1	335	0.0	681
10P3R2A13_00448	10P3R2A13_00448	100.000	181	0	0	1	181	1	181	1.74e-133	370
10P3R2A13_00449	10P3R2A13_00449	100.000	363	0	0	1	363	1	363	0.0	724
10P3R2A13_00450	10P3R2A13_00450	100.000	470	0	0	1	470	1	470	0.0	973
10P3R2A13_00451	10P3R2A13_00451	100.000	457	0	0	1	457	1	457	0.0	939
10P3R2A13_00451	14P1R2A4_04777	97.802	455	10	0	3	457	6	460	0.0	917
10P3R2A13_00451	8P2R1A11_00287	96.061	457	18	0	1	457	1	457	0.0	909
10P3R2A13_00451	20P1R1A7_04417	96.703	455	15	0	3	457	6	460	0.0	907
10P3R2A13_00451	15P1R1A16_04920	96.061	457	18	0	1	457	12	468	0.0	904
10P3R2A13_00451	28P2R1A12_03785	95.614	456	20	0	1	456	1	456	0.0	897
10P3R2A13_00451	43P2R2A2_05672	95.775	284	12	0	174	457	1	284	0.0	565
10P3R2A13_00451	43P2R2A2_04349	98.026	152	3	0	306	457	1	152	9.10e-106	310
10P3R2A13_00452	10P3R2A13_00452	100.000	469	0	0	1	469	1	469	0.0	957
10P3R2A13_00452	12_1P1R2A2-1_03091	95.736	469	20	0	1	469	1	469	0.0	925
10P3R2A13_00452	29P3R3A9_00359	95.736	469	20	0	1	469	1	469	0.0	924
10P3R2A13_00452	15P1R1A16_04490	99.541	218	1	0	252	469	1	218	1.92e-156	442
10P3R2A13_00452	38P2R3A13_05327	97.596	208	5	0	1	208	1	208	7.57e-147	417
10P3R2A13_00452	33P3R2A2_04177	100.000	23	0	0	1	23	1	23	5.94e-08	48.9
10P3R2A13_00453	10P3R2A13_00453	100.000	389	0	0	1	389	1	389	0.0	793
10P3R2A13_00453	15P1R1A16_04780	95.668	277	12	0	113	389	1	277	0.0	548
10P3R2A13_00454	10P3R2A13_00454	100.000	326	0	0	1	326	1	326	0.0	658
10P3R2A13_00454	25P2R1A13_04282	96.636	327	10	1	1	326	1	327	0.0	635
10P3R2A13_00454	28P2R1A12_03794	96.012	326	13	0	1	326	1	326	0.0	613
10P3R2A13_00454	16_1P2R1A8-1_02478	95.399	326	15	0	1	326	1	326	0.0	605
10P3R2A13_00455	10P3R2A13_00455	100.000	204	0	0	1	204	1	204	1.83e-153	423
10P3R2A13_00455	25P2R1A13_04283	97.059	204	6	0	1	204	1	204	6.15e-149	411
10P3R2A13_00455	15P1R1A16_04782	97.826	184	4	0	21	204	1	184	4.01e-134	373
10P3R2A13_00456	10P3R2A13_00456	100.000	259	0	0	1	259	1	259	0.0	529
10P3R2A13_00456	31P2R1A5_00843	95.753	259	11	0	1	259	1	259	0.0	512
10P3R2A13_00456	38P2R3A13_01506	95.753	259	11	0	1	259	1	259	0.0	509
10P3R2A13_00456	15P1R1A16_04486	100.000	64	0	0	196	259	1	64	1.78e-39	131
10P3R2A13_00457	10P3R2A13_00457	100.000	246	0	0	1	246	1	246	1.81e-179	492
10P3R2A13_00457	15P1R1A16_05202	99.324	148	1	0	99	246	1	148	1.70e-103	296
10P3R2A13_00458	10P3R2A13_00458	100.000	197	0	0	1	197	1	197	9.75e-149	410
10P3R2A13_00458	34P3R2A10_04320	99.306	144	1	0	54	197	1	144	7.23e-107	303
10P3R2A13_00459	10P3R2A13_00459	100.000	356	0	0	1	356	1	356	0.0	738
10P3R2A13_00459	15P1R1A16_05142	98.502	267	4	0	90	356	1	267	0.0	548
10P3R2A13_00459	15P1R1A16_05238	100.000	153	0	0	204	356	1	153	5.82e-109	315
10P3R2A13_00460	10P3R2A13_00460	100.000	357	0	0	1	357	1	357	0.0	729
10P3R2A13_00461	10P3R2A13_00461	100.000	435	0	0	1	435	1	435	0.0	887
10P3R2A13_00461	15P1R1A16_03316	97.931	435	9	0	1	435	1	435	0.0	868
10P3R2A13_00461	25P2R1A13_04289	97.701	435	10	0	1	435	1	435	0.0	865
10P3R2A13_00461	12_1P1R2A2-1_00013	97.931	435	9	0	1	435	1	435	0.0	863
10P3R2A13_00461	11P3R3A1_03061	97.471	435	11	0	1	435	1	435	0.0	863
10P3R2A13_00462	10P3R2A13_00462	100.000	300	0	0	1	300	1	300	0.0	607
10P3R2A13_00462	18P3R3A11_03379	95.667	300	13	0	1	300	1	300	0.0	586
10P3R2A13_00463	10P3R2A13_00463	100.000	84	0	0	1	84	1	84	3.80e-57	170
10P3R2A13_00464	10P3R2A13_00464	100.000	85	0	0	1	85	1	85	5.11e-59	174
10P3R2A13_00464	25P2R1A13_04292	97.647	85	2	0	1	85	1	85	1.12e-57	171
10P3R2A13_00464	33P3R2A2_04047	97.647	85	2	0	1	85	1	85	6.70e-57	169
10P3R2A13_00465	10P3R2A13_00465	100.000	275	0	0	1	275	1	275	0.0	561
10P3R2A13_00466	10P3R2A13_00466	100.000	317	0	0	1	317	1	317	0.0	650
10P3R2A13_00466	12_1P1R2A2-1_00018	99.032	310	3	0	8	317	1	310	0.0	625
10P3R2A13_00466	34P3R2A10_04998	99.070	215	2	0	103	317	1	215	2.21e-157	438
10P3R2A13_00466	43P2R2A2_05364	100.000	190	0	0	128	317	1	190	3.77e-138	389
10P3R2A13_00467	10P3R2A13_00467	100.000	453	0	0	1	453	1	453	0.0	915
10P3R2A13_00467	31P2R1A5_00852	97.351	453	12	0	1	453	1	453	0.0	900
10P3R2A13_00467	38P2R3A13_01515	97.130	453	13	0	1	453	1	453	0.0	896
10P3R2A13_00467	34P3R2A10_04640	100.000	52	0	0	402	453	1	52	1.53e-29	109
10P3R2A13_00468	10P3R2A13_00468	100.000	335	0	0	1	335	1	335	0.0	667
10P3R2A13_00468	24P1R3A1_00021	98.806	335	4	0	1	335	19	353	0.0	663
10P3R2A13_00468	43P2R2A2_04934	100.000	231	0	0	105	335	1	231	4.15e-166	462
10P3R2A13_00469	10P3R2A13_00469	100.000	76	0	0	1	76	1	76	4.26e-50	151
10P3R2A13_00469	30P2R3A4_00035	97.368	76	2	0	1	76	1	76	5.56e-49	149
10P3R2A13_00470	10P3R2A13_00470	100.000	476	0	0	1	476	1	476	0.0	990
10P3R2A13_00470	34P3R2A10_04643	98.507	134	2	0	343	476	1	134	2.34e-89	268
10P3R2A13_00471	10P3R2A13_00471	100.000	389	0	0	1	389	1	389	0.0	807
10P3R2A13_00471	34P3R2A10_04669	99.582	239	1	0	151	389	1	239	7.99e-179	496
10P3R2A13_00471	43P2R2A2_05508	100.000	221	0	0	169	389	1	221	2.27e-164	459
10P3R2A13_00471	32P3R2A9_00398	100.000	208	0	0	1	208	1	208	6.89e-155	434
10P3R2A13_00471	32P3R2A9_00399	98.171	164	3	0	226	389	1	164	1.97e-115	333
10P3R2A13_00473	10P3R2A13_00473	100.000	353	0	0	1	353	1	353	0.0	718
10P3R2A13_00473	15P1R1A16_05162	99.700	333	1	0	21	353	1	333	0.0	675
10P3R2A13_00473	34P3R2A10_05189	100.000	206	0	0	148	353	1	206	1.23e-150	422
10P3R2A13_00473	16_1P2R1A8-1_02495	100.000	184	0	0	1	184	1	184	1.37e-130	372
10P3R2A13_00473	16_1P2R1A8-1_04545	99.291	141	1	0	213	353	1	141	1.77e-99	290
10P3R2A13_00474	10P3R2A13_00474	100.000	110	0	0	1	110	1	110	2.49e-75	218
10P3R2A13_00474	18P3R3A11_03460	96.330	109	4	0	1	109	1	109	2.37e-72	210
10P3R2A13_00474	42P1R1A12_05016	96.154	104	4	0	1	104	1	104	9.12e-69	201
10P3R2A13_00474	31P2R1A5_00880	96.154	104	4	0	1	104	1	104	4.59e-68	199
10P3R2A13_00475	10P3R2A13_00475	100.000	122	0	0	1	122	1	122	2.49e-90	256
10P3R2A13_00475	43P2R2A2_05491	100.000	122	0	0	1	122	81	202	4.14e-90	259
10P3R2A13_00475	25P2R1A13_02757	98.361	122	2	0	1	122	163	284	4.02e-88	257
10P3R2A13_00477	10P3R2A13_00477	100.000	433	0	0	1	433	1	433	0.0	872
10P3R2A13_00478	10P3R2A13_00478	100.000	91	0	0	1	91	1	91	4.41e-62	183
10P3R2A13_00479	10P3R2A13_00479	100.000	452	0	0	1	452	1	452	0.0	927
10P3R2A13_00480	10P3R2A13_00480	100.000	887	0	0	1	887	1	887	0.0	1813
10P3R2A13_00481	10P3R2A13_00481	100.000	233	0	0	1	233	1	233	7.65e-174	477
10P3R2A13_00482	10P3R2A13_00482	100.000	140	0	0	1	140	1	140	2.47e-102	288
10P3R2A13_00483	10P3R2A13_00483	100.000	346	0	0	1	346	1	346	0.0	714
10P3R2A13_00483	43P2R2A2_05630	100.000	200	0	0	147	346	1	200	1.27e-146	412
10P3R2A13_00484	10P3R2A13_00484	100.000	230	0	0	1	230	1	230	4.37e-173	474
10P3R2A13_00484	43P2R2A2_05629	99.422	173	1	0	58	230	1	173	9.75e-127	355
10P3R2A13_00485	10P3R2A13_00485	100.000	128	0	0	1	128	1	128	5.23e-92	261
10P3R2A13_00486	10P3R2A13_00486	100.000	196	0	0	1	196	1	196	8.69e-140	388
10P3R2A13_00486	15P1R1A16_03203	98.765	81	1	0	116	196	1	81	2.88e-51	159
10P3R2A13_00487	10P3R2A13_00487	100.000	294	0	0	1	294	1	294	0.0	602
10P3R2A13_00487	11P3R3A1_02271	96.939	294	9	0	1	294	1	294	0.0	585
10P3R2A13_00488	10P3R2A13_00488	100.000	445	0	0	1	445	1	445	0.0	908
10P3R2A13_00488	43P2R2A2_05470	100.000	206	0	0	240	445	1	206	8.87e-147	416
10P3R2A13_00488	34P3R2A10_02917	99.174	121	1	0	325	445	1	121	1.03e-77	237
10P3R2A13_00489	10P3R2A13_00489	100.000	246	0	0	1	246	1	246	0.0	511
10P3R2A13_00489	28P2R1A12_00861	95.935	246	10	0	1	246	1	246	0.0	496
10P3R2A13_00489	34P3R2A10_02434	99.091	220	2	0	27	246	1	220	1.23e-164	454
10P3R2A13_00490	10P3R2A13_00490	100.000	541	0	0	1	541	1	541	0.0	1122
10P3R2A13_00490	33P3R2A2_03142	97.967	541	11	0	1	541	1	541	0.0	1104
10P3R2A13_00491	10P3R2A13_00491	100.000	192	0	0	1	192	1	192	1.21e-140	389
10P3R2A13_00491	31P2R1A5_02766	96.354	192	7	0	1	192	1	192	9.36e-136	377
10P3R2A13_00492	10P3R2A13_00492	100.000	217	0	0	1	217	1	217	3.06e-160	441
10P3R2A13_00493	10P3R2A13_00493	100.000	319	0	0	1	319	1	319	0.0	650
10P3R2A13_00494	10P3R2A13_00494	100.000	160	0	0	1	160	1	160	2.35e-113	318
10P3R2A13_00495	10P3R2A13_00495	100.000	600	0	0	1	600	1	600	0.0	1234
10P3R2A13_00495	34P3R2A10_04458	100.000	169	0	0	432	600	1	169	1.44e-117	346
10P3R2A13_00496	10P3R2A13_00496	100.000	325	0	0	1	325	1	325	0.0	670
10P3R2A13_00496	15P1R1A16_01295	100.000	233	0	0	93	325	1	233	1.21e-175	485
10P3R2A13_00497	10P3R2A13_00497	100.000	227	0	0	1	227	1	227	5.91e-169	464
10P3R2A13_00497	37P2R3-2A1_02082	97.357	227	6	0	1	227	1	227	2.58e-165	455
10P3R2A13_00497	18P3R3A11_03249	97.357	227	6	0	1	227	14	240	1.06e-164	454
10P3R2A13_00497	31P2R1A5_02773	96.916	227	7	0	1	227	1	227	1.15e-164	453
10P3R2A13_00498	10P3R2A13_00498	100.000	302	0	0	1	302	1	302	0.0	619
10P3R2A13_00498	42P1R1A12_01643	96.689	302	10	0	1	302	1	302	0.0	599
10P3R2A13_00498	31P2R1A5_02774	96.026	302	12	0	1	302	1	302	0.0	597
10P3R2A13_00499	10P3R2A13_00499	100.000	243	0	0	1	243	1	243	5.42e-180	493
10P3R2A13_00500	10P3R2A13_00500	100.000	244	0	0	1	244	1	244	4.26e-179	491
10P3R2A13_00501	10P3R2A13_00501	100.000	127	0	0	1	127	1	127	1.37e-89	255
10P3R2A13_00502	10P3R2A13_00502	100.000	87	0	0	1	87	1	87	2.39e-60	178
10P3R2A13_00502	32P3R2A9_01380	100.000	62	0	0	26	87	1	62	2.16e-41	129
10P3R2A13_00503	10P3R2A13_00503	100.000	283	0	0	1	283	1	283	0.0	575
10P3R2A13_00504	10P3R2A13_00504	100.000	212	0	0	1	212	1	212	2.03e-156	431
10P3R2A13_00505	10P3R2A13_00505	100.000	168	0	0	1	168	1	168	5.53e-125	348
10P3R2A13_00506	10P3R2A13_00506	100.000	519	0	0	1	519	1	519	0.0	1066
10P3R2A13_00507	10P3R2A13_00507	100.000	1296	0	0	1	1296	1	1296	0.0	2675
10P3R2A13_00507	11P3R3A1_02251	99.846	1296	2	0	1	1296	53	1348	0.0	2675
10P3R2A13_00507	34P3R2A10_03239	99.003	602	6	0	695	1296	1	602	0.0	1227
10P3R2A13_00508	10P3R2A13_00508	100.000	461	0	0	1	461	1	461	0.0	945
10P3R2A13_00509	10P3R2A13_00509	100.000	238	0	0	1	238	1	238	3.99e-177	486
10P3R2A13_00509	25P2R1A13_00691	97.479	238	6	0	1	238	1	238	2.80e-173	476
10P3R2A13_00510	10P3R2A13_00510	100.000	445	0	0	1	445	1	445	0.0	906
10P3R2A13_00510	34P3R2A10_02369	100.000	162	0	0	284	445	1	162	4.15e-115	334
10P3R2A13_00512	10P3R2A13_00512	100.000	397	0	0	1	397	1	397	0.0	825
10P3R2A13_00513	10P3R2A13_00513	100.000	418	0	0	1	418	1	418	0.0	861
10P3R2A13_00514	10P3R2A13_00514	100.000	398	0	0	1	398	1	398	0.0	822
10P3R2A13_00515	10P3R2A13_00515	100.000	1094	0	0	1	1094	1	1094	0.0	2275
10P3R2A13_00515	15P1R1A16_00135	99.101	556	5	0	539	1094	1	556	0.0	1134
10P3R2A13_00515	43P2R2A2_05446	100.000	361	0	0	734	1094	1	361	0.0	744
10P3R2A13_00516	10P3R2A13_00516	100.000	328	0	0	1	328	1	328	0.0	665
10P3R2A13_00516	43P2R2A2_04744	100.000	153	0	0	176	328	1	153	2.37e-106	307
10P3R2A13_00516	16_1P2R1A8-1_02420	100.000	61	0	0	268	328	1	61	2.37e-36	125
10P3R2A13_00517	10P3R2A13_00517	100.000	504	0	0	1	504	1	504	0.0	1017
10P3R2A13_00517	25P2R1A13_00682	99.753	405	1	0	100	504	1	405	0.0	817
10P3R2A13_00517	25P2R1A13_00683	100.000	89	0	0	1	89	1	89	5.79e-56	182
10P3R2A13_00518	10P3R2A13_00518	100.000	333	0	0	1	333	1	333	0.0	630
10P3R2A13_00519	10P3R2A13_00519	100.000	217	0	0	1	217	1	217	1.62e-161	444
10P3R2A13_00519	11P3R3A1_02239	99.537	216	1	0	1	216	1	216	1.42e-159	445
10P3R2A13_00519	34P3R2A10_01406	100.000	125	0	0	92	216	1	125	9.52e-87	257
10P3R2A13_00520	10P3R2A13_00520	100.000	134	0	0	1	134	1	134	1.52e-98	278
10P3R2A13_00520	34P3R2A10_01406	99.254	134	1	0	1	134	130	263	1.46e-96	278
10P3R2A13_00520	11P3R3A1_02239	100.000	134	0	0	1	134	221	354	4.75e-96	280
10P3R2A13_00521	10P3R2A13_00521	100.000	291	0	0	1	291	1	291	0.0	604
10P3R2A13_00521	28P2R1A12_00830	97.251	291	8	0	1	291	1	291	0.0	588
10P3R2A13_00522	10P3R2A13_00522	100.000	141	0	0	1	141	1	141	6.14e-97	275
10P3R2A13_00523	10P3R2A13_00523	100.000	401	0	0	1	401	1	401	0.0	817
10P3R2A13_00524	10P3R2A13_00524	100.000	271	0	0	1	271	1	271	0.0	551
10P3R2A13_00525	10P3R2A13_00525	100.000	107	0	0	1	107	1	107	3.60e-76	219
10P3R2A13_00526	10P3R2A13_00526	100.000	173	0	0	1	173	1	173	3.00e-127	354
10P3R2A13_00527	10P3R2A13_00527	100.000	454	0	0	1	454	1	454	0.0	949
10P3R2A13_00528	10P3R2A13_00528	100.000	297	0	0	1	297	1	297	0.0	604
10P3R2A13_00528	26P1R3A4_02391	99.465	187	1	0	111	297	1	187	8.24e-136	382
10P3R2A13_00528	26P1R3A4_02392	97.849	93	2	0	1	93	1	93	2.32e-60	187
10P3R2A13_00529	10P3R2A13_00529	100.000	380	0	0	1	380	1	380	0.0	749
10P3R2A13_00530	10P3R2A13_00530	100.000	427	0	0	1	427	1	427	0.0	875
10P3R2A13_00531	10P3R2A13_00531	100.000	285	0	0	1	285	1	285	0.0	584
10P3R2A13_00531	28P2R1A12_00820	97.895	285	6	0	1	285	1	285	0.0	571
10P3R2A13_00532	10P3R2A13_00532	100.000	268	0	0	1	268	1	268	0.0	548
10P3R2A13_00534	10P3R2A13_00534	100.000	163	0	0	1	163	1	163	8.55e-118	329
10P3R2A13_00534	18P3R3A11_03223	95.122	164	7	1	1	163	1	164	1.23e-97	278
10P3R2A13_00534	38P2R3A13_03492	95.732	164	6	1	1	163	1	164	1.43e-97	278
10P3R2A13_00535	10P3R2A13_00535	100.000	405	0	0	1	405	1	405	0.0	837
10P3R2A13_00535	31P2R1A5_02799	95.802	405	17	0	1	405	1	405	0.0	811
10P3R2A13_00535	42P1R1A12_01671	95.309	405	19	0	1	405	30	434	0.0	806
10P3R2A13_00535	43P2R2A2_04497	100.000	91	0	0	315	405	1	91	4.81e-59	187
10P3R2A13_00536	10P3R2A13_00536	100.000	129	0	0	1	129	1	129	2.03e-92	262
10P3R2A13_00536	18P3R3A11_03221	97.674	129	3	0	1	129	1	129	2.83e-90	257
10P3R2A13_00537	10P3R2A13_00537	100.000	108	0	0	1	108	1	108	2.83e-75	218
10P3R2A13_00538	10P3R2A13_00538	100.000	172	0	0	1	172	1	172	5.48e-123	343
10P3R2A13_00539	10P3R2A13_00539	100.000	617	0	0	1	617	1	617	0.0	1231
10P3R2A13_00540	10P3R2A13_00540	100.000	112	0	0	1	112	1	112	1.84e-79	228
10P3R2A13_00541	10P3R2A13_00541	100.000	67	0	0	1	67	1	67	3.11e-44	136
10P3R2A13_00541	18P3R3A11_03216	97.015	67	2	0	1	67	1	67	2.60e-42	131
10P3R2A13_00541	31P2R1A5_02805	95.522	67	3	0	1	67	1	67	3.62e-42	130
10P3R2A13_00542	10P3R2A13_00542	100.000	428	0	0	1	428	1	428	0.0	881
10P3R2A13_00542	43P2R2A2_01188	100.000	342	0	0	87	428	1	342	0.0	702
10P3R2A13_00543	10P3R2A13_00543	100.000	259	0	0	1	259	1	259	0.0	521
10P3R2A13_00544	10P3R2A13_00544	100.000	282	0	0	1	282	1	282	0.0	570
10P3R2A13_00545	10P3R2A13_00545	100.000	1654	0	0	1	1654	1	1654	0.0	3361
10P3R2A13_00546	10P3R2A13_00546	100.000	771	0	0	1	771	1	771	0.0	1549
10P3R2A13_00547	10P3R2A13_00547	100.000	144	0	0	1	144	1	144	3.29e-104	293
10P3R2A13_00548	10P3R2A13_00548	100.000	385	0	0	1	385	1	385	0.0	800
10P3R2A13_00549	10P3R2A13_00549	100.000	338	0	0	1	338	1	338	0.0	685
10P3R2A13_00550	10P3R2A13_00550	100.000	373	0	0	1	373	1	373	0.0	752
10P3R2A13_00550	31P2R1A5_02815	97.305	371	10	0	1	371	1	371	0.0	733
10P3R2A13_00550	18P3R3A11_03204	96.247	373	14	0	1	373	1	373	0.0	731
10P3R2A13_00551	10P3R2A13_00551	100.000	425	0	0	1	425	1	425	0.0	871
10P3R2A13_00552	10P3R2A13_00552	100.000	207	0	0	1	207	1	207	1.34e-148	411
10P3R2A13_00553	10P3R2A13_00553	100.000	393	0	0	1	393	1	393	0.0	791
10P3R2A13_00553	15P1R1A16_03902	100.000	116	0	0	278	393	1	116	8.53e-79	238
10P3R2A13_00554	10P3R2A13_00554	100.000	491	0	0	1	491	1	491	0.0	1000
10P3R2A13_00555	10P3R2A13_00555	100.000	72	0	0	1	72	1	72	2.33e-48	147
10P3R2A13_00555	17P1R1A4_01521	97.222	72	2	0	1	72	1	72	6.56e-47	143
10P3R2A13_00555	25P2R1A13_00645	97.222	72	2	0	1	72	1	72	1.46e-46	142
10P3R2A13_00556	10P3R2A13_00556	100.000	457	0	0	1	457	1	457	0.0	941
10P3R2A13_00557	10P3R2A13_00557	100.000	489	0	0	1	489	1	489	0.0	986
10P3R2A13_00557	42P1R1A12_01699	96.933	489	15	0	1	489	1	489	0.0	965
10P3R2A13_00557	18P3R3A11_03193	96.319	489	18	0	1	489	1	489	0.0	910
10P3R2A13_00558	10P3R2A13_00558	100.000	526	0	0	1	526	1	526	0.0	1083
10P3R2A13_00558	18P3R3A11_03192	96.768	526	17	0	1	526	1	526	0.0	1054
10P3R2A13_00558	42P1R1A12_01700	95.057	526	26	0	1	526	1	526	0.0	1041
10P3R2A13_00558	38P2R3A13_05728	95.966	471	19	0	56	526	5	475	0.0	934
10P3R2A13_00559	10P3R2A13_00559	100.000	180	0	0	1	180	1	180	5.23e-127	354
10P3R2A13_00560	10P3R2A13_00560	100.000	172	0	0	1	172	1	172	2.51e-124	347
10P3R2A13_00561	15P1R1A16_03481	100.000	58	0	0	1	58	7	64	4.50e-37	117
10P3R2A13_00561	10P3R2A13_00561	100.000	58	0	0	1	58	1	58	7.43e-37	117
10P3R2A13_00562	10P3R2A13_00562	100.000	51	0	0	1	51	1	51	2.34e-31	102
10P3R2A13_00564	10P3R2A13_00564	100.000	514	0	0	1	514	1	514	0.0	1059
10P3R2A13_00564	43P2R2A2_04769	100.000	234	0	0	281	514	1	234	8.99e-172	483
10P3R2A13_00565	10P3R2A13_00565	100.000	689	0	0	1	689	1	689	0.0	1407
10P3R2A13_00566	10P3R2A13_00566	100.000	213	0	0	1	213	1	213	1.27e-159	439
10P3R2A13_00567	10P3R2A13_00567	100.000	346	0	0	1	346	1	346	0.0	703
10P3R2A13_00568	10P3R2A13_00568	100.000	209	0	0	1	209	1	209	9.19e-152	419
10P3R2A13_00568	42P1R1A12_01716	95.694	209	9	0	1	209	1	209	6.74e-146	404
10P3R2A13_00569	10P3R2A13_00569	100.000	430	0	0	1	430	1	430	0.0	838
10P3R2A13_00569	42P1R1A12_01717	95.059	425	21	0	1	425	1	425	0.0	795
10P3R2A13_00570	10P3R2A13_00570	100.000	249	0	0	1	249	1	249	0.0	504
10P3R2A13_00570	42P1R1A12_01718	96.465	198	7	0	52	249	1	198	3.23e-140	391
10P3R2A13_00571	10P3R2A13_00571	100.000	120	0	0	1	120	1	120	6.85e-84	240
10P3R2A13_00572	10P3R2A13_00572	100.000	488	0	0	1	488	1	488	0.0	993
10P3R2A13_00572	15P1R1A16_04419	100.000	375	0	0	114	488	1	375	0.0	757
10P3R2A13_00573	10P3R2A13_00573	100.000	354	0	0	1	354	1	354	0.0	693
10P3R2A13_00573	43P2R2A2_04117	100.000	71	0	0	284	354	1	71	1.56e-41	139
10P3R2A13_00574	10P3R2A13_00574	100.000	244	0	0	1	244	1	244	1.70e-178	489
10P3R2A13_00574	16_1P2R1A8-1_01042	97.414	232	4	1	1	230	1	232	5.65e-161	447
10P3R2A13_00575	10P3R2A13_00575	100.000	671	0	0	1	671	1	671	0.0	1370
10P3R2A13_00575	12_1P1R2A2-1_00355	99.432	352	2	0	320	671	1	352	0.0	707
10P3R2A13_00575	12_1P1R2A2-1_00356	98.418	316	5	0	1	316	1	316	0.0	644
10P3R2A13_00575	15P1R1A16_04674	100.000	289	0	0	383	671	1	289	0.0	583
10P3R2A13_00576	10P3R2A13_00576	100.000	138	0	0	1	138	1	138	7.69e-101	285
10P3R2A13_00576	25P2R1A13_00570	97.826	138	3	0	1	138	1	138	5.96e-98	277
10P3R2A13_00576	11P3R3A1_02183	97.101	138	4	0	1	138	1	138	2.51e-97	276
10P3R2A13_00577	10P3R2A13_00577	100.000	253	0	0	1	253	1	253	0.0	521
10P3R2A13_00577	33P3R2A2_01749	98.008	251	5	0	1	251	1	251	0.0	511
10P3R2A13_00577	15P1R1A16_04888	99.270	137	1	0	117	253	7	143	2.85e-97	281
10P3R2A13_00578	10P3R2A13_00578	100.000	182	0	0	1	182	1	182	1.56e-134	373
10P3R2A13_00578	25P2R1A13_00568	97.253	182	5	0	1	182	1	182	2.16e-130	363
10P3R2A13_00578	11P3R3A1_02181	97.253	182	5	0	1	182	1	182	1.12e-128	358
10P3R2A13_00579	10P3R2A13_00579	100.000	572	0	0	1	572	1	572	0.0	1184
10P3R2A13_00579	12_1P1R2A2-1_00360	96.678	572	3	1	1	572	1	556	0.0	1133
10P3R2A13_00579	19P1R1A6_01567	99.074	324	3	0	1	324	1	324	0.0	666
10P3R2A13_00579	19P1R1A6_01568	99.522	209	1	0	364	572	1	209	7.15e-152	434
10P3R2A13_00579	43P2R2A2_04110	98.947	95	1	0	230	324	1	95	6.91e-64	204
10P3R2A13_00579	34P3R2A10_05105	100.000	59	0	0	514	572	1	59	2.72e-34	124
10P3R2A13_00581	10P3R2A13_00581	100.000	85	0	0	1	85	1	85	3.24e-54	162
10P3R2A13_00581	15P1R1A16_04082	98.684	76	1	0	1	76	1	76	7.17e-47	145
10P3R2A13_00581	11P3R3A1_02179	98.684	76	1	0	1	76	1	76	9.17e-44	147
10P3R2A13_00581	40P3R1A10_02144	98.592	71	1	0	6	76	1	71	5.56e-43	135
10P3R2A13_00582	10P3R2A13_00582	100.000	217	0	0	1	217	1	217	1.33e-155	429
10P3R2A13_00583	10P3R2A13_00583	100.000	194	0	0	1	194	1	194	3.48e-137	381
10P3R2A13_00583	16_1P2R1A8-1_01033	100.000	158	0	0	37	194	294	451	3.97e-106	311
10P3R2A13_00583	17P1R1A4_01548	100.000	158	0	0	37	194	323	480	1.12e-105	311
10P3R2A13_00583	12_1P1R2A2-1_00363	100.000	123	0	0	72	194	1	123	1.63e-81	238
10P3R2A13_00583	34P3R2A10_04924	100.000	95	0	0	100	194	1	95	1.29e-60	184
10P3R2A13_00584	10P3R2A13_00584	100.000	123	0	0	1	123	1	123	4.07e-87	248
10P3R2A13_00584	11P3R3A1_02176	100.000	89	0	0	1	89	1	89	9.73e-58	179
10P3R2A13_00584	12_1P1R2A2-1_00364	100.000	88	0	0	2	89	31	118	1.70e-56	176
10P3R2A13_00584	16_1P2R1A8-1_01033	100.000	89	0	0	1	89	1	89	1.90e-55	178
10P3R2A13_00584	17P1R1A4_01548	100.000	88	0	0	2	89	31	118	1.63e-54	177
10P3R2A13_00585	10P3R2A13_00585	100.000	37	0	0	1	37	1	37	9.75e-22	77.4
10P3R2A13_00585	32P3R2A9_01247	97.297	37	1	0	1	37	1	37	1.76e-20	74.3
10P3R2A13_00585	12_1P1R2A2-1_00364	96.774	31	1	0	1	31	1	31	6.24e-15	65.1
10P3R2A13_00585	17P1R1A4_01548	96.774	31	1	0	1	31	1	31	1.38e-14	64.7
10P3R2A13_00586	10P3R2A13_00586	100.000	316	0	0	1	316	1	316	0.0	618
10P3R2A13_00586	33P3R2A2_01756	98.630	219	3	0	98	316	22	240	1.38e-147	414
10P3R2A13_00586	15P1R1A16_04087	100.000	120	0	0	197	316	1	120	2.32e-77	232
10P3R2A13_00587	12_1P1R2A2-1_00366	99.778	450	1	0	1	450	224	673	0.0	904
10P3R2A13_00587	10P3R2A13_00587	100.000	450	0	0	1	450	1	450	0.0	896
10P3R2A13_00587	11P3R3A1_02173	99.778	450	1	0	1	450	46	495	0.0	895
10P3R2A13_00587	34P3R2A10_04842	98.039	204	4	0	247	450	1	204	6.18e-142	404
10P3R2A13_00588	10P3R2A13_00588	100.000	224	0	0	1	224	1	224	1.29e-159	440
10P3R2A13_00588	12_1P1R2A2-1_00366	99.492	197	1	0	1	197	1	197	3.06e-110	330
10P3R2A13_00589	10P3R2A13_00589	100.000	206	0	0	1	206	1	206	1.27e-152	421
10P3R2A13_00589	25P2R1A13_00561	97.573	206	5	0	1	206	1	206	1.10e-147	408
10P3R2A13_00589	5P3R2A4_02876	100.000	197	0	0	1	197	1	197	1.86e-146	405
10P3R2A13_00590	10P3R2A13_00590	100.000	157	0	0	1	157	1	157	9.10e-117	326
10P3R2A13_00590	42P1R1A12_01722	95.541	157	7	0	1	157	1	157	4.91e-113	317
10P3R2A13_00590	38P2R3A13_06916	95.541	157	7	0	1	157	1	157	6.05e-113	317
10P3R2A13_00590	31P2R1A5_02842	95.541	157	7	0	1	157	1	157	1.18e-112	316
10P3R2A13_00591	10P3R2A13_00591	100.000	191	0	0	1	191	1	191	2.45e-142	394
10P3R2A13_00592	10P3R2A13_00592	100.000	293	0	0	1	293	1	293	0.0	602
10P3R2A13_00592	43P2R2A2_03863	100.000	270	0	0	24	293	1	270	0.0	555
10P3R2A13_00593	10P3R2A13_00593	100.000	345	0	0	1	345	1	345	0.0	698
10P3R2A13_00594	10P3R2A13_00594	100.000	77	0	0	1	77	1	77	1.68e-51	155
10P3R2A13_00594	16_1P2R1A8-1_01023	97.403	77	2	0	1	77	1	77	8.84e-50	150
10P3R2A13_00595	10P3R2A13_00595	100.000	238	0	0	1	238	1	238	1.12e-176	484
10P3R2A13_00595	18P3R3A11_03074	96.639	238	8	0	1	238	1	238	6.66e-172	472
10P3R2A13_00595	42P1R1A12_01726	95.378	238	11	0	1	238	1	238	3.31e-170	468
10P3R2A13_00595	34P3R2A10_05011	100.000	153	0	0	86	238	1	153	1.22e-109	311
10P3R2A13_00596	11P3R3A1_02165	100.000	76	0	0	1	76	14	89	3.64e-51	154
10P3R2A13_00596	10P3R2A13_00596	100.000	76	0	0	1	76	1	76	4.79e-51	154
10P3R2A13_00597	10P3R2A13_00597	100.000	133	0	0	1	133	1	133	2.19e-97	275
10P3R2A13_00598	10P3R2A13_00598	100.000	288	0	0	1	288	1	288	0.0	595
10P3R2A13_00599	10P3R2A13_00599	100.000	672	0	0	1	672	1	672	0.0	1364
10P3R2A13_00599	25P2R1A13_00553	96.131	672	26	0	1	672	1	672	0.0	1318
10P3R2A13_00600	10P3R2A13_00600	100.000	233	0	0	1	233	1	233	1.38e-172	474
10P3R2A13_00600	43P2R2A2_05628	100.000	202	0	0	32	233	1	202	1.44e-147	409
10P3R2A13_00601	10P3R2A13_00601	100.000	67	0	0	1	67	1	67	3.64e-41	128
10P3R2A13_00602	10P3R2A13_00602	100.000	376	0	0	1	376	1	376	0.0	778
10P3R2A13_00602	43P2R2A2_05626	100.000	106	0	0	271	376	1	106	2.58e-71	218
10P3R2A13_00603	10P3R2A13_00603	100.000	119	0	0	1	119	1	119	2.15e-87	249
10P3R2A13_00604	10P3R2A13_00604	100.000	1038	0	0	1	1038	1	1038	0.0	2126
10P3R2A13_00604	15P1R1A16_02539	99.787	469	1	0	570	1038	1	469	0.0	970
10P3R2A13_00605	10P3R2A13_00605	100.000	567	0	0	1	567	1	567	0.0	1160
10P3R2A13_00605	43P2R2A2_04172	100.000	264	0	0	304	567	1	264	0.0	540
10P3R2A13_00606	10P3R2A13_00606	100.000	660	0	0	1	660	1	660	0.0	1369
10P3R2A13_00606	34P3R2A10_04769	99.355	155	1	0	506	660	1	155	2.45e-108	323
10P3R2A13_00607	10P3R2A13_00607	100.000	192	0	0	1	192	1	192	4.79e-142	393
10P3R2A13_00608	10P3R2A13_00608	100.000	348	0	0	1	348	1	348	0.0	709
10P3R2A13_00609	10P3R2A13_00609	100.000	668	0	0	1	668	1	668	0.0	1382
10P3R2A13_00610	10P3R2A13_00610	100.000	317	0	0	1	317	1	317	0.0	656
10P3R2A13_00611	10P3R2A13_00611	100.000	760	0	0	1	760	1	760	0.0	1547
10P3R2A13_00612	10P3R2A13_00612	100.000	112	0	0	1	112	1	112	1.14e-77	224
10P3R2A13_00613	10P3R2A13_00613	100.000	160	0	0	1	160	1	160	1.56e-118	331
10P3R2A13_00614	10P3R2A13_00614	100.000	234	0	0	1	234	1	234	6.34e-175	479
10P3R2A13_00616	10P3R2A13_00616	100.000	339	0	0	1	339	1	339	0.0	684
10P3R2A13_00617	10P3R2A13_00617	100.000	112	0	0	1	112	1	112	2.69e-76	220
10P3R2A13_00617	13P1R2A5_00395	100.000	98	0	0	15	112	1	98	9.10e-65	191
10P3R2A13_00617	31P2R1A5_02865	95.789	95	4	0	15	109	1	95	3.71e-52	159
10P3R2A13_00618	10P3R2A13_00618	100.000	96	0	0	1	96	1	96	1.33e-65	192
10P3R2A13_00619	10P3R2A13_00619	100.000	468	0	0	1	468	1	468	0.0	941
10P3R2A13_00619	43P2R2A2_05083	100.000	128	0	0	341	468	1	128	1.69e-88	266
10P3R2A13_00620	10P3R2A13_00620	100.000	279	0	0	1	279	1	279	0.0	571
10P3R2A13_00620	15P1R1A16_01472	100.000	168	0	0	112	279	1	168	7.40e-120	340
10P3R2A13_00621	10P3R2A13_00621	100.000	396	0	0	1	396	1	396	0.0	803
10P3R2A13_00621	34P3R2A10_01699	98.942	189	2	0	208	396	1	189	2.69e-133	379
10P3R2A13_00622	10P3R2A13_00622	100.000	409	0	0	1	409	1	409	0.0	796
10P3R2A13_00622	43P2R2A2_05097	100.000	307	0	0	103	409	1	307	0.0	598
10P3R2A13_00623	10P3R2A13_00623	100.000	468	0	0	1	468	1	468	0.0	940
10P3R2A13_00624	10P3R2A13_00624	100.000	454	0	0	1	454	1	454	0.0	938
10P3R2A13_00624	43P2R2A2_05717	100.000	314	0	0	141	454	1	314	0.0	656
10P3R2A13_00625	10P3R2A13_00625	100.000	296	0	0	1	296	1	296	0.0	603
