10P3R2A13_00626	10P3R2A13_00626	100.000	220	0	0	1	220	1	220	1.05e-160	442
10P3R2A13_00626	25P2R1A13_00526	97.727	220	5	0	1	220	1	220	4.09e-158	436
10P3R2A13_00627	10P3R2A13_00627	100.000	167	0	0	1	167	1	167	1.08e-119	334
10P3R2A13_00628	10P3R2A13_00628	100.000	351	0	0	1	351	1	351	0.0	731
10P3R2A13_00628	8P2R1A11_01349	100.000	182	0	0	1	182	1	182	2.22e-135	382
10P3R2A13_00628	8P2R1A11_01350	100.000	137	0	0	215	351	1	137	1.82e-97	285
10P3R2A13_00629	10P3R2A13_00629	100.000	300	0	0	1	300	1	300	0.0	625
10P3R2A13_00630	10P3R2A13_00630	100.000	290	0	0	1	290	1	290	0.0	587
10P3R2A13_00631	10P3R2A13_00631	100.000	142	0	0	1	142	1	142	1.91e-102	289
10P3R2A13_00631	38P2R3A13_07665	96.479	142	5	0	1	142	1	142	3.77e-98	278
10P3R2A13_00631	38P2R3A13_07655	95.775	142	6	0	1	142	1	142	1.75e-97	276
10P3R2A13_00631	18P3R3A11_03057	95.070	142	7	0	1	142	1	142	5.14e-97	275
10P3R2A13_00632	10P3R2A13_00632	100.000	150	0	0	1	150	1	150	5.63e-105	296
10P3R2A13_00633	10P3R2A13_00633	100.000	192	0	0	1	192	1	192	2.10e-143	396
10P3R2A13_00634	10P3R2A13_00634	100.000	300	0	0	1	300	1	300	0.0	623
10P3R2A13_00634	34P3R2A10_05096	100.000	245	0	0	56	300	1	245	0.0	510
10P3R2A13_00635	10P3R2A13_00635	100.000	435	0	0	1	435	1	435	0.0	902
10P3R2A13_00635	34P3R2A10_05097	100.000	86	0	0	350	435	1	86	6.45e-56	179
10P3R2A13_00636	10P3R2A13_00636	100.000	475	0	0	1	475	1	475	0.0	945
10P3R2A13_00637	10P3R2A13_00637	100.000	299	0	0	1	299	1	299	0.0	601
10P3R2A13_00638	10P3R2A13_00638	100.000	286	0	0	1	286	1	286	0.0	577
10P3R2A13_00639	10P3R2A13_00639	100.000	264	0	0	1	264	1	264	0.0	533
10P3R2A13_00640	10P3R2A13_00640	100.000	339	0	0	1	339	1	339	0.0	697
10P3R2A13_00640	43P2R2A2_05490	100.000	156	0	0	184	339	1	156	1.14e-112	323
10P3R2A13_00640	34P3R2A10_04475	100.000	85	0	0	255	339	1	85	5.24e-57	179
10P3R2A13_00641	10P3R2A13_00641	100.000	278	0	0	1	278	1	278	0.0	548
10P3R2A13_00641	31P2R1A5_02884	97.482	278	7	0	1	278	1	278	0.0	536
10P3R2A13_00641	38P2R3A13_07660	96.763	278	9	0	1	278	1	278	0.0	534
10P3R2A13_00641	38P2R3A13_07670	96.763	278	9	0	1	278	1	278	0.0	532
10P3R2A13_00641	18P3R3A11_03052	95.683	278	12	0	1	278	1	278	1.69e-173	480
10P3R2A13_00641	15P1R1A16_05173	100.000	81	0	0	198	278	1	81	1.93e-49	158
10P3R2A13_00642	10P3R2A13_00642	100.000	292	0	0	1	292	1	292	0.0	584
10P3R2A13_00642	34P3R2A10_05117	100.000	242	0	0	51	292	1	242	1.95e-175	484
10P3R2A13_00642	43P2R2A2_02239	100.000	222	0	0	71	292	1	222	1.29e-159	443
10P3R2A13_00643	10P3R2A13_00643	100.000	366	0	0	1	366	1	366	0.0	744
10P3R2A13_00643	51P2R2A10_03710	95.082	366	17	1	1	366	1	365	0.0	706
10P3R2A13_00643	31P2R1A5_02886	95.082	366	17	1	1	366	1	365	0.0	705
10P3R2A13_00643	34P3R2A10_04083	99.550	222	1	0	145	366	1	222	2.23e-161	451
10P3R2A13_00644	10P3R2A13_00644	100.000	304	0	0	1	304	1	304	0.0	621
10P3R2A13_00644	5P3R2A4_02821	100.000	304	0	0	1	304	39	342	0.0	619
10P3R2A13_00645	10P3R2A13_00645	100.000	123	0	0	1	123	1	123	7.82e-89	253
10P3R2A13_00645	28P2R1A12_00710	97.541	122	3	0	1	122	1	122	8.49e-87	248
10P3R2A13_00645	25P2R1A13_00506	97.541	122	3	0	1	122	1	122	5.03e-86	246
10P3R2A13_00646	10P3R2A13_00646	100.000	284	0	0	1	284	1	284	0.0	578
10P3R2A13_00647	10P3R2A13_00647	100.000	170	0	0	1	170	1	170	7.07e-116	325
10P3R2A13_00647	18P3R3A11_03047	97.647	170	4	0	1	170	1	170	7.02e-114	320
10P3R2A13_00647	34P3R2A10_04087	100.000	57	0	0	114	170	1	57	3.79e-31	107
10P3R2A13_00648	10P3R2A13_00648	100.000	576	0	0	1	576	1	576	0.0	1164
10P3R2A13_00648	18P3R3A11_03046	97.049	576	17	0	1	576	1	576	0.0	1136
10P3R2A13_00648	31P2R1A5_02893	96.354	576	21	0	1	576	1	576	0.0	1104
10P3R2A13_00650	10P3R2A13_00650	100.000	324	0	0	1	324	1	324	0.0	650
10P3R2A13_00650	31P2R1A5_02895	97.222	324	9	0	1	324	1	324	0.0	637
10P3R2A13_00650	51P2R2A10_03700	96.914	324	10	0	1	324	1	324	0.0	636
10P3R2A13_00650	42P1R1A12_01776	96.296	324	12	0	1	324	1	324	0.0	634
10P3R2A13_00650	18P3R3A11_03044	95.679	324	14	0	1	324	1	324	0.0	605
10P3R2A13_00651	10P3R2A13_00651	100.000	254	0	0	1	254	1	254	0.0	513
10P3R2A13_00652	10P3R2A13_00652	100.000	329	0	0	1	329	1	329	0.0	660
10P3R2A13_00653	10P3R2A13_00653	100.000	672	0	0	1	672	1	672	0.0	1366
10P3R2A13_00654	10P3R2A13_00654	100.000	73	0	0	1	73	1	73	4.59e-47	144
10P3R2A13_00655	10P3R2A13_00655	100.000	333	0	0	1	333	1	333	0.0	669
10P3R2A13_00656	10P3R2A13_00656	100.000	309	0	0	1	309	1	309	0.0	625
10P3R2A13_00657	10P3R2A13_00657	100.000	255	0	0	1	255	1	255	0.0	518
10P3R2A13_00657	27P2R2A12_00178	99.459	185	1	0	71	255	1	185	4.08e-133	373
10P3R2A13_00657	27P2R2A12_00179	97.297	37	1	0	1	37	1	37	3.29e-09	51.6
10P3R2A13_00658	10P3R2A13_00658	100.000	278	0	0	1	278	1	278	0.0	570
10P3R2A13_00658	29P3R3A9_03106	98.268	231	4	0	1	231	1	231	7.14e-171	472
10P3R2A13_00659	10P3R2A13_00659	100.000	419	0	0	1	419	1	419	0.0	844
10P3R2A13_00659	33P3R2A2_01826	99.331	299	2	0	1	299	1	299	0.0	595
10P3R2A13_00659	33P3R2A2_01827	99.048	105	1	0	315	419	1	105	8.31e-70	215
10P3R2A13_00660	10P3R2A13_00660	100.000	295	0	0	1	295	1	295	0.0	601
10P3R2A13_00665	10P3R2A13_00665	100.000	472	0	0	1	472	1	472	0.0	989
10P3R2A13_00665	42P1R1A12_01790	95.117	471	23	0	1	471	1	471	0.0	947
10P3R2A13_00665	31P2R1A5_02906	95.106	470	23	0	1	470	1	470	0.0	947
10P3R2A13_00665	34P3R2A10_03083	100.000	360	0	0	113	472	1	360	0.0	753
10P3R2A13_00666	10P3R2A13_00666	100.000	124	0	0	1	124	1	124	5.18e-90	256
10P3R2A13_00667	10P3R2A13_00667	100.000	120	0	0	1	120	1	120	2.19e-84	241
10P3R2A13_00670	10P3R2A13_00670	100.000	730	0	0	1	730	1	730	0.0	1499
10P3R2A13_00671	10P3R2A13_00671	100.000	401	0	0	1	401	1	401	0.0	787
10P3R2A13_00671	18P3R3A11_03026	95.012	401	15	1	1	401	1	396	0.0	746
10P3R2A13_00672	10P3R2A13_00672	100.000	413	0	0	1	413	1	413	0.0	816
10P3R2A13_00672	15P1R1A16_04571	100.000	258	0	0	156	413	1	258	0.0	503
10P3R2A13_00673	10P3R2A13_00673	100.000	109	0	0	1	109	1	109	8.82e-75	216
10P3R2A13_00674	10P3R2A13_00674	100.000	419	0	0	1	419	1	419	0.0	810
10P3R2A13_00675	10P3R2A13_00675	100.000	322	0	0	1	322	1	322	0.0	656
10P3R2A13_00676	10P3R2A13_00676	100.000	109	0	0	1	109	1	109	2.98e-75	218
10P3R2A13_00677	10P3R2A13_00677	100.000	416	0	0	1	416	1	416	0.0	811
10P3R2A13_00677	34P3R2A10_02399	100.000	365	0	0	52	416	1	365	0.0	711
10P3R2A13_00678	10P3R2A13_00678	100.000	362	0	0	1	362	1	362	0.0	741
10P3R2A13_00678	28P2R1A12_00677	97.790	362	8	0	1	362	1	362	0.0	724
10P3R2A13_00678	3P1R3A2_02771	96.685	362	12	0	1	362	1	362	0.0	716
10P3R2A13_00679	10P3R2A13_00679	100.000	346	0	0	1	346	1	346	0.0	703
10P3R2A13_00679	43P2R2A2_05606	99.225	258	2	0	89	346	1	258	0.0	527
10P3R2A13_00680	10P3R2A13_00680	100.000	832	0	0	1	832	1	832	0.0	1709
10P3R2A13_00680	43P2R2A2_04908	100.000	404	0	0	429	832	1	404	0.0	840
10P3R2A13_00681	10P3R2A13_00681	100.000	286	0	0	1	286	1	286	0.0	589
10P3R2A13_00682	10P3R2A13_00682	100.000	245	0	0	1	245	1	245	0.0	508
10P3R2A13_00683	10P3R2A13_00683	100.000	566	0	0	1	566	1	566	0.0	1153
10P3R2A13_00683	34P3R2A10_02393	100.000	315	0	0	252	566	1	315	0.0	650
10P3R2A13_00683	43P2R2A2_04911	100.000	119	0	0	448	566	1	119	2.02e-79	245
10P3R2A13_00684	10P3R2A13_00684	100.000	413	0	0	1	413	1	413	0.0	853
10P3R2A13_00684	42P1R1A12_01805	95.642	413	18	0	1	413	1	413	0.0	817
10P3R2A13_00684	31P2R1A5_02921	96.040	404	16	0	1	404	1	404	0.0	811
10P3R2A13_00684	43P2R2A2_05002	100.000	86	0	0	328	413	1	86	3.84e-56	179
10P3R2A13_00685	10P3R2A13_00685	100.000	307	0	0	1	307	1	307	0.0	638
10P3R2A13_00686	10P3R2A13_00686	100.000	81	0	0	1	81	1	81	3.41e-52	157
10P3R2A13_00687	10P3R2A13_00687	100.000	92	0	0	1	92	1	92	5.93e-64	187
10P3R2A13_00689	10P3R2A13_00689	100.000	417	0	0	1	417	1	417	0.0	871
10P3R2A13_00690	10P3R2A13_00690	100.000	565	0	0	1	565	1	565	0.0	1161
10P3R2A13_00691	10P3R2A13_00691	100.000	315	0	0	1	315	1	315	0.0	624
10P3R2A13_00692	10P3R2A13_00692	100.000	382	0	0	1	382	1	382	0.0	795
10P3R2A13_00693	10P3R2A13_00693	100.000	1198	0	0	1	1198	1	1198	0.0	2484
10P3R2A13_00693	14P1R2A4_00215	99.592	980	4	0	219	1198	1	980	0.0	2031
10P3R2A13_00693	34P3R2A10_02238	99.621	791	3	0	408	1198	1	791	0.0	1636
10P3R2A13_00693	12_1P1R2A2-1_00471	99.871	774	1	0	425	1198	1	774	0.0	1605
10P3R2A13_00693	43P2R2A2_03761	100.000	468	0	0	731	1198	1	468	0.0	962
10P3R2A13_00693	12_1P1R2A2-1_02749	99.045	419	4	0	1	419	1	419	0.0	865
10P3R2A13_00694	10P3R2A13_00694	100.000	205	0	0	1	205	1	205	4.18e-151	417
10P3R2A13_00695	10P3R2A13_00695	100.000	388	0	0	1	388	1	388	0.0	795
10P3R2A13_00695	34P3R2A10_03757	99.197	249	2	0	140	388	1	249	0.0	507
10P3R2A13_00696	10P3R2A13_00696	100.000	513	0	0	1	513	1	513	0.0	1023
10P3R2A13_00697	10P3R2A13_00697	100.000	443	0	0	1	443	1	443	0.0	913
10P3R2A13_00697	32P3R2A9_00037	95.711	443	1	1	1	443	1	425	0.0	864
10P3R2A13_00698	10P3R2A13_00698	100.000	73	0	0	1	73	1	73	1.22e-46	142
10P3R2A13_00698	19P1R1A6_01451	98.630	73	1	0	1	73	374	446	1.21e-43	145
10P3R2A13_00699	10P3R2A13_00699	100.000	318	0	0	1	318	1	318	0.0	656
10P3R2A13_00700	10P3R2A13_00700	100.000	478	0	0	1	478	1	478	0.0	995
10P3R2A13_00701	10P3R2A13_00701	100.000	305	0	0	1	305	1	305	0.0	621
10P3R2A13_00702	10P3R2A13_00702	100.000	416	0	0	1	416	1	416	0.0	836
10P3R2A13_00703	10P3R2A13_00703	100.000	67	0	0	1	67	1	67	4.48e-46	140
10P3R2A13_00704	10P3R2A13_00704	100.000	56	0	0	1	56	1	56	5.09e-37	117
10P3R2A13_00704	29P3R3A9_04155	96.429	56	2	0	1	56	1	56	2.53e-36	115
10P3R2A13_00705	10P3R2A13_00705	100.000	62	0	0	1	62	1	62	8.20e-42	129
10P3R2A13_00706	10P3R2A13_00706	100.000	94	0	0	1	94	1	94	1.33e-66	194
10P3R2A13_00706	16_1P2R1A8-1_02355	97.826	92	2	0	1	92	1	92	4.52e-64	188
10P3R2A13_00707	10P3R2A13_00707	100.000	48	0	0	1	48	1	48	4.79e-30	99.0
10P3R2A13_00707	16_1P2R1A8-1_02357	97.727	44	1	0	1	44	1	44	1.07e-26	90.5
10P3R2A13_00708	10P3R2A13_00708	100.000	167	0	0	1	167	1	167	4.19e-122	340
10P3R2A13_00709	10P3R2A13_00709	100.000	158	0	0	1	158	1	158	6.25e-113	317
10P3R2A13_00710	10P3R2A13_00710	100.000	133	0	0	1	133	1	133	2.69e-95	270
10P3R2A13_00711	10P3R2A13_00711	100.000	55	0	0	1	55	1	55	3.96e-34	109
10P3R2A13_00712	10P3R2A13_00712	100.000	97	0	0	1	97	1	97	1.82e-66	194
10P3R2A13_00713	10P3R2A13_00713	100.000	99	0	0	1	99	1	99	1.07e-70	205
10P3R2A13_00713	3P1R3A2_02805	96.970	99	3	0	1	99	1	99	1.66e-68	199
10P3R2A13_00714	10P3R2A13_00714	100.000	160	0	0	1	160	1	160	5.35e-118	330
10P3R2A13_00715	10P3R2A13_00715	100.000	158	0	0	1	158	1	158	2.03e-116	325
10P3R2A13_00716	10P3R2A13_00716	100.000	236	0	0	1	236	1	236	4.54e-178	488
10P3R2A13_00717	10P3R2A13_00717	100.000	53	0	0	1	53	1	53	8.34e-34	108
10P3R2A13_00718	10P3R2A13_00718	100.000	55	0	0	1	55	1	55	3.92e-36	114
10P3R2A13_00719	10P3R2A13_00719	100.000	57	0	0	1	57	1	57	5.36e-36	114
10P3R2A13_00720	10P3R2A13_00720	100.000	137	0	0	1	137	1	137	4.58e-98	277
10P3R2A13_00721	10P3R2A13_00721	100.000	58	0	0	1	58	1	58	1.62e-34	110
10P3R2A13_00723	10P3R2A13_00723	100.000	166	0	0	1	166	1	166	2.52e-119	333
10P3R2A13_00724	10P3R2A13_00724	100.000	178	0	0	1	178	1	178	9.67e-133	368
10P3R2A13_00725	10P3R2A13_00725	100.000	104	0	0	1	104	1	104	6.93e-73	211
10P3R2A13_00725	11P3R3A1_04446	98.958	96	1	0	9	104	1	96	4.51e-66	194
10P3R2A13_00726	10P3R2A13_00726	100.000	69	0	0	1	69	1	69	4.59e-45	138
10P3R2A13_00726	31P2R1A5_04034	95.652	69	3	0	1	69	4	72	9.48e-44	135
10P3R2A13_00727	10P3R2A13_00727	100.000	40	0	0	1	40	1	40	4.10e-22	78.6
10P3R2A13_00728	10P3R2A13_00728	100.000	72	0	0	1	72	1	72	3.27e-48	146
10P3R2A13_00728	8P2R1A11_01440	97.222	72	2	0	1	72	1	72	2.36e-47	144
10P3R2A13_00729	10P3R2A13_00729	100.000	71	0	0	1	71	1	71	4.12e-47	144
10P3R2A13_00729	32P3R2A9_04504	100.000	67	0	0	5	71	1	67	2.96e-44	136
10P3R2A13_00729	26P1R3A4_04515	97.015	67	2	0	5	71	1	67	3.93e-42	131
10P3R2A13_00730	10P3R2A13_00730	100.000	251	0	0	1	251	1	251	0.0	523
10P3R2A13_00731	10P3R2A13_00731	100.000	350	0	0	1	350	1	350	0.0	721
10P3R2A13_00731	43P2R2A2_05463	100.000	341	0	0	10	350	1	341	0.0	706
10P3R2A13_00731	17P1R1A4_01631	97.714	350	8	0	1	350	1	350	0.0	704
10P3R2A13_00731	15P1R1A16_05111	99.515	206	1	0	145	350	1	206	4.79e-152	426
10P3R2A13_00731	27P2R2A12_03365	100.000	111	0	0	240	350	1	111	7.44e-79	236
10P3R2A13_00732	10P3R2A13_00732	100.000	84	0	0	1	84	1	84	9.15e-57	169
10P3R2A13_00732	11P3R3A1_04439	97.619	84	2	0	1	84	1	84	3.51e-55	165
10P3R2A13_00732	17P1R1A4_01632	95.238	84	4	0	1	84	1	84	3.05e-54	162
10P3R2A13_00732	3P1R3A2_04649	95.238	84	4	0	1	84	1	84	5.34e-54	162
10P3R2A13_00732	3P1R3A2_04746	95.238	84	4	0	1	84	1	84	3.13e-53	160
10P3R2A13_00733	10P3R2A13_00733	100.000	52	0	0	1	52	1	52	6.71e-31	101
10P3R2A13_00733	28P2R1A12_04898	100.000	52	0	0	1	52	20	71	7.45e-31	102
10P3R2A13_00733	25P2R1A13_04762	100.000	52	0	0	1	52	20	71	9.18e-31	101
10P3R2A13_00733	11P3R3A1_04438	100.000	52	0	0	1	52	20	71	1.11e-30	101
10P3R2A13_00733	40P3R1A10_02924	100.000	52	0	0	1	52	20	71	1.14e-30	101
10P3R2A13_00733	32P3R2A9_04608	98.077	52	1	0	1	52	20	71	8.26e-30	99.4
10P3R2A13_00733	11P3R3A1_02620	98.077	52	1	0	1	52	20	71	1.35e-29	98.6
10P3R2A13_00733	1P1R1A1_02194	98.077	52	1	0	1	52	20	71	1.78e-29	98.6
10P3R2A13_00733	14P1R2A4_04556	100.000	34	0	0	1	34	20	53	8.63e-17	65.9
10P3R2A13_00734	10P3R2A13_00734	100.000	96	0	0	1	96	1	96	4.19e-64	188
10P3R2A13_00735	10P3R2A13_00735	100.000	80	0	0	1	80	1	80	6.41e-52	156
10P3R2A13_00736	10P3R2A13_00736	100.000	111	0	0	1	111	1	111	3.45e-75	218
10P3R2A13_00737	10P3R2A13_00737	100.000	438	0	0	1	438	1	438	0.0	909
10P3R2A13_00737	15P1R1A16_03775	97.763	447	1	1	1	438	1	447	0.0	900
10P3R2A13_00737	34P3R2A10_01781	100.000	332	0	0	107	438	1	332	0.0	693
10P3R2A13_00738	10P3R2A13_00738	100.000	61	0	0	1	61	1	61	1.99e-39	123
10P3R2A13_00739	10P3R2A13_00739	100.000	60	0	0	1	60	1	60	5.65e-38	119
10P3R2A13_00740	10P3R2A13_00740	100.000	119	0	0	1	119	1	119	8.81e-85	242
10P3R2A13_00740	15P1R1A16_03772	97.479	119	3	0	1	119	1	119	2.43e-82	236
10P3R2A13_00741	10P3R2A13_00741	100.000	141	0	0	1	141	1	141	6.62e-102	287
10P3R2A13_00741	1P1R1A1_02199	97.015	134	4	0	1	134	1	134	4.82e-93	265
10P3R2A13_00741	11P3R3A1_04436	96.992	133	4	0	1	133	1	133	1.99e-91	261
10P3R2A13_00741	25P2R1A13_04764	95.522	134	6	0	1	134	1	134	8.83e-91	259
10P3R2A13_00742	10P3R2A13_00742	100.000	322	0	0	1	322	1	322	0.0	669
10P3R2A13_00742	14P1R2A4_04551	96.012	326	9	1	1	322	1	326	0.0	644
10P3R2A13_00742	3P1R3A2_04750	95.652	322	14	0	1	322	1	322	0.0	619
10P3R2A13_00742	40P3R1A10_02927	96.273	322	12	0	1	322	1	322	0.0	617
10P3R2A13_00743	10P3R2A13_00743	100.000	174	0	0	1	174	1	174	5.60e-128	356
10P3R2A13_00743	8P2R1A11_01455	97.701	174	4	0	1	174	1	174	5.88e-125	348
10P3R2A13_00743	11P3R3A1_04434	97.701	174	4	0	1	174	1	174	2.32e-124	347
10P3R2A13_00743	30P2R3A4_00407	96.552	174	6	0	1	174	1	174	1.83e-123	345
10P3R2A13_00743	1P1R1A1_02201	95.402	174	8	0	1	174	1	174	1.48e-122	342
10P3R2A13_00743	15P1R1A16_03769	98.052	154	3	0	21	174	1	154	2.64e-109	308
10P3R2A13_00744	10P3R2A13_00744	100.000	77	0	0	1	77	1	77	2.74e-52	157
10P3R2A13_00745	10P3R2A13_00745	100.000	136	0	0	1	136	1	136	2.14e-97	276
10P3R2A13_00746	10P3R2A13_00746	100.000	52	0	0	1	52	1	52	2.01e-33	107
10P3R2A13_00746	10P3R2A13_04735	98.077	52	1	0	1	52	28	79	1.08e-32	106
10P3R2A13_00746	40P3R1A10_02931	96.154	52	2	0	1	52	1	52	6.46e-32	103
10P3R2A13_00746	34P3R2A10_03535	98.000	50	1	0	1	50	1	50	7.06e-32	103
10P3R2A13_00746	3P1R3A2_04709	96.154	52	2	0	1	52	27	78	7.55e-32	104
10P3R2A13_00746	15P1R1A16_04317	96.154	52	2	0	1	52	28	79	1.26e-31	103
10P3R2A13_00746	12_1P1R2A2-1_00695	96.154	52	2	0	1	52	28	79	1.44e-31	103
10P3R2A13_00746	3P1R3A2_04661	96.154	52	2	0	1	52	1	52	2.79e-31	102
10P3R2A13_00747	10P3R2A13_00747	100.000	43	0	0	1	43	1	43	1.11e-23	82.8
10P3R2A13_00747	15P1R1A16_04318	97.674	43	1	0	1	43	1	43	3.14e-23	81.6
10P3R2A13_00747	15P1R1A16_05138	95.349	43	2	0	1	43	15	57	5.33e-23	81.3
10P3R2A13_00747	10P3R2A13_04770	97.674	43	1	0	1	43	1	43	7.33e-23	80.5
10P3R2A13_00747	26P1R3A4_04533	95.349	43	2	0	1	43	1	43	8.36e-23	80.5
10P3R2A13_00747	3P1R3A2_04662	97.674	43	1	0	1	43	1	43	9.86e-23	80.1
10P3R2A13_00747	1P1R1A1_02205	97.222	36	1	0	1	36	1	36	4.17e-18	68.6
10P3R2A13_00747	12_1P1R2A2-1_00696	100.000	34	0	0	1	34	1	34	6.03e-17	69.3
10P3R2A13_00748	10P3R2A13_00748	100.000	73	0	0	1	73	1	73	1.03e-47	145
10P3R2A13_00748	3P1R3A2_04707	97.260	73	2	0	1	73	1	73	2.21e-46	142
10P3R2A13_00748	25P2R1A13_04771	97.260	73	2	0	1	73	1	73	5.14e-46	141
10P3R2A13_00748	34P3R2A10_03537	95.890	73	3	0	1	73	1	73	7.71e-46	140
10P3R2A13_00748	3P1R3A2_04663	95.890	73	3	0	1	73	1	73	4.94e-45	138
10P3R2A13_00749	10P3R2A13_00749	100.000	55	0	0	1	55	1	55	9.92e-35	111
10P3R2A13_00749	26P1R3A4_04763	96.364	55	2	0	1	55	1	55	2.09e-32	105
10P3R2A13_00750	10P3R2A13_00750	100.000	63	0	0	1	63	1	63	3.63e-41	128
10P3R2A13_00750	14P1R2A4_05031	95.238	63	3	0	1	63	1	63	6.13e-39	122
10P3R2A13_00751	10P3R2A13_00751	100.000	64	0	0	1	64	1	64	9.91e-43	132
10P3R2A13_00751	12_1P1R2A2-1_00698	96.875	64	2	0	1	64	1	64	4.29e-41	128
10P3R2A13_00751	27P2R2A12_03367	96.875	64	2	0	1	64	1	64	5.34e-41	127
10P3R2A13_00751	11P3R3A1_02450	96.875	32	1	0	33	64	1	32	1.14e-16	65.9
10P3R2A13_00752	10P3R2A13_00752	100.000	824	0	0	1	824	1	824	0.0	1716
10P3R2A13_00752	25P2R1A13_04471	99.822	562	1	0	263	824	1	562	0.0	1167
10P3R2A13_00752	29P3R3A9_02135	99.813	536	1	0	289	824	9	544	0.0	1114
10P3R2A13_00752	34P3R2A10_04345	100.000	485	0	0	340	824	1	485	0.0	1007
10P3R2A13_00752	43P2R2A2_05651	100.000	181	0	0	644	824	1	181	2.72e-127	378
10P3R2A13_00752	3P1R3A2_00800	100.000	115	0	0	710	824	1	115	2.10e-76	243
10P3R2A13_00752	29P3R3A9_04332	100.000	99	0	0	192	290	1	99	1.61e-63	208
10P3R2A13_00753	1P1R1A1_02210	100.000	79	0	0	1	79	6	84	1.25e-55	166
10P3R2A13_00753	10P3R2A13_00753	100.000	79	0	0	1	79	1	79	1.80e-55	165
10P3R2A13_00754	10P3R2A13_00754	100.000	427	0	0	1	427	1	427	0.0	895
10P3R2A13_00754	1P1R1A1_02211	96.956	427	13	0	1	427	1	427	0.0	872
10P3R2A13_00754	43P2R2A2_05153	99.623	265	1	0	163	427	1	265	0.0	563
10P3R2A13_00754	34P3R2A10_02400	100.000	178	0	0	250	427	1	178	1.35e-132	378
10P3R2A13_00755	10P3R2A13_00755	100.000	340	0	0	1	340	1	340	0.0	693
10P3R2A13_00756	10P3R2A13_00756	100.000	405	0	0	1	405	1	405	0.0	850
10P3R2A13_00756	43P2R2A2_05150	100.000	109	0	0	297	405	1	109	9.01e-77	233
10P3R2A13_00757	10P3R2A13_00757	100.000	109	0	0	1	109	1	109	1.79e-72	211
10P3R2A13_00758	10P3R2A13_00758	100.000	114	0	0	1	114	1	114	3.39e-82	235
10P3R2A13_00759	10P3R2A13_00759	100.000	187	0	0	1	187	1	187	1.42e-140	389
10P3R2A13_00760	10P3R2A13_00760	100.000	249	0	0	1	249	1	249	0.0	513
10P3R2A13_00761	10P3R2A13_00761	100.000	102	0	0	1	102	1	102	8.75e-71	206
10P3R2A13_00762	10P3R2A13_00762	100.000	809	0	0	1	809	1	809	0.0	1685
10P3R2A13_00762	43P2R2A2_00277	100.000	694	0	0	116	809	1	694	0.0	1445
10P3R2A13_00762	29P3R3A9_02125	98.514	471	7	0	1	471	1	471	0.0	963
10P3R2A13_00762	29P3R3A9_02117	98.551	345	5	0	465	809	26	370	0.0	722
10P3R2A13_00762	34P3R2A10_01355	100.000	50	0	0	760	809	1	50	2.43e-28	107
10P3R2A13_00763	10P3R2A13_00763	100.000	799	0	0	1	799	1	799	0.0	1673
10P3R2A13_00763	5P3R2A4_00564	100.000	688	0	0	1	688	1	688	0.0	1442
10P3R2A13_00764	10P3R2A13_00764	100.000	206	0	0	1	206	1	206	9.10e-157	431
10P3R2A13_00764	25P2R1A13_04040	97.297	185	5	0	22	206	1	185	2.60e-136	379
10P3R2A13_00764	25P2R1A13_04484	100.000	28	0	0	1	28	1	28	3.68e-13	61.2
10P3R2A13_00765	10P3R2A13_00765	100.000	285	0	0	1	285	1	285	0.0	557
10P3R2A13_00766	10P3R2A13_00766	100.000	205	0	0	1	205	1	205	2.59e-149	412
10P3R2A13_00767	10P3R2A13_00767	100.000	419	0	0	1	419	1	419	0.0	828
10P3R2A13_00768	10P3R2A13_00768	100.000	232	0	0	1	232	1	232	2.43e-170	468
10P3R2A13_00769	10P3R2A13_00769	100.000	407	0	0	1	407	1	407	0.0	825
10P3R2A13_00770	10P3R2A13_00770	100.000	298	0	0	1	298	1	298	0.0	602
10P3R2A13_00771	10P3R2A13_00771	100.000	418	0	0	1	418	1	418	0.0	828
10P3R2A13_00772	10P3R2A13_00772	100.000	103	0	0	1	103	1	103	2.74e-60	179
10P3R2A13_00773	10P3R2A13_00773	100.000	274	0	0	1	274	1	274	0.0	558
10P3R2A13_00774	10P3R2A13_00774	100.000	110	0	0	1	110	1	110	5.81e-70	204
10P3R2A13_00775	10P3R2A13_00775	100.000	122	0	0	1	122	1	122	8.64e-81	233
10P3R2A13_00776	10P3R2A13_00776	100.000	345	0	0	1	345	1	345	0.0	668
10P3R2A13_00776	25P2R1A13_00730	100.000	292	0	0	54	345	1	292	0.0	568
10P3R2A13_00777	10P3R2A13_00777	100.000	463	0	0	1	463	1	463	0.0	928
10P3R2A13_00777	38P2R3A13_08481	96.000	100	4	0	364	463	1	100	3.40e-64	202
10P3R2A13_00778	10P3R2A13_00778	100.000	511	0	0	1	511	1	511	0.0	1038
10P3R2A13_00778	34P3R2A10_04249	100.000	58	0	0	454	511	1	58	4.49e-31	114
10P3R2A13_00779	10P3R2A13_00779	100.000	315	0	0	1	315	1	315	0.0	637
10P3R2A13_00780	10P3R2A13_00780	100.000	461	0	0	1	461	1	461	0.0	909
10P3R2A13_00781	10P3R2A13_00781	100.000	241	0	0	1	241	1	241	0.0	499
10P3R2A13_00782	10P3R2A13_00782	100.000	112	0	0	1	112	1	112	9.13e-75	216
10P3R2A13_00783	10P3R2A13_00783	100.000	240	0	0	1	240	1	240	3.24e-178	488
10P3R2A13_00784	10P3R2A13_00784	100.000	434	0	0	1	434	1	434	0.0	889
10P3R2A13_00785	10P3R2A13_00785	100.000	310	0	0	1	310	1	310	0.0	634
10P3R2A13_00786	10P3R2A13_00786	100.000	468	0	0	1	468	1	468	0.0	965
10P3R2A13_00786	34P3R2A10_04689	99.618	262	1	0	207	468	1	262	0.0	544
10P3R2A13_00787	10P3R2A13_00787	100.000	549	0	0	1	549	1	549	0.0	1140
10P3R2A13_00788	10P3R2A13_00788	100.000	392	0	0	1	392	1	392	0.0	800
10P3R2A13_00788	34P3R2A10_04601	99.635	274	1	0	119	392	1	274	0.0	556
10P3R2A13_00789	10P3R2A13_00789	100.000	503	0	0	1	503	1	503	0.0	1019
10P3R2A13_00789	15P1R1A16_05080	100.000	92	0	0	412	503	1	92	2.93e-58	187
10P3R2A13_00790	10P3R2A13_00790	100.000	422	0	0	1	422	1	422	0.0	858
10P3R2A13_00790	15P1R1A16_05079	97.630	422	10	0	1	422	1	422	0.0	837
10P3R2A13_00790	27P2R2A12_03406	99.167	360	3	0	63	422	4	363	0.0	729
10P3R2A13_00790	27P2R2A12_02389	97.015	67	2	0	1	67	1	67	1.33e-37	130
10P3R2A13_00791	10P3R2A13_00791	100.000	458	0	0	1	458	1	458	0.0	923
10P3R2A13_00792	10P3R2A13_00792	100.000	471	0	0	1	471	1	471	0.0	988
10P3R2A13_00792	11P3R3A1_02492	99.788	471	1	0	1	471	134	604	0.0	985
10P3R2A13_00793	10P3R2A13_00793	100.000	108	0	0	1	108	1	108	5.18e-78	224
10P3R2A13_00793	11P3R3A1_02492	99.065	107	1	0	1	107	1	107	1.01e-72	226
10P3R2A13_00794	10P3R2A13_00794	100.000	193	0	0	1	193	1	193	6.23e-143	395
10P3R2A13_00794	19P1R1A6_01731	99.482	193	1	0	1	193	5	197	1.29e-141	392
10P3R2A13_00794	34P3R2A10_03419	99.286	140	1	0	54	193	1	140	1.71e-98	281
10P3R2A13_00795	10P3R2A13_00795	100.000	256	0	0	1	256	1	256	0.0	521
10P3R2A13_00796	10P3R2A13_00796	100.000	343	0	0	1	343	1	343	0.0	697
10P3R2A13_00797	10P3R2A13_00797	100.000	531	0	0	1	531	1	531	0.0	1065
10P3R2A13_00798	10P3R2A13_00798	100.000	391	0	0	1	391	1	391	0.0	816
10P3R2A13_00799	10P3R2A13_00799	100.000	334	0	0	1	334	1	334	0.0	680
10P3R2A13_00800	10P3R2A13_00800	100.000	347	0	0	1	347	1	347	0.0	709
10P3R2A13_00801	10P3R2A13_00801	100.000	72	0	0	1	72	1	72	6.16e-49	148
10P3R2A13_00802	10P3R2A13_00802	100.000	147	0	0	1	147	1	147	8.37e-101	285
10P3R2A13_00803	10P3R2A13_00803	100.000	194	0	0	1	194	1	194	1.13e-135	377
10P3R2A13_00803	31P2R1A5_00763	96.392	194	7	0	1	194	1	194	2.47e-132	369
10P3R2A13_00803	38P2R3A13_00463	95.361	194	9	0	1	194	1	194	2.91e-131	366
10P3R2A13_00804	10P3R2A13_00804	100.000	193	0	0	1	193	1	193	1.36e-141	392
10P3R2A13_00805	10P3R2A13_00805	100.000	741	0	0	1	741	1	741	0.0	1491
10P3R2A13_00805	12_1P1R2A2-1_00752	95.007	741	5	1	1	741	1	709	0.0	1407
10P3R2A13_00806	10P3R2A13_00806	100.000	353	0	0	1	353	1	353	0.0	695
10P3R2A13_00807	10P3R2A13_00807	100.000	207	0	0	1	207	1	207	4.07e-153	422
10P3R2A13_00808	10P3R2A13_00808	100.000	232	0	0	1	232	1	232	5.31e-168	462
10P3R2A13_00809	10P3R2A13_00809	100.000	212	0	0	1	212	1	212	3.07e-158	436
10P3R2A13_00809	42P1R1A12_01880	95.755	212	9	0	1	212	1	212	1.34e-153	424
10P3R2A13_00809	31P2R1A5_01455	95.215	209	10	0	1	209	1	209	8.33e-151	417
10P3R2A13_00809	51P2R2A10_00621	95.215	209	10	0	1	209	1	209	8.80e-151	417
10P3R2A13_00809	15P1R1A16_00134	100.000	181	0	0	32	212	1	181	2.70e-133	371
10P3R2A13_00810	10P3R2A13_00810	100.000	67	0	0	1	67	1	67	4.59e-43	133
10P3R2A13_00810	32P3R2A9_01463	97.015	67	2	0	1	67	1	67	1.90e-41	129
10P3R2A13_00811	10P3R2A13_00811	100.000	501	0	0	1	501	1	501	0.0	1004
10P3R2A13_00812	10P3R2A13_00812	100.000	202	0	0	1	202	1	202	1.02e-151	418
10P3R2A13_00812	34P3R2A10_03723	99.248	133	1	0	70	202	1	133	8.34e-96	274
10P3R2A13_00813	10P3R2A13_00813	100.000	287	0	0	1	287	1	287	0.0	590
10P3R2A13_00814	10P3R2A13_00814	100.000	425	0	0	1	425	1	425	0.0	881
10P3R2A13_00815	10P3R2A13_00815	100.000	219	0	0	1	219	1	219	6.84e-165	453
10P3R2A13_00816	10P3R2A13_00816	100.000	108	0	0	1	108	1	108	2.27e-78	225
10P3R2A13_00817	10P3R2A13_00817	100.000	370	0	0	1	370	1	370	0.0	750
10P3R2A13_00817	34P3R2A10_03718	100.000	79	0	0	292	370	1	79	8.56e-48	156
10P3R2A13_00818	10P3R2A13_00818	100.000	156	0	0	1	156	1	156	4.42e-106	299
10P3R2A13_00819	10P3R2A13_00819	100.000	145	0	0	1	145	1	145	4.12e-100	283
10P3R2A13_00820	10P3R2A13_00820	100.000	79	0	0	1	79	1	79	2.69e-51	155
10P3R2A13_00821	10P3R2A13_00821	100.000	257	0	0	1	257	1	257	0.0	526
10P3R2A13_00821	15P1R1A16_00122	100.000	257	0	0	1	257	30	286	0.0	526
10P3R2A13_00822	10P3R2A13_00822	100.000	671	0	0	1	671	1	671	0.0	1360
10P3R2A13_00823	10P3R2A13_00823	100.000	174	0	0	1	174	1	174	9.03e-125	348
10P3R2A13_00824	10P3R2A13_00824	100.000	299	0	0	1	299	1	299	0.0	617
10P3R2A13_00825	10P3R2A13_00825	100.000	80	0	0	1	80	1	80	8.94e-54	161
10P3R2A13_00826	10P3R2A13_00826	100.000	200	0	0	1	200	1	200	1.96e-150	415
10P3R2A13_00826	3P1R3A2_00873	97.500	200	5	0	1	200	1	200	1.26e-145	403
10P3R2A13_00827	10P3R2A13_00827	100.000	366	0	0	1	366	1	366	0.0	743
10P3R2A13_00828	10P3R2A13_00828	100.000	136	0	0	1	136	1	136	5.85e-98	277
10P3R2A13_00829	10P3R2A13_00829	100.000	216	0	0	1	216	1	216	3.55e-163	448
10P3R2A13_00830	10P3R2A13_00830	100.000	1539	0	0	1	1539	1	1539	0.0	3096
10P3R2A13_00830	34P3R2A10_03404	99.464	933	5	0	607	1539	1	933	0.0	1868
10P3R2A13_00830	1P1R1A1_03409	99.160	833	7	0	532	1364	1	833	0.0	1655
10P3R2A13_00830	1P1R1A1_03408	100.000	524	0	0	1	524	1	524	0.0	1055
10P3R2A13_00830	1P1R1A1_03410	100.000	156	0	0	1384	1539	1	156	2.41e-100	317
10P3R2A13_00831	10P3R2A13_00831	100.000	116	0	0	1	116	1	116	2.76e-83	238
10P3R2A13_00831	18P3R3A11_00374	96.552	116	4	0	1	116	1	116	3.03e-81	233
10P3R2A13_00831	42P1R1A12_01901	95.690	116	5	0	1	116	1	116	1.01e-80	232
10P3R2A13_00833	10P3R2A13_00833	100.000	194	0	0	1	194	1	194	9.43e-144	397
10P3R2A13_00834	10P3R2A13_00834	100.000	390	0	0	1	390	1	390	0.0	752
10P3R2A13_00835	10P3R2A13_00835	100.000	30	0	0	1	30	1	30	6.36e-13	54.7
10P3R2A13_00836	10P3R2A13_00836	100.000	342	0	0	1	342	1	342	0.0	712
10P3R2A13_00836	18P3R3A11_00379	95.029	342	17	0	1	342	1	342	0.0	688
10P3R2A13_00837	10P3R2A13_00837	100.000	311	0	0	1	311	1	311	0.0	640
10P3R2A13_00838	10P3R2A13_00838	100.000	404	0	0	1	404	1	404	0.0	803
10P3R2A13_00839	10P3R2A13_00839	100.000	383	0	0	1	383	1	383	0.0	800
10P3R2A13_00840	10P3R2A13_00840	100.000	214	0	0	1	214	1	214	3.81e-160	441
10P3R2A13_00841	10P3R2A13_00841	100.000	458	0	0	1	458	1	458	0.0	913
10P3R2A13_00842	10P3R2A13_00842	100.000	419	0	0	1	419	1	419	0.0	824
10P3R2A13_00845	10P3R2A13_00845	100.000	102	0	0	1	102	1	102	1.67e-71	207
10P3R2A13_00846	10P3R2A13_00846	100.000	535	0	0	1	535	1	535	0.0	1107
10P3R2A13_00847	10P3R2A13_00847	100.000	255	0	0	1	255	1	255	0.0	521
10P3R2A13_00848	10P3R2A13_00848	100.000	262	0	0	1	262	1	262	0.0	533
10P3R2A13_00848	12_1P1R2A2-1_00795	97.328	262	7	0	1	262	1	262	0.0	520
10P3R2A13_00848	34P3R2A10_03470	99.103	223	2	0	40	262	1	223	2.78e-163	451
10P3R2A13_00849	10P3R2A13_00849	100.000	223	0	0	1	223	1	223	1.68e-170	468
10P3R2A13_00850	10P3R2A13_00850	100.000	213	0	0	1	213	1	213	1.41e-159	439
10P3R2A13_00851	10P3R2A13_00851	100.000	701	0	0	1	701	1	701	0.0	1468
10P3R2A13_00851	43P2R2A2_00327	100.000	214	0	0	488	701	1	214	6.65e-157	452
10P3R2A13_00851	34P3R2A10_04676	99.275	138	1	0	564	701	1	138	3.62e-94	288
10P3R2A13_00852	10P3R2A13_00852	100.000	209	0	0	1	209	1	209	4.33e-155	427
10P3R2A13_00853	10P3R2A13_00853	100.000	70	0	0	1	70	1	70	2.07e-45	139
10P3R2A13_00854	10P3R2A13_00854	100.000	471	0	0	1	471	1	471	0.0	956
10P3R2A13_00855	10P3R2A13_00855	100.000	79	0	0	1	79	1	79	2.50e-50	152
10P3R2A13_00855	42P1R1A12_00605	96.203	79	3	0	1	79	1	79	2.00e-47	145
10P3R2A13_00856	10P3R2A13_00856	100.000	335	0	0	1	335	1	335	0.0	677
10P3R2A13_00857	10P3R2A13_00857	100.000	139	0	0	1	139	1	139	8.76e-101	284
10P3R2A13_00857	28P2R1A12_01108	97.842	139	3	0	1	139	1	139	8.43e-99	279
10P3R2A13_00858	10P3R2A13_00858	100.000	407	0	0	1	407	1	407	0.0	842
10P3R2A13_00858	34P3R2A10_02779	99.410	339	2	0	69	407	1	339	0.0	698
10P3R2A13_00859	10P3R2A13_00859	100.000	424	0	0	1	424	1	424	0.0	875
10P3R2A13_00860	10P3R2A13_00860	100.000	249	0	0	1	249	1	249	0.0	505
10P3R2A13_00861	10P3R2A13_00861	100.000	496	0	0	1	496	1	496	0.0	1040
10P3R2A13_00861	31P2R1A5_01253	95.766	496	21	0	1	496	1	496	0.0	1004
10P3R2A13_00861	18P3R3A11_00414	95.171	497	23	1	1	496	1	497	0.0	993
10P3R2A13_00862	10P3R2A13_00862	100.000	123	0	0	1	123	1	123	2.44e-89	254
10P3R2A13_00863	10P3R2A13_00863	100.000	63	0	0	1	63	1	63	2.80e-40	125
10P3R2A13_00864	10P3R2A13_00864	100.000	137	0	0	1	137	1	137	2.58e-99	280
10P3R2A13_00865	10P3R2A13_00865	100.000	1019	0	0	1	1019	1	1019	0.0	2115
10P3R2A13_00865	34P3R2A10_02767	100.000	568	0	0	452	1019	1	568	0.0	1194
10P3R2A13_00865	15P1R1A16_00078	99.206	378	3	0	642	1019	1	378	0.0	788
10P3R2A13_00866	10P3R2A13_00866	100.000	371	0	0	1	371	1	371	0.0	717
10P3R2A13_00866	15P1R1A16_01533	100.000	145	0	0	227	371	1	145	1.58e-94	278
10P3R2A13_00867	10P3R2A13_00867	100.000	119	0	0	1	119	1	119	3.32e-88	251
10P3R2A13_00869	10P3R2A13_00869	100.000	422	0	0	1	422	1	422	0.0	838
10P3R2A13_00869	34P3R2A10_05177	100.000	78	0	0	345	422	1	78	9.90e-48	157
10P3R2A13_00870	10P3R2A13_00870	100.000	289	0	0	1	289	1	289	0.0	595
10P3R2A13_00871	10P3R2A13_00871	100.000	253	0	0	1	253	1	253	0.0	512
10P3R2A13_00872	10P3R2A13_00872	100.000	532	0	0	1	532	1	532	0.0	1084
10P3R2A13_00872	43P2R2A2_03521	100.000	445	0	0	88	532	1	445	0.0	910
10P3R2A13_00873	10P3R2A13_00873	100.000	384	0	0	1	384	1	384	0.0	805
10P3R2A13_00873	25P2R1A13_00827	100.000	136	0	0	1	136	1	136	6.55e-91	285
10P3R2A13_00874	10P3R2A13_00874	100.000	304	0	0	1	304	1	304	0.0	636
10P3R2A13_00875	10P3R2A13_00875	100.000	255	0	0	1	255	1	255	0.0	510
10P3R2A13_00875	24P1R3A1_01504	98.824	255	3	0	1	255	8	262	0.0	505
10P3R2A13_00875	28P2R1A12_01089	97.255	255	7	0	1	255	1	255	0.0	499
10P3R2A13_00876	10P3R2A13_00876	100.000	313	0	0	1	313	1	313	0.0	644
10P3R2A13_00876	34P3R2A10_02409	100.000	102	0	0	212	313	1	102	1.67e-68	208
10P3R2A13_00877	10P3R2A13_00877	100.000	430	0	0	1	430	1	430	0.0	880
10P3R2A13_00877	28P2R1A12_01087	97.907	430	9	0	1	430	1	430	0.0	866
10P3R2A13_00878	10P3R2A13_00878	100.000	98	0	0	1	98	1	98	3.77e-71	206
10P3R2A13_00878	29P3R3A9_02000	97.959	98	2	0	1	98	1	98	1.82e-69	202
10P3R2A13_00879	10P3R2A13_00879	100.000	549	0	0	1	549	1	549	0.0	1140
10P3R2A13_00879	25P2R1A13_00827	99.123	456	4	0	94	549	137	592	0.0	935
10P3R2A13_00879	43P2R2A2_04678	100.000	129	0	0	421	549	1	129	2.92e-89	270
10P3R2A13_00880	10P3R2A13_00880	100.000	793	0	0	1	793	1	793	0.0	1639
10P3R2A13_00880	18P3R3A11_00436	95.082	793	39	0	1	793	1	793	0.0	1578
10P3R2A13_00880	31P2R1A5_01233	95.334	793	37	0	1	793	1	793	0.0	1570
10P3R2A13_00881	10P3R2A13_00881	100.000	278	0	0	1	278	1	278	0.0	573
10P3R2A13_00882	10P3R2A13_00882	100.000	349	0	0	1	349	1	349	0.0	727
10P3R2A13_00883	10P3R2A13_00883	100.000	64	0	0	1	64	1	64	2.89e-41	128
10P3R2A13_00884	10P3R2A13_00884	100.000	479	0	0	1	479	1	479	0.0	988
10P3R2A13_00884	25P2R1A13_00832	97.704	479	11	0	1	479	1	479	0.0	967
10P3R2A13_00884	15P1R1A16_01514	100.000	127	0	0	353	479	1	127	4.31e-86	260
10P3R2A13_00885	10P3R2A13_00885	100.000	238	0	0	1	238	1	238	1.97e-179	491
10P3R2A13_00885	28P2R1A12_01079	97.899	238	5	0	1	238	1	238	4.22e-176	483
10P3R2A13_00886	10P3R2A13_00886	100.000	155	0	0	1	155	1	155	3.56e-116	325
10P3R2A13_00886	34P3R2A10_04331	100.000	86	0	0	70	155	1	86	7.23e-60	180
10P3R2A13_00887	10P3R2A13_00887	100.000	250	0	0	1	250	1	250	0.0	505
10P3R2A13_00888	10P3R2A13_00888	100.000	184	0	0	1	184	1	184	2.27e-137	380
10P3R2A13_00888	25P2R1A13_00836	97.826	184	4	0	1	184	1	184	1.34e-134	374
10P3R2A13_00889	10P3R2A13_00889	100.000	327	0	0	1	327	1	327	0.0	620
10P3R2A13_00890	10P3R2A13_00890	100.000	100	0	0	1	100	1	100	1.55e-68	200
10P3R2A13_00890	18P3R3A11_00450	98.000	100	2	0	1	100	1	100	4.93e-67	196
10P3R2A13_00890	42P1R1A12_00576	96.000	100	4	0	1	100	1	100	1.58e-66	195
10P3R2A13_00891	10P3R2A13_00891	100.000	796	0	0	1	796	1	796	0.0	1619
10P3R2A13_00891	34P3R2A10_03774	99.653	577	2	0	220	796	1	577	0.0	1170
10P3R2A13_00892	10P3R2A13_00892	100.000	328	0	0	1	328	1	328	0.0	679
10P3R2A13_00892	18P3R3A11_00452	96.951	328	10	0	1	328	1	328	0.0	661
10P3R2A13_00892	31P2R1A5_01220	96.646	328	11	0	1	328	1	328	0.0	660
10P3R2A13_00892	42P1R1A12_00574	96.341	328	12	0	1	328	1	328	0.0	657
10P3R2A13_00892	15P1R1A16_03523	99.505	202	1	0	127	328	1	202	7.47e-153	427
10P3R2A13_00892	38P2R3A13_08442	96.535	202	7	0	127	328	1	202	4.43e-149	417
10P3R2A13_00893	10P3R2A13_00893	100.000	119	0	0	1	119	1	119	2.33e-78	226
10P3R2A13_00893	42P1R1A12_00573	97.479	119	3	0	1	119	1	119	2.66e-77	223
10P3R2A13_00894	10P3R2A13_00894	100.000	66	0	0	1	66	1	66	2.97e-41	128
10P3R2A13_00895	10P3R2A13_00895	100.000	145	0	0	1	145	1	145	2.08e-102	289
10P3R2A13_00895	54P2R2A3_03239	97.931	145	3	0	1	145	1	145	2.46e-100	284
10P3R2A13_00895	31P2R1A5_01217	95.862	145	6	0	1	145	12	156	5.46e-88	253
10P3R2A13_00895	42P1R1A12_00571	95.862	145	6	0	1	145	4	148	6.99e-88	252
10P3R2A13_00895	18P3R3A11_00455	96.491	114	4	0	32	145	1	114	4.10e-76	221
10P3R2A13_00896	10P3R2A13_00896	100.000	643	0	0	1	643	1	643	0.0	1346
10P3R2A13_00897	10P3R2A13_00897	100.000	372	0	0	1	372	1	372	0.0	769
10P3R2A13_00897	40P3R1A10_00831	96.496	371	13	0	1	371	1	371	0.0	751
10P3R2A13_00897	28P2R1A12_01067	95.148	371	18	0	1	371	1	371	0.0	738
10P3R2A13_00897	11P3R3A1_02596	97.021	235	7	0	137	371	1	235	2.13e-169	482
10P3R2A13_00897	16_1P2R1A8-1_00727	97.021	235	7	0	137	371	1	235	4.67e-169	478
10P3R2A13_00897	34P3R2A10_02206	96.667	210	7	0	162	371	1	210	3.64e-149	429
10P3R2A13_00897	15P1R1A16_05246	95.276	127	6	0	245	371	1	127	2.17e-82	253
10P3R2A13_00897	25P2R1A13_00846	95.276	127	6	0	245	371	1	127	2.81e-82	256
10P3R2A13_00897	24P1R3A1_01526	100.000	99	0	0	1	99	1	99	8.63e-66	204
10P3R2A13_00898	10P3R2A13_00898	100.000	227	0	0	1	227	1	227	4.30e-169	464
10P3R2A13_00898	40P3R1A10_00831	98.678	227	3	0	1	227	407	633	5.72e-160	456
10P3R2A13_00898	24P1R3A1_01528	100.000	83	0	0	145	227	1	83	2.50e-53	166
10P3R2A13_00899	10P3R2A13_00899	100.000	253	0	0	1	253	1	253	0.0	518
10P3R2A13_00900	10P3R2A13_00900	100.000	310	0	0	1	310	1	310	0.0	627
10P3R2A13_00901	10P3R2A13_00901	100.000	97	0	0	1	97	1	97	5.46e-66	193
10P3R2A13_00901	12_1P1R2A2-1_00849	98.851	87	1	0	1	87	1	87	3.34e-57	171
10P3R2A13_00902	10P3R2A13_00902	100.000	287	0	0	1	287	1	287	0.0	587
10P3R2A13_00903	10P3R2A13_00903	100.000	179	0	0	1	179	1	179	1.16e-130	363
10P3R2A13_00904	10P3R2A13_00904	100.000	223	0	0	1	223	1	223	8.86e-162	446
10P3R2A13_00905	10P3R2A13_00905	100.000	197	0	0	1	197	1	197	3.07e-145	401
10P3R2A13_00906	10P3R2A13_00906	100.000	464	0	0	1	464	1	464	0.0	913
10P3R2A13_00906	38P2R3A13_07399	96.000	250	10	0	215	464	1	250	2.77e-161	456
10P3R2A13_00907	10P3R2A13_00907	100.000	268	0	0	1	268	1	268	0.0	547
10P3R2A13_00907	25P2R1A13_00856	97.015	268	8	0	1	268	1	268	0.0	533
10P3R2A13_00907	17P1R1A4_03450	99.315	146	1	0	123	268	1	146	4.43e-103	296
10P3R2A13_00907	12_1P1R2A2-1_00855	98.958	96	1	0	173	268	1	96	1.36e-63	194
10P3R2A13_00908	10P3R2A13_00908	100.000	88	0	0	1	88	1	88	3.41e-61	180
10P3R2A13_00908	13P1R2A5_00856	98.765	81	1	0	8	88	1	81	2.61e-55	165
10P3R2A13_00909	10P3R2A13_00909	100.000	754	0	0	1	754	1	754	0.0	1553
10P3R2A13_00909	34P3R2A10_05033	100.000	165	0	0	590	754	1	165	1.05e-109	330
10P3R2A13_00910	10P3R2A13_00910	100.000	253	0	0	1	253	1	253	0.0	521
10P3R2A13_00910	16_1P2R1A8-1_03637	97.628	253	6	0	1	253	1	253	0.0	510
10P3R2A13_00910	12_1P1R2A2-1_00859	96.838	253	8	0	1	253	1	253	0.0	508
10P3R2A13_00910	32P3R2A9_01565	100.000	165	0	0	89	253	1	165	2.22e-119	337
10P3R2A13_00910	15P1R1A16_02881	100.000	124	0	0	130	253	1	124	6.39e-87	254
10P3R2A13_00910	32P3R2A9_01566	100.000	84	0	0	1	84	1	84	3.10e-56	174
10P3R2A13_00911	10P3R2A13_00911	100.000	451	0	0	1	451	1	451	0.0	930
10P3R2A13_00912	10P3R2A13_00912	100.000	280	0	0	1	280	1	280	0.0	578
10P3R2A13_00913	10P3R2A13_00913	100.000	117	0	0	1	117	1	117	3.10e-80	231
10P3R2A13_00913	34P3R2A10_02984	100.000	59	0	0	59	117	1	59	8.60e-35	114
10P3R2A13_00914	10P3R2A13_00914	100.000	453	0	0	1	453	1	453	0.0	889
10P3R2A13_00915	10P3R2A13_00915	100.000	107	0	0	1	107	1	107	1.54e-73	213
10P3R2A13_00915	31P2R1A5_00025	96.262	107	4	0	1	107	1	107	1.20e-69	203
10P3R2A13_00916	10P3R2A13_00916	100.000	113	0	0	1	113	1	113	1.61e-81	234
10P3R2A13_00917	10P3R2A13_00917	100.000	276	0	0	1	276	1	276	0.0	569
10P3R2A13_00917	34P3R2A10_03001	98.507	134	2	0	143	276	1	134	3.95e-97	281
10P3R2A13_00918	10P3R2A13_00918	100.000	296	0	0	1	296	1	296	0.0	607
10P3R2A13_00919	10P3R2A13_00919	100.000	192	0	0	1	192	1	192	2.12e-144	399
10P3R2A13_00920	10P3R2A13_00920	100.000	162	0	0	1	162	1	162	1.03e-116	327
10P3R2A13_00921	10P3R2A13_00921	100.000	323	0	0	1	323	1	323	0.0	659
10P3R2A13_00922	10P3R2A13_00922	100.000	448	0	0	1	448	1	448	0.0	919
10P3R2A13_00922	3P1R3A2_00969	97.768	448	10	0	1	448	1	448	0.0	898
10P3R2A13_00923	10P3R2A13_00923	100.000	493	0	0	1	493	1	493	0.0	998
10P3R2A13_00923	25P2R1A13_00872	96.957	493	15	0	1	493	1	493	0.0	968
10P3R2A13_00923	34P3R2A10_03007	99.128	344	3	0	150	493	1	344	0.0	687
10P3R2A13_00924	10P3R2A13_00924	100.000	345	0	0	1	345	1	345	0.0	720
10P3R2A13_00925	10P3R2A13_00925	100.000	407	0	0	1	407	1	407	0.0	838
10P3R2A13_00927	10P3R2A13_00927	100.000	237	0	0	1	237	1	237	2.44e-169	466
10P3R2A13_00927	25P2R1A13_00876	97.890	237	5	0	1	237	1	237	1.11e-165	456
10P3R2A13_00928	10P3R2A13_00928	100.000	226	0	0	1	226	1	226	1.11e-170	468
10P3R2A13_00929	10P3R2A13_00929	100.000	236	0	0	1	236	1	236	1.12e-170	469
10P3R2A13_00930	10P3R2A13_00930	100.000	183	0	0	1	183	1	183	5.27e-134	372
10P3R2A13_00931	10P3R2A13_00931	100.000	389	0	0	1	389	1	389	0.0	791
10P3R2A13_00931	25P2R1A13_00880	97.686	389	9	0	1	389	1	389	0.0	777
10P3R2A13_00931	11P3R3A1_04001	97.172	389	11	0	1	389	1	389	0.0	771
10P3R2A13_00932	10P3R2A13_00932	100.000	512	0	0	1	512	1	512	0.0	971
10P3R2A13_00932	17P1R1A4_03476	97.852	512	11	0	1	512	1	512	0.0	949
10P3R2A13_00932	25P2R1A13_00881	96.680	512	17	0	1	512	1	512	0.0	936
10P3R2A13_00933	10P3R2A13_00933	100.000	218	0	0	1	218	1	218	1.42e-160	442
10P3R2A13_00934	10P3R2A13_00934	100.000	436	0	0	1	436	1	436	0.0	899
10P3R2A13_00934	34P3R2A10_02713	100.000	161	0	0	276	436	1	161	4.92e-117	338
10P3R2A13_00935	10P3R2A13_00935	100.000	207	0	0	1	207	1	207	3.77e-147	407
10P3R2A13_00935	27P2R2A12_01257	96.618	207	7	0	1	207	1	207	1.27e-141	393
10P3R2A13_00936	10P3R2A13_00936	100.000	136	0	0	1	136	1	136	2.55e-96	273
10P3R2A13_00936	17P1R1A4_03480	96.324	136	5	0	1	136	1	136	1.24e-91	261
10P3R2A13_00936	27P2R2A12_01258	95.588	136	6	0	1	136	1	136	9.32e-91	259
10P3R2A13_00937	10P3R2A13_00937	100.000	91	0	0	1	91	1	91	6.72e-64	187
10P3R2A13_00937	17P1R1A4_03481	97.802	91	2	0	1	91	1	91	6.89e-63	185
10P3R2A13_00938	10P3R2A13_00938	100.000	448	0	0	1	448	1	448	0.0	927
10P3R2A13_00939	10P3R2A13_00939	100.000	347	0	0	1	347	1	347	0.0	724
10P3R2A13_00939	15P1R1A16_00843	100.000	295	0	0	53	347	1	295	0.0	615
10P3R2A13_00939	11P3R3A1_04009	99.592	245	1	0	1	245	1	245	0.0	507
10P3R2A13_00939	5P3R2A4_00742	100.000	219	0	0	1	219	1	219	7.67e-165	459
10P3R2A13_00939	3P1R3A2_00987	100.000	43	0	0	1	43	1	43	5.18e-24	93.2
10P3R2A13_00940	10P3R2A13_00940	100.000	654	0	0	1	654	1	654	0.0	1350
10P3R2A13_00940	27P2R2A12_01263	97.356	643	13	1	1	643	1	639	0.0	1293
10P3R2A13_00941	10P3R2A13_00941	100.000	348	0	0	1	348	1	348	0.0	709
10P3R2A13_00941	34P3R2A10_02706	99.281	278	2	0	71	348	1	278	0.0	559
10P3R2A13_00942	10P3R2A13_00942	100.000	184	0	0	1	184	1	184	4.85e-137	380
10P3R2A13_00943	10P3R2A13_00943	100.000	619	0	0	1	619	1	619	0.0	1268
10P3R2A13_00944	10P3R2A13_00944	100.000	339	0	0	1	339	1	339	0.0	699
10P3R2A13_00944	24P1R3A1_01576	100.000	323	0	0	17	339	1	323	0.0	666
10P3R2A13_00945	10P3R2A13_00945	100.000	214	0	0	1	214	1	214	5.28e-162	445
10P3R2A13_00945	17P1R1A4_03489	97.664	214	5	0	1	214	1	214	1.20e-156	432
10P3R2A13_00945	34P3R2A10_01420	100.000	66	0	0	149	214	1	66	1.86e-42	137
10P3R2A13_00946	10P3R2A13_00946	100.000	91	0	0	1	91	1	91	7.47e-65	190
10P3R2A13_00946	25P2R1A13_00903	97.802	91	2	0	1	91	1	91	4.49e-63	185
10P3R2A13_00947	10P3R2A13_00947	100.000	138	0	0	1	138	1	138	2.98e-103	290
10P3R2A13_00948	10P3R2A13_00948	100.000	332	0	0	1	332	1	332	0.0	678
10P3R2A13_00948	42P1R1A12_02153	96.084	332	13	0	1	332	1	332	0.0	659
10P3R2A13_00948	31P2R1A5_04170	95.482	332	15	0	1	332	1	332	0.0	658
10P3R2A13_00948	38P2R3A13_08360	100.000	65	0	0	268	332	1	65	1.21e-39	134
10P3R2A13_00949	10P3R2A13_00949	100.000	295	0	0	1	295	1	295	0.0	611
10P3R2A13_00949	34P3R2A10_04284	100.000	108	0	0	188	295	1	108	1.37e-75	226
10P3R2A13_00950	10P3R2A13_00950	100.000	285	0	0	1	285	1	285	0.0	585
10P3R2A13_00950	27P2R2A12_01281	97.895	285	6	0	1	285	1	285	0.0	574
10P3R2A13_00950	34P3R2A10_01407	98.742	159	2	0	127	285	1	159	1.21e-112	322
10P3R2A13_00951	10P3R2A13_00951	100.000	249	0	0	1	249	1	249	0.0	505
10P3R2A13_00952	10P3R2A13_00952	100.000	645	0	0	1	645	1	645	0.0	1340
10P3R2A13_00952	31P2R1A5_04166	97.829	645	14	0	1	645	1	645	0.0	1316
10P3R2A13_00952	42P1R1A12_02149	97.829	645	14	0	1	645	1	645	0.0	1314
10P3R2A13_00952	18P3R3A11_00509	97.519	645	16	0	1	645	1	645	0.0	1310
10P3R2A13_00952	34P3R2A10_03688	100.000	519	0	0	127	645	1	519	0.0	1082
10P3R2A13_00952	38P2R3A13_07593	96.629	89	3	0	557	645	1	89	7.85e-55	181
10P3R2A13_00953	10P3R2A13_00953	100.000	428	0	0	1	428	1	428	0.0	894
10P3R2A13_00954	10P3R2A13_00954	100.000	492	0	0	1	492	1	492	0.0	996
10P3R2A13_00954	34P3R2A10_04000	100.000	132	0	0	361	492	1	132	8.21e-89	267
10P3R2A13_00955	10P3R2A13_00955	100.000	497	0	0	1	497	1	497	0.0	1028
10P3R2A13_00956	10P3R2A13_00956	100.000	168	0	0	1	168	1	168	3.63e-122	341
10P3R2A13_00957	10P3R2A13_00957	100.000	149	0	0	1	149	1	149	3.39e-96	274
10P3R2A13_00958	10P3R2A13_00958	100.000	273	0	0	1	273	1	273	0.0	566
10P3R2A13_00959	10P3R2A13_00959	100.000	394	0	0	1	394	1	394	0.0	768
10P3R2A13_00960	10P3R2A13_00960	100.000	116	0	0	1	116	1	116	1.54e-83	239
10P3R2A13_00960	25P2R1A13_00917	97.414	116	3	0	1	116	1	116	2.08e-82	236
10P3R2A13_00961	10P3R2A13_00961	100.000	85	0	0	1	85	1	85	8.19e-59	174
10P3R2A13_00961	11P3R3A1_04039	97.647	85	2	0	1	85	1	85	2.31e-57	171
10P3R2A13_00962	10P3R2A13_00962	100.000	342	0	0	1	342	1	342	0.0	709
10P3R2A13_00963	10P3R2A13_00963	100.000	83	0	0	1	83	1	83	5.64e-49	149
10P3R2A13_00964	10P3R2A13_00964	100.000	137	0	0	1	137	1	137	7.17e-99	279
10P3R2A13_00964	27P2R2A12_04092	100.000	133	0	0	1	133	1	133	1.06e-96	274
10P3R2A13_00964	12_1P1R2A2-1_04087	96.350	137	5	0	1	137	1	137	2.21e-95	271
10P3R2A13_00965	10P3R2A13_00965	100.000	319	0	0	1	319	1	319	0.0	653
10P3R2A13_00965	15P1R1A16_05023	97.179	319	9	0	1	319	1	319	0.0	634
10P3R2A13_00966	10P3R2A13_00966	100.000	733	0	0	1	733	1	733	0.0	1508
10P3R2A13_00966	15P1R1A16_05024	100.000	86	0	0	648	733	1	86	3.38e-53	178
10P3R2A13_00967	10P3R2A13_00967	100.000	319	0	0	1	319	1	319	0.0	647
10P3R2A13_00967	15P1R1A16_05245	98.936	282	3	0	38	319	1	282	0.0	565
10P3R2A13_00967	43P2R2A2_04887	100.000	151	0	0	169	319	1	151	5.30e-105	303
10P3R2A13_00968	10P3R2A13_00968	100.000	230	0	0	1	230	1	230	5.95e-172	472
10P3R2A13_00969	10P3R2A13_00969	100.000	205	0	0	1	205	1	205	8.07e-151	416
10P3R2A13_00969	17P1R1A4_03230	100.000	124	0	0	82	205	1	124	5.90e-87	252
10P3R2A13_00969	28P2R1A12_01410	100.000	66	0	0	1	66	1	66	6.89e-42	136
10P3R2A13_00970	10P3R2A13_00970	100.000	237	0	0	1	237	1	237	4.74e-179	490
10P3R2A13_00970	43P2R2A2_04763	100.000	219	0	0	19	237	1	219	7.61e-165	454
10P3R2A13_00971	10P3R2A13_00971	100.000	548	0	0	1	548	1	548	0.0	1130
10P3R2A13_00971	31P2R1A5_03177	95.420	524	24	0	25	548	25	548	0.0	1038
10P3R2A13_00971	29P3R3A9_01559	98.904	365	4	0	1	365	1	365	0.0	749
10P3R2A13_00971	29P3R3A9_01560	99.194	124	1	0	425	548	1	124	5.69e-83	254
10P3R2A13_00972	10P3R2A13_00972	100.000	842	0	0	1	842	1	842	0.0	1715
10P3R2A13_00973	10P3R2A13_00973	100.000	223	0	0	1	223	1	223	8.41e-167	458
10P3R2A13_00974	10P3R2A13_00974	100.000	196	0	0	1	196	1	196	5.87e-138	383
10P3R2A13_00974	27P2R2A12_04082	99.487	195	1	0	2	196	18	212	4.24e-136	379
10P3R2A13_00974	31P2R1A5_03174	96.939	196	6	0	1	196	1	196	8.31e-133	370
10P3R2A13_00974	54P2R2A3_01974	95.918	196	8	0	1	196	1	196	2.69e-132	369
10P3R2A13_00974	15P1R1A16_04656	100.000	73	0	0	124	196	1	73	3.03e-46	147
10P3R2A13_00975	10P3R2A13_00975	100.000	181	0	0	1	181	1	181	1.67e-132	368
10P3R2A13_00976	10P3R2A13_00976	100.000	47	0	0	1	47	1	47	3.19e-28	94.4
10P3R2A13_00976	40P3R1A10_01172	97.872	47	1	0	1	47	1	47	4.65e-27	91.7
10P3R2A13_00977	10P3R2A13_00977	100.000	89	0	0	1	89	1	89	2.09e-61	181
10P3R2A13_00978	10P3R2A13_00978	100.000	34	0	0	1	34	1	34	2.28e-17	66.2
10P3R2A13_00979	10P3R2A13_00979	100.000	1418	0	0	1	1418	1	1418	0.0	2885
10P3R2A13_00979	12_1P1R2A2-1_04071	97.320	1418	38	0	1	1418	1	1418	0.0	2813
10P3R2A13_00979	17P1R1A4_03240	96.474	1418	50	0	1	1418	1	1418	0.0	2743
10P3R2A13_00979	15P1R1A16_05073	100.000	285	0	0	1134	1418	1	285	0.0	570
10P3R2A13_00979	14P1R2A4_03948	100.000	195	0	0	1224	1418	1	195	2.93e-127	392
10P3R2A13_00979	15P1R1A16_05241	96.296	108	4	0	1311	1418	1	108	4.00e-65	215
10P3R2A13_00980	10P3R2A13_00980	100.000	286	0	0	1	286	1	286	0.0	595
10P3R2A13_00980	32P3R2A9_00866	97.552	286	7	0	1	286	1	286	0.0	583
10P3R2A13_00980	26P1R3A4_01126	97.902	286	6	0	1	286	1	286	0.0	583
10P3R2A13_00980	27P2R2A12_01234	100.000	182	0	0	1	182	1	182	1.35e-134	378
10P3R2A13_00980	15P1R1A16_05074	100.000	118	0	0	169	286	1	118	3.09e-84	248
10P3R2A13_00980	34P3R2A10_04219	97.458	118	3	0	169	286	1	118	1.84e-81	241
10P3R2A13_00980	15P1R1A16_05240	95.763	118	5	0	169	286	1	118	8.25e-80	237
10P3R2A13_00981	10P3R2A13_00981	100.000	290	0	0	1	290	1	290	0.0	607
10P3R2A13_00982	10P3R2A13_00982	100.000	198	0	0	1	198	1	198	6.98e-146	403
10P3R2A13_00983	10P3R2A13_00983	100.000	442	0	0	1	442	1	442	0.0	907
10P3R2A13_00983	3P1R3A2_04577	99.007	403	4	0	1	403	1	403	0.0	820
10P3R2A13_00983	3P1R3A2_04242	100.000	43	0	0	400	442	10	52	2.42e-22	89.7
10P3R2A13_00984	10P3R2A13_00984	100.000	285	0	0	1	285	1	285	0.0	585
10P3R2A13_00985	10P3R2A13_00985	100.000	240	0	0	1	240	1	240	2.68e-180	494
10P3R2A13_00986	10P3R2A13_00986	100.000	476	0	0	1	476	1	476	0.0	995
10P3R2A13_00986	15P1R1A16_04930	100.000	454	0	0	23	476	1	454	0.0	949
10P3R2A13_00986	34P3R2A10_02535	100.000	57	0	0	420	476	1	57	4.21e-34	122
10P3R2A13_00987	10P3R2A13_00987	100.000	232	0	0	1	232	1	232	3.02e-171	470
10P3R2A13_00989	10P3R2A13_00989	100.000	766	0	0	1	766	1	766	0.0	1520
10P3R2A13_00990	10P3R2A13_00990	100.000	254	0	0	1	254	1	254	0.0	526
10P3R2A13_00991	10P3R2A13_00991	100.000	47	0	0	1	47	1	47	3.68e-28	94.4
10P3R2A13_00992	10P3R2A13_00992	100.000	265	0	0	1	265	1	265	0.0	543
10P3R2A13_00993	10P3R2A13_00993	100.000	188	0	0	1	188	1	188	4.81e-141	390
10P3R2A13_00994	10P3R2A13_00994	100.000	84	0	0	1	84	1	84	6.58e-57	169
10P3R2A13_00995	10P3R2A13_00995	100.000	557	0	0	1	557	1	557	0.0	1163
10P3R2A13_00995	15P1R1A16_03853	100.000	161	0	0	397	557	1	161	5.38e-115	338
10P3R2A13_00996	10P3R2A13_00996	100.000	491	0	0	1	491	1	491	0.0	1011
10P3R2A13_00996	43P2R2A2_03394	100.000	284	0	0	208	491	1	284	0.0	592
10P3R2A13_00997	10P3R2A13_00997	100.000	196	0	0	1	196	1	196	1.61e-143	397
10P3R2A13_00997	25P2R1A13_04077	97.959	196	4	0	1	196	1	196	3.86e-140	389
10P3R2A13_00998	10P3R2A13_00998	100.000	678	0	0	1	678	1	678	0.0	1384
10P3R2A13_00998	31P2R1A5_05039	96.608	678	23	0	1	678	1	678	0.0	1343
10P3R2A13_00998	18P3R3A11_01171	96.018	678	27	0	1	678	1	678	0.0	1342
10P3R2A13_00998	47P2R3A6_03217	95.280	678	32	0	1	678	1	678	0.0	1330
10P3R2A13_00998	38P2R3A13_05029	95.548	629	28	0	50	678	1	629	0.0	1238
10P3R2A13_00998	43P2R2A2_04275	100.000	40	0	0	639	678	1	40	5.77e-23	92.0
10P3R2A13_01000	10P3R2A13_01000	100.000	363	0	0	1	363	1	363	0.0	752
10P3R2A13_01000	3P1R3A2_01196	100.000	327	0	0	37	363	1	327	0.0	681
10P3R2A13_01000	17P1R1A4_04274	100.000	247	0	0	117	363	1	247	0.0	512
10P3R2A13_01000	17P1R1A4_02951	95.413	218	10	0	142	359	1	218	2.53e-154	432
10P3R2A13_01000	15P1R1A16_04305	100.000	192	0	0	172	363	1	192	1.10e-140	397
10P3R2A13_01000	17P1R1A4_03059	95.082	61	3	0	1	61	1	61	9.27e-29	106
10P3R2A13_01001	10P3R2A13_01001	100.000	311	0	0	1	311	1	311	0.0	646
10P3R2A13_01002	10P3R2A13_01002	100.000	166	0	0	1	166	1	166	8.69e-114	320
10P3R2A13_01002	16_1P2R1A8-1_03226	97.590	166	4	0	1	166	1	166	2.79e-111	313
10P3R2A13_01003	10P3R2A13_01003	100.000	202	0	0	1	202	1	202	1.08e-147	408
10P3R2A13_01004	10P3R2A13_01004	100.000	288	0	0	1	288	1	288	0.0	600
10P3R2A13_01004	28P2R1A12_01381	97.917	288	6	0	1	288	1	288	0.0	593
10P3R2A13_01004	14P1R2A4_03931	96.875	288	9	0	1	288	1	288	0.0	588
10P3R2A13_01004	11P3R3A1_01271	96.528	288	10	0	1	288	1	288	0.0	583
10P3R2A13_01004	27P2R2A12_01218	96.181	288	11	0	1	288	1	288	0.0	577
10P3R2A13_01005	10P3R2A13_01005	100.000	516	0	0	1	516	1	516	0.0	1049
10P3R2A13_01005	34P3R2A10_04450	98.747	399	5	0	118	516	1	399	0.0	804
10P3R2A13_01005	15P1R1A16_01992	100.000	239	0	0	278	516	1	239	1.29e-175	493
10P3R2A13_01006	10P3R2A13_01006	100.000	473	0	0	1	473	1	473	0.0	975
10P3R2A13_01006	34P3R2A10_04875	100.000	61	0	0	413	473	1	61	1.30e-35	126
10P3R2A13_01007	10P3R2A13_01007	100.000	317	0	0	1	317	1	317	0.0	645
10P3R2A13_01008	10P3R2A13_01008	100.000	461	0	0	1	461	1	461	0.0	959
10P3R2A13_01008	34P3R2A10_03050	99.194	124	1	0	338	461	1	124	3.29e-86	259
10P3R2A13_01009	10P3R2A13_01009	100.000	137	0	0	1	137	1	137	1.39e-100	284
10P3R2A13_01010	10P3R2A13_01010	100.000	329	0	0	1	329	1	329	0.0	669
10P3R2A13_01011	10P3R2A13_01011	100.000	495	0	0	1	495	1	495	0.0	1014
10P3R2A13_01012	10P3R2A13_01012	100.000	324	0	0	1	324	1	324	0.0	632
10P3R2A13_01013	10P3R2A13_01013	100.000	319	0	0	1	319	1	319	0.0	617
10P3R2A13_01014	10P3R2A13_01014	100.000	350	0	0	1	350	1	350	0.0	724
10P3R2A13_01014	33P3R2A2_01532	99.700	333	1	0	18	350	1	333	0.0	688
10P3R2A13_01014	34P3R2A10_04610	99.585	241	1	0	110	350	1	241	9.30e-179	494
10P3R2A13_01015	10P3R2A13_01015	100.000	272	0	0	1	272	1	272	0.0	560
10P3R2A13_01015	16_1P2R1A8-1_03387	99.234	261	2	0	12	272	1	261	0.0	533
10P3R2A13_01017	15P1R1A16_02004	99.526	211	1	0	1	211	14	224	7.20e-151	417
10P3R2A13_01017	10P3R2A13_01017	100.000	211	0	0	1	211	1	211	1.05e-150	416
10P3R2A13_01018	10P3R2A13_01018	100.000	92	0	0	1	92	1	92	1.05e-60	179
10P3R2A13_01019	10P3R2A13_01019	100.000	529	0	0	1	529	1	529	0.0	1078
10P3R2A13_01019	34P3R2A10_05089	99.653	288	1	0	242	529	1	288	0.0	585
10P3R2A13_01019	43P2R2A2_01811	99.219	128	1	0	402	529	1	128	1.59e-84	257
10P3R2A13_01020	10P3R2A13_01020	100.000	297	0	0	1	297	1	297	0.0	606
10P3R2A13_01020	34P3R2A10_04974	99.567	231	1	0	67	297	1	231	2.73e-170	471
10P3R2A13_01020	43P2R2A2_05486	97.516	161	4	0	137	297	1	161	1.75e-110	317
10P3R2A13_01020	15P1R1A16_04259	99.123	114	1	0	184	297	1	114	4.23e-79	235
10P3R2A13_01021	10P3R2A13_01021	100.000	390	0	0	1	390	1	390	0.0	811
10P3R2A13_01021	34P3R2A10_03746	99.288	281	2	0	110	390	1	281	0.0	582
10P3R2A13_01022	10P3R2A13_01022	100.000	484	0	0	1	484	1	484	0.0	1007
10P3R2A13_01022	43P2R2A2_05587	100.000	63	0	0	422	484	1	63	4.43e-37	130
10P3R2A13_01023	10P3R2A13_01023	100.000	629	0	0	1	629	1	629	0.0	1296
10P3R2A13_01023	43P2R2A2_04984	100.000	214	0	0	416	629	1	214	3.06e-154	442
10P3R2A13_01024	10P3R2A13_01024	100.000	420	0	0	1	420	1	420	0.0	814
10P3R2A13_01024	15P1R1A16_05144	100.000	394	0	0	27	420	1	394	0.0	760
10P3R2A13_01025	10P3R2A13_01025	100.000	428	0	0	1	428	1	428	0.0	887
10P3R2A13_01025	43P2R2A2_05216	100.000	101	0	0	328	428	1	101	2.57e-67	209
10P3R2A13_01026	10P3R2A13_01026	100.000	300	0	0	1	300	1	300	0.0	605
10P3R2A13_01026	24P1R3A1_00636	98.333	300	5	0	1	300	9	308	0.0	594
10P3R2A13_01026	11P3R3A1_01249	97.333	300	8	0	1	300	1	300	0.0	587
10P3R2A13_01027	10P3R2A13_01027	100.000	220	0	0	1	220	1	220	3.59e-164	451
10P3R2A13_01028	10P3R2A13_01028	100.000	157	0	0	1	157	1	157	3.22e-111	312
10P3R2A13_01028	43P2R2A2_05289	100.000	58	0	0	100	157	1	58	6.23e-36	119
10P3R2A13_01029	10P3R2A13_01029	100.000	394	0	0	1	394	1	394	0.0	766
10P3R2A13_01029	26P1R3A4_01175	99.251	267	2	0	1	267	1	267	0.0	512
10P3R2A13_01029	15P1R1A16_05008	98.876	178	2	0	90	267	1	178	1.81e-120	347
10P3R2A13_01029	15P1R1A16_05009	99.174	121	1	0	274	394	1	121	2.34e-78	237
10P3R2A13_01030	10P3R2A13_01030	100.000	207	0	0	1	207	1	207	2.40e-154	425
10P3R2A13_01030	27P2R2A12_01197	96.078	204	8	0	4	207	1	204	1.03e-147	409
10P3R2A13_01030	28P2R1A12_01359	99.248	133	1	0	1	133	1	133	4.00e-97	278
10P3R2A13_01030	54P2R2A3_05059	97.778	45	1	0	4	48	1	45	1.02e-26	97.1
10P3R2A13_01031	10P3R2A13_01031	100.000	418	0	0	1	418	1	418	0.0	831
10P3R2A13_01032	10P3R2A13_01032	100.000	1025	0	0	1	1025	1	1025	0.0	2130
10P3R2A13_01032	16_1P2R1A8-1_03371	97.659	1025	23	1	1	1025	1	1024	0.0	2080
10P3R2A13_01032	42P1R1A12_05392	96.488	1025	36	0	1	1025	1	1025	0.0	2060
10P3R2A13_01032	34P3R2A10_02680	98.738	713	9	0	313	1025	1	713	0.0	1470
10P3R2A13_01032	15P1R1A16_05052	99.261	541	4	0	485	1025	1	541	0.0	1120
10P3R2A13_01033	10P3R2A13_01033	100.000	364	0	0	1	364	1	364	0.0	738
10P3R2A13_01033	42P1R1A12_05393	96.154	364	14	0	1	364	20	383	0.0	710
10P3R2A13_01034	10P3R2A13_01034	100.000	316	0	0	1	316	1	316	0.0	646
10P3R2A13_01034	12_1P1R2A2-1_01396	100.000	278	0	0	39	316	1	278	0.0	563
10P3R2A13_01035	10P3R2A13_01035	100.000	555	0	0	1	555	1	555	0.0	1147
10P3R2A13_01035	15P1R1A16_03926	100.000	303	0	0	1	303	1	303	0.0	630
10P3R2A13_01035	15P1R1A16_03925	100.000	244	0	0	312	555	1	244	1.16e-178	503
10P3R2A13_01036	10P3R2A13_01036	100.000	315	0	0	1	315	1	315	0.0	646
10P3R2A13_01036	43P2R2A2_03954	100.000	185	0	0	131	315	1	185	8.98e-135	380
10P3R2A13_01037	10P3R2A13_01037	100.000	289	0	0	1	289	1	289	0.0	595
10P3R2A13_01038	10P3R2A13_01038	100.000	270	0	0	1	270	1	270	0.0	551
10P3R2A13_01039	10P3R2A13_01039	100.000	317	0	0	1	317	1	317	0.0	642
10P3R2A13_01040	10P3R2A13_01040	100.000	338	0	0	1	338	1	338	0.0	691
10P3R2A13_01041	10P3R2A13_01041	100.000	404	0	0	1	404	1	404	0.0	769
10P3R2A13_01042	10P3R2A13_01042	100.000	180	0	0	1	180	1	180	1.92e-128	358
10P3R2A13_01043	10P3R2A13_01043	100.000	278	0	0	1	278	1	278	0.0	583
10P3R2A13_01043	34P3R2A10_04272	98.406	251	4	0	28	278	1	251	0.0	518
10P3R2A13_01044	10P3R2A13_01044	100.000	370	0	0	1	370	1	370	0.0	758
10P3R2A13_01045	10P3R2A13_01045	100.000	92	0	0	1	92	1	92	3.43e-63	186
10P3R2A13_01046	10P3R2A13_01046	100.000	258	0	0	1	258	1	258	0.0	525
10P3R2A13_01047	10P3R2A13_01047	100.000	399	0	0	1	399	1	399	0.0	823
10P3R2A13_01048	10P3R2A13_01048	100.000	224	0	0	1	224	1	224	1.73e-169	465
10P3R2A13_01049	10P3R2A13_01049	100.000	321	0	0	1	321	1	321	0.0	642
10P3R2A13_01049	28P2R1A12_01339	99.134	231	2	0	91	321	1	231	7.62e-167	463
10P3R2A13_01049	28P2R1A12_01340	97.753	89	2	0	1	89	1	89	6.14e-54	171
10P3R2A13_01050	10P3R2A13_01050	100.000	256	0	0	1	256	1	256	0.0	514
10P3R2A13_01051	10P3R2A13_01051	100.000	276	0	0	1	276	1	276	0.0	523
10P3R2A13_01051	11P3R3A1_01224	97.464	276	7	0	1	276	1	276	0.0	512
10P3R2A13_01051	25P2R1A13_03977	97.101	276	8	0	1	276	1	276	0.0	512
10P3R2A13_01052	10P3R2A13_01052	100.000	284	0	0	1	284	1	284	0.0	585
10P3R2A13_01053	10P3R2A13_01053	100.000	325	0	0	1	325	1	325	0.0	667
10P3R2A13_01054	10P3R2A13_01054	100.000	1001	0	0	1	1001	1	1001	0.0	1979
10P3R2A13_01054	34P3R2A10_03196	99.671	304	1	0	698	1001	1	304	0.0	610
10P3R2A13_01054	43P2R2A2_03246	100.000	234	0	0	768	1001	1	234	2.44e-159	468
10P3R2A13_01055	10P3R2A13_01055	100.000	208	0	0	1	208	1	208	4.06e-155	427
10P3R2A13_01056	10P3R2A13_01056	100.000	386	0	0	1	386	1	386	0.0	796
10P3R2A13_01056	16_1P2R1A8-1_03871	99.206	378	3	0	1	378	1	378	0.0	777
10P3R2A13_01057	10P3R2A13_01057	100.000	407	0	0	1	407	1	407	0.0	825
10P3R2A13_01058	10P3R2A13_01058	100.000	365	0	0	1	365	1	365	0.0	755
10P3R2A13_01059	10P3R2A13_01059	100.000	103	0	0	1	103	1	103	2.87e-72	209
10P3R2A13_01060	10P3R2A13_01060	100.000	71	0	0	1	71	1	71	5.24e-47	143
10P3R2A13_01061	10P3R2A13_01061	100.000	365	0	0	1	365	1	365	0.0	748
10P3R2A13_01062	10P3R2A13_01062	100.000	87	0	0	1	87	1	87	4.75e-58	172
10P3R2A13_01063	10P3R2A13_01063	100.000	472	0	0	1	472	1	472	0.0	964
10P3R2A13_01063	34P3R2A10_04611	100.000	316	0	0	157	472	1	316	0.0	647
10P3R2A13_01064	10P3R2A13_01064	100.000	107	0	0	1	107	1	107	1.12e-74	216
10P3R2A13_01065	10P3R2A13_01065	100.000	372	0	0	1	372	1	372	0.0	761
10P3R2A13_01065	34P3R2A10_03506	99.390	164	1	0	209	372	1	164	3.18e-117	337
10P3R2A13_01066	10P3R2A13_01066	100.000	270	0	0	1	270	1	270	0.0	546
10P3R2A13_01068	10P3R2A13_01068	100.000	175	0	0	1	175	1	175	4.25e-128	356
10P3R2A13_01069	10P3R2A13_01069	100.000	64	0	0	1	64	1	64	7.48e-42	130
10P3R2A13_01070	10P3R2A13_01070	100.000	226	0	0	1	226	1	226	6.87e-164	451
10P3R2A13_01071	10P3R2A13_01071	100.000	95	0	0	1	95	1	95	1.56e-66	194
10P3R2A13_01073	10P3R2A13_01073	100.000	303	0	0	1	303	1	303	0.0	619
10P3R2A13_01074	10P3R2A13_01074	100.000	423	0	0	1	423	1	423	0.0	829
10P3R2A13_01076	10P3R2A13_01076	100.000	401	0	0	1	401	1	401	0.0	827
10P3R2A13_01077	10P3R2A13_01077	100.000	230	0	0	1	230	1	230	2.71e-171	470
10P3R2A13_01077	18P3R3A11_02335	96.522	230	8	0	1	230	1	230	9.32e-166	456
10P3R2A13_01077	31P2R1A5_03224	95.217	230	11	0	1	230	1	230	1.71e-163	450
10P3R2A13_01078	10P3R2A13_01078	100.000	432	0	0	1	432	1	432	0.0	885
10P3R2A13_01079	10P3R2A13_01079	100.000	440	0	0	1	440	1	440	0.0	863
10P3R2A13_01080	10P3R2A13_01080	100.000	458	0	0	1	458	1	458	0.0	912
10P3R2A13_01081	10P3R2A13_01081	100.000	606	0	0	1	606	1	606	0.0	1257
10P3R2A13_01081	43P2R2A2_02062	100.000	412	0	0	195	606	1	412	0.0	858
10P3R2A13_01081	26P1R3A4_02719	97.643	297	7	0	310	606	1	297	0.0	603
10P3R2A13_01081	26P1R3A4_02718	100.000	277	0	0	1	277	1	277	0.0	579
10P3R2A13_01082	10P3R2A13_01082	100.000	194	0	0	1	194	1	194	1.45e-143	397
10P3R2A13_01083	10P3R2A13_01083	100.000	357	0	0	1	357	1	357	0.0	729
10P3R2A13_01084	10P3R2A13_01084	100.000	376	0	0	1	376	1	376	0.0	779
10P3R2A13_01084	44P3R3A6_03372	97.340	376	10	0	1	376	1	376	0.0	760
10P3R2A13_01084	18P3R3A11_02325	97.074	376	11	0	1	376	1	376	0.0	758
10P3R2A13_01085	10P3R2A13_01085	100.000	111	0	0	1	111	1	111	2.75e-77	223
10P3R2A13_01085	18P3R3A11_02324	97.297	111	3	0	1	111	1	111	3.93e-75	217
10P3R2A13_01085	51P2R2A10_03225	95.495	111	5	0	1	111	1	111	4.71e-73	212
10P3R2A13_01086	10P3R2A13_01086	100.000	605	0	0	1	605	1	605	0.0	1211
10P3R2A13_01087	10P3R2A13_01087	100.000	324	0	0	1	324	1	324	0.0	652
10P3R2A13_01087	38P2R3A13_08048	95.480	177	8	0	148	324	1	177	1.30e-116	334
10P3R2A13_01087	34P3R2A10_02822	100.000	152	0	0	173	324	1	152	1.60e-103	300
10P3R2A13_01088	10P3R2A13_01088	100.000	116	0	0	1	116	1	116	5.34e-86	245
10P3R2A13_01089	10P3R2A13_01089	100.000	295	0	0	1	295	1	295	0.0	602
10P3R2A13_01090	10P3R2A13_01090	100.000	180	0	0	1	180	1	180	3.07e-130	362
10P3R2A13_01090	28P2R1A12_01297	97.222	180	5	0	1	180	1	180	2.48e-126	352
10P3R2A13_01091	10P3R2A13_01091	100.000	150	0	0	1	150	1	150	5.29e-108	303
10P3R2A13_01091	51P2R2A10_03217	95.333	150	7	0	1	150	1	150	1.78e-104	295
10P3R2A13_01092	10P3R2A13_01092	100.000	368	0	0	1	368	1	368	0.0	756
10P3R2A13_01092	28P2R1A12_01295	97.826	368	8	0	1	368	1	368	0.0	743
10P3R2A13_01094	10P3R2A13_01094	100.000	140	0	0	1	140	1	140	2.49e-99	281
10P3R2A13_01094	42P1R1A12_00810	95.714	140	6	0	1	140	1	140	2.80e-90	258
10P3R2A13_01095	10P3R2A13_01095	100.000	326	0	0	1	326	1	326	0.0	657
10P3R2A13_01096	10P3R2A13_01096	100.000	173	0	0	1	173	1	173	1.26e-123	345
10P3R2A13_01096	34P3R2A10_04523	100.000	71	0	0	103	173	1	71	5.10e-45	142
10P3R2A13_01097	10P3R2A13_01097	100.000	325	0	0	1	325	1	325	0.0	669
10P3R2A13_01097	15P1R1A16_00800	99.519	208	1	0	118	325	1	208	1.20e-152	426
10P3R2A13_01098	10P3R2A13_01098	100.000	621	0	0	1	621	1	621	0.0	1275
10P3R2A13_01098	34P3R2A10_04521	99.377	321	2	0	301	621	1	321	0.0	655
10P3R2A13_01098	34P3R2A10_04774	99.422	173	1	0	449	621	1	173	2.72e-118	348
10P3R2A13_01098	43P2R2A2_02079	100.000	60	0	0	562	621	1	60	1.22e-33	122
10P3R2A13_01099	10P3R2A13_01099	100.000	300	0	0	1	300	1	300	0.0	604
10P3R2A13_01099	34P3R2A10_04976	100.000	147	0	0	154	300	1	147	4.23e-99	287
10P3R2A13_01100	10P3R2A13_01100	100.000	81	0	0	1	81	1	81	1.40e-52	158
10P3R2A13_01101	10P3R2A13_01101	100.000	483	0	0	1	483	1	483	0.0	988
10P3R2A13_01101	34P3R2A10_05241	95.139	144	7	0	340	483	1	144	6.60e-93	278
10P3R2A13_01102	10P3R2A13_01102	100.000	197	0	0	1	197	1	197	4.47e-144	399
10P3R2A13_01103	10P3R2A13_01103	100.000	304	0	0	1	304	1	304	0.0	627
10P3R2A13_01104	10P3R2A13_01104	100.000	164	0	0	1	164	1	164	8.02e-117	327
10P3R2A13_01104	15P1R1A16_05026	100.000	71	0	0	94	164	1	71	2.95e-44	140
10P3R2A13_01105	10P3R2A13_01105	100.000	455	0	0	1	455	1	455	0.0	909
10P3R2A13_01106	10P3R2A13_01106	100.000	324	0	0	1	324	1	324	0.0	673
10P3R2A13_01106	11P3R3A1_01167	100.000	178	0	0	147	324	1	178	6.92e-131	370
10P3R2A13_01106	11P3R3A1_01168	99.286	140	1	0	1	140	1	140	3.21e-99	288
10P3R2A13_01107	10P3R2A13_01107	100.000	181	0	0	1	181	1	181	7.83e-134	371
10P3R2A13_01108	10P3R2A13_01108	100.000	104	0	0	1	104	1	104	9.69e-71	206
10P3R2A13_01109	10P3R2A13_01109	100.000	297	0	0	1	297	1	297	0.0	590
10P3R2A13_01109	31P2R1A5_03274	95.238	294	14	0	2	295	1	294	0.0	563
10P3R2A13_01109	42P1R1A12_00787	95.238	294	14	0	2	295	1	294	0.0	561
10P3R2A13_01110	10P3R2A13_01110	100.000	110	0	0	1	110	1	110	1.51e-74	216
10P3R2A13_01111	10P3R2A13_01111	100.000	205	0	0	1	205	1	205	1.61e-149	413
10P3R2A13_01112	10P3R2A13_01112	100.000	664	0	0	1	664	1	664	0.0	1338
10P3R2A13_01113	10P3R2A13_01113	100.000	316	0	0	1	316	1	316	0.0	655
10P3R2A13_01114	10P3R2A13_01114	100.000	492	0	0	1	492	1	492	0.0	971
10P3R2A13_01115	10P3R2A13_01115	100.000	193	0	0	1	193	1	193	4.02e-142	393
10P3R2A13_01115	15P1R1A16_03796	100.000	153	0	0	41	193	1	153	2.02e-109	309
10P3R2A13_01116	10P3R2A13_01116	100.000	105	0	0	1	105	1	105	6.43e-75	216
10P3R2A13_01117	10P3R2A13_01117	100.000	433	0	0	1	433	1	433	0.0	861
10P3R2A13_01119	10P3R2A13_01119	100.000	425	0	0	1	425	1	425	0.0	861
10P3R2A13_01119	18P3R3A11_02292	97.176	425	12	0	1	425	1	425	0.0	840
10P3R2A13_01119	43P2R2A2_03360	100.000	284	0	0	142	425	1	284	0.0	566
10P3R2A13_01120	10P3R2A13_01120	100.000	785	0	0	1	785	1	785	0.0	1598
10P3R2A13_01120	31P2R1A5_03285	98.471	785	12	0	1	785	19	803	0.0	1572
10P3R2A13_01120	18P3R3A11_02291	97.452	785	20	0	1	785	1	785	0.0	1563
10P3R2A13_01120	38P2R3A13_08495	97.978	742	15	0	44	785	1	742	0.0	1482
10P3R2A13_01120	34P3R2A10_01062	100.000	523	0	0	263	785	1	523	0.0	1071
10P3R2A13_01121	10P3R2A13_01121	100.000	91	0	0	1	91	1	91	2.91e-58	173
10P3R2A13_01121	18P3R3A11_02290	95.604	91	4	0	1	91	1	91	8.78e-56	167
10P3R2A13_01122	10P3R2A13_01122	100.000	624	0	0	1	624	1	624	0.0	1261
10P3R2A13_01123	10P3R2A13_01123	100.000	124	0	0	1	124	1	124	1.18e-85	245
10P3R2A13_01124	10P3R2A13_01124	100.000	133	0	0	1	133	1	133	1.67e-96	273
10P3R2A13_01125	10P3R2A13_01125	100.000	232	0	0	1	232	1	232	7.21e-176	482
10P3R2A13_01126	10P3R2A13_01126	100.000	567	0	0	1	567	1	567	0.0	1162
10P3R2A13_01126	27P2R2A12_01102	99.809	524	1	0	44	567	1	524	0.0	1071
10P3R2A13_01126	43P2R2A2_03353	100.000	359	0	0	209	567	1	359	0.0	736
10P3R2A13_01127	10P3R2A13_01127	100.000	273	0	0	1	273	1	273	0.0	563
10P3R2A13_01128	10P3R2A13_01128	100.000	153	0	0	1	153	1	153	1.86e-112	315
10P3R2A13_01129	10P3R2A13_01129	100.000	591	0	0	1	591	1	591	0.0	1207
10P3R2A13_01129	43P2R2A2_04338	100.000	278	0	0	314	591	1	278	0.0	575
10P3R2A13_01130	10P3R2A13_01130	100.000	594	0	0	1	594	1	594	0.0	1196
10P3R2A13_01131	10P3R2A13_01131	100.000	113	0	0	1	113	1	113	1.60e-76	221
10P3R2A13_01131	18P3R3A11_02277	95.575	113	5	0	1	113	1	113	3.66e-75	218
10P3R2A13_01132	10P3R2A13_01132	100.000	429	0	0	1	429	1	429	0.0	842
10P3R2A13_01133	10P3R2A13_01133	100.000	287	0	0	1	287	1	287	0.0	591
10P3R2A13_01133	43P2R2A2_04334	100.000	184	0	0	104	287	1	184	6.79e-137	384
10P3R2A13_01134	10P3R2A13_01134	100.000	191	0	0	1	191	1	191	1.90e-132	369
10P3R2A13_01135	10P3R2A13_01135	100.000	104	0	0	1	104	1	104	4.77e-73	211
10P3R2A13_01136	10P3R2A13_01136	100.000	118	0	0	1	118	1	118	1.59e-82	236
10P3R2A13_01137	10P3R2A13_01137	100.000	517	0	0	1	517	1	517	0.0	1060
10P3R2A13_01138	10P3R2A13_01138	100.000	157	0	0	1	157	1	157	5.34e-115	322
10P3R2A13_01139	10P3R2A13_01139	100.000	184	0	0	1	184	1	184	4.44e-137	380
10P3R2A13_01140	10P3R2A13_01140	100.000	73	0	0	1	73	1	73	1.67e-49	150
10P3R2A13_01140	31P2R1A5_03325	97.260	73	2	0	1	73	1	73	1.94e-48	147
10P3R2A13_01140	15P1R1A16_03602	100.000	61	0	0	13	73	1	61	3.25e-40	126
10P3R2A13_01141	10P3R2A13_01141	100.000	125	0	0	1	125	1	125	1.13e-91	260
10P3R2A13_01142	10P3R2A13_01142	100.000	1050	0	0	1	1050	1	1050	0.0	2138
10P3R2A13_01142	43P2R2A2_03598	100.000	738	0	0	313	1050	1	738	0.0	1510
10P3R2A13_01142	15P1R1A16_04754	100.000	631	0	0	420	1050	1	631	0.0	1300
10P3R2A13_01143	10P3R2A13_01143	100.000	398	0	0	1	398	1	398	0.0	798
10P3R2A13_01144	10P3R2A13_01144	100.000	216	0	0	1	216	1	216	2.89e-162	446
10P3R2A13_01145	10P3R2A13_01145	100.000	1121	0	0	1	1121	1	1121	0.0	2280
10P3R2A13_01146	10P3R2A13_01146	100.000	54	0	0	1	54	1	54	1.70e-31	103
10P3R2A13_01147	10P3R2A13_01147	100.000	176	0	0	1	176	1	176	1.45e-121	340
10P3R2A13_01148	10P3R2A13_01148	100.000	126	0	0	1	126	1	126	1.76e-86	247
10P3R2A13_01148	27P2R2A12_01080	98.400	125	2	0	1	125	1	125	9.75e-84	241
10P3R2A13_01149	10P3R2A13_01149	100.000	184	0	0	1	184	1	184	3.53e-131	365
10P3R2A13_01149	18P3R3A11_02249	95.109	184	9	0	1	184	1	184	1.01e-125	351
10P3R2A13_01150	10P3R2A13_01150	100.000	644	0	0	1	644	1	644	0.0	1306
10P3R2A13_01152	10P3R2A13_01152	100.000	202	0	0	1	202	1	202	4.62e-150	414
10P3R2A13_01152	42P1R1A12_00721	96.040	202	8	0	1	202	1	202	2.44e-144	400
10P3R2A13_01152	31P2R1A5_03338	96.040	202	8	0	1	202	1	202	9.73e-144	398
10P3R2A13_01152	18P3R3A11_02246	95.050	202	10	0	1	202	1	202	1.34e-142	395
10P3R2A13_01153	10P3R2A13_01153	100.000	625	0	0	1	625	1	625	0.0	1279
10P3R2A13_01154	10P3R2A13_01154	100.000	215	0	0	1	215	1	215	4.57e-157	433
10P3R2A13_01154	18P3R3A11_02244	95.814	215	9	0	1	215	1	215	9.18e-152	419
10P3R2A13_01154	38P2R3A13_07623	95.897	195	8	0	21	215	1	195	7.99e-137	381
10P3R2A13_01155	10P3R2A13_01155	100.000	321	0	0	1	321	1	321	0.0	663
10P3R2A13_01156	10P3R2A13_01156	100.000	320	0	0	1	320	1	320	0.0	665
10P3R2A13_01157	10P3R2A13_01157	100.000	435	0	0	1	435	1	435	0.0	912
10P3R2A13_01158	10P3R2A13_01158	100.000	559	0	0	1	559	1	559	0.0	1094
10P3R2A13_01158	43P2R2A2_01658	100.000	182	0	0	378	559	1	182	4.23e-127	369
10P3R2A13_01159	10P3R2A13_01159	100.000	407	0	0	1	407	1	407	0.0	803
10P3R2A13_01160	10P3R2A13_01160	100.000	551	0	0	1	551	1	551	0.0	1139
10P3R2A13_01161	10P3R2A13_01161	100.000	160	0	0	1	160	1	160	5.64e-114	319
10P3R2A13_01162	10P3R2A13_01162	100.000	265	0	0	1	265	1	265	0.0	541
10P3R2A13_01163	10P3R2A13_01163	100.000	132	0	0	1	132	1	132	3.11e-94	267
10P3R2A13_01164	10P3R2A13_01164	100.000	835	0	0	1	835	1	835	0.0	1682
10P3R2A13_01165	10P3R2A13_01165	100.000	311	0	0	1	311	1	311	0.0	637
10P3R2A13_01166	10P3R2A13_01166	100.000	431	0	0	1	431	1	431	0.0	842
10P3R2A13_01166	34P3R2A10_02553	100.000	406	0	0	26	431	1	406	0.0	790
10P3R2A13_01167	10P3R2A13_01167	100.000	136	0	0	1	136	1	136	3.96e-100	283
10P3R2A13_01168	10P3R2A13_01168	100.000	153	0	0	1	153	1	153	2.13e-105	297
10P3R2A13_01169	10P3R2A13_01169	100.000	306	0	0	1	306	1	306	0.0	615
10P3R2A13_01170	10P3R2A13_01170	100.000	705	0	0	1	705	1	705	0.0	1451
10P3R2A13_01170	18P3R3A11_01936	96.738	705	23	0	1	705	1	705	0.0	1408
10P3R2A13_01170	42P1R1A12_00001	96.170	705	27	0	1	705	1	705	0.0	1402
10P3R2A13_01171	10P3R2A13_01171	100.000	157	0	0	1	157	1	157	1.49e-112	315
10P3R2A13_01171	31P2R1A5_02751	96.815	157	5	0	1	157	1	157	3.68e-110	310
10P3R2A13_01171	24P1R3A1_02646	95.541	157	7	0	1	157	1	157	3.53e-109	307
10P3R2A13_01173	10P3R2A13_01173	100.000	96	0	0	1	96	1	96	1.93e-66	194
10P3R2A13_01173	25P2R1A13_01537	97.917	96	2	0	1	96	1	96	5.52e-64	188
10P3R2A13_01174	10P3R2A13_01174	100.000	120	0	0	1	120	1	120	5.15e-84	240
10P3R2A13_01175	10P3R2A13_01175	100.000	129	0	0	1	129	1	129	2.40e-91	259
10P3R2A13_01175	25P2R1A13_01539	96.124	129	5	0	1	129	1	129	7.91e-88	251
10P3R2A13_01176	10P3R2A13_01176	100.000	241	0	0	1	241	1	241	0.0	495
10P3R2A13_01176	18P3R3A11_01930	97.925	241	5	0	1	241	1	241	7.56e-177	485
10P3R2A13_01176	31P2R1A5_02746	95.021	241	12	0	1	241	1	241	3.61e-172	473
10P3R2A13_01177	10P3R2A13_01177	100.000	271	0	0	1	271	1	271	0.0	537
10P3R2A13_01178	10P3R2A13_01178	100.000	73	0	0	1	73	1	73	3.05e-47	144
10P3R2A13_01179	10P3R2A13_01179	100.000	197	0	0	1	197	1	197	1.70e-139	387
10P3R2A13_01179	31P2R1A5_02743	97.279	147	4	0	1	147	1	147	8.43e-99	284
10P3R2A13_01179	37P2R3-2A1_02813	97.351	151	4	0	1	151	1	151	1.35e-98	284
10P3R2A13_01180	10P3R2A13_01180	100.000	67	0	0	1	67	1	67	7.22e-45	137
10P3R2A13_01181	10P3R2A13_01181	100.000	602	0	0	1	602	1	602	0.0	1199
10P3R2A13_01181	43P2R2A2_03344	100.000	390	0	0	213	602	1	390	0.0	789
10P3R2A13_01182	10P3R2A13_01182	100.000	184	0	0	1	184	1	184	5.78e-137	379
10P3R2A13_01182	38P2R3A13_06657	98.077	52	1	0	1	52	1	52	1.10e-30	106
10P3R2A13_01183	10P3R2A13_01183	100.000	638	0	0	1	638	1	638	0.0	1300
10P3R2A13_01184	10P3R2A13_01184	100.000	341	0	0	1	341	1	341	0.0	713
10P3R2A13_01185	10P3R2A13_01185	100.000	73	0	0	1	73	1	73	2.11e-49	149
10P3R2A13_01186	10P3R2A13_01186	100.000	290	0	0	1	290	1	290	0.0	599
10P3R2A13_01186	42P1R1A12_00020	95.139	288	14	0	1	288	1	288	0.0	574
10P3R2A13_01187	10P3R2A13_01187	100.000	135	0	0	1	135	1	135	5.73e-98	277
10P3R2A13_01187	43P2R2A2_04316	100.000	111	0	0	25	135	1	111	1.58e-78	227
10P3R2A13_01189	10P3R2A13_01189	100.000	697	0	0	1	697	1	697	0.0	1428
10P3R2A13_01190	10P3R2A13_01190	100.000	407	0	0	1	407	1	407	0.0	836
10P3R2A13_01191	10P3R2A13_01191	100.000	188	0	0	1	188	1	188	1.59e-141	391
10P3R2A13_01192	10P3R2A13_01192	100.000	201	0	0	1	201	1	201	1.08e-150	416
10P3R2A13_01193	10P3R2A13_01193	100.000	56	0	0	1	56	1	56	2.76e-34	110
10P3R2A13_01194	10P3R2A13_01194	100.000	191	0	0	1	191	1	191	2.69e-140	389
10P3R2A13_01195	10P3R2A13_01195	100.000	394	0	0	1	394	1	394	0.0	790
10P3R2A13_01196	10P3R2A13_01196	100.000	848	0	0	1	848	1	848	0.0	1753
10P3R2A13_01196	42P1R1A12_00031	95.401	848	39	0	1	848	1	848	0.0	1654
10P3R2A13_01196	34P3R2A10_03184	99.429	175	1	0	674	848	1	175	2.38e-123	369
10P3R2A13_01197	10P3R2A13_01197	100.000	109	0	0	1	109	1	109	5.95e-78	224
10P3R2A13_01198	10P3R2A13_01198	100.000	269	0	0	1	269	1	269	0.0	535
10P3R2A13_01199	10P3R2A13_01199	100.000	458	0	0	1	458	1	458	0.0	935
10P3R2A13_01200	10P3R2A13_01200	100.000	56	0	0	1	56	1	56	2.12e-36	115
10P3R2A13_01201	10P3R2A13_01201	100.000	362	0	0	1	362	1	362	0.0	728
10P3R2A13_01201	43P2R2A2_05710	100.000	305	0	0	58	362	1	305	0.0	610
10P3R2A13_01202	10P3R2A13_01202	100.000	435	0	0	1	435	1	435	0.0	859
10P3R2A13_01202	34P3R2A10_03562	100.000	134	0	0	302	435	1	134	4.63e-87	261
10P3R2A13_01203	10P3R2A13_01203	100.000	118	0	0	1	118	1	118	3.24e-82	236
10P3R2A13_01204	10P3R2A13_01204	100.000	293	0	0	1	293	1	293	0.0	609
10P3R2A13_01205	10P3R2A13_01205	100.000	409	0	0	1	409	1	409	0.0	837
10P3R2A13_01205	12_1P1R2A2-1_01452	97.555	409	10	0	1	409	1	409	0.0	816
10P3R2A13_01205	11P3R3A1_01964	97.311	409	11	0	1	409	1	409	0.0	815
10P3R2A13_01205	25P2R1A13_01574	99.600	250	1	0	160	409	1	250	0.0	511
10P3R2A13_01205	34P3R2A10_04690	98.913	184	2	0	226	409	1	184	1.30e-132	378
10P3R2A13_01205	34P3R2A10_05265	96.196	184	7	0	226	409	1	184	2.82e-129	369
10P3R2A13_01205	25P2R1A13_01575	98.658	149	2	0	1	149	1	149	2.32e-103	302
10P3R2A13_01206	10P3R2A13_01206	100.000	388	0	0	1	388	1	388	0.0	798
10P3R2A13_01206	12_1P1R2A2-1_01453	97.938	388	8	0	1	388	1	388	0.0	787
10P3R2A13_01206	25P2R1A13_01576	96.134	388	15	0	1	388	1	388	0.0	770
10P3R2A13_01206	34P3R2A10_05249	99.281	139	1	0	250	388	1	139	4.87e-99	290
10P3R2A13_01206	43P2R2A2_04843	100.000	64	0	0	325	388	1	64	1.82e-37	129
10P3R2A13_01207	10P3R2A13_01207	100.000	121	0	0	1	121	1	121	9.87e-86	245
10P3R2A13_01208	10P3R2A13_01208	100.000	302	0	0	1	302	1	302	0.0	622
10P3R2A13_01208	34P3R2A10_04870	98.347	121	2	0	182	302	1	121	7.05e-82	243
10P3R2A13_01209	10P3R2A13_01209	100.000	335	0	0	1	335	1	335	0.0	699
10P3R2A13_01209	34P3R2A10_05209	98.507	67	1	0	269	335	1	67	7.00e-41	137
10P3R2A13_01210	10P3R2A13_01210	100.000	253	0	0	1	253	1	253	0.0	513
10P3R2A13_01211	10P3R2A13_01211	100.000	226	0	0	1	226	1	226	8.89e-167	458
10P3R2A13_01211	18P3R3A11_01895	97.321	224	6	0	1	224	1	224	1.33e-161	445
10P3R2A13_01211	42P1R1A12_00037	95.536	224	10	0	1	224	1	224	7.30e-159	438
10P3R2A13_01211	31P2R1A5_02720	95.089	224	11	0	1	224	1	224	2.75e-158	437
10P3R2A13_01212	10P3R2A13_01212	100.000	279	0	0	1	279	1	279	0.0	580
10P3R2A13_01213	10P3R2A13_01213	100.000	429	0	0	1	429	1	429	0.0	854
10P3R2A13_01214	10P3R2A13_01214	100.000	363	0	0	1	363	1	363	0.0	737
10P3R2A13_01215	15P1R1A16_01594	100.000	174	0	0	1	174	53	226	1.07e-126	355
10P3R2A13_01215	10P3R2A13_01215	100.000	174	0	0	1	174	1	174	1.43e-126	352
10P3R2A13_01215	31P2R1A5_02716	96.552	174	6	0	1	174	1	174	1.21e-122	342
10P3R2A13_01216	10P3R2A13_01216	100.000	403	0	0	1	403	1	403	0.0	804
10P3R2A13_01216	43P2R2A2_04078	100.000	268	0	0	136	403	1	268	0.0	538
10P3R2A13_01216	25P2R1A13_01586	99.512	205	1	0	199	403	13	217	5.84e-145	410
10P3R2A13_01217	10P3R2A13_01217	100.000	135	0	0	1	135	1	135	8.81e-97	274
10P3R2A13_01217	15P1R1A16_01592	97.778	135	3	0	1	135	1	135	4.91e-94	267
10P3R2A13_01218	10P3R2A13_01218	100.000	147	0	0	1	147	1	147	8.86e-105	295
10P3R2A13_01219	10P3R2A13_01219	100.000	180	0	0	1	180	1	180	3.98e-126	352
10P3R2A13_01219	17P1R1A4_01312	95.556	180	8	0	1	180	1	180	4.24e-99	283
10P3R2A13_01220	10P3R2A13_01220	100.000	260	0	0	1	260	1	260	0.0	526
10P3R2A13_01220	5P3R2A4_02459	97.987	149	3	0	112	260	1	149	1.31e-102	295
10P3R2A13_01220	5P3R2A4_02460	100.000	100	0	0	1	100	1	100	4.66e-68	205
10P3R2A13_01221	10P3R2A13_01221	100.000	851	0	0	1	851	1	851	0.0	1756
10P3R2A13_01221	14P1R2A4_01559	99.882	850	1	0	1	850	1	850	0.0	1753
10P3R2A13_01221	15P1R1A16_01920	100.000	116	0	0	736	851	1	116	2.73e-75	240
10P3R2A13_01222	10P3R2A13_01222	100.000	187	0	0	1	187	1	187	7.43e-137	379
10P3R2A13_01224	10P3R2A13_01224	100.000	223	0	0	1	223	1	223	3.41e-169	464
10P3R2A13_01225	10P3R2A13_01225	100.000	134	0	0	1	134	1	134	1.97e-95	270
10P3R2A13_01226	10P3R2A13_01226	100.000	293	0	0	1	293	1	293	0.0	606
10P3R2A13_01227	10P3R2A13_01227	100.000	575	0	0	1	575	1	575	0.0	1151
10P3R2A13_01227	25P2R1A13_01593	97.217	575	16	0	1	575	1	575	0.0	1121
10P3R2A13_01227	27P2R2A12_02567	96.696	575	19	0	1	575	1	575	0.0	1115
10P3R2A13_01227	11P3R3A1_01986	96.522	575	20	0	1	575	1	575	0.0	1113
10P3R2A13_01227	12_1P1R2A2-1_01474	95.130	575	28	0	1	575	1	575	0.0	1014
10P3R2A13_01228	10P3R2A13_01228	100.000	541	0	0	1	541	1	541	0.0	1122
10P3R2A13_01228	43P2R2A2_05244	98.864	264	3	0	278	541	1	264	0.0	531
10P3R2A13_01229	10P3R2A13_01229	100.000	451	0	0	1	451	1	451	0.0	921
10P3R2A13_01229	43P2R2A2_05241	99.563	229	1	0	223	451	1	229	1.50e-166	468
10P3R2A13_01230	10P3R2A13_01230	100.000	240	0	0	1	240	1	240	9.00e-177	485
10P3R2A13_01230	38P2R3A13_08391	99.390	164	1	0	77	240	1	164	4.77e-117	331
10P3R2A13_01230	43P2R2A2_05736	100.000	89	0	0	152	240	1	89	5.81e-60	184
10P3R2A13_01231	10P3R2A13_01231	100.000	159	0	0	1	159	1	159	3.47e-116	325
10P3R2A13_01232	10P3R2A13_01232	100.000	774	0	0	1	774	1	774	0.0	1588
10P3R2A13_01232	34P3R2A10_03544	100.000	200	0	0	575	774	1	200	2.54e-139	409
10P3R2A13_01233	10P3R2A13_01233	100.000	76	0	0	1	76	1	76	1.09e-51	155
10P3R2A13_01234	10P3R2A13_01234	100.000	774	0	0	1	774	1	774	0.0	1586
10P3R2A13_01234	15P1R1A16_02502	99.783	460	1	0	315	774	1	460	0.0	941
10P3R2A13_01235	10P3R2A13_01235	100.000	79	0	0	1	79	1	79	9.33e-53	158
10P3R2A13_01236	10P3R2A13_01236	100.000	98	0	0	1	98	1	98	8.15e-70	203
10P3R2A13_01236	11P3R3A1_01997	100.000	97	0	0	1	97	1	97	8.01e-68	204
10P3R2A13_01237	10P3R2A13_01237	100.000	191	0	0	1	191	1	191	2.83e-143	396
10P3R2A13_01237	11P3R3A1_01997	100.000	191	0	0	1	191	103	293	8.12e-142	396
10P3R2A13_01237	34P3R2A10_03775	96.000	50	2	0	142	191	1	50	2.11e-26	95.5
10P3R2A13_01238	10P3R2A13_01238	100.000	257	0	0	1	257	1	257	0.0	525
10P3R2A13_01239	10P3R2A13_01239	100.000	228	0	0	1	228	1	228	2.45e-165	455
10P3R2A13_01240	10P3R2A13_01240	100.000	192	0	0	1	192	1	192	9.74e-144	397
10P3R2A13_01240	38P2R3A13_02369	95.833	192	8	0	1	192	1	192	5.75e-139	385
10P3R2A13_01240	18P3R3A11_01870	95.833	192	8	0	1	192	1	192	1.72e-138	384
10P3R2A13_01240	31P2R1A5_02693	96.354	192	7	0	1	192	1	192	3.05e-138	384
10P3R2A13_01240	51P2R2A10_03992	95.312	192	9	0	1	192	1	192	1.11e-137	382
10P3R2A13_01241	10P3R2A13_01241	100.000	439	0	0	1	439	1	439	0.0	857
10P3R2A13_01241	18P3R3A11_01869	95.444	439	20	0	1	439	1	439	0.0	823
10P3R2A13_01242	10P3R2A13_01242	100.000	695	0	0	1	695	1	695	0.0	1446
10P3R2A13_01244	10P3R2A13_01244	100.000	902	0	0	1	902	1	902	0.0	1842
10P3R2A13_01244	43P2R2A2_04089	100.000	179	0	0	724	902	1	179	3.46e-121	365
10P3R2A13_01244	15P1R1A16_04479	100.000	76	0	0	827	902	1	76	7.49e-45	155
10P3R2A13_01245	10P3R2A13_01245	100.000	339	0	0	1	339	1	339	0.0	677
10P3R2A13_01245	25P2R1A13_01610	97.935	339	7	0	1	339	1	339	0.0	663
10P3R2A13_01245	27P2R2A12_02585	97.600	250	6	0	1	250	1	250	1.12e-178	495
10P3R2A13_01245	27P2R2A12_02584	95.890	73	3	0	267	339	1	73	3.37e-42	141
10P3R2A13_01246	10P3R2A13_01246	100.000	409	0	0	1	409	1	409	0.0	858
10P3R2A13_01247	10P3R2A13_01247	100.000	533	0	0	1	533	1	533	0.0	1092
10P3R2A13_01247	15P1R1A16_04742	97.321	112	3	0	422	533	1	112	5.87e-71	222
10P3R2A13_01248	10P3R2A13_01248	100.000	253	0	0	1	253	1	253	0.0	519
10P3R2A13_01249	10P3R2A13_01249	100.000	277	0	0	1	277	1	277	0.0	561
10P3R2A13_01249	43P2R2A2_04094	100.000	177	0	0	101	277	1	177	9.62e-126	355
10P3R2A13_01250	10P3R2A13_01250	100.000	109	0	0	1	109	1	109	2.91e-79	228
10P3R2A13_01251	10P3R2A13_01251	100.000	502	0	0	1	502	1	502	0.0	1036
10P3R2A13_01251	15P1R1A16_05028	99.710	345	1	0	158	502	1	345	0.0	711
10P3R2A13_01252	10P3R2A13_01252	100.000	202	0	0	1	202	1	202	9.50e-145	400
10P3R2A13_01253	10P3R2A13_01253	100.000	256	0	0	1	256	1	256	0.0	530
10P3R2A13_01253	12_1P1R2A2-1_01501	96.094	256	10	0	1	256	1	256	0.0	505
10P3R2A13_01254	10P3R2A13_01254	100.000	237	0	0	1	237	1	237	6.03e-179	490
10P3R2A13_01254	12_1P1R2A2-1_01502	95.359	237	11	0	1	237	1	237	1.15e-172	474
10P3R2A13_01255	10P3R2A13_01255	100.000	502	0	0	1	502	1	502	0.0	1030
10P3R2A13_01256	10P3R2A13_01256	100.000	816	0	0	1	816	1	816	0.0	1696
10P3R2A13_01256	34P3R2A10_03390	100.000	94	0	0	723	816	1	94	1.95e-60	199
10P3R2A13_01257	10P3R2A13_01257	100.000	478	0	0	1	478	1	478	0.0	976
10P3R2A13_01258	10P3R2A13_01258	100.000	432	0	0	1	432	1	432	0.0	898
10P3R2A13_01259	10P3R2A13_01259	100.000	658	0	0	1	658	1	658	0.0	1362
10P3R2A13_01260	10P3R2A13_01260	100.000	729	0	0	1	729	1	729	0.0	1507
10P3R2A13_01261	10P3R2A13_01261	100.000	368	0	0	1	368	1	368	0.0	754
10P3R2A13_01261	31P2R1A5_02677	95.122	369	17	1	1	368	1	369	0.0	717
10P3R2A13_01262	10P3R2A13_01262	100.000	198	0	0	1	198	1	198	1.09e-136	380
10P3R2A13_01263	10P3R2A13_01263	100.000	447	0	0	1	447	1	447	0.0	874
10P3R2A13_01263	31P2R1A5_02676	96.868	447	14	0	1	447	1	447	0.0	853
10P3R2A13_01263	51P2R2A10_03917	96.644	447	15	0	1	447	1	447	0.0	849
10P3R2A13_01263	18P3R3A11_01854	95.749	447	19	0	1	447	1	447	0.0	808
10P3R2A13_01263	54P2R2A3_01332	95.735	422	18	0	26	447	1	422	0.0	769
10P3R2A13_01263	28P2R1A12_02934	99.733	374	1	0	74	447	1	374	0.0	740
10P3R2A13_01263	28P2R1A12_04019	100.000	59	0	0	1	59	1	59	6.98e-30	111
10P3R2A13_01264	10P3R2A13_01264	100.000	176	0	0	1	176	1	176	6.20e-131	363
10P3R2A13_01264	24P1R3A1_03113	100.000	163	0	0	14	176	1	163	3.26e-120	336
10P3R2A13_01265	10P3R2A13_01265	100.000	332	0	0	1	332	1	332	0.0	681
10P3R2A13_01265	56P2R2A4_03723	95.482	332	15	0	1	332	20	351	0.0	655
10P3R2A13_01265	18P3R3A11_01852	95.783	332	14	0	1	332	1	332	0.0	655
10P3R2A13_01265	43P2R2A2_01502	100.000	128	0	0	205	332	1	128	1.08e-88	261
10P3R2A13_01266	10P3R2A13_01266	100.000	232	0	0	1	232	1	232	2.90e-176	483
10P3R2A13_01267	10P3R2A13_01267	100.000	346	0	0	1	346	1	346	0.0	717
10P3R2A13_01268	10P3R2A13_01268	100.000	163	0	0	1	163	1	163	8.38e-122	339
10P3R2A13_01269	10P3R2A13_01269	100.000	393	0	0	1	393	1	393	0.0	806
10P3R2A13_01269	27P2R2A12_02609	98.252	286	5	0	1	286	1	286	0.0	575
10P3R2A13_01269	40P3R1A10_01655	99.573	234	1	0	1	234	1	234	1.15e-172	481
10P3R2A13_01269	3P1R3A2_01120	98.160	163	3	0	1	163	1	163	8.55e-116	334
10P3R2A13_01270	10P3R2A13_01270	100.000	165	0	0	1	165	1	165	5.23e-116	325
10P3R2A13_01270	17P1R1A4_01366	100.000	96	0	0	70	165	1	96	9.75e-63	188
10P3R2A13_01270	5P3R2A4_04454	97.015	67	2	0	1	67	1	67	8.21e-41	132
10P3R2A13_01270	17P1R1A4_01365	100.000	62	0	0	1	62	1	62	1.56e-38	125
10P3R2A13_01271	10P3R2A13_01271	100.000	52	0	0	1	52	1	52	1.30e-32	105
10P3R2A13_01272	10P3R2A13_01272	100.000	95	0	0	1	95	1	95	1.81e-67	197
10P3R2A13_01273	10P3R2A13_01273	100.000	581	0	0	1	581	1	581	0.0	1187
10P3R2A13_01273	43P2R2A2_03836	100.000	327	0	0	255	581	1	327	0.0	671
10P3R2A13_01274	10P3R2A13_01274	100.000	147	0	0	1	147	1	147	1.47e-98	280
10P3R2A13_01275	10P3R2A13_01275	100.000	248	0	0	1	248	1	248	0.0	507
10P3R2A13_01275	25P2R1A13_01637	97.984	248	5	0	1	248	1	248	0.0	498
10P3R2A13_01276	10P3R2A13_01276	100.000	357	0	0	1	357	1	357	0.0	726
10P3R2A13_01276	15P1R1A16_00927	98.113	159	3	0	199	357	1	159	7.65e-110	317
10P3R2A13_01277	10P3R2A13_01277	100.000	282	0	0	1	282	1	282	0.0	562
10P3R2A13_01278	10P3R2A13_01278	100.000	296	0	0	1	296	1	296	0.0	585
10P3R2A13_01278	15P1R1A16_05020	100.000	83	0	0	214	296	1	83	2.23e-50	161
10P3R2A13_01279	10P3R2A13_01279	100.000	439	0	0	1	439	1	439	0.0	910
10P3R2A13_01279	43P2R2A2_05312	99.425	174	1	0	266	439	1	174	1.82e-124	358
10P3R2A13_01280	10P3R2A13_01280	100.000	238	0	0	1	238	1	238	1.98e-177	486
10P3R2A13_01280	42P1R1A12_00085	96.218	238	9	0	1	238	7	244	8.97e-171	470
10P3R2A13_01280	51P2R2A10_03935	96.218	238	9	0	1	238	1	238	1.30e-170	469
10P3R2A13_01281	10P3R2A13_01281	100.000	256	0	0	1	256	1	256	0.0	522
10P3R2A13_01281	31P2R1A5_02659	96.094	256	10	0	1	256	1	256	0.0	505
10P3R2A13_01282	10P3R2A13_01282	100.000	426	0	0	1	426	1	426	0.0	838
10P3R2A13_01283	10P3R2A13_01283	100.000	309	0	0	1	309	1	309	0.0	608
10P3R2A13_01283	31P2R1A5_02657	96.440	309	11	0	1	309	1	309	0.0	594
10P3R2A13_01283	18P3R3A11_01837	97.087	309	9	0	1	309	1	309	0.0	593
10P3R2A13_01284	10P3R2A13_01284	100.000	370	0	0	1	370	1	370	0.0	756
10P3R2A13_01285	10P3R2A13_01285	100.000	128	0	0	1	128	1	128	1.78e-92	263
10P3R2A13_01285	16_1P2R1A8-1_00438	97.656	128	3	0	1	128	1	128	1.93e-90	257
10P3R2A13_01285	25P2R1A13_01647	98.413	126	2	0	1	126	1	126	4.86e-90	256
10P3R2A13_01286	10P3R2A13_01286	100.000	368	0	0	1	368	1	368	0.0	748
10P3R2A13_01286	31P2R1A5_02654	95.355	366	17	0	3	368	1	366	0.0	713
10P3R2A13_01286	15P1R1A16_05037	100.000	118	0	0	251	368	1	118	1.65e-80	241
10P3R2A13_01287	10P3R2A13_01287	100.000	285	0	0	1	285	1	285	0.0	583
10P3R2A13_01287	31P2R1A5_02650	95.088	285	14	0	1	285	1	285	0.0	541
10P3R2A13_01287	15P1R1A16_05128	100.000	91	0	0	195	285	1	91	9.55e-59	182
10P3R2A13_01288	10P3R2A13_01288	100.000	353	0	0	1	353	1	353	0.0	719
10P3R2A13_01289	10P3R2A13_01289	100.000	223	0	0	1	223	1	223	2.07e-164	452
10P3R2A13_01289	18P3R3A11_01830	95.495	222	10	0	1	222	1	222	9.16e-156	430
10P3R2A13_01290	10P3R2A13_01290	100.000	499	0	0	1	499	1	499	0.0	979
10P3R2A13_01290	34P3R2A10_01916	100.000	105	0	0	395	499	1	105	1.77e-68	214
10P3R2A13_01291	10P3R2A13_01291	100.000	199	0	0	1	199	1	199	6.23e-148	409
10P3R2A13_01292	10P3R2A13_01292	100.000	90	0	0	1	90	1	90	9.83e-60	177
10P3R2A13_01293	10P3R2A13_01293	100.000	120	0	0	1	120	1	120	4.59e-86	246
10P3R2A13_01293	16_1P2R1A8-1_00430	97.500	120	3	0	1	120	1	120	3.11e-84	241
10P3R2A13_01294	10P3R2A13_01294	100.000	209	0	0	1	209	1	209	1.13e-146	406
10P3R2A13_01295	10P3R2A13_01295	100.000	733	0	0	1	733	1	733	0.0	1462
10P3R2A13_01295	15P1R1A16_04538	98.423	317	5	0	417	733	1	317	0.0	603
10P3R2A13_01296	10P3R2A13_01296	100.000	82	0	0	1	82	1	82	1.19e-56	168
10P3R2A13_01297	10P3R2A13_01297	100.000	222	0	0	1	222	1	222	5.41e-161	443
10P3R2A13_01298	10P3R2A13_01298	100.000	186	0	0	1	186	1	186	1.94e-134	373
10P3R2A13_01300	10P3R2A13_01300	100.000	350	0	0	1	350	1	350	0.0	688
10P3R2A13_01301	10P3R2A13_01301	100.000	196	0	0	1	196	1	196	3.70e-145	401
10P3R2A13_01302	10P3R2A13_01302	100.000	525	0	0	1	525	1	525	0.0	1084
10P3R2A13_01303	10P3R2A13_01303	100.000	315	0	0	1	315	1	315	0.0	628
10P3R2A13_01304	10P3R2A13_01304	100.000	278	0	0	1	278	1	278	0.0	545
10P3R2A13_01305	10P3R2A13_01305	100.000	255	0	0	1	255	1	255	0.0	513
10P3R2A13_01306	10P3R2A13_01306	100.000	269	0	0	1	269	1	269	0.0	543
