18P3R3A11_01858	18P3R3A11_01858	100.000	658	0	0	1	658	1	658	0.0	1362
18P3R3A11_01858	38P2R3A13_02381	95.593	658	29	0	1	658	1	658	0.0	1311
18P3R3A11_01858	47P2R3A6_03883	95.289	658	31	0	1	658	1	658	0.0	1305
18P3R3A11_01859	18P3R3A11_01859	100.000	432	0	0	1	432	1	432	0.0	899
18P3R3A11_01860	18P3R3A11_01860	100.000	478	0	0	1	478	1	478	0.0	974
18P3R3A11_01860	38P2R3A13_08014	97.490	478	12	0	1	478	1	478	0.0	954
18P3R3A11_01861	18P3R3A11_01861	100.000	816	0	0	1	816	1	816	0.0	1695
18P3R3A11_01861	38P2R3A13_02378	97.794	816	18	0	1	816	1	816	0.0	1664
18P3R3A11_01861	38P2R3A13_08013	96.936	816	25	0	1	816	1	816	0.0	1649
18P3R3A11_01862	18P3R3A11_01862	100.000	503	0	0	1	503	1	503	0.0	1034
18P3R3A11_01862	56P2R2A4_03140	97.614	503	12	0	1	503	1	503	0.0	1014
18P3R3A11_01862	47P2R3A6_03879	97.018	503	15	0	1	503	1	503	0.0	1005
18P3R3A11_01862	38P2R3A13_08012	96.721	427	14	0	77	503	1	427	0.0	857
18P3R3A11_01863	18P3R3A11_01863	100.000	111	0	0	1	111	1	111	6.60e-82	234
18P3R3A11_01863	47P2R3A6_03878	97.297	111	3	0	1	111	1	111	5.21e-80	229
18P3R3A11_01864	18P3R3A11_01864	100.000	277	0	0	1	277	1	277	0.0	563
18P3R3A11_01864	38P2R3A13_02375	96.390	277	10	0	1	277	1	277	0.0	543
18P3R3A11_01864	47P2R3A6_03877	95.668	277	12	0	1	277	1	277	0.0	541
18P3R3A11_01864	38P2R3A13_07258	95.349	258	12	0	20	277	1	258	0.0	501
18P3R3A11_01865	18P3R3A11_01865	100.000	253	0	0	1	253	1	253	0.0	519
18P3R3A11_01866	18P3R3A11_01866	100.000	902	0	0	1	902	1	902	0.0	1839
18P3R3A11_01866	15P1R1A16_04479	96.053	76	3	0	827	902	1	76	7.27e-43	150
18P3R3A11_01867	18P3R3A11_01867	100.000	798	0	0	1	798	1	798	0.0	1656
18P3R3A11_01867	38P2R3A13_07261	96.742	798	26	0	1	798	1	798	0.0	1607
18P3R3A11_01868	18P3R3A11_01868	100.000	693	0	0	1	693	1	693	0.0	1437
18P3R3A11_01868	38P2R3A13_02371	97.688	692	16	0	1	692	1	692	0.0	1410
18P3R3A11_01868	38P2R3A13_07262	95.658	691	30	0	1	691	1	691	0.0	1384
18P3R3A11_01869	18P3R3A11_01869	100.000	439	0	0	1	439	1	439	0.0	855
18P3R3A11_01869	10P3R2A13_01241	95.444	439	20	0	1	439	1	439	0.0	803
18P3R3A11_01870	18P3R3A11_01870	100.000	192	0	0	1	192	1	192	2.17e-143	396
18P3R3A11_01870	51P2R2A10_03992	97.396	192	5	0	1	192	1	192	1.70e-140	389
18P3R3A11_01870	38P2R3A13_02369	97.396	192	5	0	1	192	1	192	1.77e-140	389
18P3R3A11_01870	31P2R1A5_02693	97.396	192	5	0	1	192	1	192	3.54e-140	388
18P3R3A11_01870	10P3R2A13_01240	95.833	192	8	0	1	192	1	192	1.72e-138	384
18P3R3A11_01871	18P3R3A11_01871	100.000	228	0	0	1	228	1	228	4.06e-163	449
18P3R3A11_01872	18P3R3A11_01872	100.000	261	0	0	1	261	1	261	0.0	528
18P3R3A11_01873	18P3R3A11_01873	100.000	80	0	0	1	80	1	80	6.90e-53	159
18P3R3A11_01874	18P3R3A11_01874	100.000	773	0	0	1	773	1	773	0.0	1580
18P3R3A11_01874	38P2R3A13_07650	95.990	773	31	0	1	773	1	773	0.0	1481
18P3R3A11_01874	38P2R3A13_02364	95.084	773	38	0	1	773	1	773	0.0	1471
18P3R3A11_01875	18P3R3A11_01875	100.000	76	0	0	1	76	1	76	3.44e-51	154
18P3R3A11_01875	38P2R3A13_07649	97.368	76	2	0	1	76	1	76	1.20e-49	150
18P3R3A11_01876	18P3R3A11_01876	100.000	777	0	0	1	777	1	777	0.0	1590
18P3R3A11_01877	18P3R3A11_01877	100.000	158	0	0	1	158	1	158	1.07e-114	321
18P3R3A11_01877	38P2R3A13_02361	97.468	158	4	0	1	158	1	158	1.06e-111	313
18P3R3A11_01879	18P3R3A11_01879	100.000	449	0	0	1	449	1	449	0.0	915
18P3R3A11_01879	31P2R1A5_02703	96.119	438	17	0	1	438	1	438	0.0	864
18P3R3A11_01880	18P3R3A11_01880	100.000	540	0	0	1	540	1	540	0.0	1121
18P3R3A11_01880	47P2R3A6_03860	97.778	540	12	0	1	540	1	540	0.0	1101
18P3R3A11_01880	38P2R3A13_08393	97.442	391	10	0	150	540	1	391	0.0	792
18P3R3A11_01881	18P3R3A11_01881	100.000	293	0	0	1	293	1	293	0.0	606
18P3R3A11_01882	18P3R3A11_01882	100.000	134	0	0	1	134	1	134	1.33e-96	273
18P3R3A11_01882	38P2R3A13_02356	95.522	134	6	0	1	134	1	134	1.37e-92	263
18P3R3A11_01883	18P3R3A11_01883	100.000	228	0	0	1	228	1	228	4.77e-172	472
18P3R3A11_01883	47P2R3A6_03857	96.053	228	9	0	1	228	1	228	2.91e-166	457
18P3R3A11_01884	18P3R3A11_01884	100.000	713	0	0	1	713	1	713	0.0	1471
18P3R3A11_01885	18P3R3A11_01885	100.000	187	0	0	1	187	1	187	3.78e-135	375
18P3R3A11_01885	38P2R3A13_07385	97.861	187	4	0	1	187	1	187	1.32e-133	371
18P3R3A11_01886	18P3R3A11_01886	100.000	851	0	0	1	851	1	851	0.0	1755
18P3R3A11_01886	38P2R3A13_02352	95.300	851	40	0	1	851	1	851	0.0	1680
18P3R3A11_01887	18P3R3A11_01887	100.000	259	0	0	1	259	1	259	0.0	521
18P3R3A11_01888	18P3R3A11_01888	100.000	165	0	0	1	165	1	165	1.31e-117	329
18P3R3A11_01889	18P3R3A11_01889	100.000	60	0	0	1	60	1	60	2.80e-38	120
18P3R3A11_01890	18P3R3A11_01890	100.000	406	0	0	1	406	1	406	0.0	806
18P3R3A11_01892	18P3R3A11_01892	100.000	363	0	0	1	363	1	363	0.0	736
18P3R3A11_01892	38P2R3A13_02346	96.970	363	11	0	1	363	1	363	0.0	714
18P3R3A11_01892	47P2R3A6_03848	96.694	363	12	0	1	363	1	363	0.0	711
18P3R3A11_01893	18P3R3A11_01893	100.000	433	0	0	1	433	1	433	0.0	862
18P3R3A11_01894	18P3R3A11_01894	100.000	271	0	0	1	271	1	271	0.0	564
18P3R3A11_01895	18P3R3A11_01895	100.000	226	0	0	1	226	1	226	2.81e-166	457
18P3R3A11_01895	10P3R2A13_01211	97.321	224	6	0	1	224	1	224	1.33e-161	445
18P3R3A11_01896	18P3R3A11_01896	100.000	254	0	0	1	254	1	254	0.0	513
18P3R3A11_01896	38P2R3A13_02342	97.244	254	7	0	1	254	1	254	0.0	503
18P3R3A11_01897	18P3R3A11_01897	100.000	335	0	0	1	335	1	335	0.0	699
18P3R3A11_01898	18P3R3A11_01898	100.000	57	0	0	1	57	1	57	1.83e-36	115
18P3R3A11_01898	38P2R3A13_02340	96.491	57	2	0	1	57	1	57	4.82e-35	112
18P3R3A11_01899	18P3R3A11_01899	100.000	458	0	0	1	458	1	458	0.0	935
18P3R3A11_01899	38P2R3A13_02339	97.380	458	12	0	1	458	1	458	0.0	913
18P3R3A11_01899	38P2R3A13_07187	95.415	458	21	0	1	458	1	458	0.0	894
18P3R3A11_01900	18P3R3A11_01900	100.000	109	0	0	1	109	1	109	5.94e-79	227
18P3R3A11_01901	18P3R3A11_01901	100.000	848	0	0	1	848	1	848	0.0	1758
18P3R3A11_01901	38P2R3A13_07185	97.877	848	18	0	1	848	1	848	0.0	1726
18P3R3A11_01902	18P3R3A11_01902	100.000	439	0	0	1	439	1	439	0.0	910
18P3R3A11_01902	38P2R3A13_02336	97.494	439	11	0	1	439	1	439	0.0	897
18P3R3A11_01903	18P3R3A11_01903	100.000	395	0	0	1	395	1	395	0.0	790
18P3R3A11_01903	38P2R3A13_07183	97.722	395	9	0	1	395	1	395	0.0	779
18P3R3A11_01904	18P3R3A11_01904	100.000	191	0	0	1	191	1	191	1.57e-139	387
18P3R3A11_01905	18P3R3A11_01905	100.000	195	0	0	1	195	1	195	4.16e-147	406
18P3R3A11_01906	18P3R3A11_01906	100.000	188	0	0	1	188	1	188	4.60e-141	390
18P3R3A11_01907	18P3R3A11_01907	100.000	407	0	0	1	407	1	407	0.0	833
18P3R3A11_01907	38P2R3A13_02331	96.806	407	13	0	1	407	1	407	0.0	810
18P3R3A11_01908	18P3R3A11_01908	100.000	696	0	0	1	696	1	696	0.0	1426
18P3R3A11_01908	38P2R3A13_07876	97.406	694	18	0	1	694	1	694	0.0	1395
18P3R3A11_01910	18P3R3A11_01910	100.000	135	0	0	1	135	1	135	6.76e-98	277
18P3R3A11_01910	31P2R1A5_02735	97.037	135	4	0	1	135	1	135	2.10e-95	270
18P3R3A11_01910	42P1R1A12_00021	95.556	135	6	0	1	135	1	135	3.13e-94	268
18P3R3A11_01911	18P3R3A11_01911	100.000	290	0	0	1	290	1	290	0.0	600
18P3R3A11_01911	38P2R3A13_02327	97.586	290	7	0	1	290	1	290	0.0	586
18P3R3A11_01911	38P2R3A13_06670	95.862	290	12	0	1	290	1	290	0.0	578
18P3R3A11_01912	18P3R3A11_01912	100.000	73	0	0	1	73	1	73	1.29e-49	150
18P3R3A11_01912	38P2R3A13_02326	95.890	73	3	0	1	73	1	73	3.45e-47	144
18P3R3A11_01913	18P3R3A11_01913	100.000	367	0	0	1	367	1	367	0.0	763
18P3R3A11_01914	18P3R3A11_01914	100.000	552	0	0	1	552	1	552	0.0	1138
18P3R3A11_01915	18P3R3A11_01915	100.000	286	0	0	1	286	1	286	0.0	572
18P3R3A11_01915	38P2R3A13_02323	97.203	286	8	0	1	286	1	286	0.0	553
18P3R3A11_01916	18P3R3A11_01916	100.000	100	0	0	1	100	1	100	1.07e-68	200
18P3R3A11_01916	37P2R3-2A1_02824	98.000	100	2	0	1	100	1	100	9.09e-68	198
18P3R3A11_01916	38P2R3A13_02322	98.000	100	2	0	1	100	1	100	4.37e-67	196
18P3R3A11_01917	18P3R3A11_01917	100.000	278	0	0	1	278	1	278	0.0	562
18P3R3A11_01917	37P2R3-2A1_02823	97.842	278	6	0	1	278	1	278	0.0	551
18P3R3A11_01918	18P3R3A11_01918	100.000	268	0	0	1	268	1	268	0.0	541
18P3R3A11_01918	37P2R3-2A1_02822	97.015	268	8	0	1	268	1	268	0.0	527
18P3R3A11_01918	38P2R3A13_02320	95.522	268	12	0	1	268	1	268	4.16e-178	491
18P3R3A11_01919	18P3R3A11_01919	100.000	320	0	0	1	320	1	320	0.0	620
18P3R3A11_01920	18P3R3A11_01920	100.000	206	0	0	1	206	1	206	2.65e-147	407
18P3R3A11_01920	37P2R3-2A1_02820	96.117	206	8	0	1	206	1	206	5.39e-142	394
18P3R3A11_01921	18P3R3A11_01921	100.000	299	0	0	1	299	1	299	0.0	598
18P3R3A11_01921	37P2R3-2A1_02819	97.980	297	6	0	1	297	1	297	0.0	587
18P3R3A11_01922	18P3R3A11_01922	100.000	311	0	0	1	311	1	311	0.0	638
18P3R3A11_01923	18P3R3A11_01923	100.000	635	0	0	1	635	1	635	0.0	1303
18P3R3A11_01923	38P2R3A13_06658	97.638	635	15	0	1	635	1	635	0.0	1278
18P3R3A11_01924	18P3R3A11_01924	100.000	184	0	0	1	184	1	184	3.52e-138	382
18P3R3A11_01924	47P2R3A6_03815	97.283	184	5	0	1	184	1	184	7.64e-135	374
18P3R3A11_01924	38P2R3A13_06656	95.902	122	5	0	63	184	1	122	1.05e-85	248
18P3R3A11_01924	38P2R3A13_06657	100.000	53	0	0	1	53	1	53	1.46e-32	111
18P3R3A11_01925	18P3R3A11_01925	100.000	602	0	0	1	602	1	602	0.0	1201
18P3R3A11_01925	38P2R3A13_06655	97.342	602	16	0	1	602	1	602	0.0	1173
18P3R3A11_01926	18P3R3A11_01926	100.000	67	0	0	1	67	1	67	2.06e-45	139
18P3R3A11_01928	18P3R3A11_01928	100.000	73	0	0	1	73	1	73	1.93e-47	144
18P3R3A11_01929	18P3R3A11_01929	100.000	273	0	0	1	273	1	273	0.0	536
18P3R3A11_01929	47P2R3A6_03810	97.761	268	6	0	1	268	1	268	0.0	519
18P3R3A11_01930	18P3R3A11_01930	100.000	241	0	0	1	241	1	241	1.53e-180	494
18P3R3A11_01930	10P3R2A13_01176	97.925	241	5	0	1	241	1	241	7.56e-177	485
18P3R3A11_01930	31P2R1A5_02746	95.851	241	10	0	1	241	1	241	4.59e-172	473
18P3R3A11_01931	18P3R3A11_01931	100.000	129	0	0	1	129	1	129	2.86e-91	259
18P3R3A11_01931	38P2R3A13_02307	95.349	129	6	0	1	129	1	129	1.77e-86	248
18P3R3A11_01932	18P3R3A11_01932	100.000	120	0	0	1	120	1	120	5.33e-83	238
18P3R3A11_01933	18P3R3A11_01933	100.000	96	0	0	1	96	1	96	1.66e-65	192
18P3R3A11_01933	37P2R3-2A1_02807	97.917	96	2	0	1	96	1	96	1.63e-64	189
18P3R3A11_01936	18P3R3A11_01936	100.000	705	0	0	1	705	1	705	0.0	1450
18P3R3A11_01936	42P1R1A12_00001	97.872	705	15	0	1	705	1	705	0.0	1423
18P3R3A11_01936	10P3R2A13_01170	96.738	705	23	0	1	705	1	705	0.0	1408
18P3R3A11_01938	18P3R3A11_01938	100.000	177	0	0	1	177	1	177	5.85e-127	353
18P3R3A11_01939	18P3R3A11_01939	100.000	833	0	0	1	833	1	833	0.0	1721
18P3R3A11_01940	18P3R3A11_01940	100.000	248	0	0	1	248	1	248	0.0	514
18P3R3A11_01941	18P3R3A11_01941	100.000	348	0	0	1	348	1	348	0.0	711
18P3R3A11_01942	18P3R3A11_01942	100.000	183	0	0	1	183	1	183	1.39e-132	368
18P3R3A11_01943	18P3R3A11_01943	100.000	201	0	0	1	201	1	201	2.29e-150	415
18P3R3A11_01944	18P3R3A11_01944	100.000	67	0	0	1	67	1	67	1.37e-43	134
18P3R3A11_01945	18P3R3A11_01945	100.000	223	0	0	1	223	1	223	1.09e-166	458
18P3R3A11_01946	18P3R3A11_01946	100.000	319	0	0	1	319	1	319	0.0	648
18P3R3A11_01946	37P2R3-2A1_03920	98.107	317	6	0	1	317	1	317	0.0	634
18P3R3A11_01947	18P3R3A11_01947	100.000	705	0	0	1	705	1	705	0.0	1433
18P3R3A11_01948	18P3R3A11_01948	100.000	384	0	0	1	384	1	384	0.0	772
18P3R3A11_01949	18P3R3A11_01949	100.000	644	0	0	1	644	1	644	0.0	1301
18P3R3A11_01950	18P3R3A11_01950	100.000	457	0	0	1	457	1	457	0.0	911
18P3R3A11_01951	18P3R3A11_01951	100.000	418	0	0	1	418	1	418	0.0	863
18P3R3A11_01952	18P3R3A11_01952	100.000	268	0	0	1	268	1	268	0.0	547
18P3R3A11_01953	18P3R3A11_01953	100.000	84	0	0	1	84	1	84	2.05e-55	166
18P3R3A11_01953	37P2R3-2A1_03927	97.619	84	2	0	1	84	1	84	5.64e-54	162
18P3R3A11_01954	18P3R3A11_01954	100.000	241	0	0	1	241	1	241	1.13e-177	487
18P3R3A11_01955	18P3R3A11_01955	100.000	374	0	0	1	374	1	374	0.0	768
18P3R3A11_01956	18P3R3A11_01956	100.000	156	0	0	1	156	1	156	2.12e-111	313
18P3R3A11_01957	18P3R3A11_01957	100.000	243	0	0	1	243	1	243	0.0	499
18P3R3A11_01958	18P3R3A11_01958	100.000	107	0	0	1	107	1	107	5.15e-77	222
18P3R3A11_01960	18P3R3A11_01960	100.000	192	0	0	1	192	1	192	4.74e-142	393
18P3R3A11_01960	38P2R3A13_08114	97.396	192	5	0	1	192	1	192	1.76e-139	387
18P3R3A11_01961	18P3R3A11_01961	100.000	572	0	0	1	572	1	572	0.0	1158
18P3R3A11_01962	18P3R3A11_01962	100.000	108	0	0	1	108	1	108	5.58e-75	217
18P3R3A11_01963	18P3R3A11_01963	100.000	434	0	0	1	434	1	434	0.0	856
18P3R3A11_01963	31P2R1A5_04255	96.083	434	17	0	1	434	1	434	0.0	834
18P3R3A11_01964	18P3R3A11_01964	100.000	479	0	0	1	479	1	479	0.0	983
18P3R3A11_01964	31P2R1A5_04254	97.077	479	14	0	1	479	1	479	0.0	963
18P3R3A11_01964	42P1R1A12_03168	95.825	479	20	0	1	479	1	479	0.0	927
18P3R3A11_01965	18P3R3A11_01965	100.000	164	0	0	1	164	1	164	4.89e-117	327
18P3R3A11_01965	38P2R3A13_08457	98.065	155	3	0	10	164	1	155	9.76e-109	306
18P3R3A11_01965	38P2R3A13_02279	96.341	164	6	0	1	164	1	164	5.18e-100	285
18P3R3A11_01966	18P3R3A11_01966	100.000	413	0	0	1	413	1	413	0.0	807
18P3R3A11_01966	38P2R3A13_02278	96.088	409	16	0	1	409	1	409	0.0	722
18P3R3A11_01967	18P3R3A11_01967	100.000	98	0	0	1	98	1	98	2.35e-64	189
18P3R3A11_01969	18P3R3A11_01969	100.000	118	0	0	1	118	1	118	1.57e-82	236
18P3R3A11_01969	38P2R3A13_08580	96.610	118	4	0	1	118	1	118	4.74e-80	230
18P3R3A11_01970	18P3R3A11_01970	100.000	343	0	0	1	343	1	343	0.0	700
18P3R3A11_01970	38P2R3A13_02274	97.947	341	7	0	1	341	1	341	0.0	686
18P3R3A11_01970	38P2R3A13_08579	96.210	343	13	0	1	343	1	343	0.0	658
18P3R3A11_01971	18P3R3A11_01971	100.000	189	0	0	1	189	1	189	4.76e-140	388
18P3R3A11_01971	38P2R3A13_06023	96.825	189	6	0	1	189	1	189	1.14e-135	377
18P3R3A11_01971	42P1R1A12_04636	96.296	189	7	0	1	189	1	189	3.78e-135	375
18P3R3A11_01972	18P3R3A11_01972	100.000	45	0	0	1	45	1	45	1.45e-25	87.4
18P3R3A11_01973	18P3R3A11_01973	100.000	49	0	0	1	49	1	49	2.39e-28	94.7
18P3R3A11_01973	10P3R2A13_01445	95.918	49	2	0	1	49	1	49	3.78e-27	91.7
18P3R3A11_01974	18P3R3A11_01974	100.000	200	0	0	1	200	1	200	3.04e-151	417
18P3R3A11_01975	18P3R3A11_01975	100.000	106	0	0	1	106	1	106	1.84e-66	195
18P3R3A11_01975	38P2R3A13_02270	97.170	106	3	0	1	106	1	106	4.15e-65	192
18P3R3A11_01975	38P2R3A13_06027	95.283	106	5	0	1	106	1	106	1.68e-63	187
18P3R3A11_01976	18P3R3A11_01976	100.000	177	0	0	1	177	1	177	1.87e-132	367
18P3R3A11_01977	18P3R3A11_01977	100.000	382	0	0	1	382	1	382	0.0	784
18P3R3A11_01977	37P2R3-2A1_03951	97.906	382	8	0	1	382	1	382	0.0	768
18P3R3A11_01978	18P3R3A11_01978	100.000	292	0	0	1	292	1	292	0.0	604
18P3R3A11_01979	18P3R3A11_01979	100.000	120	0	0	1	120	1	120	8.96e-82	235
18P3R3A11_01980	18P3R3A11_01980	100.000	132	0	0	1	132	1	132	1.19e-91	261
18P3R3A11_01980	56P2R2A4_03906	96.970	132	4	0	1	132	1	132	3.67e-89	254
18P3R3A11_01981	18P3R3A11_01981	100.000	245	0	0	1	245	1	245	0.0	516
18P3R3A11_01981	42P1R1A12_04643	96.735	245	8	0	1	245	1	245	0.0	501
18P3R3A11_01981	31P2R1A5_04232	95.510	245	11	0	1	245	1	245	1.64e-180	494
18P3R3A11_01982	18P3R3A11_01982	100.000	597	0	0	1	597	1	597	0.0	1241
18P3R3A11_01982	56P2R2A4_03904	99.281	556	4	0	42	597	1	556	0.0	1153
18P3R3A11_01982	42P1R1A12_04644	96.482	597	21	0	1	597	1	597	0.0	1140
18P3R3A11_01982	31P2R1A5_04231	95.704	582	25	0	1	582	1	582	0.0	1127
18P3R3A11_01983	18P3R3A11_01983	100.000	326	0	0	1	326	1	326	0.0	677
18P3R3A11_01984	18P3R3A11_01984	100.000	500	0	0	1	500	1	500	0.0	998
18P3R3A11_01984	38P2R3A13_06036	96.000	500	20	0	1	500	1	500	0.0	937
18P3R3A11_01985	18P3R3A11_01985	100.000	1108	0	0	1	1108	1	1108	0.0	2234
18P3R3A11_01985	38P2R3A13_02261	95.668	1108	48	0	1	1108	1	1108	0.0	2133
18P3R3A11_01986	18P3R3A11_01986	100.000	323	0	0	1	323	1	323	0.0	664
18P3R3A11_01986	38P2R3A13_02260	97.214	323	9	0	1	323	1	323	0.0	651
18P3R3A11_01986	38P2R3A13_06038	96.285	323	12	0	1	323	1	323	0.0	644
18P3R3A11_01986	10P3R2A13_01458	95.327	321	15	0	1	321	1	321	0.0	639
18P3R3A11_01987	18P3R3A11_01987	100.000	351	0	0	1	351	1	351	0.0	724
18P3R3A11_01987	38P2R3A13_06039	95.442	351	16	0	1	351	1	351	0.0	664
18P3R3A11_01988	18P3R3A11_01988	100.000	182	0	0	1	182	1	182	3.54e-136	377
18P3R3A11_01988	42P1R1A12_04650	97.802	182	4	0	1	182	1	182	2.59e-133	370
18P3R3A11_01988	10P3R2A13_01460	95.055	182	9	0	1	182	1	182	3.95e-130	362
18P3R3A11_01988	24P1R3A1_01938	95.055	182	9	0	1	182	24	205	4.93e-130	363
18P3R3A11_01991	18P3R3A11_01991	100.000	380	0	0	1	380	1	380	0.0	782
18P3R3A11_01991	38P2R3A13_02254	97.105	380	11	0	1	380	1	380	0.0	766
18P3R3A11_01991	38P2R3A13_06042	97.105	380	11	0	1	380	1	380	0.0	765
18P3R3A11_01992	18P3R3A11_01992	100.000	503	0	0	1	503	1	503	0.0	1003
18P3R3A11_01993	18P3R3A11_01993	100.000	154	0	0	1	154	1	154	2.61e-113	317
18P3R3A11_01994	18P3R3A11_01994	100.000	470	0	0	1	470	1	470	0.0	959
18P3R3A11_01994	38P2R3A13_02251	96.596	470	15	1	1	470	1	469	0.0	930
18P3R3A11_01995	18P3R3A11_01995	100.000	615	0	0	1	615	1	615	0.0	1254
18P3R3A11_01996	18P3R3A11_01996	100.000	317	0	0	1	317	1	317	0.0	642
18P3R3A11_01996	38P2R3A13_02249	97.460	315	8	0	1	315	1	315	0.0	630
18P3R3A11_01997	18P3R3A11_01997	100.000	104	0	0	1	104	1	104	1.38e-73	213
18P3R3A11_01997	47P2R3A6_02817	95.192	104	5	0	1	104	1	104	1.98e-70	205
18P3R3A11_01998	18P3R3A11_01998	100.000	427	0	0	1	427	1	427	0.0	865
18P3R3A11_01998	47P2R3A6_02816	97.658	427	10	0	1	427	1	427	0.0	847
18P3R3A11_01998	38P2R3A13_08676	97.668	386	9	0	42	427	1	386	0.0	765
18P3R3A11_01999	18P3R3A11_01999	100.000	420	0	0	1	420	1	420	0.0	855
18P3R3A11_01999	38P2R3A13_08436	96.675	421	13	1	1	420	1	421	0.0	830
18P3R3A11_01999	38P2R3A13_02246	97.387	421	9	2	1	420	1	420	0.0	825
18P3R3A11_02000	18P3R3A11_02000	100.000	335	0	0	1	335	1	335	0.0	674
18P3R3A11_02001	18P3R3A11_02001	100.000	66	0	0	1	66	1	66	1.16e-41	129
18P3R3A11_02001	38P2R3A13_08434	95.455	66	3	0	1	66	1	66	7.52e-34	110
18P3R3A11_02002	18P3R3A11_02002	100.000	447	0	0	1	447	1	447	0.0	907
18P3R3A11_02002	31P2R1A5_04208	98.152	433	8	0	15	447	1	433	0.0	868
18P3R3A11_02002	10P3R2A13_01475	95.612	433	19	0	15	447	1	433	0.0	850
18P3R3A11_02003	18P3R3A11_02003	100.000	142	0	0	1	142	1	142	4.96e-103	290
18P3R3A11_02003	38P2R3A13_06526	96.479	142	5	0	1	142	1	142	7.05e-98	277
18P3R3A11_02004	18P3R3A11_02004	100.000	815	0	0	1	815	1	815	0.0	1683
18P3R3A11_02004	38P2R3A13_06527	97.178	815	22	1	1	815	1	814	0.0	1640
18P3R3A11_02006	18P3R3A11_02006	100.000	425	0	0	1	425	1	425	0.0	833
18P3R3A11_02006	38P2R3A13_06529	95.765	425	18	0	1	425	1	425	0.0	806
18P3R3A11_02007	18P3R3A11_02007	100.000	541	0	0	1	541	1	541	0.0	1109
18P3R3A11_02007	38P2R3A13_02238	97.782	541	12	0	1	541	1	541	0.0	1085
18P3R3A11_02008	18P3R3A11_02008	100.000	644	0	0	1	644	1	644	0.0	1306
18P3R3A11_02009	18P3R3A11_02009	100.000	96	0	0	1	96	1	96	4.15e-67	196
18P3R3A11_02009	38P2R3A13_06532	95.833	96	4	0	1	96	1	96	3.44e-57	171
18P3R3A11_02009	38P2R3A13_02236	95.652	92	4	0	5	96	1	92	1.73e-49	151
18P3R3A11_02010	18P3R3A11_02010	100.000	103	0	0	1	103	1	103	9.88e-73	211
18P3R3A11_02011	18P3R3A11_02011	100.000	241	0	0	1	241	1	241	0.0	496
18P3R3A11_02012	18P3R3A11_02012	100.000	252	0	0	1	252	1	252	0.0	520
18P3R3A11_02012	38P2R3A13_06535	97.222	252	7	0	1	252	1	252	0.0	507
18P3R3A11_02013	18P3R3A11_02013	100.000	355	0	0	1	355	1	355	0.0	743
18P3R3A11_02013	10P3R2A13_01490	96.056	355	14	0	1	355	1	355	0.0	722
18P3R3A11_02013	42P1R1A12_04676	95.775	355	15	0	1	355	1	355	0.0	721
18P3R3A11_02013	31P2R1A5_04199	95.493	355	16	0	1	355	1	355	0.0	716
18P3R3A11_02013	15P1R1A16_00545	97.321	112	3	0	244	355	1	112	8.71e-77	231
18P3R3A11_02014	18P3R3A11_02014	100.000	467	0	0	1	467	1	467	0.0	939
18P3R3A11_02014	42P1R1A12_04677	96.146	467	18	0	1	467	1	467	0.0	908
18P3R3A11_02014	31P2R1A5_04198	96.788	467	15	0	1	467	1	467	0.0	907
18P3R3A11_02014	10P3R2A13_01491	95.269	465	22	0	1	465	1	465	0.0	874
18P3R3A11_02016	18P3R3A11_02016	100.000	156	0	0	1	156	1	156	1.13e-113	318
18P3R3A11_02016	38P2R3A13_06539	96.795	156	5	0	1	156	1	156	1.48e-110	310
18P3R3A11_02016	42P1R1A12_04679	96.154	156	6	0	1	156	1	156	7.51e-110	309
18P3R3A11_02017	18P3R3A11_02017	100.000	217	0	0	1	217	1	217	9.27e-160	440
18P3R3A11_02017	10P3R2A13_01494	95.853	217	9	0	1	217	1	217	7.59e-155	427
18P3R3A11_02017	31P2R1A5_04195	96.313	217	8	0	1	217	1	217	5.12e-154	425
18P3R3A11_02018	18P3R3A11_02018	100.000	287	0	0	1	287	1	287	0.0	593
18P3R3A11_02018	38P2R3A13_06541	96.167	287	11	0	1	287	1	287	0.0	579
18P3R3A11_02018	28P2R1A12_01697	96.875	128	4	0	113	240	1	128	1.32e-91	267
18P3R3A11_02018	27P2R2A12_01555	95.146	103	5	0	1	103	1	103	5.04e-67	204
18P3R3A11_02019	18P3R3A11_02019	100.000	229	0	0	1	229	1	229	8.06e-174	476
18P3R3A11_02020	18P3R3A11_02020	100.000	92	0	0	1	92	1	92	2.50e-63	186
18P3R3A11_02020	56P2R2A4_03873	97.826	92	2	0	1	92	1	92	1.22e-61	182
18P3R3A11_02021	18P3R3A11_02021	100.000	132	0	0	1	132	1	132	2.60e-96	273
18P3R3A11_02021	10P3R2A13_01498	96.212	132	5	0	1	132	1	132	5.23e-93	264
18P3R3A11_02022	18P3R3A11_02022	100.000	105	0	0	1	105	1	105	1.39e-74	216
18P3R3A11_02022	47P2R3A6_02792	96.190	105	4	0	1	105	1	105	3.36e-72	209
18P3R3A11_02024	18P3R3A11_02024	100.000	150	0	0	1	150	1	150	1.27e-103	292
18P3R3A11_02024	47P2R3A6_02790	98.000	150	3	0	1	150	1	150	4.12e-102	289
18P3R3A11_02024	42P1R1A12_04688	96.667	150	5	0	1	150	1	150	1.92e-100	285
18P3R3A11_02025	18P3R3A11_02025	100.000	310	0	0	1	310	1	310	0.0	619
18P3R3A11_02025	38P2R3A13_08498	95.122	82	4	0	227	308	1	82	2.10e-48	156
18P3R3A11_02026	18P3R3A11_02026	100.000	212	0	0	1	212	1	212	3.94e-153	423
18P3R3A11_02027	18P3R3A11_02027	100.000	207	0	0	1	207	1	207	4.93e-150	414
18P3R3A11_02028	18P3R3A11_02028	100.000	470	0	0	1	470	1	470	0.0	940
18P3R3A11_02028	38P2R3A13_07214	97.872	470	10	0	1	470	1	470	0.0	929
18P3R3A11_02028	10P3R2A13_01513	95.522	469	21	0	1	469	1	469	0.0	905
18P3R3A11_02028	15P1R1A16_04593	95.755	212	9	0	258	469	1	212	1.20e-143	409
18P3R3A11_02029	18P3R3A11_02029	100.000	221	0	0	1	221	1	221	3.00e-166	457
18P3R3A11_02029	38P2R3A13_07215	96.380	221	8	0	1	221	1	221	2.16e-160	442
18P3R3A11_02029	10P3R2A13_01514	95.023	221	11	0	1	221	1	221	9.80e-160	440
18P3R3A11_02029	43P2R2A2_05739	95.604	91	4	0	131	221	1	91	2.16e-60	184
18P3R3A11_02030	18P3R3A11_02030	100.000	550	0	0	1	550	1	550	0.0	1097
18P3R3A11_02030	38P2R3A13_02224	96.364	550	20	0	1	550	1	550	0.0	1062
18P3R3A11_02030	38P2R3A13_07216	95.636	550	24	0	1	550	1	550	0.0	1024
18P3R3A11_02031	18P3R3A11_02031	100.000	322	0	0	1	322	1	322	0.0	637
18P3R3A11_02031	38P2R3A13_02223	97.205	322	9	0	1	322	1	322	0.0	624
18P3R3A11_02032	18P3R3A11_02032	100.000	275	0	0	1	275	1	275	0.0	566
18P3R3A11_02033	18P3R3A11_02033	100.000	283	0	0	1	283	1	283	0.0	562
18P3R3A11_02034	18P3R3A11_02034	100.000	129	0	0	1	129	1	129	2.16e-93	265
18P3R3A11_02035	18P3R3A11_02035	100.000	648	0	0	1	648	1	648	0.0	1332
18P3R3A11_02035	38P2R3A13_02217	96.142	648	25	0	1	648	1	648	0.0	1291
18P3R3A11_02035	38P2R3A13_07221	95.525	648	29	0	1	648	1	648	0.0	1274
18P3R3A11_02036	18P3R3A11_02036	100.000	247	0	0	1	247	1	247	0.0	510
18P3R3A11_02036	38P2R3A13_02216	97.571	247	6	0	1	247	1	247	0.0	499
18P3R3A11_02036	38P2R3A13_07222	97.166	247	7	0	1	247	1	247	0.0	498
18P3R3A11_02037	18P3R3A11_02037	100.000	186	0	0	1	186	1	186	7.26e-138	382
18P3R3A11_02037	56P2R2A4_02613	96.237	186	7	0	1	186	1	186	1.86e-132	368
18P3R3A11_02037	38P2R3A13_07223	95.699	186	8	0	1	186	1	186	2.38e-120	338
18P3R3A11_02039	18P3R3A11_02039	100.000	446	0	0	1	446	1	446	0.0	904
18P3R3A11_02039	47P2R3A6_02774	95.067	446	22	0	1	446	1	446	0.0	870
18P3R3A11_02039	34P3R2A10_04567	95.620	274	12	0	169	442	1	274	0.0	542
18P3R3A11_02040	18P3R3A11_02040	100.000	516	0	0	1	516	1	516	0.0	1045
18P3R3A11_02040	38P2R3A13_06797	95.155	516	25	0	1	516	1	516	0.0	1001
18P3R3A11_02041	18P3R3A11_02041	100.000	341	0	0	1	341	1	341	0.0	707
18P3R3A11_02042	18P3R3A11_02042	100.000	356	0	0	1	356	1	356	0.0	738
18P3R3A11_02043	18P3R3A11_02043	100.000	390	0	0	1	390	1	390	0.0	814
18P3R3A11_02044	18P3R3A11_02044	100.000	384	0	0	1	384	1	384	0.0	797
18P3R3A11_02045	18P3R3A11_02045	100.000	353	0	0	1	353	1	353	0.0	728
18P3R3A11_02046	18P3R3A11_02046	100.000	214	0	0	1	214	1	214	1.15e-163	449
18P3R3A11_02046	38P2R3A13_06803	96.262	214	8	0	1	214	1	214	8.23e-159	437
18P3R3A11_02046	38P2R3A13_02212	96.262	214	8	0	1	214	1	214	8.98e-159	437
18P3R3A11_02047	18P3R3A11_02047	100.000	578	0	0	1	578	1	578	0.0	1179
18P3R3A11_02047	38P2R3A13_02211	96.886	578	18	0	1	578	1	578	0.0	1156
18P3R3A11_02048	18P3R3A11_02048	100.000	1259	0	0	1	1259	1	1259	0.0	2534
18P3R3A11_02048	38P2R3A13_02210	96.505	1259	44	0	1	1259	1	1259	0.0	2465
18P3R3A11_02048	38P2R3A13_06805	95.234	1259	60	0	1	1259	1	1259	0.0	2433
18P3R3A11_02049	18P3R3A11_02049	100.000	115	0	0	1	115	1	115	7.37e-82	234
18P3R3A11_02049	38P2R3A13_08567	97.391	115	3	0	1	115	1	115	1.82e-79	229
18P3R3A11_02050	18P3R3A11_02050	100.000	108	0	0	1	108	1	108	6.65e-75	216
18P3R3A11_02051	18P3R3A11_02051	100.000	157	0	0	1	157	1	157	6.66e-109	306
18P3R3A11_02052	18P3R3A11_02052	100.000	195	0	0	1	195	1	195	6.14e-144	398
18P3R3A11_02052	56P2R2A4_02604	97.949	195	4	0	1	195	1	195	1.55e-141	392
18P3R3A11_02053	18P3R3A11_02053	100.000	177	0	0	1	177	1	177	4.93e-130	361
18P3R3A11_02053	31P2R1A5_04912	96.610	177	6	0	1	177	1	177	4.45e-127	354
18P3R3A11_02053	38P2R3A13_08568	97.175	177	5	0	1	177	1	177	5.13e-127	354
18P3R3A11_02053	42P1R1A12_04467	97.714	175	4	0	1	175	1	175	1.03e-126	353
18P3R3A11_02054	18P3R3A11_02054	100.000	319	0	0	1	319	1	319	0.0	646
18P3R3A11_02054	10P3R2A13_03345	95.298	319	15	0	1	319	1	319	0.0	603
18P3R3A11_02054	43P2R2A2_05397	97.500	120	3	0	200	319	1	120	5.93e-82	243
18P3R3A11_02055	18P3R3A11_02055	100.000	501	0	0	1	501	1	501	0.0	1014
18P3R3A11_02055	43P2R2A2_04354	96.703	91	3	0	411	501	1	91	6.91e-53	173
18P3R3A11_02056	18P3R3A11_02056	100.000	341	0	0	1	341	1	341	0.0	655
18P3R3A11_02056	38P2R3A13_02202	97.947	341	7	0	1	341	1	341	0.0	648
18P3R3A11_02057	18P3R3A11_02057	100.000	334	0	0	1	334	1	334	0.0	649
18P3R3A11_02057	10P3R2A13_03348	97.248	327	9	0	1	327	1	327	0.0	621
18P3R3A11_02057	42P1R1A12_04463	96.626	326	11	0	1	326	1	326	0.0	614
18P3R3A11_02057	31P2R1A5_04908	95.719	327	14	0	1	327	1	327	0.0	611
18P3R3A11_02058	18P3R3A11_02058	100.000	524	0	0	1	524	1	524	0.0	1044
18P3R3A11_02059	18P3R3A11_02059	100.000	119	0	0	1	119	1	119	2.58e-85	244
18P3R3A11_02060	18P3R3A11_02060	100.000	333	0	0	1	333	1	333	0.0	687
18P3R3A11_02060	31P2R1A5_04907	96.396	333	12	0	1	333	1	333	0.0	666
18P3R3A11_02060	10P3R2A13_03349	96.096	333	13	0	1	333	1	333	0.0	666
18P3R3A11_02060	34P3R2A10_03972	95.307	277	13	0	57	333	1	277	0.0	555
18P3R3A11_02060	38P2R3A13_08470	98.333	180	3	0	154	333	1	180	1.30e-132	375
18P3R3A11_02062	18P3R3A11_02062	100.000	184	0	0	1	184	1	184	4.98e-128	357
18P3R3A11_02062	47P2R3A6_02754	96.196	184	7	0	1	184	1	184	4.59e-124	347
18P3R3A11_02063	18P3R3A11_02063	100.000	451	0	0	1	451	1	451	0.0	929
18P3R3A11_02063	10P3R2A13_03352	95.787	451	19	0	1	451	1	451	0.0	892
18P3R3A11_02063	34P3R2A10_01881	96.222	397	15	0	55	451	1	397	0.0	799
18P3R3A11_02063	43P2R2A2_05641	96.016	251	10	0	201	451	1	251	0.0	504
18P3R3A11_02064	18P3R3A11_02064	100.000	129	0	0	1	129	1	129	2.28e-90	257
18P3R3A11_02065	18P3R3A11_02065	100.000	52	0	0	1	52	1	52	1.89e-30	100
18P3R3A11_02066	18P3R3A11_02066	100.000	107	0	0	1	107	1	107	1.08e-74	216
18P3R3A11_02066	38P2R3A13_02193	97.196	107	3	0	1	107	1	107	2.15e-72	210
18P3R3A11_02066	38P2R3A13_08640	95.327	107	5	0	1	107	1	107	5.92e-71	206
18P3R3A11_02067	18P3R3A11_02067	100.000	121	0	0	1	121	1	121	2.55e-83	239
18P3R3A11_02067	47P2R3A6_02750	96.694	121	4	0	1	121	1	121	5.35e-81	233
18P3R3A11_02067	31P2R1A5_04899	95.041	121	6	0	1	121	1	121	3.54e-79	228
18P3R3A11_02068	18P3R3A11_02068	100.000	100	0	0	1	100	1	100	2.54e-68	199
18P3R3A11_02069	18P3R3A11_02069	100.000	259	0	0	1	259	1	259	0.0	513
18P3R3A11_02069	31P2R1A5_04897	96.525	259	9	0	1	259	1	259	0.0	499
18P3R3A11_02070	18P3R3A11_02070	100.000	214	0	0	1	214	1	214	6.95e-147	407
18P3R3A11_02070	38P2R3A13_05677	97.561	123	3	0	92	214	1	123	3.63e-76	225
18P3R3A11_02071	18P3R3A11_02071	100.000	378	0	0	1	378	1	378	0.0	768
18P3R3A11_02071	38P2R3A13_02188	97.884	378	8	0	1	378	1	378	0.0	754
18P3R3A11_02072	18P3R3A11_02072	100.000	373	0	0	1	373	1	373	0.0	761
18P3R3A11_02072	38P2R3A13_05675	97.051	373	11	0	1	373	1	373	0.0	741
18P3R3A11_02073	18P3R3A11_02073	100.000	247	0	0	1	247	1	247	0.0	504
18P3R3A11_02073	38P2R3A13_05674	95.951	247	10	0	1	247	1	247	7.49e-177	486
18P3R3A11_02074	18P3R3A11_02074	100.000	379	0	0	1	379	1	379	0.0	773
18P3R3A11_02074	37P2R3-2A1_02141	95.778	379	16	0	1	379	1	379	0.0	749
18P3R3A11_02075	18P3R3A11_02075	100.000	637	0	0	1	637	1	637	0.0	1313
18P3R3A11_02075	38P2R3A13_02184	96.703	637	21	0	1	637	1	637	0.0	1277
18P3R3A11_02075	38P2R3A13_05672	95.918	637	26	0	1	637	1	637	0.0	1264
18P3R3A11_02076	18P3R3A11_02076	100.000	81	0	0	1	81	1	81	1.65e-53	160
18P3R3A11_02077	18P3R3A11_02077	100.000	155	0	0	1	155	1	155	2.74e-115	322
18P3R3A11_02078	18P3R3A11_02078	100.000	713	0	0	1	713	1	713	0.0	1493
18P3R3A11_02078	31P2R1A5_04887	95.231	713	34	0	1	713	1	713	0.0	1427
18P3R3A11_02079	18P3R3A11_02079	100.000	548	0	0	1	548	1	548	0.0	1146
18P3R3A11_02079	38P2R3A13_02181	96.350	548	20	0	1	548	1	548	0.0	1107
18P3R3A11_02079	56P2R2A4_02579	95.620	548	24	0	1	548	1	548	0.0	1102
18P3R3A11_02080	18P3R3A11_02080	100.000	473	0	0	1	473	1	473	0.0	953
18P3R3A11_02080	38P2R3A13_05661	95.983	473	19	0	1	473	1	473	0.0	925
18P3R3A11_02081	18P3R3A11_02081	100.000	316	0	0	1	316	1	316	0.0	652
18P3R3A11_02081	38P2R3A13_02179	97.785	316	7	0	1	316	1	316	0.0	642
18P3R3A11_02081	38P2R3A13_05660	96.203	316	12	0	1	316	1	316	0.0	634
18P3R3A11_02082	18P3R3A11_02082	100.000	903	0	0	1	903	1	903	0.0	1850
18P3R3A11_02082	38P2R3A13_05659	97.231	903	25	0	1	903	1	903	0.0	1810
18P3R3A11_02083	18P3R3A11_02083	100.000	795	0	0	1	795	1	795	0.0	1628
18P3R3A11_02083	38P2R3A13_02177	95.723	795	34	0	1	795	1	795	0.0	1550
18P3R3A11_02083	56P2R2A4_02575	95.472	795	36	0	1	795	1	795	0.0	1548
18P3R3A11_02088	18P3R3A11_02088	100.000	310	0	0	1	310	1	310	0.0	636
18P3R3A11_02088	38P2R3A13_08396	97.727	308	7	0	1	308	1	308	0.0	619
18P3R3A11_02089	18P3R3A11_02089	100.000	333	0	0	1	333	1	333	0.0	683
18P3R3A11_02089	38P2R3A13_03932	97.590	332	8	0	2	333	7	338	0.0	664
18P3R3A11_02089	31P2R1A5_02573	96.988	332	10	0	2	333	7	338	0.0	662
18P3R3A11_02089	38P2R3A13_08395	96.687	332	11	0	2	333	7	338	0.0	658
18P3R3A11_02089	42P1R1A12_00209	95.441	329	15	0	2	330	7	335	0.0	648
18P3R3A11_02089	15P1R1A16_04877	95.812	191	8	0	139	329	1	191	2.14e-136	385
18P3R3A11_02090	18P3R3A11_02090	100.000	328	0	0	1	328	1	328	0.0	671
18P3R3A11_02090	38P2R3A13_03933	97.256	328	9	0	1	328	1	328	0.0	657
18P3R3A11_02091	18P3R3A11_02091	100.000	301	0	0	1	301	1	301	0.0	592
18P3R3A11_02092	18P3R3A11_02092	100.000	340	0	0	1	340	1	340	0.0	673
18P3R3A11_02092	10P3R2A13_03042	97.059	340	10	0	1	340	1	340	0.0	661
18P3R3A11_02092	43P2R2A2_04715	96.416	279	10	0	62	340	1	279	0.0	541
18P3R3A11_02092	38P2R3A13_08427	99.254	268	2	0	73	340	1	268	0.0	523
18P3R3A11_02093	18P3R3A11_02093	100.000	536	0	0	1	536	1	536	0.0	1113
18P3R3A11_02093	31P2R1A5_02569	95.336	536	25	0	1	536	1	536	0.0	1074
18P3R3A11_02093	38P2R3A13_08689	96.735	245	8	0	292	536	1	245	1.84e-178	501
18P3R3A11_02095	18P3R3A11_02095	100.000	565	0	0	1	565	1	565	0.0	1182
18P3R3A11_02095	38P2R3A13_03938	95.044	565	28	0	1	565	1	565	0.0	1086
18P3R3A11_02096	18P3R3A11_02096	100.000	401	0	0	1	401	1	401	0.0	795
18P3R3A11_02097	18P3R3A11_02097	100.000	233	0	0	1	233	1	233	5.60e-176	482
18P3R3A11_02098	18P3R3A11_02098	100.000	194	0	0	1	194	1	194	1.78e-148	409
18P3R3A11_02099	18P3R3A11_02099	100.000	149	0	0	1	149	1	149	2.19e-111	312
18P3R3A11_02100	18P3R3A11_02100	100.000	776	0	0	1	776	1	776	0.0	1609
18P3R3A11_02101	18P3R3A11_02101	100.000	221	0	0	1	221	1	221	2.64e-157	434
18P3R3A11_02101	38P2R3A13_06883	97.285	221	6	0	1	221	1	221	6.38e-153	423
18P3R3A11_02102	18P3R3A11_02102	100.000	339	0	0	1	339	1	339	0.0	691
18P3R3A11_02102	56P2R2A4_03485	97.935	339	7	0	1	339	1	339	0.0	681
18P3R3A11_02103	18P3R3A11_02103	100.000	250	0	0	1	250	1	250	0.0	508
18P3R3A11_02103	37P2R3-2A1_03203	96.000	250	10	0	1	250	1	250	5.10e-179	491
18P3R3A11_02104	18P3R3A11_02104	100.000	313	0	0	1	313	1	313	0.0	629
18P3R3A11_02104	37P2R3-2A1_03204	98.065	310	6	0	1	310	1	310	0.0	614
18P3R3A11_02104	38P2R3A13_06886	95.527	313	14	0	1	313	1	313	0.0	580
18P3R3A11_02105	18P3R3A11_02105	100.000	427	0	0	1	427	1	427	0.0	852
18P3R3A11_02106	18P3R3A11_02106	100.000	325	0	0	1	325	1	325	0.0	667
18P3R3A11_02106	37P2R3-2A1_03206	97.538	325	8	0	1	325	1	325	0.0	652
18P3R3A11_02107	18P3R3A11_02107	100.000	71	0	0	1	71	1	71	1.11e-46	142
18P3R3A11_02107	10P3R2A13_03116	95.775	71	3	0	1	71	1	71	6.16e-45	138
18P3R3A11_02108	18P3R3A11_02108	100.000	237	0	0	1	237	1	237	6.49e-175	480
18P3R3A11_02108	47P2R3A6_03595	95.781	237	10	0	1	237	1	237	3.38e-170	468
18P3R3A11_02108	38P2R3A13_03951	95.781	237	10	0	1	237	1	237	1.28e-169	466
18P3R3A11_02109	18P3R3A11_02109	100.000	96	0	0	1	96	1	96	5.13e-66	193
18P3R3A11_02110	18P3R3A11_02110	100.000	540	0	0	1	540	1	540	0.0	1106
18P3R3A11_02110	37P2R3-2A1_03210	97.963	540	11	0	1	540	1	540	0.0	1082
18P3R3A11_02111	18P3R3A11_02111	100.000	234	0	0	1	234	1	234	7.55e-175	479
18P3R3A11_02111	38P2R3A13_04167	97.009	234	7	0	1	234	1	234	2.68e-170	468
18P3R3A11_02112	18P3R3A11_02112	100.000	498	0	0	1	498	1	498	0.0	1028
18P3R3A11_02112	38P2R3A13_07302	98.185	496	9	0	1	496	1	496	0.0	1015
18P3R3A11_02112	54P2R2A3_04429	95.306	490	23	0	5	494	1	490	0.0	973
18P3R3A11_02113	18P3R3A11_02113	100.000	164	0	0	1	164	1	164	4.68e-122	340
18P3R3A11_02113	38P2R3A13_04169	96.951	164	5	0	1	164	1	164	1.10e-118	332
18P3R3A11_02114	18P3R3A11_02114	100.000	261	0	0	1	261	1	261	0.0	537
18P3R3A11_02115	18P3R3A11_02115	100.000	257	0	0	1	257	1	257	0.0	516
18P3R3A11_02115	38P2R3A13_04171	96.887	257	8	0	1	257	1	257	0.0	499
18P3R3A11_02116	18P3R3A11_02116	100.000	181	0	0	1	181	1	181	4.24e-128	357
18P3R3A11_02117	18P3R3A11_02117	100.000	85	0	0	1	85	1	85	5.43e-54	162
18P3R3A11_02117	38P2R3A13_04173	96.471	85	3	0	1	85	1	85	2.77e-52	157
18P3R3A11_02117	38P2R3A13_07012	95.294	85	4	0	1	85	1	85	7.36e-52	156
18P3R3A11_02118	18P3R3A11_02118	100.000	547	0	0	1	547	1	547	0.0	1118
18P3R3A11_02118	38P2R3A13_04174	97.441	547	14	0	1	547	1	547	0.0	1094
18P3R3A11_02118	38P2R3A13_07013	96.161	547	21	0	1	547	1	547	0.0	1058
18P3R3A11_02119	18P3R3A11_02119	100.000	202	0	0	1	202	1	202	1.36e-145	403
18P3R3A11_02119	38P2R3A13_07014	97.525	202	5	0	1	202	1	202	1.92e-142	395
18P3R3A11_02120	18P3R3A11_02120	100.000	252	0	0	1	252	1	252	0.0	521
18P3R3A11_02121	18P3R3A11_02121	100.000	486	0	0	1	486	1	486	0.0	989
18P3R3A11_02122	18P3R3A11_02122	100.000	254	0	0	1	254	1	254	0.0	521
18P3R3A11_02122	31P2R1A5_04848	96.457	254	9	0	1	254	1	254	0.0	510
18P3R3A11_02122	28P2R1A12_03718	96.047	253	10	0	1	253	1	253	0.0	506
18P3R3A11_02123	18P3R3A11_02123	100.000	269	0	0	1	269	1	269	0.0	555
18P3R3A11_02123	38P2R3A13_07018	96.283	269	10	0	1	269	1	269	0.0	538
18P3R3A11_02124	18P3R3A11_02124	100.000	754	0	0	1	754	1	754	0.0	1547
18P3R3A11_02124	38P2R3A13_04180	97.745	754	17	0	1	754	1	754	0.0	1516
18P3R3A11_02124	38P2R3A13_07019	96.021	754	30	0	1	754	1	754	0.0	1503
18P3R3A11_02125	18P3R3A11_02125	100.000	318	0	0	1	318	1	318	0.0	650
18P3R3A11_02125	56P2R2A4_03837	97.799	318	7	0	1	318	1	318	0.0	637
18P3R3A11_02125	47P2R3A6_04367	97.799	318	7	0	1	318	1	318	0.0	636
18P3R3A11_02126	18P3R3A11_02126	100.000	300	0	0	1	300	1	300	0.0	596
18P3R3A11_02126	38P2R3A13_04182	97.667	300	7	0	1	300	1	300	0.0	587
18P3R3A11_02126	47P2R3A6_04366	97.333	300	8	0	1	300	1	300	0.0	583
18P3R3A11_02127	18P3R3A11_02127	100.000	267	0	0	1	267	1	267	0.0	555
18P3R3A11_02127	38P2R3A13_04183	97.004	267	8	0	1	267	1	267	0.0	541
18P3R3A11_02128	18P3R3A11_02128	100.000	331	0	0	1	331	1	331	0.0	684
18P3R3A11_02128	38P2R3A13_04184	97.885	331	7	0	1	331	1	331	0.0	672
18P3R3A11_02129	18P3R3A11_02129	100.000	207	0	0	1	207	1	207	1.11e-147	409
18P3R3A11_02129	38P2R3A13_07494	97.101	207	6	0	1	207	1	207	5.61e-144	399
18P3R3A11_02130	18P3R3A11_02130	100.000	207	0	0	1	207	1	207	6.03e-148	409
18P3R3A11_02132	18P3R3A11_02132	100.000	290	0	0	1	290	1	290	0.0	597
18P3R3A11_02132	38P2R3A13_04188	96.207	290	11	0	1	290	1	290	0.0	582
18P3R3A11_02133	18P3R3A11_02133	100.000	156	0	0	1	156	1	156	6.73e-115	322
18P3R3A11_02133	38P2R3A13_04189	96.795	156	5	0	1	156	1	156	7.24e-112	314
18P3R3A11_02133	38P2R3A13_07498	96.795	156	5	0	1	156	1	156	2.20e-110	310
18P3R3A11_02133	31P2R1A5_04836	96.053	152	6	0	5	156	4	155	3.14e-106	300
18P3R3A11_02134	18P3R3A11_02134	100.000	299	0	0	1	299	1	299	0.0	595
18P3R3A11_02134	38P2R3A13_07499	97.993	299	6	0	1	299	1	299	0.0	585
18P3R3A11_02135	18P3R3A11_02135	100.000	317	0	0	1	317	1	317	0.0	643
18P3R3A11_02135	10P3R2A13_02999	97.161	317	9	0	1	317	1	317	0.0	629
18P3R3A11_02135	43P2R2A2_04685	98.230	226	4	0	92	317	1	226	1.35e-163	454
18P3R3A11_02135	14P1R2A4_05106	97.391	115	3	0	203	317	1	115	2.29e-77	231
18P3R3A11_02136	18P3R3A11_02136	100.000	721	0	0	1	721	1	721	0.0	1493
18P3R3A11_02136	10P3R2A13_02997	95.978	721	29	0	1	721	1	721	0.0	1449
18P3R3A11_02136	54P2R2A3_04404	95.562	721	32	0	1	721	1	721	0.0	1440
18P3R3A11_02136	42P1R1A12_04592	95.423	721	33	0	1	721	11	731	0.0	1440
18P3R3A11_02136	34P3R2A10_04377	96.401	389	14	0	333	721	1	389	0.0	776
18P3R3A11_02137	18P3R3A11_02137	100.000	239	0	0	1	239	1	239	0.0	497
18P3R3A11_02138	18P3R3A11_02138	100.000	300	0	0	1	300	1	300	0.0	609
18P3R3A11_02138	38P2R3A13_04194	97.342	301	7	1	1	300	1	301	0.0	594
18P3R3A11_02139	18P3R3A11_02139	100.000	225	0	0	1	225	1	225	7.99e-165	453
18P3R3A11_02139	38P2R3A13_04195	95.111	225	11	0	1	225	12	236	9.56e-156	431
18P3R3A11_02140	18P3R3A11_02140	100.000	275	0	0	1	275	1	275	0.0	566
18P3R3A11_02140	47P2R3A6_04352	97.455	275	7	0	1	275	1	275	0.0	556
18P3R3A11_02140	10P3R2A13_02993	96.727	275	9	0	1	275	1	275	0.0	552
18P3R3A11_02140	38P2R3A13_08036	97.093	172	5	0	104	275	1	172	4.95e-122	345
18P3R3A11_02141	18P3R3A11_02141	100.000	68	0	0	1	68	1	68	2.77e-44	136
18P3R3A11_02141	38P2R3A13_04197	97.059	68	2	0	1	68	1	68	9.95e-43	132
18P3R3A11_02142	18P3R3A11_02142	100.000	107	0	0	1	107	1	107	2.56e-76	220
18P3R3A11_02142	37P2R3-2A1_03242	97.196	107	3	0	1	107	1	107	1.66e-73	213
18P3R3A11_02142	38P2R3A13_08253	95.327	107	5	0	1	107	1	107	2.09e-62	185
18P3R3A11_02143	18P3R3A11_02143	100.000	848	0	0	1	848	1	848	0.0	1764
18P3R3A11_02144	18P3R3A11_02144	100.000	321	0	0	1	321	1	321	0.0	638
18P3R3A11_02144	38P2R3A13_07966	96.262	321	12	0	1	321	1	321	0.0	616
18P3R3A11_02145	18P3R3A11_02145	100.000	247	0	0	1	247	1	247	0.0	502
18P3R3A11_02146	18P3R3A11_02146	100.000	398	0	0	1	398	1	398	0.0	797
18P3R3A11_02146	38P2R3A13_04202	96.825	378	12	0	1	378	1	378	0.0	682
18P3R3A11_02147	18P3R3A11_02147	100.000	401	0	0	1	401	1	401	0.0	811
18P3R3A11_02147	38P2R3A13_07969	97.995	399	8	0	1	399	1	399	0.0	799
18P3R3A11_02147	38P2R3A13_04203	96.124	387	15	0	13	399	12	398	0.0	764
18P3R3A11_02148	18P3R3A11_02148	100.000	404	0	0	1	404	1	404	0.0	777
18P3R3A11_02153	18P3R3A11_02153	100.000	462	0	0	1	462	1	462	0.0	919
18P3R3A11_02153	38P2R3A13_06853	97.835	462	10	0	1	462	1	462	0.0	903
18P3R3A11_02154	18P3R3A11_02154	100.000	247	0	0	1	247	1	247	0.0	509
18P3R3A11_02155	18P3R3A11_02155	100.000	451	0	0	1	451	1	451	0.0	899
18P3R3A11_02155	38P2R3A13_04211	96.009	451	18	0	1	451	1	451	0.0	804
18P3R3A11_02156	18P3R3A11_02156	100.000	360	0	0	1	360	1	360	0.0	746
18P3R3A11_02157	18P3R3A11_02157	100.000	417	0	0	1	417	1	417	0.0	819
18P3R3A11_02157	38P2R3A13_04213	95.444	417	19	0	1	417	1	417	0.0	783
18P3R3A11_02158	18P3R3A11_02158	100.000	377	0	0	1	377	1	377	0.0	787
18P3R3A11_02159	18P3R3A11_02159	100.000	226	0	0	1	226	1	226	6.26e-167	459
18P3R3A11_02160	18P3R3A11_02160	100.000	421	0	0	1	421	1	421	0.0	863
18P3R3A11_02161	18P3R3A11_02161	100.000	362	0	0	1	362	1	362	0.0	747
18P3R3A11_02161	38P2R3A13_04217	95.304	362	17	0	1	362	1	362	0.0	720
18P3R3A11_02161	38P2R3A13_06861	95.028	362	18	0	1	362	1	362	0.0	719
18P3R3A11_02162	18P3R3A11_02162	100.000	349	0	0	1	349	1	349	0.0	714
18P3R3A11_02162	38P2R3A13_06862	95.989	349	14	0	1	349	1	349	0.0	669
18P3R3A11_02163	18P3R3A11_02163	100.000	368	0	0	1	368	1	368	0.0	738
18P3R3A11_02163	38P2R3A13_06863	97.826	368	8	0	1	368	1	368	0.0	723
18P3R3A11_02163	56P2R2A4_03800	96.196	368	14	0	1	368	1	368	0.0	669
18P3R3A11_02166	18P3R3A11_02166	100.000	423	0	0	1	423	1	423	0.0	874
18P3R3A11_02166	10P3R2A13_02963	95.981	423	16	1	1	423	1	422	0.0	841
18P3R3A11_02166	31P2R1A5_04802	96.010	401	16	0	1	401	1	401	0.0	799
18P3R3A11_02166	51P2R2A10_05056	95.750	400	17	0	1	400	1	400	0.0	796
18P3R3A11_02166	38P2R3A13_06875	97.605	334	7	1	90	423	1	333	0.0	668
18P3R3A11_02167	18P3R3A11_02167	100.000	495	0	0	1	495	1	495	0.0	1004
18P3R3A11_02168	18P3R3A11_02168	100.000	675	0	0	1	675	1	675	0.0	1402
18P3R3A11_02168	31P2R1A5_04797	96.131	672	26	0	1	672	1	672	0.0	1330
18P3R3A11_02169	18P3R3A11_02169	100.000	94	0	0	1	94	1	94	3.64e-66	193
18P3R3A11_02169	28P2R1A12_03614	97.872	94	2	0	1	94	1	94	1.22e-64	189
18P3R3A11_02169	42P1R1A12_04549	97.872	94	2	0	1	94	1	94	1.54e-64	189
18P3R3A11_02169	10P3R2A13_02959	97.872	94	2	0	1	94	1	94	2.21e-64	189
18P3R3A11_02169	38P2R3A13_06872	96.809	94	3	0	1	94	1	94	8.92e-64	187
18P3R3A11_02169	38P2R3A13_04226	96.809	94	3	0	1	94	1	94	1.35e-63	187
18P3R3A11_02169	31P2R1A5_04796	95.745	94	4	0	1	94	1	94	1.42e-62	184
18P3R3A11_02169	51P2R2A10_05070	95.745	94	4	0	1	94	1	94	1.85e-62	184
18P3R3A11_02170	18P3R3A11_02170	100.000	274	0	0	1	274	1	274	0.0	561
18P3R3A11_02170	31P2R1A5_02508	97.445	274	7	0	1	274	1	274	0.0	550
18P3R3A11_02170	10P3R2A13_03149	95.985	274	11	0	1	274	1	274	0.0	543
18P3R3A11_02170	34P3R2A10_03851	98.649	74	1	0	201	274	1	74	2.53e-46	149
18P3R3A11_02171	18P3R3A11_02171	100.000	340	0	0	1	340	1	340	0.0	694
18P3R3A11_02171	47P2R3A6_03645	97.059	340	10	0	1	340	1	340	0.0	676
18P3R3A11_02171	43P2R2A2_05649	96.350	137	5	0	204	340	1	137	1.13e-91	270
18P3R3A11_02172	18P3R3A11_02172	100.000	156	0	0	1	156	1	156	2.64e-116	325
18P3R3A11_02172	10P3R2A13_03151	96.154	156	6	0	1	156	1	156	3.46e-113	317
18P3R3A11_02173	18P3R3A11_02173	100.000	84	0	0	1	84	1	84	6.12e-59	174
18P3R3A11_02173	47P2R3A6_03647	97.619	84	2	0	1	84	1	84	1.24e-57	171
18P3R3A11_02174	18P3R3A11_02174	100.000	144	0	0	1	144	1	144	1.15e-102	290
18P3R3A11_02174	38P2R3A13_03995	95.833	144	6	0	1	144	1	144	2.05e-99	281
18P3R3A11_02175	18P3R3A11_02175	100.000	515	0	0	1	515	1	515	0.0	1061
18P3R3A11_02175	38P2R3A13_06089	96.505	515	18	0	1	515	1	515	0.0	1028
18P3R3A11_02176	18P3R3A11_02176	100.000	428	0	0	1	428	1	428	0.0	850
18P3R3A11_02177	18P3R3A11_02177	100.000	311	0	0	1	311	1	311	0.0	641
18P3R3A11_02178	18P3R3A11_02178	100.000	380	0	0	1	380	1	380	0.0	785
18P3R3A11_02179	18P3R3A11_02179	100.000	305	0	0	1	305	1	305	0.0	631
18P3R3A11_02179	38P2R3A13_04001	96.721	305	10	0	1	305	1	305	0.0	610
18P3R3A11_02180	18P3R3A11_02180	100.000	343	0	0	1	343	1	343	0.0	707
18P3R3A11_02180	10P3R2A13_03158	95.894	341	14	0	1	341	1	341	0.0	682
18P3R3A11_02180	51P2R2A10_04115	95.894	341	14	0	1	341	1	341	0.0	681
18P3R3A11_02180	43P2R2A2_03835	96.113	283	11	0	59	341	1	283	0.0	565
18P3R3A11_02181	18P3R3A11_02181	100.000	399	0	0	1	399	1	399	0.0	817
18P3R3A11_02182	18P3R3A11_02182	100.000	311	0	0	1	311	1	311	0.0	642
18P3R3A11_02182	42P1R1A12_00286	97.735	309	7	0	1	309	1	309	0.0	634
18P3R3A11_02182	10P3R2A13_03161	96.785	311	10	0	1	311	1	311	0.0	625
18P3R3A11_02182	25P2R1A13_02936	96.764	309	10	0	1	309	1	309	0.0	625
18P3R3A11_02182	34P3R2A10_04777	96.413	223	8	0	89	311	1	223	7.84e-162	449
18P3R3A11_02182	34P3R2A10_04708	96.380	221	8	0	89	309	1	221	1.72e-161	449
18P3R3A11_02183	18P3R3A11_02183	100.000	349	0	0	1	349	1	349	0.0	719
18P3R3A11_02183	56P2R2A4_03426	97.994	349	7	0	1	349	1	349	0.0	707
18P3R3A11_02183	38P2R3A13_06097	96.119	335	13	0	1	335	1	335	0.0	678
18P3R3A11_02184	18P3R3A11_02184	100.000	328	0	0	1	328	1	328	0.0	674
18P3R3A11_02184	56P2R2A4_03425	96.646	328	11	0	1	328	1	328	0.0	652
18P3R3A11_02184	38P2R3A13_04682	96.341	328	12	0	1	328	1	328	0.0	649
18P3R3A11_02185	18P3R3A11_02185	100.000	370	0	0	1	370	1	370	0.0	771
18P3R3A11_02186	18P3R3A11_02186	100.000	303	0	0	1	303	1	303	0.0	629
18P3R3A11_02186	37P2R3-2A1_03286	95.380	303	14	0	1	303	1	303	0.0	600
18P3R3A11_02187	18P3R3A11_02187	100.000	404	0	0	1	404	1	404	0.0	803
18P3R3A11_02188	18P3R3A11_02188	100.000	319	0	0	1	319	1	319	0.0	673
18P3R3A11_02189	18P3R3A11_02189	100.000	356	0	0	1	356	1	356	0.0	735
18P3R3A11_02190	18P3R3A11_02190	100.000	376	0	0	1	376	1	376	0.0	780
18P3R3A11_02191	18P3R3A11_02191	100.000	366	0	0	1	366	1	366	0.0	760
18P3R3A11_02192	18P3R3A11_02192	100.000	330	0	0	1	330	1	330	0.0	692
18P3R3A11_02193	18P3R3A11_02193	100.000	425	0	0	1	425	1	425	0.0	866
18P3R3A11_02193	38P2R3A13_04673	97.882	425	9	0	1	425	1	425	0.0	851
18P3R3A11_02194	18P3R3A11_02194	100.000	257	0	0	1	257	1	257	0.0	533
18P3R3A11_02194	38P2R3A13_04672	96.498	257	9	0	1	257	1	257	0.0	521
18P3R3A11_02195	18P3R3A11_02195	100.000	160	0	0	1	160	1	160	2.77e-118	330
18P3R3A11_02195	56P2R2A4_03414	97.500	160	4	0	1	160	1	160	2.67e-115	323
18P3R3A11_02195	38P2R3A13_06109	96.875	160	5	0	1	160	1	160	3.36e-115	322
18P3R3A11_02196	18P3R3A11_02196	100.000	270	0	0	1	270	1	270	0.0	555
18P3R3A11_02196	38P2R3A13_06110	97.407	270	7	0	1	270	1	270	0.0	545
18P3R3A11_02199	18P3R3A11_02199	100.000	222	0	0	1	222	1	222	1.46e-164	452
18P3R3A11_02200	18P3R3A11_02200	100.000	405	0	0	1	405	1	405	0.0	827
18P3R3A11_02200	38P2R3A13_04666	97.778	405	9	0	1	405	1	405	0.0	811
18P3R3A11_02200	47P2R3A6_03674	97.037	405	12	0	1	405	1	405	0.0	806
18P3R3A11_02201	18P3R3A11_02201	100.000	153	0	0	1	153	1	153	3.07e-110	309
18P3R3A11_02201	31P2R1A5_02478	96.078	153	6	0	1	153	1	153	2.74e-106	300
18P3R3A11_02201	42P1R1A12_00305	95.425	153	7	0	1	153	1	153	3.85e-106	299
18P3R3A11_02202	18P3R3A11_02202	100.000	199	0	0	1	199	1	199	2.07e-144	399
18P3R3A11_02202	10P3R2A13_03180	97.990	199	4	0	1	199	1	199	2.27e-142	394
18P3R3A11_02202	31P2R1A5_02477	97.487	199	5	0	1	199	1	199	5.40e-142	394
18P3R3A11_02202	47P2R3A6_03676	97.990	199	4	0	1	199	1	199	6.37e-142	393
18P3R3A11_02202	42P1R1A12_00306	96.067	178	7	0	22	199	1	178	8.03e-125	349
18P3R3A11_02202	38P2R3A13_08574	96.471	85	3	0	115	199	1	85	9.91e-56	171
18P3R3A11_02202	34P3R2A10_04006	96.364	55	2	0	145	199	1	55	5.04e-34	115
18P3R3A11_02203	18P3R3A11_02203	100.000	214	0	0	1	214	1	214	1.87e-158	436
18P3R3A11_02203	38P2R3A13_08575	97.664	214	5	0	1	214	1	214	5.64e-155	427
18P3R3A11_02204	18P3R3A11_02204	100.000	239	0	0	1	239	1	239	2.70e-176	483
18P3R3A11_02204	31P2R1A5_02475	96.234	239	9	0	1	239	1	239	2.74e-172	473
18P3R3A11_02205	18P3R3A11_02205	100.000	288	0	0	1	288	1	288	0.0	580
18P3R3A11_02205	47P2R3A6_03679	96.181	288	11	0	1	288	1	288	0.0	561
18P3R3A11_02205	38P2R3A13_08286	95.618	251	11	0	38	288	1	251	1.43e-174	482
18P3R3A11_02206	18P3R3A11_02206	100.000	206	0	0	1	206	1	206	3.95e-145	402
18P3R3A11_02207	18P3R3A11_02207	100.000	557	0	0	1	557	1	557	0.0	1134
18P3R3A11_02207	37P2R3-2A1_03307	97.846	557	12	0	1	557	1	557	0.0	1117
18P3R3A11_02208	18P3R3A11_02208	100.000	208	0	0	1	208	1	208	5.22e-155	427
18P3R3A11_02210	18P3R3A11_02210	100.000	705	0	0	1	705	1	705	0.0	1464
18P3R3A11_02210	31P2R1A5_02462	97.030	707	19	1	1	705	1	707	0.0	1423
18P3R3A11_02210	42P1R1A12_00315	97.030	707	19	1	1	705	1	707	0.0	1420
18P3R3A11_02210	10P3R2A13_03189	96.879	705	20	2	1	705	1	703	0.0	1417
18P3R3A11_02210	15P1R1A16_01059	96.754	647	19	2	59	705	1	645	0.0	1299
18P3R3A11_02210	43P2R2A2_02465	95.376	346	15	1	360	705	1	345	0.0	686
18P3R3A11_02210	38P2R3A13_07081	98.233	283	5	0	423	705	1	283	0.0	579
18P3R3A11_02211	18P3R3A11_02211	100.000	219	0	0	1	219	1	219	1.74e-165	454
18P3R3A11_02212	18P3R3A11_02212	100.000	694	0	0	1	694	1	694	0.0	1415
18P3R3A11_02213	18P3R3A11_02213	100.000	401	0	0	1	401	1	401	0.0	790
18P3R3A11_02213	38P2R3A13_07084	97.506	401	10	0	1	401	1	401	0.0	775
18P3R3A11_02213	34P3R2A10_04845	97.727	44	1	0	357	400	1	44	2.34e-22	89.4
18P3R3A11_02214	18P3R3A11_02214	100.000	464	0	0	1	464	1	464	0.0	917
18P3R3A11_02215	18P3R3A11_02215	100.000	563	0	0	1	563	1	563	0.0	1127
18P3R3A11_02216	18P3R3A11_02216	100.000	773	0	0	1	773	1	773	0.0	1609
18P3R3A11_02216	37P2R3-2A1_03316	97.409	772	20	0	1	772	1	772	0.0	1578
18P3R3A11_02216	38P2R3A13_04650	97.025	773	23	0	1	773	1	773	0.0	1569
18P3R3A11_02216	56P2R2A4_03393	96.268	777	25	1	1	773	1	777	0.0	1566
18P3R3A11_02217	18P3R3A11_02217	100.000	464	0	0	1	464	1	464	0.0	945
18P3R3A11_02217	38P2R3A13_07088	98.398	437	7	0	28	464	1	437	0.0	880
18P3R3A11_02219	18P3R3A11_02219	100.000	399	0	0	1	399	1	399	0.0	832
18P3R3A11_02219	10P3R2A13_03199	95.855	386	16	0	1	386	1	386	0.0	775
18P3R3A11_02220	18P3R3A11_02220	100.000	319	0	0	1	319	1	319	0.0	654
18P3R3A11_02221	18P3R3A11_02221	100.000	188	0	0	1	188	1	188	2.36e-139	386
18P3R3A11_02221	29P3R3A9_01357	97.872	188	4	0	1	188	1	188	1.36e-135	376
18P3R3A11_02222	18P3R3A11_02222	100.000	73	0	0	1	73	1	73	1.04e-49	150
18P3R3A11_02223	18P3R3A11_02223	100.000	248	0	0	1	248	1	248	0.0	508
18P3R3A11_02224	18P3R3A11_02224	100.000	89	0	0	1	89	1	89	1.15e-62	184
18P3R3A11_02224	44P3R3A6_04270	95.506	89	4	0	1	89	1	89	1.02e-51	156
18P3R3A11_02225	18P3R3A11_02225	100.000	186	0	0	1	186	1	186	2.36e-135	375
18P3R3A11_02226	18P3R3A11_02226	100.000	76	0	0	1	76	1	76	4.87e-52	156
18P3R3A11_02227	18P3R3A11_02227	100.000	107	0	0	1	107	1	107	4.40e-75	217
18P3R3A11_02228	18P3R3A11_02228	100.000	778	0	0	1	778	1	778	0.0	1613
18P3R3A11_02229	18P3R3A11_02229	100.000	229	0	0	1	229	1	229	1.63e-172	473
18P3R3A11_02230	18P3R3A11_02230	100.000	278	0	0	1	278	1	278	0.0	562
18P3R3A11_02231	18P3R3A11_02231	100.000	331	0	0	1	331	1	331	0.0	650
18P3R3A11_02231	37P2R3-2A1_01404	96.375	331	12	0	1	331	430	760	0.0	640
18P3R3A11_02232	18P3R3A11_02232	100.000	285	0	0	1	285	1	285	0.0	590
18P3R3A11_02233	18P3R3A11_02233	100.000	305	0	0	1	305	1	305	0.0	616
18P3R3A11_02234	18P3R3A11_02234	100.000	151	0	0	1	151	1	151	7.48e-105	296
18P3R3A11_02235	18P3R3A11_02235	100.000	137	0	0	1	137	1	137	7.39e-100	282
18P3R3A11_02235	56P2R2A4_00846	97.080	137	4	0	1	137	1	137	6.68e-97	275
18P3R3A11_02236	18P3R3A11_02236	100.000	833	0	0	1	833	1	833	0.0	1681
18P3R3A11_02237	18P3R3A11_02237	100.000	265	0	0	1	265	1	265	0.0	530
18P3R3A11_02238	18P3R3A11_02238	100.000	160	0	0	1	160	1	160	8.63e-115	322
18P3R3A11_02239	18P3R3A11_02239	100.000	551	0	0	1	551	1	551	0.0	1140
18P3R3A11_02239	38P2R3A13_07618	96.915	551	17	0	1	551	1	551	0.0	1113
18P3R3A11_02240	18P3R3A11_02240	100.000	407	0	0	1	407	1	407	0.0	801
18P3R3A11_02240	38P2R3A13_07619	96.314	407	11	1	1	407	1	403	0.0	771
18P3R3A11_02241	18P3R3A11_02241	100.000	559	0	0	1	559	1	559	0.0	1099
18P3R3A11_02241	38P2R3A13_07620	95.528	559	25	0	1	559	1	559	0.0	1012
18P3R3A11_02242	18P3R3A11_02242	100.000	449	0	0	1	449	1	449	0.0	939
18P3R3A11_02242	38P2R3A13_01187	98.391	435	7	0	15	449	1	435	0.0	896
18P3R3A11_02243	18P3R3A11_02243	100.000	321	0	0	1	321	1	321	0.0	659
18P3R3A11_02243	38P2R3A13_01188	96.573	321	11	0	1	321	1	321	0.0	637
18P3R3A11_02244	18P3R3A11_02244	100.000	215	0	0	1	215	1	215	1.68e-157	434
18P3R3A11_02244	42P1R1A12_00719	97.209	215	6	0	1	215	1	215	2.15e-153	424
18P3R3A11_02244	10P3R2A13_01154	95.814	215	9	0	1	215	1	215	9.18e-152	419
18P3R3A11_02244	38P2R3A13_07623	99.487	195	1	0	21	215	1	195	2.46e-141	392
18P3R3A11_02245	18P3R3A11_02245	100.000	625	0	0	1	625	1	625	0.0	1283
18P3R3A11_02245	47P2R3A6_03488	97.920	625	13	0	1	625	1	625	0.0	1262
18P3R3A11_02246	18P3R3A11_02246	100.000	202	0	0	1	202	1	202	3.32e-150	414
18P3R3A11_02246	31P2R1A5_03338	95.545	202	9	0	1	202	1	202	1.15e-144	400
18P3R3A11_02246	42P1R1A12_00721	95.050	202	10	0	1	202	1	202	6.34e-144	399
18P3R3A11_02246	10P3R2A13_01152	95.050	202	10	0	1	202	1	202	1.34e-142	395
18P3R3A11_02246	38P2R3A13_08557	99.383	162	1	0	41	202	1	162	1.10e-118	333
18P3R3A11_02247	18P3R3A11_02247	100.000	111	0	0	1	111	1	111	1.29e-77	224
18P3R3A11_02247	31P2R1A5_03337	95.495	111	5	0	1	111	1	111	2.28e-74	215
18P3R3A11_02249	18P3R3A11_02249	100.000	184	0	0	1	184	1	184	1.04e-131	366
18P3R3A11_02249	10P3R2A13_01149	95.109	184	9	0	1	184	1	184	1.01e-125	351
18P3R3A11_02250	18P3R3A11_02250	100.000	126	0	0	1	126	1	126	2.12e-86	247
18P3R3A11_02250	38P2R3A13_01195	96.825	126	4	0	1	126	1	126	9.27e-84	240
18P3R3A11_02250	38P2R3A13_08699	96.825	126	4	0	1	126	1	126	1.26e-83	240
18P3R3A11_02251	18P3R3A11_02251	100.000	176	0	0	1	176	1	176	6.29e-124	346
18P3R3A11_02251	37P2R3-2A1_01384	97.727	176	4	0	1	176	1	176	4.04e-120	336
18P3R3A11_02252	18P3R3A11_02252	100.000	62	0	0	1	62	1	62	8.84e-40	124
18P3R3A11_02253	18P3R3A11_02253	100.000	1116	0	0	1	1116	1	1116	0.0	2259
18P3R3A11_02254	18P3R3A11_02254	100.000	218	0	0	1	218	1	218	9.43e-163	447
18P3R3A11_02255	18P3R3A11_02255	100.000	398	0	0	1	398	1	398	0.0	793
18P3R3A11_02255	38P2R3A13_07413	95.729	398	17	0	1	398	1	398	0.0	746
18P3R3A11_02255	38P2R3A13_01200	95.226	398	19	0	1	398	1	398	0.0	714
18P3R3A11_02256	18P3R3A11_02256	100.000	1049	0	0	1	1049	1	1049	0.0	2134
18P3R3A11_02257	18P3R3A11_02257	100.000	125	0	0	1	125	1	125	2.61e-91	259
18P3R3A11_02257	38P2R3A13_06780	99.048	105	1	0	21	125	1	105	1.09e-74	217
18P3R3A11_02258	18P3R3A11_02258	100.000	73	0	0	1	73	1	73	2.11e-49	149
18P3R3A11_02258	31P2R1A5_03325	95.890	73	3	0	1	73	1	73	3.36e-48	146
18P3R3A11_02258	38P2R3A13_06781	95.890	73	3	0	1	73	1	73	3.67e-48	146
18P3R3A11_02258	15P1R1A16_03602	95.082	61	3	0	13	73	1	61	4.73e-39	123
18P3R3A11_02259	18P3R3A11_02259	100.000	184	0	0	1	184	1	184	3.09e-137	380
18P3R3A11_02260	18P3R3A11_02260	100.000	156	0	0	1	156	1	156	1.30e-114	321
18P3R3A11_02262	18P3R3A11_02262	100.000	237	0	0	1	237	1	237	1.56e-180	494
18P3R3A11_02263	18P3R3A11_02263	100.000	87	0	0	1	87	1	87	2.85e-60	178
18P3R3A11_02264	18P3R3A11_02264	100.000	522	0	0	1	522	1	522	0.0	1067
18P3R3A11_02265	18P3R3A11_02265	100.000	91	0	0	1	91	1	91	3.78e-62	183
18P3R3A11_02265	37P2R3-2A1_01370	97.802	91	2	0	1	91	1	91	3.15e-61	181
18P3R3A11_02265	38P2R3A13_01210	95.604	91	4	0	1	91	1	91	5.41e-60	177
18P3R3A11_02267	18P3R3A11_02267	100.000	1031	0	0	1	1031	1	1031	0.0	2141
18P3R3A11_02268	18P3R3A11_02268	100.000	357	0	0	1	357	1	357	0.0	716
18P3R3A11_02269	18P3R3A11_02269	100.000	204	0	0	1	204	1	204	4.14e-142	394
18P3R3A11_02270	18P3R3A11_02270	100.000	474	0	0	1	474	1	474	0.0	947
18P3R3A11_02271	18P3R3A11_02271	100.000	72	0	0	1	72	1	72	2.11e-50	152
18P3R3A11_02272	18P3R3A11_02272	100.000	84	0	0	1	84	1	84	1.45e-54	163
18P3R3A11_02272	38P2R3A13_06796	97.619	84	2	0	1	84	1	84	5.96e-54	162
18P3R3A11_02273	18P3R3A11_02273	100.000	104	0	0	1	104	1	104	1.15e-71	208
18P3R3A11_02273	38P2R3A13_01218	96.154	104	4	0	1	104	1	104	2.07e-69	202
18P3R3A11_02274	18P3R3A11_02274	100.000	176	0	0	1	176	1	176	4.15e-123	344
18P3R3A11_02275	18P3R3A11_02275	100.000	287	0	0	1	287	1	287	0.0	595
18P3R3A11_02275	38P2R3A13_01220	97.909	287	6	0	1	287	1	287	0.0	582
18P3R3A11_02275	38P2R3A13_06709	97.213	287	8	0	1	287	1	287	0.0	581
18P3R3A11_02277	18P3R3A11_02277	100.000	113	0	0	1	113	1	113	3.76e-77	223
18P3R3A11_02277	10P3R2A13_01131	95.575	113	5	0	1	113	1	113	3.66e-75	218
18P3R3A11_02278	18P3R3A11_02278	100.000	594	0	0	1	594	1	594	0.0	1196
18P3R3A11_02279	18P3R3A11_02279	100.000	585	0	0	1	585	1	585	0.0	1191
18P3R3A11_02280	18P3R3A11_02280	100.000	153	0	0	1	153	1	153	4.73e-112	314
18P3R3A11_02280	38P2R3A13_06714	97.386	153	4	0	1	153	1	153	1.68e-109	308
18P3R3A11_02281	18P3R3A11_02281	100.000	349	0	0	1	349	1	349	0.0	729
18P3R3A11_02281	38P2R3A13_01226	97.421	349	9	0	1	349	2	350	0.0	711
18P3R3A11_02281	38P2R3A13_06715	95.702	349	15	0	1	349	1	349	0.0	705
18P3R3A11_02282	18P3R3A11_02282	100.000	273	0	0	1	273	1	273	0.0	559
18P3R3A11_02282	38P2R3A13_01227	97.802	273	6	0	1	273	1	273	0.0	547
18P3R3A11_02282	38P2R3A13_06716	95.971	273	11	0	1	273	1	273	0.0	539
18P3R3A11_02283	18P3R3A11_02283	100.000	567	0	0	1	567	1	567	0.0	1160
18P3R3A11_02284	18P3R3A11_02284	100.000	232	0	0	1	232	1	232	3.86e-176	483
18P3R3A11_02284	38P2R3A13_06718	97.414	232	6	0	1	232	1	232	1.03e-172	474
18P3R3A11_02285	18P3R3A11_02285	100.000	110	0	0	1	110	1	110	2.56e-77	223
18P3R3A11_02286	18P3R3A11_02286	100.000	122	0	0	1	122	1	122	1.20e-85	245
18P3R3A11_02287	18P3R3A11_02287	100.000	133	0	0	1	133	1	133	4.80e-96	272
18P3R3A11_02288	18P3R3A11_02288	100.000	127	0	0	1	127	1	127	9.55e-89	253
18P3R3A11_02289	18P3R3A11_02289	100.000	624	0	0	1	624	1	624	0.0	1258
18P3R3A11_02289	38P2R3A13_01234	97.917	624	13	0	1	624	1	624	0.0	1233
18P3R3A11_02289	38P2R3A13_06721	95.192	624	30	0	1	624	1	624	0.0	1208
18P3R3A11_02290	18P3R3A11_02290	100.000	91	0	0	1	91	1	91	1.64e-58	174
18P3R3A11_02290	10P3R2A13_01121	95.604	91	4	0	1	91	1	91	8.78e-56	167
18P3R3A11_02291	18P3R3A11_02291	100.000	785	0	0	1	785	1	785	0.0	1600
18P3R3A11_02291	10P3R2A13_01120	97.452	785	20	0	1	785	1	785	0.0	1563
18P3R3A11_02291	31P2R1A5_03285	96.943	785	24	0	1	785	19	803	0.0	1554
18P3R3A11_02291	38P2R3A13_08495	99.191	742	6	0	44	785	1	742	0.0	1502
18P3R3A11_02291	34P3R2A10_01062	97.323	523	14	0	263	785	1	523	0.0	1045
18P3R3A11_02292	18P3R3A11_02292	100.000	425	0	0	1	425	1	425	0.0	862
18P3R3A11_02292	10P3R2A13_01119	97.176	425	12	0	1	425	1	425	0.0	840
18P3R3A11_02292	43P2R2A2_03360	96.127	284	11	0	142	425	1	284	0.0	548
18P3R3A11_02294	18P3R3A11_02294	100.000	433	0	0	1	433	1	433	0.0	865
18P3R3A11_02295	18P3R3A11_02295	100.000	105	0	0	1	105	1	105	4.62e-75	217
18P3R3A11_02296	18P3R3A11_02296	100.000	193	0	0	1	193	1	193	1.59e-141	392
18P3R3A11_02297	18P3R3A11_02297	100.000	492	0	0	1	492	1	492	0.0	976
18P3R3A11_02297	38P2R3A13_01242	96.545	492	17	0	1	492	1	492	0.0	949
18P3R3A11_02297	38P2R3A13_08351	95.732	492	21	0	1	492	3	494	0.0	892
18P3R3A11_02298	18P3R3A11_02298	100.000	316	0	0	1	316	1	316	0.0	654
18P3R3A11_02299	18P3R3A11_02299	100.000	664	0	0	1	664	1	664	0.0	1342
18P3R3A11_02300	18P3R3A11_02300	100.000	206	0	0	1	206	1	206	1.46e-151	418
18P3R3A11_02300	31P2R1A5_03276	96.117	206	6	2	1	206	1	204	4.54e-142	394
18P3R3A11_02300	47P2R3A6_03434	98.256	172	3	0	35	206	1	172	1.06e-122	344
18P3R3A11_02300	38P2R3A13_08648	97.419	155	4	0	52	206	1	155	4.76e-108	306
18P3R3A11_02301	18P3R3A11_02301	100.000	109	0	0	1	109	1	109	1.40e-73	213
18P3R3A11_02302	18P3R3A11_02302	100.000	296	0	0	1	296	1	296	0.0	589
18P3R3A11_02302	38P2R3A13_07145	99.194	124	1	0	173	296	1	124	2.42e-83	246
18P3R3A11_02303	18P3R3A11_02303	100.000	454	0	0	1	454	1	454	0.0	903
18P3R3A11_02303	38P2R3A13_01248	96.476	454	16	0	1	454	1	454	0.0	885
18P3R3A11_02303	38P2R3A13_07146	95.374	454	21	0	1	454	1	454	0.0	880
18P3R3A11_02304	18P3R3A11_02304	100.000	164	0	0	1	164	1	164	1.18e-115	324
18P3R3A11_02304	38P2R3A13_01249	97.561	164	4	0	1	164	1	164	3.47e-113	318
18P3R3A11_02304	38P2R3A13_07147	96.951	164	5	0	1	164	1	164	1.37e-112	316
18P3R3A11_02304	54P2R2A3_02062	95.732	164	7	0	1	164	1	164	1.20e-111	314
18P3R3A11_02304	31P2R1A5_03263	95.732	164	7	0	1	164	62	225	4.69e-111	315
18P3R3A11_02305	18P3R3A11_02305	100.000	304	0	0	1	304	1	304	0.0	624
18P3R3A11_02306	18P3R3A11_02306	100.000	198	0	0	1	198	1	198	8.15e-145	400
18P3R3A11_02306	38P2R3A13_07149	95.408	196	9	0	1	196	1	196	2.76e-136	379
18P3R3A11_02307	18P3R3A11_02307	100.000	483	0	0	1	483	1	483	0.0	986
18P3R3A11_02307	38P2R3A13_07150	97.308	483	13	0	1	483	1	483	0.0	965
18P3R3A11_02307	38P2R3A13_01252	97.308	483	13	0	1	483	1	483	0.0	962
18P3R3A11_02308	18P3R3A11_02308	100.000	42	0	0	1	42	1	42	2.49e-26	89.4
18P3R3A11_02309	18P3R3A11_02309	100.000	81	0	0	1	81	1	81	3.08e-53	160
18P3R3A11_02309	38P2R3A13_01253	97.531	81	2	0	1	81	1	81	1.45e-51	155
18P3R3A11_02310	18P3R3A11_02310	100.000	300	0	0	1	300	1	300	0.0	598
18P3R3A11_02310	38P2R3A13_01254	97.333	300	8	0	1	300	1	300	0.0	587
18P3R3A11_02310	47P2R3A6_03425	97.667	300	7	0	1	300	1	300	0.0	585
18P3R3A11_02311	18P3R3A11_02311	100.000	621	0	0	1	621	1	621	0.0	1279
18P3R3A11_02311	38P2R3A13_01255	98.061	619	12	0	1	619	1	619	0.0	1261
18P3R3A11_02312	18P3R3A11_02312	100.000	325	0	0	1	325	1	325	0.0	668
18P3R3A11_02312	38P2R3A13_01256	96.615	325	11	0	1	325	1	325	0.0	647
18P3R3A11_02313	18P3R3A11_02313	100.000	324	0	0	1	324	1	324	0.0	653
18P3R3A11_02313	38P2R3A13_01257	97.222	324	9	0	1	324	1	324	0.0	637
18P3R3A11_02313	38P2R3A13_07155	96.914	324	10	0	1	324	1	324	0.0	632
18P3R3A11_02314	18P3R3A11_02314	100.000	140	0	0	1	140	1	140	4.49e-100	283
18P3R3A11_02314	31P2R1A5_03252	96.429	140	5	0	1	140	1	140	9.35e-96	272
18P3R3A11_02314	42P1R1A12_00810	95.714	140	6	0	1	140	1	140	1.19e-89	256
18P3R3A11_02314	38P2R3A13_07156	100.000	75	0	0	66	140	1	75	8.16e-49	151
18P3R3A11_02316	18P3R3A11_02316	100.000	368	0	0	1	368	1	368	0.0	755
18P3R3A11_02316	38P2R3A13_01260	96.739	368	12	0	1	368	1	368	0.0	737
18P3R3A11_02317	18P3R3A11_02317	100.000	150	0	0	1	150	1	150	2.25e-108	305
18P3R3A11_02317	51P2R2A10_03217	96.667	150	5	0	1	150	1	150	3.71e-105	296
18P3R3A11_02317	31P2R1A5_03249	96.000	150	6	0	1	150	1	150	5.40e-104	293
18P3R3A11_02318	18P3R3A11_02318	100.000	180	0	0	1	180	1	180	5.98e-132	367
18P3R3A11_02318	37P2R3-2A1_01317	97.778	180	4	0	1	180	1	180	2.88e-129	360
18P3R3A11_02319	18P3R3A11_02319	100.000	297	0	0	1	297	1	297	0.0	607
18P3R3A11_02320	18P3R3A11_02320	100.000	227	0	0	1	227	1	227	2.97e-166	457
18P3R3A11_02321	18P3R3A11_02321	100.000	122	0	0	1	122	1	122	3.64e-88	251
18P3R3A11_02322	18P3R3A11_02322	100.000	324	0	0	1	324	1	324	0.0	654
18P3R3A11_02322	38P2R3A13_01266	97.840	324	7	0	1	324	1	324	0.0	643
18P3R3A11_02322	47P2R3A6_03413	95.062	324	16	0	1	324	1	324	0.0	611
18P3R3A11_02322	38P2R3A13_08048	96.610	177	6	0	148	324	1	177	3.66e-118	338
18P3R3A11_02322	34P3R2A10_02822	97.368	152	4	0	173	324	1	152	1.95e-102	297
18P3R3A11_02323	18P3R3A11_02323	100.000	605	0	0	1	605	1	605	0.0	1213
18P3R3A11_02323	56P2R2A4_00761	97.686	605	14	0	1	605	1	605	0.0	1192
18P3R3A11_02324	18P3R3A11_02324	100.000	111	0	0	1	111	1	111	1.68e-77	223
18P3R3A11_02324	10P3R2A13_01085	97.297	111	3	0	1	111	1	111	3.93e-75	217
18P3R3A11_02324	51P2R2A10_03225	97.297	111	3	0	1	111	1	111	8.77e-75	216
18P3R3A11_02325	18P3R3A11_02325	100.000	376	0	0	1	376	1	376	0.0	780
18P3R3A11_02325	44P3R3A6_03372	97.872	376	8	0	1	376	1	376	0.0	766
18P3R3A11_02325	10P3R2A13_01084	97.074	376	11	0	1	376	1	376	0.0	758
18P3R3A11_02326	18P3R3A11_02326	100.000	357	0	0	1	357	1	357	0.0	729
18P3R3A11_02326	38P2R3A13_08533	97.759	357	8	0	1	357	1	357	0.0	716
18P3R3A11_02326	38P2R3A13_01270	97.759	357	8	0	1	357	1	357	0.0	714
18P3R3A11_02326	51P2R2A10_03227	96.359	357	13	0	1	357	1	357	0.0	705
18P3R3A11_02327	18P3R3A11_02327	100.000	194	0	0	1	194	1	194	9.22e-144	397
18P3R3A11_02327	38P2R3A13_01271	95.876	194	8	0	1	194	1	194	1.03e-128	359
18P3R3A11_02328	18P3R3A11_02328	100.000	201	0	0	1	201	1	201	9.00e-151	416
18P3R3A11_02328	38P2R3A13_08037	100.000	48	0	0	154	201	1	48	7.28e-29	102
18P3R3A11_02329	18P3R3A11_02329	100.000	462	0	0	1	462	1	462	0.0	937
18P3R3A11_02329	37P2R3-2A1_01306	95.887	462	19	0	1	462	1	462	0.0	901
18P3R3A11_02330	18P3R3A11_02330	100.000	874	0	0	1	874	1	874	0.0	1682
18P3R3A11_02330	56P2R2A4_00754	95.195	874	40	1	1	874	1	872	0.0	1510
18P3R3A11_02330	37P2R3-2A1_01305	96.224	874	31	1	1	874	1	872	0.0	1483
18P3R3A11_02331	18P3R3A11_02331	100.000	606	0	0	1	606	1	606	0.0	1261
18P3R3A11_02331	38P2R3A13_01275	96.865	606	19	0	1	606	1	606	0.0	1231
18P3R3A11_02332	18P3R3A11_02332	100.000	458	0	0	1	458	1	458	0.0	913
18P3R3A11_02332	38P2R3A13_08438	96.943	458	14	0	1	458	1	458	0.0	892
18P3R3A11_02333	18P3R3A11_02333	100.000	440	0	0	1	440	1	440	0.0	865
18P3R3A11_02333	38P2R3A13_08437	98.754	321	4	0	120	440	1	321	0.0	626
18P3R3A11_02334	18P3R3A11_02334	100.000	432	0	0	1	432	1	432	0.0	885
18P3R3A11_02334	38P2R3A13_01278	95.602	432	19	0	1	432	1	432	0.0	853
18P3R3A11_02334	38P2R3A13_07716	95.602	432	19	0	1	432	1	432	0.0	851
18P3R3A11_02335	18P3R3A11_02335	100.000	230	0	0	1	230	1	230	6.71e-172	472
18P3R3A11_02335	31P2R1A5_03224	96.957	230	7	0	1	230	1	230	7.99e-166	456
18P3R3A11_02335	10P3R2A13_01077	96.522	230	8	0	1	230	1	230	9.32e-166	456
18P3R3A11_02336	18P3R3A11_02336	100.000	402	0	0	1	402	1	402	0.0	827
18P3R3A11_02336	37P2R3-2A1_01299	97.264	402	11	0	1	402	1	402	0.0	802
18P3R3A11_02337	18P3R3A11_02337	100.000	1044	0	0	1	1044	1	1044	0.0	2095
18P3R3A11_02338	18P3R3A11_02338	100.000	302	0	0	1	302	1	302	0.0	620
18P3R3A11_02338	38P2R3A13_01282	96.689	302	10	0	1	302	1	302	0.0	602
18P3R3A11_02338	38P2R3A13_07712	95.667	300	13	0	1	300	1	300	0.0	593
18P3R3A11_02339	18P3R3A11_02339	100.000	305	0	0	1	305	1	305	0.0	620
18P3R3A11_02340	18P3R3A11_02340	100.000	96	0	0	1	96	1	96	8.39e-67	195
18P3R3A11_02340	38P2R3A13_06327	95.833	96	4	0	1	96	1	96	8.44e-65	190
18P3R3A11_02341	18P3R3A11_02341	100.000	226	0	0	1	226	1	226	1.14e-161	446
18P3R3A11_02342	18P3R3A11_02342	100.000	64	0	0	1	64	1	64	7.00e-42	130
18P3R3A11_02342	38P2R3A13_01286	95.312	64	3	0	1	64	1	64	5.31e-40	125
18P3R3A11_02342	38P2R3A13_06329	95.312	64	3	0	1	64	1	64	6.91e-40	125
18P3R3A11_02343	18P3R3A11_02343	100.000	175	0	0	1	175	1	175	1.83e-126	352
18P3R3A11_02344	18P3R3A11_02344	100.000	153	0	0	1	153	1	153	9.19e-110	308
18P3R3A11_02344	38P2R3A13_06331	96.078	153	6	0	1	153	1	153	3.65e-106	299
18P3R3A11_02345	18P3R3A11_02345	100.000	270	0	0	1	270	1	270	0.0	547
18P3R3A11_02345	38P2R3A13_01289	95.926	270	11	0	1	270	1	270	0.0	532
18P3R3A11_02345	38P2R3A13_06332	95.185	270	13	0	1	270	1	270	0.0	528
18P3R3A11_02346	18P3R3A11_02346	100.000	368	0	0	1	368	1	368	0.0	755
18P3R3A11_02347	18P3R3A11_02347	100.000	107	0	0	1	107	1	107	3.16e-75	217
18P3R3A11_02348	18P3R3A11_02348	100.000	472	0	0	1	472	1	472	0.0	971
18P3R3A11_02349	18P3R3A11_02349	100.000	87	0	0	1	87	1	87	1.38e-56	169
18P3R3A11_02350	18P3R3A11_02350	100.000	405	0	0	1	405	1	405	0.0	789
18P3R3A11_02350	38P2R3A13_01294	96.049	405	16	0	1	405	1	405	0.0	771
18P3R3A11_02350	47P2R3A6_03384	95.802	405	17	0	1	405	49	453	0.0	770
18P3R3A11_02351	18P3R3A11_02351	100.000	237	0	0	1	237	1	237	5.66e-178	488
18P3R3A11_02351	37P2R3-2A1_01284	97.468	237	6	0	1	237	1	237	4.05e-174	478
18P3R3A11_02352	18P3R3A11_02352	100.000	367	0	0	1	367	1	367	0.0	749
18P3R3A11_02352	38P2R3A13_01297	98.571	70	1	0	298	367	1	70	6.94e-43	143
18P3R3A11_02353	18P3R3A11_02353	100.000	79	0	0	1	79	1	79	1.14e-52	158
18P3R3A11_02353	56P2R2A4_00731	95.833	72	3	0	1	72	1	72	1.99e-46	142
18P3R3A11_02354	18P3R3A11_02354	100.000	101	0	0	1	101	1	101	3.91e-70	204
18P3R3A11_02355	18P3R3A11_02355	100.000	366	0	0	1	366	1	366	0.0	758
18P3R3A11_02356	18P3R3A11_02356	100.000	407	0	0	1	407	1	407	0.0	827
18P3R3A11_02356	38P2R3A13_06343	96.806	407	13	0	1	407	1	407	0.0	809
18P3R3A11_02357	18P3R3A11_02357	100.000	178	0	0	1	178	1	178	3.80e-134	372
18P3R3A11_02358	18P3R3A11_02358	100.000	387	0	0	1	387	1	387	0.0	796
18P3R3A11_02358	38P2R3A13_06345	95.325	385	18	0	1	385	1	385	0.0	765
18P3R3A11_02359	18P3R3A11_02359	100.000	211	0	0	1	211	1	211	1.19e-159	439
18P3R3A11_02360	18P3R3A11_02360	100.000	925	0	0	1	925	1	925	0.0	1845
18P3R3A11_02361	18P3R3A11_02361	100.000	325	0	0	1	325	1	325	0.0	665
18P3R3A11_02362	18P3R3A11_02362	100.000	567	0	0	1	567	1	567	0.0	1164
18P3R3A11_02362	38P2R3A13_01307	97.350	566	15	0	1	566	1	566	0.0	1140
18P3R3A11_02362	38P2R3A13_07539	96.296	567	21	0	1	567	1	567	0.0	1132
18P3R3A11_02363	18P3R3A11_02363	100.000	336	0	0	1	336	1	336	0.0	667
18P3R3A11_02364	18P3R3A11_02364	100.000	379	0	0	1	379	1	379	0.0	771
18P3R3A11_02364	38P2R3A13_02791	96.306	379	14	0	1	379	1	379	0.0	748
18P3R3A11_02365	18P3R3A11_02365	100.000	338	0	0	1	338	1	338	0.0	683
18P3R3A11_02366	18P3R3A11_02366	100.000	271	0	0	1	271	1	271	0.0	564
18P3R3A11_02366	38P2R3A13_02793	97.786	271	6	0	1	271	1	271	0.0	552
18P3R3A11_02366	38P2R3A13_07827	97.048	271	8	0	1	271	1	271	0.0	549
18P3R3A11_02367	18P3R3A11_02367	100.000	220	0	0	1	220	1	220	4.41e-159	438
18P3R3A11_02367	31P2R1A5_02954	95.455	220	10	0	1	220	1	220	1.47e-153	424
18P3R3A11_02368	18P3R3A11_02368	100.000	302	0	0	1	302	1	302	0.0	616
18P3R3A11_02368	10P3R2A13_02692	96.393	305	8	1	1	302	1	305	0.0	600
18P3R3A11_02368	42P1R1A12_02469	95.738	305	10	1	1	302	22	326	0.0	594
18P3R3A11_02369	18P3R3A11_02369	100.000	423	0	0	1	423	1	423	0.0	868
18P3R3A11_02369	38P2R3A13_02796	96.454	423	15	0	1	423	1	423	0.0	835
18P3R3A11_02369	47P2R3A6_00204	95.745	423	18	0	1	423	1	423	0.0	808
18P3R3A11_02369	38P2R3A13_08670	97.468	79	2	0	345	423	1	79	3.88e-49	161
18P3R3A11_02370	18P3R3A11_02370	100.000	229	0	0	1	229	1	229	3.16e-162	447
18P3R3A11_02370	38P2R3A13_02797	96.070	229	9	0	1	229	1	229	7.33e-155	429
18P3R3A11_02371	18P3R3A11_02371	100.000	163	0	0	1	163	1	163	1.79e-114	321
18P3R3A11_02371	10P3R2A13_02695	95.092	163	8	0	1	163	1	163	7.97e-109	306
18P3R3A11_02372	18P3R3A11_02372	100.000	506	0	0	1	506	1	506	0.0	1043
18P3R3A11_02372	31P2R1A5_02959	97.036	506	15	0	1	506	1	506	0.0	1019
18P3R3A11_02372	10P3R2A13_02696	95.455	506	23	0	1	506	1	506	0.0	1001
18P3R3A11_02372	38P2R3A13_06506	97.758	446	10	0	61	506	1	446	0.0	899
18P3R3A11_02373	18P3R3A11_02373	100.000	190	0	0	1	190	1	190	9.75e-138	382
18P3R3A11_02373	38P2R3A13_06505	96.316	190	7	0	1	190	1	190	2.16e-134	374
18P3R3A11_02373	38P2R3A13_02800	95.263	190	9	0	1	190	31	220	5.50e-134	374
18P3R3A11_02374	18P3R3A11_02374	100.000	261	0	0	1	261	1	261	0.0	521
18P3R3A11_02374	38P2R3A13_02801	97.701	261	6	0	1	261	1	261	0.0	511
18P3R3A11_02375	18P3R3A11_02375	100.000	261	0	0	1	261	1	261	0.0	530
18P3R3A11_02376	18P3R3A11_02376	100.000	229	0	0	1	229	1	229	1.90e-164	452
18P3R3A11_02376	38P2R3A13_02803	97.817	229	5	0	1	229	1	229	2.87e-161	445
18P3R3A11_02378	18P3R3A11_02378	100.000	258	0	0	1	258	1	258	0.0	525
18P3R3A11_02378	26P1R3A4_01773	95.455	88	4	0	1	88	1	88	1.96e-46	150
18P3R3A11_02379	18P3R3A11_02379	100.000	174	0	0	1	174	1	174	1.20e-128	358
18P3R3A11_02380	18P3R3A11_02380	100.000	298	0	0	1	298	1	298	0.0	606
18P3R3A11_02381	18P3R3A11_02381	100.000	123	0	0	1	123	1	123	2.28e-86	247
18P3R3A11_02381	38P2R3A13_06497	97.561	123	3	0	1	123	1	123	2.39e-84	241
18P3R3A11_02382	18P3R3A11_02382	100.000	210	0	0	1	210	1	210	2.36e-157	433
18P3R3A11_02382	38P2R3A13_02809	95.238	210	10	0	1	210	1	210	3.58e-151	417
18P3R3A11_02383	18P3R3A11_02383	100.000	215	0	0	1	215	1	215	9.07e-160	440
18P3R3A11_02384	18P3R3A11_02384	100.000	184	0	0	1	184	1	184	1.02e-135	376
18P3R3A11_02385	18P3R3A11_02385	100.000	189	0	0	1	189	1	189	5.26e-140	387
18P3R3A11_02385	38P2R3A13_02812	95.767	189	4	1	1	189	1	185	7.18e-132	367
18P3R3A11_02385	38P2R3A13_06493	95.238	189	5	1	1	189	1	185	1.71e-130	363
18P3R3A11_02386	18P3R3A11_02386	100.000	340	0	0	1	340	1	340	0.0	700
18P3R3A11_02386	38P2R3A13_06492	97.647	340	8	0	1	340	1	340	0.0	689
18P3R3A11_02387	18P3R3A11_02387	100.000	148	0	0	1	148	1	148	1.13e-106	300
18P3R3A11_02388	18P3R3A11_02388	100.000	91	0	0	1	91	1	91	2.01e-61	181
18P3R3A11_02388	42P1R1A12_02447	96.703	91	3	0	1	91	1	91	3.20e-59	176
18P3R3A11_02388	38P2R3A13_06490	95.604	91	4	0	1	91	1	91	3.69e-59	176
18P3R3A11_02389	18P3R3A11_02389	100.000	464	0	0	1	464	1	464	0.0	905
18P3R3A11_02389	38P2R3A13_06489	97.629	464	11	0	1	464	1	464	0.0	889
18P3R3A11_02389	42P1R1A12_02446	95.259	464	22	0	1	464	1	464	0.0	833
18P3R3A11_02390	18P3R3A11_02390	100.000	277	0	0	1	277	1	277	0.0	570
18P3R3A11_02390	38P2R3A13_02817	97.473	277	7	0	1	277	1	277	0.0	561
18P3R3A11_02390	38P2R3A13_06488	95.668	277	12	0	1	277	1	277	0.0	547
18P3R3A11_02391	18P3R3A11_02391	100.000	318	0	0	1	318	1	318	0.0	655
18P3R3A11_02391	42P1R1A12_02444	96.855	318	10	0	1	318	1	318	0.0	636
18P3R3A11_02392	18P3R3A11_02392	100.000	714	0	0	1	714	1	714	0.0	1457
18P3R3A11_02392	42P1R1A12_02443	97.195	713	20	0	1	713	1	713	0.0	1423
18P3R3A11_02392	31P2R1A5_02973	96.218	714	26	1	1	713	1	714	0.0	1405
18P3R3A11_02392	10P3R2A13_02711	95.245	715	33	1	1	714	1	715	0.0	1393
18P3R3A11_02393	18P3R3A11_02393	100.000	401	0	0	1	401	1	401	0.0	825
18P3R3A11_02393	38P2R3A13_02820	97.756	401	9	0	1	401	1	401	0.0	808
18P3R3A11_02393	42P1R1A12_02442	97.257	401	11	0	1	401	1	401	0.0	807
18P3R3A11_02393	31P2R1A5_02974	96.259	401	15	0	1	401	1	401	0.0	800
18P3R3A11_02393	10P3R2A13_02712	95.262	401	19	0	1	401	1	401	0.0	795
18P3R3A11_02394	18P3R3A11_02394	100.000	152	0	0	1	152	1	152	1.94e-110	310
18P3R3A11_02394	38P2R3A13_02821	97.368	152	4	0	1	152	1	152	2.76e-109	307
18P3R3A11_02395	18P3R3A11_02395	100.000	165	0	0	1	165	1	165	3.94e-125	348
18P3R3A11_02395	38P2R3A13_02822	96.970	165	5	0	1	165	1	165	6.29e-122	340
18P3R3A11_02395	38P2R3A13_07863	95.758	165	7	0	1	165	1	165	1.25e-120	337
18P3R3A11_02396	18P3R3A11_02396	100.000	220	0	0	1	220	1	220	2.18e-161	444
18P3R3A11_02397	18P3R3A11_02397	100.000	611	0	0	1	611	1	611	0.0	1218
18P3R3A11_02397	38P2R3A13_02824	97.545	611	15	0	1	611	1	611	0.0	1199
18P3R3A11_02397	38P2R3A13_07865	96.236	611	23	0	1	611	1	611	0.0	1187
18P3R3A11_02398	18P3R3A11_02398	100.000	200	0	0	1	200	1	200	2.29e-149	412
18P3R3A11_02400	18P3R3A11_02400	100.000	305	0	0	1	305	1	305	0.0	629
18P3R3A11_02400	47P2R3A6_00235	96.721	305	10	0	1	305	1	305	0.0	613
18P3R3A11_02400	38P2R3A13_02827	95.410	305	14	0	1	305	1	305	0.0	595
18P3R3A11_02400	38P2R3A13_08673	95.475	221	10	0	85	305	1	221	3.33e-159	442
18P3R3A11_02401	18P3R3A11_02401	100.000	147	0	0	1	147	1	147	3.19e-105	296
18P3R3A11_02403	18P3R3A11_02403	100.000	601	0	0	1	601	1	601	0.0	1250
18P3R3A11_02403	10P3R2A13_02723	95.840	601	25	0	1	601	1	601	0.0	1211
18P3R3A11_02404	18P3R3A11_02404	100.000	167	0	0	1	167	1	167	2.40e-125	349
18P3R3A11_02404	31P2R1A5_02985	97.006	167	5	0	1	167	1	167	6.30e-121	338
18P3R3A11_02405	18P3R3A11_02405	100.000	446	0	0	1	446	1	446	0.0	916
18P3R3A11_02405	42P1R1A12_02430	95.740	446	19	0	1	446	1	446	0.0	887
18P3R3A11_02405	31P2R1A5_02986	95.964	446	18	0	1	446	1	446	0.0	887
18P3R3A11_02407	18P3R3A11_02407	100.000	326	0	0	1	326	1	326	0.0	655
18P3R3A11_02407	31P2R1A5_02988	97.523	323	8	0	1	323	1	323	0.0	637
18P3R3A11_02407	10P3R2A13_02727	95.666	323	14	0	1	323	1	323	0.0	630
18P3R3A11_02408	18P3R3A11_02408	100.000	181	0	0	1	181	1	181	1.37e-134	373
18P3R3A11_02408	10P3R2A13_02728	97.790	181	4	0	1	181	1	181	7.52e-132	366
18P3R3A11_02409	18P3R3A11_02409	100.000	185	0	0	1	185	1	185	3.49e-131	365
18P3R3A11_02409	38P2R3A13_02836	97.838	185	4	0	1	185	1	185	1.07e-127	356
18P3R3A11_02409	10P3R2A13_02729	95.676	185	8	0	1	185	1	185	4.68e-125	350
18P3R3A11_02410	18P3R3A11_02410	100.000	101	0	0	1	101	1	101	2.03e-65	192
18P3R3A11_02410	31P2R1A5_02991	97.030	101	3	0	1	101	1	101	1.03e-63	187
18P3R3A11_02410	10P3R2A13_02730	97.030	101	3	0	1	101	1	101	1.55e-63	187
18P3R3A11_02411	18P3R3A11_02411	100.000	614	0	0	1	614	1	614	0.0	1219
18P3R3A11_02412	18P3R3A11_02412	100.000	510	0	0	1	510	1	510	0.0	1014
18P3R3A11_02412	31P2R1A5_02993	95.490	510	23	0	1	510	1	510	0.0	961
18P3R3A11_02412	10P3R2A13_02732	95.686	510	22	0	1	510	1	510	0.0	961
18P3R3A11_02412	42P1R1A12_02423	95.098	510	25	0	1	510	1	510	0.0	958
18P3R3A11_02413	18P3R3A11_02413	100.000	486	0	0	1	486	1	486	0.0	947
18P3R3A11_02413	38P2R3A13_05600	96.914	486	15	0	1	486	1	486	0.0	921
18P3R3A11_02414	18P3R3A11_02414	100.000	335	0	0	1	335	1	335	0.0	683
18P3R3A11_02414	38P2R3A13_05601	97.313	335	9	0	1	335	1	335	0.0	666
18P3R3A11_02415	18P3R3A11_02415	100.000	306	0	0	1	306	1	306	0.0	627
18P3R3A11_02415	37P2R3-2A1_01842	97.712	306	7	0	1	306	1	306	0.0	614
18P3R3A11_02416	18P3R3A11_02416	100.000	154	0	0	1	154	1	154	2.33e-114	320
18P3R3A11_02417	18P3R3A11_02417	100.000	102	0	0	1	102	1	102	1.34e-70	205
18P3R3A11_02417	38P2R3A13_02844	97.059	102	3	0	1	102	1	102	1.07e-68	200
18P3R3A11_02417	38P2R3A13_05604	97.059	102	3	0	1	102	1	102	4.62e-68	199
18P3R3A11_02418	18P3R3A11_02418	100.000	432	0	0	1	432	1	432	0.0	878
18P3R3A11_02419	18P3R3A11_02419	100.000	557	0	0	1	557	1	557	0.0	1129
18P3R3A11_02420	18P3R3A11_02420	100.000	259	0	0	1	259	1	259	0.0	528
18P3R3A11_02421	18P3R3A11_02421	100.000	286	0	0	1	286	1	286	0.0	600
18P3R3A11_02421	38P2R3A13_05608	97.552	286	7	0	1	286	1	286	0.0	590
18P3R3A11_02421	42P1R1A12_02409	95.105	286	14	0	1	286	1	286	0.0	575
18P3R3A11_02422	18P3R3A11_02422	100.000	322	0	0	1	322	1	322	0.0	644
18P3R3A11_02422	37P2R3-2A1_01835	96.584	322	11	0	1	322	1	322	0.0	624
18P3R3A11_02423	18P3R3A11_02423	100.000	454	0	0	1	454	1	454	0.0	913
18P3R3A11_02424	18P3R3A11_02424	100.000	505	0	0	1	505	1	505	0.0	997
18P3R3A11_02425	18P3R3A11_02425	100.000	144	0	0	1	144	1	144	1.52e-99	281
18P3R3A11_02425	38P2R3A13_05612	95.139	144	7	0	1	144	1	144	3.85e-97	276
18P3R3A11_02426	18P3R3A11_02426	100.000	327	0	0	1	327	1	327	0.0	669
18P3R3A11_02426	38P2R3A13_05613	95.413	327	15	0	1	327	1	327	0.0	641
18P3R3A11_02427	18P3R3A11_02427	100.000	225	0	0	1	225	1	225	7.76e-163	448
18P3R3A11_02427	38P2R3A13_05614	96.444	225	8	0	1	225	1	225	1.04e-156	433
18P3R3A11_02428	18P3R3A11_02428	100.000	470	0	0	1	470	1	470	0.0	945
18P3R3A11_02429	18P3R3A11_02429	100.000	180	0	0	1	180	1	180	6.88e-127	353
18P3R3A11_02430	18P3R3A11_02430	100.000	400	0	0	1	400	1	400	0.0	811
18P3R3A11_02430	38P2R3A13_05617	96.000	400	16	0	1	400	1	400	0.0	782
18P3R3A11_02430	38P2R3A13_02852	96.000	400	16	0	1	400	1	400	0.0	775
18P3R3A11_02431	18P3R3A11_02431	100.000	397	0	0	1	397	1	397	0.0	824
18P3R3A11_02431	38P2R3A13_02853	97.733	397	9	0	1	397	1	397	0.0	811
18P3R3A11_02431	38P2R3A13_05618	97.229	397	11	0	1	397	1	397	0.0	806
18P3R3A11_02432	18P3R3A11_02432	100.000	406	0	0	1	406	1	406	0.0	826
18P3R3A11_02432	37P2R3-2A1_01825	97.783	406	9	0	1	406	1	406	0.0	808
18P3R3A11_02433	18P3R3A11_02433	100.000	543	0	0	1	543	1	543	0.0	1108
18P3R3A11_02433	38P2R3A13_02855	97.790	543	12	0	1	543	1	543	0.0	1083
18P3R3A11_02434	18P3R3A11_02434	100.000	451	0	0	1	451	1	451	0.0	913
18P3R3A11_02434	38P2R3A13_05621	97.783	451	10	0	1	451	1	451	0.0	902
18P3R3A11_02435	18P3R3A11_02435	100.000	354	0	0	1	354	1	354	0.0	733
18P3R3A11_02435	38P2R3A13_02857	95.739	352	15	0	1	352	1	352	0.0	703
18P3R3A11_02436	18P3R3A11_02436	100.000	85	0	0	1	85	1	85	7.05e-58	172
18P3R3A11_02436	38P2R3A13_05623	96.471	85	3	0	1	85	1	85	1.74e-56	168
18P3R3A11_02436	38P2R3A13_02858	96.471	85	3	0	1	85	1	85	6.65e-56	167
18P3R3A11_02436	37P2R3-2A1_01821	95.294	85	4	0	1	85	1	85	4.49e-55	165
18P3R3A11_02437	18P3R3A11_02437	100.000	377	0	0	1	377	1	377	0.0	785
18P3R3A11_02437	38P2R3A13_05624	97.613	377	9	0	1	377	1	377	0.0	771
18P3R3A11_02437	31P2R1A5_03018	96.021	377	15	0	1	377	1	377	0.0	759
18P3R3A11_02437	42P1R1A12_02382	95.225	377	18	0	1	377	1	377	0.0	756
18P3R3A11_02437	10P3R2A13_02766	95.491	377	17	0	1	377	1	377	0.0	756
18P3R3A11_02437	34P3R2A10_05161	95.423	284	13	0	94	377	1	284	0.0	565
18P3R3A11_02438	18P3R3A11_02438	100.000	762	0	0	1	762	1	762	0.0	1592
18P3R3A11_02438	38P2R3A13_02860	99.869	762	1	0	1	762	17	778	0.0	1590
18P3R3A11_02438	31P2R1A5_03019	95.013	762	38	0	1	762	1	762	0.0	1523
18P3R3A11_02438	38P2R3A13_05625	97.459	551	14	0	212	762	1	551	0.0	1127
18P3R3A11_02439	18P3R3A11_02439	100.000	243	0	0	1	243	1	243	0.0	503
18P3R3A11_02440	18P3R3A11_02440	100.000	879	0	0	1	879	1	879	0.0	1774
18P3R3A11_02440	42P1R1A12_02379	96.301	865	32	0	1	865	1	865	0.0	1703
18P3R3A11_02440	31P2R1A5_03021	95.376	865	40	0	1	865	1	865	0.0	1690
18P3R3A11_02440	38P2R3A13_07870	98.203	612	11	0	268	879	1	612	0.0	1202
18P3R3A11_02440	38P2R3A13_07871	97.358	265	7	0	1	265	1	265	0.0	540
18P3R3A11_02441	18P3R3A11_02441	100.000	949	0	0	1	949	1	949	0.0	1958
18P3R3A11_02441	38P2R3A13_02863	95.047	949	47	0	1	949	1	949	0.0	1847
18P3R3A11_02441	38P2R3A13_07869	95.574	949	42	0	1	949	1	949	0.0	1837
18P3R3A11_02442	18P3R3A11_02442	100.000	217	0	0	1	217	1	217	4.99e-157	433
18P3R3A11_02442	10P3R2A13_00265	97.696	217	5	0	1	217	1	217	1.95e-153	424
18P3R3A11_02442	31P2R1A5_03023	96.774	217	7	0	1	217	1	217	6.11e-153	422
18P3R3A11_02442	38P2R3A13_07868	99.471	189	1	0	29	217	1	189	1.60e-133	372
18P3R3A11_02443	18P3R3A11_02443	100.000	891	0	0	1	891	1	891	0.0	1830
18P3R3A11_02443	47P2R3A6_00278	95.511	891	40	0	1	891	1	891	0.0	1674
18P3R3A11_02443	38P2R3A13_02865	95.398	891	41	0	1	891	1	891	0.0	1669
18P3R3A11_02444	18P3R3A11_02444	100.000	364	0	0	1	364	1	364	0.0	723
18P3R3A11_02445	18P3R3A11_02445	100.000	352	0	0	1	352	1	352	0.0	726
18P3R3A11_02446	18P3R3A11_02446	100.000	353	0	0	1	353	1	353	0.0	728
18P3R3A11_02447	18P3R3A11_02447	100.000	217	0	0	1	217	1	217	3.02e-162	446
18P3R3A11_02447	37P2R3-2A1_01810	97.235	217	6	0	1	217	1	217	2.63e-158	436
18P3R3A11_02448	18P3R3A11_02448	100.000	548	0	0	1	548	1	548	0.0	1103
18P3R3A11_02448	38P2R3A13_02870	97.080	548	16	0	1	548	20	567	0.0	1076
18P3R3A11_02448	52P2R3A10_01961	97.080	548	16	0	1	548	1	548	0.0	1075
18P3R3A11_02448	56P2R2A4_01684	96.533	548	19	0	1	548	20	567	0.0	1070
18P3R3A11_02449	18P3R3A11_02449	100.000	479	0	0	1	479	1	479	0.0	959
18P3R3A11_02449	38P2R3A13_02871	97.704	479	11	0	1	479	1	479	0.0	943
18P3R3A11_02450	18P3R3A11_02450	100.000	430	0	0	1	430	1	430	0.0	837
18P3R3A11_02450	56P2R2A4_01686	96.512	430	15	0	1	430	1	430	0.0	808
18P3R3A11_02450	38P2R3A13_02872	95.631	412	18	0	19	430	1	412	0.0	768
18P3R3A11_02451	18P3R3A11_02451	100.000	550	0	0	1	550	1	550	0.0	1134
18P3R3A11_02451	47P2R3A6_00286	97.096	551	15	1	1	550	1	551	0.0	1103
18P3R3A11_02451	38P2R3A13_07483	97.180	532	14	1	20	550	1	532	0.0	1068
18P3R3A11_02452	18P3R3A11_02452	100.000	167	0	0	1	167	1	167	1.24e-123	344
18P3R3A11_02453	18P3R3A11_02453	100.000	87	0	0	1	87	1	87	1.04e-58	174
18P3R3A11_02453	38P2R3A13_02875	97.701	87	2	0	1	87	1	87	9.53e-57	169
18P3R3A11_02454	18P3R3A11_02454	100.000	396	0	0	1	396	1	396	0.0	773
18P3R3A11_02456	18P3R3A11_02456	100.000	586	0	0	1	586	1	586	0.0	1206
18P3R3A11_02457	18P3R3A11_02457	100.000	76	0	0	1	76	1	76	9.15e-51	153
18P3R3A11_02457	38P2R3A13_02879	97.368	76	2	0	1	76	1	76	7.16e-49	148
18P3R3A11_02458	18P3R3A11_02458	100.000	336	0	0	1	336	1	336	0.0	687
18P3R3A11_02459	18P3R3A11_02459	100.000	95	0	0	1	95	1	95	4.09e-66	193
18P3R3A11_02460	18P3R3A11_02460	100.000	587	0	0	1	587	1	587	0.0	1216
18P3R3A11_02460	38P2R3A13_07031	96.082	587	23	0	1	587	1	587	0.0	1175
18P3R3A11_02460	38P2R3A13_02882	95.911	587	24	0	1	587	1	587	0.0	1174
18P3R3A11_02461	18P3R3A11_02461	100.000	236	0	0	1	236	1	236	3.10e-177	486
18P3R3A11_02461	38P2R3A13_02883	97.034	236	7	0	1	236	1	236	8.11e-172	472
18P3R3A11_02461	47P2R3A6_00301	96.186	236	9	0	1	236	1	236	1.00e-169	467
18P3R3A11_02462	18P3R3A11_02462	100.000	399	0	0	1	399	1	399	0.0	790
18P3R3A11_02462	38P2R3A13_02884	95.238	399	19	0	1	399	1	399	0.0	733
18P3R3A11_02463	18P3R3A11_02463	100.000	115	0	0	1	115	1	115	3.77e-82	235
18P3R3A11_02463	38P2R3A13_02885	97.391	115	3	0	1	115	1	115	4.69e-79	228
18P3R3A11_02465	18P3R3A11_02465	100.000	342	0	0	1	342	1	342	0.0	683
18P3R3A11_02465	38P2R3A13_02887	95.906	342	14	0	1	342	1	342	0.0	645
18P3R3A11_02466	18P3R3A11_02466	100.000	365	0	0	1	365	1	365	0.0	727
18P3R3A11_02466	38P2R3A13_07037	97.260	365	10	0	1	365	1	365	0.0	714
18P3R3A11_02466	38P2R3A13_02888	96.438	365	13	0	1	365	1	365	0.0	708
18P3R3A11_02467	18P3R3A11_02467	100.000	602	0	0	1	602	1	602	0.0	1232
18P3R3A11_02468	18P3R3A11_02468	100.000	518	0	0	1	518	1	518	0.0	1067
18P3R3A11_02469	18P3R3A11_02469	100.000	179	0	0	1	179	1	179	1.19e-133	371
18P3R3A11_02469	47P2R3A6_00309	97.207	179	5	0	1	179	12	190	3.16e-130	362
18P3R3A11_02469	38P2R3A13_02891	96.774	155	5	0	25	179	1	155	6.80e-111	312
18P3R3A11_02470	18P3R3A11_02470	100.000	236	0	0	1	236	1	236	1.13e-172	474
18P3R3A11_02471	18P3R3A11_02471	100.000	329	0	0	1	329	1	329	0.0	669
18P3R3A11_02472	18P3R3A11_02472	100.000	489	0	0	1	489	1	489	0.0	1012
18P3R3A11_02473	18P3R3A11_02473	100.000	397	0	0	1	397	1	397	0.0	826
18P3R3A11_02473	38P2R3A13_01375	96.977	397	12	0	1	397	1	397	0.0	801
18P3R3A11_02473	38P2R3A13_07558	95.718	397	17	0	1	397	1	397	0.0	795
18P3R3A11_02474	18P3R3A11_02474	100.000	191	0	0	1	191	1	191	1.47e-139	387
18P3R3A11_02475	18P3R3A11_02475	100.000	394	0	0	1	394	1	394	0.0	794
18P3R3A11_02475	38P2R3A13_07561	96.447	394	14	0	1	394	1	394	0.0	756
18P3R3A11_02475	38P2R3A13_01378	95.178	394	19	0	1	394	1	394	0.0	749
18P3R3A11_02476	18P3R3A11_02476	100.000	377	0	0	1	377	1	377	0.0	749
18P3R3A11_02477	18P3R3A11_02477	100.000	313	0	0	1	313	1	313	0.0	637
18P3R3A11_02477	10P3R2A13_00314	96.486	313	11	0	1	313	1	313	0.0	622
18P3R3A11_02477	31P2R1A5_05098	96.486	313	11	0	1	313	1	313	0.0	618
18P3R3A11_02478	18P3R3A11_02478	100.000	562	0	0	1	562	1	562	0.0	1101
18P3R3A11_02478	38P2R3A13_01381	97.687	562	13	0	1	562	1	562	0.0	1083
18P3R3A11_02478	38P2R3A13_06983	95.730	562	23	1	1	562	1	561	0.0	1044
18P3R3A11_02479	18P3R3A11_02479	100.000	286	0	0	1	286	1	286	0.0	593
18P3R3A11_02479	38P2R3A13_01382	96.853	286	9	0	1	286	1	286	0.0	578
18P3R3A11_02479	38P2R3A13_06982	95.652	276	12	0	1	276	1	276	0.0	536
18P3R3A11_02480	18P3R3A11_02480	100.000	349	0	0	1	349	1	349	0.0	683
18P3R3A11_02480	38P2R3A13_01383	97.708	349	8	0	1	349	1	349	0.0	673
18P3R3A11_02480	38P2R3A13_06981	96.254	347	13	0	1	347	1	347	0.0	644
18P3R3A11_02481	18P3R3A11_02481	100.000	289	0	0	1	289	1	289	0.0	582
18P3R3A11_02481	38P2R3A13_01384	97.924	289	6	0	1	289	1	289	0.0	575
18P3R3A11_02481	38P2R3A13_06980	95.848	289	12	0	1	289	1	289	0.0	564
18P3R3A11_02482	18P3R3A11_02482	100.000	490	0	0	1	490	1	490	0.0	983
18P3R3A11_02482	38P2R3A13_06979	97.551	490	12	0	1	490	1	490	0.0	960
18P3R3A11_02482	38P2R3A13_01385	96.939	490	15	0	1	490	1	490	0.0	957
18P3R3A11_02483	18P3R3A11_02483	100.000	657	0	0	1	657	1	657	0.0	1347
18P3R3A11_02484	18P3R3A11_02484	100.000	856	0	0	1	856	1	856	0.0	1752
18P3R3A11_02484	38P2R3A13_02027	97.655	853	19	1	4	856	3	854	0.0	1701
18P3R3A11_02484	38P2R3A13_05068	96.600	853	28	1	4	856	3	854	0.0	1685
18P3R3A11_02485	18P3R3A11_02485	100.000	488	0	0	1	488	1	488	0.0	1006
18P3R3A11_02486	18P3R3A11_02486	100.000	215	0	0	1	215	1	215	2.08e-161	444
18P3R3A11_02487	18P3R3A11_02487	100.000	660	0	0	1	660	1	660	0.0	1345
18P3R3A11_02488	18P3R3A11_02488	100.000	616	0	0	1	616	1	616	0.0	1273
18P3R3A11_02489	18P3R3A11_02489	100.000	192	0	0	1	192	1	192	1.22e-140	389
18P3R3A11_02494	18P3R3A11_02494	100.000	444	0	0	1	444	1	444	0.0	896
18P3R3A11_02495	18P3R3A11_02495	100.000	457	0	0	1	457	1	457	0.0	922
18P3R3A11_02496	18P3R3A11_02496	100.000	549	0	0	1	549	1	549	0.0	1125
18P3R3A11_02497	18P3R3A11_02497	100.000	128	0	0	1	128	1	128	2.98e-93	265
18P3R3A11_02498	18P3R3A11_02498	100.000	142	0	0	1	142	1	142	1.80e-101	286
18P3R3A11_02499	18P3R3A11_02499	100.000	393	0	0	1	393	1	393	0.0	815
18P3R3A11_02500	18P3R3A11_02500	100.000	130	0	0	1	130	1	130	9.11e-92	261
18P3R3A11_02501	18P3R3A11_02501	100.000	203	0	0	1	203	1	203	2.41e-152	420
18P3R3A11_02502	18P3R3A11_02502	100.000	247	0	0	1	247	1	247	1.74e-178	489
18P3R3A11_02503	18P3R3A11_02503	100.000	273	0	0	1	273	1	273	0.0	553
18P3R3A11_02504	18P3R3A11_02504	100.000	66	0	0	1	66	1	66	6.76e-44	135
18P3R3A11_02505	18P3R3A11_02505	100.000	159	0	0	1	159	1	159	3.74e-117	327
18P3R3A11_02506	18P3R3A11_02506	100.000	276	0	0	1	276	1	276	0.0	573
