18P3R3A11_03768	18P3R3A11_03768	100.000	335	0	0	1	335	1	335	0.0	687
18P3R3A11_03769	18P3R3A11_03769	100.000	854	0	0	1	854	1	854	0.0	1746
18P3R3A11_03770	18P3R3A11_03770	100.000	231	0	0	1	231	1	231	6.59e-170	467
18P3R3A11_03770	38P2R3A13_04533	95.238	231	11	0	1	231	1	231	3.89e-162	447
18P3R3A11_03771	18P3R3A11_03771	100.000	181	0	0	1	181	1	181	5.34e-133	369
18P3R3A11_03772	18P3R3A11_03772	100.000	188	0	0	1	188	1	188	1.07e-134	374
18P3R3A11_03772	38P2R3A13_04531	95.213	188	9	0	1	188	1	188	7.37e-129	359
18P3R3A11_03773	18P3R3A11_03773	100.000	289	0	0	1	289	1	289	0.0	585
18P3R3A11_03773	42P1R1A12_00686	96.886	289	9	0	1	289	1	289	0.0	570
18P3R3A11_03774	18P3R3A11_03774	100.000	71	0	0	1	71	1	71	6.25e-47	143
18P3R3A11_03774	38P2R3A13_01157	97.183	71	2	0	1	71	1	71	5.00e-45	138
18P3R3A11_03774	31P2R1A5_03370	95.775	71	3	0	1	71	1	71	8.85e-45	137
18P3R3A11_03774	51P2R2A10_03068	95.652	69	3	0	1	69	1	69	8.69e-44	135
18P3R3A11_03775	18P3R3A11_03775	100.000	500	0	0	1	500	1	500	0.0	1012
18P3R3A11_03775	38P2R3A13_01158	97.600	500	12	0	1	500	1	500	0.0	993
18P3R3A11_03776	18P3R3A11_03776	100.000	339	0	0	1	339	1	339	0.0	693
18P3R3A11_03777	18P3R3A11_03777	100.000	174	0	0	1	174	1	174	2.74e-122	342
18P3R3A11_03777	56P2R2A4_00866	97.110	173	5	0	1	173	1	173	1.79e-119	335
18P3R3A11_03777	38P2R3A13_04526	95.402	174	8	0	1	174	1	174	1.60e-110	312
18P3R3A11_03778	18P3R3A11_03778	100.000	462	0	0	1	462	1	462	0.0	966
18P3R3A11_03778	38P2R3A13_04525	96.970	462	14	0	1	462	1	462	0.0	943
18P3R3A11_03779	18P3R3A11_03779	100.000	165	0	0	1	165	1	165	6.63e-123	342
18P3R3A11_03779	42P1R1A12_00689	95.758	165	7	0	1	165	1	165	9.32e-118	329
18P3R3A11_03779	38P2R3A13_06525	96.581	117	4	0	49	165	1	117	3.59e-80	233
18P3R3A11_03780	18P3R3A11_03780	100.000	241	0	0	1	241	1	241	0.0	499
18P3R3A11_03780	38P2R3A13_01163	95.021	241	12	0	1	241	1	241	2.38e-172	474
18P3R3A11_03781	18P3R3A11_03781	100.000	170	0	0	1	170	1	170	1.31e-122	342
18P3R3A11_03781	10P3R2A13_03909	97.059	170	5	0	1	170	1	170	2.18e-119	334
18P3R3A11_03781	38P2R3A13_06522	97.647	170	4	0	1	170	1	170	2.48e-119	334
18P3R3A11_03782	18P3R3A11_03782	100.000	356	0	0	1	356	1	356	0.0	734
18P3R3A11_03782	38P2R3A13_06521	95.225	356	17	0	1	356	1	356	0.0	680
18P3R3A11_03783	18P3R3A11_03783	100.000	357	0	0	1	357	1	357	0.0	736
18P3R3A11_03783	56P2R2A4_00858	96.078	357	14	0	1	357	1	357	0.0	714
18P3R3A11_03783	37P2R3-2A1_01413	95.518	357	16	0	1	357	1	357	0.0	712
18P3R3A11_03783	38P2R3A13_01168	95.518	357	16	0	1	357	1	357	0.0	711
18P3R3A11_03784	18P3R3A11_03784	100.000	382	0	0	1	382	1	382	0.0	776
18P3R3A11_03784	38P2R3A13_06519	95.288	382	18	0	1	382	1	382	0.0	739
18P3R3A11_03785	18P3R3A11_03785	100.000	805	0	0	1	805	1	805	0.0	1598
18P3R3A11_03785	38P2R3A13_01170	95.652	805	35	0	1	805	1	805	0.0	1474
18P3R3A11_03786	18P3R3A11_03786	100.000	229	0	0	1	229	1	229	2.92e-163	450
18P3R3A11_03786	38P2R3A13_01171	97.380	229	6	0	1	229	1	229	1.52e-159	440
18P3R3A11_03786	38P2R3A13_06517	96.507	229	8	0	1	229	1	229	2.67e-156	432
18P3R3A11_03787	18P3R3A11_03787	100.000	190	0	0	1	190	1	190	2.33e-140	389
18P3R3A11_03787	38P2R3A13_01172	96.316	190	7	0	1	190	1	190	7.51e-137	380
18P3R3A11_03788	18P3R3A11_03788	100.000	257	0	0	1	257	1	257	0.0	528
18P3R3A11_03789	18P3R3A11_03789	100.000	285	0	0	1	285	1	285	0.0	572
18P3R3A11_03789	56P2R2A4_00852	97.895	285	6	0	1	285	1	285	0.0	561
18P3R3A11_03790	18P3R3A11_03790	100.000	261	0	0	1	261	1	261	0.0	528
18P3R3A11_03790	38P2R3A13_06513	96.935	261	8	0	1	261	1	261	0.0	513
18P3R3A11_03791	18P3R3A11_03791	100.000	224	0	0	1	224	1	224	2.54e-167	459
18P3R3A11_03792	18P3R3A11_03792	100.000	233	0	0	1	233	1	233	8.95e-140	390
18P3R3A11_03793	18P3R3A11_03793	100.000	353	0	0	1	353	1	353	0.0	689
18P3R3A11_03794	18P3R3A11_03794	100.000	370	0	0	1	370	1	370	0.0	760
18P3R3A11_03795	18P3R3A11_03795	100.000	162	0	0	1	162	1	162	3.73e-121	338
18P3R3A11_03796	18P3R3A11_03796	100.000	111	0	0	1	111	1	111	1.74e-79	228
18P3R3A11_03797	18P3R3A11_03797	100.000	351	0	0	1	351	1	351	0.0	720
18P3R3A11_03798	18P3R3A11_03798	100.000	147	0	0	1	147	1	147	1.77e-108	305
18P3R3A11_03799	18P3R3A11_03799	100.000	733	0	0	1	733	1	733	0.0	1504
18P3R3A11_03800	18P3R3A11_03800	100.000	448	0	0	1	448	1	448	0.0	864
18P3R3A11_03800	38P2R3A13_07001	95.759	448	19	0	1	448	1	448	0.0	832
18P3R3A11_03801	18P3R3A11_03801	100.000	593	0	0	1	593	1	593	0.0	1192
18P3R3A11_03802	18P3R3A11_03802	100.000	307	0	0	1	307	1	307	0.0	612
18P3R3A11_03803	18P3R3A11_03803	100.000	489	0	0	1	489	1	489	0.0	1008
18P3R3A11_03803	38P2R3A13_01431	97.955	489	10	0	1	489	1	489	0.0	990
18P3R3A11_03803	38P2R3A13_06997	98.043	460	9	0	30	489	1	460	0.0	934
18P3R3A11_03804	18P3R3A11_03804	100.000	458	0	0	1	458	1	458	0.0	934
18P3R3A11_03805	18P3R3A11_03805	100.000	145	0	0	1	145	1	145	7.40e-108	303
18P3R3A11_03806	18P3R3A11_03806	100.000	434	0	0	1	434	1	434	0.0	900
18P3R3A11_03807	18P3R3A11_03807	100.000	208	0	0	1	208	1	208	8.90e-151	416
18P3R3A11_03808	18P3R3A11_03808	100.000	167	0	0	1	167	1	167	6.27e-123	343
18P3R3A11_03809	18P3R3A11_03809	100.000	370	0	0	1	370	1	370	0.0	760
18P3R3A11_03810	18P3R3A11_03810	100.000	231	0	0	1	231	1	231	1.20e-167	461
18P3R3A11_03811	18P3R3A11_03811	100.000	186	0	0	1	186	1	186	5.02e-136	377
18P3R3A11_03812	18P3R3A11_03812	100.000	117	0	0	1	117	1	117	1.83e-83	239
18P3R3A11_03813	18P3R3A11_03813	100.000	46	0	0	1	46	1	46	9.11e-29	95.9
18P3R3A11_03814	18P3R3A11_03814	100.000	64	0	0	1	64	1	64	2.88e-42	130
18P3R3A11_03815	18P3R3A11_03815	100.000	56	0	0	1	56	1	56	1.99e-34	110
18P3R3A11_03816	18P3R3A11_03816	100.000	267	0	0	1	267	1	267	0.0	555
18P3R3A11_03817	18P3R3A11_03817	100.000	30	0	0	1	30	1	30	4.48e-15	60.1
18P3R3A11_03818	18P3R3A11_03818	100.000	146	0	0	1	146	1	146	1.80e-107	302
18P3R3A11_03819	17P1R1A4_00285	100.000	80	0	0	1	80	3	82	8.35e-56	166
18P3R3A11_03819	18P3R3A11_03819	100.000	80	0	0	1	80	1	80	1.03e-55	166
18P3R3A11_03820	18P3R3A11_03820	100.000	257	0	0	1	257	1	257	0.0	515
18P3R3A11_03820	56P2R2A4_01769	95.331	257	12	0	1	257	1	257	2.36e-173	478
18P3R3A11_03821	18P3R3A11_03821	100.000	530	0	0	1	530	1	530	0.0	1100
18P3R3A11_03821	37P2R3-2A1_01722	100.000	266	0	0	1	266	1	266	0.0	548
18P3R3A11_03821	38P2R3A13_01441	97.744	266	6	0	1	266	1	266	0.0	533
18P3R3A11_03821	37P2R3-2A1_01721	99.598	249	1	0	282	530	1	249	0.0	517
18P3R3A11_03821	38P2R3A13_01442	97.189	249	7	0	282	530	1	249	5.09e-180	506
18P3R3A11_03822	18P3R3A11_03822	100.000	318	0	0	1	318	1	318	0.0	638
18P3R3A11_03822	37P2R3-2A1_01720	97.484	318	8	0	1	318	1	318	0.0	625
18P3R3A11_03823	18P3R3A11_03823	100.000	335	0	0	1	335	1	335	0.0	687
18P3R3A11_03823	38P2R3A13_01444	96.716	335	11	0	1	335	1	335	0.0	669
18P3R3A11_03823	56P2R2A4_01773	95.821	335	14	0	1	335	1	335	0.0	667
18P3R3A11_03824	18P3R3A11_03824	100.000	426	0	0	1	426	1	426	0.0	856
18P3R3A11_03824	38P2R3A13_01445	97.887	426	9	0	1	426	1	426	0.0	841
18P3R3A11_03824	38P2R3A13_06938	96.479	426	15	0	1	426	1	426	0.0	833
18P3R3A11_03825	18P3R3A11_03825	100.000	351	0	0	1	351	1	351	0.0	723
18P3R3A11_03825	31P2R1A5_00788	97.151	351	10	0	1	351	1	351	0.0	705
18P3R3A11_03825	10P3R2A13_00392	96.011	351	14	0	1	351	1	351	0.0	704
18P3R3A11_03826	18P3R3A11_03826	100.000	385	0	0	1	385	1	385	0.0	798
18P3R3A11_03827	18P3R3A11_03827	100.000	539	0	0	1	539	1	539	0.0	1112
18P3R3A11_03828	18P3R3A11_03828	100.000	346	0	0	1	346	1	346	0.0	682
18P3R3A11_03829	18P3R3A11_03829	100.000	302	0	0	1	302	1	302	0.0	593
18P3R3A11_03830	18P3R3A11_03830	100.000	287	0	0	1	287	1	287	0.0	580
18P3R3A11_03831	18P3R3A11_03831	100.000	258	0	0	1	258	1	258	0.0	526
18P3R3A11_03832	18P3R3A11_03832	100.000	300	0	0	1	300	1	300	0.0	606
18P3R3A11_03833	18P3R3A11_03833	100.000	454	0	0	1	454	1	454	0.0	950
18P3R3A11_03833	38P2R3A13_01450	96.916	454	14	0	1	454	1	454	0.0	927
18P3R3A11_03834	18P3R3A11_03834	100.000	111	0	0	1	111	1	111	3.73e-78	225
18P3R3A11_03835	18P3R3A11_03835	100.000	241	0	0	1	241	1	241	5.57e-176	483
18P3R3A11_03835	38P2R3A13_01451	97.095	241	7	0	1	241	1	241	1.25e-171	472
18P3R3A11_03835	38P2R3A13_06930	96.266	241	9	0	1	241	1	241	1.36e-169	467
18P3R3A11_03836	18P3R3A11_03836	100.000	468	0	0	1	468	1	468	0.0	953
18P3R3A11_03836	38P2R3A13_01452	96.795	468	15	0	1	468	1	468	0.0	927
18P3R3A11_03836	38P2R3A13_06931	95.513	468	21	0	1	468	1	468	0.0	900
18P3R3A11_03837	18P3R3A11_03837	100.000	472	0	0	1	472	1	472	0.0	942
18P3R3A11_03837	38P2R3A13_01453	95.551	472	21	0	1	472	1	472	0.0	905
18P3R3A11_03838	18P3R3A11_03838	100.000	1026	0	0	1	1026	1	1026	0.0	2068
18P3R3A11_03838	38P2R3A13_01454	97.661	1026	24	0	1	1026	1	1026	0.0	2023
18P3R3A11_03838	38P2R3A13_06933	95.712	1026	44	0	1	1026	1	1026	0.0	1955
18P3R3A11_03839	18P3R3A11_03839	100.000	1041	0	0	1	1041	1	1041	0.0	2083
18P3R3A11_03839	38P2R3A13_01455	97.502	1041	26	0	1	1041	1	1041	0.0	2043
18P3R3A11_03839	38P2R3A13_06934	97.598	1041	25	0	1	1041	1	1041	0.0	2042
18P3R3A11_03840	18P3R3A11_03840	100.000	401	0	0	1	401	1	401	0.0	800
18P3R3A11_03840	56P2R2A4_01785	96.259	401	15	0	1	401	1	401	0.0	751
18P3R3A11_03840	38P2R3A13_01456	95.012	401	20	0	1	401	1	401	0.0	740
18P3R3A11_03841	18P3R3A11_03841	100.000	451	0	0	1	451	1	451	0.0	925
18P3R3A11_03841	38P2R3A13_06267	97.118	451	13	0	1	451	1	451	0.0	903
18P3R3A11_03842	18P3R3A11_03842	100.000	291	0	0	1	291	1	291	0.0	590
18P3R3A11_03842	37P2R3-2A1_01700	97.938	291	6	0	1	291	1	291	0.0	580
18P3R3A11_03843	18P3R3A11_03843	100.000	1110	0	0	1	1110	1	1110	0.0	2280
18P3R3A11_03844	18P3R3A11_03844	100.000	214	0	0	1	214	1	214	1.91e-160	441
18P3R3A11_03844	38P2R3A13_01460	96.262	214	8	0	1	214	1	214	6.16e-155	427
18P3R3A11_03845	18P3R3A11_03845	100.000	194	0	0	1	194	1	194	3.94e-141	391
18P3R3A11_03846	18P3R3A11_03846	100.000	617	0	0	1	617	1	617	0.0	1251
18P3R3A11_03847	18P3R3A11_03847	100.000	279	0	0	1	279	1	279	0.0	572
18P3R3A11_03847	38P2R3A13_00831	95.699	279	12	0	1	279	1	279	0.0	558
18P3R3A11_03849	18P3R3A11_03849	100.000	312	0	0	1	312	1	312	0.0	636
18P3R3A11_03849	37P2R3-2A1_00216	96.795	312	10	0	1	312	1	312	0.0	620
18P3R3A11_03850	18P3R3A11_03850	100.000	345	0	0	1	345	1	345	0.0	712
18P3R3A11_03850	38P2R3A13_00789	97.681	345	8	0	1	345	1	345	0.0	699
18P3R3A11_03850	38P2R3A13_04111	95.072	345	17	0	1	345	1	345	0.0	681
18P3R3A11_03851	18P3R3A11_03851	100.000	385	0	0	1	385	1	385	0.0	790
18P3R3A11_03851	38P2R3A13_00788	97.143	385	11	0	1	385	1	385	0.0	768
18P3R3A11_03852	18P3R3A11_03852	100.000	167	0	0	1	167	1	167	4.93e-117	328
18P3R3A11_03852	37P2R3-2A1_00219	97.605	167	4	0	1	167	1	167	1.47e-114	322
18P3R3A11_03852	38P2R3A13_00787	95.808	167	7	0	1	167	1	167	1.90e-111	313
18P3R3A11_03853	18P3R3A11_03853	100.000	108	0	0	1	108	1	108	1.40e-76	221
18P3R3A11_03854	18P3R3A11_03854	100.000	439	0	0	1	439	1	439	0.0	911
18P3R3A11_03854	38P2R3A13_00785	96.811	439	14	0	1	439	1	439	0.0	888
18P3R3A11_03854	38P2R3A13_04115	95.724	304	13	0	136	439	1	304	0.0	611
18P3R3A11_03855	18P3R3A11_03855	100.000	499	0	0	1	499	1	499	0.0	1006
18P3R3A11_03855	38P2R3A13_00784	97.647	510	1	1	1	499	1	510	0.0	997
18P3R3A11_03855	38P2R3A13_04117	96.593	499	17	0	1	499	1	499	0.0	978
18P3R3A11_03856	18P3R3A11_03856	100.000	239	0	0	1	239	1	239	5.79e-178	488
18P3R3A11_03856	56P2R2A4_01340	97.908	239	5	0	1	239	1	239	9.98e-174	477
18P3R3A11_03856	38P2R3A13_04118	95.397	239	11	0	1	239	1	239	5.68e-169	465
18P3R3A11_03857	18P3R3A11_03857	100.000	248	0	0	1	248	1	248	2.61e-179	492
18P3R3A11_03857	37P2R3-2A1_00224	97.984	248	5	0	1	248	1	248	8.76e-175	480
18P3R3A11_03857	56P2R2A4_01341	97.581	248	6	0	1	248	1	248	2.04e-174	479
18P3R3A11_03857	38P2R3A13_00782	96.341	246	9	0	3	248	2	247	2.32e-171	472
18P3R3A11_03857	38P2R3A13_04119	95.161	248	12	0	1	248	1	248	1.14e-163	452
18P3R3A11_03858	18P3R3A11_03858	100.000	311	0	0	1	311	1	311	0.0	651
18P3R3A11_03858	56P2R2A4_01342	96.463	311	11	0	1	311	1	311	0.0	632
18P3R3A11_03858	38P2R3A13_00781	95.820	311	13	0	1	311	1	311	0.0	606
18P3R3A11_03859	18P3R3A11_03859	100.000	129	0	0	1	129	1	129	4.70e-94	266
18P3R3A11_03859	37P2R3-2A1_00226	98.425	127	2	0	1	127	1	127	6.94e-92	261
18P3R3A11_03859	52P2R3A10_00776	96.875	128	4	0	1	128	1	128	6.38e-91	259
18P3R3A11_03860	18P3R3A11_03860	100.000	466	0	0	1	466	1	466	0.0	941
18P3R3A11_03860	56P2R2A4_01344	97.639	466	11	0	1	466	1	466	0.0	918
18P3R3A11_03861	18P3R3A11_03861	100.000	63	0	0	1	63	1	63	5.41e-40	125
18P3R3A11_03861	37P2R3-2A1_00228	96.825	63	2	0	1	63	1	63	1.63e-38	121
18P3R3A11_03862	18P3R3A11_03862	100.000	528	0	0	1	528	1	528	0.0	1060
18P3R3A11_03862	37P2R3-2A1_00229	97.538	528	13	0	1	528	1	528	0.0	1040
18P3R3A11_03862	38P2R3A13_00777	96.780	528	17	0	1	528	1	528	0.0	1031
18P3R3A11_03862	56P2R2A4_01346	95.833	528	22	0	1	528	1	528	0.0	993
18P3R3A11_03863	18P3R3A11_03863	100.000	280	0	0	1	280	1	280	0.0	570
18P3R3A11_03863	38P2R3A13_04125	95.714	280	12	0	1	280	1	280	0.0	548
18P3R3A11_03864	18P3R3A11_03864	100.000	261	0	0	1	261	1	261	0.0	523
18P3R3A11_03864	38P2R3A13_04126	95.402	261	12	0	1	261	1	261	0.0	501
18P3R3A11_03865	18P3R3A11_03865	100.000	222	0	0	1	222	1	222	5.81e-158	436
18P3R3A11_03865	38P2R3A13_00774	97.748	222	5	0	1	222	1	222	9.04e-155	427
18P3R3A11_03865	56P2R2A4_01349	96.396	222	8	0	1	222	1	222	4.39e-153	423
18P3R3A11_03865	38P2R3A13_04127	95.495	222	10	0	1	222	1	222	6.90e-152	421
18P3R3A11_03866	18P3R3A11_03866	100.000	226	0	0	1	226	1	226	2.54e-162	447
18P3R3A11_03866	38P2R3A13_00773	99.545	220	1	0	7	226	1	220	7.57e-158	436
18P3R3A11_03867	18P3R3A11_03867	100.000	246	0	0	1	246	1	246	0.0	504
18P3R3A11_03867	38P2R3A13_04129	97.967	246	5	0	1	246	1	246	0.0	496
18P3R3A11_03867	42P1R1A12_05621	96.735	245	8	0	1	245	1	245	4.57e-180	494
18P3R3A11_03867	31P2R1A5_00555	95.528	246	11	0	1	246	1	246	6.49e-178	488
18P3R3A11_03868	18P3R3A11_03868	100.000	414	0	0	1	414	1	414	0.0	857
18P3R3A11_03868	38P2R3A13_04130	97.080	411	12	0	1	411	1	411	0.0	837
18P3R3A11_03868	42P1R1A12_05622	96.377	414	15	0	1	414	1	414	0.0	833
18P3R3A11_03869	18P3R3A11_03869	100.000	413	0	0	1	413	1	413	0.0	825
18P3R3A11_03870	18P3R3A11_03870	100.000	372	0	0	1	372	1	372	0.0	775
18P3R3A11_03870	37P2R3-2A1_00237	97.581	372	9	0	1	372	1	372	0.0	762
18P3R3A11_03870	38P2R3A13_04132	95.699	372	16	0	1	372	1	372	0.0	722
18P3R3A11_03871	18P3R3A11_03871	100.000	405	0	0	1	405	1	405	0.0	813
18P3R3A11_03871	38P2R3A13_04133	96.049	405	16	0	1	405	1	405	0.0	789
18P3R3A11_03872	18P3R3A11_03872	100.000	435	0	0	1	435	1	435	0.0	866
18P3R3A11_03872	38P2R3A13_04134	96.782	435	14	0	1	435	1	435	0.0	838
18P3R3A11_03873	18P3R3A11_03873	100.000	284	0	0	1	284	1	284	0.0	565
18P3R3A11_03873	38P2R3A13_04135	97.535	284	7	0	1	284	1	284	0.0	553
18P3R3A11_03874	18P3R3A11_03874	100.000	401	0	0	1	401	1	401	0.0	832
18P3R3A11_03874	38P2R3A13_04136	95.012	401	20	0	1	401	1	401	0.0	798
18P3R3A11_03875	18P3R3A11_03875	100.000	686	0	0	1	686	1	686	0.0	1437
18P3R3A11_03876	18P3R3A11_03876	100.000	81	0	0	1	81	1	81	1.12e-54	163
18P3R3A11_03877	18P3R3A11_03877	100.000	422	0	0	1	422	1	422	0.0	858
18P3R3A11_03877	38P2R3A13_04139	96.919	422	13	0	1	422	1	422	0.0	835
18P3R3A11_03878	18P3R3A11_03878	100.000	359	0	0	1	359	1	359	0.0	729
18P3R3A11_03878	38P2R3A13_04140	96.359	357	13	0	1	357	1	357	0.0	703
18P3R3A11_03879	18P3R3A11_03879	100.000	334	0	0	1	334	1	334	0.0	677
18P3R3A11_03879	38P2R3A13_00769	96.108	334	13	0	1	334	1	334	0.0	654
18P3R3A11_03880	18P3R3A11_03880	100.000	168	0	0	1	168	1	168	7.38e-118	330
18P3R3A11_03881	18P3R3A11_03881	100.000	250	0	0	1	250	1	250	6.41e-180	494
18P3R3A11_03881	56P2R2A4_01356	97.200	250	7	0	1	250	1	250	3.98e-175	481
18P3R3A11_03882	18P3R3A11_03882	100.000	120	0	0	1	120	1	120	3.94e-85	243
18P3R3A11_03883	18P3R3A11_03883	100.000	265	0	0	1	265	1	265	0.0	528
18P3R3A11_03883	38P2R3A13_00765	95.849	265	11	0	1	265	1	265	0.0	507
18P3R3A11_03884	18P3R3A11_03884	100.000	148	0	0	1	148	1	148	2.65e-104	294
18P3R3A11_03884	38P2R3A13_00764	96.622	148	5	0	1	148	1	148	3.47e-101	286
18P3R3A11_03885	18P3R3A11_03885	100.000	414	0	0	1	414	1	414	0.0	865
18P3R3A11_03885	38P2R3A13_00763	96.377	414	15	0	1	414	1	414	0.0	838
18P3R3A11_03886	18P3R3A11_03886	100.000	76	0	0	1	76	1	76	2.48e-51	154
18P3R3A11_03887	18P3R3A11_03887	100.000	199	0	0	1	199	1	199	3.54e-146	404
18P3R3A11_03887	56P2R2A4_01362	97.990	199	4	0	1	199	1	199	7.82e-144	398
18P3R3A11_03887	38P2R3A13_00761	97.990	199	4	0	1	199	1	199	1.04e-142	395
18P3R3A11_03887	42P1R1A12_01998	95.477	199	9	0	1	199	1	199	3.69e-140	389
18P3R3A11_03888	18P3R3A11_03888	100.000	57	0	0	1	57	1	57	4.41e-33	107
18P3R3A11_03888	38P2R3A13_00760	96.491	57	2	0	1	57	1	57	1.57e-31	103
18P3R3A11_03888	42P1R1A12_01999	96.296	54	2	0	1	54	1	54	2.86e-30	100
18P3R3A11_03889	18P3R3A11_03889	100.000	307	0	0	1	307	1	307	0.0	592
18P3R3A11_03889	38P2R3A13_00759	96.610	295	10	0	1	295	1	295	0.0	558
18P3R3A11_03889	56P2R2A4_01363	95.410	305	14	0	1	305	1	305	0.0	528
18P3R3A11_03889	38P2R3A13_04150	95.439	285	13	0	1	285	8	292	0.0	503
18P3R3A11_03890	18P3R3A11_03890	100.000	439	0	0	1	439	1	439	0.0	858
18P3R3A11_03890	38P2R3A13_00758	96.101	436	17	0	1	436	1	436	0.0	796
18P3R3A11_03892	18P3R3A11_03892	100.000	197	0	0	1	197	1	197	1.00e-146	405
18P3R3A11_03892	38P2R3A13_00756	96.447	197	7	0	1	197	1	197	3.77e-141	391
18P3R3A11_03893	18P3R3A11_03893	100.000	267	0	0	1	267	1	267	0.0	546
18P3R3A11_03894	18P3R3A11_03894	100.000	129	0	0	1	129	1	129	5.45e-92	261
18P3R3A11_03895	18P3R3A11_03895	100.000	230	0	0	1	230	1	230	8.44e-173	474
18P3R3A11_03896	18P3R3A11_03896	100.000	364	0	0	1	364	1	364	0.0	756
18P3R3A11_03896	38P2R3A13_04157	96.429	364	13	0	1	364	1	364	0.0	738
18P3R3A11_03896	10P3R2A13_03953	95.055	364	18	0	1	364	1	364	0.0	729
18P3R3A11_03897	18P3R3A11_03897	100.000	213	0	0	1	213	1	213	2.58e-157	433
18P3R3A11_03897	56P2R2A4_01373	97.183	213	6	0	1	213	1	213	7.27e-154	425
18P3R3A11_03898	18P3R3A11_03898	100.000	132	0	0	1	132	1	132	6.29e-94	266
18P3R3A11_03898	38P2R3A13_00750	96.154	130	5	0	1	130	1	130	9.11e-90	256
18P3R3A11_03899	18P3R3A11_03899	100.000	1321	0	0	1	1321	1	1321	0.0	2704
18P3R3A11_03899	47P2R3A6_02253	97.653	1321	31	0	1	1321	1	1321	0.0	2648
18P3R3A11_03899	38P2R3A13_04160	97.439	976	25	0	346	1321	1	976	0.0	1952
18P3R3A11_03900	18P3R3A11_03900	100.000	503	0	0	1	503	1	503	0.0	1004
18P3R3A11_03901	18P3R3A11_03901	100.000	140	0	0	1	140	1	140	7.20e-104	292
18P3R3A11_03901	38P2R3A13_07746	97.143	140	4	0	1	140	1	140	8.01e-101	285
18P3R3A11_03902	18P3R3A11_03902	100.000	395	0	0	1	395	1	395	0.0	767
18P3R3A11_03902	38P2R3A13_00746	97.975	395	8	0	1	395	1	395	0.0	757
18P3R3A11_03903	18P3R3A11_03903	100.000	278	0	0	1	278	1	278	0.0	550
18P3R3A11_03903	38P2R3A13_07748	97.842	278	6	0	1	278	1	278	0.0	542
18P3R3A11_03904	18P3R3A11_03904	100.000	376	0	0	1	376	1	376	0.0	768
18P3R3A11_03904	38P2R3A13_00744	96.011	376	15	0	1	376	1	376	0.0	702
18P3R3A11_03905	18P3R3A11_03905	100.000	428	0	0	1	428	1	428	0.0	882
18P3R3A11_03905	38P2R3A13_00743	95.794	428	18	0	1	428	1	428	0.0	822
18P3R3A11_03906	18P3R3A11_03906	100.000	355	0	0	1	355	1	355	0.0	734
18P3R3A11_03906	38P2R3A13_00742	97.465	355	9	0	1	355	1	355	0.0	713
18P3R3A11_03906	47P2R3A6_02246	96.056	355	14	0	1	355	1	355	0.0	701
18P3R3A11_03906	31P2R1A5_01538	95.437	263	12	0	93	355	1	263	0.0	526
18P3R3A11_03908	18P3R3A11_03908	100.000	226	0	0	1	226	1	226	7.29e-168	461
18P3R3A11_03908	38P2R3A13_08367	96.460	226	8	0	1	226	1	226	1.73e-162	447
18P3R3A11_03909	18P3R3A11_03909	100.000	289	0	0	1	289	1	289	0.0	592
18P3R3A11_03910	18P3R3A11_03910	100.000	302	0	0	1	302	1	302	0.0	612
18P3R3A11_03911	18P3R3A11_03911	100.000	284	0	0	1	284	1	284	0.0	575
18P3R3A11_03911	38P2R3A13_07108	97.887	284	6	0	1	284	1	284	0.0	563
18P3R3A11_03911	38P2R3A13_08190	96.127	284	11	0	1	284	1	284	0.0	525
18P3R3A11_03912	18P3R3A11_03912	100.000	616	0	0	1	616	1	616	0.0	1252
18P3R3A11_03913	18P3R3A11_03913	100.000	367	0	0	1	367	1	367	0.0	768
18P3R3A11_03913	38P2R3A13_08192	96.730	367	12	0	1	367	1	367	0.0	747
18P3R3A11_03913	43P2R2A2_03747	97.087	103	3	0	265	367	1	103	4.74e-71	217
18P3R3A11_03914	18P3R3A11_03914	100.000	120	0	0	1	120	1	120	1.54e-83	239
18P3R3A11_03914	47P2R3A6_04218	97.500	120	3	0	1	120	1	120	3.37e-82	236
18P3R3A11_03915	18P3R3A11_03915	100.000	213	0	0	1	213	1	213	2.04e-154	426
18P3R3A11_03915	31P2R1A5_04611	96.682	211	7	0	1	211	1	211	6.19e-149	412
18P3R3A11_03915	10P3R2A13_03999	98.068	207	4	0	1	207	19	225	5.34e-147	408
18P3R3A11_03916	18P3R3A11_03916	100.000	467	0	0	1	467	1	467	0.0	970
18P3R3A11_03916	38P2R3A13_08510	97.859	467	10	0	1	467	1	467	0.0	952
18P3R3A11_03916	31P2R1A5_04612	96.574	467	16	0	1	467	1	467	0.0	944
18P3R3A11_03916	10P3R2A13_03998	96.360	467	17	0	1	467	1	467	0.0	941
18P3R3A11_03917	18P3R3A11_03917	100.000	306	0	0	1	306	1	306	0.0	624
18P3R3A11_03917	31P2R1A5_04613	97.386	306	8	0	1	306	1	306	0.0	610
18P3R3A11_03917	10P3R2A13_03997	96.078	306	12	0	1	306	1	306	0.0	600
18P3R3A11_03917	42P1R1A12_03293	95.752	306	13	0	1	306	1	306	0.0	600
18P3R3A11_03917	38P2R3A13_08511	100.000	236	0	0	71	306	1	236	1.56e-175	484
18P3R3A11_03918	18P3R3A11_03918	100.000	458	0	0	1	458	1	458	0.0	935
18P3R3A11_03918	38P2R3A13_08317	97.380	458	12	0	1	458	1	458	0.0	908
18P3R3A11_03918	42P1R1A12_03292	95.415	458	21	0	1	458	1	458	0.0	894
18P3R3A11_03919	18P3R3A11_03919	100.000	258	0	0	1	258	1	258	0.0	511
18P3R3A11_03919	10P3R2A13_03993	95.349	258	12	0	1	258	2	259	3.75e-170	469
18P3R3A11_03920	18P3R3A11_03920	100.000	335	0	0	1	335	1	335	0.0	688
18P3R3A11_03920	38P2R3A13_07099	97.313	335	9	0	1	335	1	335	0.0	675
18P3R3A11_03920	38P2R3A13_08315	95.522	335	15	0	1	335	1	335	0.0	660
18P3R3A11_03921	18P3R3A11_03921	100.000	384	0	0	1	384	1	384	0.0	794
18P3R3A11_03921	38P2R3A13_08624	97.396	384	10	0	1	384	1	384	0.0	776
18P3R3A11_03922	18P3R3A11_03922	100.000	884	0	0	1	884	1	884	0.0	1812
18P3R3A11_03922	38P2R3A13_07762	98.303	825	14	0	60	884	1	825	0.0	1664
18P3R3A11_03923	18P3R3A11_03923	100.000	255	0	0	1	255	1	255	0.0	521
18P3R3A11_03924	18P3R3A11_03924	100.000	221	0	0	1	221	1	221	2.08e-161	444
18P3R3A11_03924	38P2R3A13_03923	95.928	221	9	0	1	221	1	221	1.61e-146	407
18P3R3A11_03925	18P3R3A11_03925	100.000	368	0	0	1	368	1	368	0.0	754
18P3R3A11_03926	18P3R3A11_03926	100.000	727	0	0	1	727	1	727	0.0	1480
18P3R3A11_03926	38P2R3A13_07758	96.699	727	24	0	1	727	1	727	0.0	1446
18P3R3A11_03927	18P3R3A11_03927	100.000	297	0	0	1	297	1	297	0.0	617
18P3R3A11_03928	18P3R3A11_03928	100.000	811	0	0	1	811	1	811	0.0	1644
18P3R3A11_03929	18P3R3A11_03929	100.000	387	0	0	1	387	1	387	0.0	794
18P3R3A11_03929	56P2R2A4_03522	97.674	387	9	0	1	387	1	387	0.0	778
18P3R3A11_03930	18P3R3A11_03930	100.000	106	0	0	1	106	1	106	5.24e-76	219
18P3R3A11_03930	31P2R1A5_04630	97.170	106	3	0	1	106	1	106	2.13e-73	213
18P3R3A11_03931	18P3R3A11_03931	100.000	227	0	0	1	227	1	227	1.31e-170	468
18P3R3A11_03932	18P3R3A11_03932	100.000	71	0	0	1	71	1	71	2.84e-49	149
18P3R3A11_03933	18P3R3A11_03933	100.000	732	0	0	1	732	1	732	0.0	1499
18P3R3A11_03933	38P2R3A13_07563	97.814	732	16	0	1	732	1	732	0.0	1473
18P3R3A11_03934	18P3R3A11_03934	100.000	342	0	0	1	342	1	342	0.0	702
18P3R3A11_03934	38P2R3A13_03914	95.906	342	14	0	1	342	1	342	0.0	678
18P3R3A11_03935	18P3R3A11_03935	100.000	295	0	0	1	295	1	295	0.0	589
18P3R3A11_03936	18P3R3A11_03936	100.000	177	0	0	1	177	1	177	2.77e-128	357
18P3R3A11_03936	38P2R3A13_07566	97.175	177	5	0	1	177	1	177	5.45e-124	346
18P3R3A11_03936	31P2R1A5_04635	96.610	177	6	0	1	177	1	177	5.89e-123	343
18P3R3A11_03937	18P3R3A11_03937	100.000	445	0	0	1	445	1	445	0.0	906
18P3R3A11_03937	38P2R3A13_07567	97.528	445	10	1	1	445	1	444	0.0	882
18P3R3A11_03938	18P3R3A11_03938	100.000	307	0	0	1	307	1	307	0.0	608
18P3R3A11_03938	38P2R3A13_03910	97.068	307	9	0	1	307	1	307	0.0	596
18P3R3A11_03939	18P3R3A11_03939	100.000	162	0	0	1	162	1	162	3.15e-113	318
18P3R3A11_03939	38P2R3A13_07569	96.914	162	5	0	1	162	1	162	1.15e-110	311
18P3R3A11_03940	18P3R3A11_03940	100.000	80	0	0	1	80	1	80	3.06e-50	152
18P3R3A11_03941	18P3R3A11_03941	100.000	282	0	0	1	282	1	282	0.0	566
18P3R3A11_03941	38P2R3A13_03907	96.809	282	9	0	1	282	1	282	0.0	554
18P3R3A11_03942	18P3R3A11_03942	100.000	503	0	0	1	503	1	503	0.0	1040
18P3R3A11_03942	31P2R1A5_02449	96.215	502	19	0	1	502	1	502	0.0	1009
18P3R3A11_03943	18P3R3A11_03943	100.000	337	0	0	1	337	1	337	0.0	676
18P3R3A11_03944	18P3R3A11_03944	100.000	249	0	0	1	249	1	249	0.0	515
18P3R3A11_03944	38P2R3A13_08129	96.386	249	9	0	1	249	1	249	0.0	503
18P3R3A11_03944	38P2R3A13_03902	95.582	249	11	0	1	249	1	249	0.0	498
18P3R3A11_03945	18P3R3A11_03945	100.000	140	0	0	1	140	1	140	3.25e-98	278
18P3R3A11_03946	18P3R3A11_03946	100.000	199	0	0	1	199	1	199	7.62e-146	403
18P3R3A11_03947	18P3R3A11_03947	100.000	256	0	0	1	256	1	256	0.0	517
18P3R3A11_03947	42P1R1A12_00322	95.935	246	10	0	1	246	1	246	2.33e-175	483
18P3R3A11_03947	31P2R1A5_02455	95.122	246	12	0	1	246	1	246	2.66e-174	480
18P3R3A11_03947	38P2R3A13_08077	98.585	212	3	0	45	256	1	212	6.95e-150	416
18P3R3A11_03948	18P3R3A11_03948	100.000	435	0	0	1	435	1	435	0.0	845
18P3R3A11_03948	38P2R3A13_03898	97.241	435	12	0	1	435	1	435	0.0	830
18P3R3A11_03949	18P3R3A11_03949	100.000	248	0	0	1	248	1	248	0.0	517
18P3R3A11_03949	38P2R3A13_03897	95.690	232	10	0	17	248	17	248	4.00e-170	469
18P3R3A11_03950	18P3R3A11_03950	100.000	330	0	0	1	330	1	330	0.0	673
18P3R3A11_03950	38P2R3A13_03896	96.970	330	10	0	1	330	1	330	0.0	655
18P3R3A11_03951	18P3R3A11_03951	100.000	321	0	0	1	321	1	321	0.0	651
18P3R3A11_03952	18P3R3A11_03952	100.000	298	0	0	1	298	1	298	0.0	601
18P3R3A11_03952	47P2R3A6_04255	95.302	298	14	0	1	298	1	298	0.0	581
18P3R3A11_03953	18P3R3A11_03953	100.000	66	0	0	1	66	1	66	1.65e-43	134
18P3R3A11_03954	18P3R3A11_03954	100.000	169	0	0	1	169	1	169	1.96e-121	339
18P3R3A11_03955	18P3R3A11_03955	100.000	233	0	0	1	233	1	233	7.53e-170	467
18P3R3A11_03955	31P2R1A5_04642	96.137	233	9	0	1	233	1	233	1.33e-153	426
18P3R3A11_03955	10P3R2A13_04370	95.708	233	10	0	1	233	1	233	1.19e-152	423
18P3R3A11_03956	18P3R3A11_03956	100.000	458	0	0	1	458	1	458	0.0	932
18P3R3A11_03956	38P2R3A13_08441	100.000	424	0	0	35	458	1	424	0.0	866
18P3R3A11_03957	18P3R3A11_03957	100.000	225	0	0	1	225	1	225	9.73e-172	471
18P3R3A11_03957	38P2R3A13_03890	97.778	225	5	0	1	225	1	225	3.53e-168	462
18P3R3A11_03958	18P3R3A11_03958	100.000	207	0	0	1	207	1	207	1.18e-154	426
18P3R3A11_03958	11P3R3A1_04099	96.618	207	7	0	1	207	1	207	7.16e-150	414
18P3R3A11_03958	38P2R3A13_08439	97.826	184	4	0	24	207	1	184	9.77e-133	370
18P3R3A11_03959	18P3R3A11_03959	100.000	345	0	0	1	345	1	345	0.0	684
18P3R3A11_03959	38P2R3A13_03888	95.942	345	14	0	1	345	1	345	0.0	662
18P3R3A11_03960	18P3R3A11_03960	100.000	283	0	0	1	283	1	283	0.0	592
18P3R3A11_03961	18P3R3A11_03961	100.000	279	0	0	1	279	1	279	0.0	575
18P3R3A11_03962	18P3R3A11_03962	100.000	490	0	0	1	490	1	490	0.0	1014
18P3R3A11_03963	18P3R3A11_03963	100.000	420	0	0	1	420	1	420	0.0	865
18P3R3A11_03963	38P2R3A13_06683	95.215	418	20	0	1	418	1	418	0.0	831
18P3R3A11_03964	18P3R3A11_03964	100.000	511	0	0	1	511	1	511	0.0	1071
18P3R3A11_03964	10P3R2A13_03772	95.890	511	21	0	1	511	1	511	0.0	1040
18P3R3A11_03965	18P3R3A11_03965	100.000	433	0	0	1	433	1	433	0.0	897
18P3R3A11_03965	38P2R3A13_06064	97.229	433	12	0	1	433	1	433	0.0	874
18P3R3A11_03966	18P3R3A11_03966	100.000	357	0	0	1	357	1	357	0.0	729
18P3R3A11_03966	38P2R3A13_01679	95.798	357	15	0	1	357	1	357	0.0	707
18P3R3A11_03967	18P3R3A11_03967	100.000	578	0	0	1	578	1	578	0.0	1140
18P3R3A11_03967	38P2R3A13_01678	97.751	578	13	0	1	578	1	578	0.0	1110
18P3R3A11_03968	18P3R3A11_03968	100.000	305	0	0	1	305	1	305	0.0	623
18P3R3A11_03969	18P3R3A11_03969	100.000	174	0	0	1	174	1	174	1.17e-128	358
18P3R3A11_03969	38P2R3A13_01676	95.977	174	7	0	1	174	31	204	4.91e-124	347
18P3R3A11_03969	38P2R3A13_06060	95.977	174	7	0	1	174	31	204	1.68e-122	343
18P3R3A11_03970	18P3R3A11_03970	100.000	244	0	0	1	244	1	244	0.0	496
18P3R3A11_03971	18P3R3A11_03971	100.000	85	0	0	1	85	1	85	1.12e-50	154
18P3R3A11_03972	18P3R3A11_03972	100.000	701	0	0	1	701	1	701	0.0	1448
18P3R3A11_03973	18P3R3A11_03973	100.000	562	0	0	1	562	1	562	0.0	1158
18P3R3A11_03974	18P3R3A11_03974	100.000	447	0	0	1	447	1	447	0.0	924
18P3R3A11_03975	18P3R3A11_03975	100.000	319	0	0	1	319	1	319	0.0	651
18P3R3A11_03975	38P2R3A13_06055	95.298	319	15	0	1	319	1	319	0.0	625
18P3R3A11_03976	18P3R3A11_03976	100.000	396	0	0	1	396	1	396	0.0	755
18P3R3A11_03976	38P2R3A13_06054	95.455	396	18	0	1	396	1	396	0.0	727
18P3R3A11_03976	38P2R3A13_01670	95.707	396	17	0	1	396	1	396	0.0	679
18P3R3A11_03977	18P3R3A11_03977	100.000	337	0	0	1	337	1	337	0.0	682
18P3R3A11_03977	38P2R3A13_01669	95.549	337	15	0	1	337	1	337	0.0	652
18P3R3A11_03978	18P3R3A11_03978	100.000	347	0	0	1	347	1	347	0.0	714
18P3R3A11_03979	18P3R3A11_03979	100.000	328	0	0	1	328	1	328	0.0	664
18P3R3A11_03979	37P2R3-2A1_03155	96.951	328	10	0	1	328	1	328	0.0	646
18P3R3A11_03980	18P3R3A11_03980	100.000	253	0	0	1	253	1	253	0.0	513
18P3R3A11_03980	37P2R3-2A1_03156	96.838	253	8	0	1	253	1	253	0.0	500
18P3R3A11_03981	18P3R3A11_03981	100.000	299	0	0	1	299	1	299	0.0	619
18P3R3A11_03981	38P2R3A13_01665	95.318	299	14	0	1	299	1	299	0.0	571
18P3R3A11_03982	18P3R3A11_03982	100.000	763	0	0	1	763	1	763	0.0	1579
18P3R3A11_03982	38P2R3A13_01664	97.117	763	22	0	1	763	1	763	0.0	1546
18P3R3A11_03982	38P2R3A13_06047	95.441	329	15	0	1	329	1	329	0.0	662
18P3R3A11_03983	18P3R3A11_03983	100.000	165	0	0	1	165	1	165	1.61e-123	344
18P3R3A11_03984	18P3R3A11_03984	100.000	168	0	0	1	168	1	168	4.91e-124	345
18P3R3A11_03985	18P3R3A11_03985	100.000	448	0	0	1	448	1	448	0.0	923
18P3R3A11_03985	38P2R3A13_01661	97.545	448	11	0	1	448	1	448	0.0	908
18P3R3A11_03985	38P2R3A13_07071	96.101	436	17	0	13	448	1	436	0.0	875
18P3R3A11_03986	18P3R3A11_03986	100.000	413	0	0	1	413	1	413	0.0	841
18P3R3A11_03986	38P2R3A13_01660	97.094	413	12	0	1	413	1	413	0.0	817
18P3R3A11_03987	18P3R3A11_03987	100.000	1207	0	0	1	1207	1	1207	0.0	2474
18P3R3A11_03987	38P2R3A13_07073	96.272	1207	45	0	1	1207	1	1207	0.0	2359
18P3R3A11_03987	38P2R3A13_01659	95.443	1207	55	0	1	1207	1	1207	0.0	2341
18P3R3A11_03988	18P3R3A11_03988	100.000	239	0	0	1	239	1	239	8.76e-180	492
18P3R3A11_03988	38P2R3A13_07074	95.397	239	11	0	1	239	1	239	9.56e-173	474
18P3R3A11_03989	18P3R3A11_03989	100.000	339	0	0	1	339	1	339	0.0	690
18P3R3A11_03989	37P2R3-2A1_03165	96.755	339	11	0	1	339	1	339	0.0	667
18P3R3A11_03989	38P2R3A13_07075	95.575	339	15	0	1	339	1	339	0.0	664
18P3R3A11_03990	18P3R3A11_03990	100.000	175	0	0	1	175	1	175	1.22e-125	350
18P3R3A11_03991	18P3R3A11_03991	100.000	500	0	0	1	500	1	500	0.0	1052
18P3R3A11_03992	18P3R3A11_03992	100.000	135	0	0	1	135	1	135	1.57e-97	276
18P3R3A11_03993	18P3R3A11_03993	100.000	165	0	0	1	165	1	165	1.26e-123	344
18P3R3A11_03994	18P3R3A11_03994	100.000	107	0	0	1	107	1	107	2.67e-77	223
18P3R3A11_03995	18P3R3A11_03995	100.000	161	0	0	1	161	1	161	2.02e-116	326
18P3R3A11_03996	18P3R3A11_03996	100.000	136	0	0	1	136	1	136	1.12e-100	284
18P3R3A11_03997	18P3R3A11_03997	100.000	588	0	0	1	588	1	588	0.0	1191
18P3R3A11_03998	18P3R3A11_03998	100.000	266	0	0	1	266	1	266	0.0	552
18P3R3A11_03999	18P3R3A11_03999	100.000	329	0	0	1	329	1	329	0.0	670
18P3R3A11_04000	18P3R3A11_04000	100.000	271	0	0	1	271	1	271	0.0	545
18P3R3A11_04001	18P3R3A11_04001	100.000	188	0	0	1	188	1	188	3.67e-139	385
18P3R3A11_04002	18P3R3A11_04002	100.000	624	0	0	1	624	1	624	0.0	1280
18P3R3A11_04002	38P2R3A13_05591	95.994	624	25	0	1	624	1	624	0.0	1239
18P3R3A11_04003	18P3R3A11_04003	100.000	348	0	0	1	348	1	348	0.0	708
18P3R3A11_04003	56P2R2A4_00245	97.126	348	10	0	1	348	1	348	0.0	690
18P3R3A11_04004	18P3R3A11_04004	100.000	872	0	0	1	872	1	872	0.0	1769
18P3R3A11_04004	38P2R3A13_05589	96.101	872	34	0	1	872	1	872	0.0	1670
18P3R3A11_04005	18P3R3A11_04005	100.000	473	0	0	1	473	1	473	0.0	965
18P3R3A11_04005	38P2R3A13_01639	96.203	474	16	2	1	473	1	473	0.0	904
18P3R3A11_04006	18P3R3A11_04006	100.000	473	0	0	1	473	1	473	0.0	974
18P3R3A11_04007	18P3R3A11_04007	100.000	255	0	0	1	255	1	255	0.0	523
18P3R3A11_04008	18P3R3A11_04008	100.000	152	0	0	1	152	1	152	3.49e-107	301
18P3R3A11_04009	18P3R3A11_04009	100.000	105	0	0	1	105	1	105	1.96e-75	218
18P3R3A11_04010	18P3R3A11_04010	100.000	643	0	0	1	643	1	643	0.0	1334
18P3R3A11_04010	37P2R3-2A1_04437	99.383	486	3	0	158	643	1	486	0.0	1008
18P3R3A11_04011	18P3R3A11_04011	100.000	145	0	0	1	145	1	145	5.16e-98	278
18P3R3A11_04011	37P2R3-2A1_04438	97.931	145	3	0	1	145	1	145	5.23e-96	273
18P3R3A11_04012	18P3R3A11_04012	100.000	343	0	0	1	343	1	343	0.0	662
18P3R3A11_04013	18P3R3A11_04013	100.000	307	0	0	1	307	1	307	0.0	627
18P3R3A11_04014	18P3R3A11_04014	100.000	1278	0	0	1	1278	1	1278	0.0	2596
18P3R3A11_04015	18P3R3A11_04015	100.000	89	0	0	1	89	1	89	2.66e-61	181
18P3R3A11_04016	18P3R3A11_04016	100.000	197	0	0	1	197	1	197	6.24e-141	390
18P3R3A11_04017	18P3R3A11_04017	100.000	244	0	0	1	244	1	244	0.0	512
18P3R3A11_04018	18P3R3A11_04018	100.000	252	0	0	1	252	1	252	0.0	528
18P3R3A11_04019	18P3R3A11_04019	100.000	116	0	0	1	116	1	116	2.48e-82	236
18P3R3A11_04020	18P3R3A11_04020	100.000	839	0	0	1	839	1	839	0.0	1698
18P3R3A11_04021	18P3R3A11_04021	100.000	107	0	0	1	107	1	107	3.05e-76	220
18P3R3A11_04022	18P3R3A11_04022	100.000	141	0	0	1	141	1	141	7.05e-99	280
18P3R3A11_04023	18P3R3A11_04023	100.000	246	0	0	1	246	1	246	3.18e-178	489
18P3R3A11_04024	18P3R3A11_04024	100.000	133	0	0	1	133	1	133	1.21e-93	266
18P3R3A11_04025	18P3R3A11_04025	100.000	185	0	0	1	185	1	185	3.27e-130	362
18P3R3A11_04026	18P3R3A11_04026	100.000	118	0	0	1	118	1	118	2.59e-84	241
18P3R3A11_04027	18P3R3A11_04027	100.000	172	0	0	1	172	1	172	7.55e-115	323
18P3R3A11_04028	18P3R3A11_04028	100.000	342	0	0	1	342	1	342	0.0	702
18P3R3A11_04029	18P3R3A11_04029	100.000	111	0	0	1	111	1	111	9.18e-78	224
18P3R3A11_04030	18P3R3A11_04030	100.000	448	0	0	1	448	1	448	0.0	905
18P3R3A11_04031	18P3R3A11_04031	100.000	531	0	0	1	531	1	531	0.0	1103
18P3R3A11_04032	18P3R3A11_04032	100.000	69	0	0	1	69	1	69	2.93e-45	139
18P3R3A11_04033	18P3R3A11_04033	100.000	581	0	0	1	581	1	581	0.0	1208
18P3R3A11_04034	18P3R3A11_04034	100.000	182	0	0	1	182	1	182	2.18e-132	368
18P3R3A11_04035	18P3R3A11_04035	100.000	88	0	0	1	88	1	88	1.15e-61	181
18P3R3A11_04036	18P3R3A11_04036	100.000	75	0	0	1	75	1	75	2.29e-53	159
18P3R3A11_04037	18P3R3A11_04037	100.000	80	0	0	1	80	1	80	6.15e-57	169
18P3R3A11_04038	18P3R3A11_04038	100.000	207	0	0	1	207	1	207	1.81e-157	433
18P3R3A11_04039	18P3R3A11_04039	100.000	90	0	0	1	90	1	90	5.31e-60	177
18P3R3A11_04040	18P3R3A11_04040	100.000	210	0	0	1	210	1	210	2.39e-157	433
18P3R3A11_04041	18P3R3A11_04041	100.000	93	0	0	1	93	1	93	1.16e-61	182
18P3R3A11_04042	18P3R3A11_04042	100.000	130	0	0	1	130	1	130	4.82e-87	249
18P3R3A11_04043	18P3R3A11_04043	100.000	261	0	0	1	261	1	261	0.0	539
18P3R3A11_04044	18P3R3A11_04044	100.000	104	0	0	1	104	1	104	6.45e-75	216
18P3R3A11_04045	18P3R3A11_04045	100.000	624	0	0	1	624	1	624	0.0	1296
18P3R3A11_04046	18P3R3A11_04046	100.000	36	0	0	1	36	1	36	1.41e-19	72.0
18P3R3A11_04047	18P3R3A11_04047	100.000	341	0	0	1	341	1	341	0.0	708
18P3R3A11_04048	18P3R3A11_04048	100.000	70	0	0	1	70	1	70	3.72e-49	149
18P3R3A11_04049	18P3R3A11_04049	100.000	236	0	0	1	236	1	236	1.69e-177	486
18P3R3A11_04050	18P3R3A11_04050	100.000	98	0	0	1	98	1	98	1.12e-69	202
18P3R3A11_04051	18P3R3A11_04051	100.000	129	0	0	1	129	1	129	3.09e-95	270
18P3R3A11_04052	18P3R3A11_04052	100.000	74	0	0	1	74	1	74	9.44e-49	148
18P3R3A11_04053	18P3R3A11_04053	100.000	136	0	0	1	136	1	136	1.05e-94	269
18P3R3A11_04054	18P3R3A11_04054	100.000	204	0	0	1	204	1	204	3.88e-155	427
18P3R3A11_04055	18P3R3A11_04055	100.000	138	0	0	1	138	1	138	1.77e-100	283
18P3R3A11_04056	18P3R3A11_04056	100.000	193	0	0	1	193	1	193	2.95e-143	396
18P3R3A11_04057	18P3R3A11_04057	100.000	31	0	0	1	31	1	31	5.15e-14	57.4
18P3R3A11_04058	18P3R3A11_04058	100.000	95	0	0	1	95	1	95	1.10e-66	195
18P3R3A11_04059	18P3R3A11_04059	100.000	70	0	0	1	70	1	70	4.23e-47	143
18P3R3A11_04060	18P3R3A11_04060	100.000	391	0	0	1	391	1	391	0.0	813
18P3R3A11_04061	18P3R3A11_04061	100.000	81	0	0	1	81	1	81	1.40e-53	160
18P3R3A11_04061	12_1P1R2A2-1_04181	98.750	80	1	0	1	80	1	80	1.71e-52	158
18P3R3A11_04061	29P3R3A9_02958	98.750	80	1	0	1	80	1	80	2.30e-49	160
18P3R3A11_04062	18P3R3A11_04062	100.000	161	0	0	1	161	1	161	1.41e-111	313
18P3R3A11_04063	18P3R3A11_04063	100.000	413	0	0	1	413	1	413	0.0	837
18P3R3A11_04064	18P3R3A11_04064	100.000	390	0	0	1	390	1	390	0.0	811
18P3R3A11_04065	18P3R3A11_04065	100.000	473	0	0	1	473	1	473	0.0	989
18P3R3A11_04066	18P3R3A11_04066	100.000	732	0	0	1	732	1	732	0.0	1521
18P3R3A11_04067	18P3R3A11_04067	100.000	446	0	0	1	446	1	446	0.0	912
18P3R3A11_04068	18P3R3A11_04068	100.000	424	0	0	1	424	1	424	0.0	844
18P3R3A11_04069	18P3R3A11_04069	100.000	104	0	0	1	104	1	104	1.31e-72	210
18P3R3A11_04069	38P2R3A13_05934	97.115	104	3	0	1	104	1	104	4.59e-71	206
18P3R3A11_04070	18P3R3A11_04070	100.000	441	0	0	1	441	1	441	0.0	884
18P3R3A11_04071	18P3R3A11_04071	100.000	105	0	0	1	105	1	105	1.41e-73	213
18P3R3A11_04072	18P3R3A11_04072	100.000	302	0	0	1	302	1	302	0.0	620
18P3R3A11_04073	18P3R3A11_04073	100.000	347	0	0	1	347	1	347	0.0	710
18P3R3A11_04074	18P3R3A11_04074	100.000	69	0	0	1	69	1	69	1.66e-46	142
18P3R3A11_04076	18P3R3A11_04076	100.000	310	0	0	1	310	1	310	0.0	643
18P3R3A11_04076	38P2R3A13_06637	96.129	310	12	0	1	310	1	310	0.0	622
18P3R3A11_04077	18P3R3A11_04077	100.000	534	0	0	1	534	1	534	0.0	1115
18P3R3A11_04077	38P2R3A13_03049	97.940	534	11	0	1	534	1	534	0.0	1094
18P3R3A11_04077	38P2R3A13_06636	95.693	534	23	0	1	534	1	534	0.0	1073
18P3R3A11_04078	18P3R3A11_04078	100.000	435	0	0	1	435	1	435	0.0	905
18P3R3A11_04080	18P3R3A11_04080	100.000	276	0	0	1	276	1	276	0.0	561
18P3R3A11_04080	56P2R2A4_03773	97.473	277	6	1	1	276	1	277	0.0	544
18P3R3A11_04081	18P3R3A11_04081	100.000	1228	0	0	1	1228	1	1228	0.0	2536
18P3R3A11_04081	38P2R3A13_06632	96.661	1228	41	0	1	1228	1	1228	0.0	2469
18P3R3A11_04082	18P3R3A11_04082	100.000	544	0	0	1	544	1	544	0.0	1089
18P3R3A11_04082	38P2R3A13_06631	97.610	544	13	0	1	544	1	544	0.0	1068
18P3R3A11_04083	18P3R3A11_04083	100.000	96	0	0	1	96	1	96	3.31e-66	194
18P3R3A11_04084	18P3R3A11_04084	100.000	101	0	0	1	101	1	101	9.76e-72	208
18P3R3A11_04085	18P3R3A11_04085	100.000	291	0	0	1	291	1	291	0.0	591
18P3R3A11_04085	38P2R3A13_06630	95.876	291	11	1	1	291	1	290	0.0	519
18P3R3A11_04086	18P3R3A11_04086	100.000	91	0	0	1	91	1	91	1.28e-61	182
18P3R3A11_04086	37P2R3-2A1_04415	97.802	91	2	0	1	91	1	91	7.77e-60	177
18P3R3A11_04087	18P3R3A11_04087	100.000	315	0	0	1	315	1	315	0.0	617
18P3R3A11_04087	38P2R3A13_03059	97.778	315	7	0	1	315	1	315	0.0	607
18P3R3A11_04087	38P2R3A13_06628	97.460	315	8	0	1	315	1	315	0.0	602
18P3R3A11_04088	18P3R3A11_04088	100.000	450	0	0	1	450	1	450	0.0	912
18P3R3A11_04089	18P3R3A11_04089	100.000	550	0	0	1	550	1	550	0.0	1139
18P3R3A11_04089	42P1R1A12_03069	96.000	550	22	0	1	550	1	550	0.0	1099
18P3R3A11_04089	31P2R1A5_04583	95.273	550	26	0	1	550	1	550	0.0	1091
18P3R3A11_04089	38P2R3A13_07312	98.008	502	10	0	49	550	1	502	0.0	1019
18P3R3A11_04089	34P3R2A10_04732	95.522	469	21	0	82	550	1	469	0.0	937
18P3R3A11_04090	18P3R3A11_04090	100.000	81	0	0	1	81	1	81	7.50e-46	141
18P3R3A11_04090	38P2R3A13_07313	96.296	81	3	0	1	81	1	81	9.19e-12	55.1
18P3R3A11_04091	18P3R3A11_04091	100.000	213	0	0	1	213	1	213	4.20e-160	440
18P3R3A11_04092	18P3R3A11_04092	100.000	246	0	0	1	246	1	246	0.0	501
18P3R3A11_04093	18P3R3A11_04093	100.000	699	0	0	1	699	1	699	0.0	1450
18P3R3A11_04093	38P2R3A13_03065	97.139	699	20	0	1	699	1	699	0.0	1426
18P3R3A11_04093	38P2R3A13_07316	97.139	699	20	0	1	699	1	699	0.0	1420
18P3R3A11_04094	18P3R3A11_04094	100.000	137	0	0	1	137	1	137	1.24e-94	269
18P3R3A11_04094	10P3R2A13_03814	97.810	137	3	0	1	137	1	137	1.60e-92	263
18P3R3A11_04094	38P2R3A13_07319	97.810	137	3	0	1	137	1	137	9.08e-92	261
18P3R3A11_04095	18P3R3A11_04095	100.000	297	0	0	1	297	1	297	0.0	589
18P3R3A11_04095	31P2R1A5_04579	95.623	297	13	0	1	297	1	297	0.0	569
18P3R3A11_04096	18P3R3A11_04096	100.000	515	0	0	1	515	1	515	0.0	1043
18P3R3A11_04096	38P2R3A13_07321	97.087	515	15	0	1	515	1	515	0.0	1019
18P3R3A11_04096	38P2R3A13_03068	97.282	515	14	0	1	515	1	515	0.0	1017
18P3R3A11_04097	18P3R3A11_04097	100.000	397	0	0	1	397	1	397	0.0	800
18P3R3A11_04097	38P2R3A13_07322	96.396	111	4	0	287	397	1	111	3.23e-70	216
18P3R3A11_04098	18P3R3A11_04098	100.000	370	0	0	1	370	1	370	0.0	753
18P3R3A11_04098	54P2R2A3_03749	97.027	370	11	0	1	370	1	370	0.0	733
18P3R3A11_04098	31P2R1A5_04576	96.216	370	14	0	1	370	1	370	0.0	730
18P3R3A11_04098	38P2R3A13_07799	99.497	199	1	0	172	370	1	199	1.47e-144	407
18P3R3A11_04099	18P3R3A11_04099	100.000	448	0	0	1	448	1	448	0.0	920
18P3R3A11_04100	18P3R3A11_04100	100.000	318	0	0	1	318	1	318	0.0	635
18P3R3A11_04101	18P3R3A11_04101	100.000	369	0	0	1	369	1	369	0.0	760
18P3R3A11_04102	18P3R3A11_04102	100.000	514	0	0	1	514	1	514	0.0	1061
18P3R3A11_04103	18P3R3A11_04103	100.000	166	0	0	1	166	1	166	2.70e-117	328
18P3R3A11_04103	38P2R3A13_03073	96.386	166	6	0	1	166	1	166	3.21e-113	318
18P3R3A11_04104	18P3R3A11_04104	100.000	290	0	0	1	290	1	290	0.0	581
18P3R3A11_04104	38P2R3A13_03074	96.207	290	11	0	1	290	1	290	0.0	563
18P3R3A11_04105	18P3R3A11_04105	100.000	807	0	0	1	807	1	807	0.0	1662
18P3R3A11_04105	38P2R3A13_03105	97.646	807	19	0	1	807	1	807	0.0	1634
18P3R3A11_04106	18P3R3A11_04106	100.000	123	0	0	1	123	1	123	3.85e-83	238
18P3R3A11_04106	38P2R3A13_03106	95.935	123	5	0	1	123	1	123	5.69e-75	218
18P3R3A11_04107	18P3R3A11_04107	100.000	203	0	0	1	203	1	203	2.65e-147	407
18P3R3A11_04108	18P3R3A11_04108	100.000	446	0	0	1	446	1	446	0.0	867
18P3R3A11_04108	38P2R3A13_03108	95.067	446	22	0	1	446	1	446	0.0	794
18P3R3A11_04109	18P3R3A11_04109	100.000	71	0	0	1	71	1	71	3.83e-46	141
18P3R3A11_04109	38P2R3A13_03109	97.183	71	2	0	1	71	1	71	1.09e-44	137
18P3R3A11_04109	37P2R3-2A1_04022	95.775	71	3	0	1	71	1	71	2.79e-43	134
18P3R3A11_04110	18P3R3A11_04110	100.000	171	0	0	1	171	1	171	3.22e-126	351
18P3R3A11_04110	38P2R3A13_03110	97.076	171	5	0	1	171	1	171	2.14e-122	342
18P3R3A11_04110	38P2R3A13_07680	96.491	171	6	0	1	171	1	171	2.60e-122	341
18P3R3A11_04111	18P3R3A11_04111	100.000	163	0	0	1	163	1	163	3.73e-121	338
18P3R3A11_04112	18P3R3A11_04112	100.000	399	0	0	1	399	1	399	0.0	796
18P3R3A11_04113	18P3R3A11_04113	100.000	332	0	0	1	332	1	332	0.0	693
18P3R3A11_04113	38P2R3A13_07677	97.892	332	7	0	1	332	1	332	0.0	679
18P3R3A11_04114	18P3R3A11_04114	100.000	81	0	0	1	81	1	81	1.64e-50	153
18P3R3A11_04114	37P2R3-2A1_04027	96.296	81	3	0	1	81	1	81	1.22e-48	148
18P3R3A11_04114	38P2R3A13_07676	95.062	81	4	0	1	81	1	81	1.49e-39	125
18P3R3A11_04115	18P3R3A11_04115	100.000	328	0	0	1	328	1	328	0.0	667
18P3R3A11_04115	38P2R3A13_03115	96.341	328	12	0	1	328	1	328	0.0	649
18P3R3A11_04115	38P2R3A13_07675	96.646	328	11	0	1	328	1	328	0.0	648
18P3R3A11_04117	18P3R3A11_04117	100.000	360	0	0	1	360	1	360	0.0	738
18P3R3A11_04117	38P2R3A13_03117	96.389	360	13	0	1	360	1	360	0.0	710
18P3R3A11_04118	18P3R3A11_04118	100.000	398	0	0	1	398	1	398	0.0	815
18P3R3A11_04118	38P2R3A13_03126	97.990	398	8	0	1	398	1	398	0.0	798
18P3R3A11_04118	38P2R3A13_07636	95.226	398	19	0	1	398	1	398	0.0	786
18P3R3A11_04119	18P3R3A11_04119	100.000	379	0	0	1	379	1	379	0.0	785
18P3R3A11_04119	38P2R3A13_06590	96.042	379	15	0	1	379	1	379	0.0	759
18P3R3A11_04120	18P3R3A11_04120	100.000	168	0	0	1	168	1	168	8.46e-126	350
18P3R3A11_04120	38P2R3A13_06591	95.238	168	8	0	1	168	1	168	4.64e-120	335
18P3R3A11_04121	18P3R3A11_04121	100.000	333	0	0	1	333	1	333	0.0	690
18P3R3A11_04121	56P2R2A4_03014	97.297	333	9	0	1	333	1	333	0.0	672
18P3R3A11_04121	38P2R3A13_06592	96.997	333	10	0	1	333	1	333	0.0	671
18P3R3A11_04122	18P3R3A11_04122	100.000	322	0	0	1	322	1	322	0.0	637
18P3R3A11_04122	38P2R3A13_02939	97.188	320	9	0	1	320	1	320	0.0	622
18P3R3A11_04123	18P3R3A11_04123	100.000	414	0	0	1	414	1	414	0.0	817
18P3R3A11_04123	38P2R3A13_07699	97.585	414	10	0	1	414	1	414	0.0	798
18P3R3A11_04124	18P3R3A11_04124	100.000	496	0	0	1	496	1	496	0.0	1031
18P3R3A11_04124	38P2R3A13_02941	95.363	496	23	0	1	496	1	496	0.0	982
18P3R3A11_04125	18P3R3A11_04125	100.000	471	0	0	1	471	1	471	0.0	988
18P3R3A11_04125	56P2R2A4_03010	97.665	471	11	0	1	471	1	471	0.0	971
18P3R3A11_04125	38P2R3A13_07701	96.603	471	16	0	1	471	1	471	0.0	962
18P3R3A11_04126	18P3R3A11_04126	100.000	433	0	0	1	433	1	433	0.0	868
18P3R3A11_04126	38P2R3A13_07702	97.460	433	11	0	1	433	1	433	0.0	855
18P3R3A11_04127	18P3R3A11_04127	100.000	259	0	0	1	259	1	259	0.0	538
18P3R3A11_04127	38P2R3A13_02944	97.297	259	7	0	1	259	1	259	0.0	521
18P3R3A11_04128	18P3R3A11_04128	100.000	221	0	0	1	221	1	221	1.70e-159	439
18P3R3A11_04128	38P2R3A13_02945	96.833	221	7	0	1	221	1	221	1.19e-155	430
18P3R3A11_04129	18P3R3A11_04129	100.000	128	0	0	1	128	1	128	1.75e-90	258
18P3R3A11_04130	18P3R3A11_04130	100.000	123	0	0	1	123	1	123	4.20e-83	238
18P3R3A11_04130	38P2R3A13_02947	95.122	123	6	0	1	123	1	123	9.43e-80	230
18P3R3A11_04131	18P3R3A11_04131	100.000	102	0	0	1	102	1	102	1.27e-67	197
18P3R3A11_04131	38P2R3A13_02948	97.059	102	3	0	1	102	1	102	1.45e-65	192
18P3R3A11_04131	38P2R3A13_08413	96.078	102	4	0	1	102	1	102	2.49e-65	192
18P3R3A11_04132	18P3R3A11_04132	100.000	133	0	0	1	133	1	133	1.94e-93	265
18P3R3A11_04132	38P2R3A13_02949	97.692	130	3	0	1	130	1	130	9.70e-90	256
18P3R3A11_04133	18P3R3A11_04133	100.000	99	0	0	1	99	1	99	1.29e-66	195
18P3R3A11_04133	38P2R3A13_02950	95.960	99	4	0	1	99	1	99	1.04e-62	185
18P3R3A11_04134	18P3R3A11_04134	100.000	131	0	0	1	131	1	131	4.49e-89	254
18P3R3A11_04134	38P2R3A13_02951	96.947	131	4	0	1	131	1	131	5.92e-88	251
18P3R3A11_04134	47P2R3A6_01493	96.947	131	4	0	1	131	1	131	1.36e-87	250
18P3R3A11_04134	31P2R1A5_03540	95.420	131	6	0	1	131	1	131	9.74e-86	246
18P3R3A11_04135	18P3R3A11_04135	100.000	329	0	0	1	329	1	329	0.0	683
18P3R3A11_04135	47P2R3A6_01492	97.872	329	7	0	1	329	1	329	0.0	672
18P3R3A11_04135	38P2R3A13_02952	97.568	329	8	0	1	329	1	329	0.0	669
18P3R3A11_04135	38P2R3A13_06903	96.000	50	2	0	280	329	1	50	1.00e-28	105
18P3R3A11_04136	18P3R3A11_04136	100.000	122	0	0	1	122	1	122	1.84e-85	244
18P3R3A11_04137	18P3R3A11_04137	100.000	301	0	0	1	301	1	301	0.0	608
18P3R3A11_04138	18P3R3A11_04138	100.000	234	0	0	1	234	1	234	5.78e-177	485
18P3R3A11_04138	38P2R3A13_06906	97.436	234	6	0	1	234	1	234	1.73e-172	473
18P3R3A11_04139	18P3R3A11_04139	100.000	434	0	0	1	434	1	434	0.0	876
18P3R3A11_04140	18P3R3A11_04140	100.000	444	0	0	1	444	1	444	0.0	889
18P3R3A11_04140	38P2R3A13_06908	96.622	444	15	0	1	444	1	444	0.0	865
18P3R3A11_04141	18P3R3A11_04141	100.000	106	0	0	1	106	1	106	1.49e-75	218
18P3R3A11_04142	18P3R3A11_04142	100.000	162	0	0	1	162	1	162	2.38e-121	338
18P3R3A11_04143	18P3R3A11_04143	100.000	137	0	0	1	137	1	137	2.52e-100	283
18P3R3A11_04143	38P2R3A13_02956	97.080	137	4	0	1	137	1	137	1.34e-97	276
18P3R3A11_04144	18P3R3A11_04144	100.000	765	0	0	1	765	1	765	0.0	1593
18P3R3A11_04144	38P2R3A13_06910	95.948	765	31	0	1	765	1	765	0.0	1541
18P3R3A11_04145	18P3R3A11_04145	100.000	403	0	0	1	403	1	403	0.0	820
18P3R3A11_04145	38P2R3A13_02958	97.767	403	9	0	1	403	1	403	0.0	804
18P3R3A11_04146	18P3R3A11_04146	100.000	444	0	0	1	444	1	444	0.0	890
18P3R3A11_04146	38P2R3A13_06912	97.748	444	10	0	1	444	1	444	0.0	874
18P3R3A11_04147	18P3R3A11_04147	100.000	330	0	0	1	330	1	330	0.0	669
18P3R3A11_04148	18P3R3A11_04148	100.000	307	0	0	1	307	1	307	0.0	628
18P3R3A11_04148	38P2R3A13_06914	96.743	307	10	0	1	307	1	307	0.0	608
18P3R3A11_04149	18P3R3A11_04149	100.000	382	0	0	1	382	1	382	0.0	769
18P3R3A11_04150	18P3R3A11_04150	100.000	297	0	0	1	297	1	297	0.0	589
18P3R3A11_04150	38P2R3A13_02963	96.296	297	11	0	1	297	1	297	0.0	570
18P3R3A11_04150	38P2R3A13_06443	95.286	297	14	0	1	297	1	297	0.0	552
18P3R3A11_04150	34P3R2A10_04410	97.561	82	2	0	216	297	1	82	6.13e-53	167
18P3R3A11_04151	18P3R3A11_04151	100.000	257	0	0	1	257	1	257	0.0	523
18P3R3A11_04151	38P2R3A13_06442	97.276	257	7	0	1	257	1	257	0.0	509
18P3R3A11_04151	38P2R3A13_02964	96.887	257	8	0	1	257	1	257	0.0	509
18P3R3A11_04152	18P3R3A11_04152	100.000	445	0	0	1	445	1	445	0.0	895
18P3R3A11_04153	18P3R3A11_04153	100.000	524	0	0	1	524	1	524	0.0	1074
18P3R3A11_04153	38P2R3A13_06439	97.901	524	11	0	1	524	1	524	0.0	1057
18P3R3A11_04153	38P2R3A13_02965	96.947	524	16	0	1	524	1	524	0.0	1045
18P3R3A11_04153	34P3R2A10_04488	96.000	200	8	0	325	524	1	200	2.86e-139	400
18P3R3A11_04154	18P3R3A11_04154	100.000	48	0	0	1	48	1	48	1.08e-29	98.2
18P3R3A11_04154	37P2R3-2A1_03389	97.917	48	1	0	1	48	1	48	6.06e-29	96.3
18P3R3A11_04155	18P3R3A11_04155	100.000	285	0	0	1	285	1	285	0.0	585
18P3R3A11_04156	18P3R3A11_04156	100.000	424	0	0	1	424	1	424	0.0	879
18P3R3A11_04157	18P3R3A11_04157	100.000	156	0	0	1	156	1	156	1.68e-112	315
18P3R3A11_04158	18P3R3A11_04158	100.000	95	0	0	1	95	1	95	9.56e-65	190
18P3R3A11_04159	18P3R3A11_04159	100.000	458	0	0	1	458	1	458	0.0	904
18P3R3A11_04160	18P3R3A11_04160	100.000	348	0	0	1	348	1	348	0.0	714
18P3R3A11_04161	18P3R3A11_04161	100.000	258	0	0	1	258	1	258	0.0	521
18P3R3A11_04162	18P3R3A11_04162	100.000	327	0	0	1	327	1	327	0.0	674
18P3R3A11_04163	18P3R3A11_04163	100.000	288	0	0	1	288	1	288	0.0	585
18P3R3A11_04164	18P3R3A11_04164	100.000	190	0	0	1	190	1	190	6.33e-134	372
18P3R3A11_04165	18P3R3A11_04165	100.000	87	0	0	1	87	1	87	4.40e-58	172
18P3R3A11_04165	37P2R3-2A1_01736	100.000	87	0	0	1	87	592	678	8.74e-56	182
18P3R3A11_04165	47P2R3A6_00361	100.000	87	0	0	1	87	592	678	1.33e-55	181
18P3R3A11_04165	31P2R1A5_00777	96.552	87	3	0	1	87	595	681	7.07e-53	174
18P3R3A11_04165	38P2R3A13_05444	97.701	87	2	0	1	87	458	544	3.23e-52	170
18P3R3A11_04166	18P3R3A11_04166	100.000	157	0	0	1	157	1	157	1.04e-116	326
18P3R3A11_04166	38P2R3A13_01421	96.815	157	5	0	1	157	1	157	1.25e-113	318
18P3R3A11_04167	18P3R3A11_04167	100.000	240	0	0	1	240	1	240	8.79e-178	487
18P3R3A11_04167	38P2R3A13_01420	96.667	240	8	0	1	240	1	240	8.87e-172	472
18P3R3A11_04169	18P3R3A11_04169	100.000	247	0	0	1	247	1	247	0.0	502
18P3R3A11_04170	18P3R3A11_04170	100.000	38	0	0	1	38	1	38	1.95e-18	68.9
18P3R3A11_04170	38P2R3A13_01417	97.368	38	1	0	1	38	1	38	2.63e-18	68.9
18P3R3A11_04171	18P3R3A11_04171	100.000	246	0	0	1	246	1	246	1.42e-170	469
18P3R3A11_04172	18P3R3A11_04172	100.000	317	0	0	1	317	1	317	0.0	642
18P3R3A11_04173	18P3R3A11_04173	100.000	386	0	0	1	386	1	386	0.0	737
18P3R3A11_04174	18P3R3A11_04174	100.000	306	0	0	1	306	1	306	0.0	606
18P3R3A11_04175	18P3R3A11_04175	100.000	766	0	0	1	766	1	766	0.0	1571
18P3R3A11_04175	38P2R3A13_01412	97.120	764	22	0	1	764	1	764	0.0	1533
18P3R3A11_04176	18P3R3A11_04176	100.000	583	0	0	1	583	1	583	0.0	1214
18P3R3A11_04176	38P2R3A13_01411	97.256	583	16	0	1	583	1	583	0.0	1185
18P3R3A11_04176	38P2R3A13_05455	96.398	583	21	0	1	583	1	583	0.0	1176
18P3R3A11_04177	18P3R3A11_04177	100.000	185	0	0	1	185	1	185	2.42e-138	383
18P3R3A11_04178	18P3R3A11_04178	100.000	308	0	0	1	308	1	308	0.0	633
18P3R3A11_04178	38P2R3A13_01409	95.455	308	14	0	1	308	1	308	0.0	582
18P3R3A11_04178	38P2R3A13_05457	96.104	308	12	0	1	308	1	308	0.0	578
18P3R3A11_04179	18P3R3A11_04179	100.000	196	0	0	1	196	1	196	7.19e-142	393
18P3R3A11_04179	38P2R3A13_01408	96.429	196	7	0	1	196	1	196	6.61e-140	388
18P3R3A11_04179	38P2R3A13_05458	95.408	196	9	0	1	196	1	196	1.80e-130	364
18P3R3A11_04180	18P3R3A11_04180	100.000	191	0	0	1	191	1	191	2.02e-135	376
18P3R3A11_04181	18P3R3A11_04181	100.000	255	0	0	1	255	1	255	0.0	524
18P3R3A11_04182	18P3R3A11_04182	100.000	473	0	0	1	473	1	473	0.0	962
18P3R3A11_04183	18P3R3A11_04183	100.000	465	0	0	1	465	1	465	0.0	962
18P3R3A11_04183	38P2R3A13_01404	95.054	465	23	0	1	465	1	465	0.0	927
18P3R3A11_04184	18P3R3A11_04184	100.000	618	0	0	1	618	1	618	0.0	1236
18P3R3A11_04184	56P2R2A4_01738	95.955	618	25	0	1	618	1	618	0.0	1195
18P3R3A11_04185	18P3R3A11_04185	100.000	278	0	0	1	278	1	278	0.0	566
18P3R3A11_04185	38P2R3A13_01402	96.403	278	10	0	1	278	1	278	0.0	551
18P3R3A11_04185	38P2R3A13_05465	95.324	278	13	0	1	278	1	278	0.0	541
18P3R3A11_04186	18P3R3A11_04186	100.000	449	0	0	1	449	1	449	0.0	931
18P3R3A11_04187	18P3R3A11_04187	100.000	311	0	0	1	311	1	311	0.0	639
18P3R3A11_04187	38P2R3A13_05467	96.785	311	10	0	1	311	1	311	0.0	626
18P3R3A11_04187	38P2R3A13_01400	95.820	311	13	0	1	311	1	311	0.0	620
18P3R3A11_04188	18P3R3A11_04188	100.000	266	0	0	1	266	1	266	0.0	545
18P3R3A11_04189	18P3R3A11_04189	100.000	239	0	0	1	239	1	239	0.0	498
18P3R3A11_04190	18P3R3A11_04190	100.000	132	0	0	1	132	1	132	4.87e-91	259
18P3R3A11_04190	38P2R3A13_01399	95.455	132	6	0	1	132	1	132	9.89e-88	251
18P3R3A11_04191	18P3R3A11_04191	100.000	232	0	0	1	232	1	232	1.82e-165	456
18P3R3A11_04191	38P2R3A13_01398	95.259	232	11	0	1	232	1	232	1.91e-159	440
18P3R3A11_04192	18P3R3A11_04192	100.000	295	0	0	1	295	1	295	0.0	600
18P3R3A11_04192	38P2R3A13_01397	97.627	295	7	0	1	295	1	295	0.0	588
18P3R3A11_04192	38P2R3A13_05470	95.593	295	13	0	1	295	1	295	0.0	544
18P3R3A11_04193	18P3R3A11_04193	100.000	240	0	0	1	240	1	240	4.07e-179	491
18P3R3A11_04194	18P3R3A11_04194	100.000	463	0	0	1	463	1	463	0.0	958
18P3R3A11_04195	18P3R3A11_04195	100.000	337	0	0	1	337	1	337	0.0	652
18P3R3A11_04195	10P3R2A13_00334	97.626	337	8	0	1	337	1	337	0.0	639
18P3R3A11_04196	18P3R3A11_04196	100.000	507	0	0	1	507	1	507	0.0	1037
18P3R3A11_04196	10P3R2A13_00333	95.464	507	23	0	1	507	1	507	0.0	1002
18P3R3A11_04196	34P3R2A10_04484	95.732	492	21	0	16	507	1	492	0.0	976
18P3R3A11_04196	43P2R2A2_03513	95.673	416	18	0	92	507	1	416	0.0	822
18P3R3A11_04197	18P3R3A11_04197	100.000	333	0	0	1	333	1	333	0.0	667
18P3R3A11_04197	42P1R1A12_03464	95.195	333	16	0	1	333	1	333	0.0	641
18P3R3A11_04197	10P3R2A13_00332	95.195	333	16	0	1	333	1	333	0.0	640
18P3R3A11_04197	38P2R3A13_08566	99.160	119	1	0	215	333	1	119	4.31e-78	234
18P3R3A11_04198	18P3R3A11_04198	100.000	341	0	0	1	341	1	341	0.0	699
18P3R3A11_04198	38P2R3A13_01391	95.015	341	17	0	1	341	1	341	0.0	667
18P3R3A11_04199	18P3R3A11_04199	100.000	386	0	0	1	386	1	386	0.0	766
18P3R3A11_04200	18P3R3A11_04200	100.000	223	0	0	1	223	1	223	4.45e-167	459
18P3R3A11_04200	38P2R3A13_01389	97.309	223	6	0	1	223	1	223	1.67e-163	450
18P3R3A11_04200	42P1R1A12_03461	95.516	223	10	0	1	223	1	223	1.57e-153	425
18P3R3A11_04201	18P3R3A11_04201	100.000	383	0	0	1	383	1	383	0.0	733
18P3R3A11_04201	38P2R3A13_01388	96.867	383	12	0	1	383	1	383	0.0	714
18P3R3A11_04201	38P2R3A13_06976	96.345	383	14	0	1	383	1	383	0.0	711
18P3R3A11_04202	18P3R3A11_04202	100.000	276	0	0	1	276	1	276	0.0	577
18P3R3A11_04203	18P3R3A11_04203	100.000	74	0	0	1	74	1	74	3.72e-51	154
18P3R3A11_04203	31P2R1A5_02171	95.890	73	3	0	1	73	1	73	1.13e-48	148
18P3R3A11_04204	18P3R3A11_04204	100.000	476	0	0	1	476	1	476	0.0	979
18P3R3A11_04204	38P2R3A13_05070	97.899	476	10	0	1	476	1	476	0.0	961
18P3R3A11_04204	31P2R1A5_02172	96.849	476	15	0	1	476	1	476	0.0	951
18P3R3A11_04204	10P3R2A13_02040	96.008	476	19	0	1	476	1	476	0.0	944
18P3R3A11_04204	32P3R2A9_01858	98.187	331	6	0	146	476	1	331	0.0	666
18P3R3A11_04205	18P3R3A11_04205	100.000	201	0	0	1	201	1	201	1.08e-148	410
18P3R3A11_04205	38P2R3A13_02030	97.512	201	5	0	1	201	1	201	4.56e-145	401
18P3R3A11_04206	18P3R3A11_04206	100.000	136	0	0	1	136	1	136	1.23e-97	276
18P3R3A11_04206	38P2R3A13_02031	97.794	136	3	0	1	136	1	136	3.32e-96	273
18P3R3A11_04207	18P3R3A11_04207	100.000	296	0	0	1	296	1	296	0.0	596
18P3R3A11_04208	18P3R3A11_04208	100.000	403	0	0	1	403	1	403	0.0	789
18P3R3A11_04209	18P3R3A11_04209	100.000	126	0	0	1	126	1	126	2.88e-90	257
18P3R3A11_04211	18P3R3A11_04211	100.000	375	0	0	1	375	1	375	0.0	757
18P3R3A11_04211	38P2R3A13_02036	96.267	375	14	0	1	375	1	375	0.0	731
18P3R3A11_04211	15P1R1A16_04973	95.575	113	5	0	263	375	1	113	5.00e-75	228
18P3R3A11_04212	18P3R3A11_04212	100.000	209	0	0	1	209	1	209	4.70e-152	420
18P3R3A11_04212	38P2R3A13_08234	96.651	209	7	0	1	209	1	209	7.37e-145	402
18P3R3A11_04212	38P2R3A13_02037	95.694	209	9	0	1	209	1	209	9.59e-145	401
18P3R3A11_04213	18P3R3A11_04213	100.000	254	0	0	1	254	1	254	0.0	518
18P3R3A11_04213	38P2R3A13_02038	97.244	254	7	0	1	254	1	254	0.0	506
18P3R3A11_04214	18P3R3A11_04214	100.000	350	0	0	1	350	1	350	0.0	716
18P3R3A11_04214	38P2R3A13_02039	96.000	350	14	0	1	350	1	350	0.0	691
18P3R3A11_04216	18P3R3A11_04216	100.000	237	0	0	1	237	1	237	6.34e-176	482
18P3R3A11_04216	56P2R2A4_02709	96.624	237	8	0	1	237	1	237	1.11e-169	467
18P3R3A11_04216	38P2R3A13_08230	96.203	237	9	0	1	237	1	237	1.64e-169	466
18P3R3A11_04216	38P2R3A13_02041	96.203	237	9	0	1	237	1	237	2.00e-169	466
18P3R3A11_04217	18P3R3A11_04217	100.000	104	0	0	1	104	1	104	4.32e-73	212
18P3R3A11_04218	18P3R3A11_04218	100.000	109	0	0	1	109	1	109	2.46e-72	210
18P3R3A11_04219	18P3R3A11_04219	100.000	202	0	0	1	202	1	202	6.02e-149	411
18P3R3A11_04220	18P3R3A11_04220	100.000	475	0	0	1	475	1	475	0.0	972
18P3R3A11_04220	38P2R3A13_07629	96.421	475	17	0	1	475	1	475	0.0	940
18P3R3A11_04221	18P3R3A11_04221	100.000	303	0	0	1	303	1	303	0.0	633
18P3R3A11_04221	10P3R2A13_02026	97.360	303	8	0	1	303	1	303	0.0	619
18P3R3A11_04222	18P3R3A11_04222	100.000	453	0	0	1	453	1	453	0.0	916
18P3R3A11_04222	38P2R3A13_02047	97.351	453	12	0	1	453	1	453	0.0	897
18P3R3A11_04223	18P3R3A11_04223	100.000	348	0	0	1	348	1	348	0.0	727
18P3R3A11_04224	18P3R3A11_04224	100.000	245	0	0	1	245	1	245	0.0	503
18P3R3A11_04224	54P2R2A3_01714	97.959	245	5	0	1	245	1	245	6.76e-180	493
18P3R3A11_04224	56P2R2A4_02701	97.551	245	6	0	1	245	1	245	2.49e-179	492
18P3R3A11_04224	38P2R3A13_07625	96.735	245	8	0	1	245	1	245	1.78e-177	487
18P3R3A11_04224	31P2R1A5_02192	95.102	245	12	0	1	245	1	245	2.92e-175	481
18P3R3A11_04225	18P3R3A11_04225	100.000	571	0	0	1	571	1	571	0.0	1180
18P3R3A11_04225	42P1R1A12_01306	95.447	571	26	0	1	571	1	571	0.0	1138
18P3R3A11_04226	18P3R3A11_04226	100.000	602	0	0	1	602	1	602	0.0	1230
18P3R3A11_04226	38P2R3A13_08582	97.841	602	13	0	1	602	1	602	0.0	1206
18P3R3A11_04226	15P1R1A16_05175	98.020	101	2	0	502	602	1	101	9.02e-65	207
18P3R3A11_04227	18P3R3A11_04227	100.000	121	0	0	1	121	1	121	3.81e-89	253
18P3R3A11_04227	38P2R3A13_07848	97.521	121	3	0	1	121	1	121	1.20e-87	250
18P3R3A11_04227	31P2R1A5_02195	96.694	121	4	0	1	121	2	122	3.70e-87	248
18P3R3A11_04227	42P1R1A12_01304	96.694	121	4	0	1	121	1	121	3.18e-86	246
18P3R3A11_04228	18P3R3A11_04228	100.000	224	0	0	1	224	1	224	1.23e-169	465
18P3R3A11_04229	18P3R3A11_04229	100.000	236	0	0	1	236	1	236	2.48e-173	476
18P3R3A11_04229	38P2R3A13_02054	97.034	236	7	0	1	236	1	236	5.56e-168	462
18P3R3A11_04229	56P2R2A4_02696	97.034	236	7	0	1	236	1	236	1.41e-167	461
18P3R3A11_04229	37P2R3-2A1_02777	95.339	236	11	0	1	236	1	236	5.68e-157	434
18P3R3A11_04230	18P3R3A11_04230	100.000	520	0	0	1	520	1	520	0.0	1040
18P3R3A11_04230	38P2R3A13_07851	96.346	520	19	0	1	520	1	520	0.0	1009
18P3R3A11_04231	18P3R3A11_04231	100.000	275	0	0	1	275	1	275	0.0	549
18P3R3A11_04232	18P3R3A11_04232	100.000	370	0	0	1	370	1	370	0.0	766
18P3R3A11_04232	38P2R3A13_02057	97.838	370	8	0	1	370	1	370	0.0	751
18P3R3A11_04233	18P3R3A11_04233	100.000	433	0	0	1	433	1	433	0.0	867
18P3R3A11_04233	10P3R2A13_01679	96.305	433	16	0	1	433	1	433	0.0	842
18P3R3A11_04233	31P2R1A5_02198	96.536	433	15	0	1	433	1	433	0.0	840
18P3R3A11_04234	18P3R3A11_04234	100.000	546	0	0	1	546	1	546	0.0	1123
18P3R3A11_04234	31P2R1A5_02199	96.520	546	19	0	1	546	1	546	0.0	1097
18P3R3A11_04234	42P1R1A12_01300	96.520	546	19	0	1	546	1	546	0.0	1097
18P3R3A11_04235	18P3R3A11_04235	100.000	264	0	0	1	264	1	264	0.0	540
18P3R3A11_04235	38P2R3A13_02060	97.727	264	6	0	1	264	1	264	0.0	527
18P3R3A11_04235	38P2R3A13_08170	95.833	264	11	0	1	264	1	264	0.0	518
18P3R3A11_04236	18P3R3A11_04236	100.000	744	0	0	1	744	1	744	0.0	1535
18P3R3A11_04237	18P3R3A11_04237	100.000	433	0	0	1	433	1	433	0.0	895
18P3R3A11_04238	18P3R3A11_04238	100.000	920	0	0	1	920	1	920	0.0	1889
18P3R3A11_04238	47P2R3A6_01788	96.957	920	28	0	1	920	1	920	0.0	1843
18P3R3A11_04238	38P2R3A13_02063	96.405	918	33	0	1	918	1	918	0.0	1825
18P3R3A11_04239	18P3R3A11_04239	100.000	433	0	0	1	433	1	433	0.0	896
18P3R3A11_04239	37P2R3-2A1_04273	95.270	296	14	0	1	296	1040	1335	0.0	602
18P3R3A11_04239	38P2R3A13_02612	99.005	201	2	0	233	433	1	201	1.83e-147	417
18P3R3A11_04239	38P2R3A13_08555	95.082	61	3	0	233	293	1	61	7.54e-36	130
18P3R3A11_04240	18P3R3A11_04240	100.000	119	0	0	1	119	1	119	2.83e-83	238
18P3R3A11_04241	18P3R3A11_04241	100.000	161	0	0	1	161	1	161	1.18e-118	331
18P3R3A11_04242	18P3R3A11_04242	100.000	114	0	0	1	114	1	114	6.25e-83	237
18P3R3A11_04243	18P3R3A11_04243	100.000	82	0	0	1	82	1	82	4.75e-56	167
18P3R3A11_04244	18P3R3A11_04244	100.000	161	0	0	1	161	1	161	2.81e-120	335
18P3R3A11_04245	18P3R3A11_04245	100.000	173	0	0	1	173	1	173	2.28e-127	354
18P3R3A11_04246	18P3R3A11_04246	100.000	122	0	0	1	122	1	122	8.56e-89	253
18P3R3A11_04247	18P3R3A11_04247	100.000	98	0	0	1	98	1	98	4.70e-67	196
18P3R3A11_04248	18P3R3A11_04248	100.000	365	0	0	1	365	1	365	0.0	742
18P3R3A11_04248	38P2R3A13_05577	99.471	189	1	0	177	365	1	189	1.50e-134	381
18P3R3A11_04249	18P3R3A11_04249	100.000	195	0	0	1	195	1	195	5.58e-143	395
18P3R3A11_04249	31P2R1A5_01152	96.923	195	6	0	1	195	1	195	2.76e-138	384
18P3R3A11_04249	38P2R3A13_08062	96.410	195	3	1	1	195	1	191	2.48e-136	379
18P3R3A11_04249	42P1R1A12_00510	95.385	195	9	0	1	195	1	195	1.26e-127	357
18P3R3A11_04250	18P3R3A11_04250	100.000	92	0	0	1	92	1	92	3.06e-65	191
18P3R3A11_04250	38P2R3A13_08063	96.739	92	3	0	1	92	1	92	7.63e-64	187
18P3R3A11_04250	38P2R3A13_02619	96.739	92	3	0	1	92	1	92	7.63e-64	187
18P3R3A11_04251	18P3R3A11_04251	100.000	60	0	0	1	60	1	60	1.91e-37	118
18P3R3A11_04251	37P2R3-2A1_04280	98.305	59	1	0	1	59	1	59	1.11e-34	119
18P3R3A11_04251	38P2R3A13_02620	98.305	59	1	0	1	59	1	59	1.21e-34	119
18P3R3A11_04251	38P2R3A13_08064	96.610	59	2	0	1	59	1	59	5.19e-34	117
18P3R3A11_04252	18P3R3A11_04252	100.000	560	0	0	1	560	1	560	0.0	1103
18P3R3A11_04252	38P2R3A13_08065	96.607	560	19	0	1	560	1	560	0.0	1073
18P3R3A11_04253	18P3R3A11_04253	100.000	316	0	0	1	316	1	316	0.0	634
18P3R3A11_04253	10P3R2A13_03752	99.051	316	3	0	1	316	23	338	0.0	629
18P3R3A11_04253	31P2R1A5_01156	96.835	316	10	0	1	316	1	316	0.0	617
18P3R3A11_04253	24P1R3A1_03853	95.253	316	15	0	1	316	1	316	0.0	608
18P3R3A11_04253	38P2R3A13_08066	98.137	161	3	0	156	316	1	161	3.26e-110	317
18P3R3A11_04254	18P3R3A11_04254	100.000	290	0	0	1	290	1	290	0.0	594
18P3R3A11_04254	37P2R3-2A1_04283	97.931	290	6	0	1	290	1	290	0.0	586
18P3R3A11_04254	38P2R3A13_02623	96.552	290	10	0	1	290	1	290	0.0	563
18P3R3A11_04255	18P3R3A11_04255	100.000	204	0	0	1	204	1	204	4.91e-152	419
18P3R3A11_04255	38P2R3A13_07996	97.549	204	5	0	1	204	1	204	3.18e-149	412
18P3R3A11_04256	18P3R3A11_04256	100.000	419	0	0	1	419	1	419	0.0	850
18P3R3A11_04257	18P3R3A11_04257	100.000	361	0	0	1	361	1	361	0.0	741
18P3R3A11_04257	15P1R1A16_04544	95.575	113	5	0	249	361	1	113	4.95e-73	222
18P3R3A11_04258	18P3R3A11_04258	100.000	277	0	0	1	277	1	277	0.0	559
18P3R3A11_04259	18P3R3A11_04259	100.000	47	0	0	1	47	1	47	4.89e-30	99.0
18P3R3A11_04260	18P3R3A11_04260	100.000	270	0	0	1	270	1	270	0.0	550
18P3R3A11_04260	38P2R3A13_02629	97.778	270	6	0	1	270	1	270	0.0	539
18P3R3A11_04261	18P3R3A11_04261	100.000	285	0	0	1	285	1	285	0.0	580
18P3R3A11_04261	38P2R3A13_08284	97.544	285	7	0	1	285	1	285	0.0	563
18P3R3A11_04262	18P3R3A11_04262	100.000	367	0	0	1	367	1	367	0.0	726
18P3R3A11_04263	18P3R3A11_04263	100.000	77	0	0	1	77	1	77	8.80e-51	153
18P3R3A11_04263	38P2R3A13_08282	97.403	77	2	0	1	77	1	77	1.77e-49	150
18P3R3A11_04263	37P2R3-2A1_04291	97.403	77	2	0	1	77	1	77	1.78e-49	150
18P3R3A11_04264	18P3R3A11_04264	100.000	232	0	0	1	232	1	232	5.11e-172	472
18P3R3A11_04264	56P2R2A4_00272	96.552	232	8	0	1	232	1	232	1.41e-165	456
18P3R3A11_04264	38P2R3A13_02633	96.121	232	9	0	1	232	1	232	3.56e-164	452
18P3R3A11_04265	18P3R3A11_04265	100.000	80	0	0	1	80	1	80	1.61e-54	163
18P3R3A11_04265	38P2R3A13_02634	97.500	80	2	0	1	80	1	80	3.16e-53	159
18P3R3A11_04265	38P2R3A13_06275	96.250	80	3	0	1	80	1	80	1.59e-52	158
18P3R3A11_04266	18P3R3A11_04266	100.000	595	0	0	1	595	1	595	0.0	1194
18P3R3A11_04266	38P2R3A13_06276	95.126	595	29	0	1	595	1	595	0.0	1123
18P3R3A11_04267	18P3R3A11_04267	100.000	118	0	0	1	118	1	118	1.23e-82	237
18P3R3A11_04267	38P2R3A13_06277	95.763	118	5	0	1	118	1	118	5.60e-79	228
18P3R3A11_04267	38P2R3A13_02636	95.763	118	5	0	1	118	1	118	2.97e-78	226
18P3R3A11_04268	18P3R3A11_04268	100.000	395	0	0	1	395	1	395	0.0	810
18P3R3A11_04269	18P3R3A11_04269	100.000	416	0	0	1	416	1	416	0.0	857
18P3R3A11_04269	56P2R2A4_00277	95.913	416	17	0	1	416	1	416	0.0	805
18P3R3A11_04270	18P3R3A11_04270	100.000	293	0	0	1	293	1	293	0.0	569
18P3R3A11_04270	56P2R2A4_00278	95.904	293	12	0	1	293	1	293	0.0	533
18P3R3A11_04271	18P3R3A11_04271	100.000	263	0	0	1	263	1	263	0.0	542
18P3R3A11_04271	56P2R2A4_00279	97.719	263	6	0	1	263	1	263	0.0	531
18P3R3A11_04272	18P3R3A11_04272	100.000	1329	0	0	1	1329	1	1329	0.0	2720
18P3R3A11_04273	18P3R3A11_04273	100.000	826	0	0	1	826	1	826	0.0	1698
18P3R3A11_04274	18P3R3A11_04274	100.000	858	0	0	1	858	1	858	0.0	1732
18P3R3A11_04274	10P3R2A13_02160	96.270	858	32	0	1	858	1	858	0.0	1681
18P3R3A11_04274	42P1R1A12_06073	96.503	858	30	0	1	858	1	858	0.0	1677
18P3R3A11_04274	31P2R1A5_01973	95.571	858	38	0	1	858	1	858	0.0	1664
18P3R3A11_04274	38P2R3A13_08505	98.323	656	11	0	203	858	1	656	0.0	1306
18P3R3A11_04275	18P3R3A11_04275	100.000	244	0	0	1	244	1	244	0.0	505
18P3R3A11_04275	37P2R3-2A1_03532	97.951	244	5	0	1	244	1	244	1.73e-180	494
18P3R3A11_04276	18P3R3A11_04276	100.000	327	0	0	1	327	1	327	0.0	664
18P3R3A11_04276	47P2R3A6_04108	97.859	327	7	0	1	327	1	327	0.0	654
18P3R3A11_04276	38P2R3A13_08589	97.674	301	7	0	27	327	1	301	0.0	602
18P3R3A11_04277	18P3R3A11_04277	100.000	246	0	0	1	246	1	246	0.0	508
18P3R3A11_04278	18P3R3A11_04278	100.000	114	0	0	1	114	1	114	1.26e-81	234
18P3R3A11_04279	18P3R3A11_04279	100.000	387	0	0	1	387	1	387	0.0	798
18P3R3A11_04279	38P2R3A13_07374	97.674	387	9	0	1	387	1	387	0.0	787
18P3R3A11_04280	18P3R3A11_04280	100.000	291	0	0	1	291	1	291	0.0	609
18P3R3A11_04280	38P2R3A13_01892	95.533	291	13	0	1	291	1	291	0.0	583
18P3R3A11_04281	18P3R3A11_04281	100.000	374	0	0	1	374	1	374	0.0	766
18P3R3A11_04282	18P3R3A11_04282	100.000	357	0	0	1	357	1	357	0.0	741
18P3R3A11_04282	38P2R3A13_07377	97.759	357	8	0	1	357	1	357	0.0	732
18P3R3A11_04283	18P3R3A11_04283	100.000	125	0	0	1	125	1	125	1.42e-92	263
18P3R3A11_04284	18P3R3A11_04284	100.000	199	0	0	1	199	1	199	6.37e-148	409
18P3R3A11_04285	18P3R3A11_04285	100.000	407	0	0	1	407	1	407	0.0	840
18P3R3A11_04286	18P3R3A11_04286	100.000	161	0	0	1	161	1	161	1.19e-118	331
18P3R3A11_04287	18P3R3A11_04287	100.000	457	0	0	1	457	1	457	0.0	924
18P3R3A11_04288	18P3R3A11_04288	100.000	132	0	0	1	132	1	132	3.84e-93	265
18P3R3A11_04290	18P3R3A11_04290	100.000	256	0	0	1	256	1	256	0.0	526
18P3R3A11_04290	10P3R2A13_02147	96.484	256	9	0	1	256	1	256	0.0	509
18P3R3A11_04290	31P2R1A5_01988	95.312	256	12	0	1	256	1	256	3.00e-172	475
18P3R3A11_04291	18P3R3A11_04291	100.000	179	0	0	1	179	1	179	2.51e-132	367
18P3R3A11_04291	47P2R3A6_04093	97.207	179	5	0	1	179	1	179	2.67e-130	362
18P3R3A11_04292	18P3R3A11_04292	100.000	83	0	0	1	83	1	83	3.63e-56	167
18P3R3A11_04292	47P2R3A6_04092	96.386	83	3	0	1	83	1	83	3.53e-55	165
18P3R3A11_04292	54P2R2A3_01881	96.386	83	3	0	1	83	1	83	4.08e-54	162
18P3R3A11_04292	31P2R1A5_01990	95.181	83	4	0	1	83	1	83	1.68e-53	160
18P3R3A11_04293	18P3R3A11_04293	100.000	454	0	0	1	454	1	454	0.0	910
18P3R3A11_04293	10P3R2A13_02144	97.797	454	10	0	1	454	1	454	0.0	894
18P3R3A11_04293	31P2R1A5_01991	96.923	455	13	1	1	454	1	455	0.0	885
18P3R3A11_04293	42P1R1A12_03746	97.351	453	11	1	1	452	1	453	0.0	884
18P3R3A11_04293	34P3R2A10_04395	98.101	158	3	0	297	454	1	158	3.88e-105	309
18P3R3A11_04294	18P3R3A11_04294	100.000	289	0	0	1	289	1	289	0.0	581
18P3R3A11_04295	18P3R3A11_04295	100.000	414	0	0	1	414	1	414	0.0	830
18P3R3A11_04295	38P2R3A13_07954	97.585	414	10	0	1	414	1	414	0.0	817
18P3R3A11_04296	18P3R3A11_04296	100.000	198	0	0	1	198	1	198	3.13e-141	391
18P3R3A11_04296	38P2R3A13_01908	97.980	198	4	0	1	198	1	198	1.47e-138	385
18P3R3A11_04297	18P3R3A11_04297	100.000	293	0	0	1	293	1	293	0.0	608
18P3R3A11_04297	10P3R2A13_02140	96.928	293	9	0	1	293	1	293	0.0	591
18P3R3A11_04298	18P3R3A11_04298	100.000	554	0	0	1	554	1	554	0.0	1129
18P3R3A11_04298	38P2R3A13_01910	96.029	554	22	0	1	554	1	554	0.0	1088
18P3R3A11_04298	38P2R3A13_07950	96.209	554	21	0	1	554	1	554	0.0	1088
18P3R3A11_04299	18P3R3A11_04299	100.000	113	0	0	1	113	1	113	5.95e-82	234
18P3R3A11_04299	38P2R3A13_08679	97.980	99	2	0	15	113	1	99	3.22e-70	204
18P3R3A11_04300	18P3R3A11_04300	100.000	96	0	0	1	96	1	96	3.61e-63	186
18P3R3A11_04300	38P2R3A13_01912	97.917	96	2	0	1	96	1	96	6.40e-62	183
18P3R3A11_04301	18P3R3A11_04301	100.000	159	0	0	1	159	1	159	1.71e-118	331
18P3R3A11_04301	56P2R2A4_02830	99.315	146	1	0	14	159	1	146	3.31e-107	302
18P3R3A11_04302	18P3R3A11_04302	100.000	161	0	0	1	161	1	161	5.57e-119	332
18P3R3A11_04302	38P2R3A13_01914	97.516	161	4	0	1	161	1	161	3.95e-116	325
18P3R3A11_04304	18P3R3A11_04304	100.000	81	0	0	1	81	1	81	3.40e-56	167
18P3R3A11_04305	18P3R3A11_04305	100.000	380	0	0	1	380	1	380	0.0	775
18P3R3A11_04306	18P3R3A11_04306	100.000	171	0	0	1	171	1	171	6.07e-127	353
18P3R3A11_04307	18P3R3A11_04307	100.000	311	0	0	1	311	1	311	0.0	638
18P3R3A11_04308	18P3R3A11_04308	100.000	575	0	0	1	575	1	575	0.0	1120
18P3R3A11_04308	25P2R1A13_03660	95.604	91	4	0	485	575	260	350	5.75e-41	151
18P3R3A11_04309	18P3R3A11_04309	100.000	149	0	0	1	149	1	149	2.94e-107	301
18P3R3A11_04310	18P3R3A11_04310	100.000	82	0	0	1	82	1	82	2.84e-55	165
18P3R3A11_04310	37P2R3-2A1_03886	100.000	82	0	0	1	82	186	267	1.04e-52	164
18P3R3A11_04311	18P3R3A11_04311	100.000	30	0	0	1	30	1	30	2.37e-15	60.8
18P3R3A11_04312	18P3R3A11_04312	100.000	200	0	0	1	200	1	200	4.07e-152	419
18P3R3A11_04312	56P2R2A4_03577	96.000	200	8	0	1	200	1	200	1.44e-146	405
18P3R3A11_04313	37P2R3-2A1_03883	100.000	263	0	0	1	263	32	294	0.0	523
18P3R3A11_04313	18P3R3A11_04313	100.000	263	0	0	1	263	1	263	0.0	522
18P3R3A11_04313	38P2R3A13_03862	95.817	263	11	0	1	263	32	294	0.0	506
18P3R3A11_04314	18P3R3A11_04314	100.000	146	0	0	1	146	1	146	1.89e-105	297
18P3R3A11_04314	38P2R3A13_03863	97.945	146	3	0	1	146	1	146	5.88e-103	290
18P3R3A11_04314	31P2R1A5_04682	96.575	146	5	0	1	146	1	146	1.74e-102	289
18P3R3A11_04314	38P2R3A13_06622	97.260	146	4	0	1	146	1	146	2.12e-102	289
18P3R3A11_04314	42P1R1A12_03194	95.890	146	6	0	1	146	1	146	7.75e-102	288
18P3R3A11_04314	54P2R2A3_04066	95.890	146	6	0	1	146	1	146	1.37e-101	287
18P3R3A11_04314	10P3R2A13_03611	95.890	146	6	0	1	146	1	146	6.03e-101	285
18P3R3A11_04315	18P3R3A11_04315	100.000	314	0	0	1	314	1	314	0.0	650
18P3R3A11_04315	38P2R3A13_06623	97.134	314	9	0	1	314	1	314	0.0	635
18P3R3A11_04315	38P2R3A13_03864	95.410	305	14	0	1	305	1	305	0.0	613
18P3R3A11_04316	18P3R3A11_04316	100.000	104	0	0	1	104	1	104	2.23e-71	207
18P3R3A11_04316	38P2R3A13_03865	96.154	104	4	0	1	104	1	104	8.16e-70	203
18P3R3A11_04317	18P3R3A11_04317	100.000	97	0	0	1	97	1	97	1.90e-67	197
18P3R3A11_04317	38P2R3A13_03866	97.938	97	2	0	1	97	1	97	9.77e-66	192
18P3R3A11_04318	18P3R3A11_04318	100.000	310	0	0	1	310	1	310	0.0	639
18P3R3A11_04318	38P2R3A13_06625	97.419	310	8	0	1	310	1	310	0.0	625
18P3R3A11_04319	18P3R3A11_04319	100.000	212	0	0	1	212	1	212	1.01e-156	432
18P3R3A11_04319	31P2R1A5_04676	96.226	212	8	0	1	212	1	212	2.13e-152	421
18P3R3A11_04319	38P2R3A13_06626	100.000	86	0	0	127	212	1	86	6.38e-56	172
18P3R3A11_04320	18P3R3A11_04320	100.000	301	0	0	1	301	1	301	0.0	629
18P3R3A11_04320	42P1R1A12_03199	96.346	301	11	0	1	301	1	301	0.0	610
18P3R3A11_04321	18P3R3A11_04321	100.000	805	0	0	1	805	1	805	0.0	1674
18P3R3A11_04321	38P2R3A13_08516	98.949	761	8	0	45	805	1	761	0.0	1570
18P3R3A11_04322	18P3R3A11_04322	100.000	196	0	0	1	196	1	196	9.33e-149	410
18P3R3A11_04322	38P2R3A13_06672	96.939	196	6	0	1	196	1	196	5.50e-144	398
18P3R3A11_04322	10P3R2A13_03624	95.408	196	9	0	1	196	1	196	9.24e-143	395
18P3R3A11_04323	18P3R3A11_04323	100.000	279	0	0	1	279	1	279	0.0	573
18P3R3A11_04324	18P3R3A11_04324	100.000	71	0	0	1	71	1	71	4.21e-44	136
18P3R3A11_04324	38P2R3A13_06674	95.775	71	3	0	1	71	1	71	1.67e-42	132
18P3R3A11_04325	18P3R3A11_04325	100.000	237	0	0	1	237	1	237	3.29e-174	478
18P3R3A11_04326	18P3R3A11_04326	100.000	229	0	0	1	229	1	229	3.93e-171	469
18P3R3A11_04326	37P2R3-2A1_03870	97.817	229	5	0	1	229	1	229	6.98e-168	461
18P3R3A11_04327	18P3R3A11_04327	100.000	808	0	0	1	808	1	808	0.0	1667
18P3R3A11_04328	18P3R3A11_04328	100.000	200	0	0	1	200	1	200	1.76e-148	410
18P3R3A11_04329	18P3R3A11_04329	100.000	108	0	0	1	108	1	108	2.33e-70	205
18P3R3A11_04329	37P2R3-2A1_03867	97.222	108	3	0	1	108	1	108	1.74e-68	200
18P3R3A11_04329	38P2R3A13_06675	95.370	108	5	0	1	108	1	108	4.59e-60	179
18P3R3A11_04330	18P3R3A11_04330	100.000	220	0	0	1	220	1	220	2.62e-155	429
18P3R3A11_04330	38P2R3A13_03875	97.273	220	6	0	1	220	1	220	2.23e-152	421
18P3R3A11_04330	38P2R3A13_06676	95.909	220	9	0	1	220	1	220	2.22e-126	356
18P3R3A11_04331	18P3R3A11_04331	100.000	183	0	0	1	183	1	183	3.85e-132	367
18P3R3A11_04332	18P3R3A11_04332	100.000	332	0	0	1	332	1	332	0.0	681
18P3R3A11_04332	38P2R3A13_03877	97.892	332	7	0	1	332	1	332	0.0	666
18P3R3A11_04333	18P3R3A11_04333	100.000	708	0	0	1	708	1	708	0.0	1461
18P3R3A11_04333	37P2R3-2A1_03863	97.599	708	17	0	1	708	1	708	0.0	1433
18P3R3A11_04334	18P3R3A11_04334	100.000	426	0	0	1	426	1	426	0.0	858
18P3R3A11_04334	38P2R3A13_06680	96.643	417	14	0	1	417	1	417	0.0	818
18P3R3A11_04335	18P3R3A11_04335	100.000	105	0	0	1	105	1	105	9.72e-76	218
18P3R3A11_04336	18P3R3A11_04336	100.000	383	0	0	1	383	1	383	0.0	780
18P3R3A11_04336	56P2R2A4_03556	95.039	383	19	0	1	383	1	383	0.0	721
18P3R3A11_04336	38P2R3A13_03882	95.536	112	5	0	1	112	1	112	3.79e-73	224
18P3R3A11_04337	18P3R3A11_04337	100.000	332	0	0	1	332	1	332	0.0	649
18P3R3A11_04338	18P3R3A11_04338	100.000	335	0	0	1	335	1	335	0.0	652
18P3R3A11_04339	18P3R3A11_04339	100.000	501	0	0	1	501	1	501	0.0	1022
18P3R3A11_04340	18P3R3A11_04340	100.000	329	0	0	1	329	1	329	0.0	645
18P3R3A11_04340	31P2R1A5_04652	96.049	329	13	0	1	329	1	329	0.0	623
18P3R3A11_04340	42P1R1A12_03255	96.049	329	13	0	1	329	1	329	0.0	622
18P3R3A11_04341	18P3R3A11_04341	100.000	277	0	0	1	277	1	277	0.0	573
18P3R3A11_04341	37P2R3-2A1_03855	97.834	277	6	0	1	277	1	277	0.0	564
18P3R3A11_04341	38P2R3A13_03883	97.818	275	6	0	1	275	1	275	0.0	563
18P3R3A11_04343	18P3R3A11_04343	100.000	128	0	0	1	128	1	128	5.30e-86	246
18P3R3A11_04343	10P3R2A13_04291	96.875	128	4	0	1	128	1	128	1.86e-83	240
18P3R3A11_04343	31P2R1A5_05147	95.312	128	6	0	1	128	1	128	1.87e-82	237
18P3R3A11_04346	18P3R3A11_04346	100.000	235	0	0	1	235	1	235	5.14e-169	465
18P3R3A11_04346	42P1R1A12_05474	97.872	235	5	0	1	235	1	235	1.46e-166	459
18P3R3A11_04346	10P3R2A13_04288	97.447	235	6	0	1	235	1	235	2.92e-165	455
18P3R3A11_04349	18P3R3A11_04349	100.000	1343	0	0	1	1343	1	1343	0.0	2742
18P3R3A11_04349	51P2R2A10_05268	97.990	1343	27	0	1	1343	1	1343	0.0	2702
18P3R3A11_04349	10P3R2A13_04285	97.990	1343	27	0	1	1343	1	1343	0.0	2697
18P3R3A11_04350	18P3R3A11_04350	100.000	1408	0	0	1	1408	1	1408	0.0	2883
18P3R3A11_04350	31P2R1A5_05154	97.514	1408	35	0	1	1408	1	1408	0.0	2831
18P3R3A11_04350	10P3R2A13_04284	97.301	1408	38	0	1	1408	1	1408	0.0	2825
18P3R3A11_04351	18P3R3A11_04351	100.000	106	0	0	1	106	1	106	5.95e-74	214
18P3R3A11_04351	38P2R3A13_08697	97.170	106	3	0	1	106	1	106	1.35e-72	211
18P3R3A11_04352	18P3R3A11_04352	100.000	103	0	0	1	103	1	103	2.30e-69	202
18P3R3A11_04353	18P3R3A11_04353	100.000	515	0	0	1	515	1	515	0.0	1072
18P3R3A11_04354	18P3R3A11_04354	100.000	378	0	0	1	378	1	378	0.0	786
18P3R3A11_04355	18P3R3A11_04355	100.000	256	0	0	1	256	1	256	0.0	512
18P3R3A11_04355	38P2R3A13_05563	95.294	255	12	0	1	255	1	255	4.96e-179	492
18P3R3A11_04356	18P3R3A11_04356	100.000	67	0	0	1	67	1	67	8.28e-44	135
18P3R3A11_04356	56P2R2A4_04105	95.522	67	3	0	1	67	1	67	1.98e-42	131
18P3R3A11_04357	18P3R3A11_04357	100.000	252	0	0	1	252	1	252	0.0	510
18P3R3A11_04358	18P3R3A11_04358	100.000	212	0	0	1	212	1	212	2.48e-154	426
18P3R3A11_04359	18P3R3A11_04359	100.000	632	0	0	1	632	1	632	0.0	1319
18P3R3A11_04359	38P2R3A13_05567	97.785	632	14	0	1	632	1	632	0.0	1293
18P3R3A11_04359	38P2R3A13_07127	97.152	632	18	0	1	632	1	632	0.0	1287
18P3R3A11_04360	18P3R3A11_04360	100.000	166	0	0	1	166	1	166	1.27e-121	339
18P3R3A11_04360	38P2R3A13_05568	96.988	166	5	0	1	166	1	166	5.38e-118	330
18P3R3A11_04361	18P3R3A11_04361	100.000	258	0	0	1	258	1	258	0.0	536
18P3R3A11_04361	38P2R3A13_05569	95.349	258	12	0	1	258	1	258	0.0	510
18P3R3A11_04362	18P3R3A11_04362	100.000	355	0	0	1	355	1	355	0.0	733
18P3R3A11_04362	38P2R3A13_07124	96.338	355	13	0	1	355	1	355	0.0	712
18P3R3A11_04363	18P3R3A11_04363	100.000	224	0	0	1	224	1	224	1.21e-165	455
18P3R3A11_04363	38P2R3A13_07123	97.297	222	6	0	1	222	1	222	6.81e-160	441
18P3R3A11_04364	18P3R3A11_04364	100.000	197	0	0	1	197	1	197	1.38e-146	405
18P3R3A11_04364	38P2R3A13_07122	97.970	197	4	0	1	197	1	197	3.92e-144	399
18P3R3A11_04364	38P2R3A13_05572	95.939	197	8	0	1	197	1	197	1.20e-141	392
18P3R3A11_04365	18P3R3A11_04365	100.000	91	0	0	1	91	1	91	1.31e-60	179
18P3R3A11_04365	42P1R1A12_05494	97.802	91	2	0	1	91	1	91	4.03e-59	175
18P3R3A11_04365	10P3R2A13_04271	96.703	91	3	0	1	91	1	91	8.99e-59	174
18P3R3A11_04366	18P3R3A11_04366	100.000	231	0	0	1	231	1	231	1.92e-173	476
18P3R3A11_04366	38P2R3A13_05574	97.403	231	6	0	1	231	1	231	2.43e-169	465
18P3R3A11_04367	18P3R3A11_04367	100.000	431	0	0	1	431	1	431	0.0	879
18P3R3A11_04367	38P2R3A13_08220	97.448	431	11	0	1	431	1	431	0.0	864
18P3R3A11_04368	18P3R3A11_04368	100.000	530	0	0	1	530	1	530	0.0	1092
18P3R3A11_04368	38P2R3A13_08221	97.358	530	14	0	1	530	1	530	0.0	1066
18P3R3A11_04368	42P1R1A12_05501	95.472	530	24	0	1	530	1	530	0.0	1051
18P3R3A11_04368	31P2R1A5_05176	95.849	530	22	0	1	530	1	530	0.0	1049
18P3R3A11_04370	18P3R3A11_04370	100.000	168	0	0	1	168	1	168	2.40e-120	336
18P3R3A11_04370	37P2R3-2A1_03909	97.619	168	4	0	1	168	1	168	2.82e-117	328
18P3R3A11_04371	18P3R3A11_04371	100.000	195	0	0	1	195	1	195	4.16e-147	406
18P3R3A11_04371	37P2R3-2A1_03908	96.410	195	7	0	1	195	1	195	1.36e-142	395
18P3R3A11_04372	18P3R3A11_04372	100.000	90	0	0	1	90	1	90	8.37e-62	182
18P3R3A11_04372	38P2R3A13_03849	97.778	90	2	0	1	90	1	90	2.44e-60	178
18P3R3A11_04373	18P3R3A11_04373	100.000	329	0	0	1	329	1	329	0.0	682
18P3R3A11_04374	18P3R3A11_04374	100.000	208	0	0	1	208	1	208	1.97e-154	426
18P3R3A11_04375	18P3R3A11_04375	100.000	303	0	0	1	303	1	303	0.0	629
18P3R3A11_04376	18P3R3A11_04376	100.000	931	0	0	1	931	1	931	0.0	1906
18P3R3A11_04376	38P2R3A13_03853	97.637	931	22	0	1	931	1	931	0.0	1870
18P3R3A11_04377	18P3R3A11_04377	100.000	210	0	0	1	210	1	210	6.00e-157	432
18P3R3A11_04377	56P2R2A4_03588	97.619	210	5	0	1	210	1	210	1.49e-152	421
18P3R3A11_04378	18P3R3A11_04378	100.000	43	0	0	1	43	1	43	5.07e-26	88.6
18P3R3A11_04379	18P3R3A11_04379	100.000	172	0	0	1	172	1	172	6.85e-121	338
18P3R3A11_04379	38P2R3A13_03855	95.930	172	7	0	1	172	1	172	2.05e-91	263
18P3R3A11_04380	18P3R3A11_04380	100.000	458	0	0	1	458	1	458	0.0	952
18P3R3A11_04380	38P2R3A13_03856	96.725	458	15	0	1	458	1	458	0.0	925
18P3R3A11_04380	38P2R3A13_08356	95.633	458	20	0	1	458	1	458	0.0	912
18P3R3A11_04381	18P3R3A11_04381	100.000	471	0	0	1	471	1	471	0.0	958
18P3R3A11_04382	18P3R3A11_04382	100.000	350	0	0	1	350	1	350	0.0	700
18P3R3A11_04382	38P2R3A13_08452	97.714	350	8	0	1	350	1	350	0.0	681
18P3R3A11_04382	31P2R1A5_04687	95.429	350	16	0	1	350	1	350	0.0	677
18P3R3A11_04382	42P1R1A12_03189	95.714	350	15	0	1	350	1	350	0.0	672
18P3R3A11_04382	43P2R2A2_02188	95.455	66	3	0	285	350	1	66	2.41e-40	136
18P3R3A11_04383	18P3R3A11_04383	100.000	470	0	0	1	470	1	470	0.0	975
18P3R3A11_04383	31P2R1A5_04686	97.021	470	14	0	1	470	1	470	0.0	955
18P3R3A11_04383	38P2R3A13_08451	97.835	462	10	0	9	470	1	462	0.0	943
18P3R3A11_04383	10P3R2A13_03596	95.106	470	23	0	1	470	1	470	0.0	938
18P3R3A11_04384	18P3R3A11_04384	100.000	608	0	0	1	608	1	608	0.0	1241
18P3R3A11_04384	42P1R1A12_03191	97.533	608	15	0	1	608	1	608	0.0	1214
18P3R3A11_04384	31P2R1A5_04685	97.862	608	13	0	1	608	1	608	0.0	1214
18P3R3A11_04384	38P2R3A13_06610	98.889	180	2	0	429	608	1	180	7.27e-125	365
18P3R3A11_04385	18P3R3A11_04385	100.000	229	0	0	1	229	1	229	8.99e-174	476
18P3R3A11_04386	18P3R3A11_04386	100.000	475	0	0	1	475	1	475	0.0	966
18P3R3A11_04386	38P2R3A13_06612	95.789	475	20	0	1	475	1	475	0.0	935
18P3R3A11_04387	18P3R3A11_04387	100.000	461	0	0	1	461	1	461	0.0	928
18P3R3A11_04388	18P3R3A11_04388	100.000	675	0	0	1	675	1	675	0.0	1410
18P3R3A11_04389	18P3R3A11_04389	100.000	414	0	0	1	414	1	414	0.0	856
18P3R3A11_04389	38P2R3A13_06615	95.894	414	17	0	1	414	1	414	0.0	828
18P3R3A11_04390	18P3R3A11_04390	100.000	292	0	0	1	292	1	292	0.0	592
18P3R3A11_04390	38P2R3A13_06616	95.548	292	13	0	1	292	1	292	0.0	570
18P3R3A11_04391	18P3R3A11_04391	100.000	297	0	0	1	297	1	297	0.0	600
18P3R3A11_04392	18P3R3A11_04392	100.000	299	0	0	1	299	1	299	0.0	604
18P3R3A11_04393	18P3R3A11_04393	100.000	681	0	0	1	681	1	681	0.0	1376
18P3R3A11_04393	38P2R3A13_02443	95.007	681	34	0	1	681	1	681	0.0	1296
18P3R3A11_04394	18P3R3A11_04394	100.000	258	0	0	1	258	1	258	0.0	532
18P3R3A11_04394	38P2R3A13_06243	95.736	258	11	0	1	258	1	258	0.0	510
18P3R3A11_04395	18P3R3A11_04395	100.000	310	0	0	1	310	1	310	0.0	635
18P3R3A11_04396	18P3R3A11_04396	100.000	498	0	0	1	498	1	498	0.0	1017
18P3R3A11_04397	18P3R3A11_04397	100.000	429	0	0	1	429	1	429	0.0	850
18P3R3A11_04397	38P2R3A13_08314	97.203	429	12	0	1	429	1	429	0.0	831
18P3R3A11_04397	38P2R3A13_02447	97.436	429	11	0	1	429	1	429	0.0	831
18P3R3A11_04397	31P2R1A5_02591	95.338	429	20	0	1	429	1	429	0.0	791
18P3R3A11_04398	18P3R3A11_04398	100.000	669	0	0	1	669	1	669	0.0	1363
18P3R3A11_04399	18P3R3A11_04399	100.000	1161	0	0	1	1161	1	1161	0.0	2365
18P3R3A11_04400	18P3R3A11_04400	100.000	369	0	0	1	369	1	369	0.0	753
18P3R3A11_04401	18P3R3A11_04401	100.000	796	0	0	1	796	1	796	0.0	1618
18P3R3A11_04402	18P3R3A11_04402	100.000	872	0	0	1	872	1	872	0.0	1795
18P3R3A11_04402	47P2R3A6_03988	95.298	872	41	0	1	872	1	872	0.0	1726
18P3R3A11_04402	38P2R3A13_02452	95.298	872	41	0	1	872	1	872	0.0	1720
18P3R3A11_04402	38P2R3A13_06547	97.196	642	18	0	231	872	1	642	0.0	1295
18P3R3A11_04403	18P3R3A11_04403	100.000	251	0	0	1	251	1	251	0.0	511
18P3R3A11_04404	18P3R3A11_04404	100.000	63	0	0	1	63	1	63	7.37e-42	130
18P3R3A11_04405	18P3R3A11_04405	100.000	521	0	0	1	521	1	521	0.0	1073
18P3R3A11_04406	18P3R3A11_04406	100.000	65	0	0	1	65	1	65	1.43e-42	132
18P3R3A11_04407	18P3R3A11_04407	100.000	560	0	0	1	560	1	560	0.0	1148
18P3R3A11_04408	18P3R3A11_04408	100.000	332	0	0	1	332	1	332	0.0	683
