10P3R2A13_01307	10P3R2A13_01307	100.000	134	0	0	1	134	1	134	5.85e-95	269
10P3R2A13_01308	10P3R2A13_01308	100.000	120	0	0	1	120	1	120	2.20e-86	246
10P3R2A13_01309	10P3R2A13_01309	100.000	92	0	0	1	92	1	92	4.45e-64	188
10P3R2A13_01310	10P3R2A13_01310	100.000	375	0	0	1	375	1	375	0.0	751
10P3R2A13_01310	34P3R2A10_02798	100.000	116	0	0	260	375	1	116	3.38e-74	226
10P3R2A13_01311	10P3R2A13_01311	100.000	912	0	0	1	912	1	912	0.0	1863
10P3R2A13_01311	15P1R1A16_04766	100.000	649	0	0	264	912	1	649	0.0	1319
10P3R2A13_01311	34P3R2A10_04844	99.649	285	1	0	628	912	1	285	0.0	571
10P3R2A13_01312	10P3R2A13_01312	100.000	356	0	0	1	356	1	356	0.0	703
10P3R2A13_01312	5P3R2A4_02607	99.200	250	2	0	107	356	1	250	5.26e-177	491
10P3R2A13_01312	5P3R2A4_02606	97.674	86	2	0	1	86	1	86	2.85e-54	173
10P3R2A13_01313	10P3R2A13_01313	100.000	541	0	0	1	541	1	541	0.0	1132
10P3R2A13_01313	25P2R1A13_04590	96.488	541	19	0	1	541	1	541	0.0	1095
10P3R2A13_01314	10P3R2A13_01314	100.000	530	0	0	1	530	1	530	0.0	1102
10P3R2A13_01314	14P1R2A4_05134	100.000	317	0	0	214	530	2	318	0.0	662
10P3R2A13_01314	27P2R2A12_04148	96.594	323	11	0	1	323	1	323	0.0	647
10P3R2A13_01315	10P3R2A13_01315	100.000	351	0	0	1	351	1	351	0.0	693
10P3R2A13_01316	10P3R2A13_01316	100.000	401	0	0	1	401	1	401	0.0	825
10P3R2A13_01317	10P3R2A13_01317	100.000	500	0	0	1	500	1	500	0.0	1007
10P3R2A13_01318	10P3R2A13_01318	100.000	112	0	0	1	112	1	112	9.51e-80	229
10P3R2A13_01318	31P2R1A5_02610	95.536	112	5	0	1	112	1	112	3.49e-77	223
10P3R2A13_01319	10P3R2A13_01319	100.000	145	0	0	1	145	1	145	5.92e-105	295
10P3R2A13_01319	18P3R3A11_01778	97.917	144	3	0	1	144	1	144	7.34e-103	290
10P3R2A13_01320	10P3R2A13_01320	100.000	490	0	0	1	490	1	490	0.0	981
10P3R2A13_01321	10P3R2A13_01321	100.000	251	0	0	1	251	1	251	0.0	501
10P3R2A13_01321	31P2R1A5_02607	96.787	249	8	0	1	249	1	249	1.57e-175	483
10P3R2A13_01321	51P2R2A10_03989	95.600	250	11	0	1	250	15	264	2.73e-166	460
10P3R2A13_01321	34P3R2A10_04729	100.000	105	0	0	147	251	1	105	1.21e-70	212
10P3R2A13_01322	10P3R2A13_01322	100.000	681	0	0	1	681	1	681	0.0	1412
10P3R2A13_01322	34P3R2A10_05198	100.000	204	0	0	478	681	1	204	9.51e-146	422
10P3R2A13_01323	10P3R2A13_01323	100.000	281	0	0	1	281	1	281	0.0	577
10P3R2A13_01324	10P3R2A13_01324	100.000	451	0	0	1	451	1	451	0.0	930
10P3R2A13_01325	10P3R2A13_01325	100.000	58	0	0	1	58	1	58	2.24e-37	118
10P3R2A13_01326	10P3R2A13_01326	100.000	118	0	0	1	118	1	118	6.18e-83	238
10P3R2A13_01327	10P3R2A13_01327	100.000	430	0	0	1	430	1	430	0.0	830
10P3R2A13_01328	10P3R2A13_01328	100.000	142	0	0	1	142	1	142	4.26e-102	288
10P3R2A13_01328	17P1R1A4_01425	97.887	142	3	0	1	142	1	142	1.94e-100	284
10P3R2A13_01328	34P3R2A10_03877	98.276	58	1	0	85	142	1	58	1.23e-34	115
10P3R2A13_01329	10P3R2A13_01329	100.000	99	0	0	1	99	1	99	6.28e-68	198
10P3R2A13_01329	54P2R2A3_04972	95.833	96	4	0	1	96	1	96	3.29e-63	187
10P3R2A13_01330	10P3R2A13_01330	100.000	338	0	0	1	338	1	338	0.0	669
10P3R2A13_01330	11P3R3A1_02089	95.858	338	10	1	1	338	1	334	0.0	636
10P3R2A13_01330	15P1R1A16_02227	100.000	262	0	0	77	338	1	262	0.0	516
10P3R2A13_01332	10P3R2A13_01332	100.000	189	0	0	1	189	1	189	6.84e-140	387
10P3R2A13_01332	32P3R2A9_04139	100.000	189	0	0	1	189	59	247	7.52e-140	389
10P3R2A13_01332	5P3R2A4_02585	100.000	169	0	0	1	169	1	169	7.82e-125	348
10P3R2A13_01333	10P3R2A13_01333	100.000	177	0	0	1	177	1	177	6.57e-129	358
10P3R2A13_01334	15P1R1A16_02223	100.000	192	0	0	1	192	25	216	9.22e-138	383
10P3R2A13_01334	10P3R2A13_01334	100.000	192	0	0	1	192	1	192	1.40e-137	382
10P3R2A13_01335	10P3R2A13_01335	100.000	113	0	0	1	113	1	113	3.83e-82	235
10P3R2A13_01336	10P3R2A13_01336	100.000	111	0	0	1	111	1	111	6.43e-76	219
10P3R2A13_01337	10P3R2A13_01337	100.000	191	0	0	1	191	1	191	3.66e-133	370
10P3R2A13_01338	10P3R2A13_01338	100.000	176	0	0	1	176	1	176	6.32e-127	353
10P3R2A13_01339	10P3R2A13_01339	100.000	93	0	0	1	93	1	93	8.18e-65	190
10P3R2A13_01339	27P2R2A12_03924	97.849	93	2	0	1	93	1	93	2.81e-63	186
10P3R2A13_01340	10P3R2A13_01340	100.000	386	0	0	1	386	1	386	0.0	779
10P3R2A13_01341	10P3R2A13_01341	100.000	1038	0	0	1	1038	1	1038	0.0	2107
10P3R2A13_01341	34P3R2A10_03183	99.794	970	2	0	69	1038	1	970	0.0	1965
10P3R2A13_01342	10P3R2A13_01342	100.000	94	0	0	1	94	1	94	4.68e-63	186
10P3R2A13_01343	10P3R2A13_01343	100.000	243	0	0	1	243	1	243	0.0	501
10P3R2A13_01344	10P3R2A13_01344	100.000	275	0	0	1	275	1	275	0.0	569
10P3R2A13_01345	10P3R2A13_01345	100.000	180	0	0	1	180	1	180	3.55e-134	372
10P3R2A13_01345	17P1R1A4_00919	100.000	179	0	0	1	179	93	271	1.99e-132	374
10P3R2A13_01345	16_1P2R1A8-1_03259	97.207	179	5	0	1	179	7	185	1.87e-129	363
10P3R2A13_01345	32P3R2A9_02178	96.648	179	6	0	1	179	93	271	1.58e-127	362
10P3R2A13_01345	12_1P1R2A2-1_00514	98.817	169	2	0	12	180	1	169	3.52e-125	349
10P3R2A13_01345	19P1R1A6_02896	98.214	168	3	0	12	179	1	168	7.72e-123	346
10P3R2A13_01345	3P1R3A2_02391	98.462	130	2	0	12	141	1	130	4.72e-93	266
10P3R2A13_01345	15P1R1A16_04114	100.000	38	0	0	142	179	1	38	2.74e-21	84.0
10P3R2A13_01345	3P1R3A2_02392	97.297	37	1	0	142	178	1	37	4.85e-19	78.2
10P3R2A13_01346	10P3R2A13_01346	100.000	70	0	0	1	70	1	70	5.83e-44	135
10P3R2A13_01346	15P1R1A16_04114	98.571	70	1	0	1	70	39	108	2.40e-43	135
10P3R2A13_01346	16_1P2R1A8-1_03259	100.000	70	0	0	1	70	186	255	1.76e-42	137
10P3R2A13_01346	19P1R1A6_02896	98.571	70	1	0	1	70	169	238	5.64e-42	136
10P3R2A13_01346	17P1R1A4_00919	100.000	70	0	0	1	70	272	341	1.02e-41	138
10P3R2A13_01346	32P3R2A9_02178	100.000	70	0	0	1	70	272	341	1.38e-41	137
10P3R2A13_01347	10P3R2A13_01347	100.000	346	0	0	1	346	1	346	0.0	724
10P3R2A13_01348	10P3R2A13_01348	100.000	81	0	0	1	81	1	81	4.28e-50	152
10P3R2A13_01349	10P3R2A13_01349	100.000	328	0	0	1	328	1	328	0.0	667
10P3R2A13_01349	43P2R2A2_05079	100.000	128	0	0	201	328	1	128	4.26e-88	259
10P3R2A13_01350	10P3R2A13_01350	100.000	472	0	0	1	472	1	472	0.0	960
10P3R2A13_01350	42P1R1A12_03095	97.881	472	10	0	1	472	1	472	0.0	939
10P3R2A13_01351	10P3R2A13_01351	100.000	360	0	0	1	360	1	360	0.0	738
10P3R2A13_01352	10P3R2A13_01352	100.000	398	0	0	1	398	1	398	0.0	817
10P3R2A13_01352	15P1R1A16_04395	99.435	177	1	0	222	398	1	177	2.89e-123	353
10P3R2A13_01353	10P3R2A13_01353	100.000	168	0	0	1	168	1	168	1.03e-122	342
10P3R2A13_01353	40P3R1A10_02324	95.833	168	1	1	1	168	1	162	5.58e-115	322
10P3R2A13_01353	15P1R1A16_04394	97.638	127	3	0	1	127	1	127	1.78e-89	257
10P3R2A13_01353	43P2R2A2_04329	100.000	84	0	0	85	168	1	84	1.45e-57	174
10P3R2A13_01354	10P3R2A13_01354	100.000	238	0	0	1	238	1	238	5.12e-179	490
10P3R2A13_01354	43P2R2A2_03797	100.000	134	0	0	105	238	1	134	1.05e-96	278
10P3R2A13_01355	10P3R2A13_01355	100.000	139	0	0	1	139	1	139	4.94e-102	288
10P3R2A13_01355	34P3R2A10_04999	100.000	77	0	0	63	139	1	77	6.01e-53	161
10P3R2A13_01355	27P2R2A12_03811	100.000	67	0	0	1	67	1	67	7.79e-45	141
10P3R2A13_01355	27P2R2A12_03812	100.000	53	0	0	87	139	1	53	7.19e-32	107
10P3R2A13_01356	10P3R2A13_01356	100.000	119	0	0	1	119	1	119	2.84e-85	244
10P3R2A13_01357	10P3R2A13_01357	100.000	941	0	0	1	941	1	941	0.0	1937
10P3R2A13_01357	31P2R1A5_04555	96.915	940	29	0	1	940	1	940	0.0	1894
10P3R2A13_01357	42P1R1A12_03103	95.957	940	38	0	1	940	1	940	0.0	1854
10P3R2A13_01357	18P3R3A11_04572	95.962	941	38	0	1	941	1	941	0.0	1852
10P3R2A13_01357	15P1R1A16_04390	100.000	433	0	0	509	941	1	433	0.0	887
10P3R2A13_01357	34P3R2A10_05001	100.000	257	0	0	685	941	1	257	0.0	531
10P3R2A13_01358	10P3R2A13_01358	100.000	179	0	0	1	179	1	179	3.40e-129	359
10P3R2A13_01359	10P3R2A13_01359	100.000	94	0	0	1	94	1	94	5.27e-64	188
10P3R2A13_01360	10P3R2A13_01360	100.000	529	0	0	1	529	1	529	0.0	1099
10P3R2A13_01361	10P3R2A13_01361	100.000	108	0	0	1	108	1	108	1.96e-76	220
10P3R2A13_01362	10P3R2A13_01362	100.000	155	0	0	1	155	1	155	1.08e-111	313
10P3R2A13_01363	10P3R2A13_01363	100.000	450	0	0	1	450	1	450	0.0	861
10P3R2A13_01363	18P3R3A11_04561	95.333	450	21	0	1	450	1	450	0.0	826
10P3R2A13_01364	10P3R2A13_01364	100.000	550	0	0	1	550	1	550	0.0	1083
10P3R2A13_01364	43P2R2A2_05501	100.000	299	0	0	252	550	1	299	0.0	595
10P3R2A13_01366	10P3R2A13_01366	100.000	550	0	0	1	550	1	550	0.0	1093
10P3R2A13_01366	34P3R2A10_05212	98.876	89	1	0	462	550	1	89	2.41e-56	183
10P3R2A13_01367	10P3R2A13_01367	100.000	105	0	0	1	105	1	105	1.14e-72	211
10P3R2A13_01368	10P3R2A13_01368	100.000	653	0	0	1	653	1	653	0.0	1353
10P3R2A13_01369	10P3R2A13_01369	100.000	479	0	0	1	479	1	479	0.0	1004
10P3R2A13_01369	34P3R2A10_04851	100.000	291	0	0	189	479	1	291	0.0	608
10P3R2A13_01369	15P1R1A16_01231	100.000	88	0	0	392	479	1	88	1.75e-54	177
10P3R2A13_01370	10P3R2A13_01370	100.000	189	0	0	1	189	1	189	1.89e-142	394
10P3R2A13_01371	10P3R2A13_01371	100.000	224	0	0	1	224	1	224	1.50e-168	462
10P3R2A13_01371	34P3R2A10_03076	100.000	199	0	0	26	224	1	199	6.40e-149	412
10P3R2A13_01372	10P3R2A13_01372	100.000	319	0	0	1	319	1	319	0.0	620
10P3R2A13_01373	10P3R2A13_01373	100.000	541	0	0	1	541	1	541	0.0	1063
10P3R2A13_01374	10P3R2A13_01374	100.000	128	0	0	1	128	1	128	2.46e-91	259
10P3R2A13_01375	10P3R2A13_01375	100.000	199	0	0	1	199	1	199	1.17e-145	403
10P3R2A13_01375	11P3R3A1_01588	97.990	199	4	0	1	199	1	199	1.48e-142	395
10P3R2A13_01375	29P3R3A9_01154	96.985	199	6	0	1	199	1	199	1.04e-140	390
10P3R2A13_01376	10P3R2A13_01376	100.000	438	0	0	1	438	1	438	0.0	866
10P3R2A13_01377	10P3R2A13_01377	100.000	230	0	0	1	230	1	230	2.40e-171	470
10P3R2A13_01378	10P3R2A13_01378	100.000	560	0	0	1	560	1	560	0.0	1171
10P3R2A13_01379	10P3R2A13_01379	100.000	140	0	0	1	140	1	140	1.54e-102	289
10P3R2A13_01379	31P2R1A5_04299	97.143	140	4	0	1	140	1	140	4.91e-99	280
10P3R2A13_01380	10P3R2A13_01380	100.000	489	0	0	1	489	1	489	0.0	994
10P3R2A13_01380	27P2R2A12_03866	97.955	489	10	0	1	489	1	489	0.0	977
10P3R2A13_01381	10P3R2A13_01381	100.000	684	0	0	1	684	1	684	0.0	1399
10P3R2A13_01382	10P3R2A13_01382	100.000	344	0	0	1	344	1	344	0.0	686
10P3R2A13_01383	10P3R2A13_01383	100.000	92	0	0	1	92	1	92	5.67e-61	180
10P3R2A13_01383	25P2R1A13_01455	97.826	92	2	0	1	92	1	92	4.89e-59	175
10P3R2A13_01384	10P3R2A13_01384	100.000	662	0	0	1	662	1	662	0.0	1373
10P3R2A13_01384	25P2R1A13_01454	96.224	662	25	0	1	662	1	662	0.0	1311
10P3R2A13_01384	16_1P2R1A8-1_03806	99.669	604	2	0	59	662	10	613	0.0	1252
10P3R2A13_01384	33P3R2A2_01179	99.242	264	2	0	399	662	1	264	0.0	540
10P3R2A13_01384	34P3R2A10_05114	99.156	237	2	0	426	662	1	237	7.32e-170	484
10P3R2A13_01384	16_1P2R1A8-1_02987	100.000	64	0	0	1	64	1	64	4.88e-37	132
10P3R2A13_01385	10P3R2A13_01385	100.000	106	0	0	1	106	1	106	3.03e-76	220
10P3R2A13_01386	10P3R2A13_01386	100.000	110	0	0	1	110	1	110	2.80e-72	210
10P3R2A13_01386	28P2R1A12_01806	100.000	45	0	0	1	45	1	45	1.14e-17	70.5
10P3R2A13_01387	10P3R2A13_01387	100.000	253	0	0	1	253	1	253	0.0	523
10P3R2A13_01387	25P2R1A13_01445	96.838	253	8	0	1	253	1	253	0.0	504
10P3R2A13_01387	28P2R1A12_01804	96.047	253	10	0	1	253	1	253	0.0	500
10P3R2A13_01387	34P3R2A10_02831	96.571	175	6	0	79	253	1	175	3.07e-122	345
10P3R2A13_01388	10P3R2A13_01388	100.000	145	0	0	1	145	1	145	2.22e-107	301
10P3R2A13_01389	10P3R2A13_01389	100.000	186	0	0	1	186	1	186	3.89e-137	380
10P3R2A13_01390	10P3R2A13_01390	100.000	379	0	0	1	379	1	379	0.0	781
10P3R2A13_01390	28P2R1A12_01801	97.889	379	8	0	1	379	1	379	0.0	765
10P3R2A13_01390	25P2R1A13_01442	97.640	339	8	0	1	339	1	339	0.0	685
10P3R2A13_01391	10P3R2A13_01391	100.000	227	0	0	1	227	1	227	4.65e-168	462
10P3R2A13_01391	11P3R3A1_01604	97.357	227	6	0	1	227	1	227	1.01e-163	451
10P3R2A13_01392	10P3R2A13_01392	100.000	253	0	0	1	253	1	253	0.0	509
10P3R2A13_01392	25P2R1A13_01440	100.000	143	0	0	111	253	1	143	7.67e-99	285
10P3R2A13_01392	25P2R1A13_01439	98.980	98	1	0	1	98	1	98	2.59e-67	203
10P3R2A13_01393	28P2R1A12_01798	98.936	282	3	0	1	282	353	634	0.0	590
10P3R2A13_01393	10P3R2A13_01393	100.000	282	0	0	1	282	1	282	0.0	587
10P3R2A13_01393	18P3R3A11_04478	95.745	282	12	0	1	282	1	282	0.0	569
10P3R2A13_01393	38P2R3A13_05252	95.390	282	13	0	1	282	1	282	0.0	567
10P3R2A13_01394	10P3R2A13_01394	100.000	355	0	0	1	355	1	355	0.0	722
10P3R2A13_01394	15P1R1A16_05050	98.371	307	5	0	49	355	1	307	0.0	616
10P3R2A13_01394	28P2R1A12_01798	98.962	289	3	0	1	289	1	289	0.0	583
10P3R2A13_01395	10P3R2A13_01395	100.000	195	0	0	1	195	1	195	2.38e-141	392
10P3R2A13_01395	25P2R1A13_01436	96.923	195	6	0	1	195	1	195	2.56e-137	381
10P3R2A13_01395	15P1R1A16_04838	96.410	195	7	0	1	195	1	195	5.40e-136	378
10P3R2A13_01395	43P2R2A2_05341	96.491	171	6	0	25	195	1	171	1.78e-117	330
10P3R2A13_01396	10P3R2A13_01396	100.000	151	0	0	1	151	1	151	4.62e-109	306
10P3R2A13_01396	40P3R1A10_02281	97.351	151	4	0	1	151	1	151	7.80e-106	298
10P3R2A13_01397	10P3R2A13_01397	100.000	242	0	0	1	242	1	242	0.0	499
10P3R2A13_01398	10P3R2A13_01398	100.000	260	0	0	1	260	1	260	0.0	520
10P3R2A13_01398	43P2R2A2_05609	100.000	168	0	0	93	260	1	168	3.06e-119	337
10P3R2A13_01398	25P2R1A13_01433	100.000	123	0	0	138	260	1	123	2.40e-83	245
10P3R2A13_01399	10P3R2A13_01399	100.000	339	0	0	1	339	1	339	0.0	689
10P3R2A13_01400	10P3R2A13_01400	100.000	263	0	0	1	263	1	263	0.0	540
10P3R2A13_01401	10P3R2A13_01401	100.000	148	0	0	1	148	1	148	1.72e-110	310
10P3R2A13_01402	10P3R2A13_01402	100.000	112	0	0	1	112	1	112	7.31e-80	229
10P3R2A13_01402	27P2R2A12_03894	100.000	41	0	0	72	112	1	41	8.29e-23	83.6
10P3R2A13_01403	10P3R2A13_01403	100.000	743	0	0	1	743	1	743	0.0	1530
10P3R2A13_01403	34P3R2A10_00471	100.000	181	0	0	563	743	1	181	1.61e-127	377
10P3R2A13_01404	10P3R2A13_01404	100.000	293	0	0	1	293	1	293	0.0	596
10P3R2A13_01404	25P2R1A13_01427	97.952	293	6	0	1	293	1	293	0.0	585
10P3R2A13_01405	10P3R2A13_01405	100.000	501	0	0	1	501	1	501	0.0	1016
10P3R2A13_01406	10P3R2A13_01406	100.000	30	0	0	1	30	1	30	2.60e-14	58.2
10P3R2A13_01406	25P2R1A13_01425	96.667	30	1	0	1	30	1	30	6.83e-14	57.0
10P3R2A13_01407	10P3R2A13_01407	100.000	367	0	0	1	367	1	367	0.0	744
10P3R2A13_01408	10P3R2A13_01408	100.000	223	0	0	1	223	1	223	5.69e-164	451
10P3R2A13_01409	10P3R2A13_01409	100.000	548	0	0	1	548	1	548	0.0	1135
10P3R2A13_01410	10P3R2A13_01410	100.000	446	0	0	1	446	1	446	0.0	881
10P3R2A13_01411	10P3R2A13_01411	100.000	254	0	0	1	254	1	254	0.0	526
10P3R2A13_01412	10P3R2A13_01412	100.000	757	0	0	1	757	1	757	0.0	1592
10P3R2A13_01412	15P1R1A16_01978	99.861	722	1	0	36	757	1	722	0.0	1519
10P3R2A13_01412	43P2R2A2_02022	100.000	142	0	0	616	757	1	142	6.52e-98	299
10P3R2A13_01413	10P3R2A13_01413	100.000	303	0	0	1	303	1	303	0.0	637
10P3R2A13_01414	10P3R2A13_01414	100.000	452	0	0	1	452	1	452	0.0	945
10P3R2A13_01414	43P2R2A2_03126	99.730	370	1	0	83	452	1	370	0.0	777
10P3R2A13_01415	10P3R2A13_01415	100.000	470	0	0	1	470	1	470	0.0	947
10P3R2A13_01416	10P3R2A13_01416	100.000	210	0	0	1	210	1	210	9.06e-154	424
10P3R2A13_01416	25P2R1A13_01415	97.619	210	5	0	1	210	1	210	6.07e-150	414
10P3R2A13_01417	10P3R2A13_01417	100.000	549	0	0	1	549	1	549	0.0	1139
10P3R2A13_01418	10P3R2A13_01418	100.000	447	0	0	1	447	1	447	0.0	891
10P3R2A13_01419	10P3R2A13_01419	100.000	240	0	0	1	240	1	240	0.0	500
10P3R2A13_01420	10P3R2A13_01420	100.000	544	0	0	1	544	1	544	0.0	1105
10P3R2A13_01421	10P3R2A13_01421	100.000	77	0	0	1	77	1	77	2.78e-54	162
10P3R2A13_01421	25P2R1A13_01410	97.403	77	2	0	1	77	1	77	1.16e-52	158
10P3R2A13_01421	16_1P2R1A8-1_02950	97.403	77	2	0	1	77	1	77	1.55e-52	157
10P3R2A13_01422	10P3R2A13_01422	100.000	91	0	0	1	91	1	91	7.44e-63	185
10P3R2A13_01422	25P2R1A13_01409	97.802	91	2	0	1	91	1	91	8.15e-62	182
10P3R2A13_01423	10P3R2A13_01423	100.000	99	0	0	1	99	1	99	2.73e-68	199
10P3R2A13_01424	10P3R2A13_01424	100.000	58	0	0	1	58	1	58	3.31e-34	110
10P3R2A13_01425	10P3R2A13_01425	100.000	506	0	0	1	506	1	506	0.0	1039
10P3R2A13_01426	10P3R2A13_01426	100.000	486	0	0	1	486	1	486	0.0	978
10P3R2A13_01426	34P3R2A10_04152	100.000	216	0	0	271	486	1	216	1.04e-150	428
10P3R2A13_01427	10P3R2A13_01427	100.000	716	0	0	1	716	1	716	0.0	1497
10P3R2A13_01427	31P2R1A5_04436	95.112	716	35	0	1	716	1	716	0.0	1440
10P3R2A13_01428	10P3R2A13_01428	100.000	445	0	0	1	445	1	445	0.0	889
10P3R2A13_01429	10P3R2A13_01429	100.000	513	0	0	1	513	1	513	0.0	1057
10P3R2A13_01431	10P3R2A13_01431	100.000	192	0	0	1	192	1	192	3.45e-142	393
10P3R2A13_01432	10P3R2A13_01432	100.000	566	0	0	1	566	1	566	0.0	1151
10P3R2A13_01433	10P3R2A13_01433	100.000	113	0	0	1	113	1	113	3.70e-79	228
10P3R2A13_01434	10P3R2A13_01434	100.000	434	0	0	1	434	1	434	0.0	859
10P3R2A13_01435	10P3R2A13_01435	100.000	479	0	0	1	479	1	479	0.0	984
10P3R2A13_01436	10P3R2A13_01436	100.000	159	0	0	1	159	1	159	3.30e-113	317
10P3R2A13_01437	10P3R2A13_01437	100.000	419	0	0	1	419	1	419	0.0	823
10P3R2A13_01438	10P3R2A13_01438	100.000	98	0	0	1	98	1	98	4.30e-64	188
10P3R2A13_01439	10P3R2A13_01439	100.000	549	0	0	1	549	1	549	0.0	1080
10P3R2A13_01439	31P2R1A5_04250	96.241	532	20	0	1	532	1	532	0.0	1008
10P3R2A13_01439	38P2R3A13_02276	95.865	532	22	0	1	532	1	532	0.0	1003
10P3R2A13_01440	10P3R2A13_01440	100.000	118	0	0	1	118	1	118	4.16e-83	238
10P3R2A13_01440	34P3R2A10_00717	99.153	118	1	0	1	118	12	129	1.94e-82	237
10P3R2A13_01441	10P3R2A13_01441	100.000	290	0	0	1	290	1	290	0.0	599
10P3R2A13_01442	10P3R2A13_01442	100.000	343	0	0	1	343	1	343	0.0	704
10P3R2A13_01442	34P3R2A10_00715	100.000	70	0	0	274	343	1	70	3.26e-43	144
10P3R2A13_01443	10P3R2A13_01443	100.000	189	0	0	1	189	1	189	4.87e-140	388
10P3R2A13_01443	42P1R1A12_04636	97.354	189	5	0	1	189	1	189	9.34e-138	382
10P3R2A13_01443	38P2R3A13_06023	96.825	189	6	0	1	189	1	189	2.06e-136	379
10P3R2A13_01444	10P3R2A13_01444	100.000	42	0	0	1	42	1	42	7.30e-24	83.2
10P3R2A13_01445	10P3R2A13_01445	100.000	49	0	0	1	49	1	49	1.67e-28	95.1
10P3R2A13_01445	18P3R3A11_01973	95.918	49	2	0	1	49	1	49	3.78e-27	91.7
10P3R2A13_01446	10P3R2A13_01446	100.000	106	0	0	1	106	1	106	4.32e-67	197
10P3R2A13_01448	10P3R2A13_01448	100.000	378	0	0	1	378	1	378	0.0	778
10P3R2A13_01448	15P1R1A16_02583	99.471	378	2	0	1	378	12	389	0.0	774
10P3R2A13_01448	25P2R1A13_03529	96.825	378	12	0	1	378	1	378	0.0	749
10P3R2A13_01448	28P2R1A12_01744	95.495	333	15	0	46	378	1	333	0.0	653
10P3R2A13_01448	34P3R2A10_05203	95.868	242	10	0	137	378	1	242	1.20e-171	478
10P3R2A13_01449	10P3R2A13_01449	100.000	120	0	0	1	120	1	120	3.85e-82	236
10P3R2A13_01450	10P3R2A13_01450	100.000	132	0	0	1	132	1	132	7.45e-92	261
10P3R2A13_01451	10P3R2A13_01451	100.000	245	0	0	1	245	1	245	0.0	516
10P3R2A13_01452	10P3R2A13_01452	100.000	603	0	0	1	603	1	603	0.0	1254
10P3R2A13_01452	56P2R2A4_03904	95.379	541	25	0	42	582	1	541	0.0	1087
10P3R2A13_01453	10P3R2A13_01453	100.000	326	0	0	1	326	1	326	0.0	679
10P3R2A13_01453	43P2R2A2_04964	100.000	199	0	0	128	326	1	199	5.07e-144	404
10P3R2A13_01454	10P3R2A13_01454	100.000	486	0	0	1	486	1	486	0.0	971
10P3R2A13_01454	11P3R3A1_01667	97.737	486	11	0	1	486	16	501	0.0	954
10P3R2A13_01454	17P1R1A4_01027	97.942	486	10	0	1	486	1	486	0.0	951
10P3R2A13_01454	43P2R2A2_05732	96.744	215	7	0	272	486	1	215	2.72e-143	409
10P3R2A13_01455	10P3R2A13_01455	100.000	105	0	0	1	105	1	105	9.13e-75	216
10P3R2A13_01456	10P3R2A13_01456	100.000	101	0	0	1	101	1	101	1.65e-69	202
10P3R2A13_01457	10P3R2A13_01457	100.000	1108	0	0	1	1108	1	1108	0.0	2238
10P3R2A13_01457	15P1R1A16_02590	100.000	497	0	0	612	1108	1	497	0.0	1010
10P3R2A13_01457	34P3R2A10_05074	100.000	160	0	0	949	1108	1	160	3.30e-108	334
10P3R2A13_01457	43P2R2A2_04960	100.000	56	0	0	1053	1108	1	56	1.86e-32	120
10P3R2A13_01458	10P3R2A13_01458	100.000	323	0	0	1	323	1	323	0.0	664
10P3R2A13_01458	18P3R3A11_01986	95.327	321	15	0	1	321	1	321	0.0	639
10P3R2A13_01458	38P2R3A13_02260	95.327	321	15	0	1	321	1	321	0.0	638
10P3R2A13_01459	10P3R2A13_01459	100.000	351	0	0	1	351	1	351	0.0	724
10P3R2A13_01460	10P3R2A13_01460	100.000	182	0	0	1	182	1	182	2.46e-136	378
10P3R2A13_01460	24P1R3A1_01938	100.000	182	0	0	1	182	24	205	3.76e-136	378
10P3R2A13_01460	18P3R3A11_01988	95.055	182	9	0	1	182	1	182	3.95e-130	362
10P3R2A13_01460	42P1R1A12_04650	95.055	182	9	0	1	182	1	182	4.97e-130	362
10P3R2A13_01464	10P3R2A13_01464	100.000	380	0	0	1	380	1	380	0.0	781
10P3R2A13_01465	10P3R2A13_01465	100.000	511	0	0	1	511	1	511	0.0	1029
10P3R2A13_01466	10P3R2A13_01466	100.000	154	0	0	1	154	1	154	7.32e-113	316
10P3R2A13_01467	10P3R2A13_01467	100.000	446	0	0	1	446	1	446	0.0	910
10P3R2A13_01468	10P3R2A13_01468	100.000	616	0	0	1	616	1	616	0.0	1251
10P3R2A13_01469	10P3R2A13_01469	100.000	317	0	0	1	317	1	317	0.0	642
10P3R2A13_01470	10P3R2A13_01470	100.000	103	0	0	1	103	1	103	1.09e-72	211
10P3R2A13_01471	10P3R2A13_01471	100.000	427	0	0	1	427	1	427	0.0	863
10P3R2A13_01472	10P3R2A13_01472	100.000	420	0	0	1	420	1	420	0.0	853
10P3R2A13_01473	10P3R2A13_01473	100.000	335	0	0	1	335	1	335	0.0	676
10P3R2A13_01474	10P3R2A13_01474	100.000	66	0	0	1	66	1	66	1.75e-41	129
10P3R2A13_01475	10P3R2A13_01475	100.000	433	0	0	1	433	1	433	0.0	882
10P3R2A13_01475	18P3R3A11_02002	95.612	433	19	0	1	433	15	447	0.0	850
10P3R2A13_01475	31P2R1A5_04208	95.150	433	21	0	1	433	1	433	0.0	848
10P3R2A13_01475	34P3R2A10_02886	100.000	88	0	0	346	433	1	88	4.54e-57	182
10P3R2A13_01476	10P3R2A13_01476	100.000	142	0	0	1	142	1	142	1.13e-102	289
10P3R2A13_01477	10P3R2A13_01477	100.000	814	0	0	1	814	1	814	0.0	1677
10P3R2A13_01477	43P2R2A2_03150	100.000	462	0	0	353	814	1	462	0.0	951
10P3R2A13_01478	10P3R2A13_01478	100.000	244	0	0	1	244	1	244	0.0	498
10P3R2A13_01478	42P1R1A12_04669	95.082	244	12	0	1	244	1	244	2.29e-175	481
10P3R2A13_01478	38P2R3A13_06528	95.868	242	10	0	1	242	1	242	8.40e-175	480
10P3R2A13_01478	56P2R2A4_03881	95.868	242	10	0	1	242	1	242	1.13e-174	480
10P3R2A13_01479	10P3R2A13_01479	100.000	134	0	0	1	134	1	134	6.97e-95	269
10P3R2A13_01480	10P3R2A13_01480	100.000	233	0	0	1	233	1	233	3.68e-163	450
10P3R2A13_01481	10P3R2A13_01481	100.000	220	0	0	1	220	1	220	1.10e-163	450
10P3R2A13_01482	10P3R2A13_01482	100.000	133	0	0	1	133	1	133	1.73e-92	263
10P3R2A13_01483	10P3R2A13_01483	100.000	213	0	0	1	213	1	213	9.08e-159	437
10P3R2A13_01484	10P3R2A13_01484	100.000	388	0	0	1	388	1	388	0.0	803
10P3R2A13_01485	10P3R2A13_01485	100.000	542	0	0	1	542	1	542	0.0	1115
10P3R2A13_01485	5P3R2A4_02766	99.557	451	2	0	92	542	1	451	0.0	921
10P3R2A13_01485	5P3R2A4_02765	100.000	87	0	0	1	87	1	87	1.46e-56	184
10P3R2A13_01486	10P3R2A13_01486	100.000	92	0	0	1	92	1	92	1.78e-63	186
10P3R2A13_01487	10P3R2A13_01487	100.000	110	0	0	1	110	1	110	1.74e-77	223
10P3R2A13_01488	10P3R2A13_01488	100.000	250	0	0	1	250	1	250	0.0	514
10P3R2A13_01488	27P2R2A12_01561	98.000	250	5	0	1	250	1	250	0.0	506
10P3R2A13_01488	43P2R2A2_05721	100.000	163	0	0	88	250	1	163	2.25e-118	335
10P3R2A13_01489	10P3R2A13_01489	100.000	252	0	0	1	252	1	252	0.0	519
10P3R2A13_01489	43P2R2A2_05720	100.000	141	0	0	112	252	1	141	5.76e-101	290
10P3R2A13_01489	27P2R2A12_01560	100.000	59	0	0	194	252	1	59	1.85e-33	115
10P3R2A13_01490	10P3R2A13_01490	100.000	355	0	0	1	355	1	355	0.0	741
10P3R2A13_01490	18P3R3A11_02013	96.056	355	14	0	1	355	1	355	0.0	722
10P3R2A13_01490	31P2R1A5_04199	95.775	355	15	0	1	355	1	355	0.0	717
10P3R2A13_01490	15P1R1A16_00545	100.000	112	0	0	244	355	1	112	1.01e-78	236
10P3R2A13_01491	10P3R2A13_01491	100.000	466	0	0	1	466	1	466	0.0	935
10P3R2A13_01491	31P2R1A5_04198	96.129	465	18	0	1	465	1	465	0.0	902
10P3R2A13_01491	42P1R1A12_04677	95.699	465	20	0	1	465	1	465	0.0	899
10P3R2A13_01491	18P3R3A11_02014	95.269	465	22	0	1	465	1	465	0.0	874
10P3R2A13_01491	27P2R2A12_01559	100.000	336	0	0	131	466	1	336	0.0	678
10P3R2A13_01491	34P3R2A10_04547	100.000	57	0	0	410	466	1	57	6.04e-31	113
10P3R2A13_01492	10P3R2A13_01492	100.000	102	0	0	1	102	1	102	2.44e-72	209
10P3R2A13_01492	31P2R1A5_04197	97.059	102	3	0	1	102	1	102	2.30e-70	204
10P3R2A13_01493	10P3R2A13_01493	100.000	155	0	0	1	155	1	155	5.38e-113	317
10P3R2A13_01493	12_1P1R2A2-1_00660	95.484	155	7	0	1	155	1	155	2.28e-108	305
10P3R2A13_01494	10P3R2A13_01494	100.000	217	0	0	1	217	1	217	4.21e-160	441
10P3R2A13_01494	18P3R3A11_02017	95.853	217	9	0	1	217	1	217	7.59e-155	427
10P3R2A13_01494	31P2R1A5_04195	95.392	217	10	0	1	217	1	217	2.28e-153	424
10P3R2A13_01495	10P3R2A13_01495	100.000	285	0	0	1	285	1	285	0.0	590
10P3R2A13_01495	15P1R1A16_05089	100.000	248	0	0	38	285	1	248	0.0	514
10P3R2A13_01495	43P2R2A2_04826	100.000	225	0	0	61	285	1	225	6.12e-170	469
10P3R2A13_01495	27P2R2A12_01554	100.000	173	0	0	113	285	1	173	5.66e-129	363
10P3R2A13_01495	28P2R1A12_01697	100.000	128	0	0	113	240	1	128	9.80e-94	272
10P3R2A13_01495	28P2R1A12_01698	100.000	106	0	0	1	106	1	106	1.18e-72	218
10P3R2A13_01495	27P2R2A12_01555	100.000	103	0	0	1	103	1	103	3.78e-70	212
10P3R2A13_01496	10P3R2A13_01496	100.000	229	0	0	1	229	1	229	1.41e-174	478
10P3R2A13_01496	34P3R2A10_04964	100.000	66	0	0	164	229	1	66	5.25e-44	142
10P3R2A13_01497	10P3R2A13_01497	100.000	92	0	0	1	92	1	92	8.61e-64	187
10P3R2A13_01498	10P3R2A13_01498	100.000	132	0	0	1	132	1	132	4.80e-96	272
10P3R2A13_01498	18P3R3A11_02021	96.212	132	5	0	1	132	1	132	5.23e-93	264
10P3R2A13_01499	10P3R2A13_01499	100.000	105	0	0	1	105	1	105	9.54e-75	216
10P3R2A13_01499	47P2R3A6_02792	95.238	105	5	0	1	105	1	105	4.18e-72	209
10P3R2A13_01501	10P3R2A13_01501	100.000	150	0	0	1	150	1	150	7.18e-104	293
10P3R2A13_01502	10P3R2A13_01502	100.000	324	0	0	1	324	1	324	0.0	668
10P3R2A13_01503	10P3R2A13_01503	100.000	434	0	0	1	434	1	434	0.0	842
10P3R2A13_01504	10P3R2A13_01504	100.000	159	0	0	1	159	1	159	4.54e-113	317
10P3R2A13_01505	10P3R2A13_01505	100.000	694	0	0	1	694	1	694	0.0	1439
10P3R2A13_01505	43P2R2A2_04541	100.000	523	0	0	172	694	1	523	0.0	1092
10P3R2A13_01505	8P2R1A11_02470	99.548	442	2	0	1	442	1	442	0.0	907
10P3R2A13_01506	10P3R2A13_01506	100.000	514	0	0	1	514	1	514	0.0	1050
10P3R2A13_01506	25P2R1A13_02452	99.292	424	3	0	91	514	1	424	0.0	862
10P3R2A13_01506	33P3R2A2_01309	99.705	339	1	0	1	339	1	339	0.0	691
10P3R2A13_01506	12_1P1R2A2-1_00674	99.373	319	2	0	1	319	1	319	0.0	645
10P3R2A13_01506	12_1P1R2A2-1_00673	100.000	188	0	0	327	514	1	188	1.24e-134	387
10P3R2A13_01506	33P3R2A2_01308	97.945	146	3	0	369	514	1	146	3.13e-99	295
10P3R2A13_01507	10P3R2A13_01507	100.000	259	0	0	1	259	1	259	0.0	538
10P3R2A13_01508	10P3R2A13_01508	100.000	281	0	0	1	281	1	281	0.0	575
10P3R2A13_01509	10P3R2A13_01509	100.000	264	0	0	1	264	1	264	0.0	541
10P3R2A13_01509	29P3R3A9_01294	99.550	222	1	0	1	222	1	222	1.90e-163	451
10P3R2A13_01510	10P3R2A13_01510	100.000	216	0	0	1	216	1	216	2.42e-162	446
10P3R2A13_01510	28P2R1A12_01689	99.083	109	1	0	108	216	1	109	5.98e-75	221
10P3R2A13_01511	10P3R2A13_01511	100.000	213	0	0	1	213	1	213	1.04e-155	429
10P3R2A13_01512	10P3R2A13_01512	100.000	207	0	0	1	207	1	207	7.73e-150	414
10P3R2A13_01513	10P3R2A13_01513	100.000	471	0	0	1	471	1	471	0.0	944
10P3R2A13_01513	38P2R3A13_07214	95.309	469	22	0	1	469	1	469	0.0	908
10P3R2A13_01513	18P3R3A11_02028	95.522	469	21	0	1	469	1	469	0.0	905
10P3R2A13_01513	15P1R1A16_04593	99.533	214	1	0	258	471	1	214	4.60e-150	426
10P3R2A13_01514	10P3R2A13_01514	100.000	221	0	0	1	221	1	221	7.38e-166	456
10P3R2A13_01514	18P3R3A11_02029	95.023	221	11	0	1	221	1	221	9.80e-160	440
10P3R2A13_01514	43P2R2A2_05739	100.000	91	0	0	131	221	1	91	7.68e-63	190
10P3R2A13_01515	10P3R2A13_01515	100.000	322	0	0	1	322	1	322	0.0	634
10P3R2A13_01515	34P3R2A10_01152	98.885	269	3	0	54	322	1	269	0.0	532
10P3R2A13_01516	10P3R2A13_01516	100.000	287	0	0	1	287	1	287	0.0	574
10P3R2A13_01516	15P1R1A16_04596	97.909	287	6	0	1	287	1	287	0.0	563
10P3R2A13_01516	25P2R1A13_02463	97.213	287	8	0	1	287	1	287	0.0	559
10P3R2A13_01516	34P3R2A10_05293	99.479	192	1	0	96	287	1	192	6.94e-137	384
10P3R2A13_01517	10P3R2A13_01517	100.000	127	0	0	1	127	1	127	4.51e-90	256
10P3R2A13_01517	15P1R1A16_04786	100.000	66	0	0	62	127	1	66	7.24e-42	132
10P3R2A13_01518	10P3R2A13_01518	100.000	648	0	0	1	648	1	648	0.0	1329
10P3R2A13_01518	15P1R1A16_05257	99.507	203	1	0	446	648	1	203	5.56e-147	424
10P3R2A13_01518	34P3R2A10_04656	100.000	79	0	0	570	648	1	79	9.07e-48	162
10P3R2A13_01519	10P3R2A13_01519	100.000	247	0	0	1	247	1	247	0.0	513
10P3R2A13_01519	15P1R1A16_03964	100.000	222	0	0	26	247	1	222	1.46e-167	461
10P3R2A13_01519	34P3R2A10_04570	100.000	96	0	0	152	247	1	96	1.64e-66	201
10P3R2A13_01520	10P3R2A13_01520	100.000	186	0	0	1	186	1	186	3.26e-138	383
10P3R2A13_01520	28P2R1A12_01678	98.361	183	3	0	1	183	1	183	2.69e-134	373
10P3R2A13_01521	10P3R2A13_01521	100.000	69	0	0	1	69	1	69	2.43e-45	139
10P3R2A13_01521	38P2R3A13_02214	97.101	69	2	0	1	69	1	69	4.04e-44	136
10P3R2A13_01522	10P3R2A13_01522	100.000	448	0	0	1	448	1	448	0.0	912
10P3R2A13_01522	34P3R2A10_04567	100.000	280	0	0	169	448	1	280	0.0	573
10P3R2A13_01523	10P3R2A13_01523	100.000	530	0	0	1	530	1	530	0.0	1101
10P3R2A13_01524	10P3R2A13_01524	100.000	340	0	0	1	340	1	340	0.0	708
10P3R2A13_01525	10P3R2A13_01525	100.000	220	0	0	1	220	1	220	1.39e-154	427
10P3R2A13_01526	10P3R2A13_01526	100.000	110	0	0	1	110	1	110	2.02e-78	226
10P3R2A13_01527	10P3R2A13_01527	100.000	93	0	0	1	93	1	93	1.16e-65	192
10P3R2A13_01527	11P3R3A1_01456	97.849	93	2	0	1	93	1	93	4.53e-64	188
10P3R2A13_01527	32P3R2A9_01774	97.849	93	2	0	1	93	1	93	4.59e-64	188
10P3R2A13_01527	25P2R1A13_01184	97.849	93	2	0	1	93	1	93	6.17e-64	187
10P3R2A13_01527	1P1R1A1_01417	97.849	93	2	0	1	93	1	93	1.93e-63	186
10P3R2A13_01529	10P3R2A13_01529	100.000	106	0	0	1	106	1	106	2.03e-74	215
10P3R2A13_01530	10P3R2A13_01530	100.000	138	0	0	1	138	1	138	4.27e-99	280
10P3R2A13_01530	31P2R1A5_01599	95.652	138	6	0	1	138	1	138	7.89e-95	269
10P3R2A13_01531	10P3R2A13_01531	100.000	221	0	0	1	221	1	221	4.01e-163	449
10P3R2A13_01532	10P3R2A13_01532	100.000	153	0	0	1	153	1	153	1.33e-112	315
10P3R2A13_01533	10P3R2A13_01533	100.000	685	0	0	1	685	1	685	0.0	1408
10P3R2A13_01534	10P3R2A13_01534	100.000	149	0	0	1	149	1	149	1.18e-104	295
10P3R2A13_01535	10P3R2A13_01535	100.000	721	0	0	1	721	1	721	0.0	1474
10P3R2A13_01535	15P1R1A16_02371	99.777	449	1	0	273	721	1	449	0.0	919
10P3R2A13_01536	10P3R2A13_01536	100.000	210	0	0	1	210	1	210	1.37e-156	431
10P3R2A13_01537	10P3R2A13_01537	100.000	170	0	0	1	170	1	170	6.10e-125	348
10P3R2A13_01538	10P3R2A13_01538	100.000	347	0	0	1	347	1	347	0.0	713
10P3R2A13_01538	12_1P1R2A2-1_03265	96.011	351	10	1	1	347	1	351	0.0	684
10P3R2A13_01538	43P2R2A2_02573	100.000	48	0	0	300	347	1	48	5.08e-27	100
10P3R2A13_01539	10P3R2A13_01539	100.000	151	0	0	1	151	1	151	6.57e-109	306
10P3R2A13_01540	10P3R2A13_01540	100.000	587	0	0	1	587	1	587	0.0	1199
10P3R2A13_01541	10P3R2A13_01541	100.000	209	0	0	1	209	1	209	8.28e-155	427
10P3R2A13_01541	18P3R3A11_03122	98.844	173	2	0	37	209	1	173	4.62e-125	350
10P3R2A13_01541	31P2R1A5_01609	97.110	173	5	0	37	209	1	173	1.03e-123	347
10P3R2A13_01541	42P1R1A12_02792	95.376	173	8	0	37	209	1	173	3.44e-123	345
10P3R2A13_01542	10P3R2A13_01542	100.000	56	0	0	1	56	1	56	5.35e-36	114
10P3R2A13_01543	10P3R2A13_01543	100.000	188	0	0	1	188	1	188	2.18e-136	378
10P3R2A13_01544	11P3R3A1_01439	100.000	477	0	0	1	477	71	547	0.0	970
10P3R2A13_01544	10P3R2A13_01544	100.000	477	0	0	1	477	1	477	0.0	969
10P3R2A13_01545	10P3R2A13_01545	100.000	78	0	0	1	78	1	78	4.37e-52	157
10P3R2A13_01545	11P3R3A1_01439	96.774	62	2	0	1	62	1	62	1.02e-39	136
10P3R2A13_01546	10P3R2A13_01546	100.000	418	0	0	1	418	1	418	0.0	849
10P3R2A13_01546	38P2R3A13_08477	97.059	34	1	0	375	408	1	34	2.12e-15	70.1
10P3R2A13_01547	10P3R2A13_01547	100.000	636	0	0	1	636	1	636	0.0	1301
10P3R2A13_01548	10P3R2A13_01548	100.000	703	0	0	1	703	1	703	0.0	1459
10P3R2A13_01548	15P1R1A16_02383	99.570	465	2	0	239	703	1	465	0.0	957
10P3R2A13_01549	10P3R2A13_01549	100.000	370	0	0	1	370	1	370	0.0	766
10P3R2A13_01549	15P1R1A16_04943	99.145	117	1	0	254	370	1	117	1.87e-79	239
10P3R2A13_01550	10P3R2A13_01550	100.000	181	0	0	1	181	1	181	1.41e-135	376
10P3R2A13_01550	12_1P1R2A2-1_03276	96.685	181	6	0	1	181	1	181	1.79e-130	363
10P3R2A13_01551	10P3R2A13_01551	100.000	337	0	0	1	337	1	337	0.0	686
10P3R2A13_01551	12_1P1R2A2-1_03277	96.736	337	11	0	1	337	1	337	0.0	665
10P3R2A13_01551	14P1R2A4_05099	100.000	288	0	0	50	337	1	288	0.0	580
10P3R2A13_01551	15P1R1A16_04941	96.181	288	11	0	50	337	1	288	0.0	559
10P3R2A13_01552	10P3R2A13_01552	100.000	230	0	0	1	230	1	230	2.14e-167	460
10P3R2A13_01552	12_1P1R2A2-1_03278	97.826	230	5	0	1	230	1	230	7.41e-165	454
10P3R2A13_01553	10P3R2A13_01553	100.000	188	0	0	1	188	1	188	4.77e-139	385
10P3R2A13_01553	12_1P1R2A2-1_03279	97.340	188	5	0	1	188	1	188	1.06e-133	372
10P3R2A13_01554	10P3R2A13_01554	100.000	181	0	0	1	181	1	181	2.43e-131	365
10P3R2A13_01554	40P3R1A10_01470	98.485	66	1	0	116	181	1	66	4.71e-41	132
10P3R2A13_01555	10P3R2A13_01555	100.000	357	0	0	1	357	1	357	0.0	732
10P3R2A13_01555	34P3R2A10_00294	99.580	238	1	0	120	357	1	238	3.06e-171	476
10P3R2A13_01557	10P3R2A13_01557	100.000	234	0	0	1	234	1	234	4.72e-174	478
10P3R2A13_01557	16_1P2R1A8-1_04488	99.270	137	1	0	1	137	1	137	2.98e-96	278
10P3R2A13_01558	10P3R2A13_01558	100.000	181	0	0	1	181	1	181	2.48e-127	355
10P3R2A13_01559	10P3R2A13_01559	100.000	192	0	0	1	192	1	192	8.61e-140	387
10P3R2A13_01559	3P1R3A2_01752	99.457	184	1	0	1	184	1	184	5.45e-129	372
10P3R2A13_01560	10P3R2A13_01560	100.000	320	0	0	1	320	1	320	0.0	646
10P3R2A13_01560	3P1R3A2_01752	99.688	320	1	0	1	320	189	508	0.0	645
10P3R2A13_01560	28P2R1A12_02971	100.000	281	0	0	40	320	1	281	0.0	572
10P3R2A13_01561	10P3R2A13_01561	100.000	382	0	0	1	382	1	382	0.0	778
10P3R2A13_01562	10P3R2A13_01562	100.000	264	0	0	1	264	1	264	0.0	511
10P3R2A13_01563	10P3R2A13_01563	100.000	256	0	0	1	256	1	256	0.0	501
10P3R2A13_01563	25P2R1A13_01149	97.266	256	7	0	1	256	1	256	4.49e-177	487
10P3R2A13_01563	34P3R2A10_04706	100.000	244	0	0	12	255	1	244	3.86e-173	479
10P3R2A13_01563	34P3R2A10_03031	97.143	245	7	0	12	256	1	245	3.85e-168	464
10P3R2A13_01563	5P3R2A4_01006	99.537	216	1	0	41	256	8	223	1.97e-149	416
10P3R2A13_01564	10P3R2A13_01564	100.000	871	0	0	1	871	1	871	0.0	1815
10P3R2A13_01564	15P1R1A16_02645	100.000	447	0	0	425	871	1	447	0.0	919
10P3R2A13_01564	34P3R2A10_04705	100.000	343	0	0	529	871	1	343	0.0	699
10P3R2A13_01565	10P3R2A13_01565	100.000	401	0	0	1	401	1	401	0.0	831
10P3R2A13_01565	16_1P2R1A8-1_04480	100.000	401	0	0	1	401	17	417	0.0	831
10P3R2A13_01565	43P2R2A2_02885	100.000	140	0	0	262	401	1	140	2.22e-99	291
10P3R2A13_01566	10P3R2A13_01566	100.000	467	0	0	1	467	1	467	0.0	964
10P3R2A13_01566	31P2R1A5_01625	95.503	467	21	0	1	467	1	467	0.0	932
10P3R2A13_01566	34P3R2A10_04421	100.000	61	0	0	407	467	1	61	8.94e-38	132
10P3R2A13_01567	10P3R2A13_01567	100.000	363	0	0	1	363	1	363	0.0	721
10P3R2A13_01567	16_1P2R1A8-1_01865	97.245	363	10	0	1	363	1	363	0.0	699
10P3R2A13_01567	25P2R1A13_01144	100.000	238	0	0	126	363	1	238	6.37e-170	473
10P3R2A13_01567	25P2R1A13_01145	100.000	87	0	0	1	87	1	87	2.98e-56	178
10P3R2A13_01568	10P3R2A13_01568	100.000	397	0	0	1	397	1	397	0.0	824
10P3R2A13_01568	34P3R2A10_03144	100.000	275	0	0	123	397	1	275	0.0	575
10P3R2A13_01569	10P3R2A13_01569	100.000	216	0	0	1	216	1	216	4.29e-161	443
10P3R2A13_01570	10P3R2A13_01570	100.000	183	0	0	1	183	1	183	8.91e-135	374
10P3R2A13_01571	10P3R2A13_01571	100.000	616	0	0	1	616	1	616	0.0	1259
10P3R2A13_01572	10P3R2A13_01572	100.000	1487	0	0	1	1487	1	1487	0.0	3022
10P3R2A13_01572	15P1R1A16_03839	100.000	1148	0	0	340	1487	1	1148	0.0	2314
10P3R2A13_01572	43P2R2A2_02892	100.000	636	0	0	852	1487	1	636	0.0	1291
10P3R2A13_01572	34P3R2A10_03140	99.786	468	1	0	1020	1487	1	468	0.0	957
10P3R2A13_01573	10P3R2A13_01573	100.000	235	0	0	1	235	1	235	1.27e-174	479
10P3R2A13_01573	42P1R1A12_02813	95.319	235	11	0	1	235	1	235	6.48e-167	459
10P3R2A13_01573	18P3R3A11_03145	95.319	235	11	0	1	235	1	235	9.42e-167	459
10P3R2A13_01574	10P3R2A13_01574	100.000	441	0	0	1	441	1	441	0.0	899
10P3R2A13_01574	18P3R3A11_03146	97.052	441	13	0	1	441	1	441	0.0	877
10P3R2A13_01575	10P3R2A13_01575	100.000	262	0	0	1	262	1	262	0.0	546
10P3R2A13_01576	10P3R2A13_01576	100.000	260	0	0	1	260	1	260	0.0	517
10P3R2A13_01577	10P3R2A13_01577	100.000	298	0	0	1	298	1	298	0.0	613
10P3R2A13_01578	10P3R2A13_01578	100.000	249	0	0	1	249	1	249	0.0	508
10P3R2A13_01579	10P3R2A13_01579	100.000	61	0	0	1	61	1	61	2.97e-40	125
10P3R2A13_01580	10P3R2A13_01580	100.000	411	0	0	1	411	1	411	0.0	845
10P3R2A13_01581	10P3R2A13_01581	100.000	329	0	0	1	329	1	329	0.0	665
10P3R2A13_01582	10P3R2A13_01582	100.000	583	0	0	1	583	1	583	0.0	1192
10P3R2A13_01582	38P2R3A13_00891	95.197	583	28	0	1	583	1	583	0.0	1135
10P3R2A13_01582	18P3R3A11_03154	95.017	582	29	0	1	582	1	582	0.0	1107
10P3R2A13_01583	10P3R2A13_01583	100.000	755	0	0	1	755	1	755	0.0	1520
10P3R2A13_01583	25P2R1A13_01128	97.748	755	17	0	1	755	1	755	0.0	1488
10P3R2A13_01583	15P1R1A16_02807	100.000	439	0	0	317	755	1	439	0.0	888
10P3R2A13_01584	10P3R2A13_01584	100.000	95	0	0	1	95	1	95	6.76e-67	195
10P3R2A13_01584	31P2R1A5_01644	97.849	93	2	0	1	93	1	93	7.10e-65	190
10P3R2A13_01584	18P3R3A11_03156	95.745	94	4	0	1	94	1	94	2.93e-64	189
10P3R2A13_01584	38P2R3A13_07422	100.000	62	0	0	33	94	1	62	4.98e-42	131
10P3R2A13_01586	10P3R2A13_01586	100.000	228	0	0	1	228	1	228	3.25e-165	454
10P3R2A13_01586	47P2R3A6_02386	96.053	228	9	0	1	228	1	228	3.61e-160	442
10P3R2A13_01587	10P3R2A13_01587	100.000	255	0	0	1	255	1	255	0.0	519
10P3R2A13_01588	10P3R2A13_01588	100.000	428	0	0	1	428	1	428	0.0	881
10P3R2A13_01588	15P1R1A16_04145	100.000	113	0	0	316	428	1	113	3.45e-78	238
10P3R2A13_01589	10P3R2A13_01589	100.000	363	0	0	1	363	1	363	0.0	752
10P3R2A13_01590	10P3R2A13_01590	100.000	231	0	0	1	231	1	231	1.03e-172	474
10P3R2A13_01590	34P3R2A10_02813	100.000	97	0	0	135	231	1	97	1.73e-68	205
10P3R2A13_01592	10P3R2A13_01592	100.000	286	0	0	1	286	1	286	0.0	579
10P3R2A13_01593	10P3R2A13_01593	100.000	761	0	0	1	761	1	761	0.0	1588
10P3R2A13_01593	38P2R3A13_08163	97.838	185	4	0	577	761	1	185	2.07e-127	377
10P3R2A13_01594	27P2R2A12_02967	100.000	246	0	0	2	247	21	266	0.0	514
10P3R2A13_01594	10P3R2A13_01594	100.000	247	0	0	1	247	1	247	0.0	513
10P3R2A13_01594	31P2R1A5_01653	96.761	247	8	0	1	247	1	247	0.0	502
10P3R2A13_01594	18P3R3A11_03165	96.761	247	8	0	1	247	1	247	0.0	502
10P3R2A13_01594	42P1R1A12_02833	96.356	247	9	0	1	247	31	277	0.0	502
10P3R2A13_01595	10P3R2A13_01595	100.000	197	0	0	1	197	1	197	2.85e-149	412
10P3R2A13_01596	10P3R2A13_01596	100.000	303	0	0	1	303	1	303	0.0	630
10P3R2A13_01597	10P3R2A13_01597	100.000	477	0	0	1	477	1	477	0.0	963
10P3R2A13_01598	10P3R2A13_01598	100.000	383	0	0	1	383	1	383	0.0	758
10P3R2A13_01598	16_1P2R1A8-1_01834	100.000	375	0	0	9	383	1	375	0.0	742
10P3R2A13_01599	10P3R2A13_01599	100.000	209	0	0	1	209	1	209	2.97e-157	433
10P3R2A13_01600	10P3R2A13_01600	100.000	288	0	0	1	288	1	288	0.0	560
10P3R2A13_01601	10P3R2A13_01601	100.000	206	0	0	1	206	1	206	2.85e-156	430
10P3R2A13_01601	18P3R3A11_03169	95.146	206	10	0	1	206	1	206	9.74e-150	414
10P3R2A13_01602	10P3R2A13_01602	100.000	815	0	0	1	815	1	815	0.0	1701
10P3R2A13_01603	10P3R2A13_01603	100.000	431	0	0	1	431	1	431	0.0	892
10P3R2A13_01603	34P3R2A10_01007	100.000	99	0	0	333	431	1	99	8.76e-69	213
10P3R2A13_01604	10P3R2A13_01604	100.000	448	0	0	1	448	1	448	0.0	921
10P3R2A13_01604	18P3R3A11_03172	95.089	448	22	0	1	448	1	448	0.0	877
10P3R2A13_01604	38P2R3A13_07874	95.089	448	22	0	1	448	1	448	0.0	875
10P3R2A13_01604	15P1R1A16_01415	100.000	396	0	0	53	448	1	396	0.0	813
10P3R2A13_01604	43P2R2A2_04556	100.000	81	0	0	368	448	1	81	3.89e-53	172
10P3R2A13_01605	10P3R2A13_01605	100.000	204	0	0	1	204	1	204	1.36e-151	418
10P3R2A13_01608	10P3R2A13_01608	100.000	322	0	0	1	322	1	322	0.0	663
10P3R2A13_01608	42P1R1A12_02849	95.938	320	13	0	1	320	1	320	0.0	639
10P3R2A13_01608	34P3R2A10_03922	100.000	131	0	0	192	322	1	131	8.87e-91	266
10P3R2A13_01609	10P3R2A13_01609	100.000	589	0	0	1	589	1	589	0.0	1181
10P3R2A13_01610	10P3R2A13_01610	100.000	574	0	0	1	574	1	574	0.0	1148
10P3R2A13_01610	34P3R2A10_04718	98.734	79	1	0	496	574	1	79	2.90e-46	157
10P3R2A13_01611	10P3R2A13_01611	100.000	235	0	0	1	235	1	235	1.18e-177	486
10P3R2A13_01614	10P3R2A13_01614	100.000	759	0	0	1	759	1	759	0.0	1553
10P3R2A13_01614	42P1R1A12_02854	97.240	761	19	2	1	759	1	761	0.0	1509
10P3R2A13_01614	18P3R3A11_02762	96.447	760	26	1	1	759	1	760	0.0	1501
10P3R2A13_01614	38P2R3A13_08378	97.631	591	14	0	169	759	1	591	0.0	1187
10P3R2A13_01614	34P3R2A10_04956	100.000	389	0	0	371	759	1	389	0.0	796
10P3R2A13_01615	10P3R2A13_01615	100.000	107	0	0	1	107	1	107	2.55e-77	223
10P3R2A13_01616	10P3R2A13_01616	100.000	75	0	0	1	75	1	75	1.08e-51	155
10P3R2A13_01616	42P1R1A12_02856	95.522	67	3	0	1	67	1	67	9.13e-45	138
10P3R2A13_01617	10P3R2A13_01617	100.000	649	0	0	1	649	1	649	0.0	1318
10P3R2A13_01617	15P1R1A16_02513	99.796	490	1	0	160	649	1	490	0.0	993
10P3R2A13_01617	43P2R2A2_04127	100.000	221	0	0	429	649	1	221	5.02e-154	443
10P3R2A13_01618	10P3R2A13_01618	100.000	372	0	0	1	372	1	372	0.0	741
10P3R2A13_01618	34P3R2A10_03481	99.353	309	2	0	64	372	1	309	0.0	614
10P3R2A13_01619	10P3R2A13_01619	100.000	331	0	0	1	331	1	331	0.0	688
10P3R2A13_01620	10P3R2A13_01620	100.000	553	0	0	1	553	1	553	0.0	1125
10P3R2A13_01621	10P3R2A13_01621	100.000	232	0	0	1	232	1	232	4.44e-162	447
10P3R2A13_01621	27P2R2A12_02939	100.000	102	0	0	131	232	1	102	1.03e-65	198
10P3R2A13_01621	27P2R2A12_02940	100.000	87	0	0	1	87	1	87	1.00e-54	170
10P3R2A13_01622	10P3R2A13_01622	100.000	300	0	0	1	300	1	300	0.0	584
10P3R2A13_01623	10P3R2A13_01623	100.000	551	0	0	1	551	1	551	0.0	1140
10P3R2A13_01623	42P1R1A12_02862	95.463	551	25	0	1	551	13	563	0.0	1101
10P3R2A13_01623	51P2R2A10_01455	95.463	551	25	0	1	551	1	551	0.0	1099
10P3R2A13_01623	43P2R2A2_03583	100.000	365	0	0	187	551	1	365	0.0	756
10P3R2A13_01624	10P3R2A13_01624	100.000	323	0	0	1	323	1	323	0.0	670
10P3R2A13_01625	10P3R2A13_01625	100.000	573	0	0	1	573	1	573	0.0	1184
10P3R2A13_01625	18P3R3A11_02774	95.637	573	25	0	1	573	1	573	0.0	1098
10P3R2A13_01626	10P3R2A13_01626	100.000	334	0	0	1	334	1	334	0.0	687
10P3R2A13_01627	10P3R2A13_01627	100.000	477	0	0	1	477	1	477	0.0	974
10P3R2A13_01628	10P3R2A13_01628	100.000	338	0	0	1	338	1	338	0.0	707
10P3R2A13_01628	24P1R3A1_01102	99.704	338	1	0	1	338	13	350	0.0	707
10P3R2A13_01629	10P3R2A13_01629	100.000	277	0	0	1	277	1	277	0.0	566
10P3R2A13_01629	43P2R2A2_03589	100.000	232	0	0	46	277	1	232	9.39e-173	476
10P3R2A13_01630	10P3R2A13_01630	100.000	108	0	0	1	108	1	108	6.39e-74	214
10P3R2A13_01630	40P3R1A10_01394	97.222	108	3	0	1	108	1	108	2.37e-71	207
10P3R2A13_01631	10P3R2A13_01631	100.000	172	0	0	1	172	1	172	9.08e-128	355
10P3R2A13_01632	10P3R2A13_01632	100.000	243	0	0	1	243	1	243	0.0	503
10P3R2A13_01632	31P2R1A5_01687	95.473	243	11	0	1	243	1	243	1.88e-175	482
10P3R2A13_01632	44P3R3A6_01316	95.473	243	11	0	1	243	23	265	2.65e-175	482
10P3R2A13_01632	42P1R1A12_02872	95.473	243	11	0	1	243	7	249	2.95e-175	481
10P3R2A13_01632	51P2R2A10_01445	95.062	243	12	0	1	243	1	243	4.29e-174	478
10P3R2A13_01633	10P3R2A13_01633	100.000	244	0	0	1	244	1	244	0.0	503
10P3R2A13_01634	10P3R2A13_01634	100.000	239	0	0	1	239	1	239	2.51e-173	476
10P3R2A13_01634	34P3R2A10_04882	100.000	110	0	0	130	239	1	110	3.57e-75	223
10P3R2A13_01635	10P3R2A13_01635	100.000	223	0	0	1	223	1	223	6.45e-161	443
10P3R2A13_01636	10P3R2A13_01636	100.000	244	0	0	1	244	1	244	0.0	505
10P3R2A13_01636	34P3R2A10_05206	99.363	157	1	0	88	244	1	157	1.09e-114	325
10P3R2A13_01637	10P3R2A13_01637	100.000	376	0	0	1	376	1	376	0.0	778
10P3R2A13_01637	34P3R2A10_05205	98.571	140	2	0	237	376	1	140	1.05e-98	289
10P3R2A13_01637	34P3R2A10_05217	97.857	140	3	0	237	376	1	140	6.83e-98	287
10P3R2A13_01638	10P3R2A13_01638	100.000	163	0	0	1	163	1	163	5.97e-117	327
10P3R2A13_01639	10P3R2A13_01639	100.000	282	0	0	1	282	1	282	0.0	554
10P3R2A13_01640	10P3R2A13_01640	100.000	318	0	0	1	318	1	318	0.0	633
10P3R2A13_01640	15P1R1A16_02307	99.320	294	2	0	25	318	1	294	0.0	581
10P3R2A13_01641	10P3R2A13_01641	100.000	378	0	0	1	378	1	378	0.0	778
10P3R2A13_01641	34P3R2A10_03912	99.010	202	2	0	177	378	1	202	1.32e-146	413
10P3R2A13_01642	10P3R2A13_01642	100.000	371	0	0	1	371	1	371	0.0	757
10P3R2A13_01642	25P2R1A13_03973	100.000	98	0	0	274	371	1	98	5.63e-65	201
10P3R2A13_01643	10P3R2A13_01643	100.000	159	0	0	1	159	1	159	2.81e-116	325
10P3R2A13_01644	10P3R2A13_01644	100.000	301	0	0	1	301	1	301	0.0	609
10P3R2A13_01645	10P3R2A13_01645	100.000	241	0	0	1	241	1	241	0.0	498
10P3R2A13_01646	10P3R2A13_01646	100.000	96	0	0	1	96	1	96	2.80e-63	186
10P3R2A13_01646	12_1P1R2A2-1_02448	97.917	96	2	0	1	96	1	96	4.98e-62	183
10P3R2A13_01647	10P3R2A13_01647	100.000	86	0	0	1	86	1	86	1.23e-60	179
10P3R2A13_01647	28P2R1A12_03861	97.674	86	2	0	1	86	1	86	2.63e-59	175
10P3R2A13_01647	16_1P2R1A8-1_01785	97.674	86	2	0	1	86	1	86	1.20e-58	174
10P3R2A13_01648	10P3R2A13_01648	100.000	126	0	0	1	126	1	126	4.22e-87	249
10P3R2A13_01649	10P3R2A13_01649	100.000	562	0	0	1	562	1	562	0.0	1121
10P3R2A13_01650	10P3R2A13_01650	100.000	179	0	0	1	179	1	179	3.92e-134	372
10P3R2A13_01651	10P3R2A13_01651	100.000	376	0	0	1	376	1	376	0.0	734
10P3R2A13_01651	34P3R2A10_00527	99.734	376	1	0	1	376	28	403	0.0	732
10P3R2A13_01652	10P3R2A13_01652	100.000	272	0	0	1	272	1	272	0.0	559
10P3R2A13_01652	16_1P2R1A8-1_04101	99.507	203	1	0	70	272	14	216	1.94e-149	416
10P3R2A13_01653	10P3R2A13_01653	100.000	93	0	0	1	93	1	93	2.75e-62	183
10P3R2A13_01654	10P3R2A13_01654	100.000	411	0	0	1	411	1	411	0.0	813
10P3R2A13_01654	43P2R2A2_03332	98.701	77	1	0	335	411	1	77	6.39e-46	152
10P3R2A13_01655	10P3R2A13_01655	100.000	199	0	0	1	199	1	199	5.69e-144	399
10P3R2A13_01656	10P3R2A13_01656	100.000	253	0	0	1	253	1	253	0.0	528
10P3R2A13_01658	10P3R2A13_01658	100.000	209	0	0	1	209	1	209	2.67e-155	428
10P3R2A13_01658	43P2R2A2_03767	100.000	193	0	0	17	209	1	193	2.28e-142	395
10P3R2A13_01659	10P3R2A13_01659	100.000	372	0	0	1	372	1	372	0.0	759
10P3R2A13_01659	27P2R2A12_01928	97.895	190	4	0	1	190	1	190	2.91e-133	379
10P3R2A13_01659	27P2R2A12_01929	100.000	152	0	0	221	372	1	152	4.90e-108	313
10P3R2A13_01660	10P3R2A13_01660	100.000	128	0	0	1	128	1	128	3.49e-91	259
10P3R2A13_01661	10P3R2A13_01661	100.000	442	0	0	1	442	1	442	0.0	906
10P3R2A13_01661	18P3R3A11_02840	96.154	442	17	0	1	442	1	442	0.0	875
10P3R2A13_01661	38P2R3A13_06172	95.802	405	17	0	38	442	1	405	0.0	803
10P3R2A13_01662	10P3R2A13_01662	100.000	443	0	0	1	443	1	443	0.0	905
10P3R2A13_01662	32P3R2A9_01634	100.000	363	0	0	81	443	2	364	0.0	746
10P3R2A13_01662	32P3R2A9_01633	100.000	79	0	0	1	79	1	79	8.15e-48	158
10P3R2A13_01663	10P3R2A13_01663	100.000	783	0	0	1	783	1	783	0.0	1603
10P3R2A13_01663	43P2R2A2_03772	100.000	699	0	0	85	783	1	699	0.0	1442
10P3R2A13_01663	34P3R2A10_00539	99.842	633	1	0	151	783	1	633	0.0	1301
10P3R2A13_01663	8P2R1A11_00965	99.832	596	1	0	188	783	1	596	0.0	1218
10P3R2A13_01663	8P2R1A11_00964	100.000	172	0	0	1	172	1	172	3.39e-118	354
10P3R2A13_01664	10P3R2A13_01664	100.000	304	0	0	1	304	1	304	0.0	602
10P3R2A13_01665	10P3R2A13_01665	100.000	307	0	0	1	307	1	307	0.0	611
10P3R2A13_01666	10P3R2A13_01666	100.000	513	0	0	1	513	1	513	0.0	1057
10P3R2A13_01666	34P3R2A10_04301	100.000	331	0	0	183	513	1	331	0.0	686
10P3R2A13_01667	10P3R2A13_01667	100.000	624	0	0	1	624	1	624	0.0	1261
10P3R2A13_01668	10P3R2A13_01668	100.000	322	0	0	1	322	1	322	0.0	651
10P3R2A13_01669	10P3R2A13_01669	100.000	412	0	0	1	412	1	412	0.0	837
10P3R2A13_01670	10P3R2A13_01670	100.000	250	0	0	1	250	1	250	0.0	509
10P3R2A13_01670	28P2R1A12_02103	98.000	250	5	0	1	250	1	250	0.0	500
10P3R2A13_01671	10P3R2A13_01671	100.000	221	0	0	1	221	1	221	7.20e-161	443
10P3R2A13_01671	25P2R1A13_01269	97.738	221	5	0	1	221	1	221	7.57e-157	433
10P3R2A13_01671	11P3R3A1_01313	97.285	221	6	0	1	221	1	221	1.97e-156	432
10P3R2A13_01672	10P3R2A13_01672	100.000	300	0	0	1	300	1	300	0.0	620
10P3R2A13_01673	10P3R2A13_01673	100.000	811	0	0	1	811	1	811	0.0	1688
10P3R2A13_01673	34P3R2A10_05084	100.000	402	0	0	410	811	1	402	0.0	834
10P3R2A13_01674	10P3R2A13_01674	100.000	272	0	0	1	272	1	272	0.0	561
10P3R2A13_01675	10P3R2A13_01675	100.000	422	0	0	1	422	1	422	0.0	879
10P3R2A13_01675	32P3R2A9_01620	100.000	305	0	0	1	305	1	305	0.0	637
10P3R2A13_01676	10P3R2A13_01676	100.000	224	0	0	1	224	1	224	4.48e-170	466
10P3R2A13_01676	34P3R2A10_01636	99.333	150	1	0	75	224	1	150	1.97e-108	308
10P3R2A13_01677	10P3R2A13_01677	100.000	47	0	0	1	47	1	47	7.63e-27	90.9
10P3R2A13_01677	40P3R1A10_01144	97.872	47	1	0	1	47	1	47	4.24e-26	89.0
10P3R2A13_01677	25P2R1A13_02843	97.872	47	1	0	1	47	1	47	5.34e-26	89.0
10P3R2A13_01678	10P3R2A13_01678	100.000	291	0	0	1	291	1	291	0.0	598
10P3R2A13_01678	27P2R2A12_00996	97.251	291	8	0	1	291	1	291	0.0	584
10P3R2A13_01678	14P1R2A4_05129	99.574	235	1	0	57	291	1	235	4.30e-174	480
10P3R2A13_01678	34P3R2A10_02612	97.021	235	7	0	57	291	1	235	6.39e-170	469
10P3R2A13_01678	25P2R1A13_02845	96.992	133	4	0	130	262	1	133	8.49e-72	218
10P3R2A13_01678	25P2R1A13_02844	100.000	76	0	0	1	76	1	76	1.24e-48	156
10P3R2A13_01679	10P3R2A13_01679	100.000	433	0	0	1	433	1	433	0.0	871
10P3R2A13_01679	31P2R1A5_02198	96.767	433	14	0	1	433	1	433	0.0	851
10P3R2A13_01679	18P3R3A11_04233	96.305	433	16	0	1	433	1	433	0.0	842
10P3R2A13_01680	10P3R2A13_01680	100.000	546	0	0	1	546	1	546	0.0	1125
10P3R2A13_01680	31P2R1A5_02199	95.055	546	27	0	1	546	1	546	0.0	1049
10P3R2A13_01681	10P3R2A13_01681	100.000	264	0	0	1	264	1	264	0.0	540
10P3R2A13_01681	43P2R2A2_04203	100.000	88	0	0	177	264	1	88	1.79e-55	173
10P3R2A13_01682	10P3R2A13_01682	100.000	112	0	0	1	112	1	112	3.27e-81	233
10P3R2A13_01683	10P3R2A13_01683	100.000	83	0	0	1	83	1	83	3.53e-55	165
10P3R2A13_01684	10P3R2A13_01684	100.000	745	0	0	1	745	1	745	0.0	1540
10P3R2A13_01684	34P3R2A10_02618	100.000	497	0	0	249	745	1	497	0.0	1032
10P3R2A13_01684	43P2R2A2_05141	100.000	470	0	0	276	745	1	470	0.0	973
10P3R2A13_01685	10P3R2A13_01685	100.000	434	0	0	1	434	1	434	0.0	899
10P3R2A13_01686	10P3R2A13_01686	100.000	919	0	0	1	919	1	919	0.0	1883
10P3R2A13_01686	15P1R1A16_00302	100.000	756	0	0	164	919	12	767	0.0	1551
10P3R2A13_01686	15P1R1A16_00301	100.000	159	0	0	1	159	1	159	3.24e-106	325
10P3R2A13_01687	10P3R2A13_01687	100.000	447	0	0	1	447	1	447	0.0	929
10P3R2A13_01687	42P1R1A12_01294	95.973	447	18	0	1	447	1	447	0.0	904
10P3R2A13_01687	43P2R2A2_04319	100.000	129	0	0	319	447	1	129	7.81e-93	276
10P3R2A13_01687	34P3R2A10_04046	100.000	98	0	0	350	447	1	98	5.26e-67	209
10P3R2A13_01688	10P3R2A13_01688	100.000	447	0	0	1	447	1	447	0.0	925
10P3R2A13_01689	10P3R2A13_01689	100.000	451	0	0	1	451	1	451	0.0	898
10P3R2A13_01689	42P1R1A12_01292	96.889	450	14	0	1	450	1	450	0.0	878
10P3R2A13_01689	28P2R1A12_00017	99.718	355	1	0	97	451	1	355	0.0	705
10P3R2A13_01689	34P3R2A10_04242	100.000	167	0	0	285	451	1	167	3.48e-111	324
10P3R2A13_01689	28P2R1A12_00018	100.000	89	0	0	1	89	1	89	2.38e-56	181
10P3R2A13_01690	10P3R2A13_01690	100.000	150	0	0	1	150	1	150	2.96e-108	304
10P3R2A13_01691	10P3R2A13_01691	100.000	261	0	0	1	261	1	261	0.0	532
10P3R2A13_01692	10P3R2A13_01692	100.000	110	0	0	1	110	1	110	6.02e-77	222
10P3R2A13_01693	10P3R2A13_01693	100.000	182	0	0	1	182	1	182	3.58e-136	377
10P3R2A13_01694	10P3R2A13_01694	100.000	283	0	0	1	283	1	283	0.0	588
10P3R2A13_01695	10P3R2A13_01695	100.000	455	0	0	1	455	1	455	0.0	934
10P3R2A13_01696	10P3R2A13_01696	100.000	430	0	0	1	430	1	430	0.0	862
10P3R2A13_01696	43P2R2A2_05487	100.000	368	0	0	63	430	1	368	0.0	737
10P3R2A13_01697	10P3R2A13_01697	100.000	456	0	0	1	456	1	456	0.0	941
10P3R2A13_01697	43P2R2A2_03367	100.000	265	0	0	192	456	1	265	0.0	539
10P3R2A13_01698	10P3R2A13_01698	100.000	282	0	0	1	282	1	282	0.0	584
10P3R2A13_01699	10P3R2A13_01699	100.000	383	0	0	1	383	1	383	0.0	778
10P3R2A13_01700	10P3R2A13_01700	100.000	216	0	0	1	216	1	216	1.16e-162	447
10P3R2A13_01701	10P3R2A13_01701	100.000	439	0	0	1	439	1	439	0.0	887
10P3R2A13_01702	10P3R2A13_01702	100.000	592	0	0	1	592	1	592	0.0	1237
10P3R2A13_01703	10P3R2A13_01703	100.000	473	0	0	1	473	1	473	0.0	977
10P3R2A13_01703	34P3R2A10_01169	98.845	433	5	0	41	473	1	433	0.0	888
10P3R2A13_01704	10P3R2A13_01704	100.000	141	0	0	1	141	1	141	7.66e-101	285
10P3R2A13_01705	10P3R2A13_01705	100.000	244	0	0	1	244	1	244	0.0	501
10P3R2A13_01705	43P2R2A2_05316	100.000	150	0	0	95	244	1	150	1.19e-108	309
10P3R2A13_01706	10P3R2A13_01706	100.000	367	0	0	1	367	1	367	0.0	765
10P3R2A13_01707	10P3R2A13_01707	100.000	132	0	0	1	132	1	132	1.97e-89	255
10P3R2A13_01707	43P2R2A2_05314	100.000	115	0	0	18	132	1	115	2.92e-77	224
10P3R2A13_01708	10P3R2A13_01708	100.000	306	0	0	1	306	1	306	0.0	628
10P3R2A13_01708	38P2R3A13_08136	96.732	306	10	0	1	306	1	306	0.0	608
10P3R2A13_01708	38P2R3A13_02079	97.091	275	8	0	32	306	1	275	0.0	551
10P3R2A13_01708	18P3R3A11_00917	97.091	275	8	0	32	306	1	275	0.0	550
10P3R2A13_01708	15P1R1A16_00324	100.000	164	0	0	143	306	1	164	1.15e-121	345
10P3R2A13_01709	10P3R2A13_01709	100.000	76	0	0	1	76	1	76	2.66e-52	157
10P3R2A13_01710	10P3R2A13_01710	100.000	402	0	0	1	402	1	402	0.0	823
10P3R2A13_01711	10P3R2A13_01711	100.000	148	0	0	1	148	1	148	5.26e-107	301
10P3R2A13_01711	1P1R1A1_00354	97.973	148	3	0	1	148	1	148	8.29e-105	295
10P3R2A13_01712	10P3R2A13_01712	100.000	269	0	0	1	269	1	269	0.0	550
10P3R2A13_01713	10P3R2A13_01713	100.000	366	0	0	1	366	1	366	0.0	758
10P3R2A13_01717	24P1R3A1_01771	100.000	418	0	0	1	418	31	448	0.0	850
10P3R2A13_01717	10P3R2A13_01717	100.000	418	0	0	1	418	1	418	0.0	850
10P3R2A13_01717	43P2R2A2_03991	100.000	187	0	0	232	418	1	187	1.30e-132	379
10P3R2A13_01717	14P1R2A4_04837	100.000	140	0	0	279	418	1	140	2.44e-95	282
10P3R2A13_01718	10P3R2A13_01718	100.000	444	0	0	1	444	1	444	0.0	910
10P3R2A13_01719	10P3R2A13_01719	100.000	609	0	0	1	609	1	609	0.0	1245
10P3R2A13_01719	43P2R2A2_05173	100.000	169	0	0	441	609	1	169	1.97e-119	351
10P3R2A13_01720	10P3R2A13_01720	100.000	1181	0	0	1	1181	1	1181	0.0	2424
10P3R2A13_01720	15P1R1A16_02871	98.785	494	6	0	688	1181	1	494	0.0	1012
10P3R2A13_01720	43P2R2A2_05135	100.000	446	0	0	736	1181	1	446	0.0	927
10P3R2A13_01721	10P3R2A13_01721	100.000	963	0	0	1	963	1	963	0.0	1987
10P3R2A13_01721	15P1R1A16_04688	100.000	361	0	0	603	963	1	361	0.0	748
10P3R2A13_01721	43P2R2A2_05484	100.000	102	0	0	862	963	1	102	1.12e-64	212
10P3R2A13_01723	10P3R2A13_01723	100.000	108	0	0	1	108	1	108	2.48e-75	218
10P3R2A13_01723	32P3R2A9_02809	97.222	108	3	0	1	108	1	108	1.77e-73	213
10P3R2A13_01724	10P3R2A13_01724	100.000	136	0	0	1	136	1	136	2.39e-96	273
10P3R2A13_01724	25P2R1A13_03784	97.794	136	3	0	1	136	1	136	2.48e-94	268
10P3R2A13_01724	1P1R1A1_00341	97.059	136	4	0	1	136	1	136	1.64e-93	266
10P3R2A13_01724	27P2R2A12_00951	97.059	136	4	0	1	136	1	136	2.43e-93	265
10P3R2A13_01725	10P3R2A13_01725	100.000	188	0	0	1	188	1	188	3.63e-139	385
10P3R2A13_01726	10P3R2A13_01726	100.000	157	0	0	1	157	1	157	3.44e-115	322
10P3R2A13_01727	10P3R2A13_01727	100.000	265	0	0	1	265	1	265	0.0	555
10P3R2A13_01727	18P3R3A11_00934	95.094	265	13	0	1	265	1	265	0.0	536
10P3R2A13_01728	10P3R2A13_01728	100.000	292	0	0	1	292	1	292	0.0	581
10P3R2A13_01729	10P3R2A13_01729	100.000	749	0	0	1	749	1	749	0.0	1517
10P3R2A13_01730	10P3R2A13_01730	100.000	177	0	0	1	177	1	177	3.24e-131	364
10P3R2A13_01731	10P3R2A13_01731	100.000	49	0	0	1	49	1	49	3.91e-31	102
10P3R2A13_01732	10P3R2A13_01732	100.000	230	0	0	1	230	1	230	1.83e-167	460
10P3R2A13_01733	10P3R2A13_01733	100.000	238	0	0	1	238	1	238	1.41e-169	466
10P3R2A13_01734	10P3R2A13_01734	100.000	73	0	0	1	73	1	73	3.46e-49	149
10P3R2A13_01735	10P3R2A13_01735	100.000	347	0	0	1	347	1	347	0.0	718
10P3R2A13_01735	34P3R2A10_02597	96.491	57	2	0	291	347	1	57	1.19e-31	113
10P3R2A13_01736	10P3R2A13_01736	100.000	398	0	0	1	398	1	398	0.0	781
10P3R2A13_01737	10P3R2A13_01737	100.000	720	0	0	1	720	1	720	0.0	1474
10P3R2A13_01737	43P2R2A2_02588	100.000	237	0	0	484	720	1	237	1.67e-168	483
10P3R2A13_01738	10P3R2A13_01738	100.000	344	0	0	1	344	1	344	0.0	707
10P3R2A13_01739	10P3R2A13_01739	100.000	421	0	0	1	421	1	421	0.0	865
10P3R2A13_01740	10P3R2A13_01740	100.000	312	0	0	1	312	1	312	0.0	627
10P3R2A13_01741	10P3R2A13_01741	100.000	231	0	0	1	231	1	231	3.67e-172	472
10P3R2A13_01742	10P3R2A13_01742	100.000	473	0	0	1	473	1	473	0.0	952
10P3R2A13_01742	15P1R1A16_04757	100.000	325	0	0	149	473	1	325	0.0	664
10P3R2A13_01742	34P3R2A10_05023	100.000	211	0	0	263	473	1	211	6.66e-153	433
10P3R2A13_01743	10P3R2A13_01743	100.000	254	0	0	1	254	1	254	0.0	516
10P3R2A13_01744	10P3R2A13_01744	100.000	279	0	0	1	279	1	279	0.0	584
10P3R2A13_01745	10P3R2A13_01745	100.000	394	0	0	1	394	1	394	0.0	793
10P3R2A13_01745	34P3R2A10_04146	100.000	107	0	0	288	394	1	107	1.76e-71	219
10P3R2A13_01746	10P3R2A13_01746	100.000	410	0	0	1	410	1	410	0.0	821
10P3R2A13_01747	10P3R2A13_01747	100.000	211	0	0	1	211	1	211	9.55e-161	442
10P3R2A13_01747	17P1R1A4_00380	100.000	186	0	0	1	186	1	186	4.66e-141	391
10P3R2A13_01747	25P2R1A13_03761	100.000	110	0	0	1	110	1	110	2.64e-80	235
10P3R2A13_01747	25P2R1A13_03760	100.000	52	0	0	160	211	1	52	2.05e-31	108
10P3R2A13_01748	10P3R2A13_01748	100.000	44	0	0	1	44	1	44	2.92e-26	89.4
10P3R2A13_01749	10P3R2A13_01749	100.000	270	0	0	1	270	1	270	0.0	565
10P3R2A13_01749	28P2R1A12_00078	99.556	225	1	0	1	225	1	225	3.72e-169	467
10P3R2A13_01749	15P1R1A16_04520	99.517	207	1	0	64	270	1	207	4.34e-155	430
10P3R2A13_01749	28P2R1A12_00079	100.000	30	0	0	241	270	1	30	3.36e-14	65.1
10P3R2A13_01750	10P3R2A13_01750	100.000	161	0	0	1	161	1	161	7.39e-120	334
10P3R2A13_01750	33P3R2A2_02864	99.237	131	1	0	31	161	1	131	9.47e-96	272
10P3R2A13_01750	28P2R1A12_00081	100.000	93	0	0	69	161	1	93	1.63e-66	197
10P3R2A13_01750	28P2R1A12_00080	100.000	61	0	0	1	61	1	61	8.36e-39	126
10P3R2A13_01750	32P3R2A9_02782	96.825	63	2	0	1	63	1	63	1.58e-38	125
10P3R2A13_01751	10P3R2A13_01751	100.000	47	0	0	1	47	1	47	4.41e-27	91.7
10P3R2A13_01751	25P2R1A13_03756	97.872	47	1	0	1	47	1	47	1.11e-25	87.8
10P3R2A13_01752	10P3R2A13_01752	100.000	142	0	0	1	142	1	142	5.29e-99	280
10P3R2A13_01752	43P2R2A2_05451	97.887	142	3	0	1	142	1	142	1.09e-97	277
10P3R2A13_01752	25P2R1A13_03755	96.479	142	5	0	1	142	1	142	2.05e-95	271
10P3R2A13_01752	12_1P1R2A2-1_01025	96.774	31	1	0	1	31	1	31	1.16e-15	66.6
10P3R2A13_01753	10P3R2A13_01753	100.000	146	0	0	1	146	1	146	1.21e-104	295
10P3R2A13_01753	12_1P1R2A2-1_01024	97.260	146	4	0	1	146	1	146	2.28e-100	284
10P3R2A13_01753	25P2R1A13_03754	99.242	132	1	0	1	132	1	132	3.96e-92	263
10P3R2A13_01754	10P3R2A13_01754	100.000	164	0	0	1	164	1	164	2.36e-120	336
10P3R2A13_01754	15P1R1A16_04515	95.732	164	7	0	1	164	1	164	1.44e-114	321
10P3R2A13_01754	28P2R1A12_00085	98.473	131	2	0	1	131	1	131	1.84e-94	270
10P3R2A13_01755	10P3R2A13_01755	100.000	459	0	0	1	459	1	459	0.0	944
10P3R2A13_01756	10P3R2A13_01756	100.000	73	0	0	1	73	1	73	5.48e-49	148
10P3R2A13_01756	15P1R1A16_03877	95.890	73	3	0	1	73	1	73	1.47e-46	142
10P3R2A13_01757	10P3R2A13_01757	100.000	125	0	0	1	125	1	125	3.48e-90	256
10P3R2A13_01758	10P3R2A13_01758	100.000	148	0	0	1	148	1	148	1.15e-108	305
10P3R2A13_01758	27P2R2A12_00916	100.000	148	0	0	1	148	64	211	1.06e-107	305
10P3R2A13_01759	10P3R2A13_01759	100.000	52	0	0	1	52	1	52	1.15e-32	105
10P3R2A13_01759	15P1R1A16_03880	96.154	52	2	0	1	52	1	52	9.92e-32	103
10P3R2A13_01759	27P2R2A12_00916	98.039	51	1	0	1	51	1	51	2.64e-31	107
10P3R2A13_01760	10P3R2A13_01760	100.000	144	0	0	1	144	1	144	4.09e-104	293
10P3R2A13_01760	25P2R1A13_03747	95.139	144	7	0	1	144	93	236	4.80e-98	281
10P3R2A13_01761	10P3R2A13_01761	100.000	194	0	0	1	194	1	194	1.34e-143	397
10P3R2A13_01761	15P1R1A16_03882	96.216	185	7	0	1	185	1	185	2.27e-128	359
10P3R2A13_01761	32P3R2A9_02770	97.753	178	4	0	1	178	1	178	6.09e-126	352
10P3R2A13_01761	5P3R2A4_00860	99.242	132	1	0	1	132	1	132	4.79e-93	267
10P3R2A13_01761	28P2R1A12_00091	96.610	59	2	0	1	59	1	59	1.83e-32	111
10P3R2A13_01762	10P3R2A13_01762	100.000	245	0	0	1	245	1	245	0.0	498
10P3R2A13_01762	27P2R2A12_00913	99.592	245	1	0	1	245	29	273	2.29e-179	493
10P3R2A13_01762	25P2R1A13_03745	97.959	245	5	0	1	245	1	245	5.87e-179	491
10P3R2A13_01763	10P3R2A13_01763	100.000	55	0	0	1	55	1	55	7.88e-35	111
10P3R2A13_01763	12_1P1R2A2-1_01015	100.000	55	0	0	1	55	42	96	1.00e-34	112
10P3R2A13_01763	43P2R2A2_03433	100.000	55	0	0	1	55	18	72	1.14e-34	111
10P3R2A13_01763	25P2R1A13_03744	96.154	52	2	0	1	52	42	93	3.60e-31	103
10P3R2A13_01764	10P3R2A13_01764	100.000	52	0	0	1	52	1	52	5.51e-33	106
10P3R2A13_01764	25P2R1A13_03743	97.059	34	1	0	1	34	1	34	8.89e-19	71.6
10P3R2A13_01766	10P3R2A13_01766	100.000	167	0	0	1	167	1	167	3.88e-122	340
10P3R2A13_01766	32P3R2A9_02765	97.605	167	4	0	1	167	1	167	7.28e-120	335
10P3R2A13_01766	28P2R1A12_00096	96.407	167	6	0	1	167	1	167	6.62e-118	330
10P3R2A13_01766	25P2R1A13_03741	95.808	167	7	0	1	167	1	167	1.23e-116	327
10P3R2A13_01766	12_1P1R2A2-1_01011	97.902	143	3	0	1	143	1	143	2.95e-100	285
10P3R2A13_01767	10P3R2A13_01767	100.000	98	0	0	1	98	1	98	1.76e-68	199
10P3R2A13_01767	32P3R2A9_02764	97.959	98	2	0	1	98	1	98	1.12e-66	195
10P3R2A13_01767	25P2R1A13_03740	95.918	98	4	0	1	98	1	98	4.51e-66	193
10P3R2A13_01767	28P2R1A12_00097	97.802	91	2	0	1	91	1	91	7.09e-62	182
10P3R2A13_01768	10P3R2A13_01768	100.000	121	0	0	1	121	1	121	6.57e-86	245
10P3R2A13_01768	32P3R2A9_02763	95.041	121	6	0	1	121	1	121	8.40e-80	230
10P3R2A13_01769	10P3R2A13_01769	100.000	244	0	0	1	244	1	244	2.87e-180	494
10P3R2A13_01769	19P1R1A6_01328	99.588	243	1	0	1	243	1	243	4.40e-180	494
10P3R2A13_01769	32P3R2A9_02761	96.026	151	6	0	1	151	1	151	5.73e-102	294
10P3R2A13_01769	33P3R2A2_01982	95.614	114	5	0	34	147	1	114	9.29e-77	228
10P3R2A13_01769	33P3R2A2_01981	100.000	68	0	0	177	244	1	68	8.11e-42	137
10P3R2A13_01769	28P2R1A12_00099	100.000	56	0	0	189	244	1	56	2.38e-32	112
10P3R2A13_01770	10P3R2A13_01770	100.000	256	0	0	1	256	1	256	0.0	511
10P3R2A13_01770	28P2R1A12_00101	97.266	256	7	0	1	256	1	256	0.0	499
10P3R2A13_01771	10P3R2A13_01771	100.000	62	0	0	1	62	1	62	1.68e-38	121
10P3R2A13_01771	33P3R2A2_01984	100.000	61	0	0	1	61	1	61	2.46e-38	121
10P3R2A13_01771	25P2R1A13_03736	98.361	61	1	0	1	61	1	61	4.40e-38	121
10P3R2A13_01771	12_1P1R2A2-1_01006	98.361	61	1	0	1	61	1	61	5.48e-38	120
10P3R2A13_01772	10P3R2A13_01772	100.000	222	0	0	1	222	1	222	1.11e-156	432
10P3R2A13_01772	29P3R3A9_02244	97.748	222	5	0	1	222	1	222	5.13e-151	418
10P3R2A13_01772	12_1P1R2A2-1_01005	100.000	118	0	0	1	118	1	118	1.21e-78	231
10P3R2A13_01772	14P1R2A4_00749	100.000	102	0	0	121	222	1	102	6.56e-66	198
10P3R2A13_01773	10P3R2A13_01773	100.000	114	0	0	1	114	1	114	6.20e-78	224
10P3R2A13_01773	24P1R3A1_01715	99.123	114	1	0	1	114	61	174	1.13e-76	224
10P3R2A13_01773	32P3R2A9_02757	95.614	114	5	0	1	114	1	114	2.40e-75	218
10P3R2A13_01774	10P3R2A13_01774	100.000	122	0	0	1	122	1	122	1.17e-85	245
10P3R2A13_01774	25P2R1A13_03734	98.347	121	2	0	1	121	1	121	8.74e-83	244
10P3R2A13_01775	10P3R2A13_01775	100.000	537	0	0	1	537	1	537	0.0	1107
10P3R2A13_01775	30P2R3A4_00810	99.776	447	1	0	1	447	1	447	0.0	917
10P3R2A13_01775	34P3R2A10_04296	98.691	382	5	0	156	537	1	382	0.0	776
10P3R2A13_01775	25P2R1A13_02141	97.727	264	6	0	1	264	1	264	0.0	537
10P3R2A13_01775	29P3R3A9_02242	98.054	257	5	0	281	537	1	257	0.0	518
10P3R2A13_01775	30P2R3A4_00809	100.000	81	0	0	457	537	1	81	7.76e-51	168
10P3R2A13_01775	25P2R1A13_03733	100.000	51	0	0	487	537	1	51	3.70e-28	106
10P3R2A13_01777	10P3R2A13_01777	100.000	252	0	0	1	252	1	252	0.0	506
10P3R2A13_01778	10P3R2A13_01778	100.000	766	0	0	1	766	1	766	0.0	1587
10P3R2A13_01779	10P3R2A13_01779	100.000	293	0	0	1	293	1	293	0.0	602
10P3R2A13_01780	10P3R2A13_01780	100.000	160	0	0	1	160	1	160	3.62e-116	325
10P3R2A13_01781	10P3R2A13_01781	100.000	593	0	0	1	593	1	593	0.0	1216
10P3R2A13_01782	10P3R2A13_01782	100.000	396	0	0	1	396	1	396	0.0	826
10P3R2A13_01783	10P3R2A13_01783	100.000	399	0	0	1	399	1	399	0.0	829
10P3R2A13_01784	10P3R2A13_01784	100.000	404	0	0	1	404	1	404	0.0	838
10P3R2A13_01785	10P3R2A13_01785	100.000	462	0	0	1	462	1	462	0.0	960
10P3R2A13_01785	43P2R2A2_03674	100.000	297	0	0	166	462	1	297	0.0	616
10P3R2A13_01786	10P3R2A13_01786	100.000	311	0	0	1	311	1	311	0.0	630
10P3R2A13_01787	10P3R2A13_01787	100.000	542	0	0	1	542	1	542	0.0	1098
10P3R2A13_01787	27P2R2A12_00887	99.724	362	1	0	1	362	1	362	0.0	734
10P3R2A13_01787	27P2R2A12_00888	100.000	163	0	0	380	542	1	163	8.94e-113	332
10P3R2A13_01788	10P3R2A13_01788	100.000	257	0	0	1	257	1	257	0.0	527
10P3R2A13_01789	10P3R2A13_01789	100.000	193	0	0	1	193	1	193	3.83e-145	401
10P3R2A13_01789	33P3R2A2_02001	97.927	193	4	0	1	193	1	193	3.56e-143	396
10P3R2A13_01789	11P3R3A1_00213	96.891	193	6	0	1	193	1	193	1.79e-141	392
10P3R2A13_01790	10P3R2A13_01790	100.000	1033	0	0	1	1033	1	1033	0.0	2159
10P3R2A13_01790	15P1R1A16_02127	98.867	353	4	0	681	1033	1	353	0.0	731
10P3R2A13_01790	43P2R2A2_02050	100.000	212	0	0	822	1033	1	212	7.91e-152	449
10P3R2A13_01791	10P3R2A13_01791	100.000	443	0	0	1	443	1	443	0.0	920
10P3R2A13_01791	34P3R2A10_02178	98.635	293	4	0	151	443	1	293	0.0	602
10P3R2A13_01792	10P3R2A13_01792	100.000	260	0	0	1	260	1	260	0.0	529
10P3R2A13_01793	10P3R2A13_01793	100.000	957	0	0	1	957	1	957	0.0	1977
10P3R2A13_01794	10P3R2A13_01794	100.000	467	0	0	1	467	1	467	0.0	916
10P3R2A13_01795	10P3R2A13_01795	100.000	439	0	0	1	439	1	439	0.0	919
10P3R2A13_01796	10P3R2A13_01796	100.000	456	0	0	1	456	1	456	0.0	881
10P3R2A13_01797	10P3R2A13_01797	100.000	163	0	0	1	163	1	163	3.20e-115	323
10P3R2A13_01797	34P3R2A10_02184	99.091	110	1	0	54	163	1	110	8.29e-74	216
10P3R2A13_01798	10P3R2A13_01798	100.000	640	0	0	1	640	1	640	0.0	1324
10P3R2A13_01799	10P3R2A13_01799	100.000	483	0	0	1	483	1	483	0.0	959
10P3R2A13_01799	5P3R2A4_00898	99.700	333	1	0	1	333	1	333	0.0	655
10P3R2A13_01799	5P3R2A4_00899	100.000	138	0	0	346	483	1	138	1.91e-94	282
10P3R2A13_01799	34P3R2A10_04788	100.000	123	0	0	361	483	1	123	2.69e-83	253
10P3R2A13_01800	10P3R2A13_01800	100.000	42	0	0	1	42	1	42	9.15e-23	80.1
10P3R2A13_01800	16_1P2R1A8-1_01284	97.619	42	1	0	1	42	1	42	5.73e-22	78.2
10P3R2A13_01801	10P3R2A13_01801	100.000	183	0	0	1	183	1	183	2.92e-138	383
10P3R2A13_01801	16_1P2R1A8-1_01283	96.667	180	6	0	1	180	1	180	1.89e-131	365
10P3R2A13_01801	15P1R1A16_02138	95.556	180	8	0	1	180	1	180	6.40e-130	362
10P3R2A13_01802	10P3R2A13_01802	100.000	506	0	0	1	506	1	506	0.0	1038
10P3R2A13_01802	42P1R1A12_03869	95.257	506	24	0	1	506	1	506	0.0	993
10P3R2A13_01802	34P3R2A10_04791	99.490	196	1	0	311	506	1	196	2.75e-140	402
10P3R2A13_01803	10P3R2A13_01803	100.000	294	0	0	1	294	1	294	0.0	603
10P3R2A13_01803	38P2R3A13_05994	97.279	294	8	0	1	294	1	294	0.0	591
10P3R2A13_01803	31P2R1A5_02388	97.279	294	8	0	1	294	7	300	0.0	590
10P3R2A13_01803	44P3R3A6_02543	96.939	294	9	0	1	294	1	294	0.0	589
10P3R2A13_01803	54P2R2A3_04472	96.939	294	9	0	1	294	28	321	0.0	588
10P3R2A13_01803	42P1R1A12_03868	96.939	294	9	0	1	294	1	294	0.0	587
10P3R2A13_01803	18P3R3A11_01002	96.599	294	10	0	1	294	1	294	0.0	587
10P3R2A13_01804	10P3R2A13_01804	100.000	578	0	0	1	578	1	578	0.0	1167
10P3R2A13_01805	10P3R2A13_01805	100.000	237	0	0	1	237	1	237	1.44e-178	489
10P3R2A13_01805	43P2R2A2_04452	100.000	110	0	0	128	237	1	110	7.41e-78	229
10P3R2A13_01806	10P3R2A13_01806	100.000	299	0	0	1	299	1	299	0.0	602
10P3R2A13_01807	10P3R2A13_01807	100.000	174	0	0	1	174	1	174	1.57e-127	355
10P3R2A13_01808	10P3R2A13_01808	100.000	136	0	0	1	136	1	136	8.88e-93	264
10P3R2A13_01809	10P3R2A13_01809	100.000	89	0	0	1	89	1	89	3.34e-62	183
10P3R2A13_01809	43P2R2A2_05178	100.000	73	0	0	17	89	1	73	8.39e-49	149
10P3R2A13_01810	10P3R2A13_01810	100.000	327	0	0	1	327	1	327	0.0	671
10P3R2A13_01810	43P2R2A2_04180	100.000	128	0	0	200	327	1	128	8.10e-90	264
10P3R2A13_01811	10P3R2A13_01811	100.000	220	0	0	1	220	1	220	5.70e-156	431
10P3R2A13_01811	27P2R2A12_00863	100.000	220	0	0	1	220	11	230	6.15e-156	431
10P3R2A13_01812	10P3R2A13_01812	100.000	104	0	0	1	104	1	104	4.57e-73	211
10P3R2A13_01812	12_1P1R2A2-1_00965	96.154	104	4	0	1	104	1	104	2.55e-70	204
10P3R2A13_01813	10P3R2A13_01813	100.000	478	0	0	1	478	1	478	0.0	999
10P3R2A13_01814	10P3R2A13_01814	100.000	248	0	0	1	248	1	248	0.0	503
10P3R2A13_01814	32P3R2A9_03284	97.984	248	5	0	1	248	1	248	0.0	496
10P3R2A13_01814	15P1R1A16_02860	100.000	206	0	0	43	248	1	206	1.60e-152	422
10P3R2A13_01815	10P3R2A13_01815	100.000	958	0	0	1	958	1	958	0.0	1988
10P3R2A13_01815	15P1R1A16_04770	99.617	784	3	0	175	958	1	784	0.0	1630
10P3R2A13_01815	43P2R2A2_04175	100.000	503	0	0	456	958	1	503	0.0	1062
10P3R2A13_01815	34P3R2A10_03603	100.000	300	0	0	659	958	1	300	0.0	630
10P3R2A13_01816	10P3R2A13_01816	100.000	130	0	0	1	130	1	130	1.21e-90	258
10P3R2A13_01817	10P3R2A13_01817	100.000	365	0	0	1	365	1	365	0.0	755
10P3R2A13_01817	34P3R2A10_04184	100.000	154	0	0	212	365	1	154	4.94e-109	315
10P3R2A13_01818	10P3R2A13_01818	100.000	401	0	0	1	401	1	401	0.0	822
10P3R2A13_01818	15P1R1A16_04685	100.000	165	0	0	237	401	1	165	5.26e-117	337
10P3R2A13_01819	10P3R2A13_01819	100.000	393	0	0	1	393	1	393	0.0	796
10P3R2A13_01820	10P3R2A13_01820	100.000	442	0	0	1	442	1	442	0.0	915
10P3R2A13_01820	34P3R2A10_04562	100.000	379	0	0	64	442	1	379	0.0	783
10P3R2A13_01821	10P3R2A13_01821	100.000	193	0	0	1	193	1	193	1.92e-143	397
10P3R2A13_01822	10P3R2A13_01822	100.000	110	0	0	1	110	1	110	1.71e-76	221
10P3R2A13_01823	10P3R2A13_01823	100.000	201	0	0	1	201	1	201	4.89e-149	411
10P3R2A13_01823	24P1R3A1_01665	100.000	201	0	0	1	201	49	249	8.47e-149	413
10P3R2A13_01823	27P2R2A12_00852	99.454	183	1	0	19	201	1	183	5.49e-135	375
10P3R2A13_01824	10P3R2A13_01824	100.000	411	0	0	1	411	1	411	0.0	840
10P3R2A13_01824	43P2R2A2_03760	100.000	209	0	0	203	411	1	209	6.80e-152	428
10P3R2A13_01825	10P3R2A13_01825	100.000	220	0	0	1	220	1	220	1.28e-159	440
10P3R2A13_01825	18P3R3A11_01028	96.364	220	8	0	1	220	1	220	5.59e-153	423
10P3R2A13_01826	10P3R2A13_01826	100.000	62	0	0	1	62	1	62	1.53e-39	124
10P3R2A13_01827	10P3R2A13_01827	100.000	298	0	0	1	298	1	298	0.0	608
10P3R2A13_01827	31P2R1A5_02416	96.309	298	11	0	1	298	1	298	0.0	588
10P3R2A13_01827	18P3R3A11_01029	95.302	298	14	0	1	298	1	298	0.0	582
10P3R2A13_01828	10P3R2A13_01828	100.000	715	0	0	1	715	1	715	0.0	1476
10P3R2A13_01828	29P3R3A9_02188	99.712	695	2	0	1	695	1	695	0.0	1431
10P3R2A13_01829	10P3R2A13_01829	100.000	332	0	0	1	332	1	332	0.0	683
10P3R2A13_01830	10P3R2A13_01830	100.000	262	0	0	1	262	1	262	0.0	540
10P3R2A13_01830	43P2R2A2_05408	100.000	172	0	0	91	262	1	172	2.85e-125	353
10P3R2A13_01831	10P3R2A13_01831	100.000	493	0	0	1	493	1	493	0.0	1015
10P3R2A13_01832	10P3R2A13_01832	100.000	299	0	0	1	299	1	299	0.0	620
10P3R2A13_01833	10P3R2A13_01833	100.000	247	0	0	1	247	1	247	0.0	496
10P3R2A13_01834	10P3R2A13_01834	100.000	212	0	0	1	212	1	212	4.70e-152	420
10P3R2A13_01835	10P3R2A13_01835	100.000	287	0	0	1	287	1	287	0.0	561
10P3R2A13_01836	10P3R2A13_01836	100.000	367	0	0	1	367	1	367	0.0	725
10P3R2A13_01837	10P3R2A13_01837	100.000	77	0	0	1	77	1	77	1.52e-50	152
10P3R2A13_01838	10P3R2A13_01838	100.000	239	0	0	1	239	1	239	2.43e-179	491
10P3R2A13_01838	32P3R2A9_00991	98.707	232	3	0	8	239	1	232	8.03e-170	467
10P3R2A13_01838	17P1R1A4_01079	98.649	222	3	0	1	222	1	222	1.96e-162	449
10P3R2A13_01839	10P3R2A13_01839	100.000	118	0	0	1	118	1	118	2.68e-83	238
10P3R2A13_01840	10P3R2A13_01840	100.000	465	0	0	1	465	1	465	0.0	952
10P3R2A13_01840	27P2R2A12_04184	99.355	465	3	0	1	465	13	477	0.0	944
10P3R2A13_01841	10P3R2A13_01841	100.000	217	0	0	1	217	1	217	2.01e-157	434
10P3R2A13_01841	18P3R3A11_00662	95.853	217	9	0	1	217	1	217	3.21e-134	375
10P3R2A13_01842	10P3R2A13_01842	100.000	599	0	0	1	599	1	599	0.0	1228
10P3R2A13_01842	34P3R2A10_03699	99.609	256	1	0	344	599	1	256	0.0	523
10P3R2A13_01843	10P3R2A13_01843	100.000	73	0	0	1	73	1	73	1.24e-50	152
10P3R2A13_01843	25P2R1A13_01946	97.260	73	2	0	1	73	1	73	1.07e-49	150
10P3R2A13_01843	32P3R2A9_00996	97.260	73	2	0	1	73	1	73	2.03e-48	147
10P3R2A13_01843	16_1P2R1A8-1_00748	97.260	73	2	0	1	73	1	73	2.12e-48	147
10P3R2A13_01844	10P3R2A13_01844	100.000	464	0	0	1	464	1	464	0.0	921
10P3R2A13_01844	43P2R2A2_03695	100.000	93	0	0	372	464	1	93	1.39e-57	185
10P3R2A13_01845	10P3R2A13_01845	100.000	1248	0	0	1	1248	1	1248	0.0	2608
10P3R2A13_01845	34P3R2A10_03717	99.855	688	1	0	561	1248	1	688	0.0	1430
10P3R2A13_01845	15P1R1A16_02906	100.000	412	0	0	837	1248	1	412	0.0	856
10P3R2A13_01846	10P3R2A13_01846	100.000	513	0	0	1	513	1	513	0.0	1075
10P3R2A13_01846	34P3R2A10_05259	100.000	105	0	0	409	513	1	105	5.30e-71	221
10P3R2A13_01847	10P3R2A13_01847	100.000	237	0	0	1	237	1	237	1.20e-174	479
10P3R2A13_01847	34P3R2A10_02285	100.000	64	0	0	174	237	1	64	2.90e-41	135
10P3R2A13_01848	10P3R2A13_01848	100.000	226	0	0	1	226	1	226	1.85e-166	457
10P3R2A13_01851	10P3R2A13_01851	100.000	281	0	0	1	281	1	281	0.0	577
10P3R2A13_01852	10P3R2A13_01852	100.000	153	0	0	1	153	1	153	8.50e-115	321
10P3R2A13_01853	10P3R2A13_01853	100.000	315	0	0	1	315	1	315	0.0	642
10P3R2A13_01854	10P3R2A13_01854	100.000	338	0	0	1	338	1	338	0.0	684
10P3R2A13_01855	10P3R2A13_01855	100.000	303	0	0	1	303	1	303	0.0	618
10P3R2A13_01856	10P3R2A13_01856	100.000	138	0	0	1	138	1	138	8.37e-98	277
10P3R2A13_01857	10P3R2A13_01857	100.000	206	0	0	1	206	1	206	8.27e-155	426
10P3R2A13_01858	10P3R2A13_01858	100.000	170	0	0	1	170	1	170	1.28e-125	350
10P3R2A13_01858	25P2R1A13_01931	99.379	161	1	0	10	170	37	197	1.52e-116	328
10P3R2A13_01859	10P3R2A13_01859	100.000	62	0	0	1	62	1	62	2.17e-40	126
10P3R2A13_01860	10P3R2A13_01860	100.000	892	0	0	1	892	1	892	0.0	1834
10P3R2A13_01860	31P2R1A5_01196	97.309	892	24	0	1	892	1	892	0.0	1798
10P3R2A13_01860	42P1R1A12_00551	96.188	892	34	0	1	892	1	892	0.0	1774
10P3R2A13_01860	18P3R3A11_00681	96.305	893	32	1	1	892	1	893	0.0	1771
10P3R2A13_01860	14P1R2A4_05114	100.000	64	0	0	829	892	1	64	4.92e-36	130
10P3R2A13_01861	10P3R2A13_01861	100.000	216	0	0	1	216	1	216	9.55e-155	427
10P3R2A13_01861	34P3R2A10_01658	100.000	183	0	0	34	216	1	183	9.67e-130	363
10P3R2A13_01862	10P3R2A13_01862	100.000	52	0	0	1	52	1	52	1.78e-31	102
10P3R2A13_01863	10P3R2A13_01863	100.000	54	0	0	1	54	1	54	3.70e-32	104
10P3R2A13_01863	24P1R3A1_02863	100.000	54	0	0	1	54	46	99	6.63e-32	105
10P3R2A13_01864	10P3R2A13_01864	100.000	559	0	0	1	559	1	559	0.0	1154
10P3R2A13_01865	10P3R2A13_01865	100.000	307	0	0	1	307	1	307	0.0	612
10P3R2A13_01865	42P1R1A12_00554	97.068	307	9	0	1	307	1	307	0.0	597
10P3R2A13_01865	18P3R3A11_00684	96.417	307	11	0	1	307	1	307	0.0	593
10P3R2A13_01865	31P2R1A5_01199	96.417	307	11	0	1	307	1	307	0.0	593
10P3R2A13_01865	38P2R3A13_02659	95.765	307	13	0	1	307	1	307	0.0	591
10P3R2A13_01865	43P2R2A2_02904	100.000	92	0	0	216	307	1	92	7.04e-57	178
10P3R2A13_01866	10P3R2A13_01866	100.000	303	0	0	1	303	1	303	0.0	600
10P3R2A13_01866	18P3R3A11_00685	95.380	303	14	0	1	303	1	303	0.0	558
10P3R2A13_01866	42P1R1A12_00555	95.710	303	13	0	1	303	1	303	0.0	538
10P3R2A13_01867	10P3R2A13_01867	100.000	338	0	0	1	338	1	338	0.0	693
10P3R2A13_01868	10P3R2A13_01868	100.000	335	0	0	1	335	1	335	0.0	686
10P3R2A13_01868	31P2R1A5_01202	96.119	335	13	0	1	335	1	335	0.0	662
10P3R2A13_01868	18P3R3A11_00687	95.821	335	14	0	1	335	1	335	0.0	662
10P3R2A13_01868	42P1R1A12_00557	95.821	335	14	0	1	335	1	335	0.0	661
10P3R2A13_01869	10P3R2A13_01869	100.000	110	0	0	1	110	1	110	1.77e-75	218
10P3R2A13_01870	10P3R2A13_01870	100.000	487	0	0	1	487	1	487	0.0	997
10P3R2A13_01870	15P1R1A16_03161	100.000	143	0	0	345	487	1	143	6.78e-97	288
10P3R2A13_01871	10P3R2A13_01871	100.000	418	0	0	1	418	1	418	0.0	843
10P3R2A13_01872	10P3R2A13_01872	100.000	131	0	0	1	131	1	131	6.80e-94	266
10P3R2A13_01872	11P3R3A1_01915	100.000	99	0	0	33	131	1	99	6.02e-68	199
10P3R2A13_01873	10P3R2A13_01873	100.000	245	0	0	1	245	1	245	4.68e-175	481
10P3R2A13_01873	25P2R1A13_01912	97.934	242	5	0	4	245	11	252	1.40e-169	467
10P3R2A13_01873	12_1P1R2A2-1_01671	98.750	240	3	0	6	245	1	240	5.00e-169	465
10P3R2A13_01874	10P3R2A13_01874	100.000	133	0	0	1	133	1	133	8.10e-97	274
10P3R2A13_01875	10P3R2A13_01875	100.000	180	0	0	1	180	1	180	2.89e-128	357
10P3R2A13_01876	10P3R2A13_01876	100.000	248	0	0	1	248	1	248	2.25e-173	477
10P3R2A13_01877	10P3R2A13_01877	100.000	213	0	0	1	213	1	213	9.10e-158	434
10P3R2A13_01877	11P3R3A1_01920	96.714	213	7	0	1	213	1	213	6.26e-151	417
10P3R2A13_01877	43P2R2A2_01692	100.000	160	0	0	54	213	1	160	1.53e-118	333
10P3R2A13_01878	10P3R2A13_01878	100.000	169	0	0	1	169	1	169	3.16e-125	348
10P3R2A13_01879	10P3R2A13_01879	100.000	167	0	0	1	167	1	167	2.61e-117	328
10P3R2A13_01880	10P3R2A13_01880	100.000	60	0	0	1	60	1	60	5.85e-35	112
10P3R2A13_01881	10P3R2A13_01881	100.000	269	0	0	1	269	1	269	0.0	542
10P3R2A13_01882	10P3R2A13_01882	100.000	398	0	0	1	398	1	398	0.0	822
10P3R2A13_01883	10P3R2A13_01883	100.000	453	0	0	1	453	1	453	0.0	928
10P3R2A13_01884	10P3R2A13_01884	100.000	532	0	0	1	532	1	532	0.0	1084
10P3R2A13_01885	10P3R2A13_01885	100.000	521	0	0	1	521	1	521	0.0	1065
10P3R2A13_01886	10P3R2A13_01886	100.000	294	0	0	1	294	1	294	0.0	605
10P3R2A13_01887	10P3R2A13_01887	100.000	207	0	0	1	207	1	207	1.82e-154	426
10P3R2A13_01887	31P2R1A5_00058	95.169	207	10	0	1	207	1	207	2.65e-147	407
10P3R2A13_01887	34P3R2A10_01901	100.000	140	0	0	68	207	1	140	6.44e-99	283
10P3R2A13_01889	10P3R2A13_01889	100.000	197	0	0	1	197	1	197	5.34e-148	409
10P3R2A13_01890	10P3R2A13_01890	100.000	253	0	0	1	253	1	253	0.0	525
10P3R2A13_01892	10P3R2A13_01892	100.000	84	0	0	1	84	1	84	3.11e-58	172
10P3R2A13_01893	10P3R2A13_01893	100.000	866	0	0	1	866	1	866	0.0	1805
10P3R2A13_01894	10P3R2A13_01894	100.000	325	0	0	1	325	1	325	0.0	669
10P3R2A13_01894	18P3R3A11_00724	95.385	325	15	0	1	325	1	325	0.0	646
10P3R2A13_01894	43P2R2A2_00962	100.000	166	0	0	160	325	1	166	1.35e-120	343
10P3R2A13_01895	10P3R2A13_01895	100.000	43	0	0	1	43	1	43	6.50e-25	85.9
10P3R2A13_01896	10P3R2A13_01896	100.000	56	0	0	1	56	1	56	1.54e-35	113
10P3R2A13_01896	11P3R3A1_02680	96.429	56	2	0	1	56	1	56	3.64e-34	110
10P3R2A13_01896	27P2R2A12_02074	96.429	56	2	0	1	56	1	56	4.65e-33	107
10P3R2A13_01897	10P3R2A13_01897	100.000	32	0	0	1	32	1	32	1.45e-16	63.9
10P3R2A13_01898	10P3R2A13_01898	100.000	892	0	0	1	892	1	892	0.0	1839
10P3R2A13_01898	34P3R2A10_03819	99.435	177	1	0	716	892	1	177	9.74e-121	363
10P3R2A13_01899	10P3R2A13_01899	100.000	197	0	0	1	197	1	197	1.06e-146	405
10P3R2A13_01900	10P3R2A13_01900	100.000	255	0	0	1	255	1	255	0.0	505
10P3R2A13_01901	10P3R2A13_01901	100.000	103	0	0	1	103	1	103	4.62e-70	204
10P3R2A13_01902	10P3R2A13_01902	100.000	390	0	0	1	390	1	390	0.0	803
10P3R2A13_01904	10P3R2A13_01904	100.000	109	0	0	1	109	1	109	1.68e-72	211
10P3R2A13_01905	10P3R2A13_01905	100.000	73	0	0	1	73	1	73	9.23e-45	138
10P3R2A13_01905	15P1R1A16_00515	100.000	55	0	0	19	73	1	55	9.00e-32	104
10P3R2A13_01906	10P3R2A13_01906	100.000	250	0	0	1	250	1	250	0.0	516
10P3R2A13_01906	34P3R2A10_04758	100.000	70	0	0	181	250	1	70	2.78e-44	143
10P3R2A13_01907	10P3R2A13_01907	100.000	58	0	0	1	58	1	58	1.71e-36	115
10P3R2A13_01908	10P3R2A13_01908	100.000	662	0	0	1	662	1	662	0.0	1365
10P3R2A13_01909	10P3R2A13_01909	100.000	645	0	0	1	645	1	645	0.0	1325
10P3R2A13_01909	34P3R2A10_03659	99.805	514	1	0	132	645	1	514	0.0	1051
10P3R2A13_01909	15P1R1A16_04478	99.291	141	1	0	505	645	1	141	9.83e-93	282
10P3R2A13_01910	10P3R2A13_01910	100.000	376	0	0	1	376	1	376	0.0	774
10P3R2A13_01910	28P2R1A12_02329	97.606	376	9	0	1	376	1	376	0.0	754
10P3R2A13_01910	25P2R1A13_02584	95.213	376	18	0	1	376	1	376	0.0	739
10P3R2A13_01911	10P3R2A13_01911	100.000	263	0	0	1	263	1	263	0.0	537
10P3R2A13_01911	18P3R3A11_00740	95.057	263	13	0	1	263	1	263	0.0	514
10P3R2A13_01912	10P3R2A13_01912	100.000	117	0	0	1	117	1	117	2.87e-84	241
10P3R2A13_01912	34P3R2A10_01521	97.436	117	3	0	1	117	2	118	8.00e-82	235
10P3R2A13_01912	28P2R1A12_02327	95.726	117	5	0	1	117	1	117	8.69e-80	229
10P3R2A13_01913	10P3R2A13_01913	100.000	269	0	0	1	269	1	269	0.0	548
10P3R2A13_01914	10P3R2A13_01914	100.000	331	0	0	1	331	1	331	0.0	688
10P3R2A13_01915	10P3R2A13_01915	100.000	297	0	0	1	297	1	297	0.0	586
10P3R2A13_01916	10P3R2A13_01916	100.000	322	0	0	1	322	1	322	0.0	646
10P3R2A13_01917	10P3R2A13_01917	100.000	548	0	0	1	548	1	548	0.0	1130
10P3R2A13_01918	10P3R2A13_01918	100.000	82	0	0	1	82	1	82	3.65e-56	167
10P3R2A13_01919	10P3R2A13_01919	100.000	462	0	0	1	462	1	462	0.0	929
10P3R2A13_01920	10P3R2A13_01920	100.000	473	0	0	1	473	1	473	0.0	981
10P3R2A13_01920	28P2R1A12_02319	99.379	322	2	0	152	473	1	322	0.0	665
10P3R2A13_01920	28P2R1A12_02318	95.522	134	6	0	1	134	1	134	7.20e-89	268
10P3R2A13_01922	10P3R2A13_01922	100.000	186	0	0	1	186	1	186	1.08e-136	379
10P3R2A13_01922	31P2R1A5_01566	97.849	186	4	0	1	186	1	186	9.63e-134	372
10P3R2A13_01922	42P1R1A12_01989	96.237	186	7	0	1	186	1	186	1.19e-131	366
10P3R2A13_01923	10P3R2A13_01923	100.000	496	0	0	1	496	1	496	0.0	1014
10P3R2A13_01923	34P3R2A10_01937	98.551	345	5	0	152	496	1	345	0.0	700
10P3R2A13_01923	43P2R2A2_05399	100.000	196	0	0	301	496	1	196	3.69e-142	406
10P3R2A13_01924	10P3R2A13_01924	100.000	427	0	0	1	427	1	427	0.0	878
10P3R2A13_01925	10P3R2A13_01925	100.000	422	0	0	1	422	1	422	0.0	862
10P3R2A13_01925	28P2R1A12_02313	99.732	373	1	0	1	373	1	373	0.0	761
10P3R2A13_01926	10P3R2A13_01926	100.000	326	0	0	1	326	1	326	0.0	666
10P3R2A13_01927	10P3R2A13_01927	100.000	223	0	0	1	223	1	223	5.33e-157	433
10P3R2A13_01928	10P3R2A13_01928	100.000	75	0	0	1	75	1	75	1.89e-49	150
10P3R2A13_01929	10P3R2A13_01929	100.000	120	0	0	1	120	1	120	7.06e-85	243
10P3R2A13_01930	10P3R2A13_01930	100.000	74	0	0	1	74	1	74	3.48e-46	141
10P3R2A13_01930	27P2R2A12_02040	97.297	74	2	0	1	74	1	74	1.36e-44	137
10P3R2A13_01930	17P1R1A4_01168	97.297	74	2	0	1	74	1	74	1.36e-44	137
10P3R2A13_01931	10P3R2A13_01931	100.000	105	0	0	1	105	1	105	5.33e-75	216
10P3R2A13_01932	10P3R2A13_01932	100.000	560	0	0	1	560	1	560	0.0	1169
10P3R2A13_01932	43P2R2A2_03785	99.789	474	1	0	87	560	1	474	0.0	988
10P3R2A13_01932	30P2R3A4_03317	100.000	380	0	0	181	560	1	380	0.0	787
10P3R2A13_01932	32P3R2A9_01088	100.000	314	0	0	247	560	13	326	0.0	647
10P3R2A13_01932	32P3R2A9_01087	99.595	247	1	0	1	247	1	247	0.0	521
10P3R2A13_01933	10P3R2A13_01933	100.000	431	0	0	1	431	1	431	0.0	884
10P3R2A13_01934	10P3R2A13_01934	100.000	294	0	0	1	294	1	294	0.0	583
10P3R2A13_01934	34P3R2A10_03735	100.000	129	0	0	166	294	1	129	5.50e-86	253
10P3R2A13_01935	10P3R2A13_01935	100.000	281	0	0	1	281	1	281	0.0	564
10P3R2A13_01936	10P3R2A13_01936	100.000	351	0	0	1	351	1	351	0.0	724
10P3R2A13_01936	28P2R1A12_02302	99.647	283	1	0	1	283	1	283	0.0	574
10P3R2A13_01936	28P2R1A12_02301	100.000	43	0	0	309	351	1	43	1.33e-25	97.1
10P3R2A13_01937	10P3R2A13_01937	100.000	263	0	0	1	263	1	263	0.0	545
10P3R2A13_01937	27P2R2A12_02033	97.945	146	3	0	1	146	1	146	3.23e-103	296
10P3R2A13_01937	27P2R2A12_02032	100.000	109	0	0	155	263	1	109	9.10e-77	228
10P3R2A13_01938	10P3R2A13_01938	100.000	352	0	0	1	352	1	352	0.0	739
10P3R2A13_01938	40P3R1A10_01979	99.000	200	2	0	1	200	1	200	2.41e-149	419
10P3R2A13_01938	40P3R1A10_01978	99.333	150	1	0	203	352	1	150	6.60e-109	314
10P3R2A13_01938	43P2R2A2_02127	100.000	88	0	0	265	352	1	88	9.56e-59	184
10P3R2A13_01939	10P3R2A13_01939	100.000	756	0	0	1	756	1	756	0.0	1571
10P3R2A13_01939	25P2R1A13_02556	97.751	756	17	0	1	756	1	756	0.0	1537
10P3R2A13_01939	16_1P2R1A8-1_00842	100.000	586	0	0	48	633	1	586	0.0	1219
10P3R2A13_01940	10P3R2A13_01940	100.000	220	0	0	1	220	1	220	4.25e-161	444
10P3R2A13_01940	32P3R2A9_01096	97.727	220	5	0	1	220	1	220	1.82e-156	432
10P3R2A13_01941	10P3R2A13_01941	100.000	361	0	0	1	361	1	361	0.0	746
10P3R2A13_01941	20P1R1A7_02428	100.000	271	0	0	91	361	1	271	0.0	559
10P3R2A13_01941	20P1R1A7_02429	100.000	87	0	0	1	87	1	87	9.83e-58	182
10P3R2A13_01942	10P3R2A13_01942	100.000	302	0	0	1	302	1	302	0.0	627
10P3R2A13_01943	10P3R2A13_01943	100.000	333	0	0	1	333	1	333	0.0	686
10P3R2A13_01944	10P3R2A13_01944	100.000	466	0	0	1	466	1	466	0.0	959
10P3R2A13_01945	10P3R2A13_01945	100.000	354	0	0	1	354	1	354	0.0	719
10P3R2A13_01946	10P3R2A13_01946	100.000	514	0	0	1	514	1	514	0.0	1058
10P3R2A13_01946	15P1R1A16_03202	100.000	220	0	0	295	514	1	220	8.88e-160	452
10P3R2A13_01947	10P3R2A13_01947	100.000	169	0	0	1	169	1	169	8.63e-122	340
10P3R2A13_01948	10P3R2A13_01948	100.000	322	0	0	1	322	1	322	0.0	654
10P3R2A13_01949	10P3R2A13_01949	100.000	243	0	0	1	243	1	243	0.0	498
10P3R2A13_01950	10P3R2A13_01950	100.000	217	0	0	1	217	1	217	9.34e-162	445
10P3R2A13_01950	34P3R2A10_04355	100.000	120	0	0	1	120	1	120	1.59e-84	246
10P3R2A13_01950	12_1P1R2A2-1_01594	100.000	46	0	0	5	50	1	46	8.51e-27	97.8
10P3R2A13_01951	10P3R2A13_01951	100.000	311	0	0	1	311	1	311	0.0	644
10P3R2A13_01951	17P1R1A4_01189	99.609	256	1	0	56	311	1	256	0.0	522
10P3R2A13_01952	10P3R2A13_01952	100.000	212	0	0	1	212	1	212	6.11e-159	437
10P3R2A13_01952	11P3R3A1_02735	99.528	212	1	0	1	212	96	307	3.94e-158	439
10P3R2A13_01952	29P3R3A9_01751	98.462	130	2	0	1	130	96	225	4.54e-92	269
10P3R2A13_01952	29P3R3A9_01750	98.611	72	1	0	141	212	1	72	2.60e-46	147
10P3R2A13_01953	10P3R2A13_01953	100.000	47	0	0	1	47	1	47	3.07e-29	97.1
10P3R2A13_01953	29P3R3A9_01751	97.826	46	1	0	1	46	1	46	1.59e-27	97.8
10P3R2A13_01953	11P3R3A1_02735	100.000	46	0	0	1	46	1	46	1.68e-27	99.4
10P3R2A13_01954	10P3R2A13_01954	100.000	300	0	0	1	300	1	300	0.0	602
10P3R2A13_01955	10P3R2A13_01955	100.000	538	0	0	1	538	1	538	0.0	1109
10P3R2A13_01956	10P3R2A13_01956	100.000	344	0	0	1	344	1	344	0.0	700
10P3R2A13_01957	10P3R2A13_01957	100.000	86	0	0	1	86	1	86	3.95e-56	167
10P3R2A13_01958	10P3R2A13_01958	100.000	317	0	0	1	317	1	317	0.0	652
10P3R2A13_01959	10P3R2A13_01959	100.000	251	0	0	1	251	1	251	0.0	516
10P3R2A13_01959	18P3R3A11_00322	97.610	251	6	0	1	251	1	251	0.0	504
10P3R2A13_01959	31P2R1A5_00284	97.610	251	6	0	1	251	1	251	0.0	502
10P3R2A13_01959	15P1R1A16_03191	100.000	153	0	0	99	251	1	153	1.88e-110	314
10P3R2A13_01960	10P3R2A13_01960	100.000	172	0	0	1	172	1	172	5.68e-127	353
10P3R2A13_01961	10P3R2A13_01961	100.000	509	0	0	1	509	1	509	0.0	1001
10P3R2A13_01962	10P3R2A13_01962	100.000	482	0	0	1	482	1	482	0.0	1005
10P3R2A13_01962	34P3R2A10_02898	98.995	199	2	0	284	482	1	199	6.21e-145	412
10P3R2A13_01963	10P3R2A13_01963	100.000	437	0	0	1	437	1	437	0.0	892
10P3R2A13_01963	15P1R1A16_04438	100.000	140	0	0	298	437	1	140	3.63e-95	282
10P3R2A13_01964	10P3R2A13_01964	100.000	303	0	0	1	303	1	303	0.0	622
