24P1R3A1_05666	24P1R3A1_05666	100.000	143	0	0	1	143	1	143	1.58e-99	281
24P1R3A1_05667	24P1R3A1_05667	100.000	230	0	0	1	230	1	230	1.32e-174	478
24P1R3A1_05668	24P1R3A1_05668	100.000	113	0	0	1	113	1	113	3.78e-79	228
24P1R3A1_05669	24P1R3A1_05669	100.000	200	0	0	1	200	1	200	1.16e-149	413
24P1R3A1_05670	24P1R3A1_05670	100.000	238	0	0	1	238	1	238	4.24e-174	478
24P1R3A1_05671	24P1R3A1_05671	100.000	232	0	0	1	232	1	232	8.53e-174	476
24P1R3A1_05672	24P1R3A1_05672	100.000	88	0	0	1	88	1	88	1.11e-60	179
24P1R3A1_05673	24P1R3A1_05673	100.000	303	0	0	1	303	1	303	0.0	622
24P1R3A1_05674	24P1R3A1_05674	100.000	296	0	0	1	296	1	296	0.0	609
24P1R3A1_05675	24P1R3A1_05675	100.000	297	0	0	1	297	1	297	0.0	590
24P1R3A1_05676	24P1R3A1_05676	100.000	286	0	0	1	286	1	286	0.0	569
24P1R3A1_05677	24P1R3A1_05677	100.000	289	0	0	1	289	1	289	0.0	602
24P1R3A1_05678	24P1R3A1_05678	100.000	180	0	0	1	180	1	180	6.91e-131	364
24P1R3A1_05679	24P1R3A1_05679	100.000	223	0	0	1	223	1	223	2.38e-166	457
24P1R3A1_05680	24P1R3A1_05680	100.000	189	0	0	1	189	1	189	7.80e-134	372
24P1R3A1_05681	24P1R3A1_05681	100.000	464	0	0	1	464	1	464	0.0	914
24P1R3A1_05682	24P1R3A1_05682	100.000	287	0	0	1	287	1	287	0.0	599
24P1R3A1_05683	24P1R3A1_05683	100.000	293	0	0	1	293	1	293	0.0	595
24P1R3A1_05684	24P1R3A1_05684	100.000	451	0	0	1	451	1	451	0.0	931
24P1R3A1_05685	24P1R3A1_05685	100.000	687	0	0	1	687	1	687	0.0	1399
24P1R3A1_05686	24P1R3A1_05686	100.000	231	0	0	1	231	1	231	1.80e-171	471
24P1R3A1_05687	24P1R3A1_05687	100.000	166	0	0	1	166	1	166	9.25e-121	337
24P1R3A1_05688	24P1R3A1_05688	100.000	419	0	0	1	419	1	419	0.0	853
24P1R3A1_05689	24P1R3A1_05689	100.000	773	0	0	1	773	1	773	0.0	1570
24P1R3A1_05690	24P1R3A1_05690	100.000	81	0	0	1	81	1	81	8.14e-57	169
24P1R3A1_05691	24P1R3A1_05691	100.000	114	0	0	1	114	1	114	1.43e-81	234
24P1R3A1_05692	24P1R3A1_05692	100.000	299	0	0	1	299	1	299	0.0	596
24P1R3A1_05693	24P1R3A1_05693	100.000	131	0	0	1	131	1	131	3.81e-93	265
24P1R3A1_05694	24P1R3A1_05694	100.000	168	0	0	1	168	1	168	3.50e-123	343
24P1R3A1_05695	24P1R3A1_05695	100.000	145	0	0	1	145	1	145	1.21e-102	290
24P1R3A1_05696	24P1R3A1_05696	100.000	131	0	0	1	131	1	131	1.78e-90	258
24P1R3A1_05697	24P1R3A1_05697	100.000	183	0	0	1	183	1	183	3.71e-139	385
24P1R3A1_05698	24P1R3A1_05698	100.000	200	0	0	1	200	1	200	1.48e-142	395
24P1R3A1_05699	24P1R3A1_05699	100.000	533	0	0	1	533	1	533	0.0	1071
24P1R3A1_05700	24P1R3A1_05700	100.000	246	0	0	1	246	1	246	0.0	503
24P1R3A1_05701	24P1R3A1_05701	100.000	144	0	0	1	144	1	144	3.15e-103	291
24P1R3A1_05702	24P1R3A1_05702	100.000	288	0	0	1	288	1	288	0.0	592
24P1R3A1_05703	24P1R3A1_05703	100.000	117	0	0	1	117	1	117	4.10e-82	235
24P1R3A1_05704	24P1R3A1_05704	100.000	259	0	0	1	259	1	259	0.0	535
24P1R3A1_05705	24P1R3A1_05705	100.000	77	0	0	1	77	1	77	2.96e-52	157
24P1R3A1_05706	24P1R3A1_05706	100.000	173	0	0	1	173	1	173	8.57e-129	358
24P1R3A1_05707	24P1R3A1_05707	100.000	207	0	0	1	207	1	207	7.16e-156	429
24P1R3A1_05708	24P1R3A1_05708	100.000	252	0	0	1	252	1	252	0.0	513
24P1R3A1_05709	24P1R3A1_05709	100.000	179	0	0	1	179	1	179	2.00e-130	362
24P1R3A1_05710	24P1R3A1_05710	100.000	74	0	0	1	74	1	74	2.55e-49	149
24P1R3A1_05711	24P1R3A1_05711	100.000	115	0	0	1	115	1	115	1.88e-83	239
24P1R3A1_05712	24P1R3A1_05712	100.000	71	0	0	1	71	1	71	2.31e-46	142
24P1R3A1_05713	24P1R3A1_05713	100.000	332	0	0	1	332	1	332	0.0	687
24P1R3A1_05714	24P1R3A1_05714	100.000	174	0	0	1	174	1	174	5.62e-126	351
24P1R3A1_05715	24P1R3A1_05715	100.000	135	0	0	1	135	1	135	1.60e-98	278
24P1R3A1_05734	24P1R3A1_05734	100.000	40	0	0	1	40	1	40	3.01e-24	84.0
24P1R3A1_05804	24P1R3A1_05804	100.000	89	0	0	1	89	1	89	3.57e-59	175
24P1R3A1_05805	24P1R3A1_05805	100.000	95	0	0	1	95	1	95	8.10e-62	182
24P1R3A1_05806	24P1R3A1_05806	100.000	254	0	0	1	254	1	254	0.0	514
24P1R3A1_05807	24P1R3A1_05807	100.000	185	0	0	1	185	1	185	5.04e-134	372
24P1R3A1_05808	24P1R3A1_05808	100.000	237	0	0	1	237	1	237	1.20e-172	474
24P1R3A1_05809	24P1R3A1_05809	100.000	149	0	0	1	149	1	149	1.88e-106	300
24P1R3A1_05810	24P1R3A1_05810	100.000	150	0	0	1	150	1	150	1.49e-109	307
24P1R3A1_05811	24P1R3A1_05811	100.000	141	0	0	1	141	1	141	5.04e-97	275
24P1R3A1_05812	24P1R3A1_05812	100.000	370	0	0	1	370	1	370	0.0	744
24P1R3A1_05813	24P1R3A1_05813	100.000	1026	0	0	1	1026	1	1026	0.0	2072
24P1R3A1_05814	24P1R3A1_05814	100.000	194	0	0	1	194	1	194	6.61e-140	388
24P1R3A1_05815	24P1R3A1_05815	100.000	140	0	0	1	140	1	140	1.10e-100	284
24P1R3A1_05816	24P1R3A1_05816	100.000	109	0	0	1	109	1	109	6.87e-74	214
24P1R3A1_05817	24P1R3A1_05817	100.000	138	0	0	1	138	1	138	8.37e-98	277
24P1R3A1_05818	24P1R3A1_05818	100.000	235	0	0	1	235	1	235	8.92e-174	477
24P1R3A1_05819	24P1R3A1_05819	100.000	215	0	0	1	215	1	215	2.41e-158	436
24P1R3A1_05820	24P1R3A1_05820	100.000	175	0	0	1	175	1	175	2.21e-120	337
24P1R3A1_05821	24P1R3A1_05821	100.000	318	0	0	1	318	1	318	0.0	662
24P1R3A1_05822	24P1R3A1_05822	100.000	1144	0	0	1	1144	1	1144	0.0	2382
24P1R3A1_05823	24P1R3A1_05823	100.000	383	0	0	1	383	1	383	0.0	792
24P1R3A1_05824	24P1R3A1_05824	100.000	88	0	0	1	88	1	88	1.72e-58	174
24P1R3A1_05825	24P1R3A1_05825	100.000	556	0	0	1	556	1	556	0.0	1145
24P1R3A1_05826	24P1R3A1_05826	100.000	93	0	0	1	93	1	93	4.63e-61	180
24P1R3A1_05826	31P2R1A5_04969	95.699	93	4	0	1	93	1	93	4.28e-58	173
24P1R3A1_05827	24P1R3A1_05827	100.000	95	0	0	1	95	1	95	7.31e-63	185
24P1R3A1_05827	44P3R3A6_04108	95.652	46	2	0	1	46	1	46	4.44e-25	88.6
24P1R3A1_05828	24P1R3A1_05828	100.000	93	0	0	1	93	1	93	7.51e-61	180
24P1R3A1_05828	31P2R1A5_04967	97.849	93	2	0	1	93	1	93	6.60e-60	177
24P1R3A1_05828	42P1R1A12_02313	95.699	93	4	0	1	93	1	93	4.56e-59	175
24P1R3A1_05828	31P2R1A5_04968	95.604	91	4	0	1	91	1	91	3.14e-57	171
24P1R3A1_05828	44P3R3A6_04108	97.826	46	1	0	1	46	1	46	1.43e-25	89.7
24P1R3A1_05829	24P1R3A1_05829	100.000	173	0	0	1	173	1	173	1.57e-128	357
24P1R3A1_05830	24P1R3A1_05830	100.000	292	0	0	1	292	1	292	0.0	601
24P1R3A1_05831	24P1R3A1_05831	100.000	196	0	0	1	196	1	196	4.40e-146	404
24P1R3A1_05832	24P1R3A1_05832	100.000	294	0	0	1	294	1	294	0.0	583
24P1R3A1_05833	24P1R3A1_05833	100.000	425	0	0	1	425	1	425	0.0	870
24P1R3A1_05834	24P1R3A1_05834	100.000	305	0	0	1	305	1	305	0.0	588
24P1R3A1_05835	24P1R3A1_05835	100.000	101	0	0	1	101	1	101	2.64e-69	202
24P1R3A1_05836	24P1R3A1_05836	100.000	348	0	0	1	348	1	348	0.0	707
24P1R3A1_05837	24P1R3A1_05837	100.000	261	0	0	1	261	1	261	0.0	513
24P1R3A1_05838	24P1R3A1_05838	100.000	287	0	0	1	287	1	287	0.0	570
24P1R3A1_05839	24P1R3A1_05839	100.000	372	0	0	1	372	1	372	0.0	761
24P1R3A1_05840	24P1R3A1_05840	100.000	434	0	0	1	434	1	434	0.0	850
24P1R3A1_05841	24P1R3A1_05841	100.000	234	0	0	1	234	1	234	2.75e-176	483
24P1R3A1_05842	24P1R3A1_05842	100.000	304	0	0	1	304	1	304	0.0	631
24P1R3A1_05843	24P1R3A1_05843	100.000	432	0	0	1	432	1	432	0.0	895
24P1R3A1_05844	24P1R3A1_05844	100.000	197	0	0	1	197	1	197	1.73e-146	405
24P1R3A1_05845	24P1R3A1_05845	100.000	345	0	0	1	345	1	345	0.0	725
24P1R3A1_05846	24P1R3A1_05846	100.000	105	0	0	1	105	1	105	7.59e-71	206
24P1R3A1_05847	24P1R3A1_05847	100.000	328	0	0	1	328	1	328	0.0	669
24P1R3A1_05848	24P1R3A1_05848	100.000	470	0	0	1	470	1	470	0.0	962
24P1R3A1_05849	24P1R3A1_05849	100.000	364	0	0	1	364	1	364	0.0	746
24P1R3A1_05850	24P1R3A1_05850	100.000	399	0	0	1	399	1	399	0.0	831
24P1R3A1_05851	24P1R3A1_05851	100.000	450	0	0	1	450	1	450	0.0	917
24P1R3A1_05852	24P1R3A1_05852	100.000	444	0	0	1	444	1	444	0.0	895
24P1R3A1_05853	24P1R3A1_05853	100.000	945	0	0	1	945	1	945	0.0	1937
24P1R3A1_05854	24P1R3A1_05854	100.000	177	0	0	1	177	1	177	2.15e-127	355
24P1R3A1_05855	24P1R3A1_05855	100.000	177	0	0	1	177	1	177	1.26e-130	363
24P1R3A1_05856	24P1R3A1_05856	100.000	204	0	0	1	204	1	204	3.59e-149	412
24P1R3A1_05857	24P1R3A1_05857	100.000	124	0	0	1	124	1	124	7.22e-85	243
24P1R3A1_05858	24P1R3A1_05858	100.000	828	0	0	1	828	1	828	0.0	1697
24P1R3A1_05859	24P1R3A1_05859	100.000	285	0	0	1	285	1	285	0.0	572
24P1R3A1_05860	24P1R3A1_05860	100.000	170	0	0	1	170	1	170	1.93e-124	347
24P1R3A1_05861	24P1R3A1_05861	100.000	549	0	0	1	549	1	549	0.0	1146
24P1R3A1_05862	24P1R3A1_05862	100.000	458	0	0	1	458	1	458	0.0	932
24P1R3A1_05863	24P1R3A1_05863	100.000	272	0	0	1	272	1	272	0.0	525
24P1R3A1_05864	24P1R3A1_05864	100.000	193	0	0	1	193	1	193	1.67e-142	394
24P1R3A1_05865	24P1R3A1_05865	100.000	1227	0	0	1	1227	1	1227	0.0	2543
24P1R3A1_05866	24P1R3A1_05866	100.000	279	0	0	1	279	1	279	0.0	572
24P1R3A1_05867	24P1R3A1_05867	100.000	619	0	0	1	619	1	619	0.0	1278
24P1R3A1_05868	24P1R3A1_05868	100.000	215	0	0	1	215	1	215	5.57e-156	430
24P1R3A1_05869	24P1R3A1_05869	100.000	573	0	0	1	573	1	573	0.0	1196
24P1R3A1_05870	24P1R3A1_05870	100.000	436	0	0	1	436	1	436	0.0	909
24P1R3A1_05871	24P1R3A1_05871	100.000	531	0	0	1	531	1	531	0.0	1107
24P1R3A1_05872	24P1R3A1_05872	100.000	310	0	0	1	310	1	310	0.0	641
24P1R3A1_05873	24P1R3A1_05873	100.000	368	0	0	1	368	1	368	0.0	755
24P1R3A1_05874	24P1R3A1_05874	100.000	185	0	0	1	185	1	185	4.66e-140	387
24P1R3A1_05875	24P1R3A1_05875	100.000	491	0	0	1	491	1	491	0.0	991
24P1R3A1_05876	24P1R3A1_05876	100.000	280	0	0	1	280	1	280	0.0	581
24P1R3A1_05877	24P1R3A1_05877	100.000	453	0	0	1	453	1	453	0.0	892
24P1R3A1_05878	24P1R3A1_05878	100.000	269	0	0	1	269	1	269	0.0	556
24P1R3A1_05879	24P1R3A1_05879	100.000	129	0	0	1	129	1	129	3.98e-95	269
24P1R3A1_05880	24P1R3A1_05880	100.000	44	0	0	1	44	1	44	8.92e-27	90.5
24P1R3A1_05881	24P1R3A1_05881	100.000	70	0	0	1	70	1	70	4.07e-46	141
24P1R3A1_05882	24P1R3A1_05882	100.000	458	0	0	1	458	1	458	0.0	913
24P1R3A1_05883	24P1R3A1_05883	100.000	212	0	0	1	212	1	212	4.10e-161	443
24P1R3A1_05884	24P1R3A1_05884	100.000	266	0	0	1	266	1	266	0.0	551
24P1R3A1_05885	24P1R3A1_05885	100.000	350	0	0	1	350	1	350	0.0	724
24P1R3A1_05886	24P1R3A1_05886	100.000	298	0	0	1	298	1	298	0.0	605
24P1R3A1_05887	24P1R3A1_05887	100.000	39	0	0	1	39	1	39	2.45e-22	79.0
24P1R3A1_05888	24P1R3A1_05888	100.000	460	0	0	1	460	1	460	0.0	962
24P1R3A1_05889	24P1R3A1_05889	100.000	236	0	0	1	236	1	236	1.05e-174	479
24P1R3A1_05890	24P1R3A1_05890	100.000	459	0	0	1	459	1	459	0.0	942
24P1R3A1_05891	24P1R3A1_05891	100.000	1028	0	0	1	1028	1	1028	0.0	2073
24P1R3A1_05892	24P1R3A1_05892	100.000	1044	0	0	1	1044	1	1044	0.0	2109
24P1R3A1_05893	24P1R3A1_05893	100.000	414	0	0	1	414	1	414	0.0	835
24P1R3A1_05894	24P1R3A1_05894	100.000	489	0	0	1	489	1	489	0.0	979
24P1R3A1_05895	24P1R3A1_05895	100.000	210	0	0	1	210	1	210	2.30e-154	426
24P1R3A1_05896	24P1R3A1_05896	100.000	229	0	0	1	229	1	229	2.03e-172	473
24P1R3A1_05897	24P1R3A1_05897	100.000	456	0	0	1	456	1	456	0.0	915
24P1R3A1_05898	24P1R3A1_05898	100.000	74	0	0	1	74	1	74	3.66e-44	136
24P1R3A1_05899	24P1R3A1_05899	100.000	488	0	0	1	488	1	488	0.0	989
24P1R3A1_05900	24P1R3A1_05900	100.000	511	0	0	1	511	1	511	0.0	1050
24P1R3A1_05901	24P1R3A1_05901	100.000	694	0	0	1	694	1	694	0.0	1425
24P1R3A1_05902	24P1R3A1_05902	100.000	197	0	0	1	197	1	197	3.06e-147	407
24P1R3A1_05903	24P1R3A1_05903	100.000	210	0	0	1	210	1	210	4.93e-156	430
24P1R3A1_05904	24P1R3A1_05904	100.000	347	0	0	1	347	1	347	0.0	710
24P1R3A1_05905	24P1R3A1_05905	100.000	209	0	0	1	209	1	209	8.13e-153	422
24P1R3A1_05906	24P1R3A1_05906	100.000	434	0	0	1	434	1	434	0.0	849
24P1R3A1_05907	24P1R3A1_05907	100.000	402	0	0	1	402	1	402	0.0	817
24P1R3A1_05908	24P1R3A1_05908	100.000	249	0	0	1	249	1	249	0.0	504
24P1R3A1_05909	24P1R3A1_05909	100.000	418	0	0	1	418	1	418	0.0	830
24P1R3A1_05910	24P1R3A1_05910	100.000	119	0	0	1	119	1	119	5.38e-85	243
24P1R3A1_05911	24P1R3A1_05911	100.000	491	0	0	1	491	1	491	0.0	1003
24P1R3A1_05912	24P1R3A1_05912	100.000	360	0	0	1	360	1	360	0.0	705
24P1R3A1_05913	24P1R3A1_05913	100.000	157	0	0	1	157	1	157	9.38e-118	329
24P1R3A1_05914	24P1R3A1_05914	100.000	186	0	0	1	186	1	186	1.30e-137	381
24P1R3A1_05915	24P1R3A1_05915	100.000	300	0	0	1	300	1	300	0.0	618
24P1R3A1_05916	24P1R3A1_05916	100.000	349	0	0	1	349	1	349	0.0	704
24P1R3A1_05917	24P1R3A1_05917	100.000	197	0	0	1	197	1	197	8.90e-145	400
24P1R3A1_05918	24P1R3A1_05918	100.000	238	0	0	1	238	1	238	3.11e-176	483
24P1R3A1_05919	24P1R3A1_05919	100.000	204	0	0	1	204	1	204	6.99e-151	416
24P1R3A1_05920	24P1R3A1_05920	100.000	233	0	0	1	233	1	233	5.69e-173	474
24P1R3A1_05921	24P1R3A1_05921	100.000	295	0	0	1	295	1	295	0.0	614
24P1R3A1_05922	24P1R3A1_05922	100.000	151	0	0	1	151	1	151	1.85e-100	285
24P1R3A1_05923	24P1R3A1_05923	100.000	689	0	0	1	689	1	689	0.0	1423
24P1R3A1_05924	24P1R3A1_05924	100.000	65	0	0	1	65	1	65	8.89e-41	127
24P1R3A1_05925	24P1R3A1_05925	100.000	128	0	0	1	128	1	128	1.65e-87	250
24P1R3A1_05926	24P1R3A1_05926	100.000	223	0	0	1	223	1	223	4.91e-167	459
24P1R3A1_05927	24P1R3A1_05927	100.000	377	0	0	1	377	1	377	0.0	783
24P1R3A1_05928	24P1R3A1_05928	100.000	124	0	0	1	124	1	124	3.10e-89	254
24P1R3A1_05929	24P1R3A1_05929	100.000	178	0	0	1	178	1	178	3.50e-131	364
24P1R3A1_05930	24P1R3A1_05930	100.000	208	0	0	1	208	1	208	9.58e-153	421
24P1R3A1_05931	24P1R3A1_05931	100.000	761	0	0	1	761	1	761	0.0	1550
24P1R3A1_05932	24P1R3A1_05932	100.000	290	0	0	1	290	1	290	0.0	593
24P1R3A1_05933	24P1R3A1_05933	100.000	270	0	0	1	270	1	270	0.0	547
24P1R3A1_05934	24P1R3A1_05934	100.000	723	0	0	1	723	1	723	0.0	1500
24P1R3A1_05935	24P1R3A1_05935	100.000	749	0	0	1	749	1	749	0.0	1546
24P1R3A1_05936	24P1R3A1_05936	100.000	461	0	0	1	461	1	461	0.0	942
24P1R3A1_05937	24P1R3A1_05937	100.000	489	0	0	1	489	1	489	0.0	991
24P1R3A1_05938	24P1R3A1_05938	100.000	526	0	0	1	526	1	526	0.0	1085
24P1R3A1_05939	24P1R3A1_05939	100.000	35	0	0	1	35	1	35	1.23e-18	69.3
24P1R3A1_05940	24P1R3A1_05940	100.000	181	0	0	1	181	1	181	9.20e-130	361
24P1R3A1_05941	24P1R3A1_05941	100.000	187	0	0	1	187	1	187	1.31e-132	369
24P1R3A1_05942	24P1R3A1_05942	100.000	110	0	0	1	110	1	110	3.23e-76	220
24P1R3A1_05943	24P1R3A1_05943	100.000	336	0	0	1	336	1	336	0.0	692
24P1R3A1_05944	24P1R3A1_05944	100.000	328	0	0	1	328	1	328	0.0	678
24P1R3A1_05945	24P1R3A1_05945	100.000	303	0	0	1	303	1	303	0.0	602
24P1R3A1_05946	24P1R3A1_05946	100.000	307	0	0	1	307	1	307	0.0	609
24P1R3A1_05947	24P1R3A1_05947	100.000	546	0	0	1	546	1	546	0.0	1122
24P1R3A1_05948	24P1R3A1_05948	100.000	546	0	0	1	546	1	546	0.0	1128
24P1R3A1_05949	24P1R3A1_05949	100.000	459	0	0	1	459	1	459	0.0	941
24P1R3A1_05950	24P1R3A1_05950	100.000	111	0	0	1	111	1	111	7.98e-81	232
24P1R3A1_05951	24P1R3A1_05951	100.000	849	0	0	1	849	1	849	0.0	1757
24P1R3A1_05952	24P1R3A1_05952	100.000	522	0	0	1	522	1	522	0.0	1061
24P1R3A1_05953	24P1R3A1_05953	100.000	348	0	0	1	348	1	348	0.0	687
24P1R3A1_05954	24P1R3A1_05954	100.000	277	0	0	1	277	1	277	0.0	533
24P1R3A1_05955	24P1R3A1_05955	100.000	279	0	0	1	279	1	279	0.0	573
24P1R3A1_05956	24P1R3A1_05956	100.000	240	0	0	1	240	1	240	1.47e-176	484
24P1R3A1_05957	24P1R3A1_05957	100.000	215	0	0	1	215	1	215	2.69e-152	421
24P1R3A1_05958	24P1R3A1_05958	100.000	889	0	0	1	889	1	889	0.0	1834
24P1R3A1_05959	24P1R3A1_05959	100.000	199	0	0	1	199	1	199	1.18e-148	410
24P1R3A1_05960	24P1R3A1_05960	100.000	135	0	0	1	135	1	135	5.42e-94	267
24P1R3A1_05961	24P1R3A1_05961	100.000	50	0	0	1	50	1	50	2.99e-30	99.8
24P1R3A1_05962	24P1R3A1_05962	100.000	338	0	0	1	338	1	338	0.0	704
24P1R3A1_05963	24P1R3A1_05963	100.000	302	0	0	1	302	1	302	0.0	618
24P1R3A1_05964	24P1R3A1_05964	100.000	340	0	0	1	340	1	340	0.0	704
24P1R3A1_05965	24P1R3A1_05965	100.000	155	0	0	1	155	1	155	5.52e-116	324
24P1R3A1_05966	24P1R3A1_05966	100.000	283	0	0	1	283	1	283	0.0	588
24P1R3A1_05968	24P1R3A1_05968	100.000	288	0	0	1	288	1	288	0.0	592
24P1R3A1_05969	24P1R3A1_05969	100.000	269	0	0	1	269	1	269	0.0	561
24P1R3A1_05970	24P1R3A1_05970	100.000	656	0	0	1	656	1	656	0.0	1357
24P1R3A1_05971	24P1R3A1_05971	100.000	348	0	0	1	348	1	348	0.0	707
24P1R3A1_05972	24P1R3A1_05972	100.000	184	0	0	1	184	1	184	7.36e-137	379
24P1R3A1_05973	24P1R3A1_05973	100.000	619	0	0	1	619	1	619	0.0	1264
24P1R3A1_05974	24P1R3A1_05974	100.000	341	0	0	1	341	1	341	0.0	706
24P1R3A1_05975	24P1R3A1_05975	100.000	215	0	0	1	215	1	215	7.76e-161	442
24P1R3A1_05976	24P1R3A1_05976	100.000	94	0	0	1	94	1	94	5.33e-67	196
24P1R3A1_05977	24P1R3A1_05977	100.000	146	0	0	1	146	1	146	1.18e-110	310
24P1R3A1_05978	24P1R3A1_05978	100.000	332	0	0	1	332	1	332	0.0	679
24P1R3A1_05979	24P1R3A1_05979	100.000	295	0	0	1	295	1	295	0.0	615
24P1R3A1_05980	24P1R3A1_05980	100.000	103	0	0	1	103	1	103	3.43e-71	207
24P1R3A1_05981	24P1R3A1_05981	100.000	250	0	0	1	250	1	250	0.0	510
24P1R3A1_05982	24P1R3A1_05982	100.000	770	0	0	1	770	1	770	0.0	1591
24P1R3A1_05983	24P1R3A1_05983	100.000	371	0	0	1	371	1	371	0.0	771
24P1R3A1_05984	24P1R3A1_05984	100.000	435	0	0	1	435	1	435	0.0	902
24P1R3A1_05985	24P1R3A1_05985	100.000	240	0	0	1	240	1	240	0.0	495
24P1R3A1_05986	24P1R3A1_05986	100.000	515	0	0	1	515	1	515	0.0	1031
24P1R3A1_05987	24P1R3A1_05987	100.000	173	0	0	1	173	1	173	6.08e-125	348
24P1R3A1_05988	24P1R3A1_05988	100.000	103	0	0	1	103	1	103	1.92e-73	213
24P1R3A1_05989	24P1R3A1_05989	100.000	111	0	0	1	111	1	111	4.35e-74	215
24P1R3A1_05990	24P1R3A1_05990	100.000	410	0	0	1	410	1	410	0.0	810
24P1R3A1_05991	24P1R3A1_05991	100.000	139	0	0	1	139	1	139	1.05e-95	271
24P1R3A1_05992	24P1R3A1_05992	100.000	263	0	0	1	263	1	263	0.0	545
24P1R3A1_05993	24P1R3A1_05993	100.000	122	0	0	1	122	1	122	6.85e-86	245
24P1R3A1_05994	24P1R3A1_05994	100.000	109	0	0	1	109	1	109	3.24e-79	228
24P1R3A1_05995	24P1R3A1_05995	100.000	351	0	0	1	351	1	351	0.0	720
24P1R3A1_05996	24P1R3A1_05996	100.000	304	0	0	1	304	1	304	0.0	624
24P1R3A1_05997	24P1R3A1_05997	100.000	390	0	0	1	390	1	390	0.0	811
24P1R3A1_06002	24P1R3A1_06002	100.000	183	0	0	1	183	1	183	1.47e-131	366
24P1R3A1_06003	24P1R3A1_06003	100.000	611	0	0	1	611	1	611	0.0	1263
24P1R3A1_06004	24P1R3A1_06004	100.000	220	0	0	1	220	1	220	5.67e-159	438
24P1R3A1_06005	24P1R3A1_06005	100.000	1045	0	0	1	1045	1	1045	0.0	2102
24P1R3A1_06006	24P1R3A1_06006	100.000	327	0	0	1	327	1	327	0.0	662
24P1R3A1_06007	24P1R3A1_06007	100.000	344	0	0	1	344	1	344	0.0	708
24P1R3A1_06008	24P1R3A1_06008	100.000	322	0	0	1	322	1	322	0.0	632
24P1R3A1_06009	24P1R3A1_06009	100.000	246	0	0	1	246	1	246	0.0	509
24P1R3A1_06010	24P1R3A1_06010	100.000	407	0	0	1	407	1	407	0.0	822
24P1R3A1_06011	24P1R3A1_06011	100.000	84	0	0	1	84	1	84	5.36e-46	142
24P1R3A1_06012	24P1R3A1_06012	100.000	289	0	0	1	289	1	289	0.0	595
24P1R3A1_06013	24P1R3A1_06013	100.000	514	0	0	1	514	1	514	0.0	1071
24P1R3A1_06014	24P1R3A1_06014	100.000	270	0	0	1	270	1	270	0.0	551
24P1R3A1_06015	24P1R3A1_06015	100.000	326	0	0	1	326	1	326	0.0	657
24P1R3A1_06016	24P1R3A1_06016	100.000	464	0	0	1	464	1	464	0.0	951
24P1R3A1_06017	24P1R3A1_06017	100.000	415	0	0	1	415	1	415	0.0	866
24P1R3A1_06018	24P1R3A1_06018	100.000	380	0	0	1	380	1	380	0.0	777
24P1R3A1_06019	24P1R3A1_06019	100.000	516	0	0	1	516	1	516	0.0	1070
24P1R3A1_06020	24P1R3A1_06020	100.000	480	0	0	1	480	1	480	0.0	987
24P1R3A1_06021	24P1R3A1_06021	100.000	544	0	0	1	544	1	544	0.0	1092
24P1R3A1_06022	24P1R3A1_06022	100.000	183	0	0	1	183	1	183	7.52e-137	379
24P1R3A1_06023	24P1R3A1_06023	100.000	88	0	0	1	88	1	88	1.94e-55	166
24P1R3A1_06025	24P1R3A1_06025	100.000	339	0	0	1	339	1	339	0.0	705
24P1R3A1_06026	24P1R3A1_06026	100.000	137	0	0	1	137	1	137	1.84e-99	281
24P1R3A1_06027	24P1R3A1_06027	100.000	149	0	0	1	149	1	149	1.53e-108	305
24P1R3A1_06028	24P1R3A1_06028	100.000	530	0	0	1	530	1	530	0.0	1099
24P1R3A1_06029	24P1R3A1_06029	100.000	114	0	0	1	114	1	114	4.71e-78	225
24P1R3A1_06030	24P1R3A1_06030	100.000	354	0	0	1	354	1	354	0.0	743
24P1R3A1_06031	24P1R3A1_06031	100.000	265	0	0	1	265	1	265	0.0	547
24P1R3A1_06032	24P1R3A1_06032	100.000	434	0	0	1	434	1	434	0.0	848
24P1R3A1_06033	24P1R3A1_06033	100.000	260	0	0	1	260	1	260	0.0	531
24P1R3A1_06034	24P1R3A1_06034	100.000	441	0	0	1	441	1	441	0.0	902
24P1R3A1_06035	24P1R3A1_06035	100.000	409	0	0	1	409	1	409	0.0	837
24P1R3A1_06036	24P1R3A1_06036	100.000	239	0	0	1	239	1	239	6.83e-178	488
24P1R3A1_06037	24P1R3A1_06037	100.000	150	0	0	1	150	1	150	8.28e-109	305
24P1R3A1_06038	24P1R3A1_06038	100.000	579	0	0	1	579	1	579	0.0	1216
24P1R3A1_06039	24P1R3A1_06039	100.000	89	0	0	1	89	1	89	4.98e-61	180
24P1R3A1_06040	24P1R3A1_06040	100.000	387	0	0	1	387	1	387	0.0	745
24P1R3A1_06041	24P1R3A1_06041	100.000	430	0	0	1	430	1	430	0.0	898
24P1R3A1_06042	24P1R3A1_06042	100.000	396	0	0	1	396	1	396	0.0	809
24P1R3A1_06043	24P1R3A1_06043	100.000	133	0	0	1	133	1	133	7.52e-96	271
24P1R3A1_06044	24P1R3A1_06044	100.000	484	0	0	1	484	1	484	0.0	995
24P1R3A1_06045	24P1R3A1_06045	100.000	446	0	0	1	446	1	446	0.0	896
24P1R3A1_06046	24P1R3A1_06046	100.000	430	0	0	1	430	1	430	0.0	890
24P1R3A1_06047	24P1R3A1_06047	100.000	792	0	0	1	792	1	792	0.0	1622
24P1R3A1_06048	24P1R3A1_06048	100.000	426	0	0	1	426	1	426	0.0	864
24P1R3A1_06049	24P1R3A1_06049	100.000	198	0	0	1	198	1	198	2.24e-144	399
24P1R3A1_06050	24P1R3A1_06050	100.000	318	0	0	1	318	1	318	0.0	641
24P1R3A1_06051	24P1R3A1_06051	100.000	229	0	0	1	229	1	229	2.83e-170	468
24P1R3A1_06052	24P1R3A1_06052	100.000	483	0	0	1	483	1	483	0.0	978
24P1R3A1_06053	24P1R3A1_06053	100.000	211	0	0	1	211	1	211	3.35e-158	436
24P1R3A1_06054	24P1R3A1_06054	100.000	355	0	0	1	355	1	355	0.0	731
24P1R3A1_06055	24P1R3A1_06055	100.000	87	0	0	1	87	1	87	3.08e-60	178
24P1R3A1_06056	24P1R3A1_06056	100.000	101	0	0	1	101	1	101	6.25e-67	196
24P1R3A1_06057	24P1R3A1_06057	100.000	113	0	0	1	113	1	113	4.83e-82	235
24P1R3A1_06058	24P1R3A1_06058	100.000	525	0	0	1	525	1	525	0.0	1086
24P1R3A1_06059	24P1R3A1_06059	100.000	836	0	0	1	836	1	836	0.0	1709
24P1R3A1_06060	24P1R3A1_06060	100.000	229	0	0	1	229	1	229	1.62e-174	478
24P1R3A1_06061	24P1R3A1_06061	100.000	200	0	0	1	200	1	200	1.20e-140	390
24P1R3A1_06062	24P1R3A1_06062	100.000	310	0	0	1	310	1	310	0.0	635
24P1R3A1_06063	24P1R3A1_06063	100.000	340	0	0	1	340	1	340	0.0	681
24P1R3A1_06064	24P1R3A1_06064	100.000	281	0	0	1	281	1	281	0.0	583
24P1R3A1_06065	24P1R3A1_06065	100.000	323	0	0	1	323	1	323	0.0	674
24P1R3A1_06066	24P1R3A1_06066	100.000	140	0	0	1	140	1	140	1.27e-101	286
24P1R3A1_06067	24P1R3A1_06067	100.000	500	0	0	1	500	1	500	0.0	1047
24P1R3A1_06068	24P1R3A1_06068	100.000	519	0	0	1	519	1	519	0.0	1067
24P1R3A1_06069	24P1R3A1_06069	100.000	347	0	0	1	347	1	347	0.0	726
24P1R3A1_06070	24P1R3A1_06070	100.000	214	0	0	1	214	1	214	1.71e-160	441
24P1R3A1_06071	24P1R3A1_06071	100.000	214	0	0	1	214	1	214	3.64e-155	428
24P1R3A1_06072	24P1R3A1_06072	100.000	213	0	0	1	213	1	213	3.36e-156	431
24P1R3A1_06139	24P1R3A1_06139	100.000	75	0	0	1	75	1	75	6.95e-50	150
24P1R3A1_06140	24P1R3A1_06140	100.000	425	0	0	1	425	1	425	0.0	865
24P1R3A1_06141	24P1R3A1_06141	100.000	261	0	0	1	261	1	261	0.0	534
24P1R3A1_06142	24P1R3A1_06142	100.000	469	0	0	1	469	1	469	0.0	964
24P1R3A1_06142	33P3R2A2_04177	100.000	23	0	0	1	23	1	23	6.43e-08	48.5
24P1R3A1_06143	24P1R3A1_06143	100.000	527	0	0	1	527	1	527	0.0	1063
24P1R3A1_06144	24P1R3A1_06144	100.000	101	0	0	1	101	1	101	1.09e-71	208
24P1R3A1_06145	24P1R3A1_06145	100.000	454	0	0	1	454	1	454	0.0	893
24P1R3A1_06146	24P1R3A1_06146	100.000	645	0	0	1	645	1	645	0.0	1310
24P1R3A1_06147	24P1R3A1_06147	100.000	194	0	0	1	194	1	194	5.58e-143	395
24P1R3A1_06148	24P1R3A1_06148	100.000	214	0	0	1	214	1	214	2.06e-161	444
24P1R3A1_06149	24P1R3A1_06149	100.000	371	0	0	1	371	1	371	0.0	763
24P1R3A1_06150	24P1R3A1_06150	100.000	676	0	0	1	676	1	676	0.0	1414
24P1R3A1_06151	24P1R3A1_06151	100.000	159	0	0	1	159	1	159	9.03e-115	321
24P1R3A1_06152	24P1R3A1_06152	100.000	234	0	0	1	234	1	234	1.34e-166	459
24P1R3A1_06153	24P1R3A1_06153	100.000	295	0	0	1	295	1	295	0.0	612
24P1R3A1_06154	24P1R3A1_06154	100.000	566	0	0	1	566	1	566	0.0	1174
24P1R3A1_06155	24P1R3A1_06155	100.000	242	0	0	1	242	1	242	0.0	499
24P1R3A1_06156	24P1R3A1_06156	100.000	384	0	0	1	384	1	384	0.0	762
24P1R3A1_06157	24P1R3A1_06157	100.000	220	0	0	1	220	1	220	2.11e-165	454
24P1R3A1_06158	24P1R3A1_06158	100.000	390	0	0	1	390	1	390	0.0	774
24P1R3A1_06159	24P1R3A1_06159	100.000	414	0	0	1	414	1	414	0.0	852
24P1R3A1_06160	24P1R3A1_06160	100.000	256	0	0	1	256	1	256	0.0	529
24P1R3A1_06161	24P1R3A1_06161	100.000	567	0	0	1	567	1	567	0.0	1177
24P1R3A1_06162	24P1R3A1_06162	100.000	155	0	0	1	155	1	155	2.28e-114	320
24P1R3A1_06163	24P1R3A1_06163	100.000	193	0	0	1	193	1	193	2.12e-143	397
24P1R3A1_06164	24P1R3A1_06164	100.000	297	0	0	1	297	1	297	0.0	575
24P1R3A1_06165	24P1R3A1_06165	100.000	169	0	0	1	169	1	169	3.38e-124	346
24P1R3A1_06166	24P1R3A1_06166	100.000	704	0	0	1	704	1	704	0.0	1457
24P1R3A1_06167	24P1R3A1_06167	100.000	303	0	0	1	303	1	303	0.0	623
24P1R3A1_06168	24P1R3A1_06168	100.000	294	0	0	1	294	1	294	0.0	607
24P1R3A1_06169	24P1R3A1_06169	100.000	142	0	0	1	142	1	142	7.65e-105	295
24P1R3A1_06170	24P1R3A1_06170	100.000	458	0	0	1	458	1	458	0.0	939
24P1R3A1_06171	24P1R3A1_06171	100.000	456	0	0	1	456	1	456	0.0	941
24P1R3A1_06172	24P1R3A1_06172	100.000	392	0	0	1	392	1	392	0.0	810
24P1R3A1_06173	24P1R3A1_06173	100.000	456	0	0	1	456	1	456	0.0	899
24P1R3A1_06174	24P1R3A1_06174	100.000	92	0	0	1	92	1	92	3.12e-62	183
24P1R3A1_06175	24P1R3A1_06175	100.000	281	0	0	1	281	1	281	0.0	585
24P1R3A1_06176	24P1R3A1_06176	100.000	83	0	0	1	83	1	83	2.34e-49	150
24P1R3A1_06177	24P1R3A1_06177	100.000	311	0	0	1	311	1	311	0.0	638
24P1R3A1_06178	24P1R3A1_06178	100.000	475	0	0	1	475	1	475	0.0	962
24P1R3A1_06179	24P1R3A1_06179	100.000	230	0	0	1	230	1	230	3.16e-170	468
24P1R3A1_06180	24P1R3A1_06180	100.000	329	0	0	1	329	1	329	0.0	674
24P1R3A1_06181	24P1R3A1_06181	100.000	590	0	0	1	590	1	590	0.0	1210
24P1R3A1_06182	24P1R3A1_06182	100.000	384	0	0	1	384	1	384	0.0	770
24P1R3A1_06183	24P1R3A1_06183	100.000	370	0	0	1	370	1	370	0.0	741
24P1R3A1_06184	24P1R3A1_06184	100.000	148	0	0	1	148	1	148	2.78e-107	301
24P1R3A1_06185	24P1R3A1_06185	100.000	237	0	0	1	237	1	237	7.87e-170	467
24P1R3A1_06186	24P1R3A1_06186	100.000	154	0	0	1	154	1	154	1.68e-113	318
24P1R3A1_06187	24P1R3A1_06187	100.000	82	0	0	1	82	1	82	2.06e-56	168
24P1R3A1_06188	24P1R3A1_06188	100.000	160	0	0	1	160	1	160	3.04e-115	323
24P1R3A1_06189	24P1R3A1_06189	100.000	327	0	0	1	327	1	327	0.0	677
24P1R3A1_06190	24P1R3A1_06190	100.000	313	0	0	1	313	1	313	0.0	634
24P1R3A1_06191	24P1R3A1_06191	100.000	317	0	0	1	317	1	317	0.0	649
24P1R3A1_06192	24P1R3A1_06192	100.000	670	0	0	1	670	1	670	0.0	1364
24P1R3A1_06193	24P1R3A1_06193	100.000	228	0	0	1	228	1	228	2.22e-170	468
24P1R3A1_06194	24P1R3A1_06194	100.000	255	0	0	1	255	1	255	0.0	528
24P1R3A1_06195	24P1R3A1_06195	100.000	388	0	0	1	388	1	388	0.0	804
24P1R3A1_06196	24P1R3A1_06196	100.000	346	0	0	1	346	1	346	0.0	724
24P1R3A1_06197	24P1R3A1_06197	100.000	424	0	0	1	424	1	424	0.0	882
24P1R3A1_06198	24P1R3A1_06198	100.000	330	0	0	1	330	1	330	0.0	688
24P1R3A1_06199	24P1R3A1_06199	100.000	274	0	0	1	274	1	274	0.0	566
24P1R3A1_06200	24P1R3A1_06200	100.000	355	0	0	1	355	1	355	0.0	722
24P1R3A1_06201	24P1R3A1_06201	100.000	231	0	0	1	231	1	231	2.86e-163	450
24P1R3A1_06202	24P1R3A1_06202	100.000	257	0	0	1	257	1	257	0.0	521
24P1R3A1_06203	24P1R3A1_06203	100.000	48	0	0	1	48	1	48	9.00e-27	90.9
24P1R3A1_06204	24P1R3A1_06204	100.000	264	0	0	1	264	1	264	0.0	534
24P1R3A1_06205	24P1R3A1_06205	100.000	169	0	0	1	169	1	169	2.52e-122	341
24P1R3A1_06206	24P1R3A1_06206	100.000	398	0	0	1	398	1	398	0.0	810
24P1R3A1_06207	24P1R3A1_06207	100.000	185	0	0	1	185	1	185	1.24e-132	369
24P1R3A1_06208	24P1R3A1_06208	100.000	194	0	0	1	194	1	194	8.65e-143	395
24P1R3A1_06209	24P1R3A1_06209	100.000	361	0	0	1	361	1	361	0.0	745
24P1R3A1_06210	24P1R3A1_06210	100.000	391	0	0	1	391	1	391	0.0	788
24P1R3A1_06211	24P1R3A1_06211	100.000	285	0	0	1	285	1	285	0.0	598
24P1R3A1_06212	24P1R3A1_06212	100.000	470	0	0	1	470	1	470	0.0	932
24P1R3A1_06213	24P1R3A1_06213	100.000	467	0	0	1	467	1	467	0.0	919
24P1R3A1_06214	24P1R3A1_06214	100.000	494	0	0	1	494	1	494	0.0	1018
24P1R3A1_06215	24P1R3A1_06215	100.000	551	0	0	1	551	1	551	0.0	1140
24P1R3A1_06216	24P1R3A1_06216	100.000	335	0	0	1	335	1	335	0.0	699
24P1R3A1_06217	24P1R3A1_06217	100.000	111	0	0	1	111	1	111	1.80e-76	221
24P1R3A1_06218	24P1R3A1_06218	100.000	358	0	0	1	358	1	358	0.0	723
24P1R3A1_06219	24P1R3A1_06219	100.000	173	0	0	1	173	1	173	1.16e-129	360
24P1R3A1_06220	24P1R3A1_06220	100.000	108	0	0	1	108	1	108	5.02e-74	214
24P1R3A1_06221	24P1R3A1_06221	100.000	146	0	0	1	146	1	146	2.51e-100	284
24P1R3A1_06222	24P1R3A1_06222	100.000	138	0	0	1	138	1	138	9.02e-94	266
24P1R3A1_06223	24P1R3A1_06223	100.000	385	0	0	1	385	1	385	0.0	796
24P1R3A1_06224	24P1R3A1_06224	100.000	636	0	0	1	636	1	636	0.0	1322
24P1R3A1_06225	24P1R3A1_06225	100.000	307	0	0	1	307	1	307	0.0	629
24P1R3A1_06226	24P1R3A1_06226	100.000	260	0	0	1	260	1	260	0.0	518
24P1R3A1_06227	24P1R3A1_06227	100.000	226	0	0	1	226	1	226	2.18e-168	462
24P1R3A1_06228	24P1R3A1_06228	100.000	560	0	0	1	560	1	560	0.0	1159
24P1R3A1_06229	24P1R3A1_06229	100.000	201	0	0	1	201	1	201	1.68e-151	417
24P1R3A1_06230	24P1R3A1_06230	100.000	470	0	0	1	470	1	470	0.0	976
24P1R3A1_06231	24P1R3A1_06231	100.000	364	0	0	1	364	1	364	0.0	753
24P1R3A1_06232	24P1R3A1_06232	100.000	521	0	0	1	521	1	521	0.0	1080
24P1R3A1_06233	24P1R3A1_06233	100.000	315	0	0	1	315	1	315	0.0	658
24P1R3A1_06234	24P1R3A1_06234	100.000	602	0	0	1	602	1	602	0.0	1250
24P1R3A1_06235	24P1R3A1_06235	100.000	336	0	0	1	336	1	336	0.0	686
24P1R3A1_06236	24P1R3A1_06236	100.000	153	0	0	1	153	1	153	7.69e-111	311
24P1R3A1_06237	24P1R3A1_06237	100.000	316	0	0	1	316	1	316	0.0	638
24P1R3A1_06238	24P1R3A1_06238	100.000	106	0	0	1	106	1	106	5.48e-72	209
24P1R3A1_06239	24P1R3A1_06239	100.000	591	0	0	1	591	1	591	0.0	1199
24P1R3A1_06240	24P1R3A1_06240	100.000	496	0	0	1	496	1	496	0.0	1021
24P1R3A1_06241	24P1R3A1_06241	100.000	461	0	0	1	461	1	461	0.0	944
24P1R3A1_06242	24P1R3A1_06242	100.000	361	0	0	1	361	1	361	0.0	720
24P1R3A1_06243	24P1R3A1_06243	100.000	437	0	0	1	437	1	437	0.0	895
24P1R3A1_06244	24P1R3A1_06244	100.000	398	0	0	1	398	1	398	0.0	792
24P1R3A1_06245	24P1R3A1_06245	100.000	361	0	0	1	361	1	361	0.0	729
24P1R3A1_06246	24P1R3A1_06246	100.000	488	0	0	1	488	1	488	0.0	1000
24P1R3A1_06247	24P1R3A1_06247	100.000	119	0	0	1	119	1	119	7.39e-85	243
24P1R3A1_06248	24P1R3A1_06248	100.000	262	0	0	1	262	1	262	0.0	539
24P1R3A1_06249	24P1R3A1_06249	100.000	419	0	0	1	419	1	419	0.0	853
24P1R3A1_06250	24P1R3A1_06250	100.000	390	0	0	1	390	1	390	0.0	778
24P1R3A1_06251	24P1R3A1_06251	100.000	307	0	0	1	307	1	307	0.0	632
24P1R3A1_06252	24P1R3A1_06252	100.000	173	0	0	1	173	1	173	1.56e-120	337
24P1R3A1_06253	24P1R3A1_06253	100.000	147	0	0	1	147	1	147	6.17e-105	295
24P1R3A1_06254	24P1R3A1_06254	100.000	903	0	0	1	903	1	903	0.0	1869
24P1R3A1_06255	24P1R3A1_06255	100.000	150	0	0	1	150	1	150	7.07e-111	311
24P1R3A1_06256	24P1R3A1_06256	100.000	831	0	0	1	831	1	831	0.0	1671
24P1R3A1_06257	24P1R3A1_06257	100.000	1578	0	0	1	1578	1	1578	0.0	3133
24P1R3A1_06258	24P1R3A1_06258	100.000	562	0	0	1	562	1	562	0.0	1145
24P1R3A1_06259	24P1R3A1_06259	100.000	226	0	0	1	226	1	226	2.22e-170	468
24P1R3A1_06260	24P1R3A1_06260	100.000	284	0	0	1	284	1	284	0.0	561
24P1R3A1_06261	24P1R3A1_06261	100.000	941	0	0	1	941	1	941	0.0	1862
24P1R3A1_06262	24P1R3A1_06262	100.000	170	0	0	1	170	1	170	5.14e-123	343
24P1R3A1_06263	24P1R3A1_06263	100.000	183	0	0	1	183	1	183	2.06e-137	380
24P1R3A1_06264	24P1R3A1_06264	100.000	70	0	0	1	70	1	70	1.02e-44	137
24P1R3A1_06265	24P1R3A1_06265	100.000	68	0	0	1	68	1	68	4.24e-42	130
24P1R3A1_06266	24P1R3A1_06266	100.000	518	0	0	1	518	1	518	0.0	1055
24P1R3A1_06268	24P1R3A1_06268	100.000	509	0	0	1	509	1	509	0.0	1055
24P1R3A1_06269	24P1R3A1_06269	100.000	249	0	0	1	249	1	249	0.0	515
24P1R3A1_06270	24P1R3A1_06270	100.000	578	0	0	1	578	1	578	0.0	1184
24P1R3A1_06271	24P1R3A1_06271	100.000	236	0	0	1	236	1	236	2.44e-175	481
24P1R3A1_06272	24P1R3A1_06272	100.000	313	0	0	1	313	1	313	0.0	635
24P1R3A1_06273	24P1R3A1_06273	100.000	173	0	0	1	173	1	173	2.03e-126	352
24P1R3A1_06274	24P1R3A1_06274	100.000	136	0	0	1	136	1	136	5.21e-96	272
24P1R3A1_06275	24P1R3A1_06275	100.000	95	0	0	1	95	1	95	9.60e-67	195
24P1R3A1_06276	24P1R3A1_06276	100.000	334	0	0	1	334	1	334	0.0	692
24P1R3A1_06277	24P1R3A1_06277	100.000	201	0	0	1	201	1	201	8.63e-150	413
24P1R3A1_06278	24P1R3A1_06278	100.000	959	0	0	1	959	1	959	0.0	1999
24P1R3A1_06279	24P1R3A1_06279	100.000	131	0	0	1	131	1	131	1.59e-91	260
24P1R3A1_06280	24P1R3A1_06280	100.000	365	0	0	1	365	1	365	0.0	752
24P1R3A1_06281	24P1R3A1_06281	100.000	412	0	0	1	412	1	412	0.0	850
24P1R3A1_06282	24P1R3A1_06282	100.000	391	0	0	1	391	1	391	0.0	808
24P1R3A1_06283	24P1R3A1_06283	100.000	437	0	0	1	437	1	437	0.0	903
24P1R3A1_06284	24P1R3A1_06284	100.000	193	0	0	1	193	1	193	2.93e-142	394
24P1R3A1_06285	24P1R3A1_06285	100.000	110	0	0	1	110	1	110	1.47e-78	226
24P1R3A1_06286	24P1R3A1_06286	100.000	198	0	0	1	198	1	198	4.06e-148	409
24P1R3A1_06287	24P1R3A1_06287	100.000	689	0	0	1	689	1	689	0.0	1384
24P1R3A1_06288	24P1R3A1_06288	100.000	454	0	0	1	454	1	454	0.0	905
24P1R3A1_06289	24P1R3A1_06289	100.000	700	0	0	1	700	1	700	0.0	1433
24P1R3A1_06290	24P1R3A1_06290	100.000	417	0	0	1	417	1	417	0.0	855
24P1R3A1_06291	24P1R3A1_06291	100.000	219	0	0	1	219	1	219	5.66e-160	441
24P1R3A1_06292	24P1R3A1_06292	100.000	300	0	0	1	300	1	300	0.0	612
24P1R3A1_06293	24P1R3A1_06293	100.000	245	0	0	1	245	1	245	2.11e-179	492
24P1R3A1_06294	24P1R3A1_06294	100.000	210	0	0	1	210	1	210	2.05e-149	413
24P1R3A1_06295	24P1R3A1_06295	100.000	74	0	0	1	74	1	74	1.44e-41	130
24P1R3A1_06296	24P1R3A1_06296	100.000	287	0	0	1	287	1	287	0.0	577
24P1R3A1_06297	24P1R3A1_06297	100.000	124	0	0	1	124	1	124	9.33e-88	250
24P1R3A1_06298	24P1R3A1_06298	100.000	866	0	0	1	866	1	866	0.0	1781
24P1R3A1_06299	24P1R3A1_06299	100.000	163	0	0	1	163	1	163	2.83e-117	328
24P1R3A1_06300	24P1R3A1_06300	100.000	476	0	0	1	476	1	476	0.0	961
24P1R3A1_06301	24P1R3A1_06301	100.000	622	0	0	1	622	1	622	0.0	1226
24P1R3A1_06301	24P1R3A1_09011	96.629	89	3	0	534	622	1	89	8.06e-55	181
24P1R3A1_06302	24P1R3A1_06302	100.000	889	0	0	1	889	1	889	0.0	1850
24P1R3A1_06303	24P1R3A1_06303	100.000	262	0	0	1	262	1	262	0.0	529
24P1R3A1_06304	24P1R3A1_06304	100.000	181	0	0	1	181	1	181	9.93e-136	376
24P1R3A1_06305	24P1R3A1_06305	100.000	154	0	0	1	154	1	154	3.28e-114	320
24P1R3A1_06306	24P1R3A1_06306	100.000	367	0	0	1	367	1	367	0.0	757
24P1R3A1_06307	24P1R3A1_06307	100.000	400	0	0	1	400	1	400	0.0	797
24P1R3A1_06308	24P1R3A1_06308	100.000	208	0	0	1	208	1	208	4.07e-153	422
24P1R3A1_06309	24P1R3A1_06309	100.000	251	0	0	1	251	1	251	0.0	511
24P1R3A1_06310	24P1R3A1_06310	100.000	73	0	0	1	73	1	73	3.10e-49	149
24P1R3A1_06311	24P1R3A1_06311	100.000	132	0	0	1	132	1	132	2.77e-97	275
24P1R3A1_06312	24P1R3A1_06312	100.000	417	0	0	1	417	1	417	0.0	820
24P1R3A1_06313	24P1R3A1_06313	100.000	468	0	0	1	468	1	468	0.0	969
24P1R3A1_06314	24P1R3A1_06314	100.000	188	0	0	1	188	1	188	2.31e-139	386
24P1R3A1_06315	24P1R3A1_06315	100.000	231	0	0	1	231	1	231	1.38e-168	463
24P1R3A1_06316	24P1R3A1_06316	100.000	370	0	0	1	370	1	370	0.0	748
24P1R3A1_06317	24P1R3A1_06317	100.000	479	0	0	1	479	1	479	0.0	933
24P1R3A1_06318	24P1R3A1_06318	100.000	288	0	0	1	288	1	288	0.0	585
24P1R3A1_06319	24P1R3A1_06319	100.000	464	0	0	1	464	1	464	0.0	945
24P1R3A1_06320	24P1R3A1_06320	100.000	233	0	0	1	233	1	233	3.53e-170	468
24P1R3A1_06321	24P1R3A1_06321	100.000	181	0	0	1	181	1	181	2.39e-135	375
24P1R3A1_06322	24P1R3A1_06322	100.000	386	0	0	1	386	1	386	0.0	784
24P1R3A1_06323	24P1R3A1_06323	100.000	326	0	0	1	326	1	326	0.0	664
24P1R3A1_06324	24P1R3A1_06324	100.000	334	0	0	1	334	1	334	0.0	680
24P1R3A1_06325	24P1R3A1_06325	100.000	257	0	0	1	257	1	257	0.0	520
24P1R3A1_06326	24P1R3A1_06326	100.000	212	0	0	1	212	1	212	2.49e-152	421
24P1R3A1_06327	24P1R3A1_06327	100.000	143	0	0	1	143	1	143	6.05e-102	288
24P1R3A1_06328	24P1R3A1_06328	100.000	249	0	0	1	249	1	249	0.0	512
24P1R3A1_06329	24P1R3A1_06329	100.000	395	0	0	1	395	1	395	0.0	788
24P1R3A1_06330	24P1R3A1_06330	100.000	511	0	0	1	511	1	511	0.0	1058
24P1R3A1_06331	24P1R3A1_06331	100.000	272	0	0	1	272	1	272	0.0	538
24P1R3A1_06332	24P1R3A1_06332	100.000	86	0	0	1	86	1	86	1.47e-55	166
24P1R3A1_06333	24P1R3A1_06333	100.000	172	0	0	1	172	1	172	1.51e-121	340
24P1R3A1_06334	24P1R3A1_06334	100.000	306	0	0	1	306	1	306	0.0	616
24P1R3A1_06335	24P1R3A1_06335	100.000	445	0	0	1	445	1	445	0.0	905
24P1R3A1_06336	24P1R3A1_06336	100.000	177	0	0	1	177	1	177	3.08e-129	359
24P1R3A1_06336	32P3R2A9_06994	95.429	175	8	0	1	175	1	175	4.74e-122	341
24P1R3A1_06337	24P1R3A1_06337	100.000	257	0	0	1	257	1	257	0.0	510
24P1R3A1_06338	24P1R3A1_06338	100.000	344	0	0	1	344	1	344	0.0	714
24P1R3A1_06339	24P1R3A1_06339	100.000	734	0	0	1	734	1	734	0.0	1517
24P1R3A1_06340	24P1R3A1_06340	100.000	71	0	0	1	71	1	71	2.28e-49	149
24P1R3A1_06341	24P1R3A1_06341	100.000	106	0	0	1	106	1	106	2.02e-76	220
24P1R3A1_06341	24P1R3A1_08120	95.283	106	5	0	1	106	1	106	1.01e-72	211
24P1R3A1_06342	24P1R3A1_06342	100.000	387	0	0	1	387	1	387	0.0	803
24P1R3A1_06343	24P1R3A1_06343	100.000	813	0	0	1	813	1	813	0.0	1664
24P1R3A1_06344	24P1R3A1_06344	100.000	173	0	0	1	173	1	173	5.09e-121	338
24P1R3A1_06345	24P1R3A1_06345	100.000	54	0	0	1	54	1	54	1.01e-29	98.6
24P1R3A1_06346	24P1R3A1_06346	100.000	246	0	0	1	246	1	246	0.0	509
24P1R3A1_06347	24P1R3A1_06347	100.000	879	0	0	1	879	1	879	0.0	1806
24P1R3A1_06348	24P1R3A1_06348	100.000	476	0	0	1	476	1	476	0.0	993
24P1R3A1_06349	24P1R3A1_06349	100.000	501	0	0	1	501	1	501	0.0	1012
24P1R3A1_06350	24P1R3A1_06350	100.000	338	0	0	1	338	1	338	0.0	702
24P1R3A1_06351	24P1R3A1_06351	100.000	393	0	0	1	393	1	393	0.0	823
24P1R3A1_06352	24P1R3A1_06352	100.000	150	0	0	1	150	1	150	7.26e-104	293
24P1R3A1_06353	24P1R3A1_06353	100.000	274	0	0	1	274	1	274	0.0	530
24P1R3A1_06354	24P1R3A1_06354	100.000	575	0	0	1	575	1	575	0.0	1194
24P1R3A1_06355	24P1R3A1_06355	100.000	388	0	0	1	388	1	388	0.0	801
24P1R3A1_06356	24P1R3A1_06356	100.000	335	0	0	1	335	1	335	0.0	689
24P1R3A1_06357	24P1R3A1_06357	100.000	258	0	0	1	258	1	258	0.0	512
24P1R3A1_06358	24P1R3A1_06358	100.000	403	0	0	1	403	1	403	0.0	829
24P1R3A1_06359	24P1R3A1_06359	100.000	461	0	0	1	461	1	461	0.0	944
24P1R3A1_06360	24P1R3A1_06360	100.000	301	0	0	1	301	1	301	0.0	617
24P1R3A1_06361	24P1R3A1_06361	100.000	466	0	0	1	466	1	466	0.0	966
24P1R3A1_06362	24P1R3A1_06362	100.000	229	0	0	1	229	1	229	4.34e-170	467
24P1R3A1_06363	24P1R3A1_06363	100.000	133	0	0	1	133	1	133	5.34e-97	274
24P1R3A1_06364	24P1R3A1_06364	100.000	366	0	0	1	366	1	366	0.0	764
24P1R3A1_06365	24P1R3A1_06365	100.000	619	0	0	1	619	1	619	0.0	1268
24P1R3A1_06366	24P1R3A1_06366	100.000	289	0	0	1	289	1	289	0.0	586
24P1R3A1_06367	24P1R3A1_06367	100.000	190	0	0	1	190	1	190	7.55e-140	387
24P1R3A1_06368	24P1R3A1_06368	100.000	383	0	0	1	383	1	383	0.0	772
24P1R3A1_06369	24P1R3A1_06369	100.000	111	0	0	1	111	1	111	3.56e-79	228
24P1R3A1_06370	24P1R3A1_06370	100.000	90	0	0	1	90	1	90	3.71e-62	183
24P1R3A1_06371	24P1R3A1_06371	100.000	108	0	0	1	108	1	108	4.12e-74	214
24P1R3A1_06372	24P1R3A1_06372	100.000	498	0	0	1	498	1	498	0.0	1028
24P1R3A1_06373	24P1R3A1_06373	100.000	60	0	0	1	60	1	60	1.10e-36	116
24P1R3A1_06374	24P1R3A1_06374	100.000	240	0	0	1	240	1	240	8.43e-168	462
24P1R3A1_06375	24P1R3A1_06375	100.000	144	0	0	1	144	1	144	2.10e-104	294
24P1R3A1_06376	24P1R3A1_06376	100.000	216	0	0	1	216	1	216	9.22e-157	432
24P1R3A1_06377	24P1R3A1_06377	100.000	616	0	0	1	616	1	616	0.0	1249
24P1R3A1_06378	24P1R3A1_06378	100.000	257	0	0	1	257	1	257	0.0	511
24P1R3A1_06379	24P1R3A1_06379	100.000	212	0	0	1	212	1	212	6.41e-157	432
24P1R3A1_06380	24P1R3A1_06380	100.000	105	0	0	1	105	1	105	2.39e-72	210
24P1R3A1_06381	24P1R3A1_06381	100.000	270	0	0	1	270	1	270	0.0	544
24P1R3A1_06382	24P1R3A1_06382	100.000	397	0	0	1	397	1	397	0.0	816
24P1R3A1_06383	24P1R3A1_06383	100.000	457	0	0	1	457	1	457	0.0	938
24P1R3A1_06384	24P1R3A1_06384	100.000	333	0	0	1	333	1	333	0.0	677
24P1R3A1_06385	24P1R3A1_06385	100.000	198	0	0	1	198	1	198	1.03e-148	410
24P1R3A1_06386	24P1R3A1_06386	100.000	526	0	0	1	526	1	526	0.0	1088
24P1R3A1_06387	24P1R3A1_06387	100.000	287	0	0	1	287	1	287	0.0	590
24P1R3A1_06388	24P1R3A1_06388	100.000	207	0	0	1	207	1	207	3.12e-154	425
24P1R3A1_06389	24P1R3A1_06389	100.000	308	0	0	1	308	1	308	0.0	620
24P1R3A1_06390	24P1R3A1_06390	100.000	317	0	0	1	317	1	317	0.0	656
24P1R3A1_06391	24P1R3A1_06391	100.000	197	0	0	1	197	1	197	5.95e-149	411
24P1R3A1_06392	24P1R3A1_06392	100.000	255	0	0	1	255	1	255	0.0	524
24P1R3A1_06393	24P1R3A1_06393	100.000	349	0	0	1	349	1	349	0.0	713
24P1R3A1_06394	24P1R3A1_06394	100.000	83	0	0	1	83	1	83	1.60e-57	171
24P1R3A1_06395	24P1R3A1_06395	100.000	868	0	0	1	868	1	868	0.0	1810
24P1R3A1_06396	24P1R3A1_06396	100.000	175	0	0	1	175	1	175	7.72e-126	350
24P1R3A1_06397	24P1R3A1_06397	100.000	325	0	0	1	325	1	325	0.0	672
24P1R3A1_06398	24P1R3A1_06398	100.000	277	0	0	1	277	1	277	0.0	567
24P1R3A1_06399	24P1R3A1_06399	100.000	891	0	0	1	891	1	891	0.0	1838
24P1R3A1_06400	24P1R3A1_06400	100.000	455	0	0	1	455	1	455	0.0	930
24P1R3A1_06401	24P1R3A1_06401	100.000	272	0	0	1	272	1	272	0.0	552
24P1R3A1_06402	24P1R3A1_06402	100.000	200	0	0	1	200	1	200	3.89e-148	409
24P1R3A1_06403	24P1R3A1_06403	100.000	240	0	0	1	240	1	240	6.17e-173	475
24P1R3A1_06404	24P1R3A1_06404	100.000	106	0	0	1	106	1	106	2.09e-71	207
24P1R3A1_06405	24P1R3A1_06405	100.000	391	0	0	1	391	1	391	0.0	806
24P1R3A1_06406	24P1R3A1_06406	100.000	248	0	0	1	248	1	248	0.0	512
24P1R3A1_06407	24P1R3A1_06407	100.000	108	0	0	1	108	1	108	2.82e-72	210
24P1R3A1_06408	24P1R3A1_06408	100.000	137	0	0	1	137	1	137	3.91e-100	283
24P1R3A1_06409	24P1R3A1_06409	100.000	108	0	0	1	108	1	108	8.99e-77	221
24P1R3A1_06410	24P1R3A1_06410	100.000	183	0	0	1	183	1	183	2.33e-135	375
24P1R3A1_06411	24P1R3A1_06411	100.000	648	0	0	1	648	1	648	0.0	1341
24P1R3A1_06412	24P1R3A1_06412	100.000	213	0	0	1	213	1	213	4.70e-159	438
24P1R3A1_06413	24P1R3A1_06413	100.000	235	0	0	1	235	1	235	1.48e-170	469
24P1R3A1_06414	24P1R3A1_06414	100.000	209	0	0	1	209	1	209	1.44e-156	431
24P1R3A1_06415	24P1R3A1_06415	100.000	359	0	0	1	359	1	359	0.0	716
24P1R3A1_06416	24P1R3A1_06416	100.000	857	0	0	1	857	1	857	0.0	1724
24P1R3A1_06417	24P1R3A1_06417	100.000	209	0	0	1	209	1	209	9.37e-153	421
24P1R3A1_06418	24P1R3A1_06418	100.000	194	0	0	1	194	1	194	5.46e-136	378
24P1R3A1_06419	24P1R3A1_06419	100.000	156	0	0	1	156	1	156	4.89e-111	311
24P1R3A1_06420	24P1R3A1_06420	100.000	348	0	0	1	348	1	348	0.0	716
24P1R3A1_06421	24P1R3A1_06421	100.000	330	0	0	1	330	1	330	0.0	662
24P1R3A1_06422	24P1R3A1_06422	100.000	139	0	0	1	139	1	139	1.26e-99	281
24P1R3A1_06423	24P1R3A1_06423	100.000	334	0	0	1	334	1	334	0.0	682
24P1R3A1_06424	24P1R3A1_06424	100.000	126	0	0	1	126	1	126	1.21e-90	258
24P1R3A1_06425	24P1R3A1_06425	100.000	285	0	0	1	285	1	285	0.0	588
24P1R3A1_06426	24P1R3A1_06426	100.000	445	0	0	1	445	1	445	0.0	910
24P1R3A1_06427	24P1R3A1_06427	100.000	292	0	0	1	292	1	292	0.0	563
24P1R3A1_06428	24P1R3A1_06428	100.000	367	0	0	1	367	1	367	0.0	753
24P1R3A1_06429	24P1R3A1_06429	100.000	579	0	0	1	579	1	579	0.0	1180
24P1R3A1_06430	24P1R3A1_06430	100.000	107	0	0	1	107	1	107	6.69e-74	214
24P1R3A1_06431	24P1R3A1_06431	100.000	279	0	0	1	279	1	279	0.0	577
24P1R3A1_06432	24P1R3A1_06432	100.000	203	0	0	1	203	1	203	2.10e-150	415
24P1R3A1_06433	24P1R3A1_06433	100.000	383	0	0	1	383	1	383	0.0	738
24P1R3A1_06434	24P1R3A1_06434	100.000	341	0	0	1	341	1	341	0.0	695
24P1R3A1_06435	24P1R3A1_06435	100.000	216	0	0	1	216	1	216	2.13e-152	421
24P1R3A1_06436	24P1R3A1_06436	100.000	370	0	0	1	370	1	370	0.0	764
24P1R3A1_06437	24P1R3A1_06437	100.000	257	0	0	1	257	1	257	0.0	538
24P1R3A1_06438	24P1R3A1_06438	100.000	199	0	0	1	199	1	199	8.53e-150	413
24P1R3A1_06439	24P1R3A1_06439	100.000	258	0	0	1	258	1	258	0.0	530
24P1R3A1_06440	24P1R3A1_06440	100.000	205	0	0	1	205	1	205	1.05e-152	421
24P1R3A1_06441	24P1R3A1_06441	100.000	242	0	0	1	242	1	242	2.52e-168	464
24P1R3A1_06442	24P1R3A1_06442	100.000	294	0	0	1	294	1	294	0.0	612
24P1R3A1_06443	24P1R3A1_06443	100.000	728	0	0	1	728	1	728	0.0	1520
24P1R3A1_06444	24P1R3A1_06444	100.000	690	0	0	1	690	1	690	0.0	1434
