24P1R3A1_06445	24P1R3A1_06445	100.000	460	0	0	1	460	1	460	0.0	962
24P1R3A1_06446	24P1R3A1_06446	100.000	478	0	0	1	478	1	478	0.0	986
24P1R3A1_06447	24P1R3A1_06447	100.000	818	0	0	1	818	1	818	0.0	1697
24P1R3A1_06448	24P1R3A1_06448	100.000	217	0	0	1	217	1	217	9.01e-164	450
24P1R3A1_06449	24P1R3A1_06449	100.000	472	0	0	1	472	1	472	0.0	926
24P1R3A1_06450	24P1R3A1_06450	100.000	137	0	0	1	137	1	137	7.52e-93	264
24P1R3A1_06451	24P1R3A1_06451	100.000	133	0	0	1	133	1	133	2.57e-95	270
24P1R3A1_06452	24P1R3A1_06452	100.000	322	0	0	1	322	1	322	0.0	664
24P1R3A1_06453	24P1R3A1_06453	100.000	105	0	0	1	105	1	105	5.08e-69	201
24P1R3A1_06454	24P1R3A1_06454	100.000	239	0	0	1	239	1	239	8.30e-172	472
24P1R3A1_06455	24P1R3A1_06455	100.000	306	0	0	1	306	1	306	0.0	628
24P1R3A1_06456	24P1R3A1_06456	100.000	470	0	0	1	470	1	470	0.0	981
24P1R3A1_06457	24P1R3A1_06457	100.000	457	0	0	1	457	1	457	0.0	898
24P1R3A1_06458	24P1R3A1_06458	100.000	815	0	0	1	815	1	815	0.0	1699
24P1R3A1_06459	24P1R3A1_06459	100.000	206	0	0	1	206	1	206	1.53e-155	428
24P1R3A1_06460	24P1R3A1_06460	100.000	287	0	0	1	287	1	287	0.0	561
24P1R3A1_06461	24P1R3A1_06461	100.000	204	0	0	1	204	1	204	6.78e-150	414
24P1R3A1_06462	24P1R3A1_06462	100.000	568	0	0	1	568	1	568	0.0	1130
24P1R3A1_06463	24P1R3A1_06463	100.000	690	0	0	1	690	1	690	0.0	1399
24P1R3A1_06464	24P1R3A1_06464	100.000	199	0	0	1	199	1	199	1.35e-146	405
24P1R3A1_06465	24P1R3A1_06465	100.000	901	0	0	1	901	1	901	0.0	1849
24P1R3A1_06466	24P1R3A1_06466	100.000	228	0	0	1	228	1	228	5.82e-172	472
24P1R3A1_06467	24P1R3A1_06467	100.000	376	0	0	1	376	1	376	0.0	757
24P1R3A1_06468	24P1R3A1_06468	100.000	919	0	0	1	919	1	919	0.0	1887
24P1R3A1_06469	24P1R3A1_06469	100.000	358	0	0	1	358	1	358	0.0	721
24P1R3A1_06470	24P1R3A1_06470	100.000	447	0	0	1	447	1	447	0.0	919
24P1R3A1_06471	24P1R3A1_06471	100.000	305	0	0	1	305	1	305	0.0	631
24P1R3A1_06472	24P1R3A1_06472	100.000	152	0	0	1	152	1	152	4.12e-111	311
24P1R3A1_06473	24P1R3A1_06473	100.000	237	0	0	1	237	1	237	2.92e-180	493
24P1R3A1_06474	24P1R3A1_06474	100.000	816	0	0	1	816	1	816	0.0	1661
24P1R3A1_06475	24P1R3A1_06475	100.000	769	0	0	1	769	1	769	0.0	1569
24P1R3A1_06476	24P1R3A1_06476	100.000	429	0	0	1	429	1	429	0.0	886
24P1R3A1_06477	24P1R3A1_06477	100.000	115	0	0	1	115	1	115	3.98e-82	235
24P1R3A1_06478	24P1R3A1_06478	100.000	276	0	0	1	276	1	276	0.0	563
24P1R3A1_06479	24P1R3A1_06479	100.000	232	0	0	1	232	1	232	9.87e-172	471
24P1R3A1_06480	24P1R3A1_06480	100.000	503	0	0	1	503	1	503	0.0	1049
24P1R3A1_06481	24P1R3A1_06481	100.000	483	0	0	1	483	1	483	0.0	1011
24P1R3A1_06482	24P1R3A1_06482	100.000	746	0	0	1	746	1	746	0.0	1544
24P1R3A1_06483	24P1R3A1_06483	100.000	113	0	0	1	113	1	113	9.46e-77	221
24P1R3A1_06484	24P1R3A1_06484	100.000	425	0	0	1	425	1	425	0.0	881
24P1R3A1_06485	24P1R3A1_06485	100.000	266	0	0	1	266	1	266	0.0	545
24P1R3A1_06486	24P1R3A1_06486	100.000	546	0	0	1	546	1	546	0.0	1124
24P1R3A1_06487	24P1R3A1_06487	100.000	434	0	0	1	434	1	434	0.0	879
24P1R3A1_06488	24P1R3A1_06488	100.000	461	0	0	1	461	1	461	0.0	902
24P1R3A1_06489	24P1R3A1_06489	100.000	444	0	0	1	444	1	444	0.0	913
24P1R3A1_06490	24P1R3A1_06490	100.000	252	0	0	1	252	1	252	0.0	523
24P1R3A1_06491	24P1R3A1_06491	100.000	238	0	0	1	238	1	238	0.0	498
24P1R3A1_06492	24P1R3A1_06492	100.000	162	0	0	1	162	1	162	8.03e-122	339
24P1R3A1_06493	24P1R3A1_06493	100.000	251	0	0	1	251	1	251	0.0	516
24P1R3A1_06495	24P1R3A1_06495	100.000	129	0	0	1	129	1	129	6.34e-93	264
24P1R3A1_06496	24P1R3A1_06496	100.000	110	0	0	1	110	1	110	9.73e-78	224
24P1R3A1_06497	24P1R3A1_06497	100.000	183	0	0	1	183	1	183	1.76e-133	370
24P1R3A1_06498	24P1R3A1_06498	100.000	152	0	0	1	152	1	152	5.17e-112	314
24P1R3A1_06499	24P1R3A1_06499	100.000	665	0	0	1	665	1	665	0.0	1382
24P1R3A1_06500	24P1R3A1_06500	100.000	340	0	0	1	340	1	340	0.0	697
24P1R3A1_06501	24P1R3A1_06501	100.000	388	0	0	1	388	1	388	0.0	778
24P1R3A1_06502	24P1R3A1_06502	100.000	360	0	0	1	360	1	360	0.0	746
24P1R3A1_06503	24P1R3A1_06503	100.000	71	0	0	1	71	1	71	4.40e-47	143
24P1R3A1_06504	24P1R3A1_06504	100.000	493	0	0	1	493	1	493	0.0	990
24P1R3A1_06505	24P1R3A1_06505	100.000	173	0	0	1	173	1	173	8.82e-131	363
24P1R3A1_06506	24P1R3A1_06506	100.000	146	0	0	1	146	1	146	6.11e-105	295
24P1R3A1_06507	24P1R3A1_06507	100.000	668	0	0	1	668	1	668	0.0	1354
24P1R3A1_06508	24P1R3A1_06508	100.000	212	0	0	1	212	1	212	6.30e-134	374
24P1R3A1_06509	24P1R3A1_06509	100.000	227	0	0	1	227	1	227	7.05e-168	461
24P1R3A1_06510	24P1R3A1_06510	100.000	306	0	0	1	306	1	306	0.0	634
24P1R3A1_06511	24P1R3A1_06511	100.000	531	0	0	1	531	1	531	0.0	1101
24P1R3A1_06512	24P1R3A1_06512	100.000	381	0	0	1	381	1	381	0.0	758
24P1R3A1_06513	24P1R3A1_06513	100.000	408	0	0	1	408	1	408	0.0	853
24P1R3A1_06514	24P1R3A1_06514	100.000	247	0	0	1	247	1	247	1.28e-178	490
24P1R3A1_06515	24P1R3A1_06515	100.000	82	0	0	1	82	1	82	6.20e-55	164
24P1R3A1_06516	24P1R3A1_06516	100.000	159	0	0	1	159	1	159	5.83e-114	319
24P1R3A1_06517	24P1R3A1_06517	100.000	262	0	0	1	262	1	262	0.0	539
24P1R3A1_06518	24P1R3A1_06518	100.000	180	0	0	1	180	1	180	1.35e-129	360
24P1R3A1_06519	24P1R3A1_06519	100.000	296	0	0	1	296	1	296	0.0	606
24P1R3A1_06520	24P1R3A1_06520	100.000	116	0	0	1	116	1	116	4.06e-86	245
24P1R3A1_06521	24P1R3A1_06521	100.000	369	0	0	1	369	1	369	0.0	765
24P1R3A1_06522	24P1R3A1_06522	100.000	402	0	0	1	402	1	402	0.0	785
24P1R3A1_06523	24P1R3A1_06523	100.000	303	0	0	1	303	1	303	0.0	627
24P1R3A1_06524	24P1R3A1_06524	100.000	467	0	0	1	467	1	467	0.0	972
24P1R3A1_06525	24P1R3A1_06525	100.000	516	0	0	1	516	1	516	0.0	1027
24P1R3A1_06526	24P1R3A1_06526	100.000	121	0	0	1	121	1	121	8.39e-85	243
24P1R3A1_06527	24P1R3A1_06527	100.000	266	0	0	1	266	1	266	0.0	556
24P1R3A1_06528	24P1R3A1_06528	100.000	32	0	0	1	32	1	32	6.07e-17	65.1
24P1R3A1_06530	24P1R3A1_06530	100.000	681	0	0	1	681	1	681	0.0	1418
24P1R3A1_06531	24P1R3A1_06531	100.000	249	0	0	1	249	1	249	0.0	512
24P1R3A1_06532	24P1R3A1_06532	100.000	250	0	0	1	250	1	250	0.0	509
24P1R3A1_06533	24P1R3A1_06533	100.000	447	0	0	1	447	1	447	0.0	924
24P1R3A1_06534	24P1R3A1_06534	100.000	145	0	0	1	145	1	145	5.87e-104	293
24P1R3A1_06535	24P1R3A1_06535	100.000	111	0	0	1	111	1	111	2.69e-77	223
24P1R3A1_06536	24P1R3A1_06536	100.000	515	0	0	1	515	1	515	0.0	1038
24P1R3A1_06537	24P1R3A1_06537	100.000	400	0	0	1	400	1	400	0.0	821
24P1R3A1_06538	24P1R3A1_06538	100.000	234	0	0	1	234	1	234	3.09e-178	488
24P1R3A1_06539	24P1R3A1_06539	100.000	540	0	0	1	540	1	540	0.0	1113
24P1R3A1_06540	24P1R3A1_06540	100.000	296	0	0	1	296	1	296	0.0	610
24P1R3A1_06541	24P1R3A1_06541	100.000	138	0	0	1	138	1	138	1.07e-100	284
24P1R3A1_06542	24P1R3A1_06542	100.000	686	0	0	1	686	1	686	0.0	1417
24P1R3A1_06543	24P1R3A1_06543	100.000	184	0	0	1	184	1	184	5.36e-136	377
24P1R3A1_06544	24P1R3A1_06544	100.000	821	0	0	1	821	1	821	0.0	1691
24P1R3A1_06545	24P1R3A1_06545	100.000	275	0	0	1	275	1	275	0.0	566
24P1R3A1_06546	24P1R3A1_06546	100.000	199	0	0	1	199	1	199	2.99e-148	409
24P1R3A1_06547	24P1R3A1_06547	100.000	178	0	0	1	178	1	178	1.11e-129	360
24P1R3A1_06548	24P1R3A1_06548	100.000	369	0	0	1	369	1	369	0.0	748
24P1R3A1_06549	24P1R3A1_06549	100.000	192	0	0	1	192	1	192	3.07e-139	386
24P1R3A1_06550	24P1R3A1_06550	100.000	365	0	0	1	365	1	365	0.0	750
24P1R3A1_06551	24P1R3A1_06551	100.000	317	0	0	1	317	1	317	0.0	629
24P1R3A1_06552	24P1R3A1_06552	100.000	272	0	0	1	272	1	272	0.0	570
24P1R3A1_06553	24P1R3A1_06553	100.000	224	0	0	1	224	1	224	6.34e-165	453
24P1R3A1_06554	24P1R3A1_06554	100.000	237	0	0	1	237	1	237	8.70e-177	484
24P1R3A1_06555	24P1R3A1_06555	100.000	343	0	0	1	343	1	343	0.0	715
24P1R3A1_06556	24P1R3A1_06556	100.000	226	0	0	1	226	1	226	2.87e-173	475
24P1R3A1_06557	24P1R3A1_06557	100.000	208	0	0	1	208	1	208	1.04e-156	431
24P1R3A1_06558	24P1R3A1_06558	100.000	653	0	0	1	653	1	653	0.0	1355
24P1R3A1_06559	24P1R3A1_06559	100.000	104	0	0	1	104	1	104	1.45e-71	208
24P1R3A1_06560	24P1R3A1_06560	100.000	552	0	0	1	552	1	552	0.0	1092
24P1R3A1_06561	24P1R3A1_06561	100.000	509	0	0	1	509	1	509	0.0	1042
24P1R3A1_06562	24P1R3A1_06562	100.000	540	0	0	1	540	1	540	0.0	1112
24P1R3A1_06563	24P1R3A1_06563	100.000	168	0	0	1	168	1	168	2.95e-121	338
24P1R3A1_06564	24P1R3A1_06564	100.000	523	0	0	1	523	1	523	0.0	1083
24P1R3A1_06565	24P1R3A1_06565	100.000	140	0	0	1	140	1	140	1.08e-98	279
24P1R3A1_06566	24P1R3A1_06566	100.000	350	0	0	1	350	1	350	0.0	713
24P1R3A1_06567	24P1R3A1_06567	100.000	465	0	0	1	465	1	465	0.0	965
24P1R3A1_06568	24P1R3A1_06568	100.000	85	0	0	1	85	1	85	7.42e-56	167
24P1R3A1_06569	24P1R3A1_06569	100.000	119	0	0	1	119	1	119	1.29e-84	242
24P1R3A1_06570	24P1R3A1_06570	100.000	77	0	0	1	77	1	77	1.21e-51	155
24P1R3A1_06571	24P1R3A1_06571	100.000	223	0	0	1	223	1	223	5.43e-159	438
24P1R3A1_06572	24P1R3A1_06572	100.000	332	0	0	1	332	1	332	0.0	678
24P1R3A1_06573	24P1R3A1_06573	100.000	564	0	0	1	564	1	564	0.0	1170
24P1R3A1_06574	24P1R3A1_06574	100.000	322	0	0	1	322	1	322	0.0	642
24P1R3A1_06575	24P1R3A1_06575	100.000	298	0	0	1	298	1	298	0.0	596
24P1R3A1_06576	24P1R3A1_06576	100.000	334	0	0	1	334	1	334	0.0	693
24P1R3A1_06577	24P1R3A1_06577	100.000	270	0	0	1	270	1	270	0.0	553
24P1R3A1_06578	24P1R3A1_06578	100.000	263	0	0	1	263	1	263	0.0	541
24P1R3A1_06579	24P1R3A1_06579	100.000	234	0	0	1	234	1	234	2.42e-167	461
24P1R3A1_06580	24P1R3A1_06580	100.000	204	0	0	1	204	1	204	3.42e-152	420
24P1R3A1_06581	24P1R3A1_06581	100.000	290	0	0	1	290	1	290	0.0	599
24P1R3A1_06582	24P1R3A1_06582	100.000	425	0	0	1	425	1	425	0.0	878
24P1R3A1_06583	24P1R3A1_06583	100.000	218	0	0	1	218	1	218	7.71e-165	453
24P1R3A1_06584	24P1R3A1_06584	100.000	371	0	0	1	371	1	371	0.0	760
24P1R3A1_06585	24P1R3A1_06585	100.000	156	0	0	1	156	1	156	2.14e-106	300
24P1R3A1_06586	24P1R3A1_06586	100.000	143	0	0	1	143	1	143	1.03e-100	285
24P1R3A1_06587	24P1R3A1_06587	100.000	80	0	0	1	80	1	80	3.87e-55	164
24P1R3A1_06588	24P1R3A1_06588	100.000	136	0	0	1	136	1	136	8.85e-99	279
24P1R3A1_06589	24P1R3A1_06589	100.000	214	0	0	1	214	1	214	2.83e-161	443
24P1R3A1_06590	24P1R3A1_06590	100.000	113	0	0	1	113	1	113	1.84e-81	233
24P1R3A1_06591	24P1R3A1_06591	100.000	37	0	0	1	37	1	37	5.57e-20	72.8
24P1R3A1_06592	24P1R3A1_06592	100.000	109	0	0	1	109	1	109	4.69e-77	222
24P1R3A1_06593	24P1R3A1_06593	100.000	193	0	0	1	193	1	193	5.17e-143	395
24P1R3A1_06594	24P1R3A1_06594	100.000	342	0	0	1	342	1	342	0.0	712
24P1R3A1_06595	24P1R3A1_06595	100.000	301	0	0	1	301	1	301	0.0	624
24P1R3A1_06596	24P1R3A1_06596	100.000	408	0	0	1	408	1	408	0.0	814
24P1R3A1_06597	24P1R3A1_06597	100.000	385	0	0	1	385	1	385	0.0	806
24P1R3A1_06598	24P1R3A1_06598	100.000	221	0	0	1	221	1	221	1.15e-162	447
24P1R3A1_06599	24P1R3A1_06599	100.000	458	0	0	1	458	1	458	0.0	923
24P1R3A1_06602	24P1R3A1_06602	100.000	471	0	0	1	471	1	471	0.0	953
24P1R3A1_06603	24P1R3A1_06603	100.000	353	0	0	1	353	1	353	0.0	732
24P1R3A1_06604	24P1R3A1_06604	100.000	79	0	0	1	79	1	79	1.26e-50	153
24P1R3A1_06605	24P1R3A1_06605	100.000	113	0	0	1	113	1	113	2.62e-77	223
24P1R3A1_06606	24P1R3A1_06606	100.000	306	0	0	1	306	1	306	0.0	624
24P1R3A1_06607	24P1R3A1_06607	100.000	143	0	0	1	143	1	143	5.26e-105	295
24P1R3A1_06608	24P1R3A1_06608	100.000	413	0	0	1	413	1	413	0.0	857
24P1R3A1_06609	24P1R3A1_06609	100.000	436	0	0	1	436	1	436	0.0	908
24P1R3A1_06610	24P1R3A1_06610	100.000	249	0	0	1	249	1	249	0.0	503
24P1R3A1_06611	24P1R3A1_06611	100.000	501	0	0	1	501	1	501	0.0	1046
24P1R3A1_06612	24P1R3A1_06612	100.000	123	0	0	1	123	1	123	1.04e-89	255
24P1R3A1_06613	24P1R3A1_06613	100.000	194	0	0	1	194	1	194	6.38e-147	405
24P1R3A1_06614	24P1R3A1_06614	100.000	573	0	0	1	573	1	573	0.0	1164
24P1R3A1_06615	24P1R3A1_06615	100.000	549	0	0	1	549	1	549	0.0	1117
24P1R3A1_06616	24P1R3A1_06616	100.000	297	0	0	1	297	1	297	0.0	620
24P1R3A1_06617	24P1R3A1_06617	100.000	351	0	0	1	351	1	351	0.0	716
24P1R3A1_06618	24P1R3A1_06618	100.000	130	0	0	1	130	1	130	3.09e-90	257
24P1R3A1_06619	24P1R3A1_06619	100.000	218	0	0	1	218	1	218	1.95e-160	442
24P1R3A1_06620	24P1R3A1_06620	100.000	40	0	0	1	40	1	40	4.12e-23	80.9
24P1R3A1_06621	24P1R3A1_06621	100.000	383	0	0	1	383	1	383	0.0	776
24P1R3A1_06622	24P1R3A1_06622	100.000	697	0	0	1	697	1	697	0.0	1399
24P1R3A1_06623	24P1R3A1_06623	100.000	407	0	0	1	407	1	407	0.0	806
24P1R3A1_06624	24P1R3A1_06624	100.000	441	0	0	1	441	1	441	0.0	875
24P1R3A1_06625	24P1R3A1_06625	100.000	147	0	0	1	147	1	147	3.81e-105	296
24P1R3A1_06626	24P1R3A1_06626	100.000	100	0	0	1	100	1	100	7.14e-68	198
24P1R3A1_06627	24P1R3A1_06627	100.000	219	0	0	1	219	1	219	9.01e-164	450
24P1R3A1_06628	24P1R3A1_06628	100.000	138	0	0	1	138	1	138	1.97e-101	286
24P1R3A1_06629	24P1R3A1_06629	100.000	135	0	0	1	135	1	135	7.00e-97	274
24P1R3A1_06630	24P1R3A1_06630	100.000	278	0	0	1	278	1	278	0.0	563
24P1R3A1_06631	24P1R3A1_06631	100.000	405	0	0	1	405	1	405	0.0	815
24P1R3A1_06632	24P1R3A1_06632	100.000	252	0	0	1	252	1	252	0.0	508
24P1R3A1_06633	24P1R3A1_06633	100.000	261	0	0	1	261	1	261	0.0	529
24P1R3A1_06634	24P1R3A1_06634	100.000	248	0	0	1	248	1	248	0.0	505
24P1R3A1_06635	24P1R3A1_06635	100.000	369	0	0	1	369	1	369	0.0	732
24P1R3A1_06636	24P1R3A1_06636	100.000	329	0	0	1	329	1	329	0.0	672
24P1R3A1_06637	24P1R3A1_06637	100.000	547	0	0	1	547	1	547	0.0	1113
24P1R3A1_06638	24P1R3A1_06638	100.000	317	0	0	1	317	1	317	0.0	646
24P1R3A1_06639	24P1R3A1_06639	100.000	129	0	0	1	129	1	129	1.26e-91	260
24P1R3A1_06640	24P1R3A1_06640	100.000	96	0	0	1	96	1	96	8.29e-67	195
24P1R3A1_06641	24P1R3A1_06641	100.000	261	0	0	1	261	1	261	0.0	505
24P1R3A1_06642	24P1R3A1_06642	100.000	90	0	0	1	90	1	90	1.08e-56	169
24P1R3A1_06643	24P1R3A1_06643	100.000	257	0	0	1	257	1	257	0.0	509
24P1R3A1_06644	24P1R3A1_06644	100.000	150	0	0	1	150	1	150	2.17e-105	297
24P1R3A1_06645	24P1R3A1_06645	100.000	137	0	0	1	137	1	137	2.02e-97	276
24P1R3A1_06646	24P1R3A1_06646	100.000	344	0	0	1	344	1	344	0.0	699
24P1R3A1_06647	24P1R3A1_06647	100.000	161	0	0	1	161	1	161	6.45e-117	327
24P1R3A1_06648	24P1R3A1_06648	100.000	472	0	0	1	472	1	472	0.0	937
24P1R3A1_06649	24P1R3A1_06649	100.000	149	0	0	1	149	1	149	3.60e-104	294
24P1R3A1_06650	24P1R3A1_06650	100.000	456	0	0	1	456	1	456	0.0	917
24P1R3A1_06651	24P1R3A1_06651	100.000	240	0	0	1	240	1	240	2.90e-179	491
24P1R3A1_06652	24P1R3A1_06652	100.000	332	0	0	1	332	1	332	0.0	666
24P1R3A1_06653	24P1R3A1_06653	100.000	575	0	0	1	575	1	575	0.0	1165
24P1R3A1_06654	24P1R3A1_06654	100.000	104	0	0	1	104	1	104	5.43e-70	204
24P1R3A1_06655	24P1R3A1_06655	100.000	262	0	0	1	262	1	262	0.0	525
24P1R3A1_06656	24P1R3A1_06656	100.000	129	0	0	1	129	1	129	2.15e-91	260
24P1R3A1_06657	24P1R3A1_06657	100.000	124	0	0	1	124	1	124	5.46e-87	248
24P1R3A1_06658	24P1R3A1_06658	100.000	114	0	0	1	114	1	114	5.17e-76	220
24P1R3A1_06659	24P1R3A1_06659	100.000	320	0	0	1	320	1	320	0.0	662
24P1R3A1_06660	24P1R3A1_06660	100.000	126	0	0	1	126	1	126	4.38e-90	256
24P1R3A1_06661	24P1R3A1_06661	100.000	74	0	0	1	74	1	74	1.75e-50	152
24P1R3A1_06662	24P1R3A1_06662	100.000	88	0	0	1	88	1	88	1.15e-61	181
24P1R3A1_06663	24P1R3A1_06663	100.000	378	0	0	1	378	1	378	0.0	790
24P1R3A1_06664	24P1R3A1_06664	100.000	94	0	0	1	94	1	94	4.76e-65	191
24P1R3A1_06665	24P1R3A1_06665	100.000	153	0	0	1	153	1	153	5.10e-113	317
24P1R3A1_06666	24P1R3A1_06666	100.000	118	0	0	1	118	1	118	4.26e-83	238
24P1R3A1_06667	24P1R3A1_06667	100.000	133	0	0	1	133	1	133	1.14e-91	261
24P1R3A1_06668	24P1R3A1_06668	100.000	477	0	0	1	477	1	477	0.0	962
24P1R3A1_06669	24P1R3A1_06669	100.000	474	0	0	1	474	1	474	0.0	980
24P1R3A1_06670	24P1R3A1_06670	100.000	53	0	0	1	53	1	53	3.23e-30	99.8
24P1R3A1_06671	24P1R3A1_06671	100.000	127	0	0	1	127	1	127	1.57e-91	260
24P1R3A1_06672	24P1R3A1_06672	100.000	45	0	0	1	45	1	45	5.74e-27	91.3
24P1R3A1_06673	24P1R3A1_06673	100.000	356	0	0	1	356	1	356	0.0	710
24P1R3A1_06674	24P1R3A1_06674	100.000	392	0	0	1	392	1	392	0.0	817
24P1R3A1_06675	24P1R3A1_06675	100.000	71	0	0	1	71	1	71	1.74e-45	139
24P1R3A1_06676	24P1R3A1_06676	100.000	66	0	0	1	66	1	66	9.40e-44	135
24P1R3A1_06677	24P1R3A1_06677	100.000	57	0	0	1	57	1	57	7.96e-36	114
24P1R3A1_06678	24P1R3A1_06678	100.000	57	0	0	1	57	1	57	3.51e-37	117
24P1R3A1_06679	24P1R3A1_06679	100.000	60	0	0	1	60	1	60	5.47e-38	120
24P1R3A1_06680	24P1R3A1_06680	100.000	167	0	0	1	167	1	167	1.87e-120	336
24P1R3A1_06681	24P1R3A1_06681	100.000	656	0	0	1	656	1	656	0.0	1346
24P1R3A1_06682	24P1R3A1_06682	100.000	111	0	0	1	111	1	111	2.51e-79	228
24P1R3A1_06683	24P1R3A1_06683	100.000	231	0	0	1	231	1	231	1.84e-173	476
24P1R3A1_06684	24P1R3A1_06684	100.000	82	0	0	1	82	1	82	1.23e-56	168
24P1R3A1_06685	24P1R3A1_06685	100.000	152	0	0	1	152	1	152	8.52e-110	308
24P1R3A1_06686	24P1R3A1_06686	100.000	75	0	0	1	75	1	75	7.12e-52	156
24P1R3A1_06687	24P1R3A1_06687	100.000	290	0	0	1	290	1	290	0.0	606
24P1R3A1_06688	24P1R3A1_06688	100.000	467	0	0	1	467	1	467	0.0	961
24P1R3A1_06689	24P1R3A1_06689	100.000	210	0	0	1	210	1	210	5.42e-153	422
24P1R3A1_06690	24P1R3A1_06690	100.000	677	0	0	1	677	1	677	0.0	1370
24P1R3A1_06691	24P1R3A1_06691	100.000	198	0	0	1	198	1	198	4.83e-149	411
24P1R3A1_06692	24P1R3A1_06692	100.000	103	0	0	1	103	1	103	4.93e-74	214
24P1R3A1_06693	24P1R3A1_06693	100.000	177	0	0	1	177	1	177	4.31e-132	367
24P1R3A1_06694	24P1R3A1_06694	100.000	66	0	0	1	66	1	66	5.99e-44	135
24P1R3A1_06695	24P1R3A1_06695	100.000	351	0	0	1	351	1	351	0.0	729
24P1R3A1_06696	24P1R3A1_06696	100.000	102	0	0	1	102	1	102	2.35e-70	204
24P1R3A1_06697	24P1R3A1_06697	100.000	131	0	0	1	131	1	131	5.48e-97	274
24P1R3A1_06698	24P1R3A1_06698	100.000	149	0	0	1	149	1	149	1.88e-109	307
24P1R3A1_06699	24P1R3A1_06699	100.000	113	0	0	1	113	1	113	1.18e-77	224
24P1R3A1_06700	24P1R3A1_06700	100.000	337	0	0	1	337	1	337	0.0	709
24P1R3A1_06701	24P1R3A1_06701	100.000	152	0	0	1	152	1	152	1.50e-110	310
24P1R3A1_06702	24P1R3A1_06702	100.000	535	0	0	1	535	1	535	0.0	1107
24P1R3A1_06703	24P1R3A1_06703	100.000	501	0	0	1	501	1	501	0.0	1043
24P1R3A1_06704	24P1R3A1_06704	100.000	264	0	0	1	264	1	264	0.0	545
24P1R3A1_06705	24P1R3A1_06705	100.000	421	0	0	1	421	1	421	0.0	864
24P1R3A1_06706	24P1R3A1_06706	100.000	166	0	0	1	166	1	166	6.07e-118	330
24P1R3A1_06707	24P1R3A1_06707	100.000	356	0	0	1	356	1	356	0.0	730
24P1R3A1_06708	24P1R3A1_06708	100.000	114	0	0	1	114	1	114	5.54e-83	237
24P1R3A1_06709	24P1R3A1_06709	100.000	144	0	0	1	144	1	144	7.87e-106	298
24P1R3A1_06710	24P1R3A1_06710	100.000	153	0	0	1	153	1	153	1.89e-110	310
24P1R3A1_06711	24P1R3A1_06711	100.000	124	0	0	1	124	1	124	9.58e-90	255
24P1R3A1_06712	24P1R3A1_06712	100.000	172	0	0	1	172	1	172	2.28e-127	354
24P1R3A1_06713	24P1R3A1_06713	100.000	496	0	0	1	496	1	496	0.0	1019
24P1R3A1_06714	24P1R3A1_06714	100.000	151	0	0	1	151	1	151	3.33e-109	306
24P1R3A1_06715	24P1R3A1_06715	100.000	153	0	0	1	153	1	153	5.86e-110	309
24P1R3A1_06716	24P1R3A1_06716	100.000	765	0	0	1	765	1	765	0.0	1544
24P1R3A1_06717	24P1R3A1_06717	100.000	177	0	0	1	177	1	177	4.88e-130	361
24P1R3A1_06718	24P1R3A1_06718	100.000	106	0	0	1	106	1	106	4.51e-75	217
24P1R3A1_06719	24P1R3A1_06719	100.000	271	0	0	1	271	1	271	0.0	560
24P1R3A1_06720	24P1R3A1_06720	100.000	231	0	0	1	231	1	231	4.15e-171	470
24P1R3A1_06721	24P1R3A1_06721	100.000	115	0	0	1	115	1	115	6.01e-84	240
24P1R3A1_06722	24P1R3A1_06722	100.000	396	0	0	1	396	1	396	0.0	800
24P1R3A1_06723	24P1R3A1_06723	100.000	219	0	0	1	219	1	219	1.14e-162	447
24P1R3A1_06724	24P1R3A1_06724	100.000	444	0	0	1	444	1	444	0.0	903
24P1R3A1_06725	24P1R3A1_06725	100.000	381	0	0	1	381	1	381	0.0	777
24P1R3A1_06726	24P1R3A1_06726	100.000	252	0	0	1	252	1	252	0.0	510
24P1R3A1_06727	24P1R3A1_06727	100.000	84	0	0	1	84	1	84	3.80e-57	170
24P1R3A1_06728	24P1R3A1_06728	100.000	394	0	0	1	394	1	394	0.0	817
24P1R3A1_06729	24P1R3A1_06729	100.000	74	0	0	1	74	1	74	2.61e-49	149
24P1R3A1_06730	24P1R3A1_06730	100.000	159	0	0	1	159	1	159	1.00e-117	329
24P1R3A1_06731	24P1R3A1_06731	100.000	829	0	0	1	829	1	829	0.0	1725
24P1R3A1_06732	24P1R3A1_06732	100.000	265	0	0	1	265	1	265	0.0	545
24P1R3A1_06733	24P1R3A1_06733	100.000	357	0	0	1	357	1	357	0.0	728
24P1R3A1_06734	24P1R3A1_06734	100.000	187	0	0	1	187	1	187	2.56e-137	380
24P1R3A1_06735	24P1R3A1_06735	100.000	179	0	0	1	179	1	179	3.57e-132	367
24P1R3A1_06736	24P1R3A1_06736	100.000	212	0	0	1	212	1	212	4.23e-150	415
24P1R3A1_06737	24P1R3A1_06737	100.000	127	0	0	1	127	1	127	9.42e-90	256
24P1R3A1_06738	24P1R3A1_06738	100.000	244	0	0	1	244	1	244	0.0	498
24P1R3A1_06739	24P1R3A1_06739	100.000	247	0	0	1	247	1	247	0.0	496
24P1R3A1_06740	24P1R3A1_06740	100.000	303	0	0	1	303	1	303	0.0	625
24P1R3A1_06741	24P1R3A1_06741	100.000	227	0	0	1	227	1	227	3.73e-169	464
24P1R3A1_06742	24P1R3A1_06742	100.000	324	0	0	1	324	1	324	0.0	664
24P1R3A1_06743	24P1R3A1_06743	100.000	599	0	0	1	599	1	599	0.0	1228
24P1R3A1_06744	24P1R3A1_06744	100.000	155	0	0	1	155	1	155	1.67e-110	310
24P1R3A1_06745	24P1R3A1_06745	100.000	324	0	0	1	324	1	324	0.0	662
24P1R3A1_06746	24P1R3A1_06746	100.000	209	0	0	1	209	1	209	8.54e-156	429
24P1R3A1_06747	24P1R3A1_06747	100.000	193	0	0	1	193	1	193	1.99e-142	394
24P1R3A1_06748	24P1R3A1_06748	100.000	252	0	0	1	252	1	252	0.0	527
24P1R3A1_06749	24P1R3A1_06749	100.000	452	0	0	1	452	1	452	0.0	923
24P1R3A1_06750	24P1R3A1_06750	100.000	128	0	0	1	128	1	128	8.64e-93	263
24P1R3A1_06751	24P1R3A1_06751	100.000	227	0	0	1	227	1	227	2.98e-171	470
24P1R3A1_06752	24P1R3A1_06752	100.000	204	0	0	1	204	1	204	1.62e-148	410
24P1R3A1_06753	24P1R3A1_06753	100.000	300	0	0	1	300	1	300	0.0	622
24P1R3A1_06754	24P1R3A1_06754	100.000	554	0	0	1	554	1	554	0.0	1140
24P1R3A1_06755	24P1R3A1_06755	100.000	121	0	0	1	121	1	121	1.12e-88	252
24P1R3A1_06756	24P1R3A1_06756	100.000	98	0	0	1	98	1	98	8.32e-67	195
24P1R3A1_06757	24P1R3A1_06757	100.000	145	0	0	1	145	1	145	1.89e-106	299
24P1R3A1_06758	24P1R3A1_06758	100.000	161	0	0	1	161	1	161	3.37e-118	330
24P1R3A1_06760	24P1R3A1_06760	100.000	1093	0	0	1	1093	1	1093	0.0	2270
24P1R3A1_06761	24P1R3A1_06761	100.000	469	0	0	1	469	1	469	0.0	971
24P1R3A1_06762	24P1R3A1_06762	100.000	535	0	0	1	535	1	535	0.0	1110
24P1R3A1_06763	24P1R3A1_06763	100.000	62	0	0	1	62	1	62	1.38e-40	126
24P1R3A1_06764	24P1R3A1_06764	100.000	284	0	0	1	284	1	284	0.0	592
24P1R3A1_06765	24P1R3A1_06765	100.000	330	0	0	1	330	1	330	0.0	673
24P1R3A1_06766	24P1R3A1_06766	100.000	298	0	0	1	298	1	298	0.0	614
24P1R3A1_06767	24P1R3A1_06767	100.000	332	0	0	1	332	1	332	0.0	676
24P1R3A1_06768	24P1R3A1_06768	100.000	758	0	0	1	758	1	758	0.0	1525
24P1R3A1_06769	24P1R3A1_06769	100.000	231	0	0	1	231	1	231	6.33e-168	462
24P1R3A1_06770	24P1R3A1_06770	100.000	453	0	0	1	453	1	453	0.0	917
24P1R3A1_06771	24P1R3A1_06771	100.000	337	0	0	1	337	1	337	0.0	695
24P1R3A1_06772	24P1R3A1_06772	100.000	200	0	0	1	200	1	200	2.19e-143	397
24P1R3A1_06773	24P1R3A1_06773	100.000	197	0	0	1	197	1	197	2.43e-146	404
24P1R3A1_06790	24P1R3A1_06790	100.000	231	0	0	1	231	1	231	7.08e-173	474
24P1R3A1_06790	11P3R3A1_03755	99.383	162	1	0	70	231	1	162	6.97e-118	332
24P1R3A1_06832	24P1R3A1_06832	100.000	453	0	0	1	453	1	453	0.0	929
24P1R3A1_06832	10P3R2A13_04570	99.754	407	1	0	47	453	1	407	0.0	833
24P1R3A1_06836	24P1R3A1_06836	100.000	2293	0	0	1	2293	1	2293	0.0	4725
24P1R3A1_06837	24P1R3A1_06837	100.000	376	0	0	1	376	1	376	0.0	788
24P1R3A1_06838	24P1R3A1_06838	100.000	489	0	0	1	489	1	489	0.0	1019
24P1R3A1_06839	24P1R3A1_06839	100.000	517	0	0	1	517	1	517	0.0	1080
24P1R3A1_06840	24P1R3A1_06840	100.000	106	0	0	1	106	1	106	1.22e-71	208
24P1R3A1_06841	24P1R3A1_06841	100.000	130	0	0	1	130	1	130	9.21e-96	271
24P1R3A1_06842	24P1R3A1_06842	100.000	123	0	0	1	123	1	123	5.75e-85	243
24P1R3A1_06843	24P1R3A1_06843	100.000	74	0	0	1	74	1	74	3.11e-49	149
24P1R3A1_06844	24P1R3A1_06844	100.000	929	0	0	1	929	1	929	0.0	1924
24P1R3A1_06845	24P1R3A1_06845	100.000	204	0	0	1	204	1	204	4.58e-154	424
24P1R3A1_06846	24P1R3A1_06846	100.000	221	0	0	1	221	1	221	3.30e-162	446
24P1R3A1_06847	24P1R3A1_06847	100.000	131	0	0	1	131	1	131	3.70e-96	272
24P1R3A1_06848	24P1R3A1_06848	100.000	198	0	0	1	198	1	198	5.98e-147	406
24P1R3A1_06849	24P1R3A1_06849	100.000	262	0	0	1	262	1	262	0.0	527
24P1R3A1_06850	24P1R3A1_06850	100.000	519	0	0	1	519	1	519	0.0	1090
24P1R3A1_06851	24P1R3A1_06851	100.000	407	0	0	1	407	1	407	0.0	849
24P1R3A1_06852	24P1R3A1_06852	100.000	381	0	0	1	381	1	381	0.0	793
24P1R3A1_06853	24P1R3A1_06853	100.000	505	0	0	1	505	1	505	0.0	1018
24P1R3A1_06854	24P1R3A1_06854	100.000	258	0	0	1	258	1	258	0.0	514
24P1R3A1_06855	24P1R3A1_06855	100.000	314	0	0	1	314	1	314	0.0	642
24P1R3A1_06856	24P1R3A1_06856	100.000	431	0	0	1	431	1	431	0.0	880
24P1R3A1_06857	24P1R3A1_06857	100.000	96	0	0	1	96	1	96	1.61e-68	199
24P1R3A1_06858	24P1R3A1_06858	100.000	442	0	0	1	442	1	442	0.0	885
24P1R3A1_06859	24P1R3A1_06859	100.000	40	0	0	1	40	1	40	5.08e-19	70.9
24P1R3A1_06860	24P1R3A1_06860	100.000	546	0	0	1	546	1	546	0.0	1134
24P1R3A1_06861	24P1R3A1_06861	100.000	412	0	0	1	412	1	412	0.0	850
24P1R3A1_06862	24P1R3A1_06862	100.000	276	0	0	1	276	1	276	0.0	562
24P1R3A1_06863	24P1R3A1_06863	100.000	414	0	0	1	414	1	414	0.0	862
24P1R3A1_06864	24P1R3A1_06864	100.000	378	0	0	1	378	1	378	0.0	782
24P1R3A1_06865	24P1R3A1_06865	100.000	440	0	0	1	440	1	440	0.0	867
24P1R3A1_06866	24P1R3A1_06866	100.000	380	0	0	1	380	1	380	0.0	783
24P1R3A1_06867	24P1R3A1_06867	100.000	259	0	0	1	259	1	259	0.0	517
24P1R3A1_06868	24P1R3A1_06868	100.000	314	0	0	1	314	1	314	0.0	630
24P1R3A1_06869	24P1R3A1_06869	100.000	429	0	0	1	429	1	429	0.0	879
24P1R3A1_06870	24P1R3A1_06870	100.000	95	0	0	1	95	1	95	3.31e-67	196
24P1R3A1_06871	24P1R3A1_06871	100.000	322	0	0	1	322	1	322	0.0	669
24P1R3A1_06872	24P1R3A1_06872	100.000	293	0	0	1	293	1	293	0.0	599
24P1R3A1_06873	24P1R3A1_06873	100.000	154	0	0	1	154	1	154	8.41e-110	308
24P1R3A1_06874	24P1R3A1_06874	100.000	329	0	0	1	329	1	329	0.0	674
24P1R3A1_06875	24P1R3A1_06875	100.000	381	0	0	1	381	1	381	0.0	783
24P1R3A1_06876	24P1R3A1_06876	100.000	385	0	0	1	385	1	385	0.0	798
24P1R3A1_06877	24P1R3A1_06877	100.000	265	0	0	1	265	1	265	0.0	551
24P1R3A1_06878	24P1R3A1_06878	100.000	473	0	0	1	473	1	473	0.0	947
24P1R3A1_06879	24P1R3A1_06879	100.000	409	0	0	1	409	1	409	0.0	850
24P1R3A1_06880	24P1R3A1_06880	100.000	411	0	0	1	411	1	411	0.0	852
24P1R3A1_06881	24P1R3A1_06881	100.000	313	0	0	1	313	1	313	0.0	644
24P1R3A1_06882	24P1R3A1_06882	100.000	446	0	0	1	446	1	446	0.0	872
24P1R3A1_06883	24P1R3A1_06883	100.000	184	0	0	1	184	1	184	6.51e-138	382
24P1R3A1_06884	24P1R3A1_06884	100.000	332	0	0	1	332	1	332	0.0	685
24P1R3A1_06885	24P1R3A1_06885	100.000	344	0	0	1	344	1	344	0.0	698
24P1R3A1_06886	24P1R3A1_06886	100.000	333	0	0	1	333	1	333	0.0	636
24P1R3A1_06887	24P1R3A1_06887	100.000	258	0	0	1	258	1	258	0.0	525
24P1R3A1_06888	24P1R3A1_06888	100.000	275	0	0	1	275	1	275	0.0	578
24P1R3A1_06889	24P1R3A1_06889	100.000	283	0	0	1	283	1	283	0.0	585
24P1R3A1_06890	24P1R3A1_06890	100.000	651	0	0	1	651	1	651	0.0	1353
24P1R3A1_06891	24P1R3A1_06891	100.000	354	0	0	1	354	1	354	0.0	696
24P1R3A1_06892	24P1R3A1_06892	100.000	354	0	0	1	354	1	354	0.0	699
24P1R3A1_06893	24P1R3A1_06893	100.000	183	0	0	1	183	1	183	5.11e-127	354
24P1R3A1_06894	24P1R3A1_06894	100.000	212	0	0	1	212	1	212	1.59e-150	416
24P1R3A1_06895	24P1R3A1_06895	100.000	280	0	0	1	280	1	280	0.0	553
24P1R3A1_06896	24P1R3A1_06896	100.000	756	0	0	1	756	1	756	0.0	1515
24P1R3A1_06897	24P1R3A1_06897	100.000	173	0	0	1	173	1	173	2.00e-122	342
24P1R3A1_06898	24P1R3A1_06898	100.000	355	0	0	1	355	1	355	0.0	720
24P1R3A1_06899	24P1R3A1_06899	100.000	258	0	0	1	258	1	258	0.0	507
24P1R3A1_06900	24P1R3A1_06900	100.000	85	0	0	1	85	1	85	1.05e-54	164
24P1R3A1_06901	24P1R3A1_06901	100.000	220	0	0	1	220	1	220	2.34e-158	437
24P1R3A1_06902	24P1R3A1_06902	100.000	303	0	0	1	303	1	303	0.0	599
24P1R3A1_06903	24P1R3A1_06903	100.000	442	0	0	1	442	1	442	0.0	878
24P1R3A1_06904	24P1R3A1_06904	100.000	154	0	0	1	154	1	154	6.83e-104	293
24P1R3A1_06905	24P1R3A1_06905	100.000	434	0	0	1	434	1	434	0.0	889
24P1R3A1_06906	24P1R3A1_06906	100.000	138	0	0	1	138	1	138	1.08e-99	281
24P1R3A1_06907	24P1R3A1_06907	100.000	701	0	0	1	701	1	701	0.0	1392
24P1R3A1_06908	24P1R3A1_06908	100.000	361	0	0	1	361	1	361	0.0	729
24P1R3A1_06909	24P1R3A1_06909	100.000	577	0	0	1	577	1	577	0.0	1176
24P1R3A1_06910	24P1R3A1_06910	100.000	252	0	0	1	252	1	252	0.0	516
24P1R3A1_06925	24P1R3A1_06925	100.000	56	0	0	1	56	1	56	1.17e-36	116
24P1R3A1_06927	16_1P2R1A8-1_04199	100.000	94	0	0	1	94	35	128	1.03e-63	188
24P1R3A1_06927	28P2R1A12_02648	100.000	94	0	0	1	94	29	122	1.11e-63	188
24P1R3A1_06927	10P3R2A13_02821	100.000	94	0	0	1	94	8	101	1.60e-63	187
24P1R3A1_06927	24P1R3A1_06927	100.000	94	0	0	1	94	1	94	2.53e-63	186
24P1R3A1_06957	24P1R3A1_06957	100.000	172	0	0	1	172	1	172	1.27e-120	337
24P1R3A1_06958	24P1R3A1_06958	100.000	587	0	0	1	587	1	587	0.0	1214
24P1R3A1_06959	24P1R3A1_06959	100.000	210	0	0	1	210	1	210	2.79e-156	431
24P1R3A1_06960	24P1R3A1_06960	100.000	701	0	0	1	701	1	701	0.0	1465
24P1R3A1_06961	24P1R3A1_06961	100.000	237	0	0	1	237	1	237	3.45e-178	488
24P1R3A1_06962	24P1R3A1_06962	100.000	224	0	0	1	224	1	224	5.63e-171	469
24P1R3A1_06963	24P1R3A1_06963	100.000	266	0	0	1	266	1	266	0.0	544
24P1R3A1_06964	24P1R3A1_06964	100.000	323	0	0	1	323	1	323	0.0	662
24P1R3A1_06965	24P1R3A1_06965	100.000	446	0	0	1	446	1	446	0.0	880
24P1R3A1_06966	24P1R3A1_06966	100.000	436	0	0	1	436	1	436	0.0	895
24P1R3A1_06967	24P1R3A1_06967	100.000	230	0	0	1	230	1	230	4.94e-172	472
24P1R3A1_06968	24P1R3A1_06968	100.000	411	0	0	1	411	1	411	0.0	847
24P1R3A1_06969	24P1R3A1_06969	100.000	1234	0	0	1	1234	1	1234	0.0	2472
24P1R3A1_06970	24P1R3A1_06970	100.000	200	0	0	1	200	1	200	3.08e-149	412
24P1R3A1_06971	24P1R3A1_06971	100.000	112	0	0	1	112	1	112	9.97e-79	226
24P1R3A1_06972	24P1R3A1_06972	100.000	541	0	0	1	541	1	541	0.0	1112
24P1R3A1_06973	24P1R3A1_06973	100.000	259	0	0	1	259	1	259	0.0	536
24P1R3A1_06974	24P1R3A1_06974	100.000	652	0	0	1	652	1	652	0.0	1333
24P1R3A1_06975	24P1R3A1_06975	100.000	403	0	0	1	403	1	403	0.0	820
24P1R3A1_06976	24P1R3A1_06976	100.000	303	0	0	1	303	1	303	0.0	611
24P1R3A1_06977	24P1R3A1_06977	100.000	234	0	0	1	234	1	234	3.12e-178	488
24P1R3A1_06978	24P1R3A1_06978	100.000	213	0	0	1	213	1	213	1.41e-158	436
24P1R3A1_06979	24P1R3A1_06979	100.000	81	0	0	1	81	1	81	6.81e-55	164
24P1R3A1_06980	24P1R3A1_06980	100.000	409	0	0	1	409	1	409	0.0	821
24P1R3A1_06981	24P1R3A1_06981	100.000	340	0	0	1	340	1	340	0.0	686
24P1R3A1_06982	24P1R3A1_06982	100.000	379	0	0	1	379	1	379	0.0	783
24P1R3A1_06983	24P1R3A1_06983	100.000	89	0	0	1	89	1	89	5.40e-60	177
24P1R3A1_06984	24P1R3A1_06984	100.000	400	0	0	1	400	1	400	0.0	807
24P1R3A1_06985	24P1R3A1_06985	100.000	167	0	0	1	167	1	167	2.06e-120	336
24P1R3A1_06986	24P1R3A1_06986	100.000	163	0	0	1	163	1	163	1.01e-113	319
24P1R3A1_06987	24P1R3A1_06987	100.000	568	0	0	1	568	1	568	0.0	1176
24P1R3A1_06988	24P1R3A1_06988	100.000	394	0	0	1	394	1	394	0.0	790
24P1R3A1_06989	24P1R3A1_06989	100.000	338	0	0	1	338	1	338	0.0	706
24P1R3A1_06990	24P1R3A1_06990	100.000	376	0	0	1	376	1	376	0.0	773
24P1R3A1_06991	24P1R3A1_06991	100.000	599	0	0	1	599	1	599	0.0	1248
24P1R3A1_06992	24P1R3A1_06992	100.000	246	0	0	1	246	1	246	0.0	516
24P1R3A1_06993	24P1R3A1_06993	100.000	131	0	0	1	131	1	131	2.12e-91	260
24P1R3A1_06994	24P1R3A1_06994	100.000	120	0	0	1	120	1	120	2.56e-83	239
24P1R3A1_06995	24P1R3A1_06995	100.000	105	0	0	1	105	1	105	1.45e-67	198
24P1R3A1_06996	24P1R3A1_06996	100.000	97	0	0	1	97	1	97	1.20e-65	192
24P1R3A1_06997	24P1R3A1_06997	100.000	114	0	0	1	114	1	114	2.10e-80	231
24P1R3A1_06998	24P1R3A1_06998	100.000	186	0	0	1	186	1	186	9.34e-138	382
24P1R3A1_06999	24P1R3A1_06999	100.000	538	0	0	1	538	1	538	0.0	1097
24P1R3A1_07000	24P1R3A1_07000	100.000	294	0	0	1	294	1	294	0.0	603
24P1R3A1_07001	24P1R3A1_07001	100.000	259	0	0	1	259	1	259	0.0	521
24P1R3A1_07002	24P1R3A1_07002	100.000	454	0	0	1	454	1	454	0.0	939
24P1R3A1_07003	24P1R3A1_07003	100.000	525	0	0	1	525	1	525	0.0	1059
24P1R3A1_07004	24P1R3A1_07004	100.000	559	0	0	1	559	1	559	0.0	1167
24P1R3A1_07005	24P1R3A1_07005	100.000	140	0	0	1	140	1	140	7.01e-102	287
24P1R3A1_07006	24P1R3A1_07006	100.000	564	0	0	1	564	1	564	0.0	1165
24P1R3A1_07007	24P1R3A1_07007	100.000	31	0	0	1	31	1	31	1.65e-15	61.2
24P1R3A1_07008	24P1R3A1_07008	100.000	87	0	0	1	87	1	87	2.45e-59	176
24P1R3A1_07009	24P1R3A1_07009	100.000	398	0	0	1	398	1	398	0.0	802
24P1R3A1_07010	24P1R3A1_07010	100.000	208	0	0	1	208	1	208	2.42e-156	431
24P1R3A1_07011	24P1R3A1_07011	100.000	226	0	0	1	226	1	226	1.50e-167	460
24P1R3A1_07012	24P1R3A1_07012	100.000	242	0	0	1	242	1	242	7.46e-179	490
24P1R3A1_07013	24P1R3A1_07013	100.000	518	0	0	1	518	1	518	0.0	1084
24P1R3A1_07014	24P1R3A1_07014	100.000	1254	0	0	1	1254	1	1254	0.0	2622
24P1R3A1_07015	24P1R3A1_07015	100.000	465	0	0	1	465	1	465	0.0	928
24P1R3A1_07016	24P1R3A1_07016	100.000	610	0	0	1	610	1	610	0.0	1249
24P1R3A1_07017	24P1R3A1_07017	100.000	221	0	0	1	221	1	221	5.67e-159	438
24P1R3A1_07018	24P1R3A1_07018	100.000	301	0	0	1	301	1	301	0.0	618
24P1R3A1_07019	24P1R3A1_07019	100.000	147	0	0	1	147	1	147	2.41e-104	294
24P1R3A1_07020	24P1R3A1_07020	100.000	77	0	0	1	77	1	77	3.18e-50	152
24P1R3A1_07021	24P1R3A1_07021	100.000	265	0	0	1	265	1	265	0.0	506
24P1R3A1_07022	24P1R3A1_07022	100.000	582	0	0	1	582	1	582	0.0	1197
24P1R3A1_07023	24P1R3A1_07023	100.000	526	0	0	1	526	1	526	0.0	1067
24P1R3A1_07024	24P1R3A1_07024	100.000	270	0	0	1	270	1	270	0.0	556
24P1R3A1_07025	24P1R3A1_07025	100.000	262	0	0	1	262	1	262	0.0	528
24P1R3A1_07026	24P1R3A1_07026	100.000	417	0	0	1	417	1	417	0.0	818
24P1R3A1_07027	24P1R3A1_07027	100.000	221	0	0	1	221	1	221	1.93e-166	457
24P1R3A1_07028	24P1R3A1_07028	100.000	298	0	0	1	298	1	298	0.0	600
24P1R3A1_07029	24P1R3A1_07029	100.000	246	0	0	1	246	1	246	0.0	500
24P1R3A1_07030	24P1R3A1_07030	100.000	419	0	0	1	419	1	419	0.0	847
24P1R3A1_07031	24P1R3A1_07031	100.000	407	0	0	1	407	1	407	0.0	834
24P1R3A1_07032	24P1R3A1_07032	100.000	107	0	0	1	107	1	107	1.76e-72	210
24P1R3A1_07037	24P1R3A1_07037	100.000	246	0	0	1	246	1	246	0.0	508
24P1R3A1_07038	24P1R3A1_07038	100.000	455	0	0	1	455	1	455	0.0	909
24P1R3A1_07039	24P1R3A1_07039	100.000	362	0	0	1	362	1	362	0.0	750
24P1R3A1_07040	24P1R3A1_07040	100.000	429	0	0	1	429	1	429	0.0	849
24P1R3A1_07041	24P1R3A1_07041	100.000	377	0	0	1	377	1	377	0.0	790
24P1R3A1_07042	24P1R3A1_07042	100.000	244	0	0	1	244	1	244	0.0	506
24P1R3A1_07043	24P1R3A1_07043	100.000	294	0	0	1	294	1	294	0.0	604
24P1R3A1_07044	24P1R3A1_07044	100.000	356	0	0	1	356	1	356	0.0	733
24P1R3A1_07045	24P1R3A1_07045	100.000	421	0	0	1	421	1	421	0.0	868
24P1R3A1_07046	24P1R3A1_07046	100.000	377	0	0	1	377	1	377	0.0	780
24P1R3A1_07047	24P1R3A1_07047	100.000	355	0	0	1	355	1	355	0.0	729
24P1R3A1_07048	24P1R3A1_07048	100.000	359	0	0	1	359	1	359	0.0	721
24P1R3A1_07049	24P1R3A1_07049	100.000	420	0	0	1	420	1	420	0.0	856
24P1R3A1_07050	24P1R3A1_07050	100.000	109	0	0	1	109	1	109	8.67e-77	221
24P1R3A1_07051	24P1R3A1_07051	100.000	433	0	0	1	433	1	433	0.0	905
24P1R3A1_07052	24P1R3A1_07052	100.000	503	0	0	1	503	1	503	0.0	1025
24P1R3A1_07053	24P1R3A1_07053	100.000	674	0	0	1	674	1	674	0.0	1400
24P1R3A1_07054	24P1R3A1_07054	100.000	492	0	0	1	492	1	492	0.0	1021
24P1R3A1_07055	24P1R3A1_07055	100.000	296	0	0	1	296	1	296	0.0	607
24P1R3A1_07056	24P1R3A1_07056	100.000	525	0	0	1	525	1	525	0.0	1071
24P1R3A1_07057	24P1R3A1_07057	100.000	617	0	0	1	617	1	617	0.0	1273
24P1R3A1_07058	24P1R3A1_07058	100.000	309	0	0	1	309	1	309	0.0	640
24P1R3A1_07059	24P1R3A1_07059	100.000	94	0	0	1	94	1	94	3.42e-65	191
24P1R3A1_07060	24P1R3A1_07060	100.000	550	0	0	1	550	1	550	0.0	1128
24P1R3A1_07061	24P1R3A1_07061	100.000	511	0	0	1	511	1	511	0.0	1036
24P1R3A1_07062	24P1R3A1_07062	100.000	113	0	0	1	113	1	113	5.95e-82	234
24P1R3A1_07063	24P1R3A1_07063	100.000	274	0	0	1	274	1	274	0.0	555
24P1R3A1_07101	24P1R3A1_07101	100.000	793	0	0	1	793	1	793	0.0	1545
24P1R3A1_07102	24P1R3A1_07102	100.000	1407	0	0	1	1407	1	1407	0.0	2809
24P1R3A1_07103	24P1R3A1_07103	100.000	261	0	0	1	261	1	261	0.0	537
24P1R3A1_07104	24P1R3A1_07104	100.000	340	0	0	1	340	1	340	0.0	700
24P1R3A1_07105	24P1R3A1_07105	100.000	328	0	0	1	328	1	328	0.0	650
24P1R3A1_07106	24P1R3A1_07106	100.000	194	0	0	1	194	1	194	8.01e-143	395
24P1R3A1_07107	24P1R3A1_07107	100.000	641	0	0	1	641	1	641	0.0	1288
24P1R3A1_07108	24P1R3A1_07108	100.000	380	0	0	1	380	1	380	0.0	773
24P1R3A1_07109	24P1R3A1_07109	100.000	282	0	0	1	282	1	282	0.0	559
24P1R3A1_07110	24P1R3A1_07110	100.000	391	0	0	1	391	1	391	0.0	757
24P1R3A1_07111	24P1R3A1_07111	100.000	307	0	0	1	307	1	307	0.0	635
24P1R3A1_07112	24P1R3A1_07112	100.000	87	0	0	1	87	1	87	1.43e-57	171
24P1R3A1_07113	24P1R3A1_07113	100.000	314	0	0	1	314	1	314	0.0	642
24P1R3A1_07114	24P1R3A1_07114	100.000	937	0	0	1	937	1	937	0.0	1954
24P1R3A1_07115	24P1R3A1_07115	100.000	171	0	0	1	171	1	171	5.40e-125	348
24P1R3A1_07116	24P1R3A1_07116	100.000	157	0	0	1	157	1	157	3.03e-113	317
24P1R3A1_07117	24P1R3A1_07117	100.000	318	0	0	1	318	1	318	0.0	652
24P1R3A1_07118	24P1R3A1_07118	100.000	274	0	0	1	274	1	274	0.0	551
24P1R3A1_07119	24P1R3A1_07119	100.000	388	0	0	1	388	1	388	0.0	801
24P1R3A1_07120	24P1R3A1_07120	100.000	1076	0	0	1	1076	1	1076	0.0	2209
24P1R3A1_07121	24P1R3A1_07121	100.000	2368	0	0	1	2368	1	2368	0.0	4779
24P1R3A1_07122	24P1R3A1_07122	100.000	166	0	0	1	166	1	166	2.51e-120	336
24P1R3A1_07123	24P1R3A1_07123	100.000	137	0	0	1	137	1	137	3.32e-100	283
24P1R3A1_07124	24P1R3A1_07124	100.000	261	0	0	1	261	1	261	0.0	537
24P1R3A1_07125	24P1R3A1_07125	100.000	185	0	0	1	185	1	185	6.13e-140	387
24P1R3A1_07126	24P1R3A1_07126	100.000	578	0	0	1	578	1	578	0.0	1190
24P1R3A1_07127	24P1R3A1_07127	100.000	523	0	0	1	523	1	523	0.0	1038
24P1R3A1_07128	24P1R3A1_07128	100.000	217	0	0	1	217	1	217	1.19e-155	429
24P1R3A1_07129	24P1R3A1_07129	100.000	480	0	0	1	480	1	480	0.0	954
24P1R3A1_07130	24P1R3A1_07130	100.000	317	0	0	1	317	1	317	0.0	616
24P1R3A1_07131	24P1R3A1_07131	100.000	672	0	0	1	672	1	672	0.0	1338
24P1R3A1_07132	24P1R3A1_07132	100.000	207	0	0	1	207	1	207	2.25e-153	423
24P1R3A1_07133	24P1R3A1_07133	100.000	298	0	0	1	298	1	298	0.0	620
24P1R3A1_07134	24P1R3A1_07134	100.000	159	0	0	1	159	1	159	6.54e-117	327
24P1R3A1_07135	24P1R3A1_07135	100.000	189	0	0	1	189	1	189	3.35e-140	388
24P1R3A1_07136	24P1R3A1_07136	100.000	343	0	0	1	343	1	343	0.0	704
24P1R3A1_07137	24P1R3A1_07137	100.000	115	0	0	1	115	1	115	1.99e-79	228
24P1R3A1_07138	24P1R3A1_07138	100.000	544	0	0	1	544	1	544	0.0	1087
24P1R3A1_07139	24P1R3A1_07139	100.000	549	0	0	1	549	1	549	0.0	1077
24P1R3A1_07140	24P1R3A1_07140	100.000	98	0	0	1	98	1	98	3.20e-64	189
24P1R3A1_07141	24P1R3A1_07141	100.000	169	0	0	1	169	1	169	1.65e-121	339
24P1R3A1_07142	24P1R3A1_07142	100.000	475	0	0	1	475	1	475	0.0	978
24P1R3A1_07143	24P1R3A1_07143	100.000	442	0	0	1	442	1	442	0.0	869
24P1R3A1_07144	24P1R3A1_07144	100.000	45	0	0	1	45	1	45	1.09e-27	92.8
24P1R3A1_07145	24P1R3A1_07145	100.000	191	0	0	1	191	1	191	9.73e-139	385
24P1R3A1_07147	24P1R3A1_07147	100.000	109	0	0	1	109	1	109	2.79e-74	215
24P1R3A1_07148	24P1R3A1_07148	100.000	212	0	0	1	212	1	212	1.29e-153	424
24P1R3A1_07149	24P1R3A1_07149	100.000	734	0	0	1	734	1	734	0.0	1452
24P1R3A1_07150	24P1R3A1_07150	100.000	1648	0	0	1	1648	1	1648	0.0	3390
24P1R3A1_07152	24P1R3A1_07152	100.000	137	0	0	1	137	1	137	1.96e-90	258
24P1R3A1_07209	24P1R3A1_07209	100.000	693	0	0	1	693	1	693	0.0	1377
24P1R3A1_07209	32P3R2A9_06886	97.561	164	4	0	530	693	1	164	3.55e-103	311
24P1R3A1_07210	24P1R3A1_07210	100.000	347	0	0	1	347	1	347	0.0	714
24P1R3A1_07211	24P1R3A1_07211	100.000	443	0	0	1	443	1	443	0.0	911
24P1R3A1_07212	24P1R3A1_07212	100.000	446	0	0	1	446	1	446	0.0	875
24P1R3A1_07213	24P1R3A1_07213	100.000	315	0	0	1	315	1	315	0.0	652
24P1R3A1_07214	24P1R3A1_07214	100.000	144	0	0	1	144	1	144	1.26e-104	295
24P1R3A1_07215	24P1R3A1_07215	100.000	626	0	0	1	626	1	626	0.0	1304
24P1R3A1_07216	24P1R3A1_07216	100.000	96	0	0	1	96	1	96	4.21e-66	193
24P1R3A1_07217	24P1R3A1_07217	100.000	186	0	0	1	186	1	186	2.42e-139	385
24P1R3A1_07218	24P1R3A1_07218	100.000	102	0	0	1	102	1	102	2.71e-70	204
24P1R3A1_07219	24P1R3A1_07219	100.000	279	0	0	1	279	1	279	0.0	549
24P1R3A1_07220	24P1R3A1_07220	100.000	306	0	0	1	306	1	306	0.0	619
24P1R3A1_07221	24P1R3A1_07221	100.000	420	0	0	1	420	1	420	0.0	868
24P1R3A1_07222	24P1R3A1_07222	100.000	203	0	0	1	203	1	203	7.76e-148	409
24P1R3A1_07223	24P1R3A1_07223	100.000	321	0	0	1	321	1	321	0.0	644
24P1R3A1_07224	24P1R3A1_07224	100.000	61	0	0	1	61	1	61	1.68e-40	126
24P1R3A1_07225	24P1R3A1_07225	100.000	411	0	0	1	411	1	411	0.0	815
24P1R3A1_07226	24P1R3A1_07226	100.000	257	0	0	1	257	1	257	0.0	504
24P1R3A1_07227	24P1R3A1_07227	100.000	312	0	0	1	312	1	312	0.0	639
24P1R3A1_07228	24P1R3A1_07228	100.000	218	0	0	1	218	1	218	7.16e-164	450
24P1R3A1_07229	24P1R3A1_07229	100.000	111	0	0	1	111	1	111	1.55e-78	226
24P1R3A1_07230	24P1R3A1_07230	100.000	181	0	0	1	181	1	181	9.81e-131	363
24P1R3A1_07231	24P1R3A1_07231	100.000	529	0	0	1	529	1	529	0.0	1089
24P1R3A1_07232	24P1R3A1_07232	100.000	117	0	0	1	117	1	117	3.10e-83	238
24P1R3A1_07233	24P1R3A1_07233	100.000	350	0	0	1	350	1	350	0.0	691
24P1R3A1_07234	24P1R3A1_07234	100.000	137	0	0	1	137	1	137	1.75e-98	278
24P1R3A1_07235	24P1R3A1_07235	100.000	1073	0	0	1	1073	1	1073	0.0	2050
24P1R3A1_07236	24P1R3A1_07236	100.000	306	0	0	1	306	1	306	0.0	602
24P1R3A1_07300	24P1R3A1_07300	100.000	126	0	0	1	126	1	126	3.61e-84	241
24P1R3A1_07301	24P1R3A1_07301	100.000	182	0	0	1	182	1	182	2.11e-132	368
24P1R3A1_07302	24P1R3A1_07302	100.000	143	0	0	1	143	1	143	5.43e-101	285
24P1R3A1_07303	24P1R3A1_07303	100.000	234	0	0	1	234	1	234	1.41e-168	464
24P1R3A1_07304	24P1R3A1_07304	100.000	166	0	0	1	166	1	166	3.71e-117	328
24P1R3A1_07305	24P1R3A1_07305	100.000	122	0	0	1	122	1	122	3.43e-77	223
24P1R3A1_07306	24P1R3A1_07306	100.000	1343	0	0	1	1343	1	1343	0.0	2749
24P1R3A1_07307	24P1R3A1_07307	100.000	1409	0	0	1	1409	1	1409	0.0	2885
24P1R3A1_07308	24P1R3A1_07308	100.000	453	0	0	1	453	1	453	0.0	939
24P1R3A1_07309	24P1R3A1_07309	100.000	315	0	0	1	315	1	315	0.0	649
24P1R3A1_07310	24P1R3A1_07310	100.000	373	0	0	1	373	1	373	0.0	780
24P1R3A1_07311	24P1R3A1_07311	100.000	256	0	0	1	256	1	256	0.0	518
24P1R3A1_07312	24P1R3A1_07312	100.000	67	0	0	1	67	1	67	4.59e-43	133
24P1R3A1_07313	24P1R3A1_07313	100.000	250	0	0	1	250	1	250	0.0	505
24P1R3A1_07314	24P1R3A1_07314	100.000	213	0	0	1	213	1	213	4.46e-158	435
24P1R3A1_07315	24P1R3A1_07315	100.000	655	0	0	1	655	1	655	0.0	1370
24P1R3A1_07316	24P1R3A1_07316	100.000	225	0	0	1	225	1	225	8.39e-169	463
24P1R3A1_07317	24P1R3A1_07317	100.000	263	0	0	1	263	1	263	0.0	551
24P1R3A1_07318	24P1R3A1_07318	100.000	358	0	0	1	358	1	358	0.0	741
24P1R3A1_07319	24P1R3A1_07319	100.000	223	0	0	1	223	1	223	6.24e-168	461
24P1R3A1_07320	24P1R3A1_07320	100.000	197	0	0	1	197	1	197	2.78e-146	404
24P1R3A1_07321	24P1R3A1_07321	100.000	91	0	0	1	91	1	91	1.51e-60	179
24P1R3A1_07322	24P1R3A1_07322	100.000	231	0	0	1	231	1	231	2.36e-174	478
24P1R3A1_07323	24P1R3A1_07323	100.000	430	0	0	1	430	1	430	0.0	871
24P1R3A1_07324	24P1R3A1_07324	100.000	530	0	0	1	530	1	530	0.0	1099
24P1R3A1_07325	24P1R3A1_07325	100.000	404	0	0	1	404	1	404	0.0	809
24P1R3A1_07326	24P1R3A1_07326	100.000	438	0	0	1	438	1	438	0.0	910
24P1R3A1_07327	24P1R3A1_07327	100.000	565	0	0	1	565	1	565	0.0	1159
