10P3R2A13_01965	10P3R2A13_01965	100.000	188	0	0	1	188	1	188	3.85e-142	393
10P3R2A13_01966	10P3R2A13_01966	100.000	411	0	0	1	411	1	411	0.0	854
10P3R2A13_01966	43P2R2A2_03278	100.000	375	0	0	37	411	1	375	0.0	780
10P3R2A13_01967	10P3R2A13_01967	100.000	328	0	0	1	328	1	328	0.0	667
10P3R2A13_01968	10P3R2A13_01968	100.000	58	0	0	1	58	1	58	1.66e-33	108
10P3R2A13_01969	10P3R2A13_01969	100.000	458	0	0	1	458	1	458	0.0	931
10P3R2A13_01969	43P2R2A2_05422	100.000	301	0	0	158	458	1	301	0.0	617
10P3R2A13_01970	10P3R2A13_01970	100.000	312	0	0	1	312	1	312	0.0	648
10P3R2A13_01970	34P3R2A10_05210	99.652	287	1	0	26	312	1	287	0.0	595
10P3R2A13_01971	10P3R2A13_01971	100.000	412	0	0	1	412	1	412	0.0	860
10P3R2A13_01972	10P3R2A13_01972	100.000	72	0	0	1	72	1	72	2.21e-50	152
10P3R2A13_01973	10P3R2A13_01973	100.000	63	0	0	1	63	1	63	3.23e-40	125
10P3R2A13_01973	11P3R3A1_02755	98.387	62	1	0	1	62	1	62	6.64e-39	122
10P3R2A13_01973	1P1R1A1_02397	96.825	63	2	0	1	63	1	63	1.53e-38	121
10P3R2A13_01973	30P2R3A4_03135	95.238	63	3	0	1	63	1	63	6.65e-38	120
10P3R2A13_01973	5P3R2A4_01557	95.238	63	3	0	1	63	1	63	1.02e-37	119
10P3R2A13_01974	10P3R2A13_01974	100.000	270	0	0	1	270	1	270	0.0	559
10P3R2A13_01975	10P3R2A13_01975	100.000	867	0	0	1	867	1	867	0.0	1810
10P3R2A13_01976	10P3R2A13_01976	100.000	92	0	0	1	92	1	92	6.37e-62	182
10P3R2A13_01976	28P2R1A12_04709	95.652	92	4	0	1	92	1	92	3.56e-59	176
10P3R2A13_01976	30P2R3A4_03132	95.652	92	4	0	1	92	1	92	3.76e-59	176
10P3R2A13_01976	5P3R2A4_01562	95.652	92	4	0	1	92	1	92	4.54e-58	173
10P3R2A13_01977	10P3R2A13_01977	100.000	57	0	0	1	57	1	57	4.21e-36	115
10P3R2A13_01977	34P3R2A10_00790	96.491	57	2	0	1	57	1	57	4.93e-35	112
10P3R2A13_01978	10P3R2A13_01978	100.000	74	0	0	1	74	1	74	6.21e-52	156
10P3R2A13_01978	5P3R2A4_01564	97.297	74	2	0	1	74	1	74	3.42e-50	151
10P3R2A13_01978	28P2R1A12_04707	97.297	74	2	0	1	74	1	74	1.03e-49	150
10P3R2A13_01979	10P3R2A13_01979	100.000	204	0	0	1	204	1	204	1.96e-151	418
10P3R2A13_01980	10P3R2A13_01980	100.000	52	0	0	1	52	1	52	3.86e-34	109
10P3R2A13_01981	10P3R2A13_01981	100.000	140	0	0	1	140	1	140	2.77e-100	283
10P3R2A13_01982	10P3R2A13_01982	100.000	85	0	0	1	85	1	85	3.44e-59	175
10P3R2A13_01982	12_1P1R2A2-1_01563	97.647	85	2	0	1	85	1	85	4.76e-57	169
10P3R2A13_01983	10P3R2A13_01983	100.000	141	0	0	1	141	1	141	3.87e-102	288
10P3R2A13_01983	1P1R1A1_02407	97.872	141	3	0	1	141	1	141	7.41e-101	285
10P3R2A13_01983	30P2R3A4_03125	97.163	141	4	0	1	141	1	141	2.11e-99	281
10P3R2A13_01983	5P3R2A4_01569	95.745	141	6	0	1	141	1	141	1.76e-97	276
10P3R2A13_01983	28P2R1A12_04703	96.063	127	5	0	1	127	1	127	1.69e-88	253
10P3R2A13_01984	10P3R2A13_01984	100.000	263	0	0	1	263	1	263	0.0	535
10P3R2A13_01984	30P2R3A4_03124	96.958	263	8	0	1	263	1	263	0.0	519
10P3R2A13_01984	29P3R3A9_01783	100.000	136	0	0	1	136	1	136	2.70e-94	282
10P3R2A13_01985	10P3R2A13_01985	100.000	249	0	0	1	249	1	249	0.0	517
10P3R2A13_01985	34P3R2A10_00781	97.189	249	7	0	1	249	1	249	0.0	502
10P3R2A13_01985	3P1R3A2_02199	95.984	249	10	0	1	249	1	249	0.0	499
10P3R2A13_01985	30P2R3A4_03123	95.984	249	10	0	1	249	1	249	0.0	497
10P3R2A13_01986	10P3R2A13_01986	100.000	84	0	0	1	84	1	84	1.06e-56	169
10P3R2A13_01987	10P3R2A13_01987	100.000	139	0	0	1	139	1	139	2.92e-101	286
10P3R2A13_01987	30P2R3A4_03122	98.561	139	2	0	1	139	112	250	9.65e-100	286
10P3R2A13_01987	34P3R2A10_00780	97.122	139	4	0	1	139	116	254	3.46e-97	280
10P3R2A13_01988	10P3R2A13_01988	100.000	144	0	0	1	144	1	144	3.67e-104	293
10P3R2A13_01989	10P3R2A13_01989	100.000	347	0	0	1	347	1	347	0.0	728
10P3R2A13_01990	10P3R2A13_01990	100.000	610	0	0	1	610	1	610	0.0	1252
10P3R2A13_01991	10P3R2A13_01991	100.000	51	0	0	1	51	1	51	2.96e-30	99.8
10P3R2A13_01992	10P3R2A13_01992	100.000	200	0	0	1	200	1	200	1.32e-150	415
10P3R2A13_01992	3P1R3A2_02193	97.500	200	5	0	1	200	1	200	9.58e-147	405
10P3R2A13_01992	5P3R2A4_04774	97.000	200	6	0	1	200	1	200	3.69e-146	404
10P3R2A13_01992	34P3R2A10_00775	96.500	200	7	0	1	200	1	200	7.29e-146	403
10P3R2A13_01992	28P2R1A12_04896	96.000	200	8	0	1	200	1	200	3.87e-144	399
10P3R2A13_01993	10P3R2A13_01993	100.000	97	0	0	1	97	1	97	1.15e-70	205
10P3R2A13_01994	10P3R2A13_01994	100.000	181	0	0	1	181	1	181	3.18e-134	372
10P3R2A13_01994	3P1R3A2_02191	96.685	181	6	0	1	181	1	181	2.55e-130	362
10P3R2A13_01995	11P3R3A1_02773	100.000	46	0	0	1	46	21	66	7.87e-26	89.0
10P3R2A13_01995	10P3R2A13_01995	100.000	46	0	0	1	46	1	46	9.15e-26	88.2
10P3R2A13_01996	10P3R2A13_01996	100.000	143	0	0	1	143	1	143	2.94e-105	296
10P3R2A13_01997	10P3R2A13_01997	100.000	132	0	0	1	132	1	132	5.16e-98	277
10P3R2A13_01998	10P3R2A13_01998	100.000	72	0	0	1	72	1	72	1.76e-47	144
10P3R2A13_01998	16_1P2R1A8-1_00562	100.000	29	0	0	1	29	1	29	1.54e-14	60.8
10P3R2A13_01999	10P3R2A13_01999	100.000	166	0	0	1	166	1	166	5.51e-122	340
10P3R2A13_01999	16_1P2R1A8-1_04751	97.590	166	4	0	1	166	1	166	9.48e-120	335
10P3R2A13_01999	1P1R1A1_04042	97.590	166	4	0	1	166	1	166	1.23e-119	334
10P3R2A13_01999	27P2R2A12_04016	97.590	166	4	0	1	166	1	166	4.45e-119	333
10P3R2A13_01999	40P3R1A10_03715	96.386	166	6	0	1	166	1	166	4.32e-118	330
10P3R2A13_01999	9P3R1A9_04436	96.386	166	6	0	1	166	1	166	5.26e-118	330
10P3R2A13_01999	8P2R1A11_00354	95.783	166	7	0	1	166	1	166	3.00e-107	303
10P3R2A13_01999	11P3R3A1_02777	97.778	135	3	0	1	135	1	135	2.59e-94	270
10P3R2A13_02000	10P3R2A13_02000	100.000	155	0	0	1	155	1	155	2.15e-111	312
10P3R2A13_02001	10P3R2A13_02001	100.000	475	0	0	1	475	1	475	0.0	949
10P3R2A13_02002	10P3R2A13_02002	100.000	493	0	0	1	493	1	493	0.0	1024
10P3R2A13_02002	12_1P1R2A2-1_04332	96.711	152	5	0	342	493	23	174	6.25e-102	303
10P3R2A13_02003	10P3R2A13_02003	100.000	426	0	0	1	426	1	426	0.0	860
10P3R2A13_02004	10P3R2A13_02004	100.000	262	0	0	1	262	1	262	0.0	541
10P3R2A13_02004	51P2R2A10_02516	96.947	262	8	0	1	262	1	262	0.0	528
10P3R2A13_02005	10P3R2A13_02005	100.000	485	0	0	1	485	1	485	0.0	1009
10P3R2A13_02005	28P2R1A12_02836	99.519	416	2	0	70	485	1	416	0.0	868
10P3R2A13_02006	10P3R2A13_02006	100.000	470	0	0	1	470	1	470	0.0	924
10P3R2A13_02007	10P3R2A13_02007	100.000	260	0	0	1	260	1	260	0.0	524
10P3R2A13_02008	10P3R2A13_02008	100.000	287	0	0	1	287	1	287	0.0	578
10P3R2A13_02009	10P3R2A13_02009	100.000	192	0	0	1	192	1	192	4.30e-141	390
10P3R2A13_02009	14P1R2A4_04701	100.000	100	0	0	93	192	1	100	1.04e-70	209
10P3R2A13_02009	14P1R2A4_04700	100.000	81	0	0	1	81	1	81	5.21e-53	164
10P3R2A13_02010	10P3R2A13_02010	100.000	87	0	0	1	87	1	87	3.26e-62	183
10P3R2A13_02011	10P3R2A13_02011	100.000	424	0	0	1	424	1	424	0.0	860
10P3R2A13_02011	34P3R2A10_01646	97.345	113	3	0	312	424	1	113	7.35e-76	231
10P3R2A13_02012	10P3R2A13_02012	100.000	122	0	0	1	122	1	122	1.48e-89	254
10P3R2A13_02013	10P3R2A13_02013	100.000	600	0	0	1	600	1	600	0.0	1226
10P3R2A13_02013	15P1R1A16_05175	100.000	101	0	0	500	600	1	101	1.99e-66	211
10P3R2A13_02014	10P3R2A13_02014	100.000	571	0	0	1	571	1	571	0.0	1181
10P3R2A13_02014	15P1R1A16_04052	100.000	319	0	0	253	571	1	319	0.0	657
10P3R2A13_02014	34P3R2A10_04880	99.645	282	1	0	290	571	1	282	0.0	581
10P3R2A13_02015	10P3R2A13_02015	100.000	245	0	0	1	245	1	245	0.0	504
10P3R2A13_02016	10P3R2A13_02016	100.000	51	0	0	1	51	1	51	2.10e-30	100
10P3R2A13_02017	10P3R2A13_02017	100.000	900	0	0	1	900	1	900	0.0	1865
10P3R2A13_02017	12_1P1R2A2-1_02568	97.222	900	25	0	1	900	1	900	0.0	1819
10P3R2A13_02017	29P3R3A9_04343	99.882	844	1	0	1	844	1	844	0.0	1744
10P3R2A13_02017	16_1P2R1A8-1_03296	99.878	819	1	0	82	900	1	819	0.0	1690
10P3R2A13_02017	43P2R2A2_05091	100.000	371	0	0	530	900	1	371	0.0	764
10P3R2A13_02017	16_1P2R1A8-1_01673	100.000	84	0	0	1	84	1	84	6.46e-54	182
10P3R2A13_02018	10P3R2A13_02018	100.000	521	0	0	1	521	1	521	0.0	1074
10P3R2A13_02018	33P3R2A2_04269	97.505	521	13	0	1	521	1	521	0.0	1048
10P3R2A13_02018	12_1P1R2A2-1_02567	96.545	521	18	0	1	521	1	521	0.0	1037
10P3R2A13_02018	29P3R3A9_04344	97.610	251	6	0	271	521	7	257	6.88e-180	505
10P3R2A13_02018	15P1R1A16_04873	97.753	178	4	0	344	521	1	178	4.83e-122	355
10P3R2A13_02018	15P1R1A16_04869	97.191	178	5	0	344	521	1	178	1.93e-120	351
10P3R2A13_02018	14P1R2A4_05130	97.273	110	3	0	412	521	1	110	9.30e-70	218
10P3R2A13_02019	10P3R2A13_02019	100.000	179	0	0	1	179	1	179	1.33e-131	365
10P3R2A13_02019	34P3R2A10_04209	95.480	177	8	0	1	177	1	177	2.30e-125	350
10P3R2A13_02020	10P3R2A13_02020	100.000	352	0	0	1	352	1	352	0.0	724
10P3R2A13_02021	10P3R2A13_02021	100.000	249	0	0	1	249	1	249	0.0	511
10P3R2A13_02021	11P3R3A1_00346	97.590	249	6	0	1	249	1	249	0.0	500
10P3R2A13_02021	12_1P1R2A2-1_02564	96.386	249	9	0	1	249	1	249	9.28e-172	473
10P3R2A13_02021	19P1R1A6_03777	96.386	249	9	0	1	249	1	249	6.19e-171	471
10P3R2A13_02021	15P1R1A16_05207	95.794	214	9	0	36	249	1	214	1.03e-142	398
10P3R2A13_02021	43P2R2A2_04923	100.000	168	0	0	82	249	1	168	7.24e-122	343
10P3R2A13_02022	10P3R2A13_02022	100.000	217	0	0	1	217	1	217	5.70e-162	446
10P3R2A13_02022	19P1R1A6_03776	97.696	217	5	0	1	217	1	217	7.98e-158	435
10P3R2A13_02022	12_1P1R2A2-1_02563	96.774	217	7	0	1	217	1	217	2.15e-155	429
10P3R2A13_02022	11P3R3A1_00347	95.392	217	10	0	1	217	1	217	3.45e-154	426
10P3R2A13_02023	10P3R2A13_02023	100.000	308	0	0	1	308	1	308	0.0	620
10P3R2A13_02023	34P3R2A10_04639	100.000	190	0	0	119	308	1	190	3.33e-137	386
10P3R2A13_02023	30P2R3A4_00694	98.844	173	2	0	136	308	44	216	2.11e-121	347
10P3R2A13_02024	10P3R2A13_02024	100.000	98	0	0	1	98	1	98	6.81e-68	198
10P3R2A13_02024	11P3R3A1_00349	97.959	98	2	0	1	98	1	98	3.42e-67	196
10P3R2A13_02024	14P1R2A4_05124	97.917	96	2	0	3	98	1	96	1.31e-65	192
10P3R2A13_02025	10P3R2A13_02025	100.000	346	0	0	1	346	1	346	0.0	719
10P3R2A13_02025	34P3R2A10_04467	100.000	232	0	0	115	346	1	232	5.27e-172	477
10P3R2A13_02026	10P3R2A13_02026	100.000	303	0	0	1	303	1	303	0.0	632
10P3R2A13_02026	18P3R3A11_04221	97.360	303	8	0	1	303	1	303	0.0	619
10P3R2A13_02027	10P3R2A13_02027	100.000	476	0	0	1	476	1	476	0.0	972
10P3R2A13_02028	10P3R2A13_02028	100.000	202	0	0	1	202	1	202	9.13e-149	411
10P3R2A13_02029	10P3R2A13_02029	100.000	108	0	0	1	108	1	108	9.17e-74	214
10P3R2A13_02030	10P3R2A13_02030	100.000	104	0	0	1	104	1	104	2.55e-73	212
10P3R2A13_02031	10P3R2A13_02031	100.000	237	0	0	1	237	1	237	5.02e-177	485
10P3R2A13_02032	10P3R2A13_02032	100.000	160	0	0	1	160	1	160	1.41e-114	321
10P3R2A13_02032	38P2R3A13_08231	97.500	160	4	0	1	160	1	160	1.22e-112	316
10P3R2A13_02032	42P1R1A12_01320	97.500	160	4	0	1	160	1	160	3.27e-112	315
10P3R2A13_02033	10P3R2A13_02033	100.000	350	0	0	1	350	1	350	0.0	715
10P3R2A13_02034	10P3R2A13_02034	100.000	254	0	0	1	254	1	254	0.0	517
10P3R2A13_02035	10P3R2A13_02035	100.000	209	0	0	1	209	1	209	6.60e-153	422
10P3R2A13_02036	10P3R2A13_02036	100.000	380	0	0	1	380	1	380	0.0	766
10P3R2A13_02036	15P1R1A16_04973	100.000	113	0	0	268	380	1	113	1.75e-78	236
10P3R2A13_02038	10P3R2A13_02038	100.000	136	0	0	1	136	1	136	2.02e-97	276
10P3R2A13_02038	15P1R1A16_04975	98.000	100	2	0	37	136	1	100	3.31e-66	196
10P3R2A13_02039	10P3R2A13_02039	100.000	198	0	0	1	198	1	198	4.80e-147	406
10P3R2A13_02040	10P3R2A13_02040	100.000	476	0	0	1	476	1	476	0.0	976
10P3R2A13_02040	31P2R1A5_02172	97.059	476	14	0	1	476	1	476	0.0	951
10P3R2A13_02040	18P3R3A11_04204	96.008	476	19	0	1	476	1	476	0.0	944
10P3R2A13_02040	38P2R3A13_05070	95.168	476	23	0	1	476	1	476	0.0	938
10P3R2A13_02040	32P3R2A9_01858	100.000	331	0	0	146	476	1	331	0.0	677
10P3R2A13_02041	10P3R2A13_02041	100.000	79	0	0	1	79	1	79	6.44e-55	164
10P3R2A13_02042	10P3R2A13_02042	100.000	455	0	0	1	455	1	455	0.0	874
10P3R2A13_02042	25P2R1A13_02806	99.491	393	2	0	1	393	1	393	0.0	746
10P3R2A13_02043	10P3R2A13_02043	100.000	259	0	0	1	259	1	259	0.0	533
10P3R2A13_02044	10P3R2A13_02044	100.000	213	0	0	1	213	1	213	1.22e-159	439
10P3R2A13_02045	10P3R2A13_02045	100.000	421	0	0	1	421	1	421	0.0	861
10P3R2A13_02045	11P3R3A1_00370	99.735	378	1	0	1	378	1	378	0.0	768
10P3R2A13_02046	10P3R2A13_02046	100.000	303	0	0	1	303	1	303	0.0	605
10P3R2A13_02047	10P3R2A13_02047	100.000	256	0	0	1	256	1	256	0.0	521
10P3R2A13_02048	10P3R2A13_02048	100.000	219	0	0	1	219	1	219	6.35e-164	451
10P3R2A13_02048	32P3R2A9_01866	97.260	219	6	0	1	219	1	219	1.25e-159	440
10P3R2A13_02048	25P2R1A13_02800	96.347	219	8	0	1	219	1	219	4.77e-158	436
10P3R2A13_02049	10P3R2A13_02049	100.000	854	0	0	1	854	1	854	0.0	1749
10P3R2A13_02049	34P3R2A10_02215	99.870	771	1	0	84	854	1	771	0.0	1572
10P3R2A13_02050	10P3R2A13_02050	100.000	78	0	0	1	78	1	78	5.70e-54	161
10P3R2A13_02051	10P3R2A13_02051	100.000	118	0	0	1	118	1	118	5.12e-84	240
10P3R2A13_02052	10P3R2A13_02052	100.000	693	0	0	1	693	1	693	0.0	1427
10P3R2A13_02053	10P3R2A13_02053	100.000	337	0	0	1	337	1	337	0.0	674
10P3R2A13_02053	34P3R2A10_03838	98.707	232	3	0	106	337	1	232	7.82e-163	453
10P3R2A13_02054	10P3R2A13_02054	100.000	374	0	0	1	374	1	374	0.0	776
10P3R2A13_02054	43P2R2A2_05227	100.000	299	0	0	76	374	1	299	0.0	620
10P3R2A13_02054	34P3R2A10_05216	100.000	265	0	0	110	374	1	265	0.0	550
10P3R2A13_02055	10P3R2A13_02055	100.000	91	0	0	1	91	1	91	9.27e-63	184
10P3R2A13_02056	10P3R2A13_02056	100.000	291	0	0	1	291	1	291	0.0	604
10P3R2A13_02056	25P2R1A13_04587	99.123	114	1	0	178	291	4	117	1.50e-79	236
10P3R2A13_02056	25P2R1A13_04586	100.000	53	0	0	126	178	1	53	3.65e-31	110
10P3R2A13_02057	10P3R2A13_02057	100.000	117	0	0	1	117	1	117	8.18e-82	234
10P3R2A13_02058	10P3R2A13_02058	100.000	154	0	0	1	154	1	154	3.42e-115	322
10P3R2A13_02059	10P3R2A13_02059	100.000	204	0	0	1	204	1	204	1.11e-150	416
10P3R2A13_02060	10P3R2A13_02060	100.000	609	0	0	1	609	1	609	0.0	1193
10P3R2A13_02060	34P3R2A10_04615	99.697	330	1	0	280	609	1	330	0.0	654
10P3R2A13_02060	34P3R2A10_05242	99.184	245	2	0	365	609	1	245	2.06e-168	479
10P3R2A13_02061	10P3R2A13_02061	100.000	308	0	0	1	308	1	308	0.0	605
10P3R2A13_02062	10P3R2A13_02062	100.000	570	0	0	1	570	1	570	0.0	1185
10P3R2A13_02062	31P2R1A5_02134	97.193	570	16	0	1	570	1	570	0.0	1162
10P3R2A13_02062	34P3R2A10_04128	99.619	525	2	0	46	570	1	525	0.0	1090
10P3R2A13_02063	10P3R2A13_02063	100.000	181	0	0	1	181	1	181	9.52e-135	374
10P3R2A13_02063	25P2R1A13_04170	97.790	181	4	0	1	181	1	181	3.94e-132	367
10P3R2A13_02064	10P3R2A13_02064	100.000	256	0	0	1	256	1	256	0.0	528
10P3R2A13_02065	10P3R2A13_02065	100.000	137	0	0	1	137	1	137	2.78e-101	285
10P3R2A13_02065	34P3R2A10_04493	100.000	65	0	0	73	137	1	65	3.68e-43	136
10P3R2A13_02066	10P3R2A13_02066	100.000	157	0	0	1	157	1	157	5.19e-113	317
10P3R2A13_02067	10P3R2A13_02067	100.000	475	0	0	1	475	1	475	0.0	995
10P3R2A13_02067	15P1R1A16_02749	99.631	271	1	0	205	475	1	271	0.0	563
10P3R2A13_02067	34P3R2A10_04489	100.000	146	0	0	330	475	1	146	2.32e-103	305
10P3R2A13_02068	10P3R2A13_02068	100.000	486	0	0	1	486	1	486	0.0	967
10P3R2A13_02068	34P3R2A10_05197	98.718	234	3	0	253	486	1	234	1.75e-160	454
10P3R2A13_02069	10P3R2A13_02069	100.000	338	0	0	1	338	1	338	0.0	695
10P3R2A13_02070	10P3R2A13_02070	100.000	176	0	0	1	176	1	176	7.52e-128	356
10P3R2A13_02071	10P3R2A13_02071	100.000	751	0	0	1	751	1	751	0.0	1539
10P3R2A13_02071	34P3R2A10_04919	99.198	499	4	0	253	751	1	499	0.0	1004
10P3R2A13_02072	10P3R2A13_02072	100.000	378	0	0	1	378	1	378	0.0	771
10P3R2A13_02072	11P3R3A1_00397	97.619	378	9	0	1	378	1	378	0.0	749
10P3R2A13_02073	10P3R2A13_02073	100.000	480	0	0	1	480	1	480	0.0	1008
10P3R2A13_02074	10P3R2A13_02074	100.000	505	0	0	1	505	1	505	0.0	1016
10P3R2A13_02074	34P3R2A10_04979	97.605	334	8	0	172	505	1	334	0.0	662
10P3R2A13_02075	10P3R2A13_02075	100.000	322	0	0	1	322	1	322	0.0	651
10P3R2A13_02075	34P3R2A10_03608	100.000	161	0	0	162	322	1	161	2.56e-114	327
10P3R2A13_02075	15P1R1A16_03018	100.000	90	0	0	233	322	1	90	3.86e-59	184
10P3R2A13_02076	10P3R2A13_02076	100.000	258	0	0	1	258	1	258	0.0	531
10P3R2A13_02077	10P3R2A13_02077	100.000	120	0	0	1	120	1	120	3.43e-84	241
10P3R2A13_02078	10P3R2A13_02078	100.000	260	0	0	1	260	1	260	0.0	525
10P3R2A13_02078	15P1R1A16_04773	100.000	219	0	0	42	260	1	219	9.88e-161	444
10P3R2A13_02079	10P3R2A13_02079	100.000	124	0	0	1	124	1	124	3.21e-89	254
10P3R2A13_02079	40P3R1A10_03288	97.581	124	3	0	1	124	1	124	3.44e-87	249
10P3R2A13_02080	10P3R2A13_02080	100.000	320	0	0	1	320	1	320	0.0	636
10P3R2A13_02081	10P3R2A13_02081	100.000	188	0	0	1	188	1	188	4.19e-138	383
10P3R2A13_02081	18P3R3A11_02544	96.277	188	7	0	1	188	1	188	1.40e-132	369
10P3R2A13_02082	10P3R2A13_02082	100.000	397	0	0	1	397	1	397	0.0	823
10P3R2A13_02082	24P1R3A1_01900	100.000	362	0	0	36	397	1	362	0.0	749
10P3R2A13_02083	10P3R2A13_02083	100.000	166	0	0	1	166	1	166	1.18e-119	334
10P3R2A13_02084	10P3R2A13_02084	100.000	354	0	0	1	354	1	354	0.0	717
10P3R2A13_02085	10P3R2A13_02085	100.000	167	0	0	1	167	1	167	4.32e-123	343
10P3R2A13_02085	34P3R2A10_05194	99.346	153	1	0	15	167	1	153	9.48e-112	314
10P3R2A13_02086	10P3R2A13_02086	100.000	877	0	0	1	877	1	877	0.0	1806
10P3R2A13_02086	34P3R2A10_04930	98.925	93	1	0	785	877	1	93	6.75e-53	179
10P3R2A13_02093	10P3R2A13_02093	100.000	189	0	0	1	189	1	189	1.00e-139	387
10P3R2A13_02093	28P2R1A12_02752	97.884	189	4	0	1	189	1	189	4.95e-137	380
10P3R2A13_02094	10P3R2A13_02094	100.000	143	0	0	1	143	1	143	1.91e-98	279
10P3R2A13_02095	10P3R2A13_02095	100.000	519	0	0	1	519	1	519	0.0	1077
10P3R2A13_02095	43P2R2A2_01781	100.000	426	0	0	94	519	1	426	0.0	883
10P3R2A13_02095	15P1R1A16_05191	100.000	191	0	0	329	519	1	191	3.46e-137	394
10P3R2A13_02096	10P3R2A13_02096	100.000	172	0	0	1	172	1	172	8.01e-130	360
10P3R2A13_02097	10P3R2A13_02097	100.000	513	0	0	1	513	1	513	0.0	1029
10P3R2A13_02098	10P3R2A13_02098	100.000	391	0	0	1	391	1	391	0.0	791
10P3R2A13_02098	34P3R2A10_03202	100.000	148	0	0	244	391	1	148	1.00e-102	300
10P3R2A13_02099	10P3R2A13_02099	100.000	177	0	0	1	177	1	177	5.15e-130	361
10P3R2A13_02100	10P3R2A13_02100	100.000	112	0	0	1	112	1	112	6.00e-76	219
10P3R2A13_02101	10P3R2A13_02101	100.000	246	0	0	1	246	1	246	3.47e-178	489
10P3R2A13_02102	10P3R2A13_02102	100.000	395	0	0	1	395	1	395	0.0	773
10P3R2A13_02102	29P3R3A9_02910	99.691	324	1	0	72	395	1	324	0.0	632
10P3R2A13_02102	29P3R3A9_02911	100.000	41	0	0	1	41	1	41	4.33e-21	86.7
10P3R2A13_02103	10P3R2A13_02103	100.000	331	0	0	1	331	1	331	0.0	684
10P3R2A13_02104	10P3R2A13_02104	100.000	355	0	0	1	355	1	355	0.0	691
10P3R2A13_02105	10P3R2A13_02105	100.000	401	0	0	1	401	1	401	0.0	809
10P3R2A13_02106	10P3R2A13_02106	100.000	320	0	0	1	320	1	320	0.0	662
10P3R2A13_02107	10P3R2A13_02107	100.000	715	0	0	1	715	1	715	0.0	1493
10P3R2A13_02108	10P3R2A13_02108	100.000	137	0	0	1	137	1	137	8.74e-99	279
10P3R2A13_02109	10P3R2A13_02109	100.000	82	0	0	1	82	1	82	6.77e-58	171
10P3R2A13_02110	10P3R2A13_02110	100.000	110	0	0	1	110	1	110	3.88e-77	222
10P3R2A13_02111	10P3R2A13_02111	100.000	115	0	0	1	115	1	115	1.15e-82	237
10P3R2A13_02112	10P3R2A13_02112	100.000	150	0	0	1	150	1	150	1.99e-108	305
10P3R2A13_02113	10P3R2A13_02113	100.000	135	0	0	1	135	1	135	5.45e-96	272
10P3R2A13_02114	10P3R2A13_02114	100.000	175	0	0	1	175	1	175	2.11e-126	352
10P3R2A13_02114	25P2R1A13_03398	97.714	175	4	0	1	175	1	175	5.17e-123	343
10P3R2A13_02115	10P3R2A13_02115	100.000	100	0	0	1	100	1	100	1.38e-68	200
10P3R2A13_02116	10P3R2A13_02116	100.000	53	0	0	1	53	1	53	7.18e-31	101
10P3R2A13_02117	10P3R2A13_02117	100.000	150	0	0	1	150	1	150	1.45e-107	302
10P3R2A13_02118	10P3R2A13_02118	100.000	221	0	0	1	221	1	221	7.65e-164	451
10P3R2A13_02119	10P3R2A13_02119	100.000	467	0	0	1	467	1	467	0.0	930
10P3R2A13_02119	15P1R1A16_01644	99.642	279	1	0	189	467	1	279	0.0	558
10P3R2A13_02119	34P3R2A10_05257	99.632	272	1	0	196	467	1	272	0.0	543
10P3R2A13_02120	10P3R2A13_02120	100.000	427	0	0	1	427	1	427	0.0	873
10P3R2A13_02120	15P1R1A16_05049	97.768	224	5	0	204	427	1	224	5.12e-156	439
10P3R2A13_02121	10P3R2A13_02121	100.000	483	0	0	1	483	1	483	0.0	983
10P3R2A13_02121	15P1R1A16_04777	99.454	183	1	0	301	483	1	183	5.92e-128	369
10P3R2A13_02122	10P3R2A13_02122	100.000	423	0	0	1	423	1	423	0.0	875
10P3R2A13_02122	28P2R1A12_02723	97.872	423	9	0	1	423	1	423	0.0	859
10P3R2A13_02122	15P1R1A16_04928	100.000	375	0	0	49	423	1	375	0.0	776
10P3R2A13_02123	10P3R2A13_02123	100.000	326	0	0	1	326	1	326	0.0	677
10P3R2A13_02123	25P2R1A13_03389	97.546	326	8	0	1	326	1	326	0.0	663
10P3R2A13_02123	34P3R2A10_04969	100.000	144	0	0	183	326	1	144	6.35e-106	305
10P3R2A13_02124	12_1P1R2A2-1_02461	100.000	316	0	0	1	316	234	549	0.0	662
10P3R2A13_02124	10P3R2A13_02124	100.000	316	0	0	1	316	1	316	0.0	660
10P3R2A13_02124	26P1R3A4_03774	99.045	314	3	0	1	314	234	547	0.0	651
10P3R2A13_02124	25P2R1A13_03388	98.985	197	2	0	118	314	1	197	1.57e-141	400
10P3R2A13_02124	32P3R2A9_01943	99.254	134	1	0	183	316	1	134	6.58e-94	274
10P3R2A13_02124	11P3R3A1_00450	98.485	132	2	0	183	314	1	132	2.63e-90	268
10P3R2A13_02124	16_1P2R1A8-1_03110	98.485	132	2	0	183	314	1	132	3.34e-88	267
10P3R2A13_02124	25P2R1A13_03387	100.000	112	0	0	1	112	117	228	5.06e-81	245
10P3R2A13_02124	33P3R2A2_03095	100.000	112	0	0	1	112	234	345	1.56e-79	245
10P3R2A13_02125	10P3R2A13_02125	100.000	210	0	0	1	210	1	210	1.44e-156	431
10P3R2A13_02125	12_1P1R2A2-1_02461	99.462	186	1	0	1	186	1	186	1.18e-133	386
10P3R2A13_02125	33P3R2A2_03095	97.312	186	5	0	1	186	1	186	2.97e-133	377
10P3R2A13_02125	26P1R3A4_03774	99.462	186	1	0	1	186	1	186	9.87e-133	385
10P3R2A13_02125	25P2R1A13_03386	97.273	110	3	0	1	110	1	110	6.15e-75	221
10P3R2A13_02127	10P3R2A13_02127	100.000	205	0	0	1	205	1	205	1.38e-150	416
10P3R2A13_02127	15P1R1A16_02481	98.125	160	3	0	1	160	1	160	2.95e-112	317
10P3R2A13_02128	10P3R2A13_02128	100.000	248	0	0	1	248	1	248	0.0	499
10P3R2A13_02129	10P3R2A13_02129	100.000	158	0	0	1	158	1	158	2.85e-115	323
10P3R2A13_02130	10P3R2A13_02130	100.000	288	0	0	1	288	1	288	0.0	571
10P3R2A13_02130	15P1R1A16_02483	98.639	147	2	0	1	147	1	147	2.24e-100	290
10P3R2A13_02131	10P3R2A13_02131	100.000	701	0	0	1	701	1	701	0.0	1349
10P3R2A13_02131	25P2R1A13_03382	98.187	662	12	0	1	662	269	930	0.0	1242
10P3R2A13_02131	29P3R3A9_02939	98.187	662	12	0	1	662	269	930	0.0	1237
10P3R2A13_02131	28P2R1A12_04336	96.677	662	20	1	1	662	269	928	0.0	1214
10P3R2A13_02132	10P3R2A13_02132	100.000	109	0	0	1	109	1	109	2.84e-76	220
10P3R2A13_02132	10P3R2A13_03787	95.413	109	5	0	1	109	1	109	1.69e-73	213
10P3R2A13_02132	28P2R1A12_04336	95.413	109	5	0	1	109	1417	1525	1.77e-67	219
10P3R2A13_02132	25P2R1A13_03382	95.413	109	5	0	1	109	1419	1527	2.15e-67	219
10P3R2A13_02134	10P3R2A13_02134	100.000	42	0	0	1	42	1	42	4.15e-25	86.3
10P3R2A13_02134	15P1R1A16_03363	97.619	42	1	0	1	42	1	42	1.71e-24	84.7
10P3R2A13_02135	10P3R2A13_02135	100.000	161	0	0	1	161	1	161	4.05e-119	332
10P3R2A13_02136	10P3R2A13_02136	100.000	159	0	0	1	159	1	159	1.98e-117	328
10P3R2A13_02136	11P3R3A1_04405	100.000	150	0	0	10	159	1	150	5.78e-111	311
10P3R2A13_02137	10P3R2A13_02137	100.000	97	0	0	1	97	1	97	1.79e-65	192
10P3R2A13_02138	10P3R2A13_02138	100.000	114	0	0	1	114	1	114	3.17e-82	235
10P3R2A13_02139	10P3R2A13_02139	100.000	554	0	0	1	554	1	554	0.0	1131
10P3R2A13_02140	10P3R2A13_02140	100.000	293	0	0	1	293	1	293	0.0	607
10P3R2A13_02140	18P3R3A11_04297	96.928	293	9	0	1	293	1	293	0.0	591
10P3R2A13_02141	10P3R2A13_02141	100.000	198	0	0	1	198	1	198	4.34e-142	394
10P3R2A13_02142	10P3R2A13_02142	100.000	414	0	0	1	414	1	414	0.0	836
10P3R2A13_02143	10P3R2A13_02143	100.000	289	0	0	1	289	1	289	0.0	580
10P3R2A13_02144	10P3R2A13_02144	100.000	454	0	0	1	454	1	454	0.0	911
10P3R2A13_02144	18P3R3A11_04293	97.797	454	10	0	1	454	1	454	0.0	894
10P3R2A13_02144	31P2R1A5_01991	96.923	455	13	1	1	454	1	455	0.0	886
10P3R2A13_02144	42P1R1A12_03746	97.130	453	12	1	1	452	1	453	0.0	884
10P3R2A13_02144	34P3R2A10_04395	100.000	158	0	0	297	454	1	158	4.68e-107	314
10P3R2A13_02145	10P3R2A13_02145	100.000	83	0	0	1	83	1	83	2.85e-56	167
10P3R2A13_02146	10P3R2A13_02146	100.000	183	0	0	1	183	1	183	6.07e-135	374
10P3R2A13_02147	10P3R2A13_02147	100.000	256	0	0	1	256	1	256	0.0	525
10P3R2A13_02147	31P2R1A5_01988	96.875	256	8	0	1	256	1	256	0.0	511
10P3R2A13_02147	42P1R1A12_03749	96.875	256	8	0	1	256	1	256	0.0	509
10P3R2A13_02147	18P3R3A11_04290	96.484	256	9	0	1	256	1	256	0.0	509
10P3R2A13_02148	10P3R2A13_02148	100.000	116	0	0	1	116	1	116	4.45e-81	233
10P3R2A13_02148	24P1R3A1_05373	95.652	115	5	0	1	115	1	115	8.17e-79	227
10P3R2A13_02149	10P3R2A13_02149	100.000	161	0	0	1	161	1	161	1.05e-119	334
10P3R2A13_02150	10P3R2A13_02150	100.000	409	0	0	1	409	1	409	0.0	845
10P3R2A13_02150	25P2R1A13_03363	100.000	241	0	0	1	241	1	241	4.85e-179	498
10P3R2A13_02150	25P2R1A13_03364	99.281	139	1	0	271	409	1	139	2.97e-99	291
10P3R2A13_02151	10P3R2A13_02151	100.000	173	0	0	1	173	1	173	2.41e-128	357
10P3R2A13_02153	10P3R2A13_02153	100.000	357	0	0	1	357	1	357	0.0	741
10P3R2A13_02154	10P3R2A13_02154	100.000	374	0	0	1	374	1	374	0.0	761
10P3R2A13_02155	10P3R2A13_02155	100.000	387	0	0	1	387	1	387	0.0	800
10P3R2A13_02155	43P2R2A2_01731	100.000	242	0	0	146	387	1	242	0.0	504
10P3R2A13_02156	10P3R2A13_02156	100.000	114	0	0	1	114	1	114	1.96e-81	233
10P3R2A13_02157	10P3R2A13_02157	100.000	246	0	0	1	246	1	246	0.0	508
10P3R2A13_02158	10P3R2A13_02158	100.000	327	0	0	1	327	1	327	0.0	666
10P3R2A13_02159	10P3R2A13_02159	100.000	244	0	0	1	244	1	244	0.0	506
10P3R2A13_02159	34P3R2A10_04097	99.099	111	1	0	134	244	1	111	9.40e-77	227
10P3R2A13_02160	10P3R2A13_02160	100.000	858	0	0	1	858	1	858	0.0	1733
10P3R2A13_02160	18P3R3A11_04274	96.270	858	32	0	1	858	1	858	0.0	1681
10P3R2A13_02160	38P2R3A13_08505	95.884	656	27	0	203	858	1	656	0.0	1281
10P3R2A13_02161	10P3R2A13_02161	100.000	183	0	0	1	183	1	183	1.76e-127	355
10P3R2A13_02161	19P1R1A6_03852	95.082	183	9	0	1	183	1	183	2.18e-102	292
10P3R2A13_02162	10P3R2A13_02162	100.000	166	0	0	1	166	1	166	4.42e-123	343
10P3R2A13_02162	12_1P1R2A2-1_02652	98.658	149	2	0	18	166	1	149	5.44e-108	304
10P3R2A13_02163	10P3R2A13_02163	100.000	242	0	0	1	242	1	242	2.25e-180	494
10P3R2A13_02164	10P3R2A13_02164	100.000	879	0	0	1	879	1	879	0.0	1813
10P3R2A13_02164	43P2R2A2_04995	100.000	162	0	0	718	879	1	162	8.26e-110	333
10P3R2A13_02165	10P3R2A13_02165	100.000	177	0	0	1	177	1	177	2.12e-129	360
10P3R2A13_02165	8P2R1A11_04346	97.740	177	4	0	1	177	1	177	1.20e-127	355
10P3R2A13_02165	34P3R2A10_02757	97.740	177	4	0	1	177	1	177	9.38e-127	353
10P3R2A13_02166	10P3R2A13_02166	100.000	168	0	0	1	168	1	168	6.36e-121	338
10P3R2A13_02167	10P3R2A13_02167	100.000	301	0	0	1	301	1	301	0.0	598
10P3R2A13_02167	28P2R1A12_02506	98.578	211	3	0	91	301	25	235	1.48e-145	408
10P3R2A13_02168	10P3R2A13_02168	100.000	108	0	0	1	108	1	108	7.41e-79	226
10P3R2A13_02169	10P3R2A13_02169	100.000	448	0	0	1	448	1	448	0.0	871
10P3R2A13_02169	34P3R2A10_02760	99.645	282	1	0	167	448	1	282	0.0	553
10P3R2A13_02169	15P1R1A16_03860	99.379	161	1	0	288	448	1	161	1.91e-105	310
10P3R2A13_02170	10P3R2A13_02170	100.000	395	0	0	1	395	1	395	0.0	822
10P3R2A13_02171	10P3R2A13_02171	100.000	487	0	0	1	487	1	487	0.0	1013
10P3R2A13_02172	10P3R2A13_02172	100.000	258	0	0	1	258	1	258	0.0	531
10P3R2A13_02172	11P3R3A1_01046	99.174	242	2	0	17	258	1	242	7.88e-180	493
10P3R2A13_02173	10P3R2A13_02173	100.000	277	0	0	1	277	1	277	0.0	574
10P3R2A13_02173	11P3R3A1_01045	97.473	277	7	0	1	277	1	277	0.0	560
10P3R2A13_02173	1P1R1A1_03577	96.751	277	9	0	1	277	1	277	0.0	555
10P3R2A13_02173	34P3R2A10_04092	98.361	183	3	0	95	277	1	183	2.37e-131	369
10P3R2A13_02174	10P3R2A13_02174	100.000	131	0	0	1	131	1	131	2.24e-95	270
10P3R2A13_02174	11P3R3A1_01044	95.420	131	6	0	1	131	1	131	3.41e-89	254
10P3R2A13_02175	10P3R2A13_02175	100.000	304	0	0	1	304	1	304	0.0	625
10P3R2A13_02175	34P3R2A10_04830	98.630	146	2	0	159	304	1	146	3.19e-103	298
10P3R2A13_02176	10P3R2A13_02176	100.000	391	0	0	1	391	1	391	0.0	790
10P3R2A13_02177	10P3R2A13_02177	100.000	154	0	0	1	154	1	154	4.56e-109	306
10P3R2A13_02177	8P2R1A11_04334	97.403	154	4	0	1	154	1	154	5.29e-106	299
10P3R2A13_02178	10P3R2A13_02178	100.000	228	0	0	1	228	1	228	8.85e-163	448
10P3R2A13_02178	34P3R2A10_04350	99.138	116	1	0	113	228	1	116	3.79e-78	230
10P3R2A13_02179	10P3R2A13_02179	100.000	185	0	0	1	185	1	185	2.15e-137	380
10P3R2A13_02179	29P3R3A9_04240	100.000	130	0	0	1	130	1	130	2.47e-94	270
10P3R2A13_02179	43P2R2A2_04372	100.000	125	0	0	61	185	1	125	7.06e-90	258
10P3R2A13_02180	10P3R2A13_02180	100.000	393	0	0	1	393	1	393	0.0	754
10P3R2A13_02180	29P3R3A9_04239	97.455	393	10	0	1	393	1	393	0.0	737
10P3R2A13_02181	10P3R2A13_02181	100.000	324	0	0	1	324	1	324	0.0	663
10P3R2A13_02181	29P3R3A9_04238	97.222	324	9	0	1	324	1	324	0.0	650
10P3R2A13_02181	34P3R2A10_04201	99.507	203	1	0	122	324	1	203	1.08e-150	421
10P3R2A13_02181	34P3R2A10_04204	97.044	203	6	0	122	324	1	203	7.35e-148	414
10P3R2A13_02181	25P2R1A13_03173	99.383	162	1	0	163	324	1	162	3.21e-116	332
10P3R2A13_02181	25P2R1A13_03174	100.000	132	0	0	1	132	1	132	5.97e-90	266
10P3R2A13_02182	10P3R2A13_02182	100.000	86	0	0	1	86	1	86	1.62e-60	178
10P3R2A13_02182	17P1R1A4_03081	97.674	86	2	0	1	86	1	86	2.10e-58	173
10P3R2A13_02183	10P3R2A13_02183	100.000	256	0	0	1	256	1	256	0.0	519
10P3R2A13_02183	28P2R1A12_02522	97.656	256	6	0	1	256	1	256	0.0	508
10P3R2A13_02183	29P3R3A9_04236	96.850	254	8	0	1	254	1	254	0.0	500
10P3R2A13_02184	10P3R2A13_02184	100.000	384	0	0	1	384	1	384	0.0	800
10P3R2A13_02184	27P2R2A12_01452	96.615	384	13	0	1	384	1	384	0.0	776
10P3R2A13_02185	10P3R2A13_02185	100.000	427	0	0	1	427	1	427	0.0	858
10P3R2A13_02185	15P1R1A16_03225	99.725	363	1	0	65	427	1	363	0.0	732
10P3R2A13_02186	10P3R2A13_02186	100.000	411	0	0	1	411	1	411	0.0	813
10P3R2A13_02186	30P2R3A4_02506	97.810	411	9	0	1	411	1	411	0.0	799
10P3R2A13_02186	29P3R3A9_04233	98.276	406	7	0	6	411	15	420	0.0	788
10P3R2A13_02186	34P3R2A10_03438	97.749	311	7	0	101	411	1	311	0.0	603
10P3R2A13_02186	43P2R2A2_05692	100.000	152	0	0	260	411	1	152	3.55e-102	300
10P3R2A13_02187	10P3R2A13_02187	100.000	319	0	0	1	319	1	319	0.0	654
10P3R2A13_02187	28P2R1A12_02526	95.298	319	15	0	1	319	1	319	0.0	622
10P3R2A13_02188	10P3R2A13_02188	100.000	471	0	0	1	471	1	471	0.0	974
10P3R2A13_02188	28P2R1A12_02527	97.333	375	10	0	97	471	1	375	0.0	767
10P3R2A13_02188	28P2R1A12_02528	98.889	90	1	0	1	90	1	90	1.44e-56	182
10P3R2A13_02189	10P3R2A13_02189	100.000	55	0	0	1	55	1	55	8.93e-34	108
10P3R2A13_02189	11P3R3A1_01029	96.364	55	2	0	1	55	1	55	1.70e-32	105
10P3R2A13_02189	30P2R3A4_02503	96.364	55	2	0	1	55	1	55	1.85e-32	105
10P3R2A13_02189	16_1P2R1A8-1_01711	96.364	55	2	0	1	55	1	55	1.92e-32	105
10P3R2A13_02190	10P3R2A13_02190	100.000	174	0	0	1	174	1	174	5.06e-129	358
10P3R2A13_02190	25P2R1A13_03183	98.750	160	2	0	1	160	1	160	8.03e-111	329
10P3R2A13_02191	10P3R2A13_02191	100.000	525	0	0	1	525	1	525	0.0	1086
10P3R2A13_02191	25P2R1A13_03183	97.821	459	10	0	1	459	174	632	0.0	936
10P3R2A13_02192	10P3R2A13_02192	100.000	114	0	0	1	114	1	114	1.40e-81	234
10P3R2A13_02192	30P2R3A4_02498	96.970	33	1	0	82	114	1	33	1.97e-14	62.0
10P3R2A13_02193	10P3R2A13_02193	100.000	584	0	0	1	584	1	584	0.0	1195
10P3R2A13_02194	10P3R2A13_02194	100.000	490	0	0	1	490	1	490	0.0	1016
10P3R2A13_02195	10P3R2A13_02195	100.000	811	0	0	1	811	1	811	0.0	1672
10P3R2A13_02196	10P3R2A13_02196	100.000	323	0	0	1	323	1	323	0.0	638
10P3R2A13_02197	10P3R2A13_02197	100.000	64	0	0	1	64	1	64	2.96e-43	133
10P3R2A13_02198	10P3R2A13_02198	100.000	319	0	0	1	319	1	319	0.0	655
10P3R2A13_02198	34P3R2A10_02657	99.649	285	1	0	35	319	1	285	0.0	585
10P3R2A13_02198	15P1R1A16_03938	99.153	118	1	0	202	319	1	118	1.07e-82	245
10P3R2A13_02198	43P2R2A2_02992	100.000	76	0	0	244	319	1	76	2.14e-50	161
10P3R2A13_02199	10P3R2A13_02199	100.000	68	0	0	1	68	1	68	8.67e-47	142
10P3R2A13_02200	10P3R2A13_02200	100.000	717	0	0	1	717	1	717	0.0	1438
10P3R2A13_02200	34P3R2A10_04111	99.679	312	1	0	406	717	1	312	0.0	637
10P3R2A13_02201	10P3R2A13_02201	100.000	171	0	0	1	171	1	171	1.74e-127	354
10P3R2A13_02202	10P3R2A13_02202	100.000	521	0	0	1	521	1	521	0.0	1093
10P3R2A13_02202	18P3R3A11_01452	95.969	521	21	0	1	521	1	521	0.0	1058
10P3R2A13_02202	42P1R1A12_02268	95.202	521	25	0	1	521	1	521	0.0	1053
10P3R2A13_02202	43P2R2A2_04989	100.000	36	0	0	486	521	1	36	2.17e-18	78.6
10P3R2A13_02203	10P3R2A13_02203	100.000	297	0	0	1	297	1	297	0.0	615
10P3R2A13_02204	10P3R2A13_02204	100.000	459	0	0	1	459	1	459	0.0	926
10P3R2A13_02205	10P3R2A13_02205	100.000	263	0	0	1	263	1	263	0.0	528
10P3R2A13_02206	10P3R2A13_02206	100.000	268	0	0	1	268	1	268	0.0	554
10P3R2A13_02206	31P2R1A5_04307	96.269	268	10	0	1	268	1	268	0.0	536
10P3R2A13_02206	42P1R1A12_02264	95.522	268	12	0	1	268	1	268	0.0	533
10P3R2A13_02206	15P1R1A16_04521	100.000	200	0	0	69	268	1	200	3.52e-149	415
10P3R2A13_02207	10P3R2A13_02207	100.000	127	0	0	1	127	1	127	9.14e-93	263
10P3R2A13_02208	10P3R2A13_02208	100.000	284	0	0	1	284	1	284	0.0	597
10P3R2A13_02208	31P2R1A5_04309	95.406	283	13	0	1	283	1	283	0.0	575
10P3R2A13_02208	43P2R2A2_05518	100.000	58	0	0	227	284	1	58	1.21e-36	124
10P3R2A13_02209	10P3R2A13_02209	100.000	489	0	0	1	489	1	489	0.0	1008
10P3R2A13_02209	18P3R3A11_01459	97.546	489	12	0	1	489	1	489	0.0	993
10P3R2A13_02209	42P1R1A12_02261	96.728	489	16	0	1	489	1	489	0.0	979
10P3R2A13_02209	38P2R3A13_03778	96.115	489	19	0	1	489	1	489	0.0	979
10P3R2A13_02210	10P3R2A13_02210	100.000	430	0	0	1	430	1	430	0.0	884
10P3R2A13_02211	10P3R2A13_02211	100.000	149	0	0	1	149	1	149	4.44e-109	306
10P3R2A13_02211	27P2R2A12_03751	97.987	149	3	0	1	149	1	149	5.62e-106	298
10P3R2A13_02212	10P3R2A13_02212	100.000	555	0	0	1	555	1	555	0.0	1116
10P3R2A13_02212	34P3R2A10_04079	99.792	481	1	0	75	555	1	481	0.0	963
10P3R2A13_02213	10P3R2A13_02213	100.000	454	0	0	1	454	1	454	0.0	922
10P3R2A13_02214	10P3R2A13_02214	100.000	305	0	0	1	305	1	305	0.0	632
10P3R2A13_02214	43P2R2A2_03773	100.000	157	0	0	149	305	1	157	7.51e-112	320
10P3R2A13_02215	10P3R2A13_02215	100.000	341	0	0	1	341	1	341	0.0	702
10P3R2A13_02216	10P3R2A13_02216	100.000	764	0	0	1	764	1	764	0.0	1579
10P3R2A13_02217	10P3R2A13_02217	100.000	165	0	0	1	165	1	165	3.41e-116	325
10P3R2A13_02218	10P3R2A13_02218	100.000	246	0	0	1	246	1	246	0.0	510
10P3R2A13_02219	10P3R2A13_02219	100.000	180	0	0	1	180	1	180	1.72e-130	363
10P3R2A13_02220	10P3R2A13_02220	100.000	158	0	0	1	158	1	158	6.93e-111	311
10P3R2A13_02220	15P1R1A16_02211	100.000	94	0	0	65	158	1	94	9.83e-62	185
10P3R2A13_02221	10P3R2A13_02221	100.000	257	0	0	1	257	1	257	0.0	525
10P3R2A13_02221	15P1R1A16_03731	99.222	257	2	0	1	257	22	278	0.0	522
10P3R2A13_02222	10P3R2A13_02222	100.000	242	0	0	1	242	1	242	0.0	498
10P3R2A13_02223	10P3R2A13_02223	100.000	226	0	0	1	226	1	226	1.75e-169	465
10P3R2A13_02224	10P3R2A13_02224	100.000	263	0	0	1	263	1	263	0.0	545
10P3R2A13_02224	25P2R1A13_03205	97.719	263	6	0	1	263	1	263	0.0	536
10P3R2A13_02224	33P3R2A2_01169	96.958	263	8	0	1	263	1	263	0.0	530
10P3R2A13_02225	10P3R2A13_02225	100.000	79	0	0	1	79	1	79	2.31e-50	152
10P3R2A13_02225	16_1P2R1A8-1_01740	97.468	79	2	0	1	79	1	79	1.26e-48	148
10P3R2A13_02229	10P3R2A13_02229	100.000	344	0	0	1	344	1	344	0.0	709
10P3R2A13_02230	10P3R2A13_02230	100.000	138	0	0	1	138	1	138	2.89e-98	278
10P3R2A13_02231	10P3R2A13_02231	100.000	149	0	0	1	149	1	149	2.92e-109	306
10P3R2A13_02232	10P3R2A13_02232	100.000	226	0	0	1	226	1	226	6.79e-171	469
10P3R2A13_02232	27P2R2A12_03730	97.788	226	5	0	1	226	1	226	1.35e-166	458
10P3R2A13_02234	10P3R2A13_02234	100.000	202	0	0	1	202	1	202	6.02e-142	394
10P3R2A13_02235	10P3R2A13_02235	100.000	54	0	0	1	54	1	54	7.25e-29	96.7
10P3R2A13_02235	54P2R2A3_02636	96.296	54	2	0	1	54	22	75	5.89e-28	94.7
10P3R2A13_02236	10P3R2A13_02236	100.000	358	0	0	1	358	1	358	0.0	737
10P3R2A13_02237	10P3R2A13_02237	100.000	261	0	0	1	261	1	261	0.0	533
10P3R2A13_02237	12_1P1R2A2-1_02720	97.701	261	6	0	1	261	1	261	0.0	519
10P3R2A13_02237	11P3R3A1_00988	96.935	261	8	0	1	261	1	261	0.0	514
10P3R2A13_02237	28P2R1A12_02567	97.287	258	7	0	1	258	1	258	0.0	513
10P3R2A13_02238	10P3R2A13_02238	100.000	288	0	0	1	288	1	288	0.0	593
10P3R2A13_02238	28P2R1A12_02568	95.833	288	12	0	1	288	1	288	0.0	570
10P3R2A13_02238	24P1R3A1_02208	100.000	245	0	0	44	288	1	245	0.0	503
10P3R2A13_02238	12_1P1R2A2-1_02721	99.149	235	2	0	54	288	1	235	1.04e-172	476
10P3R2A13_02238	29P3R3A9_03691	97.021	235	7	0	54	288	1	235	3.04e-168	465
10P3R2A13_02238	27P2R2A12_03416	96.596	235	8	0	54	288	1	235	5.61e-168	464
10P3R2A13_02239	10P3R2A13_02239	100.000	517	0	0	1	517	1	517	0.0	1076
10P3R2A13_02239	26P1R3A4_00439	99.648	284	1	0	234	517	1	284	0.0	590
10P3R2A13_02239	26P1R3A4_00440	99.471	189	1	0	1	189	1	189	4.62e-136	393
10P3R2A13_02240	10P3R2A13_02240	100.000	260	0	0	1	260	1	260	0.0	527
10P3R2A13_02241	10P3R2A13_02241	100.000	441	0	0	1	441	1	441	0.0	896
10P3R2A13_02241	18P3R3A11_01497	95.465	441	20	0	1	441	1	441	0.0	861
10P3R2A13_02241	31P2R1A5_04365	95.918	441	18	0	1	441	1	441	0.0	844
10P3R2A13_02241	54P2R2A3_02631	95.465	441	20	0	1	441	1	441	0.0	841
10P3R2A13_02242	10P3R2A13_02242	100.000	408	0	0	1	408	1	408	0.0	842
10P3R2A13_02242	31P2R1A5_04366	95.833	408	17	0	1	408	1	408	0.0	808
10P3R2A13_02242	34P3R2A10_03797	100.000	248	0	0	161	408	1	248	0.0	513
10P3R2A13_02243	10P3R2A13_02243	100.000	240	0	0	1	240	1	240	2.72e-178	489
10P3R2A13_02244	10P3R2A13_02244	100.000	50	0	0	1	50	1	50	1.58e-28	95.5
10P3R2A13_02244	25P2R1A13_00474	98.000	50	1	0	1	50	1	50	3.88e-28	94.4
10P3R2A13_02244	15P1R1A16_03401	95.918	49	2	0	1	49	1	49	1.91e-27	93.6
10P3R2A13_02245	10P3R2A13_02245	100.000	339	0	0	1	339	1	339	0.0	703
10P3R2A13_02245	15P1R1A16_03400	97.935	339	7	0	1	339	1	339	0.0	690
10P3R2A13_02245	33P3R2A2_01148	97.345	339	9	0	1	339	1	339	0.0	687
10P3R2A13_02245	34P3R2A10_04074	100.000	295	0	0	45	339	1	295	0.0	610
10P3R2A13_02245	34P3R2A10_03794	96.949	295	9	0	45	339	1	295	0.0	594
10P3R2A13_02245	43P2R2A2_05504	96.000	75	3	0	265	339	1	75	5.18e-45	148
10P3R2A13_02246	10P3R2A13_02246	100.000	215	0	0	1	215	1	215	1.12e-157	434
10P3R2A13_02247	10P3R2A13_02247	100.000	323	0	0	1	323	1	323	0.0	658
10P3R2A13_02247	34P3R2A10_02887	100.000	148	0	0	176	323	1	148	6.05e-104	300
10P3R2A13_02248	10P3R2A13_02248	100.000	461	0	0	1	461	1	461	0.0	939
10P3R2A13_02248	31P2R1A5_04371	96.529	461	16	0	1	461	1	461	0.0	912
10P3R2A13_02248	18P3R3A11_01503	96.104	462	17	1	1	461	1	462	0.0	910
10P3R2A13_02248	43P2R2A2_01536	100.000	288	0	0	174	461	1	288	0.0	580
10P3R2A13_02249	10P3R2A13_02249	100.000	411	0	0	1	411	1	411	0.0	859
10P3R2A13_02250	10P3R2A13_02250	100.000	556	0	0	1	556	1	556	0.0	1132
10P3R2A13_02250	31P2R1A5_04373	96.223	556	21	0	1	556	1	556	0.0	1097
10P3R2A13_02250	42P1R1A12_02199	95.863	556	23	0	1	556	68	623	0.0	1097
10P3R2A13_02250	18P3R3A11_01507	95.683	556	24	0	1	556	1	556	0.0	1093
10P3R2A13_02251	10P3R2A13_02251	100.000	646	0	0	1	646	1	646	0.0	1333
10P3R2A13_02252	24P1R3A1_02222	100.000	99	0	0	1	99	11	109	2.10e-67	197
10P3R2A13_02252	10P3R2A13_02252	100.000	99	0	0	1	99	1	99	3.72e-67	196
10P3R2A13_02252	34P3R2A10_01970	100.000	68	0	0	32	99	1	68	5.01e-42	132
10P3R2A13_02253	10P3R2A13_02253	100.000	174	0	0	1	174	1	174	1.83e-127	355
10P3R2A13_02253	25P2R1A13_00465	97.059	170	5	0	1	170	1	170	2.53e-120	337
10P3R2A13_02254	10P3R2A13_02254	100.000	216	0	0	1	216	1	216	8.43e-158	435
10P3R2A13_02255	10P3R2A13_02255	100.000	290	0	0	1	290	1	290	0.0	602
10P3R2A13_02256	10P3R2A13_02256	100.000	158	0	0	1	158	1	158	1.60e-115	323
10P3R2A13_02257	10P3R2A13_02257	100.000	230	0	0	1	230	1	230	2.28e-169	465
10P3R2A13_02258	10P3R2A13_02258	100.000	475	0	0	1	475	1	475	0.0	959
10P3R2A13_02258	28P2R1A12_02589	97.472	356	9	0	1	356	1	356	0.0	701
10P3R2A13_02259	10P3R2A13_02259	100.000	451	0	0	1	451	1	451	0.0	913
10P3R2A13_02259	40P3R1A10_00539	100.000	272	0	0	1	272	1	272	0.0	560
10P3R2A13_02259	27P2R2A12_03438	100.000	175	0	0	1	175	1	175	2.14e-123	356
10P3R2A13_02259	27P2R2A12_03440	97.727	176	4	0	276	451	9	184	3.90e-116	338
10P3R2A13_02259	40P3R1A10_00538	100.000	170	0	0	282	451	1	170	2.09e-115	335
10P3R2A13_02259	27P2R2A12_03439	100.000	96	0	0	181	276	1	96	2.41e-65	204
10P3R2A13_02260	10P3R2A13_02260	100.000	239	0	0	1	239	1	239	1.30e-178	489
10P3R2A13_02260	18P3R3A11_01517	97.490	239	6	0	1	239	1	239	1.80e-174	479
10P3R2A13_02260	38P2R3A13_08122	96.476	227	8	0	13	239	1	227	1.12e-163	451
10P3R2A13_02261	10P3R2A13_02261	100.000	229	0	0	1	229	1	229	2.96e-170	468
10P3R2A13_02261	25P2R1A13_00457	97.817	229	5	0	1	229	1	229	1.44e-166	458
10P3R2A13_02262	10P3R2A13_02262	100.000	821	0	0	1	821	1	821	0.0	1686
10P3R2A13_02262	34P3R2A10_05049	98.421	380	6	0	442	821	1	380	0.0	773
10P3R2A13_02263	10P3R2A13_02263	100.000	311	0	0	1	311	1	311	0.0	642
10P3R2A13_02263	34P3R2A10_04435	99.644	281	1	0	31	311	1	281	0.0	580
10P3R2A13_02264	10P3R2A13_02264	100.000	429	0	0	1	429	1	429	0.0	882
10P3R2A13_02264	43P2R2A2_00610	100.000	185	0	0	245	429	1	185	3.20e-134	383
10P3R2A13_02265	10P3R2A13_02265	100.000	99	0	0	1	99	1	99	1.82e-67	197
10P3R2A13_02266	10P3R2A13_02266	100.000	259	0	0	1	259	1	259	0.0	531
10P3R2A13_02267	10P3R2A13_02267	100.000	477	0	0	1	477	1	477	0.0	959
10P3R2A13_02267	15P1R1A16_05121	99.015	203	2	0	275	477	1	203	4.85e-143	408
10P3R2A13_02268	10P3R2A13_02268	100.000	318	0	0	1	318	1	318	0.0	649
10P3R2A13_02268	42P1R1A12_02182	95.283	318	15	0	1	318	1	318	0.0	626
10P3R2A13_02269	10P3R2A13_02269	100.000	196	0	0	1	196	1	196	9.96e-144	397
10P3R2A13_02270	10P3R2A13_02270	100.000	189	0	0	1	189	1	189	3.37e-131	365
10P3R2A13_02271	10P3R2A13_02271	100.000	238	0	0	1	238	1	238	1.43e-176	484
10P3R2A13_02272	10P3R2A13_02272	100.000	135	0	0	1	135	1	135	2.47e-97	275
10P3R2A13_02274	10P3R2A13_02274	100.000	377	0	0	1	377	1	377	0.0	768
10P3R2A13_02274	31P2R1A5_04399	96.296	378	13	1	1	377	1	378	0.0	744
10P3R2A13_02274	18P3R3A11_01530	95.026	382	14	1	1	377	1	382	0.0	737
10P3R2A13_02275	10P3R2A13_02275	100.000	70	0	0	1	70	1	70	2.07e-45	139
10P3R2A13_02275	17P1R1A4_02871	100.000	51	0	0	20	70	1	51	4.11e-30	100
10P3R2A13_02276	10P3R2A13_02276	100.000	389	0	0	1	389	1	389	0.0	759
10P3R2A13_02277	10P3R2A13_02277	100.000	300	0	0	1	300	1	300	0.0	626
10P3R2A13_02277	34P3R2A10_04426	100.000	73	0	0	228	300	1	73	2.72e-47	153
10P3R2A13_02278	10P3R2A13_02278	100.000	83	0	0	1	83	1	83	6.26e-57	169
10P3R2A13_02278	11P3R3A1_00947	98.780	82	1	0	1	82	1	82	2.75e-56	169
10P3R2A13_02278	33P3R2A2_01115	96.341	82	3	0	1	82	1	82	4.36e-55	166
10P3R2A13_02278	15P1R1A16_03371	98.780	82	1	0	1	82	179	260	5.32e-55	172
10P3R2A13_02278	25P2R1A13_00440	97.561	82	2	0	1	82	179	260	1.93e-54	171
10P3R2A13_02279	10P3R2A13_02279	100.000	30	0	0	1	30	1	30	3.73e-14	57.8
10P3R2A13_02280	10P3R2A13_02280	100.000	73	0	0	1	73	1	73	3.83e-48	146
10P3R2A13_02280	33P3R2A2_01114	97.917	48	1	0	1	48	1	48	2.28e-28	99.8
10P3R2A13_02280	15P1R1A16_03371	96.000	50	2	0	1	50	1	50	3.30e-28	102
10P3R2A13_02280	25P2R1A13_00440	97.917	48	1	0	1	48	1	48	1.12e-27	101
10P3R2A13_02281	10P3R2A13_02281	100.000	382	0	0	1	382	1	382	0.0	784
10P3R2A13_02281	3P1R3A2_00124	98.429	382	6	0	1	382	9	390	0.0	771
10P3R2A13_02281	25P2R1A13_00439	97.644	382	9	0	1	382	436	817	0.0	771
10P3R2A13_02281	34P3R2A10_04429	97.644	382	9	0	1	382	9	390	0.0	769
10P3R2A13_02281	27P2R2A12_03915	97.382	382	10	0	1	382	1	382	0.0	761
10P3R2A13_02281	12_1P1R2A2-1_04264	100.000	232	0	0	151	382	6	237	3.12e-171	477
10P3R2A13_02282	10P3R2A13_02282	100.000	474	0	0	1	474	1	474	0.0	969
10P3R2A13_02282	12_1P1R2A2-1_01954	97.679	474	11	0	1	474	1	474	0.0	947
10P3R2A13_02282	1P1R1A1_01567	96.203	474	18	0	1	474	1	474	0.0	930
10P3R2A13_02282	3P1R3A2_00123	97.297	259	7	0	216	474	1	259	0.0	514
10P3R2A13_02282	40P3R1A10_00514	100.000	246	0	0	1	246	1	246	0.0	511
10P3R2A13_02282	40P3R1A10_00515	100.000	188	0	0	287	474	1	188	1.12e-133	383
10P3R2A13_02282	34P3R2A10_05292	95.213	188	9	0	287	474	1	188	1.33e-125	363
10P3R2A13_02282	3P1R3A2_00122	98.485	66	1	0	1	66	1	66	6.14e-40	138
10P3R2A13_02283	10P3R2A13_02283	100.000	88	0	0	1	88	1	88	4.59e-57	170
10P3R2A13_02283	18P3R3A11_01533	97.727	88	2	0	1	88	1	88	5.14e-56	167
10P3R2A13_02284	10P3R2A13_02284	100.000	314	0	0	1	314	1	314	0.0	632
10P3R2A13_02285	10P3R2A13_02285	100.000	939	0	0	1	939	1	939	0.0	1945
10P3R2A13_02285	34P3R2A10_04482	99.399	499	3	0	441	939	1	499	0.0	1024
10P3R2A13_02286	10P3R2A13_02286	100.000	165	0	0	1	165	1	165	2.34e-118	331
10P3R2A13_02287	10P3R2A13_02287	100.000	150	0	0	1	150	1	150	3.06e-107	301
10P3R2A13_02287	34P3R2A10_03525	100.000	63	0	0	88	150	1	63	2.57e-39	127
10P3R2A13_02288	10P3R2A13_02288	100.000	317	0	0	1	317	1	317	0.0	646
10P3R2A13_02289	10P3R2A13_02289	100.000	305	0	0	1	305	1	305	0.0	622
10P3R2A13_02289	28P2R1A12_01620	97.682	302	7	0	1	302	1	302	0.0	606
10P3R2A13_02289	25P2R1A13_00428	97.351	302	8	0	1	302	1	302	0.0	602
10P3R2A13_02289	40P3R1A10_00507	98.058	206	4	0	1	206	1	206	3.70e-147	411
10P3R2A13_02289	40P3R1A10_00506	98.925	93	1	0	213	305	1	93	1.51e-62	192
10P3R2A13_02290	10P3R2A13_02290	100.000	274	0	0	1	274	1	274	0.0	547
10P3R2A13_02291	10P3R2A13_02291	100.000	383	0	0	1	383	1	383	0.0	791
10P3R2A13_02291	18P3R3A11_01540	95.039	383	19	0	1	383	1	383	0.0	756
10P3R2A13_02292	10P3R2A13_02292	100.000	1074	0	0	1	1074	1	1074	0.0	2204
10P3R2A13_02292	31P2R1A5_03815	97.015	1072	32	0	1	1072	1	1072	0.0	2145
10P3R2A13_02292	18P3R3A11_01541	96.828	1072	34	0	1	1072	1	1072	0.0	2144
10P3R2A13_02292	34P3R2A10_05111	99.662	296	1	0	779	1074	1	296	0.0	605
10P3R2A13_02292	38P2R3A13_08333	95.699	93	4	0	980	1072	1	93	2.52e-56	189
10P3R2A13_02293	10P3R2A13_02293	100.000	73	0	0	1	73	1	73	3.06e-49	149
10P3R2A13_02294	10P3R2A13_02294	100.000	132	0	0	1	132	1	132	1.70e-95	270
10P3R2A13_02294	34P3R2A10_05278	98.246	114	2	0	19	132	1	114	2.19e-79	229
10P3R2A13_02295	11P3R3A1_00930	100.000	130	0	0	1	130	1	130	2.28e-90	260
10P3R2A13_02295	10P3R2A13_02295	100.000	131	0	0	1	131	1	131	3.76e-90	257
10P3R2A13_02295	33P3R2A2_01097	97.692	130	3	0	1	130	1	130	1.20e-88	256
10P3R2A13_02295	34P3R2A10_05277	97.059	102	3	0	29	130	1	102	7.46e-67	199
10P3R2A13_02296	10P3R2A13_02296	100.000	262	0	0	1	262	1	262	0.0	527
10P3R2A13_02297	10P3R2A13_02297	100.000	518	0	0	1	518	1	518	0.0	1085
10P3R2A13_02297	33P3R2A2_01095	98.028	507	10	0	12	518	1	507	0.0	1038
10P3R2A13_02298	10P3R2A13_02298	100.000	406	0	0	1	406	1	406	0.0	847
10P3R2A13_02298	15P1R1A16_02928	100.000	341	0	0	66	406	1	341	0.0	711
10P3R2A13_02299	10P3R2A13_02299	100.000	483	0	0	1	483	1	483	0.0	991
10P3R2A13_02299	25P2R1A13_03560	98.121	479	9	0	1	479	1	479	0.0	965
10P3R2A13_02299	34P3R2A10_02722	97.590	166	4	0	318	483	1	166	2.85e-115	336
10P3R2A13_02300	10P3R2A13_02300	100.000	228	0	0	1	228	1	228	3.87e-166	457
10P3R2A13_02302	10P3R2A13_02302	100.000	111	0	0	1	111	1	111	9.26e-79	226
10P3R2A13_02302	19P1R1A6_00245	97.297	111	3	0	1	111	1	111	7.15e-77	222
10P3R2A13_02303	10P3R2A13_02303	100.000	408	0	0	1	408	1	408	0.0	827
10P3R2A13_02303	43P2R2A2_05460	100.000	168	0	0	241	408	1	168	8.21e-117	337
10P3R2A13_02304	10P3R2A13_02304	100.000	1048	0	0	1	1048	1	1048	0.0	2115
10P3R2A13_02304	15P1R1A16_02081	99.566	461	2	0	588	1048	1	461	0.0	927
10P3R2A13_02304	43P2R2A2_04211	100.000	237	0	0	812	1048	1	237	7.10e-163	479
10P3R2A13_02305	34P3R2A10_01675	100.000	459	0	0	1	459	13	471	0.0	916
10P3R2A13_02305	10P3R2A13_02305	100.000	459	0	0	1	459	1	459	0.0	915
10P3R2A13_02306	10P3R2A13_02306	100.000	416	0	0	1	416	1	416	0.0	842
10P3R2A13_02307	10P3R2A13_02307	100.000	218	0	0	1	218	1	218	7.91e-163	447
10P3R2A13_02308	10P3R2A13_02308	100.000	123	0	0	1	123	1	123	1.61e-88	252
10P3R2A13_02309	10P3R2A13_02309	100.000	83	0	0	1	83	1	83	5.20e-54	162
10P3R2A13_02309	27P2R2A12_04196	97.590	83	2	0	1	83	1	83	1.21e-52	158
10P3R2A13_02310	10P3R2A13_02310	100.000	373	0	0	1	373	1	373	0.0	782
10P3R2A13_02310	34P3R2A10_04794	99.684	316	1	0	58	373	1	316	0.0	664
10P3R2A13_02310	43P2R2A2_04217	100.000	158	0	0	216	373	1	158	1.88e-114	330
10P3R2A13_02311	10P3R2A13_02311	100.000	51	0	0	1	51	1	51	3.12e-30	99.8
10P3R2A13_02311	25P2R1A13_03548	98.039	51	1	0	1	51	34	84	9.29e-30	99.4
10P3R2A13_02311	24P1R3A1_00835	96.078	51	2	0	1	51	34	84	4.87e-29	97.8
10P3R2A13_02311	10P3R2A13_02312	96.078	51	2	0	1	51	1	51	6.77e-29	96.3
10P3R2A13_02312	24P1R3A1_00835	100.000	51	0	0	1	51	34	84	2.11e-30	101
10P3R2A13_02312	10P3R2A13_02312	100.000	51	0	0	1	51	1	51	3.12e-30	99.8
10P3R2A13_02312	25P2R1A13_03548	98.039	51	1	0	1	51	34	84	9.29e-30	99.4
10P3R2A13_02312	10P3R2A13_02311	96.078	51	2	0	1	51	1	51	6.77e-29	96.3
10P3R2A13_02313	10P3R2A13_02313	100.000	210	0	0	1	210	1	210	1.59e-158	436
10P3R2A13_02313	1P1R1A1_03116	98.571	210	3	0	1	210	39	248	1.56e-157	435
10P3R2A13_02315	10P3R2A13_02315	100.000	401	0	0	1	401	1	401	0.0	818
10P3R2A13_02316	10P3R2A13_02316	100.000	73	0	0	1	73	1	73	6.39e-49	148
10P3R2A13_02316	25P2R1A13_02137	95.890	73	3	0	1	73	1	73	3.33e-47	144
10P3R2A13_02317	10P3R2A13_02317	100.000	1294	0	0	1	1294	1	1294	0.0	2635
10P3R2A13_02317	25P2R1A13_02136	97.759	1294	29	0	1	1294	1	1294	0.0	2577
10P3R2A13_02317	34P3R2A10_03308	97.343	527	14	0	768	1294	1	527	0.0	1045
10P3R2A13_02317	15P1R1A16_02603	99.623	265	1	0	1030	1294	1	265	0.0	545
10P3R2A13_02317	43P2R2A2_05705	99.270	137	1	0	1158	1294	1	137	1.31e-87	280
10P3R2A13_02318	10P3R2A13_02318	100.000	378	0	0	1	378	1	378	0.0	769
10P3R2A13_02318	27P2R2A12_02499	97.884	378	8	0	1	378	1	378	0.0	759
10P3R2A13_02318	11P3R3A1_02944	96.032	378	15	0	1	378	1	378	0.0	743
10P3R2A13_02318	28P2R1A12_02396	98.209	335	6	0	44	378	1	335	0.0	673
10P3R2A13_02318	25P2R1A13_02135	96.567	233	8	0	1	233	1	233	6.09e-164	460
10P3R2A13_02319	10P3R2A13_02319	100.000	272	0	0	1	272	1	272	0.0	555
10P3R2A13_02319	43P2R2A2_02638	100.000	216	0	0	57	272	1	216	3.67e-159	441
10P3R2A13_02320	10P3R2A13_02320	100.000	331	0	0	1	331	1	331	0.0	635
10P3R2A13_02320	34P3R2A10_03312	98.204	167	3	0	1	167	1	167	9.30e-110	316
10P3R2A13_02320	34P3R2A10_03311	100.000	129	0	0	203	331	1	129	1.63e-83	248
10P3R2A13_02321	10P3R2A13_02321	100.000	335	0	0	1	335	1	335	0.0	630
10P3R2A13_02321	34P3R2A10_03313	99.531	213	1	0	123	335	1	213	2.16e-144	406
10P3R2A13_02322	10P3R2A13_02322	100.000	417	0	0	1	417	1	417	0.0	797
10P3R2A13_02324	10P3R2A13_02324	100.000	392	0	0	1	392	1	392	0.0	801
10P3R2A13_02324	43P2R2A2_05475	100.000	240	0	0	153	392	1	240	8.19e-177	491
10P3R2A13_02325	10P3R2A13_02325	100.000	537	0	0	1	537	1	537	0.0	1109
10P3R2A13_02326	10P3R2A13_02326	100.000	286	0	0	1	286	1	286	0.0	591
10P3R2A13_02326	34P3R2A10_04166	100.000	235	0	0	52	286	1	235	3.16e-175	483
10P3R2A13_02327	10P3R2A13_02327	100.000	249	0	0	1	249	1	249	0.0	503
10P3R2A13_02328	10P3R2A13_02328	100.000	138	0	0	1	138	1	138	1.27e-100	284
10P3R2A13_02329	10P3R2A13_02329	100.000	702	0	0	1	702	1	702	0.0	1407
10P3R2A13_02329	43P2R2A2_04412	100.000	616	0	0	87	702	1	616	0.0	1229
10P3R2A13_02329	15P1R1A16_04843	100.000	482	0	0	221	702	1	482	0.0	966
10P3R2A13_02329	34P3R2A10_04879	99.315	146	1	0	557	702	1	146	3.89e-97	295
10P3R2A13_02330	10P3R2A13_02330	100.000	66	0	0	1	66	1	66	1.16e-45	139
10P3R2A13_02331	10P3R2A13_02331	100.000	363	0	0	1	363	1	363	0.0	741
10P3R2A13_02331	34P3R2A10_04876	99.636	275	1	0	89	363	1	275	0.0	553
10P3R2A13_02331	15P1R1A16_04845	100.000	213	0	0	151	363	1	213	9.05e-153	428
10P3R2A13_02332	10P3R2A13_02332	100.000	387	0	0	1	387	1	387	0.0	802
10P3R2A13_02333	10P3R2A13_02333	100.000	210	0	0	1	210	1	210	2.21e-158	436
10P3R2A13_02333	43P2R2A2_04408	100.000	84	0	0	127	210	1	84	1.06e-56	174
10P3R2A13_02334	10P3R2A13_02334	100.000	407	0	0	1	407	1	407	0.0	853
10P3R2A13_02335	10P3R2A13_02335	100.000	301	0	0	1	301	1	301	0.0	612
10P3R2A13_02336	10P3R2A13_02336	100.000	249	0	0	1	249	1	249	0.0	510
10P3R2A13_02337	10P3R2A13_02337	100.000	188	0	0	1	188	1	188	7.87e-141	390
10P3R2A13_02337	18P3R3A11_01221	97.872	188	4	0	1	188	1	188	2.21e-139	386
10P3R2A13_02337	51P2R2A10_02833	97.872	188	4	0	1	188	1	188	6.78e-139	385
10P3R2A13_02337	38P2R3A13_07347	98.925	93	1	0	96	188	1	93	1.96e-63	191
10P3R2A13_02338	10P3R2A13_02338	100.000	532	0	0	1	532	1	532	0.0	1092
10P3R2A13_02339	10P3R2A13_02339	100.000	143	0	0	1	143	1	143	1.24e-100	284
10P3R2A13_02340	10P3R2A13_02340	100.000	413	0	0	1	413	1	413	0.0	845
10P3R2A13_02341	10P3R2A13_02341	100.000	30	0	0	1	30	1	30	1.52e-13	56.2
10P3R2A13_02341	11P3R3A1_02967	96.667	30	1	0	1	30	1	30	5.39e-13	54.7
10P3R2A13_02342	10P3R2A13_02342	100.000	137	0	0	1	137	1	137	4.25e-98	277
10P3R2A13_02343	10P3R2A13_02343	100.000	269	0	0	1	269	1	269	0.0	562
10P3R2A13_02344	10P3R2A13_02344	100.000	488	0	0	1	488	1	488	0.0	967
10P3R2A13_02345	10P3R2A13_02345	100.000	293	0	0	1	293	1	293	0.0	595
10P3R2A13_02346	10P3R2A13_02346	100.000	184	0	0	1	184	1	184	6.49e-134	372
10P3R2A13_02347	10P3R2A13_02347	100.000	511	0	0	1	511	1	511	0.0	1048
10P3R2A13_02348	10P3R2A13_02348	100.000	303	0	0	1	303	1	303	0.0	611
10P3R2A13_02349	10P3R2A13_02349	100.000	99	0	0	1	99	1	99	1.15e-67	197
10P3R2A13_02350	10P3R2A13_02350	100.000	353	0	0	1	353	1	353	0.0	736
10P3R2A13_02350	34P3R2A10_03494	99.573	234	1	0	120	353	1	234	3.14e-177	491
10P3R2A13_02351	10P3R2A13_02351	100.000	553	0	0	1	553	1	553	0.0	1132
10P3R2A13_02351	15P1R1A16_05060	100.000	201	0	0	353	553	1	201	1.01e-142	410
10P3R2A13_02352	10P3R2A13_02352	100.000	227	0	0	1	227	1	227	4.95e-170	467
10P3R2A13_02353	10P3R2A13_02353	100.000	462	0	0	1	462	1	462	0.0	908
10P3R2A13_02353	15P1R1A16_05062	100.000	112	0	0	351	462	1	112	6.90e-69	214
10P3R2A13_02354	10P3R2A13_02354	100.000	187	0	0	1	187	1	187	1.37e-139	386
10P3R2A13_02355	10P3R2A13_02355	100.000	70	0	0	1	70	1	70	7.53e-46	140
10P3R2A13_02355	31P2R1A5_01930	95.714	70	3	0	1	70	1	70	1.56e-44	137
10P3R2A13_02356	10P3R2A13_02356	100.000	128	0	0	1	128	1	128	2.02e-86	247
10P3R2A13_02357	10P3R2A13_02357	100.000	263	0	0	1	263	1	263	0.0	535
10P3R2A13_02357	25P2R1A13_02094	100.000	188	0	0	76	263	1	188	4.01e-138	386
10P3R2A13_02357	25P2R1A13_02095	100.000	66	0	0	1	66	1	66	4.06e-40	133
10P3R2A13_02358	10P3R2A13_02358	100.000	68	0	0	1	68	1	68	5.25e-41	128
10P3R2A13_02359	10P3R2A13_02359	100.000	322	0	0	1	322	1	322	0.0	670
10P3R2A13_02359	18P3R3A11_01236	96.894	322	10	0	1	322	1	322	0.0	652
10P3R2A13_02359	42P1R1A12_01147	95.963	322	13	0	1	322	1	322	0.0	651
10P3R2A13_02359	31P2R1A5_01926	95.963	322	13	0	1	322	1	322	0.0	651
10P3R2A13_02360	10P3R2A13_02360	100.000	318	0	0	1	318	1	318	0.0	651
10P3R2A13_02361	10P3R2A13_02361	100.000	214	0	0	1	214	1	214	5.65e-161	442
10P3R2A13_02362	10P3R2A13_02362	100.000	88	0	0	1	88	1	88	1.48e-60	179
10P3R2A13_02362	31P2R1A5_01923	96.591	88	3	0	1	88	1	88	6.07e-59	174
10P3R2A13_02362	42P1R1A12_01144	96.591	88	3	0	1	88	1	88	1.10e-58	174
10P3R2A13_02363	11P3R3A1_02989	100.000	404	0	0	1	404	25	428	0.0	837
10P3R2A13_02363	10P3R2A13_02363	100.000	404	0	0	1	404	1	404	0.0	837
10P3R2A13_02364	10P3R2A13_02364	100.000	363	0	0	1	363	1	363	0.0	726
10P3R2A13_02365	10P3R2A13_02365	100.000	371	0	0	1	371	1	371	0.0	731
10P3R2A13_02365	18P3R3A11_01242	96.765	371	12	0	1	371	1	371	0.0	716
10P3R2A13_02365	31P2R1A5_01920	95.687	371	16	0	1	371	1	371	0.0	667
10P3R2A13_02366	10P3R2A13_02366	100.000	634	0	0	1	634	1	634	0.0	1306
10P3R2A13_02367	10P3R2A13_02367	100.000	156	0	0	1	156	1	156	1.39e-113	318
10P3R2A13_02367	18P3R3A11_01244	96.795	156	5	0	1	156	1	156	1.31e-109	308
10P3R2A13_02367	31P2R1A5_01918	95.513	156	7	0	1	156	1	156	1.89e-109	308
10P3R2A13_02368	10P3R2A13_02368	100.000	106	0	0	1	106	1	106	1.48e-72	210
10P3R2A13_02369	10P3R2A13_02369	100.000	204	0	0	1	204	1	204	3.73e-153	422
10P3R2A13_02369	11P3R3A1_02995	97.059	204	6	0	1	204	1	204	1.48e-148	410
10P3R2A13_02369	27P2R2A12_02448	96.569	204	7	0	1	204	1	204	3.68e-148	409
10P3R2A13_02370	10P3R2A13_02370	100.000	214	0	0	1	214	1	214	3.16e-160	441
10P3R2A13_02371	10P3R2A13_02371	100.000	344	0	0	1	344	1	344	0.0	689
10P3R2A13_02372	10P3R2A13_02372	100.000	194	0	0	1	194	1	194	5.70e-143	395
10P3R2A13_02372	27P2R2A12_02445	95.876	194	8	0	1	194	1	194	2.89e-128	358
10P3R2A13_02373	10P3R2A13_02373	100.000	861	0	0	1	861	1	861	0.0	1794
10P3R2A13_02373	31P2R1A5_01912	95.354	861	40	0	1	861	1	861	0.0	1697
10P3R2A13_02374	10P3R2A13_02374	100.000	161	0	0	1	161	1	161	7.83e-119	332
10P3R2A13_02375	10P3R2A13_02375	100.000	326	0	0	1	326	1	326	0.0	670
10P3R2A13_02375	12_1P1R2A2-1_01903	97.853	326	7	0	1	326	1	326	0.0	657
10P3R2A13_02376	10P3R2A13_02376	100.000	236	0	0	1	236	1	236	1.78e-179	491
10P3R2A13_02376	32P3R2A9_02402	97.881	236	5	0	1	236	1	236	3.51e-175	480
10P3R2A13_02376	11P3R3A1_03002	97.458	236	6	0	1	236	1	236	4.61e-175	480
10P3R2A13_02376	28P2R1A12_02454	98.947	95	1	0	1	95	1	95	1.16e-66	201
10P3R2A13_02377	10P3R2A13_02377	100.000	476	0	0	1	476	1	476	0.0	974
10P3R2A13_02377	12_1P1R2A2-1_01905	97.899	476	10	0	1	476	1	476	0.0	955
10P3R2A13_02377	25P2R1A13_02074	96.218	476	18	0	1	476	1	476	0.0	942
10P3R2A13_02377	28P2R1A12_02456	96.639	476	16	0	1	476	1	476	0.0	941
10P3R2A13_02377	33P3R2A2_02256	97.082	377	11	0	1	377	1	377	0.0	757
10P3R2A13_02377	32P3R2A9_02400	98.118	372	7	0	105	476	1	372	0.0	751
10P3R2A13_02377	34P3R2A10_04868	95.902	122	5	0	355	476	1	122	3.08e-58	188
10P3R2A13_02378	10P3R2A13_02378	100.000	185	0	0	1	185	1	185	7.18e-138	382
10P3R2A13_02379	10P3R2A13_02379	100.000	236	0	0	1	236	1	236	1.30e-180	494
10P3R2A13_02380	10P3R2A13_02380	100.000	484	0	0	1	484	1	484	0.0	993
10P3R2A13_02380	25P2R1A13_02071	97.314	484	13	0	1	484	1	484	0.0	973
10P3R2A13_02380	15P1R1A16_00660	97.934	484	10	0	1	484	1	484	0.0	972
10P3R2A13_02380	43P2R2A2_05431	98.516	337	5	0	148	484	1	337	0.0	680
10P3R2A13_02380	34P3R2A10_03745	97.753	178	4	0	307	484	1	178	5.27e-123	356
10P3R2A13_02381	10P3R2A13_02381	100.000	557	0	0	1	557	1	557	0.0	1144
10P3R2A13_02381	43P2R2A2_05430	100.000	249	0	0	309	557	1	249	6.03e-180	506
10P3R2A13_02382	10P3R2A13_02382	100.000	312	0	0	1	312	1	312	0.0	639
10P3R2A13_02383	10P3R2A13_02383	100.000	242	0	0	1	242	1	242	1.03e-180	495
10P3R2A13_02383	34P3R2A10_03742	100.000	227	0	0	16	242	1	227	3.68e-167	460
10P3R2A13_02383	43P2R2A2_05249	100.000	72	0	0	171	242	1	72	2.22e-45	146
10P3R2A13_02384	10P3R2A13_02384	100.000	225	0	0	1	225	1	225	7.05e-161	443
10P3R2A13_02384	15P1R1A16_00664	100.000	120	0	0	106	225	1	120	6.48e-81	237
10P3R2A13_02385	10P3R2A13_02385	100.000	247	0	0	1	247	1	247	0.0	499
10P3R2A13_02385	18P3R3A11_01254	95.142	247	12	0	1	247	1	247	7.11e-175	481
10P3R2A13_02385	43P2R2A2_05723	99.448	181	1	0	67	247	1	181	1.41e-129	363
10P3R2A13_02386	10P3R2A13_02386	100.000	303	0	0	1	303	1	303	0.0	622
10P3R2A13_02387	10P3R2A13_02387	100.000	626	0	0	1	626	1	626	0.0	1277
10P3R2A13_02387	15P1R1A16_04583	97.604	626	15	0	1	626	1	626	0.0	1250
10P3R2A13_02387	27P2R2A12_02430	96.965	626	19	0	1	626	1	626	0.0	1245
10P3R2A13_02387	16_1P2R1A8-1_01477	96.166	626	24	0	1	626	1	626	0.0	1234
10P3R2A13_02387	40P3R1A10_02743	96.006	626	25	0	1	626	1	626	0.0	1207
10P3R2A13_02387	1P1R1A1_03042	95.048	626	31	0	1	626	1	626	0.0	1201
10P3R2A13_02387	17P1R1A4_02453	95.413	327	15	0	300	626	1	327	0.0	651
10P3R2A13_02387	17P1R1A4_02454	95.437	263	12	0	1	263	1	263	1.07e-168	481
10P3R2A13_02388	10P3R2A13_02388	100.000	513	0	0	1	513	1	513	0.0	1032
10P3R2A13_02388	15P1R1A16_04584	99.767	429	1	0	85	513	1	429	0.0	863
10P3R2A13_02388	43P2R2A2_04916	100.000	288	0	0	226	513	1	288	0.0	589
10P3R2A13_02388	34P3R2A10_04412	100.000	86	0	0	428	513	1	86	1.26e-51	170
10P3R2A13_02389	10P3R2A13_02389	100.000	293	0	0	1	293	1	293	0.0	589
10P3R2A13_02389	42P1R1A12_01124	95.904	293	12	0	1	293	1	293	0.0	544
10P3R2A13_02389	51P2R2A10_02799	95.904	293	12	0	1	293	23	315	0.0	543
10P3R2A13_02389	31P2R1A5_01903	95.904	293	12	0	1	293	24	316	0.0	541
10P3R2A13_02390	10P3R2A13_02390	100.000	156	0	0	1	156	1	156	1.21e-113	318
10P3R2A13_02391	10P3R2A13_02391	100.000	360	0	0	1	360	1	360	0.0	734
10P3R2A13_02391	42P1R1A12_01122	96.821	346	11	0	14	359	1	346	0.0	687
10P3R2A13_02391	31P2R1A5_01901	96.532	346	12	0	14	359	1	346	0.0	662
10P3R2A13_02391	18P3R3A11_01259	95.665	346	15	0	14	359	1	346	0.0	659
10P3R2A13_02391	43P2R2A2_05086	100.000	142	0	0	219	360	1	142	2.05e-98	288
10P3R2A13_02392	10P3R2A13_02392	100.000	475	0	0	1	475	1	475	0.0	984
10P3R2A13_02392	42P1R1A12_01121	96.632	475	16	0	1	475	1	475	0.0	959
10P3R2A13_02392	31P2R1A5_01900	95.789	475	20	0	1	475	1	475	0.0	953
10P3R2A13_02392	34P3R2A10_03936	100.000	154	0	0	322	475	1	154	2.07e-107	315
10P3R2A13_02393	10P3R2A13_02393	100.000	392	0	0	1	392	1	392	0.0	803
10P3R2A13_02393	1P1R1A1_03036	97.959	392	8	0	1	392	1	392	0.0	790
10P3R2A13_02401	10P3R2A13_02401	100.000	555	0	0	1	555	1	555	0.0	1158
10P3R2A13_02401	15P1R1A16_03738	100.000	226	0	0	330	555	1	226	8.75e-168	474
10P3R2A13_02402	10P3R2A13_02402	100.000	251	0	0	1	251	1	251	0.0	518
10P3R2A13_02402	38P2R3A13_08223	95.618	251	11	0	1	251	1	251	0.0	503
10P3R2A13_02403	10P3R2A13_02403	100.000	407	0	0	1	407	1	407	0.0	828
10P3R2A13_02404	10P3R2A13_02404	100.000	383	0	0	1	383	1	383	0.0	784
10P3R2A13_02405	10P3R2A13_02405	100.000	267	0	0	1	267	1	267	0.0	560
10P3R2A13_02405	18P3R3A11_01273	95.506	267	12	0	1	267	1	267	0.0	535
10P3R2A13_02406	10P3R2A13_02406	100.000	649	0	0	1	649	1	649	0.0	1301
10P3R2A13_02406	34P3R2A10_04329	100.000	210	0	0	440	649	1	210	3.85e-144	417
10P3R2A13_02407	10P3R2A13_02407	100.000	41	0	0	1	41	1	41	4.02e-23	81.3
10P3R2A13_02408	10P3R2A13_02408	100.000	555	0	0	1	555	1	555	0.0	1162
10P3R2A13_02408	16_1P2R1A8-1_04381	100.000	151	0	0	405	555	1	151	3.70e-104	310
10P3R2A13_02408	34P3R2A10_04576	100.000	58	0	0	498	555	1	58	2.17e-34	124
10P3R2A13_02409	10P3R2A13_02409	100.000	469	0	0	1	469	1	469	0.0	960
10P3R2A13_02409	43P2R2A2_04582	100.000	108	0	0	362	469	1	108	1.33e-73	227
10P3R2A13_02410	10P3R2A13_02410	100.000	109	0	0	1	109	1	109	3.94e-77	222
10P3R2A13_02410	34P3R2A10_03329	100.000	54	0	0	56	109	1	54	6.52e-34	111
10P3R2A13_02411	10P3R2A13_02411	100.000	149	0	0	1	149	1	149	1.33e-108	305
10P3R2A13_02411	42P1R1A12_01098	97.279	147	4	0	1	147	1	147	4.59e-105	296
10P3R2A13_02411	31P2R1A5_01878	96.599	147	5	0	1	147	1	147	9.68e-105	295
10P3R2A13_02411	18P3R3A11_01278	95.973	149	6	0	1	149	1	149	1.15e-104	295
10P3R2A13_02411	38P2R3A13_04300	95.302	149	7	0	1	149	1	149	9.26e-104	293
10P3R2A13_02411	38P2R3A13_08262	95.192	104	5	0	46	149	1	104	3.42e-70	206
10P3R2A13_02412	10P3R2A13_02412	100.000	177	0	0	1	177	1	177	5.04e-130	361
10P3R2A13_02412	31P2R1A5_01877	96.045	177	7	0	1	177	1	177	2.19e-125	350
10P3R2A13_02413	10P3R2A13_02413	100.000	121	0	0	1	121	1	121	1.71e-84	242
10P3R2A13_02414	10P3R2A13_02414	100.000	255	0	0	1	255	1	255	0.0	519
10P3R2A13_02415	10P3R2A13_02415	100.000	182	0	0	1	182	1	182	8.59e-137	379
10P3R2A13_02416	10P3R2A13_02416	100.000	547	0	0	1	547	1	547	0.0	1127
10P3R2A13_02416	31P2R1A5_01873	95.795	547	23	0	1	547	1	547	0.0	1086
10P3R2A13_02416	42P1R1A12_01093	95.430	547	25	0	1	547	1	547	0.0	1081
10P3R2A13_02416	43P2R2A2_02392	99.570	465	2	0	83	547	1	465	0.0	954
10P3R2A13_02417	10P3R2A13_02417	100.000	440	0	0	1	440	1	440	0.0	875
10P3R2A13_02417	15P1R1A16_01826	100.000	412	0	0	29	440	1	412	0.0	822
10P3R2A13_02418	10P3R2A13_02418	100.000	733	0	0	1	733	1	733	0.0	1528
10P3R2A13_02418	28P2R1A12_02498	96.862	733	23	0	1	733	1	733	0.0	1481
10P3R2A13_02418	25P2R1A13_02032	99.799	497	1	0	237	733	5	501	0.0	1036
10P3R2A13_02418	33P3R2A2_02213	100.000	237	0	0	497	733	1	237	4.62e-169	484
10P3R2A13_02418	33P3R2A2_02212	99.541	218	1	0	237	454	5	222	1.05e-159	460
10P3R2A13_02418	34P3R2A10_05187	100.000	70	0	0	385	454	1	70	1.93e-46	159
10P3R2A13_02419	10P3R2A13_02419	100.000	35	0	0	1	35	1	35	4.44e-19	70.5
10P3R2A13_02420	10P3R2A13_02420	100.000	226	0	0	1	226	1	226	8.44e-165	453
10P3R2A13_02420	34P3R2A10_04536	100.000	152	0	0	75	226	1	152	1.34e-108	308
10P3R2A13_02421	10P3R2A13_02421	100.000	895	0	0	1	895	1	895	0.0	1816
10P3R2A13_02421	34P3R2A10_04699	99.471	567	3	0	329	895	1	567	0.0	1149
10P3R2A13_02422	10P3R2A13_02422	100.000	191	0	0	1	191	1	191	2.42e-137	381
10P3R2A13_02422	25P2R1A13_02027	96.859	191	6	0	1	191	1	191	8.71e-133	370
10P3R2A13_02422	1P1R1A1_03007	95.812	191	8	0	1	191	1	191	1.76e-124	348
10P3R2A13_02423	10P3R2A13_02423	100.000	683	0	0	1	683	1	683	0.0	1370
10P3R2A13_02423	34P3R2A10_04751	100.000	76	0	0	608	683	1	76	1.48e-41	145
10P3R2A13_02424	10P3R2A13_02424	100.000	558	0	0	1	558	1	558	0.0	1108
10P3R2A13_02424	34P3R2A10_04968	99.602	502	2	0	57	558	1	502	0.0	995
10P3R2A13_02425	10P3R2A13_02425	100.000	69	0	0	1	69	1	69	2.98e-46	141
10P3R2A13_02426	10P3R2A13_02426	100.000	714	0	0	1	714	1	714	0.0	1417
10P3R2A13_02426	11P3R3A1_00822	98.981	687	7	0	1	687	1	687	0.0	1344
10P3R2A13_02426	15P1R1A16_04024	100.000	172	0	0	516	687	1	172	4.68e-115	348
10P3R2A13_02427	10P3R2A13_02427	100.000	177	0	0	1	177	1	177	2.76e-129	360
10P3R2A13_02428	10P3R2A13_02428	100.000	235	0	0	1	235	1	235	3.72e-179	490
10P3R2A13_02429	10P3R2A13_02429	100.000	152	0	0	1	152	1	152	6.18e-111	311
10P3R2A13_02429	42P1R1A12_01504	97.368	152	4	0	1	152	1	152	1.48e-108	305
10P3R2A13_02430	10P3R2A13_02430	100.000	309	0	0	1	309	1	309	0.0	636
10P3R2A13_02431	10P3R2A13_02431	100.000	455	0	0	1	455	1	455	0.0	936
10P3R2A13_02432	10P3R2A13_02432	100.000	160	0	0	1	160	1	160	4.30e-117	327
10P3R2A13_02432	25P2R1A13_00318	96.250	160	6	0	1	160	1	160	8.10e-114	319
10P3R2A13_02432	27P2R2A12_01698	95.946	148	6	0	1	148	1	148	1.09e-102	291
10P3R2A13_02433	10P3R2A13_02433	100.000	195	0	0	1	195	1	195	1.32e-140	390
10P3R2A13_02434	10P3R2A13_02434	100.000	247	0	0	1	247	1	247	0.0	508
10P3R2A13_02434	34P3R2A10_04888	100.000	71	0	0	177	247	1	71	4.53e-45	145
10P3R2A13_02434	34P3R2A10_04011	95.775	71	3	0	177	247	1	71	4.68e-43	140
10P3R2A13_02435	10P3R2A13_02435	100.000	867	0	0	1	867	1	867	0.0	1783
10P3R2A13_02435	28P2R1A12_01516	97.809	867	18	1	1	867	1	866	0.0	1746
10P3R2A13_02435	25P2R1A13_00321	97.527	566	13	1	1	566	1	565	0.0	1148
10P3R2A13_02435	8P2R1A11_03844	100.000	448	0	0	1	448	1	448	0.0	934
10P3R2A13_02435	8P2R1A11_03845	100.000	383	0	0	485	867	1	383	0.0	778
10P3R2A13_02435	25P2R1A13_00322	98.707	232	3	0	636	867	1	232	2.18e-160	467
10P3R2A13_02436	10P3R2A13_02436	100.000	190	0	0	1	190	1	190	2.05e-139	386
10P3R2A13_02436	12_1P1R2A2-1_04247	100.000	128	0	0	63	190	1	128	7.97e-91	261
10P3R2A13_02436	34P3R2A10_03976	100.000	38	0	0	153	190	1	38	6.90e-21	81.3
10P3R2A13_02437	10P3R2A13_02437	100.000	201	0	0	1	201	1	201	7.47e-145	401
10P3R2A13_02437	25P2R1A13_00324	97.512	201	5	0	1	201	2	202	4.26e-140	389
10P3R2A13_02438	10P3R2A13_02438	100.000	199	0	0	1	199	1	199	5.40e-148	409
10P3R2A13_02438	12_1P1R2A2-1_04243	98.889	180	2	0	20	199	27	206	6.79e-131	366
10P3R2A13_02439	10P3R2A13_02439	100.000	425	0	0	1	425	1	425	0.0	874
10P3R2A13_02439	3P1R3A2_03413	100.000	222	0	0	1	222	1	222	6.74e-165	462
10P3R2A13_02439	3P1R3A2_00001	100.000	152	0	0	274	425	1	152	5.13e-106	310
10P3R2A13_02440	10P3R2A13_02440	100.000	265	0	0	1	265	1	265	0.0	544
10P3R2A13_02440	25P2R1A13_00327	97.736	265	6	0	1	265	1	265	0.0	530
10P3R2A13_02441	10P3R2A13_02441	100.000	284	0	0	1	284	1	284	0.0	577
10P3R2A13_02441	34P3R2A10_04855	100.000	123	0	0	162	284	1	123	3.69e-82	243
10P3R2A13_02442	17P1R1A4_02831	100.000	301	0	0	1	301	20	320	0.0	622
10P3R2A13_02442	10P3R2A13_02442	100.000	301	0	0	1	301	1	301	0.0	621
10P3R2A13_02442	28P2R1A12_01523	97.674	301	7	0	1	301	1	301	0.0	606
10P3R2A13_02442	15P1R1A16_02384	100.000	269	0	0	33	301	1	269	0.0	555
10P3R2A13_02443	10P3R2A13_02443	100.000	127	0	0	1	127	1	127	1.53e-92	263
10P3R2A13_02444	10P3R2A13_02444	100.000	410	0	0	1	410	1	410	0.0	849
10P3R2A13_02445	10P3R2A13_02445	100.000	147	0	0	1	147	1	147	1.77e-109	307
10P3R2A13_02446	10P3R2A13_02446	100.000	257	0	0	1	257	1	257	0.0	506
10P3R2A13_02447	10P3R2A13_02447	100.000	309	0	0	1	309	1	309	0.0	628
10P3R2A13_02447	15P1R1A16_04609	100.000	284	0	0	26	309	1	284	0.0	579
10P3R2A13_02448	10P3R2A13_02448	100.000	221	0	0	1	221	1	221	1.42e-166	457
10P3R2A13_02448	31P2R1A5_03716	95.928	221	9	0	1	221	1	221	8.87e-161	443
10P3R2A13_02449	10P3R2A13_02449	100.000	179	0	0	1	179	1	179	4.88e-129	359
10P3R2A13_02449	24P1R3A1_02349	100.000	179	0	0	1	179	5	183	5.94e-129	359
10P3R2A13_02449	47P2R3A6_02463	97.207	179	5	0	1	179	5	183	2.57e-126	352
10P3R2A13_02449	38P2R3A13_07450	97.093	172	5	0	8	179	1	172	1.78e-120	337
10P3R2A13_02450	10P3R2A13_02450	100.000	797	0	0	1	797	1	797	0.0	1632
10P3R2A13_02450	34P3R2A10_04500	99.698	331	1	0	467	797	1	331	0.0	676
10P3R2A13_02450	14P1R2A4_05009	100.000	172	0	0	626	797	1	172	5.25e-118	353
10P3R2A13_02451	10P3R2A13_02451	100.000	517	0	0	1	517	1	517	0.0	1066
10P3R2A13_02451	34P3R2A10_04499	99.043	418	4	0	100	517	1	418	0.0	857
10P3R2A13_02452	32P3R2A9_02481	100.000	103	0	0	1	103	14	116	7.04e-73	211
10P3R2A13_02452	10P3R2A13_02452	100.000	103	0	0	1	103	1	103	8.95e-73	211
10P3R2A13_02452	38P2R3A13_03514	96.117	103	4	0	1	103	27	129	8.48e-71	207
10P3R2A13_02452	18P3R3A11_03545	96.117	103	4	0	1	103	27	129	1.18e-70	206
10P3R2A13_02452	37P2R3-2A1_02432	96.117	103	4	0	1	103	1	103	1.63e-70	205
10P3R2A13_02453	10P3R2A13_02453	100.000	289	0	0	1	289	1	289	0.0	605
10P3R2A13_02454	10P3R2A13_02454	100.000	265	0	0	1	265	1	265	0.0	551
10P3R2A13_02454	31P2R1A5_03724	95.094	265	13	0	1	265	1	265	0.0	528
10P3R2A13_02454	12_1P1R2A2-1_02047	100.000	184	0	0	82	265	1	184	3.88e-138	386
10P3R2A13_02455	10P3R2A13_02455	100.000	121	0	0	1	121	1	121	5.51e-86	246
10P3R2A13_02456	10P3R2A13_02456	100.000	866	0	0	1	866	1	866	0.0	1776
10P3R2A13_02456	18P3R3A11_03679	96.420	866	31	0	1	866	1	866	0.0	1718
10P3R2A13_02456	31P2R1A5_03726	96.189	866	33	0	1	866	1	866	0.0	1694
10P3R2A13_02456	42P1R1A12_01529	95.843	866	36	0	1	866	1	866	0.0	1685
10P3R2A13_02456	38P2R3A13_08203	96.599	735	25	0	132	866	1	735	0.0	1469
10P3R2A13_02456	43P2R2A2_02362	100.000	610	0	0	257	866	1	610	0.0	1257
10P3R2A13_02456	34P3R2A10_05060	100.000	402	0	0	465	866	1	402	0.0	825
10P3R2A13_02456	43P2R2A2_05704	100.000	343	0	0	524	866	1	343	0.0	704
10P3R2A13_02456	15P1R1A16_04990	100.000	156	0	0	711	866	1	156	8.73e-106	323
10P3R2A13_02457	10P3R2A13_02457	100.000	586	0	0	1	586	1	586	0.0	1207
10P3R2A13_02458	10P3R2A13_02458	100.000	475	0	0	1	475	1	475	0.0	957
10P3R2A13_02458	31P2R1A5_03730	96.842	475	15	0	1	475	1	475	0.0	935
10P3R2A13_02458	18P3R3A11_03684	96.632	475	16	0	1	475	1	475	0.0	926
10P3R2A13_02458	34P3R2A10_05284	100.000	45	0	0	431	475	1	45	1.03e-23	93.6
10P3R2A13_02460	10P3R2A13_02460	100.000	888	0	0	1	888	1	888	0.0	1846
10P3R2A13_02460	31P2R1A5_03732	95.158	888	43	0	1	888	1	888	0.0	1775
10P3R2A13_02461	10P3R2A13_02461	100.000	255	0	0	1	255	1	255	0.0	508
10P3R2A13_02462	10P3R2A13_02462	100.000	457	0	0	1	457	1	457	0.0	913
10P3R2A13_02463	10P3R2A13_02463	100.000	285	0	0	1	285	1	285	0.0	573
10P3R2A13_02464	10P3R2A13_02464	100.000	184	0	0	1	184	1	184	7.34e-138	382
10P3R2A13_02465	10P3R2A13_02465	100.000	298	0	0	1	298	1	298	0.0	606
10P3R2A13_02466	10P3R2A13_02466	100.000	147	0	0	1	147	1	147	2.11e-108	304
10P3R2A13_02467	10P3R2A13_02467	100.000	462	0	0	1	462	1	462	0.0	937
10P3R2A13_02467	43P2R2A2_01388	100.000	174	0	0	289	462	1	174	9.22e-126	362
10P3R2A13_02468	10P3R2A13_02468	100.000	401	0	0	1	401	1	401	0.0	808
10P3R2A13_02469	10P3R2A13_02469	100.000	348	0	0	1	348	1	348	0.0	717
10P3R2A13_02469	34P3R2A10_01126	100.000	109	0	0	240	348	1	109	1.89e-73	223
10P3R2A13_02470	10P3R2A13_02470	100.000	207	0	0	1	207	1	207	1.77e-151	418
10P3R2A13_02471	10P3R2A13_02471	100.000	248	0	0	1	248	1	248	0.0	503
10P3R2A13_02472	10P3R2A13_02472	100.000	66	0	0	1	66	1	66	1.48e-43	134
10P3R2A13_02473	10P3R2A13_02473	100.000	130	0	0	1	130	1	130	1.33e-92	263
10P3R2A13_02473	27P2R2A12_01739	96.923	130	4	0	1	130	1	130	7.27e-90	256
10P3R2A13_02474	10P3R2A13_02474	100.000	902	0	0	1	902	1	902	0.0	1861
10P3R2A13_02474	31P2R1A5_00978	95.238	21	1	0	876	896	198	218	1.07e-07	53.9
10P3R2A13_02474	54P2R2A3_02353	95.238	21	1	0	876	896	198	218	1.08e-07	53.9
10P3R2A13_02474	42P1R1A12_00339	95.238	21	1	0	876	896	198	218	1.30e-07	53.5
10P3R2A13_02475	10P3R2A13_02475	100.000	196	0	0	1	196	1	196	1.49e-146	405
10P3R2A13_02475	1P1R1A1_01641	100.000	196	0	0	1	196	33	228	2.62e-146	405
10P3R2A13_02476	10P3R2A13_02476	100.000	306	0	0	1	306	1	306	0.0	634
10P3R2A13_02476	42P1R1A12_01553	97.059	306	9	0	1	306	1	306	0.0	622
10P3R2A13_02476	18P3R3A11_03704	96.732	306	10	0	1	306	1	306	0.0	619
10P3R2A13_02476	31P2R1A5_03750	96.078	306	12	0	1	306	1	306	0.0	617
10P3R2A13_02476	38P2R3A13_08519	96.212	132	5	0	175	306	1	132	4.17e-91	266
10P3R2A13_02477	10P3R2A13_02477	100.000	384	0	0	1	384	1	384	0.0	763
10P3R2A13_02477	18P3R3A11_03705	97.656	384	9	0	1	384	1	384	0.0	747
10P3R2A13_02479	10P3R2A13_02479	100.000	277	0	0	1	277	1	277	0.0	566
10P3R2A13_02480	10P3R2A13_02480	100.000	307	0	0	1	307	1	307	0.0	618
10P3R2A13_02481	10P3R2A13_02481	100.000	492	0	0	1	492	1	492	0.0	1006
10P3R2A13_02482	10P3R2A13_02482	100.000	356	0	0	1	356	1	356	0.0	714
10P3R2A13_02483	10P3R2A13_02483	100.000	415	0	0	1	415	1	415	0.0	823
10P3R2A13_02484	10P3R2A13_02484	100.000	439	0	0	1	439	1	439	0.0	899
10P3R2A13_02485	10P3R2A13_02485	100.000	361	0	0	1	361	1	361	0.0	718
10P3R2A13_02485	31P2R1A5_03759	97.230	361	10	0	1	361	1	361	0.0	705
10P3R2A13_02486	10P3R2A13_02486	100.000	453	0	0	1	453	1	453	0.0	916
10P3R2A13_02487	10P3R2A13_02487	100.000	496	0	0	1	496	1	496	0.0	1015
10P3R2A13_02487	43P2R2A2_01368	100.000	356	0	0	141	496	1	356	0.0	734
10P3R2A13_02487	34P3R2A10_00961	99.340	303	2	0	194	496	1	303	0.0	623
10P3R2A13_02488	10P3R2A13_02488	100.000	589	0	0	1	589	1	589	0.0	1202
10P3R2A13_02489	10P3R2A13_02489	100.000	122	0	0	1	122	1	122	3.36e-86	246
10P3R2A13_02489	31P2R1A5_03763	95.902	122	5	0	1	122	1	122	3.03e-83	239
10P3R2A13_02489	18P3R3A11_03717	95.082	122	6	0	1	122	1	122	2.26e-71	209
10P3R2A13_02489	38P2R3A13_08618	95.098	102	5	0	21	122	2	103	1.34e-56	171
10P3R2A13_02490	10P3R2A13_02490	100.000	314	0	0	1	314	1	314	0.0	634
10P3R2A13_02491	10P3R2A13_02491	100.000	153	0	0	1	153	1	153	9.45e-112	313
10P3R2A13_02492	10P3R2A13_02492	100.000	335	0	0	1	335	1	335	0.0	687
10P3R2A13_02492	38P2R3A13_02589	97.898	333	7	0	1	333	1	333	0.0	672
10P3R2A13_02492	31P2R1A5_03766	96.096	333	13	0	1	333	1	333	0.0	661
10P3R2A13_02493	10P3R2A13_02493	100.000	164	0	0	1	164	1	164	1.53e-115	324
10P3R2A13_02493	31P2R1A5_03767	95.732	164	7	0	1	164	1	164	2.29e-112	316
10P3R2A13_02493	18P3R3A11_03721	95.122	164	8	0	1	164	1	164	3.30e-111	313
10P3R2A13_02494	10P3R2A13_02494	100.000	575	0	0	1	575	1	575	0.0	1188
10P3R2A13_02494	15P1R1A16_00220	99.459	185	1	0	391	575	1	185	3.86e-132	383
10P3R2A13_02495	10P3R2A13_02495	100.000	315	0	0	1	315	1	315	0.0	655
10P3R2A13_02496	10P3R2A13_02496	100.000	524	0	0	1	524	1	524	0.0	1081
10P3R2A13_02497	10P3R2A13_02497	100.000	364	0	0	1	364	1	364	0.0	748
10P3R2A13_02498	10P3R2A13_02498	100.000	467	0	0	1	467	1	467	0.0	966
10P3R2A13_02498	31P2R1A5_03772	96.788	467	15	0	1	467	1	467	0.0	940
10P3R2A13_02498	42P1R1A12_01575	95.503	467	21	0	1	467	1	467	0.0	915
10P3R2A13_02498	38P2R3A13_02583	95.503	467	21	0	1	467	1	467	0.0	914
10P3R2A13_02498	38P2R3A13_05530	95.075	467	23	0	1	467	1	467	0.0	910
10P3R2A13_02499	10P3R2A13_02499	100.000	202	0	0	1	202	1	202	8.69e-152	419
10P3R2A13_02500	10P3R2A13_02500	100.000	393	0	0	1	393	1	393	0.0	783
10P3R2A13_02501	10P3R2A13_02501	100.000	44	0	0	1	44	1	44	6.97e-28	93.2
10P3R2A13_02501	11P3R3A1_00897	97.727	44	1	0	1	44	1	44	1.12e-26	90.1
10P3R2A13_02502	10P3R2A13_02502	100.000	552	0	0	1	552	1	552	0.0	1138
10P3R2A13_02502	34P3R2A10_05041	99.485	194	1	0	359	552	1	194	1.24e-140	404
10P3R2A13_02502	34P3R2A10_03429	97.423	194	5	0	359	552	1	194	1.64e-138	399
10P3R2A13_02503	10P3R2A13_02503	100.000	328	0	0	1	328	1	328	0.0	671
10P3R2A13_02504	10P3R2A13_02504	100.000	537	0	0	1	537	1	537	0.0	1058
10P3R2A13_02504	15P1R1A16_05045	100.000	440	0	0	98	537	1	440	0.0	869
10P3R2A13_02505	10P3R2A13_02505	100.000	233	0	0	1	233	1	233	1.93e-171	471
10P3R2A13_02505	15P1R1A16_01038	100.000	159	0	0	75	233	1	159	1.67e-112	319
10P3R2A13_02506	10P3R2A13_02506	100.000	255	0	0	1	255	1	255	0.0	499
10P3R2A13_02507	10P3R2A13_02507	100.000	293	0	0	1	293	1	293	0.0	609
10P3R2A13_02508	10P3R2A13_02508	100.000	567	0	0	1	567	1	567	0.0	1163
10P3R2A13_02509	10P3R2A13_02509	100.000	501	0	0	1	501	1	501	0.0	1047
10P3R2A13_02509	34P3R2A10_05145	99.545	220	1	0	282	501	1	220	2.03e-161	456
10P3R2A13_02510	10P3R2A13_02510	100.000	232	0	0	1	232	1	232	5.65e-177	484
10P3R2A13_02510	28P2R1A12_01591	97.845	232	5	0	1	232	1	232	4.98e-174	477
10P3R2A13_02510	18P3R3A11_01556	95.690	232	10	0	1	232	1	232	1.07e-170	469
10P3R2A13_02510	38P2R3A13_02569	95.259	232	11	0	1	232	1	232	3.23e-170	468
10P3R2A13_02510	38P2R3A13_05542	95.259	232	11	0	1	232	1	232	5.49e-168	462
10P3R2A13_02510	34P3R2A10_04955	98.561	139	2	0	94	232	1	139	2.09e-102	293
10P3R2A13_02511	10P3R2A13_02511	100.000	784	0	0	1	784	1	784	0.0	1627
10P3R2A13_02511	34P3R2A10_03725	100.000	156	0	0	629	784	1	156	1.48e-105	320
10P3R2A13_02512	10P3R2A13_02512	100.000	969	0	0	1	969	1	969	0.0	1991
10P3R2A13_02513	10P3R2A13_02513	100.000	220	0	0	1	220	1	220	3.78e-166	456
10P3R2A13_02514	10P3R2A13_02514	100.000	272	0	0	1	272	1	272	0.0	562
10P3R2A13_02514	24P1R3A1_02284	100.000	272	0	0	1	272	8	279	0.0	561
10P3R2A13_02514	34P3R2A10_04822	100.000	44	0	0	229	272	1	44	2.15e-23	89.7
10P3R2A13_02515	10P3R2A13_02515	100.000	785	0	0	1	785	1	785	0.0	1629
10P3R2A13_02516	10P3R2A13_02516	100.000	429	0	0	1	429	1	429	0.0	877
10P3R2A13_02517	10P3R2A13_02517	100.000	330	0	0	1	330	1	330	0.0	665
10P3R2A13_02517	25P2R1A13_00405	97.879	330	7	0	1	330	1	330	0.0	652
10P3R2A13_02518	10P3R2A13_02518	100.000	274	0	0	1	274	1	274	0.0	565
10P3R2A13_02519	10P3R2A13_02519	100.000	126	0	0	1	126	1	126	1.26e-89	255
10P3R2A13_02521	10P3R2A13_02521	100.000	197	0	0	1	197	1	197	6.88e-148	408
10P3R2A13_02521	32P3R2A9_02552	100.000	160	0	0	38	197	1	160	4.43e-119	334
10P3R2A13_02522	10P3R2A13_02522	100.000	621	0	0	1	621	1	621	0.0	1240
10P3R2A13_02523	10P3R2A13_02523	100.000	177	0	0	1	177	1	177	9.81e-132	366
10P3R2A13_02524	10P3R2A13_02524	100.000	444	0	0	1	444	1	444	0.0	886
10P3R2A13_02524	27P2R2A12_01790	100.000	424	0	0	1	424	1	424	0.0	846
10P3R2A13_02525	10P3R2A13_02525	100.000	96	0	0	1	96	1	96	3.51e-68	199
10P3R2A13_02525	15P1R1A16_01058	100.000	57	0	0	40	96	1	57	1.36e-37	120
10P3R2A13_02526	10P3R2A13_02526	100.000	429	0	0	1	429	1	429	0.0	871
10P3R2A13_02527	10P3R2A13_02527	100.000	314	0	0	1	314	1	314	0.0	645
10P3R2A13_02528	10P3R2A13_02528	100.000	257	0	0	1	257	1	257	0.0	510
10P3R2A13_02528	27P2R2A12_03895	100.000	192	0	0	1	192	1	192	1.62e-136	383
10P3R2A13_02528	27P2R2A12_01794	96.970	66	2	0	192	257	1	66	9.49e-38	127
10P3R2A13_02529	10P3R2A13_02529	100.000	505	0	0	1	505	1	505	0.0	1017
10P3R2A13_02529	27P2R2A12_03896	99.496	397	2	0	1	397	1	397	0.0	803
10P3R2A13_02529	27P2R2A12_03897	100.000	98	0	0	408	505	1	98	4.14e-62	197
10P3R2A13_02530	10P3R2A13_02530	100.000	381	0	0	1	381	1	381	0.0	792
10P3R2A13_02530	34P3R2A10_04905	100.000	96	0	0	286	381	1	96	1.29e-63	198
10P3R2A13_02531	11P3R3A1_04195	100.000	81	0	0	1	81	40	120	8.22e-57	170
10P3R2A13_02531	10P3R2A13_02531	100.000	81	0	0	1	81	1	81	1.96e-56	168
10P3R2A13_02531	4P1R1A3_04048	98.765	81	1	0	1	81	14	94	5.09e-56	167
10P3R2A13_02531	14P1R2A4_02174	98.765	81	1	0	1	81	81	161	6.06e-56	169
10P3R2A13_02531	27P2R2A12_01795	100.000	81	0	0	1	81	153	233	4.73e-55	169
10P3R2A13_02531	25P2R1A13_01389	100.000	81	0	0	1	81	174	254	6.07e-55	170
10P3R2A13_02531	12_1P1R2A2-1_03414	98.765	81	1	0	1	81	143	223	1.07e-54	168
10P3R2A13_02531	1P1R1A1_04544	97.500	80	2	0	1	80	1	80	1.16e-54	167
10P3R2A13_02531	25P2R1A13_03925	97.500	80	2	0	1	80	14	93	1.35e-54	168
10P3R2A13_02531	12_1P1R2A2-1_03750	97.500	80	2	0	1	80	81	160	5.47e-54	168
10P3R2A13_02531	4P1R1A3_04652	96.250	80	3	0	1	80	98	177	1.26e-53	165
10P3R2A13_02531	1P1R1A1_04696	96.250	80	3	0	1	80	98	177	6.13e-53	166
10P3R2A13_02531	17P1R1A4_04097	95.062	81	4	0	1	81	1	81	9.13e-53	159
10P3R2A13_02531	19P1R1A6_04705	97.500	80	2	0	1	80	174	253	1.36e-52	167
10P3R2A13_02531	25P2R1A13_01390	96.250	80	3	0	1	80	143	222	1.95e-52	166
10P3R2A13_02532	10P3R2A13_02532	100.000	170	0	0	1	170	1	170	6.80e-125	348
10P3R2A13_02532	25P2R1A13_01388	97.647	170	4	0	1	170	1	170	9.94e-122	340
10P3R2A13_02532	12_1P1R2A2-1_03413	97.059	170	5	0	1	170	1	170	8.83e-121	337
10P3R2A13_02533	10P3R2A13_02533	100.000	473	0	0	1	473	1	473	0.0	985
10P3R2A13_02533	25P2R1A13_01387	96.617	473	16	0	1	473	1	473	0.0	958
10P3R2A13_02533	34P3R2A10_05166	99.429	350	2	0	124	473	1	350	0.0	728
10P3R2A13_02533	34P3R2A10_05086	95.714	350	15	0	124	473	1	350	0.0	709
10P3R2A13_02533	43P2R2A2_03093	100.000	188	0	0	286	473	1	188	2.20e-139	398
10P3R2A13_02534	10P3R2A13_02534	100.000	494	0	0	1	494	1	494	0.0	999
10P3R2A13_02535	10P3R2A13_02535	100.000	248	0	0	1	248	1	248	0.0	506
10P3R2A13_02536	10P3R2A13_02536	100.000	219	0	0	1	219	1	219	1.88e-158	437
10P3R2A13_02537	10P3R2A13_02537	100.000	311	0	0	1	311	1	311	0.0	640
10P3R2A13_02538	10P3R2A13_02538	100.000	245	0	0	1	245	1	245	0.0	500
10P3R2A13_02538	25P2R1A13_01382	97.959	245	5	0	1	245	1	245	9.01e-178	488
10P3R2A13_02538	1P1R1A1_04203	97.143	245	7	0	1	245	1	245	1.04e-176	485
10P3R2A13_02539	10P3R2A13_02539	100.000	264	0	0	1	264	1	264	0.0	546
10P3R2A13_02539	32P3R2A9_04117	97.727	264	6	0	1	264	1	264	0.0	536
10P3R2A13_02540	10P3R2A13_02540	100.000	349	0	0	1	349	1	349	0.0	673
10P3R2A13_02540	34P3R2A10_03113	100.000	143	0	0	207	349	1	143	1.85e-95	280
10P3R2A13_02541	10P3R2A13_02541	100.000	354	0	0	1	354	1	354	0.0	736
10P3R2A13_02541	25P2R1A13_01379	97.458	354	9	0	1	354	1	354	0.0	721
10P3R2A13_02542	10P3R2A13_02542	100.000	244	0	0	1	244	1	244	0.0	506
10P3R2A13_02542	28P2R1A12_01993	96.721	244	8	0	1	244	1	244	3.46e-179	491
10P3R2A13_02543	10P3R2A13_02543	100.000	817	0	0	1	817	1	817	0.0	1691
10P3R2A13_02543	28P2R1A12_01994	97.307	817	22	0	1	817	1	817	0.0	1652
10P3R2A13_02543	25P2R1A13_01377	95.716	817	34	1	1	817	1	816	0.0	1571
10P3R2A13_02543	43P2R2A2_03103	100.000	156	0	0	662	817	1	156	5.75e-107	325
10P3R2A13_02543	34P3R2A10_04832	100.000	115	0	0	703	817	1	115	2.74e-76	242
10P3R2A13_02544	10P3R2A13_02544	100.000	189	0	0	1	189	1	189	7.89e-140	387
10P3R2A13_02545	10P3R2A13_02545	100.000	428	0	0	1	428	1	428	0.0	898
10P3R2A13_02545	18P3R3A11_01298	96.495	428	15	0	1	428	1	428	0.0	872
10P3R2A13_02545	42P1R1A12_01066	96.495	428	15	0	1	428	1	428	0.0	871
10P3R2A13_02545	38P2R3A13_07213	96.850	127	4	0	302	428	1	127	8.76e-88	263
10P3R2A13_02546	10P3R2A13_02546	100.000	36	0	0	1	36	1	36	7.36e-20	72.4
10P3R2A13_02547	10P3R2A13_02547	100.000	135	0	0	1	135	1	135	3.31e-94	267
10P3R2A13_02547	43P2R2A2_00808	100.000	130	0	0	6	135	1	130	2.98e-90	257
10P3R2A13_02548	10P3R2A13_02548	100.000	116	0	0	1	116	1	116	3.13e-77	223
10P3R2A13_02549	10P3R2A13_02549	100.000	589	0	0	1	589	1	589	0.0	1224
10P3R2A13_02549	18P3R3A11_01301	96.604	589	20	0	1	589	1	589	0.0	1191
10P3R2A13_02550	10P3R2A13_02550	100.000	239	0	0	1	239	1	239	1.60e-180	494
10P3R2A13_02550	31P2R1A5_01853	97.490	239	6	0	1	239	1	239	1.12e-176	484
10P3R2A13_02551	10P3R2A13_02551	100.000	934	0	0	1	934	1	934	0.0	1956
10P3R2A13_02552	10P3R2A13_02552	100.000	406	0	0	1	406	1	406	0.0	818
10P3R2A13_02553	10P3R2A13_02553	100.000	389	0	0	1	389	1	389	0.0	785
10P3R2A13_02553	42P1R1A12_01059	97.429	389	10	0	1	389	1	389	0.0	767
10P3R2A13_02553	18P3R3A11_01305	97.172	389	11	0	1	389	1	389	0.0	764
10P3R2A13_02554	10P3R2A13_02554	100.000	290	0	0	1	290	1	290	0.0	573
10P3R2A13_02554	18P3R3A11_01306	95.172	290	14	0	1	290	1	290	0.0	554
10P3R2A13_02555	10P3R2A13_02555	100.000	241	0	0	1	241	1	241	3.06e-180	494
10P3R2A13_02556	10P3R2A13_02556	100.000	639	0	0	1	639	1	639	0.0	1287
10P3R2A13_02556	17P1R1A4_04122	99.174	484	4	0	1	484	1	484	0.0	966
10P3R2A13_02556	32P3R2A9_04099	100.000	307	0	0	333	639	1	307	0.0	608
10P3R2A13_02556	32P3R2A9_04100	99.013	304	3	0	1	304	1	304	0.0	607
10P3R2A13_02556	17P1R1A4_04123	100.000	126	0	0	514	639	1	126	8.50e-81	251
10P3R2A13_02557	10P3R2A13_02557	100.000	878	0	0	1	878	1	878	0.0	1836
10P3R2A13_02557	25P2R1A13_01363	97.722	878	20	0	1	878	1	878	0.0	1801
10P3R2A13_02557	32P3R2A9_04098	99.672	610	2	0	1	610	1	610	0.0	1276
10P3R2A13_02557	32P3R2A9_04097	100.000	231	0	0	648	878	1	231	4.25e-166	482
10P3R2A13_02557	15P1R1A16_01825	100.000	152	0	0	727	878	1	152	6.57e-104	318
10P3R2A13_02558	10P3R2A13_02558	100.000	523	0	0	1	523	1	523	0.0	1067
10P3R2A13_02559	10P3R2A13_02559	100.000	380	0	0	1	380	1	380	0.0	766
10P3R2A13_02560	10P3R2A13_02560	100.000	38	0	0	1	38	1	38	1.18e-21	77.0
10P3R2A13_02561	10P3R2A13_02561	100.000	98	0	0	1	98	1	98	1.21e-66	195
10P3R2A13_02562	10P3R2A13_02562	100.000	135	0	0	1	135	1	135	9.16e-99	279
10P3R2A13_02562	32P3R2A9_04092	97.122	139	0	1	1	135	1	139	1.60e-96	273
10P3R2A13_02563	10P3R2A13_02563	100.000	231	0	0	1	231	1	231	3.20e-170	468
10P3R2A13_02563	31P2R1A5_01843	97.403	231	6	0	1	231	1	231	5.20e-167	459
10P3R2A13_02563	18P3R3A11_01315	96.537	231	8	0	1	231	1	231	4.52e-165	454
10P3R2A13_02563	42P1R1A12_01040	95.671	231	10	0	1	231	1	231	1.76e-164	453
10P3R2A13_02563	38P2R3A13_08308	98.425	127	2	0	105	231	1	127	8.98e-88	255
10P3R2A13_02564	10P3R2A13_02564	100.000	143	0	0	1	143	1	143	1.16e-99	282
10P3R2A13_02565	10P3R2A13_02565	100.000	422	0	0	1	422	1	422	0.0	769
10P3R2A13_02565	27P2R2A12_01829	97.235	434	0	1	1	422	1	434	0.0	759
10P3R2A13_02565	26P1R3A4_04099	100.000	133	0	0	1	133	1	133	4.20e-75	239
10P3R2A13_02566	10P3R2A13_02566	100.000	431	0	0	1	431	1	431	0.0	872
10P3R2A13_02566	18P3R3A11_01318	95.128	431	21	0	1	431	1	431	0.0	837
10P3R2A13_02567	10P3R2A13_02567	100.000	174	0	0	1	174	1	174	3.77e-128	356
10P3R2A13_02567	31P2R1A5_01839	96.000	175	6	1	1	174	1	175	4.09e-121	338
10P3R2A13_02568	10P3R2A13_02568	100.000	264	0	0	1	264	1	264	0.0	530
10P3R2A13_02576	10P3R2A13_02576	100.000	348	0	0	1	348	1	348	0.0	722
10P3R2A13_02577	10P3R2A13_02577	100.000	240	0	0	1	240	1	240	1.55e-174	479
10P3R2A13_02578	10P3R2A13_02578	100.000	314	0	0	1	314	1	314	0.0	630
10P3R2A13_02578	43P2R2A2_00839	100.000	86	0	0	229	314	1	86	1.59e-58	182
10P3R2A13_02579	10P3R2A13_02579	100.000	127	0	0	1	127	1	127	4.54e-88	251
10P3R2A13_02580	10P3R2A13_02580	100.000	351	0	0	1	351	1	351	0.0	724
10P3R2A13_02580	43P2R2A2_05158	100.000	276	0	0	76	351	1	276	0.0	571
10P3R2A13_02581	10P3R2A13_02581	100.000	251	0	0	1	251	1	251	0.0	511
10P3R2A13_02582	10P3R2A13_02582	100.000	347	0	0	1	347	1	347	0.0	719
10P3R2A13_02582	15P1R1A16_01800	99.565	230	1	0	118	347	1	230	3.28e-171	475
10P3R2A13_02583	10P3R2A13_02583	100.000	383	0	0	1	383	1	383	0.0	792
10P3R2A13_02583	15P1R1A16_05177	100.000	269	0	0	115	383	1	269	0.0	548
10P3R2A13_02584	10P3R2A13_02584	100.000	349	0	0	1	349	1	349	0.0	731
10P3R2A13_02585	10P3R2A13_02585	100.000	339	0	0	1	339	1	339	0.0	704
10P3R2A13_02585	38P2R3A13_07137	96.755	339	11	0	1	339	1	339	0.0	688
10P3R2A13_02585	18P3R3A11_01335	95.575	339	15	0	1	339	1	339	0.0	682
10P3R2A13_02586	10P3R2A13_02586	100.000	491	0	0	1	491	1	491	0.0	999
10P3R2A13_02586	15P1R1A16_04554	99.467	375	2	0	117	491	1	375	0.0	762
10P3R2A13_02586	3P1R3A2_03864	99.413	341	2	0	151	491	1	341	0.0	692
10P3R2A13_02586	3P1R3A2_03865	96.000	125	5	0	1	125	1	125	6.70e-80	245
10P3R2A13_02587	10P3R2A13_02587	100.000	263	0	0	1	263	1	263	0.0	530
10P3R2A13_02587	34P3R2A10_04516	100.000	209	0	0	55	263	1	209	1.68e-152	423
10P3R2A13_02588	10P3R2A13_02588	100.000	50	0	0	1	50	1	50	3.91e-29	97.1
10P3R2A13_02589	10P3R2A13_02589	100.000	258	0	0	1	258	1	258	0.0	520
10P3R2A13_02589	15P1R1A16_02196	100.000	218	0	0	41	258	1	218	3.54e-160	443
10P3R2A13_02590	10P3R2A13_02590	100.000	230	0	0	1	230	1	230	2.28e-161	445
10P3R2A13_02591	10P3R2A13_02591	100.000	353	0	0	1	353	1	353	0.0	714
10P3R2A13_02592	24P1R3A1_01204	100.000	273	0	0	1	273	33	305	0.0	570
10P3R2A13_02592	10P3R2A13_02592	100.000	273	0	0	1	273	1	273	0.0	568
10P3R2A13_02593	10P3R2A13_02593	100.000	332	0	0	1	332	1	332	0.0	687
10P3R2A13_02594	10P3R2A13_02594	100.000	318	0	0	1	318	1	318	0.0	655
10P3R2A13_02594	12_1P1R2A2-1_03351	99.457	184	1	0	135	318	1	184	7.97e-135	380
10P3R2A13_02595	10P3R2A13_02595	100.000	351	0	0	1	351	1	351	0.0	714
10P3R2A13_02596	10P3R2A13_02596	100.000	478	0	0	1	478	1	478	0.0	928
10P3R2A13_02596	43P2R2A2_04154	100.000	414	0	0	65	478	1	414	0.0	808
10P3R2A13_02596	34P3R2A10_02705	100.000	102	0	0	377	478	1	102	1.94e-63	201
10P3R2A13_02597	10P3R2A13_02597	100.000	754	0	0	1	754	1	754	0.0	1564
10P3R2A13_02597	12_1P1R2A2-1_03632	100.000	704	0	0	51	754	1	704	0.0	1463
10P3R2A13_02598	10P3R2A13_02598	100.000	428	0	0	1	428	1	428	0.0	876
10P3R2A13_02599	10P3R2A13_02599	100.000	159	0	0	1	159	1	159	2.61e-116	325
10P3R2A13_02599	43P2R2A2_04157	100.000	137	0	0	23	159	1	137	1.50e-98	280
10P3R2A13_02600	10P3R2A13_02600	100.000	430	0	0	1	430	1	430	0.0	895
10P3R2A13_02601	10P3R2A13_02601	100.000	347	0	0	1	347	1	347	0.0	723
10P3R2A13_02602	10P3R2A13_02602	100.000	385	0	0	1	385	1	385	0.0	782
10P3R2A13_02602	17P1R1A4_03892	97.403	385	10	0	1	385	1	385	0.0	766
10P3R2A13_02602	25P2R1A13_01318	95.325	385	18	0	1	385	1	385	0.0	690
10P3R2A13_02603	10P3R2A13_02603	100.000	252	0	0	1	252	1	252	0.0	514
10P3R2A13_02603	34P3R2A10_05268	99.492	197	1	0	56	252	1	197	7.07e-144	400
10P3R2A13_02604	10P3R2A13_02604	100.000	226	0	0	1	226	1	226	1.73e-168	462
10P3R2A13_02604	34P3R2A10_02563	99.219	128	1	0	99	226	1	128	1.67e-90	262
10P3R2A13_02605	10P3R2A13_02605	100.000	674	0	0	1	674	1	674	0.0	1365
10P3R2A13_02605	18P3R3A11_01358	95.104	674	31	1	1	674	1	672	0.0	1281
10P3R2A13_02606	10P3R2A13_02606	100.000	303	0	0	1	303	1	303	0.0	607
10P3R2A13_02606	5P3R2A4_04034	100.000	106	0	0	198	303	1	106	2.58e-68	207
10P3R2A13_02607	10P3R2A13_02607	100.000	330	0	0	1	330	1	330	0.0	685
10P3R2A13_02608	10P3R2A13_02608	100.000	171	0	0	1	171	1	171	3.62e-127	353
10P3R2A13_02609	10P3R2A13_02609	100.000	162	0	0	1	162	1	162	2.59e-118	330
10P3R2A13_02609	38P2R3A13_06207	95.679	162	7	0	1	162	1	162	6.51e-112	314
10P3R2A13_02610	10P3R2A13_02610	100.000	82	0	0	1	82	1	82	3.87e-55	164
10P3R2A13_02610	1P1R1A1_03345	97.561	82	2	0	1	82	1	82	4.43e-54	162
10P3R2A13_02611	10P3R2A13_02611	100.000	151	0	0	1	151	1	151	7.99e-110	308
10P3R2A13_02612	10P3R2A13_02612	100.000	235	0	0	1	235	1	235	1.07e-167	461
10P3R2A13_02612	34P3R2A10_04625	100.000	69	0	0	167	235	1	69	2.43e-43	140
10P3R2A13_02613	10P3R2A13_02613	100.000	150	0	0	1	150	1	150	2.30e-112	315
10P3R2A13_02614	10P3R2A13_02614	100.000	125	0	0	1	125	1	125	8.59e-85	243
10P3R2A13_02614	40P3R1A10_03660	100.000	125	0	0	1	125	92	216	6.42e-84	244
10P3R2A13_02615	10P3R2A13_02615	100.000	238	0	0	1	238	1	238	1.42e-173	476
10P3R2A13_02615	15P1R1A16_03994	98.068	207	4	0	32	238	1	207	3.13e-145	404
10P3R2A13_02615	43P2R2A2_04032	100.000	172	0	0	67	238	1	172	1.57e-121	342
10P3R2A13_02616	10P3R2A13_02616	100.000	319	0	0	1	319	1	319	0.0	633
10P3R2A13_02616	34P3R2A10_04621	100.000	89	0	0	231	319	1	89	1.09e-53	170
10P3R2A13_02618	10P3R2A13_02618	100.000	254	0	0	1	254	1	254	0.0	528
10P3R2A13_02618	3P1R3A2_03897	100.000	124	0	0	131	254	1	124	3.22e-87	254
10P3R2A13_02618	3P1R3A2_03898	96.629	89	3	0	1	89	1	89	6.50e-60	186
10P3R2A13_02619	10P3R2A13_02619	100.000	137	0	0	1	137	1	137	3.67e-95	270
10P3R2A13_02620	10P3R2A13_02620	100.000	369	0	0	1	369	1	369	0.0	746
10P3R2A13_02621	10P3R2A13_02621	100.000	378	0	0	1	378	1	378	0.0	759
10P3R2A13_02622	10P3R2A13_02622	100.000	579	0	0	1	579	1	579	0.0	1188
10P3R2A13_02622	15P1R1A16_05210	99.377	321	2	0	259	579	1	321	0.0	661
10P3R2A13_02623	10P3R2A13_02623	100.000	332	0	0	1	332	1	332	0.0	671
10P3R2A13_02623	34P3R2A10_02484	100.000	274	0	0	59	332	1	274	0.0	553
10P3R2A13_02624	10P3R2A13_02624	100.000	224	0	0	1	224	1	224	2.65e-168	462
10P3R2A13_02624	15P1R1A16_04841	100.000	219	0	0	6	224	1	219	2.07e-163	449
10P3R2A13_02625	10P3R2A13_02625	100.000	455	0	0	1	455	1	455	0.0	917
10P3R2A13_02626	10P3R2A13_02626	100.000	150	0	0	1	150	1	150	3.46e-111	311
10P3R2A13_02627	10P3R2A13_02627	100.000	762	0	0	1	762	1	762	0.0	1568
10P3R2A13_02627	43P2R2A2_04666	99.854	684	1	0	79	762	1	684	0.0	1407
10P3R2A13_02628	10P3R2A13_02628	100.000	321	0	0	1	321	1	321	0.0	660
10P3R2A13_02628	34P3R2A10_03339	100.000	263	0	0	59	321	1	263	0.0	543
10P3R2A13_02629	10P3R2A13_02629	100.000	362	0	0	1	362	1	362	0.0	748
10P3R2A13_02629	43P2R2A2_03999	100.000	91	0	0	272	362	1	91	7.50e-62	192
10P3R2A13_02630	10P3R2A13_02630	100.000	87	0	0	1	87	1	87	1.73e-55	166
10P3R2A13_02631	10P3R2A13_02631	100.000	89	0	0	1	89	1	89	8.88e-62	182
10P3R2A13_02632	10P3R2A13_02632	100.000	225	0	0	1	225	1	225	1.63e-170	468
10P3R2A13_02633	10P3R2A13_02633	100.000	761	0	0	1	761	1	761	0.0	1563
10P3R2A13_02633	34P3R2A10_03334	99.610	513	2	0	249	761	1	513	0.0	1057
10P3R2A13_02634	10P3R2A13_02634	100.000	87	0	0	1	87	1	87	8.67e-59	174
10P3R2A13_02634	1P1R1A1_03369	97.701	87	2	0	1	87	1	87	1.05e-57	171
10P3R2A13_02635	10P3R2A13_02635	100.000	309	0	0	1	309	1	309	0.0	643
10P3R2A13_02635	34P3R2A10_05079	100.000	62	0	0	248	309	1	62	2.01e-38	130
10P3R2A13_02637	10P3R2A13_02637	100.000	241	0	0	1	241	1	241	1.76e-177	487
10P3R2A13_02637	38P2R3A13_01012	95.021	241	12	0	1	241	1	241	1.00e-159	442
10P3R2A13_02638	10P3R2A13_02638	100.000	220	0	0	1	220	1	220	4.43e-155	428
10P3R2A13_02638	38P2R3A13_05829	97.297	74	2	0	147	220	1	74	1.53e-43	140
10P3R2A13_02639	10P3R2A13_02639	100.000	249	0	0	1	249	1	249	0.0	500
10P3R2A13_02639	18P3R3A11_02872	95.984	249	9	1	1	249	1	248	3.72e-173	476
10P3R2A13_02640	10P3R2A13_02640	100.000	168	0	0	1	168	1	168	3.63e-122	341
