31P2R1A5_02062	31P2R1A5_02062	100.000	198	0	0	1	198	1	198	6.36e-143	396
31P2R1A5_02063	31P2R1A5_02063	100.000	507	0	0	1	507	1	507	0.0	1046
31P2R1A5_02064	31P2R1A5_02064	100.000	596	0	0	1	596	1	596	0.0	1205
31P2R1A5_02064	54P2R2A3_01841	96.233	584	22	0	1	584	1	584	0.0	1144
31P2R1A5_02065	31P2R1A5_02065	100.000	199	0	0	1	199	1	199	3.41e-141	391
31P2R1A5_02066	31P2R1A5_02066	100.000	306	0	0	1	306	1	306	0.0	614
31P2R1A5_02067	31P2R1A5_02067	100.000	202	0	0	1	202	1	202	6.45e-147	406
31P2R1A5_02067	54P2R2A3_01839	95.545	202	9	0	1	202	1	202	3.99e-139	386
31P2R1A5_02068	31P2R1A5_02068	100.000	100	0	0	1	100	1	100	2.22e-70	204
31P2R1A5_02069	31P2R1A5_02069	100.000	177	0	0	1	177	1	177	9.09e-126	350
31P2R1A5_02070	31P2R1A5_02070	100.000	301	0	0	1	301	1	301	0.0	626
31P2R1A5_02071	31P2R1A5_02071	100.000	60	0	0	1	60	1	60	2.16e-37	118
31P2R1A5_02072	31P2R1A5_02072	100.000	134	0	0	1	134	1	134	2.55e-97	275
31P2R1A5_02073	31P2R1A5_02073	100.000	150	0	0	1	150	1	150	1.09e-108	305
31P2R1A5_02074	31P2R1A5_02074	100.000	121	0	0	1	121	1	121	8.48e-89	253
31P2R1A5_02074	42P1R1A12_05525	96.491	114	4	0	1	114	1	114	6.37e-81	233
31P2R1A5_02075	31P2R1A5_02075	100.000	116	0	0	1	116	1	116	2.84e-81	233
31P2R1A5_02076	31P2R1A5_02076	100.000	454	0	0	1	454	1	454	0.0	911
31P2R1A5_02077	31P2R1A5_02077	100.000	144	0	0	1	144	1	144	4.28e-104	293
31P2R1A5_02077	54P2R2A3_01829	95.139	144	7	0	1	144	1	144	7.31e-100	282
31P2R1A5_02078	31P2R1A5_02078	100.000	82	0	0	1	82	1	82	5.34e-57	169
31P2R1A5_02079	31P2R1A5_02079	100.000	137	0	0	1	137	1	137	1.99e-99	281
31P2R1A5_02079	54P2R2A3_01827	96.350	137	5	0	1	137	1	137	6.40e-96	272
31P2R1A5_02080	31P2R1A5_02080	100.000	714	0	0	1	714	1	714	0.0	1484
31P2R1A5_02080	54P2R2A3_01826	95.798	714	30	0	1	714	1	714	0.0	1427
31P2R1A5_02081	31P2R1A5_02081	100.000	321	0	0	1	321	1	321	0.0	663
31P2R1A5_02082	31P2R1A5_02082	100.000	401	0	0	1	401	1	401	0.0	811
31P2R1A5_02083	31P2R1A5_02083	100.000	356	0	0	1	356	1	356	0.0	692
31P2R1A5_02084	31P2R1A5_02084	100.000	333	0	0	1	333	1	333	0.0	691
31P2R1A5_02084	54P2R2A3_01822	97.898	333	7	0	1	333	1	333	0.0	679
31P2R1A5_02085	31P2R1A5_02085	100.000	249	0	0	1	249	1	249	1.51e-180	495
31P2R1A5_02086	31P2R1A5_02086	100.000	112	0	0	1	112	1	112	3.09e-74	215
31P2R1A5_02086	54P2R2A3_01820	95.536	112	5	0	1	112	1	112	4.37e-71	207
31P2R1A5_02087	31P2R1A5_02087	100.000	177	0	0	1	177	1	177	4.43e-129	359
31P2R1A5_02088	31P2R1A5_02088	100.000	391	0	0	1	391	1	391	0.0	790
31P2R1A5_02088	42P1R1A12_05511	96.419	391	14	0	1	391	1	391	0.0	767
31P2R1A5_02089	31P2R1A5_02089	100.000	513	0	0	1	513	1	513	0.0	1026
31P2R1A5_02089	54P2R2A3_01817	97.661	513	12	0	1	513	1	513	0.0	1009
31P2R1A5_02090	31P2R1A5_02090	100.000	559	0	0	1	559	1	559	0.0	1162
31P2R1A5_02091	31P2R1A5_02091	100.000	256	0	0	1	256	1	256	0.0	525
31P2R1A5_02091	54P2R2A3_01815	96.443	253	9	0	1	253	1	253	0.0	503
31P2R1A5_02092	31P2R1A5_02092	100.000	172	0	0	1	172	1	172	1.80e-129	360
31P2R1A5_02093	31P2R1A5_02093	100.000	519	0	0	1	519	1	519	0.0	1072
31P2R1A5_02094	31P2R1A5_02094	100.000	143	0	0	1	143	1	143	3.03e-97	276
31P2R1A5_02095	31P2R1A5_02095	100.000	189	0	0	1	189	1	189	3.70e-140	388
31P2R1A5_02095	42P1R1A12_05504	95.238	189	9	0	1	189	1	189	9.97e-132	367
31P2R1A5_02096	31P2R1A5_02096	100.000	105	0	0	1	105	1	105	2.39e-72	210
31P2R1A5_02096	54P2R2A3_01810	97.143	105	3	0	1	105	1	105	1.99e-70	205
31P2R1A5_02103	31P2R1A5_02103	100.000	876	0	0	1	876	1	876	0.0	1798
31P2R1A5_02103	42P1R1A12_01424	96.575	876	30	0	1	876	1	876	0.0	1750
31P2R1A5_02104	31P2R1A5_02104	100.000	167	0	0	1	167	1	167	3.25e-122	341
31P2R1A5_02104	54P2R2A3_01802	96.407	167	6	0	1	167	1	167	1.54e-117	329
31P2R1A5_02105	31P2R1A5_02105	100.000	353	0	0	1	353	1	353	0.0	716
31P2R1A5_02105	18P3R3A11_02550	96.884	353	11	0	1	353	1	353	0.0	697
31P2R1A5_02105	47P2R3A6_01863	96.884	353	11	0	1	353	1	353	0.0	694
31P2R1A5_02106	31P2R1A5_02106	100.000	166	0	0	1	166	1	166	6.26e-119	332
31P2R1A5_02107	31P2R1A5_02107	100.000	293	0	0	1	293	1	293	0.0	593
31P2R1A5_02107	54P2R2A3_01799	95.904	293	12	0	1	293	1	293	0.0	572
31P2R1A5_02108	31P2R1A5_02108	100.000	288	0	0	1	288	1	288	0.0	545
31P2R1A5_02108	54P2R2A3_01798	96.875	288	9	0	1	288	1	288	0.0	525
31P2R1A5_02109	31P2R1A5_02109	100.000	226	0	0	1	226	1	226	7.32e-165	454
31P2R1A5_02109	54P2R2A3_01797	95.575	226	10	0	1	226	12	237	8.80e-147	408
31P2R1A5_02110	31P2R1A5_02110	100.000	36	0	0	1	36	1	36	1.68e-17	66.6
31P2R1A5_02111	31P2R1A5_02111	100.000	360	0	0	1	360	1	360	0.0	744
31P2R1A5_02112	31P2R1A5_02112	100.000	38	0	0	1	38	1	38	4.68e-21	75.9
31P2R1A5_02113	31P2R1A5_02113	100.000	188	0	0	1	188	1	188	9.14e-138	382
31P2R1A5_02114	31P2R1A5_02114	100.000	324	0	0	1	324	1	324	0.0	642
31P2R1A5_02115	31P2R1A5_02115	100.000	121	0	0	1	121	1	121	1.30e-85	244
31P2R1A5_02116	31P2R1A5_02116	100.000	260	0	0	1	260	1	260	0.0	526
31P2R1A5_02116	42P1R1A12_01412	95.769	260	11	0	1	260	1	260	0.0	506
31P2R1A5_02117	31P2R1A5_02117	100.000	120	0	0	1	120	1	120	2.06e-86	246
31P2R1A5_02118	31P2R1A5_02118	100.000	258	0	0	1	258	1	258	0.0	531
31P2R1A5_02118	54P2R2A3_01789	97.674	258	6	0	1	258	1	258	0.0	517
31P2R1A5_02119	31P2R1A5_02119	100.000	322	0	0	1	322	1	322	0.0	652
31P2R1A5_02120	31P2R1A5_02120	100.000	517	0	0	1	517	1	517	0.0	1036
31P2R1A5_02120	54P2R2A3_01787	97.679	517	12	0	1	517	1	517	0.0	1011
31P2R1A5_02122	31P2R1A5_02122	100.000	378	0	0	1	378	1	378	0.0	769
31P2R1A5_02122	54P2R2A3_01785	97.074	376	11	0	1	376	1	376	0.0	746
31P2R1A5_02123	31P2R1A5_02123	100.000	338	0	0	1	338	1	338	0.0	662
31P2R1A5_02124	31P2R1A5_02124	100.000	745	0	0	1	745	1	745	0.0	1496
31P2R1A5_02124	54P2R2A3_01783	95.020	743	37	0	1	743	1	743	0.0	1389
31P2R1A5_02125	31P2R1A5_02125	100.000	176	0	0	1	176	1	176	2.11e-128	357
31P2R1A5_02126	31P2R1A5_02126	100.000	338	0	0	1	338	1	338	0.0	694
31P2R1A5_02126	54P2R2A3_01781	97.929	338	7	0	1	338	1	338	0.0	682
31P2R1A5_02127	31P2R1A5_02127	100.000	481	0	0	1	481	1	481	0.0	959
31P2R1A5_02128	31P2R1A5_02128	100.000	475	0	0	1	475	1	475	0.0	995
31P2R1A5_02129	31P2R1A5_02129	100.000	103	0	0	1	103	1	103	8.32e-72	208
31P2R1A5_02129	54P2R2A3_01778	95.146	103	5	0	1	103	1	103	1.51e-67	197
31P2R1A5_02130	31P2R1A5_02130	100.000	157	0	0	1	157	1	157	1.07e-112	316
31P2R1A5_02130	54P2R2A3_01777	95.541	157	7	0	1	157	1	157	1.18e-99	283
31P2R1A5_02131	31P2R1A5_02131	100.000	137	0	0	1	137	1	137	2.19e-100	283
31P2R1A5_02132	31P2R1A5_02132	100.000	256	0	0	1	256	1	256	0.0	525
31P2R1A5_02132	51P2R2A10_02608	96.875	256	8	0	1	256	1	256	0.0	510
31P2R1A5_02133	31P2R1A5_02133	100.000	181	0	0	1	181	1	181	6.26e-136	377
31P2R1A5_02133	42P1R1A12_01396	95.028	181	9	0	1	181	1	181	1.28e-129	361
31P2R1A5_02134	31P2R1A5_02134	100.000	570	0	0	1	570	1	570	0.0	1185
31P2R1A5_02134	10P3R2A13_02062	97.193	570	16	0	1	570	1	570	0.0	1162
31P2R1A5_02134	18P3R3A11_02524	95.614	570	25	0	1	570	1	570	0.0	1142
31P2R1A5_02134	34P3R2A10_04128	97.905	525	11	0	46	570	1	525	0.0	1077
31P2R1A5_02135	31P2R1A5_02135	100.000	308	0	0	1	308	1	308	0.0	601
31P2R1A5_02136	31P2R1A5_02136	100.000	609	0	0	1	609	1	609	0.0	1186
31P2R1A5_02137	31P2R1A5_02137	100.000	203	0	0	1	203	1	203	3.40e-149	412
31P2R1A5_02138	31P2R1A5_02138	100.000	150	0	0	1	150	1	150	1.13e-111	313
31P2R1A5_02139	31P2R1A5_02139	100.000	115	0	0	1	115	1	115	1.63e-79	229
31P2R1A5_02140	31P2R1A5_02140	100.000	291	0	0	1	291	1	291	0.0	603
31P2R1A5_02141	31P2R1A5_02141	100.000	91	0	0	1	91	1	91	1.86e-61	181
31P2R1A5_02142	31P2R1A5_02142	100.000	374	0	0	1	374	1	374	0.0	770
31P2R1A5_02142	54P2R2A3_01765	97.594	374	9	0	1	374	1	374	0.0	755
31P2R1A5_02143	31P2R1A5_02143	100.000	337	0	0	1	337	1	337	0.0	672
31P2R1A5_02144	31P2R1A5_02144	100.000	691	0	0	1	691	1	691	0.0	1413
31P2R1A5_02145	31P2R1A5_02145	100.000	467	0	0	1	467	1	467	0.0	974
31P2R1A5_02146	31P2R1A5_02146	100.000	731	0	0	1	731	1	731	0.0	1517
31P2R1A5_02147	31P2R1A5_02147	100.000	446	0	0	1	446	1	446	0.0	917
31P2R1A5_02148	44P3R3A6_02799	100.000	424	0	0	1	424	44	467	0.0	844
31P2R1A5_02148	31P2R1A5_02148	100.000	424	0	0	1	424	1	424	0.0	844
31P2R1A5_02149	31P2R1A5_02149	100.000	105	0	0	1	105	1	105	1.32e-73	213
31P2R1A5_02150	31P2R1A5_02150	100.000	441	0	0	1	441	1	441	0.0	884
31P2R1A5_02150	42P1R1A12_01377	95.692	441	19	0	1	441	1	441	0.0	837
31P2R1A5_02151	31P2R1A5_02151	100.000	105	0	0	1	105	1	105	4.82e-72	209
31P2R1A5_02152	31P2R1A5_02152	100.000	305	0	0	1	305	1	305	0.0	620
31P2R1A5_02153	31P2R1A5_02153	100.000	321	0	0	1	321	1	321	0.0	644
31P2R1A5_02154	31P2R1A5_02154	100.000	306	0	0	1	306	1	306	0.0	627
31P2R1A5_02155	31P2R1A5_02155	100.000	274	0	0	1	274	1	274	0.0	558
31P2R1A5_02156	31P2R1A5_02156	100.000	283	0	0	1	283	1	283	0.0	558
31P2R1A5_02156	42P1R1A12_01371	96.466	283	10	0	1	283	1	283	0.0	540
31P2R1A5_02157	31P2R1A5_02157	100.000	285	0	0	1	285	1	285	0.0	547
31P2R1A5_02158	31P2R1A5_02158	100.000	114	0	0	1	114	1	114	1.20e-81	234
31P2R1A5_02158	54P2R2A3_01749	95.614	114	5	0	1	114	1	114	5.51e-77	222
31P2R1A5_02159	31P2R1A5_02159	100.000	296	0	0	1	296	1	296	0.0	607
31P2R1A5_02159	54P2R2A3_01748	95.608	296	13	0	1	296	1	296	0.0	560
31P2R1A5_02160	31P2R1A5_02160	100.000	314	0	0	1	314	1	314	0.0	610
31P2R1A5_02161	31P2R1A5_02161	100.000	570	0	0	1	570	1	570	0.0	1158
31P2R1A5_02162	31P2R1A5_02162	100.000	98	0	0	1	98	1	98	5.41e-71	206
31P2R1A5_02162	44P3R3A6_02785	97.959	98	2	0	1	98	1	98	3.92e-69	201
31P2R1A5_02163	31P2R1A5_02163	100.000	788	0	0	1	788	1	788	0.0	1617
31P2R1A5_02164	31P2R1A5_02164	100.000	344	0	0	1	344	1	344	0.0	710
31P2R1A5_02164	54P2R2A3_01743	97.384	344	9	0	1	344	1	344	0.0	694
31P2R1A5_02165	31P2R1A5_02165	100.000	273	0	0	1	273	1	273	0.0	538
31P2R1A5_02166	31P2R1A5_02166	100.000	332	0	0	1	332	1	332	0.0	622
31P2R1A5_02166	54P2R2A3_01741	97.892	332	7	0	1	332	1	332	0.0	610
31P2R1A5_02167	31P2R1A5_02167	100.000	260	0	0	1	260	1	260	0.0	516
31P2R1A5_02167	44P3R3A6_02780	97.692	260	6	0	1	260	1	260	0.0	508
31P2R1A5_02168	31P2R1A5_02168	100.000	169	0	0	1	169	1	169	1.38e-127	355
31P2R1A5_02168	42P1R1A12_01338	99.379	161	1	0	9	169	1	161	3.99e-121	338
31P2R1A5_02169	31P2R1A5_02169	100.000	854	0	0	1	854	1	854	0.0	1745
31P2R1A5_02169	42P1R1A12_01334	95.878	849	35	0	6	854	8	856	0.0	1650
31P2R1A5_02170	31P2R1A5_02170	100.000	51	0	0	1	51	1	51	1.19e-29	98.2
31P2R1A5_02171	31P2R1A5_02171	100.000	79	0	0	1	79	1	79	7.76e-55	164
31P2R1A5_02171	18P3R3A11_04203	95.890	73	3	0	1	73	1	73	1.20e-48	148
31P2R1A5_02172	31P2R1A5_02172	100.000	476	0	0	1	476	1	476	0.0	976
31P2R1A5_02172	18P3R3A11_04204	96.849	476	15	0	1	476	1	476	0.0	951
31P2R1A5_02172	10P3R2A13_02040	97.059	476	14	0	1	476	1	476	0.0	951
31P2R1A5_02172	38P2R3A13_05070	96.218	476	18	0	1	476	1	476	0.0	946
31P2R1A5_02172	32P3R2A9_01858	98.187	331	6	0	146	476	1	331	0.0	664
31P2R1A5_02173	31P2R1A5_02173	100.000	198	0	0	1	198	1	198	5.91e-147	406
31P2R1A5_02174	31P2R1A5_02174	100.000	136	0	0	1	136	1	136	2.49e-97	275
31P2R1A5_02175	31P2R1A5_02175	100.000	296	0	0	1	296	1	296	0.0	591
31P2R1A5_02175	54P2R2A3_01731	95.270	296	14	0	1	296	1	296	0.0	540
31P2R1A5_02176	31P2R1A5_02176	100.000	401	0	0	1	401	1	401	0.0	778
31P2R1A5_02176	54P2R2A3_01730	96.259	401	15	0	1	401	1	401	0.0	756
31P2R1A5_02177	31P2R1A5_02177	100.000	126	0	0	1	126	1	126	1.87e-91	260
31P2R1A5_02179	31P2R1A5_02179	100.000	379	0	0	1	379	1	379	0.0	760
31P2R1A5_02179	54P2R2A3_01727	97.625	379	9	0	1	379	1	379	0.0	747
31P2R1A5_02180	31P2R1A5_02180	100.000	209	0	0	1	209	1	209	2.15e-153	423
31P2R1A5_02180	42P1R1A12_01323	96.651	209	7	0	1	209	1	209	8.74e-149	411
31P2R1A5_02181	31P2R1A5_02181	100.000	254	0	0	1	254	1	254	0.0	518
31P2R1A5_02182	31P2R1A5_02182	100.000	350	0	0	1	350	1	350	0.0	713
31P2R1A5_02184	31P2R1A5_02184	100.000	237	0	0	1	237	1	237	3.47e-176	483
31P2R1A5_02184	54P2R2A3_01722	97.468	237	6	0	1	237	1	237	2.81e-170	468
31P2R1A5_02185	31P2R1A5_02185	100.000	106	0	0	1	106	1	106	1.02e-74	216
31P2R1A5_02185	42P1R1A12_01318	97.170	106	3	0	1	106	1	106	3.19e-73	212
31P2R1A5_02186	31P2R1A5_02186	100.000	109	0	0	1	109	1	109	1.46e-71	208
31P2R1A5_02187	31P2R1A5_02187	100.000	202	0	0	1	202	1	202	5.05e-149	411
31P2R1A5_02187	42P1R1A12_01316	95.050	202	10	0	1	202	1	202	4.06e-142	394
31P2R1A5_02188	31P2R1A5_02188	100.000	476	0	0	1	476	1	476	0.0	972
31P2R1A5_02190	31P2R1A5_02190	100.000	472	0	0	1	472	1	472	0.0	952
31P2R1A5_02192	31P2R1A5_02192	100.000	245	0	0	1	245	1	245	0.0	502
31P2R1A5_02192	54P2R2A3_01714	96.327	245	9	0	1	245	1	245	1.11e-177	488
31P2R1A5_02192	18P3R3A11_04224	95.102	245	12	0	1	245	1	245	2.92e-175	481
31P2R1A5_02193	31P2R1A5_02193	100.000	571	0	0	1	571	1	571	0.0	1182
31P2R1A5_02193	42P1R1A12_01306	97.898	571	12	0	1	571	1	571	0.0	1164
31P2R1A5_02194	31P2R1A5_02194	100.000	600	0	0	1	600	1	600	0.0	1223
31P2R1A5_02194	54P2R2A3_01712	97.667	600	14	0	1	600	1	600	0.0	1199
31P2R1A5_02195	31P2R1A5_02195	100.000	122	0	0	1	122	1	122	8.25e-90	255
31P2R1A5_02195	38P2R3A13_07848	96.694	121	4	0	2	122	1	121	1.87e-87	249
31P2R1A5_02195	18P3R3A11_04227	96.694	121	4	0	2	122	1	121	3.73e-87	248
31P2R1A5_02195	42P1R1A12_01304	95.041	121	6	0	2	122	1	121	2.21e-86	246
31P2R1A5_02196	31P2R1A5_02196	100.000	224	0	0	1	224	1	224	6.94e-170	466
31P2R1A5_02196	42P1R1A12_01303	96.429	224	8	0	1	224	1	224	4.88e-164	451
31P2R1A5_02197	31P2R1A5_02197	100.000	370	0	0	1	370	1	370	0.0	766
31P2R1A5_02197	54P2R2A3_01709	97.838	370	8	0	1	370	1	370	0.0	749
31P2R1A5_02198	31P2R1A5_02198	100.000	433	0	0	1	433	1	433	0.0	871
31P2R1A5_02198	10P3R2A13_01679	96.767	433	14	0	1	433	1	433	0.0	851
31P2R1A5_02198	18P3R3A11_04233	96.536	433	15	0	1	433	1	433	0.0	840
31P2R1A5_02199	31P2R1A5_02199	100.000	546	0	0	1	546	1	546	0.0	1123
31P2R1A5_02199	42P1R1A12_01300	96.886	546	17	0	1	546	1	546	0.0	1097
31P2R1A5_02199	18P3R3A11_04234	96.520	546	19	0	1	546	1	546	0.0	1097
31P2R1A5_02199	10P3R2A13_01680	95.055	546	27	0	1	546	1	546	0.0	1049
31P2R1A5_02200	31P2R1A5_02200	100.000	264	0	0	1	264	1	264	0.0	538
31P2R1A5_02200	54P2R2A3_01706	96.970	264	8	0	1	264	1	264	0.0	525
31P2R1A5_02201	31P2R1A5_02201	100.000	746	0	0	1	746	1	746	0.0	1541
31P2R1A5_02201	42P1R1A12_01298	96.649	746	25	0	1	746	1	746	0.0	1502
31P2R1A5_02201	34P3R2A10_02618	95.382	498	22	1	249	746	1	497	0.0	976
31P2R1A5_02201	43P2R2A2_05141	95.329	471	21	1	276	746	1	470	0.0	920
31P2R1A5_02202	31P2R1A5_02202	100.000	435	0	0	1	435	1	435	0.0	892
31P2R1A5_02202	54P2R2A3_01704	97.471	435	11	0	1	435	1	435	0.0	870
31P2R1A5_02203	31P2R1A5_02203	100.000	917	0	0	1	917	1	917	0.0	1873
31P2R1A5_02204	31P2R1A5_02204	100.000	380	0	0	1	380	1	380	0.0	756
31P2R1A5_02204	54P2R2A3_01702	96.316	380	14	0	1	380	1	380	0.0	725
31P2R1A5_02205	31P2R1A5_02205	100.000	447	0	0	1	447	1	447	0.0	929
31P2R1A5_02206	31P2R1A5_02206	100.000	447	0	0	1	447	1	447	0.0	919
31P2R1A5_02207	31P2R1A5_02207	100.000	453	0	0	1	453	1	453	0.0	906
31P2R1A5_02207	28P2R1A12_00018	96.629	89	3	0	1	89	1	89	5.58e-55	177
31P2R1A5_02208	31P2R1A5_02208	100.000	148	0	0	1	148	1	148	1.74e-107	302
31P2R1A5_02208	54P2R2A3_01698	98.630	146	2	0	1	146	1	146	2.83e-105	296
31P2R1A5_02209	31P2R1A5_02209	100.000	265	0	0	1	265	1	265	0.0	545
31P2R1A5_02209	54P2R2A3_01697	96.981	265	8	0	1	265	1	265	0.0	528
31P2R1A5_02210	31P2R1A5_02210	100.000	110	0	0	1	110	1	110	2.68e-76	220
31P2R1A5_02211	31P2R1A5_02211	100.000	182	0	0	1	182	1	182	3.40e-134	372
31P2R1A5_02211	54P2R2A3_01695	95.055	182	9	0	1	182	1	182	4.94e-128	357
31P2R1A5_02212	31P2R1A5_02212	100.000	282	0	0	1	282	1	282	0.0	585
31P2R1A5_02212	54P2R2A3_01694	97.518	282	7	0	1	282	1	282	0.0	572
31P2R1A5_02213	31P2R1A5_02213	100.000	456	0	0	1	456	1	456	0.0	936
31P2R1A5_02213	42P1R1A12_01286	95.614	456	20	0	1	456	1	456	0.0	906
31P2R1A5_02214	31P2R1A5_02214	100.000	430	0	0	1	430	1	430	0.0	858
31P2R1A5_02214	42P1R1A12_01285	96.047	430	17	0	1	430	1	430	0.0	834
31P2R1A5_02215	31P2R1A5_02215	100.000	456	0	0	1	456	1	456	0.0	939
31P2R1A5_02215	42P1R1A12_01284	95.395	456	21	0	1	456	1	456	0.0	900
31P2R1A5_02216	31P2R1A5_02216	100.000	314	0	0	1	314	1	314	0.0	633
31P2R1A5_02216	42P1R1A12_01283	95.517	290	13	0	23	312	23	312	0.0	539
31P2R1A5_02217	31P2R1A5_02217	100.000	408	0	0	1	408	1	408	0.0	820
31P2R1A5_02218	31P2R1A5_02218	100.000	474	0	0	1	474	1	474	0.0	942
31P2R1A5_02219	31P2R1A5_02219	100.000	293	0	0	1	293	1	293	0.0	594
31P2R1A5_02220	31P2R1A5_02220	100.000	233	0	0	1	233	1	233	4.77e-166	457
31P2R1A5_02221	31P2R1A5_02221	100.000	341	0	0	1	341	1	341	0.0	657
31P2R1A5_02222	31P2R1A5_02222	100.000	469	0	0	1	469	1	469	0.0	967
31P2R1A5_02223	31P2R1A5_02223	100.000	466	0	0	1	466	1	466	0.0	918
31P2R1A5_02224	31P2R1A5_02224	100.000	391	0	0	1	391	1	391	0.0	792
31P2R1A5_02225	31P2R1A5_02225	100.000	648	0	0	1	648	1	648	0.0	1306
31P2R1A5_02226	31P2R1A5_02226	100.000	252	0	0	1	252	1	252	0.0	515
31P2R1A5_02227	31P2R1A5_02227	100.000	383	0	0	1	383	1	383	0.0	775
31P2R1A5_02228	31P2R1A5_02228	100.000	216	0	0	1	216	1	216	5.83e-162	445
31P2R1A5_02229	31P2R1A5_02229	100.000	437	0	0	1	437	1	437	0.0	885
31P2R1A5_02230	31P2R1A5_02230	100.000	592	0	0	1	592	1	592	0.0	1237
31P2R1A5_02230	42P1R1A12_01275	95.270	592	28	0	1	592	1	592	0.0	1174
31P2R1A5_02231	31P2R1A5_02231	100.000	473	0	0	1	473	1	473	0.0	969
31P2R1A5_02231	54P2R2A3_01675	97.674	473	11	0	1	473	1	473	0.0	947
31P2R1A5_02232	31P2R1A5_02232	100.000	141	0	0	1	141	1	141	1.20e-100	284
31P2R1A5_02233	31P2R1A5_02233	100.000	237	0	0	1	237	1	237	2.57e-178	488
31P2R1A5_02234	31P2R1A5_02234	100.000	367	0	0	1	367	1	367	0.0	764
31P2R1A5_02234	42P1R1A12_01271	96.185	367	14	0	1	367	1	367	0.0	741
31P2R1A5_02235	31P2R1A5_02235	100.000	132	0	0	1	132	1	132	6.43e-89	254
31P2R1A5_02237	31P2R1A5_02237	100.000	77	0	0	1	77	1	77	4.18e-53	159
31P2R1A5_02238	31P2R1A5_02238	100.000	402	0	0	1	402	1	402	0.0	811
31P2R1A5_02239	31P2R1A5_02239	100.000	146	0	0	1	146	1	146	2.36e-103	291
31P2R1A5_02239	54P2R2A3_01667	97.887	142	3	0	1	142	1	142	1.19e-98	280
31P2R1A5_02239	44P3R3A6_02698	95.890	146	6	0	1	146	1	146	1.88e-98	279
31P2R1A5_02241	31P2R1A5_02241	100.000	366	0	0	1	366	1	366	0.0	753
31P2R1A5_02241	42P1R1A12_01264	95.082	366	18	0	1	366	1	366	0.0	725
31P2R1A5_02245	31P2R1A5_02245	100.000	352	0	0	1	352	1	352	0.0	695
31P2R1A5_02246	31P2R1A5_02246	100.000	182	0	0	1	182	1	182	9.55e-133	369
31P2R1A5_02246	51P2R2A10_02469	95.604	182	8	0	1	182	1	182	1.93e-124	348
31P2R1A5_02247	31P2R1A5_02247	100.000	508	0	0	1	508	1	508	0.0	1036
31P2R1A5_02248	31P2R1A5_02248	100.000	275	0	0	1	275	1	275	0.0	560
31P2R1A5_02249	31P2R1A5_02249	100.000	226	0	0	1	226	1	226	2.16e-159	440
31P2R1A5_02249	44P3R3A6_02688	97.788	226	5	0	1	226	1	226	3.11e-156	432
31P2R1A5_02250	31P2R1A5_02250	100.000	94	0	0	1	94	1	94	1.88e-64	189
31P2R1A5_02250	54P2R2A3_01656	97.872	94	2	0	1	94	1	94	5.11e-63	185
31P2R1A5_02251	31P2R1A5_02251	100.000	246	0	0	1	246	1	246	2.82e-177	486
31P2R1A5_02252	31P2R1A5_02252	100.000	237	0	0	1	237	1	237	8.63e-175	479
31P2R1A5_02253	31P2R1A5_02253	100.000	265	0	0	1	265	1	265	0.0	550
31P2R1A5_02253	54P2R2A3_01653	97.358	265	7	0	1	265	1	265	0.0	538
31P2R1A5_02254	31P2R1A5_02254	100.000	262	0	0	1	262	1	262	0.0	530
31P2R1A5_02254	54P2R2A3_01652	96.947	262	8	0	1	262	1	262	0.0	516
31P2R1A5_02255	31P2R1A5_02255	100.000	242	0	0	1	242	1	242	0.0	496
31P2R1A5_02256	31P2R1A5_02256	100.000	352	0	0	1	352	1	352	0.0	709
31P2R1A5_02256	54P2R2A3_01650	97.727	352	8	0	1	352	1	352	0.0	691
31P2R1A5_02257	31P2R1A5_02257	100.000	258	0	0	1	258	1	258	0.0	524
31P2R1A5_02258	31P2R1A5_02258	100.000	190	0	0	1	190	1	190	2.34e-138	384
31P2R1A5_02258	44P3R3A6_02679	96.842	190	6	0	1	190	1	190	2.28e-134	374
31P2R1A5_02259	31P2R1A5_02259	100.000	202	0	0	1	202	1	202	5.59e-147	406
31P2R1A5_02259	54P2R2A3_01647	97.030	202	6	0	1	202	1	202	5.64e-142	394
31P2R1A5_02260	31P2R1A5_02260	100.000	380	0	0	1	380	1	380	0.0	776
31P2R1A5_02261	31P2R1A5_02261	100.000	212	0	0	1	212	1	212	3.75e-157	433
31P2R1A5_02262	31P2R1A5_02262	100.000	320	0	0	1	320	1	320	0.0	634
31P2R1A5_02262	54P2R2A3_01644	97.812	320	7	0	1	320	1	320	0.0	623
31P2R1A5_02263	31P2R1A5_02263	100.000	459	0	0	1	459	1	459	0.0	939
31P2R1A5_02263	54P2R2A3_01643	97.155	457	13	0	1	457	1	457	0.0	915
31P2R1A5_02264	31P2R1A5_02264	100.000	304	0	0	1	304	1	304	0.0	633
31P2R1A5_02265	31P2R1A5_02265	100.000	270	0	0	1	270	1	270	0.0	536
31P2R1A5_02265	54P2R2A3_01641	97.407	270	7	0	1	270	1	270	0.0	525
31P2R1A5_02266	31P2R1A5_02266	100.000	95	0	0	1	95	1	95	1.10e-62	184
31P2R1A5_02266	1P1R1A1_00901	96.703	91	3	0	1	91	1	91	1.85e-57	171
31P2R1A5_02266	42P1R1A12_01239	95.789	95	4	0	1	95	1	95	1.21e-51	157
31P2R1A5_02267	31P2R1A5_02267	100.000	271	0	0	1	271	1	271	0.0	542
31P2R1A5_02267	42P1R1A12_01238	95.572	271	12	0	1	271	1	271	0.0	518
31P2R1A5_02268	31P2R1A5_02268	100.000	555	0	0	1	555	1	555	0.0	1150
31P2R1A5_02268	42P1R1A12_01237	98.011	553	11	0	1	553	1	553	0.0	1129
31P2R1A5_02268	1P1R1A1_00899	96.926	553	17	0	1	553	1	553	0.0	1118
31P2R1A5_02268	40P3R1A10_03071	97.826	460	10	0	1	460	1	460	0.0	940
31P2R1A5_02269	31P2R1A5_02269	100.000	230	0	0	1	230	1	230	8.32e-168	461
31P2R1A5_02270	31P2R1A5_02270	100.000	175	0	0	1	175	1	175	1.20e-126	353
31P2R1A5_02270	54P2R2A3_01636	97.714	175	4	0	1	175	1	175	1.30e-124	347
31P2R1A5_02271	31P2R1A5_02271	100.000	611	0	0	1	611	1	611	0.0	1216
31P2R1A5_02272	31P2R1A5_02272	100.000	117	0	0	1	117	1	117	3.23e-84	241
31P2R1A5_02273	31P2R1A5_02273	100.000	92	0	0	1	92	1	92	4.68e-59	175
31P2R1A5_02273	51P2R2A10_02441	96.667	90	3	0	1	90	1	90	1.07e-49	152
31P2R1A5_02273	1P1R1A1_00894	96.667	90	3	0	1	90	1	90	7.40e-47	144
31P2R1A5_02274	31P2R1A5_02274	100.000	156	0	0	1	156	1	156	1.14e-109	308
31P2R1A5_02275	31P2R1A5_02275	100.000	211	0	0	1	211	1	211	3.61e-153	423
31P2R1A5_02276	31P2R1A5_02276	100.000	164	0	0	1	164	1	164	2.85e-112	315
31P2R1A5_02276	44P3R3A6_02661	96.951	164	5	0	1	164	1	164	8.31e-109	306
31P2R1A5_02276	54P2R2A3_01630	95.122	164	8	0	1	164	1	164	4.10e-105	297
31P2R1A5_02277	31P2R1A5_02277	100.000	92	0	0	1	92	1	92	5.73e-61	180
31P2R1A5_02278	31P2R1A5_02278	100.000	339	0	0	1	339	1	339	0.0	684
31P2R1A5_02278	44P3R3A6_02659	96.755	339	11	0	1	339	1	339	0.0	665
31P2R1A5_02278	54P2R2A3_01628	95.575	339	15	0	1	339	1	339	0.0	636
31P2R1A5_02279	31P2R1A5_02279	100.000	462	0	0	1	462	1	462	0.0	937
31P2R1A5_02279	54P2R2A3_01627	96.976	463	13	1	1	462	1	463	0.0	905
31P2R1A5_02280	31P2R1A5_02280	100.000	371	0	0	1	371	1	371	0.0	751
31P2R1A5_02280	44P3R3A6_02657	97.844	371	8	0	1	371	1	371	0.0	740
31P2R1A5_02280	54P2R2A3_01626	96.765	371	12	0	1	371	1	371	0.0	734
31P2R1A5_02281	31P2R1A5_02281	100.000	451	0	0	1	451	1	451	0.0	895
31P2R1A5_02281	54P2R2A3_01625	96.452	451	16	0	1	451	1	451	0.0	866
31P2R1A5_02282	31P2R1A5_02282	100.000	185	0	0	1	185	1	185	1.93e-132	368
31P2R1A5_02283	31P2R1A5_02283	100.000	117	0	0	1	117	1	117	5.21e-82	235
31P2R1A5_02284	31P2R1A5_02284	100.000	147	0	0	1	147	1	147	9.63e-107	300
31P2R1A5_02284	44P3R3A6_02653	97.959	147	3	0	1	147	1	147	3.93e-105	296
31P2R1A5_02284	54P2R2A3_01622	95.918	147	6	0	1	147	1	147	3.00e-103	291
31P2R1A5_02285	31P2R1A5_02285	100.000	405	0	0	1	405	1	405	0.0	828
31P2R1A5_02286	31P2R1A5_02286	100.000	301	0	0	1	301	1	301	0.0	608
31P2R1A5_02287	31P2R1A5_02287	100.000	359	0	0	1	359	1	359	0.0	726
31P2R1A5_02287	54P2R2A3_01619	95.822	359	15	0	1	359	1	359	0.0	696
31P2R1A5_02288	31P2R1A5_02288	100.000	418	0	0	1	418	1	418	0.0	850
31P2R1A5_02288	51P2R2A10_02426	96.172	418	16	0	1	418	1	418	0.0	798
31P2R1A5_02288	42P1R1A12_01217	96.742	399	13	0	20	418	1	399	0.0	793
31P2R1A5_02289	31P2R1A5_02289	100.000	444	0	0	1	444	1	444	0.0	912
31P2R1A5_02289	42P1R1A12_01216	97.072	444	13	0	1	444	1	444	0.0	890
31P2R1A5_02290	31P2R1A5_02290	100.000	107	0	0	1	107	1	107	3.25e-73	212
31P2R1A5_02291	31P2R1A5_02291	100.000	615	0	0	1	615	1	615	0.0	1234
31P2R1A5_02292	31P2R1A5_02292	100.000	1179	0	0	1	1179	1	1179	0.0	2389
31P2R1A5_02293	31P2R1A5_02293	100.000	962	0	0	1	962	1	962	0.0	1980
31P2R1A5_02294	31P2R1A5_02294	100.000	1126	0	0	1	1126	1	1126	0.0	2291
31P2R1A5_02295	31P2R1A5_02295	100.000	108	0	0	1	108	1	108	2.19e-75	218
31P2R1A5_02295	54P2R2A3_01611	97.222	108	3	0	1	108	1	108	5.95e-72	209
31P2R1A5_02296	31P2R1A5_02296	100.000	136	0	0	1	136	1	136	2.43e-93	265
31P2R1A5_02296	54P2R2A3_01610	95.588	136	6	0	1	136	1	136	2.03e-73	215
31P2R1A5_02297	31P2R1A5_02297	100.000	186	0	0	1	186	1	186	9.63e-134	372
31P2R1A5_02297	54P2R2A3_01609	97.312	186	5	0	1	186	1	186	4.08e-129	360
31P2R1A5_02298	31P2R1A5_02298	100.000	184	0	0	1	184	1	184	3.08e-134	373
31P2R1A5_02298	54P2R2A3_01608	97.826	184	4	0	1	184	1	184	8.02e-132	367
31P2R1A5_02299	31P2R1A5_02299	100.000	265	0	0	1	265	1	265	0.0	555
31P2R1A5_02299	42P1R1A12_01207	95.472	265	12	0	1	265	1	265	0.0	537
31P2R1A5_02300	31P2R1A5_02300	100.000	292	0	0	1	292	1	292	0.0	582
31P2R1A5_02300	42P1R1A12_01206	96.918	292	9	0	1	292	1	292	0.0	568
31P2R1A5_02301	31P2R1A5_02301	100.000	749	0	0	1	749	1	749	0.0	1515
31P2R1A5_02301	42P1R1A12_01205	96.662	749	25	0	1	749	1	749	0.0	1474
31P2R1A5_02302	31P2R1A5_02302	100.000	177	0	0	1	177	1	177	2.60e-131	365
31P2R1A5_02302	42P1R1A12_01204	97.740	177	4	0	1	177	1	177	2.24e-129	360
31P2R1A5_02303	31P2R1A5_02303	100.000	232	0	0	1	232	1	232	2.14e-168	463
31P2R1A5_02304	31P2R1A5_02304	100.000	238	0	0	1	238	1	238	3.35e-170	468
31P2R1A5_02304	42P1R1A12_01201	97.479	238	6	0	1	238	1	238	7.25e-166	457
31P2R1A5_02305	31P2R1A5_02305	100.000	73	0	0	1	73	1	73	1.70e-48	147
31P2R1A5_02305	42P1R1A12_01200	97.260	73	2	0	1	73	1	73	1.33e-47	145
31P2R1A5_02306	31P2R1A5_02306	100.000	347	0	0	1	347	1	347	0.0	717
31P2R1A5_02307	31P2R1A5_02307	100.000	398	0	0	1	398	1	398	0.0	783
31P2R1A5_02308	31P2R1A5_02308	100.000	720	0	0	1	720	1	720	0.0	1471
31P2R1A5_02309	31P2R1A5_02309	100.000	339	0	0	1	339	1	339	0.0	696
31P2R1A5_02310	31P2R1A5_02310	100.000	160	0	0	1	160	1	160	1.35e-115	323
31P2R1A5_02310	54P2R2A3_01596	97.500	160	4	0	1	160	1	160	3.85e-113	317
31P2R1A5_02311	31P2R1A5_02311	100.000	258	0	0	1	258	1	258	0.0	524
31P2R1A5_02311	42P1R1A12_05307	96.512	258	9	0	1	258	1	258	0.0	510
31P2R1A5_02312	31P2R1A5_02312	100.000	476	0	0	1	476	1	476	0.0	990
31P2R1A5_02313	31P2R1A5_02313	100.000	446	0	0	1	446	1	446	0.0	894
31P2R1A5_02313	18P3R3A11_00947	95.682	440	17	2	1	438	1	440	0.0	843
31P2R1A5_02314	31P2R1A5_02314	100.000	337	0	0	1	337	1	337	0.0	703
31P2R1A5_02315	31P2R1A5_02315	100.000	421	0	0	1	421	1	421	0.0	862
31P2R1A5_02316	31P2R1A5_02316	100.000	309	0	0	1	309	1	309	0.0	618
31P2R1A5_02317	31P2R1A5_02317	100.000	238	0	0	1	238	1	238	2.34e-176	484
31P2R1A5_02318	31P2R1A5_02318	100.000	109	0	0	1	109	1	109	1.99e-78	226
31P2R1A5_02318	54P2R2A3_01588	97.196	107	3	0	1	107	1	107	1.52e-75	218
31P2R1A5_02319	31P2R1A5_02319	100.000	297	0	0	1	297	1	297	0.0	588
31P2R1A5_02319	42P1R1A12_05299	96.633	297	10	0	1	297	1	297	0.0	571
31P2R1A5_02319	18P3R3A11_00954	95.623	297	13	0	1	297	1	297	0.0	565
31P2R1A5_02320	31P2R1A5_02320	100.000	301	0	0	1	301	1	301	0.0	612
31P2R1A5_02321	31P2R1A5_02321	100.000	376	0	0	1	376	1	376	0.0	775
31P2R1A5_02321	54P2R2A3_01585	97.340	376	10	0	1	376	1	376	0.0	756
31P2R1A5_02322	31P2R1A5_02322	100.000	429	0	0	1	429	1	429	0.0	884
31P2R1A5_02322	54P2R2A3_01584	96.503	429	15	0	1	429	1	429	0.0	860
31P2R1A5_02323	31P2R1A5_02323	100.000	448	0	0	1	448	1	448	0.0	927
31P2R1A5_02324	31P2R1A5_02324	100.000	479	0	0	1	479	1	479	0.0	995
31P2R1A5_02324	54P2R2A3_01582	96.660	479	16	0	1	479	1	479	0.0	965
31P2R1A5_02325	31P2R1A5_02325	100.000	414	0	0	1	414	1	414	0.0	828
31P2R1A5_02326	31P2R1A5_02326	100.000	332	0	0	1	332	1	332	0.0	680
31P2R1A5_02327	31P2R1A5_02327	100.000	474	0	0	1	474	1	474	0.0	957
31P2R1A5_02327	15P1R1A16_04757	97.214	323	9	0	149	471	1	323	0.0	652
31P2R1A5_02327	34P3R2A10_05023	97.129	209	6	0	263	471	1	209	2.41e-149	424
31P2R1A5_02328	31P2R1A5_02328	100.000	254	0	0	1	254	1	254	0.0	515
31P2R1A5_02328	42P1R1A12_05289	96.063	254	10	0	1	254	1	254	0.0	499
31P2R1A5_02329	31P2R1A5_02329	100.000	392	0	0	1	392	1	392	0.0	819
31P2R1A5_02329	54P2R2A3_01577	96.939	392	12	0	1	392	1	392	0.0	796
31P2R1A5_02330	31P2R1A5_02330	100.000	232	0	0	1	232	1	232	1.67e-173	476
31P2R1A5_02331	31P2R1A5_02331	100.000	393	0	0	1	393	1	393	0.0	787
31P2R1A5_02332	31P2R1A5_02332	100.000	290	0	0	1	290	1	290	0.0	583
31P2R1A5_02332	54P2R2A3_01574	96.552	290	10	0	1	290	1	290	0.0	564
31P2R1A5_02333	31P2R1A5_02333	100.000	154	0	0	1	154	1	154	4.22e-109	306
31P2R1A5_02333	54P2R2A3_01573	96.104	154	6	0	1	154	1	154	6.89e-105	296
31P2R1A5_02334	31P2R1A5_02334	100.000	410	0	0	1	410	1	410	0.0	818
31P2R1A5_02335	31P2R1A5_02335	100.000	293	0	0	1	293	1	293	0.0	593
31P2R1A5_02335	54P2R2A3_01571	95.189	291	14	0	1	291	1	291	0.0	568
31P2R1A5_02336	31P2R1A5_02336	100.000	235	0	0	1	235	1	235	1.46e-175	481
31P2R1A5_02336	54P2R2A3_01570	97.872	235	5	0	1	235	1	235	4.95e-172	473
31P2R1A5_02337	31P2R1A5_02337	100.000	191	0	0	1	191	1	191	3.19e-137	381
31P2R1A5_02338	31P2R1A5_02338	100.000	239	0	0	1	239	1	239	1.46e-180	494
31P2R1A5_02339	31P2R1A5_02339	100.000	212	0	0	1	212	1	212	5.60e-159	437
31P2R1A5_02339	54P2R2A3_04515	97.170	212	6	0	1	212	1	212	1.89e-154	426
31P2R1A5_02340	31P2R1A5_02340	100.000	332	0	0	1	332	1	332	0.0	670
31P2R1A5_02340	54P2R2A3_04514	96.687	332	11	0	1	332	1	332	0.0	652
31P2R1A5_02341	31P2R1A5_02341	100.000	829	0	0	1	829	1	829	0.0	1708
31P2R1A5_02342	31P2R1A5_02342	100.000	234	0	0	1	234	1	234	2.08e-172	473
31P2R1A5_02343	31P2R1A5_02343	100.000	203	0	0	1	203	1	203	6.68e-146	404
31P2R1A5_02343	42P1R1A12_06148	95.074	203	10	0	1	203	1	203	1.64e-129	362
31P2R1A5_02344	31P2R1A5_02344	100.000	70	0	0	1	70	1	70	2.84e-45	139
31P2R1A5_02345	31P2R1A5_02345	100.000	299	0	0	1	299	1	299	0.0	562
31P2R1A5_02345	54P2R2A3_04509	97.324	299	8	0	1	299	1	299	0.0	550
31P2R1A5_02346	31P2R1A5_02346	100.000	169	0	0	1	169	1	169	1.70e-121	339
31P2R1A5_02347	31P2R1A5_02347	100.000	320	0	0	1	320	1	320	0.0	630
31P2R1A5_02348	31P2R1A5_02348	100.000	330	0	0	1	330	1	330	0.0	684
31P2R1A5_02349	31P2R1A5_02349	100.000	827	0	0	1	827	1	827	0.0	1708
31P2R1A5_02350	31P2R1A5_02350	100.000	228	0	0	1	228	1	228	4.27e-167	459
31P2R1A5_02351	31P2R1A5_02351	100.000	181	0	0	1	181	1	181	1.86e-128	358
31P2R1A5_02352	31P2R1A5_02352	100.000	82	0	0	1	82	1	82	7.73e-55	164
31P2R1A5_02353	31P2R1A5_02353	100.000	202	0	0	1	202	1	202	1.46e-151	418
31P2R1A5_02353	54P2R2A3_04506	97.525	202	5	0	1	202	1	202	7.86e-147	406
31P2R1A5_02354	31P2R1A5_02354	100.000	203	0	0	1	203	1	203	1.57e-151	418
31P2R1A5_02355	31P2R1A5_02355	100.000	183	0	0	1	183	1	183	1.04e-126	353
31P2R1A5_02355	54P2R2A3_04504	95.628	183	8	0	1	183	1	183	8.49e-115	323
31P2R1A5_02356	31P2R1A5_02356	100.000	179	0	0	1	179	1	179	1.50e-131	365
31P2R1A5_02356	54P2R2A3_04503	95.531	179	8	0	1	179	1	179	9.94e-116	325
31P2R1A5_02357	31P2R1A5_02357	100.000	242	0	0	1	242	1	242	2.90e-179	491
31P2R1A5_02357	54P2R2A3_04502	95.319	235	11	0	8	242	1	235	4.56e-166	457
31P2R1A5_02358	31P2R1A5_02358	100.000	872	0	0	1	872	1	872	0.0	1786
31P2R1A5_02358	54P2R2A3_04501	97.477	872	21	1	1	872	1	871	0.0	1749
31P2R1A5_02359	31P2R1A5_02359	100.000	176	0	0	1	176	1	176	4.40e-127	354
31P2R1A5_02359	44P3R3A6_02578	97.159	176	5	0	1	176	1	176	2.32e-123	344
31P2R1A5_02360	31P2R1A5_02360	100.000	167	0	0	1	167	1	167	2.49e-119	333
31P2R1A5_02361	31P2R1A5_02361	100.000	303	0	0	1	303	1	303	0.0	605
31P2R1A5_02362	31P2R1A5_02362	100.000	471	0	0	1	471	1	471	0.0	954
31P2R1A5_02363	31P2R1A5_02363	100.000	91	0	0	1	91	1	91	4.01e-64	188
31P2R1A5_02364	31P2R1A5_02364	100.000	77	0	0	1	77	1	77	2.81e-54	162
31P2R1A5_02364	54P2R2A3_04495	97.403	77	2	0	1	77	1	77	8.64e-53	158
31P2R1A5_02365	31P2R1A5_02365	100.000	91	0	0	1	91	1	91	1.83e-58	174
31P2R1A5_02366	31P2R1A5_02366	100.000	342	0	0	1	342	1	342	0.0	686
31P2R1A5_02367	31P2R1A5_02367	100.000	646	0	0	1	646	1	646	0.0	1283
31P2R1A5_02368	31P2R1A5_02368	100.000	483	0	0	1	483	1	483	0.0	970
31P2R1A5_02369	31P2R1A5_02369	100.000	100	0	0	1	100	1	100	1.25e-70	205
31P2R1A5_02370	31P2R1A5_02370	100.000	518	0	0	1	518	1	518	0.0	1024
31P2R1A5_02371	31P2R1A5_02371	100.000	141	0	0	1	141	1	141	1.61e-101	286
31P2R1A5_02371	54P2R2A3_04488	95.035	141	7	0	1	141	1	141	3.36e-97	275
31P2R1A5_02372	31P2R1A5_02372	100.000	431	0	0	1	431	1	431	0.0	832
31P2R1A5_02372	54P2R2A3_04487	97.680	431	10	0	1	431	1	431	0.0	815
31P2R1A5_02373	31P2R1A5_02373	100.000	110	0	0	1	110	1	110	2.65e-76	220
31P2R1A5_02374	31P2R1A5_02374	100.000	98	0	0	1	98	1	98	7.04e-68	198
31P2R1A5_02374	44P3R3A6_02563	97.959	98	2	0	1	98	1	98	8.89e-67	195
31P2R1A5_02375	31P2R1A5_02375	100.000	191	0	0	1	191	1	191	1.15e-142	394
31P2R1A5_02375	54P2R2A3_04484	95.812	191	8	0	1	191	1	191	4.06e-137	380
31P2R1A5_02376	31P2R1A5_02376	100.000	92	0	0	1	92	1	92	1.34e-62	184
31P2R1A5_02377	31P2R1A5_02377	100.000	300	0	0	1	300	1	300	0.0	612
31P2R1A5_02378	31P2R1A5_02378	100.000	103	0	0	1	103	1	103	7.24e-74	213
31P2R1A5_02379	31P2R1A5_02379	100.000	188	0	0	1	188	1	188	6.00e-140	387
31P2R1A5_02380	31P2R1A5_02380	100.000	340	0	0	1	340	1	340	0.0	703
31P2R1A5_02381	31P2R1A5_02381	100.000	268	0	0	1	268	1	268	0.0	538
31P2R1A5_02381	44P3R3A6_02556	97.388	268	7	0	1	268	1	268	0.0	523
31P2R1A5_02382	31P2R1A5_02382	100.000	310	0	0	1	310	1	310	0.0	625
31P2R1A5_02382	54P2R2A3_04478	97.097	310	9	0	1	310	1	310	0.0	611
31P2R1A5_02383	31P2R1A5_02383	100.000	463	0	0	1	463	1	463	0.0	910
31P2R1A5_02385	31P2R1A5_02385	100.000	238	0	0	1	238	1	238	1.83e-177	486
31P2R1A5_02385	54P2R2A3_04475	97.479	238	6	0	1	238	1	238	1.90e-173	476
31P2R1A5_02386	31P2R1A5_02386	100.000	185	0	0	1	185	1	185	1.34e-138	384
31P2R1A5_02386	54P2R2A3_04474	95.676	185	8	0	1	185	1	185	2.27e-133	370
31P2R1A5_02387	31P2R1A5_02387	100.000	506	0	0	1	506	1	506	0.0	1038
31P2R1A5_02387	42P1R1A12_03869	97.431	506	13	0	1	506	1	506	0.0	1013
31P2R1A5_02387	42P1R1A12_04763	95.455	506	23	0	1	506	1	506	0.0	999
31P2R1A5_02387	18P3R3A11_01001	95.059	506	25	0	1	506	1	506	0.0	998
31P2R1A5_02388	31P2R1A5_02388	100.000	300	0	0	1	300	1	300	0.0	616
31P2R1A5_02388	54P2R2A3_04472	98.667	300	4	0	1	300	22	321	0.0	608
31P2R1A5_02388	44P3R3A6_02543	98.639	294	4	0	7	300	1	294	0.0	597
31P2R1A5_02388	42P1R1A12_03868	98.639	294	4	0	7	300	1	294	0.0	596
31P2R1A5_02388	38P2R3A13_05994	97.619	294	7	0	7	300	1	294	0.0	592
31P2R1A5_02388	10P3R2A13_01803	97.279	294	8	0	7	300	1	294	0.0	590
31P2R1A5_02388	18P3R3A11_01002	96.939	294	9	0	7	300	1	294	0.0	588
31P2R1A5_02389	31P2R1A5_02389	100.000	578	0	0	1	578	1	578	0.0	1165
31P2R1A5_02389	42P1R1A12_03867	95.502	578	26	0	1	578	1	578	0.0	1101
31P2R1A5_02390	31P2R1A5_02390	100.000	238	0	0	1	238	1	238	3.41e-179	491
31P2R1A5_02391	31P2R1A5_02391	100.000	299	0	0	1	299	1	299	0.0	601
31P2R1A5_02391	42P1R1A12_03865	96.990	299	9	0	1	299	1	299	0.0	586
31P2R1A5_02392	31P2R1A5_02392	100.000	174	0	0	1	174	1	174	2.87e-127	354
31P2R1A5_02392	42P1R1A12_03864	96.552	174	6	0	1	174	1	174	2.68e-124	347
31P2R1A5_02393	31P2R1A5_02393	100.000	137	0	0	1	137	1	137	2.48e-93	265
31P2R1A5_02394	31P2R1A5_02394	100.000	89	0	0	1	89	1	89	5.40e-63	185
31P2R1A5_02395	31P2R1A5_02395	100.000	328	0	0	1	328	1	328	0.0	665
31P2R1A5_02395	54P2R2A3_04465	96.012	326	13	0	1	326	1	326	0.0	615
31P2R1A5_02396	31P2R1A5_02396	100.000	220	0	0	1	220	1	220	5.76e-156	431
31P2R1A5_02396	42P1R1A12_03853	95.413	218	10	0	1	218	1	218	2.91e-149	414
31P2R1A5_02396	18P3R3A11_01010	95.413	218	10	0	1	218	1	218	6.55e-149	413
31P2R1A5_02397	31P2R1A5_02397	100.000	104	0	0	1	104	1	104	1.90e-73	213
31P2R1A5_02398	31P2R1A5_02398	100.000	252	0	0	1	252	1	252	0.0	523
31P2R1A5_02398	42P1R1A12_03851	97.222	252	7	0	1	252	1	252	0.0	516
31P2R1A5_02398	54P2R2A3_04462	99.588	243	1	0	10	252	1	243	0.0	501
31P2R1A5_02399	31P2R1A5_02399	100.000	478	0	0	1	478	1	478	0.0	1003
31P2R1A5_02399	54P2R2A3_04461	97.908	478	10	0	1	478	1	478	0.0	989
31P2R1A5_02399	42P1R1A12_03850	96.444	478	17	0	1	478	1	478	0.0	971
31P2R1A5_02399	18P3R3A11_01012	95.188	478	23	0	1	478	1	478	0.0	962
31P2R1A5_02400	31P2R1A5_02400	100.000	120	0	0	1	120	1	120	8.29e-82	235
31P2R1A5_02400	54P2R2A3_04460	96.667	120	4	0	1	120	1	120	4.13e-69	203
31P2R1A5_02401	31P2R1A5_02401	100.000	670	0	0	1	670	1	670	0.0	1333
31P2R1A5_02401	54P2R2A3_04459	96.269	670	25	0	1	670	1	670	0.0	1217
31P2R1A5_02401	44P3R3A6_02529	98.384	557	9	0	114	670	1	557	0.0	1082
31P2R1A5_02401	44P3R3A6_02530	96.552	87	3	0	1	87	1	87	5.97e-52	174
31P2R1A5_02402	31P2R1A5_02402	100.000	204	0	0	1	204	1	204	1.62e-151	418
31P2R1A5_02402	54P2R2A3_04458	96.569	204	7	0	1	204	1	204	9.89e-147	406
31P2R1A5_02403	31P2R1A5_02403	100.000	168	0	0	1	168	1	168	5.79e-119	333
31P2R1A5_02404	31P2R1A5_02404	100.000	248	0	0	1	248	1	248	0.0	500
31P2R1A5_02404	54P2R2A3_04456	97.581	248	6	0	1	248	1	248	6.15e-178	488
31P2R1A5_02405	31P2R1A5_02405	100.000	958	0	0	1	958	1	958	0.0	1988
31P2R1A5_02405	42P1R1A12_03847	97.390	958	25	0	1	958	1	958	0.0	1943
31P2R1A5_02406	31P2R1A5_02406	100.000	130	0	0	1	130	1	130	1.15e-90	258
31P2R1A5_02406	42P1R1A12_03846	96.154	130	5	0	1	130	1	130	1.11e-86	248
31P2R1A5_02407	31P2R1A5_02407	100.000	365	0	0	1	365	1	365	0.0	751
31P2R1A5_02408	31P2R1A5_02408	100.000	401	0	0	1	401	1	401	0.0	816
31P2R1A5_02408	54P2R2A3_04452	96.509	401	14	0	1	401	1	401	0.0	793
31P2R1A5_02409	31P2R1A5_02409	100.000	393	0	0	1	393	1	393	0.0	794
31P2R1A5_02409	54P2R2A3_04451	95.674	393	17	0	1	393	1	393	0.0	761
31P2R1A5_02410	31P2R1A5_02410	100.000	439	0	0	1	439	1	439	0.0	904
31P2R1A5_02410	54P2R2A3_04450	97.950	439	9	0	1	439	1	439	0.0	890
31P2R1A5_02411	31P2R1A5_02411	100.000	195	0	0	1	195	1	195	2.21e-144	399
31P2R1A5_02412	31P2R1A5_02412	100.000	110	0	0	1	110	1	110	1.42e-76	221
31P2R1A5_02412	42P1R1A12_03840	97.273	110	3	0	1	110	1	110	8.99e-75	216
31P2R1A5_02413	31P2R1A5_02413	100.000	199	0	0	1	199	1	199	8.15e-145	400
31P2R1A5_02413	54P2R2A3_04447	95.980	199	8	0	1	199	1	199	5.98e-131	365
31P2R1A5_02414	31P2R1A5_02414	100.000	411	0	0	1	411	1	411	0.0	836
31P2R1A5_02414	42P1R1A12_03838	97.324	411	11	0	1	411	1	411	0.0	820
31P2R1A5_02415	31P2R1A5_02415	100.000	220	0	0	1	220	1	220	6.00e-158	436
31P2R1A5_02415	18P3R3A11_01028	97.727	220	5	0	1	220	1	220	3.09e-154	426
31P2R1A5_02415	38P2R3A13_07821	96.364	220	8	0	1	220	1	220	1.67e-153	424
31P2R1A5_02415	42P1R1A12_03837	97.273	220	6	0	1	220	1	220	2.68e-153	424
31P2R1A5_02416	31P2R1A5_02416	100.000	298	0	0	1	298	1	298	0.0	608
31P2R1A5_02416	10P3R2A13_01827	96.309	298	11	0	1	298	1	298	0.0	588
31P2R1A5_02416	18P3R3A11_01029	95.302	298	14	0	1	298	1	298	0.0	584
31P2R1A5_02417	31P2R1A5_02417	100.000	256	0	0	1	256	1	256	0.0	509
31P2R1A5_02417	54P2R2A3_04443	97.656	256	6	0	1	256	1	256	0.0	499
31P2R1A5_02418	31P2R1A5_02418	100.000	212	0	0	1	212	1	212	8.06e-151	417
31P2R1A5_02418	54P2R2A3_04442	96.226	212	8	0	1	212	1	212	9.57e-146	404
31P2R1A5_02419	31P2R1A5_02419	100.000	286	0	0	1	286	1	286	0.0	563
31P2R1A5_02419	54P2R2A3_04441	95.804	286	12	0	1	286	1	286	0.0	549
31P2R1A5_02421	31P2R1A5_02421	100.000	388	0	0	1	388	1	388	0.0	775
31P2R1A5_02421	47P2R3A6_01665	97.938	388	8	0	1	388	1	388	0.0	764
31P2R1A5_02421	18P3R3A11_01034	97.680	388	9	0	1	388	1	388	0.0	759
31P2R1A5_02421	10P3R2A13_04045	95.619	388	17	0	1	388	1	388	0.0	748
31P2R1A5_02422	31P2R1A5_02422	100.000	343	0	0	1	343	1	343	0.0	703
31P2R1A5_02423	31P2R1A5_02423	100.000	216	0	0	1	216	1	216	1.67e-160	442
31P2R1A5_02423	54P2R2A3_01568	97.222	216	6	0	1	216	1	216	8.27e-156	430
31P2R1A5_02424	31P2R1A5_02424	100.000	498	0	0	1	498	1	498	0.0	974
31P2R1A5_02425	31P2R1A5_02425	100.000	305	0	0	1	305	1	305	0.0	600
31P2R1A5_02426	31P2R1A5_02426	100.000	210	0	0	1	210	1	210	2.66e-158	436
31P2R1A5_02426	54P2R2A3_01565	97.596	208	5	0	1	208	1	208	7.01e-154	424
31P2R1A5_02427	31P2R1A5_02427	100.000	157	0	0	1	157	1	157	2.55e-116	325
31P2R1A5_02427	54P2R2A3_01564	97.452	157	4	0	1	157	1	157	4.07e-114	320
31P2R1A5_02428	31P2R1A5_02428	100.000	179	0	0	1	179	1	179	3.86e-131	364
31P2R1A5_02429	31P2R1A5_02429	100.000	302	0	0	1	302	1	302	0.0	605
31P2R1A5_02430	31P2R1A5_02430	100.000	270	0	0	1	270	1	270	0.0	548
31P2R1A5_02431	31P2R1A5_02431	100.000	285	0	0	1	285	1	285	0.0	559
31P2R1A5_02432	31P2R1A5_02432	100.000	187	0	0	1	187	1	187	5.23e-137	380
31P2R1A5_02432	54P2R2A3_01559	97.326	187	5	0	1	187	1	187	9.02e-133	369
31P2R1A5_02433	31P2R1A5_02433	100.000	260	0	0	1	260	1	260	0.0	534
31P2R1A5_02434	31P2R1A5_02434	100.000	318	0	0	1	318	1	318	0.0	648
31P2R1A5_02435	31P2R1A5_02435	100.000	350	0	0	1	350	1	350	0.0	723
31P2R1A5_02436	31P2R1A5_02436	100.000	170	0	0	1	170	1	170	2.20e-125	349
31P2R1A5_02437	31P2R1A5_02437	100.000	97	0	0	1	97	1	97	4.84e-66	193
31P2R1A5_02437	44P3R3A6_02472	95.876	97	4	0	1	97	1	97	4.78e-55	166
31P2R1A5_02438	31P2R1A5_02438	100.000	336	0	0	1	336	1	336	0.0	677
31P2R1A5_02438	44P3R3A6_02471	97.619	336	8	0	1	336	1	336	0.0	662
31P2R1A5_02439	31P2R1A5_02439	100.000	156	0	0	1	156	1	156	6.11e-114	319
31P2R1A5_02441	31P2R1A5_02441	100.000	465	0	0	1	465	1	465	0.0	946
31P2R1A5_02441	42P1R1A12_03629	95.699	465	20	0	1	465	1	465	0.0	888
31P2R1A5_02441	51P2R2A10_04183	95.699	465	20	0	1	465	1	465	0.0	887
31P2R1A5_02442	31P2R1A5_02442	100.000	773	0	0	1	773	1	773	0.0	1614
31P2R1A5_02442	54P2R2A3_01549	97.801	773	17	0	1	773	1	773	0.0	1581
31P2R1A5_02443	31P2R1A5_02443	100.000	241	0	0	1	241	1	241	0.0	498
31P2R1A5_02444	31P2R1A5_02444	100.000	460	0	0	1	460	1	460	0.0	953
31P2R1A5_02445	31P2R1A5_02445	100.000	520	0	0	1	520	1	520	0.0	1063
31P2R1A5_02446	31P2R1A5_02446	100.000	566	0	0	1	566	1	566	0.0	1129
31P2R1A5_02446	54P2R2A3_01545	97.518	564	14	0	1	564	1	564	0.0	1104
31P2R1A5_02447	31P2R1A5_02447	100.000	464	0	0	1	464	1	464	0.0	915
31P2R1A5_02448	31P2R1A5_02448	100.000	401	0	0	1	401	1	401	0.0	780
31P2R1A5_02448	42P1R1A12_05989	97.007	401	12	0	1	401	1	401	0.0	763
31P2R1A5_02449	31P2R1A5_02449	100.000	504	0	0	1	504	1	504	0.0	1043
31P2R1A5_02449	18P3R3A11_03942	96.215	502	19	0	1	502	1	502	0.0	1009
31P2R1A5_02450	31P2R1A5_02450	100.000	284	0	0	1	284	1	284	0.0	572
31P2R1A5_02451	31P2R1A5_02451	100.000	80	0	0	1	80	1	80	4.96e-50	151
31P2R1A5_02451	42P1R1A12_00326	96.250	80	3	0	1	80	1	80	9.76e-48	145
31P2R1A5_02452	31P2R1A5_02452	100.000	330	0	0	1	330	1	330	0.0	676
31P2R1A5_02452	42P1R1A12_00325	97.576	330	8	0	1	330	1	330	0.0	661
31P2R1A5_02453	31P2R1A5_02453	100.000	255	0	0	1	255	1	255	0.0	523
31P2R1A5_02453	54P2R2A3_01538	97.255	255	7	0	1	255	1	255	0.0	513
31P2R1A5_02454	31P2R1A5_02454	100.000	435	0	0	1	435	1	435	0.0	852
31P2R1A5_02455	31P2R1A5_02455	100.000	256	0	0	1	256	1	256	0.0	518
31P2R1A5_02455	42P1R1A12_00322	95.528	246	11	0	1	246	1	246	8.57e-177	486
31P2R1A5_02455	18P3R3A11_03947	95.122	246	12	0	1	246	1	246	3.31e-174	479
31P2R1A5_02455	38P2R3A13_08077	95.545	202	9	0	45	246	1	202	9.03e-139	388
31P2R1A5_02456	31P2R1A5_02456	100.000	200	0	0	1	200	1	200	2.90e-147	407
31P2R1A5_02457	31P2R1A5_02457	100.000	143	0	0	1	143	1	143	7.84e-99	280
31P2R1A5_02458	31P2R1A5_02458	100.000	249	0	0	1	249	1	249	0.0	512
31P2R1A5_02459	31P2R1A5_02459	100.000	337	0	0	1	337	1	337	0.0	676
31P2R1A5_02460	31P2R1A5_02460	100.000	694	0	0	1	694	1	694	0.0	1415
31P2R1A5_02460	42P1R1A12_00317	95.533	694	31	0	1	694	1	694	0.0	1335
31P2R1A5_02461	31P2R1A5_02461	100.000	230	0	0	1	230	1	230	3.21e-174	478
31P2R1A5_02462	31P2R1A5_02462	100.000	707	0	0	1	707	1	707	0.0	1466
31P2R1A5_02462	42P1R1A12_00315	97.595	707	17	0	1	707	1	707	0.0	1429
31P2R1A5_02462	18P3R3A11_02210	97.030	707	19	1	1	707	1	705	0.0	1423
31P2R1A5_02462	10P3R2A13_03189	96.322	707	22	2	1	707	1	703	0.0	1408
31P2R1A5_02462	15P1R1A16_01059	96.302	649	20	2	59	707	1	645	0.0	1293
31P2R1A5_02464	31P2R1A5_02464	100.000	208	0	0	1	208	1	208	8.73e-156	429
31P2R1A5_02464	42P1R1A12_00313	96.635	208	7	0	1	208	1	208	3.83e-150	415
31P2R1A5_02465	31P2R1A5_02465	100.000	559	0	0	1	559	1	559	0.0	1127
31P2R1A5_02466	31P2R1A5_02466	100.000	206	0	0	1	206	1	206	1.00e-144	401
31P2R1A5_02468	31P2R1A5_02468	100.000	353	0	0	1	353	1	353	0.0	734
31P2R1A5_02468	54P2R2A3_01523	96.601	353	12	0	1	353	1	353	0.0	706
31P2R1A5_02469	31P2R1A5_02469	100.000	249	0	0	1	249	1	249	0.0	513
31P2R1A5_02470	31P2R1A5_02470	100.000	288	0	0	1	288	1	288	0.0	575
31P2R1A5_02470	42P1R1A12_00309	95.833	288	12	0	1	288	1	288	0.0	555
31P2R1A5_02470	34P3R2A10_05043	96.269	134	5	0	155	288	1	134	6.41e-86	253
31P2R1A5_02471	31P2R1A5_02471	100.000	567	0	0	1	567	1	567	0.0	1179
31P2R1A5_02472	31P2R1A5_02472	100.000	322	0	0	1	322	1	322	0.0	652
31P2R1A5_02473	31P2R1A5_02473	100.000	306	0	0	1	306	1	306	0.0	639
31P2R1A5_02474	31P2R1A5_02474	100.000	380	0	0	1	380	1	380	0.0	762
31P2R1A5_02474	54P2R2A3_01517	97.534	365	9	0	16	380	1	365	0.0	716
31P2R1A5_02475	31P2R1A5_02475	100.000	239	0	0	1	239	1	239	2.12e-176	484
31P2R1A5_02475	18P3R3A11_02204	96.234	239	9	0	1	239	1	239	2.74e-172	473
31P2R1A5_02475	10P3R2A13_03182	95.816	239	10	0	1	239	1	239	2.30e-161	446
31P2R1A5_02476	31P2R1A5_02476	100.000	214	0	0	1	214	1	214	1.56e-157	434
31P2R1A5_02477	31P2R1A5_02477	100.000	199	0	0	1	199	1	199	1.18e-144	400
31P2R1A5_02477	18P3R3A11_02202	97.487	199	5	0	1	199	1	199	5.40e-142	394
31P2R1A5_02477	47P2R3A6_03676	95.980	199	8	0	1	199	1	199	1.08e-139	388
31P2R1A5_02477	10P3R2A13_03180	95.980	199	8	0	1	199	1	199	1.73e-132	369
31P2R1A5_02477	42P1R1A12_00306	96.067	178	7	0	22	199	1	178	1.29e-124	349
31P2R1A5_02478	31P2R1A5_02478	100.000	153	0	0	1	153	1	153	3.50e-110	309
31P2R1A5_02478	42P1R1A12_00305	96.732	153	5	0	1	153	1	153	7.34e-107	301
31P2R1A5_02478	18P3R3A11_02201	96.078	153	6	0	1	153	1	153	2.74e-106	300
31P2R1A5_02479	31P2R1A5_02479	100.000	406	0	0	1	406	1	406	0.0	829
31P2R1A5_02479	54P2R2A3_01511	97.783	406	9	0	1	406	1	406	0.0	817
31P2R1A5_02480	31P2R1A5_02480	100.000	222	0	0	1	222	1	222	6.86e-164	451
31P2R1A5_02480	54P2R2A3_01510	96.847	222	7	0	1	222	1	222	6.69e-159	438
31P2R1A5_02482	31P2R1A5_02482	100.000	56	0	0	1	56	1	56	6.48e-35	112
31P2R1A5_02482	10P3R2A13_03175	96.429	56	2	0	1	56	1	56	5.22e-34	109
31P2R1A5_02483	31P2R1A5_02483	100.000	270	0	0	1	270	1	270	0.0	555
31P2R1A5_02483	51P2R2A10_04131	97.407	270	7	0	1	270	1	270	0.0	545
31P2R1A5_02484	31P2R1A5_02484	100.000	160	0	0	1	160	1	160	5.71e-118	330
31P2R1A5_02486	31P2R1A5_02486	100.000	425	0	0	1	425	1	425	0.0	869
31P2R1A5_02487	31P2R1A5_02487	100.000	330	0	0	1	330	1	330	0.0	690
31P2R1A5_02487	54P2R2A3_01503	98.171	328	6	0	1	328	1	328	0.0	678
31P2R1A5_02488	31P2R1A5_02488	100.000	365	0	0	1	365	1	365	0.0	744
31P2R1A5_02488	54P2R2A3_01502	97.534	365	9	0	1	365	1	365	0.0	729
31P2R1A5_02489	31P2R1A5_02489	100.000	376	0	0	1	376	1	376	0.0	774
31P2R1A5_02489	54P2R2A3_01501	97.606	376	9	0	1	376	1	376	0.0	756
31P2R1A5_02490	31P2R1A5_02490	100.000	359	0	0	1	359	1	359	0.0	738
31P2R1A5_02490	54P2R2A3_01500	97.772	359	8	0	1	359	1	359	0.0	723
31P2R1A5_02491	31P2R1A5_02491	100.000	321	0	0	1	321	1	321	0.0	677
31P2R1A5_02492	31P2R1A5_02492	100.000	360	0	0	1	360	1	360	0.0	739
31P2R1A5_02492	54P2R2A3_01498	97.222	360	10	0	1	360	1	360	0.0	717
31P2R1A5_02493	31P2R1A5_02493	100.000	390	0	0	1	390	1	390	0.0	780
31P2R1A5_02494	31P2R1A5_02494	100.000	303	0	0	1	303	1	303	0.0	634
31P2R1A5_02495	31P2R1A5_02495	100.000	324	0	0	1	324	1	324	0.0	658
31P2R1A5_02495	54P2R2A3_01495	97.840	324	7	0	1	324	1	324	0.0	644
31P2R1A5_02496	31P2R1A5_02496	100.000	353	0	0	1	353	1	353	0.0	727
31P2R1A5_02496	54P2R2A3_01494	98.235	340	6	0	14	353	1	340	0.0	691
31P2R1A5_02498	31P2R1A5_02498	100.000	398	0	0	1	398	1	398	0.0	817
31P2R1A5_02498	42P1R1A12_00285	96.482	398	14	0	1	398	1	398	0.0	788
31P2R1A5_02499	31P2R1A5_02499	100.000	342	0	0	1	342	1	342	0.0	703
31P2R1A5_02499	51P2R2A10_04115	97.953	342	7	0	1	342	1	342	0.0	695
31P2R1A5_02499	10P3R2A13_03158	97.076	342	10	0	1	342	1	342	0.0	690
31P2R1A5_02499	43P2R2A2_03835	97.183	284	8	0	59	342	1	284	0.0	572
31P2R1A5_02500	31P2R1A5_02500	100.000	263	0	0	1	263	1	263	0.0	550
31P2R1A5_02500	54P2R2A3_01490	97.719	263	6	0	1	263	1	263	0.0	540
31P2R1A5_02501	31P2R1A5_02501	100.000	319	0	0	1	319	1	319	0.0	656
31P2R1A5_02502	31P2R1A5_02502	100.000	424	0	0	1	424	1	424	0.0	845
31P2R1A5_02503	31P2R1A5_02503	100.000	515	0	0	1	515	1	515	0.0	1062
31P2R1A5_02503	42P1R1A12_00280	96.699	515	17	0	1	515	1	515	0.0	1031
31P2R1A5_02504	31P2R1A5_02504	100.000	144	0	0	1	144	1	144	2.93e-102	288
31P2R1A5_02504	42P1R1A12_00279	95.833	144	6	0	1	144	1	144	7.09e-99	280
31P2R1A5_02505	31P2R1A5_02505	100.000	84	0	0	1	84	1	84	5.67e-59	174
31P2R1A5_02505	42P1R1A12_00278	97.619	84	2	0	1	84	1	84	2.01e-57	171
31P2R1A5_02506	31P2R1A5_02506	100.000	156	0	0	1	156	1	156	2.01e-115	323
31P2R1A5_02506	42P1R1A12_00277	97.436	156	4	0	1	156	1	156	2.11e-113	318
31P2R1A5_02507	31P2R1A5_02507	100.000	340	0	0	1	340	1	340	0.0	691
31P2R1A5_02507	42P1R1A12_00276	97.929	338	7	0	1	338	1	338	0.0	675
31P2R1A5_02508	31P2R1A5_02508	100.000	274	0	0	1	274	1	274	0.0	561
31P2R1A5_02508	18P3R3A11_02170	97.445	274	7	0	1	274	1	274	0.0	550
31P2R1A5_02508	10P3R2A13_03149	95.620	274	12	0	1	274	1	274	0.0	543
31P2R1A5_02508	34P3R2A10_03851	95.946	74	3	0	201	274	1	74	2.84e-45	147
31P2R1A5_02509	31P2R1A5_02509	100.000	158	0	0	1	158	1	158	3.66e-117	327
31P2R1A5_02510	31P2R1A5_02510	100.000	395	0	0	1	395	1	395	0.0	806
31P2R1A5_02510	42P1R1A12_00273	97.462	394	10	0	1	394	1	394	0.0	788
31P2R1A5_02511	31P2R1A5_02511	100.000	258	0	0	1	258	1	258	0.0	526
31P2R1A5_02511	42P1R1A12_00272	95.312	256	12	0	1	256	1	256	0.0	501
31P2R1A5_02512	31P2R1A5_02512	100.000	552	0	0	1	552	1	552	0.0	1087
31P2R1A5_02512	42P1R1A12_00271	96.377	552	20	0	1	552	1	552	0.0	1057
31P2R1A5_02512	38P2R3A13_08011	98.990	99	1	0	454	552	1	99	1.64e-60	195
31P2R1A5_02513	31P2R1A5_02513	100.000	121	0	0	1	121	1	121	1.13e-82	237
31P2R1A5_02514	31P2R1A5_02514	100.000	75	0	0	1	75	1	75	6.41e-51	153
31P2R1A5_02515	31P2R1A5_02515	100.000	199	0	0	1	199	1	199	1.30e-145	402
31P2R1A5_02515	42P1R1A12_00268	96.067	178	7	0	22	199	1	178	2.46e-124	348
31P2R1A5_02516	31P2R1A5_02516	100.000	383	0	0	1	383	1	383	0.0	775
31P2R1A5_02517	31P2R1A5_02517	100.000	636	0	0	1	636	1	636	0.0	1284
31P2R1A5_02517	42P1R1A12_00266	95.433	635	28	1	1	634	1	635	0.0	1168
31P2R1A5_02518	31P2R1A5_02518	100.000	123	0	0	1	123	1	123	1.15e-88	253
31P2R1A5_02519	31P2R1A5_02519	100.000	379	0	0	1	379	1	379	0.0	770
31P2R1A5_02519	42P1R1A12_00264	95.515	379	17	0	1	379	1	379	0.0	743
31P2R1A5_02520	31P2R1A5_02520	100.000	203	0	0	1	203	1	203	2.20e-148	410
31P2R1A5_02521	31P2R1A5_02521	100.000	463	0	0	1	463	1	463	0.0	933
31P2R1A5_02521	54P2R2A3_01469	96.328	463	17	0	1	463	1	463	0.0	876
31P2R1A5_02522	31P2R1A5_02522	100.000	614	0	0	1	614	1	614	0.0	1233
31P2R1A5_02523	31P2R1A5_02523	100.000	233	0	0	1	233	1	233	1.52e-176	484
31P2R1A5_02524	31P2R1A5_02524	100.000	287	0	0	1	287	1	287	0.0	592
31P2R1A5_02525	31P2R1A5_02525	100.000	221	0	0	1	221	1	221	3.65e-160	441
31P2R1A5_02526	31P2R1A5_02526	100.000	502	0	0	1	502	1	502	0.0	1040
31P2R1A5_02527	31P2R1A5_02527	100.000	440	0	0	1	440	1	440	0.0	880
31P2R1A5_02528	31P2R1A5_02528	100.000	310	0	0	1	310	1	310	0.0	647
31P2R1A5_02529	31P2R1A5_02529	100.000	155	0	0	1	155	1	155	1.85e-113	318
31P2R1A5_02530	31P2R1A5_02530	100.000	333	0	0	1	333	1	333	0.0	687
31P2R1A5_02530	42P1R1A12_00250	96.997	333	10	0	1	333	1	333	0.0	671
31P2R1A5_02531	31P2R1A5_02531	100.000	276	0	0	1	276	1	276	0.0	572
31P2R1A5_02532	31P2R1A5_02532	100.000	162	0	0	1	162	1	162	2.21e-115	323
31P2R1A5_02532	54P2R2A3_01467	96.914	162	5	0	1	162	1	162	1.60e-112	316
31P2R1A5_02533	31P2R1A5_02533	100.000	419	0	0	1	419	1	419	0.0	864
31P2R1A5_02533	51P2R2A10_04078	95.204	417	20	0	1	417	1	417	0.0	832
31P2R1A5_02534	31P2R1A5_02534	100.000	678	0	0	1	678	1	678	0.0	1409
31P2R1A5_02535	31P2R1A5_02535	100.000	188	0	0	1	188	1	188	8.38e-143	395
31P2R1A5_02535	54P2R2A3_01464	97.872	188	4	0	1	188	1	188	1.56e-140	389
31P2R1A5_02536	31P2R1A5_02536	100.000	393	0	0	1	393	1	393	0.0	815
31P2R1A5_02537	31P2R1A5_02537	100.000	394	0	0	1	394	1	394	0.0	756
31P2R1A5_02538	31P2R1A5_02538	100.000	514	0	0	1	514	1	514	0.0	1045
31P2R1A5_02539	31P2R1A5_02539	100.000	332	0	0	1	332	1	332	0.0	669
31P2R1A5_02539	51P2R2A10_04072	95.482	332	14	1	1	332	1	331	0.0	640
31P2R1A5_02540	31P2R1A5_02540	100.000	441	0	0	1	441	1	441	0.0	925
31P2R1A5_02541	31P2R1A5_02541	100.000	485	0	0	1	485	1	485	0.0	985
31P2R1A5_02542	31P2R1A5_02542	100.000	124	0	0	1	124	1	124	6.99e-89	253
31P2R1A5_02542	54P2R2A3_01457	96.774	124	4	0	1	124	1	124	1.61e-85	244
31P2R1A5_02544	31P2R1A5_02544	100.000	332	0	0	1	332	1	332	0.0	668
31P2R1A5_02544	54P2R2A3_01455	97.289	332	9	0	1	332	1	332	0.0	654
31P2R1A5_02545	31P2R1A5_02545	100.000	101	0	0	1	101	1	101	7.39e-73	211
31P2R1A5_02545	54P2R2A3_01454	97.030	101	3	0	1	101	1	101	9.66e-72	208
31P2R1A5_02547	31P2R1A5_02547	100.000	690	0	0	1	690	1	690	0.0	1404
31P2R1A5_02547	42P1R1A12_00233	96.377	690	25	0	1	690	1	690	0.0	1355
31P2R1A5_02548	31P2R1A5_02548	100.000	71	0	0	1	71	1	71	1.13e-47	145
31P2R1A5_02548	54P2R2A3_01451	98.039	51	1	0	21	71	1	51	2.29e-30	100
31P2R1A5_02549	31P2R1A5_02549	100.000	540	0	0	1	540	1	540	0.0	1090
31P2R1A5_02551	31P2R1A5_02551	100.000	97	0	0	1	97	1	97	1.36e-67	197
31P2R1A5_02552	31P2R1A5_02552	100.000	452	0	0	1	452	1	452	0.0	891
31P2R1A5_02552	54P2R2A3_01447	96.903	452	14	0	1	452	1	452	0.0	864
31P2R1A5_02553	31P2R1A5_02553	100.000	237	0	0	1	237	1	237	5.33e-174	478
31P2R1A5_02554	31P2R1A5_02554	100.000	324	0	0	1	324	1	324	0.0	669
31P2R1A5_02555	31P2R1A5_02555	100.000	427	0	0	1	427	1	427	0.0	855
31P2R1A5_02555	42P1R1A12_00225	96.019	427	17	0	1	427	1	427	0.0	822
31P2R1A5_02556	31P2R1A5_02556	100.000	312	0	0	1	312	1	312	0.0	630
31P2R1A5_02557	31P2R1A5_02557	100.000	250	0	0	1	250	1	250	0.0	508
31P2R1A5_02557	54P2R2A3_01442	96.400	250	9	0	1	250	1	250	2.72e-180	494
31P2R1A5_02558	31P2R1A5_02558	100.000	339	0	0	1	339	1	339	0.0	689
31P2R1A5_02559	31P2R1A5_02559	100.000	221	0	0	1	221	1	221	1.07e-158	437
31P2R1A5_02559	42P1R1A12_00221	97.285	221	6	0	1	221	1	221	6.23e-155	428
31P2R1A5_02560	31P2R1A5_02560	100.000	777	0	0	1	777	1	777	0.0	1608
31P2R1A5_02560	54P2R2A3_01439	97.297	777	21	0	1	777	1	777	0.0	1573
31P2R1A5_02561	31P2R1A5_02561	100.000	147	0	0	1	147	1	147	5.44e-107	301
31P2R1A5_02561	54P2R2A3_01438	95.862	145	6	0	1	145	1	145	1.18e-102	290
31P2R1A5_02562	31P2R1A5_02562	100.000	194	0	0	1	194	1	194	2.42e-148	409
31P2R1A5_02563	31P2R1A5_02563	100.000	215	0	0	1	215	1	215	5.66e-160	440
31P2R1A5_02564	31P2R1A5_02564	100.000	402	0	0	1	402	1	402	0.0	795
31P2R1A5_02564	54P2R2A3_01435	97.761	402	9	0	1	402	1	402	0.0	781
31P2R1A5_02564	42P1R1A12_00216	95.025	402	19	1	1	402	1	401	0.0	718
31P2R1A5_02565	31P2R1A5_02565	100.000	558	0	0	1	558	1	558	0.0	1167
31P2R1A5_02566	31P2R1A5_02566	100.000	465	0	0	1	465	1	465	0.0	936
31P2R1A5_02566	54P2R2A3_01433	95.269	465	22	0	1	465	1	465	0.0	899
31P2R1A5_02568	31P2R1A5_02568	100.000	656	0	0	1	656	1	656	0.0	1358
31P2R1A5_02569	31P2R1A5_02569	100.000	536	0	0	1	536	1	536	0.0	1114
31P2R1A5_02569	42P1R1A12_00213	97.948	536	11	0	1	536	1	536	0.0	1096
31P2R1A5_02569	18P3R3A11_02093	95.336	536	25	0	1	536	1	536	0.0	1074
31P2R1A5_02570	31P2R1A5_02570	100.000	340	0	0	1	340	1	340	0.0	671
31P2R1A5_02570	42P1R1A12_00212	96.765	340	11	0	1	340	1	340	0.0	655
31P2R1A5_02570	38P2R3A13_08427	95.522	268	12	0	73	340	1	268	0.0	506
31P2R1A5_02571	31P2R1A5_02571	100.000	301	0	0	1	301	1	301	0.0	593
31P2R1A5_02571	51P2R2A10_04043	96.013	301	12	0	1	301	1	301	0.0	580
31P2R1A5_02571	42P1R1A12_00211	95.017	301	15	0	1	301	1	301	0.0	523
31P2R1A5_02572	31P2R1A5_02572	100.000	328	0	0	1	328	1	328	0.0	669
31P2R1A5_02573	31P2R1A5_02573	100.000	338	0	0	1	338	1	338	0.0	694
31P2R1A5_02573	38P2R3A13_03932	96.450	338	12	0	1	338	1	338	0.0	672
31P2R1A5_02573	10P3R2A13_03039	96.707	334	11	0	1	334	1	334	0.0	670
31P2R1A5_02573	38P2R3A13_08395	95.562	338	15	0	1	338	1	338	0.0	667
31P2R1A5_02573	42P1R1A12_00209	95.821	335	14	0	1	335	1	335	0.0	662
31P2R1A5_02573	18P3R3A11_02089	96.988	332	10	0	7	338	2	333	0.0	662
31P2R1A5_02573	15P1R1A16_04877	98.429	191	3	0	144	334	1	191	4.94e-141	397
31P2R1A5_02574	31P2R1A5_02574	100.000	179	0	0	1	179	1	179	5.99e-125	349
31P2R1A5_02575	31P2R1A5_02575	100.000	268	0	0	1	268	1	268	0.0	547
31P2R1A5_02576	31P2R1A5_02576	100.000	704	0	0	1	704	1	704	0.0	1443
31P2R1A5_02577	31P2R1A5_02577	100.000	811	0	0	1	811	1	811	0.0	1642
31P2R1A5_02577	54P2R2A3_01423	95.062	810	40	0	1	810	1	810	0.0	1540
31P2R1A5_02578	31P2R1A5_02578	100.000	1351	0	0	1	1351	1	1351	0.0	2722
31P2R1A5_02579	31P2R1A5_02579	100.000	159	0	0	1	159	1	159	7.44e-118	329
31P2R1A5_02579	54P2R2A3_01421	96.226	159	6	0	1	159	1	159	2.42e-115	323
31P2R1A5_02580	31P2R1A5_02580	100.000	334	0	0	1	334	1	334	0.0	675
31P2R1A5_02580	54P2R2A3_01420	97.305	334	9	0	1	334	1	334	0.0	657
31P2R1A5_02581	31P2R1A5_02581	100.000	560	0	0	1	560	1	560	0.0	1143
31P2R1A5_02581	54P2R2A3_01419	97.857	560	12	0	1	560	1	560	0.0	1123
31P2R1A5_02582	31P2R1A5_02582	100.000	66	0	0	1	66	1	66	7.58e-43	132
31P2R1A5_02582	54P2R2A3_01418	96.970	66	2	0	1	66	1	66	9.49e-42	129
31P2R1A5_02583	31P2R1A5_02583	100.000	518	0	0	1	518	1	518	0.0	1071
31P2R1A5_02583	54P2R2A3_01417	95.174	518	25	0	1	518	1	518	0.0	1026
31P2R1A5_02584	31P2R1A5_02584	100.000	63	0	0	1	63	1	63	2.64e-41	128
31P2R1A5_02585	31P2R1A5_02585	100.000	244	0	0	1	244	1	244	2.16e-179	492
31P2R1A5_02585	54P2R2A3_01415	95.492	244	11	0	1	244	1	244	1.05e-163	452
31P2R1A5_02586	31P2R1A5_02586	100.000	873	0	0	1	873	1	873	0.0	1798
31P2R1A5_02587	31P2R1A5_02587	100.000	768	0	0	1	768	1	768	0.0	1557
31P2R1A5_02588	31P2R1A5_02588	100.000	370	0	0	1	370	1	370	0.0	753
31P2R1A5_02588	54P2R2A3_01412	97.568	370	9	0	1	370	1	370	0.0	736
31P2R1A5_02589	31P2R1A5_02589	100.000	1160	0	0	1	1160	1	1160	0.0	2348
31P2R1A5_02590	31P2R1A5_02590	100.000	669	0	0	1	669	1	669	0.0	1351
31P2R1A5_02591	31P2R1A5_02591	100.000	429	0	0	1	429	1	429	0.0	849
31P2R1A5_02591	42P1R1A12_00188	96.037	429	17	0	1	429	1	429	0.0	810
31P2R1A5_02591	38P2R3A13_02447	95.571	429	19	0	1	429	1	429	0.0	795
31P2R1A5_02591	38P2R3A13_08314	95.105	429	21	0	1	429	1	429	0.0	792
31P2R1A5_02591	18P3R3A11_04397	95.338	429	20	0	1	429	1	429	0.0	791
31P2R1A5_02592	31P2R1A5_02592	100.000	501	0	0	1	501	1	501	0.0	1023
31P2R1A5_02593	31P2R1A5_02593	100.000	310	0	0	1	310	1	310	0.0	637
31P2R1A5_02594	31P2R1A5_02594	100.000	684	0	0	1	684	1	684	0.0	1381
31P2R1A5_02595	31P2R1A5_02595	100.000	441	0	0	1	441	1	441	0.0	864
31P2R1A5_02595	42P1R1A12_00184	95.011	441	22	0	1	441	1	441	0.0	799
31P2R1A5_02596	31P2R1A5_02596	100.000	344	0	0	1	344	1	344	0.0	696
31P2R1A5_02597	31P2R1A5_02597	100.000	300	0	0	1	300	1	300	0.0	610
31P2R1A5_02598	31P2R1A5_02598	100.000	253	0	0	1	253	1	253	0.0	504
31P2R1A5_02598	54P2R2A3_01402	97.628	253	6	0	1	253	1	253	9.12e-180	493
31P2R1A5_02599	31P2R1A5_02599	100.000	178	0	0	1	178	1	178	8.52e-131	363
31P2R1A5_02600	31P2R1A5_02600	100.000	551	0	0	1	551	1	551	0.0	1138
31P2R1A5_02601	31P2R1A5_02601	100.000	398	0	0	1	398	1	398	0.0	787
31P2R1A5_02601	54P2R2A3_01399	96.482	398	14	0	1	398	1	398	0.0	761
31P2R1A5_02602	31P2R1A5_02602	100.000	208	0	0	1	208	1	208	5.62e-157	432
31P2R1A5_02603	31P2R1A5_02603	100.000	451	0	0	1	451	1	451	0.0	929
31P2R1A5_02603	42P1R1A12_00174	97.561	451	11	0	1	451	1	451	0.0	911
31P2R1A5_02604	31P2R1A5_02604	100.000	281	0	0	1	281	1	281	0.0	577
31P2R1A5_02604	18P3R3A11_01775	96.085	281	11	0	1	281	1	281	0.0	560
31P2R1A5_02604	42P1R1A12_00173	95.018	281	14	0	1	281	1	281	0.0	556
31P2R1A5_02605	31P2R1A5_02605	100.000	424	0	0	1	424	1	424	0.0	863
31P2R1A5_02605	54P2R2A3_01395	96.698	424	14	0	1	424	1	424	0.0	836
31P2R1A5_02606	31P2R1A5_02606	100.000	681	0	0	1	681	1	681	0.0	1411
31P2R1A5_02606	42P1R1A12_00158	95.888	681	28	0	1	681	1	681	0.0	1337
31P2R1A5_02607	31P2R1A5_02607	100.000	251	0	0	1	251	1	251	0.0	501
31P2R1A5_02607	10P3R2A13_01321	96.787	249	8	0	1	249	1	249	1.57e-175	483
31P2R1A5_02607	51P2R2A10_03989	96.774	248	8	0	1	248	15	262	8.27e-167	461
31P2R1A5_02607	42P1R1A12_00157	95.565	248	11	0	1	248	1	248	8.95e-164	453
31P2R1A5_02607	34P3R2A10_04729	97.087	103	3	0	147	249	1	103	2.68e-67	203
31P2R1A5_02608	31P2R1A5_02608	100.000	491	0	0	1	491	1	491	0.0	980
31P2R1A5_02610	31P2R1A5_02610	100.000	112	0	0	1	112	1	112	1.76e-79	228
31P2R1A5_02610	51P2R2A10_03983	97.321	112	3	0	1	112	1	112	3.85e-78	225
31P2R1A5_02610	10P3R2A13_01318	95.536	112	5	0	1	112	1	112	3.49e-77	223
31P2R1A5_02611	31P2R1A5_02611	100.000	499	0	0	1	499	1	499	0.0	1001
31P2R1A5_02612	31P2R1A5_02612	100.000	383	0	0	1	383	1	383	0.0	788
31P2R1A5_02613	31P2R1A5_02613	100.000	628	0	0	1	628	1	628	0.0	1297
31P2R1A5_02614	31P2R1A5_02614	100.000	388	0	0	1	388	1	388	0.0	801
31P2R1A5_02615	31P2R1A5_02615	100.000	465	0	0	1	465	1	465	0.0	919
31P2R1A5_02616	31P2R1A5_02616	100.000	233	0	0	1	233	1	233	5.66e-170	467
31P2R1A5_02617	31P2R1A5_02617	100.000	318	0	0	1	318	1	318	0.0	657
31P2R1A5_02617	42P1R1A12_00147	95.283	318	15	0	1	318	1	318	0.0	631
31P2R1A5_02618	31P2R1A5_02618	100.000	92	0	0	1	92	1	92	3.59e-63	186
31P2R1A5_02619	31P2R1A5_02619	100.000	338	0	0	1	338	1	338	0.0	681
31P2R1A5_02619	54P2R2A3_01387	97.041	338	10	0	1	338	1	338	0.0	662
31P2R1A5_02620	31P2R1A5_02620	100.000	92	0	0	1	92	1	92	2.60e-64	188
31P2R1A5_02621	31P2R1A5_02621	100.000	120	0	0	1	120	1	120	1.84e-87	249
31P2R1A5_02622	31P2R1A5_02622	100.000	134	0	0	1	134	1	134	1.13e-93	266
31P2R1A5_02623	31P2R1A5_02623	100.000	264	0	0	1	264	1	264	0.0	523
31P2R1A5_02624	31P2R1A5_02624	100.000	255	0	0	1	255	1	255	0.0	508
31P2R1A5_02625	31P2R1A5_02625	100.000	278	0	0	1	278	1	278	0.0	537
31P2R1A5_02626	31P2R1A5_02626	100.000	315	0	0	1	315	1	315	0.0	617
31P2R1A5_02627	31P2R1A5_02627	100.000	523	0	0	1	523	1	523	0.0	1065
31P2R1A5_02627	54P2R2A3_01381	96.750	523	17	0	1	523	1	523	0.0	1033
31P2R1A5_02628	31P2R1A5_02628	100.000	287	0	0	1	287	1	287	0.0	574
31P2R1A5_02628	54P2R2A3_01380	97.213	287	8	0	1	287	1	287	0.0	558
31P2R1A5_02629	31P2R1A5_02629	100.000	169	0	0	1	169	1	169	4.57e-127	353
31P2R1A5_02630	31P2R1A5_02630	100.000	380	0	0	1	380	1	380	0.0	784
31P2R1A5_02631	31P2R1A5_02631	100.000	328	0	0	1	328	1	328	0.0	674
31P2R1A5_02631	42P1R1A12_00133	96.341	328	12	0	1	328	1	328	0.0	659
31P2R1A5_02632	31P2R1A5_02632	100.000	662	0	0	1	662	1	662	0.0	1368
31P2R1A5_02632	54P2R2A3_01376	96.979	662	20	0	1	662	1	662	0.0	1330
31P2R1A5_02633	31P2R1A5_02633	100.000	301	0	0	1	301	1	301	0.0	611
31P2R1A5_02634	31P2R1A5_02634	100.000	552	0	0	1	552	1	552	0.0	1102
31P2R1A5_02635	31P2R1A5_02635	100.000	113	0	0	1	113	1	113	2.58e-75	218
31P2R1A5_02636	31P2R1A5_02636	100.000	127	0	0	1	127	1	127	2.29e-85	244
31P2R1A5_02636	54P2R2A3_01372	97.638	127	3	0	1	127	1	127	2.83e-83	239
31P2R1A5_02637	31P2R1A5_02637	100.000	350	0	0	1	350	1	350	0.0	683
31P2R1A5_02638	31P2R1A5_02638	100.000	407	0	0	1	407	1	407	0.0	788
31P2R1A5_02638	54P2R2A3_01370	97.052	407	12	0	1	407	1	407	0.0	764
31P2R1A5_02639	31P2R1A5_02639	100.000	186	0	0	1	186	1	186	1.49e-133	371
31P2R1A5_02640	31P2R1A5_02640	100.000	222	0	0	1	222	1	222	4.35e-160	441
31P2R1A5_02641	31P2R1A5_02641	100.000	82	0	0	1	82	1	82	3.03e-56	167
31P2R1A5_02641	42P1R1A12_00104	95.122	82	4	0	1	82	1	82	2.42e-54	162
31P2R1A5_02642	31P2R1A5_02642	100.000	737	0	0	1	737	1	737	0.0	1454
31P2R1A5_02643	31P2R1A5_02643	100.000	209	0	0	1	209	1	209	2.57e-146	405
31P2R1A5_02644	31P2R1A5_02644	100.000	120	0	0	1	120	1	120	2.41e-85	244
31P2R1A5_02644	44P3R3A6_02273	99.145	117	1	0	4	120	1	117	3.05e-82	236
31P2R1A5_02645	31P2R1A5_02645	100.000	92	0	0	1	92	1	92	4.88e-60	177
31P2R1A5_02645	42P1R1A12_00100	95.122	82	4	0	1	82	1	82	2.34e-50	153
31P2R1A5_02646	31P2R1A5_02646	100.000	199	0	0	1	199	1	199	9.88e-148	408
31P2R1A5_02647	31P2R1A5_02647	100.000	508	0	0	1	508	1	508	0.0	996
31P2R1A5_02647	54P2R2A3_01361	95.866	508	21	0	1	508	1	508	0.0	864
31P2R1A5_02647	34P3R2A10_01916	96.190	105	4	0	404	508	1	105	2.03e-65	207
31P2R1A5_02648	31P2R1A5_02648	100.000	223	0	0	1	223	1	223	4.02e-162	446
31P2R1A5_02648	42P1R1A12_00097	95.964	223	9	0	1	223	1	223	1.93e-154	427
31P2R1A5_02648	18P3R3A11_01830	95.413	218	10	0	1	218	1	218	4.76e-152	421
31P2R1A5_02649	31P2R1A5_02649	100.000	352	0	0	1	352	1	352	0.0	718
31P2R1A5_02650	31P2R1A5_02650	100.000	285	0	0	1	285	1	285	0.0	584
31P2R1A5_02650	18P3R3A11_01832	96.154	286	10	1	1	285	1	286	0.0	564
31P2R1A5_02650	10P3R2A13_01287	95.088	285	14	0	1	285	1	285	0.0	545
31P2R1A5_02650	15P1R1A16_05128	97.802	91	2	0	195	285	1	91	5.44e-58	180
31P2R1A5_02651	31P2R1A5_02651	100.000	508	0	0	1	508	1	508	0.0	1035
31P2R1A5_02652	31P2R1A5_02652	100.000	422	0	0	1	422	1	422	0.0	863
31P2R1A5_02653	31P2R1A5_02653	100.000	415	0	0	1	415	1	415	0.0	824
31P2R1A5_02654	31P2R1A5_02654	100.000	366	0	0	1	366	1	366	0.0	742
31P2R1A5_02654	10P3R2A13_01286	95.355	366	17	0	1	366	3	368	0.0	713
31P2R1A5_02655	31P2R1A5_02655	100.000	128	0	0	1	128	1	128	4.58e-92	261
31P2R1A5_02655	54P2R2A3_01353	97.656	128	3	0	1	128	1	128	8.80e-90	256
31P2R1A5_02656	31P2R1A5_02656	100.000	370	0	0	1	370	1	370	0.0	756
31P2R1A5_02656	42P1R1A12_00089	95.405	370	17	0	1	370	1	370	0.0	725
31P2R1A5_02657	31P2R1A5_02657	100.000	309	0	0	1	309	1	309	0.0	609
31P2R1A5_02657	10P3R2A13_01283	96.440	309	11	0	1	309	1	309	0.0	594
31P2R1A5_02657	18P3R3A11_01837	96.764	309	10	0	1	309	1	309	0.0	593
31P2R1A5_02658	31P2R1A5_02658	100.000	426	0	0	1	426	1	426	0.0	838
31P2R1A5_02658	42P1R1A12_00087	96.956	427	12	1	1	426	1	427	0.0	815
31P2R1A5_02659	31P2R1A5_02659	100.000	256	0	0	1	256	1	256	0.0	522
31P2R1A5_02659	10P3R2A13_01281	96.094	256	10	0	1	256	1	256	0.0	505
31P2R1A5_02660	31P2R1A5_02660	100.000	238	0	0	1	238	1	238	3.17e-177	486
31P2R1A5_02660	51P2R2A10_03935	97.479	238	6	0	1	238	1	238	3.84e-174	478
31P2R1A5_02660	42P1R1A12_00085	97.479	238	6	0	1	238	7	244	3.92e-174	478
31P2R1A5_02661	31P2R1A5_02661	100.000	74	0	0	1	74	1	74	3.88e-49	149
31P2R1A5_02662	31P2R1A5_02662	100.000	123	0	0	1	123	1	123	5.01e-87	248
31P2R1A5_02663	31P2R1A5_02663	100.000	439	0	0	1	439	1	439	0.0	910
31P2R1A5_02663	42P1R1A12_00079	97.267	439	12	0	1	439	1	439	0.0	892
31P2R1A5_02664	31P2R1A5_02664	100.000	296	0	0	1	296	1	296	0.0	583
31P2R1A5_02664	42P1R1A12_00078	95.946	296	12	0	1	296	1	296	0.0	550
31P2R1A5_02664	37P2R3-2A1_02900	95.608	296	13	0	1	296	1	296	0.0	546
31P2R1A5_02665	31P2R1A5_02665	100.000	282	0	0	1	282	1	282	0.0	558
31P2R1A5_02665	42P1R1A12_00077	95.745	282	12	0	1	282	1	282	0.0	536
31P2R1A5_02665	18P3R3A11_01843	95.390	282	13	0	1	282	1	282	0.0	533
31P2R1A5_02666	31P2R1A5_02666	100.000	357	0	0	1	357	1	357	0.0	724
31P2R1A5_02667	31P2R1A5_02667	100.000	247	0	0	1	247	1	247	0.0	504
31P2R1A5_02668	31P2R1A5_02668	100.000	107	0	0	1	107	1	107	7.68e-68	199
31P2R1A5_02668	54P2R2A3_01340	97.196	107	3	0	1	107	1	107	6.84e-66	194
31P2R1A5_02669	31P2R1A5_02669	100.000	582	0	0	1	582	1	582	0.0	1189
31P2R1A5_02670	31P2R1A5_02670	100.000	124	0	0	1	124	1	124	2.83e-90	256
31P2R1A5_02670	44P3R3A6_02247	99.194	124	1	0	1	124	40	163	1.75e-89	256
31P2R1A5_02671	31P2R1A5_02671	100.000	218	0	0	1	218	1	218	1.14e-161	445
31P2R1A5_02672	31P2R1A5_02672	100.000	346	0	0	1	346	1	346	0.0	717
31P2R1A5_02672	54P2R2A3_01336	95.665	346	15	0	1	346	1	346	0.0	694
31P2R1A5_02673	31P2R1A5_02673	100.000	232	0	0	1	232	1	232	6.46e-176	482
31P2R1A5_02673	42P1R1A12_00069	95.259	232	11	0	1	232	1	232	3.69e-169	465
31P2R1A5_02674	31P2R1A5_02674	100.000	332	0	0	1	332	1	332	0.0	679
31P2R1A5_02674	51P2R2A10_03919	98.494	332	5	0	1	332	18	349	0.0	672
31P2R1A5_02674	18P3R3A11_01852	95.783	332	14	0	1	332	1	332	0.0	658
31P2R1A5_02674	56P2R2A4_03723	95.181	332	16	0	1	332	20	351	0.0	655
31P2R1A5_02675	31P2R1A5_02675	100.000	177	0	0	1	177	1	177	8.05e-132	366
31P2R1A5_02675	42P1R1A12_00067	96.571	175	6	0	1	175	1	175	1.25e-126	353
31P2R1A5_02676	31P2R1A5_02676	100.000	447	0	0	1	447	1	447	0.0	874
31P2R1A5_02676	18P3R3A11_01854	97.539	447	11	0	1	447	1	447	0.0	855
31P2R1A5_02676	51P2R2A10_03917	97.987	447	9	0	1	447	1	447	0.0	855
31P2R1A5_02676	10P3R2A13_01263	96.868	447	14	0	1	447	1	447	0.0	853
31P2R1A5_02676	54P2R2A3_01332	98.341	422	7	0	26	447	1	422	0.0	821
31P2R1A5_02676	28P2R1A12_02934	97.059	374	11	0	74	447	1	374	0.0	723
31P2R1A5_02677	31P2R1A5_02677	100.000	369	0	0	1	369	1	369	0.0	756
31P2R1A5_02677	42P1R1A12_00065	97.290	369	10	0	1	369	1	369	0.0	739
31P2R1A5_02677	10P3R2A13_01261	95.122	369	17	1	1	369	1	368	0.0	717
31P2R1A5_02678	31P2R1A5_02678	100.000	729	0	0	1	729	1	729	0.0	1501
31P2R1A5_02679	31P2R1A5_02679	100.000	659	0	0	1	659	1	659	0.0	1355
31P2R1A5_02679	54P2R2A3_01329	96.662	659	22	0	1	659	1	659	0.0	1314
31P2R1A5_02680	31P2R1A5_02680	100.000	432	0	0	1	432	1	432	0.0	899
31P2R1A5_02681	31P2R1A5_02681	100.000	478	0	0	1	478	1	478	0.0	978
31P2R1A5_02681	42P1R1A12_00061	95.816	478	20	0	1	478	1	478	0.0	940
31P2R1A5_02682	31P2R1A5_02682	100.000	816	0	0	1	816	1	816	0.0	1692
31P2R1A5_02682	42P1R1A12_00060	95.221	816	39	0	1	816	1	816	0.0	1595
31P2R1A5_02683	31P2R1A5_02683	100.000	116	0	0	1	116	1	116	7.44e-85	242
31P2R1A5_02684	31P2R1A5_02684	100.000	100	0	0	1	100	1	100	9.09e-68	198
31P2R1A5_02684	54P2R2A3_01324	98.000	100	2	0	1	100	1	100	1.21e-66	195
31P2R1A5_02685	31P2R1A5_02685	100.000	503	0	0	1	503	1	503	0.0	1032
31P2R1A5_02685	51P2R2A10_03908	96.223	503	19	0	1	503	1	503	0.0	1003
31P2R1A5_02685	42P1R1A12_00059	95.427	503	23	0	1	503	1	503	0.0	951
31P2R1A5_02686	31P2R1A5_02686	100.000	110	0	0	1	110	1	110	8.73e-81	231
31P2R1A5_02687	31P2R1A5_02687	100.000	275	0	0	1	275	1	275	0.0	555
31P2R1A5_02688	31P2R1A5_02688	100.000	253	0	0	1	253	1	253	0.0	516
31P2R1A5_02688	42P1R1A12_00056	96.443	253	9	0	1	253	1	253	0.0	504
31P2R1A5_02689	31P2R1A5_02689	100.000	902	0	0	1	902	1	902	0.0	1847
31P2R1A5_02689	42P1R1A12_00055	95.565	902	40	0	1	902	1	902	0.0	1753
31P2R1A5_02689	15P1R1A16_04479	96.053	76	3	0	827	902	1	76	2.15e-43	151
31P2R1A5_02690	31P2R1A5_02690	100.000	797	0	0	1	797	1	797	0.0	1650
31P2R1A5_02691	31P2R1A5_02691	100.000	699	0	0	1	699	1	699	0.0	1445
31P2R1A5_02692	31P2R1A5_02692	100.000	439	0	0	1	439	1	439	0.0	858
31P2R1A5_02692	42P1R1A12_00159	97.039	439	13	0	1	439	1	439	0.0	840
31P2R1A5_02693	31P2R1A5_02693	100.000	192	0	0	1	192	1	192	2.79e-143	396
31P2R1A5_02693	51P2R2A10_03992	97.917	192	4	0	1	192	1	192	1.34e-141	392
31P2R1A5_02693	38P2R3A13_02369	97.917	192	4	0	1	192	1	192	1.12e-140	389
31P2R1A5_02693	18P3R3A11_01870	97.396	192	5	0	1	192	1	192	3.54e-140	388
31P2R1A5_02693	10P3R2A13_01240	96.354	192	7	0	1	192	1	192	3.05e-138	384
31P2R1A5_02694	31P2R1A5_02694	100.000	225	0	0	1	225	1	225	1.03e-162	448
31P2R1A5_02694	54P2R2A3_01314	95.111	225	11	0	1	225	1	225	3.47e-142	396
31P2R1A5_02695	31P2R1A5_02695	100.000	258	0	0	1	258	1	258	0.0	520
31P2R1A5_02695	54P2R2A3_01313	96.512	258	9	0	1	258	1	258	0.0	501
31P2R1A5_02696	31P2R1A5_02696	100.000	90	0	0	1	90	1	90	3.27e-61	181
31P2R1A5_02697	31P2R1A5_02697	100.000	80	0	0	1	80	1	80	1.32e-52	158
31P2R1A5_02697	54P2R2A3_01311	97.500	80	2	0	1	80	1	80	3.37e-51	154
31P2R1A5_02698	31P2R1A5_02698	100.000	773	0	0	1	773	1	773	0.0	1580
31P2R1A5_02699	31P2R1A5_02699	100.000	76	0	0	1	76	1	76	7.43e-51	153
31P2R1A5_02699	42P1R1A12_00166	97.368	76	2	0	1	76	1	76	6.46e-50	151
31P2R1A5_02700	31P2R1A5_02700	100.000	777	0	0	1	777	1	777	0.0	1588
31P2R1A5_02700	42P1R1A12_00167	97.040	777	23	0	1	777	1	777	0.0	1550
