31P2R1A5_02701	31P2R1A5_02701	100.000	158	0	0	1	158	1	158	7.75e-115	322
31P2R1A5_02701	42P1R1A12_00168	95.541	157	7	0	1	157	1	157	6.89e-110	309
31P2R1A5_02703	31P2R1A5_02703	100.000	452	0	0	1	452	1	452	0.0	921
31P2R1A5_02703	42P1R1A12_00171	95.374	454	19	1	1	452	1	454	0.0	880
31P2R1A5_02703	18P3R3A11_01879	96.119	438	17	0	1	438	1	438	0.0	864
31P2R1A5_02704	31P2R1A5_02704	100.000	541	0	0	1	541	1	541	0.0	1123
31P2R1A5_02705	31P2R1A5_02705	100.000	293	0	0	1	293	1	293	0.0	604
31P2R1A5_02705	54P2R2A3_01303	97.952	293	6	0	1	293	1	293	0.0	595
31P2R1A5_02706	31P2R1A5_02706	100.000	134	0	0	1	134	1	134	7.51e-96	271
31P2R1A5_02706	54P2R2A3_01302	96.269	134	5	0	1	134	1	134	3.96e-93	265
31P2R1A5_02707	31P2R1A5_02707	100.000	228	0	0	1	228	1	228	1.90e-171	470
31P2R1A5_02708	31P2R1A5_02708	100.000	710	0	0	1	710	1	710	0.0	1457
31P2R1A5_02708	54P2R2A3_01300	96.620	710	24	0	1	710	1	710	0.0	1411
31P2R1A5_02709	31P2R1A5_02709	100.000	187	0	0	1	187	1	187	2.78e-135	375
31P2R1A5_02709	42P1R1A12_00047	96.257	187	7	0	1	187	1	187	4.07e-130	362
31P2R1A5_02710	31P2R1A5_02710	100.000	853	0	0	1	853	1	853	0.0	1758
31P2R1A5_02711	31P2R1A5_02711	100.000	267	0	0	1	267	1	267	0.0	531
31P2R1A5_02712	31P2R1A5_02712	100.000	178	0	0	1	178	1	178	1.02e-123	345
31P2R1A5_02713	31P2R1A5_02713	100.000	143	0	0	1	143	1	143	1.13e-98	279
31P2R1A5_02713	44P3R3A6_02203	98.913	92	1	0	52	143	1	92	1.84e-60	181
31P2R1A5_02714	31P2R1A5_02714	100.000	127	0	0	1	127	1	127	2.60e-87	249
31P2R1A5_02715	31P2R1A5_02715	100.000	413	0	0	1	413	1	413	0.0	827
31P2R1A5_02715	54P2R2A3_01294	95.169	414	19	1	1	413	2	415	0.0	743
31P2R1A5_02716	31P2R1A5_02716	100.000	174	0	0	1	174	1	174	4.93e-126	351
31P2R1A5_02716	15P1R1A16_01594	96.552	174	6	0	1	174	53	226	8.00e-123	345
31P2R1A5_02716	10P3R2A13_01215	96.552	174	6	0	1	174	1	174	1.21e-122	342
31P2R1A5_02717	31P2R1A5_02717	100.000	365	0	0	1	365	1	365	0.0	745
31P2R1A5_02717	54P2R2A3_01292	97.534	365	9	0	1	365	1	365	0.0	729
31P2R1A5_02718	31P2R1A5_02718	100.000	421	0	0	1	421	1	421	0.0	842
31P2R1A5_02719	31P2R1A5_02719	100.000	276	0	0	1	276	1	276	0.0	574
31P2R1A5_02720	31P2R1A5_02720	100.000	226	0	0	1	226	1	226	1.39e-166	458
31P2R1A5_02720	10P3R2A13_01211	95.089	224	11	0	1	224	1	224	2.75e-158	437
31P2R1A5_02721	31P2R1A5_02721	100.000	254	0	0	1	254	1	254	0.0	512
31P2R1A5_02722	31P2R1A5_02722	100.000	335	0	0	1	335	1	335	0.0	700
31P2R1A5_02722	42P1R1A12_00035	96.418	335	12	0	1	335	1	335	0.0	682
31P2R1A5_02723	31P2R1A5_02723	100.000	458	0	0	1	458	1	458	0.0	929
31P2R1A5_02724	31P2R1A5_02724	100.000	109	0	0	1	109	1	109	3.56e-77	222
31P2R1A5_02724	54P2R2A3_01285	96.330	109	4	0	1	109	1	109	7.40e-75	216
31P2R1A5_02725	31P2R1A5_02725	100.000	848	0	0	1	848	1	848	0.0	1759
31P2R1A5_02726	31P2R1A5_02726	100.000	441	0	0	1	441	1	441	0.0	911
31P2R1A5_02727	31P2R1A5_02727	100.000	396	0	0	1	396	1	396	0.0	793
31P2R1A5_02727	42P1R1A12_00029	95.707	396	16	1	1	396	1	395	0.0	761
31P2R1A5_02728	31P2R1A5_02728	100.000	190	0	0	1	190	1	190	6.62e-140	387
31P2R1A5_02728	42P1R1A12_00028	97.368	190	5	0	1	190	1	190	5.83e-137	380
31P2R1A5_02729	31P2R1A5_02729	100.000	56	0	0	1	56	1	56	1.17e-33	108
31P2R1A5_02730	31P2R1A5_02730	100.000	201	0	0	1	201	1	201	9.63e-150	413
31P2R1A5_02731	31P2R1A5_02731	100.000	188	0	0	1	188	1	188	4.66e-140	388
31P2R1A5_02731	54P2R2A3_01278	96.809	188	6	0	1	188	1	188	5.73e-135	375
31P2R1A5_02732	31P2R1A5_02732	100.000	407	0	0	1	407	1	407	0.0	835
31P2R1A5_02733	31P2R1A5_02733	100.000	693	0	0	1	693	1	693	0.0	1415
31P2R1A5_02735	31P2R1A5_02735	100.000	135	0	0	1	135	1	135	4.45e-98	277
31P2R1A5_02735	18P3R3A11_01910	97.037	135	4	0	1	135	1	135	2.10e-95	270
31P2R1A5_02735	42P1R1A12_00021	96.296	135	5	0	1	135	1	135	4.80e-94	267
31P2R1A5_02736	31P2R1A5_02736	100.000	290	0	0	1	290	1	290	0.0	600
31P2R1A5_02736	42P1R1A12_00020	95.833	288	12	0	1	288	1	288	0.0	577
31P2R1A5_02737	31P2R1A5_02737	100.000	73	0	0	1	73	1	73	1.33e-49	150
31P2R1A5_02738	31P2R1A5_02738	100.000	341	0	0	1	341	1	341	0.0	707
31P2R1A5_02739	31P2R1A5_02739	100.000	635	0	0	1	635	1	635	0.0	1295
31P2R1A5_02740	31P2R1A5_02740	100.000	187	0	0	1	187	1	187	4.22e-140	388
31P2R1A5_02740	54P2R2A3_01269	96.791	187	6	0	1	187	1	187	3.73e-136	378
31P2R1A5_02741	31P2R1A5_02741	100.000	602	0	0	1	602	1	602	0.0	1194
31P2R1A5_02742	31P2R1A5_02742	100.000	67	0	0	1	67	1	67	8.52e-45	137
31P2R1A5_02742	42P1R1A12_00011	97.015	67	2	0	1	67	1	67	5.05e-44	135
31P2R1A5_02743	31P2R1A5_02743	100.000	197	0	0	1	197	1	197	7.07e-139	385
31P2R1A5_02743	10P3R2A13_01179	97.279	147	4	0	1	147	1	147	3.25e-99	285
31P2R1A5_02743	37P2R3-2A1_02813	95.570	158	7	0	1	158	1	158	4.40e-96	277
31P2R1A5_02743	42P1R1A12_00010	96.491	171	6	0	1	171	1	171	2.70e-95	275
31P2R1A5_02744	31P2R1A5_02744	100.000	73	0	0	1	73	1	73	1.48e-47	145
31P2R1A5_02744	42P1R1A12_00009	95.890	73	3	0	1	73	1	73	2.13e-46	142
31P2R1A5_02745	31P2R1A5_02745	100.000	277	0	0	1	277	1	277	0.0	546
31P2R1A5_02745	54P2R2A3_01264	97.112	277	8	0	1	277	1	277	0.0	531
31P2R1A5_02746	31P2R1A5_02746	100.000	241	0	0	1	241	1	241	0.0	495
31P2R1A5_02746	10P3R2A13_01176	95.021	241	12	0	1	241	1	241	3.61e-172	473
31P2R1A5_02746	18P3R3A11_01930	95.851	241	10	0	1	241	1	241	4.59e-172	473
31P2R1A5_02747	31P2R1A5_02747	100.000	129	0	0	1	129	1	129	1.62e-91	260
31P2R1A5_02747	54P2R2A3_01262	96.899	129	4	0	1	129	1	129	1.22e-88	253
31P2R1A5_02748	31P2R1A5_02748	100.000	120	0	0	1	120	1	120	1.68e-83	239
31P2R1A5_02748	54P2R2A3_01261	96.667	120	4	0	1	120	1	120	1.52e-81	234
31P2R1A5_02749	31P2R1A5_02749	100.000	96	0	0	1	96	1	96	5.40e-64	188
31P2R1A5_02749	54P2R2A3_01260	95.833	96	4	0	1	96	1	96	1.31e-61	182
31P2R1A5_02751	31P2R1A5_02751	100.000	157	0	0	1	157	1	157	5.86e-113	317
31P2R1A5_02751	10P3R2A13_01171	96.815	157	5	0	1	157	1	157	3.68e-110	310
31P2R1A5_02754	31P2R1A5_02754	100.000	433	0	0	1	433	1	433	0.0	868
31P2R1A5_02755	31P2R1A5_02755	100.000	108	0	0	1	108	1	108	3.15e-75	217
31P2R1A5_02755	54P2R2A3_00876	96.296	108	4	0	1	108	1	108	2.57e-73	213
31P2R1A5_02755	37P2R3-2A1_02099	95.506	89	4	0	18	106	1	89	2.80e-59	176
31P2R1A5_02756	31P2R1A5_02756	100.000	452	0	0	1	452	1	452	0.0	928
31P2R1A5_02757	31P2R1A5_02757	100.000	884	0	0	1	884	1	884	0.0	1801
31P2R1A5_02758	31P2R1A5_02758	100.000	233	0	0	1	233	1	233	9.42e-174	476
31P2R1A5_02758	54P2R2A3_00873	96.567	233	8	0	1	233	1	233	2.81e-168	462
31P2R1A5_02759	31P2R1A5_02759	100.000	142	0	0	1	142	1	142	1.01e-103	292
31P2R1A5_02759	42P1R1A12_01629	97.183	142	4	0	1	142	1	142	2.55e-101	286
31P2R1A5_02760	31P2R1A5_02760	100.000	362	0	0	1	362	1	362	0.0	738
31P2R1A5_02761	31P2R1A5_02761	100.000	230	0	0	1	230	1	230	6.47e-174	477
31P2R1A5_02762	31P2R1A5_02762	100.000	128	0	0	1	128	1	128	1.90e-92	262
31P2R1A5_02763	31P2R1A5_02763	100.000	444	0	0	1	444	1	444	0.0	902
31P2R1A5_02763	54P2R2A3_00868	95.270	444	21	0	1	444	1	444	0.0	815
31P2R1A5_02764	31P2R1A5_02764	100.000	246	0	0	1	246	1	246	0.0	509
31P2R1A5_02764	54P2R2A3_00867	95.935	246	10	0	1	246	1	246	8.01e-176	483
31P2R1A5_02765	31P2R1A5_02765	100.000	540	0	0	1	540	1	540	0.0	1115
31P2R1A5_02766	31P2R1A5_02766	100.000	192	0	0	1	192	1	192	3.99e-141	390
31P2R1A5_02766	10P3R2A13_00491	96.354	192	7	0	1	192	1	192	9.36e-136	377
31P2R1A5_02767	31P2R1A5_02767	100.000	217	0	0	1	217	1	217	1.33e-160	442
31P2R1A5_02768	31P2R1A5_02768	100.000	319	0	0	1	319	1	319	0.0	648
31P2R1A5_02769	31P2R1A5_02769	100.000	160	0	0	1	160	1	160	6.96e-113	317
31P2R1A5_02769	54P2R2A3_00862	96.250	160	6	0	1	160	1	160	6.00e-110	309
31P2R1A5_02770	31P2R1A5_02770	100.000	38	0	0	1	38	1	38	1.04e-22	79.7
31P2R1A5_02772	31P2R1A5_02772	100.000	325	0	0	1	325	1	325	0.0	668
31P2R1A5_02772	42P1R1A12_01641	96.308	325	12	0	1	325	1	325	0.0	651
31P2R1A5_02773	31P2R1A5_02773	100.000	227	0	0	1	227	1	227	1.47e-168	463
31P2R1A5_02773	37P2R3-2A1_02082	97.797	227	5	0	1	227	1	227	1.92e-165	455
31P2R1A5_02773	18P3R3A11_03249	97.797	227	5	0	1	227	14	240	9.02e-165	454
31P2R1A5_02773	10P3R2A13_00497	96.916	227	7	0	1	227	1	227	1.15e-164	453
31P2R1A5_02774	31P2R1A5_02774	100.000	302	0	0	1	302	1	302	0.0	620
31P2R1A5_02774	42P1R1A12_01643	96.689	302	10	0	1	302	1	302	0.0	601
31P2R1A5_02774	10P3R2A13_00498	96.026	302	12	0	1	302	1	302	0.0	597
31P2R1A5_02775	31P2R1A5_02775	100.000	246	0	0	1	246	1	246	0.0	501
31P2R1A5_02776	31P2R1A5_02776	100.000	244	0	0	1	244	1	244	7.96e-180	493
31P2R1A5_02776	42P1R1A12_01645	95.492	244	11	0	1	244	1	244	1.26e-170	469
31P2R1A5_02776	18P3R3A11_03246	95.455	242	11	0	1	242	1	242	2.94e-170	469
31P2R1A5_02777	31P2R1A5_02777	100.000	127	0	0	1	127	1	127	9.52e-90	256
31P2R1A5_02777	42P1R1A12_01646	95.276	127	6	0	1	127	1	127	1.34e-85	245
31P2R1A5_02778	31P2R1A5_02778	100.000	87	0	0	1	87	1	87	7.06e-61	179
31P2R1A5_02778	42P1R1A12_01647	95.402	87	4	0	1	87	1	87	1.64e-58	173
31P2R1A5_02779	31P2R1A5_02779	100.000	283	0	0	1	283	1	283	0.0	578
31P2R1A5_02780	31P2R1A5_02780	100.000	212	0	0	1	212	1	212	2.19e-156	431
31P2R1A5_02780	54P2R2A3_00852	96.698	212	7	0	1	212	1	212	9.00e-151	417
31P2R1A5_02781	31P2R1A5_02781	100.000	170	0	0	1	170	1	170	3.01e-126	351
31P2R1A5_02781	54P2R2A3_00851	96.471	170	6	0	1	170	1	170	2.64e-121	339
31P2R1A5_02782	31P2R1A5_02782	100.000	539	0	0	1	539	1	539	0.0	1112
31P2R1A5_02782	54P2R2A3_00850	97.403	539	14	0	1	539	1	539	0.0	1089
31P2R1A5_02783	31P2R1A5_02783	100.000	1296	0	0	1	1296	1	1296	0.0	2672
31P2R1A5_02784	31P2R1A5_02784	100.000	474	0	0	1	474	1	474	0.0	964
31P2R1A5_02785	31P2R1A5_02785	100.000	229	0	0	1	229	1	229	1.07e-168	463
31P2R1A5_02786	31P2R1A5_02786	100.000	446	0	0	1	446	1	446	0.0	904
31P2R1A5_02786	42P1R1A12_01655	95.516	446	20	0	1	446	1	446	0.0	868
31P2R1A5_02788	31P2R1A5_02788	100.000	397	0	0	1	397	1	397	0.0	824
31P2R1A5_02788	54P2R2A3_00844	97.229	397	11	0	1	397	1	397	0.0	806
31P2R1A5_02790	31P2R1A5_02790	100.000	141	0	0	1	141	1	141	8.16e-97	275
31P2R1A5_02790	54P2R2A3_00842	97.872	141	3	0	1	141	16	156	8.79e-96	273
31P2R1A5_02790	42P1R1A12_01659	96.454	141	5	0	1	141	16	156	3.10e-95	271
31P2R1A5_02790	51P2R2A10_03813	96.454	141	5	0	1	141	1	141	8.29e-95	270
31P2R1A5_02791	31P2R1A5_02791	100.000	379	0	0	1	379	1	379	0.0	742
31P2R1A5_02791	54P2R2A3_00837	96.834	379	12	0	1	379	1	379	0.0	726
31P2R1A5_02792	31P2R1A5_02792	100.000	426	0	0	1	426	1	426	0.0	872
31P2R1A5_02793	31P2R1A5_02793	100.000	213	0	0	1	213	1	213	2.56e-161	443
31P2R1A5_02793	54P2R2A3_00835	97.653	213	5	0	1	213	1	213	6.47e-158	435
31P2R1A5_02794	31P2R1A5_02794	100.000	327	0	0	1	327	1	327	0.0	632
31P2R1A5_02795	31P2R1A5_02795	100.000	279	0	0	1	279	1	279	0.0	551
31P2R1A5_02796	31P2R1A5_02796	100.000	268	0	0	1	268	1	268	0.0	555
31P2R1A5_02796	42P1R1A12_01668	97.015	268	8	0	1	268	1	268	0.0	544
31P2R1A5_02797	31P2R1A5_02797	100.000	245	0	0	1	245	1	245	0.0	505
31P2R1A5_02798	31P2R1A5_02798	100.000	164	0	0	1	164	1	164	3.87e-119	333
31P2R1A5_02799	31P2R1A5_02799	100.000	405	0	0	1	405	1	405	0.0	838
31P2R1A5_02799	42P1R1A12_01671	98.765	405	5	0	1	405	30	434	0.0	828
31P2R1A5_02799	18P3R3A11_03222	97.531	405	10	0	1	405	1	405	0.0	820
31P2R1A5_02799	10P3R2A13_00535	95.802	405	17	0	1	405	1	405	0.0	811
31P2R1A5_02801	31P2R1A5_02801	100.000	108	0	0	1	108	1	108	1.27e-74	216
31P2R1A5_02802	31P2R1A5_02802	100.000	172	0	0	1	172	1	172	2.96e-123	344
31P2R1A5_02802	54P2R2A3_00826	97.674	172	4	0	1	172	1	172	1.32e-120	337
31P2R1A5_02803	31P2R1A5_02803	100.000	617	0	0	1	617	1	617	0.0	1229
31P2R1A5_02803	42P1R1A12_01675	96.596	617	21	0	1	617	1	617	0.0	1187
31P2R1A5_02804	31P2R1A5_02804	100.000	112	0	0	1	112	1	112	5.51e-79	227
31P2R1A5_02805	31P2R1A5_02805	100.000	67	0	0	1	67	1	67	4.62e-44	135
31P2R1A5_02805	42P1R1A12_01677	95.522	67	3	0	1	67	1	67	1.73e-42	131
31P2R1A5_02805	10P3R2A13_00541	95.522	67	3	0	1	67	1	67	3.62e-42	130
31P2R1A5_02805	18P3R3A11_03216	95.522	67	3	0	1	67	1	67	8.53e-42	130
31P2R1A5_02806	31P2R1A5_02806	100.000	429	0	0	1	429	1	429	0.0	881
31P2R1A5_02806	54P2R2A3_00822	96.970	429	13	0	1	429	1	429	0.0	858
31P2R1A5_02806	42P1R1A12_01678	96.270	429	16	0	1	429	1	429	0.0	853
31P2R1A5_02807	31P2R1A5_02807	100.000	259	0	0	1	259	1	259	0.0	524
31P2R1A5_02807	54P2R2A3_00821	97.297	259	7	0	1	259	1	259	0.0	513
31P2R1A5_02808	31P2R1A5_02808	100.000	281	0	0	1	281	1	281	0.0	553
31P2R1A5_02809	31P2R1A5_02809	100.000	286	0	0	1	286	1	286	0.0	578
31P2R1A5_02810	31P2R1A5_02810	100.000	1650	0	0	1	1650	1	1650	0.0	3333
31P2R1A5_02810	54P2R2A3_00818	98.000	1650	33	0	1	1650	1	1650	0.0	3276
31P2R1A5_02811	31P2R1A5_02811	100.000	775	0	0	1	775	1	775	0.0	1533
31P2R1A5_02812	31P2R1A5_02812	100.000	144	0	0	1	144	1	144	1.35e-103	292
31P2R1A5_02812	18P3R3A11_03207	97.917	144	3	0	1	144	1	144	1.57e-101	286
31P2R1A5_02813	31P2R1A5_02813	100.000	389	0	0	1	389	1	389	0.0	807
31P2R1A5_02814	31P2R1A5_02814	100.000	331	0	0	1	331	1	331	0.0	673
31P2R1A5_02814	54P2R2A3_00814	96.084	332	12	1	1	331	1	332	0.0	644
31P2R1A5_02815	31P2R1A5_02815	100.000	374	0	0	1	374	1	374	0.0	754
31P2R1A5_02815	10P3R2A13_00550	97.305	371	10	0	1	371	1	371	0.0	733
31P2R1A5_02815	18P3R3A11_03204	96.496	371	13	0	1	371	1	371	0.0	729
31P2R1A5_02816	31P2R1A5_02816	100.000	425	0	0	1	425	1	425	0.0	869
31P2R1A5_02816	42P1R1A12_01689	96.941	425	13	0	1	425	1	425	0.0	851
31P2R1A5_02817	31P2R1A5_02817	100.000	207	0	0	1	207	1	207	3.66e-151	417
31P2R1A5_02818	31P2R1A5_02818	100.000	393	0	0	1	393	1	393	0.0	793
31P2R1A5_02818	42P1R1A12_01691	95.801	381	16	0	13	393	13	393	0.0	748
31P2R1A5_02819	31P2R1A5_02819	100.000	493	0	0	1	493	1	493	0.0	1006
31P2R1A5_02819	42P1R1A12_01692	96.552	493	17	0	1	493	1	493	0.0	974
31P2R1A5_02820	31P2R1A5_02820	100.000	360	0	0	1	360	1	360	0.0	718
31P2R1A5_02820	44P3R3A6_02096	96.944	360	11	0	1	360	1	360	0.0	692
31P2R1A5_02821	31P2R1A5_02821	100.000	73	0	0	1	73	1	73	1.82e-48	147
31P2R1A5_02822	31P2R1A5_02822	100.000	464	0	0	1	464	1	464	0.0	948
31P2R1A5_02825	31P2R1A5_02825	100.000	430	0	0	1	430	1	430	0.0	847
31P2R1A5_02825	44P3R3A6_02085	97.442	430	11	0	1	430	1	430	0.0	822
31P2R1A5_02826	31P2R1A5_02826	100.000	295	0	0	1	295	1	295	0.0	588
31P2R1A5_02827	31P2R1A5_02827	100.000	58	0	0	1	58	1	58	1.24e-37	119
31P2R1A5_02828	31P2R1A5_02828	100.000	743	0	0	1	743	1	743	0.0	1519
31P2R1A5_02828	54P2R2A3_00770	95.020	743	37	0	1	743	1	743	0.0	1408
31P2R1A5_02829	31P2R1A5_02829	100.000	511	0	0	1	511	1	511	0.0	1052
31P2R1A5_02830	31P2R1A5_02830	100.000	687	0	0	1	687	1	687	0.0	1406
31P2R1A5_02830	42P1R1A12_01706	97.962	687	14	0	1	687	1	687	0.0	1383
31P2R1A5_02831	31P2R1A5_02831	100.000	214	0	0	1	214	1	214	1.32e-159	439
31P2R1A5_02831	54P2R2A3_00767	97.196	214	6	0	1	214	1	214	8.55e-156	429
31P2R1A5_02832	31P2R1A5_02832	100.000	346	0	0	1	346	1	346	0.0	702
31P2R1A5_02832	42P1R1A12_01713	96.512	344	12	0	1	344	1	344	0.0	681
31P2R1A5_02833	31P2R1A5_02833	100.000	298	0	0	1	298	1	298	0.0	614
31P2R1A5_02834	31P2R1A5_02834	100.000	478	0	0	1	478	1	478	0.0	1003
31P2R1A5_02835	31P2R1A5_02835	100.000	209	0	0	1	209	1	209	2.81e-151	418
31P2R1A5_02835	42P1R1A12_01716	97.129	209	6	0	1	209	1	209	1.09e-148	411
31P2R1A5_02835	18P3R3A11_03088	97.608	209	5	0	1	209	1	209	1.21e-148	411
31P2R1A5_02835	38P2R3A13_06926	95.215	209	10	0	1	209	1	209	1.93e-146	405
31P2R1A5_02836	31P2R1A5_02836	100.000	429	0	0	1	429	1	429	0.0	838
31P2R1A5_02836	42P1R1A12_01717	97.664	428	10	0	1	428	1	428	0.0	825
31P2R1A5_02836	18P3R3A11_03087	96.244	426	16	0	1	426	1	426	0.0	811
31P2R1A5_02837	31P2R1A5_02837	100.000	226	0	0	1	226	1	226	2.21e-167	460
31P2R1A5_02837	42P1R1A12_01718	96.465	198	7	0	29	226	1	198	4.00e-139	387
31P2R1A5_02838	31P2R1A5_02838	100.000	304	0	0	1	304	1	304	0.0	610
31P2R1A5_02838	54P2R2A3_00760	95.395	304	14	0	1	304	1	304	0.0	563
31P2R1A5_02839	31P2R1A5_02839	100.000	120	0	0	1	120	1	120	3.79e-83	238
31P2R1A5_02840	31P2R1A5_02840	100.000	488	0	0	1	488	1	488	0.0	993
31P2R1A5_02841	31P2R1A5_02841	100.000	355	0	0	1	355	1	355	0.0	687
31P2R1A5_02841	42P1R1A12_01721	95.480	354	16	0	1	354	1	354	0.0	664
31P2R1A5_02842	31P2R1A5_02842	100.000	157	0	0	1	157	1	157	9.94e-117	326
31P2R1A5_02842	42P1R1A12_01722	96.178	157	6	0	1	157	1	157	6.89e-114	319
31P2R1A5_02842	10P3R2A13_00590	95.541	157	7	0	1	157	1	157	1.18e-112	316
31P2R1A5_02843	31P2R1A5_02843	100.000	189	0	0	1	189	1	189	5.36e-141	390
31P2R1A5_02843	42P1R1A12_01723	95.789	190	7	1	1	189	1	190	2.27e-133	371
31P2R1A5_02844	31P2R1A5_02844	100.000	293	0	0	1	293	1	293	0.0	601
31P2R1A5_02844	42P1R1A12_01724	95.563	293	13	0	1	293	1	293	0.0	576
31P2R1A5_02845	31P2R1A5_02845	100.000	345	0	0	1	345	1	345	0.0	698
31P2R1A5_02846	31P2R1A5_02846	100.000	238	0	0	1	238	1	238	9.50e-177	484
31P2R1A5_02846	42P1R1A12_01726	97.059	238	7	0	1	238	1	238	2.06e-173	476
31P2R1A5_02846	18P3R3A11_03074	97.059	238	7	0	1	238	1	238	9.05e-173	474
31P2R1A5_02849	31P2R1A5_02849	100.000	232	0	0	1	232	1	232	7.33e-173	474
31P2R1A5_02849	54P2R2A3_00749	97.845	232	5	0	1	232	1	232	1.87e-169	466
31P2R1A5_02850	31P2R1A5_02850	100.000	68	0	0	1	68	1	68	5.83e-42	130
31P2R1A5_02851	31P2R1A5_02851	100.000	376	0	0	1	376	1	376	0.0	780
31P2R1A5_02851	42P1R1A12_01732	97.340	376	10	0	1	376	1	376	0.0	764
31P2R1A5_02852	31P2R1A5_02852	100.000	118	0	0	1	118	1	118	5.55e-86	245
31P2R1A5_02852	54P2R2A3_00746	97.458	118	3	0	1	118	1	118	5.46e-84	240
31P2R1A5_02853	31P2R1A5_02853	100.000	1038	0	0	1	1038	1	1038	0.0	2123
31P2R1A5_02853	42P1R1A12_01734	95.761	1038	44	0	1	1038	1	1038	0.0	2046
31P2R1A5_02854	31P2R1A5_02854	100.000	661	0	0	1	661	1	661	0.0	1358
31P2R1A5_02854	54P2R2A3_00744	96.974	661	20	0	1	661	1	661	0.0	1322
31P2R1A5_02855	31P2R1A5_02855	100.000	199	0	0	1	199	1	199	1.80e-148	410
31P2R1A5_02856	31P2R1A5_02856	100.000	349	0	0	1	349	1	349	0.0	716
31P2R1A5_02856	54P2R2A3_00742	97.421	349	9	0	1	349	1	349	0.0	701
31P2R1A5_02857	31P2R1A5_02857	100.000	665	0	0	1	665	1	665	0.0	1373
31P2R1A5_02858	31P2R1A5_02858	100.000	319	0	0	1	319	1	319	0.0	655
31P2R1A5_02859	31P2R1A5_02859	100.000	760	0	0	1	760	1	760	0.0	1550
31P2R1A5_02859	42P1R1A12_01739	95.789	760	32	0	1	760	1	760	0.0	1495
31P2R1A5_02860	31P2R1A5_02860	100.000	112	0	0	1	112	1	112	5.48e-77	222
31P2R1A5_02860	42P1R1A12_01740	97.321	112	3	0	1	112	1	112	3.22e-75	218
31P2R1A5_02861	31P2R1A5_02861	100.000	160	0	0	1	160	1	160	1.11e-118	331
31P2R1A5_02862	31P2R1A5_02862	100.000	230	0	0	1	230	1	230	6.86e-172	471
31P2R1A5_02863	31P2R1A5_02863	100.000	270	0	0	1	270	1	270	0.0	547
31P2R1A5_02863	54P2R2A3_00735	95.556	270	11	1	1	270	1	269	0.0	521
31P2R1A5_02864	31P2R1A5_02864	100.000	339	0	0	1	339	1	339	0.0	674
31P2R1A5_02864	54P2R2A3_00734	97.640	339	8	0	1	339	1	339	0.0	661
31P2R1A5_02865	31P2R1A5_02865	100.000	97	0	0	1	97	1	97	2.55e-64	189
31P2R1A5_02865	13P1R2A5_00395	95.789	95	4	0	1	95	1	95	1.89e-52	159
31P2R1A5_02865	10P3R2A13_00617	95.789	95	4	0	1	95	15	109	2.88e-52	159
31P2R1A5_02866	31P2R1A5_02866	100.000	96	0	0	1	96	1	96	1.28e-65	192
31P2R1A5_02866	54P2R2A3_00732	97.917	96	2	0	1	96	1	96	6.37e-64	188
31P2R1A5_02867	31P2R1A5_02867	100.000	468	0	0	1	468	1	468	0.0	940
31P2R1A5_02868	31P2R1A5_02868	100.000	280	0	0	1	280	1	280	0.0	572
31P2R1A5_02868	54P2R2A3_00730	95.357	280	13	0	1	280	1	280	0.0	541
31P2R1A5_02869	31P2R1A5_02869	100.000	396	0	0	1	396	1	396	0.0	798
31P2R1A5_02870	31P2R1A5_02870	100.000	411	0	0	1	411	1	411	0.0	799
31P2R1A5_02870	42P1R1A12_01750	96.350	411	15	0	1	411	1	411	0.0	774
31P2R1A5_02871	31P2R1A5_02871	100.000	468	0	0	1	468	1	468	0.0	935
31P2R1A5_02871	54P2R2A3_00727	96.581	468	16	0	1	468	1	468	0.0	902
31P2R1A5_02872	31P2R1A5_02872	100.000	454	0	0	1	454	1	454	0.0	939
31P2R1A5_02872	43P2R2A2_05717	97.134	314	9	0	141	454	1	314	0.0	638
31P2R1A5_02873	31P2R1A5_02873	100.000	301	0	0	1	301	1	301	0.0	611
31P2R1A5_02873	54P2R2A3_00725	95.681	301	12	1	1	301	1	300	0.0	585
31P2R1A5_02874	31P2R1A5_02874	100.000	220	0	0	1	220	1	220	9.68e-161	442
31P2R1A5_02874	42P1R1A12_01754	97.273	220	6	0	1	220	1	220	5.94e-158	436
31P2R1A5_02874	54P2R2A3_00724	97.727	220	5	0	1	220	1	220	5.75e-157	433
31P2R1A5_02875	31P2R1A5_02875	100.000	162	0	0	1	162	1	162	2.73e-114	320
31P2R1A5_02875	54P2R2A3_00723	96.296	162	6	0	1	162	1	162	9.18e-110	309
31P2R1A5_02876	31P2R1A5_02876	100.000	351	0	0	1	351	1	351	0.0	725
31P2R1A5_02876	54P2R2A3_00722	97.436	351	9	0	1	351	1	351	0.0	714
31P2R1A5_02877	31P2R1A5_02877	100.000	300	0	0	1	300	1	300	0.0	622
31P2R1A5_02878	31P2R1A5_02878	100.000	291	0	0	1	291	1	291	0.0	591
31P2R1A5_02878	42P1R1A12_01758	96.918	292	8	1	1	291	1	292	0.0	574
31P2R1A5_02879	31P2R1A5_02879	100.000	142	0	0	1	142	1	142	4.92e-102	288
31P2R1A5_02879	42P1R1A12_01759	96.479	142	5	0	1	142	1	142	3.09e-99	281
31P2R1A5_02879	18P3R3A11_03057	95.070	142	7	0	1	142	1	142	2.00e-97	276
31P2R1A5_02880	31P2R1A5_02880	100.000	150	0	0	1	150	1	150	2.37e-103	292
31P2R1A5_02880	54P2R2A3_00718	96.667	150	5	0	1	150	1	150	2.44e-100	284
31P2R1A5_02881	31P2R1A5_02881	100.000	192	0	0	1	192	1	192	4.01e-144	398
31P2R1A5_02881	54P2R2A3_00717	97.396	192	5	0	1	192	1	192	6.90e-141	390
31P2R1A5_02882	31P2R1A5_02882	100.000	300	0	0	1	300	1	300	0.0	623
31P2R1A5_02883	31P2R1A5_02883	100.000	339	0	0	1	339	1	339	0.0	697
31P2R1A5_02883	42P1R1A12_01763	96.460	339	12	0	1	339	1	339	0.0	672
31P2R1A5_02883	51P2R2A10_03713	95.870	339	14	0	1	339	1	339	0.0	667
31P2R1A5_02883	43P2R2A2_05490	96.154	156	6	0	184	339	1	156	1.90e-108	313
31P2R1A5_02884	31P2R1A5_02884	100.000	278	0	0	1	278	1	278	0.0	547
31P2R1A5_02884	38P2R3A13_07660	97.842	278	6	0	1	278	1	278	0.0	542
31P2R1A5_02884	10P3R2A13_00641	97.482	278	7	0	1	278	1	278	0.0	536
31P2R1A5_02884	38P2R3A13_07670	97.122	278	8	0	1	278	1	278	0.0	533
31P2R1A5_02884	18P3R3A11_03052	96.043	278	11	0	1	278	1	278	0.0	533
31P2R1A5_02884	15P1R1A16_05173	96.296	81	3	0	198	278	1	81	1.48e-48	155
31P2R1A5_02885	31P2R1A5_02885	100.000	292	0	0	1	292	1	292	0.0	585
31P2R1A5_02886	31P2R1A5_02886	100.000	365	0	0	1	365	1	365	0.0	740
31P2R1A5_02886	10P3R2A13_00643	95.082	366	17	1	1	365	1	366	0.0	705
31P2R1A5_02887	31P2R1A5_02887	100.000	304	0	0	1	304	1	304	0.0	622
31P2R1A5_02888	31P2R1A5_02888	100.000	132	0	0	1	132	1	132	4.03e-96	272
31P2R1A5_02888	54P2R2A3_00710	97.727	132	3	0	1	132	1	132	1.31e-93	266
31P2R1A5_02889	31P2R1A5_02889	100.000	433	0	0	1	433	1	433	0.0	867
31P2R1A5_02889	54P2R2A3_00709	95.150	433	21	0	1	433	1	433	0.0	808
31P2R1A5_02890	31P2R1A5_02890	100.000	288	0	0	1	288	1	288	0.0	584
31P2R1A5_02890	54P2R2A3_00708	95.819	287	12	0	1	287	1	287	0.0	537
31P2R1A5_02891	31P2R1A5_02891	100.000	80	0	0	1	80	1	80	4.06e-54	162
31P2R1A5_02893	31P2R1A5_02893	100.000	576	0	0	1	576	1	576	0.0	1161
31P2R1A5_02893	42P1R1A12_01774	97.743	576	13	0	1	576	1	576	0.0	1142
31P2R1A5_02893	18P3R3A11_03046	97.049	576	17	0	1	576	1	576	0.0	1129
31P2R1A5_02893	10P3R2A13_00648	96.354	576	21	0	1	576	1	576	0.0	1104
31P2R1A5_02895	31P2R1A5_02895	100.000	324	0	0	1	324	1	324	0.0	651
31P2R1A5_02895	42P1R1A12_01776	97.840	324	7	0	1	324	1	324	0.0	640
31P2R1A5_02895	51P2R2A10_03700	97.531	324	8	0	1	324	1	324	0.0	637
31P2R1A5_02895	10P3R2A13_00650	97.222	324	9	0	1	324	1	324	0.0	637
31P2R1A5_02895	18P3R3A11_03044	96.605	324	11	0	1	324	1	324	0.0	608
31P2R1A5_02896	31P2R1A5_02896	100.000	254	0	0	1	254	1	254	0.0	511
31P2R1A5_02897	31P2R1A5_02897	100.000	351	0	0	1	351	1	351	0.0	697
31P2R1A5_02897	54P2R2A3_00701	95.493	355	11	2	1	351	1	354	0.0	663
31P2R1A5_02897	51P2R2A10_03698	95.425	153	6	1	199	351	181	332	3.67e-100	299
31P2R1A5_02897	42P1R1A12_01778	95.804	143	6	0	209	351	196	338	2.78e-95	286
31P2R1A5_02898	31P2R1A5_02898	100.000	672	0	0	1	672	1	672	0.0	1367
31P2R1A5_02899	31P2R1A5_02899	100.000	73	0	0	1	73	1	73	1.10e-48	147
31P2R1A5_02900	31P2R1A5_02900	100.000	333	0	0	1	333	1	333	0.0	663
31P2R1A5_02901	31P2R1A5_02901	100.000	309	0	0	1	309	1	309	0.0	624
31P2R1A5_02906	31P2R1A5_02906	100.000	473	0	0	1	473	1	473	0.0	989
31P2R1A5_02906	10P3R2A13_00665	95.106	470	23	0	1	470	1	470	0.0	947
31P2R1A5_02907	31P2R1A5_02907	100.000	131	0	0	1	131	1	131	8.66e-94	266
31P2R1A5_02908	31P2R1A5_02908	100.000	118	0	0	1	118	1	118	1.77e-82	236
31P2R1A5_02911	31P2R1A5_02911	100.000	724	0	0	1	724	1	724	0.0	1481
31P2R1A5_02912	31P2R1A5_02912	100.000	401	0	0	1	401	1	401	0.0	790
31P2R1A5_02912	42P1R1A12_01796	97.756	401	9	0	1	401	1	401	0.0	779
31P2R1A5_02913	31P2R1A5_02913	100.000	414	0	0	1	414	1	414	0.0	816
31P2R1A5_02913	54P2R2A3_00685	98.058	412	8	0	1	412	1	412	0.0	798
31P2R1A5_02914	31P2R1A5_02914	100.000	118	0	0	1	118	1	118	2.15e-79	229
31P2R1A5_02915	31P2R1A5_02915	100.000	331	0	0	1	331	1	331	0.0	685
31P2R1A5_02916	31P2R1A5_02916	100.000	554	0	0	1	554	1	554	0.0	1129
31P2R1A5_02916	54P2R2A3_00682	96.751	554	18	0	1	554	1	554	0.0	1092
31P2R1A5_02917	31P2R1A5_02917	100.000	412	0	0	1	412	1	412	0.0	784
31P2R1A5_02917	54P2R2A3_00681	95.874	412	17	0	1	412	1	412	0.0	676
31P2R1A5_02918	31P2R1A5_02918	100.000	322	0	0	1	322	1	322	0.0	654
31P2R1A5_02919	31P2R1A5_02919	100.000	246	0	0	1	246	1	246	0.0	510
31P2R1A5_02919	54P2R2A3_00679	97.967	246	5	0	1	246	1	246	0.0	502
31P2R1A5_02920	31P2R1A5_02920	100.000	566	0	0	1	566	1	566	0.0	1155
31P2R1A5_02921	31P2R1A5_02921	100.000	405	0	0	1	405	1	405	0.0	838
31P2R1A5_02921	42P1R1A12_01805	96.040	404	16	0	1	404	1	404	0.0	814
31P2R1A5_02921	10P3R2A13_00684	96.040	404	16	0	1	404	1	404	0.0	811
31P2R1A5_02921	43P2R2A2_05002	97.403	77	2	0	328	404	1	77	2.86e-48	159
31P2R1A5_02922	31P2R1A5_02922	100.000	399	0	0	1	399	1	399	0.0	762
31P2R1A5_02923	31P2R1A5_02923	100.000	153	0	0	1	153	1	153	1.90e-112	315
31P2R1A5_02924	31P2R1A5_02924	100.000	314	0	0	1	314	1	314	0.0	625
31P2R1A5_02925	31P2R1A5_02925	100.000	287	0	0	1	287	1	287	0.0	590
31P2R1A5_02926	31P2R1A5_02926	100.000	161	0	0	1	161	1	161	2.12e-119	333
31P2R1A5_02926	54P2R2A3_00672	96.894	161	5	0	1	161	1	161	9.29e-116	324
31P2R1A5_02928	31P2R1A5_02928	100.000	310	0	0	1	310	1	310	0.0	629
31P2R1A5_02928	54P2R2A3_00670	95.806	310	13	0	1	310	1	310	0.0	603
31P2R1A5_02929	31P2R1A5_02929	100.000	254	0	0	1	254	1	254	0.0	521
31P2R1A5_02930	31P2R1A5_02930	100.000	441	0	0	1	441	1	441	0.0	896
31P2R1A5_02931	31P2R1A5_02931	100.000	95	0	0	1	95	1	95	3.55e-66	193
31P2R1A5_02931	54P2R2A3_00667	96.842	95	3	0	1	95	1	95	9.36e-65	190
31P2R1A5_02932	31P2R1A5_02932	100.000	437	0	0	1	437	1	437	0.0	887
31P2R1A5_02933	31P2R1A5_02933	100.000	715	0	0	1	715	1	715	0.0	1448
31P2R1A5_02933	54P2R2A3_00665	95.664	715	31	0	1	715	1	715	0.0	1360
31P2R1A5_02934	31P2R1A5_02934	100.000	129	0	0	1	129	1	129	1.18e-92	263
31P2R1A5_02935	31P2R1A5_02935	100.000	184	0	0	1	184	1	184	3.06e-137	380
31P2R1A5_02935	54P2R2A3_00663	97.826	184	4	0	1	184	1	184	3.82e-135	375
31P2R1A5_02935	42P1R1A12_02484	96.196	184	7	0	1	184	1	184	1.58e-132	368
31P2R1A5_02936	31P2R1A5_02936	100.000	311	0	0	1	311	1	311	0.0	641
31P2R1A5_02938	31P2R1A5_02938	100.000	275	0	0	1	275	1	275	0.0	560
31P2R1A5_02939	31P2R1A5_02939	100.000	270	0	0	1	270	1	270	0.0	525
31P2R1A5_02940	31P2R1A5_02940	100.000	183	0	0	1	183	1	183	7.34e-138	382
31P2R1A5_02940	54P2R2A3_00658	96.721	183	6	0	1	183	1	183	2.70e-134	373
31P2R1A5_02941	31P2R1A5_02941	100.000	94	0	0	1	94	1	94	1.39e-64	189
31P2R1A5_02941	54P2R2A3_00657	96.809	94	3	0	1	94	1	94	9.77e-63	185
31P2R1A5_02942	31P2R1A5_02942	100.000	663	0	0	1	663	1	663	0.0	1366
31P2R1A5_02942	54P2R2A3_00656	96.078	663	26	0	1	663	1	663	0.0	1264
31P2R1A5_02943	31P2R1A5_02943	100.000	407	0	0	1	407	1	407	0.0	834
31P2R1A5_02943	10P3R2A13_04674	96.278	403	15	0	1	403	1	403	0.0	803
31P2R1A5_02943	34P3R2A10_03300	95.890	219	9	0	185	403	1	219	2.35e-154	434
31P2R1A5_02944	31P2R1A5_02944	100.000	394	0	0	1	394	1	394	0.0	756
31P2R1A5_02945	31P2R1A5_02945	100.000	246	0	0	1	246	1	246	0.0	512
31P2R1A5_02946	31P2R1A5_02946	100.000	105	0	0	1	105	1	105	1.91e-70	205
31P2R1A5_02947	31P2R1A5_02947	100.000	449	0	0	1	449	1	449	0.0	894
31P2R1A5_02948	31P2R1A5_02948	100.000	104	0	0	1	104	1	104	1.30e-70	205
31P2R1A5_02949	31P2R1A5_02949	100.000	558	0	0	1	558	1	558	0.0	1149
31P2R1A5_02950	31P2R1A5_02950	100.000	327	0	0	1	327	1	327	0.0	647
31P2R1A5_02950	54P2R2A3_00653	95.146	309	15	0	1	309	1	309	0.0	590
31P2R1A5_02951	31P2R1A5_02951	100.000	379	0	0	1	379	1	379	0.0	767
31P2R1A5_02951	54P2R2A3_00652	96.570	379	13	0	1	379	1	379	0.0	746
31P2R1A5_02952	31P2R1A5_02952	100.000	338	0	0	1	338	1	338	0.0	681
31P2R1A5_02953	31P2R1A5_02953	100.000	271	0	0	1	271	1	271	0.0	565
31P2R1A5_02954	31P2R1A5_02954	100.000	220	0	0	1	220	1	220	2.81e-159	439
31P2R1A5_02954	42P1R1A12_02470	96.818	220	7	0	1	220	1	220	3.92e-156	431
31P2R1A5_02954	18P3R3A11_02367	95.714	210	9	0	1	210	1	210	2.24e-146	406
31P2R1A5_02955	31P2R1A5_02955	100.000	328	0	0	1	328	1	328	0.0	671
31P2R1A5_02955	42P1R1A12_02469	96.341	328	10	1	1	328	1	326	0.0	636
31P2R1A5_02955	10P3R2A13_02692	97.068	307	7	1	22	328	1	305	0.0	604
31P2R1A5_02956	31P2R1A5_02956	100.000	423	0	0	1	423	1	423	0.0	852
31P2R1A5_02956	54P2R2A3_00647	96.927	423	13	0	1	423	1	423	0.0	823
31P2R1A5_02957	31P2R1A5_02957	100.000	234	0	0	1	234	1	234	4.95e-163	449
31P2R1A5_02958	31P2R1A5_02958	100.000	163	0	0	1	163	1	163	1.12e-116	327
31P2R1A5_02959	31P2R1A5_02959	100.000	506	0	0	1	506	1	506	0.0	1043
31P2R1A5_02959	18P3R3A11_02372	97.036	506	15	0	1	506	1	506	0.0	1019
31P2R1A5_02959	10P3R2A13_02696	96.640	506	17	0	1	506	1	506	0.0	1014
31P2R1A5_02959	38P2R3A13_06506	96.637	446	15	0	61	506	1	446	0.0	892
31P2R1A5_02960	31P2R1A5_02960	100.000	195	0	0	1	195	1	195	2.89e-142	394
31P2R1A5_02960	54P2R2A3_00643	96.825	189	6	0	1	189	1	189	4.63e-134	373
31P2R1A5_02961	31P2R1A5_02961	100.000	261	0	0	1	261	1	261	0.0	522
31P2R1A5_02962	31P2R1A5_02962	100.000	261	0	0	1	261	1	261	0.0	531
31P2R1A5_02962	42P1R1A12_02462	97.318	261	7	0	1	261	1	261	0.0	521
31P2R1A5_02963	31P2R1A5_02963	100.000	229	0	0	1	229	1	229	1.76e-163	450
31P2R1A5_02963	42P1R1A12_02461	95.197	229	11	0	1	229	1	229	4.98e-158	436
31P2R1A5_02964	31P2R1A5_02964	100.000	239	0	0	1	239	1	239	1.08e-174	479
31P2R1A5_02964	38P2R3A13_02804	97.908	239	5	0	1	239	1	239	8.77e-172	472
31P2R1A5_02965	31P2R1A5_02965	100.000	258	0	0	1	258	1	258	0.0	525
31P2R1A5_02965	42P1R1A12_02459	96.512	258	9	0	1	258	1	258	0.0	508
31P2R1A5_02966	31P2R1A5_02966	100.000	176	0	0	1	176	1	176	1.31e-130	363
31P2R1A5_02967	31P2R1A5_02967	100.000	298	0	0	1	298	1	298	0.0	605
31P2R1A5_02967	54P2R2A3_00636	97.987	298	6	0	1	298	1	298	0.0	595
31P2R1A5_02968	31P2R1A5_02968	100.000	121	0	0	1	121	1	121	1.21e-86	247
31P2R1A5_02969	31P2R1A5_02969	100.000	210	0	0	1	210	1	210	1.86e-156	431
31P2R1A5_02970	31P2R1A5_02970	100.000	215	0	0	1	215	1	215	5.79e-159	437
31P2R1A5_02970	44P3R3A6_01940	99.533	214	1	0	1	214	1	214	3.09e-158	436
31P2R1A5_02971	31P2R1A5_02971	100.000	184	0	0	1	184	1	184	3.50e-135	375
31P2R1A5_02971	54P2R2A3_00632	97.283	184	5	0	1	184	1	184	4.53e-132	367
31P2R1A5_02973	31P2R1A5_02973	100.000	716	0	0	1	716	1	716	0.0	1464
31P2R1A5_02973	42P1R1A12_02443	97.059	714	20	1	1	714	1	713	0.0	1419
31P2R1A5_02973	10P3R2A13_02711	96.078	714	28	0	1	714	1	714	0.0	1409
31P2R1A5_02973	18P3R3A11_02392	96.218	714	26	1	1	714	1	713	0.0	1405
31P2R1A5_02974	31P2R1A5_02974	100.000	401	0	0	1	401	1	401	0.0	823
31P2R1A5_02974	42P1R1A12_02442	97.506	401	10	0	1	401	1	401	0.0	810
31P2R1A5_02974	18P3R3A11_02393	96.259	401	15	0	1	401	1	401	0.0	800
31P2R1A5_02974	38P2R3A13_02820	96.259	401	15	0	1	401	1	401	0.0	798
31P2R1A5_02974	10P3R2A13_02712	96.010	401	16	0	1	401	1	401	0.0	797
31P2R1A5_02975	31P2R1A5_02975	100.000	152	0	0	1	152	1	152	1.13e-109	308
31P2R1A5_02976	31P2R1A5_02976	100.000	165	0	0	1	165	1	165	7.21e-125	347
31P2R1A5_02976	42P1R1A12_02440	95.758	165	7	0	1	165	1	165	6.29e-122	340
31P2R1A5_02977	31P2R1A5_02977	100.000	220	0	0	1	220	1	220	1.44e-160	442
31P2R1A5_02978	31P2R1A5_02978	100.000	611	0	0	1	611	1	611	0.0	1218
31P2R1A5_02979	31P2R1A5_02979	100.000	200	0	0	1	200	1	200	2.82e-149	412
31P2R1A5_02979	42P1R1A12_02437	97.000	200	6	0	1	200	1	200	3.21e-145	402
31P2R1A5_02979	51P2R2A10_03614	96.500	200	7	0	1	200	1	200	1.04e-143	398
31P2R1A5_02980	31P2R1A5_02980	100.000	406	0	0	1	406	1	406	0.0	841
31P2R1A5_02980	38P2R3A13_02826	97.772	404	9	0	1	404	1	404	0.0	827
31P2R1A5_02980	42P1R1A12_02436	97.291	406	11	0	1	406	1	406	0.0	823
31P2R1A5_02980	10P3R2A13_02718	95.567	406	18	0	1	406	1	406	0.0	814
31P2R1A5_02981	31P2R1A5_02981	100.000	309	0	0	1	309	1	309	0.0	632
31P2R1A5_02982	31P2R1A5_02982	100.000	120	0	0	1	120	1	120	6.34e-84	240
31P2R1A5_02982	42P1R1A12_02434	99.167	120	1	0	1	120	30	149	3.55e-83	239
31P2R1A5_02984	31P2R1A5_02984	100.000	603	0	0	1	603	1	603	0.0	1251
31P2R1A5_02985	31P2R1A5_02985	100.000	167	0	0	1	167	1	167	3.03e-125	348
31P2R1A5_02985	42P1R1A12_02431	96.407	167	6	0	1	167	1	167	2.95e-121	338
31P2R1A5_02985	18P3R3A11_02404	97.006	167	5	0	1	167	1	167	6.30e-121	338
31P2R1A5_02985	10P3R2A13_02724	95.210	167	8	0	1	167	1	167	4.30e-120	335
31P2R1A5_02986	31P2R1A5_02986	100.000	446	0	0	1	446	1	446	0.0	920
31P2R1A5_02986	42P1R1A12_02430	97.982	446	9	0	1	446	1	446	0.0	903
31P2R1A5_02986	10P3R2A13_02725	96.188	446	17	0	1	446	1	446	0.0	889
31P2R1A5_02986	18P3R3A11_02405	95.964	446	18	0	1	446	1	446	0.0	887
31P2R1A5_02987	31P2R1A5_02987	100.000	909	0	0	1	909	1	909	0.0	1890
31P2R1A5_02987	42P1R1A12_02429	96.590	909	31	0	1	909	1	909	0.0	1847
31P2R1A5_02988	31P2R1A5_02988	100.000	326	0	0	1	326	1	326	0.0	654
31P2R1A5_02988	18P3R3A11_02407	97.523	323	8	0	1	323	1	323	0.0	637
31P2R1A5_02990	31P2R1A5_02990	100.000	185	0	0	1	185	1	185	1.62e-129	361
31P2R1A5_02990	42P1R1A12_02426	96.757	185	6	0	1	185	1	185	8.94e-126	351
31P2R1A5_02991	31P2R1A5_02991	100.000	101	0	0	1	101	1	101	3.51e-65	191
31P2R1A5_02991	42P1R1A12_02425	96.040	101	4	0	1	101	1	101	8.48e-64	188
31P2R1A5_02991	18P3R3A11_02410	97.030	101	3	0	1	101	1	101	1.03e-63	187
31P2R1A5_02992	31P2R1A5_02992	100.000	614	0	0	1	614	1	614	0.0	1218
31P2R1A5_02992	42P1R1A12_02424	95.840	601	25	0	1	601	1	601	0.0	1131
31P2R1A5_02993	31P2R1A5_02993	100.000	510	0	0	1	510	1	510	0.0	1014
31P2R1A5_02993	42P1R1A12_02423	97.451	510	13	0	1	510	1	510	0.0	996
31P2R1A5_02993	18P3R3A11_02412	95.490	510	23	0	1	510	1	510	0.0	961
31P2R1A5_02994	31P2R1A5_02994	100.000	486	0	0	1	486	1	486	0.0	946
31P2R1A5_02994	42P1R1A12_02422	97.737	486	11	0	1	486	1	486	0.0	927
31P2R1A5_02995	31P2R1A5_02995	100.000	307	0	0	1	307	1	307	0.0	635
31P2R1A5_02996	31P2R1A5_02996	100.000	153	0	0	1	153	1	153	4.48e-112	314
31P2R1A5_02996	44P3R3A6_01914	96.689	151	5	0	1	151	1	151	4.94e-108	304
31P2R1A5_02996	54P2R2A3_00607	96.026	151	6	0	1	151	2	152	1.37e-107	303
31P2R1A5_02997	31P2R1A5_02997	100.000	430	0	0	1	430	1	430	0.0	870
31P2R1A5_02997	54P2R2A3_00606	97.442	430	11	0	1	430	1	430	0.0	849
31P2R1A5_02998	31P2R1A5_02998	100.000	557	0	0	1	557	1	557	0.0	1122
31P2R1A5_02999	31P2R1A5_02999	100.000	253	0	0	1	253	1	253	0.0	511
31P2R1A5_03000	31P2R1A5_03000	100.000	286	0	0	1	286	1	286	0.0	598
31P2R1A5_03000	42P1R1A12_02409	97.902	286	6	0	1	286	1	286	0.0	588
31P2R1A5_03000	38P2R3A13_05608	95.804	286	12	0	1	286	1	286	0.0	577
31P2R1A5_03000	10P3R2A13_02742	95.455	286	13	0	1	286	1	286	0.0	575
31P2R1A5_03001	31P2R1A5_03001	100.000	322	0	0	1	322	1	322	0.0	642
31P2R1A5_03001	54P2R2A3_00602	95.031	322	16	0	1	322	1	322	0.0	589
31P2R1A5_03002	31P2R1A5_03002	100.000	458	0	0	1	458	1	458	0.0	916
31P2R1A5_03003	31P2R1A5_03003	100.000	142	0	0	1	142	1	142	2.01e-104	294
31P2R1A5_03004	31P2R1A5_03004	100.000	129	0	0	1	129	1	129	7.83e-92	261
31P2R1A5_03004	44P3R3A6_01906	99.219	128	1	0	1	128	1	128	4.55e-89	260
31P2R1A5_03004	54P2R2A3_00599	95.312	128	6	0	1	128	1	128	3.35e-85	251
31P2R1A5_03005	31P2R1A5_03005	100.000	178	0	0	1	178	1	178	1.02e-128	358
31P2R1A5_03005	44P3R3A6_01906	100.000	175	0	0	1	175	133	307	1.20e-124	353
31P2R1A5_03006	31P2R1A5_03006	100.000	181	0	0	1	181	1	181	2.94e-129	360
31P2R1A5_03007	31P2R1A5_03007	100.000	399	0	0	1	399	1	399	0.0	806
31P2R1A5_03007	54P2R2A3_00597	97.995	399	8	0	1	399	1	399	0.0	792
31P2R1A5_03008	31P2R1A5_03008	100.000	262	0	0	1	262	1	262	0.0	534
31P2R1A5_03009	31P2R1A5_03009	100.000	402	0	0	1	402	1	402	0.0	840
31P2R1A5_03009	42P1R1A12_02394	95.274	402	19	0	1	402	1	402	0.0	809
31P2R1A5_03010	31P2R1A5_03010	100.000	431	0	0	1	431	1	431	0.0	849
31P2R1A5_03011	31P2R1A5_03011	100.000	268	0	0	1	268	1	268	0.0	546
31P2R1A5_03011	54P2R2A3_00593	97.761	268	6	0	1	268	1	268	0.0	534
31P2R1A5_03012	31P2R1A5_03012	100.000	393	0	0	1	393	1	393	0.0	815
31P2R1A5_03012	54P2R2A3_00592	96.692	393	13	0	1	393	1	393	0.0	791
31P2R1A5_03013	31P2R1A5_03013	100.000	420	0	0	1	420	1	420	0.0	838
31P2R1A5_03013	44P3R3A6_01898	96.429	420	15	0	1	420	1	420	0.0	807
31P2R1A5_03014	31P2R1A5_03014	100.000	541	0	0	1	541	1	541	0.0	1102
31P2R1A5_03014	54P2R2A3_00590	97.782	541	12	0	1	541	1	541	0.0	1083
31P2R1A5_03015	31P2R1A5_03015	100.000	449	0	0	1	449	1	449	0.0	910
31P2R1A5_03017	31P2R1A5_03017	100.000	85	0	0	1	85	1	85	2.82e-59	175
31P2R1A5_03017	42P1R1A12_02383	97.647	85	2	0	1	85	1	85	3.61e-58	172
31P2R1A5_03018	31P2R1A5_03018	100.000	377	0	0	1	377	1	377	0.0	785
31P2R1A5_03018	42P1R1A12_02382	97.082	377	11	0	1	377	1	377	0.0	764
31P2R1A5_03018	10P3R2A13_02766	96.817	377	12	0	1	377	1	377	0.0	763
31P2R1A5_03018	38P2R3A13_05624	96.021	377	15	0	1	377	1	377	0.0	761
31P2R1A5_03018	18P3R3A11_02437	96.021	377	15	0	1	377	1	377	0.0	759
31P2R1A5_03018	34P3R2A10_05161	96.479	284	10	0	94	377	1	284	0.0	572
31P2R1A5_03019	31P2R1A5_03019	100.000	762	0	0	1	762	1	762	0.0	1590
31P2R1A5_03019	42P1R1A12_02381	97.113	762	22	0	1	762	1	762	0.0	1546
31P2R1A5_03019	38P2R3A13_02860	95.013	762	38	0	1	762	17	778	0.0	1523
31P2R1A5_03019	18P3R3A11_02438	95.013	762	38	0	1	762	1	762	0.0	1523
31P2R1A5_03019	38P2R3A13_05625	95.100	551	27	0	212	762	1	551	0.0	1075
31P2R1A5_03020	31P2R1A5_03020	100.000	243	0	0	1	243	1	243	0.0	504
31P2R1A5_03021	31P2R1A5_03021	100.000	878	0	0	1	878	1	878	0.0	1769
31P2R1A5_03021	42P1R1A12_02379	96.355	878	32	0	1	878	1	878	0.0	1724
31P2R1A5_03021	18P3R3A11_02440	95.370	864	40	0	1	864	1	864	0.0	1690
31P2R1A5_03021	38P2R3A13_07871	96.226	265	10	0	1	265	1	265	0.0	535
31P2R1A5_03022	31P2R1A5_03022	100.000	947	0	0	1	947	1	947	0.0	1959
31P2R1A5_03022	54P2R2A3_00582	97.360	947	25	0	1	947	1	947	0.0	1917
31P2R1A5_03023	31P2R1A5_03023	100.000	217	0	0	1	217	1	217	6.42e-157	432
31P2R1A5_03023	18P3R3A11_02442	96.774	217	7	0	1	217	1	217	6.11e-153	422
31P2R1A5_03023	10P3R2A13_00265	96.774	217	7	0	1	217	1	217	9.91e-152	419
31P2R1A5_03023	38P2R3A13_07868	96.296	189	7	0	29	217	1	189	5.29e-130	363
31P2R1A5_03024	31P2R1A5_03024	100.000	886	0	0	1	886	1	886	0.0	1816
31P2R1A5_03024	54P2R2A3_00580	97.291	886	24	0	1	886	1	886	0.0	1778
31P2R1A5_03025	31P2R1A5_03025	100.000	364	0	0	1	364	1	364	0.0	721
31P2R1A5_03025	54P2R2A3_00579	95.380	368	13	2	1	364	1	368	0.0	686
31P2R1A5_03026	31P2R1A5_03026	100.000	351	0	0	1	351	1	351	0.0	720
31P2R1A5_03026	54P2R2A3_00578	97.721	351	8	0	1	351	1	351	0.0	706
31P2R1A5_03027	31P2R1A5_03027	100.000	355	0	0	1	355	1	355	0.0	713
31P2R1A5_03028	31P2R1A5_03028	100.000	218	0	0	1	218	1	218	3.12e-162	446
31P2R1A5_03028	54P2R2A3_00576	95.413	218	10	0	1	218	1	218	2.07e-148	411
31P2R1A5_03029	31P2R1A5_03029	100.000	548	0	0	1	548	1	548	0.0	1102
31P2R1A5_03030	31P2R1A5_03030	100.000	479	0	0	1	479	1	479	0.0	962
31P2R1A5_03031	31P2R1A5_03031	100.000	413	0	0	1	413	1	413	0.0	803
31P2R1A5_03031	54P2R2A3_00573	96.126	413	16	0	1	413	1	413	0.0	772
31P2R1A5_03032	31P2R1A5_03032	100.000	545	0	0	1	545	1	545	0.0	1126
31P2R1A5_03033	31P2R1A5_03033	100.000	164	0	0	1	164	1	164	2.04e-121	338
31P2R1A5_03033	54P2R2A3_00571	96.341	164	6	0	1	164	1	164	2.56e-117	328
31P2R1A5_03034	31P2R1A5_03034	100.000	370	0	0	1	370	1	370	0.0	733
31P2R1A5_03034	54P2R2A3_00570	97.297	370	10	0	1	370	1	370	0.0	719
31P2R1A5_03035	31P2R1A5_03035	100.000	63	0	0	1	63	1	63	2.43e-40	126
31P2R1A5_03036	31P2R1A5_03036	100.000	70	0	0	1	70	1	70	8.95e-44	135
31P2R1A5_03036	51P2R2A10_00819	97.143	70	2	0	1	70	1	70	8.98e-43	132
31P2R1A5_03037	31P2R1A5_03037	100.000	247	0	0	1	247	1	247	0.0	503
31P2R1A5_03037	42P1R1A12_02631	97.166	247	7	0	1	247	1	247	2.73e-178	489
31P2R1A5_03038	31P2R1A5_03038	100.000	233	0	0	1	233	1	233	6.08e-165	454
31P2R1A5_03038	42P1R1A12_02630	96.137	233	9	0	1	233	1	233	6.52e-144	401
31P2R1A5_03039	31P2R1A5_03039	100.000	251	0	0	1	251	1	251	0.0	499
31P2R1A5_03040	31P2R1A5_03040	100.000	281	0	0	1	281	1	281	0.0	568
31P2R1A5_03040	51P2R2A10_00823	97.153	281	8	0	1	281	12	292	0.0	553
31P2R1A5_03041	31P2R1A5_03041	100.000	180	0	0	1	180	1	180	3.63e-134	372
31P2R1A5_03041	44P3R3A6_01870	97.778	180	4	0	1	180	1	180	7.07e-130	361
31P2R1A5_03042	31P2R1A5_03042	100.000	263	0	0	1	263	1	263	0.0	522
31P2R1A5_03043	31P2R1A5_03043	100.000	243	0	0	1	243	1	243	0.0	496
31P2R1A5_03044	31P2R1A5_03044	100.000	393	0	0	1	393	1	393	0.0	815
31P2R1A5_03044	42P1R1A12_02364	96.154	390	15	0	1	390	1	390	0.0	786
31P2R1A5_03045	31P2R1A5_03045	100.000	70	0	0	1	70	1	70	5.33e-47	143
31P2R1A5_03046	31P2R1A5_03046	100.000	73	0	0	1	73	1	73	1.07e-48	147
31P2R1A5_03047	31P2R1A5_03047	100.000	506	0	0	1	506	1	506	0.0	1045
31P2R1A5_03048	31P2R1A5_03048	100.000	63	0	0	1	63	1	63	5.31e-39	122
31P2R1A5_03049	31P2R1A5_03049	100.000	151	0	0	1	151	1	151	9.88e-108	303
31P2R1A5_03050	31P2R1A5_03050	100.000	90	0	0	1	90	1	90	1.03e-61	182
31P2R1A5_03051	31P2R1A5_03051	100.000	173	0	0	1	173	1	173	6.94e-125	348
31P2R1A5_03052	31P2R1A5_03052	100.000	45	0	0	1	45	1	45	1.15e-27	92.8
31P2R1A5_03053	31P2R1A5_03053	100.000	267	0	0	1	267	1	267	0.0	538
31P2R1A5_03054	31P2R1A5_03054	100.000	67	0	0	1	67	1	67	4.59e-43	133
31P2R1A5_03054	42P1R1A12_02358	97.015	67	2	0	1	67	1	67	5.94e-42	130
31P2R1A5_03055	31P2R1A5_03055	100.000	176	0	0	1	176	1	176	1.63e-130	362
31P2R1A5_03055	42P1R1A12_02357	96.023	176	7	0	1	176	1	176	9.82e-126	350
31P2R1A5_03056	31P2R1A5_03056	100.000	276	0	0	1	276	1	276	0.0	570
31P2R1A5_03057	31P2R1A5_03057	100.000	124	0	0	1	124	1	124	2.70e-88	251
31P2R1A5_03058	31P2R1A5_03058	100.000	30	0	0	1	30	1	30	1.63e-13	56.2
31P2R1A5_03059	31P2R1A5_03059	100.000	87	0	0	1	87	1	87	8.17e-60	177
31P2R1A5_03060	31P2R1A5_03060	100.000	70	0	0	1	70	1	70	5.10e-47	143
31P2R1A5_03061	31P2R1A5_03061	100.000	161	0	0	1	161	1	161	1.13e-116	326
31P2R1A5_03062	31P2R1A5_03062	100.000	183	0	0	1	183	1	183	6.60e-137	379
31P2R1A5_03063	31P2R1A5_03063	100.000	60	0	0	1	60	1	60	1.77e-39	123
31P2R1A5_03064	31P2R1A5_03064	100.000	304	0	0	1	304	1	304	0.0	629
31P2R1A5_03065	31P2R1A5_03065	100.000	153	0	0	1	153	1	153	4.32e-114	319
31P2R1A5_03066	31P2R1A5_03066	100.000	461	0	0	1	461	1	461	0.0	957
31P2R1A5_03067	31P2R1A5_03067	100.000	661	0	0	1	661	1	661	0.0	1366
31P2R1A5_03068	31P2R1A5_03068	100.000	159	0	0	1	159	1	159	5.02e-117	327
31P2R1A5_03069	31P2R1A5_03069	100.000	133	0	0	1	133	1	133	2.08e-96	273
31P2R1A5_03070	31P2R1A5_03070	100.000	302	0	0	1	302	1	302	0.0	628
31P2R1A5_03071	31P2R1A5_03071	100.000	329	0	0	1	329	1	329	0.0	673
31P2R1A5_03072	31P2R1A5_03072	100.000	122	0	0	1	122	1	122	7.32e-86	245
31P2R1A5_03073	31P2R1A5_03073	100.000	275	0	0	1	275	1	275	0.0	554
31P2R1A5_03074	31P2R1A5_03074	100.000	72	0	0	1	72	1	72	9.17e-51	153
31P2R1A5_03075	31P2R1A5_03075	100.000	39	0	0	1	39	1	39	1.06e-20	74.7
31P2R1A5_03076	31P2R1A5_03076	100.000	142	0	0	1	142	1	142	2.00e-101	286
31P2R1A5_03076	42P1R1A12_02336	97.183	142	4	0	1	142	1	142	3.12e-99	281
31P2R1A5_03077	31P2R1A5_03077	100.000	104	0	0	1	104	1	104	1.11e-68	201
31P2R1A5_03078	31P2R1A5_03078	100.000	180	0	0	1	180	1	180	1.21e-133	371
31P2R1A5_03079	31P2R1A5_03079	100.000	116	0	0	1	116	1	116	4.59e-77	223
31P2R1A5_03080	31P2R1A5_03080	100.000	92	0	0	1	92	1	92	8.96e-62	182
31P2R1A5_03081	31P2R1A5_03081	100.000	68	0	0	1	68	1	68	6.57e-45	137
31P2R1A5_03082	31P2R1A5_03082	100.000	82	0	0	1	82	1	82	1.43e-53	160
31P2R1A5_03083	31P2R1A5_03083	100.000	62	0	0	1	62	1	62	1.24e-39	124
31P2R1A5_03084	31P2R1A5_03084	100.000	114	0	0	1	114	1	114	4.58e-84	240
31P2R1A5_03085	31P2R1A5_03085	100.000	155	0	0	1	155	1	155	1.10e-111	313
31P2R1A5_03085	42P1R1A12_05780	97.419	155	4	0	1	155	1	155	2.16e-109	307
31P2R1A5_03086	42P1R1A12_05781	99.714	350	1	0	1	350	230	579	0.0	728
31P2R1A5_03086	31P2R1A5_03086	100.000	350	0	0	1	350	1	350	0.0	727
31P2R1A5_03087	31P2R1A5_03087	100.000	332	0	0	1	332	1	332	0.0	685
31P2R1A5_03087	42P1R1A12_05782	99.699	332	1	0	1	332	109	440	0.0	684
31P2R1A5_03088	31P2R1A5_03088	100.000	236	0	0	1	236	1	236	3.07e-175	481
31P2R1A5_03089	31P2R1A5_03089	100.000	407	0	0	1	407	1	407	0.0	825
31P2R1A5_03090	31P2R1A5_03090	100.000	85	0	0	1	85	1	85	4.41e-57	170
31P2R1A5_03091	31P2R1A5_03091	100.000	111	0	0	1	111	1	111	3.57e-78	225
31P2R1A5_03092	31P2R1A5_03092	100.000	150	0	0	1	150	1	150	1.35e-109	308
31P2R1A5_03093	31P2R1A5_03093	100.000	116	0	0	1	116	1	116	1.30e-80	231
31P2R1A5_03094	31P2R1A5_03094	100.000	235	0	0	1	235	1	235	1.84e-174	478
31P2R1A5_03095	31P2R1A5_03095	100.000	122	0	0	1	122	1	122	3.15e-85	244
31P2R1A5_03096	31P2R1A5_03096	100.000	102	0	0	1	102	1	102	8.30e-70	203
31P2R1A5_03097	31P2R1A5_03097	100.000	78	0	0	1	78	1	78	3.74e-52	157
31P2R1A5_03098	31P2R1A5_03098	100.000	990	0	0	1	990	1	990	0.0	1994
31P2R1A5_03099	31P2R1A5_03099	100.000	158	0	0	1	158	1	158	1.80e-115	323
31P2R1A5_03100	31P2R1A5_03100	100.000	159	0	0	1	159	1	159	9.94e-116	324
31P2R1A5_03101	31P2R1A5_03101	100.000	127	0	0	1	127	1	127	2.96e-92	262
31P2R1A5_03102	31P2R1A5_03102	100.000	1026	0	0	1	1026	1	1026	0.0	2108
31P2R1A5_03105	31P2R1A5_03105	100.000	268	0	0	1	268	1	268	0.0	545
31P2R1A5_03106	31P2R1A5_03106	100.000	302	0	0	1	302	1	302	0.0	618
31P2R1A5_03107	31P2R1A5_03107	100.000	397	0	0	1	397	1	397	0.0	762
31P2R1A5_03107	54P2R2A3_01902	96.977	397	12	0	1	397	1	397	0.0	745
31P2R1A5_03108	31P2R1A5_03108	100.000	269	0	0	1	269	1	269	0.0	550
31P2R1A5_03108	42P1R1A12_04909	95.539	269	12	0	1	269	1	269	0.0	533
31P2R1A5_03109	31P2R1A5_03109	100.000	257	0	0	1	257	1	257	0.0	529
31P2R1A5_03109	54P2R2A3_01904	95.720	257	11	0	1	257	1	257	0.0	509
31P2R1A5_03110	31P2R1A5_03110	100.000	385	0	0	1	385	1	385	0.0	784
31P2R1A5_03111	31P2R1A5_03111	100.000	252	0	0	1	252	1	252	0.0	530
31P2R1A5_03112	31P2R1A5_03112	100.000	241	0	0	1	241	1	241	0.0	496
31P2R1A5_03113	31P2R1A5_03113	100.000	156	0	0	1	156	1	156	2.24e-117	328
31P2R1A5_03114	31P2R1A5_03114	100.000	247	0	0	1	247	1	247	0.0	513
31P2R1A5_03116	31P2R1A5_03116	100.000	294	0	0	1	294	1	294	0.0	604
31P2R1A5_03116	54P2R2A3_01911	95.578	294	13	0	1	294	1	294	0.0	578
31P2R1A5_03117	31P2R1A5_03117	100.000	197	0	0	1	197	1	197	1.30e-139	387
31P2R1A5_03118	31P2R1A5_03118	100.000	367	0	0	1	367	1	367	0.0	710
31P2R1A5_03119	31P2R1A5_03119	100.000	257	0	0	1	257	1	257	0.0	528
31P2R1A5_03119	54P2R2A3_01913	95.720	257	11	0	1	257	1	257	0.0	515
31P2R1A5_03120	31P2R1A5_03120	100.000	815	0	0	1	815	1	815	0.0	1670
31P2R1A5_03120	42P1R1A12_04900	95.215	815	39	0	1	815	1	815	0.0	1600
31P2R1A5_03121	31P2R1A5_03121	100.000	194	0	0	1	194	1	194	4.84e-143	395
31P2R1A5_03122	31P2R1A5_03122	100.000	256	0	0	1	256	1	256	0.0	537
31P2R1A5_03123	31P2R1A5_03123	100.000	247	0	0	1	247	1	247	0.0	513
31P2R1A5_03124	31P2R1A5_03124	100.000	448	0	0	1	448	1	448	0.0	913
31P2R1A5_03124	54P2R2A3_01918	95.759	448	19	0	1	448	1	448	0.0	878
31P2R1A5_03125	31P2R1A5_03125	100.000	413	0	0	1	413	1	413	0.0	827
31P2R1A5_03126	31P2R1A5_03126	100.000	265	0	0	1	265	1	265	0.0	536
31P2R1A5_03126	54P2R2A3_01920	95.094	265	13	0	1	265	1	265	5.35e-178	490
31P2R1A5_03127	31P2R1A5_03127	100.000	213	0	0	1	213	1	213	4.89e-155	427
31P2R1A5_03127	42P1R1A12_04893	96.244	213	8	0	1	213	1	213	3.83e-149	413
31P2R1A5_03128	31P2R1A5_03128	100.000	199	0	0	1	199	1	199	2.57e-140	389
31P2R1A5_03128	18P3R3A11_03305	95.980	199	8	0	1	199	1	199	9.85e-136	378
31P2R1A5_03129	31P2R1A5_03129	100.000	408	0	0	1	408	1	408	0.0	845
31P2R1A5_03129	54P2R2A3_01923	97.549	408	10	0	1	408	1	408	0.0	831
31P2R1A5_03129	42P1R1A12_04891	97.549	408	10	0	1	408	1	408	0.0	830
31P2R1A5_03130	31P2R1A5_03130	100.000	72	0	0	1	72	1	72	5.88e-47	143
31P2R1A5_03130	54P2R2A3_01924	97.222	72	2	0	1	72	1	72	2.83e-46	141
31P2R1A5_03131	31P2R1A5_03131	100.000	287	0	0	1	287	1	287	0.0	589
31P2R1A5_03132	31P2R1A5_03132	100.000	352	0	0	1	352	1	352	0.0	723
31P2R1A5_03133	31P2R1A5_03133	100.000	151	0	0	1	151	1	151	1.64e-110	310
31P2R1A5_03133	44P3R3A6_04831	95.364	151	7	0	1	151	1	151	3.62e-105	296
31P2R1A5_03133	54P2R2A3_01927	95.364	151	7	0	1	151	1	151	2.12e-104	295
31P2R1A5_03134	31P2R1A5_03134	100.000	486	0	0	1	486	1	486	0.0	997
31P2R1A5_03134	15P1R1A16_04409	95.122	41	2	0	446	486	1	41	1.40e-19	82.0
31P2R1A5_03135	31P2R1A5_03135	100.000	153	0	0	1	153	1	153	3.65e-110	309
31P2R1A5_03135	10P3R2A13_03452	97.386	153	4	0	1	153	1	153	1.25e-108	305
31P2R1A5_03135	27P2R2A12_03983	97.368	152	4	0	1	152	1	152	2.06e-108	306
31P2R1A5_03135	18P3R3A11_03300	96.078	153	6	0	1	153	1	153	2.10e-107	302
31P2R1A5_03136	31P2R1A5_03136	100.000	415	0	0	1	415	1	415	0.0	860
31P2R1A5_03137	31P2R1A5_03137	100.000	133	0	0	1	133	1	133	4.77e-98	277
31P2R1A5_03138	31P2R1A5_03138	100.000	231	0	0	1	231	1	231	1.81e-170	468
31P2R1A5_03138	54P2R2A3_01932	97.835	231	5	0	1	231	1	231	1.07e-166	459
31P2R1A5_03139	31P2R1A5_03139	100.000	467	0	0	1	467	1	467	0.0	929
31P2R1A5_03140	31P2R1A5_03140	100.000	428	0	0	1	428	1	428	0.0	873
31P2R1A5_03141	31P2R1A5_03141	100.000	483	0	0	1	483	1	483	0.0	983
31P2R1A5_03142	31P2R1A5_03142	100.000	423	0	0	1	423	1	423	0.0	872
31P2R1A5_03143	31P2R1A5_03143	100.000	326	0	0	1	326	1	326	0.0	676
31P2R1A5_03144	31P2R1A5_03144	100.000	86	0	0	1	86	1	86	5.03e-59	175
31P2R1A5_03145	31P2R1A5_03145	100.000	250	0	0	1	250	1	250	0.0	511
31P2R1A5_03145	54P2R2A3_01939	96.800	250	8	0	1	250	1	250	0.0	500
31P2R1A5_03146	31P2R1A5_03146	100.000	213	0	0	1	213	1	213	8.88e-159	437
31P2R1A5_03146	44P3R3A6_04818	96.244	213	8	0	1	213	1	213	9.92e-152	419
31P2R1A5_03148	31P2R1A5_03148	100.000	466	0	0	1	466	1	466	0.0	946
31P2R1A5_03149	31P2R1A5_03149	100.000	512	0	0	1	512	1	512	0.0	1019
31P2R1A5_03149	44P3R3A6_04815	97.461	512	13	0	1	512	1	512	0.0	992
31P2R1A5_03150	31P2R1A5_03150	100.000	340	0	0	1	340	1	340	0.0	687
31P2R1A5_03150	42P1R1A12_02649	97.941	340	7	0	1	340	1	340	0.0	677
31P2R1A5_03151	31P2R1A5_03151	100.000	320	0	0	1	320	1	320	0.0	653
31P2R1A5_03152	31P2R1A5_03152	100.000	922	0	0	1	922	1	922	0.0	1892
31P2R1A5_03152	44P3R3A6_04812	96.855	922	29	0	1	922	1	922	0.0	1835
31P2R1A5_03153	31P2R1A5_03153	100.000	77	0	0	1	77	1	77	2.94e-53	159
31P2R1A5_03154	31P2R1A5_03154	100.000	93	0	0	1	93	1	93	5.84e-64	187
31P2R1A5_03154	38P2R3A13_08681	95.699	93	4	0	1	93	1	93	3.12e-61	181
31P2R1A5_03155	31P2R1A5_03155	100.000	61	0	0	1	61	1	61	2.22e-39	123
31P2R1A5_03156	31P2R1A5_03156	100.000	381	0	0	1	381	1	381	0.0	798
31P2R1A5_03157	31P2R1A5_03157	100.000	139	0	0	1	139	1	139	8.00e-98	277
31P2R1A5_03158	31P2R1A5_03158	100.000	343	0	0	1	343	1	343	0.0	719
31P2R1A5_03159	31P2R1A5_03159	100.000	371	0	0	1	371	1	371	0.0	759
31P2R1A5_03160	31P2R1A5_03160	100.000	427	0	0	1	427	1	427	0.0	868
31P2R1A5_03161	31P2R1A5_03161	100.000	399	0	0	1	399	1	399	0.0	828
31P2R1A5_03161	54P2R2A3_01961	95.420	393	18	0	1	393	1	393	0.0	780
31P2R1A5_03163	31P2R1A5_03163	100.000	418	0	0	1	418	1	418	0.0	852
31P2R1A5_03164	31P2R1A5_03164	100.000	368	0	0	1	368	1	368	0.0	740
31P2R1A5_03165	31P2R1A5_03165	100.000	351	0	0	1	351	1	351	0.0	708
31P2R1A5_03165	42P1R1A12_00913	95.442	351	16	0	1	351	1	351	0.0	685
31P2R1A5_03166	31P2R1A5_03166	100.000	189	0	0	1	189	1	189	9.43e-144	397
31P2R1A5_03166	44P3R3A6_04798	100.000	153	0	0	37	189	2	154	3.98e-115	323
31P2R1A5_03167	31P2R1A5_03167	100.000	290	0	0	1	290	1	290	0.0	551
31P2R1A5_03167	54P2R2A3_01967	96.897	290	9	0	1	290	1	290	0.0	540
31P2R1A5_03168	31P2R1A5_03168	100.000	222	0	0	1	222	1	222	4.29e-163	449
31P2R1A5_03169	31P2R1A5_03169	100.000	295	0	0	1	295	1	295	0.0	581
31P2R1A5_03169	54P2R2A3_01969	97.966	295	6	0	1	295	1	295	0.0	573
31P2R1A5_03170	31P2R1A5_03170	100.000	291	0	0	1	291	1	291	0.0	586
31P2R1A5_03171	31P2R1A5_03171	100.000	328	0	0	1	328	1	328	0.0	676
31P2R1A5_03171	54P2R2A3_01971	98.722	313	4	0	16	328	1	313	0.0	638
31P2R1A5_03172	31P2R1A5_03172	100.000	281	0	0	1	281	1	281	0.0	576
31P2R1A5_03172	54P2R2A3_01972	96.085	281	11	0	1	281	1	281	0.0	555
31P2R1A5_03173	31P2R1A5_03173	100.000	181	0	0	1	181	1	181	3.65e-132	367
31P2R1A5_03173	54P2R2A3_01973	97.238	181	5	0	1	181	1	181	7.93e-127	353
31P2R1A5_03174	31P2R1A5_03174	100.000	196	0	0	1	196	1	196	6.57e-137	380
31P2R1A5_03174	54P2R2A3_01974	97.449	196	5	0	1	196	1	196	4.59e-134	373
31P2R1A5_03174	10P3R2A13_00974	96.939	196	6	0	1	196	1	196	8.31e-133	370
31P2R1A5_03174	51P2R2A10_03300	95.408	196	9	0	1	196	1	196	2.94e-131	366
31P2R1A5_03174	27P2R2A12_04082	96.410	195	7	0	2	196	18	212	5.85e-131	366
31P2R1A5_03174	15P1R1A16_04656	97.260	73	2	0	124	196	1	73	3.38e-44	141
31P2R1A5_03175	31P2R1A5_03175	100.000	223	0	0	1	223	1	223	9.59e-167	458
31P2R1A5_03176	31P2R1A5_03176	100.000	842	0	0	1	842	1	842	0.0	1709
31P2R1A5_03177	31P2R1A5_03177	100.000	548	0	0	1	548	1	548	0.0	1132
31P2R1A5_03177	29P3R3A9_01560	95.968	124	5	0	425	548	1	124	2.30e-81	249
31P2R1A5_03178	31P2R1A5_03178	100.000	237	0	0	1	237	1	237	3.31e-177	486
31P2R1A5_03179	31P2R1A5_03179	100.000	230	0	0	1	230	1	230	2.51e-161	445
31P2R1A5_03180	31P2R1A5_03180	100.000	254	0	0	1	254	1	254	0.0	498
31P2R1A5_03181	31P2R1A5_03181	100.000	273	0	0	1	273	1	273	0.0	545
31P2R1A5_03182	31P2R1A5_03182	100.000	270	0	0	1	270	1	270	0.0	537
31P2R1A5_03183	31P2R1A5_03183	100.000	59	0	0	1	59	1	59	2.60e-39	123
31P2R1A5_03183	54P2R2A3_01983	100.000	57	0	0	3	59	1	57	1.26e-37	119
31P2R1A5_03184	31P2R1A5_03184	100.000	232	0	0	1	232	1	232	5.55e-168	462
31P2R1A5_03185	31P2R1A5_03185	100.000	261	0	0	1	261	1	261	0.0	533
31P2R1A5_03186	31P2R1A5_03186	100.000	350	0	0	1	350	1	350	0.0	692
31P2R1A5_03186	42P1R1A12_00885	95.143	350	17	0	1	350	1	350	0.0	641
31P2R1A5_03187	31P2R1A5_03187	100.000	300	0	0	1	300	1	300	0.0	575
31P2R1A5_03187	42P1R1A12_00884	97.333	300	8	0	1	300	1	300	0.0	565
31P2R1A5_03188	31P2R1A5_03188	100.000	379	0	0	1	379	1	379	0.0	773
31P2R1A5_03188	42P1R1A12_00883	97.625	379	9	0	1	379	1	379	0.0	759
31P2R1A5_03189	31P2R1A5_03189	100.000	260	0	0	1	260	1	260	0.0	512
31P2R1A5_03189	54P2R2A3_01989	97.287	258	7	0	1	258	1	258	5.74e-180	494
31P2R1A5_03190	31P2R1A5_03190	100.000	463	0	0	1	463	1	463	0.0	947
31P2R1A5_03190	42P1R1A12_00881	95.032	463	23	0	1	463	1	463	0.0	902
31P2R1A5_03191	31P2R1A5_03191	100.000	460	0	0	1	460	1	460	0.0	905
31P2R1A5_03191	51P2R2A10_03283	96.304	460	17	0	1	460	1	460	0.0	880
31P2R1A5_03191	42P1R1A12_00879	95.550	382	17	0	1	382	1	382	0.0	728
31P2R1A5_03192	31P2R1A5_03192	100.000	470	0	0	1	470	1	470	0.0	944
31P2R1A5_03192	51P2R2A10_03281	95.425	459	21	0	12	470	19	477	0.0	884
31P2R1A5_03193	31P2R1A5_03193	100.000	311	0	0	1	311	1	311	0.0	629
31P2R1A5_03193	54P2R2A3_01993	97.749	311	7	0	1	311	1	311	0.0	616
31P2R1A5_03194	31P2R1A5_03194	100.000	321	0	0	1	321	1	321	0.0	642
31P2R1A5_03195	31P2R1A5_03195	100.000	256	0	0	1	256	1	256	0.0	514
31P2R1A5_03196	31P2R1A5_03196	100.000	276	0	0	1	276	1	276	0.0	522
31P2R1A5_03196	42P1R1A12_00868	96.739	276	9	0	1	276	1	276	0.0	506
31P2R1A5_03197	31P2R1A5_03197	100.000	284	0	0	1	284	1	284	0.0	585
31P2R1A5_03198	31P2R1A5_03198	100.000	573	0	0	1	573	1	573	0.0	1171
31P2R1A5_03199	31P2R1A5_03199	100.000	164	0	0	1	164	1	164	6.04e-121	337
31P2R1A5_03200	31P2R1A5_03200	100.000	325	0	0	1	325	1	325	0.0	667
31P2R1A5_03201	31P2R1A5_03201	100.000	387	0	0	1	387	1	387	0.0	797
31P2R1A5_03202	31P2R1A5_03202	100.000	178	0	0	1	178	1	178	8.39e-133	369
31P2R1A5_03203	31P2R1A5_03203	100.000	407	0	0	1	407	1	407	0.0	828
31P2R1A5_03204	31P2R1A5_03204	100.000	369	0	0	1	369	1	369	0.0	767
31P2R1A5_03204	54P2R2A3_02003	97.561	369	9	0	1	369	1	369	0.0	749
31P2R1A5_03205	31P2R1A5_03205	100.000	101	0	0	1	101	1	101	6.91e-70	203
31P2R1A5_03205	54P2R2A3_02004	96.040	101	4	0	1	101	1	101	4.02e-68	199
31P2R1A5_03206	31P2R1A5_03206	100.000	68	0	0	1	68	1	68	2.56e-44	136
31P2R1A5_03207	31P2R1A5_03207	100.000	366	0	0	1	366	1	366	0.0	750
31P2R1A5_03208	31P2R1A5_03208	100.000	228	0	0	1	228	1	228	1.44e-167	461
31P2R1A5_03208	54P2R2A3_02007	96.053	228	9	0	1	228	1	228	6.11e-161	444
31P2R1A5_03209	31P2R1A5_03209	100.000	400	0	0	1	400	1	400	0.0	785
31P2R1A5_03210	31P2R1A5_03210	100.000	87	0	0	1	87	1	87	1.27e-56	169
31P2R1A5_03211	31P2R1A5_03211	100.000	472	0	0	1	472	1	472	0.0	962
31P2R1A5_03212	31P2R1A5_03212	100.000	106	0	0	1	106	1	106	5.92e-72	209
31P2R1A5_03213	31P2R1A5_03213	100.000	270	0	0	1	270	1	270	0.0	545
31P2R1A5_03214	31P2R1A5_03214	100.000	153	0	0	1	153	1	153	2.34e-109	307
31P2R1A5_03215	31P2R1A5_03215	100.000	233	0	0	1	233	1	233	1.96e-168	463
31P2R1A5_03216	31P2R1A5_03216	100.000	178	0	0	1	178	1	178	1.08e-130	363
31P2R1A5_03217	31P2R1A5_03217	100.000	64	0	0	1	64	1	64	6.92e-42	130
31P2R1A5_03218	31P2R1A5_03218	100.000	222	0	0	1	222	1	222	3.00e-160	441
31P2R1A5_03219	31P2R1A5_03219	100.000	95	0	0	1	95	1	95	2.47e-66	194
31P2R1A5_03220	31P2R1A5_03220	100.000	304	0	0	1	304	1	304	0.0	616
31P2R1A5_03220	42P1R1A12_00841	96.382	304	11	0	1	304	1	304	0.0	596
31P2R1A5_03221	31P2R1A5_03221	100.000	305	0	0	1	305	1	305	0.0	622
31P2R1A5_03222	31P2R1A5_03222	100.000	1046	0	0	1	1046	1	1046	0.0	2084
31P2R1A5_03223	31P2R1A5_03223	100.000	402	0	0	1	402	1	402	0.0	822
31P2R1A5_03224	31P2R1A5_03224	100.000	230	0	0	1	230	1	230	1.09e-171	471
31P2R1A5_03224	18P3R3A11_02335	96.957	230	7	0	1	230	1	230	7.99e-166	456
31P2R1A5_03224	10P3R2A13_01077	95.217	230	11	0	1	230	1	230	1.71e-163	450
31P2R1A5_03225	31P2R1A5_03225	100.000	432	0	0	1	432	1	432	0.0	883
31P2R1A5_03226	31P2R1A5_03226	100.000	440	0	0	1	440	1	440	0.0	862
31P2R1A5_03226	42P1R1A12_00834	95.682	440	19	0	1	440	1	440	0.0	837
31P2R1A5_03226	51P2R2A10_03238	95.455	440	20	0	1	440	1	440	0.0	835
31P2R1A5_03227	31P2R1A5_03227	100.000	458	0	0	1	458	1	458	0.0	912
31P2R1A5_03227	38P2R3A13_08438	95.197	458	22	0	1	458	1	458	0.0	832
31P2R1A5_03228	31P2R1A5_03228	100.000	606	0	0	1	606	1	606	0.0	1247
31P2R1A5_03229	31P2R1A5_03229	100.000	301	0	0	1	301	1	301	0.0	615
31P2R1A5_03229	54P2R2A3_02028	97.674	301	7	0	1	301	1	301	0.0	598
31P2R1A5_03230	31P2R1A5_03230	100.000	214	0	0	1	214	1	214	2.80e-161	443
31P2R1A5_03230	42P1R1A12_00830	96.262	214	8	0	1	214	1	214	4.62e-156	430
31P2R1A5_03231	31P2R1A5_03231	100.000	182	0	0	1	182	1	182	7.18e-133	369
31P2R1A5_03232	31P2R1A5_03232	100.000	623	0	0	1	623	1	623	0.0	1289
31P2R1A5_03232	42P1R1A12_00828	95.345	623	29	0	1	623	1	623	0.0	1244
31P2R1A5_03233	31P2R1A5_03233	100.000	287	0	0	1	287	1	287	0.0	593
31P2R1A5_03233	54P2R2A3_02032	95.470	287	13	0	1	287	1	287	0.0	574
31P2R1A5_03234	31P2R1A5_03234	100.000	321	0	0	1	321	1	321	0.0	666
31P2R1A5_03234	54P2R2A3_02033	97.819	321	7	0	1	321	1	321	0.0	652
31P2R1A5_03235	31P2R1A5_03235	100.000	464	0	0	1	464	1	464	0.0	919
31P2R1A5_03236	31P2R1A5_03236	100.000	96	0	0	1	96	1	96	1.26e-65	192
31P2R1A5_03236	54P2R2A3_02035	95.833	96	4	0	1	96	1	96	4.44e-63	186
31P2R1A5_03237	31P2R1A5_03237	100.000	148	0	0	1	148	1	148	8.00e-106	298
31P2R1A5_03237	44P3R3A6_03376	97.973	148	3	0	1	148	1	148	2.36e-103	291
31P2R1A5_03238	31P2R1A5_03238	100.000	201	0	0	1	201	1	201	6.47e-151	416
31P2R1A5_03239	31P2R1A5_03239	100.000	194	0	0	1	194	1	194	3.02e-143	396
31P2R1A5_03239	54P2R2A3_02038	96.907	194	6	0	1	194	1	194	3.25e-139	386
31P2R1A5_03240	31P2R1A5_03240	100.000	355	0	0	1	355	1	355	0.0	723
31P2R1A5_03243	31P2R1A5_03243	100.000	605	0	0	1	605	1	605	0.0	1210
31P2R1A5_03243	42P1R1A12_00820	96.860	605	19	0	1	605	1	605	0.0	1177
31P2R1A5_03244	31P2R1A5_03244	100.000	324	0	0	1	324	1	324	0.0	654
31P2R1A5_03244	42P1R1A12_00819	96.296	324	12	0	1	324	1	324	0.0	635
31P2R1A5_03244	34P3R2A10_02822	96.053	152	6	0	173	324	1	152	1.90e-101	294
31P2R1A5_03245	31P2R1A5_03245	100.000	122	0	0	1	122	1	122	7.04e-88	250
31P2R1A5_03245	54P2R2A3_02044	96.721	122	4	0	1	122	1	122	4.27e-86	246
31P2R1A5_03246	31P2R1A5_03246	100.000	232	0	0	1	232	1	232	1.39e-168	463
31P2R1A5_03247	31P2R1A5_03247	100.000	295	0	0	1	295	1	295	0.0	601
31P2R1A5_03248	31P2R1A5_03248	100.000	180	0	0	1	180	1	180	1.01e-130	363
31P2R1A5_03249	31P2R1A5_03249	100.000	150	0	0	1	150	1	150	8.28e-109	305
31P2R1A5_03249	51P2R2A10_03217	98.000	150	3	0	1	150	1	150	5.36e-107	301
31P2R1A5_03249	18P3R3A11_02317	96.000	150	6	0	1	150	1	150	5.40e-104	293
31P2R1A5_03250	31P2R1A5_03250	100.000	368	0	0	1	368	1	368	0.0	753
31P2R1A5_03252	31P2R1A5_03252	100.000	140	0	0	1	140	1	140	5.29e-100	283
31P2R1A5_03252	18P3R3A11_02314	96.429	140	5	0	1	140	1	140	9.35e-96	272
31P2R1A5_03252	42P1R1A12_00810	96.429	140	5	0	1	140	1	140	2.93e-89	255
31P2R1A5_03252	38P2R3A13_07156	96.000	75	3	0	66	140	1	75	7.36e-46	143
31P2R1A5_03253	31P2R1A5_03253	100.000	324	0	0	1	324	1	324	0.0	651
31P2R1A5_03254	31P2R1A5_03254	100.000	168	0	0	1	168	1	168	3.45e-120	336
31P2R1A5_03255	31P2R1A5_03255	100.000	325	0	0	1	325	1	325	0.0	669
31P2R1A5_03256	31P2R1A5_03256	100.000	621	0	0	1	621	1	621	0.0	1273
31P2R1A5_03257	31P2R1A5_03257	100.000	300	0	0	1	300	1	300	0.0	599
31P2R1A5_03257	54P2R2A3_02056	98.000	300	6	0	1	300	1	300	0.0	585
31P2R1A5_03258	31P2R1A5_03258	100.000	81	0	0	1	81	1	81	1.58e-52	158
31P2R1A5_03259	31P2R1A5_03259	100.000	483	0	0	1	483	1	483	0.0	987
31P2R1A5_03259	51P2R2A10_03207	97.308	483	13	0	1	483	41	523	0.0	965
31P2R1A5_03259	42P1R1A12_00803	97.308	483	13	0	1	483	1	483	0.0	964
31P2R1A5_03260	31P2R1A5_03260	100.000	159	0	0	1	159	1	159	5.29e-118	330
31P2R1A5_03261	31P2R1A5_03261	100.000	198	0	0	1	198	1	198	9.10e-145	400
31P2R1A5_03261	54P2R2A3_02060	96.970	198	6	0	1	198	1	198	7.96e-140	388
31P2R1A5_03262	31P2R1A5_03262	100.000	304	0	0	1	304	1	304	0.0	627
31P2R1A5_03262	54P2R2A3_02061	96.382	304	11	0	1	304	1	304	0.0	602
31P2R1A5_03263	31P2R1A5_03263	100.000	225	0	0	1	225	1	225	1.09e-163	451
31P2R1A5_03263	54P2R2A3_02062	100.000	164	0	0	62	225	1	164	2.35e-115	326
31P2R1A5_03263	18P3R3A11_02304	95.732	164	7	0	62	225	1	164	6.44e-111	315
31P2R1A5_03264	31P2R1A5_03264	100.000	455	0	0	1	455	1	455	0.0	904
31P2R1A5_03265	31P2R1A5_03265	100.000	393	0	0	1	393	1	393	0.0	819
31P2R1A5_03266	31P2R1A5_03266	100.000	455	0	0	1	455	1	455	0.0	900
31P2R1A5_03266	54P2R2A3_02065	97.802	455	10	0	1	455	1	455	0.0	879
31P2R1A5_03267	31P2R1A5_03267	100.000	273	0	0	1	273	1	273	0.0	542
31P2R1A5_03267	54P2R2A3_02066	96.703	273	9	0	1	273	1	273	0.0	525
31P2R1A5_03268	31P2R1A5_03268	100.000	564	0	0	1	564	1	564	0.0	1134
31P2R1A5_03268	54P2R2A3_02067	95.528	559	25	0	1	559	1	559	0.0	1074
31P2R1A5_03269	31P2R1A5_03269	100.000	107	0	0	1	107	1	107	8.08e-77	221
31P2R1A5_03270	31P2R1A5_03270	100.000	559	0	0	1	559	1	559	0.0	1140
31P2R1A5_03270	54P2R2A3_02069	96.422	559	20	0	1	559	1	559	0.0	1097
31P2R1A5_03271	31P2R1A5_03271	100.000	274	0	0	1	274	1	274	0.0	549
31P2R1A5_03271	54P2R2A3_02070	95.255	274	13	0	1	274	1	274	0.0	526
31P2R1A5_03272	31P2R1A5_03272	100.000	253	0	0	1	253	1	253	0.0	518
31P2R1A5_03272	54P2R2A3_02071	97.628	253	6	0	1	253	1	253	0.0	506
31P2R1A5_03273	31P2R1A5_03273	100.000	111	0	0	1	111	1	111	4.49e-71	207
31P2R1A5_03274	31P2R1A5_03274	100.000	296	0	0	1	296	1	296	0.0	588
31P2R1A5_03274	42P1R1A12_00787	97.973	296	6	0	1	296	1	296	0.0	581
31P2R1A5_03274	10P3R2A13_01109	95.238	294	14	0	1	294	2	295	0.0	563
31P2R1A5_03274	38P2R3A13_07145	95.082	122	6	0	173	294	1	122	5.68e-78	233
31P2R1A5_03275	31P2R1A5_03275	100.000	110	0	0	1	110	1	110	9.55e-73	211
31P2R1A5_03276	31P2R1A5_03276	100.000	204	0	0	1	204	1	204	2.56e-149	412
31P2R1A5_03276	42P1R1A12_00785	96.078	204	8	0	1	204	1	204	1.03e-143	398
31P2R1A5_03276	18P3R3A11_02300	96.117	206	6	2	1	204	1	206	4.50e-142	394
31P2R1A5_03276	47P2R3A6_03434	97.093	172	5	0	33	204	1	172	2.10e-120	338
31P2R1A5_03276	38P2R3A13_08648	98.065	155	3	0	50	204	1	155	1.62e-108	307
31P2R1A5_03277	31P2R1A5_03277	100.000	664	0	0	1	664	1	664	0.0	1342
31P2R1A5_03278	31P2R1A5_03278	100.000	315	0	0	1	315	1	315	0.0	651
31P2R1A5_03278	42P1R1A12_00783	95.253	316	14	1	1	315	1	316	0.0	623
31P2R1A5_03279	31P2R1A5_03279	100.000	492	0	0	1	492	1	492	0.0	971
31P2R1A5_03280	31P2R1A5_03280	100.000	193	0	0	1	193	1	193	9.16e-142	392
31P2R1A5_03280	42P1R1A12_00781	95.855	193	8	0	1	193	1	193	1.12e-137	382
31P2R1A5_03281	31P2R1A5_03281	100.000	105	0	0	1	105	1	105	5.68e-76	219
31P2R1A5_03281	42P1R1A12_00780	96.190	105	4	0	1	105	1	105	8.14e-73	211
31P2R1A5_03282	31P2R1A5_03282	100.000	433	0	0	1	433	1	433	0.0	862
31P2R1A5_03282	42P1R1A12_00779	97.921	433	9	0	1	433	1	433	0.0	847
31P2R1A5_03285	31P2R1A5_03285	100.000	803	0	0	1	803	1	803	0.0	1636
31P2R1A5_03285	10P3R2A13_01120	98.471	785	12	0	19	803	1	785	0.0	1572
31P2R1A5_03285	18P3R3A11_02291	96.943	785	24	0	19	803	1	785	0.0	1554
31P2R1A5_03285	38P2R3A13_08495	96.900	742	23	0	62	803	1	742	0.0	1463
31P2R1A5_03285	34P3R2A10_01062	98.088	523	10	0	281	803	1	523	0.0	1050
31P2R1A5_03287	31P2R1A5_03287	100.000	625	0	0	1	625	1	625	0.0	1263
31P2R1A5_03288	31P2R1A5_03288	100.000	123	0	0	1	123	1	123	7.65e-85	243
31P2R1A5_03288	54P2R2A3_02087	95.122	123	6	0	1	123	1	123	2.58e-80	231
31P2R1A5_03289	31P2R1A5_03289	100.000	134	0	0	1	134	1	134	1.44e-97	276
31P2R1A5_03290	31P2R1A5_03290	100.000	234	0	0	1	234	1	234	2.20e-177	486
31P2R1A5_03290	42P1R1A12_00771	96.522	230	8	0	1	230	1	230	1.24e-169	466
31P2R1A5_03290	51P2R2A10_03177	96.087	230	9	0	1	230	1	230	7.65e-169	464
31P2R1A5_03291	31P2R1A5_03291	100.000	567	0	0	1	567	1	567	0.0	1157
31P2R1A5_03291	54P2R2A3_02090	97.354	567	15	0	1	567	1	567	0.0	1127
31P2R1A5_03292	31P2R1A5_03292	100.000	273	0	0	1	273	1	273	0.0	565
31P2R1A5_03292	54P2R2A3_02091	97.802	273	6	0	1	273	1	273	0.0	553
31P2R1A5_03293	31P2R1A5_03293	100.000	351	0	0	1	351	1	351	0.0	729
31P2R1A5_03293	54P2R2A3_02092	97.151	351	10	0	1	351	1	351	0.0	707
31P2R1A5_03294	31P2R1A5_03294	100.000	153	0	0	1	153	1	153	9.35e-112	313
31P2R1A5_03294	42P1R1A12_00767	95.425	153	7	0	1	153	1	153	1.91e-106	300
31P2R1A5_03295	31P2R1A5_03295	100.000	591	0	0	1	591	1	591	0.0	1192
31P2R1A5_03296	31P2R1A5_03296	100.000	593	0	0	1	593	1	593	0.0	1190
31P2R1A5_03298	31P2R1A5_03298	100.000	429	0	0	1	429	1	429	0.0	845
31P2R1A5_03298	42P1R1A12_00762	95.804	429	18	0	1	429	1	429	0.0	788
31P2R1A5_03299	31P2R1A5_03299	100.000	288	0	0	1	288	1	288	0.0	595
31P2R1A5_03300	31P2R1A5_03300	100.000	164	0	0	1	164	1	164	1.75e-115	323
31P2R1A5_03300	54P2R2A3_02099	97.561	164	4	0	1	164	1	164	1.43e-112	316
31P2R1A5_03301	31P2R1A5_03301	100.000	104	0	0	1	104	1	104	2.42e-72	210
31P2R1A5_03301	54P2R2A3_02100	97.115	104	3	0	1	104	1	104	3.14e-70	204
31P2R1A5_03301	42P1R1A12_00759	95.192	104	5	0	1	104	1	104	3.32e-69	202
31P2R1A5_03301	51P2R2A10_03162	95.192	104	5	0	1	104	1	104	7.33e-69	201
31P2R1A5_03302	31P2R1A5_03302	100.000	136	0	0	1	136	1	136	2.05e-95	271
31P2R1A5_03302	54P2R2A3_02101	95.588	136	6	0	1	136	1	136	1.08e-89	256
31P2R1A5_03303	31P2R1A5_03303	100.000	86	0	0	1	86	1	86	6.47e-56	167
31P2R1A5_03304	31P2R1A5_03304	100.000	72	0	0	1	72	1	72	1.30e-50	152
31P2R1A5_03305	31P2R1A5_03305	100.000	476	0	0	1	476	1	476	0.0	952
31P2R1A5_03305	54P2R2A3_02111	96.218	476	18	0	1	476	1	476	0.0	918
31P2R1A5_03306	31P2R1A5_03306	100.000	205	0	0	1	205	1	205	1.45e-141	393
31P2R1A5_03306	54P2R2A3_02112	96.098	205	8	0	1	205	1	205	1.96e-136	380
31P2R1A5_03307	31P2R1A5_03307	100.000	286	0	0	1	286	1	286	0.0	570
31P2R1A5_03308	31P2R1A5_03308	100.000	107	0	0	1	107	1	107	1.72e-74	215
31P2R1A5_03308	54P2R2A3_02114	96.703	91	3	0	17	107	1	91	1.00e-59	177
31P2R1A5_03309	31P2R1A5_03309	100.000	520	0	0	1	520	1	520	0.0	1057
31P2R1A5_03309	54P2R2A3_02115	96.346	520	19	0	1	520	1	520	0.0	1024
31P2R1A5_03310	31P2R1A5_03310	100.000	370	0	0	1	370	1	370	0.0	766
31P2R1A5_03311	31P2R1A5_03311	100.000	411	0	0	1	411	1	411	0.0	823
31P2R1A5_03311	44P3R3A6_03302	99.552	223	1	0	1	223	1	223	8.04e-160	449
31P2R1A5_03311	44P3R3A6_03301	100.000	158	0	0	254	411	1	158	4.45e-109	317
31P2R1A5_03312	31P2R1A5_03312	100.000	436	0	0	1	436	1	436	0.0	869
31P2R1A5_03313	31P2R1A5_03313	100.000	284	0	0	1	284	1	284	0.0	563
31P2R1A5_03313	42P1R1A12_00746	97.183	284	8	0	1	284	1	284	0.0	552
31P2R1A5_03314	31P2R1A5_03314	100.000	401	0	0	1	401	1	401	0.0	835
31P2R1A5_03314	54P2R2A3_02120	97.007	401	12	0	1	401	1	401	0.0	813
31P2R1A5_03315	31P2R1A5_03315	100.000	686	0	0	1	686	1	686	0.0	1437
31P2R1A5_03315	54P2R2A3_02121	96.064	686	27	0	1	686	1	686	0.0	1390
31P2R1A5_03316	31P2R1A5_03316	100.000	105	0	0	1	105	1	105	9.92e-73	211
31P2R1A5_03316	54P2R2A3_02122	96.190	105	4	0	1	105	1	105	2.90e-70	204
31P2R1A5_03317	31P2R1A5_03317	100.000	424	0	0	1	424	1	424	0.0	860
31P2R1A5_03318	31P2R1A5_03318	100.000	357	0	0	1	357	1	357	0.0	728
31P2R1A5_03319	31P2R1A5_03319	100.000	88	0	0	1	88	1	88	6.65e-61	179
31P2R1A5_03319	54P2R2A3_02125	97.727	88	2	0	1	88	1	88	8.23e-60	177
31P2R1A5_03320	31P2R1A5_03320	100.000	47	0	0	1	47	1	47	7.59e-28	93.6
31P2R1A5_03320	44P3R3A6_03292	97.872	47	1	0	1	47	1	47	5.93e-27	91.3
31P2R1A5_03321	31P2R1A5_03321	100.000	233	0	0	1	233	1	233	8.33e-175	479
31P2R1A5_03322	31P2R1A5_03322	100.000	486	0	0	1	486	1	486	0.0	979
31P2R1A5_03323	31P2R1A5_03323	100.000	157	0	0	1	157	1	157	5.34e-115	322
31P2R1A5_03324	31P2R1A5_03324	100.000	189	0	0	1	189	1	189	9.18e-141	389
31P2R1A5_03325	31P2R1A5_03325	100.000	73	0	0	1	73	1	73	1.75e-49	149
31P2R1A5_03325	10P3R2A13_01140	97.260	73	2	0	1	73	1	73	1.94e-48	147
31P2R1A5_03325	18P3R3A11_02258	95.890	73	3	0	1	73	1	73	3.36e-48	146
31P2R1A5_03325	42P1R1A12_00734	95.890	73	3	0	1	73	1	73	2.30e-46	142
31P2R1A5_03325	15P1R1A16_03602	98.361	61	1	0	13	73	1	61	9.22e-40	125
31P2R1A5_03326	31P2R1A5_03326	100.000	125	0	0	1	125	1	125	9.20e-92	260
31P2R1A5_03327	31P2R1A5_03327	100.000	1049	0	0	1	1049	1	1049	0.0	2132
31P2R1A5_03327	42P1R1A12_00732	97.998	1049	21	0	1	1049	1	1049	0.0	2099
31P2R1A5_03328	31P2R1A5_03328	100.000	362	0	0	1	362	1	362	0.0	723
31P2R1A5_03328	54P2R2A3_02134	98.619	362	5	0	1	362	37	398	0.0	716
31P2R1A5_03329	31P2R1A5_03329	100.000	217	0	0	1	217	1	217	8.01e-162	445
31P2R1A5_03330	31P2R1A5_03330	100.000	1116	0	0	1	1116	1	1116	0.0	2257
31P2R1A5_03332	31P2R1A5_03332	100.000	58	0	0	1	58	1	58	1.91e-36	115
31P2R1A5_03333	31P2R1A5_03333	100.000	176	0	0	1	176	1	176	2.38e-122	342
31P2R1A5_03333	54P2R2A3_02139	97.159	176	5	0	1	176	1	176	1.96e-118	332
31P2R1A5_03334	31P2R1A5_03334	100.000	126	0	0	1	126	1	126	4.05e-86	246
31P2R1A5_03335	31P2R1A5_03335	100.000	184	0	0	1	184	1	184	2.99e-132	367
31P2R1A5_03335	42P1R1A12_00724	97.826	184	4	0	1	184	1	184	6.27e-129	359
31P2R1A5_03336	31P2R1A5_03336	100.000	636	0	0	1	636	1	636	0.0	1287
31P2R1A5_03337	31P2R1A5_03337	100.000	111	0	0	1	111	1	111	1.04e-77	224
31P2R1A5_03337	18P3R3A11_02247	95.495	111	5	0	1	111	1	111	4.83e-67	197
31P2R1A5_03337	42P1R1A12_00722	96.396	111	4	0	1	111	1	111	8.23e-64	189
31P2R1A5_03338	31P2R1A5_03338	100.000	202	0	0	1	202	1	202	5.10e-150	414
31P2R1A5_03338	18P3R3A11_02246	95.545	202	9	0	1	202	1	202	1.15e-144	400
31P2R1A5_03338	42P1R1A12_00721	96.040	202	8	0	1	202	1	202	3.79e-144	399
31P2R1A5_03338	10P3R2A13_01152	96.040	202	8	0	1	202	1	202	9.73e-144	398
31P2R1A5_03338	38P2R3A13_08557	95.062	162	8	0	41	202	1	162	5.83e-114	321
31P2R1A5_03339	31P2R1A5_03339	100.000	625	0	0	1	625	1	625	0.0	1283
31P2R1A5_03339	42P1R1A12_00720	95.680	625	27	0	1	625	1	625	0.0	1235
31P2R1A5_03341	31P2R1A5_03341	100.000	321	0	0	1	321	1	321	0.0	658
31P2R1A5_03341	54P2R2A3_02147	97.508	321	8	0	1	321	1	321	0.0	644
31P2R1A5_03342	31P2R1A5_03342	100.000	435	0	0	1	435	1	435	0.0	910
31P2R1A5_03342	42P1R1A12_00717	95.172	435	21	0	1	435	1	435	0.0	874
31P2R1A5_03343	31P2R1A5_03343	100.000	559	0	0	1	559	1	559	0.0	1098
31P2R1A5_03343	42P1R1A12_00716	96.064	559	22	0	1	559	1	559	0.0	1048
31P2R1A5_03344	31P2R1A5_03344	100.000	407	0	0	1	407	1	407	0.0	801
31P2R1A5_03345	31P2R1A5_03345	100.000	551	0	0	1	551	1	551	0.0	1143
31P2R1A5_03345	42P1R1A12_00714	95.100	551	27	0	1	551	1	551	0.0	1096
31P2R1A5_03346	31P2R1A5_03346	100.000	160	0	0	1	160	1	160	5.76e-114	319
31P2R1A5_03346	51P2R2A10_03116	96.250	160	6	0	1	160	1	160	9.52e-110	309
31P2R1A5_03347	31P2R1A5_03347	100.000	265	0	0	1	265	1	265	0.0	529
31P2R1A5_03348	31P2R1A5_03348	100.000	834	0	0	1	834	1	834	0.0	1680
31P2R1A5_03349	31P2R1A5_03349	100.000	137	0	0	1	137	1	137	2.02e-100	283
31P2R1A5_03350	31P2R1A5_03350	100.000	153	0	0	1	153	1	153	2.69e-105	297
31P2R1A5_03351	31P2R1A5_03351	100.000	306	0	0	1	306	1	306	0.0	618
31P2R1A5_03351	42P1R1A12_00703	95.752	306	13	0	1	306	1	306	0.0	599
31P2R1A5_03352	31P2R1A5_03352	100.000	226	0	0	1	226	1	226	9.06e-169	463
31P2R1A5_03352	54P2R2A3_02158	95.133	226	11	0	1	226	1	226	1.45e-161	445
31P2R1A5_03353	31P2R1A5_03353	100.000	261	0	0	1	261	1	261	0.0	528
31P2R1A5_03353	42P1R1A12_00701	96.935	261	8	0	1	261	1	261	0.0	512
31P2R1A5_03354	31P2R1A5_03354	100.000	285	0	0	1	285	1	285	0.0	566
31P2R1A5_03355	31P2R1A5_03355	100.000	257	0	0	1	257	1	257	0.0	528
31P2R1A5_03356	31P2R1A5_03356	100.000	185	0	0	1	185	1	185	6.98e-136	377
31P2R1A5_03356	54P2R2A3_02162	97.838	185	4	0	1	185	14	198	3.76e-133	370
31P2R1A5_03357	31P2R1A5_03357	100.000	229	0	0	1	229	1	229	1.82e-163	450
31P2R1A5_03358	31P2R1A5_03358	100.000	805	0	0	1	805	1	805	0.0	1587
31P2R1A5_03358	54P2R2A3_02164	96.646	805	27	0	1	805	1	805	0.0	1535
31P2R1A5_03359	31P2R1A5_03359	100.000	382	0	0	1	382	1	382	0.0	779
31P2R1A5_03359	54P2R2A3_02165	96.597	382	13	0	1	382	1	382	0.0	759
31P2R1A5_03359	42P1R1A12_00694	95.026	382	19	0	1	382	1	382	0.0	751
31P2R1A5_03360	31P2R1A5_03360	100.000	359	0	0	1	359	1	359	0.0	738
31P2R1A5_03360	44P3R3A6_03251	97.493	359	9	0	1	359	1	359	0.0	723
31P2R1A5_03361	31P2R1A5_03361	100.000	356	0	0	1	356	1	356	0.0	731
31P2R1A5_03362	31P2R1A5_03362	100.000	170	0	0	1	170	1	170	2.75e-122	341
31P2R1A5_03362	51P2R2A10_03073	97.059	170	5	0	1	170	1	170	1.16e-117	330
31P2R1A5_03362	42P1R1A12_00691	96.471	170	6	0	1	170	1	170	1.79e-117	329
31P2R1A5_03363	31P2R1A5_03363	100.000	113	0	0	1	113	1	113	1.32e-79	229
31P2R1A5_03364	31P2R1A5_03364	100.000	241	0	0	1	241	1	241	4.90e-180	493
31P2R1A5_03364	54P2R2A3_02170	97.510	241	6	0	1	241	1	241	1.35e-175	482
31P2R1A5_03365	31P2R1A5_03365	100.000	165	0	0	1	165	1	165	5.50e-123	343
31P2R1A5_03365	42P1R1A12_00689	97.576	165	4	0	1	165	1	165	1.75e-120	336
31P2R1A5_03366	31P2R1A5_03366	100.000	462	0	0	1	462	1	462	0.0	963
31P2R1A5_03366	42P1R1A12_00688	96.753	462	15	0	1	462	1	462	0.0	940
31P2R1A5_03366	10P3R2A13_03906	95.887	462	19	0	1	462	1	462	0.0	902
31P2R1A5_03366	51P2R2A10_03069	95.022	462	23	0	1	462	1	462	0.0	879
31P2R1A5_03367	31P2R1A5_03367	100.000	277	0	0	1	277	1	277	0.0	569
31P2R1A5_03368	31P2R1A5_03368	100.000	144	0	0	1	144	1	144	8.65e-98	277
31P2R1A5_03369	31P2R1A5_03369	100.000	100	0	0	1	100	1	100	1.74e-66	194
31P2R1A5_03370	31P2R1A5_03370	100.000	71	0	0	1	71	1	71	9.48e-47	142
31P2R1A5_03370	38P2R3A13_04529	95.775	71	3	0	1	71	1	71	1.56e-45	139
31P2R1A5_03370	38P2R3A13_01157	95.775	71	3	0	1	71	1	71	4.19e-45	138
31P2R1A5_03370	51P2R2A10_03068	97.101	69	2	0	1	69	1	69	4.53e-45	138
31P2R1A5_03370	18P3R3A11_03774	95.775	71	3	0	1	71	1	71	8.85e-45	137
31P2R1A5_03373	31P2R1A5_03373	100.000	191	0	0	1	191	1	191	3.81e-142	393
31P2R1A5_03374	31P2R1A5_03374	100.000	253	0	0	1	253	1	253	0.0	516
31P2R1A5_03374	42P1R1A12_03818	96.047	253	10	0	1	253	1	253	0.0	499
31P2R1A5_03375	31P2R1A5_03375	100.000	423	0	0	1	423	1	423	0.0	857
31P2R1A5_03375	54P2R2A3_00879	95.508	423	19	0	1	423	1	423	0.0	804
31P2R1A5_03377	31P2R1A5_03377	100.000	659	0	0	1	659	1	659	0.0	1370
31P2R1A5_03377	42P1R1A12_03816	97.876	659	14	0	1	659	1	659	0.0	1342
31P2R1A5_03377	10P3R2A13_04021	95.144	659	32	0	1	659	1	659	0.0	1304
31P2R1A5_03379	31P2R1A5_03379	100.000	465	0	0	1	465	1	465	0.0	933
31P2R1A5_03379	42P1R1A12_03814	96.989	465	14	0	1	465	1	465	0.0	915
31P2R1A5_03380	31P2R1A5_03380	100.000	153	0	0	1	153	1	153	1.51e-112	315
31P2R1A5_03380	54P2R2A3_00899	96.078	153	6	0	1	153	1	153	4.48e-107	301
31P2R1A5_03381	31P2R1A5_03381	100.000	236	0	0	1	236	1	236	0.0	495
31P2R1A5_03381	54P2R2A3_00900	97.458	236	6	0	1	236	1	236	2.25e-177	486
31P2R1A5_03382	31P2R1A5_03382	100.000	244	0	0	1	244	1	244	0.0	497
31P2R1A5_03383	31P2R1A5_03383	100.000	317	0	0	1	317	1	317	0.0	649
31P2R1A5_03383	42P1R1A12_03810	95.584	317	13	1	1	317	1	316	0.0	620
31P2R1A5_03384	31P2R1A5_03384	100.000	188	0	0	1	188	1	188	1.63e-138	384
31P2R1A5_03385	31P2R1A5_03385	100.000	140	0	0	1	140	1	140	1.48e-101	286
31P2R1A5_03385	42P1R1A12_03808	95.683	139	6	0	2	140	1	139	2.64e-97	276
31P2R1A5_03386	31P2R1A5_03386	100.000	218	0	0	1	218	1	218	1.86e-163	449
31P2R1A5_03387	31P2R1A5_03387	100.000	236	0	0	1	236	1	236	1.77e-169	466
31P2R1A5_03387	44P3R3A6_03458	99.576	236	1	0	1	236	92	327	1.14e-166	462
31P2R1A5_03387	54P2R2A3_00906	97.458	236	6	0	1	236	92	327	1.06e-163	455
31P2R1A5_03388	31P2R1A5_03388	100.000	192	0	0	1	192	1	192	2.00e-141	391
31P2R1A5_03389	31P2R1A5_03389	100.000	368	0	0	1	368	1	368	0.0	747
31P2R1A5_03390	31P2R1A5_03390	100.000	158	0	0	1	158	1	158	8.59e-118	329
31P2R1A5_03391	31P2R1A5_03391	100.000	269	0	0	1	269	1	269	0.0	566
31P2R1A5_03392	31P2R1A5_03392	100.000	260	0	0	1	260	1	260	0.0	539
