31P2R1A5_03393	31P2R1A5_03393	100.000	170	0	0	1	170	1	170	9.99e-125	347
31P2R1A5_03394	31P2R1A5_03394	100.000	119	0	0	1	119	1	119	6.90e-86	245
31P2R1A5_03395	31P2R1A5_03395	100.000	257	0	0	1	257	1	257	0.0	524
31P2R1A5_03396	31P2R1A5_03396	100.000	480	0	0	1	480	1	480	0.0	989
31P2R1A5_03397	31P2R1A5_03397	100.000	600	0	0	1	600	1	600	0.0	1231
31P2R1A5_03398	31P2R1A5_03398	100.000	234	0	0	1	234	1	234	4.98e-175	480
31P2R1A5_03399	31P2R1A5_03399	100.000	189	0	0	1	189	1	189	1.50e-131	366
31P2R1A5_03399	42P1R1A12_03804	95.238	189	9	0	1	189	1	189	4.75e-128	357
31P2R1A5_03400	31P2R1A5_03400	100.000	97	0	0	1	97	1	97	2.24e-66	194
31P2R1A5_03400	44P3R3A6_03461	97.938	97	2	0	1	97	1	97	1.21e-64	190
31P2R1A5_03401	31P2R1A5_03401	100.000	198	0	0	1	198	1	198	1.88e-144	400
31P2R1A5_03402	31P2R1A5_03402	100.000	379	0	0	1	379	1	379	0.0	782
31P2R1A5_03403	31P2R1A5_03403	100.000	101	0	0	1	101	1	101	7.55e-70	203
31P2R1A5_03404	31P2R1A5_03404	100.000	198	0	0	1	198	1	198	1.80e-144	400
31P2R1A5_03405	31P2R1A5_03405	100.000	169	0	0	1	169	1	169	7.75e-121	337
31P2R1A5_03406	31P2R1A5_03406	100.000	434	0	0	1	434	1	434	0.0	841
31P2R1A5_03406	42P1R1A12_03798	97.235	434	12	0	1	434	1	434	0.0	819
31P2R1A5_03407	31P2R1A5_03407	100.000	239	0	0	1	239	1	239	3.58e-177	486
31P2R1A5_03407	54P2R2A3_00912	97.908	239	5	0	1	239	1	239	1.22e-173	477
31P2R1A5_03408	31P2R1A5_03408	100.000	109	0	0	1	109	1	109	1.31e-77	223
31P2R1A5_03409	31P2R1A5_03409	100.000	240	0	0	1	240	1	240	0.0	497
31P2R1A5_03409	42P1R1A12_03795	96.667	240	8	0	1	240	1	240	8.35e-176	482
31P2R1A5_03410	31P2R1A5_03410	100.000	353	0	0	1	353	1	353	0.0	734
31P2R1A5_03410	54P2R2A3_00915	97.167	353	10	0	1	353	1	353	0.0	716
31P2R1A5_03411	31P2R1A5_03411	100.000	92	0	0	1	92	1	92	7.41e-66	192
31P2R1A5_03412	31P2R1A5_03412	100.000	362	0	0	1	362	1	362	0.0	747
31P2R1A5_03413	31P2R1A5_03413	100.000	418	0	0	1	418	1	418	0.0	841
31P2R1A5_03414	31P2R1A5_03414	100.000	713	0	0	1	713	1	713	0.0	1481
31P2R1A5_03415	31P2R1A5_03415	100.000	238	0	0	1	238	1	238	1.49e-168	464
31P2R1A5_03417	31P2R1A5_03417	100.000	459	0	0	1	459	1	459	0.0	939
31P2R1A5_03418	31P2R1A5_03418	100.000	383	0	0	1	383	1	383	0.0	779
31P2R1A5_03419	31P2R1A5_03419	100.000	304	0	0	1	304	1	304	0.0	613
31P2R1A5_03420	31P2R1A5_03420	100.000	201	0	0	1	201	1	201	1.98e-144	400
31P2R1A5_03421	31P2R1A5_03421	100.000	115	0	0	1	115	1	115	1.96e-84	241
31P2R1A5_03422	31P2R1A5_03422	100.000	63	0	0	1	63	1	63	2.00e-39	124
31P2R1A5_03423	31P2R1A5_03423	100.000	30	0	0	1	30	1	30	1.91e-14	58.5
31P2R1A5_03424	31P2R1A5_03424	100.000	394	0	0	1	394	1	394	0.0	810
31P2R1A5_03424	54P2R2A3_00992	97.716	394	9	0	1	394	1	394	0.0	793
31P2R1A5_03425	31P2R1A5_03425	100.000	622	0	0	1	622	1	622	0.0	1296
31P2R1A5_03425	42P1R1A12_02920	95.961	619	25	0	1	619	1	619	0.0	1247
31P2R1A5_03426	31P2R1A5_03426	100.000	187	0	0	1	187	1	187	2.81e-141	390
31P2R1A5_03427	31P2R1A5_03427	100.000	289	0	0	1	289	1	289	0.0	596
31P2R1A5_03428	31P2R1A5_03428	100.000	96	0	0	1	96	1	96	2.28e-66	194
31P2R1A5_03428	44P3R3A6_03485	97.917	96	2	0	1	96	1	96	3.75e-65	191
31P2R1A5_03429	31P2R1A5_03429	100.000	296	0	0	1	296	1	296	0.0	606
31P2R1A5_03429	51P2R2A10_02215	97.973	296	6	0	1	296	1	296	0.0	594
31P2R1A5_03429	42P1R1A12_02924	95.608	296	13	0	1	296	1	296	0.0	580
31P2R1A5_03430	31P2R1A5_03430	100.000	165	0	0	1	165	1	165	7.82e-118	330
31P2R1A5_03430	42P1R1A12_02925	95.758	165	7	0	1	165	1	165	2.90e-114	320
31P2R1A5_03431	31P2R1A5_03431	100.000	142	0	0	1	142	1	142	6.91e-102	287
31P2R1A5_03432	31P2R1A5_03432	100.000	244	0	0	1	244	1	244	3.15e-177	486
31P2R1A5_03432	42P1R1A12_02927	95.902	244	10	0	1	244	1	244	2.14e-170	469
31P2R1A5_03433	31P2R1A5_03433	100.000	396	0	0	1	396	1	396	0.0	818
31P2R1A5_03434	31P2R1A5_03434	100.000	220	0	0	1	220	1	220	1.19e-159	440
31P2R1A5_03434	42P1R1A12_02929	95.455	220	10	0	1	220	1	220	2.67e-146	406
31P2R1A5_03435	31P2R1A5_03435	100.000	300	0	0	1	300	1	300	0.0	619
31P2R1A5_03435	54P2R2A3_01005	96.333	300	11	0	1	300	1	300	0.0	601
31P2R1A5_03436	31P2R1A5_03436	100.000	388	0	0	1	388	1	388	0.0	793
31P2R1A5_03436	54P2R2A3_01006	97.680	388	9	0	1	388	1	388	0.0	778
31P2R1A5_03437	31P2R1A5_03437	100.000	276	0	0	1	276	1	276	0.0	563
31P2R1A5_03437	54P2R2A3_01007	97.464	276	7	0	1	276	1	276	0.0	552
31P2R1A5_03438	31P2R1A5_03438	100.000	728	0	0	1	728	1	728	0.0	1518
31P2R1A5_03438	42P1R1A12_02934	97.390	728	19	0	1	728	1	728	0.0	1484
31P2R1A5_03438	54P2R2A3_01009	97.658	726	16	1	1	725	1	726	0.0	1477
31P2R1A5_03438	38P2R3A13_05507	95.146	721	35	0	1	721	1	721	0.0	1440
31P2R1A5_03439	31P2R1A5_03439	100.000	471	0	0	1	471	1	471	0.0	951
31P2R1A5_03440	31P2R1A5_03440	100.000	246	0	0	1	246	1	246	0.0	507
31P2R1A5_03440	54P2R2A3_01011	97.154	246	7	0	1	246	1	246	1.13e-180	495
31P2R1A5_03441	31P2R1A5_03441	100.000	753	0	0	1	753	1	753	0.0	1541
31P2R1A5_03441	42P1R1A12_02937	95.219	753	36	0	1	753	1	753	0.0	1475
31P2R1A5_03442	31P2R1A5_03442	100.000	290	0	0	1	290	1	290	0.0	600
31P2R1A5_03443	31P2R1A5_03443	100.000	136	0	0	1	136	1	136	4.82e-96	272
31P2R1A5_03444	31P2R1A5_03444	100.000	220	0	0	1	220	1	220	1.06e-157	435
31P2R1A5_03445	31P2R1A5_03445	100.000	450	0	0	1	450	1	450	0.0	902
31P2R1A5_03446	31P2R1A5_03446	100.000	194	0	0	1	194	1	194	5.61e-146	403
31P2R1A5_03447	31P2R1A5_03447	100.000	105	0	0	1	105	1	105	6.45e-74	214
31P2R1A5_03447	54P2R2A3_01018	97.143	105	3	0	1	105	1	105	6.56e-72	209
31P2R1A5_03448	31P2R1A5_03448	100.000	632	0	0	1	632	1	632	0.0	1305
31P2R1A5_03448	42P1R1A12_02944	97.619	630	15	0	1	630	1	630	0.0	1279
31P2R1A5_03448	18P3R3A11_04585	95.095	632	30	1	1	632	1	631	0.0	1248
31P2R1A5_03448	34P3R2A10_03213	96.369	358	13	0	275	632	1	358	0.0	709
31P2R1A5_03449	31P2R1A5_03449	100.000	192	0	0	1	192	1	192	1.10e-143	397
31P2R1A5_03449	54P2R2A3_01020	96.842	190	6	0	1	190	1	190	5.82e-138	383
31P2R1A5_03450	31P2R1A5_03450	100.000	276	0	0	1	276	1	276	0.0	564
31P2R1A5_03450	54P2R2A3_01021	97.464	276	7	0	1	276	1	276	0.0	551
31P2R1A5_03451	31P2R1A5_03451	100.000	141	0	0	1	141	1	141	1.53e-105	296
31P2R1A5_03451	42P1R1A12_02947	97.163	141	4	0	1	141	1	141	3.10e-103	291
31P2R1A5_03452	31P2R1A5_03452	100.000	211	0	0	1	211	1	211	3.93e-155	427
31P2R1A5_03453	31P2R1A5_03453	100.000	491	0	0	1	491	1	491	0.0	984
31P2R1A5_03453	54P2R2A3_01024	96.741	491	15	1	1	491	1	490	0.0	944
31P2R1A5_03454	31P2R1A5_03454	100.000	224	0	0	1	224	1	224	7.46e-167	458
31P2R1A5_03455	31P2R1A5_03455	100.000	387	0	0	1	387	1	387	0.0	801
31P2R1A5_03455	51P2R2A10_02186	95.349	387	18	0	1	387	1	387	0.0	778
31P2R1A5_03455	42P1R1A12_02951	95.866	387	16	0	1	387	1	387	0.0	777
31P2R1A5_03456	31P2R1A5_03456	100.000	264	0	0	1	264	1	264	0.0	538
31P2R1A5_03456	54P2R2A3_01027	96.212	264	10	0	1	264	1	264	0.0	518
31P2R1A5_03457	31P2R1A5_03457	100.000	257	0	0	1	257	1	257	7.33e-180	494
31P2R1A5_03458	31P2R1A5_03458	100.000	218	0	0	1	218	1	218	2.35e-161	444
31P2R1A5_03458	42P1R1A12_02958	97.248	218	6	0	1	218	1	218	5.81e-157	433
31P2R1A5_03459	31P2R1A5_03459	100.000	91	0	0	1	91	1	91	5.84e-60	177
31P2R1A5_03459	54P2R2A3_01030	98.876	89	1	0	1	89	1	89	1.30e-57	171
31P2R1A5_03460	31P2R1A5_03460	100.000	66	0	0	1	66	1	66	4.37e-46	140
31P2R1A5_03460	54P2R2A3_01031	96.970	66	2	0	1	66	1	66	3.28e-44	136
31P2R1A5_03461	31P2R1A5_03461	100.000	478	0	0	1	478	1	478	0.0	968
31P2R1A5_03461	42P1R1A12_02961	95.816	478	20	0	1	478	1	478	0.0	936
31P2R1A5_03462	31P2R1A5_03462	100.000	946	0	0	1	946	1	946	0.0	1919
31P2R1A5_03462	54P2R2A3_01033	97.463	946	24	0	1	946	1	946	0.0	1877
31P2R1A5_03463	31P2R1A5_03463	100.000	433	0	0	1	433	1	433	0.0	863
31P2R1A5_03463	54P2R2A3_01034	96.305	433	16	0	1	433	1	433	0.0	832
31P2R1A5_03464	31P2R1A5_03464	100.000	207	0	0	1	207	1	207	5.08e-152	419
31P2R1A5_03465	31P2R1A5_03465	100.000	414	0	0	1	414	1	414	0.0	843
31P2R1A5_03466	31P2R1A5_03466	100.000	274	0	0	1	274	1	274	0.0	540
31P2R1A5_03466	42P1R1A12_02966	96.350	274	10	0	1	274	1	274	0.0	526
31P2R1A5_03467	31P2R1A5_03467	100.000	128	0	0	1	128	1	128	5.42e-91	259
31P2R1A5_03467	42P1R1A12_02967	95.238	126	6	0	1	126	1	126	4.75e-86	246
31P2R1A5_03468	31P2R1A5_03468	100.000	206	0	0	1	206	1	206	7.59e-148	409
31P2R1A5_03468	42P1R1A12_02968	96.135	207	7	1	1	206	1	207	1.47e-141	393
31P2R1A5_03469	31P2R1A5_03469	100.000	275	0	0	1	275	1	275	0.0	553
31P2R1A5_03469	54P2R2A3_01040	96.364	275	10	0	1	275	1	275	0.0	533
31P2R1A5_03470	31P2R1A5_03470	100.000	101	0	0	1	101	1	101	1.94e-69	202
31P2R1A5_03470	42P1R1A12_02970	96.040	101	4	0	1	101	1	101	2.06e-67	197
31P2R1A5_03471	31P2R1A5_03471	100.000	107	0	0	1	107	1	107	1.37e-75	218
31P2R1A5_03471	54P2R2A3_01042	97.196	107	3	0	1	107	1	107	1.20e-73	213
31P2R1A5_03472	31P2R1A5_03472	100.000	568	0	0	1	568	1	568	0.0	1162
31P2R1A5_03473	31P2R1A5_03473	100.000	159	0	0	1	159	1	159	4.28e-115	322
31P2R1A5_03474	31P2R1A5_03474	100.000	237	0	0	1	237	1	237	1.97e-173	476
31P2R1A5_03474	54P2R2A3_01045	97.890	237	5	0	1	237	1	237	2.52e-169	466
31P2R1A5_03475	31P2R1A5_03475	100.000	206	0	0	1	206	1	206	1.93e-152	421
31P2R1A5_03476	31P2R1A5_03476	100.000	536	0	0	1	536	1	536	0.0	1078
31P2R1A5_03477	31P2R1A5_03477	100.000	338	0	0	1	338	1	338	0.0	688
31P2R1A5_03477	42P1R1A12_02977	96.450	338	12	0	1	338	1	338	0.0	668
31P2R1A5_03479	31P2R1A5_03479	100.000	582	0	0	1	582	1	582	0.0	1200
31P2R1A5_03479	42P1R1A12_02979	96.392	582	21	0	1	582	7	588	0.0	1160
31P2R1A5_03480	31P2R1A5_03480	100.000	614	0	0	1	614	1	614	0.0	1254
31P2R1A5_03480	38P2R3A13_05091	96.753	616	18	1	1	614	1	616	0.0	1216
31P2R1A5_03480	10P3R2A13_00056	96.417	614	22	0	1	614	1	614	0.0	1154
31P2R1A5_03480	15P1R1A16_04358	100.000	216	0	0	399	614	1	216	5.98e-155	444
31P2R1A5_03480	38P2R3A13_06961	100.000	126	0	0	489	614	1	126	1.74e-82	254
31P2R1A5_03481	31P2R1A5_03481	100.000	169	0	0	1	169	1	169	6.37e-125	348
31P2R1A5_03483	31P2R1A5_03483	100.000	191	0	0	1	191	1	191	1.98e-144	399
31P2R1A5_03483	44P3R3A6_03540	96.859	191	6	0	1	191	1	191	1.54e-139	387
31P2R1A5_03484	31P2R1A5_03484	100.000	37	0	0	1	37	1	37	2.18e-19	71.2
31P2R1A5_03485	31P2R1A5_03485	100.000	78	0	0	1	78	1	78	8.91e-55	163
31P2R1A5_03486	31P2R1A5_03486	100.000	282	0	0	1	282	1	282	0.0	580
31P2R1A5_03487	31P2R1A5_03487	100.000	121	0	0	1	121	1	121	4.73e-86	246
31P2R1A5_03488	31P2R1A5_03488	100.000	78	0	0	1	78	1	78	6.05e-53	159
31P2R1A5_03488	54P2R2A3_01055	96.154	78	3	0	1	78	20	97	9.00e-52	156
31P2R1A5_03489	31P2R1A5_03489	100.000	205	0	0	1	205	1	205	2.38e-152	420
31P2R1A5_03489	54P2R2A3_01056	97.073	205	6	0	1	205	1	205	4.24e-149	412
31P2R1A5_03490	31P2R1A5_03490	100.000	1081	0	0	1	1081	1	1081	0.0	2220
31P2R1A5_03490	54P2R2A3_01057	95.282	1081	51	0	1	1081	1	1081	0.0	2122
31P2R1A5_03491	31P2R1A5_03491	100.000	211	0	0	1	211	1	211	1.22e-150	416
31P2R1A5_03492	31P2R1A5_03492	100.000	192	0	0	1	192	1	192	8.85e-137	380
31P2R1A5_03492	54P2R2A3_01059	96.354	192	7	0	1	192	1	192	8.24e-133	370
31P2R1A5_03493	31P2R1A5_03493	100.000	102	0	0	1	102	1	102	2.23e-73	212
31P2R1A5_03493	54P2R2A3_01060	97.059	102	3	0	1	102	1	102	9.84e-72	208
31P2R1A5_03494	31P2R1A5_03494	100.000	268	0	0	1	268	1	268	0.0	532
31P2R1A5_03494	54P2R2A3_01061	97.761	268	6	0	1	268	1	268	0.0	518
31P2R1A5_03495	31P2R1A5_03495	100.000	608	0	0	1	608	1	608	0.0	1212
31P2R1A5_03496	31P2R1A5_03496	100.000	142	0	0	1	142	1	142	2.74e-103	291
31P2R1A5_03497	31P2R1A5_03497	100.000	195	0	0	1	195	1	195	1.78e-143	397
31P2R1A5_03498	31P2R1A5_03498	100.000	556	0	0	1	556	1	556	0.0	1140
31P2R1A5_03499	31P2R1A5_03499	100.000	143	0	0	1	143	1	143	1.62e-101	286
31P2R1A5_03499	54P2R2A3_01066	97.203	143	4	0	1	143	1	143	2.13e-98	279
31P2R1A5_03500	31P2R1A5_03500	100.000	388	0	0	1	388	1	388	0.0	795
31P2R1A5_03501	31P2R1A5_03501	100.000	118	0	0	1	118	1	118	2.28e-82	236
31P2R1A5_03502	31P2R1A5_03502	100.000	177	0	0	1	177	1	177	1.55e-128	358
31P2R1A5_03503	31P2R1A5_03503	100.000	642	0	0	1	642	1	642	0.0	1325
31P2R1A5_03504	31P2R1A5_03504	100.000	366	0	0	1	366	1	366	0.0	750
31P2R1A5_03505	31P2R1A5_03505	100.000	357	0	0	1	357	1	357	0.0	735
31P2R1A5_03506	31P2R1A5_03506	100.000	211	0	0	1	211	1	211	3.95e-158	435
31P2R1A5_03507	31P2R1A5_03507	100.000	474	0	0	1	474	1	474	0.0	941
31P2R1A5_03507	54P2R2A3_01074	95.781	474	20	0	1	474	1	474	0.0	808
31P2R1A5_03508	31P2R1A5_03508	100.000	550	0	0	1	550	1	550	0.0	1107
31P2R1A5_03508	44P3R3A6_03556	97.818	550	12	0	1	550	1	550	0.0	1087
31P2R1A5_03508	54P2R2A3_01075	96.727	550	18	0	1	550	1	550	0.0	1077
31P2R1A5_03509	31P2R1A5_03509	100.000	259	0	0	1	259	1	259	0.0	528
31P2R1A5_03510	31P2R1A5_03510	100.000	185	0	0	1	185	1	185	8.44e-134	372
31P2R1A5_03511	31P2R1A5_03511	100.000	460	0	0	1	460	1	460	0.0	940
31P2R1A5_03511	42P1R1A12_02993	96.304	460	17	0	1	460	1	460	0.0	907
31P2R1A5_03512	31P2R1A5_03512	100.000	99	0	0	1	99	1	99	8.30e-70	203
31P2R1A5_03513	31P2R1A5_03513	100.000	296	0	0	1	296	1	296	0.0	618
31P2R1A5_03513	42P1R1A12_03003	96.284	296	11	0	1	296	1	296	0.0	598
31P2R1A5_03514	31P2R1A5_03514	100.000	338	0	0	1	338	1	338	0.0	686
31P2R1A5_03514	54P2R2A3_01081	97.892	332	7	0	7	338	3	334	0.0	662
31P2R1A5_03515	31P2R1A5_03515	100.000	335	0	0	1	335	1	335	0.0	642
31P2R1A5_03515	54P2R2A3_01082	97.892	332	7	0	1	332	1	332	0.0	625
31P2R1A5_03516	31P2R1A5_03516	100.000	345	0	0	1	345	1	345	0.0	666
31P2R1A5_03516	42P1R1A12_03006	95.652	345	15	0	1	345	1	345	0.0	545
31P2R1A5_03517	31P2R1A5_03517	100.000	496	0	0	1	496	1	496	0.0	1001
31P2R1A5_03517	54P2R2A3_01084	97.782	496	11	0	1	496	1	496	0.0	976
31P2R1A5_03518	31P2R1A5_03518	100.000	324	0	0	1	324	1	324	0.0	640
31P2R1A5_03518	42P1R1A12_03008	96.605	324	11	0	1	324	1	324	0.0	622
31P2R1A5_03520	31P2R1A5_03520	100.000	674	0	0	1	674	1	674	0.0	1375
31P2R1A5_03521	31P2R1A5_03521	100.000	377	0	0	1	377	1	377	0.0	780
31P2R1A5_03522	31P2R1A5_03522	100.000	447	0	0	1	447	1	447	0.0	899
31P2R1A5_03523	31P2R1A5_03523	100.000	289	0	0	1	289	1	289	0.0	600
31P2R1A5_03524	31P2R1A5_03524	100.000	548	0	0	1	548	1	548	0.0	1148
31P2R1A5_03525	31P2R1A5_03525	100.000	167	0	0	1	167	1	167	9.07e-125	347
31P2R1A5_03525	54P2R2A3_01091	95.808	167	7	0	1	167	1	167	3.27e-119	333
31P2R1A5_03526	31P2R1A5_03526	100.000	330	0	0	1	330	1	330	0.0	684
31P2R1A5_03527	31P2R1A5_03527	100.000	324	0	0	1	324	1	324	0.0	640
31P2R1A5_03527	51P2R2A10_02129	95.016	321	16	0	1	321	1	321	0.0	594
31P2R1A5_03528	31P2R1A5_03528	100.000	416	0	0	1	416	1	416	0.0	820
31P2R1A5_03529	31P2R1A5_03529	100.000	185	0	0	1	185	1	185	4.94e-133	370
31P2R1A5_03530	31P2R1A5_03530	100.000	496	0	0	1	496	1	496	0.0	1031
31P2R1A5_03531	31P2R1A5_03531	100.000	471	0	0	1	471	1	471	0.0	984
31P2R1A5_03531	42P1R1A12_03023	95.329	471	22	0	1	471	1	471	0.0	956
31P2R1A5_03531	51P2R2A10_02125	95.117	471	23	0	1	471	12	482	0.0	954
31P2R1A5_03531	10P3R2A13_00079	95.329	471	22	0	1	471	1	471	0.0	947
31P2R1A5_03532	31P2R1A5_03532	100.000	434	0	0	1	434	1	434	0.0	873
31P2R1A5_03532	42P1R1A12_03024	95.853	434	18	0	1	434	1	434	0.0	850
31P2R1A5_03533	31P2R1A5_03533	100.000	259	0	0	1	259	1	259	0.0	536
31P2R1A5_03534	31P2R1A5_03534	100.000	221	0	0	1	221	1	221	1.41e-158	437
31P2R1A5_03535	31P2R1A5_03535	100.000	129	0	0	1	129	1	129	1.10e-91	261
31P2R1A5_03536	31P2R1A5_03536	100.000	123	0	0	1	123	1	123	1.58e-84	242
31P2R1A5_03536	54P2R2A3_01102	97.561	123	3	0	1	123	1	123	5.91e-83	238
31P2R1A5_03537	31P2R1A5_03537	100.000	102	0	0	1	102	1	102	7.43e-67	196
31P2R1A5_03538	31P2R1A5_03538	100.000	133	0	0	1	133	1	133	1.25e-90	258
31P2R1A5_03538	54P2R2A3_01104	97.744	133	3	0	1	133	1	133	6.09e-88	251
31P2R1A5_03539	31P2R1A5_03539	100.000	99	0	0	1	99	1	99	1.06e-65	192
31P2R1A5_03540	31P2R1A5_03540	100.000	131	0	0	1	131	1	131	2.35e-89	255
31P2R1A5_03540	47P2R3A6_01493	95.420	131	6	0	1	131	1	131	2.00e-86	248
31P2R1A5_03540	42P1R1A12_03032	95.420	131	6	0	1	131	1	131	9.32e-86	246
31P2R1A5_03540	18P3R3A11_04134	95.420	131	6	0	1	131	1	131	9.74e-86	246
31P2R1A5_03541	31P2R1A5_03541	100.000	329	0	0	1	329	1	329	0.0	685
31P2R1A5_03541	54P2R2A3_01107	95.441	329	15	0	1	329	1	329	0.0	657
31P2R1A5_03542	31P2R1A5_03542	100.000	123	0	0	1	123	1	123	3.50e-86	246
31P2R1A5_03543	31P2R1A5_03543	100.000	299	0	0	1	299	1	299	0.0	602
31P2R1A5_03543	42P1R1A12_03035	97.324	299	8	0	1	299	1	299	0.0	587
31P2R1A5_03544	31P2R1A5_03544	100.000	234	0	0	1	234	1	234	2.52e-175	481
31P2R1A5_03544	54P2R2A3_01110	95.726	234	10	0	1	234	1	234	2.70e-167	460
31P2R1A5_03545	31P2R1A5_03545	100.000	56	0	0	1	56	1	56	2.59e-34	110
31P2R1A5_03546	31P2R1A5_03546	100.000	137	0	0	1	137	1	137	1.73e-96	273
31P2R1A5_03547	31P2R1A5_03547	100.000	155	0	0	1	155	1	155	2.09e-113	318
31P2R1A5_03548	31P2R1A5_03548	100.000	382	0	0	1	382	1	382	0.0	767
31P2R1A5_03548	54P2R2A3_01114	95.288	382	18	0	1	382	1	382	0.0	709
31P2R1A5_03549	31P2R1A5_03549	100.000	297	0	0	1	297	1	297	0.0	591
31P2R1A5_03549	10P3R2A13_00111	97.980	297	6	0	1	297	1	297	0.0	582
31P2R1A5_03549	42P1R1A12_04156	96.296	297	11	0	1	297	1	297	0.0	574
31P2R1A5_03549	38P2R3A13_02963	95.286	297	14	0	1	297	1	297	0.0	539
31P2R1A5_03549	34P3R2A10_04409	97.044	203	6	0	1	203	1	203	1.27e-138	389
31P2R1A5_03549	34P3R2A10_04410	100.000	82	0	0	216	297	1	82	6.02e-54	170
31P2R1A5_03550	31P2R1A5_03550	100.000	257	0	0	1	257	1	257	0.0	525
31P2R1A5_03551	31P2R1A5_03551	100.000	524	0	0	1	524	1	524	0.0	1070
31P2R1A5_03551	42P1R1A12_04153	96.183	524	20	0	1	524	1	524	0.0	1032
31P2R1A5_03552	31P2R1A5_03552	100.000	288	0	0	1	288	1	288	0.0	584
31P2R1A5_03552	42P1R1A12_04142	96.853	286	9	0	1	286	1	286	0.0	570
31P2R1A5_03553	31P2R1A5_03553	100.000	703	0	0	1	703	1	703	0.0	1418
31P2R1A5_03553	54P2R2A3_01134	95.184	706	31	1	1	703	1	706	0.0	1313
31P2R1A5_03554	31P2R1A5_03554	100.000	129	0	0	1	129	1	129	6.22e-92	261
31P2R1A5_03555	31P2R1A5_03555	100.000	197	0	0	1	197	1	197	1.02e-144	400
31P2R1A5_03555	10P3R2A13_00137	97.462	197	5	0	1	197	1	197	8.12e-141	390
31P2R1A5_03556	31P2R1A5_03556	100.000	192	0	0	1	192	1	192	3.33e-137	381
31P2R1A5_03556	42P1R1A12_04138	97.917	192	4	0	1	192	1	192	1.22e-133	372
31P2R1A5_03557	31P2R1A5_03557	100.000	347	0	0	1	347	1	347	0.0	676
31P2R1A5_03557	54P2R2A3_01138	95.965	347	14	0	1	347	1	347	0.0	650
31P2R1A5_03558	31P2R1A5_03558	100.000	216	0	0	1	216	1	216	7.06e-159	437
31P2R1A5_03558	44P3R3A6_03617	97.685	216	5	0	1	216	1	216	1.18e-155	429
31P2R1A5_03559	31P2R1A5_03559	100.000	179	0	0	1	179	1	179	3.09e-128	357
31P2R1A5_03560	31P2R1A5_03560	100.000	148	0	0	1	148	1	148	6.02e-110	308
31P2R1A5_03560	54P2R2A3_01141	97.297	148	4	0	1	148	1	148	1.07e-107	303
31P2R1A5_03561	31P2R1A5_03561	100.000	107	0	0	1	107	1	107	1.24e-75	218
31P2R1A5_03561	54P2R2A3_01142	97.196	107	3	0	1	107	1	107	2.76e-73	212
31P2R1A5_03562	31P2R1A5_03562	100.000	168	0	0	1	168	1	168	2.35e-119	333
31P2R1A5_03562	54P2R2A3_01143	97.619	168	4	0	1	168	1	168	4.23e-116	325
31P2R1A5_03564	31P2R1A5_03564	100.000	332	0	0	1	332	1	332	0.0	693
31P2R1A5_03564	10P3R2A13_00146	97.892	332	7	0	1	332	1	332	0.0	682
31P2R1A5_03564	38P2R3A13_07338	95.482	332	15	0	1	332	1	332	0.0	669
31P2R1A5_03564	18P3R3A11_02631	95.482	332	15	0	1	332	1	332	0.0	646
31P2R1A5_03564	43P2R2A2_05461	97.235	217	6	0	116	332	1	217	1.34e-159	444
31P2R1A5_03565	31P2R1A5_03565	100.000	293	0	0	1	293	1	293	0.0	605
31P2R1A5_03565	54P2R2A3_01146	97.952	293	6	0	1	293	1	293	0.0	593
31P2R1A5_03566	31P2R1A5_03566	100.000	336	0	0	1	336	1	336	0.0	692
31P2R1A5_03567	31P2R1A5_03567	100.000	415	0	0	1	415	1	415	0.0	823
31P2R1A5_03567	54P2R2A3_01148	96.386	415	15	0	1	415	1	415	0.0	795
31P2R1A5_03568	31P2R1A5_03568	100.000	644	0	0	1	644	1	644	0.0	1280
31P2R1A5_03568	42P1R1A12_04126	95.872	654	17	3	1	644	1	654	0.0	1231
31P2R1A5_03569	31P2R1A5_03569	100.000	295	0	0	1	295	1	295	0.0	598
31P2R1A5_03569	42P1R1A12_04125	96.949	295	9	0	1	295	1	295	0.0	582
31P2R1A5_03571	31P2R1A5_03571	100.000	90	0	0	1	90	1	90	2.97e-60	178
31P2R1A5_03571	18P3R3A11_02639	97.778	90	2	0	1	90	1	90	6.01e-59	175
31P2R1A5_03572	31P2R1A5_03572	100.000	315	0	0	1	315	1	315	0.0	640
31P2R1A5_03573	31P2R1A5_03573	100.000	134	0	0	1	134	1	134	5.77e-96	272
31P2R1A5_03573	10P3R2A13_00155	97.761	134	3	0	1	134	1	134	8.42e-94	266
31P2R1A5_03573	18P3R3A11_02641	95.556	135	5	1	1	134	1	135	2.68e-91	260
31P2R1A5_03574	31P2R1A5_03574	100.000	897	0	0	1	897	1	897	0.0	1809
31P2R1A5_03574	42P1R1A12_04119	96.656	897	30	0	1	897	1	897	0.0	1758
31P2R1A5_03574	43P2R2A2_04162	98.100	579	11	0	317	895	1	579	0.0	1161
31P2R1A5_03575	31P2R1A5_03575	100.000	496	0	0	1	496	1	496	0.0	994
31P2R1A5_03575	42P1R1A12_04118	97.782	496	11	0	1	496	1	496	0.0	977
31P2R1A5_03575	10P3R2A13_00157	95.968	496	20	0	1	496	1	496	0.0	964
31P2R1A5_03576	31P2R1A5_03576	100.000	141	0	0	1	141	1	141	9.70e-103	290
31P2R1A5_03576	42P1R1A12_04117	97.163	141	4	0	1	141	11	151	8.37e-101	285
31P2R1A5_03576	51P2R2A10_02054	96.454	141	5	0	1	141	1	141	8.02e-100	282
31P2R1A5_03576	18P3R3A11_02644	95.745	141	6	0	1	141	11	151	1.30e-99	282
31P2R1A5_03576	37P2R3-2A1_03422	95.745	141	6	0	1	141	1	141	3.03e-99	281
31P2R1A5_03576	10P3R2A13_00158	95.035	141	7	0	1	141	11	151	6.98e-99	280
31P2R1A5_03576	24P1R3A1_02529	95.035	141	7	0	1	141	1	141	1.21e-98	279
31P2R1A5_03578	31P2R1A5_03578	100.000	448	0	0	1	448	1	448	0.0	928
31P2R1A5_03578	42P1R1A12_04115	97.098	448	13	0	1	448	1	448	0.0	908
31P2R1A5_03579	31P2R1A5_03579	100.000	210	0	0	1	210	1	210	1.40e-154	426
31P2R1A5_03580	31P2R1A5_03580	100.000	184	0	0	1	184	1	184	5.29e-132	367
31P2R1A5_03581	31P2R1A5_03581	100.000	134	0	0	1	134	1	134	3.11e-97	275
31P2R1A5_03583	31P2R1A5_03583	100.000	110	0	0	1	110	1	110	1.07e-75	219
31P2R1A5_03583	42P1R1A12_04113	97.273	110	3	0	1	110	1	110	2.39e-74	215
31P2R1A5_03584	31P2R1A5_03584	100.000	446	0	0	1	446	1	446	0.0	906
31P2R1A5_03584	42P1R1A12_04112	97.758	446	10	0	1	446	1	446	0.0	887
31P2R1A5_03587	31P2R1A5_03587	100.000	210	0	0	1	210	1	210	5.40e-155	427
31P2R1A5_03587	10P3R2A13_00167	96.190	210	8	0	1	210	1	210	4.42e-149	412
31P2R1A5_03587	18P3R3A11_02652	95.192	208	10	0	1	208	1	208	3.75e-147	407
31P2R1A5_03588	31P2R1A5_03588	100.000	111	0	0	1	111	1	111	1.32e-77	224
31P2R1A5_03588	42P1R1A12_04108	96.396	111	4	0	1	111	1	111	1.13e-73	214
31P2R1A5_03589	31P2R1A5_03589	100.000	159	0	0	1	159	1	159	3.29e-115	322
31P2R1A5_03589	42P1R1A12_04107	96.855	159	5	0	1	159	1	159	7.14e-112	314
31P2R1A5_03589	18P3R3A11_02654	96.855	159	5	0	1	159	1	159	4.76e-111	312
31P2R1A5_03590	31P2R1A5_03590	100.000	478	0	0	1	478	1	478	0.0	978
31P2R1A5_03590	42P1R1A12_04106	96.444	478	17	0	1	478	1	478	0.0	948
31P2R1A5_03591	31P2R1A5_03591	100.000	393	0	0	1	393	1	393	0.0	800
31P2R1A5_03591	42P1R1A12_04105	97.455	393	8	1	1	393	1	391	0.0	778
31P2R1A5_03592	31P2R1A5_03592	100.000	322	0	0	1	322	1	322	0.0	634
31P2R1A5_03592	47P2R3A6_01422	95.031	322	16	0	1	322	1	322	0.0	610
31P2R1A5_03593	31P2R1A5_03593	100.000	86	0	0	1	86	1	86	3.06e-57	170
31P2R1A5_03593	24P1R3A1_05009	95.349	86	4	0	1	86	1	86	1.99e-54	163
31P2R1A5_03594	31P2R1A5_03594	100.000	106	0	0	1	106	1	106	1.57e-72	210
31P2R1A5_03595	31P2R1A5_03595	100.000	324	0	0	1	324	1	324	0.0	663
31P2R1A5_03596	31P2R1A5_03596	100.000	91	0	0	1	91	1	91	1.09e-63	187
31P2R1A5_03596	54P2R2A3_01177	97.802	91	2	0	1	91	1	91	1.29e-62	184
31P2R1A5_03597	31P2R1A5_03597	100.000	420	0	0	1	420	1	420	0.0	852
31P2R1A5_03597	42P1R1A12_04099	97.857	420	9	0	1	420	1	420	0.0	839
31P2R1A5_03598	31P2R1A5_03598	100.000	85	0	0	1	85	1	85	2.14e-60	178
31P2R1A5_03598	38P2R3A13_03024	95.294	85	4	0	1	85	1	85	6.18e-58	172
31P2R1A5_03598	42P1R1A12_04098	95.294	85	4	0	1	85	1	85	6.82e-58	172
31P2R1A5_03599	31P2R1A5_03599	100.000	97	0	0	1	97	1	97	3.90e-65	191
31P2R1A5_03600	31P2R1A5_03600	100.000	212	0	0	1	212	1	212	4.32e-157	432
31P2R1A5_03600	42P1R1A12_04096	97.170	212	6	0	1	212	1	212	7.20e-153	422
31P2R1A5_03601	31P2R1A5_03601	100.000	184	0	0	1	184	1	184	9.94e-135	374
31P2R1A5_03602	31P2R1A5_03602	100.000	261	0	0	1	261	1	261	0.0	511
31P2R1A5_03603	31P2R1A5_03603	100.000	271	0	0	1	271	1	271	0.0	547
31P2R1A5_03603	42P1R1A12_04093	95.941	271	11	0	1	271	1	271	0.0	503
31P2R1A5_03604	31P2R1A5_03604	100.000	326	0	0	1	326	1	326	0.0	625
31P2R1A5_03604	54P2R2A3_01185	97.546	326	8	0	1	326	1	326	0.0	614
31P2R1A5_03605	31P2R1A5_03605	100.000	329	0	0	1	329	1	329	0.0	663
31P2R1A5_03606	31P2R1A5_03606	100.000	189	0	0	1	189	1	189	7.19e-137	380
31P2R1A5_03606	54P2R2A3_01187	96.825	189	6	0	1	189	1	189	7.32e-133	370
31P2R1A5_03607	31P2R1A5_03607	100.000	192	0	0	1	192	1	192	1.18e-142	394
31P2R1A5_03608	31P2R1A5_03608	100.000	182	0	0	1	182	1	182	7.26e-133	369
31P2R1A5_03610	31P2R1A5_03610	100.000	478	0	0	1	478	1	478	0.0	973
31P2R1A5_03611	31P2R1A5_03611	100.000	96	0	0	1	96	1	96	4.84e-67	196
31P2R1A5_03612	31P2R1A5_03612	100.000	163	0	0	1	163	1	163	1.28e-118	332
31P2R1A5_03612	42P1R1A12_04084	95.706	163	7	0	1	163	1	163	2.81e-114	320
31P2R1A5_03614	31P2R1A5_03614	100.000	91	0	0	1	91	1	91	5.27e-61	180
31P2R1A5_03614	42P1R1A12_04082	95.604	91	4	0	1	91	1	91	6.68e-59	175
31P2R1A5_03615	31P2R1A5_03615	100.000	242	0	0	1	242	1	242	6.20e-178	488
31P2R1A5_03615	54P2R2A3_01196	97.934	242	5	0	1	242	1	242	3.30e-174	478
31P2R1A5_03616	31P2R1A5_03616	100.000	218	0	0	1	218	1	218	9.19e-159	437
31P2R1A5_03617	31P2R1A5_03617	100.000	780	0	0	1	780	1	780	0.0	1592
31P2R1A5_03618	31P2R1A5_03618	100.000	355	0	0	1	355	1	355	0.0	733
31P2R1A5_03618	54P2R2A3_01199	97.183	355	10	0	1	355	1	355	0.0	719
31P2R1A5_03619	31P2R1A5_03619	100.000	339	0	0	1	339	1	339	0.0	693
31P2R1A5_03619	54P2R2A3_01200	96.165	339	13	0	1	339	1	339	0.0	671
31P2R1A5_03620	31P2R1A5_03620	100.000	428	0	0	1	428	1	428	0.0	854
31P2R1A5_03620	54P2R2A3_01201	96.262	428	16	0	1	428	1	428	0.0	827
31P2R1A5_03621	31P2R1A5_03621	100.000	320	0	0	1	320	1	320	0.0	661
31P2R1A5_03621	54P2R2A3_01202	95.484	310	14	0	9	318	1	310	0.0	622
31P2R1A5_03622	31P2R1A5_03622	100.000	1487	0	0	1	1487	1	1487	0.0	3072
31P2R1A5_03622	42P1R1A12_04077	97.310	1487	40	0	1	1487	1	1487	0.0	3001
31P2R1A5_03622	18P3R3A11_02695	95.091	1487	73	0	1	1487	1	1487	0.0	2927
31P2R1A5_03623	31P2R1A5_03623	100.000	473	0	0	1	473	1	473	0.0	975
31P2R1A5_03623	42P1R1A12_04076	97.674	473	11	0	1	473	1	473	0.0	957
31P2R1A5_03623	18P3R3A11_02696	95.983	473	19	0	1	473	1	473	0.0	947
31P2R1A5_03624	31P2R1A5_03624	100.000	235	0	0	1	235	1	235	4.54e-171	470
31P2R1A5_03625	31P2R1A5_03625	100.000	165	0	0	1	165	1	165	3.97e-117	328
31P2R1A5_03626	31P2R1A5_03626	100.000	213	0	0	1	213	1	213	1.50e-158	436
31P2R1A5_03628	31P2R1A5_03628	100.000	143	0	0	1	143	1	143	1.23e-103	292
31P2R1A5_03628	47P2R3A6_01377	97.203	143	4	0	1	143	1	143	2.26e-101	286
31P2R1A5_03628	10P3R2A13_00214	96.503	143	5	0	1	143	1	143	9.10e-101	285
31P2R1A5_03629	31P2R1A5_03629	100.000	377	0	0	1	377	1	377	0.0	776
31P2R1A5_03630	31P2R1A5_03630	100.000	133	0	0	1	133	1	133	3.98e-96	272
31P2R1A5_03630	51P2R2A10_02007	97.744	133	3	0	1	133	1	133	6.14e-94	266
31P2R1A5_03631	31P2R1A5_03631	100.000	456	0	0	1	456	1	456	0.0	892
31P2R1A5_03632	31P2R1A5_03632	100.000	353	0	0	1	353	1	353	0.0	699
31P2R1A5_03632	42P1R1A12_04064	96.045	354	13	1	1	353	1	354	0.0	677
31P2R1A5_03633	31P2R1A5_03633	100.000	237	0	0	1	237	1	237	1.37e-173	476
31P2R1A5_03634	31P2R1A5_03634	100.000	126	0	0	1	126	1	126	2.38e-84	242
31P2R1A5_03634	54P2R2A3_01215	100.000	126	0	0	1	126	309	434	1.39e-80	243
31P2R1A5_03634	31P2R1A5_04419	96.032	126	5	0	1	126	1	126	5.28e-80	231
31P2R1A5_03636	31P2R1A5_03636	100.000	344	0	0	1	344	1	344	0.0	707
31P2R1A5_03636	42P1R1A12_01431	97.384	344	9	0	1	344	1	344	0.0	687
31P2R1A5_03636	18P3R3A11_03466	95.349	344	16	0	1	344	1	344	0.0	679
31P2R1A5_03637	31P2R1A5_03637	100.000	218	0	0	1	218	1	218	4.91e-152	421
31P2R1A5_03637	42P1R1A12_01432	97.706	218	5	0	1	218	1	218	3.87e-149	413
31P2R1A5_03637	18P3R3A11_03467	96.789	218	7	0	1	218	1	218	1.31e-148	412
31P2R1A5_03637	10P3R2A13_03529	95.413	218	10	0	1	218	1	218	5.36e-127	357
31P2R1A5_03638	31P2R1A5_03638	100.000	272	0	0	1	272	1	272	0.0	543
31P2R1A5_03639	31P2R1A5_03639	100.000	136	0	0	1	136	1	136	5.44e-96	272
31P2R1A5_03639	54P2R2A3_04261	97.059	136	4	0	1	136	1	136	1.60e-94	268
31P2R1A5_03640	31P2R1A5_03640	100.000	236	0	0	1	236	1	236	1.81e-176	484
31P2R1A5_03640	54P2R2A3_04260	97.034	236	7	0	1	236	1	236	1.31e-171	471
31P2R1A5_03641	31P2R1A5_03641	100.000	573	0	0	1	573	1	573	0.0	1176
31P2R1A5_03641	54P2R2A3_04259	97.731	573	13	0	1	573	1	573	0.0	1155
31P2R1A5_03641	42P1R1A12_01436	96.161	573	22	0	1	573	1	573	0.0	1137
31P2R1A5_03642	31P2R1A5_03642	100.000	281	0	0	1	281	1	281	0.0	571
31P2R1A5_03643	31P2R1A5_03643	100.000	240	0	0	1	240	1	240	0.0	504
31P2R1A5_03643	54P2R2A3_04257	98.283	233	4	0	8	240	1	233	8.97e-177	484
31P2R1A5_03644	31P2R1A5_03644	100.000	138	0	0	1	138	1	138	4.80e-96	272
31P2R1A5_03644	54P2R2A3_04256	95.652	138	6	0	1	138	1	138	1.18e-91	261
31P2R1A5_03645	31P2R1A5_03645	100.000	182	0	0	1	182	1	182	1.48e-131	365
31P2R1A5_03645	54P2R2A3_04255	96.703	182	6	0	1	182	1	182	1.58e-126	353
31P2R1A5_03646	31P2R1A5_03646	100.000	67	0	0	1	67	1	67	6.34e-42	130
31P2R1A5_03647	31P2R1A5_03647	100.000	87	0	0	1	87	1	87	3.29e-60	178
31P2R1A5_03647	42P1R1A12_01442	95.402	87	4	0	1	87	1	87	3.71e-57	170
31P2R1A5_03648	31P2R1A5_03648	100.000	438	0	0	1	438	1	438	0.0	882
31P2R1A5_03648	54P2R2A3_04252	96.560	436	15	0	1	436	1	436	0.0	847
31P2R1A5_03649	31P2R1A5_03649	100.000	130	0	0	1	130	1	130	3.72e-94	267
31P2R1A5_03650	31P2R1A5_03650	100.000	730	0	0	1	730	1	730	0.0	1524
31P2R1A5_03650	51P2R2A10_04549	95.297	723	34	0	2	724	1	723	0.0	1449
31P2R1A5_03651	31P2R1A5_03651	100.000	320	0	0	1	320	1	320	0.0	647
31P2R1A5_03651	10P3R2A13_03543	96.250	320	12	0	1	320	1	320	0.0	630
31P2R1A5_03651	18P3R3A11_03480	95.938	320	13	0	1	320	1	320	0.0	627
31P2R1A5_03651	38P2R3A13_08026	95.374	281	13	0	40	320	1	281	0.0	551
31P2R1A5_03652	31P2R1A5_03652	100.000	1161	0	0	1	1161	1	1161	0.0	2385
31P2R1A5_03652	42P1R1A12_01448	95.693	1161	50	0	1	1161	1	1161	0.0	2284
31P2R1A5_03652	18P3R3A11_03481	95.004	1161	58	0	1	1161	1	1161	0.0	2278
31P2R1A5_03652	15P1R1A16_04225	96.250	960	36	0	202	1161	1	960	0.0	1911
31P2R1A5_03653	31P2R1A5_03653	100.000	200	0	0	1	200	1	200	6.45e-147	406
31P2R1A5_03654	31P2R1A5_03654	100.000	384	0	0	1	384	1	384	0.0	781
31P2R1A5_03654	42P1R1A12_01450	95.026	382	19	0	1	382	1	382	0.0	739
31P2R1A5_03655	31P2R1A5_03655	100.000	263	0	0	1	263	1	263	0.0	531
31P2R1A5_03655	42P1R1A12_01451	96.198	263	10	0	1	263	1	263	0.0	517
31P2R1A5_03657	31P2R1A5_03657	100.000	342	0	0	1	342	1	342	0.0	694
31P2R1A5_03657	42P1R1A12_01453	95.322	342	16	0	1	342	1	342	0.0	668
31P2R1A5_03658	31P2R1A5_03658	100.000	162	0	0	1	162	1	162	1.41e-114	321
31P2R1A5_03658	42P1R1A12_01454	96.296	162	6	0	1	162	1	162	7.28e-111	311
31P2R1A5_03659	31P2R1A5_03659	100.000	810	0	0	1	810	1	810	0.0	1663
31P2R1A5_03659	42P1R1A12_01455	96.790	810	26	0	1	810	1	810	0.0	1623
31P2R1A5_03660	31P2R1A5_03660	100.000	451	0	0	1	451	1	451	0.0	907
31P2R1A5_03661	31P2R1A5_03661	100.000	286	0	0	1	286	1	286	0.0	563
31P2R1A5_03661	54P2R2A3_04239	99.234	261	2	0	26	286	1	261	0.0	514
31P2R1A5_03662	31P2R1A5_03662	100.000	230	0	0	1	230	1	230	4.99e-172	472
31P2R1A5_03662	54P2R2A3_04238	98.696	230	3	0	1	230	24	253	5.02e-171	470
31P2R1A5_03662	42P1R1A12_01458	95.652	230	10	0	1	230	24	253	9.98e-165	454
31P2R1A5_03663	31P2R1A5_03663	100.000	401	0	0	1	401	1	401	0.0	826
31P2R1A5_03663	54P2R2A3_04237	96.259	401	15	0	1	401	1	401	0.0	796
31P2R1A5_03664	31P2R1A5_03664	100.000	186	0	0	1	186	1	186	3.72e-132	367
31P2R1A5_03664	42P1R1A12_01460	96.774	186	6	0	1	186	1	186	1.92e-128	358
31P2R1A5_03664	10P3R2A13_03557	95.161	186	9	0	1	186	1	186	1.41e-126	353
31P2R1A5_03666	31P2R1A5_03666	100.000	284	0	0	1	284	1	284	0.0	563
31P2R1A5_03666	10P3R2A13_03559	96.127	284	11	0	1	284	1	284	0.0	547
31P2R1A5_03666	18P3R3A11_03495	95.423	284	13	0	1	284	1	284	0.0	541
31P2R1A5_03668	31P2R1A5_03668	100.000	265	0	0	1	265	1	265	0.0	543
31P2R1A5_03668	42P1R1A12_01464	96.981	265	8	0	1	265	1	265	0.0	533
31P2R1A5_03668	10P3R2A13_03561	95.094	265	13	0	1	265	1	265	0.0	520
31P2R1A5_03669	31P2R1A5_03669	100.000	888	0	0	1	888	1	888	0.0	1823
31P2R1A5_03671	31P2R1A5_03671	100.000	129	0	0	1	129	1	129	6.23e-91	259
31P2R1A5_03671	42P1R1A12_01467	98.425	127	2	0	1	127	1	127	1.72e-89	255
31P2R1A5_03671	10P3R2A13_03564	96.899	129	4	0	1	129	1	129	2.46e-89	254
31P2R1A5_03671	18P3R3A11_03500	97.638	127	3	0	1	127	1	127	4.18e-89	254
31P2R1A5_03673	31P2R1A5_03673	100.000	478	0	0	1	478	1	478	0.0	952
31P2R1A5_03673	42P1R1A12_01470	97.500	480	10	1	1	478	1	480	0.0	930
31P2R1A5_03674	31P2R1A5_03674	100.000	505	0	0	1	505	1	505	0.0	1043
31P2R1A5_03675	31P2R1A5_03675	100.000	233	0	0	1	233	1	233	3.49e-171	470
31P2R1A5_03675	54P2R2A3_04225	97.425	233	6	0	1	233	1	233	1.48e-166	458
31P2R1A5_03676	31P2R1A5_03676	100.000	267	0	0	1	267	1	267	0.0	533
31P2R1A5_03676	54P2R2A3_04224	97.753	267	6	0	1	267	1	267	0.0	521
31P2R1A5_03677	31P2R1A5_03677	100.000	208	0	0	1	208	1	208	2.18e-145	403
31P2R1A5_03677	42P1R1A12_01474	95.192	208	10	0	1	208	1	208	4.66e-131	367
31P2R1A5_03678	31P2R1A5_03678	100.000	115	0	0	1	115	1	115	4.25e-82	235
31P2R1A5_03678	10P3R2A13_03571	96.522	115	4	0	1	115	1	115	1.60e-79	229
31P2R1A5_03679	31P2R1A5_03679	100.000	504	0	0	1	504	1	504	0.0	998
31P2R1A5_03680	31P2R1A5_03680	100.000	427	0	0	1	427	1	427	0.0	872
31P2R1A5_03680	54P2R2A3_04220	97.892	427	9	0	1	427	1	427	0.0	858
31P2R1A5_03680	38P2R3A13_06763	95.316	427	20	0	1	427	1	427	0.0	840
31P2R1A5_03680	42P1R1A12_01477	95.785	427	18	0	1	427	1	427	0.0	837
31P2R1A5_03681	31P2R1A5_03681	100.000	661	0	0	1	661	1	661	0.0	1259
31P2R1A5_03682	31P2R1A5_03682	100.000	298	0	0	1	298	1	298	0.0	600
31P2R1A5_03683	31P2R1A5_03683	100.000	266	0	0	1	266	1	266	0.0	538
31P2R1A5_03683	54P2R2A3_04217	96.992	266	8	0	1	266	1	266	0.0	521
31P2R1A5_03683	42P1R1A12_01481	95.113	266	13	0	1	266	1	266	0.0	510
31P2R1A5_03684	31P2R1A5_03684	100.000	736	0	0	1	736	1	736	0.0	1521
31P2R1A5_03684	54P2R2A3_04216	97.690	736	17	0	1	736	1	736	0.0	1493
31P2R1A5_03686	31P2R1A5_03686	100.000	125	0	0	1	125	1	125	1.35e-88	253
31P2R1A5_03687	31P2R1A5_03687	100.000	186	0	0	1	186	1	186	2.32e-132	368
31P2R1A5_03687	44P3R3A6_03951	96.237	186	7	0	1	186	1	186	1.54e-127	356
31P2R1A5_03688	31P2R1A5_03688	100.000	1103	0	0	1	1103	1	1103	0.0	2271
31P2R1A5_03689	31P2R1A5_03689	100.000	281	0	0	1	281	1	281	0.0	561
31P2R1A5_03690	31P2R1A5_03690	100.000	652	0	0	1	652	1	652	0.0	1308
31P2R1A5_03690	54P2R2A3_04211	97.546	652	16	0	1	652	1	652	0.0	1282
31P2R1A5_03691	31P2R1A5_03691	100.000	498	0	0	1	498	1	498	0.0	999
31P2R1A5_03691	54P2R2A3_04210	97.992	498	10	0	1	498	1	498	0.0	979
31P2R1A5_03692	31P2R1A5_03692	100.000	405	0	0	1	405	1	405	0.0	798
31P2R1A5_03692	54P2R2A3_04209	97.284	405	11	0	1	405	1	405	0.0	773
31P2R1A5_03693	31P2R1A5_03693	100.000	141	0	0	1	141	1	141	7.89e-102	287
31P2R1A5_03694	31P2R1A5_03694	100.000	172	0	0	1	172	1	172	2.17e-120	337
31P2R1A5_03694	54P2R2A3_04207	95.349	172	8	0	1	172	1	172	1.96e-98	281
31P2R1A5_03695	31P2R1A5_03695	100.000	122	0	0	1	122	1	122	1.41e-82	237
31P2R1A5_03696	31P2R1A5_03696	100.000	199	0	0	1	199	1	199	9.97e-143	395
31P2R1A5_03696	54P2R2A3_04205	96.985	199	6	0	1	199	1	199	1.13e-137	382
31P2R1A5_03697	31P2R1A5_03697	100.000	327	0	0	1	327	1	327	0.0	661
31P2R1A5_03697	54P2R2A3_04204	95.706	326	14	0	1	326	1	326	0.0	605
31P2R1A5_03698	31P2R1A5_03698	100.000	389	0	0	1	389	1	389	0.0	774
31P2R1A5_03699	31P2R1A5_03699	100.000	162	0	0	1	162	1	162	3.44e-113	318
31P2R1A5_03700	31P2R1A5_03700	100.000	249	0	0	1	249	1	249	1.72e-177	487
31P2R1A5_03700	44P3R3A6_03965	100.000	168	0	0	82	249	1	168	5.25e-118	334
31P2R1A5_03701	31P2R1A5_03701	100.000	267	0	0	1	267	1	267	0.0	513
31P2R1A5_03701	54P2R2A3_04200	97.753	267	6	0	1	267	1	267	0.0	504
31P2R1A5_03702	31P2R1A5_03702	100.000	810	0	0	1	810	1	810	0.0	1598
31P2R1A5_03702	54P2R2A3_04199	97.407	810	21	0	1	810	1	810	0.0	1557
31P2R1A5_03703	31P2R1A5_03703	100.000	179	0	0	1	179	1	179	4.61e-130	362
31P2R1A5_03703	54P2R2A3_04198	96.648	179	6	0	1	179	1	179	9.28e-126	351
31P2R1A5_03704	31P2R1A5_03704	100.000	239	0	0	1	239	1	239	0.0	498
31P2R1A5_03706	31P2R1A5_03706	100.000	294	0	0	1	294	1	294	0.0	600
31P2R1A5_03706	54P2R2A3_04195	96.259	294	11	0	1	294	1	294	0.0	581
31P2R1A5_03707	31P2R1A5_03707	100.000	454	0	0	1	454	1	454	0.0	935
31P2R1A5_03707	54P2R2A3_04194	97.797	454	10	0	1	454	1	454	0.0	915
31P2R1A5_03707	42P1R1A12_01506	96.074	433	17	0	1	433	1	433	0.0	835
31P2R1A5_03708	31P2R1A5_03708	100.000	160	0	0	1	160	1	160	1.28e-115	323
31P2R1A5_03709	31P2R1A5_03709	100.000	264	0	0	1	264	1	264	0.0	539
31P2R1A5_03710	31P2R1A5_03710	100.000	285	0	0	1	285	1	285	0.0	577
31P2R1A5_03711	31P2R1A5_03711	100.000	127	0	0	1	127	1	127	2.76e-93	265
31P2R1A5_03712	31P2R1A5_03712	100.000	418	0	0	1	418	1	418	0.0	860
31P2R1A5_03712	54P2R2A3_04189	97.368	418	11	0	1	418	1	418	0.0	841
31P2R1A5_03713	31P2R1A5_03713	100.000	147	0	0	1	147	1	147	4.34e-110	308
31P2R1A5_03713	54P2R2A3_04188	95.238	147	7	0	1	147	1	147	2.25e-104	294
31P2R1A5_03714	31P2R1A5_03714	100.000	256	0	0	1	256	1	256	0.0	506
31P2R1A5_03714	42P1R1A12_01513	96.875	256	8	0	1	256	2	257	0.0	497
31P2R1A5_03715	31P2R1A5_03715	100.000	309	0	0	1	309	1	309	0.0	630
31P2R1A5_03715	42P1R1A12_01514	95.469	309	14	0	1	309	1	309	0.0	607
31P2R1A5_03716	31P2R1A5_03716	100.000	221	0	0	1	221	1	221	8.32e-166	456
31P2R1A5_03716	42P1R1A12_01515	95.928	221	9	0	1	221	1	221	6.31e-161	443
31P2R1A5_03716	10P3R2A13_02448	95.928	221	9	0	1	221	1	221	8.87e-161	443
31P2R1A5_03717	31P2R1A5_03717	100.000	179	0	0	1	179	1	179	3.79e-130	362
31P2R1A5_03717	42P1R1A12_01516	98.324	179	3	0	1	179	12	190	1.66e-128	358
31P2R1A5_03717	47P2R3A6_02463	95.531	179	8	0	1	179	5	183	9.48e-125	348
31P2R1A5_03717	38P2R3A13_07450	95.349	172	8	0	8	179	1	172	3.93e-119	334
31P2R1A5_03718	31P2R1A5_03718	100.000	797	0	0	1	797	1	797	0.0	1627
31P2R1A5_03718	42P1R1A12_01517	96.236	797	30	0	1	797	1	797	0.0	1586
31P2R1A5_03719	31P2R1A5_03719	100.000	529	0	0	1	529	1	529	0.0	1086
31P2R1A5_03719	44P3R3A6_03984	97.238	543	1	1	1	529	1	543	0.0	1075
31P2R1A5_03719	54P2R2A3_04182	95.310	533	21	1	1	529	1	533	0.0	1036
31P2R1A5_03720	31P2R1A5_03720	100.000	120	0	0	1	120	1	120	1.14e-85	244
31P2R1A5_03721	31P2R1A5_03721	100.000	137	0	0	1	137	1	137	6.46e-97	275
31P2R1A5_03722	31P2R1A5_03722	100.000	651	0	0	1	651	1	651	0.0	1271
31P2R1A5_03723	31P2R1A5_03723	100.000	287	0	0	1	287	1	287	0.0	599
31P2R1A5_03724	31P2R1A5_03724	100.000	265	0	0	1	265	1	265	0.0	548
31P2R1A5_03724	42P1R1A12_01523	96.604	265	9	0	1	265	1	265	0.0	537
31P2R1A5_03724	51P2R2A10_04623	96.226	265	10	0	1	265	1	265	0.0	535
31P2R1A5_03724	18P3R3A11_03547	95.094	265	13	0	1	265	1	265	0.0	528
31P2R1A5_03724	38P2R3A13_08205	95.094	265	13	0	1	265	1	265	0.0	528
31P2R1A5_03724	10P3R2A13_02454	95.094	265	13	0	1	265	1	265	0.0	528
31P2R1A5_03725	31P2R1A5_03725	100.000	121	0	0	1	121	1	121	5.11e-86	246
31P2R1A5_03725	51P2R2A10_04624	97.521	121	3	0	1	121	1	121	1.00e-84	242
31P2R1A5_03726	31P2R1A5_03726	100.000	866	0	0	1	866	1	866	0.0	1778
31P2R1A5_03726	42P1R1A12_01529	96.651	866	29	0	1	866	1	866	0.0	1724
31P2R1A5_03726	18P3R3A11_03679	96.189	866	33	0	1	866	1	866	0.0	1714
31P2R1A5_03726	10P3R2A13_02456	96.189	866	33	0	1	866	1	866	0.0	1670
31P2R1A5_03726	38P2R3A13_08203	96.735	735	24	0	132	866	1	735	0.0	1473
31P2R1A5_03726	43P2R2A2_02362	96.885	610	19	0	257	866	1	610	0.0	1221
31P2R1A5_03726	34P3R2A10_05060	97.015	402	12	0	465	866	1	402	0.0	806
31P2R1A5_03726	43P2R2A2_05704	96.501	343	12	0	524	866	1	343	0.0	639
31P2R1A5_03726	15P1R1A16_04990	95.513	156	7	0	711	866	1	156	2.41e-93	290
31P2R1A5_03727	31P2R1A5_03727	100.000	542	0	0	1	542	1	542	0.0	1103
31P2R1A5_03727	44P3R3A6_03992	96.310	542	14	1	1	542	1	536	0.0	1056
31P2R1A5_03728	31P2R1A5_03728	100.000	269	0	0	1	269	1	269	0.0	547
31P2R1A5_03729	31P2R1A5_03729	100.000	95	0	0	1	95	1	95	1.76e-65	192
31P2R1A5_03730	31P2R1A5_03730	100.000	475	0	0	1	475	1	475	0.0	957
31P2R1A5_03730	18P3R3A11_03684	97.684	475	11	0	1	475	1	475	0.0	940
31P2R1A5_03730	10P3R2A13_02458	96.842	475	15	0	1	475	1	475	0.0	935
31P2R1A5_03730	34P3R2A10_05284	97.778	45	1	0	431	475	1	45	1.10e-22	90.9
31P2R1A5_03732	31P2R1A5_03732	100.000	888	0	0	1	888	1	888	0.0	1843
31P2R1A5_03732	54P2R2A3_02506	97.297	888	24	0	1	888	1	888	0.0	1798
31P2R1A5_03732	10P3R2A13_02460	95.158	888	43	0	1	888	1	888	0.0	1775
31P2R1A5_03732	18P3R3A11_03686	95.270	888	42	0	1	888	1	888	0.0	1772
31P2R1A5_03733	31P2R1A5_03733	100.000	260	0	0	1	260	1	260	0.0	518
31P2R1A5_03733	18P3R3A11_03687	97.244	254	7	0	1	254	1	254	2.84e-180	495
31P2R1A5_03734	31P2R1A5_03734	100.000	457	0	0	1	457	1	457	0.0	912
31P2R1A5_03734	42P1R1A12_01537	96.264	455	17	0	1	455	1	455	0.0	885
31P2R1A5_03735	31P2R1A5_03735	100.000	469	0	0	1	469	1	469	0.0	964
31P2R1A5_03736	31P2R1A5_03736	100.000	317	0	0	1	317	1	317	0.0	662
31P2R1A5_03736	54P2R2A3_02510	97.161	317	9	0	1	317	1	317	0.0	647
31P2R1A5_03737	31P2R1A5_03737	100.000	285	0	0	1	285	1	285	0.0	572
31P2R1A5_03737	54P2R2A3_02511	97.895	285	6	0	1	285	1	285	0.0	564
31P2R1A5_03738	31P2R1A5_03738	100.000	188	0	0	1	188	1	188	3.04e-140	388
31P2R1A5_03738	54P2R2A3_02512	96.277	188	7	0	1	188	1	188	2.77e-136	378
31P2R1A5_03739	31P2R1A5_03739	100.000	298	0	0	1	298	1	298	0.0	603
31P2R1A5_03740	31P2R1A5_03740	100.000	144	0	0	1	144	1	144	5.45e-104	293
31P2R1A5_03741	31P2R1A5_03741	100.000	462	0	0	1	462	1	462	0.0	934
31P2R1A5_03741	54P2R2A3_02515	97.835	462	10	0	1	462	1	462	0.0	920
31P2R1A5_03742	31P2R1A5_03742	100.000	402	0	0	1	402	1	402	0.0	792
31P2R1A5_03743	31P2R1A5_03743	100.000	348	0	0	1	348	1	348	0.0	716
31P2R1A5_03743	54P2R2A3_02517	97.414	348	9	0	1	348	1	348	0.0	699
31P2R1A5_03743	34P3R2A10_01126	95.413	109	5	0	240	348	1	109	4.59e-70	214
31P2R1A5_03744	31P2R1A5_03744	100.000	207	0	0	1	207	1	207	1.96e-151	418
31P2R1A5_03744	54P2R2A3_02518	96.135	207	8	0	1	207	1	207	7.13e-146	404
31P2R1A5_03745	31P2R1A5_03745	100.000	248	0	0	1	248	1	248	0.0	505
31P2R1A5_03745	54P2R2A3_02519	96.774	248	8	0	1	248	1	248	4.28e-178	489
31P2R1A5_03746	31P2R1A5_03746	100.000	65	0	0	1	65	1	65	2.26e-43	134
31P2R1A5_03747	31P2R1A5_03747	100.000	131	0	0	1	131	1	131	2.11e-93	265
31P2R1A5_03748	31P2R1A5_03748	100.000	902	0	0	1	902	1	902	0.0	1864
31P2R1A5_03748	42P1R1A12_01551	96.231	902	34	0	1	902	1	902	0.0	1808
31P2R1A5_03748	18P3R3A11_03702	95.011	902	45	0	1	902	1	902	0.0	1772
31P2R1A5_03748	31P2R1A5_00978	95.238	21	1	0	876	896	198	218	9.21e-08	53.9
31P2R1A5_03748	42P1R1A12_00339	95.238	21	1	0	876	896	198	218	1.13e-07	53.5
31P2R1A5_03748	54P2R2A3_02353	95.238	21	1	0	876	896	198	218	6.57e-07	51.6
31P2R1A5_03749	31P2R1A5_03749	100.000	168	0	0	1	168	1	168	2.29e-121	339
31P2R1A5_03750	31P2R1A5_03750	100.000	306	0	0	1	306	1	306	0.0	634
31P2R1A5_03750	42P1R1A12_01553	96.405	306	11	0	1	306	1	306	0.0	621
31P2R1A5_03750	18P3R3A11_03704	96.732	306	10	0	1	306	1	306	0.0	620
31P2R1A5_03750	10P3R2A13_02476	96.078	306	12	0	1	306	1	306	0.0	617
31P2R1A5_03753	31P2R1A5_03753	100.000	277	0	0	1	277	1	277	0.0	570
31P2R1A5_03753	42P1R1A12_01556	96.043	278	10	1	1	277	1	278	0.0	548
31P2R1A5_03754	31P2R1A5_03754	100.000	307	0	0	1	307	1	307	0.0	620
31P2R1A5_03754	54P2R2A3_02528	96.743	307	10	0	1	307	1	307	0.0	601
31P2R1A5_03755	31P2R1A5_03755	100.000	492	0	0	1	492	1	492	0.0	1004
31P2R1A5_03755	42P1R1A12_01558	96.545	492	17	0	1	492	1	492	0.0	976
31P2R1A5_03756	31P2R1A5_03756	100.000	349	0	0	1	349	1	349	0.0	700
31P2R1A5_03756	51P2R2A10_04655	95.415	349	16	0	1	349	1	349	0.0	669
31P2R1A5_03757	31P2R1A5_03757	100.000	425	0	0	1	425	1	425	0.0	843
31P2R1A5_03757	42P1R1A12_01560	96.000	425	12	1	1	425	1	420	0.0	804
31P2R1A5_03758	31P2R1A5_03758	100.000	439	0	0	1	439	1	439	0.0	894
31P2R1A5_03759	31P2R1A5_03759	100.000	361	0	0	1	361	1	361	0.0	719
31P2R1A5_03759	10P3R2A13_02485	97.230	361	10	0	1	361	1	361	0.0	705
31P2R1A5_03760	31P2R1A5_03760	100.000	453	0	0	1	453	1	453	0.0	919
31P2R1A5_03761	31P2R1A5_03761	100.000	496	0	0	1	496	1	496	0.0	1016
31P2R1A5_03761	42P1R1A12_01564	95.968	496	20	0	1	496	1	496	0.0	927
31P2R1A5_03762	31P2R1A5_03762	100.000	589	0	0	1	589	1	589	0.0	1205
31P2R1A5_03762	47P2R3A6_02506	95.416	589	27	0	1	589	1	589	0.0	1160
31P2R1A5_03762	18P3R3A11_03716	95.416	589	27	0	1	589	1	589	0.0	1159
31P2R1A5_03763	31P2R1A5_03763	100.000	122	0	0	1	122	1	122	6.41e-86	245
31P2R1A5_03763	10P3R2A13_02489	95.902	122	5	0	1	122	1	122	3.03e-83	239
31P2R1A5_03763	18P3R3A11_03717	95.902	122	5	0	1	122	1	122	1.19e-72	212
31P2R1A5_03764	31P2R1A5_03764	100.000	314	0	0	1	314	1	314	0.0	634
31P2R1A5_03764	42P1R1A12_01567	96.815	314	10	0	1	314	1	314	0.0	617
31P2R1A5_03764	18P3R3A11_03718	95.223	314	15	0	1	314	1	314	0.0	605
31P2R1A5_03765	31P2R1A5_03765	100.000	153	0	0	1	153	1	153	6.95e-112	313
31P2R1A5_03765	42P1R1A12_01568	96.732	153	5	0	1	153	1	153	4.18e-109	306
31P2R1A5_03766	31P2R1A5_03766	100.000	335	0	0	1	335	1	335	0.0	686
31P2R1A5_03766	38P2R3A13_02589	96.407	334	12	0	1	334	1	334	0.0	664
31P2R1A5_03766	10P3R2A13_02492	96.096	333	13	0	1	333	1	333	0.0	661
31P2R1A5_03767	31P2R1A5_03767	100.000	164	0	0	1	164	1	164	1.36e-115	324
31P2R1A5_03767	10P3R2A13_02493	95.732	164	7	0	1	164	1	164	2.29e-112	316
31P2R1A5_03768	31P2R1A5_03768	100.000	575	0	0	1	575	1	575	0.0	1184
31P2R1A5_03768	42P1R1A12_01571	95.826	575	24	0	1	575	1	575	0.0	1139
31P2R1A5_03769	31P2R1A5_03769	100.000	317	0	0	1	317	1	317	0.0	660
31P2R1A5_03770	31P2R1A5_03770	100.000	524	0	0	1	524	1	524	0.0	1082
31P2R1A5_03770	42P1R1A12_01573	95.038	524	26	0	1	524	1	524	0.0	1039
31P2R1A5_03771	31P2R1A5_03771	100.000	364	0	0	1	364	1	364	0.0	748
31P2R1A5_03771	42P1R1A12_01574	95.330	364	17	0	1	364	1	364	0.0	719
31P2R1A5_03772	31P2R1A5_03772	100.000	467	0	0	1	467	1	467	0.0	966
31P2R1A5_03772	10P3R2A13_02498	96.788	467	15	0	1	467	1	467	0.0	940
31P2R1A5_03772	42P1R1A12_01575	96.574	467	16	0	1	467	1	467	0.0	937
31P2R1A5_03772	38P2R3A13_02583	95.717	467	20	0	1	467	1	467	0.0	914
31P2R1A5_03772	38P2R3A13_05530	95.503	467	21	0	1	467	1	467	0.0	910
31P2R1A5_03773	31P2R1A5_03773	100.000	202	0	0	1	202	1	202	4.12e-152	419
31P2R1A5_03773	54P2R2A3_02547	97.030	202	6	0	1	202	1	202	8.38e-148	408
31P2R1A5_03774	31P2R1A5_03774	100.000	678	0	0	1	678	1	678	0.0	1404
31P2R1A5_03774	54P2R2A3_02548	97.345	678	18	0	1	678	1	678	0.0	1377
31P2R1A5_03775	31P2R1A5_03775	100.000	288	0	0	1	288	1	288	0.0	597
31P2R1A5_03776	31P2R1A5_03776	100.000	405	0	0	1	405	1	405	0.0	799
31P2R1A5_03777	31P2R1A5_03777	100.000	252	0	0	1	252	1	252	0.0	514
31P2R1A5_03777	54P2R2A3_02551	97.619	252	6	0	1	252	1	252	0.0	503
31P2R1A5_03778	31P2R1A5_03778	100.000	299	0	0	1	299	1	299	0.0	616
31P2R1A5_03778	54P2R2A3_02552	97.324	299	8	0	1	299	1	299	0.0	603
31P2R1A5_03779	31P2R1A5_03779	100.000	437	0	0	1	437	1	437	0.0	874
31P2R1A5_03779	54P2R2A3_02553	97.025	437	13	0	1	437	1	437	0.0	853
31P2R1A5_03780	31P2R1A5_03780	100.000	395	0	0	1	395	1	395	0.0	786
31P2R1A5_03781	31P2R1A5_03781	100.000	51	0	0	1	51	1	51	4.75e-32	104
31P2R1A5_03782	31P2R1A5_03782	100.000	552	0	0	1	552	1	552	0.0	1140
31P2R1A5_03783	31P2R1A5_03783	100.000	328	0	0	1	328	1	328	0.0	668
31P2R1A5_03783	54P2R2A3_02557	96.646	328	11	0	1	328	1	328	0.0	649
31P2R1A5_03784	31P2R1A5_03784	100.000	537	0	0	1	537	1	537	0.0	1054
31P2R1A5_03784	54P2R2A3_02558	97.020	537	16	0	1	537	1	537	0.0	1029
31P2R1A5_03785	31P2R1A5_03785	100.000	234	0	0	1	234	1	234	3.42e-170	468
31P2R1A5_03785	54P2R2A3_02559	96.581	234	8	0	1	234	1	234	5.22e-165	454
31P2R1A5_03786	31P2R1A5_03786	100.000	256	0	0	1	256	1	256	0.0	502
31P2R1A5_03786	54P2R2A3_02560	97.656	256	6	0	1	256	1	256	2.03e-178	490
31P2R1A5_03787	31P2R1A5_03787	100.000	282	0	0	1	282	1	282	0.0	586
31P2R1A5_03787	51P2R2A10_04686	97.518	282	7	0	1	282	1	282	0.0	576
31P2R1A5_03788	31P2R1A5_03788	100.000	570	0	0	1	570	1	570	0.0	1168
31P2R1A5_03789	31P2R1A5_03789	100.000	501	0	0	1	501	1	501	0.0	1044
31P2R1A5_03790	31P2R1A5_03790	100.000	232	0	0	1	232	1	232	4.30e-176	482
31P2R1A5_03790	54P2R2A3_02564	96.983	232	7	0	1	232	1	232	1.26e-171	471
31P2R1A5_03791	31P2R1A5_03791	100.000	786	0	0	1	786	1	786	0.0	1623
31P2R1A5_03792	31P2R1A5_03792	100.000	969	0	0	1	969	1	969	0.0	1984
31P2R1A5_03792	42P1R1A12_01595	96.698	969	32	0	1	969	1	969	0.0	1925
31P2R1A5_03793	31P2R1A5_03793	100.000	220	0	0	1	220	1	220	6.91e-166	456
31P2R1A5_03794	31P2R1A5_03794	100.000	180	0	0	1	180	1	180	6.68e-131	364
31P2R1A5_03795	31P2R1A5_03795	100.000	455	0	0	1	455	1	455	0.0	908
31P2R1A5_03796	31P2R1A5_03796	100.000	542	0	0	1	542	1	542	0.0	1106
31P2R1A5_03796	54P2R2A3_02570	97.232	542	15	0	1	542	1	542	0.0	1075
31P2R1A5_03797	31P2R1A5_03797	100.000	233	0	0	1	233	1	233	7.21e-176	482
31P2R1A5_03797	54P2R2A3_02571	96.137	233	9	0	1	233	1	233	4.45e-169	465
31P2R1A5_03798	31P2R1A5_03798	100.000	276	0	0	1	276	1	276	0.0	567
31P2R1A5_03800	31P2R1A5_03800	100.000	429	0	0	1	429	1	429	0.0	874
31P2R1A5_03800	54P2R2A3_02574	97.203	429	12	0	1	429	1	429	0.0	858
31P2R1A5_03801	31P2R1A5_03801	100.000	330	0	0	1	330	1	330	0.0	664
31P2R1A5_03802	31P2R1A5_03802	100.000	274	0	0	1	274	1	274	0.0	566
31P2R1A5_03802	54P2R2A3_02576	97.080	274	8	0	1	274	1	274	0.0	554
31P2R1A5_03803	31P2R1A5_03803	100.000	126	0	0	1	126	1	126	2.27e-89	254
31P2R1A5_03803	51P2R2A10_04702	96.032	126	5	0	1	126	1	126	5.80e-87	248
31P2R1A5_03803	42P1R1A12_01606	95.238	126	6	0	1	126	1	126	7.91e-86	246
31P2R1A5_03804	31P2R1A5_03804	100.000	283	0	0	1	283	1	283	0.0	585
31P2R1A5_03805	31P2R1A5_03805	100.000	160	0	0	1	160	1	160	1.07e-118	331
31P2R1A5_03805	42P1R1A12_01608	96.875	160	5	0	1	160	1	160	2.02e-116	325
31P2R1A5_03805	18P3R3A11_01545	95.625	160	7	0	1	160	1	160	1.65e-114	321
31P2R1A5_03806	31P2R1A5_03806	100.000	622	0	0	1	622	1	622	0.0	1227
31P2R1A5_03807	31P2R1A5_03807	100.000	178	0	0	1	178	1	178	1.40e-133	370
31P2R1A5_03807	42P1R1A12_01610	97.191	178	5	0	1	178	1	178	1.76e-130	363
31P2R1A5_03808	31P2R1A5_03808	100.000	435	0	0	1	435	1	435	0.0	872
31P2R1A5_03809	31P2R1A5_03809	100.000	317	0	0	1	317	1	317	0.0	634
31P2R1A5_03810	31P2R1A5_03810	100.000	331	0	0	1	331	1	331	0.0	676
31P2R1A5_03811	31P2R1A5_03811	100.000	255	0	0	1	255	1	255	0.0	523
31P2R1A5_03812	31P2R1A5_03812	100.000	177	0	0	1	177	1	177	1.50e-131	365
31P2R1A5_03813	31P2R1A5_03813	100.000	156	0	0	1	156	1	156	3.00e-113	317
31P2R1A5_03814	31P2R1A5_03814	100.000	78	0	0	1	78	1	78	2.16e-52	157
31P2R1A5_03815	31P2R1A5_03815	100.000	1075	0	0	1	1075	1	1075	0.0	2202
31P2R1A5_03815	18P3R3A11_01541	97.581	1075	26	0	1	1075	1	1075	0.0	2156
31P2R1A5_03815	10P3R2A13_02292	97.015	1072	32	0	1	1072	1	1072	0.0	2145
31P2R1A5_03815	34P3R2A10_05111	96.599	294	10	0	779	1072	1	294	0.0	588
31P2R1A5_03815	38P2R3A13_08333	98.958	96	1	0	980	1075	1	96	4.93e-59	197
31P2R1A5_03816	31P2R1A5_03816	100.000	383	0	0	1	383	1	383	0.0	790
31P2R1A5_03816	42P1R1A12_01613	97.911	383	8	0	1	383	1	383	0.0	777
31P2R1A5_03816	18P3R3A11_01540	95.039	383	19	0	1	383	1	383	0.0	755
31P2R1A5_03817	31P2R1A5_03817	100.000	274	0	0	1	274	1	274	0.0	548
31P2R1A5_03817	54P2R2A3_02585	97.810	274	6	0	1	274	1	274	0.0	534
31P2R1A5_03818	31P2R1A5_03818	100.000	303	0	0	1	303	1	303	0.0	610
31P2R1A5_03820	31P2R1A5_03820	100.000	290	0	0	1	290	1	290	0.0	585
31P2R1A5_03820	42P1R1A12_01617	96.207	290	11	0	1	290	1	290	0.0	550
31P2R1A5_03820	51P2R2A10_04715	95.862	290	12	0	1	290	1	290	0.0	549
31P2R1A5_03821	31P2R1A5_03821	100.000	98	0	0	1	98	1	98	2.02e-64	189
31P2R1A5_03822	31P2R1A5_03822	100.000	307	0	0	1	307	1	307	0.0	633
31P2R1A5_03823	31P2R1A5_03823	100.000	447	0	0	1	447	1	447	0.0	884
31P2R1A5_03824	31P2R1A5_03824	100.000	84	0	0	1	84	1	84	1.42e-53	160
31P2R1A5_03825	31P2R1A5_03825	100.000	238	0	0	1	238	1	238	1.45e-178	489
31P2R1A5_03826	31P2R1A5_03826	100.000	412	0	0	1	412	1	412	0.0	830
31P2R1A5_03827	31P2R1A5_03827	100.000	122	0	0	1	122	1	122	2.54e-88	251
31P2R1A5_03828	31P2R1A5_03828	100.000	113	0	0	1	113	1	113	1.80e-82	236
31P2R1A5_03829	31P2R1A5_03829	100.000	497	0	0	1	497	1	497	0.0	1020
31P2R1A5_03830	31P2R1A5_03830	100.000	335	0	0	1	335	1	335	0.0	692
31P2R1A5_03831	31P2R1A5_03831	100.000	187	0	0	1	187	1	187	1.43e-138	384
31P2R1A5_03832	31P2R1A5_03832	100.000	124	0	0	1	124	1	124	6.82e-90	256
31P2R1A5_03833	31P2R1A5_03833	100.000	215	0	0	1	215	1	215	7.02e-156	430
31P2R1A5_03834	31P2R1A5_03834	100.000	313	0	0	1	313	1	313	0.0	625
31P2R1A5_03835	31P2R1A5_03835	100.000	263	0	0	1	263	1	263	0.0	525
31P2R1A5_03836	31P2R1A5_03836	100.000	383	0	0	1	383	1	383	0.0	759
31P2R1A5_03837	31P2R1A5_03837	100.000	599	0	0	1	599	1	599	0.0	1249
31P2R1A5_03838	31P2R1A5_03838	100.000	387	0	0	1	387	1	387	0.0	753
31P2R1A5_03839	31P2R1A5_03839	100.000	410	0	0	1	410	1	410	0.0	849
31P2R1A5_03839	42P1R1A12_03918	96.829	410	13	0	1	410	1	410	0.0	823
31P2R1A5_03840	31P2R1A5_03840	100.000	380	0	0	1	380	1	380	0.0	743
31P2R1A5_03841	31P2R1A5_03841	100.000	201	0	0	1	201	1	201	5.07e-147	406
31P2R1A5_03842	31P2R1A5_03842	100.000	249	0	0	1	249	1	249	0.0	515
31P2R1A5_03843	31P2R1A5_03843	100.000	230	0	0	1	230	1	230	4.62e-173	474
31P2R1A5_03844	31P2R1A5_03844	100.000	89	0	0	1	89	1	89	7.37e-62	182
31P2R1A5_03845	31P2R1A5_03845	100.000	175	0	0	1	175	1	175	7.62e-127	353
31P2R1A5_03846	31P2R1A5_03846	100.000	456	0	0	1	456	1	456	0.0	942
31P2R1A5_03847	31P2R1A5_03847	100.000	161	0	0	1	161	1	161	5.00e-118	330
31P2R1A5_03847	42P1R1A12_06166	95.652	161	7	0	1	161	1	161	2.32e-112	315
31P2R1A5_03848	31P2R1A5_03848	100.000	89	0	0	1	89	1	89	7.39e-61	179
31P2R1A5_03848	44P3R3A6_05122	97.753	89	2	0	1	89	1	89	8.87e-59	174
31P2R1A5_03849	31P2R1A5_03849	100.000	298	0	0	1	298	1	298	0.0	613
31P2R1A5_03850	31P2R1A5_03850	100.000	296	0	0	1	296	1	296	0.0	605
31P2R1A5_03851	31P2R1A5_03851	100.000	484	0	0	1	484	1	484	0.0	1004
31P2R1A5_03852	31P2R1A5_03852	100.000	444	0	0	1	444	1	444	0.0	906
31P2R1A5_03853	31P2R1A5_03853	100.000	250	0	0	1	250	1	250	0.0	520
31P2R1A5_03854	31P2R1A5_03854	100.000	230	0	0	1	230	1	230	6.39e-169	464
31P2R1A5_03855	31P2R1A5_03855	100.000	406	0	0	1	406	1	406	0.0	795
31P2R1A5_03856	31P2R1A5_03856	100.000	164	0	0	1	164	1	164	3.20e-120	335
31P2R1A5_03857	31P2R1A5_03857	100.000	189	0	0	1	189	1	189	1.24e-133	372
31P2R1A5_03857	54P2R2A3_04770	95.238	189	9	0	1	189	1	189	1.78e-126	353
31P2R1A5_03858	31P2R1A5_03858	100.000	88	0	0	1	88	1	88	7.93e-61	179
31P2R1A5_03859	31P2R1A5_03859	100.000	213	0	0	1	213	1	213	3.58e-151	418
31P2R1A5_03860	31P2R1A5_03860	100.000	304	0	0	1	304	1	304	0.0	630
31P2R1A5_03861	31P2R1A5_03861	100.000	352	0	0	1	352	1	352	0.0	733
31P2R1A5_03862	31P2R1A5_03862	100.000	192	0	0	1	192	1	192	1.48e-143	397
31P2R1A5_03863	31P2R1A5_03863	100.000	272	0	0	1	272	1	272	0.0	551
31P2R1A5_03864	31P2R1A5_03864	100.000	87	0	0	1	87	1	87	3.17e-61	180
31P2R1A5_03865	31P2R1A5_03865	100.000	747	0	0	1	747	1	747	0.0	1531
31P2R1A5_03866	31P2R1A5_03866	100.000	359	0	0	1	359	1	359	0.0	723
31P2R1A5_03867	31P2R1A5_03867	100.000	273	0	0	1	273	1	273	0.0	552
31P2R1A5_03868	31P2R1A5_03868	100.000	1010	0	0	1	1010	1	1010	0.0	2092
31P2R1A5_03869	31P2R1A5_03869	100.000	134	0	0	1	134	1	134	9.56e-96	271
31P2R1A5_03869	10P3R2A13_04639	96.183	131	5	0	1	131	6	136	5.85e-92	262
31P2R1A5_03870	31P2R1A5_03870	100.000	77	0	0	1	77	1	77	2.14e-50	152
31P2R1A5_03870	42P1R1A12_05603	97.403	77	2	0	1	77	1	77	2.56e-49	149
31P2R1A5_03870	3P1R3A2_04513	96.104	77	3	0	1	77	1	77	2.72e-48	147
31P2R1A5_03871	31P2R1A5_03871	100.000	447	0	0	1	447	1	447	0.0	928
31P2R1A5_03872	31P2R1A5_03872	100.000	588	0	0	1	588	1	588	0.0	1209
31P2R1A5_03873	31P2R1A5_03873	100.000	729	0	0	1	729	1	729	0.0	1499
31P2R1A5_03874	31P2R1A5_03874	100.000	363	0	0	1	363	1	363	0.0	738
31P2R1A5_03875	31P2R1A5_03875	100.000	668	0	0	1	668	1	668	0.0	1373
31P2R1A5_03876	31P2R1A5_03876	100.000	247	0	0	1	247	1	247	0.0	500
31P2R1A5_03877	31P2R1A5_03877	100.000	337	0	0	1	337	1	337	0.0	693
31P2R1A5_03878	31P2R1A5_03878	100.000	389	0	0	1	389	1	389	0.0	803
31P2R1A5_03878	12_1P1R2A2-1_02300	97.172	389	11	0	1	389	1	389	0.0	784
31P2R1A5_03879	31P2R1A5_03879	100.000	324	0	0	1	324	1	324	0.0	657
31P2R1A5_03879	42P1R1A12_05808	97.840	324	7	0	1	324	1	324	0.0	646
31P2R1A5_03880	31P2R1A5_03880	100.000	339	0	0	1	339	1	339	0.0	669
31P2R1A5_03881	31P2R1A5_03881	100.000	85	0	0	1	85	1	85	4.54e-61	180
31P2R1A5_03881	44P3R3A6_05483	97.647	85	2	0	1	85	1	85	1.89e-58	173
31P2R1A5_03881	54P2R2A3_04808	95.294	85	4	0	1	85	18	102	7.58e-58	172
31P2R1A5_03882	31P2R1A5_03882	100.000	84	0	0	1	84	1	84	1.63e-57	171
31P2R1A5_03882	54P2R2A3_04809	97.619	84	2	0	1	84	1	84	3.34e-56	167
31P2R1A5_03883	42P1R1A12_05812	99.145	117	1	0	1	117	308	424	8.47e-84	250
31P2R1A5_03883	31P2R1A5_03883	100.000	117	0	0	1	117	1	117	8.88e-84	239
31P2R1A5_03883	44P3R3A6_05481	98.291	117	2	0	1	117	45	161	1.58e-83	241
31P2R1A5_03884	31P2R1A5_03884	100.000	301	0	0	1	301	1	301	0.0	622
31P2R1A5_03884	42P1R1A12_05812	98.662	299	4	0	1	299	1	299	0.0	609
31P2R1A5_03884	44P3R3A6_05480	98.319	238	4	0	1	238	1	238	6.85e-174	480
31P2R1A5_03885	31P2R1A5_03885	100.000	142	0	0	1	142	1	142	1.47e-103	291
31P2R1A5_03885	42P1R1A12_05813	97.887	142	3	0	1	142	1	142	7.16e-101	285
31P2R1A5_03886	31P2R1A5_03886	100.000	77	0	0	1	77	1	77	1.10e-49	150
31P2R1A5_03886	42P1R1A12_05814	96.104	77	3	0	1	77	1	77	2.41e-48	147
31P2R1A5_03887	31P2R1A5_03887	100.000	265	0	0	1	265	1	265	0.0	546
31P2R1A5_03888	31P2R1A5_03888	100.000	397	0	0	1	397	1	397	0.0	768
31P2R1A5_03889	31P2R1A5_03889	100.000	87	0	0	1	87	1	87	1.93e-61	181
31P2R1A5_03890	31P2R1A5_03890	100.000	191	0	0	1	191	1	191	1.13e-144	399
31P2R1A5_03891	31P2R1A5_03891	100.000	172	0	0	1	172	1	172	2.07e-126	352
31P2R1A5_03892	31P2R1A5_03892	100.000	322	0	0	1	322	1	322	0.0	670
31P2R1A5_03893	31P2R1A5_03893	100.000	299	0	0	1	299	1	299	0.0	611
31P2R1A5_03893	56P2R2A4_00480	95.302	298	14	0	2	299	1	298	0.0	584
31P2R1A5_03894	31P2R1A5_03894	100.000	296	0	0	1	296	1	296	0.0	607
31P2R1A5_03895	31P2R1A5_03895	100.000	466	0	0	1	466	1	466	0.0	967
31P2R1A5_03896	31P2R1A5_03896	100.000	158	0	0	1	158	1	158	5.50e-105	296
31P2R1A5_03897	31P2R1A5_03897	100.000	287	0	0	1	287	1	287	0.0	588
31P2R1A5_03898	31P2R1A5_03898	100.000	318	0	0	1	318	1	318	0.0	649
31P2R1A5_03899	31P2R1A5_03899	100.000	138	0	0	1	138	1	138	1.24e-98	279
31P2R1A5_03900	31P2R1A5_03900	100.000	263	0	0	1	263	1	263	0.0	543
31P2R1A5_03901	31P2R1A5_03901	100.000	319	0	0	1	319	1	319	0.0	655
31P2R1A5_03902	31P2R1A5_03902	100.000	143	0	0	1	143	1	143	1.69e-106	299
31P2R1A5_03903	31P2R1A5_03903	100.000	293	0	0	1	293	1	293	0.0	604
31P2R1A5_03904	31P2R1A5_03904	100.000	106	0	0	1	106	1	106	9.92e-72	208
31P2R1A5_03905	31P2R1A5_03905	100.000	181	0	0	1	181	1	181	2.11e-132	368
31P2R1A5_03906	31P2R1A5_03906	100.000	83	0	0	1	83	1	83	6.08e-59	174
31P2R1A5_03906	44P3R3A6_05362	96.386	83	3	0	1	83	1	83	2.23e-57	170
31P2R1A5_03907	31P2R1A5_03907	100.000	667	0	0	1	667	1	667	0.0	1361
31P2R1A5_03907	44P3R3A6_05428	95.202	667	32	0	1	667	1	667	0.0	1283
31P2R1A5_03908	31P2R1A5_03908	100.000	144	0	0	1	144	1	144	9.80e-106	297
31P2R1A5_03908	44P3R3A6_05429	96.528	144	5	0	1	144	1	144	2.15e-102	289
31P2R1A5_03909	31P2R1A5_03909	100.000	245	0	0	1	245	1	245	7.46e-180	493
31P2R1A5_03909	44P3R3A6_05430	95.745	188	6	1	1	188	1	186	6.76e-129	363
31P2R1A5_03910	31P2R1A5_03910	100.000	77	0	0	1	77	1	77	1.47e-53	160
31P2R1A5_03911	31P2R1A5_03911	100.000	54	0	0	1	54	1	54	2.15e-33	107
31P2R1A5_03912	31P2R1A5_03912	100.000	471	0	0	1	471	1	471	0.0	944
31P2R1A5_03913	31P2R1A5_03913	100.000	301	0	0	1	301	1	301	0.0	624
31P2R1A5_03914	31P2R1A5_03914	100.000	380	0	0	1	380	1	380	0.0	780
31P2R1A5_03915	31P2R1A5_03915	100.000	220	0	0	1	220	1	220	2.49e-158	436
31P2R1A5_03916	31P2R1A5_03916	100.000	104	0	0	1	104	1	104	1.03e-73	213
31P2R1A5_03917	31P2R1A5_03917	100.000	139	0	0	1	139	1	139	1.25e-99	281
31P2R1A5_03918	31P2R1A5_03918	100.000	127	0	0	1	127	1	127	4.81e-91	259
31P2R1A5_03919	31P2R1A5_03919	100.000	116	0	0	1	116	1	116	6.11e-85	243
31P2R1A5_03920	31P2R1A5_03920	100.000	33	0	0	1	33	1	33	3.04e-18	68.2
31P2R1A5_03921	31P2R1A5_03921	100.000	77	0	0	1	77	1	77	9.57e-52	155
31P2R1A5_03922	31P2R1A5_03922	100.000	278	0	0	1	278	1	278	0.0	572
31P2R1A5_03923	31P2R1A5_03923	100.000	177	0	0	1	177	1	177	1.74e-134	373
31P2R1A5_03924	31P2R1A5_03924	100.000	160	0	0	1	160	1	160	5.30e-117	327
31P2R1A5_03924	44P3R3A6_05440	98.529	136	2	0	25	160	1	136	4.67e-97	276
31P2R1A5_03925	31P2R1A5_03925	100.000	133	0	0	1	133	1	133	1.93e-96	273
31P2R1A5_03926	31P2R1A5_03926	100.000	99	0	0	1	99	1	99	9.34e-71	205
31P2R1A5_03927	31P2R1A5_03927	100.000	65	0	0	1	65	1	65	4.17e-43	133
31P2R1A5_03928	31P2R1A5_03928	100.000	123	0	0	1	123	1	123	2.32e-83	239
31P2R1A5_03928	54P2R2A3_04924	96.748	123	4	0	1	123	1	123	3.33e-58	176
31P2R1A5_03929	31P2R1A5_03929	100.000	102	0	0	1	102	1	102	1.25e-71	208
31P2R1A5_03929	54P2R2A3_04925	97.059	102	3	0	1	102	1	102	5.59e-70	204
31P2R1A5_03930	31P2R1A5_03930	100.000	189	0	0	1	189	1	189	1.29e-140	389
31P2R1A5_03930	54P2R2A3_04926	97.354	189	5	0	1	189	1	189	1.31e-137	382
31P2R1A5_03931	31P2R1A5_03931	100.000	247	0	0	1	247	1	247	0.0	498
31P2R1A5_03932	31P2R1A5_03932	100.000	475	0	0	1	475	1	475	0.0	967
31P2R1A5_03933	31P2R1A5_03933	100.000	177	0	0	1	177	1	177	2.24e-130	362
31P2R1A5_03933	44P3R3A6_05339	96.377	138	5	0	1	138	1	138	5.99e-97	276
31P2R1A5_03934	31P2R1A5_03934	100.000	186	0	0	1	186	1	186	4.65e-136	377
31P2R1A5_03934	44P3R3A6_05338	97.849	186	4	0	1	186	5	190	7.57e-133	369
31P2R1A5_03935	31P2R1A5_03935	100.000	137	0	0	1	137	1	137	4.77e-100	282
31P2R1A5_03936	31P2R1A5_03936	100.000	95	0	0	1	95	1	95	3.46e-67	196
31P2R1A5_03937	31P2R1A5_03937	100.000	103	0	0	1	103	1	103	1.06e-68	201
31P2R1A5_03938	31P2R1A5_03938	100.000	166	0	0	1	166	1	166	2.63e-120	336
31P2R1A5_03939	31P2R1A5_03939	100.000	135	0	0	1	135	1	135	2.49e-98	278
31P2R1A5_03940	31P2R1A5_03940	100.000	97	0	0	1	97	1	97	2.23e-68	199
31P2R1A5_03941	31P2R1A5_03941	100.000	78	0	0	1	78	1	78	1.59e-52	157
31P2R1A5_03942	31P2R1A5_03942	100.000	880	0	0	1	880	1	880	0.0	1832
31P2R1A5_03944	31P2R1A5_03944	100.000	212	0	0	1	212	1	212	2.67e-156	431
31P2R1A5_03944	44P3R3A6_05329	97.573	206	5	0	1	206	1	206	1.69e-148	411
31P2R1A5_03945	31P2R1A5_03945	100.000	134	0	0	1	134	1	134	1.02e-92	264
31P2R1A5_03946	31P2R1A5_03946	100.000	331	0	0	1	331	1	331	0.0	688
31P2R1A5_03946	44P3R3A6_05327	98.083	313	6	0	19	331	18	330	0.0	620
31P2R1A5_03947	31P2R1A5_03947	100.000	60	0	0	1	60	1	60	2.94e-39	123
31P2R1A5_03948	31P2R1A5_03948	100.000	63	0	0	1	63	1	63	1.02e-40	127
31P2R1A5_03949	31P2R1A5_03949	100.000	93	0	0	1	93	1	93	1.16e-59	177
31P2R1A5_03950	31P2R1A5_03950	100.000	204	0	0	1	204	1	204	3.24e-152	420
31P2R1A5_03951	31P2R1A5_03951	100.000	216	0	0	1	216	1	216	5.40e-162	446
31P2R1A5_03952	31P2R1A5_03952	100.000	128	0	0	1	128	1	128	6.95e-96	271
31P2R1A5_03953	31P2R1A5_03953	100.000	652	0	0	1	652	1	652	0.0	1345
31P2R1A5_03953	44P3R3A6_05325	97.086	652	19	0	1	652	1	652	0.0	1313
31P2R1A5_03954	31P2R1A5_03954	100.000	94	0	0	1	94	1	94	1.26e-62	184
31P2R1A5_03954	44P3R3A6_05324	97.872	94	2	0	1	94	1	94	1.46e-61	182
31P2R1A5_03955	31P2R1A5_03955	100.000	76	0	0	1	76	1	76	2.19e-51	155
31P2R1A5_03956	31P2R1A5_03956	100.000	109	0	0	1	109	1	109	3.12e-78	225
31P2R1A5_03956	44P3R3A6_05322	97.248	109	3	0	1	109	1	109	3.65e-76	220
31P2R1A5_03957	31P2R1A5_03957	100.000	251	0	0	1	251	1	251	0.0	523
31P2R1A5_03958	31P2R1A5_03958	100.000	116	0	0	1	116	1	116	5.36e-81	233
31P2R1A5_03959	31P2R1A5_03959	100.000	80	0	0	1	80	1	80	9.76e-54	161
31P2R1A5_03959	44P3R3A6_05320	97.500	80	2	0	1	80	1	80	1.13e-51	155
31P2R1A5_03960	31P2R1A5_03960	100.000	186	0	0	1	186	1	186	2.08e-137	381
31P2R1A5_03960	54P2R2A3_04947	97.312	186	5	0	1	186	1	186	3.18e-134	373
31P2R1A5_03960	44P3R3A6_05319	95.676	185	8	0	1	185	1	185	7.19e-132	367
31P2R1A5_03961	31P2R1A5_03961	100.000	148	0	0	1	148	1	148	3.35e-107	301
31P2R1A5_03962	31P2R1A5_03962	100.000	464	0	0	1	464	1	464	0.0	956
31P2R1A5_03962	44P3R3A6_05317	96.896	451	14	0	12	462	5	455	0.0	903
31P2R1A5_03963	31P2R1A5_03963	100.000	948	0	0	1	948	1	948	0.0	1963
31P2R1A5_03963	44P3R3A6_05316	96.730	948	31	0	1	948	1	948	0.0	1903
31P2R1A5_03964	31P2R1A5_03964	100.000	175	0	0	1	175	1	175	9.45e-129	358
31P2R1A5_03965	31P2R1A5_03965	100.000	244	0	0	1	244	1	244	1.49e-179	492
31P2R1A5_03966	31P2R1A5_03966	100.000	231	0	0	1	231	1	231	7.48e-173	474
31P2R1A5_03967	31P2R1A5_03967	100.000	767	0	0	1	767	1	767	0.0	1591
31P2R1A5_03967	54P2R2A3_05028	95.720	771	29	2	1	767	1	771	0.0	1480
31P2R1A5_03968	31P2R1A5_03968	100.000	1754	0	0	1	1754	1	1754	0.0	3563
31P2R1A5_03968	54P2R2A3_05029	97.719	1754	40	0	1	1754	1	1754	0.0	3477
31P2R1A5_03968	44P3R3A6_05456	97.917	96	2	0	1659	1754	1	96	2.42e-54	184
31P2R1A5_03968	44P3R3A6_05498	95.833	96	4	0	1659	1754	1	96	3.26e-53	181
31P2R1A5_03969	31P2R1A5_03969	100.000	242	0	0	1	242	1	242	1.63e-176	484
31P2R1A5_03969	44P3R3A6_05455	95.868	242	10	0	1	242	1	242	1.78e-168	464
31P2R1A5_03970	31P2R1A5_03970	100.000	199	0	0	1	199	1	199	1.86e-143	397
31P2R1A5_03970	44P3R3A6_05454	95.477	199	9	0	1	199	1	199	5.70e-118	333
31P2R1A5_03971	31P2R1A5_03971	100.000	116	0	0	1	116	1	116	3.27e-81	233
31P2R1A5_03972	31P2R1A5_03972	100.000	215	0	0	1	215	1	215	3.92e-156	431
31P2R1A5_03973	31P2R1A5_03973	100.000	196	0	0	1	196	1	196	9.88e-142	392
31P2R1A5_03974	31P2R1A5_03974	100.000	104	0	0	1	104	1	104	3.45e-75	217
31P2R1A5_03975	31P2R1A5_03975	100.000	127	0	0	1	127	1	127	5.86e-91	258
31P2R1A5_03976	31P2R1A5_03976	100.000	286	0	0	1	286	1	286	0.0	588
31P2R1A5_03976	42P1R1A12_05880	97.552	286	7	0	1	286	1	286	0.0	578
31P2R1A5_03976	54P2R2A3_05016	97.902	286	6	0	1	286	1	286	0.0	578
31P2R1A5_03977	31P2R1A5_03977	100.000	67	0	0	1	67	1	67	1.11e-42	132
31P2R1A5_03978	31P2R1A5_03978	100.000	179	0	0	1	179	1	179	2.64e-130	362
31P2R1A5_03978	38P2R3A13_04014	96.089	179	7	0	1	179	1	179	6.46e-126	351
31P2R1A5_03979	31P2R1A5_03979	100.000	183	0	0	1	183	1	183	1.77e-136	378
31P2R1A5_03980	31P2R1A5_03980	100.000	909	0	0	1	909	1	909	0.0	1887
31P2R1A5_03981	31P2R1A5_03981	100.000	780	0	0	1	780	1	780	0.0	1626
31P2R1A5_03982	31P2R1A5_03982	100.000	278	0	0	1	278	1	278	0.0	566
31P2R1A5_03983	31P2R1A5_03983	100.000	300	0	0	1	300	1	300	0.0	613
31P2R1A5_03984	31P2R1A5_03984	100.000	430	0	0	1	430	1	430	0.0	887
31P2R1A5_03985	31P2R1A5_03985	100.000	102	0	0	1	102	1	102	4.89e-71	206
31P2R1A5_03986	31P2R1A5_03986	100.000	445	0	0	1	445	1	445	0.0	896
31P2R1A5_03987	31P2R1A5_03987	100.000	460	0	0	1	460	1	460	0.0	957
31P2R1A5_03988	31P2R1A5_03988	100.000	104	0	0	1	104	1	104	5.58e-72	209
31P2R1A5_03989	31P2R1A5_03989	100.000	297	0	0	1	297	1	297	0.0	619
31P2R1A5_03990	31P2R1A5_03990	100.000	890	0	0	1	890	1	890	0.0	1749
31P2R1A5_03991	31P2R1A5_03991	100.000	89	0	0	1	89	1	89	1.24e-59	176
31P2R1A5_03991	44P3R3A6_05581	95.122	41	2	0	1	41	1	41	2.15e-22	81.6
31P2R1A5_03992	54P2R2A3_02901	98.008	251	5	0	1	251	116	366	0.0	519
31P2R1A5_03992	31P2R1A5_03992	100.000	251	0	0	1	251	1	251	0.0	519
31P2R1A5_03992	44P3R3A6_05547	100.000	77	0	0	175	251	1	77	3.53e-51	161
31P2R1A5_03993	31P2R1A5_03993	100.000	122	0	0	1	122	1	122	1.26e-88	252
31P2R1A5_03994	31P2R1A5_03994	100.000	108	0	0	1	108	1	108	9.60e-77	221
31P2R1A5_03995	31P2R1A5_03995	100.000	101	0	0	1	101	1	101	4.92e-70	204
31P2R1A5_03996	31P2R1A5_03996	100.000	95	0	0	1	95	1	95	4.83e-66	193
31P2R1A5_03997	31P2R1A5_03997	100.000	181	0	0	1	181	1	181	5.15e-135	374
31P2R1A5_03998	31P2R1A5_03998	100.000	58	0	0	1	58	1	58	3.06e-39	122
31P2R1A5_03999	31P2R1A5_03999	100.000	213	0	0	1	213	1	213	3.44e-161	443
31P2R1A5_04000	31P2R1A5_04000	100.000	155	0	0	1	155	1	155	3.15e-116	325
31P2R1A5_04001	31P2R1A5_04001	100.000	174	0	0	1	174	1	174	3.49e-123	344
31P2R1A5_04002	31P2R1A5_04002	100.000	374	0	0	1	374	1	374	0.0	761
31P2R1A5_04002	42P1R1A12_02107	95.989	374	15	0	1	374	1	374	0.0	739
31P2R1A5_04003	31P2R1A5_04003	100.000	489	0	0	1	489	1	489	0.0	999
31P2R1A5_04005	31P2R1A5_04005	100.000	269	0	0	1	269	1	269	0.0	550
31P2R1A5_04006	31P2R1A5_04006	100.000	121	0	0	1	121	1	121	1.21e-87	249
31P2R1A5_04006	54P2R2A3_04722	96.694	121	4	0	1	121	1	121	1.87e-83	239
31P2R1A5_04007	31P2R1A5_04007	100.000	457	0	0	1	457	1	457	0.0	947
31P2R1A5_04008	31P2R1A5_04008	100.000	214	0	0	1	214	1	214	3.80e-155	428
31P2R1A5_04008	42P1R1A12_02115	97.196	214	6	0	1	214	1	214	3.10e-151	418
31P2R1A5_04009	31P2R1A5_04009	100.000	389	0	0	1	389	1	389	0.0	803
31P2R1A5_04009	38P2R3A13_00640	96.196	368	13	1	20	386	19	386	0.0	736
31P2R1A5_04009	18P3R3A11_00530	96.419	363	13	0	24	386	5	367	0.0	733
31P2R1A5_04009	42P1R1A12_02116	95.122	369	18	0	21	389	1	369	0.0	708
31P2R1A5_04010	31P2R1A5_04010	100.000	153	0	0	1	153	1	153	3.12e-112	315
31P2R1A5_04011	31P2R1A5_04011	100.000	217	0	0	1	217	1	217	9.24e-162	445
31P2R1A5_04011	54P2R2A3_04727	95.392	217	10	0	1	217	1	217	2.18e-153	424
31P2R1A5_04012	31P2R1A5_04012	100.000	417	0	0	1	417	1	417	0.0	854
31P2R1A5_04012	18P3R3A11_00527	96.643	417	14	0	1	417	1	417	0.0	834
31P2R1A5_04012	10P3R2A13_04313	95.444	417	19	0	1	417	1	417	0.0	824
31P2R1A5_04012	38P2R3A13_07484	96.739	184	6	0	234	417	1	184	4.98e-128	367
31P2R1A5_04012	34P3R2A10_04785	95.690	116	5	0	302	417	1	116	2.66e-73	224
31P2R1A5_04012	31P2R1A5_04063	100.000	51	0	0	367	417	1	51	5.69e-28	104
31P2R1A5_04012	44P3R3A6_03103	96.078	51	2	0	367	417	1	51	1.79e-25	98.2
31P2R1A5_04013	31P2R1A5_04013	100.000	349	0	0	1	349	1	349	0.0	721
31P2R1A5_04014	31P2R1A5_04014	100.000	376	0	0	1	376	1	376	0.0	778
31P2R1A5_04015	31P2R1A5_04015	100.000	714	0	0	1	714	1	714	0.0	1478
31P2R1A5_04015	44P3R3A6_03158	98.246	57	1	0	658	714	1	57	1.55e-31	117
31P2R1A5_04015	44P3R3A6_03157	100.000	36	0	0	1	36	1	36	2.31e-11	58.9
31P2R1A5_04016	31P2R1A5_04016	100.000	124	0	0	1	124	1	124	5.40e-87	248
31P2R1A5_04017	31P2R1A5_04017	100.000	65	0	0	1	65	1	65	4.31e-43	133
31P2R1A5_04018	31P2R1A5_04018	100.000	41	0	0	1	41	1	41	3.30e-25	86.3
31P2R1A5_04019	31P2R1A5_04019	100.000	105	0	0	1	105	1	105	2.31e-76	220
31P2R1A5_04020	31P2R1A5_04020	100.000	130	0	0	1	130	1	130	1.49e-92	263
31P2R1A5_04021	31P2R1A5_04021	100.000	185	0	0	1	185	1	185	7.76e-138	382
31P2R1A5_04022	31P2R1A5_04022	100.000	328	0	0	1	328	1	328	0.0	677
31P2R1A5_04023	31P2R1A5_04023	100.000	147	0	0	1	147	1	147	4.48e-106	298
31P2R1A5_04024	31P2R1A5_04024	100.000	318	0	0	1	318	1	318	0.0	659
31P2R1A5_04025	31P2R1A5_04025	100.000	164	0	0	1	164	1	164	8.21e-121	337
31P2R1A5_04026	31P2R1A5_04026	100.000	326	0	0	1	326	1	326	0.0	676
31P2R1A5_04027	31P2R1A5_04027	100.000	76	0	0	1	76	1	76	2.62e-53	159
31P2R1A5_04028	31P2R1A5_04028	100.000	78	0	0	1	78	1	78	1.28e-52	158
31P2R1A5_04028	44P3R3A6_03146	97.436	78	2	0	1	78	1	78	1.69e-51	155
31P2R1A5_04029	31P2R1A5_04029	100.000	131	0	0	1	131	1	131	1.87e-92	263
31P2R1A5_04030	31P2R1A5_04030	100.000	68	0	0	1	68	1	68	2.88e-45	139
31P2R1A5_04031	31P2R1A5_04031	100.000	344	0	0	1	344	1	344	0.0	703
31P2R1A5_04031	44P3R3A6_03142	97.384	344	9	0	1	344	1	344	0.0	687
31P2R1A5_04032	31P2R1A5_04032	100.000	201	0	0	1	201	1	201	3.64e-148	409
31P2R1A5_04033	31P2R1A5_04033	100.000	57	0	0	1	57	1	57	2.03e-37	118
31P2R1A5_04034	31P2R1A5_04034	100.000	72	0	0	1	72	1	72	5.54e-48	145
31P2R1A5_04034	10P3R2A13_00726	95.652	69	3	0	4	72	1	69	9.89e-44	135
31P2R1A5_04035	31P2R1A5_04035	100.000	166	0	0	1	166	1	166	7.08e-123	342
31P2R1A5_04035	44P3R3A6_03139	95.783	166	7	0	1	166	1	166	2.17e-117	328
31P2R1A5_04036	31P2R1A5_04036	100.000	117	0	0	1	117	1	117	7.23e-83	237
31P2R1A5_04037	31P2R1A5_04037	100.000	146	0	0	1	146	1	146	4.62e-107	301
31P2R1A5_04038	31P2R1A5_04038	100.000	75	0	0	1	75	1	75	8.25e-51	153
31P2R1A5_04039	31P2R1A5_04039	100.000	108	0	0	1	108	1	108	6.71e-76	219
31P2R1A5_04040	31P2R1A5_04040	100.000	144	0	0	1	144	1	144	2.47e-104	294
31P2R1A5_04041	31P2R1A5_04041	100.000	145	0	0	1	145	1	145	7.64e-104	293
31P2R1A5_04042	31P2R1A5_04042	100.000	574	0	0	1	574	1	574	0.0	1204
31P2R1A5_04043	31P2R1A5_04043	100.000	420	0	0	1	420	1	420	0.0	871
31P2R1A5_04044	31P2R1A5_04044	100.000	307	0	0	1	307	1	307	0.0	629
31P2R1A5_04045	31P2R1A5_04045	100.000	429	0	0	1	429	1	429	0.0	874
31P2R1A5_04046	31P2R1A5_04046	100.000	87	0	0	1	87	1	87	1.04e-60	179
31P2R1A5_04047	31P2R1A5_04047	100.000	106	0	0	1	106	1	106	4.01e-74	214
31P2R1A5_04048	31P2R1A5_04048	100.000	113	0	0	1	113	1	113	1.77e-80	231
31P2R1A5_04049	31P2R1A5_04049	100.000	130	0	0	1	130	1	130	2.60e-93	265
31P2R1A5_04050	31P2R1A5_04050	100.000	134	0	0	1	134	1	134	1.89e-95	270
31P2R1A5_04051	31P2R1A5_04051	100.000	154	0	0	1	154	1	154	3.72e-111	312
31P2R1A5_04052	31P2R1A5_04052	100.000	122	0	0	1	122	1	122	6.31e-84	240
31P2R1A5_04053	31P2R1A5_04053	100.000	1112	0	0	1	1112	1	1112	0.0	2226
31P2R1A5_04054	31P2R1A5_04054	100.000	113	0	0	1	113	1	113	5.21e-82	235
31P2R1A5_04055	31P2R1A5_04055	100.000	252	0	0	1	252	1	252	0.0	528
31P2R1A5_04056	31P2R1A5_04056	100.000	237	0	0	1	237	1	237	0.0	496
31P2R1A5_04057	31P2R1A5_04057	100.000	226	0	0	1	226	1	226	2.39e-172	473
31P2R1A5_04058	31P2R1A5_04058	100.000	197	0	0	1	197	1	197	2.12e-143	397
31P2R1A5_04059	31P2R1A5_04059	100.000	4196	0	0	1	4196	1	4196	0.0	8509
31P2R1A5_04060	31P2R1A5_04060	100.000	475	0	0	1	475	1	475	0.0	960
31P2R1A5_04060	44P3R3A6_03114	97.263	475	13	0	1	475	1	475	0.0	934
31P2R1A5_04061	31P2R1A5_04061	100.000	353	0	0	1	353	1	353	0.0	727
31P2R1A5_04062	31P2R1A5_04062	100.000	231	0	0	1	231	1	231	7.96e-169	464
31P2R1A5_04063	31P2R1A5_04063	100.000	51	0	0	1	51	1	51	1.61e-31	102
31P2R1A5_04063	44P3R3A6_03103	96.078	51	2	0	1	51	1	51	4.82e-29	96.7
31P2R1A5_04063	31P2R1A5_04012	100.000	51	0	0	1	51	367	417	6.96e-29	104
31P2R1A5_04063	38P2R3A13_07484	96.078	51	2	0	1	51	134	184	9.93e-29	99.8
31P2R1A5_04063	18P3R3A11_00527	96.078	51	2	0	1	51	367	417	1.55e-27	101
31P2R1A5_04064	31P2R1A5_04064	100.000	663	0	0	1	663	1	663	0.0	1367
31P2R1A5_04065	31P2R1A5_04065	100.000	484	0	0	1	484	1	484	0.0	979
31P2R1A5_04066	31P2R1A5_04066	100.000	336	0	0	1	336	1	336	0.0	680
31P2R1A5_04067	31P2R1A5_04067	100.000	260	0	0	1	260	1	260	0.0	537
31P2R1A5_04068	31P2R1A5_04068	100.000	299	0	0	1	299	1	299	0.0	608
31P2R1A5_04069	31P2R1A5_04069	100.000	218	0	0	1	218	1	218	7.06e-159	438
31P2R1A5_04070	31P2R1A5_04070	100.000	401	0	0	1	401	1	401	0.0	786
31P2R1A5_04071	31P2R1A5_04071	100.000	197	0	0	1	197	1	197	2.75e-145	402
31P2R1A5_04072	31P2R1A5_04072	100.000	57	0	0	1	57	1	57	8.84e-37	116
31P2R1A5_04073	31P2R1A5_04073	100.000	517	0	0	1	517	1	517	0.0	1049
31P2R1A5_04074	31P2R1A5_04074	100.000	40	0	0	1	40	1	40	1.55e-23	82.0
31P2R1A5_04075	31P2R1A5_04075	100.000	147	0	0	1	147	1	147	7.40e-107	300
31P2R1A5_04076	31P2R1A5_04076	100.000	238	0	0	1	238	1	238	4.46e-177	485
31P2R1A5_04076	44P3R3A6_03102	97.899	238	5	0	1	238	1	238	1.31e-173	477
31P2R1A5_04077	31P2R1A5_04077	100.000	131	0	0	1	131	1	131	6.37e-94	266
31P2R1A5_04077	54P2R2A3_04730	95.420	131	6	0	1	131	1	131	3.33e-90	257
31P2R1A5_04078	31P2R1A5_04078	100.000	108	0	0	1	108	1	108	1.40e-75	218
31P2R1A5_04079	31P2R1A5_04079	100.000	144	0	0	1	144	1	144	5.94e-104	293
31P2R1A5_04080	31P2R1A5_04080	100.000	194	0	0	1	194	1	194	2.06e-135	376
31P2R1A5_04081	31P2R1A5_04081	100.000	158	0	0	1	158	1	158	2.25e-118	330
31P2R1A5_04082	31P2R1A5_04082	100.000	30	0	0	1	30	1	30	6.42e-11	49.7
31P2R1A5_04083	31P2R1A5_04083	100.000	182	0	0	1	182	1	182	3.70e-136	377
31P2R1A5_04084	31P2R1A5_04084	100.000	76	0	0	1	76	1	76	3.53e-50	152
31P2R1A5_04084	54P2R2A3_04732	96.053	76	3	0	1	76	1	76	4.90e-48	146
31P2R1A5_04085	31P2R1A5_04085	100.000	398	0	0	1	398	1	398	0.0	818
