32P3R2A9_01364	32P3R2A9_01364	100.000	67	0	0	1	67	1	67	3.96e-44	135
32P3R2A9_01365	32P3R2A9_01365	100.000	225	0	0	1	225	1	225	4.15e-170	467
32P3R2A9_01366	32P3R2A9_01366	100.000	175	0	0	1	175	1	175	1.03e-130	363
32P3R2A9_01367	32P3R2A9_01367	100.000	50	0	0	1	50	1	50	1.08e-29	98.2
32P3R2A9_01368	32P3R2A9_01368	100.000	301	0	0	1	301	1	301	0.0	608
32P3R2A9_01369	32P3R2A9_01369	100.000	434	0	0	1	434	1	434	0.0	899
32P3R2A9_01370	32P3R2A9_01370	100.000	183	0	0	1	183	1	183	3.08e-134	372
32P3R2A9_01371	32P3R2A9_01371	100.000	210	0	0	1	210	1	210	2.09e-151	418
32P3R2A9_01372	32P3R2A9_01372	100.000	688	0	0	1	688	1	688	0.0	1420
32P3R2A9_01373	32P3R2A9_01373	100.000	254	0	0	1	254	1	254	0.0	522
32P3R2A9_01374	32P3R2A9_01374	100.000	65	0	0	1	65	1	65	7.52e-44	135
32P3R2A9_01375	32P3R2A9_01375	100.000	96	0	0	1	96	1	96	8.35e-65	190
32P3R2A9_01376	32P3R2A9_01376	100.000	266	0	0	1	266	1	266	0.0	540
32P3R2A9_01377	32P3R2A9_01377	100.000	465	0	0	1	465	1	465	0.0	957
32P3R2A9_01378	32P3R2A9_01378	100.000	67	0	0	1	67	1	67	7.94e-46	140
32P3R2A9_01379	32P3R2A9_01379	100.000	466	0	0	1	466	1	466	0.0	971
32P3R2A9_01380	32P3R2A9_01380	100.000	62	0	0	1	62	1	62	1.07e-41	129
32P3R2A9_01380	10P3R2A13_00502	100.000	62	0	0	1	62	26	87	1.54e-41	129
32P3R2A9_01463	32P3R2A9_01463	100.000	67	0	0	1	67	1	67	8.55e-44	135
32P3R2A9_01463	10P3R2A13_00810	97.015	67	2	0	1	67	1	67	1.90e-41	129
32P3R2A9_01521	32P3R2A9_01521	100.000	408	0	0	1	408	1	408	0.0	820
32P3R2A9_01521	34P3R2A10_03996	98.681	379	2	1	30	408	1	376	0.0	744
32P3R2A9_01565	32P3R2A9_01565	100.000	165	0	0	1	165	1	165	5.36e-120	335
32P3R2A9_01565	10P3R2A13_00910	100.000	165	0	0	1	165	89	253	1.45e-119	337
32P3R2A9_01565	16_1P2R1A8-1_03637	96.364	165	6	0	1	165	89	253	3.07e-115	327
32P3R2A9_01565	12_1P1R2A2-1_00859	95.152	165	8	0	1	165	89	253	6.12e-114	323
32P3R2A9_01565	15P1R1A16_02881	100.000	124	0	0	42	165	1	124	7.06e-88	252
32P3R2A9_01566	32P3R2A9_01566	100.000	85	0	0	1	85	1	85	1.69e-58	173
32P3R2A9_01566	12_1P1R2A2-1_00859	100.000	84	0	0	1	84	1	84	9.86e-57	174
32P3R2A9_01566	10P3R2A13_00910	100.000	84	0	0	1	84	1	84	1.04e-56	174
32P3R2A9_01566	25P2R1A13_00859	100.000	84	0	0	1	84	1	84	1.59e-56	174
32P3R2A9_01566	16_1P2R1A8-1_03637	100.000	84	0	0	1	84	1	84	1.61e-56	174
32P3R2A9_01620	32P3R2A9_01620	100.000	307	0	0	1	307	1	307	0.0	640
32P3R2A9_01620	10P3R2A13_01675	100.000	305	0	0	1	305	1	305	0.0	637
32P3R2A9_01633	32P3R2A9_01633	100.000	80	0	0	1	80	1	80	5.66e-53	159
32P3R2A9_01633	10P3R2A13_01662	100.000	79	0	0	1	79	1	79	1.47e-48	158
32P3R2A9_01634	10P3R2A13_01662	100.000	363	0	0	2	364	81	443	0.0	746
32P3R2A9_01634	32P3R2A9_01634	100.000	364	0	0	1	364	1	364	0.0	743
32P3R2A9_01652	32P3R2A9_01652	100.000	234	0	0	1	234	1	234	4.05e-173	475
32P3R2A9_01774	32P3R2A9_01774	100.000	93	0	0	1	93	1	93	2.14e-65	191
32P3R2A9_01774	25P2R1A13_01184	97.849	93	2	0	1	93	1	93	2.68e-64	189
32P3R2A9_01774	10P3R2A13_01527	97.849	93	2	0	1	93	1	93	4.59e-64	188
32P3R2A9_01774	1P1R1A1_01417	97.849	93	2	0	1	93	1	93	7.52e-64	187
32P3R2A9_01774	11P3R3A1_01456	97.849	93	2	0	1	93	1	93	2.18e-63	186
32P3R2A9_01781	32P3R2A9_01781	100.000	551	0	0	1	551	1	551	0.0	1113
32P3R2A9_01781	17P1R1A4_02413	97.278	551	15	0	1	551	1	551	0.0	1081
32P3R2A9_01857	32P3R2A9_01857	100.000	132	0	0	1	132	1	132	8.81e-95	269
32P3R2A9_01858	32P3R2A9_01858	100.000	331	0	0	1	331	1	331	0.0	677
32P3R2A9_01858	10P3R2A13_02040	100.000	331	0	0	1	331	146	476	0.0	677
32P3R2A9_01858	18P3R3A11_04204	98.187	331	6	0	1	331	146	476	0.0	666
32P3R2A9_01858	38P2R3A13_05070	97.583	331	8	0	1	331	146	476	0.0	664
32P3R2A9_01858	31P2R1A5_02172	98.187	331	6	0	1	331	146	476	0.0	664
32P3R2A9_01866	32P3R2A9_01866	100.000	219	0	0	1	219	1	219	3.21e-165	454
32P3R2A9_01866	10P3R2A13_02048	97.260	219	6	0	1	219	1	219	1.25e-159	440
32P3R2A9_01866	25P2R1A13_02800	95.434	219	10	0	1	219	1	219	4.18e-157	433
32P3R2A9_01943	32P3R2A9_01943	100.000	134	0	0	1	134	1	134	1.13e-98	279
32P3R2A9_01943	11P3R3A1_00450	99.242	132	1	0	1	132	1	132	2.48e-95	273
32P3R2A9_01943	25P2R1A13_03388	99.242	132	1	0	1	132	66	197	9.47e-95	273
32P3R2A9_01943	10P3R2A13_02124	99.254	134	1	0	1	134	183	316	2.79e-94	274
32P3R2A9_01943	16_1P2R1A8-1_03110	99.242	132	1	0	1	132	1	132	2.01e-93	273
32P3R2A9_01943	12_1P1R2A2-1_02461	99.254	134	1	0	1	134	416	549	1.72e-91	275
32P3R2A9_01943	26P1R3A4_03774	98.485	132	2	0	1	132	416	547	8.13e-89	270
32P3R2A9_02033	32P3R2A9_02033	100.000	256	0	0	1	256	1	256	0.0	532
32P3R2A9_02033	12_1P1R2A2-1_01501	95.703	256	11	0	1	256	1	256	0.0	505
32P3R2A9_02178	32P3R2A9_02178	100.000	341	0	0	1	341	1	341	0.0	696
32P3R2A9_02178	17P1R1A4_00919	95.894	341	14	0	1	341	1	341	0.0	649
32P3R2A9_02178	16_1P2R1A8-1_03259	99.603	252	1	0	90	341	4	255	0.0	514
32P3R2A9_02178	19P1R1A6_02896	99.160	238	2	0	104	341	1	238	2.18e-175	486
32P3R2A9_02178	10P3R2A13_01345	96.648	179	6	0	93	271	1	179	3.00e-127	362
32P3R2A9_02178	12_1P1R2A2-1_00514	97.619	168	4	0	104	271	1	168	3.49e-121	346
32P3R2A9_02178	3P1R3A2_02391	98.462	130	2	0	104	233	1	130	2.69e-91	268
32P3R2A9_02178	15P1R1A16_04114	99.074	108	1	0	234	341	1	108	4.88e-71	216
32P3R2A9_02178	16_1P2R1A8-1_03260	100.000	91	0	0	1	91	1	91	2.15e-59	186
32P3R2A9_02178	10P3R2A13_01346	100.000	70	0	0	272	341	1	70	6.73e-41	137
32P3R2A9_02205	32P3R2A9_02205	100.000	182	0	0	1	182	1	182	6.37e-138	382
32P3R2A9_02205	10P3R2A13_03807	99.448	181	1	0	1	181	1	181	2.22e-137	385
32P3R2A9_02206	32P3R2A9_02206	100.000	93	0	0	1	93	1	93	3.48e-64	188
32P3R2A9_02206	10P3R2A13_03807	100.000	93	0	0	1	93	217	309	2.93e-61	188
32P3R2A9_02305	32P3R2A9_02305	100.000	131	0	0	1	131	1	131	4.32e-95	269
32P3R2A9_02305	29P3R3A9_04245	97.710	131	3	0	1	131	1	131	6.12e-92	261
32P3R2A9_02305	11P3R3A1_01044	96.947	131	4	0	1	131	1	131	2.47e-90	257
32P3R2A9_02305	25P2R1A13_03166	95.420	131	6	0	1	131	1	131	1.55e-89	255
32P3R2A9_02317	32P3R2A9_02317	100.000	183	0	0	1	183	1	183	4.15e-127	355
32P3R2A9_02317	29P3R3A9_04259	97.268	183	5	0	1	183	1	183	1.71e-123	345
32P3R2A9_02317	19P1R1A6_03852	97.268	183	5	0	1	183	1	183	4.97e-123	344
32P3R2A9_02320	32P3R2A9_02320	100.000	132	0	0	1	132	1	132	1.98e-94	268
32P3R2A9_02320	33P3R2A2_03666	96.970	99	3	0	1	99	1	99	2.59e-65	193
32P3R2A9_02323	32P3R2A9_02323	100.000	327	0	0	1	327	1	327	0.0	688
32P3R2A9_02323	29P3R3A9_04210	96.636	327	11	0	1	327	1	327	0.0	670
32P3R2A9_02323	16_1P2R1A8-1_01677	96.024	327	13	0	1	327	1	327	0.0	669
32P3R2A9_02323	11P3R3A1_03332	95.719	327	14	0	1	327	1	327	0.0	665
32P3R2A9_02323	17P1R1A4_02550	95.719	327	14	0	1	327	1	327	0.0	665
32P3R2A9_02323	33P3R2A2_03669	95.719	327	14	0	1	327	1	327	0.0	664
32P3R2A9_02323	15P1R1A16_04068	96.024	327	13	0	1	327	1	327	0.0	663
32P3R2A9_02324	32P3R2A9_02324	100.000	398	0	0	1	398	1	398	0.0	832
32P3R2A9_02324	29P3R3A9_04211	98.230	339	6	0	60	398	1	339	0.0	687
32P3R2A9_02325	32P3R2A9_02325	100.000	82	0	0	1	82	1	82	1.52e-56	168
32P3R2A9_02326	32P3R2A9_02326	100.000	86	0	0	1	86	1	86	8.06e-59	174
32P3R2A9_02326	42P1R1A12_04863	96.512	86	3	0	1	86	1	86	8.18e-58	172
32P3R2A9_02326	38P2R3A13_03835	95.349	86	4	0	1	86	1	86	8.54e-48	146
32P3R2A9_02326	29P3R3A9_04212	95.349	86	4	0	1	86	1	86	2.57e-46	142
32P3R2A9_02327	32P3R2A9_02327	100.000	184	0	0	1	184	1	184	5.46e-138	382
32P3R2A9_02327	38P2R3A13_02151	96.739	184	6	0	1	184	1	184	5.69e-134	372
32P3R2A9_02328	32P3R2A9_02328	100.000	249	0	0	1	249	1	249	0.0	513
32P3R2A9_02328	38P2R3A13_02152	97.590	249	6	0	1	249	1	249	0.0	502
32P3R2A9_02328	29P3R3A9_04214	95.984	249	10	0	1	249	1	249	1.08e-179	493
32P3R2A9_02329	32P3R2A9_02329	100.000	87	0	0	1	87	1	87	3.65e-61	180
32P3R2A9_02346	32P3R2A9_02346	100.000	85	0	0	1	85	1	85	1.94e-56	168
32P3R2A9_02347	32P3R2A9_02347	100.000	692	0	0	1	692	1	692	0.0	1429
32P3R2A9_02347	10P3R2A13_03385	96.965	692	21	0	1	692	1	692	0.0	1388
32P3R2A9_02348	32P3R2A9_02348	100.000	429	0	0	1	429	1	429	0.0	888
32P3R2A9_02349	32P3R2A9_02349	100.000	580	0	0	1	580	1	580	0.0	1207
32P3R2A9_02350	32P3R2A9_02350	100.000	397	0	0	1	397	1	397	0.0	825
32P3R2A9_02351	32P3R2A9_02351	100.000	541	0	0	1	541	1	541	0.0	1107
32P3R2A9_02400	32P3R2A9_02400	100.000	372	0	0	1	372	1	372	0.0	764
32P3R2A9_02400	12_1P1R2A2-1_01905	98.656	372	5	0	1	372	105	476	0.0	756
32P3R2A9_02400	10P3R2A13_02377	98.118	372	7	0	1	372	105	476	0.0	751
32P3R2A9_02400	28P2R1A12_02456	96.774	372	12	0	1	372	105	476	0.0	742
32P3R2A9_02400	25P2R1A13_02074	96.237	372	14	0	1	372	105	476	0.0	738
32P3R2A9_02400	33P3R2A2_02256	95.604	273	12	0	1	273	105	377	0.0	543
32P3R2A9_02400	34P3R2A10_04868	100.000	122	0	0	251	372	1	122	7.47e-84	250
32P3R2A9_02400	33P3R2A2_02255	98.750	80	1	0	293	372	1	80	1.42e-52	169
32P3R2A9_02401	32P3R2A9_02401	100.000	68	0	0	1	68	1	68	5.93e-46	140
32P3R2A9_02402	32P3R2A9_02402	100.000	236	0	0	1	236	1	236	1.55e-179	491
32P3R2A9_02402	10P3R2A13_02376	97.881	236	5	0	1	236	1	236	3.51e-175	480
32P3R2A9_02402	11P3R3A1_03002	96.186	236	9	0	1	236	1	236	1.39e-172	474
32P3R2A9_02402	28P2R1A12_02455	95.652	115	5	0	122	236	1	115	2.12e-76	226
32P3R2A9_02402	28P2R1A12_02454	97.895	95	2	0	1	95	1	95	5.28e-66	199
32P3R2A9_02481	32P3R2A9_02481	100.000	116	0	0	1	116	1	116	3.92e-83	238
32P3R2A9_02481	38P2R3A13_03514	95.690	116	5	0	1	116	14	129	9.28e-81	233
32P3R2A9_02481	10P3R2A13_02452	100.000	103	0	0	14	116	1	103	7.93e-73	211
32P3R2A9_02481	37P2R3-2A1_02432	96.117	103	4	0	14	116	1	103	1.44e-70	206
32P3R2A9_02552	32P3R2A9_02552	100.000	160	0	0	1	160	1	160	1.90e-119	333
32P3R2A9_02552	10P3R2A13_02521	100.000	160	0	0	1	160	38	197	3.60e-119	334
32P3R2A9_02624	32P3R2A9_02624	100.000	418	0	0	1	418	1	418	0.0	844
32P3R2A9_02656	32P3R2A9_02656	100.000	570	0	0	1	570	1	570	0.0	1152
32P3R2A9_02656	10P3R2A13_03195	97.719	570	13	0	1	570	1	570	0.0	1127
32P3R2A9_02656	34P3R2A10_02260	96.845	412	13	0	159	570	1	412	0.0	804
32P3R2A9_02657	10P3R2A13_03196	99.168	481	4	0	1	481	293	773	0.0	1010
32P3R2A9_02657	32P3R2A9_02657	100.000	481	0	0	1	481	1	481	0.0	1009
32P3R2A9_02657	5P3R2A4_03077	98.817	338	4	0	144	481	1	338	0.0	697
32P3R2A9_02657	5P3R2A4_04782	99.206	126	1	0	1	126	293	418	2.10e-89	280
32P3R2A9_02658	32P3R2A9_02658	100.000	267	0	0	1	267	1	267	0.0	549
32P3R2A9_02658	5P3R2A4_04782	99.248	266	2	0	1	266	1	266	0.0	543
32P3R2A9_02658	10P3R2A13_03196	98.872	266	3	0	1	266	1	266	0.0	543
32P3R2A9_02661	32P3R2A9_02661	100.000	405	0	0	1	405	1	405	0.0	837
32P3R2A9_02662	32P3R2A9_02662	100.000	234	0	0	1	234	1	234	3.54e-176	483
32P3R2A9_02662	14P1R2A4_04538	95.279	233	11	0	1	233	1	233	9.15e-165	457
32P3R2A9_02663	32P3R2A9_02663	100.000	174	0	0	1	174	1	174	1.31e-123	345
32P3R2A9_02664	32P3R2A9_02664	100.000	438	0	0	1	438	1	438	0.0	903
32P3R2A9_02665	32P3R2A9_02665	100.000	139	0	0	1	139	1	139	3.11e-102	288
32P3R2A9_02666	32P3R2A9_02666	100.000	228	0	0	1	228	1	228	3.31e-168	462
32P3R2A9_02666	11P3R3A1_03317	97.368	228	6	0	1	228	1	228	1.67e-163	450
32P3R2A9_02672	32P3R2A9_02672	100.000	273	0	0	1	273	1	273	0.0	570
32P3R2A9_02672	11P3R3A1_03323	97.802	273	6	0	1	273	1	273	0.0	555
32P3R2A9_02674	32P3R2A9_02674	100.000	105	0	0	1	105	1	105	4.92e-76	219
32P3R2A9_02674	11P3R3A1_03325	97.143	105	3	0	1	105	1	105	1.33e-72	211
32P3R2A9_02675	32P3R2A9_02675	100.000	142	0	0	1	142	1	142	2.08e-104	294
32P3R2A9_02676	32P3R2A9_02676	100.000	466	0	0	1	466	1	466	0.0	964
32P3R2A9_02677	32P3R2A9_02677	100.000	244	0	0	1	244	1	244	0.0	509
32P3R2A9_02757	32P3R2A9_02757	100.000	114	0	0	1	114	1	114	1.39e-78	226
32P3R2A9_02757	10P3R2A13_01773	95.614	114	5	0	1	114	1	114	2.40e-75	218
32P3R2A9_02757	25P2R1A13_03734	97.368	114	3	0	1	114	203	316	1.36e-73	221
32P3R2A9_02761	32P3R2A9_02761	100.000	189	0	0	1	189	1	189	5.20e-140	387
32P3R2A9_02761	28P2R1A12_00100	97.436	156	4	0	34	189	1	156	2.98e-111	314
32P3R2A9_02761	19P1R1A6_01328	96.026	151	6	0	1	151	1	151	3.53e-102	295
32P3R2A9_02761	10P3R2A13_01769	96.026	151	6	0	1	151	1	151	4.43e-102	294
32P3R2A9_02761	33P3R2A2_01982	98.182	110	2	0	34	143	1	110	8.52e-76	223
32P3R2A9_02763	32P3R2A9_02763	100.000	121	0	0	1	121	1	121	1.95e-85	244
32P3R2A9_02763	25P2R1A13_03739	96.694	121	4	0	1	121	1	121	3.40e-82	236
32P3R2A9_02763	10P3R2A13_01768	95.041	121	6	0	1	121	1	121	8.40e-80	230
32P3R2A9_02764	32P3R2A9_02764	100.000	98	0	0	1	98	1	98	1.76e-68	199
32P3R2A9_02764	10P3R2A13_01767	97.959	98	2	0	1	98	1	98	1.12e-66	195
32P3R2A9_02764	25P2R1A13_03740	95.918	98	4	0	1	98	1	98	4.51e-66	193
32P3R2A9_02764	28P2R1A12_00097	97.802	91	2	0	1	91	1	91	7.09e-62	182
32P3R2A9_02765	32P3R2A9_02765	100.000	167	0	0	1	167	1	167	4.88e-122	340
32P3R2A9_02765	10P3R2A13_01766	97.605	167	4	0	1	167	1	167	7.28e-120	335
32P3R2A9_02765	28P2R1A12_00096	96.407	167	6	0	1	167	1	167	8.90e-118	330
32P3R2A9_02765	25P2R1A13_03741	95.808	167	7	0	1	167	1	167	1.38e-116	327
32P3R2A9_02765	12_1P1R2A2-1_01011	98.601	143	2	0	1	143	1	143	2.98e-101	287
32P3R2A9_02770	32P3R2A9_02770	100.000	179	0	0	1	179	1	179	1.08e-130	363
32P3R2A9_02770	15P1R1A16_03882	97.753	178	4	0	1	178	1	178	1.94e-126	353
32P3R2A9_02770	10P3R2A13_01761	97.753	178	4	0	1	178	1	178	5.62e-126	352
32P3R2A9_02770	5P3R2A4_00860	100.000	132	0	0	1	132	1	132	1.26e-94	270
32P3R2A9_02770	28P2R1A12_00091	98.305	59	1	0	1	59	1	59	1.33e-33	114
32P3R2A9_02782	32P3R2A9_02782	100.000	69	0	0	1	69	1	69	3.23e-45	139
32P3R2A9_02782	28P2R1A12_00080	98.361	61	1	0	1	61	1	61	2.33e-39	124
32P3R2A9_02782	10P3R2A13_01750	96.825	63	2	0	1	63	1	63	6.75e-39	125
32P3R2A9_02809	32P3R2A9_02809	100.000	108	0	0	1	108	1	108	1.65e-75	218
32P3R2A9_02809	10P3R2A13_01723	97.222	108	3	0	1	108	1	108	1.77e-73	213
32P3R2A9_02823	32P3R2A9_02823	100.000	72	0	0	1	72	1	72	1.28e-49	150
32P3R2A9_02823	17P1R1A4_00342	100.000	72	0	0	1	72	53	124	1.36e-49	151
32P3R2A9_02927	32P3R2A9_02927	100.000	305	0	0	1	305	1	305	0.0	637
32P3R2A9_03005	32P3R2A9_03005	100.000	328	0	0	1	328	1	328	0.0	668
32P3R2A9_03005	12_1P1R2A2-1_00056	97.866	328	7	0	1	328	133	460	0.0	654
32P3R2A9_03005	15P1R1A16_01724	100.000	286	0	0	43	328	1	286	0.0	577
32P3R2A9_03007	32P3R2A9_03007	100.000	322	0	0	1	322	1	322	0.0	637
32P3R2A9_03007	12_1P1R2A2-1_00059	99.010	202	2	0	1	202	1	202	7.37e-144	404
32P3R2A9_03007	15P1R1A16_01722	100.000	88	0	0	235	322	1	88	7.82e-52	166
32P3R2A9_03007	12_1P1R2A2-1_00058	97.727	88	2	0	235	322	1	88	1.06e-50	163
32P3R2A9_03015	32P3R2A9_03015	100.000	360	0	0	1	360	1	360	0.0	718
32P3R2A9_03015	33P3R2A2_04299	97.778	360	8	0	1	360	1	360	0.0	702
32P3R2A9_03015	11P3R3A1_03077	96.389	360	13	0	1	360	1	360	0.0	690
32P3R2A9_03015	10P3R2A13_02782	95.278	360	17	0	1	360	1	360	0.0	688
32P3R2A9_03015	15P1R1A16_05198	99.359	312	2	0	49	360	1	312	0.0	620
32P3R2A9_03015	43P2R2A2_05354	97.115	312	9	0	49	360	1	312	0.0	608
32P3R2A9_03027	32P3R2A9_03027	100.000	2368	0	0	1	2368	1	2368	0.0	4812
32P3R2A9_03027	33P3R2A2_00402	96.284	2368	88	0	1	2368	1	2368	0.0	4629
32P3R2A9_03027	16_1P2R1A8-1_04421	98.952	2291	24	0	78	2368	5	2295	0.0	4597
32P3R2A9_03027	30P2R3A4_00004	95.445	1866	85	0	1	1866	1	1866	0.0	3595
32P3R2A9_03027	17P1R1A4_03804	97.073	1845	54	0	524	2368	1	1845	0.0	3573
32P3R2A9_03027	11P3R3A1_03117	96.464	1838	65	0	531	2368	1	1838	0.0	3540
32P3R2A9_03027	14P1R2A4_04863	97.607	1337	32	0	78	1414	5	1341	0.0	2667
32P3R2A9_03027	3P1R3A2_00603	96.765	1113	32	2	1	1109	1	1113	0.0	2219
32P3R2A9_03027	19P1R1A6_04398	97.526	768	19	0	1443	2210	1	768	0.0	1479
32P3R2A9_03027	15P1R1A16_04856	97.568	699	17	0	1512	2210	1	699	0.0	1348
32P3R2A9_03027	11P3R3A1_03118	99.216	510	4	0	1	510	1	510	0.0	1083
32P3R2A9_03027	30P2R3A4_00005	98.934	469	5	0	1900	2368	1	469	0.0	950
32P3R2A9_03027	34P3R2A10_04829	96.588	469	16	0	1900	2368	1	469	0.0	927
32P3R2A9_03027	15P1R1A16_04765	95.305	426	20	0	1943	2368	1	426	0.0	844
32P3R2A9_03027	27P2R2A12_03338	95.949	395	16	0	1974	2368	40	434	0.0	792
32P3R2A9_03027	27P2R2A12_03338	97.500	40	1	0	1	40	1	40	4.56e-17	86.7
32P3R2A9_03027	1P1R1A1_00925	100.000	194	0	0	2175	2368	1	194	1.13e-133	416
32P3R2A9_03027	15P1R1A16_04474	97.674	86	2	0	1	86	1	86	3.63e-49	170
32P3R2A9_03091	32P3R2A9_03091	100.000	47	0	0	1	47	1	47	2.22e-28	94.7
32P3R2A9_03091	16_1P2R1A8-1_02296	97.872	47	1	0	1	47	1	47	1.41e-27	92.8
32P3R2A9_03091	17P1R1A4_03431	95.745	47	2	0	1	47	1	47	6.19e-27	91.3
32P3R2A9_03092	32P3R2A9_03092	100.000	87	0	0	1	87	1	87	1.58e-62	184
32P3R2A9_03093	32P3R2A9_03093	100.000	218	0	0	1	218	1	218	7.17e-163	448
32P3R2A9_03097	32P3R2A9_03097	100.000	120	0	0	1	120	1	120	9.62e-84	240
32P3R2A9_03097	16_1P2R1A8-1_02290	95.902	122	3	1	1	120	1	122	3.08e-79	228
32P3R2A9_03098	32P3R2A9_03098	100.000	936	0	0	1	936	1	936	0.0	1868
32P3R2A9_03098	17P1R1A4_03424	97.329	936	25	0	1	936	1	936	0.0	1826
32P3R2A9_03100	32P3R2A9_03100	100.000	137	0	0	1	137	1	137	3.77e-97	275
32P3R2A9_03100	27P2R2A12_02611	95.620	137	6	0	1	137	1	137	6.55e-91	259
32P3R2A9_03101	32P3R2A9_03101	100.000	308	0	0	1	308	1	308	0.0	580
32P3R2A9_03101	13P1R2A5_01326	97.727	308	7	0	1	308	333	640	0.0	574
32P3R2A9_03101	12_1P1R2A2-1_02460	97.727	308	7	0	1	308	1	308	0.0	565
32P3R2A9_03148	32P3R2A9_03148	100.000	438	0	0	1	438	1	438	0.0	901
32P3R2A9_03148	12_1P1R2A2-1_03055	99.536	431	2	0	8	438	22	452	0.0	884
32P3R2A9_03148	11P3R3A1_03208	96.804	438	14	0	1	438	1	438	0.0	875
32P3R2A9_03148	16_1P2R1A8-1_02172	96.154	442	13	1	1	438	1	442	0.0	871
32P3R2A9_03269	32P3R2A9_03269	100.000	380	0	0	1	380	1	380	0.0	765
32P3R2A9_03269	10P3R2A13_04383	99.703	337	1	0	44	380	1	337	0.0	671
32P3R2A9_03284	32P3R2A9_03284	100.000	248	0	0	1	248	1	248	0.0	504
32P3R2A9_03284	10P3R2A13_01814	97.984	248	5	0	1	248	1	248	0.0	496
32P3R2A9_03284	15P1R1A16_02860	99.029	206	2	0	43	248	1	206	1.62e-151	420
32P3R2A9_03328	32P3R2A9_03328	100.000	842	0	0	1	842	1	842	0.0	1726
32P3R2A9_03328	10P3R2A13_04024	100.000	842	0	0	1	842	106	947	0.0	1724
32P3R2A9_03329	32P3R2A9_03329	100.000	88	0	0	1	88	1	88	3.29e-61	180
32P3R2A9_03329	10P3R2A13_04024	100.000	82	0	0	1	82	1	82	2.38e-51	171
32P3R2A9_03450	32P3R2A9_03450	100.000	360	0	0	1	360	1	360	0.0	706
32P3R2A9_03450	10P3R2A13_03231	99.407	337	2	0	1	337	1	337	0.0	654
32P3R2A9_03450	34P3R2A10_02681	99.666	299	1	0	39	337	1	299	0.0	581
32P3R2A9_03463	32P3R2A9_03463	100.000	372	0	0	1	372	1	372	0.0	759
32P3R2A9_03463	25P2R1A13_03716	96.774	372	12	0	1	372	1	372	0.0	736
32P3R2A9_03463	27P2R2A12_03263	96.774	372	12	0	1	372	1	372	0.0	733
32P3R2A9_03463	12_1P1R2A2-1_03327	97.297	333	9	0	1	333	1	333	0.0	662
32P3R2A9_03463	11P3R3A1_03667	96.610	236	8	0	137	372	1	236	2.93e-167	466
32P3R2A9_03463	10P3R2A13_03245	96.000	150	6	0	137	286	1	150	3.76e-102	298
32P3R2A9_03463	10P3R2A13_03246	97.333	75	2	0	298	372	1	75	5.96e-44	146
32P3R2A9_03490	5P3R2A4_04531	97.926	675	14	0	4	678	503	1177	0.0	1420
32P3R2A9_03490	32P3R2A9_03490	100.000	678	0	0	1	678	1	678	0.0	1394
32P3R2A9_03490	8P2R1A11_04504	97.926	675	14	0	4	678	48	722	0.0	1370
32P3R2A9_03490	22P1R2A3_01670	97.872	235	4	1	445	678	709	943	3.77e-148	454
32P3R2A9_03490	14P1R2A4_04971	97.872	235	4	1	445	678	753	987	4.97e-148	455
32P3R2A9_03490	30P2R3A4_00390	99.048	210	2	0	469	678	1	210	2.00e-144	419
32P3R2A9_03490	1P1R1A1_04715	100.000	76	0	0	603	678	1	76	1.36e-42	148
32P3R2A9_03491	32P3R2A9_03491	100.000	246	0	0	1	246	1	246	4.96e-137	385
32P3R2A9_03491	15P1R1A16_04898	96.748	246	8	0	1	246	1	246	5.08e-132	372
32P3R2A9_03491	16_1P2R1A8-1_04747	96.748	246	8	0	1	246	1	246	3.90e-131	370
32P3R2A9_03491	26P1R3A4_04732	96.341	246	9	0	1	246	1	246	2.37e-129	365
32P3R2A9_03491	34P3R2A10_04583	95.935	246	10	0	1	246	1	246	2.16e-58	185
32P3R2A9_03491	10P3R2A13_04965	95.122	246	12	0	1	246	90	335	8.22e-47	158
32P3R2A9_03491	15P1R1A16_05244	95.531	179	8	0	68	246	1	179	8.23e-23	91.7
32P3R2A9_03491	34P3R2A10_04507	96.471	85	3	0	162	246	72	156	5.00e-15	70.5
32P3R2A9_03498	32P3R2A9_03498	100.000	315	0	0	1	315	1	315	0.0	663
32P3R2A9_03498	10P3R2A13_03468	100.000	311	0	0	1	311	1	311	0.0	659
32P3R2A9_03498	15P1R1A16_04299	100.000	239	0	0	73	311	1	239	0.0	511
32P3R2A9_03498	15P1R1A16_04300	100.000	65	0	0	1	65	1	65	1.85e-41	138
32P3R2A9_03499	32P3R2A9_03499	100.000	56	0	0	1	56	1	56	1.68e-35	113
32P3R2A9_03499	15P1R1A16_04299	100.000	56	0	0	1	56	248	303	3.10e-35	119
32P3R2A9_03499	10P3R2A13_03468	100.000	56	0	0	1	56	320	375	6.89e-35	120
32P3R2A9_03567	32P3R2A9_03567	100.000	127	0	0	1	127	1	127	1.22e-88	253
32P3R2A9_03590	10P3R2A13_03299	100.000	334	0	0	1	334	293	626	0.0	671
32P3R2A9_03590	43P2R2A2_03002	100.000	334	0	0	1	334	227	560	0.0	671
32P3R2A9_03590	32P3R2A9_03590	100.000	334	0	0	1	334	1	334	0.0	668
32P3R2A9_03590	28P2R1A12_01947	99.401	334	2	0	1	334	179	512	0.0	667
32P3R2A9_03591	32P3R2A9_03591	100.000	269	0	0	1	269	1	269	0.0	541
32P3R2A9_03591	10P3R2A13_03299	99.627	268	1	0	1	268	1	268	0.0	538
32P3R2A9_03591	43P2R2A2_03002	100.000	202	0	0	67	268	1	202	1.70e-140	406
32P3R2A9_03591	28P2R1A12_01947	99.351	154	1	0	115	268	1	154	2.75e-103	310
32P3R2A9_03591	28P2R1A12_01948	96.512	86	3	0	1	86	1	86	8.18e-54	169
32P3R2A9_03592	32P3R2A9_03592	100.000	80	0	0	1	80	1	80	9.21e-55	163
32P3R2A9_03592	10P3R2A13_03300	100.000	80	0	0	1	80	200	279	3.19e-53	166
32P3R2A9_03592	29P3R3A9_02664	100.000	42	0	0	1	42	200	241	1.75e-24	91.7
32P3R2A9_03593	32P3R2A9_03593	100.000	196	0	0	1	196	1	196	7.23e-145	400
32P3R2A9_03593	29P3R3A9_02664	100.000	195	0	0	1	195	1	195	1.86e-144	401
32P3R2A9_03593	10P3R2A13_03300	99.487	195	1	0	1	195	1	195	6.09e-143	399
32P3R2A9_03634	32P3R2A9_03634	100.000	90	0	0	1	90	1	90	1.81e-56	169
32P3R2A9_03634	12_1P1R2A2-1_02603	100.000	90	0	0	1	90	317	406	8.62e-54	172
32P3R2A9_03635	32P3R2A9_03635	100.000	303	0	0	1	303	1	303	0.0	610
32P3R2A9_03635	12_1P1R2A2-1_02603	100.000	299	0	0	1	299	1	299	0.0	606
32P3R2A9_03636	32P3R2A9_03636	100.000	443	0	0	1	443	1	443	0.0	915
32P3R2A9_03636	42P1R1A12_06215	96.163	443	17	0	1	443	1	443	0.0	883
32P3R2A9_03646	32P3R2A9_03646	100.000	484	0	0	1	484	1	484	0.0	983
32P3R2A9_03646	14P1R2A4_05115	96.867	383	12	0	102	484	1	383	0.0	758
32P3R2A9_03646	34P3R2A10_03738	96.154	78	3	0	403	480	1	78	7.33e-44	151
32P3R2A9_03653	32P3R2A9_03653	100.000	168	0	0	1	168	1	168	2.04e-125	349
32P3R2A9_03653	10P3R2A13_03371	95.238	168	8	0	1	168	1	168	1.89e-119	334
32P3R2A9_03654	32P3R2A9_03654	100.000	139	0	0	1	139	1	139	7.28e-96	272
32P3R2A9_03654	10P3R2A13_03370	99.167	120	1	0	1	120	1	120	2.23e-82	238
32P3R2A9_03656	32P3R2A9_03656	100.000	340	0	0	1	340	1	340	0.0	691
32P3R2A9_03657	32P3R2A9_03657	100.000	193	0	0	1	193	1	193	2.39e-145	401
32P3R2A9_03660	32P3R2A9_03660	100.000	225	0	0	1	225	1	225	9.06e-162	446
32P3R2A9_03660	43P2R2A2_05031	95.349	86	4	0	140	225	16	101	7.00e-55	171
32P3R2A9_03693	32P3R2A9_03693	100.000	136	0	0	1	136	1	136	1.91e-97	276
32P3R2A9_03693	17P1R1A4_01814	95.588	136	6	0	1	136	1	136	1.22e-93	266
32P3R2A9_03693	16_1P2R1A8-1_02277	95.588	136	6	0	1	136	1	136	1.45e-93	266
32P3R2A9_03696	32P3R2A9_03696	100.000	67	0	0	1	67	1	67	2.75e-45	139
32P3R2A9_03696	16_1P2R1A8-1_02274	97.015	67	2	0	1	67	1	67	6.72e-44	135
32P3R2A9_03698	32P3R2A9_03698	100.000	267	0	0	1	267	1	267	0.0	545
32P3R2A9_03698	17P1R1A4_01809	97.378	267	7	0	1	267	1	267	0.0	531
32P3R2A9_03698	16_1P2R1A8-1_02272	96.255	267	10	0	1	267	1	267	0.0	522
32P3R2A9_03703	32P3R2A9_03703	100.000	32	0	0	1	32	1	32	8.78e-16	62.0
32P3R2A9_03704	32P3R2A9_03704	100.000	566	0	0	1	566	1	566	0.0	1152
32P3R2A9_03705	32P3R2A9_03705	100.000	282	0	0	1	282	1	282	0.0	578
32P3R2A9_03706	32P3R2A9_03706	100.000	942	0	0	1	942	1	942	0.0	1957
32P3R2A9_03707	32P3R2A9_03707	100.000	122	0	0	1	122	1	122	2.94e-86	246
32P3R2A9_03707	17P1R1A4_01798	97.541	122	3	0	1	122	1	122	1.01e-84	243
32P3R2A9_03707	3P1R3A2_02000	96.721	122	4	0	1	122	1	122	2.11e-83	239
32P3R2A9_03707	16_1P2R1A8-1_04776	95.902	122	5	0	1	122	1	122	2.87e-83	239
32P3R2A9_03709	32P3R2A9_03709	100.000	100	0	0	1	100	1	100	7.14e-68	198
32P3R2A9_03709	17P1R1A4_01796	97.000	100	3	0	1	100	1	100	6.36e-66	193
32P3R2A9_03710	32P3R2A9_03710	100.000	89	0	0	1	89	1	89	1.48e-62	184
32P3R2A9_03710	17P1R1A4_01795	97.753	89	2	0	1	89	1	89	3.95e-61	180
32P3R2A9_03712	32P3R2A9_03712	100.000	137	0	0	1	137	1	137	1.62e-97	276
32P3R2A9_03712	10P3R2A13_02681	97.080	137	4	0	1	137	1	137	2.22e-93	265
32P3R2A9_03714	32P3R2A9_03714	100.000	86	0	0	1	86	1	86	1.15e-59	176
32P3R2A9_03714	16_1P2R1A8-1_02258	96.667	60	2	0	27	86	34	93	7.05e-37	119
32P3R2A9_03715	32P3R2A9_03715	100.000	117	0	0	1	117	1	117	1.10e-86	247
32P3R2A9_03719	32P3R2A9_03719	100.000	217	0	0	1	217	1	217	5.57e-163	448
32P3R2A9_03719	16_1P2R1A8-1_02253	96.313	217	8	0	1	217	1	217	5.81e-157	433
32P3R2A9_03787	32P3R2A9_03787	100.000	420	0	0	1	420	1	420	0.0	863
32P3R2A9_03787	12_1P1R2A2-1_03967	95.911	269	11	0	28	296	4	272	0.0	534
32P3R2A9_03917	32P3R2A9_03917	100.000	54	0	0	1	54	1	54	3.04e-34	110
32P3R2A9_03917	25P2R1A13_01397	100.000	54	0	0	1	54	70	123	1.62e-33	110
32P3R2A9_03917	30P2R3A4_04411	95.918	49	2	0	1	49	70	118	9.74e-29	98.2
32P3R2A9_03917	25P2R1A13_04306	95.652	46	2	0	9	54	78	123	1.11e-25	90.5
32P3R2A9_03918	32P3R2A9_03918	100.000	126	0	0	1	126	1	126	1.91e-92	262
32P3R2A9_03918	29P3R3A9_00383	95.349	43	2	0	82	124	43	85	3.01e-22	84.0
32P3R2A9_03919	32P3R2A9_03919	100.000	163	0	0	1	163	1	163	5.31e-120	335
32P3R2A9_03920	32P3R2A9_03920	100.000	81	0	0	1	81	1	81	7.65e-56	166
32P3R2A9_03920	25P2R1A13_02624	97.531	81	2	0	1	81	1	81	5.93e-54	161
32P3R2A9_03920	25P2R1A13_01400	100.000	66	0	0	16	81	1	66	1.02e-42	133
32P3R2A9_03920	16_1P2R1A8-1_01426	98.077	52	1	0	16	67	1	52	1.31e-31	105
32P3R2A9_03921	32P3R2A9_03921	100.000	191	0	0	1	191	1	191	1.79e-142	394
32P3R2A9_03948	32P3R2A9_03948	100.000	360	0	0	1	360	1	360	0.0	724
32P3R2A9_03948	11P3R3A1_00090	97.222	360	10	0	1	360	1	360	0.0	704
32P3R2A9_03948	10P3R2A13_04188	95.556	360	16	0	1	360	1	360	0.0	656
32P3R2A9_03948	15P1R1A16_05182	99.228	259	2	0	102	360	1	259	0.0	521
32P3R2A9_04018	32P3R2A9_04018	100.000	106	0	0	1	106	1	106	7.90e-71	206
32P3R2A9_04018	34P3R2A10_02839	100.000	106	0	0	1	106	105	210	5.83e-70	207
32P3R2A9_04018	10P3R2A13_03983	100.000	106	0	0	1	106	255	360	1.47e-68	209
32P3R2A9_04019	32P3R2A9_04019	100.000	247	0	0	1	247	1	247	4.73e-177	486
32P3R2A9_04019	10P3R2A13_03983	100.000	246	0	0	1	246	1	246	7.44e-176	488
32P3R2A9_04019	34P3R2A10_02839	100.000	96	0	0	151	246	1	96	7.32e-63	196
32P3R2A9_04035	32P3R2A9_04035	100.000	302	0	0	1	302	1	302	0.0	625
32P3R2A9_04035	12_1P1R2A2-1_04245	97.682	302	7	0	1	302	1	302	0.0	613
32P3R2A9_04035	15P1R1A16_03914	97.351	302	8	0	1	302	1	302	0.0	611
32P3R2A9_04035	33P3R2A2_04485	96.358	302	11	0	1	302	1	302	0.0	604
32P3R2A9_04035	15P1R1A16_03587	95.286	297	14	0	6	302	33	329	0.0	595
32P3R2A9_04035	39P2R1A13_04580	96.347	219	8	0	84	302	1	219	5.61e-160	444
32P3R2A9_04035	1P1R1A1_04600	97.638	127	3	0	176	302	1	127	3.30e-88	259
32P3R2A9_04035	14P1R2A4_04959	95.276	127	6	0	176	302	1	127	2.87e-87	256
32P3R2A9_04035	25P2R1A13_04572	95.276	127	6	0	176	302	1	127	4.11e-87	256
32P3R2A9_04035	25P2R1A13_04594	96.063	127	5	0	176	302	1	127	6.44e-87	256
32P3R2A9_04036	32P3R2A9_04036	100.000	96	0	0	1	96	1	96	7.51e-67	195
32P3R2A9_04036	33P3R2A2_04411	98.551	69	1	0	2	70	3	71	3.04e-44	140
32P3R2A9_04036	28P2R1A12_04935	98.333	60	1	0	37	96	1	60	6.90e-38	121
32P3R2A9_04037	32P3R2A9_04037	100.000	104	0	0	1	104	1	104	1.28e-72	210
32P3R2A9_04037	28P2R1A12_04393	97.115	104	3	0	1	104	1	104	5.24e-71	206
32P3R2A9_04038	32P3R2A9_04038	100.000	286	0	0	1	286	1	286	0.0	582
32P3R2A9_04038	12_1P1R2A2-1_02358	97.552	286	7	0	1	286	1	286	0.0	572
32P3R2A9_04038	30P2R3A4_04054	96.853	286	9	0	1	286	1	286	0.0	566
32P3R2A9_04038	28P2R1A12_04394	96.154	286	11	0	1	286	1	286	0.0	539
32P3R2A9_04038	11P3R3A1_03503	96.154	286	11	0	1	286	1	286	0.0	536
32P3R2A9_04039	32P3R2A9_04039	100.000	83	0	0	1	83	1	83	1.50e-55	166
32P3R2A9_04041	32P3R2A9_04041	100.000	128	0	0	1	128	1	128	3.15e-92	262
32P3R2A9_04042	32P3R2A9_04042	100.000	154	0	0	1	154	1	154	7.82e-113	316
32P3R2A9_04043	32P3R2A9_04043	100.000	68	0	0	1	68	1	68	2.13e-44	136
32P3R2A9_04044	32P3R2A9_04044	100.000	186	0	0	1	186	1	186	1.29e-134	374
32P3R2A9_04045	32P3R2A9_04045	100.000	287	0	0	1	287	1	287	0.0	597
32P3R2A9_04046	32P3R2A9_04046	100.000	249	0	0	1	249	1	249	0.0	498
32P3R2A9_04049	32P3R2A9_04049	100.000	245	0	0	1	245	1	245	1.27e-180	495
32P3R2A9_04049	28P2R1A12_04411	99.184	245	2	0	1	245	15	259	6.82e-179	491
32P3R2A9_04050	32P3R2A9_04050	100.000	174	0	0	1	174	1	174	5.19e-122	341
32P3R2A9_04051	32P3R2A9_04051	100.000	939	0	0	1	939	1	939	0.0	1943
32P3R2A9_04051	33P3R2A2_04028	96.273	939	35	0	1	939	1	939	0.0	1885
32P3R2A9_04053	32P3R2A9_04053	100.000	131	0	0	1	131	1	131	1.40e-94	268
32P3R2A9_04053	12_1P1R2A2-1_02343	95.420	131	6	0	1	131	1	131	6.03e-89	254
32P3R2A9_04055	32P3R2A9_04055	100.000	182	0	0	1	182	1	182	4.42e-134	372
32P3R2A9_04055	28P2R1A12_04416	96.045	177	7	0	1	177	1	177	9.34e-126	351
32P3R2A9_04056	32P3R2A9_04056	100.000	95	0	0	1	95	1	95	7.76e-65	190
32P3R2A9_04056	28P2R1A12_04417	96.842	95	3	0	1	95	1	95	5.38e-63	185
32P3R2A9_04056	12_1P1R2A2-1_02341	96.842	95	3	0	1	95	1	95	2.45e-62	184
32P3R2A9_04057	32P3R2A9_04057	100.000	105	0	0	1	105	1	105	6.69e-69	201
32P3R2A9_04057	33P3R2A2_04103	97.143	105	3	0	1	105	1	105	4.80e-66	194
32P3R2A9_04057	40P3R1A10_03950	96.190	105	4	0	1	105	1	105	3.32e-64	189
32P3R2A9_04058	32P3R2A9_04058	100.000	116	0	0	1	116	1	116	1.48e-78	226
32P3R2A9_04058	12_1P1R2A2-1_02339	96.552	116	4	0	1	116	1	116	2.94e-76	221
32P3R2A9_04058	17P1R1A4_03016	97.414	116	3	0	1	116	1	116	3.35e-76	220
32P3R2A9_04068	32P3R2A9_04068	100.000	74	0	0	1	74	1	74	3.76e-51	154
32P3R2A9_04071	32P3R2A9_04071	100.000	107	0	0	1	107	1	107	2.80e-75	217
32P3R2A9_04071	33P3R2A2_04090	96.774	62	2	0	1	62	1	62	3.42e-39	125
32P3R2A9_04071	17P1R1A4_03004	95.082	61	3	0	1	61	1	61	3.28e-37	120
32P3R2A9_04082	32P3R2A9_04082	100.000	203	0	0	1	203	1	203	6.53e-152	419
32P3R2A9_04082	17P1R1A4_02993	99.505	202	1	0	1	202	1	202	2.04e-151	421
32P3R2A9_04082	10P3R2A13_04094	98.515	202	3	0	1	202	1	202	7.84e-150	416
32P3R2A9_04082	12_1P1R2A2-1_02316	97.030	202	6	0	1	202	1	202	6.10e-146	406
32P3R2A9_04082	3P1R3A2_04038	98.137	161	3	0	1	161	1	161	1.01e-115	326
32P3R2A9_04082	3P1R3A2_04037	100.000	34	0	0	169	202	1	34	2.89e-18	76.6
32P3R2A9_04092	32P3R2A9_04092	100.000	139	0	0	1	139	1	139	5.51e-102	287
32P3R2A9_04092	10P3R2A13_02562	97.122	139	0	1	1	139	1	135	1.65e-96	273
32P3R2A9_04097	32P3R2A9_04097	100.000	231	0	0	1	231	1	231	1.31e-173	476
32P3R2A9_04097	10P3R2A13_02557	100.000	231	0	0	1	231	648	878	1.12e-166	482
32P3R2A9_04097	25P2R1A13_01363	98.701	231	3	0	1	231	648	878	1.42e-164	476
32P3R2A9_04097	15P1R1A16_01825	100.000	152	0	0	80	231	1	152	6.32e-111	315
32P3R2A9_04098	32P3R2A9_04098	100.000	611	0	0	1	611	1	611	0.0	1277
32P3R2A9_04098	10P3R2A13_02557	99.672	610	2	0	1	610	1	610	0.0	1276
32P3R2A9_04098	25P2R1A13_01363	97.869	610	13	0	1	610	1	610	0.0	1257
32P3R2A9_04099	10P3R2A13_02556	100.000	307	0	0	1	307	333	639	0.0	608
32P3R2A9_04099	32P3R2A9_04099	100.000	307	0	0	1	307	1	307	0.0	595
32P3R2A9_04099	17P1R1A4_04122	99.342	152	1	0	1	152	333	484	3.91e-100	303
32P3R2A9_04099	17P1R1A4_04123	100.000	126	0	0	182	307	1	126	1.58e-83	247
32P3R2A9_04100	32P3R2A9_04100	100.000	345	0	0	1	345	1	345	0.0	705
32P3R2A9_04100	17P1R1A4_04122	100.000	304	0	0	1	304	1	304	0.0	611
32P3R2A9_04100	10P3R2A13_02556	99.013	304	3	0	1	304	1	304	0.0	607
32P3R2A9_04117	32P3R2A9_04117	100.000	264	0	0	1	264	1	264	0.0	547
32P3R2A9_04117	10P3R2A13_02539	97.727	264	6	0	1	264	1	264	0.0	536
32P3R2A9_04139	32P3R2A9_04139	100.000	247	0	0	1	247	1	247	0.0	508
32P3R2A9_04139	10P3R2A13_01332	100.000	189	0	0	59	247	1	189	9.82e-140	389
32P3R2A9_04139	5P3R2A4_02585	100.000	169	0	0	59	227	1	169	1.62e-124	350
32P3R2A9_04157	32P3R2A9_04157	100.000	312	0	0	1	312	1	312	0.0	641
32P3R2A9_04157	3P1R3A2_01164	97.749	311	7	0	1	311	1	311	0.0	626
32P3R2A9_04157	12_1P1R2A2-1_03982	95.268	317	9	1	1	311	45	361	0.0	617
32P3R2A9_04157	14P1R2A4_05134	95.070	142	7	0	170	311	2	143	3.49e-93	279
32P3R2A9_04186	32P3R2A9_04186	100.000	309	0	0	1	309	1	309	0.0	629
32P3R2A9_04186	10P3R2A13_04142	97.735	309	7	0	1	309	1	309	0.0	616
32P3R2A9_04194	10P3R2A13_04134	99.740	385	1	0	1	385	56	440	0.0	790
32P3R2A9_04194	32P3R2A9_04194	100.000	385	0	0	1	385	1	385	0.0	787
32P3R2A9_04257	32P3R2A9_04257	100.000	55	0	0	1	55	1	55	2.96e-35	112
32P3R2A9_04257	33P3R2A2_03953	100.000	24	0	0	32	55	7	30	7.11e-11	50.8
32P3R2A9_04258	32P3R2A9_04258	100.000	99	0	0	1	99	1	99	1.69e-63	187
32P3R2A9_04259	32P3R2A9_04259	100.000	59	0	0	1	59	1	59	1.19e-37	119
32P3R2A9_04259	28P2R1A12_04537	96.610	59	2	0	1	59	1	59	3.11e-36	115
32P3R2A9_04260	32P3R2A9_04260	100.000	70	0	0	1	70	1	70	3.25e-47	144
32P3R2A9_04261	32P3R2A9_04261	100.000	217	0	0	1	217	1	217	6.35e-163	448
32P3R2A9_04262	32P3R2A9_04262	100.000	723	0	0	1	723	1	723	0.0	1471
32P3R2A9_04264	32P3R2A9_04264	100.000	401	0	0	1	401	1	401	0.0	819
32P3R2A9_04264	28P2R1A12_04532	98.872	266	3	0	136	401	1	266	0.0	545
32P3R2A9_04265	32P3R2A9_04265	100.000	205	0	0	1	205	1	205	1.08e-151	419
32P3R2A9_04266	32P3R2A9_04266	100.000	1015	0	0	1	1015	1	1015	0.0	2103
32P3R2A9_04267	32P3R2A9_04267	100.000	267	0	0	1	267	1	267	0.0	553
32P3R2A9_04267	8P2R1A11_03602	97.004	267	8	0	1	267	1	267	0.0	535
32P3R2A9_04268	32P3R2A9_04268	100.000	63	0	0	1	63	1	63	1.71e-42	131
32P3R2A9_04269	32P3R2A9_04269	100.000	135	0	0	1	135	1	135	9.74e-92	261
32P3R2A9_04270	32P3R2A9_04270	100.000	176	0	0	1	176	1	176	4.15e-123	344
32P3R2A9_04271	32P3R2A9_04271	100.000	235	0	0	1	235	1	235	6.20e-175	480
32P3R2A9_04272	32P3R2A9_04272	100.000	430	0	0	1	430	1	430	0.0	879
32P3R2A9_04273	32P3R2A9_04273	100.000	328	0	0	1	328	1	328	0.0	657
32P3R2A9_04274	32P3R2A9_04274	100.000	231	0	0	1	231	1	231	1.13e-175	481
32P3R2A9_04275	32P3R2A9_04275	100.000	116	0	0	1	116	1	116	5.23e-82	235
32P3R2A9_04276	32P3R2A9_04276	100.000	1256	0	0	1	1256	1	1256	0.0	2579
32P3R2A9_04276	8P2R1A11_03611	96.736	1256	40	1	1	1256	1	1255	0.0	2489
32P3R2A9_04277	32P3R2A9_04277	100.000	184	0	0	1	184	1	184	6.89e-137	379
32P3R2A9_04278	32P3R2A9_04278	100.000	97	0	0	1	97	1	97	1.72e-67	197
32P3R2A9_04279	32P3R2A9_04279	100.000	383	0	0	1	383	1	383	0.0	782
32P3R2A9_04280	32P3R2A9_04280	100.000	273	0	0	1	273	1	273	0.0	550
32P3R2A9_04281	32P3R2A9_04281	100.000	153	0	0	1	153	1	153	4.27e-114	319
32P3R2A9_04283	32P3R2A9_04283	100.000	400	0	0	1	400	1	400	0.0	810
32P3R2A9_04284	32P3R2A9_04284	100.000	275	0	0	1	275	1	275	0.0	562
32P3R2A9_04285	32P3R2A9_04285	100.000	385	0	0	1	385	1	385	0.0	795
32P3R2A9_04286	32P3R2A9_04286	100.000	33	0	0	1	33	1	33	1.67e-17	66.2
32P3R2A9_04287	32P3R2A9_04287	100.000	69	0	0	1	69	1	69	6.43e-46	140
32P3R2A9_04287	14P1R2A4_04673	97.101	69	2	0	1	69	1	69	1.54e-44	137
32P3R2A9_04287	8P2R1A11_04486	95.652	69	3	0	1	69	1	69	4.89e-43	133
32P3R2A9_04288	32P3R2A9_04288	100.000	67	0	0	1	67	1	67	1.56e-43	134
32P3R2A9_04288	16_1P2R1A8-1_01445	97.015	67	2	0	1	67	1	67	1.44e-40	127
32P3R2A9_04288	15P1R1A16_01728	98.305	59	1	0	1	59	1	59	7.11e-37	117
32P3R2A9_04289	32P3R2A9_04289	100.000	190	0	0	1	190	1	190	3.34e-142	393
32P3R2A9_04290	32P3R2A9_04290	100.000	134	0	0	1	134	1	134	1.44e-99	281
32P3R2A9_04290	14P1R2A4_05079	95.041	121	6	0	1	121	1	121	3.44e-86	247
32P3R2A9_04291	32P3R2A9_04291	100.000	145	0	0	1	145	1	145	3.96e-108	303
32P3R2A9_04291	16_1P2R1A8-1_01448	97.241	145	4	0	1	145	1	145	9.29e-105	295
32P3R2A9_04291	12_1P1R2A2-1_00053	95.349	129	6	0	1	129	1	129	8.42e-90	257
32P3R2A9_04291	8P2R1A11_04512	96.032	126	5	0	1	126	1	126	3.14e-89	257
32P3R2A9_04298	32P3R2A9_04298	100.000	96	0	0	1	96	1	96	1.23e-63	187
32P3R2A9_04298	12_1P1R2A2-1_02576	96.875	96	3	0	1	96	1	96	5.20e-62	183
32P3R2A9_04301	32P3R2A9_04301	100.000	208	0	0	1	208	1	208	2.37e-155	428
32P3R2A9_04301	25P2R1A13_04437	95.673	208	9	0	1	208	1	208	2.62e-148	410
32P3R2A9_04302	32P3R2A9_04302	100.000	72	0	0	1	72	1	72	1.66e-50	152
32P3R2A9_04303	32P3R2A9_04303	100.000	589	0	0	1	589	1	589	0.0	1202
32P3R2A9_04304	32P3R2A9_04304	100.000	3266	0	0	1	3266	1	3266	0.0	6492
32P3R2A9_04305	32P3R2A9_04305	100.000	129	0	0	1	129	1	129	1.91e-89	255
32P3R2A9_04390	32P3R2A9_04390	100.000	746	0	0	1	746	1	746	0.0	1512
32P3R2A9_04390	34P3R2A10_04261	99.482	386	2	0	361	746	1	386	0.0	772
32P3R2A9_04424	32P3R2A9_04424	100.000	219	0	0	1	219	1	219	1.67e-156	432
32P3R2A9_04425	32P3R2A9_04425	100.000	187	0	0	1	187	1	187	2.79e-139	385
32P3R2A9_04425	8P2R1A11_03524	95.722	187	8	0	1	187	1	187	1.19e-125	351
32P3R2A9_04426	32P3R2A9_04426	100.000	205	0	0	1	205	1	205	2.01e-148	410
32P3R2A9_04427	32P3R2A9_04427	100.000	366	0	0	1	366	1	366	0.0	750
32P3R2A9_04427	30P2R3A4_04027	97.688	346	8	0	1	346	1	346	0.0	696
32P3R2A9_04428	32P3R2A9_04428	100.000	518	0	0	1	518	1	518	0.0	1063
32P3R2A9_04428	8P2R1A11_03527	96.911	518	16	0	1	518	1	518	0.0	1033
32P3R2A9_04428	30P2R3A4_04026	98.824	170	2	0	349	518	1	170	6.40e-120	349
32P3R2A9_04429	32P3R2A9_04429	100.000	151	0	0	1	151	1	151	1.63e-104	295
32P3R2A9_04429	8P2R1A11_03528	96.689	151	5	0	1	151	1	151	8.41e-101	285
32P3R2A9_04430	32P3R2A9_04430	100.000	432	0	0	1	432	1	432	0.0	885
32P3R2A9_04430	8P2R1A11_03529	96.528	432	15	0	1	432	1	432	0.0	854
32P3R2A9_04431	32P3R2A9_04431	100.000	561	0	0	1	561	1	561	0.0	1144
32P3R2A9_04431	16_1P2R1A8-1_04782	99.753	405	1	0	157	561	1	405	0.0	815
32P3R2A9_04432	32P3R2A9_04432	100.000	146	0	0	1	146	1	146	2.50e-103	291
32P3R2A9_04433	32P3R2A9_04433	100.000	356	0	0	1	356	1	356	0.0	718
32P3R2A9_04433	8P2R1A11_03532	97.753	356	8	0	1	356	1	356	0.0	698
32P3R2A9_04434	32P3R2A9_04434	100.000	197	0	0	1	197	1	197	6.62e-145	400
32P3R2A9_04435	32P3R2A9_04435	100.000	151	0	0	1	151	1	151	2.17e-108	305
32P3R2A9_04436	32P3R2A9_04436	100.000	85	0	0	1	85	1	85	3.40e-59	175
32P3R2A9_04437	32P3R2A9_04437	100.000	184	0	0	1	184	1	184	2.97e-136	378
32P3R2A9_04438	32P3R2A9_04438	100.000	228	0	0	1	228	1	228	6.73e-170	466
32P3R2A9_04439	32P3R2A9_04439	100.000	178	0	0	1	178	1	178	6.68e-132	366
32P3R2A9_04440	32P3R2A9_04440	100.000	96	0	0	1	96	1	96	1.56e-67	197
32P3R2A9_04441	32P3R2A9_04441	100.000	359	0	0	1	359	1	359	0.0	733
32P3R2A9_04441	8P2R1A11_03538	95.822	359	15	0	1	359	1	359	0.0	702
32P3R2A9_04442	32P3R2A9_04442	100.000	93	0	0	1	93	1	93	2.23e-63	186
32P3R2A9_04443	32P3R2A9_04443	100.000	92	0	0	1	92	1	92	5.49e-64	187
32P3R2A9_04444	32P3R2A9_04444	100.000	94	0	0	1	94	1	94	1.33e-66	194
32P3R2A9_04445	32P3R2A9_04445	100.000	89	0	0	1	89	1	89	5.70e-60	177
32P3R2A9_04446	32P3R2A9_04446	100.000	201	0	0	1	201	1	201	7.63e-151	416
32P3R2A9_04447	32P3R2A9_04447	100.000	221	0	0	1	221	1	221	2.11e-166	457
32P3R2A9_04447	10P3R2A13_04090	100.000	20	0	0	202	221	130	149	7.39e-07	47.4
32P3R2A9_04448	32P3R2A9_04448	100.000	93	0	0	1	93	1	93	1.89e-60	179
32P3R2A9_04448	11P3R3A1_02632	97.849	93	2	0	1	93	1	93	4.51e-59	175
32P3R2A9_04449	32P3R2A9_04449	100.000	131	0	0	1	131	1	131	1.01e-87	251
32P3R2A9_04449	40P3R1A10_02917	96.947	131	4	0	1	131	1	131	1.78e-84	243
32P3R2A9_04451	32P3R2A9_04451	100.000	349	0	0	1	349	1	349	0.0	734
32P3R2A9_04451	15P1R1A16_00981	95.677	347	15	0	1	347	1	347	0.0	706
32P3R2A9_04451	5P3R2A4_04636	95.349	344	16	0	1	344	1	344	0.0	700
32P3R2A9_04451	3P1R3A2_04614	95.640	344	15	0	1	344	1	344	0.0	698
32P3R2A9_04452	32P3R2A9_04452	100.000	66	0	0	1	66	1	66	8.43e-44	135
32P3R2A9_04452	11P3R3A1_02625	96.970	66	2	0	1	66	1	66	1.73e-42	131
32P3R2A9_04452	28P2R1A12_04833	96.970	66	2	0	1	66	1	66	2.68e-42	131
32P3R2A9_04452	25P2R1A13_04739	96.970	66	2	0	1	66	1	66	7.87e-42	130
32P3R2A9_04452	25P2R1A13_04891	98.413	63	1	0	1	63	1	63	1.21e-41	129
32P3R2A9_04452	3P1R3A2_02599	96.970	66	2	0	1	66	1	66	4.27e-41	128
32P3R2A9_04453	32P3R2A9_04453	100.000	173	0	0	1	173	1	173	4.02e-124	346
32P3R2A9_04454	32P3R2A9_04454	100.000	295	0	0	1	295	1	295	0.0	600
32P3R2A9_04455	32P3R2A9_04455	100.000	116	0	0	1	116	1	116	2.03e-82	236
32P3R2A9_04456	32P3R2A9_04456	100.000	86	0	0	1	86	1	86	5.59e-57	169
32P3R2A9_04456	3P1R3A2_02593	97.674	86	2	0	1	86	1	86	3.82e-56	167
32P3R2A9_04457	32P3R2A9_04457	100.000	464	0	0	1	464	1	464	0.0	960
32P3R2A9_04457	3P1R3A2_02592	96.760	463	15	0	2	464	5	467	0.0	929
32P3R2A9_04458	32P3R2A9_04458	100.000	293	0	0	1	293	1	293	0.0	606
32P3R2A9_04459	32P3R2A9_04459	100.000	303	0	0	1	303	1	303	0.0	630
32P3R2A9_04460	32P3R2A9_04460	100.000	78	0	0	1	78	1	78	1.47e-53	160
32P3R2A9_04461	32P3R2A9_04461	100.000	78	0	0	1	78	1	78	1.09e-51	155
32P3R2A9_04462	32P3R2A9_04462	100.000	221	0	0	1	221	1	221	1.55e-168	462
32P3R2A9_04463	32P3R2A9_04463	100.000	70	0	0	1	70	1	70	1.55e-48	147
32P3R2A9_04464	32P3R2A9_04464	100.000	285	0	0	1	285	1	285	0.0	593
32P3R2A9_04465	32P3R2A9_04465	100.000	40	0	0	1	40	1	40	1.24e-23	82.4
32P3R2A9_04466	32P3R2A9_04466	100.000	230	0	0	1	230	1	230	1.75e-174	478
32P3R2A9_04467	32P3R2A9_04467	100.000	151	0	0	1	151	1	151	1.92e-109	307
32P3R2A9_04467	3P1R3A2_02584	97.917	144	3	0	1	144	1	144	7.22e-103	292
32P3R2A9_04468	32P3R2A9_04468	100.000	64	0	0	1	64	1	64	6.66e-41	127
32P3R2A9_04469	32P3R2A9_04469	100.000	38	0	0	1	38	1	38	9.72e-22	77.4
32P3R2A9_04470	32P3R2A9_04470	100.000	63	0	0	1	63	1	63	6.65e-43	132
32P3R2A9_04471	32P3R2A9_04471	100.000	194	0	0	1	194	1	194	8.87e-147	405
32P3R2A9_04472	32P3R2A9_04472	100.000	276	0	0	1	276	1	276	0.0	565
32P3R2A9_04473	32P3R2A9_04473	100.000	124	0	0	1	124	1	124	2.67e-88	251
32P3R2A9_04474	32P3R2A9_04474	100.000	81	0	0	1	81	1	81	5.79e-57	169
32P3R2A9_04475	32P3R2A9_04475	100.000	49	0	0	1	49	1	49	3.43e-31	102
32P3R2A9_04475	3P1R3A2_02575	97.959	49	1	0	1	49	1	49	4.46e-31	101
32P3R2A9_04476	32P3R2A9_04476	100.000	79	0	0	1	79	1	79	7.19e-55	164
32P3R2A9_04476	25P2R1A13_03606	97.468	79	2	0	1	79	1	79	4.81e-54	162
32P3R2A9_04476	3P1R3A2_02574	98.701	77	1	0	1	77	1	77	1.43e-53	160
32P3R2A9_04477	32P3R2A9_04477	100.000	438	0	0	1	438	1	438	0.0	919
32P3R2A9_04477	3P1R3A2_02573	97.032	438	13	0	1	438	1	438	0.0	892
32P3R2A9_04504	10P3R2A13_00729	100.000	67	0	0	1	67	5	71	2.79e-44	136
32P3R2A9_04504	32P3R2A9_04504	100.000	67	0	0	1	67	1	67	3.08e-44	136
32P3R2A9_04504	26P1R3A4_04515	97.015	67	2	0	1	67	1	67	3.95e-42	130
32P3R2A9_04514	32P3R2A9_04514	100.000	180	0	0	1	180	1	180	5.47e-132	367
32P3R2A9_04515	32P3R2A9_04515	100.000	82	0	0	1	82	1	82	1.60e-56	168
32P3R2A9_04516	32P3R2A9_04516	100.000	80	0	0	1	80	1	80	1.68e-55	165
32P3R2A9_04517	32P3R2A9_04517	100.000	73	0	0	1	73	1	73	3.86e-49	149
32P3R2A9_04517	14P1R2A4_04595	95.890	73	3	0	1	73	1	73	2.10e-47	144
32P3R2A9_04517	27P2R2A12_03992	95.890	73	3	0	1	73	1	73	4.59e-47	144
32P3R2A9_04518	32P3R2A9_04518	100.000	70	0	0	1	70	1	70	7.14e-48	145
32P3R2A9_04520	32P3R2A9_04520	100.000	53	0	0	1	53	1	53	2.87e-34	110
32P3R2A9_04520	27P2R2A12_03995	96.154	52	2	0	1	52	1	52	1.79e-33	108
32P3R2A9_04520	1P1R1A1_04064	96.000	50	2	0	1	50	1	50	3.68e-31	102
32P3R2A9_04523	32P3R2A9_04523	100.000	99	0	0	1	99	1	99	2.72e-69	202
32P3R2A9_04523	8P2R1A11_00335	97.980	99	2	0	1	99	1	99	9.12e-68	198
32P3R2A9_04523	3P1R3A2_04141	97.980	99	2	0	1	99	1	99	1.37e-67	197
32P3R2A9_04523	1P1R1A1_04061	97.980	99	2	0	1	99	1	99	1.51e-67	197
32P3R2A9_04523	11P3R3A1_03751	97.980	99	2	0	1	99	1	99	5.65e-67	196
32P3R2A9_04523	8P2R1A11_04419	95.960	99	4	0	1	99	1	99	1.77e-65	192
32P3R2A9_04525	32P3R2A9_04525	100.000	93	0	0	1	93	1	93	1.43e-61	182
32P3R2A9_04526	32P3R2A9_04526	100.000	88	0	0	1	88	1	88	1.09e-62	184
32P3R2A9_04530	32P3R2A9_04530	100.000	335	0	0	1	335	1	335	0.0	689
32P3R2A9_04530	15P1R1A16_02020	97.910	335	7	0	1	335	6	340	0.0	678
32P3R2A9_04530	27P2R2A12_04005	98.710	310	4	0	26	335	1	310	0.0	632
32P3R2A9_04530	11P3R3A1_03758	98.065	310	6	0	26	335	1	310	0.0	629
32P3R2A9_04531	32P3R2A9_04531	100.000	234	0	0	1	234	1	234	1.66e-175	481
32P3R2A9_04531	11P3R3A1_03759	97.436	234	6	0	1	234	1	234	3.06e-170	468
32P3R2A9_04531	1P1R1A1_04055	97.009	234	7	0	1	234	1	234	4.08e-169	465
32P3R2A9_04534	32P3R2A9_04534	100.000	509	0	0	1	509	1	509	0.0	1047
32P3R2A9_04534	1P1R1A1_04052	97.642	509	12	0	1	509	1	509	0.0	1028
32P3R2A9_04535	32P3R2A9_04535	100.000	106	0	0	1	106	1	106	2.57e-76	220
32P3R2A9_04536	32P3R2A9_04536	100.000	310	0	0	1	310	1	310	0.0	646
32P3R2A9_04541	32P3R2A9_04541	100.000	46	0	0	1	46	1	46	1.35e-28	95.1
32P3R2A9_04541	3P1R3A2_04125	95.652	46	2	0	1	46	1	46	9.10e-27	90.5
32P3R2A9_04541	34P3R2A10_00909	95.652	46	2	0	1	46	1	46	2.12e-26	89.7
32P3R2A9_04546	32P3R2A9_04546	100.000	154	0	0	1	154	1	154	1.12e-110	311
32P3R2A9_04546	1P1R1A1_04606	97.403	154	4	0	1	154	1	154	6.49e-108	303
32P3R2A9_04546	15P1R1A16_04904	96.753	154	5	0	1	154	1	154	2.56e-107	302
32P3R2A9_04546	10P3R2A13_03886	95.455	154	7	0	1	154	1	154	2.18e-96	275
32P3R2A9_04548	32P3R2A9_04548	100.000	52	0	0	1	52	1	52	5.46e-35	111
32P3R2A9_04550	32P3R2A9_04550	100.000	124	0	0	1	124	1	124	2.85e-88	251
32P3R2A9_04550	55P3R1A11_04240	97.581	124	3	0	1	124	1	124	1.31e-86	247
32P3R2A9_04550	33P3R2A2_04202	97.581	124	3	0	1	124	107	230	4.68e-86	250
32P3R2A9_04550	32P3R2A9_04731	97.581	124	3	0	1	124	1	124	9.37e-86	245
32P3R2A9_04550	55P3R1A11_04107	95.161	124	6	0	1	124	1	124	1.35e-84	242
32P3R2A9_04550	33P3R2A2_04030	95.161	124	6	0	1	124	107	230	6.31e-84	244
32P3R2A9_04550	33P3R2A2_04010	97.581	124	3	0	1	124	173	296	1.42e-83	246
32P3R2A9_04550	25P2R1A13_04574	96.774	124	4	0	1	124	173	296	5.50e-83	244
32P3R2A9_04550	19P1R1A6_04654	95.161	124	6	0	1	124	173	296	8.62e-82	241
32P3R2A9_04551	32P3R2A9_04551	100.000	134	0	0	1	134	1	134	4.91e-99	280
32P3R2A9_04552	32P3R2A9_04552	100.000	161	0	0	1	161	1	161	3.68e-118	330
32P3R2A9_04556	32P3R2A9_04556	100.000	500	0	0	1	500	1	500	0.0	1036
32P3R2A9_04557	32P3R2A9_04557	100.000	316	0	0	1	316	1	316	0.0	649
32P3R2A9_04558	32P3R2A9_04558	100.000	116	0	0	1	116	1	116	7.80e-84	239
32P3R2A9_04558	3P1R3A2_04762	97.414	116	3	0	1	116	404	519	8.62e-79	240
32P3R2A9_04559	32P3R2A9_04559	100.000	394	0	0	1	394	1	394	0.0	807
32P3R2A9_04559	3P1R3A2_04762	97.964	393	8	0	1	393	1	393	0.0	793
32P3R2A9_04559	40P3R1A10_04437	95.370	108	5	0	1	108	1	108	2.37e-61	200
32P3R2A9_04560	32P3R2A9_04560	100.000	116	0	0	1	116	1	116	3.89e-82	235
32P3R2A9_04561	32P3R2A9_04561	100.000	225	0	0	1	225	1	225	1.39e-168	463
32P3R2A9_04562	32P3R2A9_04562	100.000	149	0	0	1	149	1	149	1.53e-108	305
32P3R2A9_04562	1P1R1A1_04713	99.206	126	1	0	1	126	1	126	1.22e-88	257
32P3R2A9_04562	16_1P2R1A8-1_04710	95.238	126	6	0	1	126	1	126	6.42e-86	250
32P3R2A9_04563	32P3R2A9_04563	100.000	344	0	0	1	344	1	344	0.0	695
32P3R2A9_04564	32P3R2A9_04564	100.000	823	0	0	1	823	1	823	0.0	1689
32P3R2A9_04565	32P3R2A9_04565	100.000	241	0	0	1	241	1	241	4.13e-178	488
32P3R2A9_04566	32P3R2A9_04566	100.000	181	0	0	1	181	1	181	4.30e-126	352
32P3R2A9_04567	32P3R2A9_04567	100.000	47	0	0	1	47	1	47	1.29e-29	97.8
32P3R2A9_04568	32P3R2A9_04568	100.000	249	0	0	1	249	1	249	4.01e-177	486
32P3R2A9_04570	32P3R2A9_04570	100.000	422	0	0	1	422	1	422	0.0	872
32P3R2A9_04570	14P1R2A4_04426	97.867	422	9	0	1	422	1	422	0.0	858
32P3R2A9_04570	25P2R1A13_04518	97.619	420	10	0	1	420	1	420	0.0	852
32P3R2A9_04570	33P3R2A2_02088	97.381	420	11	0	1	420	1	420	0.0	851
32P3R2A9_04570	25P2R1A13_04685	97.381	420	11	0	1	420	1	420	0.0	850
32P3R2A9_04570	30P2R3A4_04006	97.541	366	9	0	55	420	1	366	0.0	743
32P3R2A9_04570	30P2R3A4_04430	95.380	368	17	0	55	422	1	368	0.0	731
32P3R2A9_04570	24P1R3A1_07876	97.610	251	6	0	172	422	1	251	0.0	515
32P3R2A9_04570	29P3R3A9_02140	99.468	188	1	0	1	188	1	188	1.08e-134	385
32P3R2A9_04571	32P3R2A9_04571	100.000	500	0	0	1	500	1	500	0.0	1039
32P3R2A9_04571	14P1R2A4_04427	96.600	500	17	0	1	500	1	500	0.0	986
32P3R2A9_04571	24P1R3A1_07877	96.488	484	17	0	17	500	1	484	0.0	953
32P3R2A9_04578	32P3R2A9_04578	100.000	213	0	0	1	213	1	213	8.87e-160	439
32P3R2A9_04578	30P2R3A4_04422	96.279	215	6	1	1	213	1	215	1.05e-153	424
32P3R2A9_04578	3P1R3A2_04884	95.735	211	9	0	1	211	1	211	1.59e-152	421
32P3R2A9_04578	14P1R2A4_04821	95.305	213	10	0	1	213	1	213	8.71e-151	417
32P3R2A9_04578	14P1R2A4_04202	95.025	201	10	0	13	213	1	201	3.73e-142	395
32P3R2A9_04579	32P3R2A9_04579	100.000	411	0	0	1	411	1	411	0.0	857
32P3R2A9_04579	14P1R2A4_04820	96.107	411	16	0	1	411	1	411	0.0	829
32P3R2A9_04579	40P3R1A10_04432	95.355	366	17	0	46	411	1	366	0.0	733
32P3R2A9_04579	43P2R2A2_04260	100.000	90	0	0	322	411	1	90	2.65e-60	190
32P3R2A9_04580	32P3R2A9_04580	100.000	218	0	0	1	218	1	218	3.67e-163	449
32P3R2A9_04581	32P3R2A9_04581	100.000	89	0	0	1	89	1	89	1.21e-63	186
32P3R2A9_04582	32P3R2A9_04582	100.000	206	0	0	1	206	1	206	2.44e-150	415
32P3R2A9_04583	32P3R2A9_04583	100.000	147	0	0	1	147	1	147	1.48e-106	300
32P3R2A9_04583	14P1R2A4_04847	95.172	145	7	0	1	145	1	145	3.42e-99	292
32P3R2A9_04583	29P3R3A9_02138	95.172	145	7	0	1	145	1	145	4.59e-98	289
32P3R2A9_04584	32P3R2A9_04584	100.000	582	0	0	1	582	1	582	0.0	1216
32P3R2A9_04584	29P3R3A9_02136	97.895	95	2	0	488	582	1	95	8.74e-60	193
32P3R2A9_04585	32P3R2A9_04585	100.000	292	0	0	1	292	1	292	0.0	605
32P3R2A9_04586	32P3R2A9_04586	100.000	350	0	0	1	350	1	350	0.0	723
32P3R2A9_04587	32P3R2A9_04587	100.000	191	0	0	1	191	1	191	3.15e-143	396
32P3R2A9_04588	32P3R2A9_04588	100.000	47	0	0	1	47	1	47	3.07e-29	97.1
32P3R2A9_04589	32P3R2A9_04589	100.000	654	0	0	1	654	1	654	0.0	1352
32P3R2A9_04590	32P3R2A9_04590	100.000	306	0	0	1	306	1	306	0.0	636
32P3R2A9_04591	32P3R2A9_04591	100.000	193	0	0	1	193	1	193	1.06e-145	402
32P3R2A9_04592	32P3R2A9_04592	100.000	75	0	0	1	75	1	75	5.58e-50	151
32P3R2A9_04593	32P3R2A9_04593	100.000	82	0	0	1	82	1	82	6.63e-55	164
32P3R2A9_04594	32P3R2A9_04594	100.000	960	0	0	1	960	1	960	0.0	1964
32P3R2A9_04595	32P3R2A9_04595	100.000	599	0	0	1	599	1	599	0.0	1226
32P3R2A9_04596	32P3R2A9_04596	100.000	568	0	0	1	568	1	568	0.0	1181
32P3R2A9_04598	32P3R2A9_04598	100.000	130	0	0	1	130	1	130	9.02e-87	248
32P3R2A9_04599	32P3R2A9_04599	100.000	93	0	0	1	93	1	93	3.14e-62	183
32P3R2A9_04599	15P1R1A16_01742	97.849	93	2	0	1	93	1	93	1.11e-59	177
32P3R2A9_04605	32P3R2A9_04605	100.000	350	0	0	1	350	1	350	0.0	723
32P3R2A9_04605	10P3R2A13_04940	97.297	111	3	0	240	350	1	111	1.30e-77	233
32P3R2A9_04606	32P3R2A9_04606	100.000	368	0	0	1	368	1	368	0.0	759
32P3R2A9_04607	32P3R2A9_04607	100.000	217	0	0	1	217	1	217	8.81e-164	450
32P3R2A9_04608	32P3R2A9_04608	100.000	71	0	0	1	71	1	71	1.08e-46	142
32P3R2A9_04608	40P3R1A10_02924	98.485	66	1	0	6	71	6	71	1.04e-40	127
32P3R2A9_04608	10P3R2A13_00733	98.077	52	1	0	20	71	1	52	1.13e-29	99.4
32P3R2A9_04609	32P3R2A9_04609	100.000	86	0	0	1	86	1	86	2.62e-60	178
32P3R2A9_04610	32P3R2A9_04610	100.000	140	0	0	1	140	1	140	1.31e-102	289
32P3R2A9_04611	32P3R2A9_04611	100.000	59	0	0	1	59	1	59	5.11e-38	120
32P3R2A9_04612	32P3R2A9_04612	100.000	141	0	0	1	141	1	141	2.55e-102	288
32P3R2A9_04618	32P3R2A9_04618	100.000	77	0	0	1	77	1	77	1.36e-53	160
32P3R2A9_04619	32P3R2A9_04619	100.000	130	0	0	1	130	1	130	5.53e-94	266
32P3R2A9_04620	32P3R2A9_04620	100.000	100	0	0	1	100	1	100	7.95e-72	208
32P3R2A9_04623	32P3R2A9_04623	100.000	158	0	0	1	158	1	158	1.29e-113	318
32P3R2A9_04624	32P3R2A9_04624	100.000	244	0	0	1	244	1	244	0.0	498
32P3R2A9_04624	12_1P1R2A2-1_03106	98.253	229	4	0	1	229	1	229	6.06e-163	456
32P3R2A9_04624	25P2R1A13_04887	98.421	190	3	0	40	229	1	190	1.50e-132	377
32P3R2A9_04625	32P3R2A9_04625	100.000	123	0	0	1	123	1	123	2.91e-89	254
32P3R2A9_04625	12_1P1R2A2-1_00055	97.727	88	2	0	1	88	1	88	1.11e-58	176
32P3R2A9_04625	30P2R3A4_02165	97.674	86	2	0	1	86	1	86	4.46e-57	172
32P3R2A9_04625	16_1P2R1A8-1_04439	96.471	85	3	0	2	86	12	96	1.37e-55	168
32P3R2A9_04626	32P3R2A9_04626	100.000	168	0	0	1	168	1	168	1.61e-122	342
32P3R2A9_04626	25P2R1A13_04794	97.041	169	4	1	1	168	1	169	1.74e-117	329
32P3R2A9_04626	28P2R1A12_04888	97.024	168	5	0	1	168	373	540	7.54e-104	308
32P3R2A9_04627	32P3R2A9_04627	100.000	98	0	0	1	98	1	98	3.79e-66	194
32P3R2A9_04628	32P3R2A9_04628	100.000	169	0	0	1	169	1	169	6.65e-126	350
32P3R2A9_04628	25P2R1A13_04599	97.619	168	4	0	2	169	4	171	2.25e-122	342
32P3R2A9_04629	32P3R2A9_04629	100.000	339	0	0	1	339	1	339	0.0	689
32P3R2A9_04629	25P2R1A13_04598	97.706	218	5	0	1	218	24	241	6.23e-140	422
32P3R2A9_04630	32P3R2A9_04630	100.000	236	0	0	1	236	1	236	6.09e-180	493
32P3R2A9_04631	32P3R2A9_04631	100.000	1015	0	0	1	1015	1	1015	0.0	2068
32P3R2A9_04632	32P3R2A9_04632	100.000	141	0	0	1	141	1	141	1.03e-103	292
32P3R2A9_04633	32P3R2A9_04633	100.000	79	0	0	1	79	1	79	6.35e-53	159
32P3R2A9_04634	32P3R2A9_04634	100.000	62	0	0	1	62	1	62	6.99e-41	127
32P3R2A9_04635	32P3R2A9_04635	100.000	246	0	0	1	246	1	246	0.0	504
32P3R2A9_04636	32P3R2A9_04636	100.000	47	0	0	1	47	1	47	3.97e-28	94.4
32P3R2A9_04637	32P3R2A9_04637	100.000	309	0	0	1	309	1	309	0.0	636
32P3R2A9_04637	32P3R2A9_05370	96.678	301	10	0	9	309	1	301	0.0	601
32P3R2A9_04637	28P2R1A12_04696	97.945	146	3	0	164	309	1	146	2.38e-104	301
32P3R2A9_04639	32P3R2A9_04639	100.000	74	0	0	1	74	1	74	9.71e-50	150
32P3R2A9_04639	10P3R2A13_04853	95.946	74	3	0	1	74	1	74	1.06e-47	145
32P3R2A9_04640	32P3R2A9_04640	100.000	145	0	0	1	145	1	145	1.51e-104	294
32P3R2A9_04640	17P1R1A4_02979	97.241	145	4	0	1	145	1	145	2.49e-100	284
32P3R2A9_04641	32P3R2A9_04641	100.000	257	0	0	1	257	1	257	0.0	518
32P3R2A9_04642	32P3R2A9_04642	100.000	165	0	0	1	165	1	165	9.00e-119	332
32P3R2A9_04642	1P1R1A1_04663	96.269	134	5	0	19	152	3	136	2.88e-88	259
32P3R2A9_04643	32P3R2A9_04643	100.000	142	0	0	1	142	1	142	2.47e-105	296
32P3R2A9_04643	10P3R2A13_04857	97.183	142	4	0	1	142	1	142	2.93e-103	291
32P3R2A9_04643	28P2R1A12_04629	95.775	142	6	0	1	142	1	142	8.80e-102	287
32P3R2A9_04643	12_1P1R2A2-1_02302	96.479	142	5	0	1	142	1	142	4.14e-101	285
32P3R2A9_04643	17P1R1A4_02982	95.775	142	6	0	1	142	1	142	7.00e-101	285
32P3R2A9_04643	33P3R2A2_04224	95.775	142	6	0	1	142	1	142	7.16e-101	285
32P3R2A9_04643	10P3R2A13_04958	95.070	142	7	0	1	142	1	142	2.05e-100	284
32P3R2A9_04643	1P1R1A1_04663	95.070	142	7	0	1	142	138	279	1.61e-96	279
32P3R2A9_04644	32P3R2A9_04644	100.000	134	0	0	1	134	1	134	3.14e-94	267
32P3R2A9_04644	12_1P1R2A2-1_02303	95.726	117	5	0	1	117	17	133	1.18e-76	223
32P3R2A9_04648	32P3R2A9_04648	100.000	180	0	0	1	180	1	180	9.39e-131	363
32P3R2A9_04648	17P1R1A4_02985	96.667	180	6	0	1	180	1	180	1.75e-125	350
32P3R2A9_04648	1P1R1A1_04254	95.556	180	8	0	1	180	1	180	4.31e-117	329
32P3R2A9_04650	32P3R2A9_04650	100.000	653	0	0	1	653	1	653	0.0	1341
32P3R2A9_04650	3P1R3A2_04782	95.712	653	28	0	1	653	1	653	0.0	1283
32P3R2A9_04651	32P3R2A9_04651	100.000	145	0	0	1	145	1	145	3.27e-106	298
32P3R2A9_04651	11P3R3A1_03471	97.931	145	3	0	1	145	1	145	2.21e-104	294
32P3R2A9_04651	10P3R2A13_04883	97.931	145	3	0	1	145	1	145	2.31e-104	294
32P3R2A9_04651	12_1P1R2A2-1_02312	95.862	145	6	0	1	145	1	145	1.08e-102	290
32P3R2A9_04658	32P3R2A9_04658	100.000	900	0	0	1	900	1	900	0.0	1873
32P3R2A9_04658	28P2R1A12_04547	97.996	898	18	0	1	898	1	898	0.0	1833
32P3R2A9_04659	32P3R2A9_04659	100.000	111	0	0	1	111	1	111	6.20e-77	222
32P3R2A9_04663	32P3R2A9_04663	100.000	61	0	0	1	61	1	61	1.15e-38	121
32P3R2A9_04664	32P3R2A9_04664	100.000	313	0	0	1	313	1	313	0.0	651
32P3R2A9_04664	8P2R1A11_03580	96.486	313	3	1	1	313	1	305	0.0	621
32P3R2A9_04667	32P3R2A9_04667	100.000	167	0	0	1	167	1	167	1.51e-121	339
32P3R2A9_04667	28P2R1A12_04840	97.006	167	5	0	1	167	1	167	6.92e-118	330
32P3R2A9_04682	32P3R2A9_04682	100.000	129	0	0	1	129	1	129	4.39e-95	269
32P3R2A9_04682	25P2R1A13_04563	99.225	129	1	0	1	129	10	138	2.42e-94	268
32P3R2A9_04682	12_1P1R2A2-1_00054	97.143	105	3	0	1	105	10	114	1.82e-74	220
32P3R2A9_04682	25P2R1A13_04710	97.143	105	3	0	1	105	10	114	6.61e-74	219
32P3R2A9_04682	3P1R3A2_00241	95.714	70	3	0	36	105	1	70	6.75e-45	144
32P3R2A9_04682	16_1P2R1A8-1_04440	95.918	49	2	0	1	49	10	58	1.54e-30	104
32P3R2A9_04706	32P3R2A9_04706	100.000	170	0	0	1	170	1	170	1.04e-125	350
32P3R2A9_04706	14P1R2A4_04672	100.000	170	0	0	1	170	32	201	1.83e-125	350
32P3R2A9_04706	32P3R2A9_05773	95.882	170	7	0	1	170	1	170	7.74e-121	338
32P3R2A9_04706	16_1P2R1A8-1_01442	95.882	170	7	0	1	170	32	201	1.42e-120	338
32P3R2A9_04709	32P3R2A9_04709	100.000	1040	0	0	1	1040	1	1040	0.0	2055
32P3R2A9_04709	25P2R1A13_04890	97.610	251	6	0	790	1040	1	251	1.12e-172	504
32P3R2A9_04714	32P3R2A9_04714	100.000	30	0	0	1	30	1	30	1.04e-15	61.6
32P3R2A9_04715	32P3R2A9_04715	100.000	133	0	0	1	133	1	133	4.00e-98	277
32P3R2A9_04715	28P2R1A12_04945	97.778	45	1	0	89	133	1	45	6.72e-25	89.7
32P3R2A9_04716	32P3R2A9_04716	100.000	316	0	0	1	316	1	316	0.0	629
32P3R2A9_04717	32P3R2A9_04717	100.000	279	0	0	1	279	1	279	0.0	578
32P3R2A9_04718	32P3R2A9_04718	100.000	50	0	0	1	50	1	50	2.97e-31	102
32P3R2A9_04719	32P3R2A9_04719	100.000	651	0	0	1	651	1	651	0.0	1305
32P3R2A9_04731	32P3R2A9_04731	100.000	124	0	0	1	124	1	124	3.96e-88	251
32P3R2A9_04731	32P3R2A9_04550	97.581	124	3	0	1	124	1	124	9.37e-86	245
32P3R2A9_04731	55P3R1A11_04240	96.774	124	4	0	1	124	1	124	2.04e-85	244
32P3R2A9_04731	33P3R2A2_04202	96.774	124	4	0	1	124	107	230	6.06e-85	247
32P3R2A9_04731	33P3R2A2_04010	98.387	124	2	0	1	124	173	296	6.90e-85	249
32P3R2A9_04731	55P3R1A11_04107	95.968	124	5	0	1	124	1	124	7.22e-85	243
32P3R2A9_04731	33P3R2A2_04030	95.968	124	5	0	1	124	107	230	3.24e-84	245
32P3R2A9_04731	25P2R1A13_04574	97.581	124	3	0	1	124	173	296	3.05e-83	245
32P3R2A9_04731	30P2R3A4_04462	95.161	124	6	0	1	124	54	177	1.23e-82	239
32P3R2A9_04731	19P1R1A6_04654	95.968	124	5	0	1	124	173	296	3.33e-82	243
32P3R2A9_04738	32P3R2A9_04738	100.000	36	0	0	1	36	1	36	2.53e-20	73.6
32P3R2A9_04739	32P3R2A9_04739	100.000	177	0	0	1	177	1	177	4.75e-127	354
32P3R2A9_04740	32P3R2A9_04740	100.000	123	0	0	1	123	1	123	9.14e-84	240
32P3R2A9_04741	32P3R2A9_04741	100.000	188	0	0	1	188	1	188	7.98e-140	387
32P3R2A9_04742	32P3R2A9_04742	100.000	50	0	0	1	50	1	50	1.49e-29	97.8
32P3R2A9_04743	32P3R2A9_04743	100.000	137	0	0	1	137	1	137	8.08e-95	269
32P3R2A9_04744	32P3R2A9_04744	100.000	132	0	0	1	132	1	132	4.24e-89	254
32P3R2A9_04745	32P3R2A9_04745	100.000	114	0	0	1	114	1	114	2.59e-80	231
32P3R2A9_04747	32P3R2A9_04747	100.000	434	0	0	1	434	1	434	0.0	887
32P3R2A9_04747	24P1R3A1_08536	98.485	330	5	0	105	434	1	330	0.0	674
32P3R2A9_04748	32P3R2A9_04748	100.000	425	0	0	1	425	1	425	0.0	859
32P3R2A9_04748	24P1R3A1_09438	96.167	287	11	0	139	425	1	287	0.0	570
32P3R2A9_04749	32P3R2A9_04749	100.000	89	0	0	1	89	1	89	9.31e-61	179
32P3R2A9_04749	24P1R3A1_09436	97.753	89	2	0	1	89	1	89	2.84e-58	173
32P3R2A9_04750	32P3R2A9_04750	100.000	452	0	0	1	452	1	452	0.0	930
32P3R2A9_04751	32P3R2A9_04751	100.000	335	0	0	1	335	1	335	0.0	692
32P3R2A9_04752	32P3R2A9_04752	100.000	350	0	0	1	350	1	350	0.0	716
32P3R2A9_04753	32P3R2A9_04753	100.000	257	0	0	1	257	1	257	0.0	504
32P3R2A9_04754	32P3R2A9_04754	100.000	89	0	0	1	89	1	89	1.02e-55	167
32P3R2A9_04755	32P3R2A9_04755	100.000	216	0	0	1	216	1	216	1.09e-153	424
32P3R2A9_04756	32P3R2A9_04756	100.000	334	0	0	1	334	1	334	0.0	679
32P3R2A9_04757	32P3R2A9_04757	100.000	122	0	0	1	122	1	122	2.48e-88	251
32P3R2A9_04758	32P3R2A9_04758	100.000	124	0	0	1	124	1	124	2.86e-82	236
32P3R2A9_04759	32P3R2A9_04759	100.000	441	0	0	1	441	1	441	0.0	881
32P3R2A9_04760	32P3R2A9_04760	100.000	203	0	0	1	203	1	203	4.24e-148	409
32P3R2A9_04761	32P3R2A9_04761	100.000	570	0	0	1	570	1	570	0.0	1179
32P3R2A9_04761	11P3R3A1_04281	99.823	566	1	0	1	566	1	566	0.0	1172
32P3R2A9_04761	34P3R2A10_00617	100.000	294	0	0	272	565	1	294	0.0	605
32P3R2A9_04761	30P2R3A4_04448	99.598	249	1	0	1	249	1	249	0.0	523
32P3R2A9_04761	34P3R2A10_00618	100.000	239	0	0	1	239	1	239	6.96e-175	494
32P3R2A9_04768	32P3R2A9_04768	100.000	102	0	0	1	102	1	102	1.04e-72	211
32P3R2A9_04769	32P3R2A9_04769	100.000	155	0	0	1	155	1	155	1.28e-112	315
32P3R2A9_04770	32P3R2A9_04770	100.000	95	0	0	1	95	1	95	2.61e-66	194
32P3R2A9_04771	32P3R2A9_04771	100.000	533	0	0	1	533	1	533	0.0	1104
32P3R2A9_04772	32P3R2A9_04772	100.000	1184	0	0	1	1184	1	1184	0.0	2442
32P3R2A9_04773	32P3R2A9_04773	100.000	199	0	0	1	199	1	199	2.42e-142	394
32P3R2A9_04774	32P3R2A9_04774	100.000	208	0	0	1	208	1	208	4.03e-153	422
32P3R2A9_04775	32P3R2A9_04775	100.000	212	0	0	1	212	1	212	8.22e-159	437
32P3R2A9_04776	32P3R2A9_04776	100.000	211	0	0	1	211	1	211	2.20e-146	405
32P3R2A9_04776	24P1R3A1_08503	98.578	211	3	0	1	211	11	221	2.56e-144	401
32P3R2A9_04778	32P3R2A9_04778	100.000	191	0	0	1	191	1	191	2.81e-141	391
32P3R2A9_04778	24P1R3A1_08501	96.591	88	3	0	104	191	1	88	1.04e-55	171
32P3R2A9_04779	32P3R2A9_04779	100.000	473	0	0	1	473	1	473	0.0	977
32P3R2A9_04780	32P3R2A9_04780	100.000	222	0	0	1	222	1	222	1.06e-161	445
32P3R2A9_04781	32P3R2A9_04781	100.000	153	0	0	1	153	1	153	9.11e-109	306
32P3R2A9_04782	32P3R2A9_04782	100.000	269	0	0	1	269	1	269	0.0	553
32P3R2A9_04783	32P3R2A9_04783	100.000	184	0	0	1	184	1	184	1.34e-138	384
32P3R2A9_04784	32P3R2A9_04784	100.000	679	0	0	1	679	1	679	0.0	1407
32P3R2A9_04785	32P3R2A9_04785	100.000	85	0	0	1	85	1	85	2.37e-56	168
32P3R2A9_04786	32P3R2A9_04786	100.000	340	0	0	1	340	1	340	0.0	702
32P3R2A9_04787	32P3R2A9_04787	100.000	213	0	0	1	213	1	213	3.27e-160	441
32P3R2A9_04788	32P3R2A9_04788	100.000	92	0	0	1	92	1	92	1.56e-63	186
32P3R2A9_04789	32P3R2A9_04789	100.000	138	0	0	1	138	1	138	1.67e-102	289
32P3R2A9_04790	32P3R2A9_04790	100.000	332	0	0	1	332	1	332	0.0	678
32P3R2A9_04791	32P3R2A9_04791	100.000	257	0	0	1	257	1	257	0.0	532
32P3R2A9_04792	32P3R2A9_04792	100.000	294	0	0	1	294	1	294	0.0	613
32P3R2A9_04793	32P3R2A9_04793	100.000	201	0	0	1	201	1	201	9.49e-152	418
32P3R2A9_04794	32P3R2A9_04794	100.000	253	0	0	1	253	1	253	0.0	521
32P3R2A9_04795	32P3R2A9_04795	100.000	224	0	0	1	224	1	224	3.75e-164	451
32P3R2A9_04796	32P3R2A9_04796	100.000	137	0	0	1	137	1	137	1.59e-95	271
32P3R2A9_04797	32P3R2A9_04797	100.000	197	0	0	1	197	1	197	6.24e-147	406
32P3R2A9_04798	32P3R2A9_04798	100.000	286	0	0	1	286	1	286	0.0	588
32P3R2A9_04799	32P3R2A9_04799	100.000	221	0	0	1	221	1	221	1.52e-157	434
32P3R2A9_04800	32P3R2A9_04800	100.000	89	0	0	1	89	1	89	4.36e-58	172
32P3R2A9_04801	32P3R2A9_04801	100.000	253	0	0	1	253	1	253	6.93e-180	494
32P3R2A9_04802	32P3R2A9_04802	100.000	257	0	0	1	257	1	257	0.0	525
32P3R2A9_04803	32P3R2A9_04803	100.000	119	0	0	1	119	1	119	8.86e-83	237
32P3R2A9_04804	32P3R2A9_04804	100.000	156	0	0	1	156	1	156	4.89e-111	311
32P3R2A9_04805	32P3R2A9_04805	100.000	434	0	0	1	434	1	434	0.0	876
32P3R2A9_04805	24P1R3A1_08324	96.078	51	2	0	384	434	1	51	4.31e-26	99.8
32P3R2A9_04806	32P3R2A9_04806	100.000	180	0	0	1	180	1	180	1.10e-132	368
32P3R2A9_04807	32P3R2A9_04807	100.000	152	0	0	1	152	1	152	5.66e-111	311
32P3R2A9_04808	32P3R2A9_04808	100.000	139	0	0	1	139	1	139	2.35e-101	286
32P3R2A9_04809	32P3R2A9_04809	100.000	84	0	0	1	84	1	84	8.20e-57	169
32P3R2A9_04810	32P3R2A9_04810	100.000	102	0	0	1	102	1	102	1.34e-70	205
32P3R2A9_04811	32P3R2A9_04811	100.000	53	0	0	1	53	1	53	5.05e-33	107
32P3R2A9_04812	32P3R2A9_04812	100.000	196	0	0	1	196	1	196	4.32e-144	399
32P3R2A9_04813	32P3R2A9_04813	100.000	67	0	0	1	67	1	67	1.91e-45	139
32P3R2A9_04814	32P3R2A9_04814	100.000	122	0	0	1	122	1	122	4.34e-88	251
32P3R2A9_04815	32P3R2A9_04815	100.000	95	0	0	1	95	1	95	5.43e-67	196
32P3R2A9_04816	32P3R2A9_04816	100.000	47	0	0	1	47	1	47	3.93e-28	94.4
32P3R2A9_04817	32P3R2A9_04817	100.000	137	0	0	1	137	1	137	6.63e-100	282
32P3R2A9_04818	32P3R2A9_04818	100.000	66	0	0	1	66	1	66	4.84e-45	138
32P3R2A9_04819	32P3R2A9_04819	100.000	149	0	0	1	149	1	149	9.11e-111	310
32P3R2A9_04820	32P3R2A9_04820	100.000	86	0	0	1	86	1	86	3.42e-56	167
32P3R2A9_04821	32P3R2A9_04821	100.000	64	0	0	1	64	1	64	1.38e-42	131
32P3R2A9_04822	32P3R2A9_04822	100.000	61	0	0	1	61	1	61	1.96e-40	126
32P3R2A9_04823	32P3R2A9_04823	100.000	56	0	0	1	56	1	56	8.35e-37	116
32P3R2A9_04824	32P3R2A9_04824	100.000	70	0	0	1	70	1	70	2.53e-47	144
32P3R2A9_04825	32P3R2A9_04825	100.000	75	0	0	1	75	1	75	7.86e-52	155
32P3R2A9_04826	32P3R2A9_04826	100.000	55	0	0	1	55	1	55	2.13e-33	108
32P3R2A9_04827	32P3R2A9_04827	100.000	53	0	0	1	53	1	53	2.73e-33	107
32P3R2A9_04828	32P3R2A9_04828	100.000	56	0	0	1	56	1	56	4.82e-37	117
32P3R2A9_04829	32P3R2A9_04829	100.000	105	0	0	1	105	1	105	2.72e-72	209
32P3R2A9_04830	32P3R2A9_04830	100.000	144	0	0	1	144	1	144	2.41e-105	296
32P3R2A9_04831	32P3R2A9_04831	100.000	1614	0	0	1	1614	1	1614	0.0	3333
32P3R2A9_04831	1P1R1A1_04672	97.485	1471	37	0	1	1471	1	1471	0.0	2963
32P3R2A9_04831	28P2R1A12_04500	96.531	1470	51	0	1	1470	1	1470	0.0	2923
32P3R2A9_04831	40P3R1A10_04523	95.646	1470	64	0	1	1470	1	1470	0.0	2860
32P3R2A9_04831	8P2R1A11_00641	97.729	1321	30	0	1	1321	1	1321	0.0	2670
32P3R2A9_04831	15P1R1A16_04689	96.631	653	22	0	819	1471	1	653	0.0	1316
32P3R2A9_04833	32P3R2A9_04833	100.000	614	0	0	1	614	1	614	0.0	1280
32P3R2A9_04833	17P1R1A4_02543	98.860	614	7	0	1	614	21	634	0.0	1266
32P3R2A9_04833	2P1R1A2_04660	98.884	448	5	0	167	614	1	448	0.0	921
32P3R2A9_04833	30P2R3A4_04540	98.324	358	6	0	257	614	1	358	0.0	727
32P3R2A9_04833	10P3R2A13_04988	98.795	332	4	0	283	614	1	332	0.0	676
32P3R2A9_04833	3P1R3A2_04745	100.000	317	0	0	298	614	1	317	0.0	651
32P3R2A9_04833	27P2R2A12_01014	100.000	297	0	0	186	482	1	297	0.0	630
32P3R2A9_04833	11P3R3A1_04702	100.000	225	0	0	390	614	1	225	4.18e-160	457
32P3R2A9_04833	32P3R2A9_05827	95.041	121	6	0	186	306	1	121	2.24e-80	249
32P3R2A9_04842	32P3R2A9_04842	100.000	64	0	0	1	64	1	64	3.89e-43	133
32P3R2A9_04842	15P1R1A16_02439	96.875	64	2	0	1	64	1	64	4.98e-42	130
32P3R2A9_04844	32P3R2A9_04844	100.000	143	0	0	1	143	1	143	2.18e-102	289
32P3R2A9_04845	32P3R2A9_04845	100.000	135	0	0	1	135	1	135	6.48e-97	274
32P3R2A9_04846	32P3R2A9_04846	100.000	851	0	0	1	851	1	851	0.0	1709
32P3R2A9_04847	32P3R2A9_04847	100.000	59	0	0	1	59	1	59	4.97e-39	122
32P3R2A9_04848	32P3R2A9_04848	100.000	486	0	0	1	486	1	486	0.0	983
32P3R2A9_04849	32P3R2A9_04849	100.000	207	0	0	1	207	1	207	2.74e-148	410
32P3R2A9_04850	32P3R2A9_04850	100.000	105	0	0	1	105	1	105	4.25e-74	214
32P3R2A9_04851	32P3R2A9_04851	100.000	79	0	0	1	79	1	79	2.44e-53	160
32P3R2A9_04852	32P3R2A9_04852	100.000	208	0	0	1	208	1	208	2.72e-152	420
32P3R2A9_04853	32P3R2A9_04853	100.000	71	0	0	1	71	1	71	1.01e-47	145
32P3R2A9_04854	32P3R2A9_04854	100.000	309	0	0	1	309	1	309	0.0	641
32P3R2A9_04855	32P3R2A9_04855	100.000	246	0	0	1	246	1	246	0.0	508
32P3R2A9_04856	32P3R2A9_04856	100.000	304	0	0	1	304	1	304	0.0	592
32P3R2A9_04856	24P1R3A1_08326	97.697	304	7	0	1	304	1	304	0.0	582
32P3R2A9_04857	32P3R2A9_04857	100.000	285	0	0	1	285	1	285	0.0	561
32P3R2A9_04858	32P3R2A9_04858	100.000	132	0	0	1	132	1	132	2.85e-94	267
32P3R2A9_04859	32P3R2A9_04859	100.000	85	0	0	1	85	1	85	8.37e-56	166
32P3R2A9_04860	32P3R2A9_04860	100.000	325	0	0	1	325	1	325	0.0	650
32P3R2A9_04861	32P3R2A9_04861	100.000	701	0	0	1	701	1	701	0.0	1408
32P3R2A9_04862	32P3R2A9_04862	100.000	353	0	0	1	353	1	353	0.0	716
32P3R2A9_04863	32P3R2A9_04863	100.000	299	0	0	1	299	1	299	0.0	605
32P3R2A9_04864	32P3R2A9_04864	100.000	189	0	0	1	189	1	189	1.18e-141	392
32P3R2A9_04865	32P3R2A9_04865	100.000	113	0	0	1	113	1	113	6.18e-76	219
32P3R2A9_04866	32P3R2A9_04866	100.000	241	0	0	1	241	1	241	5.15e-176	483
32P3R2A9_04867	32P3R2A9_04867	100.000	171	0	0	1	171	1	171	2.42e-121	339
32P3R2A9_04868	32P3R2A9_04868	100.000	263	0	0	1	263	1	263	0.0	534
32P3R2A9_04869	32P3R2A9_04869	100.000	83	0	0	1	83	1	83	4.34e-55	164
32P3R2A9_04870	32P3R2A9_04870	100.000	100	0	0	1	100	1	100	2.74e-69	202
32P3R2A9_04871	32P3R2A9_04871	100.000	199	0	0	1	199	1	199	1.02e-145	403
32P3R2A9_04873	32P3R2A9_04873	100.000	146	0	0	1	146	1	146	1.92e-107	302
32P3R2A9_04873	28P2R1A12_04843	97.931	145	3	0	2	146	1	145	7.04e-105	295
32P3R2A9_04874	32P3R2A9_04874	100.000	653	0	0	1	653	1	653	0.0	1337
32P3R2A9_04875	32P3R2A9_04875	100.000	78	0	0	1	78	1	78	5.70e-54	161
32P3R2A9_04875	28P2R1A12_04701	96.154	78	3	0	1	78	1	78	1.89e-52	157
32P3R2A9_04876	32P3R2A9_04876	100.000	176	0	0	1	176	1	176	6.65e-129	358
32P3R2A9_04877	32P3R2A9_04877	100.000	174	0	0	1	174	1	174	8.78e-122	340
32P3R2A9_04879	32P3R2A9_04879	100.000	141	0	0	1	141	1	141	3.12e-100	283
32P3R2A9_04881	32P3R2A9_04881	100.000	84	0	0	1	84	1	84	1.35e-58	173
32P3R2A9_04882	32P3R2A9_04882	100.000	45	0	0	1	45	1	45	2.44e-27	92.0
32P3R2A9_04883	32P3R2A9_04883	100.000	142	0	0	1	142	1	142	8.36e-105	295
32P3R2A9_04884	32P3R2A9_04884	100.000	338	0	0	1	338	1	338	0.0	693
32P3R2A9_04886	32P3R2A9_04886	100.000	259	0	0	1	259	1	259	0.0	535
32P3R2A9_04886	24P1R3A1_08961	97.683	259	6	0	1	259	1	259	0.0	524
32P3R2A9_04887	32P3R2A9_04887	100.000	198	0	0	1	198	1	198	4.28e-149	411
32P3R2A9_04888	32P3R2A9_04888	100.000	493	0	0	1	493	1	493	0.0	981
32P3R2A9_04889	32P3R2A9_04889	100.000	328	0	0	1	328	1	328	0.0	672
32P3R2A9_04889	24P1R3A1_08042	98.780	328	4	0	1	328	168	495	0.0	663
32P3R2A9_04890	32P3R2A9_04890	100.000	331	0	0	1	331	1	331	0.0	694
32P3R2A9_04891	32P3R2A9_04891	100.000	261	0	0	1	261	1	261	0.0	506
32P3R2A9_04892	32P3R2A9_04892	100.000	496	0	0	1	496	1	496	0.0	1015
32P3R2A9_04892	24P1R3A1_08039	95.359	474	22	0	23	496	1	474	0.0	932
32P3R2A9_04893	32P3R2A9_04893	100.000	159	0	0	1	159	1	159	4.61e-121	337
32P3R2A9_04894	32P3R2A9_04894	100.000	288	0	0	1	288	1	288	0.0	595
32P3R2A9_04895	32P3R2A9_04895	100.000	259	0	0	1	259	1	259	0.0	532
32P3R2A9_04896	32P3R2A9_04896	100.000	33	0	0	1	33	1	33	3.58e-18	68.2
32P3R2A9_04898	32P3R2A9_04898	100.000	140	0	0	1	140	1	140	2.07e-102	288
32P3R2A9_04898	10P3R2A13_04764	98.561	139	2	0	1	139	1	139	3.04e-101	286
32P3R2A9_04898	32P3R2A9_05319	98.667	75	1	0	65	139	1	75	1.62e-50	155
32P3R2A9_04899	32P3R2A9_04899	100.000	197	0	0	1	197	1	197	1.21e-146	405
32P3R2A9_04900	32P3R2A9_04900	100.000	79	0	0	1	79	1	79	2.22e-55	165
32P3R2A9_04900	33P3R2A2_04417	98.734	79	1	0	1	79	6	84	2.82e-54	162
32P3R2A9_04900	30P2R3A4_04034	98.734	79	1	0	1	79	347	425	1.30e-51	166
32P3R2A9_04900	10P3R2A13_04762	97.674	43	1	0	1	43	287	329	5.29e-23	89.4
32P3R2A9_04905	32P3R2A9_04905	100.000	121	0	0	1	121	1	121	4.19e-86	246
32P3R2A9_04905	1P1R1A1_04667	95.238	42	2	0	64	105	1	42	1.49e-22	84.0
32P3R2A9_04906	32P3R2A9_04906	100.000	195	0	0	1	195	1	195	1.68e-145	402
32P3R2A9_04908	32P3R2A9_04908	100.000	116	0	0	1	116	1	116	1.75e-81	234
32P3R2A9_04909	32P3R2A9_04909	100.000	328	0	0	1	328	1	328	0.0	680
32P3R2A9_04910	32P3R2A9_04910	100.000	96	0	0	1	96	1	96	6.23e-67	195
32P3R2A9_04911	32P3R2A9_04911	100.000	302	0	0	1	302	1	302	0.0	626
32P3R2A9_04912	32P3R2A9_04912	100.000	394	0	0	1	394	1	394	0.0	780
32P3R2A9_04913	32P3R2A9_04913	100.000	191	0	0	1	191	1	191	2.39e-144	399
32P3R2A9_04914	32P3R2A9_04914	100.000	260	0	0	1	260	1	260	0.0	537
32P3R2A9_04915	32P3R2A9_04915	100.000	863	0	0	1	863	1	863	0.0	1762
32P3R2A9_04916	32P3R2A9_04916	100.000	246	0	0	1	246	1	246	0.0	496
32P3R2A9_04917	32P3R2A9_04917	100.000	188	0	0	1	188	1	188	9.12e-139	384
32P3R2A9_04918	32P3R2A9_04918	100.000	741	0	0	1	741	1	741	0.0	1501
32P3R2A9_04919	32P3R2A9_04919	100.000	226	0	0	1	226	1	226	8.82e-172	471
32P3R2A9_04920	32P3R2A9_04920	100.000	339	0	0	1	339	1	339	0.0	708
32P3R2A9_04921	32P3R2A9_04921	100.000	238	0	0	1	238	1	238	0.0	496
32P3R2A9_04922	32P3R2A9_04922	100.000	136	0	0	1	136	1	136	2.50e-99	280
32P3R2A9_04923	32P3R2A9_04923	100.000	128	0	0	1	128	1	128	2.08e-91	260
32P3R2A9_04924	32P3R2A9_04924	100.000	132	0	0	1	132	1	132	1.30e-93	266
32P3R2A9_04925	32P3R2A9_04925	100.000	500	0	0	1	500	1	500	0.0	1045
32P3R2A9_04926	32P3R2A9_04926	100.000	83	0	0	1	83	1	83	2.76e-56	167
32P3R2A9_04927	32P3R2A9_04927	100.000	248	0	0	1	248	1	248	0.0	507
32P3R2A9_04928	32P3R2A9_04928	100.000	89	0	0	1	89	1	89	9.48e-59	174
32P3R2A9_04928	24P1R3A1_08888	100.000	89	0	0	1	89	149	237	9.59e-58	177
32P3R2A9_04929	32P3R2A9_04929	100.000	380	0	0	1	380	1	380	0.0	796
32P3R2A9_04930	32P3R2A9_04930	100.000	318	0	0	1	318	1	318	0.0	615
32P3R2A9_04931	32P3R2A9_04931	100.000	198	0	0	1	198	1	198	1.24e-144	400
32P3R2A9_04932	32P3R2A9_04932	100.000	266	0	0	1	266	1	266	0.0	541
32P3R2A9_04933	32P3R2A9_04933	100.000	812	0	0	1	812	1	812	0.0	1693
32P3R2A9_04934	32P3R2A9_04934	100.000	197	0	0	1	197	1	197	3.17e-146	404
32P3R2A9_04934	32P3R2A9_05400	98.980	196	2	0	1	196	1	196	5.34e-145	412
32P3R2A9_04934	17P1R1A4_04455	98.658	149	2	0	48	196	1	149	2.33e-108	317
32P3R2A9_04934	17P1R1A4_04471	98.658	149	2	0	48	196	1	149	9.21e-108	316
32P3R2A9_04935	32P3R2A9_04935	100.000	251	0	0	1	251	1	251	0.0	501
32P3R2A9_04936	32P3R2A9_04936	100.000	274	0	0	1	274	1	274	0.0	565
32P3R2A9_04937	32P3R2A9_04937	100.000	185	0	0	1	185	1	185	2.32e-137	380
32P3R2A9_04937	11P3R3A1_03212	97.838	185	4	0	1	185	1	185	2.82e-134	373
32P3R2A9_04938	32P3R2A9_04938	100.000	650	0	0	1	650	1	650	0.0	1352
32P3R2A9_04939	32P3R2A9_04939	100.000	163	0	0	1	163	1	163	2.64e-113	318
32P3R2A9_04942	32P3R2A9_04942	100.000	94	0	0	1	94	1	94	2.31e-64	189
32P3R2A9_04943	32P3R2A9_04943	100.000	150	0	0	1	150	1	150	8.01e-109	306
32P3R2A9_04944	32P3R2A9_04944	100.000	367	0	0	1	367	1	367	0.0	758
32P3R2A9_04945	32P3R2A9_04945	100.000	491	0	0	1	491	1	491	0.0	999
32P3R2A9_04946	32P3R2A9_04946	100.000	179	0	0	1	179	1	179	1.20e-124	348
32P3R2A9_04947	32P3R2A9_04947	100.000	305	0	0	1	305	1	305	0.0	600
32P3R2A9_04948	32P3R2A9_04948	100.000	308	0	0	1	308	1	308	0.0	635
32P3R2A9_04949	32P3R2A9_04949	100.000	310	0	0	1	310	1	310	0.0	635
32P3R2A9_04950	32P3R2A9_04950	100.000	178	0	0	1	178	1	178	6.60e-132	366
32P3R2A9_04951	32P3R2A9_04951	100.000	263	0	0	1	263	1	263	0.0	536
32P3R2A9_04952	32P3R2A9_04952	100.000	123	0	0	1	123	1	123	1.36e-89	255
32P3R2A9_04953	32P3R2A9_04953	100.000	374	0	0	1	374	1	374	0.0	773
32P3R2A9_04954	32P3R2A9_04954	100.000	157	0	0	1	157	1	157	7.41e-116	324
32P3R2A9_04955	32P3R2A9_04955	100.000	233	0	0	1	233	1	233	4.62e-174	477
32P3R2A9_04956	32P3R2A9_04956	100.000	201	0	0	1	201	1	201	2.47e-149	412
32P3R2A9_04957	32P3R2A9_04957	100.000	108	0	0	1	108	1	108	6.54e-77	221
32P3R2A9_04958	32P3R2A9_04958	100.000	90	0	0	1	90	1	90	2.14e-62	184
32P3R2A9_04959	32P3R2A9_04959	100.000	88	0	0	1	88	1	88	1.02e-60	179
32P3R2A9_04960	32P3R2A9_04960	100.000	238	0	0	1	238	1	238	1.35e-176	484
32P3R2A9_04961	32P3R2A9_04961	100.000	233	0	0	1	233	1	233	1.19e-176	484
32P3R2A9_04962	32P3R2A9_04962	100.000	540	0	0	1	540	1	540	0.0	1122
32P3R2A9_04962	24P1R3A1_08655	97.101	69	2	0	1	69	1	69	4.00e-40	139
32P3R2A9_04963	32P3R2A9_04963	100.000	297	0	0	1	297	1	297	0.0	614
32P3R2A9_04963	24P1R3A1_08654	97.306	297	8	0	1	297	1	297	0.0	597
32P3R2A9_04964	32P3R2A9_04964	100.000	139	0	0	1	139	1	139	6.24e-101	285
32P3R2A9_04965	32P3R2A9_04965	100.000	244	0	0	1	244	1	244	0.0	501
32P3R2A9_04966	32P3R2A9_04966	100.000	73	0	0	1	73	1	73	4.69e-44	136
32P3R2A9_04967	32P3R2A9_04967	100.000	31	0	0	1	31	1	31	6.60e-15	59.7
32P3R2A9_04968	32P3R2A9_04968	100.000	276	0	0	1	276	1	276	0.0	537
32P3R2A9_04969	32P3R2A9_04969	100.000	73	0	0	1	73	1	73	2.18e-49	149
32P3R2A9_04970	32P3R2A9_04970	100.000	200	0	0	1	200	1	200	1.71e-142	395
32P3R2A9_04971	32P3R2A9_04971	100.000	62	0	0	1	62	1	62	1.35e-40	126
32P3R2A9_04972	32P3R2A9_04972	100.000	163	0	0	1	163	1	163	6.96e-122	340
32P3R2A9_04973	32P3R2A9_04973	100.000	74	0	0	1	74	1	74	1.19e-48	147
32P3R2A9_04974	32P3R2A9_04974	100.000	132	0	0	1	132	1	132	9.44e-98	276
32P3R2A9_04975	32P3R2A9_04975	100.000	402	0	0	1	402	1	402	0.0	816
32P3R2A9_04976	32P3R2A9_04976	100.000	126	0	0	1	126	1	126	6.96e-89	253
32P3R2A9_04977	32P3R2A9_04977	100.000	638	0	0	1	638	1	638	0.0	1281
32P3R2A9_04978	32P3R2A9_04978	100.000	180	0	0	1	180	1	180	2.71e-133	370
32P3R2A9_04979	32P3R2A9_04979	100.000	99	0	0	1	99	1	99	1.52e-69	202
32P3R2A9_04980	32P3R2A9_04980	100.000	272	0	0	1	272	1	272	0.0	560
32P3R2A9_04981	32P3R2A9_04981	100.000	231	0	0	1	231	1	231	2.27e-171	470
32P3R2A9_04982	32P3R2A9_04982	100.000	115	0	0	1	115	1	115	2.12e-83	238
32P3R2A9_04983	32P3R2A9_04983	100.000	323	0	0	1	323	1	323	0.0	665
32P3R2A9_04983	24P1R3A1_09085	95.666	323	14	0	1	323	1	323	0.0	621
32P3R2A9_04984	32P3R2A9_04984	100.000	1436	0	0	1	1436	1	1436	0.0	2774
32P3R2A9_04985	32P3R2A9_04985	100.000	137	0	0	1	137	1	137	1.94e-99	281
32P3R2A9_04986	32P3R2A9_04986	100.000	110	0	0	1	110	1	110	3.12e-77	223
32P3R2A9_04987	32P3R2A9_04987	100.000	62	0	0	1	62	1	62	2.45e-42	130
32P3R2A9_04988	32P3R2A9_04988	100.000	140	0	0	1	140	1	140	3.02e-100	283
32P3R2A9_04989	32P3R2A9_04989	100.000	84	0	0	1	84	1	84	5.36e-53	159
32P3R2A9_04990	32P3R2A9_04990	100.000	439	0	0	1	439	1	439	0.0	909
32P3R2A9_04991	32P3R2A9_04991	100.000	227	0	0	1	227	1	227	2.81e-167	460
32P3R2A9_04992	32P3R2A9_04992	100.000	408	0	0	1	408	1	408	0.0	809
32P3R2A9_04993	32P3R2A9_04993	100.000	717	0	0	1	717	1	717	0.0	1452
32P3R2A9_04994	32P3R2A9_04994	100.000	526	0	0	1	526	1	526	0.0	1071
32P3R2A9_04995	32P3R2A9_04995	100.000	42	0	0	1	42	1	42	8.11e-25	85.5
32P3R2A9_04996	32P3R2A9_04996	100.000	121	0	0	1	121	1	121	9.21e-87	248
32P3R2A9_04996	42P1R1A12_05416	96.694	121	4	0	1	121	1	121	3.27e-84	241
32P3R2A9_04997	32P3R2A9_04997	100.000	117	0	0	1	117	1	117	2.64e-82	236
32P3R2A9_04998	32P3R2A9_04998	100.000	565	0	0	1	565	1	565	0.0	1137
32P3R2A9_04999	32P3R2A9_04999	100.000	542	0	0	1	542	1	542	0.0	1114
32P3R2A9_05000	32P3R2A9_05000	100.000	89	0	0	1	89	1	89	6.29e-63	185
32P3R2A9_05001	32P3R2A9_05001	100.000	178	0	0	1	178	1	178	1.79e-132	368
32P3R2A9_05002	32P3R2A9_05002	100.000	84	0	0	1	84	1	84	2.27e-57	170
32P3R2A9_05003	32P3R2A9_05003	100.000	173	0	0	1	173	1	173	4.83e-130	361
32P3R2A9_05004	32P3R2A9_05004	100.000	115	0	0	1	115	1	115	3.15e-83	238
32P3R2A9_05005	32P3R2A9_05005	100.000	195	0	0	1	195	1	195	1.27e-141	392
32P3R2A9_05006	32P3R2A9_05006	100.000	113	0	0	1	113	1	113	5.83e-81	232
32P3R2A9_05007	32P3R2A9_05007	100.000	309	0	0	1	309	1	309	0.0	605
32P3R2A9_05009	32P3R2A9_05009	100.000	277	0	0	1	277	1	277	0.0	570
32P3R2A9_05010	32P3R2A9_05010	100.000	379	0	0	1	379	1	379	0.0	752
32P3R2A9_05011	32P3R2A9_05011	100.000	162	0	0	1	162	1	162	1.15e-110	311
32P3R2A9_05011	24P1R3A1_08344	100.000	162	0	0	1	162	262	423	7.53e-108	314
32P3R2A9_05012	32P3R2A9_05012	100.000	117	0	0	1	117	1	117	1.14e-81	234
32P3R2A9_05012	24P1R3A1_09521	95.122	82	4	0	36	117	1	82	1.29e-51	157
32P3R2A9_05013	32P3R2A9_05013	100.000	474	0	0	1	474	1	474	0.0	989
32P3R2A9_05014	32P3R2A9_05014	100.000	321	0	0	1	321	1	321	0.0	658
32P3R2A9_05015	32P3R2A9_05015	100.000	212	0	0	1	212	1	212	3.81e-154	425
32P3R2A9_05015	24P1R3A1_09155	97.196	107	3	0	106	212	1	107	1.86e-71	212
32P3R2A9_05016	32P3R2A9_05016	100.000	608	0	0	1	608	1	608	0.0	1237
32P3R2A9_05016	24P1R3A1_08540	97.938	291	6	0	318	608	1	291	0.0	579
32P3R2A9_05017	32P3R2A9_05017	100.000	383	0	0	1	383	1	383	0.0	730
32P3R2A9_05018	32P3R2A9_05018	100.000	477	0	0	1	477	1	477	0.0	995
32P3R2A9_05019	32P3R2A9_05019	100.000	420	0	0	1	420	1	420	0.0	836
32P3R2A9_05020	32P3R2A9_05020	100.000	332	0	0	1	332	1	332	0.0	681
32P3R2A9_05021	32P3R2A9_05021	100.000	367	0	0	1	367	1	367	0.0	735
32P3R2A9_05022	32P3R2A9_05022	100.000	526	0	0	1	526	1	526	0.0	1088
32P3R2A9_05023	32P3R2A9_05023	100.000	186	0	0	1	186	1	186	6.39e-141	390
32P3R2A9_05024	32P3R2A9_05024	100.000	142	0	0	1	142	1	142	7.59e-104	292
32P3R2A9_05025	32P3R2A9_05025	100.000	215	0	0	1	215	1	215	3.55e-163	448
32P3R2A9_05026	32P3R2A9_05026	100.000	66	0	0	1	66	1	66	2.50e-43	134
32P3R2A9_05027	32P3R2A9_05027	100.000	116	0	0	1	116	1	116	1.14e-84	242
32P3R2A9_05028	32P3R2A9_05028	100.000	185	0	0	1	185	1	185	1.23e-136	379
32P3R2A9_05029	32P3R2A9_05029	100.000	87	0	0	1	87	1	87	6.56e-60	177
32P3R2A9_05030	32P3R2A9_05030	100.000	157	0	0	1	157	1	157	1.31e-115	323
32P3R2A9_05031	32P3R2A9_05031	100.000	67	0	0	1	67	1	67	5.14e-45	138
32P3R2A9_05032	32P3R2A9_05032	100.000	65	0	0	1	65	1	65	2.19e-42	131
32P3R2A9_05033	32P3R2A9_05033	100.000	68	0	0	1	68	1	68	6.33e-46	140
32P3R2A9_05034	32P3R2A9_05034	100.000	80	0	0	1	80	1	80	3.70e-55	164
32P3R2A9_05035	32P3R2A9_05035	100.000	53	0	0	1	53	1	53	2.64e-33	107
32P3R2A9_05036	32P3R2A9_05036	100.000	88	0	0	1	88	1	88	1.83e-60	178
32P3R2A9_05037	32P3R2A9_05037	100.000	119	0	0	1	119	1	119	4.58e-87	248
32P3R2A9_05038	32P3R2A9_05038	100.000	89	0	0	1	89	1	89	9.80e-59	174
32P3R2A9_05039	32P3R2A9_05039	100.000	76	0	0	1	76	1	76	6.67e-53	158
32P3R2A9_05040	32P3R2A9_05040	100.000	103	0	0	1	103	1	103	3.75e-74	214
32P3R2A9_05041	32P3R2A9_05041	100.000	302	0	0	1	302	1	302	0.0	625
32P3R2A9_05042	32P3R2A9_05042	100.000	135	0	0	1	135	1	135	1.20e-99	281
32P3R2A9_05043	32P3R2A9_05043	100.000	90	0	0	1	90	1	90	5.59e-61	180
32P3R2A9_05044	32P3R2A9_05044	100.000	164	0	0	1	164	1	164	1.60e-121	339
32P3R2A9_05045	32P3R2A9_05045	100.000	242	0	0	1	242	1	242	0.0	503
32P3R2A9_05046	32P3R2A9_05046	100.000	491	0	0	1	491	1	491	0.0	1014
32P3R2A9_05047	32P3R2A9_05047	100.000	234	0	0	1	234	1	234	1.60e-176	484
32P3R2A9_05047	24P1R3A1_08445	96.899	129	4	0	106	234	1	129	1.89e-89	259
32P3R2A9_05048	32P3R2A9_05048	100.000	421	0	0	1	421	1	421	0.0	857
32P3R2A9_05049	32P3R2A9_05049	100.000	231	0	0	1	231	1	231	7.53e-169	464
32P3R2A9_05050	32P3R2A9_05050	100.000	198	0	0	1	198	1	198	1.97e-143	397
32P3R2A9_05051	32P3R2A9_05051	100.000	167	0	0	1	167	1	167	1.18e-125	350
32P3R2A9_05052	32P3R2A9_05052	100.000	118	0	0	1	118	1	118	1.66e-79	229
32P3R2A9_05053	32P3R2A9_05053	100.000	127	0	0	1	127	1	127	9.72e-86	245
32P3R2A9_05054	32P3R2A9_05054	100.000	133	0	0	1	133	1	133	3.54e-90	257
32P3R2A9_05055	32P3R2A9_05055	100.000	132	0	0	1	132	1	132	1.59e-94	268
32P3R2A9_05056	32P3R2A9_05056	100.000	133	0	0	1	133	1	133	1.53e-93	266
32P3R2A9_05057	32P3R2A9_05057	100.000	123	0	0	1	123	1	123	3.36e-85	244
32P3R2A9_05058	32P3R2A9_05058	100.000	185	0	0	1	185	1	185	4.48e-138	382
32P3R2A9_05058	24P1R3A1_08106	99.459	185	1	0	1	185	104	288	9.15e-136	380
32P3R2A9_05059	32P3R2A9_05059	100.000	301	0	0	1	301	1	301	0.0	621
32P3R2A9_05059	24P1R3A1_08105	98.315	178	3	0	124	301	1	178	1.47e-130	368
32P3R2A9_05060	32P3R2A9_05060	100.000	288	0	0	1	288	1	288	0.0	593
32P3R2A9_05061	32P3R2A9_05061	100.000	181	0	0	1	181	1	181	2.06e-131	365
32P3R2A9_05062	32P3R2A9_05062	100.000	164	0	0	1	164	1	164	3.06e-121	338
32P3R2A9_05063	32P3R2A9_05063	100.000	164	0	0	1	164	1	164	4.21e-120	335
32P3R2A9_05064	32P3R2A9_05064	100.000	245	0	0	1	245	1	245	0.0	501
32P3R2A9_05065	32P3R2A9_05065	100.000	163	0	0	1	163	1	163	3.75e-119	333
32P3R2A9_05071	32P3R2A9_05071	100.000	492	0	0	1	492	1	492	0.0	1009
32P3R2A9_05071	12_1P1R2A2-1_00040	100.000	480	0	0	13	492	320	799	0.0	987
32P3R2A9_05071	15P1R1A16_04188	100.000	480	0	0	13	492	105	584	0.0	985
32P3R2A9_05072	32P3R2A9_05072	100.000	158	0	0	1	158	1	158	1.28e-116	326
32P3R2A9_05073	32P3R2A9_05073	100.000	149	0	0	1	149	1	149	2.27e-110	309
32P3R2A9_05074	32P3R2A9_05074	100.000	137	0	0	1	137	1	137	2.23e-96	273
32P3R2A9_05075	32P3R2A9_05075	100.000	57	0	0	1	57	1	57	2.29e-35	113
32P3R2A9_05076	32P3R2A9_05076	100.000	802	0	0	1	802	1	802	0.0	1617
32P3R2A9_05077	32P3R2A9_05077	100.000	164	0	0	1	164	1	164	1.74e-119	333
32P3R2A9_05078	32P3R2A9_05078	100.000	145	0	0	1	145	1	145	1.69e-106	299
32P3R2A9_05079	32P3R2A9_05079	100.000	1081	0	0	1	1081	1	1081	0.0	2150
32P3R2A9_05080	32P3R2A9_05080	100.000	280	0	0	1	280	1	280	0.0	562
32P3R2A9_05081	32P3R2A9_05081	100.000	86	0	0	1	86	1	86	1.12e-59	176
32P3R2A9_05082	32P3R2A9_05082	100.000	196	0	0	1	196	1	196	1.67e-142	394
32P3R2A9_05083	32P3R2A9_05083	100.000	205	0	0	1	205	1	205	1.09e-148	411
32P3R2A9_05084	32P3R2A9_05084	100.000	442	0	0	1	442	1	442	0.0	890
32P3R2A9_05085	32P3R2A9_05085	100.000	856	0	0	1	856	1	856	0.0	1758
32P3R2A9_05086	32P3R2A9_05086	100.000	155	0	0	1	155	1	155	5.25e-114	319
32P3R2A9_05087	32P3R2A9_05087	100.000	261	0	0	1	261	1	261	0.0	519
32P3R2A9_05088	32P3R2A9_05088	100.000	65	0	0	1	65	1	65	4.38e-42	130
32P3R2A9_05089	32P3R2A9_05089	100.000	83	0	0	1	83	1	83	1.70e-56	168
32P3R2A9_05090	32P3R2A9_05090	100.000	296	0	0	1	296	1	296	0.0	588
32P3R2A9_05091	32P3R2A9_05091	100.000	36	0	0	1	36	1	36	3.93e-20	73.2
32P3R2A9_05092	32P3R2A9_05092	100.000	129	0	0	1	129	1	129	1.03e-88	253
32P3R2A9_05093	32P3R2A9_05093	100.000	172	0	0	1	172	1	172	1.74e-120	337
32P3R2A9_05094	32P3R2A9_05094	100.000	140	0	0	1	140	1	140	1.70e-98	279
32P3R2A9_05095	32P3R2A9_05095	100.000	198	0	0	1	198	1	198	2.70e-143	397
32P3R2A9_05096	32P3R2A9_05096	100.000	347	0	0	1	347	1	347	0.0	706
32P3R2A9_05097	32P3R2A9_05097	100.000	286	0	0	1	286	1	286	0.0	580
32P3R2A9_05097	24P1R3A1_09431	98.990	198	2	0	89	286	1	198	1.74e-142	399
32P3R2A9_05098	32P3R2A9_05098	100.000	118	0	0	1	118	1	118	1.28e-82	237
32P3R2A9_05099	32P3R2A9_05099	100.000	381	0	0	1	381	1	381	0.0	768
32P3R2A9_05100	32P3R2A9_05100	100.000	527	0	0	1	527	1	527	0.0	1039
32P3R2A9_05100	24P1R3A1_09495	99.281	278	2	0	250	527	1	278	0.0	545
32P3R2A9_05101	32P3R2A9_05101	100.000	241	0	0	1	241	1	241	0.0	499
32P3R2A9_05101	24P1R3A1_08638	98.755	241	3	0	1	241	68	308	1.25e-179	495
32P3R2A9_05102	32P3R2A9_05102	100.000	46	0	0	1	46	1	46	4.48e-28	94.0
32P3R2A9_05103	32P3R2A9_05103	100.000	164	0	0	1	164	1	164	1.37e-121	339
32P3R2A9_05104	32P3R2A9_05104	100.000	170	0	0	1	170	1	170	2.80e-119	333
32P3R2A9_05105	32P3R2A9_05105	100.000	160	0	0	1	160	1	160	1.58e-109	308
32P3R2A9_05106	32P3R2A9_05106	100.000	679	0	0	1	679	1	679	0.0	1373
32P3R2A9_05107	32P3R2A9_05107	100.000	321	0	0	1	321	1	321	0.0	670
32P3R2A9_05108	32P3R2A9_05108	100.000	342	0	0	1	342	1	342	0.0	710
32P3R2A9_05109	32P3R2A9_05109	100.000	375	0	0	1	375	1	375	0.0	774
32P3R2A9_05110	32P3R2A9_05110	100.000	198	0	0	1	198	1	198	3.16e-148	409
32P3R2A9_05111	32P3R2A9_05111	100.000	172	0	0	1	172	1	172	1.46e-124	347
32P3R2A9_05112	32P3R2A9_05112	100.000	347	0	0	1	347	1	347	0.0	714
32P3R2A9_05113	32P3R2A9_05113	100.000	311	0	0	1	311	1	311	0.0	646
32P3R2A9_05114	32P3R2A9_05114	100.000	543	0	0	1	543	1	543	0.0	1122
32P3R2A9_05115	32P3R2A9_05115	100.000	276	0	0	1	276	1	276	0.0	577
32P3R2A9_05116	32P3R2A9_05116	100.000	50	0	0	1	50	1	50	1.03e-31	103
32P3R2A9_05117	32P3R2A9_05117	100.000	262	0	0	1	262	1	262	0.0	530
32P3R2A9_05118	32P3R2A9_05118	100.000	136	0	0	1	136	1	136	1.40e-98	278
32P3R2A9_05119	32P3R2A9_05119	100.000	229	0	0	1	229	1	229	1.56e-171	471
32P3R2A9_05120	32P3R2A9_05120	100.000	175	0	0	1	175	1	175	4.44e-128	356
32P3R2A9_05121	32P3R2A9_05121	100.000	62	0	0	1	62	1	62	2.23e-38	121
32P3R2A9_05122	32P3R2A9_05122	100.000	238	0	0	1	238	1	238	2.47e-176	483
32P3R2A9_05122	24P1R3A1_08847	97.468	237	6	0	1	237	1	237	2.69e-172	474
32P3R2A9_05123	32P3R2A9_05123	100.000	160	0	0	1	160	1	160	5.16e-114	320
32P3R2A9_05124	32P3R2A9_05124	100.000	556	0	0	1	556	1	556	0.0	1152
32P3R2A9_05124	24P1R3A1_08939	95.890	146	6	0	411	556	1	146	1.02e-95	288
32P3R2A9_05125	32P3R2A9_05125	100.000	161	0	0	1	161	1	161	7.14e-116	324
32P3R2A9_05126	32P3R2A9_05126	100.000	390	0	0	1	390	1	390	0.0	800
32P3R2A9_05127	32P3R2A9_05127	100.000	286	0	0	1	286	1	286	0.0	587
32P3R2A9_05128	32P3R2A9_05128	100.000	524	0	0	1	524	1	524	0.0	1046
32P3R2A9_05129	32P3R2A9_05129	100.000	91	0	0	1	91	1	91	8.27e-64	187
32P3R2A9_05130	32P3R2A9_05130	100.000	409	0	0	1	409	1	409	0.0	801
32P3R2A9_05131	32P3R2A9_05131	100.000	172	0	0	1	172	1	172	1.50e-124	347
32P3R2A9_05132	32P3R2A9_05132	100.000	393	0	0	1	393	1	393	0.0	797
32P3R2A9_05133	32P3R2A9_05133	100.000	216	0	0	1	216	1	216	2.51e-154	426
32P3R2A9_05133	24P1R3A1_09295	96.759	216	7	0	1	216	71	286	5.54e-149	415
32P3R2A9_05134	32P3R2A9_05134	100.000	233	0	0	1	233	1	233	1.60e-172	473
32P3R2A9_05135	32P3R2A9_05135	100.000	791	0	0	1	791	1	791	0.0	1636
32P3R2A9_05136	32P3R2A9_05136	100.000	112	0	0	1	112	1	112	7.72e-76	219
32P3R2A9_05144	32P3R2A9_05144	100.000	293	0	0	1	293	1	293	0.0	605
32P3R2A9_05144	15P1R1A16_02315	99.317	293	2	0	1	293	50	342	0.0	601
32P3R2A9_05144	10P3R2A13_04789	97.952	293	6	0	1	293	50	342	0.0	594
32P3R2A9_05144	25P2R1A13_03678	98.431	255	4	0	39	293	1	255	0.0	518
32P3R2A9_05144	16_1P2R1A8-1_04602	96.517	201	7	0	93	293	1	201	1.57e-143	402
32P3R2A9_05144	5P3R2A4_04516	100.000	149	0	0	145	293	1	149	1.13e-107	309
32P3R2A9_05144	5P3R2A4_04371	97.810	137	3	0	1	137	50	186	2.32e-94	278
32P3R2A9_05144	25P2R1A13_04215	96.970	33	1	0	1	33	50	82	3.39e-15	69.7
32P3R2A9_05145	32P3R2A9_05145	100.000	335	0	0	1	335	1	335	0.0	678
32P3R2A9_05146	32P3R2A9_05146	100.000	256	0	0	1	256	1	256	0.0	529
32P3R2A9_05147	32P3R2A9_05147	100.000	399	0	0	1	399	1	399	0.0	832
32P3R2A9_05147	24P1R3A1_08679	97.059	374	11	0	26	399	1	374	0.0	762
32P3R2A9_05148	32P3R2A9_05148	100.000	66	0	0	1	66	1	66	3.04e-41	128
32P3R2A9_05149	32P3R2A9_05149	100.000	375	0	0	1	375	1	375	0.0	766
32P3R2A9_05150	32P3R2A9_05150	100.000	138	0	0	1	138	1	138	1.92e-99	281
32P3R2A9_05151	32P3R2A9_05151	100.000	136	0	0	1	136	1	136	1.24e-95	271
32P3R2A9_05152	32P3R2A9_05152	100.000	202	0	0	1	202	1	202	1.46e-151	418
32P3R2A9_05153	32P3R2A9_05153	100.000	112	0	0	1	112	1	112	1.62e-77	223
32P3R2A9_05154	32P3R2A9_05154	100.000	64	0	0	1	64	1	64	9.15e-41	127
32P3R2A9_05155	32P3R2A9_05155	100.000	692	0	0	1	692	1	692	0.0	1394
32P3R2A9_05156	32P3R2A9_05156	100.000	104	0	0	1	104	1	104	3.41e-75	217
32P3R2A9_05158	32P3R2A9_05158	100.000	949	0	0	1	949	1	949	0.0	1883
32P3R2A9_05158	30P2R3A4_03962	96.839	949	30	0	1	949	1	949	0.0	1823
32P3R2A9_05158	16_1P2R1A8-1_01438	96.417	949	34	0	1	949	1	949	0.0	1812
32P3R2A9_05158	39P2R1A13_04797	96.648	716	24	0	234	949	1	716	0.0	1380
32P3R2A9_05158	25P2R1A13_04313	96.842	190	6	0	760	949	1	190	7.88e-129	386
32P3R2A9_05159	32P3R2A9_05159	100.000	291	0	0	1	291	1	291	0.0	594
32P3R2A9_05159	19P1R1A6_04302	96.907	291	9	0	1	291	1	291	0.0	579
32P3R2A9_05159	28P2R1A12_03825	97.251	291	8	0	1	291	1	291	0.0	578
32P3R2A9_05159	14P1R2A4_04670	97.251	291	8	0	1	291	1	291	0.0	578
32P3R2A9_05159	26P1R3A4_04620	96.220	291	11	0	1	291	1	291	0.0	569
32P3R2A9_05159	12_1P1R2A2-1_00041	95.600	250	11	0	42	291	1	250	1.15e-168	467
32P3R2A9_05159	15P1R1A16_03398	96.970	198	6	0	94	291	1	198	5.76e-140	392
32P3R2A9_05159	32P3R2A9_06293	95.146	206	10	0	86	291	1	206	6.50e-134	377
32P3R2A9_05159	26P1R3A4_04768	95.775	142	6	0	150	291	1	142	7.03e-95	276
32P3R2A9_05159	25P2R1A13_04846	98.718	78	1	0	214	291	1	78	1.90e-47	153
32P3R2A9_05160	32P3R2A9_05160	100.000	154	0	0	1	154	1	154	2.44e-113	317
32P3R2A9_05160	24P1R3A1_08532	99.351	154	1	0	1	154	39	192	4.80e-112	315
32P3R2A9_05161	32P3R2A9_05161	100.000	428	0	0	1	428	1	428	0.0	859
32P3R2A9_05162	32P3R2A9_05162	100.000	111	0	0	1	111	1	111	7.29e-78	224
32P3R2A9_05163	32P3R2A9_05163	100.000	394	0	0	1	394	1	394	0.0	783
32P3R2A9_05163	24P1R3A1_08925	98.131	107	2	0	288	394	1	107	1.02e-68	212
32P3R2A9_05164	32P3R2A9_05164	100.000	97	0	0	1	97	1	97	1.26e-64	190
32P3R2A9_05164	24P1R3A1_09359	97.938	97	2	0	1	97	27	123	1.34e-63	188
32P3R2A9_05165	32P3R2A9_05165	100.000	124	0	0	1	124	1	124	5.25e-89	253
32P3R2A9_05166	32P3R2A9_05166	100.000	113	0	0	1	113	1	113	4.70e-80	230
32P3R2A9_05167	32P3R2A9_05167	100.000	72	0	0	1	72	1	72	1.01e-47	145
32P3R2A9_05168	32P3R2A9_05168	100.000	80	0	0	1	80	1	80	5.07e-56	167
32P3R2A9_05169	32P3R2A9_05169	100.000	99	0	0	1	99	1	99	3.20e-66	194
32P3R2A9_05170	32P3R2A9_05170	100.000	70	0	0	1	70	1	70	2.65e-46	141
32P3R2A9_05171	32P3R2A9_05171	100.000	136	0	0	1	136	1	136	2.01e-99	281
32P3R2A9_05172	32P3R2A9_05172	100.000	74	0	0	1	74	1	74	4.22e-50	151
32P3R2A9_05173	32P3R2A9_05173	100.000	74	0	0	1	74	1	74	4.65e-50	151
32P3R2A9_05174	32P3R2A9_05174	100.000	52	0	0	1	52	1	52	1.01e-32	106
32P3R2A9_05175	32P3R2A9_05175	100.000	272	0	0	1	272	1	272	0.0	567
32P3R2A9_05176	32P3R2A9_05176	100.000	176	0	0	1	176	1	176	1.21e-127	355
32P3R2A9_05177	32P3R2A9_05177	100.000	258	0	0	1	258	1	258	0.0	516
32P3R2A9_05178	32P3R2A9_05178	100.000	454	0	0	1	454	1	454	0.0	890
32P3R2A9_05178	24P1R3A1_09340	98.696	230	3	0	223	452	1	230	1.51e-160	452
32P3R2A9_05179	32P3R2A9_05179	100.000	326	0	0	1	326	1	326	0.0	644
32P3R2A9_05180	32P3R2A9_05180	100.000	195	0	0	1	195	1	195	4.91e-134	373
32P3R2A9_05180	24P1R3A1_08947	100.000	92	0	0	104	195	1	92	1.20e-57	176
32P3R2A9_05182	32P3R2A9_05182	100.000	416	0	0	1	416	1	416	0.0	856
32P3R2A9_05183	32P3R2A9_05183	100.000	331	0	0	1	331	1	331	0.0	671
32P3R2A9_05183	24P1R3A1_08916	95.745	329	14	0	1	329	1	329	0.0	644
32P3R2A9_05184	32P3R2A9_05184	100.000	626	0	0	1	626	1	626	0.0	1292
32P3R2A9_05184	24P1R3A1_08136	97.604	626	15	0	1	626	1	626	0.0	1269
32P3R2A9_05185	32P3R2A9_05185	100.000	339	0	0	1	339	1	339	0.0	701
32P3R2A9_05186	32P3R2A9_05186	100.000	376	0	0	1	376	1	376	0.0	763
32P3R2A9_05187	32P3R2A9_05187	100.000	101	0	0	1	101	1	101	1.20e-69	202
32P3R2A9_05188	32P3R2A9_05188	100.000	53	0	0	1	53	1	53	1.40e-32	105
32P3R2A9_05189	32P3R2A9_05189	100.000	159	0	0	1	159	1	159	5.66e-118	329
32P3R2A9_05191	32P3R2A9_05191	100.000	69	0	0	1	69	1	69	1.88e-46	142
32P3R2A9_05192	32P3R2A9_05192	100.000	51	0	0	1	51	1	51	9.64e-31	100
32P3R2A9_05193	32P3R2A9_05193	100.000	36	0	0	1	36	1	36	2.01e-18	68.9
32P3R2A9_05194	32P3R2A9_05194	100.000	145	0	0	1	145	1	145	2.19e-98	279
32P3R2A9_05195	32P3R2A9_05195	100.000	279	0	0	1	279	1	279	0.0	578
32P3R2A9_05196	32P3R2A9_05196	100.000	421	0	0	1	421	1	421	0.0	864
32P3R2A9_05197	32P3R2A9_05197	100.000	69	0	0	1	69	1	69	1.80e-46	142
32P3R2A9_05198	32P3R2A9_05198	100.000	190	0	0	1	190	1	190	4.64e-142	393
32P3R2A9_05199	32P3R2A9_05199	100.000	67	0	0	1	67	1	67	4.45e-45	138
32P3R2A9_05200	32P3R2A9_05200	100.000	158	0	0	1	158	1	158	1.47e-118	331
32P3R2A9_05201	32P3R2A9_05201	100.000	177	0	0	1	177	1	177	3.27e-133	369
32P3R2A9_05202	32P3R2A9_05202	100.000	161	0	0	1	161	1	161	2.12e-120	336
32P3R2A9_05203	32P3R2A9_05203	100.000	244	0	0	1	244	1	244	0.0	502
32P3R2A9_05204	32P3R2A9_05204	100.000	300	0	0	1	300	1	300	0.0	613
32P3R2A9_05205	32P3R2A9_05205	100.000	193	0	0	1	193	1	193	1.66e-139	387
32P3R2A9_05205	24P1R3A1_08743	96.373	193	7	0	1	193	1	193	8.41e-134	372
32P3R2A9_05206	32P3R2A9_05206	100.000	233	0	0	1	233	1	233	9.39e-176	481
32P3R2A9_05207	32P3R2A9_05207	100.000	128	0	0	1	128	1	128	2.61e-93	265
32P3R2A9_05208	32P3R2A9_05208	100.000	79	0	0	1	79	1	79	2.71e-52	157
32P3R2A9_05209	32P3R2A9_05209	100.000	324	0	0	1	324	1	324	0.0	656
32P3R2A9_05209	24P1R3A1_09538	97.119	243	7	0	82	324	1	243	6.31e-170	471
32P3R2A9_05210	32P3R2A9_05210	100.000	92	0	0	1	92	1	92	6.70e-60	177
32P3R2A9_05211	32P3R2A9_05211	100.000	429	0	0	1	429	1	429	0.0	883
32P3R2A9_05212	32P3R2A9_05212	100.000	105	0	0	1	105	1	105	8.96e-74	213
32P3R2A9_05213	32P3R2A9_05213	100.000	171	0	0	1	171	1	171	4.89e-119	333
32P3R2A9_05214	32P3R2A9_05214	100.000	557	0	0	1	557	1	557	0.0	1124
32P3R2A9_05215	32P3R2A9_05215	100.000	68	0	0	1	68	1	68	9.80e-44	135
32P3R2A9_05216	32P3R2A9_05216	100.000	162	0	0	1	162	1	162	3.75e-114	320
32P3R2A9_05217	32P3R2A9_05217	100.000	186	0	0	1	186	1	186	3.99e-136	377
32P3R2A9_05218	32P3R2A9_05218	100.000	368	0	0	1	368	1	368	0.0	746
32P3R2A9_05219	32P3R2A9_05219	100.000	361	0	0	1	361	1	361	0.0	728
32P3R2A9_05220	32P3R2A9_05220	100.000	284	0	0	1	284	1	284	0.0	585
32P3R2A9_05221	32P3R2A9_05221	100.000	281	0	0	1	281	1	281	0.0	582
