10P3R2A13_02641	10P3R2A13_02641	100.000	296	0	0	1	296	1	296	0.0	571
10P3R2A13_02642	10P3R2A13_02642	100.000	172	0	0	1	172	1	172	8.73e-126	350
10P3R2A13_02643	10P3R2A13_02643	100.000	528	0	0	1	528	1	528	0.0	1095
10P3R2A13_02643	27P2R2A12_01906	98.630	365	5	0	1	365	1	365	0.0	746
10P3R2A13_02643	27P2R2A12_01905	99.259	135	1	0	394	528	1	135	8.51e-93	279
10P3R2A13_02644	10P3R2A13_02644	100.000	43	0	0	1	43	1	43	1.14e-25	87.8
10P3R2A13_02645	10P3R2A13_02645	100.000	156	0	0	1	156	1	156	1.84e-111	313
10P3R2A13_02646	10P3R2A13_02646	100.000	373	0	0	1	373	1	373	0.0	732
10P3R2A13_02647	10P3R2A13_02647	100.000	307	0	0	1	307	1	307	0.0	629
10P3R2A13_02648	10P3R2A13_02648	100.000	531	0	0	1	531	1	531	0.0	1089
10P3R2A13_02648	31P2R1A5_01734	96.045	531	21	0	1	531	1	531	0.0	1056
10P3R2A13_02649	10P3R2A13_02649	100.000	252	0	0	1	252	1	252	0.0	512
10P3R2A13_02650	10P3R2A13_02650	100.000	212	0	0	1	212	1	212	7.50e-161	442
10P3R2A13_02651	10P3R2A13_02651	100.000	395	0	0	1	395	1	395	0.0	811
10P3R2A13_02651	3P1R3A2_02025	96.709	395	13	0	1	395	1	395	0.0	786
10P3R2A13_02652	10P3R2A13_02652	100.000	117	0	0	1	117	1	117	5.39e-82	235
10P3R2A13_02652	3P1R3A2_02024	97.436	117	3	0	1	117	1	117	1.67e-80	231
10P3R2A13_02653	10P3R2A13_02653	100.000	699	0	0	1	699	1	699	0.0	1394
10P3R2A13_02654	10P3R2A13_02654	100.000	96	0	0	1	96	1	96	2.25e-66	194
10P3R2A13_02655	10P3R2A13_02655	100.000	114	0	0	1	114	1	114	5.47e-83	237
10P3R2A13_02656	10P3R2A13_02656	100.000	36	0	0	1	36	1	36	3.96e-19	70.9
10P3R2A13_02657	10P3R2A13_02657	100.000	99	0	0	1	99	1	99	2.02e-65	192
10P3R2A13_02658	10P3R2A13_02658	100.000	152	0	0	1	152	1	152	3.91e-110	309
10P3R2A13_02659	10P3R2A13_02659	100.000	383	0	0	1	383	1	383	0.0	783
10P3R2A13_02659	3P1R3A2_02017	97.911	383	8	0	1	383	1	383	0.0	767
10P3R2A13_02660	10P3R2A13_02660	100.000	238	0	0	1	238	1	238	3.64e-172	473
10P3R2A13_02661	10P3R2A13_02661	100.000	158	0	0	1	158	1	158	4.82e-116	325
10P3R2A13_02662	10P3R2A13_02662	100.000	165	0	0	1	165	1	165	5.59e-121	337
10P3R2A13_02663	10P3R2A13_02663	100.000	237	0	0	1	237	1	237	1.83e-177	486
10P3R2A13_02663	3P1R3A2_02013	97.468	237	6	0	1	237	1	237	3.19e-173	476
10P3R2A13_02664	10P3R2A13_02664	100.000	338	0	0	1	338	1	338	0.0	704
10P3R2A13_02665	10P3R2A13_02665	100.000	299	0	0	1	299	1	299	0.0	615
10P3R2A13_02666	10P3R2A13_02666	100.000	596	0	0	1	596	1	596	0.0	1239
10P3R2A13_02667	10P3R2A13_02667	100.000	345	0	0	1	345	1	345	0.0	709
10P3R2A13_02667	3P1R3A2_02009	97.101	345	10	0	1	345	1	345	0.0	692
10P3R2A13_02668	10P3R2A13_02668	100.000	86	0	0	1	86	1	86	2.17e-61	181
10P3R2A13_02669	10P3R2A13_02669	100.000	96	0	0	1	96	1	96	7.46e-69	200
10P3R2A13_02670	10P3R2A13_02670	100.000	93	0	0	1	93	1	93	2.52e-66	194
10P3R2A13_02671	10P3R2A13_02671	100.000	105	0	0	1	105	1	105	7.54e-73	211
10P3R2A13_02672	10P3R2A13_02672	100.000	320	0	0	1	320	1	320	0.0	666
10P3R2A13_02672	3P1R3A2_02002	97.812	320	7	0	1	320	1	320	0.0	652
10P3R2A13_02673	10P3R2A13_02673	100.000	942	0	0	1	942	1	942	0.0	1951
10P3R2A13_02674	10P3R2A13_02674	100.000	130	0	0	1	130	1	130	1.31e-95	271
10P3R2A13_02674	16_1P2R1A8-1_02262	96.154	130	5	0	1	130	1	130	9.73e-92	261
10P3R2A13_02675	10P3R2A13_02675	100.000	77	0	0	1	77	1	77	1.26e-50	153
10P3R2A13_02675	16_1P2R1A8-1_04775	97.403	77	2	0	1	77	1	77	1.09e-48	148
10P3R2A13_02676	10P3R2A13_02676	100.000	277	0	0	1	277	1	277	0.0	570
10P3R2A13_02677	10P3R2A13_02677	100.000	68	0	0	1	68	1	68	6.31e-44	135
10P3R2A13_02677	3P1R3A2_01997	97.059	68	2	0	1	68	1	68	8.62e-43	132
10P3R2A13_02678	10P3R2A13_02678	100.000	73	0	0	1	73	1	73	2.44e-48	147
10P3R2A13_02679	10P3R2A13_02679	100.000	89	0	0	1	89	1	89	1.77e-61	181
10P3R2A13_02680	10P3R2A13_02680	100.000	68	0	0	1	68	1	68	2.05e-45	139
10P3R2A13_02681	10P3R2A13_02681	100.000	137	0	0	1	137	1	137	1.89e-96	273
10P3R2A13_02681	32P3R2A9_03712	97.080	137	4	0	1	137	1	137	2.22e-93	265
10P3R2A13_02682	10P3R2A13_02682	100.000	81	0	0	1	81	1	81	2.59e-55	165
10P3R2A13_02683	10P3R2A13_02683	100.000	93	0	0	1	93	1	93	1.08e-64	189
10P3R2A13_02684	10P3R2A13_02684	100.000	114	0	0	1	114	1	114	1.55e-82	236
10P3R2A13_02685	10P3R2A13_02685	100.000	96	0	0	1	96	1	96	2.37e-67	196
10P3R2A13_02686	10P3R2A13_02686	100.000	107	0	0	1	107	1	107	2.01e-76	220
10P3R2A13_02687	10P3R2A13_02687	100.000	335	0	0	1	335	1	335	0.0	693
10P3R2A13_02688	10P3R2A13_02688	100.000	386	0	0	1	386	1	386	0.0	783
10P3R2A13_02688	43P2R2A2_04833	100.000	371	0	0	16	386	1	371	0.0	754
10P3R2A13_02689	10P3R2A13_02689	100.000	338	0	0	1	338	1	338	0.0	680
10P3R2A13_02690	10P3R2A13_02690	100.000	271	0	0	1	271	1	271	0.0	565
10P3R2A13_02691	10P3R2A13_02691	100.000	220	0	0	1	220	1	220	8.59e-160	440
10P3R2A13_02691	43P2R2A2_04128	100.000	70	0	0	151	220	1	70	6.33e-43	139
10P3R2A13_02692	10P3R2A13_02692	100.000	305	0	0	1	305	1	305	0.0	622
10P3R2A13_02692	42P1R1A12_02469	97.377	305	8	0	1	305	22	326	0.0	605
10P3R2A13_02692	31P2R1A5_02955	97.068	307	7	1	1	305	22	328	0.0	604
10P3R2A13_02692	18P3R3A11_02368	96.393	305	8	1	1	305	1	302	0.0	600
10P3R2A13_02693	10P3R2A13_02693	100.000	423	0	0	1	423	1	423	0.0	861
10P3R2A13_02693	34P3R2A10_02120	99.543	219	1	0	205	423	1	219	7.03e-160	449
10P3R2A13_02694	10P3R2A13_02694	100.000	221	0	0	1	221	1	221	1.31e-154	427
10P3R2A13_02695	10P3R2A13_02695	100.000	163	0	0	1	163	1	163	2.82e-113	318
10P3R2A13_02695	18P3R3A11_02371	95.092	163	8	0	1	163	1	163	7.97e-109	306
10P3R2A13_02696	10P3R2A13_02696	100.000	506	0	0	1	506	1	506	0.0	1041
10P3R2A13_02696	31P2R1A5_02959	96.640	506	17	0	1	506	1	506	0.0	1014
10P3R2A13_02696	18P3R3A11_02372	95.455	506	23	0	1	506	1	506	0.0	1001
10P3R2A13_02697	10P3R2A13_02697	100.000	190	0	0	1	190	1	190	6.72e-138	382
10P3R2A13_02698	10P3R2A13_02698	100.000	261	0	0	1	261	1	261	0.0	523
10P3R2A13_02699	10P3R2A13_02699	100.000	261	0	0	1	261	1	261	0.0	533
10P3R2A13_02700	10P3R2A13_02700	100.000	229	0	0	1	229	1	229	4.73e-164	452
10P3R2A13_02700	43P2R2A2_04637	100.000	205	0	0	25	229	1	205	4.57e-147	408
10P3R2A13_02701	10P3R2A13_02701	100.000	239	0	0	1	239	1	239	2.50e-175	481
10P3R2A13_02702	10P3R2A13_02702	100.000	258	0	0	1	258	1	258	0.0	525
10P3R2A13_02702	26P1R3A4_01772	100.000	152	0	0	107	258	1	152	5.73e-107	306
10P3R2A13_02702	26P1R3A4_01773	100.000	88	0	0	1	88	1	88	3.13e-58	180
10P3R2A13_02703	10P3R2A13_02703	100.000	301	0	0	1	301	1	301	0.0	619
10P3R2A13_02703	17P1R1A4_00085	96.346	301	7	1	1	301	1	297	0.0	593
10P3R2A13_02703	15P1R1A16_05217	100.000	113	0	0	189	301	1	113	2.18e-75	226
10P3R2A13_02704	10P3R2A13_02704	100.000	298	0	0	1	298	1	298	0.0	605
10P3R2A13_02704	15P1R1A16_05218	99.502	201	1	0	98	298	1	201	5.40e-146	408
10P3R2A13_02704	15P1R1A16_02794	99.425	174	1	0	125	298	1	174	8.28e-126	356
10P3R2A13_02704	43P2R2A2_05686	98.266	173	3	0	125	297	1	173	4.72e-124	352
10P3R2A13_02705	10P3R2A13_02705	100.000	121	0	0	1	121	1	121	1.14e-85	245
10P3R2A13_02706	10P3R2A13_02706	100.000	216	0	0	1	216	1	216	2.82e-162	446
10P3R2A13_02706	34P3R2A10_04816	100.000	130	0	0	87	216	1	130	6.28e-95	273
10P3R2A13_02707	10P3R2A13_02707	100.000	215	0	0	1	215	1	215	1.03e-159	439
10P3R2A13_02708	10P3R2A13_02708	100.000	184	0	0	1	184	1	184	5.43e-135	374
10P3R2A13_02709	10P3R2A13_02709	100.000	181	0	0	1	181	1	181	3.71e-134	372
10P3R2A13_02710	15P1R1A16_00520	99.797	493	1	0	1	493	15	507	0.0	980
10P3R2A13_02710	10P3R2A13_02710	100.000	493	0	0	1	493	1	493	0.0	979
10P3R2A13_02710	43P2R2A2_04917	100.000	82	0	0	412	493	1	82	4.66e-50	166
10P3R2A13_02711	10P3R2A13_02711	100.000	715	0	0	1	715	1	715	0.0	1461
10P3R2A13_02711	31P2R1A5_02973	96.078	714	28	0	1	714	1	714	0.0	1409
10P3R2A13_02711	42P1R1A12_02443	95.658	714	30	1	1	714	1	713	0.0	1399
10P3R2A13_02711	18P3R3A11_02392	95.245	715	33	1	1	715	1	714	0.0	1393
10P3R2A13_02712	10P3R2A13_02712	100.000	401	0	0	1	401	1	401	0.0	824
10P3R2A13_02712	38P2R3A13_02820	95.761	401	17	0	1	401	1	401	0.0	798
10P3R2A13_02712	31P2R1A5_02974	96.010	401	16	0	1	401	1	401	0.0	797
10P3R2A13_02712	42P1R1A12_02442	95.262	401	19	0	1	401	1	401	0.0	795
10P3R2A13_02712	18P3R3A11_02393	95.262	401	19	0	1	401	1	401	0.0	795
10P3R2A13_02713	10P3R2A13_02713	100.000	152	0	0	1	152	1	152	8.50e-111	311
10P3R2A13_02714	10P3R2A13_02714	100.000	165	0	0	1	165	1	165	1.07e-124	347
10P3R2A13_02715	10P3R2A13_02715	100.000	217	0	0	1	217	1	217	2.69e-158	436
10P3R2A13_02716	10P3R2A13_02716	100.000	611	0	0	1	611	1	611	0.0	1214
10P3R2A13_02717	10P3R2A13_02717	100.000	200	0	0	1	200	1	200	4.94e-149	411
10P3R2A13_02718	10P3R2A13_02718	100.000	406	0	0	1	406	1	406	0.0	841
10P3R2A13_02718	31P2R1A5_02980	95.567	406	18	0	1	406	1	406	0.0	814
10P3R2A13_02718	42P1R1A12_02436	95.320	406	19	0	1	406	1	406	0.0	813
10P3R2A13_02718	38P2R3A13_02826	96.040	404	16	0	1	404	1	404	0.0	813
10P3R2A13_02719	10P3R2A13_02719	100.000	313	0	0	1	313	1	313	0.0	641
10P3R2A13_02720	10P3R2A13_02720	100.000	55	0	0	1	55	1	55	1.08e-34	111
10P3R2A13_02720	25P2R1A13_00089	100.000	54	0	0	1	54	1	54	1.16e-34	111
10P3R2A13_02721	10P3R2A13_02721	100.000	148	0	0	1	148	1	148	8.29e-105	295
10P3R2A13_02723	10P3R2A13_02723	100.000	601	0	0	1	601	1	601	0.0	1249
10P3R2A13_02723	18P3R3A11_02403	95.840	601	25	0	1	601	1	601	0.0	1211
10P3R2A13_02724	10P3R2A13_02724	100.000	167	0	0	1	167	1	167	1.71e-125	349
10P3R2A13_02724	31P2R1A5_02985	95.210	167	8	0	1	167	1	167	4.30e-120	335
10P3R2A13_02725	10P3R2A13_02725	100.000	446	0	0	1	446	1	446	0.0	917
10P3R2A13_02725	31P2R1A5_02986	96.188	446	17	0	1	446	1	446	0.0	889
10P3R2A13_02725	42P1R1A12_02430	95.067	446	22	0	1	446	1	446	0.0	876
10P3R2A13_02726	10P3R2A13_02726	100.000	909	0	0	1	909	1	909	0.0	1898
10P3R2A13_02726	34P3R2A10_02284	99.620	790	3	0	120	909	1	790	0.0	1632
10P3R2A13_02726	43P2R2A2_03066	100.000	689	0	0	221	909	1	689	0.0	1415
10P3R2A13_02727	10P3R2A13_02727	100.000	326	0	0	1	326	1	326	0.0	654
10P3R2A13_02727	18P3R3A11_02407	95.666	323	14	0	1	323	1	323	0.0	630
10P3R2A13_02728	10P3R2A13_02728	100.000	181	0	0	1	181	1	181	2.07e-134	373
10P3R2A13_02728	18P3R3A11_02408	97.790	181	4	0	1	181	1	181	7.52e-132	366
10P3R2A13_02729	10P3R2A13_02729	100.000	185	0	0	1	185	1	185	2.04e-131	365
10P3R2A13_02729	18P3R3A11_02409	95.676	185	8	0	1	185	1	185	4.68e-125	350
10P3R2A13_02729	38P2R3A13_02836	95.135	185	9	0	1	185	1	185	8.67e-124	346
10P3R2A13_02730	10P3R2A13_02730	100.000	101	0	0	1	101	1	101	6.20e-66	193
10P3R2A13_02730	18P3R3A11_02410	97.030	101	3	0	1	101	1	101	1.55e-63	187
10P3R2A13_02731	10P3R2A13_02731	100.000	614	0	0	1	614	1	614	0.0	1218
10P3R2A13_02732	10P3R2A13_02732	100.000	510	0	0	1	510	1	510	0.0	1014
10P3R2A13_02732	18P3R3A11_02412	95.686	510	22	0	1	510	1	510	0.0	961
10P3R2A13_02733	10P3R2A13_02733	100.000	486	0	0	1	486	1	486	0.0	946
10P3R2A13_02733	34P3R2A10_04725	100.000	378	0	0	109	486	1	378	0.0	730
10P3R2A13_02733	34P3R2A10_05269	95.307	277	13	0	210	486	1	277	0.0	509
10P3R2A13_02734	10P3R2A13_02734	100.000	168	0	0	1	168	1	168	7.40e-122	340
10P3R2A13_02735	10P3R2A13_02735	100.000	219	0	0	1	219	1	219	2.74e-162	446
10P3R2A13_02735	17P1R1A4_00118	100.000	218	0	0	1	218	1	218	6.16e-159	445
10P3R2A13_02735	27P2R2A12_00296	99.541	218	1	0	1	218	1	218	4.09e-158	443
10P3R2A13_02735	15P1R1A16_02368	96.347	219	8	0	1	219	1	219	1.73e-154	427
10P3R2A13_02735	3P1R3A2_01938	96.330	218	8	0	1	218	1	218	1.59e-151	426
10P3R2A13_02735	11P3R3A1_00567	95.872	218	9	0	1	218	1	218	1.53e-150	424
10P3R2A13_02735	1P1R1A1_00636	96.045	177	7	0	1	177	1	177	5.42e-122	343
10P3R2A13_02735	12_1P1R2A2-1_02833	96.739	92	3	0	127	218	1	92	1.93e-58	186
10P3R2A13_02735	12_1P1R2A2-1_02250	100.000	63	0	0	1	63	1	63	6.95e-39	129
10P3R2A13_02737	10P3R2A13_02737	100.000	154	0	0	1	154	1	154	5.55e-114	319
10P3R2A13_02738	10P3R2A13_02738	100.000	102	0	0	1	102	1	102	1.27e-69	202
10P3R2A13_02739	10P3R2A13_02739	100.000	432	0	0	1	432	1	432	0.0	887
10P3R2A13_02740	10P3R2A13_02740	100.000	557	0	0	1	557	1	557	0.0	1136
10P3R2A13_02741	10P3R2A13_02741	100.000	253	0	0	1	253	1	253	0.0	520
10P3R2A13_02742	10P3R2A13_02742	100.000	286	0	0	1	286	1	286	0.0	598
10P3R2A13_02742	31P2R1A5_03000	95.455	286	13	0	1	286	1	286	0.0	575
10P3R2A13_02742	42P1R1A12_02409	95.105	286	14	0	1	286	1	286	0.0	573
10P3R2A13_02743	10P3R2A13_02743	100.000	321	0	0	1	321	1	321	0.0	648
10P3R2A13_02744	10P3R2A13_02744	100.000	452	0	0	1	452	1	452	0.0	918
10P3R2A13_02745	10P3R2A13_02745	100.000	89	0	0	1	89	1	89	6.23e-63	185
10P3R2A13_02745	25P2R1A13_00119	97.753	89	2	0	1	89	1	89	2.44e-61	181
10P3R2A13_02746	10P3R2A13_02746	100.000	129	0	0	1	129	1	129	8.75e-87	248
10P3R2A13_02747	10P3R2A13_02747	100.000	112	0	0	1	112	1	112	4.78e-75	217
10P3R2A13_02748	10P3R2A13_02748	100.000	551	0	0	1	551	1	551	0.0	1117
10P3R2A13_02748	15P1R1A16_02355	100.000	122	0	0	430	551	1	122	2.71e-86	262
10P3R2A13_02749	10P3R2A13_02749	100.000	297	0	0	1	297	1	297	0.0	611
10P3R2A13_02750	10P3R2A13_02750	100.000	661	0	0	1	661	1	661	0.0	1369
10P3R2A13_02750	15P1R1A16_04834	100.000	272	0	0	390	661	1	272	0.0	566
10P3R2A13_02751	10P3R2A13_02751	100.000	323	0	0	1	323	1	323	0.0	667
10P3R2A13_02751	34P3R2A10_00990	99.679	312	1	0	12	323	1	312	0.0	643
10P3R2A13_02752	10P3R2A13_02752	100.000	386	0	0	1	386	1	386	0.0	796
10P3R2A13_02752	5P3R2A4_01694	100.000	315	0	0	72	386	1	315	0.0	652
10P3R2A13_02752	33P3R2A2_02623	99.057	212	2	0	1	212	1	212	6.27e-153	430
10P3R2A13_02752	33P3R2A2_02624	98.592	71	1	0	316	386	1	71	1.30e-44	148
10P3R2A13_02753	10P3R2A13_02753	100.000	201	0	0	1	201	1	201	5.14e-151	416
10P3R2A13_02754	10P3R2A13_02754	100.000	142	0	0	1	142	1	142	2.27e-103	291
10P3R2A13_02754	25P2R1A13_00128	97.887	142	3	0	1	142	1	142	2.55e-101	286
10P3R2A13_02755	10P3R2A13_02755	100.000	181	0	0	1	181	1	181	6.29e-128	356
10P3R2A13_02756	10P3R2A13_02756	100.000	401	0	0	1	401	1	401	0.0	820
10P3R2A13_02757	10P3R2A13_02757	100.000	130	0	0	1	130	1	130	3.95e-93	264
10P3R2A13_02757	32P3R2A9_00150	100.000	130	0	0	1	130	42	171	4.39e-92	263
10P3R2A13_02757	25P2R1A13_00134	100.000	130	0	0	1	130	139	268	1.27e-91	266
10P3R2A13_02758	10P3R2A13_02758	100.000	301	0	0	1	301	1	301	0.0	624
10P3R2A13_02758	25P2R1A13_00136	96.013	301	11	1	1	301	1	300	0.0	594
10P3R2A13_02759	10P3R2A13_02759	100.000	397	0	0	1	397	1	397	0.0	826
10P3R2A13_02760	10P3R2A13_02760	100.000	420	0	0	1	420	1	420	0.0	848
10P3R2A13_02760	11P3R3A1_00592	97.857	420	9	0	1	420	1	420	0.0	833
10P3R2A13_02761	10P3R2A13_02761	100.000	543	0	0	1	543	1	543	0.0	1104
10P3R2A13_02762	10P3R2A13_02762	100.000	453	0	0	1	453	1	453	0.0	921
10P3R2A13_02762	15P1R1A16_03373	100.000	246	0	0	208	453	1	246	8.45e-180	502
10P3R2A13_02763	10P3R2A13_02763	100.000	359	0	0	1	359	1	359	0.0	747
10P3R2A13_02764	10P3R2A13_02764	100.000	217	0	0	1	217	1	217	6.20e-164	450
10P3R2A13_02765	10P3R2A13_02765	100.000	85	0	0	1	85	1	85	8.85e-59	174
10P3R2A13_02766	10P3R2A13_02766	100.000	377	0	0	1	377	1	377	0.0	784
10P3R2A13_02766	42P1R1A12_02382	96.552	377	13	0	1	377	1	377	0.0	766
10P3R2A13_02766	31P2R1A5_03018	96.817	377	12	0	1	377	1	377	0.0	763
10P3R2A13_02766	38P2R3A13_05624	95.756	377	16	0	1	377	1	377	0.0	758
10P3R2A13_02766	18P3R3A11_02437	95.491	377	17	0	1	377	1	377	0.0	756
10P3R2A13_02766	34P3R2A10_05161	99.648	284	1	0	94	377	1	284	0.0	588
10P3R2A13_02767	10P3R2A13_02767	100.000	762	0	0	1	762	1	762	0.0	1589
10P3R2A13_02767	38P2R3A13_02860	95.013	762	38	0	1	762	17	778	0.0	1518
10P3R2A13_02767	38P2R3A13_05625	95.826	551	23	0	212	762	1	551	0.0	1084
10P3R2A13_02769	11P3R3A1_00127	99.654	289	1	0	1	289	61	349	0.0	588
10P3R2A13_02769	10P3R2A13_02769	100.000	289	0	0	1	289	1	289	0.0	587
10P3R2A13_02770	10P3R2A13_02770	100.000	242	0	0	1	242	1	242	5.25e-179	491
10P3R2A13_02771	10P3R2A13_02771	100.000	219	0	0	1	219	1	219	1.30e-161	445
10P3R2A13_02772	10P3R2A13_02772	100.000	439	0	0	1	439	1	439	0.0	863
10P3R2A13_02773	10P3R2A13_02773	100.000	439	0	0	1	439	1	439	0.0	867
10P3R2A13_02774	10P3R2A13_02774	100.000	459	0	0	1	459	1	459	0.0	959
10P3R2A13_02775	10P3R2A13_02775	100.000	45	0	0	1	45	1	45	7.20e-28	93.2
10P3R2A13_02776	10P3R2A13_02776	100.000	411	0	0	1	411	1	411	0.0	856
10P3R2A13_02776	3P1R3A2_04885	95.037	403	20	0	9	411	7	409	0.0	803
10P3R2A13_02776	43P2R2A2_04260	100.000	90	0	0	322	411	1	90	2.43e-60	190
10P3R2A13_02777	10P3R2A13_02777	100.000	215	0	0	1	215	1	215	2.71e-161	444
10P3R2A13_02778	10P3R2A13_02778	100.000	43	0	0	1	43	1	43	9.54e-25	85.5
10P3R2A13_02779	10P3R2A13_02779	100.000	716	0	0	1	716	1	716	0.0	1474
10P3R2A13_02779	29P3R3A9_00388	98.802	167	2	0	1	167	1	167	1.77e-110	332
10P3R2A13_02781	10P3R2A13_02781	100.000	248	0	0	1	248	1	248	1.82e-175	482
10P3R2A13_02781	33P3R2A2_04300	97.984	248	5	0	1	248	1	248	1.71e-172	474
10P3R2A13_02782	10P3R2A13_02782	100.000	360	0	0	1	360	1	360	0.0	717
10P3R2A13_02782	33P3R2A2_04299	96.389	360	13	0	1	360	1	360	0.0	695
10P3R2A13_02782	11P3R3A1_03077	96.667	360	12	0	1	360	1	360	0.0	694
10P3R2A13_02782	32P3R2A9_03015	95.278	360	17	0	1	360	1	360	0.0	688
10P3R2A13_02782	43P2R2A2_05354	100.000	312	0	0	49	360	1	312	0.0	624
10P3R2A13_02782	15P1R1A16_05198	97.115	312	9	0	49	360	1	312	0.0	608
10P3R2A13_02783	10P3R2A13_02783	100.000	317	0	0	1	317	1	317	0.0	650
10P3R2A13_02785	10P3R2A13_02785	100.000	306	0	0	1	306	1	306	0.0	619
10P3R2A13_02786	10P3R2A13_02786	100.000	317	0	0	1	317	1	317	0.0	644
10P3R2A13_02788	10P3R2A13_02788	100.000	485	0	0	1	485	1	485	0.0	961
10P3R2A13_02788	33P3R2A2_04293	98.784	329	4	0	1	329	1	329	0.0	632
10P3R2A13_02788	33P3R2A2_04292	100.000	145	0	0	341	485	1	145	2.71e-101	300
10P3R2A13_02790	10P3R2A13_02790	100.000	239	0	0	1	239	1	239	3.29e-175	481
10P3R2A13_02791	10P3R2A13_02791	100.000	485	0	0	1	485	1	485	0.0	1002
10P3R2A13_02791	15P1R1A16_03113	100.000	300	0	0	186	485	1	300	0.0	624
10P3R2A13_02792	10P3R2A13_02792	100.000	439	0	0	1	439	1	439	0.0	881
10P3R2A13_02792	43P2R2A2_04818	99.419	344	2	0	96	439	1	344	0.0	685
10P3R2A13_02792	34P3R2A10_04102	100.000	105	0	0	335	439	1	105	1.39e-68	213
10P3R2A13_02793	10P3R2A13_02793	100.000	327	0	0	1	327	1	327	0.0	676
10P3R2A13_02793	25P2R1A13_04521	96.203	316	8	1	1	312	1	316	0.0	625
10P3R2A13_02794	10P3R2A13_02794	100.000	159	0	0	1	159	1	159	2.51e-113	318
10P3R2A13_02794	29P3R3A9_00403	98.742	159	2	0	1	159	50	208	1.14e-110	313
10P3R2A13_02794	8P2R1A11_04062	98.113	159	3	0	1	159	495	653	2.99e-107	319
10P3R2A13_02794	25P2R1A13_04520	96.396	111	4	0	1	111	218	328	4.12e-73	222
10P3R2A13_02794	1P1R1A1_02095	96.970	33	1	0	1	33	2413	2445	6.20e-15	71.2
10P3R2A13_02795	10P3R2A13_02795	100.000	490	0	0	1	490	1	490	0.0	960
10P3R2A13_02795	8P2R1A11_04062	98.569	489	7	0	1	489	1	489	0.0	944
10P3R2A13_02795	29P3R3A9_00404	98.333	420	7	0	1	420	1	420	0.0	811
10P3R2A13_02795	25P2R1A13_03294	99.313	291	2	0	1	291	1	291	0.0	573
10P3R2A13_02795	25P2R1A13_04520	96.517	201	7	0	289	489	12	212	2.57e-128	376
10P3R2A13_02795	29P3R3A9_00403	95.455	44	2	0	446	489	1	44	1.18e-20	90.1
10P3R2A13_02796	10P3R2A13_02796	100.000	162	0	0	1	162	1	162	1.24e-119	334
10P3R2A13_02796	25P2R1A13_03295	100.000	161	0	0	1	161	1	161	1.68e-119	337
10P3R2A13_02796	8P2R1A11_04063	100.000	148	0	0	14	161	1	148	8.97e-109	309
10P3R2A13_02797	10P3R2A13_02797	100.000	674	0	0	1	674	1	674	0.0	1380
10P3R2A13_02798	10P3R2A13_02798	100.000	526	0	0	1	526	1	526	0.0	1069
10P3R2A13_02799	10P3R2A13_02799	100.000	268	0	0	1	268	1	268	0.0	549
10P3R2A13_02800	10P3R2A13_02800	100.000	367	0	0	1	367	1	367	0.0	751
10P3R2A13_02800	29P3R3A9_00409	97.820	367	8	0	1	367	1	367	0.0	736
10P3R2A13_02801	10P3R2A13_02801	100.000	3164	0	0	1	3164	1	3164	0.0	6495
10P3R2A13_02802	10P3R2A13_02802	100.000	2036	0	0	1	2036	1	2036	0.0	4157
10P3R2A13_02803	10P3R2A13_02803	100.000	320	0	0	1	320	1	320	0.0	666
10P3R2A13_02803	42P1R1A12_02523	96.845	317	10	0	1	317	1	317	0.0	642
10P3R2A13_02804	10P3R2A13_02804	100.000	571	0	0	1	571	1	571	0.0	1152
10P3R2A13_02804	25P2R1A13_03303	99.475	571	3	0	1	571	31	601	0.0	1149
10P3R2A13_02804	16_1P2R1A8-1_04785	99.694	327	1	0	245	571	1	327	0.0	661
10P3R2A13_02805	10P3R2A13_02805	100.000	601	0	0	1	601	1	601	0.0	1212
10P3R2A13_02806	10P3R2A13_02806	100.000	427	0	0	1	427	1	427	0.0	834
10P3R2A13_02807	10P3R2A13_02807	100.000	435	0	0	1	435	1	435	0.0	899
10P3R2A13_02808	10P3R2A13_02808	100.000	421	0	0	1	421	1	421	0.0	874
10P3R2A13_02808	25P2R1A13_03307	99.600	250	1	0	172	421	1	250	0.0	524
10P3R2A13_02808	29P3R3A9_00417	99.301	143	1	0	279	421	1	143	1.11e-104	306
10P3R2A13_02808	29P3R3A9_00418	98.684	76	1	0	172	247	1	76	5.47e-46	153
10P3R2A13_02810	10P3R2A13_02810	100.000	266	0	0	1	266	1	266	0.0	544
10P3R2A13_02812	10P3R2A13_02812	100.000	217	0	0	1	217	1	217	1.38e-165	454
10P3R2A13_02812	11P3R3A1_03124	98.157	217	4	0	1	217	8	224	3.49e-162	446
10P3R2A13_02812	14P1R2A4_05082	99.099	111	1	0	107	217	1	111	1.30e-79	233
10P3R2A13_02813	10P3R2A13_02813	100.000	212	0	0	1	212	1	212	6.07e-150	415
10P3R2A13_02814	10P3R2A13_02814	100.000	335	0	0	1	335	1	335	0.0	688
10P3R2A13_02814	4P1R1A3_02435	99.367	316	2	0	20	335	1	316	0.0	646
10P3R2A13_02814	34P3R2A10_03953	100.000	216	0	0	120	335	1	216	3.99e-161	448
10P3R2A13_02815	10P3R2A13_02815	100.000	138	0	0	1	138	1	138	3.94e-101	285
10P3R2A13_02816	10P3R2A13_02816	100.000	261	0	0	1	261	1	261	0.0	531
10P3R2A13_02817	10P3R2A13_02817	100.000	453	0	0	1	453	1	453	0.0	915
10P3R2A13_02817	11P3R3A1_03129	97.351	453	12	0	1	453	1	453	0.0	894
10P3R2A13_02817	26P1R3A4_04378	97.792	453	10	0	1	453	1	453	0.0	893
10P3R2A13_02817	43P2R2A2_05510	100.000	381	0	0	73	453	1	381	0.0	769
10P3R2A13_02817	43P2R2A2_05625	97.010	301	9	0	153	453	1	301	0.0	594
10P3R2A13_02818	10P3R2A13_02818	100.000	284	0	0	1	284	1	284	0.0	590
10P3R2A13_02818	12_1P1R2A2-1_00087	97.887	284	6	0	1	284	1	284	0.0	578
10P3R2A13_02818	30P2R3A4_04253	97.183	284	8	0	1	284	1	284	0.0	575
10P3R2A13_02818	29P3R3A9_00429	98.276	232	4	0	53	284	1	232	4.06e-172	474
10P3R2A13_02818	28P2R1A12_02645	97.382	191	5	0	94	284	1	191	6.11e-139	389
10P3R2A13_02818	28P2R1A12_02646	100.000	78	0	0	1	78	1	78	1.05e-51	164
10P3R2A13_02818	43P2R2A2_05509	100.000	62	0	0	223	284	1	62	1.16e-38	130
10P3R2A13_02818	34P3R2A10_04051	96.774	62	2	0	223	284	1	62	1.79e-37	127
10P3R2A13_02819	10P3R2A13_02819	100.000	398	0	0	1	398	1	398	0.0	794
10P3R2A13_02820	10P3R2A13_02820	100.000	30	0	0	1	30	1	30	4.22e-16	62.8
10P3R2A13_02821	16_1P2R1A8-1_04199	100.000	101	0	0	1	101	28	128	2.98e-69	202
10P3R2A13_02821	28P2R1A12_02648	100.000	101	0	0	1	101	22	122	3.34e-69	202
10P3R2A13_02821	10P3R2A13_02821	100.000	101	0	0	1	101	1	101	5.33e-69	201
10P3R2A13_02821	24P1R3A1_06927	100.000	94	0	0	8	101	1	94	1.71e-63	187
10P3R2A13_02822	10P3R2A13_02822	100.000	232	0	0	1	232	1	232	2.50e-172	473
10P3R2A13_02822	11P3R3A1_03133	97.845	232	5	0	1	232	1	232	2.14e-168	463
10P3R2A13_02822	16_1P2R1A8-1_04200	97.845	232	5	0	1	232	1	232	3.99e-168	462
10P3R2A13_02822	27P2R2A12_04247	95.259	232	11	0	1	232	1	232	2.08e-165	455
10P3R2A13_02822	29P3R3A9_04037	97.902	143	3	0	90	232	1	143	8.89e-99	283
10P3R2A13_02822	1P1R1A1_02080	96.324	136	5	0	1	136	1	136	8.71e-94	272
10P3R2A13_02823	10P3R2A13_02823	100.000	473	0	0	1	473	1	473	0.0	988
10P3R2A13_02823	27P2R2A12_04248	97.674	473	11	0	1	473	1	473	0.0	966
10P3R2A13_02824	10P3R2A13_02824	100.000	157	0	0	1	157	1	157	2.95e-115	322
10P3R2A13_02825	10P3R2A13_02825	100.000	307	0	0	1	307	1	307	0.0	585
10P3R2A13_02826	10P3R2A13_02826	100.000	306	0	0	1	306	1	306	0.0	591
10P3R2A13_02826	15P1R1A16_02621	99.645	282	1	0	25	306	1	282	0.0	546
10P3R2A13_02826	43P2R2A2_05683	100.000	130	0	0	177	306	1	130	1.26e-82	245
10P3R2A13_02827	10P3R2A13_02827	100.000	61	0	0	1	61	1	61	7.03e-39	122
10P3R2A13_02828	10P3R2A13_02828	100.000	565	0	0	1	565	1	565	0.0	1167
10P3R2A13_02828	27P2R2A12_04253	97.699	565	13	0	1	565	1	565	0.0	1140
10P3R2A13_02828	26P1R3A4_02999	99.096	553	5	0	13	565	49	601	0.0	1135
10P3R2A13_02828	33P3R2A2_00379	99.031	516	5	0	1	516	1	516	0.0	1058
10P3R2A13_02828	28P2R1A12_02656	99.805	513	1	0	53	565	5	517	0.0	1058
10P3R2A13_02828	11P3R3A1_03139	99.803	507	1	0	1	507	1	507	0.0	1052
10P3R2A13_02828	43P2R2A2_05189	100.000	481	0	0	85	565	1	481	0.0	995
10P3R2A13_02828	25P2R1A13_03329	100.000	406	0	0	160	565	1	406	0.0	845
10P3R2A13_02828	25P2R1A13_03328	100.000	116	0	0	1	116	1	116	3.55e-78	242
10P3R2A13_02828	28P2R1A12_02655	96.429	56	2	0	1	56	1	56	1.88e-30	113
10P3R2A13_02830	10P3R2A13_02830	100.000	76	0	0	1	76	1	76	1.00e-49	150
10P3R2A13_02830	27P2R2A12_04255	97.368	76	2	0	1	76	1	76	3.97e-48	146
10P3R2A13_02831	10P3R2A13_02831	100.000	63	0	0	1	63	1	63	9.70e-42	129
10P3R2A13_02831	38P2R3A13_01585	95.238	63	3	0	1	63	1	63	1.41e-39	124
10P3R2A13_02832	10P3R2A13_02832	100.000	208	0	0	1	208	1	208	3.23e-154	425
10P3R2A13_02832	43P2R2A2_05614	100.000	159	0	0	50	208	1	159	6.74e-115	324
10P3R2A13_02833	10P3R2A13_02833	100.000	262	0	0	1	262	1	262	0.0	503
10P3R2A13_02834	10P3R2A13_02834	100.000	90	0	0	1	90	1	90	1.47e-57	171
10P3R2A13_02835	10P3R2A13_02835	100.000	246	0	0	1	246	1	246	5.29e-174	478
10P3R2A13_02836	10P3R2A13_02836	100.000	122	0	0	1	122	1	122	2.33e-83	239
10P3R2A13_02836	25P2R1A13_03337	97.541	122	3	0	1	122	1	122	4.94e-81	233
10P3R2A13_02837	10P3R2A13_02837	100.000	138	0	0	1	138	1	138	6.17e-97	275
10P3R2A13_02837	43P2R2A2_05553	100.000	124	0	0	15	138	1	124	3.01e-85	244
10P3R2A13_02838	10P3R2A13_02838	100.000	335	0	0	1	335	1	335	0.0	677
10P3R2A13_02838	38P2R3A13_08655	96.053	152	6	0	184	335	1	152	8.48e-103	298
10P3R2A13_02839	10P3R2A13_02839	100.000	155	0	0	1	155	1	155	4.78e-112	314
10P3R2A13_02840	10P3R2A13_02840	100.000	376	0	0	1	376	1	376	0.0	731
10P3R2A13_02840	29P3R3A9_04019	97.340	376	10	0	1	376	1	376	0.0	712
10P3R2A13_02840	12_1P1R2A2-1_00109	96.543	376	13	0	1	376	1	376	0.0	703
10P3R2A13_02840	11P3R3A1_03151	96.011	376	15	0	1	376	1	376	0.0	677
10P3R2A13_02840	26P1R3A4_02987	95.479	376	17	0	1	376	1	376	0.0	673
10P3R2A13_02841	10P3R2A13_02841	100.000	148	0	0	1	148	1	148	5.69e-106	298
10P3R2A13_02842	10P3R2A13_02842	100.000	458	0	0	1	458	1	458	0.0	919
10P3R2A13_02842	43P2R2A2_04790	100.000	107	0	0	352	458	1	107	7.84e-71	219
10P3R2A13_02843	10P3R2A13_02843	100.000	229	0	0	1	229	1	229	1.21e-166	458
10P3R2A13_02843	28P2R1A12_02671	96.943	229	7	0	1	229	1	229	4.75e-161	444
10P3R2A13_02843	15P1R1A16_02604	99.512	205	1	0	25	229	1	205	1.19e-145	404
10P3R2A13_02844	10P3R2A13_02844	100.000	332	0	0	1	332	1	332	0.0	657
10P3R2A13_02844	18P3R3A11_01607	96.697	333	10	1	1	332	1	333	0.0	634
10P3R2A13_02844	15P1R1A16_05239	100.000	292	0	0	41	332	1	292	0.0	577
10P3R2A13_02844	38P2R3A13_08431	97.419	155	4	0	178	332	1	155	4.11e-103	299
10P3R2A13_02845	10P3R2A13_02845	100.000	553	0	0	1	553	1	553	0.0	1118
10P3R2A13_02845	43P2R2A2_04620	100.000	518	0	0	36	553	1	518	0.0	1050
10P3R2A13_02845	34P3R2A10_01551	99.246	398	3	0	156	553	1	398	0.0	799
10P3R2A13_02845	5P3R2A4_01146	99.464	373	2	0	1	373	1	373	0.0	753
10P3R2A13_02845	5P3R2A4_01145	97.887	142	3	0	412	553	1	142	3.44e-94	283
10P3R2A13_02846	10P3R2A13_02846	100.000	105	0	0	1	105	1	105	7.08e-72	209
10P3R2A13_02847	10P3R2A13_02847	100.000	111	0	0	1	111	1	111	1.50e-75	218
10P3R2A13_02848	10P3R2A13_02848	100.000	184	0	0	1	184	1	184	5.42e-136	377
10P3R2A13_02848	12_1P1R2A2-1_00117	97.826	184	4	0	1	184	1	184	3.96e-134	372
10P3R2A13_02849	10P3R2A13_02849	100.000	266	0	0	1	266	1	266	0.0	555
10P3R2A13_02851	10P3R2A13_02851	100.000	313	0	0	1	313	1	313	0.0	645
10P3R2A13_02852	10P3R2A13_02852	100.000	246	0	0	1	246	1	246	0.0	508
10P3R2A13_02853	10P3R2A13_02853	100.000	185	0	0	1	185	1	185	6.99e-135	374
10P3R2A13_02854	10P3R2A13_02854	100.000	174	0	0	1	174	1	174	3.31e-121	339
10P3R2A13_02855	10P3R2A13_02855	100.000	278	0	0	1	278	1	278	0.0	571
10P3R2A13_02856	10P3R2A13_02856	100.000	139	0	0	1	139	1	139	3.35e-99	280
10P3R2A13_02857	10P3R2A13_02857	100.000	130	0	0	1	130	1	130	3.41e-94	267
10P3R2A13_02858	10P3R2A13_02858	100.000	217	0	0	1	217	1	217	6.36e-162	445
10P3R2A13_02859	10P3R2A13_02859	100.000	152	0	0	1	152	1	152	7.53e-106	298
10P3R2A13_02860	10P3R2A13_02860	100.000	152	0	0	1	152	1	152	8.15e-105	296
10P3R2A13_02861	10P3R2A13_02861	100.000	111	0	0	1	111	1	111	1.14e-75	219
10P3R2A13_02862	10P3R2A13_02862	100.000	104	0	0	1	104	1	104	2.12e-73	213
10P3R2A13_02862	25P2R1A13_02974	97.115	104	3	0	1	104	1	104	8.85e-72	208
10P3R2A13_02862	27P2R2A12_04258	96.154	104	4	0	1	104	1	104	2.33e-71	207
10P3R2A13_02863	10P3R2A13_02863	100.000	178	0	0	1	178	1	178	4.61e-131	364
10P3R2A13_02864	10P3R2A13_02864	100.000	494	0	0	1	494	1	494	0.0	1014
10P3R2A13_02864	43P2R2A2_04267	100.000	200	0	0	295	494	1	200	1.06e-142	407
10P3R2A13_02865	10P3R2A13_02865	100.000	386	0	0	1	386	1	386	0.0	781
10P3R2A13_02865	15P1R1A16_04763	100.000	211	0	0	176	386	1	211	2.59e-150	423
10P3R2A13_02866	24P1R3A1_03805	100.000	501	0	0	1	501	18	518	0.0	1036
10P3R2A13_02866	10P3R2A13_02866	100.000	501	0	0	1	501	1	501	0.0	1035
10P3R2A13_02868	10P3R2A13_02868	100.000	76	0	0	1	76	1	76	4.84e-51	154
10P3R2A13_02869	10P3R2A13_02869	100.000	125	0	0	1	125	1	125	8.09e-87	248
10P3R2A13_02870	10P3R2A13_02870	100.000	409	0	0	1	409	1	409	0.0	807
10P3R2A13_02870	34P3R2A10_01464	100.000	324	0	0	86	409	1	324	0.0	631
10P3R2A13_02871	10P3R2A13_02871	100.000	307	0	0	1	307	1	307	0.0	632
10P3R2A13_02871	15P1R1A16_03671	100.000	163	0	0	145	307	1	163	1.51e-119	340
10P3R2A13_02872	10P3R2A13_02872	100.000	351	0	0	1	351	1	351	0.0	735
10P3R2A13_02873	10P3R2A13_02873	100.000	192	0	0	1	192	1	192	1.19e-140	389
10P3R2A13_02874	10P3R2A13_02874	100.000	189	0	0	1	189	1	189	4.86e-135	375
10P3R2A13_02875	10P3R2A13_02875	100.000	38	0	0	1	38	1	38	1.17e-19	72.0
10P3R2A13_02876	10P3R2A13_02876	100.000	373	0	0	1	373	1	373	0.0	773
10P3R2A13_02876	15P1R1A16_04505	100.000	228	0	0	146	373	1	228	4.18e-170	473
10P3R2A13_02878	10P3R2A13_02878	100.000	82	0	0	1	82	1	82	4.85e-56	167
10P3R2A13_02879	10P3R2A13_02879	100.000	349	0	0	1	349	1	349	0.0	726
10P3R2A13_02880	10P3R2A13_02880	100.000	187	0	0	1	187	1	187	2.35e-137	381
10P3R2A13_02880	43P2R2A2_02960	100.000	72	0	0	116	187	1	72	3.88e-47	149
10P3R2A13_02881	10P3R2A13_02881	100.000	216	0	0	1	216	1	216	1.15e-160	442
10P3R2A13_02882	10P3R2A13_02882	100.000	403	0	0	1	403	1	403	0.0	801
10P3R2A13_02882	43P2R2A2_05601	100.000	203	0	0	201	403	1	203	1.83e-143	406
10P3R2A13_02883	10P3R2A13_02883	100.000	195	0	0	1	195	1	195	1.27e-148	410
10P3R2A13_02884	10P3R2A13_02884	100.000	216	0	0	1	216	1	216	1.11e-159	439
10P3R2A13_02884	15P1R1A16_02245	100.000	37	0	0	180	216	1	37	2.21e-17	72.8
10P3R2A13_02885	10P3R2A13_02885	100.000	308	0	0	1	308	1	308	0.0	634
10P3R2A13_02885	43P2R2A2_05584	100.000	165	0	0	144	308	1	165	5.67e-122	346
10P3R2A13_02886	10P3R2A13_02886	100.000	512	0	0	1	512	1	512	0.0	1008
10P3R2A13_02886	34P3R2A10_03579	100.000	280	0	0	233	512	1	280	0.0	553
10P3R2A13_02887	10P3R2A13_02887	100.000	139	0	0	1	139	1	139	1.10e-98	279
10P3R2A13_02888	10P3R2A13_02888	100.000	98	0	0	1	98	1	98	1.15e-65	192
10P3R2A13_02888	17P1R1A4_02091	97.959	98	2	0	1	98	1	98	1.93e-64	189
10P3R2A13_02889	10P3R2A13_02889	100.000	220	0	0	1	220	1	220	7.54e-159	438
10P3R2A13_02889	17P1R1A4_02090	97.273	220	6	0	1	220	1	220	4.64e-153	423
10P3R2A13_02890	10P3R2A13_02890	100.000	139	0	0	1	139	1	139	2.26e-99	281
10P3R2A13_02890	25P2R1A13_03002	100.000	138	0	0	1	138	1	138	7.39e-98	282
10P3R2A13_02891	10P3R2A13_02891	100.000	135	0	0	1	135	1	135	1.67e-94	268
10P3R2A13_02891	25P2R1A13_03002	100.000	135	0	0	1	135	141	275	4.26e-93	270
10P3R2A13_02892	10P3R2A13_02892	100.000	232	0	0	1	232	1	232	1.58e-163	451
10P3R2A13_02893	10P3R2A13_02893	100.000	402	0	0	1	402	1	402	0.0	797
10P3R2A13_02893	17P1R1A4_02086	95.782	403	16	1	1	402	1	403	0.0	757
10P3R2A13_02893	43P2R2A2_04300	100.000	207	0	0	196	402	1	207	3.76e-145	410
10P3R2A13_02894	10P3R2A13_02894	100.000	252	0	0	1	252	1	252	0.0	503
10P3R2A13_02894	25P2R1A13_03006	98.160	163	3	0	90	252	1	163	6.68e-113	321
10P3R2A13_02894	25P2R1A13_03005	100.000	83	0	0	1	83	1	83	1.48e-53	167
10P3R2A13_02895	10P3R2A13_02895	100.000	261	0	0	1	261	1	261	0.0	522
10P3R2A13_02896	10P3R2A13_02896	100.000	233	0	0	1	233	1	233	3.84e-172	473
10P3R2A13_02897	10P3R2A13_02897	100.000	366	0	0	1	366	1	366	0.0	715
10P3R2A13_02898	10P3R2A13_02898	100.000	314	0	0	1	314	1	314	0.0	645
10P3R2A13_02899	10P3R2A13_02899	100.000	548	0	0	1	548	1	548	0.0	1092
10P3R2A13_02899	34P3R2A10_03238	99.394	165	1	0	384	548	1	165	9.21e-111	327
10P3R2A13_02900	10P3R2A13_02900	100.000	318	0	0	1	318	1	318	0.0	645
10P3R2A13_02901	10P3R2A13_02901	100.000	1062	0	0	1	1062	1	1062	0.0	2125
10P3R2A13_02901	15P1R1A16_05248	97.890	237	5	0	826	1062	1	237	3.29e-146	436
10P3R2A13_02901	15P1R1A16_02262	96.203	237	9	0	826	1062	1	237	3.64e-97	307
10P3R2A13_02902	10P3R2A13_02902	100.000	320	0	0	1	320	1	320	0.0	650
10P3R2A13_02903	10P3R2A13_02903	100.000	208	0	0	1	208	1	208	1.54e-155	428
10P3R2A13_02903	24P1R3A1_03768	100.000	195	0	0	14	208	1	195	5.05e-145	401
10P3R2A13_02904	10P3R2A13_02904	100.000	174	0	0	1	174	1	174	2.18e-127	354
10P3R2A13_02905	10P3R2A13_02905	100.000	58	0	0	1	58	1	58	4.34e-37	117
10P3R2A13_02905	18P3R3A11_00573	96.552	58	2	0	1	58	1	58	4.81e-36	114
10P3R2A13_02905	42P1R1A12_02062	96.552	58	2	0	1	58	1	58	4.92e-36	114
10P3R2A13_02906	10P3R2A13_02906	100.000	347	0	0	1	347	1	347	0.0	699
10P3R2A13_02907	10P3R2A13_02907	100.000	318	0	0	1	318	1	318	0.0	651
10P3R2A13_02908	10P3R2A13_02908	100.000	310	0	0	1	310	1	310	0.0	630
10P3R2A13_02908	34P3R2A10_03609	100.000	179	0	0	132	310	1	179	1.31e-127	361
10P3R2A13_02909	10P3R2A13_02909	100.000	245	0	0	1	245	1	245	1.04e-176	485
10P3R2A13_02910	10P3R2A13_02910	100.000	79	0	0	1	79	1	79	3.00e-51	154
10P3R2A13_02910	18P3R3A11_00568	97.468	79	2	0	1	79	1	79	9.43e-50	150
10P3R2A13_02911	10P3R2A13_02911	100.000	414	0	0	1	414	1	414	0.0	844
10P3R2A13_02911	18P3R3A11_00567	95.894	414	17	0	1	414	1	414	0.0	786
10P3R2A13_02911	47P2R3A6_02180	95.894	414	17	0	1	414	1	414	0.0	759
10P3R2A13_02911	43P2R2A2_03983	100.000	131	0	0	284	414	1	131	2.16e-90	269
10P3R2A13_02912	10P3R2A13_02912	100.000	270	0	0	1	270	1	270	0.0	560
10P3R2A13_02912	25P2R1A13_03024	97.778	270	6	0	1	270	1	270	0.0	546
10P3R2A13_02913	10P3R2A13_02913	100.000	341	0	0	1	341	1	341	0.0	698
10P3R2A13_02914	10P3R2A13_02914	100.000	214	0	0	1	214	1	214	4.52e-156	430
10P3R2A13_02915	10P3R2A13_02915	100.000	335	0	0	1	335	1	335	0.0	678
10P3R2A13_02916	10P3R2A13_02916	100.000	266	0	0	1	266	1	266	0.0	542
10P3R2A13_02917	10P3R2A13_02917	100.000	478	0	0	1	478	1	478	0.0	959
10P3R2A13_02917	31P2R1A5_01487	97.280	478	13	0	1	478	1	478	0.0	938
10P3R2A13_02917	18P3R3A11_00561	97.071	478	14	0	1	478	1	478	0.0	934
10P3R2A13_02917	43P2R2A2_05029	100.000	78	0	0	401	478	1	78	4.59e-45	152
10P3R2A13_02918	10P3R2A13_02918	100.000	730	0	0	1	730	1	730	0.0	1505
10P3R2A13_02919	10P3R2A13_02919	100.000	120	0	0	1	120	1	120	2.33e-84	241
10P3R2A13_02919	43P2R2A2_05375	100.000	70	0	0	51	120	1	70	1.15e-45	142
10P3R2A13_02920	10P3R2A13_02920	100.000	126	0	0	1	126	1	126	1.68e-90	257
10P3R2A13_02921	10P3R2A13_02921	100.000	214	0	0	1	214	1	214	1.70e-157	434
10P3R2A13_02922	10P3R2A13_02922	100.000	275	0	0	1	275	1	275	0.0	556
10P3R2A13_02922	17P1R1A4_02057	97.818	275	6	0	1	275	1	275	0.0	545
10P3R2A13_02922	15P1R1A16_01255	99.623	265	1	0	11	275	2	266	0.0	534
10P3R2A13_02922	24P1R3A1_03749	97.358	265	7	0	11	275	2	266	0.0	521
10P3R2A13_02923	10P3R2A13_02923	100.000	342	0	0	1	342	1	342	0.0	704
10P3R2A13_02923	15P1R1A16_05091	99.552	223	1	0	120	342	1	223	9.03e-166	461
10P3R2A13_02924	10P3R2A13_02924	100.000	181	0	0	1	181	1	181	1.23e-136	379
10P3R2A13_02924	18P3R3A11_00554	95.028	181	9	0	1	181	1	181	4.13e-130	362
10P3R2A13_02925	10P3R2A13_02925	100.000	435	0	0	1	435	1	435	0.0	895
10P3R2A13_02925	43P2R2A2_05659	100.000	382	0	0	54	435	1	382	0.0	788
10P3R2A13_02926	10P3R2A13_02926	100.000	180	0	0	1	180	1	180	6.48e-130	361
10P3R2A13_02927	10P3R2A13_02927	100.000	232	0	0	1	232	1	232	1.27e-177	486
10P3R2A13_02927	26P1R3A4_03384	100.000	211	0	0	22	232	1	211	1.09e-159	440
10P3R2A13_02928	10P3R2A13_02928	100.000	86	0	0	1	86	1	86	1.23e-57	171
10P3R2A13_02929	10P3R2A13_02929	100.000	320	0	0	1	320	1	320	0.0	653
10P3R2A13_02930	10P3R2A13_02930	100.000	1165	0	0	1	1165	1	1165	0.0	2392
10P3R2A13_02931	10P3R2A13_02931	100.000	358	0	0	1	358	1	358	0.0	717
10P3R2A13_02931	28P2R1A12_03372	97.765	358	8	0	1	358	1	358	0.0	701
10P3R2A13_02931	27P2R2A12_02188	97.941	340	7	0	19	358	1	340	0.0	664
10P3R2A13_02932	10P3R2A13_02932	100.000	400	0	0	1	400	1	400	0.0	795
10P3R2A13_02932	43P2R2A2_05582	97.561	287	7	0	114	400	1	287	0.0	554
10P3R2A13_02933	10P3R2A13_02933	100.000	234	0	0	1	234	1	234	7.83e-173	474
10P3R2A13_02933	43P2R2A2_03967	100.000	106	0	0	129	234	1	106	2.21e-70	210
10P3R2A13_02934	10P3R2A13_02934	100.000	413	0	0	1	413	1	413	0.0	831
10P3R2A13_02935	10P3R2A13_02935	100.000	304	0	0	1	304	1	304	0.0	619
10P3R2A13_02936	10P3R2A13_02936	100.000	274	0	0	1	274	1	274	0.0	567
10P3R2A13_02936	25P2R1A13_03048	99.634	273	1	0	1	273	1	273	0.0	566
10P3R2A13_02936	34P3R2A10_05168	100.000	186	0	0	88	273	1	186	1.96e-140	392
10P3R2A13_02937	10P3R2A13_02937	100.000	263	0	0	1	263	1	263	0.0	535
10P3R2A13_02937	25P2R1A13_03049	96.578	263	9	0	1	263	1	263	0.0	515
10P3R2A13_02937	34P3R2A10_05167	99.359	156	1	0	108	263	1	156	4.72e-114	324
10P3R2A13_02937	12_1P1R2A2-1_03233	100.000	112	0	0	1	112	1	112	1.27e-74	223
10P3R2A13_02938	10P3R2A13_02938	100.000	154	0	0	1	154	1	154	1.40e-111	313
10P3R2A13_02939	10P3R2A13_02939	100.000	349	0	0	1	349	1	349	0.0	710
10P3R2A13_02939	34P3R2A10_05158	100.000	94	0	0	256	349	1	94	2.72e-60	188
10P3R2A13_02940	10P3R2A13_02940	100.000	265	0	0	1	265	1	265	0.0	527
10P3R2A13_02940	31P2R1A5_05302	96.139	259	10	0	1	259	1	259	0.0	498
10P3R2A13_02940	34P3R2A10_04991	99.535	215	1	0	51	265	1	215	4.36e-152	422
10P3R2A13_02940	43P2R2A2_03974	100.000	167	0	0	99	265	1	167	8.09e-115	327
10P3R2A13_02941	10P3R2A13_02941	100.000	90	0	0	1	90	1	90	2.22e-62	183
10P3R2A13_02942	10P3R2A13_02942	100.000	140	0	0	1	140	1	140	4.00e-102	288
10P3R2A13_02943	10P3R2A13_02943	100.000	373	0	0	1	373	1	373	0.0	773
10P3R2A13_02943	28P2R1A12_04861	97.855	373	8	0	1	373	1	373	0.0	766
10P3R2A13_02943	25P2R1A13_03053	96.515	373	13	0	1	373	1	373	0.0	754
10P3R2A13_02943	19P1R1A6_04697	100.000	225	0	0	149	373	1	225	1.47e-169	472
10P3R2A13_02944	10P3R2A13_02944	100.000	90	0	0	1	90	1	90	1.68e-62	184
10P3R2A13_02944	25P2R1A13_03054	97.778	90	2	0	1	90	1	90	3.77e-61	180
10P3R2A13_02945	10P3R2A13_02945	100.000	519	0	0	1	519	1	519	0.0	1079
10P3R2A13_02945	40P3R1A10_02936	98.459	519	8	0	1	519	295	813	0.0	1061
10P3R2A13_02948	10P3R2A13_02948	100.000	280	0	0	1	280	1	280	0.0	575
10P3R2A13_02949	10P3R2A13_02949	100.000	113	0	0	1	113	1	113	6.71e-82	234
10P3R2A13_02950	10P3R2A13_02950	100.000	507	0	0	1	507	1	507	0.0	1026
10P3R2A13_02950	34P3R2A10_04591	100.000	211	0	0	297	507	1	211	9.96e-154	436
10P3R2A13_02951	10P3R2A13_02951	100.000	30	0	0	1	30	1	30	2.38e-14	58.2
10P3R2A13_02951	16_1P2R1A8-1_02131	96.667	30	1	0	1	30	1	30	1.84e-13	55.8
10P3R2A13_02952	10P3R2A13_02952	100.000	549	0	0	1	549	1	549	0.0	1132
10P3R2A13_02953	10P3R2A13_02953	100.000	88	0	0	1	88	1	88	4.21e-60	177
10P3R2A13_02954	10P3R2A13_02954	100.000	310	0	0	1	310	1	310	0.0	642
10P3R2A13_02954	18P3R3A11_03556	97.097	310	9	0	1	310	1	310	0.0	630
10P3R2A13_02954	42P1R1A12_05906	95.806	310	13	0	1	310	1	310	0.0	622
10P3R2A13_02955	10P3R2A13_02955	100.000	617	0	0	1	617	1	617	0.0	1271
10P3R2A13_02955	31P2R1A5_04792	96.272	617	23	0	1	617	1	617	0.0	1233
10P3R2A13_02955	42P1R1A12_05905	95.462	617	28	0	1	617	1	617	0.0	1222
10P3R2A13_02956	10P3R2A13_02956	100.000	515	0	0	1	515	1	515	0.0	1053
10P3R2A13_02956	42P1R1A12_05904	95.534	515	23	0	1	515	2	516	0.0	994
10P3R2A13_02956	31P2R1A5_04793	95.146	515	25	0	1	515	1	515	0.0	983
10P3R2A13_02956	18P3R3A11_03558	95.340	515	24	0	1	515	2	516	0.0	982
10P3R2A13_02957	22P1R2A3_03803	100.000	298	0	0	1	298	29	326	0.0	613
10P3R2A13_02957	10P3R2A13_02957	100.000	298	0	0	1	298	1	298	0.0	610
10P3R2A13_02957	18P3R3A11_03559	96.959	296	9	0	1	296	1	296	0.0	592
10P3R2A13_02957	38P2R3A13_06870	96.622	296	10	0	1	296	1	296	0.0	589
10P3R2A13_02957	42P1R1A12_05903	96.284	296	11	0	1	296	1	296	0.0	586
10P3R2A13_02957	38P2R3A13_04228	95.608	296	13	0	1	296	1	296	0.0	563
10P3R2A13_02957	31P2R1A5_04794	95.270	296	14	0	1	296	1	296	0.0	562
10P3R2A13_02958	10P3R2A13_02958	100.000	492	0	0	1	492	1	492	0.0	1016
10P3R2A13_02958	38P2R3A13_04227	97.561	492	12	0	1	492	1	492	0.0	991
10P3R2A13_02958	18P3R3A11_03560	96.138	492	19	0	1	492	1	492	0.0	960
10P3R2A13_02958	43P2R2A2_05388	100.000	252	0	0	241	492	1	252	0.0	518
10P3R2A13_02959	10P3R2A13_02959	100.000	94	0	0	1	94	1	94	9.06e-66	192
10P3R2A13_02959	28P2R1A12_03614	97.872	94	2	0	1	94	1	94	6.54e-65	190
10P3R2A13_02959	42P1R1A12_04549	97.872	94	2	0	1	94	1	94	8.79e-65	190
10P3R2A13_02959	18P3R3A11_02169	97.872	94	2	0	1	94	1	94	2.21e-64	189
10P3R2A13_02959	38P2R3A13_06872	96.809	94	3	0	1	94	1	94	5.21e-64	188
10P3R2A13_02959	38P2R3A13_04226	96.809	94	3	0	1	94	1	94	7.99e-64	187
10P3R2A13_02959	31P2R1A5_04796	95.745	94	4	0	1	94	1	94	8.11e-63	185
10P3R2A13_02959	51P2R2A10_05070	95.745	94	4	0	1	94	1	94	8.95e-63	185
10P3R2A13_02960	10P3R2A13_02960	100.000	150	0	0	1	150	1	150	3.08e-109	306
10P3R2A13_02960	28P2R1A12_03615	98.000	150	3	0	1	150	1	150	3.50e-107	301
10P3R2A13_02960	16_1P2R1A8-1_02140	97.333	150	4	0	1	150	1	150	1.66e-105	297
10P3R2A13_02960	11P3R3A1_03176	96.667	150	5	0	1	150	1	150	1.71e-104	295
10P3R2A13_02960	40P3R1A10_03373	99.180	122	1	0	1	122	1	122	2.95e-87	251
10P3R2A13_02961	10P3R2A13_02961	100.000	674	0	0	1	674	1	674	0.0	1399
10P3R2A13_02962	10P3R2A13_02962	100.000	495	0	0	1	495	1	495	0.0	1010
10P3R2A13_02963	10P3R2A13_02963	100.000	422	0	0	1	422	1	422	0.0	870
10P3R2A13_02963	18P3R3A11_02166	95.981	423	16	1	1	422	1	423	0.0	841
10P3R2A13_02963	31P2R1A5_04802	97.506	401	10	0	1	401	1	401	0.0	814
10P3R2A13_02963	51P2R2A10_05056	96.500	400	14	0	1	400	1	400	0.0	808
10P3R2A13_02963	38P2R3A13_06875	95.495	333	15	0	90	422	1	333	0.0	663
10P3R2A13_02964	10P3R2A13_02964	100.000	110	0	0	1	110	1	110	4.05e-77	222
10P3R2A13_02964	31P2R1A5_04803	97.273	110	3	0	1	110	1	110	4.45e-75	217
10P3R2A13_02966	10P3R2A13_02966	100.000	73	0	0	1	73	1	73	2.81e-49	149
10P3R2A13_02966	29P3R3A9_03525	97.260	73	2	0	1	73	1	73	3.52e-47	144
10P3R2A13_02967	10P3R2A13_02967	100.000	368	0	0	1	368	1	368	0.0	738
10P3R2A13_02968	10P3R2A13_02968	100.000	349	0	0	1	349	1	349	0.0	718
10P3R2A13_02969	10P3R2A13_02969	100.000	377	0	0	1	377	1	377	0.0	779
10P3R2A13_02970	10P3R2A13_02970	100.000	421	0	0	1	421	1	421	0.0	866
10P3R2A13_02971	10P3R2A13_02971	100.000	356	0	0	1	356	1	356	0.0	743
10P3R2A13_02972	10P3R2A13_02972	100.000	294	0	0	1	294	1	294	0.0	601
10P3R2A13_02973	10P3R2A13_02973	100.000	225	0	0	1	225	1	225	4.05e-164	451
10P3R2A13_02973	43P2R2A2_01952	100.000	95	0	0	131	225	1	95	7.84e-64	193
10P3R2A13_02974	10P3R2A13_02974	100.000	377	0	0	1	377	1	377	0.0	787
10P3R2A13_02975	10P3R2A13_02975	100.000	417	0	0	1	417	1	417	0.0	818
10P3R2A13_02976	10P3R2A13_02976	100.000	360	0	0	1	360	1	360	0.0	748
10P3R2A13_02976	3P1R3A2_03217	97.778	360	8	0	1	360	1	360	0.0	731
10P3R2A13_02977	10P3R2A13_02977	100.000	451	0	0	1	451	1	451	0.0	894
10P3R2A13_02978	10P3R2A13_02978	100.000	247	0	0	1	247	1	247	0.0	511
10P3R2A13_02979	10P3R2A13_02979	100.000	462	0	0	1	462	1	462	0.0	919
10P3R2A13_02984	10P3R2A13_02984	100.000	412	0	0	1	412	1	412	0.0	864
10P3R2A13_02984	25P2R1A13_03094	97.330	412	11	0	1	412	1	412	0.0	843
10P3R2A13_02984	34P3R2A10_02501	98.052	154	3	0	259	412	1	154	1.74e-111	323
10P3R2A13_02985	10P3R2A13_02985	100.000	54	0	0	1	54	1	54	1.48e-33	108
10P3R2A13_02985	25P2R1A13_03095	95.652	46	2	0	1	46	1	46	2.42e-23	90.5
10P3R2A13_02986	10P3R2A13_02986	100.000	399	0	0	1	399	1	399	0.0	807
10P3R2A13_02988	10P3R2A13_02988	100.000	247	0	0	1	247	1	247	0.0	501
10P3R2A13_02989	10P3R2A13_02989	100.000	321	0	0	1	321	1	321	0.0	642
10P3R2A13_02990	10P3R2A13_02990	100.000	849	0	0	1	849	1	849	0.0	1764
10P3R2A13_02990	34P3R2A10_02941	100.000	701	0	0	149	849	1	701	0.0	1455
10P3R2A13_02990	43P2R2A2_05477	100.000	471	0	0	379	849	1	471	0.0	977
10P3R2A13_02990	15P1R1A16_04377	100.000	433	0	0	417	849	1	433	0.0	900
10P3R2A13_02991	10P3R2A13_02991	100.000	107	0	0	1	107	1	107	1.22e-75	218
10P3R2A13_02992	10P3R2A13_02992	100.000	68	0	0	1	68	1	68	2.20e-44	136
10P3R2A13_02993	10P3R2A13_02993	100.000	275	0	0	1	275	1	275	0.0	566
10P3R2A13_02993	47P2R3A6_04352	97.455	275	7	0	1	275	1	275	0.0	556
10P3R2A13_02993	18P3R3A11_02140	96.727	275	9	0	1	275	1	275	0.0	552
10P3R2A13_02993	31P2R1A5_04829	95.273	275	13	0	1	275	1	275	0.0	545
10P3R2A13_02993	38P2R3A13_08036	97.093	172	5	0	104	275	1	172	3.30e-122	346
10P3R2A13_02994	10P3R2A13_02994	100.000	236	0	0	1	236	1	236	3.05e-173	476
10P3R2A13_02995	10P3R2A13_02995	100.000	299	0	0	1	299	1	299	0.0	611
10P3R2A13_02996	10P3R2A13_02996	100.000	239	0	0	1	239	1	239	3.76e-180	493
10P3R2A13_02997	10P3R2A13_02997	100.000	721	0	0	1	721	1	721	0.0	1494
10P3R2A13_02997	42P1R1A12_04592	96.671	721	24	0	1	721	11	731	0.0	1456
10P3R2A13_02997	54P2R2A3_04404	96.255	721	27	0	1	721	1	721	0.0	1449
10P3R2A13_02997	18P3R3A11_02136	95.978	721	29	0	1	721	1	721	0.0	1449
10P3R2A13_02997	34P3R2A10_04377	99.486	389	2	0	333	721	1	389	0.0	793
10P3R2A13_02997	43P2R2A2_05360	100.000	165	0	0	557	721	1	165	4.19e-114	341
10P3R2A13_02998	10P3R2A13_02998	100.000	255	0	0	1	255	1	255	0.0	529
10P3R2A13_02998	28P2R1A12_03653	97.462	197	5	0	59	255	1	197	1.35e-143	400
10P3R2A13_02998	15P1R1A16_04009	99.206	126	1	0	130	255	1	126	8.60e-90	261
10P3R2A13_02999	10P3R2A13_02999	100.000	317	0	0	1	317	1	317	0.0	643
10P3R2A13_02999	18P3R3A11_02135	97.161	317	9	0	1	317	1	317	0.0	629
10P3R2A13_02999	43P2R2A2_04685	100.000	226	0	0	92	317	1	226	6.26e-166	460
10P3R2A13_02999	14P1R2A4_05106	98.261	115	2	0	203	317	1	115	1.12e-77	232
10P3R2A13_03000	10P3R2A13_03000	100.000	164	0	0	1	164	1	164	3.38e-121	338
10P3R2A13_03000	11P3R3A1_03221	100.000	159	0	0	1	159	1	159	5.77e-118	330
10P3R2A13_03001	10P3R2A13_03001	100.000	254	0	0	1	254	1	254	0.0	520
10P3R2A13_03001	11P3R3A1_03222	98.419	253	4	0	1	253	1	253	0.0	509
10P3R2A13_03002	10P3R2A13_03002	100.000	100	0	0	1	100	1	100	6.51e-66	193
10P3R2A13_03002	17P1R1A4_03547	98.000	100	2	0	1	100	1	100	7.97e-64	188
10P3R2A13_03004	10P3R2A13_03004	100.000	156	0	0	1	156	1	156	4.70e-114	319
10P3R2A13_03005	10P3R2A13_03005	100.000	290	0	0	1	290	1	290	0.0	597
10P3R2A13_03006	10P3R2A13_03006	100.000	612	0	0	1	612	1	612	0.0	1269
10P3R2A13_03006	43P2R2A2_01228	100.000	129	0	0	484	612	1	129	1.36e-85	263
10P3R2A13_03007	10P3R2A13_03007	100.000	207	0	0	1	207	1	207	3.88e-149	412
10P3R2A13_03008	10P3R2A13_03008	100.000	207	0	0	1	207	1	207	1.91e-147	408
10P3R2A13_03009	10P3R2A13_03009	100.000	341	0	0	1	341	1	341	0.0	702
10P3R2A13_03010	10P3R2A13_03010	100.000	267	0	0	1	267	1	267	0.0	555
10P3R2A13_03011	10P3R2A13_03011	100.000	300	0	0	1	300	1	300	0.0	602
10P3R2A13_03012	10P3R2A13_03012	100.000	318	0	0	1	318	1	318	0.0	652
10P3R2A13_03013	10P3R2A13_03013	100.000	754	0	0	1	754	1	754	0.0	1548
10P3R2A13_03014	10P3R2A13_03014	100.000	272	0	0	1	272	1	272	0.0	562
10P3R2A13_03014	25P2R1A13_03123	97.794	272	6	0	1	272	1	272	0.0	551
10P3R2A13_03016	10P3R2A13_03016	100.000	476	0	0	1	476	1	476	0.0	971
10P3R2A13_03017	10P3R2A13_03017	100.000	252	0	0	1	252	1	252	0.0	522
10P3R2A13_03018	10P3R2A13_03018	100.000	202	0	0	1	202	1	202	1.50e-146	405
10P3R2A13_03019	10P3R2A13_03019	100.000	547	0	0	1	547	1	547	0.0	1117
10P3R2A13_03019	15P1R1A16_03181	100.000	348	0	0	200	547	1	348	0.0	719
10P3R2A13_03020	10P3R2A13_03020	100.000	90	0	0	1	90	1	90	1.58e-59	176
10P3R2A13_03021	10P3R2A13_03021	100.000	172	0	0	1	172	1	172	1.25e-122	342
10P3R2A13_03022	10P3R2A13_03022	100.000	259	0	0	1	259	1	259	0.0	521
10P3R2A13_03023	10P3R2A13_03023	100.000	261	0	0	1	261	1	261	0.0	538
10P3R2A13_03023	17P1R1A4_03525	99.432	176	1	0	86	261	1	176	1.79e-129	363
10P3R2A13_03023	17P1R1A4_03526	100.000	74	0	0	1	74	1	74	1.25e-48	155
10P3R2A13_03024	10P3R2A13_03024	100.000	163	0	0	1	163	1	163	2.00e-121	338
10P3R2A13_03025	10P3R2A13_03025	100.000	498	0	0	1	498	1	498	0.0	1029
10P3R2A13_03025	54P2R2A3_04429	96.122	490	19	0	4	493	1	490	0.0	983
10P3R2A13_03025	42P1R1A12_04618	95.501	489	22	0	4	492	1	489	0.0	976
10P3R2A13_03026	10P3R2A13_03026	100.000	234	0	0	1	234	1	234	6.33e-176	482
10P3R2A13_03027	10P3R2A13_03027	100.000	388	0	0	1	388	1	388	0.0	790
10P3R2A13_03028	10P3R2A13_03028	100.000	730	0	0	1	730	1	730	0.0	1491
10P3R2A13_03029	10P3R2A13_03029	100.000	444	0	0	1	444	1	444	0.0	925
10P3R2A13_03029	15P1R1A16_04579	99.636	275	1	0	170	444	1	275	0.0	569
10P3R2A13_03029	43P2R2A2_04954	100.000	150	0	0	295	444	1	150	3.98e-108	316
10P3R2A13_03030	10P3R2A13_03030	100.000	205	0	0	1	205	1	205	3.10e-151	417
10P3R2A13_03031	10P3R2A13_03031	100.000	484	0	0	1	484	1	484	0.0	967
10P3R2A13_03031	18P3R3A11_03611	96.901	484	15	0	1	484	1	484	0.0	945
10P3R2A13_03031	42P1R1A12_04625	95.868	484	20	0	1	484	1	484	0.0	894
10P3R2A13_03031	31P2R1A5_04864	95.661	484	21	0	1	484	1	484	0.0	891
10P3R2A13_03031	34P3R2A10_05038	100.000	209	0	0	276	484	1	209	6.36e-146	416
10P3R2A13_03032	10P3R2A13_03032	100.000	182	0	0	1	182	1	182	7.03e-138	382
10P3R2A13_03033	10P3R2A13_03033	100.000	520	0	0	1	520	1	520	0.0	1070
10P3R2A13_03033	12_1P1R2A2-1_04413	100.000	343	0	0	178	520	1	343	0.0	701
10P3R2A13_03033	27P2R2A12_04117	100.000	320	0	0	201	520	6	325	0.0	655
10P3R2A13_03033	27P2R2A12_04037	99.507	203	1	0	1	203	1	203	2.16e-148	423
10P3R2A13_03034	10P3R2A13_03034	100.000	64	0	0	1	64	1	64	1.15e-40	127
10P3R2A13_03035	10P3R2A13_03035	100.000	560	0	0	1	560	1	560	0.0	1150
10P3R2A13_03035	15P1R1A16_05031	100.000	443	0	0	118	560	1	443	0.0	908
10P3R2A13_03038	10P3R2A13_03038	100.000	424	0	0	1	424	1	424	0.0	847
10P3R2A13_03039	10P3R2A13_03039	100.000	335	0	0	1	335	1	335	0.0	689
10P3R2A13_03039	31P2R1A5_02573	96.707	334	11	0	1	334	1	334	0.0	670
10P3R2A13_03039	38P2R3A13_03932	96.108	334	13	0	1	334	1	334	0.0	666
10P3R2A13_03039	15P1R1A16_04877	98.958	192	2	0	144	335	1	192	1.61e-141	398
10P3R2A13_03040	10P3R2A13_03040	100.000	328	0	0	1	328	1	328	0.0	672
10P3R2A13_03040	38P2R3A13_08394	99.526	211	1	0	118	328	1	211	2.72e-154	431
10P3R2A13_03041	10P3R2A13_03041	100.000	301	0	0	1	301	1	301	0.0	596
10P3R2A13_03042	10P3R2A13_03042	100.000	340	0	0	1	340	1	340	0.0	674
10P3R2A13_03042	18P3R3A11_02092	97.059	340	10	0	1	340	1	340	0.0	661
10P3R2A13_03042	43P2R2A2_04715	100.000	279	0	0	62	340	1	279	0.0	554
10P3R2A13_03042	38P2R3A13_08427	96.269	268	10	0	73	340	1	268	0.0	511
10P3R2A13_03043	10P3R2A13_03043	100.000	536	0	0	1	536	1	536	0.0	1117
10P3R2A13_03043	43P2R2A2_05733	100.000	195	0	0	342	536	1	195	2.53e-145	416
10P3R2A13_03045	10P3R2A13_03045	100.000	564	0	0	1	564	1	564	0.0	1177
10P3R2A13_03045	34P3R2A10_04572	99.577	473	2	0	92	564	1	473	0.0	991
10P3R2A13_03046	10P3R2A13_03046	100.000	175	0	0	1	175	1	175	1.47e-127	355
10P3R2A13_03047	10P3R2A13_03047	100.000	352	0	0	1	352	1	352	0.0	722
10P3R2A13_03048	10P3R2A13_03048	100.000	844	0	0	1	844	1	844	0.0	1744
10P3R2A13_03049	10P3R2A13_03049	100.000	229	0	0	1	229	1	229	6.81e-170	466
10P3R2A13_03050	10P3R2A13_03050	100.000	175	0	0	1	175	1	175	2.92e-123	344
10P3R2A13_03052	10P3R2A13_03052	100.000	233	0	0	1	233	1	233	3.04e-174	478
10P3R2A13_03053	10P3R2A13_03053	100.000	188	0	0	1	188	1	188	6.71e-144	397
10P3R2A13_03054	10P3R2A13_03054	100.000	147	0	0	1	147	1	147	8.98e-109	305
10P3R2A13_03054	16_1P2R1A8-1_02824	97.959	147	3	0	1	147	1	147	8.44e-107	300
10P3R2A13_03054	25P2R1A13_02748	97.959	147	3	0	1	147	1	147	8.92e-107	300
10P3R2A13_03055	10P3R2A13_03055	100.000	778	0	0	1	778	1	778	0.0	1618
10P3R2A13_03055	16_1P2R1A8-1_02823	97.943	778	16	0	1	778	1	778	0.0	1589
10P3R2A13_03056	10P3R2A13_03056	100.000	220	0	0	1	220	1	220	3.36e-157	434
10P3R2A13_03057	10P3R2A13_03057	100.000	325	0	0	1	325	1	325	0.0	671
10P3R2A13_03057	34P3R2A10_02232	95.767	189	8	0	1	189	1	189	2.22e-132	375
10P3R2A13_03057	34P3R2A10_02231	100.000	132	0	0	194	325	1	132	1.68e-92	271
10P3R2A13_03058	10P3R2A13_03058	100.000	237	0	0	1	237	1	237	1.63e-175	481
10P3R2A13_03059	10P3R2A13_03059	100.000	209	0	0	1	209	1	209	1.77e-154	426
10P3R2A13_03060	10P3R2A13_03060	100.000	90	0	0	1	90	1	90	4.44e-64	188
10P3R2A13_03061	10P3R2A13_03061	100.000	681	0	0	1	681	1	681	0.0	1410
10P3R2A13_03062	10P3R2A13_03062	100.000	298	0	0	1	298	1	298	0.0	598
10P3R2A13_03063	10P3R2A13_03063	100.000	75	0	0	1	75	1	75	5.70e-50	151
10P3R2A13_03063	15P1R1A16_00329	97.333	75	2	0	1	75	1	75	2.90e-49	149
10P3R2A13_03064	10P3R2A13_03064	100.000	84	0	0	1	84	1	84	4.77e-58	172
10P3R2A13_03065	10P3R2A13_03065	100.000	72	0	0	1	72	1	72	2.08e-49	149
10P3R2A13_03066	10P3R2A13_03066	100.000	215	0	0	1	215	1	215	1.49e-156	432
10P3R2A13_03066	15P1R1A16_00331	95.349	215	10	0	1	215	1	215	2.34e-150	416
10P3R2A13_03067	10P3R2A13_03067	100.000	78	0	0	1	78	1	78	1.45e-53	160
10P3R2A13_03067	15P1R1A16_00332	95.890	73	3	0	1	73	1	73	1.75e-47	145
10P3R2A13_03068	10P3R2A13_03068	100.000	64	0	0	1	64	1	64	4.16e-43	133
10P3R2A13_03069	10P3R2A13_03069	100.000	163	0	0	1	163	1	163	3.59e-119	333
10P3R2A13_03070	10P3R2A13_03070	100.000	61	0	0	1	61	1	61	1.14e-40	126
10P3R2A13_03071	10P3R2A13_03071	100.000	237	0	0	1	237	1	237	1.22e-178	489
10P3R2A13_03071	15P1R1A16_00335	97.458	236	6	0	2	237	4	239	3.96e-173	475
10P3R2A13_03072	10P3R2A13_03072	100.000	76	0	0	1	76	1	76	4.91e-53	159
10P3R2A13_03072	15P1R1A16_00336	97.368	76	2	0	1	76	1	76	1.31e-51	155
10P3R2A13_03073	10P3R2A13_03073	100.000	75	0	0	1	75	1	75	2.40e-52	157
10P3R2A13_03074	10P3R2A13_03074	100.000	64	0	0	1	64	1	64	2.67e-44	136
10P3R2A13_03075	10P3R2A13_03075	100.000	137	0	0	1	137	1	137	1.81e-97	276
10P3R2A13_03076	10P3R2A13_03076	100.000	62	0	0	1	62	1	62	9.29e-41	127
10P3R2A13_03077	10P3R2A13_03077	100.000	98	0	0	1	98	1	98	1.73e-68	199
10P3R2A13_03078	10P3R2A13_03078	100.000	105	0	0	1	105	1	105	7.71e-73	211
10P3R2A13_03078	15P1R1A16_00342	97.143	105	3	0	1	105	1	105	2.92e-71	207
10P3R2A13_03079	10P3R2A13_03079	100.000	133	0	0	1	133	1	133	1.62e-96	273
10P3R2A13_03080	10P3R2A13_03080	100.000	159	0	0	1	159	1	159	4.77e-116	325
10P3R2A13_03081	10P3R2A13_03081	100.000	156	0	0	1	156	1	156	5.54e-114	319
10P3R2A13_03082	10P3R2A13_03082	100.000	93	0	0	1	93	1	93	4.79e-64	188
10P3R2A13_03083	10P3R2A13_03083	100.000	131	0	0	1	131	1	131	4.28e-90	257
10P3R2A13_03084	10P3R2A13_03084	100.000	99	0	0	1	99	1	99	9.46e-67	195
10P3R2A13_03085	10P3R2A13_03085	100.000	182	0	0	1	182	1	182	4.41e-135	375
10P3R2A13_03086	10P3R2A13_03086	100.000	61	0	0	1	61	1	61	1.49e-40	126
10P3R2A13_03087	10P3R2A13_03087	100.000	51	0	0	1	51	1	51	6.01e-33	106
10P3R2A13_03088	10P3R2A13_03088	100.000	167	0	0	1	167	1	167	1.67e-122	342
10P3R2A13_03089	10P3R2A13_03089	100.000	547	0	0	1	547	1	547	0.0	1137
10P3R2A13_03090	10P3R2A13_03090	100.000	532	0	0	1	532	1	532	0.0	1082
10P3R2A13_03090	15P1R1A16_00356	97.180	532	15	0	1	532	1	532	0.0	1056
10P3R2A13_03091	10P3R2A13_03091	100.000	389	0	0	1	389	1	389	0.0	801
10P3R2A13_03091	15P1R1A16_00357	95.630	389	17	0	1	389	1	389	0.0	769
10P3R2A13_03092	10P3R2A13_03092	100.000	184	0	0	1	184	1	184	3.77e-137	380
10P3R2A13_03093	10P3R2A13_03093	100.000	375	0	0	1	375	1	375	0.0	759
10P3R2A13_03094	10P3R2A13_03094	100.000	132	0	0	1	132	1	132	6.22e-94	266
10P3R2A13_03094	15P1R1A16_00360	97.727	132	3	0	1	132	1	132	8.68e-92	261
10P3R2A13_03095	10P3R2A13_03095	100.000	303	0	0	1	303	1	303	0.0	629
10P3R2A13_03096	10P3R2A13_03096	100.000	114	0	0	1	114	1	114	1.64e-78	226
10P3R2A13_03097	10P3R2A13_03097	100.000	144	0	0	1	144	1	144	1.04e-103	292
10P3R2A13_03097	15P1R1A16_00363	97.222	144	4	0	1	144	1	144	1.44e-100	284
10P3R2A13_03098	10P3R2A13_03098	100.000	194	0	0	1	194	1	194	1.86e-142	394
10P3R2A13_03099	10P3R2A13_03099	100.000	81	0	0	1	81	1	81	1.00e-53	161
10P3R2A13_03100	10P3R2A13_03100	100.000	474	0	0	1	474	1	474	0.0	961
10P3R2A13_03101	10P3R2A13_03101	100.000	125	0	0	1	125	1	125	2.18e-88	252
10P3R2A13_03102	10P3R2A13_03102	100.000	128	0	0	1	128	1	128	9.22e-93	263
10P3R2A13_03102	15P1R1A16_00368	95.312	128	6	0	1	128	1	128	1.29e-89	255
10P3R2A13_03103	10P3R2A13_03103	100.000	53	0	0	1	53	1	53	9.09e-32	103
10P3R2A13_03104	10P3R2A13_03104	100.000	758	0	0	1	758	1	758	0.0	1530
10P3R2A13_03104	15P1R1A16_00369	96.834	758	24	0	1	758	1	758	0.0	1481
10P3R2A13_03105	10P3R2A13_03105	100.000	450	0	0	1	450	1	450	0.0	920
10P3R2A13_03106	10P3R2A13_03106	100.000	404	0	0	1	404	1	404	0.0	821
10P3R2A13_03106	15P1R1A16_00371	96.535	404	14	0	1	404	1	404	0.0	794
10P3R2A13_03107	10P3R2A13_03107	100.000	218	0	0	1	218	1	218	2.62e-162	446
10P3R2A13_03108	10P3R2A13_03108	100.000	117	0	0	1	117	1	117	4.92e-83	238
10P3R2A13_03108	15P1R1A16_00373	97.436	117	3	0	1	117	1	117	1.89e-80	231
10P3R2A13_03109	10P3R2A13_03109	100.000	360	0	0	1	360	1	360	0.0	727
10P3R2A13_03110	10P3R2A13_03110	100.000	191	0	0	1	191	1	191	2.56e-142	394
10P3R2A13_03111	10P3R2A13_03111	100.000	345	0	0	1	345	1	345	0.0	705
10P3R2A13_03112	10P3R2A13_03112	100.000	192	0	0	1	192	1	192	1.77e-142	394
10P3R2A13_03113	10P3R2A13_03113	100.000	627	0	0	1	627	1	627	0.0	1283
10P3R2A13_03114	10P3R2A13_03114	100.000	193	0	0	1	193	1	193	1.99e-143	397
10P3R2A13_03115	10P3R2A13_03115	100.000	97	0	0	1	97	1	97	1.26e-67	197
10P3R2A13_03116	10P3R2A13_03116	100.000	71	0	0	1	71	1	71	1.17e-46	142
10P3R2A13_03116	18P3R3A11_02107	95.775	71	3	0	1	71	1	71	6.16e-45	138
10P3R2A13_03117	17P1R1A4_03291	100.000	70	0	0	1	70	1	70	3.85e-48	147
10P3R2A13_03117	10P3R2A13_03117	100.000	71	0	0	1	71	1	71	3.97e-48	146
10P3R2A13_03117	27P2R2A12_04095	97.183	71	2	0	1	71	1	71	1.89e-46	142
10P3R2A13_03117	25P2R1A13_02755	96.078	51	2	0	21	71	1	51	3.67e-30	100
10P3R2A13_03118	10P3R2A13_03118	100.000	690	0	0	1	690	1	690	0.0	1403
10P3R2A13_03118	34P3R2A10_04023	99.318	440	3	0	251	690	1	440	0.0	890
10P3R2A13_03118	15P1R1A16_03566	100.000	293	0	0	398	690	1	293	0.0	593
10P3R2A13_03119	10P3R2A13_03119	100.000	304	0	0	1	304	1	304	0.0	635
10P3R2A13_03119	18P3R3A11_03605	97.697	304	7	0	1	304	1	304	0.0	624
10P3R2A13_03119	24P1R3A1_02708	95.033	302	15	0	1	302	1	302	0.0	611
10P3R2A13_03119	32P3R2A9_06054	95.385	260	12	0	43	302	1	260	0.0	527
10P3R2A13_03120	10P3R2A13_03120	100.000	100	0	0	1	100	1	100	1.95e-72	209
10P3R2A13_03120	25P2R1A13_02760	98.000	100	2	0	1	100	1	100	4.66e-71	206
10P3R2A13_03121	10P3R2A13_03121	100.000	332	0	0	1	332	1	332	0.0	672
10P3R2A13_03122	10P3R2A13_03122	100.000	146	0	0	1	146	1	146	1.52e-104	295
10P3R2A13_03123	10P3R2A13_03123	100.000	114	0	0	1	114	1	114	9.59e-79	227
10P3R2A13_03123	25P2R1A13_02763	97.368	114	3	0	1	114	1	114	4.99e-77	222
10P3R2A13_03124	10P3R2A13_03124	100.000	485	0	0	1	485	1	485	0.0	991
10P3R2A13_03124	34P3R2A10_05021	99.177	243	2	0	243	485	1	243	2.65e-176	494
10P3R2A13_03125	10P3R2A13_03125	100.000	441	0	0	1	441	1	441	0.0	922
10P3R2A13_03126	10P3R2A13_03126	100.000	331	0	0	1	331	1	331	0.0	665
10P3R2A13_03127	10P3R2A13_03127	100.000	514	0	0	1	514	1	514	0.0	1042
10P3R2A13_03128	10P3R2A13_03128	100.000	394	0	0	1	394	1	394	0.0	759
10P3R2A13_03128	43P2R2A2_03943	100.000	321	0	0	74	394	1	321	0.0	618
10P3R2A13_03129	10P3R2A13_03129	100.000	393	0	0	1	393	1	393	0.0	816
10P3R2A13_03130	10P3R2A13_03130	100.000	275	0	0	1	275	1	275	0.0	568
10P3R2A13_03131	11P3R3A1_03818	100.000	443	0	0	1	443	1	443	0.0	924
10P3R2A13_03131	10P3R2A13_03131	100.000	444	0	0	1	444	1	444	0.0	921
10P3R2A13_03131	25P2R1A13_02771	97.517	443	11	0	1	443	1	443	0.0	906
10P3R2A13_03132	10P3R2A13_03132	100.000	211	0	0	1	211	1	211	1.87e-158	436
10P3R2A13_03132	11P3R3A1_03818	100.000	211	0	0	1	211	467	677	2.32e-151	435
10P3R2A13_03132	25P2R1A13_02771	98.578	211	3	0	1	211	467	677	3.54e-149	430
10P3R2A13_03133	10P3R2A13_03133	100.000	418	0	0	1	418	1	418	0.0	861
10P3R2A13_03134	25P2R1A13_02960	99.640	278	1	0	1	278	36	313	0.0	575
10P3R2A13_03134	10P3R2A13_03134	100.000	278	0	0	1	278	1	278	0.0	575
10P3R2A13_03134	29P3R3A9_02536	97.842	278	6	0	1	278	45	322	0.0	568
10P3R2A13_03135	10P3R2A13_03135	100.000	154	0	0	1	154	1	154	9.71e-114	318
10P3R2A13_03135	25P2R1A13_02959	96.104	154	6	0	1	154	1	154	2.42e-108	305
10P3R2A13_03136	10P3R2A13_03136	100.000	379	0	0	1	379	1	379	0.0	771
10P3R2A13_03137	10P3R2A13_03137	100.000	121	0	0	1	121	1	121	1.05e-86	247
10P3R2A13_03138	10P3R2A13_03138	100.000	638	0	0	1	638	1	638	0.0	1292
10P3R2A13_03138	43P2R2A2_03288	100.000	414	0	0	225	638	1	414	0.0	839
10P3R2A13_03139	10P3R2A13_03139	100.000	383	0	0	1	383	1	383	0.0	778
10P3R2A13_03140	10P3R2A13_03140	100.000	196	0	0	1	196	1	196	8.73e-144	398
10P3R2A13_03141	10P3R2A13_03141	100.000	70	0	0	1	70	1	70	1.05e-45	140
10P3R2A13_03142	10P3R2A13_03142	100.000	121	0	0	1	121	1	121	1.09e-83	240
10P3R2A13_03143	10P3R2A13_03143	100.000	228	0	0	1	228	1	228	4.17e-168	462
10P3R2A13_03143	27P2R2A12_02714	96.930	228	7	0	1	228	1	228	5.17e-163	449
10P3R2A13_03144	10P3R2A13_03144	100.000	1617	0	0	1	1617	1	1617	0.0	3132
10P3R2A13_03144	12_1P1R2A2-1_01111	99.645	846	3	0	772	1617	1	846	0.0	1651
10P3R2A13_03144	12_1P1R2A2-1_01110	100.000	745	0	0	1	745	1	745	0.0	1427
10P3R2A13_03144	15P1R1A16_04682	100.000	33	0	0	1585	1617	1	33	3.28e-15	70.9
10P3R2A13_03145	10P3R2A13_03145	100.000	552	0	0	1	552	1	552	0.0	1089
10P3R2A13_03145	34P3R2A10_03855	99.692	325	1	0	228	552	1	325	0.0	640
10P3R2A13_03145	38P2R3A13_08011	98.990	99	1	0	454	552	1	99	1.71e-60	195
10P3R2A13_03146	10P3R2A13_03146	100.000	259	0	0	1	259	1	259	0.0	532
10P3R2A13_03147	10P3R2A13_03147	100.000	397	0	0	1	397	1	397	0.0	807
10P3R2A13_03147	15P1R1A16_05227	99.635	274	1	0	124	397	1	274	0.0	555
10P3R2A13_03148	10P3R2A13_03148	100.000	158	0	0	1	158	1	158	3.70e-117	327
10P3R2A13_03149	10P3R2A13_03149	100.000	274	0	0	1	274	1	274	0.0	564
10P3R2A13_03149	31P2R1A5_02508	95.620	274	12	0	1	274	1	274	0.0	543
10P3R2A13_03149	18P3R3A11_02170	95.985	274	11	0	1	274	1	274	0.0	543
10P3R2A13_03149	34P3R2A10_03851	100.000	74	0	0	201	274	1	74	3.68e-47	152
10P3R2A13_03150	10P3R2A13_03150	100.000	340	0	0	1	340	1	340	0.0	694
10P3R2A13_03150	43P2R2A2_05649	100.000	137	0	0	204	340	1	137	6.69e-96	280
10P3R2A13_03151	10P3R2A13_03151	100.000	156	0	0	1	156	1	156	1.28e-116	326
10P3R2A13_03151	18P3R3A11_02172	96.154	156	6	0	1	156	1	156	3.46e-113	317
10P3R2A13_03152	10P3R2A13_03152	100.000	84	0	0	1	84	1	84	3.69e-59	175
10P3R2A13_03153	10P3R2A13_03153	100.000	144	0	0	1	144	1	144	1.71e-102	289
10P3R2A13_03153	16_1P2R1A8-1_02515	97.917	144	3	0	1	144	1	144	8.87e-102	287
10P3R2A13_03154	10P3R2A13_03154	100.000	515	0	0	1	515	1	515	0.0	1059
10P3R2A13_03155	10P3R2A13_03155	100.000	420	0	0	1	420	1	420	0.0	835
10P3R2A13_03156	10P3R2A13_03156	100.000	320	0	0	1	320	1	320	0.0	657
10P3R2A13_03157	10P3R2A13_03157	100.000	345	0	0	1	345	1	345	0.0	721
10P3R2A13_03158	10P3R2A13_03158	100.000	342	0	0	1	342	1	342	0.0	703
10P3R2A13_03158	31P2R1A5_02499	97.076	342	10	0	1	342	1	342	0.0	690
10P3R2A13_03158	51P2R2A10_04115	96.784	342	11	0	1	342	1	342	0.0	689
10P3R2A13_03158	18P3R3A11_02180	95.894	341	14	0	1	341	1	341	0.0	682
10P3R2A13_03158	43P2R2A2_03835	100.000	284	0	0	59	342	1	284	0.0	581
10P3R2A13_03159	10P3R2A13_03159	100.000	399	0	0	1	399	1	399	0.0	818
10P3R2A13_03159	34P3R2A10_01837	98.496	399	6	0	1	399	146	544	0.0	806
10P3R2A13_03160	10P3R2A13_03160	100.000	291	0	0	1	291	1	291	0.0	601
10P3R2A13_03161	10P3R2A13_03161	100.000	311	0	0	1	311	1	311	0.0	642
10P3R2A13_03161	25P2R1A13_02936	100.000	309	0	0	1	309	1	309	0.0	641
10P3R2A13_03161	18P3R3A11_02182	96.785	311	10	0	1	311	1	311	0.0	625
10P3R2A13_03161	42P1R1A12_00286	96.117	309	12	0	1	309	1	309	0.0	620
10P3R2A13_03161	34P3R2A10_04777	100.000	223	0	0	89	311	1	223	1.12e-167	464
10P3R2A13_03161	34P3R2A10_04708	100.000	221	0	0	89	309	1	221	2.93e-167	464
10P3R2A13_03162	10P3R2A13_03162	100.000	349	0	0	1	349	1	349	0.0	720
10P3R2A13_03163	10P3R2A13_03163	100.000	331	0	0	1	331	1	331	0.0	681
10P3R2A13_03163	12_1P1R2A2-1_01129	95.833	312	13	0	1	312	1	312	0.0	614
10P3R2A13_03164	10P3R2A13_03164	100.000	403	0	0	1	403	1	403	0.0	813
10P3R2A13_03165	10P3R2A13_03165	100.000	381	0	0	1	381	1	381	0.0	796
10P3R2A13_03166	10P3R2A13_03166	100.000	338	0	0	1	338	1	338	0.0	691
10P3R2A13_03167	10P3R2A13_03167	100.000	236	0	0	1	236	1	236	8.11e-172	472
10P3R2A13_03168	10P3R2A13_03168	100.000	336	0	0	1	336	1	336	0.0	691
10P3R2A13_03169	10P3R2A13_03169	100.000	266	0	0	1	266	1	266	0.0	547
10P3R2A13_03170	10P3R2A13_03170	100.000	375	0	0	1	375	1	375	0.0	782
10P3R2A13_03171	10P3R2A13_03171	100.000	353	0	0	1	353	1	353	0.0	730
10P3R2A13_03171	24P1R3A1_03230	100.000	341	0	0	13	353	1	341	0.0	706
10P3R2A13_03172	10P3R2A13_03172	100.000	426	0	0	1	426	1	426	0.0	864
10P3R2A13_03172	34P3R2A10_02965	100.000	375	0	0	52	426	1	375	0.0	758
10P3R2A13_03173	10P3R2A13_03173	100.000	160	0	0	1	160	1	160	5.65e-118	330
10P3R2A13_03174	10P3R2A13_03174	100.000	270	0	0	1	270	1	270	0.0	554
10P3R2A13_03175	10P3R2A13_03175	100.000	56	0	0	1	56	1	56	8.62e-35	111
10P3R2A13_03175	31P2R1A5_02482	96.429	56	2	0	1	56	1	56	5.22e-34	109
10P3R2A13_03175	24P1R3A1_03996	96.429	56	2	0	1	56	1	56	9.35e-34	108
10P3R2A13_03177	10P3R2A13_03177	100.000	223	0	0	1	223	1	223	6.69e-166	456
10P3R2A13_03177	30P2R3A4_02965	100.000	113	0	0	1	113	1	113	5.34e-78	229
10P3R2A13_03177	30P2R3A4_02964	100.000	100	0	0	124	223	1	100	8.04e-70	208
10P3R2A13_03178	10P3R2A13_03178	100.000	407	0	0	1	407	1	407	0.0	829
10P3R2A13_03179	10P3R2A13_03179	100.000	153	0	0	1	153	1	153	1.06e-110	310
10P3R2A13_03180	10P3R2A13_03180	100.000	199	0	0	1	199	1	199	5.69e-144	399
10P3R2A13_03180	18P3R3A11_02202	97.990	199	4	0	1	199	1	199	2.27e-142	394
10P3R2A13_03180	47P2R3A6_03676	96.985	199	6	0	1	199	1	199	2.65e-141	392
10P3R2A13_03180	31P2R1A5_02477	95.980	199	8	0	1	199	1	199	2.13e-132	369
10P3R2A13_03180	38P2R3A13_08574	95.294	85	4	0	115	199	1	85	8.41e-56	171
10P3R2A13_03180	34P3R2A10_04006	100.000	55	0	0	145	199	1	55	5.25e-35	117
10P3R2A13_03181	10P3R2A13_03181	100.000	214	0	0	1	214	1	214	7.80e-158	435
10P3R2A13_03182	10P3R2A13_03182	100.000	239	0	0	1	239	1	239	9.72e-177	484
10P3R2A13_03182	31P2R1A5_02475	95.816	239	10	0	1	239	1	239	2.65e-161	446
10P3R2A13_03183	10P3R2A13_03183	100.000	288	0	0	1	288	1	288	0.0	576
10P3R2A13_03183	34P3R2A10_05043	100.000	134	0	0	155	288	1	134	1.47e-88	259
10P3R2A13_03184	10P3R2A13_03184	100.000	275	0	0	1	275	1	275	0.0	570
10P3R2A13_03184	27P2R2A12_02756	100.000	78	0	0	198	275	1	78	1.51e-49	158
10P3R2A13_03185	10P3R2A13_03185	100.000	206	0	0	1	206	1	206	5.86e-145	402
10P3R2A13_03186	10P3R2A13_03186	100.000	561	0	0	1	561	1	561	0.0	1141
10P3R2A13_03186	43P2R2A2_03455	100.000	398	0	0	164	561	1	398	0.0	808
10P3R2A13_03187	10P3R2A13_03187	100.000	208	0	0	1	208	1	208	2.05e-155	428
10P3R2A13_03189	10P3R2A13_03189	100.000	703	0	0	1	703	1	703	0.0	1460
10P3R2A13_03189	18P3R3A11_02210	96.879	705	20	2	1	703	1	705	0.0	1417
10P3R2A13_03189	31P2R1A5_02462	96.322	707	22	2	1	703	1	707	0.0	1408
10P3R2A13_03189	42P1R1A12_00315	96.040	707	24	2	1	703	1	707	0.0	1402
10P3R2A13_03189	15P1R1A16_01059	100.000	645	0	0	59	703	1	645	0.0	1340
10P3R2A13_03189	43P2R2A2_02465	100.000	345	0	0	359	703	1	345	0.0	716
10P3R2A13_03190	10P3R2A13_03190	100.000	230	0	0	1	230	1	230	3.87e-174	477
10P3R2A13_03190	40P3R1A10_01787	99.087	219	2	0	12	230	1	219	1.70e-163	450
10P3R2A13_03191	10P3R2A13_03191	100.000	694	0	0	1	694	1	694	0.0	1414
10P3R2A13_03191	34P3R2A10_04847	100.000	237	0	0	458	694	1	237	3.68e-169	484
10P3R2A13_03192	10P3R2A13_03192	100.000	289	0	0	1	289	1	289	0.0	597
10P3R2A13_03193	10P3R2A13_03193	100.000	402	0	0	1	402	1	402	0.0	791
10P3R2A13_03193	34P3R2A10_04845	100.000	46	0	0	357	402	1	46	1.12e-23	92.8
10P3R2A13_03194	10P3R2A13_03194	100.000	464	0	0	1	464	1	464	0.0	915
10P3R2A13_03195	10P3R2A13_03195	100.000	570	0	0	1	570	1	570	0.0	1151
10P3R2A13_03195	32P3R2A9_02656	97.719	570	13	0	1	570	1	570	0.0	1127
10P3R2A13_03195	34P3R2A10_02260	99.757	412	1	0	159	570	1	412	0.0	826
10P3R2A13_03196	10P3R2A13_03196	100.000	773	0	0	1	773	1	773	0.0	1617
10P3R2A13_03196	32P3R2A9_02657	99.168	481	4	0	293	773	1	481	0.0	1010
10P3R2A13_03196	5P3R2A4_04782	99.522	418	2	0	1	418	1	418	0.0	874
10P3R2A13_03196	5P3R2A4_03077	100.000	338	0	0	436	773	1	338	0.0	710
10P3R2A13_03196	32P3R2A9_02658	98.872	266	3	0	1	266	1	266	0.0	543
10P3R2A13_03197	10P3R2A13_03197	100.000	461	0	0	1	461	1	461	0.0	940
10P3R2A13_03199	10P3R2A13_03199	100.000	393	0	0	1	393	1	393	0.0	815
10P3R2A13_03199	18P3R3A11_02219	95.855	386	16	0	1	386	1	386	0.0	775
10P3R2A13_03200	10P3R2A13_03200	100.000	664	0	0	1	664	1	664	0.0	1358
10P3R2A13_03201	10P3R2A13_03201	100.000	191	0	0	1	191	1	191	1.91e-141	391
10P3R2A13_03201	16_1P2R1A8-1_02777	97.906	191	4	0	1	191	1	191	6.15e-138	382
10P3R2A13_03202	10P3R2A13_03202	100.000	167	0	0	1	167	1	167	5.86e-124	345
10P3R2A13_03202	30P2R3A4_03034	98.936	94	1	0	74	167	1	94	5.78e-63	188
10P3R2A13_03203	10P3R2A13_03203	100.000	245	0	0	1	245	1	245	0.0	501
10P3R2A13_03203	16_1P2R1A8-1_02566	98.780	164	2	0	82	245	1	164	1.34e-118	335
10P3R2A13_03204	10P3R2A13_03204	100.000	89	0	0	1	89	1	89	2.60e-62	183
10P3R2A13_03204	16_1P2R1A8-1_04682	100.000	73	0	0	17	89	1	73	2.10e-50	152
10P3R2A13_03205	10P3R2A13_03205	100.000	200	0	0	1	200	1	200	1.69e-146	405
10P3R2A13_03205	27P2R2A12_02777	100.000	66	0	0	135	200	1	66	9.07e-40	130
10P3R2A13_03206	10P3R2A13_03206	100.000	96	0	0	1	96	1	96	1.99e-67	197
10P3R2A13_03207	10P3R2A13_03207	100.000	152	0	0	1	152	1	152	5.88e-109	306
10P3R2A13_03208	10P3R2A13_03208	100.000	107	0	0	1	107	1	107	6.41e-74	214
10P3R2A13_03208	30P2R3A4_03035	100.000	83	0	0	25	107	1	83	3.30e-55	166
10P3R2A13_03209	10P3R2A13_03209	100.000	252	0	0	1	252	1	252	0.0	509
10P3R2A13_03209	16_1P2R1A8-1_04687	96.825	252	8	0	1	252	1	252	9.42e-180	493
10P3R2A13_03210	10P3R2A13_03210	100.000	928	0	0	1	928	1	928	0.0	1907
10P3R2A13_03211	10P3R2A13_03211	100.000	791	0	0	1	791	1	791	0.0	1640
10P3R2A13_03211	11P3R3A1_03701	99.263	543	4	0	1	543	1	543	0.0	1127
10P3R2A13_03211	11P3R3A1_03702	100.000	156	0	0	636	791	1	156	5.05e-105	319
10P3R2A13_03213	10P3R2A13_03213	100.000	386	0	0	1	386	1	386	0.0	810
10P3R2A13_03214	10P3R2A13_03214	100.000	561	0	0	1	561	1	561	0.0	1161
10P3R2A13_03215	10P3R2A13_03215	100.000	254	0	0	1	254	1	254	0.0	529
10P3R2A13_03215	34P3R2A10_03149	98.718	156	2	0	1	156	1	156	9.29e-114	323
10P3R2A13_03216	10P3R2A13_03216	100.000	66	0	0	1	66	1	66	6.67e-42	130
10P3R2A13_03216	12_1P1R2A2-1_03299	100.000	66	0	0	1	66	13	78	9.04e-42	130
10P3R2A13_03216	25P2R1A13_04465	95.455	66	3	0	1	66	1	66	2.93e-39	123
10P3R2A13_03217	10P3R2A13_03217	100.000	760	0	0	1	760	1	760	0.0	1589
10P3R2A13_03217	15P1R1A16_03876	99.808	521	1	0	240	760	1	521	0.0	1078
10P3R2A13_03217	43P2R2A2_05716	100.000	244	0	0	517	760	1	244	4.22e-178	509
10P3R2A13_03218	10P3R2A13_03218	100.000	305	0	0	1	305	1	305	0.0	615
10P3R2A13_03219	10P3R2A13_03219	100.000	168	0	0	1	168	1	168	2.39e-123	344
10P3R2A13_03220	10P3R2A13_03220	100.000	177	0	0	1	177	1	177	5.63e-130	361
10P3R2A13_03221	10P3R2A13_03221	100.000	884	0	0	1	884	1	884	0.0	1821
10P3R2A13_03221	25P2R1A13_04470	98.695	383	5	0	502	884	1	383	0.0	778
10P3R2A13_03221	34P3R2A10_03415	98.175	274	5	0	611	884	1	274	0.0	550
10P3R2A13_03222	10P3R2A13_03222	100.000	237	0	0	1	237	1	237	5.54e-178	488
10P3R2A13_03222	19P1R1A6_03540	99.127	229	2	0	9	237	60	288	3.46e-169	468
10P3R2A13_03222	15P1R1A16_03974	100.000	225	0	0	13	237	1	225	2.14e-168	463
10P3R2A13_03223	10P3R2A13_03223	100.000	188	0	0	1	188	1	188	9.10e-134	372
10P3R2A13_03224	10P3R2A13_03224	100.000	441	0	0	1	441	1	441	0.0	910
10P3R2A13_03224	1P1R1A1_02110	98.513	269	4	0	173	441	5	273	0.0	549
10P3R2A13_03224	16_1P2R1A8-1_04339	99.465	187	1	0	255	441	1	187	1.72e-135	387
10P3R2A13_03224	1P1R1A1_02111	100.000	171	0	0	1	171	1	171	2.02e-123	355
10P3R2A13_03225	10P3R2A13_03225	100.000	89	0	0	1	89	1	89	4.09e-61	180
10P3R2A13_03225	25P2R1A13_04700	97.753	89	2	0	1	89	1	89	1.14e-59	176
10P3R2A13_03225	15P1R1A16_04914	100.000	73	0	0	17	89	1	73	1.91e-48	148
10P3R2A13_03226	10P3R2A13_03226	100.000	31	0	0	1	31	1	31	2.80e-15	60.8
10P3R2A13_03227	10P3R2A13_03227	100.000	1807	0	0	1	1807	1	1807	0.0	3590
10P3R2A13_03227	8P2R1A11_03904	99.701	1672	5	0	1	1672	1	1672	0.0	3299
10P3R2A13_03227	15P1R1A16_04092	99.562	1369	6	0	439	1807	14	1382	0.0	2727
10P3R2A13_03227	17P1R1A4_03358	99.555	1349	6	0	1	1349	1	1349	0.0	2626
10P3R2A13_03227	28P2R1A12_03557	98.673	1281	17	0	1	1281	1	1281	0.0	2471
10P3R2A13_03227	25P2R1A13_04699	100.000	531	0	0	1277	1807	1	531	0.0	1095
10P3R2A13_03227	33P3R2A2_02983	100.000	517	0	0	1291	1807	1	517	0.0	1068
10P3R2A13_03227	28P2R1A12_03556	99.603	504	2	0	1304	1807	1	504	0.0	1038
10P3R2A13_03227	17P1R1A4_03357	100.000	443	0	0	1365	1807	1	443	0.0	923
10P3R2A13_03227	15P1R1A16_04093	99.773	440	1	0	1	440	1	440	0.0	856
10P3R2A13_03227	8P2R1A11_03905	99.194	124	1	0	1684	1807	1	124	1.86e-78	254
10P3R2A13_03228	10P3R2A13_03228	100.000	531	0	0	1	531	1	531	0.0	1093
10P3R2A13_03229	10P3R2A13_03229	100.000	318	0	0	1	318	1	318	0.0	641
10P3R2A13_03230	10P3R2A13_03230	100.000	512	0	0	1	512	1	512	0.0	1040
10P3R2A13_03230	25P2R1A13_03730	97.852	512	11	0	1	512	1	512	0.0	1019
10P3R2A13_03230	3P1R3A2_03495	96.875	512	16	0	1	512	1	512	0.0	1009
10P3R2A13_03230	34P3R2A10_05182	98.182	330	6	0	183	512	1	330	0.0	657
10P3R2A13_03231	10P3R2A13_03231	100.000	343	0	0	1	343	1	343	0.0	668
10P3R2A13_03231	32P3R2A9_03450	99.407	337	2	0	1	337	1	337	0.0	654
10P3R2A13_03231	34P3R2A10_02681	99.672	305	1	0	39	343	1	305	0.0	592
10P3R2A13_03232	10P3R2A13_03232	100.000	331	0	0	1	331	1	331	0.0	639
10P3R2A13_03232	33P3R2A2_02976	100.000	298	0	0	34	331	1	298	0.0	573
10P3R2A13_03232	33P3R2A2_02977	100.000	29	0	0	1	29	1	29	2.42e-12	60.5
10P3R2A13_03233	10P3R2A13_03233	100.000	341	0	0	1	341	1	341	0.0	696
10P3R2A13_03234	10P3R2A13_03234	100.000	292	0	0	1	292	1	292	0.0	608
10P3R2A13_03235	10P3R2A13_03235	100.000	97	0	0	1	97	1	97	1.42e-69	202
10P3R2A13_03236	10P3R2A13_03236	100.000	253	0	0	1	253	1	253	0.0	519
10P3R2A13_03236	25P2R1A13_03724	97.628	253	6	0	1	253	1	253	0.0	509
10P3R2A13_03236	15P1R1A16_01634	97.628	253	6	0	1	253	1	253	0.0	506
10P3R2A13_03237	26P1R3A4_03490	100.000	305	0	0	1	305	18	322	0.0	624
10P3R2A13_03237	10P3R2A13_03237	100.000	305	0	0	1	305	1	305	0.0	624
10P3R2A13_03237	17P1R1A4_03368	99.623	265	1	0	41	305	1	265	0.0	539
10P3R2A13_03237	43P2R2A2_04288	100.000	92	0	0	214	305	1	92	1.43e-61	190
10P3R2A13_03238	10P3R2A13_03238	100.000	484	0	0	1	484	1	484	0.0	994
10P3R2A13_03239	10P3R2A13_03239	100.000	473	0	0	1	473	1	473	0.0	968
10P3R2A13_03239	25P2R1A13_03721	99.367	316	2	0	158	473	1	316	0.0	642
10P3R2A13_03240	10P3R2A13_03240	100.000	120	0	0	1	120	1	120	3.24e-88	251
10P3R2A13_03241	10P3R2A13_03241	100.000	309	0	0	1	309	1	309	0.0	634
10P3R2A13_03242	10P3R2A13_03242	100.000	463	0	0	1	463	1	463	0.0	949
10P3R2A13_03243	10P3R2A13_03243	100.000	294	0	0	1	294	1	294	0.0	606
10P3R2A13_03243	25P2R1A13_03717	97.619	294	7	0	1	294	1	294	0.0	596
10P3R2A13_03244	10P3R2A13_03244	100.000	153	0	0	1	153	1	153	3.22e-112	314
10P3R2A13_03245	10P3R2A13_03245	100.000	162	0	0	1	162	1	162	7.17e-119	332
10P3R2A13_03245	11P3R3A1_03667	98.667	150	2	0	1	150	1	150	1.14e-106	304
10P3R2A13_03245	27P2R2A12_03263	98.667	150	2	0	1	150	137	286	3.84e-105	305
10P3R2A13_03245	26P1R3A4_03498	96.667	150	5	0	1	150	1	150	6.59e-105	298
10P3R2A13_03245	32P3R2A9_03463	96.000	150	6	0	1	150	137	286	1.64e-102	298
10P3R2A13_03246	10P3R2A13_03246	100.000	75	0	0	1	75	1	75	4.09e-48	146
10P3R2A13_03246	11P3R3A1_03667	98.667	75	1	0	1	75	162	236	8.98e-47	148
10P3R2A13_03246	25P2R1A13_03716	98.667	75	1	0	1	75	298	372	9.95e-46	149
10P3R2A13_03246	27P2R2A12_03263	98.667	75	1	0	1	75	298	372	1.17e-45	149
10P3R2A13_03246	32P3R2A9_03463	97.333	75	2	0	1	75	298	372	1.20e-44	146
10P3R2A13_03246	26P1R3A4_03498	100.000	36	0	0	1	36	162	197	2.81e-18	74.7
10P3R2A13_03246	12_1P1R2A2-1_03327	100.000	36	0	0	1	36	298	333	1.38e-17	74.7
10P3R2A13_03247	10P3R2A13_03247	100.000	397	0	0	1	397	1	397	0.0	777
10P3R2A13_03247	15P1R1A16_05189	100.000	345	0	0	53	397	1	345	0.0	672
10P3R2A13_03248	10P3R2A13_03248	100.000	222	0	0	1	222	1	222	2.44e-159	439
10P3R2A13_03249	10P3R2A13_03249	100.000	145	0	0	1	145	1	145	9.62e-104	292
10P3R2A13_03250	10P3R2A13_03250	100.000	128	0	0	1	128	1	128	5.49e-94	266
10P3R2A13_03251	10P3R2A13_03251	100.000	73	0	0	1	73	1	73	5.73e-49	148
10P3R2A13_03251	28P2R1A12_03579	97.260	73	2	0	1	73	1	73	5.90e-47	143
10P3R2A13_03252	10P3R2A13_03252	100.000	480	0	0	1	480	1	480	0.0	1008
10P3R2A13_03253	10P3R2A13_03253	100.000	558	0	0	1	558	1	558	0.0	1150
10P3R2A13_03254	10P3R2A13_03254	100.000	104	0	0	1	104	1	104	5.18e-71	206
10P3R2A13_03255	10P3R2A13_03255	100.000	441	0	0	1	441	1	441	0.0	880
10P3R2A13_03256	10P3R2A13_03256	100.000	104	0	0	1	104	1	104	5.36e-71	206
10P3R2A13_03257	10P3R2A13_03257	100.000	233	0	0	1	233	1	233	2.07e-175	481
10P3R2A13_03258	10P3R2A13_03258	100.000	300	0	0	1	300	1	300	0.0	586
10P3R2A13_03258	25P2R1A13_03710	99.265	272	2	0	1	272	1	272	0.0	530
10P3R2A13_03258	34P3R2A10_02823	100.000	135	0	0	166	300	1	135	1.69e-89	263
10P3R2A13_03259	10P3R2A13_03259	100.000	396	0	0	1	396	1	396	0.0	783
10P3R2A13_03259	16_1P2R1A8-1_04762	99.583	240	1	0	157	396	1	240	8.90e-172	479
10P3R2A13_03259	16_1P2R1A8-1_04017	98.758	161	2	0	1	161	1	161	1.12e-106	311
10P3R2A13_03260	10P3R2A13_03260	100.000	32	0	0	1	32	1	32	8.54e-17	64.7
10P3R2A13_03261	10P3R2A13_03261	100.000	297	0	0	1	297	1	297	0.0	616
10P3R2A13_03261	5P3R2A4_02888	99.468	188	1	0	110	297	1	188	1.18e-136	384
10P3R2A13_03261	5P3R2A4_02887	100.000	107	0	0	1	107	1	107	8.42e-77	229
10P3R2A13_03261	16_1P2R1A8-1_04764	100.000	75	0	0	223	297	14	88	6.23e-49	157
10P3R2A13_03262	10P3R2A13_03262	100.000	131	0	0	1	131	1	131	7.11e-94	266
10P3R2A13_03262	28P2R1A12_03590	97.710	131	3	0	1	131	1	131	1.86e-91	260
10P3R2A13_03262	15P1R1A16_01345	96.947	131	4	0	1	131	1	131	3.21e-91	259
10P3R2A13_03263	10P3R2A13_03263	100.000	173	0	0	1	173	1	173	4.27e-126	351
10P3R2A13_03263	25P2R1A13_03705	97.688	173	4	0	1	173	1	173	1.16e-123	345
10P3R2A13_03263	43P2R2A2_03488	100.000	101	0	0	73	173	1	101	1.04e-69	206
10P3R2A13_03264	10P3R2A13_03264	100.000	682	0	0	1	682	1	682	0.0	1412
10P3R2A13_03265	10P3R2A13_03265	100.000	249	0	0	1	249	1	249	0.0	515
10P3R2A13_03266	10P3R2A13_03266	100.000	229	0	0	1	229	1	229	1.03e-171	471
10P3R2A13_03267	10P3R2A13_03267	100.000	68	0	0	1	68	1	68	4.49e-44	135
10P3R2A13_03268	10P3R2A13_03268	100.000	487	0	0	1	487	1	487	0.0	1008
10P3R2A13_03268	25P2R1A13_03700	98.855	262	3	0	226	487	1	262	0.0	537
10P3R2A13_03268	25P2R1A13_03699	98.438	192	3	0	1	192	1	192	1.63e-138	397
10P3R2A13_03269	40P3R1A10_00689	100.000	428	0	0	1	428	29	456	0.0	861
10P3R2A13_03269	10P3R2A13_03269	100.000	428	0	0	1	428	1	428	0.0	860
10P3R2A13_03270	10P3R2A13_03270	100.000	78	0	0	1	78	1	78	6.92e-52	156
10P3R2A13_03271	10P3R2A13_03271	100.000	197	0	0	1	197	1	197	3.59e-144	399
10P3R2A13_03271	15P1R1A16_01336	97.970	197	4	0	1	197	1	197	2.86e-141	391
10P3R2A13_03272	10P3R2A13_03272	100.000	192	0	0	1	192	1	192	1.79e-141	392
10P3R2A13_03272	29P3R3A9_03779	97.396	192	5	0	1	192	1	192	1.11e-137	382
10P3R2A13_03272	27P2R2A12_03243	96.875	192	6	0	1	192	1	192	1.51e-137	382
10P3R2A13_03272	17P1R1A4_03402	97.396	192	5	0	1	192	1	192	3.05e-137	381
10P3R2A13_03272	14P1R2A4_04972	96.875	192	6	0	1	192	1	192	4.15e-137	380
10P3R2A13_03272	15P1R1A16_05163	97.382	191	5	0	1	191	1	191	9.95e-137	380
10P3R2A13_03272	40P3R1A10_03621	96.859	191	6	0	1	191	1	191	3.07e-136	379
10P3R2A13_03272	40P3R1A10_01147	95.812	191	8	0	1	191	1	191	7.42e-135	375
10P3R2A13_03272	34P3R2A10_03153	95.288	191	9	0	1	191	1	191	2.46e-133	371
10P3R2A13_03272	29P3R3A9_03424	95.288	191	9	0	1	191	1	191	5.13e-133	370
10P3R2A13_03272	12_1P1R2A2-1_04422	98.551	138	2	0	55	192	1	138	8.04e-96	274
10P3R2A13_03273	10P3R2A13_03273	100.000	230	0	0	1	230	1	230	9.95e-173	474
10P3R2A13_03273	18P3R3A11_02927	95.652	230	10	0	1	230	1	230	1.37e-164	453
10P3R2A13_03274	10P3R2A13_03274	100.000	219	0	0	1	219	1	219	2.09e-165	454
10P3R2A13_03275	10P3R2A13_03275	100.000	271	0	0	1	271	1	271	0.0	555
10P3R2A13_03276	10P3R2A13_03276	100.000	133	0	0	1	133	1	133	2.12e-89	255
10P3R2A13_03277	10P3R2A13_03277	100.000	805	0	0	1	805	1	805	0.0	1667
10P3R2A13_03277	42P1R1A12_03549	95.280	805	38	0	1	805	1	805	0.0	1568
10P3R2A13_03277	31P2R1A5_04734	95.155	805	39	0	1	805	1	805	0.0	1568
10P3R2A13_03277	15P1R1A16_01183	99.792	481	1	0	325	805	1	481	0.0	988
10P3R2A13_03277	43P2R2A2_04869	100.000	79	0	0	727	805	1	79	2.10e-47	162
10P3R2A13_03278	10P3R2A13_03278	100.000	358	0	0	1	358	1	358	0.0	736
10P3R2A13_03278	47P2R3A6_03759	96.369	358	13	0	1	358	1	358	0.0	709
10P3R2A13_03278	18P3R3A11_02922	96.089	358	14	0	1	358	1	358	0.0	709
10P3R2A13_03279	10P3R2A13_03279	100.000	367	0	0	1	367	1	367	0.0	754
10P3R2A13_03279	31P2R1A5_04736	95.640	367	16	0	1	367	1	367	0.0	725
10P3R2A13_03279	18P3R3A11_02921	95.095	367	18	0	1	367	1	367	0.0	723
10P3R2A13_03279	38P2R3A13_08591	95.572	271	12	0	97	367	1	271	0.0	539
10P3R2A13_03280	10P3R2A13_03280	100.000	468	0	0	1	468	1	468	0.0	967
10P3R2A13_03280	47P2R3A6_03761	95.940	468	17	1	1	468	1	466	0.0	901
10P3R2A13_03281	10P3R2A13_03281	100.000	47	0	0	1	47	1	47	1.43e-26	90.1
10P3R2A13_03281	24P1R3A1_04037	95.556	45	2	0	1	45	1	45	7.97e-25	85.9
10P3R2A13_03282	10P3R2A13_03282	100.000	109	0	0	1	109	1	109	2.38e-76	220
10P3R2A13_03282	47P2R3A6_03762	96.330	109	4	0	1	109	1	109	3.22e-74	215
10P3R2A13_03282	42P1R1A12_03545	95.413	109	5	0	1	109	1	109	5.37e-72	209
10P3R2A13_03283	10P3R2A13_03283	100.000	549	0	0	1	549	1	549	0.0	1130
10P3R2A13_03284	10P3R2A13_03284	100.000	455	0	0	1	455	1	455	0.0	908
10P3R2A13_03285	10P3R2A13_03285	100.000	472	0	0	1	472	1	472	0.0	983
10P3R2A13_03286	11P3R3A1_02399	100.000	390	0	0	1	390	27	416	0.0	766
10P3R2A13_03286	10P3R2A13_03286	100.000	390	0	0	1	390	1	390	0.0	766
10P3R2A13_03286	15P1R1A16_05066	100.000	168	0	0	223	390	1	168	1.67e-115	333
10P3R2A13_03287	10P3R2A13_03287	100.000	392	0	0	1	392	1	392	0.0	773
10P3R2A13_03287	15P1R1A16_01966	100.000	80	0	0	313	392	1	80	2.05e-48	159
10P3R2A13_03288	10P3R2A13_03288	100.000	320	0	0	1	320	1	320	0.0	655
10P3R2A13_03289	10P3R2A13_03289	100.000	250	0	0	1	250	1	250	0.0	518
10P3R2A13_03289	27P2R2A12_03213	98.000	250	5	0	1	250	1	250	0.0	509
10P3R2A13_03290	10P3R2A13_03290	100.000	189	0	0	1	189	1	189	1.10e-138	384
10P3R2A13_03291	10P3R2A13_03291	100.000	446	0	0	1	446	1	446	0.0	875
10P3R2A13_03291	34P3R2A10_03839	99.769	433	1	0	14	446	1	433	0.0	846
10P3R2A13_03292	10P3R2A13_03292	100.000	222	0	0	1	222	1	222	3.44e-169	464
10P3R2A13_03292	34P3R2A10_05032	100.000	194	0	0	29	222	1	194	5.97e-147	407
10P3R2A13_03293	10P3R2A13_03293	100.000	158	0	0	1	158	1	158	1.79e-108	305
10P3R2A13_03293	16_1P2R1A8-1_03147	97.468	158	4	0	1	158	1	158	2.98e-104	295
10P3R2A13_03293	25P2R1A13_02390	96.203	158	4	1	1	158	1	156	2.17e-102	290
10P3R2A13_03294	10P3R2A13_03294	100.000	196	0	0	1	196	1	196	6.04e-147	405
10P3R2A13_03294	27P2R2A12_03207	98.936	94	1	0	103	196	1	94	1.06e-64	194
10P3R2A13_03294	27P2R2A12_03208	100.000	57	0	0	1	57	1	57	3.42e-37	123
10P3R2A13_03295	10P3R2A13_03295	100.000	241	0	0	1	241	1	241	0.0	499
10P3R2A13_03296	10P3R2A13_03296	100.000	390	0	0	1	390	1	390	0.0	804
10P3R2A13_03296	33P3R2A2_03601	98.615	361	5	0	1	361	1	361	0.0	731
10P3R2A13_03296	5P3R2A4_03078	99.624	266	1	0	125	390	1	266	0.0	550
10P3R2A13_03297	10P3R2A13_03297	100.000	539	0	0	1	539	1	539	0.0	1113
10P3R2A13_03299	10P3R2A13_03299	100.000	626	0	0	1	626	1	626	0.0	1257
10P3R2A13_03299	43P2R2A2_03002	100.000	560	0	0	67	626	1	560	0.0	1122
10P3R2A13_03299	28P2R1A12_01947	99.219	512	4	0	115	626	1	512	0.0	1023
10P3R2A13_03299	32P3R2A9_03590	100.000	334	0	0	293	626	1	334	0.0	671
10P3R2A13_03299	32P3R2A9_03591	99.627	268	1	0	1	268	1	268	0.0	538
10P3R2A13_03299	28P2R1A12_01948	98.795	83	1	0	1	83	1	83	6.18e-50	168
10P3R2A13_03300	10P3R2A13_03300	100.000	279	0	0	1	279	1	279	0.0	572
10P3R2A13_03300	29P3R3A9_02664	99.585	241	1	0	1	241	1	241	1.13e-179	494
10P3R2A13_03300	32P3R2A9_03593	99.487	195	1	0	1	195	1	195	8.66e-143	399
10P3R2A13_03300	32P3R2A9_03592	100.000	80	0	0	200	279	1	80	1.11e-52	166
10P3R2A13_03301	10P3R2A13_03301	100.000	242	0	0	1	242	1	242	0.0	495
10P3R2A13_03301	18P3R3A11_02910	95.041	242	12	0	1	242	1	242	1.20e-172	474
10P3R2A13_03301	43P2R2A2_05311	100.000	215	0	0	28	242	1	215	3.49e-159	439
10P3R2A13_03302	10P3R2A13_03302	100.000	258	0	0	1	258	1	258	0.0	539
10P3R2A13_03302	47P2R3A6_03772	96.512	258	9	0	1	258	1	258	0.0	525
10P3R2A13_03302	42P1R1A12_05358	96.512	258	9	0	1	258	1	258	0.0	524
10P3R2A13_03302	18P3R3A11_02909	95.349	258	12	0	1	258	1	258	0.0	519
10P3R2A13_03303	10P3R2A13_03303	100.000	297	0	0	1	297	1	297	0.0	589
10P3R2A13_03303	15P1R1A16_01950	100.000	248	0	0	50	297	1	248	4.90e-179	493
10P3R2A13_03304	10P3R2A13_03304	100.000	320	0	0	1	320	1	320	0.0	622
10P3R2A13_03304	18P3R3A11_02907	95.312	320	15	0	1	320	1	320	0.0	572
10P3R2A13_03305	10P3R2A13_03305	100.000	347	0	0	1	347	1	347	0.0	697
10P3R2A13_03305	15P1R1A16_05208	100.000	308	0	0	40	347	1	308	0.0	620
10P3R2A13_03306	10P3R2A13_03306	100.000	358	0	0	1	358	1	358	0.0	729
10P3R2A13_03306	8P2R1A11_02178	99.595	247	1	0	112	358	12	258	9.01e-179	496
10P3R2A13_03306	8P2R1A11_02179	99.074	108	1	0	1	108	1	108	3.35e-75	227
10P3R2A13_03307	11P3R3A1_02420	100.000	278	0	0	1	278	564	841	0.0	568
10P3R2A13_03307	10P3R2A13_03307	100.000	278	0	0	1	278	1	278	0.0	566
10P3R2A13_03308	11P3R3A1_02420	100.000	538	0	0	1	538	1	538	0.0	1114
10P3R2A13_03308	10P3R2A13_03308	100.000	539	0	0	1	539	1	539	0.0	1111
10P3R2A13_03309	10P3R2A13_03309	100.000	244	0	0	1	244	1	244	0.0	495
10P3R2A13_03310	10P3R2A13_03310	100.000	191	0	0	1	191	1	191	2.64e-139	386
10P3R2A13_03311	10P3R2A13_03311	100.000	610	0	0	1	610	1	610	0.0	1244
10P3R2A13_03311	15P1R1A16_04029	100.000	176	0	0	435	610	1	176	5.51e-122	358
10P3R2A13_03312	10P3R2A13_03312	100.000	457	0	0	1	457	1	457	0.0	931
10P3R2A13_03313	10P3R2A13_03313	100.000	140	0	0	1	140	1	140	1.85e-99	281
10P3R2A13_03313	31P2R1A5_04758	96.429	140	5	0	1	140	1	140	1.62e-95	271
10P3R2A13_03313	18P3R3A11_02899	95.714	140	6	0	1	140	1	140	1.79e-95	271
10P3R2A13_03315	10P3R2A13_03315	100.000	288	0	0	1	288	1	288	0.0	593
10P3R2A13_03315	31P2R1A5_04760	95.139	288	14	0	1	288	1	288	0.0	569
10P3R2A13_03316	10P3R2A13_03316	100.000	514	0	0	1	514	1	514	0.0	1044
10P3R2A13_03316	18P3R3A11_02896	95.525	514	23	0	1	514	1	514	0.0	1010
10P3R2A13_03317	10P3R2A13_03317	100.000	178	0	0	1	178	1	178	3.89e-128	357
10P3R2A13_03318	10P3R2A13_03318	100.000	157	0	0	1	157	1	157	1.15e-106	301
10P3R2A13_03318	18P3R3A11_02894	95.541	157	7	0	1	157	1	157	5.72e-102	289
10P3R2A13_03318	5P3R2A4_03835	100.000	128	0	0	30	157	1	128	8.20e-80	232
10P3R2A13_03320	10P3R2A13_03320	100.000	272	0	0	1	272	1	272	0.0	538
10P3R2A13_03320	34P3R2A10_02009	100.000	158	0	0	115	272	1	158	7.33e-108	309
10P3R2A13_03321	10P3R2A13_03321	100.000	127	0	0	1	127	1	127	8.49e-83	238
10P3R2A13_03322	10P3R2A13_03322	100.000	208	0	0	1	208	1	208	2.33e-153	423
10P3R2A13_03323	10P3R2A13_03323	100.000	630	0	0	1	630	1	630	0.0	1298
10P3R2A13_03323	31P2R1A5_04768	95.079	630	31	0	1	630	1	630	0.0	1231
10P3R2A13_03323	18P3R3A11_02889	95.238	630	30	0	1	630	1	630	0.0	1229
10P3R2A13_03324	10P3R2A13_03324	100.000	148	0	0	1	148	1	148	5.90e-105	296
10P3R2A13_03324	25P2R1A13_02416	97.973	148	3	0	1	148	1	148	8.68e-104	293
10P3R2A13_03325	10P3R2A13_03325	100.000	153	0	0	1	153	1	153	1.02e-111	313
10P3R2A13_03325	42P1R1A12_05377	96.732	153	5	0	1	153	1	153	2.37e-108	305
10P3R2A13_03326	10P3R2A13_03326	100.000	331	0	0	1	331	1	331	0.0	672
