32P3R2A9_05222	32P3R2A9_05222	100.000	335	0	0	1	335	1	335	0.0	686
32P3R2A9_05222	24P1R3A1_09096	97.273	220	6	0	116	335	1	220	1.09e-156	437
32P3R2A9_05223	32P3R2A9_05223	100.000	141	0	0	1	141	1	141	6.89e-104	292
32P3R2A9_05224	32P3R2A9_05224	100.000	416	0	0	1	416	1	416	0.0	829
32P3R2A9_05224	24P1R3A1_08634	97.596	416	10	0	1	416	1	416	0.0	815
32P3R2A9_05225	32P3R2A9_05225	100.000	308	0	0	1	308	1	308	0.0	616
32P3R2A9_05225	24P1R3A1_08268	96.721	305	10	0	4	308	1	305	0.0	590
32P3R2A9_05226	32P3R2A9_05226	100.000	258	0	0	1	258	1	258	0.0	523
32P3R2A9_05226	24P1R3A1_08269	97.500	200	5	0	59	258	1	200	1.14e-142	398
32P3R2A9_05227	32P3R2A9_05227	100.000	539	0	0	1	539	1	539	0.0	1111
32P3R2A9_05235	32P3R2A9_05235	100.000	83	0	0	1	83	1	83	3.50e-57	170
32P3R2A9_05236	32P3R2A9_05236	100.000	42	0	0	1	42	1	42	8.66e-25	85.5
32P3R2A9_05236	24P1R3A1_05031	95.238	42	2	0	1	42	1	42	4.40e-24	83.6
32P3R2A9_05237	32P3R2A9_05237	100.000	215	0	0	1	215	1	215	2.17e-163	449
32P3R2A9_05238	32P3R2A9_05238	100.000	364	0	0	1	364	1	364	0.0	752
32P3R2A9_05239	32P3R2A9_05239	100.000	311	0	0	1	311	1	311	0.0	635
32P3R2A9_05240	32P3R2A9_05240	100.000	66	0	0	1	66	1	66	2.32e-43	134
32P3R2A9_05241	32P3R2A9_05241	100.000	89	0	0	1	89	1	89	8.97e-59	174
32P3R2A9_05241	24P1R3A1_08581	97.753	89	2	0	1	89	290	378	2.69e-55	175
32P3R2A9_05242	32P3R2A9_05242	100.000	328	0	0	1	328	1	328	0.0	677
32P3R2A9_05243	32P3R2A9_05243	100.000	394	0	0	1	394	1	394	0.0	780
32P3R2A9_05244	32P3R2A9_05244	100.000	568	0	0	1	568	1	568	0.0	1178
32P3R2A9_05244	24P1R3A1_08259	98.969	97	1	0	472	568	1	97	4.24e-63	202
32P3R2A9_05245	32P3R2A9_05245	100.000	166	0	0	1	166	1	166	3.31e-124	346
32P3R2A9_05245	24P1R3A1_08246	98.400	125	2	0	42	166	1	125	4.28e-91	261
32P3R2A9_05246	32P3R2A9_05246	100.000	238	0	0	1	238	1	238	0.0	496
32P3R2A9_05246	24P1R3A1_08245	97.899	238	5	0	1	238	1	238	2.38e-177	486
32P3R2A9_05248	32P3R2A9_05248	100.000	226	0	0	1	226	1	226	2.40e-169	465
32P3R2A9_05249	32P3R2A9_05249	100.000	1003	0	0	1	1003	1	1003	0.0	2063
32P3R2A9_05250	32P3R2A9_05250	100.000	407	0	0	1	407	1	407	0.0	850
32P3R2A9_05251	32P3R2A9_05251	100.000	82	0	0	1	82	1	82	6.57e-48	146
32P3R2A9_05252	32P3R2A9_05252	100.000	211	0	0	1	211	1	211	8.48e-160	439
32P3R2A9_05253	32P3R2A9_05253	100.000	354	0	0	1	354	1	354	0.0	718
32P3R2A9_05254	32P3R2A9_05254	100.000	88	0	0	1	88	1	88	8.57e-61	179
32P3R2A9_05255	32P3R2A9_05255	100.000	102	0	0	1	102	1	102	4.27e-72	209
32P3R2A9_05256	32P3R2A9_05256	100.000	182	0	0	1	182	1	182	9.64e-134	371
32P3R2A9_05257	32P3R2A9_05257	100.000	270	0	0	1	270	1	270	0.0	545
32P3R2A9_05258	32P3R2A9_05258	100.000	259	0	0	1	259	1	259	0.0	524
32P3R2A9_05259	32P3R2A9_05259	100.000	83	0	0	1	83	1	83	1.59e-56	168
32P3R2A9_05260	32P3R2A9_05260	100.000	258	0	0	1	258	1	258	0.0	515
32P3R2A9_05261	32P3R2A9_05261	100.000	317	0	0	1	317	1	317	0.0	635
32P3R2A9_05262	32P3R2A9_05262	100.000	188	0	0	1	188	1	188	6.61e-141	390
32P3R2A9_05262	24P1R3A1_08930	95.213	188	9	0	1	188	1	188	2.66e-134	373
32P3R2A9_05263	32P3R2A9_05263	100.000	176	0	0	1	176	1	176	1.65e-125	350
32P3R2A9_05264	32P3R2A9_05264	100.000	63	0	0	1	63	1	63	4.35e-42	130
32P3R2A9_05265	32P3R2A9_05265	100.000	102	0	0	1	102	1	102	9.44e-71	206
32P3R2A9_05266	32P3R2A9_05266	100.000	291	0	0	1	291	1	291	0.0	605
32P3R2A9_05267	32P3R2A9_05267	100.000	181	0	0	1	181	1	181	2.18e-136	378
32P3R2A9_05268	32P3R2A9_05268	100.000	179	0	0	1	179	1	179	1.80e-130	363
32P3R2A9_05269	32P3R2A9_05269	100.000	216	0	0	1	216	1	216	1.52e-157	434
32P3R2A9_05269	24P1R3A1_08860	95.833	216	9	0	1	216	1	216	3.82e-152	421
32P3R2A9_05270	32P3R2A9_05270	100.000	183	0	0	1	183	1	183	2.02e-137	380
32P3R2A9_05271	32P3R2A9_05271	100.000	97	0	0	1	97	1	97	7.54e-68	198
32P3R2A9_05272	32P3R2A9_05272	100.000	208	0	0	1	208	1	208	1.30e-153	424
32P3R2A9_05273	32P3R2A9_05273	100.000	98	0	0	1	98	1	98	9.30e-63	185
32P3R2A9_05274	32P3R2A9_05274	100.000	185	0	0	1	185	1	185	6.75e-136	377
32P3R2A9_05275	32P3R2A9_05275	100.000	629	0	0	1	629	1	629	0.0	1309
32P3R2A9_05276	32P3R2A9_05276	100.000	120	0	0	1	120	1	120	2.80e-86	246
32P3R2A9_05277	32P3R2A9_05277	100.000	64	0	0	1	64	1	64	1.78e-44	136
32P3R2A9_05278	32P3R2A9_05278	100.000	76	0	0	1	76	1	76	4.91e-53	159
32P3R2A9_05279	32P3R2A9_05279	100.000	181	0	0	1	181	1	181	1.03e-133	371
32P3R2A9_05280	32P3R2A9_05280	100.000	114	0	0	1	114	1	114	5.15e-85	243
32P3R2A9_05281	32P3R2A9_05281	100.000	114	0	0	1	114	1	114	2.85e-81	233
32P3R2A9_05281	37P2R3-2A1_02203	96.190	105	4	0	1	105	1	105	1.40e-71	209
32P3R2A9_05282	32P3R2A9_05282	100.000	336	0	0	1	336	1	336	0.0	686
32P3R2A9_05282	37P2R3-2A1_02204	97.917	336	7	0	1	336	1	336	0.0	672
32P3R2A9_05283	32P3R2A9_05283	100.000	85	0	0	1	85	1	85	6.22e-59	174
32P3R2A9_05284	32P3R2A9_05284	100.000	74	0	0	1	74	1	74	3.63e-49	149
32P3R2A9_05285	32P3R2A9_05285	100.000	190	0	0	1	190	1	190	1.47e-141	392
32P3R2A9_05286	32P3R2A9_05286	100.000	278	0	0	1	278	1	278	0.0	579
32P3R2A9_05287	32P3R2A9_05287	100.000	69	0	0	1	69	1	69	1.22e-45	139
32P3R2A9_05288	32P3R2A9_05288	100.000	117	0	0	1	117	1	117	8.85e-85	242
32P3R2A9_05289	32P3R2A9_05289	100.000	140	0	0	1	140	1	140	7.28e-100	282
32P3R2A9_05290	32P3R2A9_05290	100.000	170	0	0	1	170	1	170	2.81e-122	341
32P3R2A9_05291	32P3R2A9_05291	100.000	81	0	0	1	81	1	81	7.77e-55	164
32P3R2A9_05292	32P3R2A9_05292	100.000	57	0	0	1	57	1	57	5.47e-34	109
32P3R2A9_05293	32P3R2A9_05293	100.000	501	0	0	1	501	1	501	0.0	1013
32P3R2A9_05293	24P1R3A1_08900	98.853	436	5	0	66	501	1	436	0.0	871
32P3R2A9_05294	32P3R2A9_05294	100.000	104	0	0	1	104	1	104	2.94e-73	212
32P3R2A9_05295	32P3R2A9_05295	100.000	146	0	0	1	146	1	146	4.41e-104	293
32P3R2A9_05295	24P1R3A1_08155	97.945	146	3	0	1	146	1	146	3.26e-101	286
32P3R2A9_05297	32P3R2A9_05297	100.000	175	0	0	1	175	1	175	1.29e-131	365
32P3R2A9_05298	32P3R2A9_05298	100.000	71	0	0	1	71	1	71	1.77e-47	144
32P3R2A9_05299	32P3R2A9_05299	100.000	83	0	0	1	83	1	83	5.57e-56	167
32P3R2A9_05300	32P3R2A9_05300	100.000	84	0	0	1	84	1	84	1.87e-56	168
32P3R2A9_05301	32P3R2A9_05301	100.000	208	0	0	1	208	1	208	1.40e-155	429
32P3R2A9_05304	32P3R2A9_05304	100.000	407	0	0	1	407	1	407	0.0	838
32P3R2A9_05305	32P3R2A9_05305	100.000	118	0	0	1	118	1	118	4.94e-81	233
32P3R2A9_05306	32P3R2A9_05306	100.000	132	0	0	1	132	1	132	4.22e-95	270
32P3R2A9_05307	32P3R2A9_05307	100.000	116	0	0	1	116	1	116	2.53e-83	238
32P3R2A9_05308	32P3R2A9_05308	100.000	139	0	0	1	139	1	139	1.17e-99	281
32P3R2A9_05309	32P3R2A9_05309	100.000	702	0	0	1	702	1	702	0.0	1416
32P3R2A9_05310	32P3R2A9_05310	100.000	125	0	0	1	125	1	125	1.26e-89	255
32P3R2A9_05311	32P3R2A9_05311	100.000	446	0	0	1	446	1	446	0.0	861
32P3R2A9_05312	32P3R2A9_05312	100.000	354	0	0	1	354	1	354	0.0	730
32P3R2A9_05313	32P3R2A9_05313	100.000	112	0	0	1	112	1	112	6.48e-80	229
32P3R2A9_05314	32P3R2A9_05314	100.000	187	0	0	1	187	1	187	2.80e-136	378
32P3R2A9_05315	32P3R2A9_05315	100.000	222	0	0	1	222	1	222	1.58e-170	468
32P3R2A9_05316	32P3R2A9_05316	100.000	101	0	0	1	101	1	101	3.99e-67	196
32P3R2A9_05317	32P3R2A9_05317	100.000	209	0	0	1	209	1	209	5.08e-158	435
32P3R2A9_05318	32P3R2A9_05318	100.000	424	0	0	1	424	1	424	0.0	883
32P3R2A9_05318	3P1R3A2_04502	97.642	424	10	0	1	424	1	424	0.0	869
32P3R2A9_05318	30P2R3A4_04034	97.636	423	10	0	1	423	1	423	0.0	863
32P3R2A9_05318	10P3R2A13_04762	99.088	329	3	0	61	389	1	329	0.0	680
32P3R2A9_05319	32P3R2A9_05319	100.000	82	0	0	1	82	1	82	7.05e-56	166
32P3R2A9_05319	10P3R2A13_04764	100.000	82	0	0	1	82	65	146	1.57e-55	168
32P3R2A9_05319	32P3R2A9_04898	98.667	75	1	0	1	75	65	139	9.52e-51	155
32P3R2A9_05320	32P3R2A9_05320	100.000	101	0	0	1	101	1	101	1.21e-69	202
32P3R2A9_05321	32P3R2A9_05321	100.000	138	0	0	1	138	1	138	7.01e-94	267
32P3R2A9_05322	32P3R2A9_05322	100.000	101	0	0	1	101	1	101	1.14e-67	197
32P3R2A9_05323	32P3R2A9_05323	100.000	227	0	0	1	227	1	227	1.51e-164	453
32P3R2A9_05323	24P1R3A1_08493	95.595	227	10	0	1	227	1	227	2.55e-159	439
32P3R2A9_05324	32P3R2A9_05324	100.000	317	0	0	1	317	1	317	0.0	662
32P3R2A9_05325	32P3R2A9_05325	100.000	450	0	0	1	450	1	450	0.0	926
32P3R2A9_05326	32P3R2A9_05326	100.000	195	0	0	1	195	1	195	3.97e-143	396
32P3R2A9_05327	32P3R2A9_05327	100.000	77	0	0	1	77	1	77	2.70e-53	159
32P3R2A9_05328	32P3R2A9_05328	100.000	108	0	0	1	108	1	108	1.59e-76	221
32P3R2A9_05329	32P3R2A9_05329	100.000	92	0	0	1	92	1	92	8.15e-64	187
32P3R2A9_05330	32P3R2A9_05330	100.000	115	0	0	1	115	1	115	5.76e-80	230
32P3R2A9_05331	32P3R2A9_05331	100.000	524	0	0	1	524	1	524	0.0	1062
32P3R2A9_05332	32P3R2A9_05332	100.000	100	0	0	1	100	1	100	8.23e-68	198
32P3R2A9_05333	32P3R2A9_05333	100.000	169	0	0	1	169	1	169	2.35e-124	346
32P3R2A9_05334	32P3R2A9_05334	100.000	184	0	0	1	184	1	184	1.54e-128	358
32P3R2A9_05335	32P3R2A9_05335	100.000	226	0	0	1	226	1	226	8.77e-169	463
32P3R2A9_05337	32P3R2A9_05337	100.000	144	0	0	1	144	1	144	1.37e-106	300
32P3R2A9_05338	32P3R2A9_05338	100.000	122	0	0	1	122	1	122	9.14e-89	253
32P3R2A9_05339	32P3R2A9_05339	100.000	346	0	0	1	346	1	346	0.0	706
32P3R2A9_05340	32P3R2A9_05340	100.000	274	0	0	1	274	1	274	0.0	544
32P3R2A9_05340	24P1R3A1_08742	97.810	274	6	0	1	274	1	274	0.0	533
32P3R2A9_05341	32P3R2A9_05341	100.000	118	0	0	1	118	1	118	4.22e-82	236
32P3R2A9_05343	32P3R2A9_05343	100.000	97	0	0	1	97	1	97	2.59e-66	194
32P3R2A9_05344	32P3R2A9_05344	100.000	306	0	0	1	306	1	306	0.0	618
32P3R2A9_05344	24P1R3A1_09402	97.386	306	8	0	1	306	1	306	0.0	603
32P3R2A9_05345	32P3R2A9_05345	100.000	83	0	0	1	83	1	83	2.50e-56	167
32P3R2A9_05346	32P3R2A9_05346	100.000	201	0	0	1	201	1	201	1.18e-151	418
32P3R2A9_05347	32P3R2A9_05347	100.000	148	0	0	1	148	1	148	4.41e-107	301
32P3R2A9_05348	32P3R2A9_05348	100.000	210	0	0	1	210	1	210	1.97e-155	428
32P3R2A9_05349	32P3R2A9_05349	100.000	328	0	0	1	328	1	328	0.0	683
32P3R2A9_05350	32P3R2A9_05350	100.000	206	0	0	1	206	1	206	7.79e-152	419
32P3R2A9_05351	32P3R2A9_05351	100.000	86	0	0	1	86	1	86	1.21e-57	171
32P3R2A9_05352	32P3R2A9_05352	100.000	123	0	0	1	123	1	123	3.89e-87	249
32P3R2A9_05353	32P3R2A9_05353	100.000	681	0	0	1	681	1	681	0.0	1368
32P3R2A9_05354	32P3R2A9_05354	100.000	213	0	0	1	213	1	213	3.50e-151	418
32P3R2A9_05355	32P3R2A9_05355	100.000	157	0	0	1	157	1	157	1.54e-105	298
32P3R2A9_05356	32P3R2A9_05356	100.000	69	0	0	1	69	1	69	1.72e-44	137
32P3R2A9_05356	24P1R3A1_09189	100.000	69	0	0	1	69	144	212	4.80e-43	137
32P3R2A9_05357	32P3R2A9_05357	100.000	58	0	0	1	58	1	58	3.07e-38	120
32P3R2A9_05358	32P3R2A9_05358	100.000	225	0	0	1	225	1	225	1.20e-165	455
32P3R2A9_05359	32P3R2A9_05359	100.000	600	0	0	1	600	1	600	0.0	1202
32P3R2A9_05361	32P3R2A9_05361	100.000	109	0	0	1	109	1	109	1.64e-75	218
32P3R2A9_05362	32P3R2A9_05362	100.000	127	0	0	1	127	1	127	5.00e-93	264
32P3R2A9_05363	32P3R2A9_05363	100.000	149	0	0	1	149	1	149	1.23e-107	303
32P3R2A9_05364	32P3R2A9_05364	100.000	153	0	0	1	153	1	153	6.34e-114	319
32P3R2A9_05365	32P3R2A9_05365	100.000	106	0	0	1	106	1	106	5.06e-73	211
32P3R2A9_05366	32P3R2A9_05366	100.000	332	0	0	1	332	1	332	0.0	689
32P3R2A9_05367	32P3R2A9_05367	100.000	161	0	0	1	161	1	161	1.57e-116	326
32P3R2A9_05368	32P3R2A9_05368	100.000	208	0	0	1	208	1	208	1.36e-143	398
32P3R2A9_05369	32P3R2A9_05369	100.000	575	0	0	1	575	1	575	0.0	1195
32P3R2A9_05370	32P3R2A9_05370	100.000	301	0	0	1	301	1	301	0.0	620
32P3R2A9_05370	32P3R2A9_04637	96.678	301	10	0	1	301	9	309	0.0	601
32P3R2A9_05370	28P2R1A12_04696	97.945	146	3	0	156	301	1	146	1.49e-104	301
32P3R2A9_05371	32P3R2A9_05371	100.000	320	0	0	1	320	1	320	0.0	651
32P3R2A9_05372	32P3R2A9_05372	100.000	226	0	0	1	226	1	226	2.77e-169	465
32P3R2A9_05372	24P1R3A1_08597	97.987	149	3	0	78	226	1	149	9.04e-106	301
32P3R2A9_05373	32P3R2A9_05373	100.000	63	0	0	1	63	1	63	5.21e-41	127
32P3R2A9_05374	32P3R2A9_05374	100.000	109	0	0	1	109	1	109	6.36e-78	224
32P3R2A9_05375	32P3R2A9_05375	100.000	255	0	0	1	255	1	255	0.0	519
32P3R2A9_05375	24P1R3A1_08242	96.471	255	9	0	1	255	1	255	0.0	502
32P3R2A9_05376	32P3R2A9_05376	100.000	145	0	0	1	145	1	145	2.74e-106	299
32P3R2A9_05377	32P3R2A9_05377	100.000	260	0	0	1	260	1	260	0.0	516
32P3R2A9_05379	32P3R2A9_05379	100.000	134	0	0	1	134	1	134	9.45e-96	271
32P3R2A9_05379	24P1R3A1_08211	97.436	78	2	0	57	134	1	78	1.78e-50	155
32P3R2A9_05380	32P3R2A9_05380	100.000	113	0	0	1	113	1	113	9.94e-79	226
32P3R2A9_05381	32P3R2A9_05381	100.000	160	0	0	1	160	1	160	5.46e-114	320
32P3R2A9_05382	32P3R2A9_05382	100.000	62	0	0	1	62	1	62	3.04e-40	125
32P3R2A9_05383	32P3R2A9_05383	100.000	101	0	0	1	101	1	101	1.93e-70	205
32P3R2A9_05384	32P3R2A9_05384	100.000	147	0	0	1	147	1	147	3.62e-108	304
32P3R2A9_05385	32P3R2A9_05385	100.000	207	0	0	1	207	1	207	1.24e-155	429
32P3R2A9_05386	32P3R2A9_05386	100.000	147	0	0	1	147	1	147	5.23e-110	308
32P3R2A9_05387	32P3R2A9_05387	100.000	111	0	0	1	111	1	111	4.83e-80	230
32P3R2A9_05388	32P3R2A9_05388	100.000	321	0	0	1	321	1	321	0.0	660
32P3R2A9_05389	32P3R2A9_05389	100.000	247	0	0	1	247	1	247	0.0	501
32P3R2A9_05389	24P1R3A1_08937	96.774	248	7	1	1	247	143	390	2.94e-175	487
32P3R2A9_05390	32P3R2A9_05390	100.000	160	0	0	1	160	1	160	2.04e-118	331
32P3R2A9_05391	32P3R2A9_05391	100.000	309	0	0	1	309	1	309	0.0	636
32P3R2A9_05392	32P3R2A9_05392	100.000	81	0	0	1	81	1	81	1.25e-54	163
32P3R2A9_05393	32P3R2A9_05393	100.000	296	0	0	1	296	1	296	0.0	602
32P3R2A9_05394	32P3R2A9_05394	100.000	331	0	0	1	331	1	331	0.0	660
32P3R2A9_05395	32P3R2A9_05395	100.000	242	0	0	1	242	1	242	0.0	496
32P3R2A9_05396	32P3R2A9_05396	100.000	582	0	0	1	582	1	582	0.0	1182
32P3R2A9_05397	32P3R2A9_05397	100.000	112	0	0	1	112	1	112	3.14e-80	230
32P3R2A9_05398	32P3R2A9_05398	100.000	253	0	0	1	253	1	253	0.0	528
32P3R2A9_05399	32P3R2A9_05399	100.000	237	0	0	1	237	1	237	4.19e-180	493
32P3R2A9_05400	32P3R2A9_05400	100.000	495	0	0	1	495	1	495	0.0	1018
32P3R2A9_05400	17P1R1A4_04455	100.000	448	0	0	48	495	1	448	0.0	920
32P3R2A9_05400	32P3R2A9_04934	98.980	196	2	0	1	196	1	196	1.34e-144	412
32P3R2A9_05401	32P3R2A9_05401	100.000	213	0	0	1	213	1	213	2.05e-158	436
32P3R2A9_05401	17P1R1A4_04454	100.000	141	0	0	73	213	1	141	5.15e-103	293
32P3R2A9_05403	32P3R2A9_05403	100.000	318	0	0	1	318	1	318	0.0	636
32P3R2A9_05403	17P1R1A4_04452	97.468	316	8	0	1	316	1	316	0.0	621
32P3R2A9_05404	32P3R2A9_05404	100.000	76	0	0	1	76	1	76	3.43e-52	157
32P3R2A9_05405	32P3R2A9_05405	100.000	117	0	0	1	117	1	117	1.98e-79	229
32P3R2A9_05406	32P3R2A9_05406	100.000	161	0	0	1	161	1	161	3.45e-117	328
32P3R2A9_05407	32P3R2A9_05407	100.000	134	0	0	1	134	1	134	6.37e-96	272
32P3R2A9_05408	32P3R2A9_05408	100.000	130	0	0	1	130	1	130	4.83e-95	269
32P3R2A9_05409	32P3R2A9_05409	100.000	109	0	0	1	109	1	109	9.79e-77	221
32P3R2A9_05409	24P1R3A1_08464	95.413	109	5	0	1	109	4	112	4.34e-73	212
32P3R2A9_05410	32P3R2A9_05410	100.000	374	0	0	1	374	1	374	0.0	771
32P3R2A9_05411	32P3R2A9_05411	100.000	504	0	0	1	504	1	504	0.0	1046
32P3R2A9_05412	32P3R2A9_05412	100.000	42	0	0	1	42	1	42	2.73e-23	81.6
32P3R2A9_05413	32P3R2A9_05413	100.000	210	0	0	1	210	1	210	1.06e-157	434
32P3R2A9_05414	32P3R2A9_05414	100.000	257	0	0	1	257	1	257	0.0	520
32P3R2A9_05415	32P3R2A9_05415	100.000	150	0	0	1	150	1	150	1.15e-107	303
32P3R2A9_05416	32P3R2A9_05416	100.000	186	0	0	1	186	1	186	8.32e-129	359
32P3R2A9_05417	32P3R2A9_05417	100.000	152	0	0	1	152	1	152	3.68e-108	304
32P3R2A9_05418	32P3R2A9_05418	100.000	699	0	0	1	699	1	699	0.0	1401
32P3R2A9_05418	24P1R3A1_08373	97.545	448	11	0	252	699	1	448	0.0	890
32P3R2A9_05419	32P3R2A9_05419	100.000	147	0	0	1	147	1	147	1.45e-108	305
32P3R2A9_05420	32P3R2A9_05420	100.000	107	0	0	1	107	1	107	2.36e-74	215
32P3R2A9_05421	32P3R2A9_05421	100.000	134	0	0	1	134	1	134	6.53e-95	269
32P3R2A9_05422	32P3R2A9_05422	100.000	499	0	0	1	499	1	499	0.0	1004
32P3R2A9_05423	32P3R2A9_05423	100.000	557	0	0	1	557	1	557	0.0	1152
32P3R2A9_05424	32P3R2A9_05424	100.000	231	0	0	1	231	1	231	9.92e-168	461
32P3R2A9_05425	32P3R2A9_05425	100.000	319	0	0	1	319	1	319	0.0	641
32P3R2A9_05426	32P3R2A9_05426	100.000	86	0	0	1	86	1	86	2.10e-57	171
32P3R2A9_05427	32P3R2A9_05427	100.000	249	0	0	1	249	1	249	1.89e-175	482
32P3R2A9_05428	32P3R2A9_05428	100.000	216	0	0	1	216	1	216	1.14e-162	447
32P3R2A9_05429	32P3R2A9_05429	100.000	343	0	0	1	343	1	343	0.0	676
32P3R2A9_05430	32P3R2A9_05430	100.000	161	0	0	1	161	1	161	2.32e-119	333
32P3R2A9_05431	32P3R2A9_05431	100.000	122	0	0	1	122	1	122	7.48e-86	245
32P3R2A9_05432	32P3R2A9_05432	100.000	121	0	0	1	121	1	121	2.44e-87	249
32P3R2A9_05433	32P3R2A9_05433	100.000	182	0	0	1	182	1	182	6.37e-133	369
32P3R2A9_05434	32P3R2A9_05434	100.000	238	0	0	1	238	1	238	8.87e-179	489
32P3R2A9_05434	5P3R2A4_04643	95.588	204	9	0	35	238	1	204	1.10e-145	405
32P3R2A9_05435	32P3R2A9_05435	100.000	108	0	0	1	108	1	108	3.59e-76	220
32P3R2A9_05436	32P3R2A9_05436	100.000	33	0	0	1	33	1	33	6.70e-18	67.4
32P3R2A9_05437	32P3R2A9_05437	100.000	192	0	0	1	192	1	192	3.44e-144	399
32P3R2A9_05438	32P3R2A9_05438	100.000	69	0	0	1	69	1	69	4.64e-45	138
32P3R2A9_05439	32P3R2A9_05439	100.000	240	0	0	1	240	1	240	1.50e-178	489
32P3R2A9_05440	32P3R2A9_05440	100.000	314	0	0	1	314	1	314	0.0	647
32P3R2A9_05441	32P3R2A9_05441	100.000	636	0	0	1	636	1	636	0.0	1264
32P3R2A9_05442	32P3R2A9_05442	100.000	70	0	0	1	70	1	70	2.41e-45	139
32P3R2A9_05443	32P3R2A9_05443	100.000	90	0	0	1	90	1	90	2.63e-60	178
32P3R2A9_05444	32P3R2A9_05444	100.000	384	0	0	1	384	1	384	0.0	797
32P3R2A9_05445	32P3R2A9_05445	100.000	175	0	0	1	175	1	175	1.72e-130	362
32P3R2A9_05446	32P3R2A9_05446	100.000	55	0	0	1	55	1	55	3.68e-31	102
32P3R2A9_05447	32P3R2A9_05447	100.000	137	0	0	1	137	1	137	8.69e-101	284
32P3R2A9_05447	24P1R3A1_09341	95.620	137	6	0	1	137	1	137	3.10e-97	275
32P3R2A9_05448	32P3R2A9_05448	100.000	145	0	0	1	145	1	145	2.18e-106	299
32P3R2A9_05449	32P3R2A9_05449	100.000	203	0	0	1	203	1	203	1.01e-152	421
32P3R2A9_05450	32P3R2A9_05450	100.000	498	0	0	1	498	1	498	0.0	995
32P3R2A9_05451	32P3R2A9_05451	100.000	466	0	0	1	466	1	466	0.0	931
32P3R2A9_05452	32P3R2A9_05452	100.000	283	0	0	1	283	1	283	0.0	592
32P3R2A9_05453	32P3R2A9_05453	100.000	73	0	0	1	73	1	73	5.64e-50	151
32P3R2A9_05454	32P3R2A9_05454	100.000	422	0	0	1	422	1	422	0.0	881
32P3R2A9_05455	32P3R2A9_05455	100.000	173	0	0	1	173	1	173	8.61e-127	353
32P3R2A9_05456	32P3R2A9_05456	100.000	465	0	0	1	465	1	465	0.0	928
32P3R2A9_05457	32P3R2A9_05457	100.000	186	0	0	1	186	1	186	5.41e-137	380
32P3R2A9_05458	32P3R2A9_05458	100.000	339	0	0	1	339	1	339	0.0	704
32P3R2A9_05459	32P3R2A9_05459	100.000	144	0	0	1	144	1	144	5.00e-107	300
32P3R2A9_05460	32P3R2A9_05460	100.000	461	0	0	1	461	1	461	0.0	909
32P3R2A9_05461	32P3R2A9_05461	100.000	71	0	0	1	71	1	71	1.98e-48	147
32P3R2A9_05462	32P3R2A9_05462	100.000	274	0	0	1	274	1	274	0.0	558
32P3R2A9_05463	32P3R2A9_05463	100.000	299	0	0	1	299	1	299	0.0	613
32P3R2A9_05464	32P3R2A9_05464	100.000	147	0	0	1	147	1	147	7.40e-107	300
32P3R2A9_05465	32P3R2A9_05465	100.000	68	0	0	1	68	1	68	8.37e-45	137
32P3R2A9_05466	32P3R2A9_05466	100.000	153	0	0	1	153	1	153	4.58e-112	314
32P3R2A9_05467	32P3R2A9_05467	100.000	158	0	0	1	158	1	158	5.31e-117	327
32P3R2A9_05468	32P3R2A9_05468	100.000	230	0	0	1	230	1	230	2.35e-169	465
32P3R2A9_05469	32P3R2A9_05469	100.000	292	0	0	1	292	1	292	0.0	605
32P3R2A9_05470	32P3R2A9_05470	100.000	130	0	0	1	130	1	130	2.68e-94	267
32P3R2A9_05471	32P3R2A9_05471	100.000	195	0	0	1	195	1	195	2.80e-148	409
32P3R2A9_05472	32P3R2A9_05472	100.000	216	0	0	1	216	1	216	2.26e-151	419
32P3R2A9_05473	32P3R2A9_05473	100.000	246	0	0	1	246	1	246	0.0	499
32P3R2A9_05474	32P3R2A9_05474	100.000	114	0	0	1	114	1	114	2.25e-80	231
32P3R2A9_05474	24P1R3A1_08827	96.491	114	4	0	1	114	1	114	4.46e-78	225
32P3R2A9_05475	32P3R2A9_05475	100.000	65	0	0	1	65	1	65	1.38e-42	132
32P3R2A9_05477	32P3R2A9_05477	100.000	457	0	0	1	457	1	457	0.0	950
32P3R2A9_05477	24P1R3A1_08399	99.533	214	1	0	244	457	1	214	1.89e-157	444
32P3R2A9_05478	32P3R2A9_05478	100.000	315	0	0	1	315	1	315	0.0	644
32P3R2A9_05479	32P3R2A9_05479	100.000	364	0	0	1	364	1	364	0.0	733
32P3R2A9_05480	32P3R2A9_05480	100.000	249	0	0	1	249	1	249	0.0	506
32P3R2A9_05481	32P3R2A9_05481	100.000	175	0	0	1	175	1	175	1.61e-124	347
32P3R2A9_05482	32P3R2A9_05482	100.000	272	0	0	1	272	1	272	0.0	565
32P3R2A9_05483	32P3R2A9_05483	100.000	309	0	0	1	309	1	309	0.0	631
32P3R2A9_05484	32P3R2A9_05484	100.000	153	0	0	1	153	1	153	7.93e-112	313
32P3R2A9_05485	32P3R2A9_05485	100.000	44	0	0	1	44	1	44	4.61e-25	86.3
32P3R2A9_05485	4P1R1A3_04652	95.349	43	2	0	1	43	1	43	2.02e-22	84.0
32P3R2A9_05485	25P2R1A13_01389	95.349	43	2	0	1	43	1	43	4.45e-22	84.0
32P3R2A9_05485	1P1R1A1_04696	95.349	43	2	0	1	43	1	43	6.49e-22	84.3
32P3R2A9_05485	19P1R1A6_04705	95.349	43	2	0	1	43	1	43	1.31e-21	84.3
32P3R2A9_05487	32P3R2A9_05487	100.000	786	0	0	1	786	1	786	0.0	1620
32P3R2A9_05487	8P2R1A11_04510	98.855	786	9	0	1	786	300	1085	0.0	1610
32P3R2A9_05487	12_1P1R2A2-1_04015	98.855	786	9	0	1	786	981	1766	0.0	1606
32P3R2A9_05487	10P3R2A13_04946	98.855	786	9	0	1	786	94	879	0.0	1604
32P3R2A9_05487	16_1P2R1A8-1_04708	100.000	538	0	0	249	786	1	538	0.0	1113
32P3R2A9_05487	11P3R3A1_04721	100.000	320	0	0	467	786	1	320	0.0	662
32P3R2A9_05487	16_1P2R1A8-1_04709	96.018	226	9	0	1	226	94	319	2.07e-151	445
32P3R2A9_05487	10P3R2A13_04913	100.000	133	0	0	1	133	94	226	2.16e-85	273
32P3R2A9_05487	11P3R3A1_04716	99.180	122	1	0	12	133	1	122	1.22e-78	251
32P3R2A9_05489	32P3R2A9_05489	100.000	320	0	0	1	320	1	320	0.0	660
32P3R2A9_05490	32P3R2A9_05490	100.000	144	0	0	1	144	1	144	4.29e-103	291
32P3R2A9_05491	32P3R2A9_05491	100.000	454	0	0	1	454	1	454	0.0	902
32P3R2A9_05491	24P1R3A1_09008	98.450	129	2	0	326	454	1	129	4.39e-83	251
32P3R2A9_05492	32P3R2A9_05492	100.000	69	0	0	1	69	1	69	4.81e-47	143
32P3R2A9_05493	32P3R2A9_05493	100.000	141	0	0	1	141	1	141	2.43e-104	293
32P3R2A9_05494	32P3R2A9_05494	100.000	587	0	0	1	587	1	587	0.0	1233
32P3R2A9_05495	32P3R2A9_05495	100.000	525	0	0	1	525	1	525	0.0	1076
32P3R2A9_05495	24P1R3A1_08423	98.995	199	2	0	327	525	1	199	3.64e-141	405
32P3R2A9_05497	32P3R2A9_05497	100.000	119	0	0	1	119	1	119	2.02e-86	246
32P3R2A9_05498	32P3R2A9_05498	100.000	201	0	0	1	201	1	201	1.26e-144	400
32P3R2A9_05499	32P3R2A9_05499	100.000	134	0	0	1	134	1	134	3.02e-96	273
32P3R2A9_05500	32P3R2A9_05500	100.000	841	0	0	1	841	1	841	0.0	1736
32P3R2A9_05501	32P3R2A9_05501	100.000	205	0	0	1	205	1	205	7.17e-149	411
32P3R2A9_05502	32P3R2A9_05502	100.000	111	0	0	1	111	1	111	4.08e-74	215
32P3R2A9_05504	32P3R2A9_05504	100.000	454	0	0	1	454	1	454	0.0	903
32P3R2A9_05505	32P3R2A9_05505	100.000	281	0	0	1	281	1	281	0.0	578
32P3R2A9_05506	32P3R2A9_05506	100.000	645	0	0	1	645	1	645	0.0	1314
32P3R2A9_05507	32P3R2A9_05507	100.000	125	0	0	1	125	1	125	3.86e-84	241
32P3R2A9_05508	32P3R2A9_05508	100.000	54	0	0	1	54	1	54	1.95e-33	108
32P3R2A9_05509	32P3R2A9_05509	100.000	326	0	0	1	326	1	326	0.0	668
32P3R2A9_05510	32P3R2A9_05510	100.000	457	0	0	1	457	1	457	0.0	932
32P3R2A9_05511	32P3R2A9_05511	100.000	344	0	0	1	344	1	344	0.0	707
32P3R2A9_05511	24P1R3A1_09176	97.927	193	4	0	152	344	1	193	2.67e-137	387
32P3R2A9_05512	32P3R2A9_05512	100.000	472	0	0	1	472	1	472	0.0	932
32P3R2A9_05512	24P1R3A1_09175	99.505	202	1	0	271	472	1	202	6.96e-140	399
32P3R2A9_05513	32P3R2A9_05513	100.000	229	0	0	1	229	1	229	1.57e-173	476
32P3R2A9_05514	32P3R2A9_05514	100.000	298	0	0	1	298	1	298	0.0	618
32P3R2A9_05514	24P1R3A1_08345	95.638	298	13	0	1	298	201	498	0.0	571
32P3R2A9_05515	32P3R2A9_05515	100.000	219	0	0	1	219	1	219	2.85e-164	451
32P3R2A9_05516	32P3R2A9_05516	100.000	433	0	0	1	433	1	433	0.0	897
32P3R2A9_05517	32P3R2A9_05517	100.000	33	0	0	1	33	1	33	2.36e-18	68.6
32P3R2A9_05518	32P3R2A9_05518	100.000	287	0	0	1	287	1	287	0.0	595
32P3R2A9_05519	32P3R2A9_05519	100.000	405	0	0	1	405	1	405	0.0	836
32P3R2A9_05520	32P3R2A9_05520	100.000	68	0	0	1	68	1	68	2.65e-44	136
32P3R2A9_05521	32P3R2A9_05521	100.000	74	0	0	1	74	1	74	1.93e-50	152
32P3R2A9_05522	32P3R2A9_05522	100.000	326	0	0	1	326	1	326	0.0	661
32P3R2A9_05523	32P3R2A9_05523	100.000	463	0	0	1	463	1	463	0.0	946
32P3R2A9_05524	32P3R2A9_05524	100.000	111	0	0	1	111	1	111	4.56e-77	222
32P3R2A9_05525	32P3R2A9_05525	100.000	196	0	0	1	196	1	196	3.55e-144	399
32P3R2A9_05527	32P3R2A9_05527	100.000	340	0	0	1	340	1	340	0.0	691
32P3R2A9_05528	32P3R2A9_05528	100.000	90	0	0	1	90	1	90	3.35e-60	178
32P3R2A9_05529	32P3R2A9_05529	100.000	680	0	0	1	680	1	680	0.0	1407
32P3R2A9_05530	32P3R2A9_05530	100.000	239	0	0	1	239	1	239	1.13e-179	492
32P3R2A9_05531	32P3R2A9_05531	100.000	88	0	0	1	88	1	88	1.07e-56	169
32P3R2A9_05532	32P3R2A9_05532	100.000	195	0	0	1	195	1	195	1.83e-141	392
32P3R2A9_05533	32P3R2A9_05533	100.000	137	0	0	1	137	1	137	1.02e-97	276
32P3R2A9_05534	32P3R2A9_05534	100.000	60	0	0	1	60	1	60	9.62e-37	116
32P3R2A9_05535	32P3R2A9_05535	100.000	182	0	0	1	182	1	182	2.73e-127	355
32P3R2A9_05536	32P3R2A9_05536	100.000	55	0	0	1	55	1	55	4.37e-34	109
32P3R2A9_05537	32P3R2A9_05537	100.000	676	0	0	1	676	1	676	0.0	1369
32P3R2A9_05538	32P3R2A9_05538	100.000	474	0	0	1	474	1	474	0.0	956
32P3R2A9_05539	32P3R2A9_05539	100.000	136	0	0	1	136	1	136	2.70e-95	270
32P3R2A9_05540	32P3R2A9_05540	100.000	206	0	0	1	206	1	206	1.21e-149	413
32P3R2A9_05541	32P3R2A9_05541	100.000	400	0	0	1	400	1	400	0.0	812
32P3R2A9_05542	32P3R2A9_05542	100.000	273	0	0	1	273	1	273	0.0	561
32P3R2A9_05543	32P3R2A9_05543	100.000	376	0	0	1	376	1	376	0.0	784
32P3R2A9_05544	32P3R2A9_05544	100.000	67	0	0	1	67	1	67	4.69e-43	133
32P3R2A9_05545	32P3R2A9_05545	100.000	93	0	0	1	93	1	93	1.15e-60	179
32P3R2A9_05545	24P1R3A1_08467	97.849	93	2	0	1	93	1	93	4.92e-59	175
32P3R2A9_05546	32P3R2A9_05546	100.000	147	0	0	1	147	1	147	2.66e-108	304
32P3R2A9_05547	32P3R2A9_05547	100.000	259	0	0	1	259	1	259	0.0	522
32P3R2A9_05547	24P1R3A1_08863	96.525	259	9	0	1	259	74	332	0.0	504
32P3R2A9_05548	32P3R2A9_05548	100.000	363	0	0	1	363	1	363	0.0	726
32P3R2A9_05549	32P3R2A9_05549	100.000	276	0	0	1	276	1	276	0.0	568
32P3R2A9_05550	32P3R2A9_05550	100.000	111	0	0	1	111	1	111	5.62e-73	212
32P3R2A9_05550	24P1R3A1_08973	96.491	57	2	0	55	111	1	57	7.56e-32	106
32P3R2A9_05551	32P3R2A9_05551	100.000	231	0	0	1	231	1	231	2.46e-175	480
32P3R2A9_05552	32P3R2A9_05552	100.000	60	0	0	1	60	1	60	1.32e-34	111
32P3R2A9_05553	32P3R2A9_05553	100.000	407	0	0	1	407	1	407	0.0	849
32P3R2A9_05554	32P3R2A9_05554	100.000	219	0	0	1	219	1	219	4.29e-162	446
32P3R2A9_05555	32P3R2A9_05555	100.000	170	0	0	1	170	1	170	3.92e-126	351
32P3R2A9_05556	32P3R2A9_05556	100.000	71	0	0	1	71	1	71	1.04e-46	142
32P3R2A9_05557	32P3R2A9_05557	100.000	65	0	0	1	65	1	65	1.32e-42	132
32P3R2A9_05558	32P3R2A9_05558	100.000	232	0	0	1	232	1	232	3.74e-167	460
32P3R2A9_05559	32P3R2A9_05559	100.000	253	0	0	1	253	1	253	0.0	520
32P3R2A9_05560	32P3R2A9_05560	100.000	278	0	0	1	278	1	278	0.0	567
32P3R2A9_05562	32P3R2A9_05562	100.000	96	0	0	1	96	1	96	2.08e-67	197
32P3R2A9_05563	32P3R2A9_05563	100.000	237	0	0	1	237	1	237	1.47e-176	484
32P3R2A9_05563	24P1R3A1_08129	99.578	237	1	0	1	237	458	694	2.19e-169	483
32P3R2A9_05564	32P3R2A9_05564	100.000	411	0	0	1	411	1	411	0.0	808
32P3R2A9_05564	24P1R3A1_08128	98.089	157	3	0	255	411	1	157	3.27e-104	305
32P3R2A9_05565	32P3R2A9_05565	100.000	107	0	0	1	107	1	107	1.61e-74	216
32P3R2A9_05566	32P3R2A9_05566	100.000	156	0	0	1	156	1	156	1.68e-116	325
32P3R2A9_05567	32P3R2A9_05567	100.000	114	0	0	1	114	1	114	1.01e-78	227
32P3R2A9_05568	32P3R2A9_05568	100.000	476	0	0	1	476	1	476	0.0	986
32P3R2A9_05569	32P3R2A9_05569	100.000	74	0	0	1	74	1	74	1.85e-50	152
32P3R2A9_05570	32P3R2A9_05570	100.000	381	0	0	1	381	1	381	0.0	768
32P3R2A9_05571	32P3R2A9_05571	100.000	203	0	0	1	203	1	203	1.15e-147	408
32P3R2A9_05571	24P1R3A1_08302	98.693	153	2	0	49	201	1	153	7.30e-109	308
32P3R2A9_05572	32P3R2A9_05572	100.000	72	0	0	1	72	1	72	2.21e-47	144
32P3R2A9_05573	32P3R2A9_05573	100.000	445	0	0	1	445	1	445	0.0	902
32P3R2A9_05574	32P3R2A9_05574	100.000	44	0	0	1	44	1	44	4.32e-27	91.3
32P3R2A9_05575	32P3R2A9_05575	100.000	168	0	0	1	168	1	168	1.94e-117	329
32P3R2A9_05575	24P1R3A1_08208	95.238	168	8	0	1	168	1	168	6.82e-103	292
32P3R2A9_05576	32P3R2A9_05576	100.000	93	0	0	1	93	1	93	1.37e-65	192
32P3R2A9_05576	24P1R3A1_08209	95.699	93	4	0	1	93	1	93	2.97e-62	183
32P3R2A9_05577	32P3R2A9_05577	100.000	400	0	0	1	400	1	400	0.0	835
32P3R2A9_05578	32P3R2A9_05578	100.000	475	0	0	1	475	1	475	0.0	980
32P3R2A9_05579	32P3R2A9_05579	100.000	473	0	0	1	473	1	473	0.0	951
32P3R2A9_05579	24P1R3A1_08704	95.238	168	8	0	306	473	1	168	1.56e-112	329
32P3R2A9_05580	32P3R2A9_05580	100.000	264	0	0	1	264	1	264	0.0	550
32P3R2A9_05581	32P3R2A9_05581	100.000	32	0	0	1	32	1	32	7.87e-18	67.0
32P3R2A9_05582	32P3R2A9_05582	100.000	127	0	0	1	127	1	127	3.54e-91	259
32P3R2A9_05583	32P3R2A9_05583	100.000	83	0	0	1	83	1	83	4.39e-55	164
32P3R2A9_05583	24P1R3A1_09553	98.795	83	1	0	1	83	232	314	1.63e-52	166
32P3R2A9_05584	32P3R2A9_05584	100.000	428	0	0	1	428	1	428	0.0	849
32P3R2A9_05584	24P1R3A1_09163	98.259	402	7	0	27	428	1	402	0.0	787
32P3R2A9_05585	32P3R2A9_05585	100.000	560	0	0	1	560	1	560	0.0	1154
32P3R2A9_05586	32P3R2A9_05586	100.000	139	0	0	1	139	1	139	4.75e-104	293
32P3R2A9_05587	32P3R2A9_05587	100.000	131	0	0	1	131	1	131	3.14e-92	262
32P3R2A9_05588	32P3R2A9_05588	100.000	119	0	0	1	119	1	119	2.60e-82	236
32P3R2A9_05589	32P3R2A9_05589	100.000	471	0	0	1	471	1	471	0.0	974
32P3R2A9_05590	32P3R2A9_05590	100.000	91	0	0	1	91	1	91	4.66e-62	183
32P3R2A9_05591	32P3R2A9_05591	100.000	150	0	0	1	150	1	150	1.83e-107	302
32P3R2A9_05592	32P3R2A9_05592	100.000	98	0	0	1	98	1	98	3.83e-66	194
32P3R2A9_05593	32P3R2A9_05593	100.000	216	0	0	1	216	1	216	3.19e-155	428
32P3R2A9_05594	32P3R2A9_05594	100.000	86	0	0	1	86	1	86	1.66e-58	173
32P3R2A9_05595	32P3R2A9_05595	100.000	546	0	0	1	546	1	546	0.0	1125
32P3R2A9_05596	32P3R2A9_05596	100.000	318	0	0	1	318	1	318	0.0	662
32P3R2A9_05597	32P3R2A9_05597	100.000	74	0	0	1	74	1	74	2.47e-46	142
32P3R2A9_05598	32P3R2A9_05598	100.000	150	0	0	1	150	1	150	2.86e-108	304
32P3R2A9_05599	32P3R2A9_05599	100.000	331	0	0	1	331	1	331	0.0	660
32P3R2A9_05600	32P3R2A9_05600	100.000	69	0	0	1	69	1	69	7.05e-45	137
32P3R2A9_05601	32P3R2A9_05601	100.000	228	0	0	1	228	1	228	1.02e-168	463
32P3R2A9_05602	32P3R2A9_05602	100.000	178	0	0	1	178	1	178	5.37e-131	364
32P3R2A9_05603	32P3R2A9_05603	100.000	310	0	0	1	310	1	310	0.0	639
32P3R2A9_05604	32P3R2A9_05604	100.000	220	0	0	1	220	1	220	4.59e-153	423
32P3R2A9_05605	32P3R2A9_05605	100.000	433	0	0	1	433	1	433	0.0	877
32P3R2A9_05606	32P3R2A9_05606	100.000	32	0	0	1	32	1	32	1.25e-16	64.3
32P3R2A9_05607	32P3R2A9_05607	100.000	462	0	0	1	462	1	462	0.0	903
32P3R2A9_05608	32P3R2A9_05608	100.000	150	0	0	1	150	1	150	3.35e-111	311
32P3R2A9_05609	32P3R2A9_05609	100.000	127	0	0	1	127	1	127	8.63e-90	256
32P3R2A9_05610	32P3R2A9_05610	100.000	401	0	0	1	401	1	401	0.0	838
32P3R2A9_05611	32P3R2A9_05611	100.000	236	0	0	1	236	1	236	5.04e-175	480
32P3R2A9_05612	32P3R2A9_05612	100.000	285	0	0	1	285	1	285	0.0	587
32P3R2A9_05612	24P1R3A1_08500	97.895	285	6	0	1	285	49	333	0.0	576
32P3R2A9_05613	32P3R2A9_05613	100.000	416	0	0	1	416	1	416	0.0	857
32P3R2A9_05614	32P3R2A9_05614	100.000	549	0	0	1	549	1	549	0.0	1111
32P3R2A9_05614	24P1R3A1_08149	95.264	549	26	0	1	549	120	668	0.0	1023
32P3R2A9_05615	32P3R2A9_05615	100.000	125	0	0	1	125	1	125	2.25e-90	257
32P3R2A9_05616	32P3R2A9_05616	100.000	495	0	0	1	495	1	495	0.0	1013
32P3R2A9_05617	32P3R2A9_05617	100.000	153	0	0	1	153	1	153	3.30e-111	312
32P3R2A9_05618	32P3R2A9_05618	100.000	554	0	0	1	554	1	554	0.0	1133
32P3R2A9_05619	32P3R2A9_05619	100.000	117	0	0	1	117	1	117	3.06e-80	231
32P3R2A9_05620	32P3R2A9_05620	100.000	131	0	0	1	131	1	131	4.84e-89	254
32P3R2A9_05621	32P3R2A9_05621	100.000	138	0	0	1	138	1	138	3.26e-97	275
32P3R2A9_05621	24P1R3A1_09276	96.154	78	3	0	60	137	1	78	5.96e-49	151
32P3R2A9_05622	32P3R2A9_05622	100.000	371	0	0	1	371	1	371	0.0	769
32P3R2A9_05623	32P3R2A9_05623	100.000	50	0	0	1	50	1	50	8.04e-32	103
32P3R2A9_05624	32P3R2A9_05624	100.000	51	0	0	1	51	1	51	1.68e-31	102
32P3R2A9_05625	32P3R2A9_05625	100.000	311	0	0	1	311	1	311	0.0	639
32P3R2A9_05625	24P1R3A1_08168	98.071	311	6	0	1	311	204	514	0.0	630
32P3R2A9_05626	32P3R2A9_05626	100.000	185	0	0	1	185	1	185	1.66e-135	376
32P3R2A9_05626	24P1R3A1_08167	97.838	185	4	0	1	185	1	185	5.57e-133	369
32P3R2A9_05627	32P3R2A9_05627	100.000	309	0	0	1	309	1	309	0.0	625
32P3R2A9_05628	32P3R2A9_05628	100.000	117	0	0	1	117	1	117	6.90e-84	240
32P3R2A9_05629	32P3R2A9_05629	100.000	422	0	0	1	422	1	422	0.0	847
32P3R2A9_05630	32P3R2A9_05630	100.000	159	0	0	1	159	1	159	2.81e-116	325
32P3R2A9_05631	32P3R2A9_05631	100.000	83	0	0	1	83	1	83	2.15e-49	150
32P3R2A9_05631	24P1R3A1_09242	97.590	83	2	0	1	83	1	83	2.40e-48	147
32P3R2A9_05632	32P3R2A9_05632	100.000	280	0	0	1	280	1	280	0.0	577
32P3R2A9_05632	24P1R3A1_09241	95.327	214	10	0	67	280	1	214	8.22e-141	395
32P3R2A9_05633	32P3R2A9_05633	100.000	88	0	0	1	88	1	88	3.28e-59	175
32P3R2A9_05634	32P3R2A9_05634	100.000	69	0	0	1	69	1	69	3.18e-46	141
32P3R2A9_05634	32P3R2A9_05929	97.015	67	2	0	1	67	1	67	7.39e-44	135
32P3R2A9_05635	32P3R2A9_05635	100.000	246	0	0	1	246	1	246	0.0	505
32P3R2A9_05636	32P3R2A9_05636	100.000	108	0	0	1	108	1	108	1.23e-75	218
32P3R2A9_05637	32P3R2A9_05637	100.000	479	0	0	1	479	1	479	0.0	982
32P3R2A9_05638	32P3R2A9_05638	100.000	228	0	0	1	228	1	228	6.33e-167	459
32P3R2A9_05639	32P3R2A9_05639	100.000	451	0	0	1	451	1	451	0.0	940
32P3R2A9_05640	32P3R2A9_05640	100.000	211	0	0	1	211	1	211	5.13e-153	422
32P3R2A9_05641	32P3R2A9_05641	100.000	484	0	0	1	484	1	484	0.0	988
32P3R2A9_05641	24P1R3A1_08724	96.943	229	7	0	256	484	1	229	4.84e-163	460
32P3R2A9_05642	32P3R2A9_05642	100.000	263	0	0	1	263	1	263	0.0	531
32P3R2A9_05643	32P3R2A9_05643	100.000	420	0	0	1	420	1	420	0.0	862
32P3R2A9_05643	24P1R3A1_09283	95.775	355	15	0	66	420	1	355	0.0	694
32P3R2A9_05644	32P3R2A9_05644	100.000	227	0	0	1	227	1	227	3.21e-159	439
32P3R2A9_05645	32P3R2A9_05645	100.000	299	0	0	1	299	1	299	0.0	609
32P3R2A9_05646	32P3R2A9_05646	100.000	149	0	0	1	149	1	149	5.91e-103	291
32P3R2A9_05647	32P3R2A9_05647	100.000	305	0	0	1	305	1	305	0.0	622
32P3R2A9_05648	32P3R2A9_05648	100.000	400	0	0	1	400	1	400	0.0	804
32P3R2A9_05649	32P3R2A9_05649	100.000	274	0	0	1	274	1	274	0.0	544
32P3R2A9_05650	32P3R2A9_05650	100.000	341	0	0	1	341	1	341	0.0	684
32P3R2A9_05651	32P3R2A9_05651	100.000	309	0	0	1	309	1	309	0.0	633
32P3R2A9_05652	32P3R2A9_05652	100.000	275	0	0	1	275	1	275	0.0	528
32P3R2A9_05653	32P3R2A9_05653	100.000	141	0	0	1	141	1	141	9.62e-102	287
32P3R2A9_05654	32P3R2A9_05654	100.000	432	0	0	1	432	1	432	0.0	890
32P3R2A9_05655	32P3R2A9_05655	100.000	67	0	0	1	67	1	67	2.55e-44	136
32P3R2A9_05655	24P1R3A1_09396	97.015	67	2	0	1	67	1	67	2.86e-43	134
32P3R2A9_05656	32P3R2A9_05656	100.000	331	0	0	1	331	1	331	0.0	664
32P3R2A9_05657	32P3R2A9_05657	100.000	467	0	0	1	467	1	467	0.0	920
32P3R2A9_05658	32P3R2A9_05658	100.000	100	0	0	1	100	1	100	1.27e-70	205
32P3R2A9_05658	24P1R3A1_08170	99.000	100	1	0	1	100	102	201	3.20e-68	202
32P3R2A9_05659	32P3R2A9_05659	100.000	444	0	0	1	444	1	444	0.0	874
32P3R2A9_05659	24P1R3A1_08169	99.012	405	4	0	40	444	1	405	0.0	789
32P3R2A9_05660	32P3R2A9_05660	100.000	253	0	0	1	253	1	253	0.0	522
32P3R2A9_05661	32P3R2A9_05661	100.000	148	0	0	1	148	1	148	5.84e-109	306
32P3R2A9_05662	32P3R2A9_05662	100.000	374	0	0	1	374	1	374	0.0	751
32P3R2A9_05663	32P3R2A9_05663	100.000	169	0	0	1	169	1	169	1.70e-122	342
32P3R2A9_05664	32P3R2A9_05664	100.000	247	0	0	1	247	1	247	0.0	514
32P3R2A9_05665	32P3R2A9_05665	100.000	260	0	0	1	260	1	260	0.0	540
32P3R2A9_05666	32P3R2A9_05666	100.000	427	0	0	1	427	1	427	0.0	836
32P3R2A9_05666	24P1R3A1_09154	95.833	192	8	0	236	427	1	192	1.43e-130	374
32P3R2A9_05667	32P3R2A9_05667	100.000	253	0	0	1	253	1	253	0.0	519
32P3R2A9_05668	32P3R2A9_05668	100.000	170	0	0	1	170	1	170	1.90e-116	327
32P3R2A9_05669	32P3R2A9_05669	100.000	116	0	0	1	116	1	116	1.54e-84	241
32P3R2A9_05669	24P1R3A1_09055	97.414	116	3	0	1	116	1	116	2.83e-82	236
32P3R2A9_05671	32P3R2A9_05671	100.000	94	0	0	1	94	1	94	3.55e-67	196
32P3R2A9_05672	32P3R2A9_05672	100.000	148	0	0	1	148	1	148	1.72e-107	302
32P3R2A9_05673	32P3R2A9_05673	100.000	154	0	0	1	154	1	154	2.71e-111	312
32P3R2A9_05674	32P3R2A9_05674	100.000	65	0	0	1	65	1	65	3.58e-43	133
32P3R2A9_05675	32P3R2A9_05675	100.000	155	0	0	1	155	1	155	4.60e-114	319
32P3R2A9_05678	32P3R2A9_05678	100.000	131	0	0	1	131	1	131	2.64e-95	270
32P3R2A9_05679	32P3R2A9_05679	100.000	128	0	0	1	128	1	128	5.40e-92	261
32P3R2A9_05680	32P3R2A9_05680	100.000	150	0	0	1	150	1	150	3.06e-112	314
32P3R2A9_05681	32P3R2A9_05681	100.000	315	0	0	1	315	1	315	0.0	659
32P3R2A9_05682	32P3R2A9_05682	100.000	31	0	0	1	31	1	31	1.25e-16	63.9
32P3R2A9_05683	32P3R2A9_05683	100.000	153	0	0	1	153	1	153	1.20e-111	313
32P3R2A9_05684	32P3R2A9_05684	100.000	416	0	0	1	416	1	416	0.0	866
32P3R2A9_05685	32P3R2A9_05685	100.000	134	0	0	1	134	1	134	1.50e-98	278
32P3R2A9_05687	32P3R2A9_05687	100.000	253	0	0	1	253	1	253	0.0	509
32P3R2A9_05687	24P1R3A1_08331	96.403	139	5	0	115	253	1	139	8.87e-85	249
32P3R2A9_05688	32P3R2A9_05688	100.000	146	0	0	1	146	1	146	3.64e-106	298
32P3R2A9_05690	32P3R2A9_05690	100.000	386	0	0	1	386	1	386	0.0	791
32P3R2A9_05691	32P3R2A9_05691	100.000	196	0	0	1	196	1	196	2.39e-144	399
32P3R2A9_05692	32P3R2A9_05692	100.000	248	0	0	1	248	1	248	8.90e-180	493
32P3R2A9_05693	32P3R2A9_05693	100.000	404	0	0	1	404	1	404	0.0	815
32P3R2A9_05694	32P3R2A9_05694	100.000	225	0	0	1	225	1	225	6.22e-164	451
32P3R2A9_05695	32P3R2A9_05695	100.000	337	0	0	1	337	1	337	0.0	689
32P3R2A9_05696	32P3R2A9_05696	100.000	593	0	0	1	593	1	593	0.0	1224
32P3R2A9_05697	32P3R2A9_05697	100.000	103	0	0	1	103	1	103	3.11e-71	207
32P3R2A9_05698	32P3R2A9_05698	100.000	172	0	0	1	172	1	172	4.82e-127	353
32P3R2A9_05699	32P3R2A9_05699	100.000	391	0	0	1	391	1	391	0.0	809
32P3R2A9_05700	32P3R2A9_05700	100.000	120	0	0	1	120	1	120	8.21e-86	245
32P3R2A9_05701	32P3R2A9_05701	100.000	388	0	0	1	388	1	388	0.0	775
32P3R2A9_05702	32P3R2A9_05702	100.000	219	0	0	1	219	1	219	7.17e-163	448
32P3R2A9_05703	32P3R2A9_05703	100.000	349	0	0	1	349	1	349	0.0	719
32P3R2A9_05704	32P3R2A9_05704	100.000	241	0	0	1	241	1	241	1.92e-177	486
32P3R2A9_05704	24P1R3A1_08950	95.294	85	4	0	157	241	1	85	1.33e-52	165
32P3R2A9_05705	32P3R2A9_05705	100.000	54	0	0	1	54	1	54	1.33e-34	110
32P3R2A9_05707	32P3R2A9_05707	100.000	182	0	0	1	182	1	182	8.66e-138	381
32P3R2A9_05708	32P3R2A9_05708	100.000	208	0	0	1	208	1	208	4.70e-153	422
32P3R2A9_05709	32P3R2A9_05709	100.000	350	0	0	1	350	1	350	0.0	702
32P3R2A9_05710	32P3R2A9_05710	100.000	295	0	0	1	295	1	295	0.0	609
32P3R2A9_05711	32P3R2A9_05711	100.000	104	0	0	1	104	1	104	8.36e-69	201
32P3R2A9_05712	32P3R2A9_05712	100.000	236	0	0	1	236	1	236	7.59e-164	452
32P3R2A9_05713	32P3R2A9_05713	100.000	279	0	0	1	279	1	279	0.0	582
32P3R2A9_05714	32P3R2A9_05714	100.000	157	0	0	1	157	1	157	3.41e-115	322
32P3R2A9_05715	32P3R2A9_05715	100.000	92	0	0	1	92	1	92	3.28e-64	188
32P3R2A9_05716	32P3R2A9_05716	100.000	849	0	0	1	849	1	849	0.0	1757
32P3R2A9_05717	32P3R2A9_05717	100.000	63	0	0	1	63	1	63	2.11e-42	131
32P3R2A9_05718	32P3R2A9_05718	100.000	64	0	0	1	64	1	64	2.66e-42	131
32P3R2A9_05719	32P3R2A9_05719	100.000	155	0	0	1	155	1	155	4.36e-113	317
32P3R2A9_05720	32P3R2A9_05720	100.000	77	0	0	1	77	1	77	5.69e-53	159
32P3R2A9_05721	32P3R2A9_05721	100.000	221	0	0	1	221	1	221	4.28e-164	451
32P3R2A9_05722	32P3R2A9_05722	100.000	71	0	0	1	71	1	71	1.50e-46	142
32P3R2A9_05723	32P3R2A9_05723	100.000	174	0	0	1	174	1	174	1.16e-124	348
32P3R2A9_05724	32P3R2A9_05724	100.000	428	0	0	1	428	1	428	0.0	895
32P3R2A9_05725	32P3R2A9_05725	100.000	224	0	0	1	224	1	224	8.97e-168	461
32P3R2A9_05726	32P3R2A9_05726	100.000	64	0	0	1	64	1	64	6.34e-42	130
32P3R2A9_05727	32P3R2A9_05727	100.000	330	0	0	1	330	1	330	0.0	685
32P3R2A9_05728	32P3R2A9_05728	100.000	64	0	0	1	64	1	64	1.05e-41	129
32P3R2A9_05728	24P1R3A1_08429	98.438	64	1	0	1	64	97	160	3.03e-40	129
32P3R2A9_05729	32P3R2A9_05729	100.000	411	0	0	1	411	1	411	0.0	856
32P3R2A9_05730	32P3R2A9_05730	100.000	86	0	0	1	86	1	86	8.09e-58	172
32P3R2A9_05731	32P3R2A9_05731	100.000	179	0	0	1	179	1	179	1.88e-130	363
32P3R2A9_05732	32P3R2A9_05732	100.000	124	0	0	1	124	1	124	1.91e-90	257
32P3R2A9_05733	32P3R2A9_05733	100.000	164	0	0	1	164	1	164	1.30e-115	324
32P3R2A9_05734	32P3R2A9_05734	100.000	335	0	0	1	335	1	335	0.0	683
32P3R2A9_05735	32P3R2A9_05735	100.000	333	0	0	1	333	1	333	0.0	633
32P3R2A9_05735	24P1R3A1_09116	97.619	84	2	0	250	333	1	84	6.12e-49	158
32P3R2A9_05736	32P3R2A9_05736	100.000	128	0	0	1	128	1	128	6.85e-89	253
32P3R2A9_05737	32P3R2A9_05737	100.000	270	0	0	1	270	1	270	0.0	544
32P3R2A9_05739	32P3R2A9_05739	100.000	318	0	0	1	318	1	318	0.0	603
32P3R2A9_05739	24P1R3A1_08424	98.571	280	4	0	39	318	1	280	0.0	525
32P3R2A9_05740	32P3R2A9_05740	100.000	129	0	0	1	129	1	129	1.23e-91	260
32P3R2A9_05742	32P3R2A9_05742	100.000	60	0	0	1	60	1	60	5.27e-39	122
32P3R2A9_05743	32P3R2A9_05743	100.000	237	0	0	1	237	1	237	0.0	498
32P3R2A9_05744	32P3R2A9_05744	100.000	265	0	0	1	265	1	265	0.0	543
32P3R2A9_05745	32P3R2A9_05745	100.000	335	0	0	1	335	1	335	0.0	692
32P3R2A9_05746	32P3R2A9_05746	100.000	184	0	0	1	184	1	184	6.72e-133	369
32P3R2A9_05747	32P3R2A9_05747	100.000	133	0	0	1	133	1	133	4.54e-96	272
32P3R2A9_05748	32P3R2A9_05748	100.000	161	0	0	1	161	1	161	1.19e-119	334
32P3R2A9_05749	32P3R2A9_05749	100.000	568	0	0	1	568	1	568	0.0	1162
32P3R2A9_05750	32P3R2A9_05750	100.000	178	0	0	1	178	1	178	1.09e-131	365
32P3R2A9_05751	32P3R2A9_05751	100.000	418	0	0	1	418	1	418	0.0	846
32P3R2A9_05752	32P3R2A9_05752	100.000	268	0	0	1	268	1	268	0.0	532
32P3R2A9_05752	24P1R3A1_08798	97.388	268	7	0	1	268	101	368	0.0	523
32P3R2A9_05753	32P3R2A9_05753	100.000	93	0	0	1	93	1	93	6.44e-61	180
32P3R2A9_05754	32P3R2A9_05754	100.000	117	0	0	1	117	1	117	3.55e-82	236
32P3R2A9_05755	32P3R2A9_05755	100.000	354	0	0	1	354	1	354	0.0	709
32P3R2A9_05756	32P3R2A9_05756	100.000	188	0	0	1	188	1	188	2.26e-140	389
32P3R2A9_05757	32P3R2A9_05757	100.000	108	0	0	1	108	1	108	3.50e-73	212
32P3R2A9_05758	32P3R2A9_05758	100.000	381	0	0	1	381	1	381	0.0	777
32P3R2A9_05759	32P3R2A9_05759	100.000	157	0	0	1	157	1	157	1.27e-114	321
32P3R2A9_05764	32P3R2A9_05764	100.000	465	0	0	1	465	1	465	0.0	964
32P3R2A9_05765	32P3R2A9_05765	100.000	449	0	0	1	449	1	449	0.0	936
32P3R2A9_05766	32P3R2A9_05766	100.000	163	0	0	1	163	1	163	1.69e-116	326
32P3R2A9_05766	24P1R3A1_09534	100.000	146	0	0	18	163	1	146	4.01e-103	291
32P3R2A9_05767	32P3R2A9_05767	100.000	361	0	0	1	361	1	361	0.0	736
32P3R2A9_05768	32P3R2A9_05768	100.000	316	0	0	1	316	1	316	0.0	633
32P3R2A9_05769	32P3R2A9_05769	100.000	303	0	0	1	303	1	303	0.0	599
32P3R2A9_05770	32P3R2A9_05770	100.000	114	0	0	1	114	1	114	3.37e-80	230
32P3R2A9_05771	32P3R2A9_05771	100.000	213	0	0	1	213	1	213	5.77e-155	427
32P3R2A9_05772	32P3R2A9_05772	100.000	138	0	0	1	138	1	138	2.12e-98	278
32P3R2A9_05773	32P3R2A9_05773	100.000	170	0	0	1	170	1	170	1.15e-125	350
32P3R2A9_05773	16_1P2R1A8-1_01442	99.412	170	1	0	1	170	32	201	6.70e-125	349
32P3R2A9_05773	32P3R2A9_04706	95.882	170	7	0	1	170	1	170	7.74e-121	338
32P3R2A9_05773	14P1R2A4_04672	95.882	170	7	0	1	170	32	201	2.25e-120	338
32P3R2A9_05776	32P3R2A9_05776	100.000	124	0	0	1	124	1	124	1.67e-90	257
32P3R2A9_05777	32P3R2A9_05777	100.000	123	0	0	1	123	1	123	3.56e-88	251
32P3R2A9_05778	32P3R2A9_05778	100.000	123	0	0	1	123	1	123	1.58e-88	252
32P3R2A9_05779	32P3R2A9_05779	100.000	126	0	0	1	126	1	126	9.67e-89	253
32P3R2A9_05780	32P3R2A9_05780	100.000	327	0	0	1	327	1	327	0.0	662
32P3R2A9_05781	32P3R2A9_05781	100.000	92	0	0	1	92	1	92	8.67e-62	182
32P3R2A9_05782	32P3R2A9_05782	100.000	317	0	0	1	317	1	317	0.0	602
32P3R2A9_05784	32P3R2A9_05784	100.000	146	0	0	1	146	1	146	5.39e-107	301
32P3R2A9_05785	32P3R2A9_05785	100.000	117	0	0	1	117	1	117	1.21e-81	234
32P3R2A9_05786	32P3R2A9_05786	100.000	214	0	0	1	214	1	214	1.09e-154	427
32P3R2A9_05787	32P3R2A9_05787	100.000	120	0	0	1	120	1	120	9.00e-80	230
32P3R2A9_05789	32P3R2A9_05789	100.000	190	0	0	1	190	1	190	4.38e-143	395
32P3R2A9_05789	25P2R1A13_03689	99.474	190	1	0	1	190	59	248	1.78e-142	396
32P3R2A9_05789	7P1R3A5_04159	99.474	190	1	0	1	190	11	200	5.27e-142	393
32P3R2A9_05789	17P1R1A4_03407	97.895	190	4	0	1	190	59	248	1.50e-139	389
32P3R2A9_05789	11P3R3A1_04668	97.340	188	5	0	1	188	11	198	3.46e-138	384
32P3R2A9_05789	2P1R1A2_02483	96.842	190	6	0	1	190	11	200	3.53e-138	384
32P3R2A9_05789	12_1P1R2A2-1_04429	96.316	190	7	0	1	190	11	200	2.55e-137	381
32P3R2A9_05789	11P3R3A1_04469	96.316	190	7	0	1	190	11	200	6.54e-137	380
32P3R2A9_05789	34P3R2A10_04741	95.263	190	9	0	1	190	11	200	1.96e-136	379
32P3R2A9_05789	15P1R1A16_05065	96.277	188	7	0	1	188	1	188	2.13e-136	379
32P3R2A9_05789	19P1R1A6_03593	96.277	188	7	0	1	188	59	246	2.77e-136	380
32P3R2A9_05789	1P1R1A1_04625	95.789	190	8	0	1	190	11	200	5.26e-136	378
32P3R2A9_05789	7P1R3A5_04733	96.721	183	6	0	6	188	1	183	6.91e-133	369
32P3R2A9_05789	43P2R2A2_04912	96.460	113	4	0	78	190	1	113	5.03e-78	228
32P3R2A9_05789	43P2R2A2_05513	95.495	111	5	0	78	188	1	111	5.97e-76	223
32P3R2A9_05791	32P3R2A9_05791	100.000	196	0	0	1	196	1	196	1.88e-137	382
32P3R2A9_05792	32P3R2A9_05792	100.000	664	0	0	1	664	1	664	0.0	1338
32P3R2A9_05793	32P3R2A9_05793	100.000	258	0	0	1	258	1	258	0.0	516
32P3R2A9_05794	32P3R2A9_05794	100.000	191	0	0	1	191	1	191	9.91e-141	390
32P3R2A9_05795	32P3R2A9_05795	100.000	102	0	0	1	102	1	102	1.99e-71	207
32P3R2A9_05796	32P3R2A9_05796	100.000	126	0	0	1	126	1	126	2.00e-88	252
32P3R2A9_05797	32P3R2A9_05797	100.000	263	0	0	1	263	1	263	0.0	543
32P3R2A9_05798	32P3R2A9_05798	100.000	266	0	0	1	266	1	266	0.0	535
32P3R2A9_05799	32P3R2A9_05799	100.000	392	0	0	1	392	1	392	0.0	792
32P3R2A9_05800	32P3R2A9_05800	100.000	229	0	0	1	229	1	229	1.89e-169	465
32P3R2A9_05803	32P3R2A9_05803	100.000	75	0	0	1	75	1	75	9.98e-50	150
32P3R2A9_05804	32P3R2A9_05804	100.000	121	0	0	1	121	1	121	5.08e-84	241
32P3R2A9_05805	32P3R2A9_05805	100.000	391	0	0	1	391	1	391	0.0	807
32P3R2A9_05806	32P3R2A9_05806	100.000	172	0	0	1	172	1	172	4.73e-125	348
32P3R2A9_05807	32P3R2A9_05807	100.000	103	0	0	1	103	1	103	4.83e-70	204
32P3R2A9_05808	32P3R2A9_05808	100.000	597	0	0	1	597	1	597	0.0	1240
32P3R2A9_05809	32P3R2A9_05809	100.000	162	0	0	1	162	1	162	3.05e-118	330
32P3R2A9_05811	32P3R2A9_05811	100.000	528	0	0	1	528	1	528	0.0	1103
32P3R2A9_05812	32P3R2A9_05812	100.000	327	0	0	1	327	1	327	0.0	686
32P3R2A9_05813	32P3R2A9_05813	100.000	135	0	0	1	135	1	135	6.41e-97	274
32P3R2A9_05814	32P3R2A9_05814	100.000	237	0	0	1	237	1	237	8.07e-176	482
32P3R2A9_05815	32P3R2A9_05815	100.000	409	0	0	1	409	1	409	0.0	811
32P3R2A9_05816	32P3R2A9_05816	100.000	582	0	0	1	582	1	582	0.0	1213
32P3R2A9_05817	32P3R2A9_05817	100.000	262	0	0	1	262	1	262	0.0	515
32P3R2A9_05818	32P3R2A9_05818	100.000	773	0	0	1	773	1	773	0.0	1560
32P3R2A9_05819	32P3R2A9_05819	100.000	117	0	0	1	117	1	117	8.47e-85	242
32P3R2A9_05820	32P3R2A9_05820	100.000	51	0	0	1	51	1	51	3.32e-29	97.1
32P3R2A9_05821	32P3R2A9_05821	100.000	232	0	0	1	232	1	232	2.68e-163	450
32P3R2A9_05822	32P3R2A9_05822	100.000	103	0	0	1	103	1	103	2.36e-71	207
32P3R2A9_05822	24P1R3A1_08622	95.146	103	5	0	1	103	1	103	2.18e-68	199
32P3R2A9_05823	32P3R2A9_05823	100.000	142	0	0	1	142	1	142	2.47e-95	271
32P3R2A9_05824	32P3R2A9_05824	100.000	151	0	0	1	151	1	151	6.51e-103	291
32P3R2A9_05825	32P3R2A9_05825	100.000	107	0	0	1	107	1	107	7.87e-75	216
32P3R2A9_05826	32P3R2A9_05826	100.000	393	0	0	1	393	1	393	0.0	763
32P3R2A9_05826	24P1R3A1_09388	98.529	204	3	0	190	393	1	204	1.94e-142	403
32P3R2A9_05827	32P3R2A9_05827	100.000	122	0	0	1	122	1	122	1.37e-89	254
32P3R2A9_05827	11P3R3A1_04275	99.174	121	1	0	1	121	206	326	4.90e-84	259
32P3R2A9_05827	2P1R1A2_04660	95.868	121	5	0	1	121	20	140	3.86e-83	249
32P3R2A9_05827	12_1P1R2A2-1_04016	95.868	121	5	0	1	121	20	140	8.62e-83	251
32P3R2A9_05827	27P2R2A12_01014	95.041	121	6	0	1	121	1	121	1.98e-82	245
32P3R2A9_05827	17P1R1A4_02543	96.694	121	4	0	1	121	206	326	5.22e-82	252
32P3R2A9_05827	28P2R1A12_04135	96.694	121	4	0	1	121	206	326	6.71e-82	253
32P3R2A9_05827	25P2R1A13_04359	95.868	121	5	0	1	121	198	318	2.88e-81	251
32P3R2A9_05827	32P3R2A9_04833	95.041	121	6	0	1	121	186	306	8.64e-81	248
32P3R2A9_05827	33P3R2A2_04361	97.521	121	3	0	1	121	206	326	3.41e-80	254
32P3R2A9_05827	26P1R3A4_04753	98.039	102	2	0	20	121	1	102	1.40e-70	219
32P3R2A9_05827	30P2R3A4_04530	98.000	50	1	0	72	121	1	50	5.94e-29	108
32P3R2A9_05827	30P2R3A4_04540	96.000	50	2	0	72	121	1	50	1.31e-28	106
32P3R2A9_05827	10P3R2A13_04966	95.833	24	1	0	98	121	1	24	3.09e-09	53.1
32P3R2A9_05828	32P3R2A9_05828	100.000	351	0	0	1	351	1	351	0.0	721
32P3R2A9_05828	11P3R3A1_04275	100.000	351	0	0	1	351	364	714	0.0	721
32P3R2A9_05828	30P2R3A4_04530	100.000	351	0	0	1	351	88	438	0.0	719
32P3R2A9_05828	10P3R2A13_04966	99.715	351	1	0	1	351	62	412	0.0	717
32P3R2A9_05828	26P1R3A4_04753	99.430	351	2	0	1	351	140	490	0.0	716
32P3R2A9_05828	33P3R2A2_04361	99.678	311	1	0	1	311	364	674	0.0	631
32P3R2A9_05828	16_1P2R1A8-1_04735	100.000	248	0	0	104	351	1	248	0.0	502
32P3R2A9_05828	17P1R1A4_04456	100.000	214	0	0	138	351	1	214	3.45e-153	429
32P3R2A9_05829	32P3R2A9_05829	100.000	73	0	0	1	73	1	73	2.29e-50	152
32P3R2A9_05830	32P3R2A9_05830	100.000	371	0	0	1	371	1	371	0.0	760
32P3R2A9_05831	32P3R2A9_05831	100.000	163	0	0	1	163	1	163	1.66e-119	333
32P3R2A9_05832	32P3R2A9_05832	100.000	224	0	0	1	224	1	224	5.45e-164	451
32P3R2A9_05833	32P3R2A9_05833	100.000	139	0	0	1	139	1	139	2.48e-96	273
32P3R2A9_05834	32P3R2A9_05834	100.000	338	0	0	1	338	1	338	0.0	706
32P3R2A9_05835	32P3R2A9_05835	100.000	40	0	0	1	40	1	40	7.22e-23	80.5
32P3R2A9_05836	32P3R2A9_05836	100.000	208	0	0	1	208	1	208	2.70e-156	430
32P3R2A9_05837	32P3R2A9_05837	100.000	205	0	0	1	205	1	205	1.20e-150	416
32P3R2A9_05837	24P1R3A1_09236	95.620	137	6	0	69	205	1	137	2.26e-95	273
32P3R2A9_05838	32P3R2A9_05838	100.000	335	0	0	1	335	1	335	0.0	691
32P3R2A9_05839	32P3R2A9_05839	100.000	106	0	0	1	106	1	106	1.98e-75	218
32P3R2A9_05840	32P3R2A9_05840	100.000	111	0	0	1	111	1	111	3.27e-74	215
32P3R2A9_05841	32P3R2A9_05841	100.000	407	0	0	1	407	1	407	0.0	801
32P3R2A9_05842	32P3R2A9_05842	100.000	148	0	0	1	148	1	148	1.82e-105	297
32P3R2A9_05842	24P1R3A1_08709	96.622	148	5	0	1	148	1	148	3.05e-101	286
32P3R2A9_05843	32P3R2A9_05843	100.000	139	0	0	1	139	1	139	1.45e-100	284
32P3R2A9_05844	32P3R2A9_05844	100.000	135	0	0	1	135	1	135	5.09e-97	275
32P3R2A9_05845	32P3R2A9_05845	100.000	279	0	0	1	279	1	279	0.0	556
32P3R2A9_05846	32P3R2A9_05846	100.000	125	0	0	1	125	1	125	5.06e-86	246
32P3R2A9_05847	32P3R2A9_05847	100.000	79	0	0	1	79	1	79	1.47e-54	163
32P3R2A9_05848	32P3R2A9_05848	100.000	316	0	0	1	316	1	316	0.0	621
32P3R2A9_05849	32P3R2A9_05849	100.000	335	0	0	1	335	1	335	0.0	685
32P3R2A9_05850	24P1R3A1_08632	97.059	136	4	0	1	136	293	428	1.07e-95	282
32P3R2A9_05850	32P3R2A9_05850	100.000	136	0	0	1	136	1	136	3.30e-94	268
32P3R2A9_05851	32P3R2A9_05851	100.000	146	0	0	1	146	1	146	1.58e-100	284
32P3R2A9_05852	32P3R2A9_05852	100.000	206	0	0	1	206	1	206	3.89e-154	425
32P3R2A9_05853	32P3R2A9_05853	100.000	139	0	0	1	139	1	139	4.20e-101	285
32P3R2A9_05854	32P3R2A9_05854	100.000	105	0	0	1	105	1	105	7.27e-74	214
32P3R2A9_05855	32P3R2A9_05855	100.000	157	0	0	1	157	1	157	3.53e-108	305
32P3R2A9_05856	32P3R2A9_05856	100.000	180	0	0	1	180	1	180	2.34e-128	357
32P3R2A9_05857	32P3R2A9_05857	100.000	167	0	0	1	167	1	167	9.15e-121	337
32P3R2A9_05858	32P3R2A9_05858	100.000	101	0	0	1	101	1	101	9.64e-69	200
32P3R2A9_05859	32P3R2A9_05859	100.000	314	0	0	1	314	1	314	0.0	645
32P3R2A9_05860	32P3R2A9_05860	100.000	411	0	0	1	411	1	411	0.0	824
32P3R2A9_05861	32P3R2A9_05861	100.000	237	0	0	1	237	1	237	2.19e-175	481
32P3R2A9_05861	24P1R3A1_09088	96.273	161	6	0	77	237	1	161	3.45e-111	316
32P3R2A9_05862	32P3R2A9_05862	100.000	461	0	0	1	461	1	461	0.0	941
32P3R2A9_05862	24P1R3A1_09493	95.876	97	4	0	365	461	1	97	3.75e-59	189
32P3R2A9_05863	32P3R2A9_05863	100.000	154	0	0	1	154	1	154	1.64e-114	320
32P3R2A9_05864	32P3R2A9_05864	100.000	454	0	0	1	454	1	454	0.0	929
32P3R2A9_05865	32P3R2A9_05865	100.000	117	0	0	1	117	1	117	2.02e-80	231
32P3R2A9_05866	32P3R2A9_05866	100.000	96	0	0	1	96	1	96	2.89e-64	189
32P3R2A9_05867	32P3R2A9_05867	100.000	236	0	0	1	236	1	236	1.40e-174	479
32P3R2A9_05868	32P3R2A9_05868	100.000	154	0	0	1	154	1	154	1.24e-111	313
32P3R2A9_05871	32P3R2A9_05871	100.000	74	0	0	1	74	1	74	1.66e-50	152
32P3R2A9_05871	10P3R2A13_04760	98.630	73	1	0	1	73	163	235	4.54e-48	152
32P3R2A9_05871	42P1R1A12_03770	97.260	73	2	0	1	73	124	196	5.32e-48	151
32P3R2A9_05871	10P3R2A13_03875	97.260	73	2	0	1	73	163	235	2.01e-47	150
32P3R2A9_05872	32P3R2A9_05872	100.000	217	0	0	1	217	1	217	1.08e-162	447
32P3R2A9_05872	24P1R3A1_08846	99.225	129	1	0	89	217	1	129	9.23e-92	265
32P3R2A9_05873	32P3R2A9_05873	100.000	163	0	0	1	163	1	163	5.59e-117	327
32P3R2A9_05874	32P3R2A9_05874	100.000	176	0	0	1	176	1	176	2.37e-129	360
32P3R2A9_05875	32P3R2A9_05875	100.000	194	0	0	1	194	1	194	3.11e-144	399
32P3R2A9_05876	32P3R2A9_05876	100.000	200	0	0	1	200	1	200	2.33e-147	407
32P3R2A9_05877	32P3R2A9_05877	100.000	71	0	0	1	71	1	71	6.11e-47	143
32P3R2A9_05878	32P3R2A9_05878	100.000	173	0	0	1	173	1	173	3.91e-127	354
32P3R2A9_05879	32P3R2A9_05879	100.000	190	0	0	1	190	1	190	3.17e-141	391
32P3R2A9_05880	32P3R2A9_05880	100.000	175	0	0	1	175	1	175	3.17e-132	367
32P3R2A9_05881	32P3R2A9_05881	100.000	484	0	0	1	484	1	484	0.0	963
32P3R2A9_05882	32P3R2A9_05882	100.000	81	0	0	1	81	1	81	3.58e-54	162
32P3R2A9_05883	32P3R2A9_05883	100.000	542	0	0	1	542	1	542	0.0	1098
32P3R2A9_05884	32P3R2A9_05884	100.000	43	0	0	1	43	1	43	5.66e-24	83.6
32P3R2A9_05888	32P3R2A9_05888	100.000	260	0	0	1	260	1	260	0.0	528
32P3R2A9_05888	24P1R3A1_08645	98.462	260	4	0	1	260	181	440	0.0	520
32P3R2A9_05889	32P3R2A9_05889	100.000	310	0	0	1	310	1	310	0.0	637
32P3R2A9_05890	32P3R2A9_05890	100.000	746	0	0	1	746	1	746	0.0	1533
32P3R2A9_05891	32P3R2A9_05891	100.000	257	0	0	1	257	1	257	0.0	526
32P3R2A9_05892	32P3R2A9_05892	100.000	259	0	0	1	259	1	259	0.0	540
32P3R2A9_05893	32P3R2A9_05893	100.000	296	0	0	1	296	1	296	0.0	590
32P3R2A9_05893	24P1R3A1_09267	96.610	177	6	0	120	296	1	177	8.52e-118	335
32P3R2A9_05894	32P3R2A9_05894	100.000	248	0	0	1	248	1	248	0.0	512
32P3R2A9_05895	32P3R2A9_05895	100.000	259	0	0	1	259	1	259	0.0	535
32P3R2A9_05896	32P3R2A9_05896	100.000	383	0	0	1	383	1	383	0.0	786
32P3R2A9_05897	32P3R2A9_05897	100.000	69	0	0	1	69	1	69	2.38e-47	144
32P3R2A9_05898	32P3R2A9_05898	100.000	430	0	0	1	430	1	430	0.0	852
32P3R2A9_05899	32P3R2A9_05899	100.000	113	0	0	1	113	1	113	1.33e-79	229
32P3R2A9_05900	32P3R2A9_05900	100.000	142	0	0	1	142	1	142	4.78e-100	283
32P3R2A9_05901	32P3R2A9_05901	100.000	235	0	0	1	235	1	235	4.22e-176	483
32P3R2A9_05902	32P3R2A9_05902	100.000	144	0	0	1	144	1	144	3.36e-99	281
32P3R2A9_05903	32P3R2A9_05903	100.000	122	0	0	1	122	1	122	1.26e-84	242
32P3R2A9_05906	32P3R2A9_05906	100.000	72	0	0	1	72	1	72	4.29e-46	141
32P3R2A9_05906	24P1R3A1_09081	98.611	72	1	0	1	72	191	262	1.20e-43	141
32P3R2A9_05907	32P3R2A9_05907	100.000	286	0	0	1	286	1	286	0.0	597
32P3R2A9_05908	32P3R2A9_05908	100.000	482	0	0	1	482	1	482	0.0	980
32P3R2A9_05909	32P3R2A9_05909	100.000	457	0	0	1	457	1	457	0.0	901
32P3R2A9_05910	32P3R2A9_05910	100.000	259	0	0	1	259	1	259	0.0	533
32P3R2A9_05911	32P3R2A9_05911	100.000	74	0	0	1	74	1	74	1.88e-49	149
32P3R2A9_05912	32P3R2A9_05912	100.000	232	0	0	1	232	1	232	6.29e-172	472
32P3R2A9_05912	24P1R3A1_08400	99.127	229	2	0	1	229	55	283	1.77e-168	465
32P3R2A9_05913	32P3R2A9_05913	100.000	86	0	0	1	86	1	86	2.52e-59	176
32P3R2A9_05914	32P3R2A9_05914	100.000	349	0	0	1	349	1	349	0.0	716
32P3R2A9_05915	32P3R2A9_05915	100.000	132	0	0	1	132	1	132	1.10e-92	263
32P3R2A9_05916	32P3R2A9_05916	100.000	105	0	0	1	105	1	105	3.89e-74	214
32P3R2A9_05917	32P3R2A9_05917	100.000	45	0	0	1	45	1	45	1.53e-26	90.1
32P3R2A9_05918	32P3R2A9_05918	100.000	119	0	0	1	119	1	119	2.60e-85	244
32P3R2A9_05919	32P3R2A9_05919	100.000	186	0	0	1	186	1	186	1.21e-133	371
32P3R2A9_05920	32P3R2A9_05920	100.000	139	0	0	1	139	1	139	3.94e-100	283
32P3R2A9_05921	32P3R2A9_05921	100.000	85	0	0	1	85	1	85	5.70e-59	174
32P3R2A9_05922	32P3R2A9_05922	100.000	57	0	0	1	57	1	57	5.76e-37	117
32P3R2A9_05923	32P3R2A9_05923	100.000	126	0	0	1	126	1	126	2.56e-89	254
32P3R2A9_05924	32P3R2A9_05924	100.000	143	0	0	1	143	1	143	6.39e-102	288
32P3R2A9_05925	32P3R2A9_05925	100.000	81	0	0	1	81	1	81	1.78e-53	160
32P3R2A9_05926	32P3R2A9_05926	100.000	392	0	0	1	392	1	392	0.0	808
32P3R2A9_05927	32P3R2A9_05927	100.000	338	0	0	1	338	1	338	0.0	702
32P3R2A9_05928	32P3R2A9_05928	100.000	711	0	0	1	711	1	711	0.0	1481
32P3R2A9_05929	32P3R2A9_05929	100.000	69	0	0	1	69	1	69	5.99e-47	143
32P3R2A9_05929	32P3R2A9_05634	97.015	67	2	0	1	67	1	67	7.39e-44	135
32P3R2A9_05930	32P3R2A9_05930	100.000	446	0	0	1	446	1	446	0.0	872
32P3R2A9_05930	24P1R3A1_08497	95.740	446	19	0	1	446	1	446	0.0	806
32P3R2A9_05931	32P3R2A9_05931	100.000	191	0	0	1	191	1	191	1.66e-139	387
32P3R2A9_05932	32P3R2A9_05932	100.000	178	0	0	1	178	1	178	1.04e-111	315
32P3R2A9_05933	32P3R2A9_05933	100.000	156	0	0	1	156	1	156	2.78e-108	305
32P3R2A9_05934	32P3R2A9_05934	100.000	54	0	0	1	54	1	54	8.30e-33	106
32P3R2A9_05935	32P3R2A9_05935	100.000	229	0	0	1	229	1	229	1.62e-163	450
32P3R2A9_05935	24P1R3A1_08981	98.485	132	2	0	98	229	1	132	2.48e-89	259
32P3R2A9_05936	32P3R2A9_05936	100.000	186	0	0	1	186	1	186	2.29e-133	370
32P3R2A9_05937	32P3R2A9_05937	100.000	82	0	0	1	82	1	82	6.51e-54	161
32P3R2A9_05938	32P3R2A9_05938	100.000	285	0	0	1	285	1	285	0.0	582
32P3R2A9_05938	24P1R3A1_09014	99.612	258	1	0	28	285	1	258	0.0	522
32P3R2A9_05939	32P3R2A9_05939	100.000	324	0	0	1	324	1	324	0.0	647
32P3R2A9_05940	32P3R2A9_05940	100.000	77	0	0	1	77	1	77	4.46e-51	154
32P3R2A9_05940	24P1R3A1_09140	97.403	77	2	0	1	77	146	222	5.22e-48	151
32P3R2A9_05941	32P3R2A9_05941	100.000	214	0	0	1	214	1	214	2.70e-157	433
32P3R2A9_05942	32P3R2A9_05942	100.000	130	0	0	1	130	1	130	6.57e-91	259
32P3R2A9_05943	32P3R2A9_05943	100.000	273	0	0	1	273	1	273	0.0	560
32P3R2A9_05944	32P3R2A9_05944	100.000	214	0	0	1	214	1	214	1.66e-158	436
32P3R2A9_05945	32P3R2A9_05945	100.000	76	0	0	1	76	1	76	7.01e-49	148
32P3R2A9_05946	32P3R2A9_05946	100.000	302	0	0	1	302	1	302	0.0	624
32P3R2A9_05947	32P3R2A9_05947	100.000	148	0	0	1	148	1	148	1.44e-101	287
32P3R2A9_05948	32P3R2A9_05948	100.000	167	0	0	1	167	1	167	1.32e-122	342
32P3R2A9_05949	32P3R2A9_05949	100.000	74	0	0	1	74	1	74	6.50e-49	148
32P3R2A9_05950	32P3R2A9_05950	100.000	544	0	0	1	544	1	544	0.0	1129
32P3R2A9_05951	32P3R2A9_05951	100.000	433	0	0	1	433	1	433	0.0	874
32P3R2A9_05952	32P3R2A9_05952	100.000	59	0	0	1	59	1	59	6.08e-36	114
32P3R2A9_05953	32P3R2A9_05953	100.000	194	0	0	1	194	1	194	1.00e-144	400
32P3R2A9_05953	24P1R3A1_08309	98.649	148	2	0	47	194	1	148	2.75e-105	298
32P3R2A9_05954	32P3R2A9_05954	100.000	266	0	0	1	266	1	266	0.0	551
32P3R2A9_05955	32P3R2A9_05955	100.000	212	0	0	1	212	1	212	2.77e-145	403
32P3R2A9_05956	32P3R2A9_05956	100.000	191	0	0	1	191	1	191	6.16e-143	395
32P3R2A9_05957	32P3R2A9_05957	100.000	258	0	0	1	258	1	258	0.0	533
32P3R2A9_05958	32P3R2A9_05958	100.000	88	0	0	1	88	1	88	1.88e-61	181
32P3R2A9_05959	32P3R2A9_05959	100.000	211	0	0	1	211	1	211	1.68e-158	436
32P3R2A9_05960	32P3R2A9_05960	100.000	159	0	0	1	159	1	159	1.45e-114	321
32P3R2A9_05961	32P3R2A9_05961	100.000	156	0	0	1	156	1	156	3.39e-108	305
32P3R2A9_05962	32P3R2A9_05962	100.000	373	0	0	1	373	1	373	0.0	766
32P3R2A9_05963	32P3R2A9_05963	100.000	71	0	0	1	71	1	71	1.12e-46	142
32P3R2A9_05964	32P3R2A9_05964	100.000	187	0	0	1	187	1	187	3.21e-140	388
32P3R2A9_05965	32P3R2A9_05965	100.000	245	0	0	1	245	1	245	2.41e-180	494
32P3R2A9_05965	24P1R3A1_09138	99.180	122	1	0	124	245	1	122	2.05e-85	249
32P3R2A9_05967	32P3R2A9_05967	100.000	236	0	0	1	236	1	236	9.34e-180	492
32P3R2A9_05968	32P3R2A9_05968	100.000	355	0	0	1	355	1	355	0.0	697
32P3R2A9_05968	24P1R3A1_09253	98.421	190	3	0	166	355	1	190	3.08e-127	362
32P3R2A9_05969	32P3R2A9_05969	100.000	335	0	0	1	335	1	335	0.0	694
32P3R2A9_05970	32P3R2A9_05970	100.000	270	0	0	1	270	1	270	0.0	548
32P3R2A9_05971	32P3R2A9_05971	100.000	332	0	0	1	332	1	332	0.0	693
32P3R2A9_05972	32P3R2A9_05972	100.000	293	0	0	1	293	1	293	0.0	611
32P3R2A9_05972	24P1R3A1_09313	98.253	229	4	0	65	293	1	229	7.15e-170	469
32P3R2A9_05973	32P3R2A9_05973	100.000	442	0	0	1	442	1	442	0.0	900
32P3R2A9_05974	32P3R2A9_05974	100.000	261	0	0	1	261	1	261	0.0	532
32P3R2A9_05975	32P3R2A9_05975	100.000	140	0	0	1	140	1	140	3.12e-101	286
32P3R2A9_05976	32P3R2A9_05976	100.000	146	0	0	1	146	1	146	2.15e-105	296
32P3R2A9_05977	32P3R2A9_05977	100.000	249	0	0	1	249	1	249	0.0	500
32P3R2A9_05978	32P3R2A9_05978	100.000	91	0	0	1	91	1	91	1.03e-63	187
32P3R2A9_05979	32P3R2A9_05979	100.000	296	0	0	1	296	1	296	0.0	608
32P3R2A9_05982	32P3R2A9_05982	100.000	271	0	0	1	271	1	271	0.0	553
32P3R2A9_05983	32P3R2A9_05983	100.000	408	0	0	1	408	1	408	0.0	849
32P3R2A9_05984	32P3R2A9_05984	100.000	92	0	0	1	92	1	92	1.14e-62	184
32P3R2A9_05985	32P3R2A9_05985	100.000	218	0	0	1	218	1	218	1.98e-165	454
32P3R2A9_05986	32P3R2A9_05986	100.000	228	0	0	1	228	1	228	5.13e-175	479
32P3R2A9_05986	28P2R1A12_04625	97.368	228	6	0	1	228	1	228	1.03e-170	468
32P3R2A9_05986	11P3R3A1_03455	96.930	228	7	0	1	228	1	228	3.72e-170	467
32P3R2A9_05988	32P3R2A9_05988	100.000	145	0	0	1	145	1	145	4.41e-104	293
32P3R2A9_05988	11P3R3A1_03457	96.552	145	5	0	1	145	1	145	3.17e-100	283
32P3R2A9_05989	32P3R2A9_05989	100.000	257	0	0	1	257	1	257	0.0	518
32P3R2A9_05990	32P3R2A9_05990	100.000	303	0	0	1	303	1	303	0.0	632
32P3R2A9_05991	32P3R2A9_05991	100.000	262	0	0	1	262	1	262	0.0	543
32P3R2A9_05991	24P1R3A1_08205	95.038	262	13	0	1	262	1	262	0.0	516
32P3R2A9_05992	32P3R2A9_05992	100.000	381	0	0	1	381	1	381	0.0	775
32P3R2A9_05993	32P3R2A9_05993	100.000	66	0	0	1	66	1	66	1.36e-42	132
32P3R2A9_05994	32P3R2A9_05994	100.000	253	0	0	1	253	1	253	0.0	514
32P3R2A9_05995	32P3R2A9_05995	100.000	428	0	0	1	428	1	428	0.0	855
32P3R2A9_05996	32P3R2A9_05996	100.000	65	0	0	1	65	1	65	1.50e-41	129
32P3R2A9_05997	32P3R2A9_05997	100.000	117	0	0	1	117	1	117	4.12e-80	230
32P3R2A9_05998	32P3R2A9_05998	100.000	145	0	0	1	145	1	145	2.81e-99	281
32P3R2A9_05999	32P3R2A9_05999	100.000	172	0	0	1	172	1	172	5.23e-124	346
32P3R2A9_06000	32P3R2A9_06000	100.000	360	0	0	1	360	1	360	0.0	737
32P3R2A9_06001	32P3R2A9_06001	100.000	64	0	0	1	64	1	64	1.54e-41	129
32P3R2A9_06002	32P3R2A9_06002	100.000	155	0	0	1	155	1	155	4.32e-113	317
32P3R2A9_06003	32P3R2A9_06003	100.000	129	0	0	1	129	1	129	1.50e-90	258
32P3R2A9_06004	32P3R2A9_06004	100.000	207	0	0	1	207	1	207	2.94e-150	415
32P3R2A9_06005	32P3R2A9_06005	100.000	123	0	0	1	123	1	123	3.34e-91	259
32P3R2A9_06006	32P3R2A9_06006	100.000	312	0	0	1	312	1	312	0.0	647
32P3R2A9_06007	32P3R2A9_06007	100.000	408	0	0	1	408	1	408	0.0	843
32P3R2A9_06008	32P3R2A9_06008	100.000	265	0	0	1	265	1	265	0.0	544
32P3R2A9_06009	32P3R2A9_06009	100.000	207	0	0	1	207	1	207	7.62e-152	419
32P3R2A9_06010	32P3R2A9_06010	100.000	247	0	0	1	247	1	247	0.0	509
32P3R2A9_06011	32P3R2A9_06011	100.000	301	0	0	1	301	1	301	0.0	622
32P3R2A9_06012	32P3R2A9_06012	100.000	212	0	0	1	212	1	212	6.25e-159	437
32P3R2A9_06013	32P3R2A9_06013	100.000	324	0	0	1	324	1	324	0.0	665
32P3R2A9_06014	32P3R2A9_06014	100.000	131	0	0	1	131	1	131	9.45e-94	266
32P3R2A9_06015	32P3R2A9_06015	100.000	217	0	0	1	217	1	217	1.38e-162	447
32P3R2A9_06016	32P3R2A9_06016	100.000	249	0	0	1	249	1	249	2.45e-178	489
32P3R2A9_06017	32P3R2A9_06017	100.000	153	0	0	1	153	1	153	2.64e-109	307
32P3R2A9_06018	32P3R2A9_06018	100.000	99	0	0	1	99	1	99	5.60e-66	193
32P3R2A9_06019	32P3R2A9_06019	100.000	202	0	0	1	202	1	202	3.27e-147	407
32P3R2A9_06020	32P3R2A9_06020	100.000	275	0	0	1	275	1	275	0.0	564
32P3R2A9_06021	32P3R2A9_06021	100.000	137	0	0	1	137	1	137	6.32e-97	275
32P3R2A9_06022	32P3R2A9_06022	100.000	142	0	0	1	142	1	142	1.89e-102	289
32P3R2A9_06023	32P3R2A9_06023	100.000	474	0	0	1	474	1	474	0.0	978
32P3R2A9_06024	32P3R2A9_06024	100.000	183	0	0	1	183	1	183	1.54e-128	358
32P3R2A9_06026	32P3R2A9_06026	100.000	233	0	0	1	233	1	233	1.31e-177	486
32P3R2A9_06027	32P3R2A9_06027	100.000	341	0	0	1	341	1	341	0.0	694
32P3R2A9_06028	32P3R2A9_06028	100.000	124	0	0	1	124	1	124	1.94e-88	252
32P3R2A9_06029	32P3R2A9_06029	100.000	111	0	0	1	111	1	111	6.28e-80	229
32P3R2A9_06030	32P3R2A9_06030	100.000	157	0	0	1	157	1	157	2.85e-116	325
32P3R2A9_06031	32P3R2A9_06031	100.000	256	0	0	1	256	1	256	0.0	537
32P3R2A9_06031	24P1R3A1_08919	95.402	174	8	0	83	256	1	174	4.73e-124	350
32P3R2A9_06032	32P3R2A9_06032	100.000	667	0	0	1	667	1	667	0.0	1384
32P3R2A9_06033	32P3R2A9_06033	100.000	99	0	0	1	99	1	99	4.48e-67	196
32P3R2A9_06034	32P3R2A9_06034	100.000	52	0	0	1	52	1	52	6.72e-33	106
32P3R2A9_06035	32P3R2A9_06035	100.000	308	0	0	1	308	1	308	0.0	630
32P3R2A9_06036	32P3R2A9_06036	100.000	177	0	0	1	177	1	177	4.75e-132	367
32P3R2A9_06037	32P3R2A9_06037	100.000	98	0	0	1	98	1	98	1.94e-69	202
32P3R2A9_06038	32P3R2A9_06038	100.000	309	0	0	1	309	1	309	0.0	627
32P3R2A9_06039	32P3R2A9_06039	100.000	304	0	0	1	304	1	304	0.0	639
32P3R2A9_06040	32P3R2A9_06040	100.000	326	0	0	1	326	1	326	0.0	663
32P3R2A9_06041	32P3R2A9_06041	100.000	194	0	0	1	194	1	194	8.08e-144	398
32P3R2A9_06041	24P1R3A1_09352	95.652	184	8	0	11	194	1	184	2.49e-131	366
32P3R2A9_06042	32P3R2A9_06042	100.000	210	0	0	1	210	1	210	9.76e-155	427
32P3R2A9_06043	32P3R2A9_06043	100.000	368	0	0	1	368	1	368	0.0	763
32P3R2A9_06044	32P3R2A9_06044	100.000	70	0	0	1	70	1	70	1.51e-46	142
32P3R2A9_06045	32P3R2A9_06045	100.000	242	0	0	1	242	1	242	0.0	496
32P3R2A9_06046	32P3R2A9_06046	100.000	123	0	0	1	123	1	123	1.26e-87	250
32P3R2A9_06047	32P3R2A9_06047	100.000	56	0	0	1	56	1	56	1.62e-30	100
32P3R2A9_06048	32P3R2A9_06048	100.000	379	0	0	1	379	1	379	0.0	734
32P3R2A9_06048	24P1R3A1_08758	97.727	44	1	0	1	44	14	57	7.88e-20	82.8
32P3R2A9_06049	32P3R2A9_06049	100.000	191	0	0	1	191	1	191	3.00e-140	388
32P3R2A9_06050	32P3R2A9_06050	100.000	248	0	0	1	248	1	248	0.0	515
32P3R2A9_06051	32P3R2A9_06051	100.000	151	0	0	1	151	1	151	7.13e-107	301
32P3R2A9_06052	32P3R2A9_06052	100.000	105	0	0	1	105	1	105	1.38e-73	213
32P3R2A9_06053	32P3R2A9_06053	100.000	200	0	0	1	200	1	200	1.38e-146	405
32P3R2A9_06054	32P3R2A9_06054	100.000	261	0	0	1	261	1	261	0.0	543
32P3R2A9_06054	24P1R3A1_02708	95.785	261	11	0	1	261	43	303	0.0	529
32P3R2A9_06054	10P3R2A13_03119	95.385	260	12	0	1	260	43	302	0.0	527
32P3R2A9_06055	32P3R2A9_06055	100.000	107	0	0	1	107	1	107	1.75e-74	215
32P3R2A9_06056	32P3R2A9_06056	100.000	74	0	0	1	74	1	74	2.66e-44	137
32P3R2A9_06057	32P3R2A9_06057	100.000	198	0	0	1	198	1	198	2.53e-149	412
32P3R2A9_06058	32P3R2A9_06058	100.000	226	0	0	1	226	1	226	2.87e-167	459
32P3R2A9_06059	32P3R2A9_06059	100.000	97	0	0	1	97	1	97	1.70e-67	197
32P3R2A9_06060	32P3R2A9_06060	100.000	127	0	0	1	127	1	127	2.34e-89	254
32P3R2A9_06061	32P3R2A9_06061	100.000	125	0	0	1	125	1	125	2.44e-88	252
32P3R2A9_06062	32P3R2A9_06062	100.000	174	0	0	1	174	1	174	2.22e-123	344
32P3R2A9_06063	32P3R2A9_06063	100.000	101	0	0	1	101	1	101	1.28e-69	202
32P3R2A9_06064	32P3R2A9_06064	100.000	206	0	0	1	206	1	206	1.99e-155	428
32P3R2A9_06065	32P3R2A9_06065	100.000	287	0	0	1	287	1	287	0.0	561
32P3R2A9_06066	32P3R2A9_06066	100.000	204	0	0	1	204	1	204	2.67e-149	412
32P3R2A9_06067	32P3R2A9_06067	100.000	640	0	0	1	640	1	640	0.0	1310
32P3R2A9_06068	32P3R2A9_06068	100.000	39	0	0	1	39	1	39	1.52e-23	82.0
32P3R2A9_06069	32P3R2A9_06069	100.000	380	0	0	1	380	1	380	0.0	777
32P3R2A9_06071	32P3R2A9_06071	100.000	110	0	0	1	110	1	110	1.14e-79	229
32P3R2A9_06072	32P3R2A9_06072	100.000	93	0	0	1	93	1	93	5.14e-66	193
32P3R2A9_06073	32P3R2A9_06073	100.000	107	0	0	1	107	1	107	8.95e-76	219
32P3R2A9_06074	32P3R2A9_06074	100.000	96	0	0	1	96	1	96	1.56e-64	189
32P3R2A9_06075	32P3R2A9_06075	100.000	384	0	0	1	384	1	384	0.0	790
32P3R2A9_06076	32P3R2A9_06076	100.000	115	0	0	1	115	1	115	4.56e-81	233
32P3R2A9_06077	32P3R2A9_06077	100.000	190	0	0	1	190	1	190	1.50e-140	389
32P3R2A9_06078	32P3R2A9_06078	100.000	334	0	0	1	334	1	334	0.0	696
32P3R2A9_06079	32P3R2A9_06079	100.000	268	0	0	1	268	1	268	0.0	558
32P3R2A9_06080	32P3R2A9_06080	100.000	49	0	0	1	49	1	49	4.22e-29	96.7
32P3R2A9_06081	32P3R2A9_06081	100.000	128	0	0	1	128	1	128	7.26e-96	271
32P3R2A9_06082	32P3R2A9_06082	100.000	269	0	0	1	269	1	269	0.0	558
32P3R2A9_06083	32P3R2A9_06083	100.000	386	0	0	1	386	1	386	0.0	795
32P3R2A9_06083	24P1R3A1_08658	96.416	279	10	0	108	386	1	279	0.0	559
32P3R2A9_06084	32P3R2A9_06084	100.000	168	0	0	1	168	1	168	2.27e-125	349
32P3R2A9_06085	32P3R2A9_06085	100.000	314	0	0	1	314	1	314	0.0	635
32P3R2A9_06087	32P3R2A9_06087	100.000	135	0	0	1	135	1	135	8.51e-98	276
32P3R2A9_06087	24P1R3A1_08506	98.519	135	2	0	1	135	13	147	5.83e-96	272
32P3R2A9_06088	32P3R2A9_06088	100.000	171	0	0	1	171	1	171	1.06e-115	325
32P3R2A9_06089	32P3R2A9_06089	100.000	249	0	0	1	249	1	249	0.0	513
32P3R2A9_06090	32P3R2A9_06090	100.000	345	0	0	1	345	1	345	0.0	706
32P3R2A9_06091	32P3R2A9_06091	100.000	261	0	0	1	261	1	261	0.0	537
32P3R2A9_06092	32P3R2A9_06092	100.000	343	0	0	1	343	1	343	0.0	701
32P3R2A9_06092	24P1R3A1_08451	96.793	343	11	0	1	343	1	343	0.0	676
32P3R2A9_06093	32P3R2A9_06093	100.000	92	0	0	1	92	1	92	2.93e-58	173
32P3R2A9_06094	32P3R2A9_06094	100.000	82	0	0	1	82	1	82	3.05e-54	162
32P3R2A9_06095	32P3R2A9_06095	100.000	72	0	0	1	72	1	72	1.21e-47	145
32P3R2A9_06096	32P3R2A9_06096	100.000	251	0	0	1	251	1	251	0.0	510
32P3R2A9_06097	32P3R2A9_06097	100.000	390	0	0	1	390	1	390	0.0	802
32P3R2A9_06097	24P1R3A1_08555	95.890	219	9	0	172	390	1	219	2.23e-156	439
32P3R2A9_06098	32P3R2A9_06098	100.000	88	0	0	1	88	1	88	8.26e-62	182
32P3R2A9_06099	32P3R2A9_06099	100.000	89	0	0	1	89	1	89	9.08e-62	182
32P3R2A9_06100	32P3R2A9_06100	100.000	90	0	0	1	90	1	90	2.09e-56	168
32P3R2A9_06101	32P3R2A9_06101	100.000	245	0	0	1	245	1	245	6.70e-178	488
32P3R2A9_06102	32P3R2A9_06102	100.000	66	0	0	1	66	1	66	1.68e-41	129
32P3R2A9_06103	32P3R2A9_06103	100.000	482	0	0	1	482	1	482	0.0	981
32P3R2A9_06104	32P3R2A9_06104	100.000	359	0	0	1	359	1	359	0.0	721
32P3R2A9_06104	24P1R3A1_09333	96.199	342	13	0	18	359	1	342	0.0	665
32P3R2A9_06105	32P3R2A9_06105	100.000	436	0	0	1	436	1	436	0.0	873
32P3R2A9_06106	32P3R2A9_06106	100.000	419	0	0	1	419	1	419	0.0	850
32P3R2A9_06107	32P3R2A9_06107	100.000	51	0	0	1	51	1	51	2.55e-31	102
32P3R2A9_06107	24P1R3A1_09131	100.000	51	0	0	1	51	204	254	5.46e-30	104
32P3R2A9_06108	32P3R2A9_06108	100.000	218	0	0	1	218	1	218	2.91e-150	416
32P3R2A9_06108	24P1R3A1_09130	96.800	125	4	0	91	215	1	125	1.22e-79	234
32P3R2A9_06109	32P3R2A9_06109	100.000	427	0	0	1	427	1	427	0.0	830
32P3R2A9_06110	32P3R2A9_06110	100.000	293	0	0	1	293	1	293	0.0	595
32P3R2A9_06111	32P3R2A9_06111	100.000	204	0	0	1	204	1	204	6.36e-155	427
32P3R2A9_06112	32P3R2A9_06112	100.000	222	0	0	1	222	1	222	6.12e-160	441
32P3R2A9_06113	32P3R2A9_06113	100.000	367	0	0	1	367	1	367	0.0	754
32P3R2A9_06114	32P3R2A9_06114	100.000	374	0	0	1	374	1	374	0.0	764
32P3R2A9_06115	32P3R2A9_06115	100.000	231	0	0	1	231	1	231	4.22e-174	477
32P3R2A9_06116	32P3R2A9_06116	100.000	88	0	0	1	88	1	88	1.68e-59	176
32P3R2A9_06117	32P3R2A9_06117	100.000	225	0	0	1	225	1	225	1.42e-166	458
32P3R2A9_06118	32P3R2A9_06118	100.000	264	0	0	1	264	1	264	0.0	530
32P3R2A9_06119	32P3R2A9_06119	100.000	431	0	0	1	431	1	431	0.0	865
32P3R2A9_06120	32P3R2A9_06120	100.000	40	0	0	1	40	1	40	7.42e-22	77.8
32P3R2A9_06121	32P3R2A9_06121	100.000	277	0	0	1	277	1	277	0.0	577
32P3R2A9_06122	32P3R2A9_06122	100.000	153	0	0	1	153	1	153	4.50e-110	309
32P3R2A9_06122	24P1R3A1_08835	100.000	87	0	0	67	153	1	87	5.85e-59	177
32P3R2A9_06123	32P3R2A9_06123	100.000	198	0	0	1	198	1	198	8.08e-144	398
32P3R2A9_06123	24P1R3A1_08836	97.475	198	5	0	1	198	1	198	6.59e-141	390
32P3R2A9_06124	32P3R2A9_06124	100.000	96	0	0	1	96	1	96	2.43e-66	194
32P3R2A9_06124	24P1R3A1_08837	97.917	96	2	0	1	96	60	155	1.75e-63	189
32P3R2A9_06125	32P3R2A9_06125	100.000	69	0	0	1	69	1	69	1.58e-45	139
32P3R2A9_06126	32P3R2A9_06126	100.000	111	0	0	1	111	1	111	5.65e-79	227
32P3R2A9_06127	32P3R2A9_06127	100.000	357	0	0	1	357	1	357	0.0	738
32P3R2A9_06128	32P3R2A9_06128	100.000	69	0	0	1	69	1	69	2.64e-43	134
32P3R2A9_06129	32P3R2A9_06129	100.000	203	0	0	1	203	1	203	7.95e-147	406
32P3R2A9_06130	32P3R2A9_06130	100.000	448	0	0	1	448	1	448	0.0	933
32P3R2A9_06131	32P3R2A9_06131	100.000	72	0	0	1	72	1	72	3.05e-49	149
32P3R2A9_06132	32P3R2A9_06132	100.000	237	0	0	1	237	1	237	5.47e-171	470
32P3R2A9_06132	24P1R3A1_08426	96.624	237	5	1	1	237	1	234	2.68e-162	448
32P3R2A9_06133	32P3R2A9_06133	100.000	246	0	0	1	246	1	246	0.0	508
32P3R2A9_06134	32P3R2A9_06134	100.000	94	0	0	1	94	1	94	6.19e-65	190
32P3R2A9_06135	32P3R2A9_06135	100.000	387	0	0	1	387	1	387	0.0	801
32P3R2A9_06136	32P3R2A9_06136	100.000	258	0	0	1	258	1	258	0.0	524
32P3R2A9_06136	24P1R3A1_08102	95.294	255	12	0	1	255	1	255	0.0	498
32P3R2A9_06137	32P3R2A9_06137	100.000	338	0	0	1	338	1	338	0.0	653
32P3R2A9_06137	24P1R3A1_08101	97.633	338	8	0	1	338	1	338	0.0	635
32P3R2A9_06138	32P3R2A9_06138	100.000	83	0	0	1	83	1	83	1.46e-56	168
32P3R2A9_06138	24P1R3A1_08100	97.590	83	2	0	1	83	7	89	1.44e-55	166
32P3R2A9_06139	32P3R2A9_06139	100.000	275	0	0	1	275	1	275	0.0	571
32P3R2A9_06140	32P3R2A9_06140	100.000	245	0	0	1	245	1	245	0.0	501
32P3R2A9_06141	32P3R2A9_06141	100.000	125	0	0	1	125	1	125	1.45e-89	255
32P3R2A9_06142	32P3R2A9_06142	100.000	143	0	0	1	143	1	143	3.96e-100	283
32P3R2A9_06143	32P3R2A9_06143	100.000	262	0	0	1	262	1	262	0.0	532
32P3R2A9_06144	32P3R2A9_06144	100.000	114	0	0	1	114	1	114	1.06e-77	224
32P3R2A9_06145	32P3R2A9_06145	100.000	306	0	0	1	306	1	306	0.0	630
32P3R2A9_06146	32P3R2A9_06146	100.000	418	0	0	1	418	1	418	0.0	843
32P3R2A9_06147	32P3R2A9_06147	100.000	194	0	0	1	194	1	194	6.70e-145	400
32P3R2A9_06148	32P3R2A9_06148	100.000	75	0	0	1	75	1	75	5.45e-50	151
32P3R2A9_06149	32P3R2A9_06149	100.000	59	0	0	1	59	1	59	7.12e-35	112
32P3R2A9_06150	32P3R2A9_06150	100.000	63	0	0	1	63	1	63	5.21e-41	127
32P3R2A9_06151	32P3R2A9_06151	100.000	67	0	0	1	67	1	67	1.84e-44	136
32P3R2A9_06152	32P3R2A9_06152	100.000	311	0	0	1	311	1	311	0.0	637
32P3R2A9_06153	32P3R2A9_06153	100.000	205	0	0	1	205	1	205	8.09e-149	411
