32P3R2A9_06154	32P3R2A9_06154	100.000	253	0	0	1	253	1	253	0.0	518
32P3R2A9_06155	32P3R2A9_06155	100.000	269	0	0	1	269	1	269	0.0	551
32P3R2A9_06155	24P1R3A1_09530	95.539	269	12	0	1	269	58	326	0.0	529
32P3R2A9_06156	32P3R2A9_06156	100.000	325	0	0	1	325	1	325	0.0	545
32P3R2A9_06157	32P3R2A9_06157	100.000	407	0	0	1	407	1	407	0.0	836
32P3R2A9_06158	32P3R2A9_06158	100.000	296	0	0	1	296	1	296	0.0	600
32P3R2A9_06159	32P3R2A9_06159	100.000	186	0	0	1	186	1	186	2.54e-136	378
32P3R2A9_06160	32P3R2A9_06160	100.000	227	0	0	1	227	1	227	6.59e-169	464
32P3R2A9_06161	32P3R2A9_06161	100.000	146	0	0	1	146	1	146	5.12e-106	298
32P3R2A9_06162	32P3R2A9_06162	100.000	634	0	0	1	634	1	634	0.0	1305
32P3R2A9_06163	32P3R2A9_06163	100.000	143	0	0	1	143	1	143	4.75e-102	288
32P3R2A9_06164	32P3R2A9_06164	100.000	232	0	0	1	232	1	232	1.61e-167	461
32P3R2A9_06165	32P3R2A9_06165	100.000	151	0	0	1	151	1	151	1.29e-109	308
32P3R2A9_06165	24P1R3A1_08856	95.395	152	6	1	1	151	1	152	4.20e-96	273
32P3R2A9_06166	32P3R2A9_06166	100.000	229	0	0	1	229	1	229	1.87e-167	460
32P3R2A9_06167	32P3R2A9_06167	100.000	243	0	0	1	243	1	243	6.91e-179	490
32P3R2A9_06168	32P3R2A9_06168	100.000	107	0	0	1	107	1	107	6.80e-76	219
32P3R2A9_06169	32P3R2A9_06169	100.000	164	0	0	1	164	1	164	1.81e-115	323
32P3R2A9_06170	32P3R2A9_06170	100.000	187	0	0	1	187	1	187	7.90e-134	372
32P3R2A9_06171	32P3R2A9_06171	100.000	140	0	0	1	140	1	140	1.10e-100	284
32P3R2A9_06172	32P3R2A9_06172	100.000	187	0	0	1	187	1	187	2.07e-140	389
32P3R2A9_06173	32P3R2A9_06173	100.000	77	0	0	1	77	1	77	1.12e-50	153
32P3R2A9_06174	32P3R2A9_06174	100.000	511	0	0	1	511	1	511	0.0	1044
32P3R2A9_06175	32P3R2A9_06175	100.000	186	0	0	1	186	1	186	1.85e-130	363
32P3R2A9_06175	24P1R3A1_08182	97.826	184	4	0	1	184	283	466	9.53e-123	354
32P3R2A9_06176	32P3R2A9_06176	100.000	320	0	0	1	320	1	320	0.0	653
32P3R2A9_06177	32P3R2A9_06177	100.000	121	0	0	1	121	1	121	7.37e-88	250
32P3R2A9_06179	32P3R2A9_06179	100.000	383	0	0	1	383	1	383	0.0	775
32P3R2A9_06180	32P3R2A9_06180	100.000	31	0	0	1	31	1	31	1.51e-16	63.9
32P3R2A9_06181	32P3R2A9_06181	100.000	165	0	0	1	165	1	165	9.38e-120	334
32P3R2A9_06182	32P3R2A9_06182	100.000	277	0	0	1	277	1	277	0.0	577
32P3R2A9_06183	32P3R2A9_06183	100.000	93	0	0	1	93	1	93	3.33e-61	181
32P3R2A9_06184	32P3R2A9_06184	100.000	270	0	0	1	270	1	270	0.0	556
32P3R2A9_06185	32P3R2A9_06185	100.000	162	0	0	1	162	1	162	1.38e-119	334
32P3R2A9_06186	32P3R2A9_06186	100.000	225	0	0	1	225	1	225	1.95e-170	468
32P3R2A9_06187	32P3R2A9_06187	100.000	227	0	0	1	227	1	227	3.67e-164	452
32P3R2A9_06187	24P1R3A1_08152	98.678	227	3	0	1	227	61	287	2.92e-162	449
32P3R2A9_06189	32P3R2A9_06189	100.000	56	0	0	1	56	1	56	1.11e-34	111
32P3R2A9_06190	32P3R2A9_06190	100.000	337	0	0	1	337	1	337	0.0	661
32P3R2A9_06191	32P3R2A9_06191	100.000	258	0	0	1	258	1	258	0.0	530
32P3R2A9_06192	32P3R2A9_06192	100.000	172	0	0	1	172	1	172	1.54e-122	342
32P3R2A9_06193	32P3R2A9_06193	100.000	60	0	0	1	60	1	60	9.38e-40	124
32P3R2A9_06194	32P3R2A9_06194	100.000	404	0	0	1	404	1	404	0.0	833
32P3R2A9_06195	32P3R2A9_06195	100.000	149	0	0	1	149	1	149	4.11e-109	306
32P3R2A9_06196	32P3R2A9_06196	100.000	269	0	0	1	269	1	269	0.0	552
32P3R2A9_06196	24P1R3A1_09327	97.826	92	2	0	178	269	1	92	3.43e-60	185
32P3R2A9_06197	32P3R2A9_06197	100.000	279	0	0	1	279	1	279	0.0	568
32P3R2A9_06198	32P3R2A9_06198	100.000	107	0	0	1	107	1	107	1.47e-74	216
32P3R2A9_06199	32P3R2A9_06199	100.000	547	0	0	1	547	1	547	0.0	1098
32P3R2A9_06199	24P1R3A1_08792	95.565	248	11	0	300	547	1	248	8.38e-169	478
32P3R2A9_06200	32P3R2A9_06200	100.000	70	0	0	1	70	1	70	1.09e-46	142
32P3R2A9_06201	32P3R2A9_06201	100.000	172	0	0	1	172	1	172	2.47e-121	339
32P3R2A9_06202	32P3R2A9_06202	100.000	70	0	0	1	70	1	70	4.85e-46	140
32P3R2A9_06203	32P3R2A9_06203	100.000	140	0	0	1	140	1	140	1.92e-101	286
32P3R2A9_06204	32P3R2A9_06204	100.000	211	0	0	1	211	1	211	2.03e-148	410
32P3R2A9_06204	24P1R3A1_08628	97.630	211	5	0	1	211	1	211	2.62e-146	405
32P3R2A9_06205	32P3R2A9_06205	100.000	118	0	0	1	118	1	118	1.10e-84	242
32P3R2A9_06206	32P3R2A9_06206	100.000	56	0	0	1	56	1	56	1.44e-34	110
32P3R2A9_06207	32P3R2A9_06207	100.000	132	0	0	1	132	1	132	4.19e-98	277
32P3R2A9_06207	24P1R3A1_09422	96.212	132	5	0	1	132	1	132	3.96e-94	267
32P3R2A9_06208	32P3R2A9_06208	100.000	83	0	0	1	83	1	83	1.00e-56	169
32P3R2A9_06209	32P3R2A9_06209	100.000	339	0	0	1	339	1	339	0.0	708
32P3R2A9_06210	32P3R2A9_06210	100.000	149	0	0	1	149	1	149	1.47e-107	302
32P3R2A9_06211	32P3R2A9_06211	100.000	213	0	0	1	213	1	213	3.85e-153	423
32P3R2A9_06212	32P3R2A9_06212	100.000	166	0	0	1	166	1	166	1.02e-124	347
32P3R2A9_06213	32P3R2A9_06213	100.000	457	0	0	1	457	1	457	0.0	930
32P3R2A9_06214	32P3R2A9_06214	100.000	175	0	0	1	175	1	175	1.93e-127	355
32P3R2A9_06215	32P3R2A9_06215	100.000	464	0	0	1	464	1	464	0.0	912
32P3R2A9_06216	32P3R2A9_06216	100.000	546	0	0	1	546	1	546	0.0	1101
32P3R2A9_06216	32P3R2A9_07057	96.667	60	2	0	1	60	360	419	1.00e-27	116
32P3R2A9_06217	32P3R2A9_06217	100.000	162	0	0	1	162	1	162	3.34e-117	328
32P3R2A9_06217	24P1R3A1_09524	95.775	71	3	0	92	162	1	71	5.51e-43	137
32P3R2A9_06219	32P3R2A9_06219	100.000	89	0	0	1	89	1	89	2.46e-62	183
32P3R2A9_06220	32P3R2A9_06220	100.000	105	0	0	1	105	1	105	2.56e-75	217
32P3R2A9_06221	32P3R2A9_06221	100.000	212	0	0	1	212	1	212	1.45e-154	426
32P3R2A9_06222	32P3R2A9_06222	100.000	211	0	0	1	211	1	211	3.50e-158	435
32P3R2A9_06223	32P3R2A9_06223	100.000	516	0	0	1	516	1	516	0.0	1038
32P3R2A9_06224	32P3R2A9_06224	100.000	409	0	0	1	409	1	409	0.0	845
32P3R2A9_06225	32P3R2A9_06225	100.000	277	0	0	1	277	1	277	0.0	569
32P3R2A9_06226	32P3R2A9_06226	100.000	76	0	0	1	76	1	76	8.50e-53	158
32P3R2A9_06227	32P3R2A9_06227	100.000	173	0	0	1	173	1	173	1.19e-123	345
32P3R2A9_06228	32P3R2A9_06228	100.000	85	0	0	1	85	1	85	1.44e-59	176
32P3R2A9_06229	32P3R2A9_06229	100.000	121	0	0	1	121	1	121	8.03e-85	243
32P3R2A9_06230	32P3R2A9_06230	100.000	139	0	0	1	139	1	139	4.74e-96	272
32P3R2A9_06231	32P3R2A9_06231	100.000	99	0	0	1	99	1	99	7.27e-67	196
32P3R2A9_06232	32P3R2A9_06232	100.000	116	0	0	1	116	1	116	9.56e-82	234
32P3R2A9_06233	32P3R2A9_06233	100.000	238	0	0	1	238	1	238	2.30e-178	489
32P3R2A9_06234	32P3R2A9_06234	100.000	89	0	0	1	89	1	89	1.60e-56	169
32P3R2A9_06235	32P3R2A9_06235	100.000	76	0	0	1	76	1	76	5.85e-53	159
32P3R2A9_06236	32P3R2A9_06236	100.000	94	0	0	1	94	1	94	4.27e-61	181
32P3R2A9_06238	32P3R2A9_06238	100.000	139	0	0	1	139	1	139	1.09e-101	286
32P3R2A9_06239	32P3R2A9_06239	100.000	147	0	0	1	147	1	147	2.64e-102	289
32P3R2A9_06240	32P3R2A9_06240	100.000	68	0	0	1	68	1	68	1.82e-44	137
32P3R2A9_06241	32P3R2A9_06241	100.000	246	0	0	1	246	1	246	0.0	504
32P3R2A9_06242	32P3R2A9_06242	100.000	262	0	0	1	262	1	262	0.0	504
32P3R2A9_06243	32P3R2A9_06243	100.000	250	0	0	1	250	1	250	0.0	511
32P3R2A9_06244	32P3R2A9_06244	100.000	369	0	0	1	369	1	369	0.0	731
32P3R2A9_06245	32P3R2A9_06245	100.000	437	0	0	1	437	1	437	0.0	896
32P3R2A9_06246	32P3R2A9_06246	100.000	67	0	0	1	67	1	67	7.97e-45	137
32P3R2A9_06247	32P3R2A9_06247	100.000	347	0	0	1	347	1	347	0.0	714
32P3R2A9_06248	32P3R2A9_06248	100.000	96	0	0	1	96	1	96	2.94e-68	199
32P3R2A9_06248	24P1R3A1_09147	95.833	96	4	0	1	96	1	96	1.47e-66	194
32P3R2A9_06249	32P3R2A9_06249	100.000	328	0	0	1	328	1	328	0.0	675
32P3R2A9_06253	32P3R2A9_06253	100.000	174	0	0	1	174	1	174	4.84e-129	358
32P3R2A9_06254	32P3R2A9_06254	100.000	87	0	0	1	87	1	87	1.43e-59	176
32P3R2A9_06255	32P3R2A9_06255	100.000	118	0	0	1	118	1	118	6.23e-84	240
32P3R2A9_06256	32P3R2A9_06256	100.000	186	0	0	1	186	1	186	4.87e-134	372
32P3R2A9_06257	32P3R2A9_06257	100.000	56	0	0	1	56	1	56	1.07e-33	108
32P3R2A9_06258	32P3R2A9_06258	100.000	295	0	0	1	295	1	295	0.0	599
32P3R2A9_06259	32P3R2A9_06259	100.000	195	0	0	1	195	1	195	6.28e-144	398
32P3R2A9_06260	32P3R2A9_06260	100.000	148	0	0	1	148	1	148	4.11e-105	296
32P3R2A9_06261	32P3R2A9_06261	100.000	135	0	0	1	135	1	135	6.02e-100	282
32P3R2A9_06263	32P3R2A9_06263	100.000	148	0	0	1	148	1	148	4.29e-110	308
32P3R2A9_06263	24P1R3A1_08456	97.297	148	4	0	1	148	1	148	5.62e-107	301
32P3R2A9_06265	32P3R2A9_06265	100.000	66	0	0	1	66	1	66	1.02e-42	132
32P3R2A9_06266	32P3R2A9_06266	100.000	544	0	0	1	544	1	544	0.0	1104
32P3R2A9_06267	32P3R2A9_06267	100.000	69	0	0	1	69	1	69	2.58e-46	141
32P3R2A9_06267	16_1P2R1A8-1_01443	97.101	69	2	0	1	69	1	69	1.23e-44	137
32P3R2A9_06268	32P3R2A9_06268	100.000	83	0	0	1	83	1	83	2.36e-53	160
32P3R2A9_06269	32P3R2A9_06269	100.000	75	0	0	1	75	1	75	1.07e-46	143
32P3R2A9_06270	32P3R2A9_06270	100.000	242	0	0	1	242	1	242	8.31e-160	442
32P3R2A9_06271	32P3R2A9_06271	100.000	110	0	0	1	110	1	110	9.98e-73	211
32P3R2A9_06272	32P3R2A9_06272	100.000	82	0	0	1	82	1	82	9.98e-57	169
32P3R2A9_06273	32P3R2A9_06273	100.000	138	0	0	1	138	1	138	1.02e-97	276
32P3R2A9_06273	24P1R3A1_09361	97.826	138	3	0	1	138	1	138	1.08e-95	271
32P3R2A9_06274	32P3R2A9_06274	100.000	157	0	0	1	157	1	157	5.63e-111	311
32P3R2A9_06275	32P3R2A9_06275	100.000	270	0	0	1	270	1	270	0.0	554
32P3R2A9_06276	32P3R2A9_06276	100.000	323	0	0	1	323	1	323	0.0	644
32P3R2A9_06277	32P3R2A9_06277	100.000	269	0	0	1	269	1	269	0.0	529
32P3R2A9_06277	24P1R3A1_08143	100.000	75	0	0	195	269	1	75	1.27e-44	145
32P3R2A9_06278	32P3R2A9_06278	100.000	135	0	0	1	135	1	135	5.06e-95	270
32P3R2A9_06279	32P3R2A9_06279	100.000	652	0	0	1	652	1	652	0.0	1361
32P3R2A9_06280	32P3R2A9_06280	100.000	228	0	0	1	228	1	228	8.14e-168	461
32P3R2A9_06282	32P3R2A9_06282	100.000	104	0	0	1	104	1	104	1.46e-69	202
32P3R2A9_06283	32P3R2A9_06283	100.000	207	0	0	1	207	1	207	2.10e-155	428
32P3R2A9_06284	32P3R2A9_06284	100.000	81	0	0	1	81	1	81	2.53e-55	165
32P3R2A9_06285	32P3R2A9_06285	100.000	153	0	0	1	153	1	153	3.23e-111	312
32P3R2A9_06286	32P3R2A9_06286	100.000	234	0	0	1	234	1	234	1.58e-177	486
32P3R2A9_06287	32P3R2A9_06287	100.000	216	0	0	1	216	1	216	1.65e-161	444
32P3R2A9_06288	32P3R2A9_06288	100.000	118	0	0	1	118	1	118	3.20e-83	238
32P3R2A9_06289	32P3R2A9_06289	100.000	319	0	0	1	319	1	319	0.0	658
32P3R2A9_06290	32P3R2A9_06290	100.000	84	0	0	1	84	1	84	3.26e-57	170
32P3R2A9_06291	32P3R2A9_06291	100.000	38	0	0	1	38	1	38	1.61e-19	72.0
32P3R2A9_06292	32P3R2A9_06292	100.000	338	0	0	1	338	1	338	0.0	689
32P3R2A9_06292	12_1P1R2A2-1_00040	99.688	321	1	0	1	321	1	321	0.0	659
32P3R2A9_06292	3P1R3A2_03070	97.196	321	9	0	1	321	1	321	0.0	644
32P3R2A9_06292	15P1R1A16_03397	97.508	321	8	0	1	321	1	321	0.0	643
32P3R2A9_06292	15P1R1A16_04188	100.000	106	0	0	216	321	1	106	4.77e-68	223
32P3R2A9_06292	26P1R3A4_04599	100.000	106	0	0	216	321	1	106	4.93e-68	223
32P3R2A9_06293	32P3R2A9_06293	100.000	206	0	0	1	206	1	206	2.94e-150	415
32P3R2A9_06293	12_1P1R2A2-1_00041	99.515	206	1	0	1	206	45	250	8.46e-150	416
32P3R2A9_06293	26P1R3A4_04620	99.515	206	1	0	1	206	86	291	1.54e-149	416
32P3R2A9_06293	28P2R1A12_03825	97.087	206	6	0	1	206	86	291	1.31e-145	407
32P3R2A9_06293	14P1R2A4_04670	96.602	206	7	0	1	206	86	291	1.45e-144	404
32P3R2A9_06293	19P1R1A6_04302	95.631	206	9	0	1	206	86	291	2.62e-144	403
32P3R2A9_06293	32P3R2A9_05159	95.146	206	10	0	1	206	86	291	2.10e-142	398
32P3R2A9_06293	15P1R1A16_03398	95.455	198	9	0	9	206	1	198	6.74e-138	383
32P3R2A9_06293	26P1R3A4_04768	95.070	142	7	0	65	206	1	142	1.52e-95	274
32P3R2A9_06293	25P2R1A13_04839	95.833	96	4	0	111	206	1	96	4.77e-60	182
32P3R2A9_06293	25P2R1A13_04846	100.000	78	0	0	129	206	1	78	7.87e-49	154
32P3R2A9_06294	32P3R2A9_06294	100.000	194	0	0	1	194	1	194	3.82e-140	388
32P3R2A9_06295	32P3R2A9_06295	100.000	338	0	0	1	338	1	338	0.0	686
32P3R2A9_06295	24P1R3A1_08239	99.130	115	1	0	224	338	1	115	2.79e-78	234
32P3R2A9_06296	32P3R2A9_06296	100.000	117	0	0	1	117	1	117	1.04e-82	237
32P3R2A9_06297	32P3R2A9_06297	100.000	138	0	0	1	138	1	138	7.06e-96	272
32P3R2A9_06298	32P3R2A9_06298	100.000	229	0	0	1	229	1	229	5.51e-172	472
32P3R2A9_06299	32P3R2A9_06299	100.000	234	0	0	1	234	1	234	8.86e-178	487
32P3R2A9_06299	24P1R3A1_09133	99.000	100	1	0	135	234	1	100	2.30e-69	207
32P3R2A9_06300	32P3R2A9_06300	100.000	555	0	0	1	555	1	555	0.0	1129
32P3R2A9_06301	32P3R2A9_06301	100.000	247	0	0	1	247	1	247	1.50e-173	477
32P3R2A9_06302	32P3R2A9_06302	100.000	156	0	0	1	156	1	156	2.96e-110	310
32P3R2A9_06303	32P3R2A9_06303	100.000	137	0	0	1	137	1	137	1.42e-97	276
32P3R2A9_06304	32P3R2A9_06304	100.000	125	0	0	1	125	1	125	3.95e-88	251
32P3R2A9_06305	32P3R2A9_06305	100.000	259	0	0	1	259	1	259	0.0	536
32P3R2A9_06306	32P3R2A9_06306	100.000	125	0	0	1	125	1	125	1.13e-89	255
32P3R2A9_06307	32P3R2A9_06307	100.000	322	0	0	1	322	1	322	0.0	663
32P3R2A9_06307	24P1R3A1_08037	98.758	322	4	0	1	322	29	350	0.0	658
32P3R2A9_06308	24P1R3A1_09364	100.000	110	0	0	1	110	37	146	1.50e-79	229
32P3R2A9_06308	32P3R2A9_06308	100.000	110	0	0	1	110	1	110	2.68e-79	228
32P3R2A9_06309	32P3R2A9_06309	100.000	377	0	0	1	377	1	377	0.0	785
32P3R2A9_06310	32P3R2A9_06310	100.000	89	0	0	1	89	1	89	1.57e-62	184
32P3R2A9_06311	32P3R2A9_06311	100.000	143	0	0	1	143	1	143	1.93e-103	291
32P3R2A9_06312	32P3R2A9_06312	100.000	217	0	0	1	217	1	217	3.32e-164	451
32P3R2A9_06313	32P3R2A9_06313	100.000	224	0	0	1	224	1	224	1.04e-165	456
32P3R2A9_06313	24P1R3A1_08418	97.321	224	6	0	1	224	280	503	9.96e-156	441
32P3R2A9_06314	32P3R2A9_06314	100.000	197	0	0	1	197	1	197	2.94e-145	402
32P3R2A9_06315	32P3R2A9_06315	100.000	192	0	0	1	192	1	192	6.49e-144	398
32P3R2A9_06316	32P3R2A9_06316	100.000	427	0	0	1	427	1	427	0.0	880
32P3R2A9_06317	32P3R2A9_06317	100.000	113	0	0	1	113	1	113	2.00e-80	231
32P3R2A9_06318	32P3R2A9_06318	100.000	164	0	0	1	164	1	164	4.14e-118	330
32P3R2A9_06319	32P3R2A9_06319	100.000	53	0	0	1	53	1	53	3.83e-29	97.1
32P3R2A9_06320	32P3R2A9_06320	100.000	328	0	0	1	328	1	328	0.0	674
32P3R2A9_06321	32P3R2A9_06321	100.000	309	0	0	1	309	1	309	0.0	646
32P3R2A9_06322	32P3R2A9_06322	100.000	202	0	0	1	202	1	202	8.79e-152	418
32P3R2A9_06323	32P3R2A9_06323	100.000	78	0	0	1	78	1	78	2.78e-52	157
32P3R2A9_06324	32P3R2A9_06324	100.000	299	0	0	1	299	1	299	0.0	605
32P3R2A9_06325	32P3R2A9_06325	100.000	233	0	0	1	233	1	233	7.30e-175	479
32P3R2A9_06326	32P3R2A9_06326	100.000	179	0	0	1	179	1	179	3.14e-131	365
32P3R2A9_06327	32P3R2A9_06327	100.000	342	0	0	1	342	1	342	0.0	711
32P3R2A9_06328	32P3R2A9_06328	100.000	73	0	0	1	73	1	73	6.46e-49	148
32P3R2A9_06329	32P3R2A9_06329	100.000	358	0	0	1	358	1	358	0.0	738
32P3R2A9_06330	32P3R2A9_06330	100.000	187	0	0	1	187	1	187	1.71e-137	381
32P3R2A9_06331	32P3R2A9_06331	100.000	108	0	0	1	108	1	108	1.65e-78	226
32P3R2A9_06332	32P3R2A9_06332	100.000	232	0	0	1	232	1	232	4.63e-164	452
32P3R2A9_06332	24P1R3A1_08095	97.414	232	6	0	1	232	1	232	7.79e-160	441
32P3R2A9_06333	32P3R2A9_06333	100.000	172	0	0	1	172	1	172	6.72e-125	348
32P3R2A9_06333	24P1R3A1_08096	96.512	172	6	0	1	172	86	257	1.03e-121	343
32P3R2A9_06334	32P3R2A9_06334	100.000	125	0	0	1	125	1	125	3.55e-91	259
32P3R2A9_06335	32P3R2A9_06335	100.000	117	0	0	1	117	1	117	2.48e-84	241
32P3R2A9_06336	32P3R2A9_06336	100.000	181	0	0	1	181	1	181	2.67e-134	372
32P3R2A9_06337	32P3R2A9_06337	100.000	53	0	0	1	53	1	53	1.84e-31	102
32P3R2A9_06338	32P3R2A9_06338	100.000	400	0	0	1	400	1	400	0.0	792
32P3R2A9_06339	32P3R2A9_06339	100.000	156	0	0	1	156	1	156	3.43e-112	315
32P3R2A9_06340	32P3R2A9_06340	100.000	118	0	0	1	118	1	118	1.72e-82	236
32P3R2A9_06341	32P3R2A9_06341	100.000	162	0	0	1	162	1	162	4.32e-119	332
32P3R2A9_06342	32P3R2A9_06342	100.000	88	0	0	1	88	1	88	1.73e-60	179
32P3R2A9_06343	32P3R2A9_06343	100.000	73	0	0	1	73	1	73	5.68e-51	153
32P3R2A9_06344	32P3R2A9_06344	100.000	369	0	0	1	369	1	369	0.0	754
32P3R2A9_06345	32P3R2A9_06345	100.000	163	0	0	1	163	1	163	1.97e-118	331
32P3R2A9_06346	32P3R2A9_06346	100.000	337	0	0	1	337	1	337	0.0	693
32P3R2A9_06346	24P1R3A1_09144	96.736	337	11	0	1	337	1	337	0.0	674
32P3R2A9_06347	32P3R2A9_06347	100.000	280	0	0	1	280	1	280	0.0	576
32P3R2A9_06348	32P3R2A9_06348	100.000	242	0	0	1	242	1	242	6.84e-178	488
32P3R2A9_06349	32P3R2A9_06349	100.000	108	0	0	1	108	1	108	1.00e-73	214
32P3R2A9_06350	32P3R2A9_06350	100.000	254	0	0	1	254	1	254	0.0	524
32P3R2A9_06351	32P3R2A9_06351	100.000	145	0	0	1	145	1	145	4.17e-105	296
32P3R2A9_06352	32P3R2A9_06352	100.000	90	0	0	1	90	1	90	7.80e-60	177
32P3R2A9_06353	32P3R2A9_06353	100.000	134	0	0	1	134	1	134	2.24e-96	273
32P3R2A9_06354	32P3R2A9_06354	100.000	137	0	0	1	137	1	137	5.02e-97	275
32P3R2A9_06355	32P3R2A9_06355	100.000	137	0	0	1	137	1	137	3.49e-97	275
32P3R2A9_06356	32P3R2A9_06356	100.000	249	0	0	1	249	1	249	1.79e-180	495
32P3R2A9_06357	15P1R1A16_04046	100.000	282	0	0	1	282	1122	1403	0.0	587
32P3R2A9_06357	3P1R3A2_04869	100.000	282	0	0	1	282	81	362	0.0	584
32P3R2A9_06357	11P3R3A1_04738	100.000	282	0	0	1	282	111	392	0.0	583
32P3R2A9_06357	27P2R2A12_04309	100.000	282	0	0	1	282	409	690	0.0	582
32P3R2A9_06357	8P2R1A11_04483	100.000	282	0	0	1	282	260	541	0.0	582
32P3R2A9_06357	30P2R3A4_04523	99.645	282	1	0	1	282	96	377	0.0	581
32P3R2A9_06357	16_1P2R1A8-1_04740	100.000	282	0	0	1	282	23	304	0.0	580
32P3R2A9_06357	32P3R2A9_06357	100.000	282	0	0	1	282	1	282	0.0	578
32P3R2A9_06360	32P3R2A9_06360	100.000	264	0	0	1	264	1	264	0.0	530
32P3R2A9_06361	32P3R2A9_06361	100.000	36	0	0	1	36	1	36	2.07e-19	71.2
32P3R2A9_06361	24P1R3A1_08299	97.222	36	1	0	1	36	1	36	1.31e-18	69.3
32P3R2A9_06362	32P3R2A9_06362	100.000	95	0	0	1	95	1	95	1.93e-64	189
32P3R2A9_06363	32P3R2A9_06363	100.000	164	0	0	1	164	1	164	5.87e-119	332
32P3R2A9_06363	24P1R3A1_08297	95.122	164	8	0	1	164	135	298	2.43e-112	321
32P3R2A9_06364	32P3R2A9_06364	100.000	79	0	0	1	79	1	79	1.20e-54	163
32P3R2A9_06365	32P3R2A9_06365	100.000	171	0	0	1	171	1	171	3.96e-126	351
32P3R2A9_06366	32P3R2A9_06366	100.000	182	0	0	1	182	1	182	2.60e-136	378
32P3R2A9_06367	32P3R2A9_06367	100.000	201	0	0	1	201	1	201	6.55e-151	416
32P3R2A9_06368	32P3R2A9_06368	100.000	137	0	0	1	137	1	137	5.87e-96	272
32P3R2A9_06368	34P3R2A10_04858	97.080	137	4	0	1	137	86	222	7.34e-93	267
32P3R2A9_06368	10P3R2A13_03563	97.080	137	4	0	1	137	139	275	8.17e-93	269
32P3R2A9_06368	18P3R3A11_03499	96.350	137	5	0	1	137	139	275	1.44e-92	268
32P3R2A9_06368	24P1R3A1_04130	95.620	137	6	0	1	137	139	275	1.52e-91	266
32P3R2A9_06368	42P1R1A12_01466	95.620	137	6	0	1	137	139	275	4.14e-83	244
32P3R2A9_06369	32P3R2A9_06369	100.000	129	0	0	1	129	1	129	4.67e-92	261
32P3R2A9_06370	32P3R2A9_06370	100.000	150	0	0	1	150	1	150	1.68e-107	302
32P3R2A9_06371	32P3R2A9_06371	100.000	204	0	0	1	204	1	204	2.88e-150	415
32P3R2A9_06372	32P3R2A9_06372	100.000	183	0	0	1	183	1	183	3.23e-132	367
32P3R2A9_06373	32P3R2A9_06373	100.000	127	0	0	1	127	1	127	7.06e-91	258
32P3R2A9_06374	32P3R2A9_06374	100.000	284	0	0	1	284	1	284	0.0	575
32P3R2A9_06375	32P3R2A9_06375	100.000	65	0	0	1	65	1	65	4.68e-42	130
32P3R2A9_06376	32P3R2A9_06376	100.000	77	0	0	1	77	1	77	7.97e-51	153
32P3R2A9_06377	32P3R2A9_06377	100.000	185	0	0	1	185	1	185	1.18e-139	386
32P3R2A9_06381	32P3R2A9_06381	100.000	101	0	0	1	101	1	101	1.63e-69	202
32P3R2A9_06382	32P3R2A9_06382	100.000	118	0	0	1	118	1	118	1.20e-85	244
32P3R2A9_06383	32P3R2A9_06383	100.000	43	0	0	1	43	1	43	1.03e-25	87.8
32P3R2A9_06384	32P3R2A9_06384	100.000	153	0	0	1	153	1	153	1.44e-113	318
32P3R2A9_06385	32P3R2A9_06385	100.000	70	0	0	1	70	1	70	2.62e-46	141
32P3R2A9_06386	32P3R2A9_06386	100.000	103	0	0	1	103	1	103	5.38e-74	214
32P3R2A9_06387	32P3R2A9_06387	100.000	460	0	0	1	460	1	460	0.0	954
32P3R2A9_06388	32P3R2A9_06388	100.000	294	0	0	1	294	1	294	0.0	612
32P3R2A9_06389	32P3R2A9_06389	100.000	110	0	0	1	110	1	110	1.80e-73	213
32P3R2A9_06390	32P3R2A9_06390	100.000	51	0	0	1	51	1	51	1.40e-30	100
32P3R2A9_06391	32P3R2A9_06391	100.000	169	0	0	1	169	1	169	2.34e-126	352
32P3R2A9_06392	32P3R2A9_06392	100.000	104	0	0	1	104	1	104	7.43e-72	208
32P3R2A9_06393	32P3R2A9_06393	100.000	393	0	0	1	393	1	393	0.0	824
32P3R2A9_06394	32P3R2A9_06394	100.000	140	0	0	1	140	1	140	2.41e-98	278
32P3R2A9_06395	32P3R2A9_06395	100.000	380	0	0	1	380	1	380	0.0	785
32P3R2A9_06396	32P3R2A9_06396	100.000	101	0	0	1	101	1	101	1.71e-70	205
32P3R2A9_06397	32P3R2A9_06397	100.000	313	0	0	1	313	1	313	0.0	648
32P3R2A9_06398	32P3R2A9_06398	100.000	319	0	0	1	319	1	319	0.0	648
32P3R2A9_06399	32P3R2A9_06399	100.000	62	0	0	1	62	1	62	2.59e-39	123
32P3R2A9_06400	32P3R2A9_06400	100.000	226	0	0	1	226	1	226	7.66e-171	469
32P3R2A9_06401	32P3R2A9_06401	100.000	309	0	0	1	309	1	309	0.0	620
32P3R2A9_06402	32P3R2A9_06402	100.000	87	0	0	1	87	1	87	2.47e-57	171
32P3R2A9_06403	32P3R2A9_06403	100.000	66	0	0	1	66	1	66	1.27e-42	132
32P3R2A9_06404	32P3R2A9_06404	100.000	545	0	0	1	545	1	545	0.0	1100
32P3R2A9_06405	32P3R2A9_06405	100.000	115	0	0	1	115	1	115	6.32e-82	235
32P3R2A9_06406	32P3R2A9_06406	100.000	58	0	0	1	58	1	58	1.75e-34	110
32P3R2A9_06407	32P3R2A9_06407	100.000	65	0	0	1	65	1	65	1.57e-41	129
32P3R2A9_06408	32P3R2A9_06408	100.000	219	0	0	1	219	1	219	5.50e-164	451
32P3R2A9_06408	24P1R3A1_09410	96.154	104	4	0	116	219	1	104	8.72e-68	203
32P3R2A9_06409	32P3R2A9_06409	100.000	36	0	0	1	36	1	36	7.01e-21	75.1
32P3R2A9_06410	32P3R2A9_06410	100.000	93	0	0	1	93	1	93	1.85e-63	186
32P3R2A9_06411	32P3R2A9_06411	100.000	150	0	0	1	150	1	150	6.10e-108	303
32P3R2A9_06411	24P1R3A1_05103	96.000	150	6	0	1	150	96	245	1.55e-102	293
32P3R2A9_06412	32P3R2A9_06412	100.000	79	0	0	1	79	1	79	6.96e-49	149
32P3R2A9_06413	32P3R2A9_06413	100.000	316	0	0	1	316	1	316	0.0	639
32P3R2A9_06414	32P3R2A9_06414	100.000	76	0	0	1	76	1	76	4.05e-49	149
32P3R2A9_06415	32P3R2A9_06415	100.000	348	0	0	1	348	1	348	0.0	704
32P3R2A9_06417	32P3R2A9_06417	100.000	187	0	0	1	187	1	187	2.13e-137	381
32P3R2A9_06417	16_1P2R1A8-1_01451	99.351	154	1	0	1	154	1	154	1.28e-104	308
32P3R2A9_06417	28P2R1A12_04817	99.038	104	1	0	50	153	1	104	1.77e-67	211
32P3R2A9_06417	33P3R2A2_03674	98.095	105	2	0	50	154	1	105	3.45e-67	211
32P3R2A9_06418	32P3R2A9_06418	100.000	178	0	0	1	178	1	178	7.13e-132	366
32P3R2A9_06419	32P3R2A9_06419	100.000	226	0	0	1	226	1	226	2.46e-167	460
32P3R2A9_06420	32P3R2A9_06420	100.000	88	0	0	1	88	1	88	3.83e-59	175
32P3R2A9_06421	32P3R2A9_06421	100.000	61	0	0	1	61	1	61	2.76e-39	123
32P3R2A9_06422	32P3R2A9_06422	100.000	231	0	0	1	231	1	231	3.80e-172	472
32P3R2A9_06423	32P3R2A9_06423	100.000	104	0	0	1	104	1	104	5.56e-73	211
32P3R2A9_06424	32P3R2A9_06424	100.000	132	0	0	1	132	1	132	1.09e-92	263
32P3R2A9_06425	32P3R2A9_06425	100.000	68	0	0	1	68	1	68	1.42e-44	137
32P3R2A9_06426	32P3R2A9_06426	100.000	104	0	0	1	104	1	104	1.31e-72	210
32P3R2A9_06427	32P3R2A9_06427	100.000	136	0	0	1	136	1	136	1.27e-99	281
32P3R2A9_06428	32P3R2A9_06428	100.000	183	0	0	1	183	1	183	2.49e-135	375
32P3R2A9_06429	32P3R2A9_06429	100.000	382	0	0	1	382	1	382	0.0	781
32P3R2A9_06430	32P3R2A9_06430	100.000	238	0	0	1	238	1	238	9.73e-176	482
32P3R2A9_06431	32P3R2A9_06431	100.000	384	0	0	1	384	1	384	0.0	787
32P3R2A9_06432	32P3R2A9_06432	100.000	278	0	0	1	278	1	278	0.0	568
32P3R2A9_06433	32P3R2A9_06433	100.000	145	0	0	1	145	1	145	7.90e-104	293
32P3R2A9_06434	32P3R2A9_06434	100.000	72	0	0	1	72	1	72	2.08e-49	149
32P3R2A9_06435	32P3R2A9_06435	100.000	188	0	0	1	188	1	188	3.20e-141	390
32P3R2A9_06435	24P1R3A1_09516	99.200	125	1	0	64	188	1	125	1.00e-88	256
32P3R2A9_06436	32P3R2A9_06436	100.000	158	0	0	1	158	1	158	1.55e-114	321
32P3R2A9_06437	32P3R2A9_06437	100.000	407	0	0	1	407	1	407	0.0	847
32P3R2A9_06438	32P3R2A9_06438	100.000	62	0	0	1	62	1	62	2.27e-37	118
32P3R2A9_06439	32P3R2A9_06439	100.000	394	0	0	1	394	1	394	0.0	811
32P3R2A9_06440	32P3R2A9_06440	100.000	428	0	0	1	428	1	428	0.0	878
32P3R2A9_06441	32P3R2A9_06441	100.000	172	0	0	1	172	1	172	1.26e-127	355
32P3R2A9_06442	32P3R2A9_06442	100.000	123	0	0	1	123	1	123	9.09e-90	255
32P3R2A9_06443	32P3R2A9_06443	100.000	153	0	0	1	153	1	153	1.52e-109	308
32P3R2A9_06444	32P3R2A9_06444	100.000	143	0	0	1	143	1	143	4.42e-105	295
32P3R2A9_06445	32P3R2A9_06445	100.000	200	0	0	1	200	1	200	1.74e-144	400
32P3R2A9_06446	32P3R2A9_06446	100.000	207	0	0	1	207	1	207	2.22e-154	426
32P3R2A9_06447	32P3R2A9_06447	100.000	69	0	0	1	69	1	69	2.95e-46	141
32P3R2A9_06448	32P3R2A9_06448	100.000	408	0	0	1	408	1	408	0.0	843
32P3R2A9_06449	32P3R2A9_06449	100.000	105	0	0	1	105	1	105	5.44e-72	209
32P3R2A9_06450	32P3R2A9_06450	100.000	287	0	0	1	287	1	287	0.0	600
32P3R2A9_06452	32P3R2A9_06452	100.000	146	0	0	1	146	1	146	2.12e-103	291
32P3R2A9_06452	24P1R3A1_09249	95.890	146	6	0	1	146	1	146	1.17e-98	280
32P3R2A9_06453	32P3R2A9_06453	100.000	98	0	0	1	98	1	98	1.06e-65	192
32P3R2A9_06454	32P3R2A9_06454	100.000	342	0	0	1	342	1	342	0.0	693
32P3R2A9_06455	32P3R2A9_06455	100.000	71	0	0	1	71	1	71	5.57e-48	145
32P3R2A9_06456	32P3R2A9_06456	100.000	120	0	0	1	120	1	120	1.05e-87	250
32P3R2A9_06458	32P3R2A9_06458	100.000	258	0	0	1	258	1	258	0.0	529
32P3R2A9_06459	32P3R2A9_06459	100.000	297	0	0	1	297	1	297	0.0	583
32P3R2A9_06460	32P3R2A9_06460	100.000	225	0	0	1	225	1	225	1.68e-165	455
32P3R2A9_06460	24P1R3A1_09079	97.701	87	2	0	139	225	1	87	3.50e-55	171
32P3R2A9_06461	32P3R2A9_06461	100.000	223	0	0	1	223	1	223	6.79e-170	466
32P3R2A9_06462	32P3R2A9_06462	100.000	252	0	0	1	252	1	252	0.0	514
32P3R2A9_06463	32P3R2A9_06463	100.000	253	0	0	1	253	1	253	0.0	516
32P3R2A9_06464	32P3R2A9_06464	100.000	153	0	0	1	153	1	153	4.60e-110	309
32P3R2A9_06465	32P3R2A9_06465	100.000	519	0	0	1	519	1	519	0.0	1052
32P3R2A9_06466	32P3R2A9_06466	100.000	97	0	0	1	97	1	97	1.01e-62	185
32P3R2A9_06467	32P3R2A9_06467	100.000	406	0	0	1	406	1	406	0.0	843
32P3R2A9_06468	32P3R2A9_06468	100.000	55	0	0	1	55	1	55	7.93e-36	114
32P3R2A9_06468	24P1R3A1_09121	100.000	55	0	0	1	55	206	260	6.57e-34	115
32P3R2A9_06469	32P3R2A9_06469	100.000	96	0	0	1	96	1	96	1.34e-66	194
32P3R2A9_06470	32P3R2A9_06470	100.000	194	0	0	1	194	1	194	3.78e-140	388
32P3R2A9_06471	32P3R2A9_06471	100.000	222	0	0	1	222	1	222	1.36e-154	427
32P3R2A9_06471	24P1R3A1_08832	95.833	96	4	0	127	222	1	96	7.89e-59	180
32P3R2A9_06473	32P3R2A9_06473	100.000	339	0	0	1	339	1	339	0.0	689
32P3R2A9_06474	32P3R2A9_06474	100.000	228	0	0	1	228	1	228	3.12e-171	470
32P3R2A9_06475	32P3R2A9_06475	100.000	278	0	0	1	278	1	278	0.0	572
32P3R2A9_06476	32P3R2A9_06476	100.000	87	0	0	1	87	1	87	6.28e-57	169
32P3R2A9_06476	24P1R3A1_09473	96.552	87	3	0	1	87	1	87	4.26e-55	165
32P3R2A9_06477	32P3R2A9_06477	100.000	583	0	0	1	583	1	583	0.0	1204
32P3R2A9_06478	32P3R2A9_06478	100.000	288	0	0	1	288	1	288	0.0	599
32P3R2A9_06479	32P3R2A9_06479	100.000	112	0	0	1	112	1	112	1.76e-75	218
32P3R2A9_06480	32P3R2A9_06480	100.000	391	0	0	1	391	1	391	0.0	786
32P3R2A9_06481	32P3R2A9_06481	100.000	143	0	0	1	143	1	143	3.51e-94	268
32P3R2A9_06482	32P3R2A9_06482	100.000	71	0	0	1	71	1	71	6.09e-48	145
32P3R2A9_06483	32P3R2A9_06483	100.000	248	0	0	1	248	1	248	0.0	512
32P3R2A9_06483	24P1R3A1_09169	96.241	133	5	0	116	248	1	133	3.31e-90	262
32P3R2A9_06484	32P3R2A9_06484	100.000	41	0	0	1	41	1	41	1.48e-25	87.4
32P3R2A9_06485	32P3R2A9_06485	100.000	185	0	0	1	185	1	185	1.09e-138	384
32P3R2A9_06486	32P3R2A9_06486	100.000	200	0	0	1	200	1	200	5.45e-149	411
32P3R2A9_06487	32P3R2A9_06487	100.000	121	0	0	1	121	1	121	1.41e-87	249
32P3R2A9_06488	32P3R2A9_06488	100.000	197	0	0	1	197	1	197	2.19e-145	402
32P3R2A9_06489	32P3R2A9_06489	100.000	191	0	0	1	191	1	191	6.39e-135	375
32P3R2A9_06490	32P3R2A9_06490	100.000	125	0	0	1	125	1	125	2.00e-89	254
32P3R2A9_06490	24P1R3A1_09535	97.600	125	3	0	1	125	139	263	1.35e-86	253
32P3R2A9_06491	32P3R2A9_06491	100.000	118	0	0	1	118	1	118	3.41e-84	241
32P3R2A9_06492	32P3R2A9_06492	100.000	186	0	0	1	186	1	186	2.66e-135	375
32P3R2A9_06493	32P3R2A9_06493	100.000	67	0	0	1	67	1	67	4.88e-44	135
32P3R2A9_06494	32P3R2A9_06494	100.000	405	0	0	1	405	1	405	0.0	819
32P3R2A9_06495	32P3R2A9_06495	100.000	352	0	0	1	352	1	352	0.0	720
32P3R2A9_06496	32P3R2A9_06496	100.000	219	0	0	1	219	1	219	7.33e-163	448
32P3R2A9_06498	32P3R2A9_06498	100.000	163	0	0	1	163	1	163	2.22e-118	331
32P3R2A9_06499	32P3R2A9_06499	100.000	252	0	0	1	252	1	252	0.0	520
32P3R2A9_06500	32P3R2A9_06500	100.000	195	0	0	1	195	1	195	8.54e-144	398
32P3R2A9_06501	32P3R2A9_06501	100.000	103	0	0	1	103	1	103	4.22e-71	206
32P3R2A9_06502	32P3R2A9_06502	100.000	251	0	0	1	251	1	251	0.0	503
32P3R2A9_06503	32P3R2A9_06503	100.000	93	0	0	1	93	1	93	4.84e-61	180
32P3R2A9_06504	32P3R2A9_06504	100.000	494	0	0	1	494	1	494	0.0	988
32P3R2A9_06505	32P3R2A9_06505	100.000	278	0	0	1	278	1	278	0.0	572
32P3R2A9_06506	32P3R2A9_06506	100.000	299	0	0	1	299	1	299	0.0	608
32P3R2A9_06507	32P3R2A9_06507	100.000	317	0	0	1	317	1	317	0.0	627
32P3R2A9_06508	32P3R2A9_06508	100.000	72	0	0	1	72	1	72	6.07e-47	143
32P3R2A9_06509	32P3R2A9_06509	100.000	88	0	0	1	88	1	88	1.12e-59	176
32P3R2A9_06510	32P3R2A9_06510	100.000	52	0	0	1	52	1	52	7.46e-34	108
32P3R2A9_06511	32P3R2A9_06511	100.000	40	0	0	1	40	1	40	1.39e-21	77.0
32P3R2A9_06512	32P3R2A9_06512	100.000	131	0	0	1	131	1	131	3.25e-95	270
32P3R2A9_06513	32P3R2A9_06513	100.000	51	0	0	1	51	1	51	3.83e-31	102
32P3R2A9_06514	32P3R2A9_06514	100.000	265	0	0	1	265	1	265	0.0	548
32P3R2A9_06514	24P1R3A1_09496	96.682	211	7	0	55	265	1	211	9.16e-153	424
32P3R2A9_06515	32P3R2A9_06515	100.000	358	0	0	1	358	1	358	0.0	741
32P3R2A9_06515	24P1R3A1_08220	95.531	358	16	0	1	358	198	555	0.0	721
32P3R2A9_06516	32P3R2A9_06516	100.000	143	0	0	1	143	1	143	7.43e-103	290
32P3R2A9_06516	24P1R3A1_09492	97.872	141	3	0	1	141	1	141	3.29e-99	281
32P3R2A9_06517	32P3R2A9_06517	100.000	250	0	0	1	250	1	250	0.0	514
32P3R2A9_06518	32P3R2A9_06518	100.000	210	0	0	1	210	1	210	2.24e-157	433
32P3R2A9_06519	32P3R2A9_06519	100.000	81	0	0	1	81	1	81	1.72e-56	168
32P3R2A9_06519	3P1R3A2_00241	95.238	63	3	0	1	63	12	74	3.06e-39	128
32P3R2A9_06519	25P2R1A13_04710	95.238	63	3	0	1	63	56	118	5.49e-39	128
32P3R2A9_06520	32P3R2A9_06520	100.000	97	0	0	1	97	1	97	3.84e-66	194
32P3R2A9_06521	32P3R2A9_06521	100.000	297	0	0	1	297	1	297	0.0	619
32P3R2A9_06522	32P3R2A9_06522	100.000	135	0	0	1	135	1	135	2.63e-97	275
32P3R2A9_06523	32P3R2A9_06523	100.000	241	0	0	1	241	1	241	0.0	499
32P3R2A9_06524	32P3R2A9_06524	100.000	480	0	0	1	480	1	480	0.0	981
32P3R2A9_06524	24P1R3A1_08488	97.959	343	7	0	138	480	1	343	0.0	685
32P3R2A9_06525	32P3R2A9_06525	100.000	310	0	0	1	310	1	310	0.0	605
32P3R2A9_06526	32P3R2A9_06526	100.000	209	0	0	1	209	1	209	2.12e-155	428
32P3R2A9_06526	24P1R3A1_09339	97.129	209	6	0	1	209	1	209	5.88e-150	414
32P3R2A9_06527	32P3R2A9_06527	100.000	138	0	0	1	138	1	138	2.14e-100	283
32P3R2A9_06528	32P3R2A9_06528	100.000	201	0	0	1	201	1	201	4.60e-152	419
32P3R2A9_06529	32P3R2A9_06529	100.000	98	0	0	1	98	1	98	5.65e-71	206
32P3R2A9_06530	32P3R2A9_06530	100.000	70	0	0	1	70	1	70	2.14e-45	139
32P3R2A9_06531	32P3R2A9_06531	100.000	216	0	0	1	216	1	216	1.24e-160	442
32P3R2A9_06531	24P1R3A1_08194	100.000	133	0	0	84	216	1	133	2.43e-96	276
32P3R2A9_06532	32P3R2A9_06532	100.000	114	0	0	1	114	1	114	4.44e-83	238
32P3R2A9_06532	24P1R3A1_08195	96.491	114	4	0	1	114	1	114	1.18e-79	229
32P3R2A9_06533	32P3R2A9_06533	100.000	94	0	0	1	94	1	94	3.38e-65	191
32P3R2A9_06534	32P3R2A9_06534	100.000	256	0	0	1	256	1	256	0.0	513
32P3R2A9_06535	32P3R2A9_06535	100.000	67	0	0	1	67	1	67	7.41e-44	135
32P3R2A9_06536	32P3R2A9_06536	100.000	190	0	0	1	190	1	190	1.99e-138	384
32P3R2A9_06537	26P1R3A4_04724	99.729	369	1	0	1	369	298	666	0.0	760
32P3R2A9_06537	32P3R2A9_06537	100.000	369	0	0	1	369	1	369	0.0	759
32P3R2A9_06537	15P1R1A16_04937	99.729	369	1	0	1	369	140	508	0.0	759
32P3R2A9_06537	5P3R2A4_04529	99.729	369	1	0	1	369	792	1160	0.0	757
32P3R2A9_06537	28P2R1A12_04849	98.916	369	4	0	1	369	767	1135	0.0	751
32P3R2A9_06537	34P3R2A10_05083	96.206	369	14	0	1	369	1	369	0.0	736
32P3R2A9_06537	14P1R2A4_05013	95.664	369	16	0	1	369	425	793	0.0	732
32P3R2A9_06537	12_1P1R2A2-1_04405	95.664	369	16	0	1	369	573	941	0.0	729
32P3R2A9_06538	32P3R2A9_06538	100.000	43	0	0	1	43	1	43	6.46e-26	88.2
32P3R2A9_06539	32P3R2A9_06539	100.000	155	0	0	1	155	1	155	7.00e-113	316
32P3R2A9_06540	32P3R2A9_06540	100.000	227	0	0	1	227	1	227	3.63e-171	469
32P3R2A9_06541	24P1R3A1_08046	99.410	339	2	0	1	339	167	505	0.0	714
32P3R2A9_06541	32P3R2A9_06541	100.000	339	0	0	1	339	1	339	0.0	709
32P3R2A9_06543	32P3R2A9_06543	100.000	171	0	0	1	171	1	171	1.03e-126	352
32P3R2A9_06544	32P3R2A9_06544	100.000	157	0	0	1	157	1	157	8.70e-113	316
32P3R2A9_06545	32P3R2A9_06545	100.000	472	0	0	1	472	1	472	0.0	990
32P3R2A9_06546	32P3R2A9_06546	100.000	50	0	0	1	50	1	50	2.05e-31	102
32P3R2A9_06548	32P3R2A9_06548	100.000	61	0	0	1	61	1	61	1.08e-38	121
32P3R2A9_06549	32P3R2A9_06549	100.000	292	0	0	1	292	1	292	0.0	593
32P3R2A9_06549	24P1R3A1_09072	99.355	155	1	0	138	292	1	155	1.46e-105	303
32P3R2A9_06550	32P3R2A9_06550	100.000	145	0	0	1	145	1	145	1.24e-101	287
32P3R2A9_06550	24P1R3A1_09073	97.241	145	4	0	1	145	1	145	1.39e-99	282
32P3R2A9_06551	32P3R2A9_06551	100.000	229	0	0	1	229	1	229	3.16e-169	465
32P3R2A9_06553	32P3R2A9_06553	100.000	407	0	0	1	407	1	407	0.0	822
32P3R2A9_06553	24P1R3A1_08729	98.282	291	5	0	117	407	2	292	0.0	583
32P3R2A9_06554	32P3R2A9_06554	100.000	259	0	0	1	259	1	259	0.0	531
32P3R2A9_06555	32P3R2A9_06555	100.000	100	0	0	1	100	1	100	2.47e-70	204
32P3R2A9_06556	32P3R2A9_06556	100.000	113	0	0	1	113	1	113	2.60e-79	228
32P3R2A9_06557	32P3R2A9_06557	100.000	72	0	0	1	72	1	72	3.82e-50	151
32P3R2A9_06558	24P1R3A1_08120	100.000	74	0	0	1	74	33	106	5.32e-51	154
32P3R2A9_06558	32P3R2A9_06558	100.000	74	0	0	1	74	1	74	8.30e-51	153
32P3R2A9_06560	32P3R2A9_06560	100.000	108	0	0	1	108	1	108	1.01e-77	224
32P3R2A9_06561	32P3R2A9_06561	100.000	81	0	0	1	81	1	81	3.16e-55	165
32P3R2A9_06562	32P3R2A9_06562	100.000	376	0	0	1	376	1	376	0.0	782
32P3R2A9_06563	32P3R2A9_06563	100.000	217	0	0	1	217	1	217	1.14e-161	445
32P3R2A9_06564	32P3R2A9_06564	100.000	61	0	0	1	61	1	61	9.21e-40	124
32P3R2A9_06565	32P3R2A9_06565	100.000	173	0	0	1	173	1	173	4.03e-122	341
32P3R2A9_06566	32P3R2A9_06566	100.000	279	0	0	1	279	1	279	0.0	580
32P3R2A9_06567	32P3R2A9_06567	100.000	57	0	0	1	57	1	57	1.99e-34	110
32P3R2A9_06568	32P3R2A9_06568	100.000	76	0	0	1	76	1	76	1.87e-50	152
32P3R2A9_06569	32P3R2A9_06569	100.000	98	0	0	1	98	1	98	1.29e-67	197
32P3R2A9_06570	32P3R2A9_06570	100.000	182	0	0	1	182	1	182	1.30e-131	366
32P3R2A9_06570	10P3R2A13_04867	99.451	182	1	0	1	182	353	534	2.33e-126	365
32P3R2A9_06572	32P3R2A9_06572	100.000	90	0	0	1	90	1	90	5.45e-62	182
32P3R2A9_06573	32P3R2A9_06573	100.000	113	0	0	1	113	1	113	1.39e-76	221
32P3R2A9_06574	32P3R2A9_06574	100.000	292	0	0	1	292	1	292	0.0	595
32P3R2A9_06574	24P1R3A1_08764	99.315	292	2	0	1	292	169	460	0.0	591
32P3R2A9_06575	32P3R2A9_06575	100.000	123	0	0	1	123	1	123	4.73e-88	251
32P3R2A9_06575	24P1R3A1_08034	100.000	123	0	0	1	123	201	323	7.48e-86	253
32P3R2A9_06577	32P3R2A9_06577	100.000	321	0	0	1	321	1	321	0.0	660
32P3R2A9_06578	32P3R2A9_06578	100.000	244	0	0	1	244	1	244	0.0	506
32P3R2A9_06579	32P3R2A9_06579	100.000	121	0	0	1	121	1	121	6.68e-84	240
32P3R2A9_06580	32P3R2A9_06580	100.000	91	0	0	1	91	1	91	6.92e-65	190
32P3R2A9_06580	24P1R3A1_09208	97.802	91	2	0	1	91	1	91	4.94e-64	187
32P3R2A9_06581	32P3R2A9_06581	100.000	241	0	0	1	241	1	241	0.0	503
32P3R2A9_06581	24P1R3A1_09207	95.862	145	6	0	91	235	1	145	5.76e-103	295
32P3R2A9_06582	32P3R2A9_06582	100.000	486	0	0	1	486	1	486	0.0	1011
32P3R2A9_06584	32P3R2A9_06584	100.000	334	0	0	1	334	1	334	0.0	675
32P3R2A9_06585	32P3R2A9_06585	100.000	318	0	0	1	318	1	318	0.0	637
32P3R2A9_06586	32P3R2A9_06586	100.000	163	0	0	1	163	1	163	1.89e-120	336
32P3R2A9_06587	32P3R2A9_06587	100.000	289	0	0	1	289	1	289	0.0	573
32P3R2A9_06588	32P3R2A9_06588	100.000	210	0	0	1	210	1	210	3.23e-154	425
32P3R2A9_06589	32P3R2A9_06589	100.000	235	0	0	1	235	1	235	1.87e-178	489
32P3R2A9_06589	24P1R3A1_09455	100.000	87	0	0	149	235	1	87	2.34e-59	182
32P3R2A9_06590	32P3R2A9_06590	100.000	113	0	0	1	113	1	113	7.11e-77	222
32P3R2A9_06591	32P3R2A9_06591	100.000	288	0	0	1	288	1	288	0.0	597
32P3R2A9_06592	32P3R2A9_06592	100.000	108	0	0	1	108	1	108	1.60e-77	223
32P3R2A9_06594	32P3R2A9_06594	100.000	146	0	0	1	146	1	146	2.06e-101	286
32P3R2A9_06595	32P3R2A9_06595	100.000	267	0	0	1	267	1	267	0.0	553
32P3R2A9_06596	32P3R2A9_06596	100.000	169	0	0	1	169	1	169	3.80e-120	336
32P3R2A9_06597	32P3R2A9_06597	100.000	60	0	0	1	60	1	60	1.08e-35	114
32P3R2A9_06598	32P3R2A9_06598	100.000	275	0	0	1	275	1	275	0.0	565
32P3R2A9_06599	32P3R2A9_06599	100.000	223	0	0	1	223	1	223	2.90e-161	444
32P3R2A9_06600	32P3R2A9_06600	100.000	165	0	0	1	165	1	165	1.96e-124	346
32P3R2A9_06601	32P3R2A9_06601	100.000	147	0	0	1	147	1	147	1.02e-105	298
32P3R2A9_06602	32P3R2A9_06602	100.000	147	0	0	1	147	1	147	8.32e-104	293
32P3R2A9_06603	32P3R2A9_06603	100.000	170	0	0	1	170	1	170	7.78e-124	345
32P3R2A9_06604	32P3R2A9_06604	100.000	40	0	0	1	40	1	40	1.96e-22	79.3
32P3R2A9_06605	32P3R2A9_06605	100.000	178	0	0	1	178	1	178	3.30e-128	357
32P3R2A9_06606	32P3R2A9_06606	100.000	225	0	0	1	225	1	225	4.37e-157	434
32P3R2A9_06606	24P1R3A1_08332	99.556	225	1	0	1	225	123	347	1.20e-155	435
32P3R2A9_06607	32P3R2A9_06607	100.000	87	0	0	1	87	1	87	4.70e-58	172
32P3R2A9_06608	32P3R2A9_06608	100.000	294	0	0	1	294	1	294	0.0	603
32P3R2A9_06609	32P3R2A9_06609	100.000	292	0	0	1	292	1	292	0.0	597
32P3R2A9_06610	32P3R2A9_06610	100.000	161	0	0	1	161	1	161	1.10e-115	324
32P3R2A9_06611	32P3R2A9_06611	100.000	151	0	0	1	151	1	151	1.61e-106	300
32P3R2A9_06612	32P3R2A9_06612	100.000	296	0	0	1	296	1	296	0.0	608
32P3R2A9_06612	24P1R3A1_08248	95.946	296	12	0	1	296	1	296	0.0	573
32P3R2A9_06613	32P3R2A9_06613	100.000	151	0	0	1	151	1	151	3.51e-98	279
32P3R2A9_06613	24P1R3A1_08249	97.351	151	4	0	1	151	1	151	6.88e-96	273
32P3R2A9_06614	32P3R2A9_06614	100.000	372	0	0	1	372	1	372	0.0	711
32P3R2A9_06615	32P3R2A9_06615	100.000	36	0	0	1	36	1	36	4.74e-20	73.2
32P3R2A9_06617	32P3R2A9_06617	100.000	347	0	0	1	347	1	347	0.0	706
32P3R2A9_06617	10P3R2A13_04987	95.395	152	7	0	196	347	1	152	8.19e-102	296
32P3R2A9_06618	32P3R2A9_06618	100.000	246	0	0	1	246	1	246	0.0	500
32P3R2A9_06619	32P3R2A9_06619	100.000	313	0	0	1	313	1	313	0.0	612
32P3R2A9_06620	32P3R2A9_06620	100.000	67	0	0	1	67	1	67	4.88e-44	135
32P3R2A9_06620	15P1R1A16_01739	100.000	67	0	0	1	67	116	182	1.71e-42	135
32P3R2A9_06625	32P3R2A9_06625	100.000	42	0	0	1	42	1	42	6.58e-25	85.9
32P3R2A9_06626	32P3R2A9_06626	100.000	356	0	0	1	356	1	356	0.0	732
32P3R2A9_06626	24P1R3A1_08342	96.226	265	10	0	92	356	1	265	0.0	531
32P3R2A9_06627	32P3R2A9_06627	100.000	101	0	0	1	101	1	101	6.16e-72	208
32P3R2A9_06627	24P1R3A1_08813	96.040	101	4	0	1	101	381	481	3.01e-65	204
32P3R2A9_06628	32P3R2A9_06628	100.000	123	0	0	1	123	1	123	4.30e-87	248
32P3R2A9_06629	32P3R2A9_06629	100.000	100	0	0	1	100	1	100	5.06e-69	201
32P3R2A9_06630	32P3R2A9_06630	100.000	42	0	0	1	42	1	42	7.55e-24	83.2
32P3R2A9_06631	32P3R2A9_06631	100.000	199	0	0	1	199	1	199	5.30e-147	406
32P3R2A9_06632	32P3R2A9_06632	100.000	242	0	0	1	242	1	242	2.87e-179	491
32P3R2A9_06634	32P3R2A9_06634	100.000	482	0	0	1	482	1	482	0.0	1010
32P3R2A9_06635	32P3R2A9_06635	100.000	55	0	0	1	55	1	55	7.99e-32	103
32P3R2A9_06636	32P3R2A9_06636	100.000	64	0	0	1	64	1	64	6.15e-39	122
32P3R2A9_06637	32P3R2A9_06637	100.000	242	0	0	1	242	1	242	3.24e-178	489
32P3R2A9_06638	32P3R2A9_06638	100.000	458	0	0	1	458	1	458	0.0	903
32P3R2A9_06639	32P3R2A9_06639	100.000	133	0	0	1	133	1	133	1.02e-96	274
32P3R2A9_06640	32P3R2A9_06640	100.000	206	0	0	1	206	1	206	1.46e-155	428
32P3R2A9_06641	32P3R2A9_06641	100.000	55	0	0	1	55	1	55	3.41e-33	107
32P3R2A9_06642	32P3R2A9_06642	100.000	301	0	0	1	301	1	301	0.0	619
32P3R2A9_06643	32P3R2A9_06643	100.000	367	0	0	1	367	1	367	0.0	765
32P3R2A9_06643	24P1R3A1_09180	98.230	226	4	0	142	367	1	226	2.23e-166	463
32P3R2A9_06644	32P3R2A9_06644	100.000	57	0	0	1	57	1	57	1.04e-37	119
32P3R2A9_06644	24P1R3A1_08665	100.000	57	0	0	1	57	51	107	2.11e-37	119
32P3R2A9_06646	32P3R2A9_06646	100.000	89	0	0	1	89	1	89	2.98e-63	186
32P3R2A9_06646	24P1R3A1_08667	97.753	89	2	0	1	89	1	89	1.05e-61	182
32P3R2A9_06647	32P3R2A9_06647	100.000	154	0	0	1	154	1	154	5.24e-110	309
32P3R2A9_06647	24P1R3A1_09465	98.701	154	2	0	1	154	6	159	3.61e-109	307
32P3R2A9_06648	32P3R2A9_06648	100.000	94	0	0	1	94	1	94	2.26e-64	189
32P3R2A9_06649	32P3R2A9_06649	100.000	98	0	0	1	98	1	98	1.30e-65	192
32P3R2A9_06650	32P3R2A9_06650	100.000	210	0	0	1	210	1	210	7.33e-156	429
32P3R2A9_06651	32P3R2A9_06651	100.000	61	0	0	1	61	1	61	2.41e-40	125
32P3R2A9_06652	32P3R2A9_06652	100.000	192	0	0	1	192	1	192	3.67e-144	398
32P3R2A9_06653	32P3R2A9_06653	100.000	44	0	0	1	44	1	44	2.62e-26	89.4
32P3R2A9_06654	32P3R2A9_06654	100.000	204	0	0	1	204	1	204	2.54e-146	405
32P3R2A9_06655	32P3R2A9_06655	100.000	472	0	0	1	472	1	472	0.0	950
32P3R2A9_06656	32P3R2A9_06656	100.000	98	0	0	1	98	1	98	4.44e-64	188
32P3R2A9_06657	32P3R2A9_06657	100.000	169	0	0	1	169	1	169	4.47e-121	338
32P3R2A9_06657	24P1R3A1_09223	97.041	169	5	0	1	169	1	169	2.52e-117	328
32P3R2A9_06658	32P3R2A9_06658	100.000	490	0	0	1	490	1	490	0.0	1002
32P3R2A9_06659	32P3R2A9_06659	100.000	482	0	0	1	482	1	482	0.0	987
32P3R2A9_06660	32P3R2A9_06660	100.000	413	0	0	1	413	1	413	0.0	829
32P3R2A9_06661	32P3R2A9_06661	100.000	114	0	0	1	114	1	114	3.14e-82	236
32P3R2A9_06662	32P3R2A9_06662	100.000	370	0	0	1	370	1	370	0.0	729
32P3R2A9_06663	32P3R2A9_06663	100.000	183	0	0	1	183	1	183	4.49e-137	380
32P3R2A9_06664	32P3R2A9_06664	100.000	189	0	0	1	189	1	189	7.10e-138	382
32P3R2A9_06665	32P3R2A9_06665	100.000	330	0	0	1	330	1	330	0.0	677
32P3R2A9_06666	32P3R2A9_06666	100.000	100	0	0	1	100	1	100	6.69e-71	206
32P3R2A9_06667	32P3R2A9_06667	100.000	242	0	0	1	242	1	242	0.0	501
32P3R2A9_06668	32P3R2A9_06668	100.000	71	0	0	1	71	1	71	5.48e-47	143
32P3R2A9_06669	32P3R2A9_06669	100.000	204	0	0	1	204	1	204	4.86e-152	419
32P3R2A9_06670	32P3R2A9_06670	100.000	109	0	0	1	109	1	109	2.64e-74	215
32P3R2A9_06671	32P3R2A9_06671	100.000	176	0	0	1	176	1	176	1.55e-127	355
32P3R2A9_06672	32P3R2A9_06672	100.000	254	0	0	1	254	1	254	5.71e-177	486
32P3R2A9_06672	24P1R3A1_08886	98.425	254	4	0	1	254	83	336	1.75e-173	481
32P3R2A9_06673	32P3R2A9_06673	100.000	70	0	0	1	70	1	70	1.66e-48	147
32P3R2A9_06674	32P3R2A9_06674	100.000	239	0	0	1	239	1	239	0.0	496
32P3R2A9_06675	32P3R2A9_06675	100.000	31	0	0	1	31	1	31	1.86e-16	63.5
32P3R2A9_06676	32P3R2A9_06676	100.000	117	0	0	1	117	1	117	4.96e-80	230
32P3R2A9_06677	32P3R2A9_06677	100.000	98	0	0	1	98	1	98	5.25e-67	196
32P3R2A9_06678	32P3R2A9_06678	100.000	437	0	0	1	437	1	437	0.0	910
32P3R2A9_06678	24P1R3A1_09548	96.981	265	8	0	173	437	1	265	0.0	538
32P3R2A9_06679	32P3R2A9_06679	100.000	461	0	0	1	461	1	461	0.0	919
32P3R2A9_06679	24P1R3A1_08859	97.970	197	4	0	234	430	1	197	3.56e-137	393
32P3R2A9_06680	32P3R2A9_06680	100.000	64	0	0	1	64	1	64	3.61e-43	133
32P3R2A9_06681	32P3R2A9_06681	100.000	280	0	0	1	280	1	280	0.0	562
32P3R2A9_06682	32P3R2A9_06682	100.000	259	0	0	1	259	1	259	0.0	505
32P3R2A9_06683	32P3R2A9_06683	100.000	130	0	0	1	130	1	130	7.38e-93	264
32P3R2A9_06684	32P3R2A9_06684	100.000	414	0	0	1	414	1	414	0.0	851
32P3R2A9_06685	32P3R2A9_06685	100.000	247	0	0	1	247	1	247	0.0	509
32P3R2A9_06686	32P3R2A9_06686	100.000	113	0	0	1	113	1	113	9.03e-78	224
32P3R2A9_06687	32P3R2A9_06687	100.000	112	0	0	1	112	1	112	6.13e-80	229
32P3R2A9_06688	32P3R2A9_06688	100.000	156	0	0	1	156	1	156	5.97e-110	309
32P3R2A9_06689	32P3R2A9_06689	100.000	232	0	0	1	232	1	232	1.94e-174	478
32P3R2A9_06691	32P3R2A9_06691	100.000	239	0	0	1	239	1	239	1.33e-173	477
32P3R2A9_06691	24P1R3A1_08891	98.374	123	2	0	117	239	1	123	1.98e-80	236
32P3R2A9_06692	32P3R2A9_06692	100.000	203	0	0	1	203	1	203	1.62e-147	408
32P3R2A9_06692	10P3R2A13_04974	95.567	203	9	0	1	203	14	216	3.81e-142	395
32P3R2A9_06692	15P1R1A16_01008	96.175	183	7	0	21	203	1	183	7.17e-126	352
32P3R2A9_06692	43P2R2A2_04913	95.082	183	9	0	21	203	1	183	2.34e-125	351
32P3R2A9_06693	32P3R2A9_06693	100.000	219	0	0	1	219	1	219	1.59e-157	434
32P3R2A9_06693	24P1R3A1_08537	97.717	219	5	0	1	219	238	456	2.93e-150	425
32P3R2A9_06694	32P3R2A9_06694	100.000	217	0	0	1	217	1	217	2.08e-156	431
32P3R2A9_06695	32P3R2A9_06695	100.000	43	0	0	1	43	1	43	8.09e-25	85.5
32P3R2A9_06696	32P3R2A9_06696	100.000	201	0	0	1	201	1	201	2.60e-146	404
32P3R2A9_06696	16_1P2R1A8-1_04668	96.020	201	8	0	1	201	14	214	2.35e-142	395
32P3R2A9_06696	3P1R3A2_04918	95.522	201	9	0	1	201	14	214	1.73e-141	393
32P3R2A9_06696	15P1R1A16_04787	96.517	201	7	0	1	201	14	214	2.33e-141	392
32P3R2A9_06696	11P3R3A1_04667	95.580	181	8	0	21	201	1	181	6.73e-126	352
32P3R2A9_06696	7P1R3A5_04732	96.133	181	7	0	21	201	1	181	7.04e-125	350
32P3R2A9_06696	28P2R1A12_04975	98.901	91	1	0	111	201	1	91	5.00e-60	182
32P3R2A9_06697	32P3R2A9_06697	100.000	226	0	0	1	226	1	226	2.80e-169	464
32P3R2A9_06698	32P3R2A9_06698	100.000	255	0	0	1	255	1	255	0.0	520
32P3R2A9_06699	32P3R2A9_06699	100.000	78	0	0	1	78	1	78	5.91e-53	159
32P3R2A9_06700	32P3R2A9_06700	100.000	213	0	0	1	213	1	213	5.97e-154	425
32P3R2A9_06701	32P3R2A9_06701	100.000	315	0	0	1	315	1	315	0.0	642
32P3R2A9_06702	32P3R2A9_06702	100.000	180	0	0	1	180	1	180	1.13e-130	363
32P3R2A9_06703	32P3R2A9_06703	100.000	41	0	0	1	41	1	41	3.62e-24	83.6
32P3R2A9_06704	32P3R2A9_06704	100.000	457	0	0	1	457	1	457	0.0	953
32P3R2A9_06705	32P3R2A9_06705	100.000	380	0	0	1	380	1	380	0.0	773
32P3R2A9_06706	32P3R2A9_06706	100.000	67	0	0	1	67	1	67	7.20e-43	132
32P3R2A9_06707	32P3R2A9_06707	100.000	294	0	0	1	294	1	294	0.0	606
32P3R2A9_06708	32P3R2A9_06708	100.000	179	0	0	1	179	1	179	4.51e-130	362
32P3R2A9_06708	24P1R3A1_08291	95.531	179	8	0	1	179	1	179	3.66e-124	347
32P3R2A9_06709	32P3R2A9_06709	100.000	161	0	0	1	161	1	161	5.91e-117	327
32P3R2A9_06710	32P3R2A9_06710	100.000	88	0	0	1	88	1	88	3.69e-60	177
32P3R2A9_06711	32P3R2A9_06711	100.000	121	0	0	1	121	1	121	8.60e-84	240
32P3R2A9_06712	32P3R2A9_06712	100.000	282	0	0	1	282	1	282	0.0	575
32P3R2A9_06713	32P3R2A9_06713	100.000	195	0	0	1	195	1	195	3.60e-143	396
32P3R2A9_06714	32P3R2A9_06714	100.000	87	0	0	1	87	1	87	3.29e-60	178
32P3R2A9_06714	32P3R2A9_07100	96.552	87	3	0	1	87	321	407	5.10e-57	180
32P3R2A9_06715	32P3R2A9_06715	100.000	260	0	0	1	260	1	260	0.0	536
32P3R2A9_06716	32P3R2A9_06716	100.000	95	0	0	1	95	1	95	2.29e-62	184
32P3R2A9_06717	32P3R2A9_06717	100.000	107	0	0	1	107	1	107	5.23e-76	219
32P3R2A9_06718	32P3R2A9_06718	100.000	108	0	0	1	108	1	108	1.41e-77	223
32P3R2A9_06719	32P3R2A9_06719	100.000	157	0	0	1	157	1	157	2.04e-113	318
32P3R2A9_06720	32P3R2A9_06720	100.000	105	0	0	1	105	1	105	6.86e-75	216
32P3R2A9_06720	17P1R1A4_02656	96.190	105	4	0	1	105	170	274	7.03e-70	209
32P3R2A9_06720	38P2R3A13_07903	95.238	105	5	0	1	105	169	273	1.92e-68	206
32P3R2A9_06721	32P3R2A9_06721	100.000	109	0	0	1	109	1	109	6.67e-77	222
32P3R2A9_06722	32P3R2A9_06722	100.000	81	0	0	1	81	1	81	5.12e-55	164
32P3R2A9_06723	32P3R2A9_06723	100.000	69	0	0	1	69	1	69	7.84e-43	132
32P3R2A9_06724	32P3R2A9_06724	100.000	97	0	0	1	97	1	97	2.85e-67	196
32P3R2A9_06724	24P1R3A1_04905	95.876	97	4	0	1	97	146	242	2.51e-63	191
32P3R2A9_06725	32P3R2A9_06725	100.000	201	0	0	1	201	1	201	3.16e-148	409
32P3R2A9_06727	32P3R2A9_06727	100.000	466	0	0	1	466	1	466	0.0	924
32P3R2A9_06728	32P3R2A9_06728	100.000	84	0	0	1	84	1	84	2.22e-57	170
32P3R2A9_06729	32P3R2A9_06729	100.000	485	0	0	1	485	1	485	0.0	988
32P3R2A9_06730	32P3R2A9_06730	100.000	256	0	0	1	256	1	256	0.0	510
32P3R2A9_06731	32P3R2A9_06731	100.000	225	0	0	1	225	1	225	3.84e-163	449
32P3R2A9_06732	32P3R2A9_06732	100.000	40	0	0	1	40	1	40	3.25e-22	79.0
32P3R2A9_06733	32P3R2A9_06733	100.000	122	0	0	1	122	1	122	9.44e-89	253
32P3R2A9_06734	32P3R2A9_06734	100.000	413	0	0	1	413	1	413	0.0	837
32P3R2A9_06735	32P3R2A9_06735	100.000	240	0	0	1	240	1	240	0.0	499
32P3R2A9_06736	32P3R2A9_06736	100.000	498	0	0	1	498	1	498	0.0	988
32P3R2A9_06737	32P3R2A9_06737	100.000	51	0	0	1	51	1	51	2.83e-30	99.8
32P3R2A9_06740	32P3R2A9_06740	100.000	150	0	0	1	150	1	150	1.65e-105	297
32P3R2A9_06741	32P3R2A9_06741	100.000	338	0	0	1	338	1	338	0.0	675
32P3R2A9_06742	32P3R2A9_06742	100.000	247	0	0	1	247	1	247	0.0	503
32P3R2A9_06743	32P3R2A9_06743	100.000	97	0	0	1	97	1	97	1.94e-67	197
32P3R2A9_06744	32P3R2A9_06744	100.000	97	0	0	1	97	1	97	1.12e-63	187
32P3R2A9_06745	32P3R2A9_06745	100.000	173	0	0	1	173	1	173	5.92e-128	356
32P3R2A9_06746	32P3R2A9_06746	100.000	157	0	0	1	157	1	157	1.53e-115	323
32P3R2A9_06747	32P3R2A9_06747	100.000	117	0	0	1	117	1	117	4.46e-83	238
32P3R2A9_06749	32P3R2A9_06749	100.000	123	0	0	1	123	1	123	1.55e-86	247
32P3R2A9_06750	32P3R2A9_06750	100.000	106	0	0	1	106	1	106	5.25e-72	209
32P3R2A9_06751	32P3R2A9_06751	100.000	66	0	0	1	66	1	66	1.07e-41	129
32P3R2A9_06752	32P3R2A9_06752	100.000	256	0	0	1	256	1	256	0.0	511
32P3R2A9_06753	32P3R2A9_06753	100.000	182	0	0	1	182	1	182	1.03e-135	376
32P3R2A9_06754	32P3R2A9_06754	100.000	186	0	0	1	186	1	186	1.00e-134	374
32P3R2A9_06754	24P1R3A1_09152	95.604	91	4	0	96	186	1	91	9.92e-51	158
32P3R2A9_06755	32P3R2A9_06755	100.000	63	0	0	1	63	1	63	1.92e-41	129
32P3R2A9_06756	32P3R2A9_06756	100.000	90	0	0	1	90	1	90	6.64e-62	182
32P3R2A9_06757	32P3R2A9_06757	100.000	269	0	0	1	269	1	269	0.0	535
32P3R2A9_06757	24P1R3A1_09181	96.429	56	2	0	214	269	1	56	3.02e-28	102
32P3R2A9_06758	32P3R2A9_06758	100.000	144	0	0	1	144	1	144	2.36e-104	294
32P3R2A9_06759	32P3R2A9_06759	100.000	121	0	0	1	121	1	121	4.04e-87	248
32P3R2A9_06760	32P3R2A9_06760	100.000	32	0	0	1	32	1	32	8.68e-18	67.0
32P3R2A9_06761	32P3R2A9_06761	100.000	106	0	0	1	106	1	106	3.42e-72	209
32P3R2A9_06762	32P3R2A9_06762	100.000	371	0	0	1	371	1	371	0.0	743
32P3R2A9_06763	32P3R2A9_06763	100.000	58	0	0	1	58	1	58	5.46e-35	112
32P3R2A9_06764	32P3R2A9_06764	100.000	343	0	0	1	343	1	343	0.0	701
32P3R2A9_06765	32P3R2A9_06765	100.000	108	0	0	1	108	1	108	2.77e-74	215
32P3R2A9_06766	32P3R2A9_06766	100.000	109	0	0	1	109	1	109	1.75e-77	223
32P3R2A9_06767	32P3R2A9_06767	100.000	167	0	0	1	167	1	167	2.76e-126	351
32P3R2A9_06768	32P3R2A9_06768	100.000	144	0	0	1	144	1	144	6.01e-104	293
32P3R2A9_06769	32P3R2A9_06769	100.000	225	0	0	1	225	1	225	1.85e-167	460
32P3R2A9_06770	32P3R2A9_06770	100.000	157	0	0	1	157	1	157	4.78e-105	296
32P3R2A9_06771	32P3R2A9_06771	100.000	155	0	0	1	155	1	155	8.77e-110	308
32P3R2A9_06772	32P3R2A9_06772	100.000	108	0	0	1	108	1	108	4.30e-78	224
32P3R2A9_06773	32P3R2A9_06773	100.000	305	0	0	1	305	1	305	0.0	633
32P3R2A9_06774	32P3R2A9_06774	100.000	375	0	0	1	375	1	375	0.0	756
32P3R2A9_06774	24P1R3A1_09217	98.469	196	3	0	180	375	1	196	3.76e-135	384
32P3R2A9_06775	32P3R2A9_06775	100.000	101	0	0	1	101	1	101	4.25e-68	199
32P3R2A9_06776	32P3R2A9_06776	100.000	208	0	0	1	208	1	208	8.68e-153	421
32P3R2A9_06777	32P3R2A9_06777	100.000	99	0	0	1	99	1	99	2.38e-69	202
32P3R2A9_06778	32P3R2A9_06778	100.000	266	0	0	1	266	1	266	0.0	560
32P3R2A9_06778	24P1R3A1_08701	99.194	124	1	0	143	266	1	124	1.84e-89	261
32P3R2A9_06779	32P3R2A9_06779	100.000	200	0	0	1	200	1	200	8.32e-146	403
32P3R2A9_06779	24P1R3A1_08700	97.500	200	5	0	1	200	100	299	2.17e-140	393
32P3R2A9_06780	32P3R2A9_06780	100.000	396	0	0	1	396	1	396	0.0	824
32P3R2A9_06781	32P3R2A9_06781	100.000	41	0	0	1	41	1	41	2.68e-19	71.6
32P3R2A9_06782	32P3R2A9_06782	100.000	141	0	0	1	141	1	141	9.65e-105	295
32P3R2A9_06783	32P3R2A9_06783	100.000	45	0	0	1	45	1	45	9.57e-26	88.2
32P3R2A9_06784	32P3R2A9_06784	100.000	246	0	0	1	246	1	246	0.0	503
32P3R2A9_06785	32P3R2A9_06785	100.000	97	0	0	1	97	1	97	2.37e-63	186
32P3R2A9_06786	32P3R2A9_06786	100.000	175	0	0	1	175	1	175	6.68e-127	353
32P3R2A9_06787	32P3R2A9_06787	100.000	269	0	0	1	269	1	269	0.0	533
32P3R2A9_06788	32P3R2A9_06788	100.000	135	0	0	1	135	1	135	3.46e-98	278
32P3R2A9_06789	32P3R2A9_06789	100.000	149	0	0	1	149	1	149	5.83e-105	296
32P3R2A9_06791	32P3R2A9_06791	100.000	52	0	0	1	52	1	52	8.64e-31	101
32P3R2A9_06792	32P3R2A9_06792	100.000	142	0	0	1	142	1	142	1.38e-105	297
32P3R2A9_06793	32P3R2A9_06793	100.000	72	0	0	1	72	1	72	1.68e-49	149
32P3R2A9_06794	32P3R2A9_06794	100.000	284	0	0	1	284	1	284	0.0	585
32P3R2A9_06794	24P1R3A1_09404	98.925	279	3	0	6	284	14	292	0.0	571
32P3R2A9_06795	32P3R2A9_06795	100.000	136	0	0	1	136	1	136	6.71e-100	282
32P3R2A9_06797	32P3R2A9_06797	100.000	167	0	0	1	167	1	167	1.89e-120	336
32P3R2A9_06798	32P3R2A9_06798	100.000	211	0	0	1	211	1	211	5.70e-161	442
32P3R2A9_06799	32P3R2A9_06799	100.000	96	0	0	1	96	1	96	5.42e-66	193
32P3R2A9_06800	32P3R2A9_06800	100.000	265	0	0	1	265	1	265	0.0	538
32P3R2A9_06801	32P3R2A9_06801	100.000	273	0	0	1	273	1	273	0.0	544
32P3R2A9_06802	32P3R2A9_06802	100.000	221	0	0	1	221	1	221	3.60e-155	429
32P3R2A9_06803	32P3R2A9_06803	100.000	186	0	0	1	186	1	186	8.41e-141	389
32P3R2A9_06804	32P3R2A9_06804	100.000	110	0	0	1	110	1	110	1.22e-79	229
32P3R2A9_06805	32P3R2A9_06805	100.000	99	0	0	1	99	1	99	3.13e-69	201
32P3R2A9_06806	32P3R2A9_06806	100.000	117	0	0	1	117	1	117	1.02e-83	239
32P3R2A9_06807	32P3R2A9_06807	100.000	68	0	0	1	68	1	68	1.60e-46	142
32P3R2A9_06808	32P3R2A9_06808	100.000	174	0	0	1	174	1	174	4.01e-130	361
32P3R2A9_06809	32P3R2A9_06809	100.000	134	0	0	1	134	1	134	2.90e-95	270
32P3R2A9_06810	32P3R2A9_06810	100.000	169	0	0	1	169	1	169	6.59e-125	348
32P3R2A9_06811	32P3R2A9_06811	100.000	80	0	0	1	80	1	80	3.27e-53	159
32P3R2A9_06812	32P3R2A9_06812	100.000	106	0	0	1	106	1	106	1.11e-70	206
32P3R2A9_06813	32P3R2A9_06813	100.000	158	0	0	1	158	1	158	1.84e-115	323
32P3R2A9_06814	32P3R2A9_06814	100.000	169	0	0	1	169	1	169	1.86e-121	339
32P3R2A9_06815	32P3R2A9_06815	100.000	345	0	0	1	345	1	345	0.0	723
32P3R2A9_06816	32P3R2A9_06816	100.000	144	0	0	1	144	1	144	4.97e-101	285
32P3R2A9_06817	32P3R2A9_06817	100.000	257	0	0	1	257	1	257	0.0	521
32P3R2A9_06818	32P3R2A9_06818	100.000	238	0	0	1	238	1	238	1.78e-176	484
32P3R2A9_06819	32P3R2A9_06819	100.000	140	0	0	1	140	1	140	2.47e-102	288
32P3R2A9_06820	32P3R2A9_06820	100.000	303	0	0	1	303	1	303	0.0	621
32P3R2A9_06820	24P1R3A1_08713	99.670	303	1	0	1	303	145	447	0.0	620
32P3R2A9_06821	32P3R2A9_06821	100.000	75	0	0	1	75	1	75	3.75e-50	151
32P3R2A9_06822	32P3R2A9_06822	100.000	121	0	0	1	121	1	121	5.84e-81	233
32P3R2A9_06822	24P1R3A1_08251	97.521	121	3	0	1	121	15	135	4.99e-78	226
32P3R2A9_06823	32P3R2A9_06823	100.000	474	0	0	1	474	1	474	0.0	981
32P3R2A9_06824	32P3R2A9_06824	100.000	246	0	0	1	246	1	246	0.0	508
32P3R2A9_06825	32P3R2A9_06825	100.000	222	0	0	1	222	1	222	1.92e-163	449
32P3R2A9_06825	24P1R3A1_08927	95.946	222	9	0	1	222	70	291	8.77e-155	431
32P3R2A9_06826	32P3R2A9_06826	100.000	78	0	0	1	78	1	78	1.55e-52	157
32P3R2A9_06827	32P3R2A9_06827	100.000	152	0	0	1	152	1	152	3.20e-101	286
32P3R2A9_06828	32P3R2A9_06828	100.000	240	0	0	1	240	1	240	5.37e-178	488
32P3R2A9_06829	32P3R2A9_06829	100.000	368	0	0	1	368	1	368	0.0	764
32P3R2A9_06830	32P3R2A9_06830	100.000	61	0	0	1	61	1	61	2.19e-39	123
32P3R2A9_06831	32P3R2A9_06831	100.000	201	0	0	1	201	1	201	1.50e-145	402
32P3R2A9_06832	32P3R2A9_06832	100.000	55	0	0	1	55	1	55	3.38e-35	112
32P3R2A9_06832	24P1R3A1_08673	98.182	55	1	0	1	55	248	302	1.01e-32	113
32P3R2A9_06833	32P3R2A9_06833	100.000	241	0	0	1	241	1	241	0.0	502
32P3R2A9_06833	24P1R3A1_08815	97.510	241	6	0	1	241	1	241	1.62e-178	489
32P3R2A9_06834	32P3R2A9_06834	100.000	165	0	0	1	165	1	165	9.32e-123	342
32P3R2A9_06834	24P1R3A1_08814	98.667	150	2	0	16	165	2	151	4.01e-110	310
32P3R2A9_06835	32P3R2A9_06835	100.000	181	0	0	1	181	1	181	5.64e-133	369
32P3R2A9_06836	32P3R2A9_06836	100.000	214	0	0	1	214	1	214	4.44e-154	425
32P3R2A9_06836	24P1R3A1_09443	95.074	203	10	0	1	203	1	203	1.04e-140	391
32P3R2A9_06837	32P3R2A9_06837	100.000	110	0	0	1	110	1	110	7.35e-80	229
32P3R2A9_06838	32P3R2A9_06838	100.000	152	0	0	1	152	1	152	1.88e-104	295
32P3R2A9_06839	32P3R2A9_06839	100.000	368	0	0	1	368	1	368	0.0	763
32P3R2A9_06840	32P3R2A9_06840	100.000	421	0	0	1	421	1	421	0.0	854
32P3R2A9_06841	32P3R2A9_06841	100.000	426	0	0	1	426	1	426	0.0	888
32P3R2A9_06842	32P3R2A9_06842	100.000	47	0	0	1	47	1	47	1.19e-25	87.8
32P3R2A9_06843	32P3R2A9_06843	100.000	80	0	0	1	80	1	80	6.87e-54	161
32P3R2A9_06844	32P3R2A9_06844	100.000	362	0	0	1	362	1	362	0.0	753
32P3R2A9_06845	32P3R2A9_06845	100.000	275	0	0	1	275	1	275	0.0	570
32P3R2A9_06845	24P1R3A1_09517	95.946	148	6	0	128	275	1	148	3.11e-102	294
32P3R2A9_06846	32P3R2A9_06846	100.000	72	0	0	1	72	1	72	6.42e-47	143
32P3R2A9_06847	32P3R2A9_06847	100.000	198	0	0	1	198	1	198	1.47e-145	402
32P3R2A9_06848	32P3R2A9_06848	100.000	238	0	0	1	238	1	238	5.07e-179	490
32P3R2A9_06849	32P3R2A9_06849	100.000	504	0	0	1	504	1	504	0.0	1038
32P3R2A9_06850	32P3R2A9_06850	100.000	384	0	0	1	384	1	384	0.0	771
32P3R2A9_06850	24P1R3A1_08296	98.522	203	3	0	182	384	1	203	4.49e-144	407
32P3R2A9_06851	32P3R2A9_06851	100.000	275	0	0	1	275	1	275	0.0	559
32P3R2A9_06851	24P1R3A1_09296	95.408	196	9	0	80	275	1	196	4.85e-135	379
32P3R2A9_06852	32P3R2A9_06852	100.000	129	0	0	1	129	1	129	7.07e-93	263
32P3R2A9_06852	24P1R3A1_09297	97.674	129	3	0	1	129	1	129	1.95e-91	260
32P3R2A9_06853	32P3R2A9_06853	100.000	194	0	0	1	194	1	194	4.56e-145	401
32P3R2A9_06853	24P1R3A1_08779	97.006	167	5	0	28	194	1	167	1.74e-122	343
32P3R2A9_06854	32P3R2A9_06854	100.000	118	0	0	1	118	1	118	2.36e-82	236
32P3R2A9_06855	32P3R2A9_06855	100.000	64	0	0	1	64	1	64	2.20e-40	126
32P3R2A9_06855	24P1R3A1_08431	96.875	64	2	0	1	64	324	387	3.17e-36	124
32P3R2A9_06856	32P3R2A9_06856	100.000	162	0	0	1	162	1	162	1.33e-117	329
32P3R2A9_06857	32P3R2A9_06857	100.000	53	0	0	1	53	1	53	3.42e-32	104
32P3R2A9_06858	32P3R2A9_06858	100.000	170	0	0	1	170	1	170	3.49e-124	346
32P3R2A9_06859	32P3R2A9_06859	100.000	268	0	0	1	268	1	268	0.0	532
32P3R2A9_06860	32P3R2A9_06860	100.000	230	0	0	1	230	1	230	9.54e-172	471
32P3R2A9_06861	32P3R2A9_06861	100.000	473	0	0	1	473	1	473	0.0	995
32P3R2A9_06862	32P3R2A9_06862	100.000	314	0	0	1	314	1	314	0.0	637
32P3R2A9_06863	32P3R2A9_06863	100.000	162	0	0	1	162	1	162	5.18e-117	327
32P3R2A9_06864	32P3R2A9_06864	100.000	250	0	0	1	250	1	250	1.01e-177	488
32P3R2A9_06865	32P3R2A9_06865	100.000	100	0	0	1	100	1	100	8.21e-69	201
32P3R2A9_06866	32P3R2A9_06866	100.000	400	0	0	1	400	1	400	0.0	793
32P3R2A9_06866	24P1R3A1_08437	95.238	147	7	0	254	400	1	147	1.37e-94	280
32P3R2A9_06867	32P3R2A9_06867	100.000	91	0	0	1	91	1	91	8.81e-65	189
32P3R2A9_06867	24P1R3A1_08436	100.000	91	0	0	1	91	112	202	1.24e-64	193
32P3R2A9_06868	32P3R2A9_06868	100.000	233	0	0	1	233	1	233	2.30e-176	483
32P3R2A9_06868	24P1R3A1_08510	97.006	167	5	0	62	228	1	167	1.83e-121	342
32P3R2A9_06869	32P3R2A9_06869	100.000	186	0	0	1	186	1	186	6.93e-134	372
32P3R2A9_06869	24P1R3A1_08596	96.774	186	6	0	1	186	67	252	5.70e-129	362
32P3R2A9_06870	32P3R2A9_06870	100.000	199	0	0	1	199	1	199	4.52e-150	414
32P3R2A9_06871	32P3R2A9_06871	100.000	83	0	0	1	83	1	83	5.89e-56	167
32P3R2A9_06872	32P3R2A9_06872	100.000	156	0	0	1	156	1	156	8.15e-113	316
32P3R2A9_06873	32P3R2A9_06873	100.000	206	0	0	1	206	1	206	1.26e-151	418
32P3R2A9_06874	32P3R2A9_06874	100.000	114	0	0	1	114	1	114	3.07e-82	236
32P3R2A9_06875	32P3R2A9_06875	100.000	303	0	0	1	303	1	303	0.0	602
32P3R2A9_06876	32P3R2A9_06876	100.000	71	0	0	1	71	1	71	1.67e-44	137
32P3R2A9_06877	32P3R2A9_06877	100.000	355	0	0	1	355	1	355	0.0	734
32P3R2A9_06878	32P3R2A9_06878	100.000	60	0	0	1	60	1	60	5.78e-38	119
32P3R2A9_06879	32P3R2A9_06879	100.000	197	0	0	1	197	1	197	2.13e-146	404
32P3R2A9_06880	32P3R2A9_06880	100.000	56	0	0	1	56	1	56	2.78e-35	112
32P3R2A9_06881	32P3R2A9_06881	100.000	65	0	0	1	65	1	65	4.21e-41	128
32P3R2A9_06882	32P3R2A9_06882	100.000	137	0	0	1	137	1	137	6.59e-98	277
32P3R2A9_06883	32P3R2A9_06883	100.000	162	0	0	1	162	1	162	8.54e-119	332
32P3R2A9_06884	32P3R2A9_06884	100.000	80	0	0	1	80	1	80	4.96e-53	159
32P3R2A9_06885	32P3R2A9_06885	100.000	350	0	0	1	350	1	350	0.0	719
32P3R2A9_06886	32P3R2A9_06886	100.000	164	0	0	1	164	1	164	2.44e-113	318
32P3R2A9_06886	24P1R3A1_07209	97.561	164	4	0	1	164	530	693	8.41e-104	311
32P3R2A9_06886	25P2R1A13_02435	95.031	161	8	0	1	161	530	690	3.62e-99	300
32P3R2A9_06886	18P3R3A11_03277	95.031	161	8	0	1	161	530	690	5.26e-99	299
32P3R2A9_06887	32P3R2A9_06887	100.000	268	0	0	1	268	1	268	0.0	530
32P3R2A9_06888	32P3R2A9_06888	100.000	64	0	0	1	64	1	64	5.34e-41	127
32P3R2A9_06888	18P3R3A11_01252	95.312	64	3	0	1	64	179	242	5.49e-38	125
32P3R2A9_06889	32P3R2A9_06889	100.000	114	0	0	1	114	1	114	3.54e-82	235
32P3R2A9_06890	32P3R2A9_06890	100.000	72	0	0	1	72	1	72	2.62e-48	147
32P3R2A9_06891	32P3R2A9_06891	100.000	164	0	0	1	164	1	164	4.66e-119	333
32P3R2A9_06892	32P3R2A9_06892	100.000	89	0	0	1	89	1	89	2.98e-63	186
32P3R2A9_06893	32P3R2A9_06893	100.000	115	0	0	1	115	1	115	5.87e-81	232
32P3R2A9_06894	32P3R2A9_06894	100.000	112	0	0	1	112	1	112	3.01e-79	228
32P3R2A9_06895	32P3R2A9_06895	100.000	122	0	0	1	122	1	122	4.85e-88	251
32P3R2A9_06896	32P3R2A9_06896	100.000	206	0	0	1	206	1	206	8.38e-154	424
32P3R2A9_06896	24P1R3A1_09309	96.602	206	7	0	1	206	1	206	1.06e-148	411
32P3R2A9_06897	32P3R2A9_06897	100.000	146	0	0	1	146	1	146	7.51e-106	298
32P3R2A9_06898	32P3R2A9_06898	100.000	271	0	0	1	271	1	271	0.0	544
32P3R2A9_06899	32P3R2A9_06899	100.000	92	0	0	1	92	1	92	3.66e-64	188
32P3R2A9_06900	32P3R2A9_06900	100.000	83	0	0	1	83	1	83	3.44e-56	167
32P3R2A9_06901	32P3R2A9_06901	100.000	101	0	0	1	101	1	101	3.51e-69	201
32P3R2A9_06902	32P3R2A9_06902	100.000	124	0	0	1	124	1	124	5.13e-90	256
32P3R2A9_06903	32P3R2A9_06903	100.000	327	0	0	1	327	1	327	0.0	656
32P3R2A9_06904	32P3R2A9_06904	100.000	246	0	0	1	246	1	246	2.86e-176	484
32P3R2A9_06904	24P1R3A1_08561	96.491	57	2	0	190	246	1	57	1.77e-30	107
32P3R2A9_06905	32P3R2A9_06905	100.000	165	0	0	1	165	1	165	1.93e-121	338
32P3R2A9_06906	32P3R2A9_06906	100.000	43	0	0	1	43	1	43	3.77e-24	84.0
32P3R2A9_06907	32P3R2A9_06907	100.000	164	0	0	1	164	1	164	6.52e-121	337
32P3R2A9_06909	32P3R2A9_06909	100.000	150	0	0	1	150	1	150	4.30e-108	304
32P3R2A9_06910	32P3R2A9_06910	100.000	162	0	0	1	162	1	162	1.66e-114	321
32P3R2A9_06911	32P3R2A9_06911	100.000	263	0	0	1	263	1	263	0.0	537
32P3R2A9_06912	32P3R2A9_06912	100.000	211	0	0	1	211	1	211	8.18e-149	412
32P3R2A9_06913	32P3R2A9_06913	100.000	243	0	0	1	243	1	243	1.12e-180	495
32P3R2A9_06914	32P3R2A9_06914	100.000	128	0	0	1	128	1	128	2.36e-90	257
32P3R2A9_06915	32P3R2A9_06915	100.000	100	0	0	1	100	1	100	1.36e-69	202
32P3R2A9_06916	32P3R2A9_06916	100.000	216	0	0	1	216	1	216	8.78e-160	440
32P3R2A9_06917	32P3R2A9_06917	100.000	49	0	0	1	49	1	49	2.03e-30	100
32P3R2A9_06918	32P3R2A9_06918	100.000	191	0	0	1	191	1	191	1.43e-139	387
32P3R2A9_06919	32P3R2A9_06919	100.000	307	0	0	1	307	1	307	0.0	634
32P3R2A9_06920	32P3R2A9_06920	100.000	104	0	0	1	104	1	104	5.77e-72	209
32P3R2A9_06920	24P1R3A1_08443	96.154	104	4	0	1	104	1	104	8.62e-70	203
32P3R2A9_06921	32P3R2A9_06921	100.000	165	0	0	1	165	1	165	8.63e-123	342
32P3R2A9_06922	32P3R2A9_06922	100.000	146	0	0	1	146	1	146	1.27e-107	302
32P3R2A9_06923	32P3R2A9_06923	100.000	71	0	0	1	71	1	71	4.66e-46	141
32P3R2A9_06924	32P3R2A9_06924	100.000	197	0	0	1	197	1	197	1.04e-148	410
32P3R2A9_06925	32P3R2A9_06925	100.000	162	0	0	1	162	1	162	5.22e-118	330
32P3R2A9_06926	32P3R2A9_06926	100.000	129	0	0	1	129	1	129	1.78e-88	253
32P3R2A9_06927	32P3R2A9_06927	100.000	88	0	0	1	88	1	88	2.75e-59	176
32P3R2A9_06928	32P3R2A9_06928	100.000	298	0	0	1	298	1	298	0.0	593
32P3R2A9_06928	24P1R3A1_08816	95.638	298	13	0	1	298	1	298	0.0	572
32P3R2A9_06929	32P3R2A9_06929	100.000	66	0	0	1	66	1	66	6.79e-43	132
32P3R2A9_06930	32P3R2A9_06930	100.000	246	0	0	1	246	1	246	1.03e-179	493
32P3R2A9_06931	32P3R2A9_06931	100.000	155	0	0	1	155	1	155	1.03e-110	311
32P3R2A9_06932	32P3R2A9_06932	100.000	309	0	0	1	309	1	309	0.0	644
32P3R2A9_06933	32P3R2A9_06933	100.000	181	0	0	1	181	1	181	1.17e-135	376
32P3R2A9_06934	32P3R2A9_06934	100.000	120	0	0	1	120	1	120	1.06e-84	242
32P3R2A9_06935	32P3R2A9_06935	100.000	177	0	0	1	177	1	177	9.12e-124	345
32P3R2A9_06936	32P3R2A9_06936	100.000	87	0	0	1	87	1	87	3.14e-57	170
32P3R2A9_06937	32P3R2A9_06937	100.000	209	0	0	1	209	1	209	2.26e-151	418
32P3R2A9_06938	32P3R2A9_06938	100.000	138	0	0	1	138	1	138	1.20e-93	266
32P3R2A9_06939	32P3R2A9_06939	100.000	228	0	0	1	228	1	228	2.21e-159	440
32P3R2A9_06940	32P3R2A9_06940	100.000	115	0	0	1	115	1	115	5.34e-79	228
32P3R2A9_06940	24P1R3A1_08352	96.939	98	3	0	18	115	1	98	3.82e-66	194
32P3R2A9_06941	32P3R2A9_06941	100.000	106	0	0	1	106	1	106	5.60e-76	219
32P3R2A9_06942	32P3R2A9_06942	100.000	128	0	0	1	128	1	128	6.78e-93	263
32P3R2A9_06942	24P1R3A1_08358	96.875	128	4	0	1	128	172	299	6.32e-89	260
32P3R2A9_06943	32P3R2A9_06943	100.000	115	0	0	1	115	1	115	9.03e-80	229
32P3R2A9_06944	32P3R2A9_06944	100.000	301	0	0	1	301	1	301	0.0	619
32P3R2A9_06945	32P3R2A9_06945	100.000	129	0	0	1	129	1	129	1.41e-89	255
32P3R2A9_06946	32P3R2A9_06946	100.000	221	0	0	1	221	1	221	7.64e-165	453
32P3R2A9_06947	32P3R2A9_06947	100.000	154	0	0	1	154	1	154	3.36e-113	317
32P3R2A9_06948	32P3R2A9_06948	100.000	302	0	0	1	302	1	302	0.0	583
32P3R2A9_06949	32P3R2A9_06949	100.000	178	0	0	1	178	1	178	3.11e-130	362
32P3R2A9_06950	32P3R2A9_06950	100.000	318	0	0	1	318	1	318	0.0	642
32P3R2A9_06951	32P3R2A9_06951	100.000	131	0	0	1	131	1	131	2.67e-94	267
32P3R2A9_06952	32P3R2A9_06952	100.000	77	0	0	1	77	1	77	4.11e-52	156
32P3R2A9_06953	32P3R2A9_06953	100.000	182	0	0	1	182	1	182	6.98e-136	377
32P3R2A9_06954	32P3R2A9_06954	100.000	124	0	0	1	124	1	124	1.51e-88	252
32P3R2A9_06955	32P3R2A9_06955	100.000	244	0	0	1	244	1	244	0.0	499
32P3R2A9_06957	32P3R2A9_06957	100.000	83	0	0	1	83	1	83	2.53e-56	167
32P3R2A9_06958	32P3R2A9_06958	100.000	184	0	0	1	184	1	184	4.44e-132	367
32P3R2A9_06958	24P1R3A1_09100	95.109	184	9	0	1	184	1	184	1.15e-116	328
32P3R2A9_06959	32P3R2A9_06959	100.000	102	0	0	1	102	1	102	1.43e-70	205
32P3R2A9_06960	32P3R2A9_06960	100.000	102	0	0	1	102	1	102	8.25e-72	208
32P3R2A9_06961	32P3R2A9_06961	100.000	206	0	0	1	206	1	206	6.10e-154	424
32P3R2A9_06962	32P3R2A9_06962	100.000	221	0	0	1	221	1	221	7.46e-166	456
32P3R2A9_06963	32P3R2A9_06963	100.000	207	0	0	1	207	1	207	4.69e-154	424
32P3R2A9_06964	32P3R2A9_06964	100.000	318	0	0	1	318	1	318	0.0	649
32P3R2A9_06965	32P3R2A9_06965	100.000	152	0	0	1	152	1	152	4.09e-109	306
32P3R2A9_06966	32P3R2A9_06966	100.000	320	0	0	1	320	1	320	0.0	659
32P3R2A9_06967	32P3R2A9_06967	100.000	316	0	0	1	316	1	316	0.0	627
32P3R2A9_06968	32P3R2A9_06968	100.000	68	0	0	1	68	1	68	3.75e-45	138
32P3R2A9_06969	32P3R2A9_06969	100.000	361	0	0	1	361	1	361	0.0	748
32P3R2A9_06970	32P3R2A9_06970	100.000	97	0	0	1	97	1	97	3.05e-66	194
32P3R2A9_06971	32P3R2A9_06971	100.000	191	0	0	1	191	1	191	2.01e-143	396
32P3R2A9_06972	32P3R2A9_06972	100.000	43	0	0	1	43	1	43	2.58e-25	86.7
32P3R2A9_06973	32P3R2A9_06973	100.000	163	0	0	1	163	1	163	1.72e-120	336
32P3R2A9_06974	32P3R2A9_06974	100.000	204	0	0	1	204	1	204	5.13e-152	419
32P3R2A9_06975	32P3R2A9_06975	100.000	267	0	0	1	267	1	267	0.0	554
32P3R2A9_06975	24P1R3A1_09227	98.936	94	1	0	174	267	1	94	1.73e-63	194
32P3R2A9_06976	32P3R2A9_06976	100.000	153	0	0	1	153	1	153	2.20e-112	315
32P3R2A9_06976	24P1R3A1_09226	96.078	153	6	0	1	153	1	153	6.35e-108	303
32P3R2A9_06977	32P3R2A9_06977	100.000	148	0	0	1	148	1	148	2.09e-107	302
32P3R2A9_06978	32P3R2A9_06978	100.000	105	0	0	1	105	1	105	2.12e-71	207
32P3R2A9_06978	24P1R3A1_08602	97.143	105	3	0	1	105	1	105	1.11e-69	203
32P3R2A9_06979	32P3R2A9_06979	100.000	147	0	0	1	147	1	147	8.67e-105	295
32P3R2A9_06979	24P1R3A1_08603	98.639	147	2	0	1	147	123	269	5.74e-101	290
32P3R2A9_06980	32P3R2A9_06980	100.000	35	0	0	1	35	1	35	6.38e-19	70.1
32P3R2A9_06981	32P3R2A9_06981	100.000	178	0	0	1	178	1	178	1.46e-131	365
32P3R2A9_06982	32P3R2A9_06982	100.000	65	0	0	1	65	1	65	1.02e-42	132
32P3R2A9_06983	32P3R2A9_06983	100.000	118	0	0	1	118	1	118	1.14e-84	242
32P3R2A9_06984	32P3R2A9_06984	100.000	134	0	0	1	134	1	134	7.21e-99	279
32P3R2A9_06985	32P3R2A9_06985	100.000	63	0	0	1	63	1	63	1.42e-42	131
32P3R2A9_06986	32P3R2A9_06986	100.000	476	0	0	1	476	1	476	0.0	987
32P3R2A9_06986	24P1R3A1_09315	100.000	69	0	0	408	476	1	69	7.78e-42	143
32P3R2A9_06987	32P3R2A9_06987	100.000	363	0	0	1	363	1	363	0.0	738
32P3R2A9_06987	24P1R3A1_09462	97.521	121	3	0	243	363	1	121	6.30e-78	235
32P3R2A9_06988	32P3R2A9_06988	100.000	317	0	0	1	317	1	317	0.0	647
32P3R2A9_06989	32P3R2A9_06989	100.000	120	0	0	1	120	1	120	3.06e-85	244
32P3R2A9_06990	32P3R2A9_06990	100.000	149	0	0	1	149	1	149	2.17e-105	297
32P3R2A9_06991	32P3R2A9_06991	100.000	159	0	0	1	159	1	159	1.35e-110	311
32P3R2A9_06992	32P3R2A9_06992	100.000	58	0	0	1	58	1	58	5.67e-36	114
32P3R2A9_06993	32P3R2A9_06993	100.000	104	0	0	1	104	1	104	4.30e-71	206
32P3R2A9_06994	32P3R2A9_06994	100.000	177	0	0	1	177	1	177	2.08e-129	360
32P3R2A9_06994	24P1R3A1_06336	95.429	175	8	0	1	175	1	175	4.74e-122	341
32P3R2A9_06996	32P3R2A9_06996	100.000	432	0	0	1	432	1	432	0.0	890
32P3R2A9_06997	32P3R2A9_06997	100.000	140	0	0	1	140	1	140	2.76e-102	288
32P3R2A9_06998	32P3R2A9_06998	100.000	96	0	0	1	96	1	96	1.47e-63	187
32P3R2A9_06999	32P3R2A9_06999	100.000	81	0	0	1	81	1	81	1.66e-51	155
32P3R2A9_07000	32P3R2A9_07000	100.000	88	0	0	1	88	1	88	3.79e-59	175
32P3R2A9_07001	32P3R2A9_07001	100.000	117	0	0	1	117	1	117	4.90e-81	233
32P3R2A9_07002	32P3R2A9_07002	100.000	58	0	0	1	58	1	58	1.76e-35	113
32P3R2A9_07003	32P3R2A9_07003	100.000	114	0	0	1	114	1	114	1.40e-77	224
32P3R2A9_07004	32P3R2A9_07004	100.000	45	0	0	1	45	1	45	1.27e-24	85.1
32P3R2A9_07005	32P3R2A9_07005	100.000	291	0	0	1	291	1	291	0.0	593
32P3R2A9_07007	32P3R2A9_07007	100.000	126	0	0	1	126	1	126	4.12e-92	261
32P3R2A9_07007	33P3R2A2_04382	96.825	126	4	0	1	126	1	126	5.59e-89	253
32P3R2A9_07007	25P2R1A13_04305	95.238	126	6	0	1	126	1	126	5.68e-87	248
32P3R2A9_07009	32P3R2A9_07009	100.000	212	0	0	1	212	1	212	1.17e-151	419
32P3R2A9_07010	32P3R2A9_07010	100.000	230	0	0	1	230	1	230	1.81e-169	466
32P3R2A9_07011	32P3R2A9_07011	100.000	114	0	0	1	114	1	114	9.75e-81	232
32P3R2A9_07012	32P3R2A9_07012	100.000	86	0	0	1	86	1	86	2.93e-56	167
32P3R2A9_07013	32P3R2A9_07013	100.000	130	0	0	1	130	1	130	1.39e-94	268
32P3R2A9_07014	32P3R2A9_07014	100.000	324	0	0	1	324	1	324	0.0	663
32P3R2A9_07015	32P3R2A9_07015	100.000	149	0	0	1	149	1	149	4.02e-109	306
32P3R2A9_07016	32P3R2A9_07016	100.000	33	0	0	1	33	1	33	6.48e-18	67.4
32P3R2A9_07017	32P3R2A9_07017	100.000	155	0	0	1	155	1	155	3.49e-105	297
32P3R2A9_07018	32P3R2A9_07018	100.000	403	0	0	1	403	1	403	0.0	834
32P3R2A9_07019	32P3R2A9_07019	100.000	64	0	0	1	64	1	64	1.99e-41	129
32P3R2A9_07020	32P3R2A9_07020	100.000	236	0	0	1	236	1	236	3.57e-178	488
32P3R2A9_07021	32P3R2A9_07021	100.000	270	0	0	1	270	1	270	0.0	541
32P3R2A9_07022	32P3R2A9_07022	100.000	87	0	0	1	87	1	87	3.06e-58	173
32P3R2A9_07023	32P3R2A9_07023	100.000	311	0	0	1	311	1	311	0.0	644
32P3R2A9_07024	32P3R2A9_07024	100.000	280	0	0	1	280	1	280	0.0	582
32P3R2A9_07025	32P3R2A9_07025	100.000	433	0	0	1	433	1	433	0.0	877
32P3R2A9_07026	32P3R2A9_07026	100.000	207	0	0	1	207	1	207	2.99e-147	407
32P3R2A9_07028	32P3R2A9_07028	100.000	209	0	0	1	209	1	209	2.66e-152	420
32P3R2A9_07029	32P3R2A9_07029	100.000	281	0	0	1	281	1	281	0.0	572
32P3R2A9_07030	32P3R2A9_07030	100.000	324	0	0	1	324	1	324	0.0	650
32P3R2A9_07030	24P1R3A1_08355	98.457	324	5	0	1	324	345	668	0.0	648
32P3R2A9_07031	32P3R2A9_07031	100.000	125	0	0	1	125	1	125	2.71e-89	254
32P3R2A9_07031	24P1R3A1_08439	98.400	125	2	0	1	125	29	153	2.60e-87	250
32P3R2A9_07032	32P3R2A9_07032	100.000	146	0	0	1	146	1	146	4.88e-103	291
32P3R2A9_07033	32P3R2A9_07033	100.000	159	0	0	1	159	1	159	8.85e-114	319
32P3R2A9_07034	32P3R2A9_07034	100.000	40	0	0	1	40	1	40	1.80e-24	84.3
32P3R2A9_07035	32P3R2A9_07035	100.000	105	0	0	1	105	1	105	5.01e-74	214
32P3R2A9_07036	32P3R2A9_07036	100.000	77	0	0	1	77	1	77	1.40e-52	158
32P3R2A9_07037	32P3R2A9_07037	100.000	167	0	0	1	167	1	167	3.74e-123	343
32P3R2A9_07038	32P3R2A9_07038	100.000	50	0	0	1	50	1	50	1.53e-30	100
32P3R2A9_07039	32P3R2A9_07039	100.000	325	0	0	1	325	1	325	0.0	672
32P3R2A9_07040	32P3R2A9_07040	100.000	158	0	0	1	158	1	158	4.35e-107	302
32P3R2A9_07041	32P3R2A9_07041	100.000	291	0	0	1	291	1	291	0.0	557
32P3R2A9_07041	24P1R3A1_08405	96.104	154	6	0	138	291	1	154	1.18e-98	286
32P3R2A9_07042	32P3R2A9_07042	100.000	98	0	0	1	98	1	98	2.59e-64	189
32P3R2A9_07043	32P3R2A9_07043	100.000	233	0	0	1	233	1	233	4.08e-169	465
32P3R2A9_07044	32P3R2A9_07044	100.000	412	0	0	1	412	1	412	0.0	843
32P3R2A9_07045	32P3R2A9_07045	100.000	265	0	0	1	265	1	265	0.0	532
32P3R2A9_07046	32P3R2A9_07046	100.000	52	0	0	1	52	1	52	6.79e-33	106
32P3R2A9_07046	24P1R3A1_08157	100.000	39	0	0	14	52	1	39	1.59e-22	80.1
32P3R2A9_07047	32P3R2A9_07047	100.000	306	0	0	1	306	1	306	0.0	604
32P3R2A9_07048	32P3R2A9_07048	100.000	151	0	0	1	151	1	151	2.22e-108	305
32P3R2A9_07049	32P3R2A9_07049	100.000	142	0	0	1	142	1	142	2.55e-102	288
32P3R2A9_07050	32P3R2A9_07050	100.000	98	0	0	1	98	1	98	2.78e-70	204
32P3R2A9_07051	32P3R2A9_07051	100.000	118	0	0	1	118	1	118	1.07e-85	244
32P3R2A9_07052	32P3R2A9_07052	100.000	192	0	0	1	192	1	192	6.75e-141	390
32P3R2A9_07053	32P3R2A9_07053	100.000	156	0	0	1	156	1	156	1.82e-112	315
32P3R2A9_07054	32P3R2A9_07054	100.000	101	0	0	1	101	1	101	1.88e-68	199
32P3R2A9_07055	32P3R2A9_07055	100.000	239	0	0	1	239	1	239	7.47e-177	485
32P3R2A9_07056	32P3R2A9_07056	100.000	95	0	0	1	95	1	95	5.44e-66	193
32P3R2A9_07056	24P1R3A1_09319	97.895	95	2	0	1	95	1	95	1.85e-64	189
32P3R2A9_07057	32P3R2A9_07057	100.000	453	0	0	1	453	1	453	0.0	905
32P3R2A9_07057	32P3R2A9_06216	96.667	60	2	0	360	419	1	60	8.32e-28	116
32P3R2A9_07058	32P3R2A9_07058	100.000	117	0	0	1	117	1	117	8.13e-84	240
32P3R2A9_07059	32P3R2A9_07059	100.000	107	0	0	1	107	1	107	6.80e-76	219
32P3R2A9_07060	32P3R2A9_07060	100.000	84	0	0	1	84	1	84	2.24e-54	163
32P3R2A9_07060	24P1R3A1_09270	95.238	84	4	0	1	84	1	84	3.25e-52	157
32P3R2A9_07061	32P3R2A9_07061	100.000	166	0	0	1	166	1	166	5.09e-118	330
32P3R2A9_07062	32P3R2A9_07062	100.000	56	0	0	1	56	1	56	7.89e-35	111
32P3R2A9_07063	32P3R2A9_07063	100.000	59	0	0	1	59	1	59	2.75e-39	123
32P3R2A9_07064	32P3R2A9_07064	100.000	138	0	0	1	138	1	138	2.32e-102	288
32P3R2A9_07065	32P3R2A9_07065	100.000	103	0	0	1	103	1	103	2.03e-70	205
32P3R2A9_07066	32P3R2A9_07066	100.000	157	0	0	1	157	1	157	3.29e-116	325
32P3R2A9_07067	32P3R2A9_07067	100.000	165	0	0	1	165	1	165	8.35e-118	330
32P3R2A9_07067	24P1R3A1_08810	99.394	165	1	0	1	165	66	230	1.80e-116	328
32P3R2A9_07068	32P3R2A9_07068	100.000	233	0	0	1	233	1	233	5.48e-169	464
32P3R2A9_07069	32P3R2A9_07069	100.000	464	0	0	1	464	1	464	0.0	947
32P3R2A9_07070	32P3R2A9_07070	100.000	189	0	0	1	189	1	189	3.77e-142	393
32P3R2A9_07071	32P3R2A9_07071	100.000	372	0	0	1	372	1	372	0.0	763
32P3R2A9_07071	24P1R3A1_09151	96.891	193	6	0	180	372	1	193	6.95e-133	377
32P3R2A9_07072	32P3R2A9_07072	100.000	218	0	0	1	218	1	218	3.21e-164	451
32P3R2A9_07073	32P3R2A9_07073	100.000	126	0	0	1	126	1	126	1.85e-91	260
32P3R2A9_07074	32P3R2A9_07074	100.000	128	0	0	1	128	1	128	4.30e-91	259
32P3R2A9_07075	32P3R2A9_07075	100.000	228	0	0	1	228	1	228	1.04e-163	451
32P3R2A9_07076	32P3R2A9_07076	100.000	188	0	0	1	188	1	188	3.32e-127	355
32P3R2A9_07077	32P3R2A9_07077	100.000	76	0	0	1	76	1	76	2.36e-49	149
32P3R2A9_07078	32P3R2A9_07078	100.000	168	0	0	1	168	1	168	4.74e-120	335
32P3R2A9_07079	32P3R2A9_07079	100.000	80	0	0	1	80	1	80	2.79e-54	162
32P3R2A9_07080	32P3R2A9_07080	100.000	177	0	0	1	177	1	177	1.14e-131	365
32P3R2A9_07081	32P3R2A9_07081	100.000	175	0	0	1	175	1	175	3.36e-130	362
32P3R2A9_07082	32P3R2A9_07082	100.000	100	0	0	1	100	1	100	5.14e-68	198
32P3R2A9_07083	32P3R2A9_07083	100.000	89	0	0	1	89	1	89	4.91e-62	182
32P3R2A9_07084	32P3R2A9_07084	100.000	169	0	0	1	169	1	169	2.57e-119	333
32P3R2A9_07085	32P3R2A9_07085	100.000	282	0	0	1	282	1	282	0.0	578
32P3R2A9_07085	24P1R3A1_08495	95.390	282	13	0	1	282	80	361	0.0	551
32P3R2A9_07086	32P3R2A9_07086	100.000	270	0	0	1	270	1	270	0.0	546
32P3R2A9_07087	32P3R2A9_07087	100.000	205	0	0	1	205	1	205	4.46e-151	417
32P3R2A9_07088	32P3R2A9_07088	100.000	162	0	0	1	162	1	162	3.03e-116	325
32P3R2A9_07089	32P3R2A9_07089	100.000	77	0	0	1	77	1	77	3.74e-51	154
32P3R2A9_07090	32P3R2A9_07090	100.000	144	0	0	1	144	1	144	6.52e-102	288
32P3R2A9_07091	32P3R2A9_07091	100.000	277	0	0	1	277	1	277	0.0	577
32P3R2A9_07092	32P3R2A9_07092	100.000	260	0	0	1	260	1	260	0.0	531
32P3R2A9_07093	32P3R2A9_07093	100.000	112	0	0	1	112	1	112	2.97e-80	230
32P3R2A9_07094	32P3R2A9_07094	100.000	194	0	0	1	194	1	194	5.12e-142	393
32P3R2A9_07095	32P3R2A9_07095	100.000	227	0	0	1	227	1	227	1.03e-168	463
32P3R2A9_07096	32P3R2A9_07096	100.000	181	0	0	1	181	1	181	9.99e-127	353
32P3R2A9_07097	32P3R2A9_07097	100.000	209	0	0	1	209	1	209	2.42e-149	413
32P3R2A9_07098	32P3R2A9_07098	100.000	103	0	0	1	103	1	103	1.06e-71	208
32P3R2A9_07098	24P1R3A1_08678	99.029	103	1	0	1	103	256	358	3.76e-69	210
32P3R2A9_07099	32P3R2A9_07099	100.000	163	0	0	1	163	1	163	1.57e-114	321
32P3R2A9_07100	32P3R2A9_07100	100.000	407	0	0	1	407	1	407	0.0	842
32P3R2A9_07100	32P3R2A9_06714	96.552	87	3	0	321	407	1	87	2.39e-56	180
32P3R2A9_07101	32P3R2A9_07101	100.000	130	0	0	1	130	1	130	2.29e-95	270
32P3R2A9_07102	32P3R2A9_07102	100.000	210	0	0	1	210	1	210	3.63e-156	430
32P3R2A9_07103	32P3R2A9_07103	100.000	163	0	0	1	163	1	163	6.70e-119	332
32P3R2A9_07104	32P3R2A9_07104	100.000	402	0	0	1	402	1	402	0.0	827
32P3R2A9_07105	32P3R2A9_07105	100.000	127	0	0	1	127	1	127	6.11e-92	261
32P3R2A9_07106	32P3R2A9_07106	100.000	260	0	0	1	260	1	260	0.0	504
32P3R2A9_07107	32P3R2A9_07107	100.000	67	0	0	1	67	1	67	3.73e-43	133
32P3R2A9_07108	32P3R2A9_07108	100.000	226	0	0	1	226	1	226	6.96e-162	446
32P3R2A9_07109	32P3R2A9_07109	100.000	113	0	0	1	113	1	113	9.80e-80	229
32P3R2A9_07110	32P3R2A9_07110	100.000	183	0	0	1	183	1	183	1.57e-136	378
32P3R2A9_07111	32P3R2A9_07111	100.000	152	0	0	1	152	1	152	1.62e-112	315
32P3R2A9_07112	32P3R2A9_07112	100.000	378	0	0	1	378	1	378	0.0	778
32P3R2A9_07113	32P3R2A9_07113	100.000	122	0	0	1	122	1	122	5.11e-85	243
32P3R2A9_07114	32P3R2A9_07114	100.000	117	0	0	1	117	1	117	1.98e-83	239
32P3R2A9_07115	32P3R2A9_07115	100.000	260	0	0	1	260	1	260	0.0	534
32P3R2A9_07116	32P3R2A9_07116	100.000	366	0	0	1	366	1	366	0.0	737
32P3R2A9_07117	32P3R2A9_07117	100.000	219	0	0	1	219	1	219	1.07e-164	452
32P3R2A9_07118	32P3R2A9_07118	100.000	190	0	0	1	190	1	190	3.20e-136	378
32P3R2A9_07119	32P3R2A9_07119	100.000	30	0	0	1	30	1	30	5.17e-15	60.1
32P3R2A9_07120	32P3R2A9_07120	100.000	107	0	0	1	107	1	107	3.60e-72	209
32P3R2A9_07121	32P3R2A9_07121	100.000	190	0	0	1	190	1	190	6.96e-142	392
32P3R2A9_07123	32P3R2A9_07123	100.000	58	0	0	1	58	1	58	1.11e-35	114
32P3R2A9_07124	32P3R2A9_07124	100.000	92	0	0	1	92	1	92	2.82e-63	186
32P3R2A9_07125	32P3R2A9_07125	100.000	372	0	0	1	372	1	372	0.0	714
32P3R2A9_07126	32P3R2A9_07126	100.000	442	0	0	1	442	1	442	0.0	879
32P3R2A9_07127	32P3R2A9_07127	100.000	62	0	0	1	62	1	62	9.56e-42	129
32P3R2A9_07128	32P3R2A9_07128	100.000	304	0	0	1	304	1	304	0.0	617
32P3R2A9_07128	24P1R3A1_09445	98.230	113	2	0	192	304	1	113	1.37e-75	226
32P3R2A9_07129	32P3R2A9_07129	100.000	329	0	0	1	329	1	329	0.0	673
32P3R2A9_07129	24P1R3A1_09542	100.000	79	0	0	251	329	1	79	1.67e-55	175
32P3R2A9_07130	32P3R2A9_07130	100.000	353	0	0	1	353	1	353	0.0	718
32P3R2A9_07131	32P3R2A9_07131	100.000	233	0	0	1	233	1	233	1.74e-172	473
32P3R2A9_07132	32P3R2A9_07132	100.000	135	0	0	1	135	1	135	3.21e-97	275
32P3R2A9_07133	32P3R2A9_07133	100.000	114	0	0	1	114	1	114	1.68e-74	216
32P3R2A9_07134	32P3R2A9_07134	100.000	117	0	0	1	117	1	117	7.96e-80	229
32P3R2A9_07135	32P3R2A9_07135	100.000	140	0	0	1	140	1	140	2.46e-99	281
32P3R2A9_07136	32P3R2A9_07136	100.000	98	0	0	1	98	1	98	3.69e-64	189
32P3R2A9_07137	32P3R2A9_07137	100.000	96	0	0	1	96	1	96	9.74e-65	190
32P3R2A9_07138	32P3R2A9_07138	100.000	338	0	0	1	338	1	338	0.0	704
32P3R2A9_07139	32P3R2A9_07139	100.000	89	0	0	1	89	1	89	1.19e-62	184
32P3R2A9_07140	32P3R2A9_07140	100.000	417	0	0	1	417	1	417	0.0	825
32P3R2A9_07141	32P3R2A9_07141	100.000	365	0	0	1	365	1	365	0.0	712
32P3R2A9_07142	32P3R2A9_07142	100.000	103	0	0	1	103	1	103	2.71e-69	202
32P3R2A9_07143	32P3R2A9_07143	100.000	92	0	0	1	92	1	92	6.72e-59	175
32P3R2A9_07144	32P3R2A9_07144	100.000	200	0	0	1	200	1	200	5.89e-149	411
32P3R2A9_07144	12_1P1R2A2-1_04404	97.000	200	6	0	1	200	1	200	1.07e-145	403
32P3R2A9_07145	32P3R2A9_07145	100.000	167	0	0	1	167	1	167	6.54e-124	345
32P3R2A9_07145	32P3R2A9_07537	95.808	167	7	0	1	167	1	167	2.02e-119	334
32P3R2A9_07145	15P1R1A16_04714	97.006	167	5	0	1	167	618	784	5.14e-114	340
32P3R2A9_07145	1P1R1A1_04702	96.407	167	6	0	1	167	618	784	2.01e-113	339
32P3R2A9_07145	16_1P2R1A8-1_04667	96.407	167	6	0	1	167	994	1160	2.14e-110	339
32P3R2A9_07146	32P3R2A9_07146	100.000	279	0	0	1	279	1	279	0.0	552
32P3R2A9_07146	24P1R3A1_08936	97.674	43	1	0	237	279	1	43	7.21e-16	70.1
32P3R2A9_07147	32P3R2A9_07147	100.000	150	0	0	1	150	1	150	2.64e-105	296
32P3R2A9_07147	24P1R3A1_08252	98.649	148	2	0	1	148	159	306	3.91e-102	295
32P3R2A9_07148	32P3R2A9_07148	100.000	82	0	0	1	82	1	82	2.71e-53	160
32P3R2A9_07149	32P3R2A9_07149	100.000	244	0	0	1	244	1	244	0.0	511
32P3R2A9_07150	32P3R2A9_07150	100.000	208	0	0	1	208	1	208	1.16e-154	426
32P3R2A9_07150	24P1R3A1_08944	99.415	171	1	0	38	208	1	171	1.43e-122	343
32P3R2A9_07151	32P3R2A9_07151	100.000	131	0	0	1	131	1	131	1.12e-95	271
32P3R2A9_07152	32P3R2A9_07152	100.000	134	0	0	1	134	1	134	1.91e-94	268
32P3R2A9_07153	32P3R2A9_07153	100.000	142	0	0	1	142	1	142	1.74e-101	286
32P3R2A9_07154	32P3R2A9_07154	100.000	323	0	0	1	323	1	323	0.0	663
32P3R2A9_07155	32P3R2A9_07155	100.000	105	0	0	1	105	1	105	4.75e-70	204
32P3R2A9_07156	32P3R2A9_07156	100.000	157	0	0	1	157	1	157	6.17e-109	306
32P3R2A9_07157	32P3R2A9_07157	100.000	303	0	0	1	303	1	303	0.0	612
32P3R2A9_07158	32P3R2A9_07158	100.000	92	0	0	1	92	1	92	2.12e-63	186
32P3R2A9_07159	32P3R2A9_07159	100.000	199	0	0	1	199	1	199	5.29e-148	409
32P3R2A9_07160	32P3R2A9_07160	100.000	180	0	0	1	180	1	180	3.11e-129	360
32P3R2A9_07162	32P3R2A9_07162	100.000	284	0	0	1	284	1	284	0.0	594
32P3R2A9_07162	28P2R1A12_04018	98.944	284	3	0	1	284	41	324	0.0	590
32P3R2A9_07162	25P2R1A13_04797	98.944	284	3	0	1	284	19	302	0.0	586
32P3R2A9_07162	11P3R3A1_04728	100.000	164	0	0	121	284	1	164	4.35e-120	340
32P3R2A9_07162	11P3R3A1_04758	95.652	115	5	0	5	119	1	115	4.64e-77	235
32P3R2A9_07163	32P3R2A9_07163	100.000	273	0	0	1	273	1	273	0.0	566
32P3R2A9_07164	32P3R2A9_07164	100.000	161	0	0	1	161	1	161	3.62e-115	322
32P3R2A9_07165	32P3R2A9_07165	100.000	183	0	0	1	183	1	183	3.75e-128	357
32P3R2A9_07166	32P3R2A9_07166	100.000	158	0	0	1	158	1	158	2.25e-113	318
32P3R2A9_07167	32P3R2A9_07167	100.000	175	0	0	1	175	1	175	1.19e-129	360
32P3R2A9_07168	32P3R2A9_07168	100.000	85	0	0	1	85	1	85	2.06e-58	173
32P3R2A9_07169	32P3R2A9_07169	100.000	383	0	0	1	383	1	383	0.0	795
32P3R2A9_07170	32P3R2A9_07170	100.000	84	0	0	1	84	1	84	2.97e-58	172
32P3R2A9_07171	32P3R2A9_07171	100.000	182	0	0	1	182	1	182	1.24e-133	371
32P3R2A9_07172	32P3R2A9_07172	100.000	39	0	0	1	39	1	39	3.26e-20	73.6
32P3R2A9_07173	32P3R2A9_07173	100.000	86	0	0	1	86	1	86	4.74e-60	177
32P3R2A9_07174	32P3R2A9_07174	100.000	64	0	0	1	64	1	64	1.99e-41	129
32P3R2A9_07175	32P3R2A9_07175	100.000	88	0	0	1	88	1	88	5.88e-62	182
32P3R2A9_07176	32P3R2A9_07176	100.000	173	0	0	1	173	1	173	6.19e-127	353
32P3R2A9_07177	32P3R2A9_07177	100.000	304	0	0	1	304	1	304	0.0	627
32P3R2A9_07178	32P3R2A9_07178	100.000	195	0	0	1	195	1	195	2.02e-146	404
32P3R2A9_07179	32P3R2A9_07179	100.000	161	0	0	1	161	1	161	8.59e-117	327
32P3R2A9_07181	32P3R2A9_07181	100.000	98	0	0	1	98	1	98	1.94e-65	192
32P3R2A9_07182	32P3R2A9_07182	100.000	85	0	0	1	85	1	85	3.09e-58	172
32P3R2A9_07183	32P3R2A9_07183	100.000	242	0	0	1	242	1	242	1.71e-173	477
32P3R2A9_07184	32P3R2A9_07184	100.000	149	0	0	1	149	1	149	7.05e-108	303
32P3R2A9_07185	32P3R2A9_07185	100.000	221	0	0	1	221	1	221	4.81e-166	456
32P3R2A9_07185	24P1R3A1_09398	96.833	221	7	0	1	221	1	221	1.55e-160	442
32P3R2A9_07186	32P3R2A9_07186	100.000	228	0	0	1	228	1	228	7.47e-167	459
32P3R2A9_07187	32P3R2A9_07187	100.000	271	0	0	1	271	1	271	0.0	552
32P3R2A9_07188	32P3R2A9_07188	100.000	152	0	0	1	152	1	152	1.35e-108	305
32P3R2A9_07189	32P3R2A9_07189	100.000	189	0	0	1	189	1	189	1.98e-134	374
32P3R2A9_07190	32P3R2A9_07190	100.000	178	0	0	1	178	1	178	7.07e-131	363
32P3R2A9_07191	32P3R2A9_07191	100.000	415	0	0	1	415	1	415	0.0	845
32P3R2A9_07192	32P3R2A9_07192	100.000	360	0	0	1	360	1	360	0.0	734
32P3R2A9_07193	32P3R2A9_07193	100.000	225	0	0	1	225	1	225	2.20e-168	462
32P3R2A9_07194	32P3R2A9_07194	100.000	186	0	0	1	186	1	186	3.54e-129	360
32P3R2A9_07195	32P3R2A9_07195	100.000	157	0	0	1	157	1	157	2.40e-115	323
32P3R2A9_07196	32P3R2A9_07196	100.000	228	0	0	1	228	1	228	9.51e-173	474
32P3R2A9_07197	32P3R2A9_07197	100.000	47	0	0	1	47	1	47	1.27e-28	95.5
32P3R2A9_07198	32P3R2A9_07198	100.000	87	0	0	1	87	1	87	1.41e-60	179
32P3R2A9_07199	32P3R2A9_07199	100.000	158	0	0	1	158	1	158	3.58e-117	327
32P3R2A9_07200	32P3R2A9_07200	100.000	60	0	0	1	60	1	60	8.78e-40	124
32P3R2A9_07200	12_1P1R2A2-1_00034	100.000	60	0	0	1	60	101	160	1.48e-39	127
32P3R2A9_07200	4P1R1A3_00001	98.333	60	1	0	1	60	19	78	6.56e-39	122
32P3R2A9_07200	30P2R3A4_03960	98.333	60	1	0	1	60	103	162	4.04e-38	123
32P3R2A9_07200	14P1R2A4_04984	98.333	60	1	0	1	60	103	162	4.60e-38	123
32P3R2A9_07200	25P2R1A13_04310	98.333	60	1	0	1	60	99	158	5.11e-38	123
32P3R2A9_07200	26P1R3A4_04648	98.333	60	1	0	1	60	103	162	5.60e-38	123
32P3R2A9_07200	16_1P2R1A8-1_01433	98.333	60	1	0	1	60	103	162	5.60e-38	123
32P3R2A9_07200	3P1R3A2_03080	98.333	60	1	0	1	60	96	155	8.45e-38	122
32P3R2A9_07200	15P1R1A16_03390	96.667	60	2	0	1	60	103	162	1.60e-37	122
32P3R2A9_07200	25P2R1A13_04807	96.667	60	2	0	1	60	101	160	1.94e-37	121
32P3R2A9_07203	32P3R2A9_07203	100.000	85	0	0	1	85	1	85	1.92e-56	168
32P3R2A9_07203	27P2R2A12_03323	100.000	48	0	0	1	48	3	50	1.53e-28	105
32P3R2A9_07204	32P3R2A9_07204	100.000	83	0	0	1	83	1	83	1.23e-55	166
32P3R2A9_07205	32P3R2A9_07205	100.000	207	0	0	1	207	1	207	2.32e-155	428
32P3R2A9_07205	24P1R3A1_08999	97.101	207	6	0	1	207	1	207	1.08e-151	419
32P3R2A9_07206	32P3R2A9_07206	100.000	37	0	0	1	37	1	37	2.51e-21	76.3
32P3R2A9_07207	32P3R2A9_07207	100.000	223	0	0	1	223	1	223	1.95e-163	450
32P3R2A9_07208	32P3R2A9_07208	100.000	103	0	0	1	103	1	103	2.16e-71	207
32P3R2A9_07209	32P3R2A9_07209	100.000	173	0	0	1	173	1	173	8.51e-122	340
32P3R2A9_07210	32P3R2A9_07210	100.000	89	0	0	1	89	1	89	8.59e-62	182
32P3R2A9_07210	24P1R3A1_09551	98.876	89	1	0	1	89	195	283	1.99e-60	185
32P3R2A9_07211	32P3R2A9_07211	100.000	180	0	0	1	180	1	180	2.87e-131	365
32P3R2A9_07212	32P3R2A9_07212	100.000	179	0	0	1	179	1	179	3.36e-130	362
32P3R2A9_07213	32P3R2A9_07213	100.000	71	0	0	1	71	1	71	9.01e-46	140
32P3R2A9_07214	32P3R2A9_07214	100.000	152	0	0	1	152	1	152	7.04e-112	313
32P3R2A9_07215	32P3R2A9_07215	100.000	97	0	0	1	97	1	97	3.99e-65	191
32P3R2A9_07216	32P3R2A9_07216	100.000	37	0	0	1	37	1	37	7.17e-20	72.8
32P3R2A9_07217	32P3R2A9_07217	100.000	102	0	0	1	102	1	102	8.21e-70	203
32P3R2A9_07218	32P3R2A9_07218	100.000	148	0	0	1	148	1	148	9.88e-105	295
32P3R2A9_07219	32P3R2A9_07219	100.000	84	0	0	1	84	1	84	3.89e-57	170
32P3R2A9_07220	32P3R2A9_07220	100.000	138	0	0	1	138	1	138	5.99e-100	282
32P3R2A9_07221	32P3R2A9_07221	100.000	227	0	0	1	227	1	227	2.09e-167	460
32P3R2A9_07222	32P3R2A9_07222	100.000	56	0	0	1	56	1	56	9.05e-34	108
32P3R2A9_07223	32P3R2A9_07223	100.000	245	0	0	1	245	1	245	0.0	506
32P3R2A9_07224	32P3R2A9_07224	100.000	117	0	0	1	117	1	117	1.35e-83	239
32P3R2A9_07225	32P3R2A9_07225	100.000	123	0	0	1	123	1	123	4.47e-85	243
32P3R2A9_07226	32P3R2A9_07226	100.000	197	0	0	1	197	1	197	3.78e-146	404
32P3R2A9_07227	32P3R2A9_07227	100.000	341	0	0	1	341	1	341	0.0	704
32P3R2A9_07228	32P3R2A9_07228	100.000	110	0	0	1	110	1	110	3.57e-75	217
32P3R2A9_07229	32P3R2A9_07229	100.000	97	0	0	1	97	1	97	8.36e-70	203
32P3R2A9_07230	32P3R2A9_07230	100.000	53	0	0	1	53	1	53	5.83e-33	106
32P3R2A9_07231	32P3R2A9_07231	100.000	159	0	0	1	159	1	159	6.45e-118	329
32P3R2A9_07232	32P3R2A9_07232	100.000	64	0	0	1	64	1	64	1.60e-43	134
32P3R2A9_07233	32P3R2A9_07233	100.000	306	0	0	1	306	1	306	0.0	610
32P3R2A9_07234	32P3R2A9_07234	100.000	245	0	0	1	245	1	245	0.0	499
32P3R2A9_07235	32P3R2A9_07235	100.000	300	0	0	1	300	1	300	0.0	597
32P3R2A9_07236	32P3R2A9_07236	100.000	78	0	0	1	78	1	78	2.56e-45	139
32P3R2A9_07237	32P3R2A9_07237	100.000	184	0	0	1	184	1	184	3.93e-138	382
32P3R2A9_07238	32P3R2A9_07238	100.000	340	0	0	1	340	1	340	0.0	684
32P3R2A9_07239	32P3R2A9_07239	100.000	243	0	0	1	243	1	243	3.24e-178	489
32P3R2A9_07239	34P3R2A10_05016	97.119	243	7	0	1	243	111	353	1.56e-172	479
32P3R2A9_07239	28P2R1A12_04505	96.296	243	9	0	1	243	612	854	1.40e-142	420
32P3R2A9_07239	15P1R1A16_02323	95.885	243	10	0	1	243	618	860	3.46e-142	419
32P3R2A9_07240	32P3R2A9_07240	100.000	110	0	0	1	110	1	110	2.05e-78	226
32P3R2A9_07240	3P1R3A2_04791	97.273	110	3	0	1	110	1	110	7.69e-76	219
32P3R2A9_07240	10P3R2A13_04798	95.455	110	5	0	1	110	1	110	1.38e-73	213
32P3R2A9_07241	32P3R2A9_07241	100.000	185	0	0	1	185	1	185	2.67e-138	383
32P3R2A9_07241	24P1R3A1_09271	97.297	185	5	0	1	185	1	185	2.63e-135	375
32P3R2A9_07242	32P3R2A9_07242	100.000	88	0	0	1	88	1	88	6.21e-59	174
32P3R2A9_07243	32P3R2A9_07243	100.000	89	0	0	1	89	1	89	2.60e-62	183
32P3R2A9_07244	32P3R2A9_07244	100.000	319	0	0	1	319	1	319	0.0	620
32P3R2A9_07245	32P3R2A9_07245	100.000	162	0	0	1	162	1	162	1.05e-118	332
32P3R2A9_07246	32P3R2A9_07246	100.000	71	0	0	1	71	1	71	3.56e-45	139
32P3R2A9_07247	32P3R2A9_07247	100.000	64	0	0	1	64	1	64	1.72e-42	131
32P3R2A9_07248	32P3R2A9_07248	100.000	90	0	0	1	90	1	90	9.47e-61	179
32P3R2A9_07249	32P3R2A9_07249	100.000	142	0	0	1	142	1	142	6.48e-106	298
32P3R2A9_07250	32P3R2A9_07250	100.000	97	0	0	1	97	1	97	7.15e-64	188
32P3R2A9_07250	24P1R3A1_08681	98.969	97	1	0	1	97	24	120	1.81e-62	185
32P3R2A9_07251	32P3R2A9_07251	100.000	98	0	0	1	98	1	98	4.28e-69	201
32P3R2A9_07252	32P3R2A9_07252	100.000	158	0	0	1	158	1	158	1.89e-113	318
32P3R2A9_07253	32P3R2A9_07253	100.000	126	0	0	1	126	1	126	6.88e-85	243
32P3R2A9_07254	32P3R2A9_07254	100.000	246	0	0	1	246	1	246	0.0	517
32P3R2A9_07254	24P1R3A1_08509	97.154	246	7	0	1	246	102	347	0.0	511
32P3R2A9_07255	32P3R2A9_07255	100.000	256	0	0	1	256	1	256	0.0	516
32P3R2A9_07256	32P3R2A9_07256	100.000	145	0	0	1	145	1	145	2.78e-100	283
32P3R2A9_07257	32P3R2A9_07257	100.000	126	0	0	1	126	1	126	6.10e-89	253
32P3R2A9_07258	32P3R2A9_07258	100.000	320	0	0	1	320	1	320	0.0	655
32P3R2A9_07259	32P3R2A9_07259	100.000	258	0	0	1	258	1	258	0.0	530
32P3R2A9_07260	32P3R2A9_07260	100.000	128	0	0	1	128	1	128	1.97e-88	252
32P3R2A9_07261	32P3R2A9_07261	100.000	115	0	0	1	115	1	115	3.45e-82	235
32P3R2A9_07262	32P3R2A9_07262	100.000	211	0	0	1	211	1	211	5.15e-157	432
32P3R2A9_07263	32P3R2A9_07263	100.000	224	0	0	1	224	1	224	4.10e-170	467
32P3R2A9_07263	24P1R3A1_09047	99.065	107	1	0	118	224	1	107	3.36e-73	217
32P3R2A9_07264	32P3R2A9_07264	100.000	108	0	0	1	108	1	108	5.30e-74	214
32P3R2A9_07265	32P3R2A9_07265	100.000	108	0	0	1	108	1	108	3.53e-74	214
32P3R2A9_07266	32P3R2A9_07266	100.000	105	0	0	1	105	1	105	7.46e-73	211
32P3R2A9_07266	24P1R3A1_08154	97.143	105	3	0	1	105	212	316	3.50e-69	209
32P3R2A9_07267	32P3R2A9_07267	100.000	176	0	0	1	176	1	176	1.21e-116	327
32P3R2A9_07267	32P3R2A9_07389	96.403	139	5	0	38	176	1	139	1.07e-85	248
32P3R2A9_07268	32P3R2A9_07268	100.000	56	0	0	1	56	1	56	1.97e-36	115
32P3R2A9_07269	32P3R2A9_07269	100.000	146	0	0	1	146	1	146	1.33e-99	282
32P3R2A9_07270	32P3R2A9_07270	100.000	95	0	0	1	95	1	95	7.13e-64	187
