38P2R3A13_05264	38P2R3A13_05264	100.000	327	0	0	1	327	1	327	0.0	632
38P2R3A13_05264	25P2R1A13_01451	96.024	327	13	0	1	327	1	327	0.0	588
38P2R3A13_05264	42P1R1A12_03134	96.330	327	12	0	1	327	1	327	0.0	587
38P2R3A13_05265	38P2R3A13_05265	100.000	232	0	0	1	232	1	232	9.47e-177	484
38P2R3A13_05266	38P2R3A13_05266	100.000	315	0	0	1	315	1	315	0.0	650
38P2R3A13_05267	38P2R3A13_05267	100.000	763	0	0	1	763	1	763	0.0	1551
38P2R3A13_05268	38P2R3A13_05268	100.000	507	0	0	1	507	1	507	0.0	1024
38P2R3A13_05268	18P3R3A11_04469	96.832	505	16	0	1	505	1	505	0.0	996
38P2R3A13_05269	38P2R3A13_05269	100.000	332	0	0	1	332	1	332	0.0	644
38P2R3A13_05269	18P3R3A11_04468	97.892	332	7	0	1	332	1	332	0.0	633
38P2R3A13_05271	38P2R3A13_05271	100.000	229	0	0	1	229	1	229	1.05e-174	479
38P2R3A13_05272	38P2R3A13_05272	100.000	287	0	0	1	287	1	287	0.0	575
38P2R3A13_05272	18P3R3A11_04465	95.819	287	12	0	1	287	1	287	0.0	555
38P2R3A13_05273	38P2R3A13_05273	100.000	335	0	0	1	335	1	335	0.0	684
38P2R3A13_05274	38P2R3A13_05274	100.000	244	0	0	1	244	1	244	4.71e-179	491
38P2R3A13_05277	38P2R3A13_05277	100.000	225	0	0	1	225	1	225	3.32e-165	454
38P2R3A13_05279	38P2R3A13_05279	100.000	173	0	0	1	173	1	173	4.26e-128	356
38P2R3A13_05279	38P2R3A13_00940	95.376	173	8	0	1	173	1	173	4.35e-123	343
38P2R3A13_05279	56P2R2A4_01214	95.376	173	8	0	1	173	1	173	9.68e-123	343
38P2R3A13_05281	38P2R3A13_05281	100.000	277	0	0	1	277	1	277	0.0	568
38P2R3A13_05282	38P2R3A13_05282	100.000	208	0	0	1	208	1	208	6.14e-156	429
38P2R3A13_05283	38P2R3A13_05283	100.000	199	0	0	1	199	1	199	1.67e-147	407
38P2R3A13_05284	38P2R3A13_05284	100.000	521	0	0	1	521	1	521	0.0	1085
38P2R3A13_05285	38P2R3A13_05285	100.000	245	0	0	1	245	1	245	0.0	504
38P2R3A13_05286	38P2R3A13_05286	100.000	639	0	0	1	639	1	639	0.0	1296
38P2R3A13_05286	18P3R3A11_02792	97.344	640	16	1	1	639	1	640	0.0	1261
38P2R3A13_05287	38P2R3A13_05287	100.000	493	0	0	1	493	1	493	0.0	996
38P2R3A13_05287	18P3R3A11_02791	95.112	491	24	0	1	491	1	491	0.0	950
38P2R3A13_05288	38P2R3A13_05288	100.000	403	0	0	1	403	1	403	0.0	825
38P2R3A13_05290	38P2R3A13_05290	100.000	162	0	0	1	162	1	162	4.42e-119	332
38P2R3A13_05291	38P2R3A13_05291	100.000	127	0	0	1	127	1	127	4.18e-90	256
38P2R3A13_05291	47P2R3A6_02894	100.000	117	0	0	11	127	1	117	4.86e-82	236
38P2R3A13_05292	38P2R3A13_05292	100.000	208	0	0	1	208	1	208	4.08e-151	417
38P2R3A13_05293	38P2R3A13_05293	100.000	337	0	0	1	337	1	337	0.0	692
38P2R3A13_05294	38P2R3A13_05294	100.000	378	0	0	1	378	1	378	0.0	774
38P2R3A13_05295	38P2R3A13_05295	100.000	162	0	0	1	162	1	162	1.51e-119	333
38P2R3A13_05296	38P2R3A13_05296	100.000	266	0	0	1	266	1	266	0.0	530
38P2R3A13_05297	38P2R3A13_05297	100.000	912	0	0	1	912	1	912	0.0	1860
38P2R3A13_05298	38P2R3A13_05298	100.000	147	0	0	1	147	1	147	2.28e-109	306
38P2R3A13_05299	38P2R3A13_05299	100.000	608	0	0	1	608	1	608	0.0	1261
38P2R3A13_05301	38P2R3A13_05301	100.000	480	0	0	1	480	1	480	0.0	983
38P2R3A13_05302	38P2R3A13_05302	100.000	334	0	0	1	334	1	334	0.0	686
38P2R3A13_05302	18P3R3A11_02775	95.210	334	16	0	1	334	1	334	0.0	660
38P2R3A13_05304	38P2R3A13_05304	100.000	145	0	0	1	145	1	145	4.01e-97	276
38P2R3A13_05305	38P2R3A13_05305	100.000	323	0	0	1	323	1	323	0.0	671
38P2R3A13_05306	38P2R3A13_05306	100.000	551	0	0	1	551	1	551	0.0	1141
38P2R3A13_05306	18P3R3A11_02771	95.463	551	25	0	1	551	1	551	0.0	1099
38P2R3A13_05307	38P2R3A13_05307	100.000	300	0	0	1	300	1	300	0.0	586
38P2R3A13_05308	38P2R3A13_05308	100.000	240	0	0	1	240	1	240	4.27e-168	463
38P2R3A13_05308	38P2R3A13_00929	99.138	232	2	0	9	240	1	232	3.47e-161	445
38P2R3A13_05308	18P3R3A11_02769	97.414	232	6	0	9	240	1	232	9.33e-160	441
38P2R3A13_05308	31P2R1A5_01674	96.552	232	8	0	9	240	1	232	5.00e-159	439
38P2R3A13_05309	38P2R3A13_05309	100.000	553	0	0	1	553	1	553	0.0	1121
38P2R3A13_05309	38P2R3A13_00928	96.926	553	17	0	1	553	1	553	0.0	1093
38P2R3A13_05309	18P3R3A11_02768	95.660	553	24	0	1	553	1	553	0.0	1061
38P2R3A13_05310	38P2R3A13_05310	100.000	319	0	0	1	319	1	319	0.0	663
38P2R3A13_05311	38P2R3A13_05311	100.000	372	0	0	1	372	1	372	0.0	743
38P2R3A13_05311	38P2R3A13_00926	95.161	372	18	0	1	372	1	372	0.0	664
38P2R3A13_05312	38P2R3A13_05312	100.000	647	0	0	1	647	1	647	0.0	1313
38P2R3A13_05312	38P2R3A13_00925	97.682	647	15	0	1	647	1	647	0.0	1284
38P2R3A13_05312	18P3R3A11_02765	96.909	647	20	0	1	647	1	647	0.0	1278
38P2R3A13_05314	38P2R3A13_05314	100.000	435	0	0	1	435	1	435	0.0	884
38P2R3A13_05314	38P2R3A13_01511	95.632	435	19	0	1	435	1	435	0.0	848
38P2R3A13_05314	18P3R3A11_03378	95.172	435	21	0	1	435	1	435	0.0	843
38P2R3A13_05315	38P2R3A13_05315	100.000	354	0	0	1	354	1	354	0.0	726
38P2R3A13_05315	18P3R3A11_03377	96.610	354	12	0	1	354	1	354	0.0	708
38P2R3A13_05316	38P2R3A13_05316	100.000	356	0	0	1	356	1	356	0.0	734
38P2R3A13_05316	18P3R3A11_03376	95.506	356	16	0	1	356	1	356	0.0	706
38P2R3A13_05317	38P2R3A13_05317	100.000	197	0	0	1	197	1	197	2.37e-148	409
38P2R3A13_05317	18P3R3A11_03375	95.939	197	8	0	1	197	1	197	3.98e-141	391
38P2R3A13_05317	38P2R3A13_01508	95.431	197	9	0	1	197	1	197	7.79e-140	388
38P2R3A13_05318	38P2R3A13_05318	100.000	246	0	0	1	246	1	246	2.24e-178	489
38P2R3A13_05318	18P3R3A11_03374	95.122	246	12	0	1	246	1	246	5.37e-170	468
38P2R3A13_05320	38P2R3A13_05320	100.000	204	0	0	1	204	1	204	9.37e-153	421
38P2R3A13_05320	38P2R3A13_01505	97.059	204	6	0	1	204	1	204	8.18e-149	411
38P2R3A13_05320	18P3R3A11_03372	97.059	204	6	0	1	204	1	204	4.06e-148	409
38P2R3A13_05321	38P2R3A13_05321	100.000	327	0	0	1	327	1	327	0.0	657
38P2R3A13_05322	38P2R3A13_05322	100.000	335	0	0	1	335	1	335	0.0	694
38P2R3A13_05322	18P3R3A11_03370	95.821	335	14	0	1	335	1	335	0.0	665
38P2R3A13_05323	38P2R3A13_05323	100.000	389	0	0	1	389	1	389	0.0	793
38P2R3A13_05323	18P3R3A11_03369	97.172	389	11	0	1	389	1	389	0.0	777
38P2R3A13_05323	38P2R3A13_01501	95.887	389	16	0	1	389	1	389	0.0	764
38P2R3A13_05324	38P2R3A13_05324	100.000	294	0	0	1	294	1	294	0.0	600
38P2R3A13_05325	38P2R3A13_05325	100.000	362	0	0	1	362	1	362	0.0	747
38P2R3A13_05326	38P2R3A13_05326	100.000	218	0	0	1	218	1	218	5.97e-161	443
38P2R3A13_05326	38P2R3A13_01500	99.083	218	2	0	1	218	252	469	2.93e-157	443
38P2R3A13_05326	18P3R3A11_03368	99.541	218	1	0	1	218	252	469	3.86e-157	443
38P2R3A13_05326	12_1P1R2A2-1_03091	95.413	218	10	0	1	218	252	469	2.24e-152	431
38P2R3A13_05327	38P2R3A13_05327	100.000	209	0	0	1	209	1	209	1.52e-152	421
38P2R3A13_05327	18P3R3A11_03368	98.077	208	4	0	1	208	1	208	4.01e-148	420
38P2R3A13_05327	38P2R3A13_01500	98.077	208	4	0	1	208	1	208	6.42e-148	419
38P2R3A13_05327	29P3R3A9_00359	98.077	208	4	0	1	208	1	208	2.02e-147	418
38P2R3A13_05327	10P3R2A13_00452	97.596	208	5	0	1	208	1	208	3.37e-147	417
38P2R3A13_05327	12_1P1R2A2-1_03091	95.192	208	10	0	1	208	1	208	1.11e-144	411
38P2R3A13_05327	42P1R1A12_04183	95.192	208	10	0	1	208	1	208	2.37e-143	407
38P2R3A13_05327	33P3R2A2_04177	100.000	23	0	0	1	23	1	23	3.84e-08	48.1
38P2R3A13_05328	38P2R3A13_05328	100.000	269	0	0	1	269	1	269	0.0	556
38P2R3A13_05329	38P2R3A13_05329	100.000	366	0	0	1	366	1	366	0.0	758
38P2R3A13_05330	38P2R3A13_05330	100.000	242	0	0	1	242	1	242	0.0	504
38P2R3A13_05331	38P2R3A13_05331	100.000	321	0	0	1	321	1	321	0.0	638
38P2R3A13_05332	38P2R3A13_05332	100.000	446	0	0	1	446	1	446	0.0	891
38P2R3A13_05333	38P2R3A13_05333	100.000	419	0	0	1	419	1	419	0.0	828
38P2R3A13_05334	38P2R3A13_05334	100.000	385	0	0	1	385	1	385	0.0	793
38P2R3A13_05335	38P2R3A13_05335	100.000	421	0	0	1	421	1	421	0.0	860
38P2R3A13_05336	38P2R3A13_05336	100.000	347	0	0	1	347	1	347	0.0	712
38P2R3A13_05337	38P2R3A13_05337	100.000	211	0	0	1	211	1	211	2.32e-155	428
38P2R3A13_05338	38P2R3A13_05338	100.000	299	0	0	1	299	1	299	0.0	612
38P2R3A13_05338	18P3R3A11_03356	97.659	299	7	0	1	299	1	299	0.0	600
38P2R3A13_05338	56P2R2A4_04195	97.627	295	7	0	1	295	1	295	0.0	594
38P2R3A13_05339	38P2R3A13_05339	100.000	464	0	0	1	464	1	464	0.0	944
38P2R3A13_05339	38P2R3A13_01483	96.767	464	15	0	1	464	1	464	0.0	920
38P2R3A13_05340	38P2R3A13_05340	100.000	407	0	0	1	407	1	407	0.0	840
38P2R3A13_05340	38P2R3A13_01482	96.560	407	14	0	1	407	1	407	0.0	813
38P2R3A13_05342	38P2R3A13_05342	100.000	493	0	0	1	493	1	493	0.0	978
38P2R3A13_05342	18P3R3A11_03352	97.972	493	10	0	1	493	1	493	0.0	966
38P2R3A13_05343	38P2R3A13_05343	100.000	465	0	0	1	465	1	465	0.0	956
38P2R3A13_05343	38P2R3A13_01479	96.989	465	14	0	1	465	1	465	0.0	930
38P2R3A13_05343	18P3R3A11_03351	96.344	465	17	0	1	465	1	465	0.0	904
38P2R3A13_05345	38P2R3A13_05345	100.000	479	0	0	1	479	1	479	0.0	989
38P2R3A13_05345	18P3R3A11_04523	96.451	479	17	0	1	479	1	479	0.0	960
38P2R3A13_05346	38P2R3A13_05346	100.000	408	0	0	1	408	1	408	0.0	842
38P2R3A13_05346	38P2R3A13_01476	96.814	408	13	0	1	408	1	408	0.0	813
38P2R3A13_05346	18P3R3A11_04522	95.833	408	17	0	1	408	1	408	0.0	771
38P2R3A13_05347	38P2R3A13_05347	100.000	109	0	0	1	109	1	109	6.43e-78	224
38P2R3A13_05347	47P2R3A6_00422	100.000	109	0	0	1	109	53	161	1.91e-77	225
38P2R3A13_05347	56P2R2A4_01804	96.330	109	4	0	1	109	52	160	9.28e-75	218
38P2R3A13_05348	38P2R3A13_05348	100.000	426	0	0	1	426	1	426	0.0	884
38P2R3A13_05348	18P3R3A11_00532	98.357	426	7	0	1	426	32	457	0.0	873
38P2R3A13_05349	38P2R3A13_05349	100.000	60	0	0	1	60	1	60	4.05e-39	122
38P2R3A13_05350	38P2R3A13_05350	100.000	252	0	0	1	252	1	252	0.0	517
38P2R3A13_05351	38P2R3A13_05351	100.000	37	0	0	1	37	1	37	2.13e-21	76.6
38P2R3A13_05352	38P2R3A13_05352	100.000	89	0	0	1	89	1	89	4.54e-62	182
38P2R3A13_05353	38P2R3A13_05353	100.000	225	0	0	1	225	1	225	4.56e-166	456
38P2R3A13_05353	18P3R3A11_00533	97.333	225	6	0	1	225	1	225	7.10e-163	448
38P2R3A13_05353	38P2R3A13_00643	97.333	225	6	0	1	225	1	225	3.85e-162	446
38P2R3A13_05354	38P2R3A13_05354	100.000	488	0	0	1	488	1	488	0.0	995
38P2R3A13_05354	38P2R3A13_00644	96.107	488	19	0	1	488	1	488	0.0	964
38P2R3A13_05355	38P2R3A13_05355	100.000	374	0	0	1	374	1	374	0.0	760
38P2R3A13_05355	38P2R3A13_00645	96.791	374	12	0	1	374	1	374	0.0	741
38P2R3A13_05355	18P3R3A11_00535	95.455	374	17	0	1	374	1	374	0.0	732
38P2R3A13_05356	38P2R3A13_05356	100.000	408	0	0	1	408	1	408	0.0	840
38P2R3A13_05356	18P3R3A11_00537	97.304	408	11	0	1	408	1	408	0.0	818
38P2R3A13_05357	38P2R3A13_05357	100.000	362	0	0	1	362	1	362	0.0	741
38P2R3A13_05357	18P3R3A11_00538	95.304	362	17	0	1	362	1	362	0.0	709
38P2R3A13_05357	38P2R3A13_00647	95.028	362	18	0	1	362	1	362	0.0	706
38P2R3A13_05358	38P2R3A13_05358	100.000	286	0	0	1	286	1	286	0.0	562
38P2R3A13_05358	18P3R3A11_00539	96.154	286	11	0	1	286	1	286	0.0	546
38P2R3A13_05360	38P2R3A13_05360	100.000	345	0	0	1	345	1	345	0.0	703
38P2R3A13_05360	18P3R3A11_00541	96.812	345	11	0	1	345	1	345	0.0	684
38P2R3A13_05360	38P2R3A13_00650	95.362	345	16	0	1	345	1	345	0.0	674
38P2R3A13_05361	38P2R3A13_05361	100.000	410	0	0	1	410	1	410	0.0	854
38P2R3A13_05362	38P2R3A13_05362	100.000	644	0	0	1	644	1	644	0.0	1310
38P2R3A13_05363	38P2R3A13_05363	100.000	274	0	0	1	274	1	274	0.0	563
38P2R3A13_05363	38P2R3A13_00653	97.810	274	6	0	1	274	1	274	0.0	552
38P2R3A13_05363	18P3R3A11_00542	95.985	274	11	0	1	274	1	274	0.0	523
38P2R3A13_05364	38P2R3A13_05364	100.000	304	0	0	1	304	1	304	0.0	617
38P2R3A13_05364	18P3R3A11_00543	96.711	304	10	0	1	304	1	304	0.0	600
38P2R3A13_05365	38P2R3A13_05365	100.000	415	0	0	1	415	1	415	0.0	836
38P2R3A13_05365	38P2R3A13_00655	97.590	415	10	0	1	415	1	415	0.0	818
38P2R3A13_05365	18P3R3A11_00544	96.867	415	13	0	1	415	1	415	0.0	815
38P2R3A13_05367	38P2R3A13_05367	100.000	387	0	0	1	387	1	387	0.0	761
38P2R3A13_05367	18P3R3A11_00546	96.899	387	12	0	1	387	1	387	0.0	743
38P2R3A13_05367	38P2R3A13_00657	96.382	387	14	0	1	387	1	387	0.0	693
38P2R3A13_05368	38P2R3A13_05368	100.000	358	0	0	1	358	1	358	0.0	712
38P2R3A13_05369	38P2R3A13_05369	100.000	1149	0	0	1	1149	1	1149	0.0	2365
38P2R3A13_05369	56P2R2A4_02191	97.476	1149	29	0	1	1149	1	1149	0.0	2318
38P2R3A13_05369	18P3R3A11_00548	97.389	1149	30	0	1	1149	1	1149	0.0	2312
38P2R3A13_05370	38P2R3A13_05370	100.000	322	0	0	1	322	1	322	0.0	654
38P2R3A13_05371	38P2R3A13_05371	100.000	86	0	0	1	86	1	86	1.28e-57	171
38P2R3A13_05371	18P3R3A11_00550	97.674	86	2	0	1	86	1	86	5.73e-56	167
38P2R3A13_05371	38P2R3A13_00661	96.512	86	3	0	1	86	15	100	1.84e-55	166
38P2R3A13_05372	38P2R3A13_05372	100.000	212	0	0	1	212	1	212	9.36e-160	439
38P2R3A13_05376	38P2R3A13_05376	100.000	342	0	0	1	342	1	342	0.0	703
38P2R3A13_05376	18P3R3A11_00555	97.076	342	10	0	1	342	1	342	0.0	680
38P2R3A13_05376	38P2R3A13_00666	96.491	342	12	0	1	342	3	344	0.0	678
38P2R3A13_05377	38P2R3A13_05377	100.000	275	0	0	1	275	1	275	0.0	558
38P2R3A13_05378	38P2R3A13_05378	100.000	216	0	0	1	216	1	216	1.66e-157	434
38P2R3A13_05378	38P2R3A13_00668	95.327	214	10	0	1	214	1	214	5.24e-143	397
38P2R3A13_05379	38P2R3A13_05379	100.000	125	0	0	1	125	1	125	1.85e-89	254
38P2R3A13_05379	38P2R3A13_00669	95.200	125	6	0	1	125	1	125	5.06e-86	246
38P2R3A13_05381	38P2R3A13_05381	100.000	731	0	0	1	731	1	731	0.0	1505
38P2R3A13_05382	38P2R3A13_05382	100.000	174	0	0	1	174	1	174	3.28e-126	352
38P2R3A13_05382	18P3R3A11_00561	97.126	174	5	0	1	174	305	478	1.01e-118	344
38P2R3A13_05382	43P2R2A2_05029	96.154	78	3	0	97	174	1	78	5.65e-48	150
38P2R3A13_05383	38P2R3A13_05383	100.000	61	0	0	1	61	1	61	6.03e-39	122
38P2R3A13_05383	18P3R3A11_02588	100.000	61	0	0	1	61	412	472	4.10e-36	125
38P2R3A13_05383	47P2R3A6_04027	100.000	61	0	0	1	61	412	472	4.46e-36	125
38P2R3A13_05383	56P2R2A4_02804	98.361	61	1	0	1	61	412	472	1.39e-35	124
38P2R3A13_05384	38P2R3A13_05384	100.000	515	0	0	1	515	1	515	0.0	1028
38P2R3A13_05384	18P3R3A11_02589	96.464	509	18	0	1	509	1	509	0.0	989
38P2R3A13_05384	38P2R3A13_01948	96.491	513	16	1	1	513	1	511	0.0	985
38P2R3A13_05384	37P2R3-2A1_03589	95.517	513	21	1	1	513	1	511	0.0	917
38P2R3A13_05385	38P2R3A13_05385	100.000	317	0	0	1	317	1	317	0.0	647
38P2R3A13_05386	38P2R3A13_05386	100.000	460	0	0	1	460	1	460	0.0	958
38P2R3A13_05386	38P2R3A13_01946	95.217	460	22	0	1	460	1	460	0.0	897
38P2R3A13_05387	38P2R3A13_05387	100.000	307	0	0	1	307	1	307	0.0	634
38P2R3A13_05388	38P2R3A13_05388	100.000	444	0	0	1	444	1	444	0.0	886
38P2R3A13_05389	38P2R3A13_05389	100.000	250	0	0	1	250	1	250	3.54e-180	494
38P2R3A13_05390	38P2R3A13_05390	100.000	282	0	0	1	282	1	282	0.0	582
38P2R3A13_05391	38P2R3A13_05391	100.000	333	0	0	1	333	1	333	0.0	679
38P2R3A13_05392	38P2R3A13_05392	100.000	245	0	0	1	245	1	245	0.0	502
38P2R3A13_05393	38P2R3A13_05393	100.000	201	0	0	1	201	1	201	5.19e-146	404
38P2R3A13_05393	18P3R3A11_02593	95.025	201	10	0	1	201	1	201	8.42e-138	383
38P2R3A13_05394	38P2R3A13_05394	100.000	303	0	0	1	303	1	303	0.0	616
38P2R3A13_05395	38P2R3A13_05395	100.000	394	0	0	1	394	1	394	0.0	813
38P2R3A13_05395	38P2R3A13_01942	95.939	394	16	0	1	394	1	394	0.0	783
38P2R3A13_05395	18P3R3A11_02595	95.178	394	19	0	1	394	1	394	0.0	775
38P2R3A13_05396	38P2R3A13_05396	100.000	191	0	0	1	191	1	191	1.04e-136	379
38P2R3A13_05397	38P2R3A13_05397	100.000	140	0	0	1	140	1	140	3.25e-102	288
38P2R3A13_05398	38P2R3A13_05398	100.000	253	0	0	1	253	1	253	0.0	525
38P2R3A13_05399	38P2R3A13_05399	100.000	142	0	0	1	142	1	142	2.48e-103	291
38P2R3A13_05400	38P2R3A13_05400	100.000	400	0	0	1	400	1	400	0.0	811
38P2R3A13_05400	18P3R3A11_02599	98.000	400	8	0	1	400	1	400	0.0	798
38P2R3A13_05400	38P2R3A13_01936	98.000	400	8	0	1	400	1	400	0.0	796
38P2R3A13_05401	38P2R3A13_05401	100.000	733	0	0	1	733	1	733	0.0	1494
38P2R3A13_05401	38P2R3A13_01935	97.135	733	21	0	1	733	1	733	0.0	1450
38P2R3A13_05401	18P3R3A11_02600	95.634	733	30	1	1	733	1	731	0.0	1408
38P2R3A13_05402	38P2R3A13_05402	100.000	468	0	0	1	468	1	468	0.0	957
38P2R3A13_05403	38P2R3A13_05403	100.000	3725	0	0	1	3725	1	3725	0.0	7083
38P2R3A13_05404	38P2R3A13_05404	100.000	176	0	0	1	176	1	176	6.62e-131	363
38P2R3A13_05404	38P2R3A13_01931	97.727	176	4	0	1	176	1	176	2.89e-128	357
38P2R3A13_05405	38P2R3A13_05405	100.000	197	0	0	1	197	1	197	1.00e-145	403
38P2R3A13_05405	47P2R3A6_04049	100.000	177	0	0	21	197	1	177	4.69e-129	360
38P2R3A13_05406	38P2R3A13_05406	100.000	263	0	0	1	263	1	263	0.0	541
38P2R3A13_05407	38P2R3A13_05407	100.000	186	0	0	1	186	1	186	1.07e-134	374
38P2R3A13_05408	38P2R3A13_05408	100.000	115	0	0	1	115	1	115	2.12e-80	231
38P2R3A13_05409	38P2R3A13_05409	100.000	279	0	0	1	279	1	279	0.0	574
38P2R3A13_05409	47P2R3A6_01294	100.000	279	0	0	1	279	52	330	0.0	573
38P2R3A13_05409	18P3R3A11_00224	97.491	279	7	0	1	279	52	330	0.0	561
38P2R3A13_05410	38P2R3A13_05410	100.000	393	0	0	1	393	1	393	0.0	764
38P2R3A13_05411	38P2R3A13_05411	100.000	203	0	0	1	203	1	203	5.35e-147	406
38P2R3A13_05412	38P2R3A13_05412	100.000	302	0	0	1	302	1	302	0.0	611
38P2R3A13_05413	38P2R3A13_05413	100.000	112	0	0	1	112	1	112	5.55e-72	209
38P2R3A13_05414	38P2R3A13_05414	100.000	373	0	0	1	373	1	373	0.0	759
38P2R3A13_05415	38P2R3A13_05415	100.000	151	0	0	1	151	1	151	7.09e-109	306
38P2R3A13_05416	38P2R3A13_05416	100.000	162	0	0	1	162	1	162	2.41e-121	338
38P2R3A13_05417	38P2R3A13_05417	100.000	270	0	0	1	270	1	270	0.0	561
38P2R3A13_05418	38P2R3A13_05418	100.000	267	0	0	1	267	1	267	0.0	546
38P2R3A13_05419	38P2R3A13_05419	100.000	176	0	0	1	176	1	176	2.16e-127	355
38P2R3A13_05420	38P2R3A13_05420	100.000	175	0	0	1	175	1	175	1.26e-122	342
38P2R3A13_05421	38P2R3A13_05421	100.000	232	0	0	1	232	1	232	1.49e-173	476
38P2R3A13_05422	38P2R3A13_05422	100.000	866	0	0	1	866	1	866	0.0	1778
38P2R3A13_05423	38P2R3A13_05423	100.000	177	0	0	1	177	1	177	1.33e-125	350
38P2R3A13_05424	38P2R3A13_05424	100.000	289	0	0	1	289	1	289	0.0	569
38P2R3A13_05425	38P2R3A13_05425	100.000	229	0	0	1	229	1	229	1.89e-169	465
38P2R3A13_05426	38P2R3A13_05426	100.000	51	0	0	1	51	1	51	2.44e-33	107
38P2R3A13_05427	38P2R3A13_05427	100.000	678	0	0	1	678	1	678	0.0	1397
38P2R3A13_05428	38P2R3A13_05428	100.000	249	0	0	1	249	1	249	0.0	507
38P2R3A13_05428	18P3R3A11_00229	97.992	249	5	0	1	249	1	249	0.0	500
38P2R3A13_05430	38P2R3A13_05430	100.000	144	0	0	1	144	1	144	2.18e-102	289
38P2R3A13_05431	38P2R3A13_05431	100.000	68	0	0	1	68	1	68	2.50e-45	139
38P2R3A13_05431	38P2R3A13_00355	95.588	68	3	0	1	68	1	68	4.71e-43	133
38P2R3A13_05432	38P2R3A13_05432	100.000	488	0	0	1	488	1	488	0.0	1009
38P2R3A13_05433	38P2R3A13_05433	100.000	460	0	0	1	460	1	460	0.0	922
38P2R3A13_05434	38P2R3A13_05434	100.000	340	0	0	1	340	1	340	0.0	696
38P2R3A13_05436	38P2R3A13_05436	100.000	113	0	0	1	113	1	113	8.52e-75	217
38P2R3A13_05436	56P2R2A4_01899	96.330	109	4	0	5	113	1	109	1.21e-68	201
38P2R3A13_05439	38P2R3A13_05439	100.000	254	0	0	1	254	1	254	0.0	528
38P2R3A13_05440	38P2R3A13_05440	100.000	233	0	0	1	233	1	233	3.48e-178	488
38P2R3A13_05441	38P2R3A13_05441	100.000	47	0	0	1	47	1	47	1.81e-29	97.4
38P2R3A13_05442	38P2R3A13_05442	100.000	98	0	0	1	98	1	98	1.18e-69	202
38P2R3A13_05443	38P2R3A13_05443	100.000	813	0	0	1	813	1	813	0.0	1693
38P2R3A13_05444	38P2R3A13_05444	100.000	544	0	0	1	544	1	544	0.0	1127
38P2R3A13_05444	47P2R3A6_00361	99.632	544	2	0	1	544	135	678	0.0	1124
38P2R3A13_05444	37P2R3-2A1_01736	96.140	544	21	0	1	544	135	678	0.0	1099
38P2R3A13_05444	31P2R1A5_00777	96.140	544	21	0	1	544	138	681	0.0	1093
38P2R3A13_05444	18P3R3A11_04165	97.701	87	2	0	458	544	1	87	2.02e-51	170
38P2R3A13_05445	38P2R3A13_05445	100.000	157	0	0	1	157	1	157	1.04e-116	326
38P2R3A13_05447	38P2R3A13_05447	100.000	564	0	0	1	564	1	564	0.0	1156
38P2R3A13_05448	38P2R3A13_05448	100.000	247	0	0	1	247	1	247	0.0	503
38P2R3A13_05450	38P2R3A13_05450	100.000	246	0	0	1	246	1	246	5.31e-171	471
38P2R3A13_05451	38P2R3A13_05451	100.000	317	0	0	1	317	1	317	0.0	639
38P2R3A13_05452	38P2R3A13_05452	100.000	386	0	0	1	386	1	386	0.0	740
38P2R3A13_05455	38P2R3A13_05455	100.000	583	0	0	1	583	1	583	0.0	1213
38P2R3A13_05455	38P2R3A13_01411	96.569	583	20	0	1	583	1	583	0.0	1179
38P2R3A13_05455	18P3R3A11_04176	96.398	583	21	0	1	583	1	583	0.0	1176
38P2R3A13_05456	38P2R3A13_05456	100.000	185	0	0	1	185	1	185	6.37e-138	382
38P2R3A13_05456	38P2R3A13_01410	95.135	185	9	0	1	185	1	185	7.73e-134	372
38P2R3A13_05457	38P2R3A13_05457	100.000	308	0	0	1	308	1	308	0.0	632
38P2R3A13_05457	38P2R3A13_01409	97.727	308	7	0	1	308	1	308	0.0	619
38P2R3A13_05457	18P3R3A11_04178	96.104	308	12	0	1	308	1	308	0.0	586
38P2R3A13_05458	38P2R3A13_05458	100.000	196	0	0	1	196	1	196	8.20e-142	393
38P2R3A13_05458	38P2R3A13_01408	97.449	196	5	0	1	196	1	196	1.30e-139	387
38P2R3A13_05458	18P3R3A11_04179	95.408	196	9	0	1	196	1	196	1.64e-130	364
38P2R3A13_05459	38P2R3A13_05459	100.000	191	0	0	1	191	1	191	5.97e-136	377
38P2R3A13_05460	38P2R3A13_05460	100.000	255	0	0	1	255	1	255	0.0	522
38P2R3A13_05461	38P2R3A13_05461	100.000	92	0	0	1	92	1	92	1.68e-61	181
38P2R3A13_05462	38P2R3A13_05462	100.000	364	0	0	1	364	1	364	0.0	741
38P2R3A13_05463	38P2R3A13_05463	100.000	465	0	0	1	465	1	465	0.0	967
38P2R3A13_05464	38P2R3A13_05464	100.000	618	0	0	1	618	1	618	0.0	1238
38P2R3A13_05465	38P2R3A13_05465	100.000	278	0	0	1	278	1	278	0.0	568
38P2R3A13_05465	18P3R3A11_04185	95.324	278	13	0	1	278	1	278	0.0	541
38P2R3A13_05465	38P2R3A13_01402	95.324	278	13	0	1	278	1	278	0.0	540
38P2R3A13_05466	38P2R3A13_05466	100.000	453	0	0	1	453	1	453	0.0	939
38P2R3A13_05467	38P2R3A13_05467	100.000	311	0	0	1	311	1	311	0.0	638
38P2R3A13_05467	18P3R3A11_04187	96.785	311	10	0	1	311	1	311	0.0	626
38P2R3A13_05467	38P2R3A13_01400	96.463	311	11	0	1	311	1	311	0.0	622
38P2R3A13_05468	38P2R3A13_05468	100.000	133	0	0	1	133	1	133	8.29e-92	261
38P2R3A13_05470	38P2R3A13_05470	100.000	295	0	0	1	295	1	295	0.0	600
38P2R3A13_05470	18P3R3A11_04192	95.593	295	13	0	1	295	1	295	0.0	544
38P2R3A13_05472	38P2R3A13_05472	100.000	463	0	0	1	463	1	463	0.0	961
38P2R3A13_05474	38P2R3A13_05474	100.000	154	0	0	1	154	1	154	1.09e-111	313
38P2R3A13_05475	38P2R3A13_05475	100.000	289	0	0	1	289	1	289	0.0	587
38P2R3A13_05476	38P2R3A13_05476	100.000	393	0	0	1	393	1	393	0.0	789
38P2R3A13_05476	18P3R3A11_00966	97.710	393	9	0	1	393	1	393	0.0	774
38P2R3A13_05476	38P2R3A13_02117	97.455	393	10	0	1	393	1	393	0.0	773
38P2R3A13_05477	38P2R3A13_05477	100.000	228	0	0	1	228	1	228	1.28e-170	468
38P2R3A13_05478	38P2R3A13_05478	100.000	392	0	0	1	392	1	392	0.0	818
38P2R3A13_05479	38P2R3A13_05479	100.000	279	0	0	1	279	1	279	0.0	585
38P2R3A13_05479	18P3R3A11_00963	96.774	279	9	0	1	279	1	279	0.0	572
38P2R3A13_05480	38P2R3A13_05480	100.000	254	0	0	1	254	1	254	0.0	515
38P2R3A13_05480	18P3R3A11_00962	97.638	254	6	0	1	254	1	254	0.0	504
38P2R3A13_05480	38P2R3A13_02115	96.063	254	10	0	1	254	1	254	0.0	496
38P2R3A13_05482	38P2R3A13_05482	100.000	429	0	0	1	429	1	429	0.0	883
38P2R3A13_05482	18P3R3A11_00957	96.503	429	15	0	1	429	1	429	0.0	859
38P2R3A13_05483	38P2R3A13_05483	100.000	376	0	0	1	376	1	376	0.0	775
38P2R3A13_05483	18P3R3A11_00956	96.277	376	14	0	1	376	1	376	0.0	748
38P2R3A13_05486	38P2R3A13_05486	100.000	385	0	0	1	385	1	385	0.0	785
38P2R3A13_05487	38P2R3A13_05487	100.000	108	0	0	1	108	1	108	6.40e-77	221
38P2R3A13_05487	47P2R3A6_01735	100.000	108	0	0	1	108	13	120	1.45e-76	221
38P2R3A13_05488	38P2R3A13_05488	100.000	231	0	0	1	231	1	231	3.84e-171	470
38P2R3A13_05489	38P2R3A13_05489	100.000	308	0	0	1	308	1	308	0.0	620
38P2R3A13_05490	38P2R3A13_05490	100.000	421	0	0	1	421	1	421	0.0	863
38P2R3A13_05490	38P2R3A13_02110	96.200	421	16	0	1	421	1	421	0.0	842
38P2R3A13_05490	18P3R3A11_00949	95.724	421	18	0	1	421	1	421	0.0	833
38P2R3A13_05491	38P2R3A13_05491	100.000	346	0	0	1	346	1	346	0.0	719
38P2R3A13_05491	38P2R3A13_02109	95.665	346	15	0	1	346	1	346	0.0	689
38P2R3A13_05493	38P2R3A13_05493	100.000	476	0	0	1	476	1	476	0.0	994
38P2R3A13_05495	38P2R3A13_05495	100.000	159	0	0	1	159	1	159	4.32e-116	325
38P2R3A13_05496	38P2R3A13_05496	100.000	339	0	0	1	339	1	339	0.0	699
38P2R3A13_05496	18P3R3A11_00943	96.755	339	11	0	1	339	1	339	0.0	676
38P2R3A13_05497	38P2R3A13_05497	100.000	720	0	0	1	720	1	720	0.0	1472
38P2R3A13_05497	38P2R3A13_02106	96.806	720	23	0	1	720	1	720	0.0	1437
38P2R3A13_05498	38P2R3A13_05498	100.000	398	0	0	1	398	1	398	0.0	780
38P2R3A13_05498	38P2R3A13_02105	97.487	398	10	0	1	398	1	398	0.0	764
38P2R3A13_05500	38P2R3A13_05500	100.000	73	0	0	1	73	1	73	5.73e-49	148
38P2R3A13_05500	38P2R3A13_02103	97.260	73	2	0	1	73	1	73	4.57e-48	146
38P2R3A13_05500	18P3R3A11_00939	95.890	73	3	0	1	73	1	73	4.84e-47	143
38P2R3A13_05501	38P2R3A13_05501	100.000	231	0	0	1	231	1	231	3.78e-167	460
38P2R3A13_05502	38P2R3A13_05502	100.000	396	0	0	1	396	1	396	0.0	820
38P2R3A13_05502	18P3R3A11_01114	97.222	396	11	0	1	396	1	396	0.0	803
38P2R3A13_05502	38P2R3A13_04610	96.465	396	14	0	1	396	1	396	0.0	801
38P2R3A13_05504	38P2R3A13_05504	100.000	300	0	0	1	300	1	300	0.0	615
38P2R3A13_05504	38P2R3A13_04612	95.667	300	13	0	1	300	1	300	0.0	565
38P2R3A13_05504	18P3R3A11_01116	95.333	300	14	0	1	300	1	300	0.0	561
38P2R3A13_05505	38P2R3A13_05505	100.000	388	0	0	1	388	1	388	0.0	791
38P2R3A13_05505	18P3R3A11_01117	97.423	388	10	0	1	388	1	388	0.0	775
38P2R3A13_05506	38P2R3A13_05506	100.000	276	0	0	1	276	1	276	0.0	563
38P2R3A13_05506	18P3R3A11_01118	96.014	276	11	0	1	276	1	276	0.0	545
38P2R3A13_05506	38P2R3A13_04614	95.652	276	12	0	1	276	1	276	0.0	542
38P2R3A13_05507	38P2R3A13_05507	100.000	724	0	0	1	724	1	724	0.0	1508
38P2R3A13_05507	37P2R3-2A1_02541	97.091	722	21	0	1	722	1	722	0.0	1467
38P2R3A13_05507	31P2R1A5_03438	95.146	721	35	0	1	721	1	721	0.0	1440
38P2R3A13_05508	38P2R3A13_05508	100.000	492	0	0	1	492	1	492	0.0	995
38P2R3A13_05509	38P2R3A13_05509	100.000	471	0	0	1	471	1	471	0.0	954
38P2R3A13_05509	18P3R3A11_01121	96.603	471	16	0	1	471	1	471	0.0	932
38P2R3A13_05509	38P2R3A13_04617	96.815	471	15	0	1	471	1	471	0.0	931
38P2R3A13_05510	38P2R3A13_05510	100.000	246	0	0	1	246	1	246	0.0	505
38P2R3A13_05510	38P2R3A13_04618	97.541	244	6	0	1	244	1	244	1.35e-180	495
38P2R3A13_05510	18P3R3A11_01122	96.311	244	9	0	1	244	1	244	3.14e-179	491
38P2R3A13_05511	38P2R3A13_05511	100.000	753	0	0	1	753	1	753	0.0	1539
38P2R3A13_05511	18P3R3A11_01123	97.742	753	17	0	1	753	1	753	0.0	1513
38P2R3A13_05512	38P2R3A13_05512	100.000	134	0	0	1	134	1	134	8.38e-96	271
38P2R3A13_05513	38P2R3A13_05513	100.000	220	0	0	1	220	1	220	2.72e-159	439
38P2R3A13_05514	38P2R3A13_05514	100.000	450	0	0	1	450	1	450	0.0	902
38P2R3A13_05515	38P2R3A13_05515	100.000	194	0	0	1	194	1	194	3.95e-145	401
38P2R3A13_05515	18P3R3A11_01127	96.392	194	7	0	1	194	1	194	6.25e-141	390
38P2R3A13_05515	56P2R2A4_03259	96.392	194	7	0	1	194	1	194	1.87e-140	389
38P2R3A13_05516	38P2R3A13_05516	100.000	105	0	0	1	105	1	105	2.92e-74	214
38P2R3A13_05516	38P2R3A13_04624	95.238	105	5	0	1	105	1	105	7.84e-71	206
38P2R3A13_05517	38P2R3A13_05517	100.000	396	0	0	1	396	1	396	0.0	822
38P2R3A13_05518	38P2R3A13_05518	100.000	422	0	0	1	422	1	422	0.0	850
38P2R3A13_05518	18P3R3A11_01131	95.024	422	21	0	1	422	1	422	0.0	816
38P2R3A13_05519	38P2R3A13_05519	100.000	605	0	0	1	605	1	605	0.0	1258
38P2R3A13_05520	38P2R3A13_05520	100.000	280	0	0	1	280	1	280	0.0	585
38P2R3A13_05521	38P2R3A13_05521	100.000	296	0	0	1	296	1	296	0.0	603
38P2R3A13_05522	38P2R3A13_05522	100.000	317	0	0	1	317	1	317	0.0	647
38P2R3A13_05523	38P2R3A13_05523	100.000	347	0	0	1	347	1	347	0.0	656
38P2R3A13_05524	38P2R3A13_05524	100.000	328	0	0	1	328	1	328	0.0	616
38P2R3A13_05525	38P2R3A13_05525	100.000	271	0	0	1	271	1	271	0.0	554
38P2R3A13_05525	38P2R3A13_04629	95.472	265	12	0	1	265	1	265	0.0	522
38P2R3A13_05526	38P2R3A13_05526	100.000	714	0	0	1	714	1	714	0.0	1465
38P2R3A13_05527	38P2R3A13_05527	100.000	118	0	0	1	118	1	118	3.97e-84	241
38P2R3A13_05527	18P3R3A11_04585	100.000	118	0	0	1	118	514	631	1.30e-78	243
38P2R3A13_05528	38P2R3A13_05528	100.000	524	0	0	1	524	1	524	0.0	1083
38P2R3A13_05528	18P3R3A11_03724	96.947	524	16	0	1	524	1	524	0.0	1053
38P2R3A13_05530	38P2R3A13_05530	100.000	467	0	0	1	467	1	467	0.0	967
38P2R3A13_05530	18P3R3A11_03726	97.216	467	13	0	1	467	1	467	0.0	947
38P2R3A13_05530	38P2R3A13_02583	97.645	467	11	0	1	467	1	467	0.0	945
38P2R3A13_05530	42P1R1A12_01575	95.717	467	20	0	1	467	1	467	0.0	913
38P2R3A13_05530	31P2R1A5_03772	95.503	467	21	0	1	467	1	467	0.0	910
38P2R3A13_05530	10P3R2A13_02498	95.075	467	23	0	1	467	1	467	0.0	910
38P2R3A13_05531	38P2R3A13_05531	100.000	202	0	0	1	202	1	202	4.41e-151	417
38P2R3A13_05531	18P3R3A11_03727	97.030	202	6	0	1	202	1	202	1.06e-147	408
38P2R3A13_05531	38P2R3A13_02582	96.500	200	7	0	1	200	1	200	1.25e-145	403
38P2R3A13_05532	38P2R3A13_05532	100.000	393	0	0	1	393	1	393	0.0	786
38P2R3A13_05532	38P2R3A13_02579	96.692	393	13	0	1	393	1	393	0.0	762
38P2R3A13_05532	18P3R3A11_03729	95.929	393	16	0	1	393	1	393	0.0	754
38P2R3A13_05533	38P2R3A13_05533	100.000	51	0	0	1	51	1	51	1.91e-32	105
38P2R3A13_05534	38P2R3A13_05534	100.000	552	0	0	1	552	1	552	0.0	1142
38P2R3A13_05535	38P2R3A13_05535	100.000	328	0	0	1	328	1	328	0.0	665
38P2R3A13_05535	18P3R3A11_03732	95.122	328	16	0	1	328	1	328	0.0	613
38P2R3A13_05536	38P2R3A13_05536	100.000	537	0	0	1	537	1	537	0.0	1062
38P2R3A13_05537	38P2R3A13_05537	100.000	234	0	0	1	234	1	234	2.59e-171	471
38P2R3A13_05538	38P2R3A13_05538	100.000	256	0	0	1	256	1	256	0.0	505
38P2R3A13_05538	18P3R3A11_01560	96.094	256	10	0	1	256	1	256	8.10e-179	491
38P2R3A13_05539	38P2R3A13_05539	100.000	282	0	0	1	282	1	282	0.0	587
38P2R3A13_05539	38P2R3A13_02572	97.518	282	7	0	1	282	1	282	0.0	573
38P2R3A13_05539	18P3R3A11_01559	96.809	282	9	0	1	282	1	282	0.0	572
38P2R3A13_05540	38P2R3A13_05540	100.000	570	0	0	1	570	1	570	0.0	1174
38P2R3A13_05540	18P3R3A11_01558	97.719	570	13	0	1	570	1	570	0.0	1151
38P2R3A13_05541	38P2R3A13_05541	100.000	501	0	0	1	501	1	501	0.0	1044
38P2R3A13_05541	18P3R3A11_01557	97.605	501	12	0	1	501	1	501	0.0	1021
38P2R3A13_05542	38P2R3A13_05542	100.000	232	0	0	1	232	1	232	2.77e-176	483
38P2R3A13_05542	38P2R3A13_02569	96.121	232	9	0	1	232	1	232	6.04e-170	467
38P2R3A13_05542	18P3R3A11_01556	96.552	232	8	0	1	232	1	232	7.04e-170	467
38P2R3A13_05542	28P2R1A12_01591	95.259	232	11	0	1	232	1	232	1.49e-168	463
38P2R3A13_05542	10P3R2A13_02510	95.259	232	11	0	1	232	1	232	5.49e-168	462
38P2R3A13_05542	34P3R2A10_04955	97.842	139	3	0	94	232	1	139	2.20e-100	287
38P2R3A13_05543	38P2R3A13_05543	100.000	786	0	0	1	786	1	786	0.0	1627
38P2R3A13_05543	38P2R3A13_02568	96.183	786	30	0	1	786	1	786	0.0	1573
38P2R3A13_05543	18P3R3A11_01555	95.293	786	37	0	1	786	1	786	0.0	1556
38P2R3A13_05544	38P2R3A13_05544	100.000	969	0	0	1	969	1	969	0.0	1981
38P2R3A13_05544	18P3R3A11_01554	97.110	969	28	0	1	969	1	969	0.0	1935
38P2R3A13_05545	38P2R3A13_05545	100.000	220	0	0	1	220	1	220	3.24e-165	454
38P2R3A13_05545	38P2R3A13_02566	96.818	220	7	0	1	220	1	220	9.16e-161	442
38P2R3A13_05545	18P3R3A11_01553	96.364	220	8	0	1	220	1	220	9.30e-150	415
38P2R3A13_05546	38P2R3A13_05546	100.000	272	0	0	1	272	1	272	0.0	562
38P2R3A13_05546	38P2R3A13_02565	97.794	272	6	0	1	272	1	272	0.0	553
38P2R3A13_05546	18P3R3A11_01552	95.588	272	12	0	1	272	1	272	0.0	541
38P2R3A13_05547	38P2R3A13_05547	100.000	784	0	0	1	784	1	784	0.0	1628
38P2R3A13_05548	38P2R3A13_05548	100.000	429	0	0	1	429	1	429	0.0	878
38P2R3A13_05548	38P2R3A13_02563	96.970	429	13	0	1	429	1	429	0.0	851
38P2R3A13_05548	18P3R3A11_01550	95.338	429	20	0	1	429	1	429	0.0	820
38P2R3A13_05555	38P2R3A13_05555	100.000	166	0	0	1	166	1	166	4.67e-117	328
38P2R3A13_05555	10P3R2A13_04287	96.988	166	5	0	1	166	1	166	2.49e-112	316
38P2R3A13_05561	38P2R3A13_05561	100.000	514	0	0	1	514	1	514	0.0	1072
38P2R3A13_05561	56P2R2A4_04102	97.665	514	12	0	1	514	1	514	0.0	1058
38P2R3A13_05562	38P2R3A13_05562	100.000	376	0	0	1	376	1	376	0.0	781
38P2R3A13_05562	56P2R2A4_04103	97.872	376	8	0	1	376	1	376	0.0	763
38P2R3A13_05562	38P2R3A13_07132	96.000	375	15	0	1	375	1	375	0.0	754
38P2R3A13_05563	38P2R3A13_05563	100.000	257	0	0	1	257	1	257	0.0	514
38P2R3A13_05563	18P3R3A11_04355	95.294	255	12	0	1	255	1	255	4.98e-179	492
38P2R3A13_05564	38P2R3A13_05564	100.000	67	0	0	1	67	1	67	1.19e-43	134
38P2R3A13_05564	56P2R2A4_04105	97.015	67	2	0	1	67	1	67	5.54e-43	133
38P2R3A13_05565	38P2R3A13_05565	100.000	252	0	0	1	252	1	252	0.0	511
38P2R3A13_05566	38P2R3A13_05566	100.000	214	0	0	1	214	1	214	1.09e-155	429
38P2R3A13_05566	56P2R2A4_04107	96.262	214	8	0	1	214	1	214	1.29e-150	416
38P2R3A13_05567	38P2R3A13_05567	100.000	632	0	0	1	632	1	632	0.0	1320
38P2R3A13_05567	18P3R3A11_04359	97.785	632	14	0	1	632	1	632	0.0	1293
38P2R3A13_05567	38P2R3A13_07127	97.310	632	17	0	1	632	1	632	0.0	1289
38P2R3A13_05568	38P2R3A13_05568	100.000	166	0	0	1	166	1	166	4.29e-121	338
38P2R3A13_05568	18P3R3A11_04360	96.988	166	5	0	1	166	1	166	5.38e-118	330
38P2R3A13_05569	38P2R3A13_05569	100.000	258	0	0	1	258	1	258	0.0	533
38P2R3A13_05569	38P2R3A13_07125	96.124	258	10	0	1	258	1	258	0.0	515
38P2R3A13_05569	18P3R3A11_04361	95.349	258	12	0	1	258	1	258	0.0	510
38P2R3A13_05572	38P2R3A13_05572	100.000	197	0	0	1	197	1	197	1.18e-146	405
38P2R3A13_05572	38P2R3A13_07122	95.939	197	8	0	1	197	1	197	6.80e-142	393
38P2R3A13_05572	18P3R3A11_04364	95.939	197	8	0	1	197	1	197	1.20e-141	392
38P2R3A13_05574	38P2R3A13_05574	100.000	231	0	0	1	231	1	231	7.31e-174	477
38P2R3A13_05574	18P3R3A11_04366	97.403	231	6	0	1	231	1	231	2.43e-169	465
38P2R3A13_05577	38P2R3A13_05577	100.000	189	0	0	1	189	1	189	5.11e-138	382
38P2R3A13_05577	18P3R3A11_04248	99.471	189	1	0	1	189	177	365	7.79e-135	381
38P2R3A13_05578	38P2R3A13_05578	100.000	158	0	0	1	158	1	158	1.26e-114	321
38P2R3A13_05579	38P2R3A13_05579	100.000	161	0	0	1	161	1	161	6.03e-118	330
38P2R3A13_05580	38P2R3A13_05580	100.000	144	0	0	1	144	1	144	1.65e-103	291
38P2R3A13_05581	38P2R3A13_05581	100.000	1470	0	0	1	1470	1	1470	0.0	3016
38P2R3A13_05582	38P2R3A13_05582	100.000	147	0	0	1	147	1	147	2.26e-107	301
38P2R3A13_05583	38P2R3A13_05583	100.000	641	0	0	1	641	1	641	0.0	1327
38P2R3A13_05583	56P2R2A4_00248	95.938	640	26	0	1	640	1	640	0.0	1284
38P2R3A13_05583	38P2R3A13_01628	95.788	641	27	0	1	641	1	641	0.0	1279
38P2R3A13_05583	37P2R3-2A1_04271	97.727	484	11	0	158	641	1	484	0.0	984
38P2R3A13_05583	18P3R3A11_04586	96.679	271	9	0	371	641	1	271	0.0	543
38P2R3A13_05584	38P2R3A13_05584	100.000	149	0	0	1	149	1	149	2.89e-104	294
38P2R3A13_05585	47P2R3A6_00789	100.000	145	0	0	1	145	6	150	7.94e-99	280
38P2R3A13_05585	38P2R3A13_05585	100.000	145	0	0	1	145	1	145	8.81e-99	280
38P2R3A13_05586	38P2R3A13_05586	100.000	254	0	0	1	254	1	254	0.0	514
38P2R3A13_05587	38P2R3A13_05587	100.000	489	0	0	1	489	1	489	0.0	1004
38P2R3A13_05588	38P2R3A13_05588	100.000	479	0	0	1	479	1	479	0.0	979
38P2R3A13_05589	38P2R3A13_05589	100.000	872	0	0	1	872	1	872	0.0	1772
38P2R3A13_05589	18P3R3A11_04004	96.101	872	34	0	1	872	1	872	0.0	1663
38P2R3A13_05590	38P2R3A13_05590	100.000	348	0	0	1	348	1	348	0.0	704
38P2R3A13_05591	38P2R3A13_05591	100.000	624	0	0	1	624	1	624	0.0	1284
38P2R3A13_05591	18P3R3A11_04002	95.994	624	25	0	1	624	1	624	0.0	1239
38P2R3A13_05593	38P2R3A13_05593	100.000	271	0	0	1	271	1	271	0.0	544
38P2R3A13_05594	38P2R3A13_05594	100.000	329	0	0	1	329	1	329	0.0	669
38P2R3A13_05596	38P2R3A13_05596	100.000	595	0	0	1	595	1	595	0.0	1206
38P2R3A13_05597	38P2R3A13_05597	100.000	118	0	0	1	118	1	118	1.89e-83	239
38P2R3A13_05598	38P2R3A13_05598	100.000	164	0	0	1	164	1	164	1.19e-122	342
38P2R3A13_05600	38P2R3A13_05600	100.000	486	0	0	1	486	1	486	0.0	950
38P2R3A13_05600	18P3R3A11_02413	96.914	486	15	0	1	486	1	486	0.0	921
38P2R3A13_05601	38P2R3A13_05601	100.000	335	0	0	1	335	1	335	0.0	684
38P2R3A13_05601	18P3R3A11_02414	97.313	335	9	0	1	335	1	335	0.0	666
38P2R3A13_05602	38P2R3A13_05602	100.000	306	0	0	1	306	1	306	0.0	626
38P2R3A13_05603	38P2R3A13_05603	100.000	154	0	0	1	154	1	154	1.54e-114	320
38P2R3A13_05604	38P2R3A13_05604	100.000	102	0	0	1	102	1	102	4.30e-70	204
38P2R3A13_05604	18P3R3A11_02417	97.059	102	3	0	1	102	1	102	4.62e-68	199
38P2R3A13_05604	38P2R3A13_02844	96.078	102	4	0	1	102	1	102	2.45e-67	197
38P2R3A13_05605	38P2R3A13_05605	100.000	432	0	0	1	432	1	432	0.0	884
38P2R3A13_05606	38P2R3A13_05606	100.000	557	0	0	1	557	1	557	0.0	1126
38P2R3A13_05607	38P2R3A13_05607	100.000	259	0	0	1	259	1	259	0.0	531
38P2R3A13_05608	38P2R3A13_05608	100.000	286	0	0	1	286	1	286	0.0	599
38P2R3A13_05608	18P3R3A11_02421	97.552	286	7	0	1	286	1	286	0.0	590
38P2R3A13_05608	42P1R1A12_02409	95.804	286	12	0	1	286	1	286	0.0	577
38P2R3A13_05608	31P2R1A5_03000	95.804	286	12	0	1	286	1	286	0.0	577
38P2R3A13_05609	38P2R3A13_05609	100.000	322	0	0	1	322	1	322	0.0	643
38P2R3A13_05610	38P2R3A13_05610	100.000	454	0	0	1	454	1	454	0.0	916
38P2R3A13_05612	38P2R3A13_05612	100.000	144	0	0	1	144	1	144	8.43e-100	282
38P2R3A13_05612	18P3R3A11_02425	95.139	144	7	0	1	144	1	144	3.85e-97	276
38P2R3A13_05613	38P2R3A13_05613	100.000	327	0	0	1	327	1	327	0.0	669
38P2R3A13_05613	18P3R3A11_02426	95.413	327	15	0	1	327	1	327	0.0	641
38P2R3A13_05614	38P2R3A13_05614	100.000	225	0	0	1	225	1	225	7.94e-162	446
38P2R3A13_05614	18P3R3A11_02427	96.444	225	8	0	1	225	1	225	1.04e-156	433
38P2R3A13_05615	38P2R3A13_05615	100.000	470	0	0	1	470	1	470	0.0	940
38P2R3A13_05616	38P2R3A13_05616	100.000	180	0	0	1	180	1	180	2.92e-127	355
38P2R3A13_05617	38P2R3A13_05617	100.000	400	0	0	1	400	1	400	0.0	809
38P2R3A13_05617	18P3R3A11_02430	96.000	400	16	0	1	400	1	400	0.0	782
38P2R3A13_05618	38P2R3A13_05618	100.000	397	0	0	1	397	1	397	0.0	824
38P2R3A13_05618	38P2R3A13_02853	97.733	397	9	0	1	397	1	397	0.0	810
38P2R3A13_05618	18P3R3A11_02431	97.229	397	11	0	1	397	1	397	0.0	806
38P2R3A13_05619	38P2R3A13_05619	100.000	406	0	0	1	406	1	406	0.0	830
38P2R3A13_05620	38P2R3A13_05620	100.000	543	0	0	1	543	1	543	0.0	1107
38P2R3A13_05621	38P2R3A13_05621	100.000	451	0	0	1	451	1	451	0.0	915
38P2R3A13_05621	18P3R3A11_02434	97.783	451	10	0	1	451	1	451	0.0	902
38P2R3A13_05622	38P2R3A13_05622	100.000	351	0	0	1	351	1	351	0.0	728
38P2R3A13_05623	38P2R3A13_05623	100.000	85	0	0	1	85	1	85	1.33e-57	171
38P2R3A13_05623	38P2R3A13_02858	97.647	85	2	0	1	85	1	85	1.29e-56	169
38P2R3A13_05623	18P3R3A11_02436	96.471	85	3	0	1	85	1	85	1.74e-56	168
38P2R3A13_05623	37P2R3-2A1_01821	96.471	85	3	0	1	85	1	85	7.67e-56	167
38P2R3A13_05624	38P2R3A13_05624	100.000	377	0	0	1	377	1	377	0.0	785
38P2R3A13_05624	18P3R3A11_02437	97.613	377	9	0	1	377	1	377	0.0	771
38P2R3A13_05624	31P2R1A5_03018	96.021	377	15	0	1	377	1	377	0.0	761
38P2R3A13_05624	10P3R2A13_02766	95.756	377	16	0	1	377	1	377	0.0	758
38P2R3A13_05624	34P3R2A10_05161	95.070	284	14	0	94	377	1	284	0.0	565
38P2R3A13_05625	38P2R3A13_05625	100.000	551	0	0	1	551	1	551	0.0	1150
38P2R3A13_05625	18P3R3A11_02438	97.459	551	14	0	1	551	212	762	0.0	1127
38P2R3A13_05625	38P2R3A13_02860	97.278	551	15	0	1	551	228	778	0.0	1125
38P2R3A13_05625	10P3R2A13_02767	95.826	551	23	0	1	551	212	762	0.0	1108
38P2R3A13_05625	31P2R1A5_03019	95.100	551	27	0	1	551	212	762	0.0	1098
38P2R3A13_05626	38P2R3A13_05626	100.000	370	0	0	1	370	1	370	0.0	728
38P2R3A13_05626	38P2R3A13_01314	97.027	370	11	0	1	370	1	370	0.0	709
38P2R3A13_05626	18P3R3A11_03281	96.486	370	13	0	1	370	1	370	0.0	704
38P2R3A13_05627	38P2R3A13_05627	100.000	595	0	0	1	595	1	595	0.0	1220
38P2R3A13_05628	38P2R3A13_05628	100.000	187	0	0	1	187	1	187	4.40e-130	362
38P2R3A13_05629	38P2R3A13_05629	100.000	236	0	0	1	236	1	236	9.07e-178	487
38P2R3A13_05630	38P2R3A13_05630	100.000	835	0	0	1	835	1	835	0.0	1719
38P2R3A13_05631	38P2R3A13_05631	100.000	391	0	0	1	391	1	391	0.0	806
38P2R3A13_05632	38P2R3A13_05632	100.000	396	0	0	1	396	1	396	0.0	821
38P2R3A13_05633	38P2R3A13_05633	100.000	260	0	0	1	260	1	260	0.0	541
38P2R3A13_05634	38P2R3A13_05634	100.000	160	0	0	1	160	1	160	3.19e-118	330
38P2R3A13_05635	38P2R3A13_05635	100.000	229	0	0	1	229	1	229	1.26e-169	466
38P2R3A13_05636	38P2R3A13_05636	100.000	207	0	0	1	207	1	207	1.65e-148	410
38P2R3A13_05637	38P2R3A13_05637	100.000	279	0	0	1	279	1	279	0.0	575
38P2R3A13_05638	38P2R3A13_05638	100.000	299	0	0	1	299	1	299	0.0	603
38P2R3A13_05639	38P2R3A13_05639	100.000	265	0	0	1	265	1	265	0.0	536
38P2R3A13_05640	38P2R3A13_05640	100.000	405	0	0	1	405	1	405	0.0	822
38P2R3A13_05641	38P2R3A13_05641	100.000	120	0	0	1	120	1	120	5.47e-86	245
38P2R3A13_05642	38P2R3A13_05642	100.000	255	0	0	1	255	1	255	0.0	514
38P2R3A13_05643	38P2R3A13_05643	100.000	319	0	0	1	319	1	319	0.0	658
38P2R3A13_05644	38P2R3A13_05644	100.000	113	0	0	1	113	1	113	3.12e-81	233
38P2R3A13_05645	38P2R3A13_05645	100.000	231	0	0	1	231	1	231	3.17e-174	478
38P2R3A13_05646	38P2R3A13_05646	100.000	214	0	0	1	214	1	214	1.99e-160	441
38P2R3A13_05647	38P2R3A13_05647	100.000	381	0	0	1	381	1	381	0.0	764
38P2R3A13_05648	38P2R3A13_05648	100.000	194	0	0	1	194	1	194	2.26e-140	389
38P2R3A13_05649	38P2R3A13_05649	100.000	70	0	0	1	70	1	70	8.01e-47	142
38P2R3A13_05650	38P2R3A13_05650	100.000	43	0	0	1	43	1	43	1.70e-25	87.4
38P2R3A13_05651	38P2R3A13_05651	100.000	57	0	0	1	57	1	57	4.99e-37	117
38P2R3A13_05654	38P2R3A13_05654	100.000	268	0	0	1	268	1	268	0.0	531
38P2R3A13_05654	18P3R3A11_03295	98.134	268	5	0	1	268	101	368	0.0	526
38P2R3A13_05656	38P2R3A13_05656	100.000	154	0	0	1	154	1	154	2.19e-113	317
38P2R3A13_05656	31P2R1A5_04881	96.104	154	6	0	1	154	1	154	8.50e-110	308
38P2R3A13_05656	42P1R1A12_04426	96.104	154	6	0	1	154	1	154	3.10e-109	307
38P2R3A13_05656	18P3R3A11_01368	95.455	154	7	0	1	154	1	154	5.74e-109	306
38P2R3A13_05658	38P2R3A13_05658	100.000	795	0	0	1	795	1	795	0.0	1625
38P2R3A13_05659	38P2R3A13_05659	100.000	903	0	0	1	903	1	903	0.0	1852
38P2R3A13_05659	18P3R3A11_02082	97.231	903	25	0	1	903	1	903	0.0	1810
38P2R3A13_05660	38P2R3A13_05660	100.000	316	0	0	1	316	1	316	0.0	653
38P2R3A13_05660	18P3R3A11_02081	96.203	316	12	0	1	316	1	316	0.0	634
38P2R3A13_05660	38P2R3A13_02179	95.570	316	14	0	1	316	1	316	0.0	631
38P2R3A13_05661	38P2R3A13_05661	100.000	473	0	0	1	473	1	473	0.0	954
38P2R3A13_05661	18P3R3A11_02080	95.983	473	19	0	1	473	1	473	0.0	925
38P2R3A13_05662	38P2R3A13_05662	100.000	552	0	0	1	552	1	552	0.0	1152
38P2R3A13_05663	38P2R3A13_05663	100.000	249	0	0	1	249	1	249	0.0	520
38P2R3A13_05664	38P2R3A13_05664	100.000	220	0	0	1	220	1	220	2.98e-164	451
38P2R3A13_05665	38P2R3A13_05665	100.000	466	0	0	1	466	1	466	0.0	941
38P2R3A13_05666	38P2R3A13_05666	100.000	866	0	0	1	866	1	866	0.0	1796
38P2R3A13_05667	38P2R3A13_05667	100.000	191	0	0	1	191	1	191	3.15e-137	381
38P2R3A13_05669	38P2R3A13_05669	100.000	155	0	0	1	155	1	155	4.64e-115	322
38P2R3A13_05670	38P2R3A13_05670	100.000	80	0	0	1	80	1	80	9.38e-56	166
38P2R3A13_05671	38P2R3A13_05671	100.000	81	0	0	1	81	1	81	1.70e-53	160
38P2R3A13_05672	38P2R3A13_05672	100.000	637	0	0	1	637	1	637	0.0	1313
38P2R3A13_05672	38P2R3A13_02184	96.546	637	22	0	1	637	1	637	0.0	1275
38P2R3A13_05672	18P3R3A11_02075	95.918	637	26	0	1	637	1	637	0.0	1264
38P2R3A13_05673	38P2R3A13_05673	100.000	379	0	0	1	379	1	379	0.0	772
38P2R3A13_05674	38P2R3A13_05674	100.000	247	0	0	1	247	1	247	0.0	504
38P2R3A13_05674	18P3R3A11_02073	95.951	247	10	0	1	247	1	247	7.49e-177	486
38P2R3A13_05675	38P2R3A13_05675	100.000	373	0	0	1	373	1	373	0.0	763
38P2R3A13_05675	18P3R3A11_02072	97.051	373	11	0	1	373	1	373	0.0	741
38P2R3A13_05676	38P2R3A13_05676	100.000	378	0	0	1	378	1	378	0.0	771
38P2R3A13_05677	38P2R3A13_05677	100.000	123	0	0	1	123	1	123	8.02e-79	228
38P2R3A13_05677	18P3R3A11_02070	97.561	123	3	0	1	123	92	214	2.08e-76	225
38P2R3A13_05678	38P2R3A13_05678	100.000	150	0	0	1	150	1	150	7.50e-109	306
38P2R3A13_05679	38P2R3A13_05679	100.000	52	0	0	1	52	1	52	7.91e-31	101
38P2R3A13_05680	38P2R3A13_05680	100.000	349	0	0	1	349	1	349	0.0	710
38P2R3A13_05681	38P2R3A13_05681	100.000	175	0	0	1	175	1	175	1.64e-128	357
38P2R3A13_05681	18P3R3A11_02988	96.000	175	7	0	1	175	1	175	4.78e-124	346
38P2R3A13_05682	38P2R3A13_05682	100.000	242	0	0	1	242	1	242	4.97e-179	491
38P2R3A13_05683	38P2R3A13_05683	100.000	137	0	0	1	137	1	137	4.28e-99	280
38P2R3A13_05684	38P2R3A13_05684	100.000	320	0	0	1	320	1	320	0.0	664
38P2R3A13_05685	38P2R3A13_05685	100.000	363	0	0	1	363	1	363	0.0	748
38P2R3A13_05685	18P3R3A11_02984	95.568	361	16	0	1	361	1	361	0.0	718
38P2R3A13_05686	38P2R3A13_05686	100.000	139	0	0	1	139	1	139	2.61e-102	288
38P2R3A13_05687	38P2R3A13_05687	100.000	318	0	0	1	318	1	318	0.0	657
38P2R3A13_05688	38P2R3A13_05688	100.000	260	0	0	1	260	1	260	0.0	531
38P2R3A13_05689	38P2R3A13_05689	100.000	296	0	0	1	296	1	296	0.0	609
38P2R3A13_05690	38P2R3A13_05690	100.000	399	0	0	1	399	1	399	0.0	772
38P2R3A13_05691	38P2R3A13_05691	100.000	343	0	0	1	343	1	343	0.0	709
38P2R3A13_05692	38P2R3A13_05692	100.000	267	0	0	1	267	1	267	0.0	538
38P2R3A13_05693	38P2R3A13_05693	100.000	501	0	0	1	501	1	501	0.0	983
38P2R3A13_05694	38P2R3A13_05694	100.000	216	0	0	1	216	1	216	2.63e-159	439
38P2R3A13_05695	38P2R3A13_05695	100.000	140	0	0	1	140	1	140	1.00e-102	289
38P2R3A13_05696	38P2R3A13_05696	100.000	190	0	0	1	190	1	190	5.91e-142	392
38P2R3A13_05697	38P2R3A13_05697	100.000	374	0	0	1	374	1	374	0.0	753
38P2R3A13_05698	38P2R3A13_05698	100.000	1037	0	0	1	1037	1	1037	0.0	2101
38P2R3A13_05698	18P3R3A11_02973	95.661	1037	45	0	1	1037	1	1037	0.0	1986
38P2R3A13_05699	38P2R3A13_05699	100.000	455	0	0	1	455	1	455	0.0	915
38P2R3A13_05700	38P2R3A13_05700	100.000	99	0	0	1	99	1	99	2.32e-67	197
38P2R3A13_05700	18P3R3A11_02971	95.960	99	4	0	1	99	1	99	4.81e-57	171
38P2R3A13_05701	38P2R3A13_05701	100.000	317	0	0	1	317	1	317	0.0	653
38P2R3A13_05701	38P2R3A13_03401	97.792	317	7	0	1	317	1	317	0.0	641
38P2R3A13_05701	18P3R3A11_02970	96.845	317	10	0	1	317	15	331	0.0	636
38P2R3A13_05704	38P2R3A13_05704	100.000	461	0	0	1	461	1	461	0.0	966
38P2R3A13_05704	18P3R3A11_02967	95.852	458	19	0	1	458	1	458	0.0	930
38P2R3A13_05706	38P2R3A13_05706	100.000	171	0	0	1	171	1	171	4.77e-121	338
38P2R3A13_05707	38P2R3A13_05707	100.000	687	0	0	1	687	1	687	0.0	1404
38P2R3A13_05707	18P3R3A11_03092	97.817	687	15	0	1	687	1	687	0.0	1377
38P2R3A13_05709	38P2R3A13_05709	100.000	747	0	0	1	747	1	747	0.0	1519
38P2R3A13_05710	38P2R3A13_05710	100.000	57	0	0	1	57	1	57	1.40e-36	116
38P2R3A13_05710	38P2R3A13_03444	96.491	57	2	0	1	57	7	63	1.03e-35	114
38P2R3A13_05710	52P2R3A10_02929	96.491	57	2	0	1	57	1	57	1.39e-35	113
38P2R3A13_05711	38P2R3A13_05711	100.000	297	0	0	1	297	1	297	0.0	590
38P2R3A13_05712	38P2R3A13_05712	100.000	398	0	0	1	398	1	398	0.0	786
38P2R3A13_05713	38P2R3A13_05713	100.000	156	0	0	1	156	1	156	4.39e-110	309
38P2R3A13_05714	38P2R3A13_05714	100.000	248	0	0	1	248	1	248	0.0	500
38P2R3A13_05715	38P2R3A13_05715	100.000	149	0	0	1	149	1	149	2.21e-107	302
38P2R3A13_05716	38P2R3A13_05716	100.000	406	0	0	1	406	1	406	0.0	791
38P2R3A13_05717	38P2R3A13_05717	100.000	271	0	0	1	271	1	271	0.0	566
38P2R3A13_05718	38P2R3A13_05718	100.000	297	0	0	1	297	1	297	0.0	611
38P2R3A13_05718	18P3R3A11_03182	97.643	297	7	0	1	297	1	297	0.0	596
38P2R3A13_05718	38P2R3A13_03452	96.970	297	9	0	1	297	1	297	0.0	592
38P2R3A13_05719	38P2R3A13_05719	100.000	635	0	0	1	635	1	635	0.0	1296
38P2R3A13_05719	38P2R3A13_03453	95.906	635	26	0	1	635	1	635	0.0	1251
38P2R3A13_05719	18P3R3A11_03183	95.906	635	26	0	1	635	1	635	0.0	1249
38P2R3A13_05719	56P2R2A4_01472	95.276	635	30	0	1	635	1	635	0.0	1244
38P2R3A13_05720	38P2R3A13_05720	100.000	378	0	0	1	378	1	378	0.0	780
38P2R3A13_05720	18P3R3A11_03184	96.032	378	15	0	1	378	1	378	0.0	756
38P2R3A13_05722	38P2R3A13_05722	100.000	516	0	0	1	516	1	516	0.0	1056
38P2R3A13_05722	38P2R3A13_03456	96.705	516	17	0	1	516	1	516	0.0	1030
38P2R3A13_05722	18P3R3A11_03186	96.899	516	16	0	1	516	1	516	0.0	1030
38P2R3A13_05723	38P2R3A13_05723	100.000	310	0	0	1	310	1	310	0.0	625
38P2R3A13_05723	18P3R3A11_03187	97.097	310	9	0	1	310	1	310	0.0	613
38P2R3A13_05724	38P2R3A13_05724	100.000	329	0	0	1	329	1	329	0.0	683
38P2R3A13_05725	38P2R3A13_05725	100.000	642	0	0	1	642	1	642	0.0	1327
38P2R3A13_05726	38P2R3A13_05726	100.000	502	0	0	1	502	1	502	0.0	1039
38P2R3A13_05726	18P3R3A11_03190	96.614	502	17	0	1	502	1	502	0.0	1013
38P2R3A13_05728	38P2R3A13_05728	100.000	475	0	0	1	475	1	475	0.0	977
38P2R3A13_05728	18P3R3A11_03192	98.514	471	7	0	5	475	56	526	0.0	957
38P2R3A13_05728	42P1R1A12_01700	95.966	471	19	0	5	475	56	526	0.0	937
38P2R3A13_05728	10P3R2A13_00558	95.966	471	19	0	5	475	56	526	0.0	934
38P2R3A13_05729	38P2R3A13_05729	100.000	37	0	0	1	37	1	37	7.45e-21	75.1
38P2R3A13_05730	38P2R3A13_05730	100.000	119	0	0	1	119	1	119	1.22e-85	244
38P2R3A13_05731	38P2R3A13_05731	100.000	379	0	0	1	379	1	379	0.0	772
38P2R3A13_05731	38P2R3A13_03978	96.834	379	12	0	1	379	1	379	0.0	756
38P2R3A13_05731	18P3R3A11_03571	95.778	379	16	0	1	379	1	379	0.0	750
38P2R3A13_05732	38P2R3A13_05732	100.000	203	0	0	1	203	1	203	2.24e-150	415
38P2R3A13_05732	38P2R3A13_03977	95.074	203	10	0	1	203	1	203	1.39e-141	393
38P2R3A13_05733	38P2R3A13_05733	100.000	462	0	0	1	462	1	462	0.0	930
38P2R3A13_05734	38P2R3A13_05734	100.000	616	0	0	1	616	1	616	0.0	1246
38P2R3A13_05735	38P2R3A13_05735	100.000	513	0	0	1	513	1	513	0.0	1065
38P2R3A13_05735	38P2R3A13_03974	97.271	513	14	0	1	513	1	513	0.0	1044
38P2R3A13_05735	18P3R3A11_03576	96.101	513	20	0	1	513	1	513	0.0	1029
38P2R3A13_05735	34P3R2A10_02431	98.214	112	2	0	402	513	1	112	4.25e-76	234
38P2R3A13_05736	38P2R3A13_05736	100.000	321	0	0	1	321	1	321	0.0	669
38P2R3A13_05737	38P2R3A13_05737	100.000	247	0	0	1	247	1	247	0.0	508
38P2R3A13_05738	38P2R3A13_05738	100.000	652	0	0	1	652	1	652	0.0	1363
38P2R3A13_05739	38P2R3A13_05739	100.000	467	0	0	1	467	1	467	0.0	941
38P2R3A13_05740	38P2R3A13_05740	100.000	273	0	0	1	273	1	273	0.0	563
38P2R3A13_05741	38P2R3A13_05741	100.000	232	0	0	1	232	1	232	4.75e-176	482
38P2R3A13_05742	38P2R3A13_05742	100.000	287	0	0	1	287	1	287	0.0	593
38P2R3A13_05742	18P3R3A11_03582	95.122	287	14	0	1	287	1	287	0.0	545
38P2R3A13_05743	38P2R3A13_05743	100.000	218	0	0	1	218	1	218	2.06e-160	442
38P2R3A13_05744	38P2R3A13_05744	100.000	502	0	0	1	502	1	502	0.0	1039
38P2R3A13_05745	38P2R3A13_05745	100.000	440	0	0	1	440	1	440	0.0	881
38P2R3A13_05746	38P2R3A13_05746	100.000	309	0	0	1	309	1	309	0.0	641
38P2R3A13_05747	38P2R3A13_05747	100.000	156	0	0	1	156	1	156	5.01e-115	322
38P2R3A13_05748	38P2R3A13_05748	100.000	333	0	0	1	333	1	333	0.0	685
38P2R3A13_05749	38P2R3A13_05749	100.000	273	0	0	1	273	1	273	0.0	566
38P2R3A13_05749	18P3R3A11_03589	97.436	273	7	0	1	273	1	273	0.0	553
38P2R3A13_05750	38P2R3A13_05750	100.000	152	0	0	1	152	1	152	2.06e-107	302
38P2R3A13_05751	38P2R3A13_05751	100.000	419	0	0	1	419	1	419	0.0	865
38P2R3A13_05751	18P3R3A11_03591	97.136	419	12	0	1	419	1	419	0.0	842
38P2R3A13_05751	38P2R3A13_03968	98.072	415	8	0	1	415	1	415	0.0	839
38P2R3A13_05752	38P2R3A13_05752	100.000	677	0	0	1	677	1	677	0.0	1404
38P2R3A13_05753	38P2R3A13_05753	100.000	143	0	0	1	143	1	143	3.81e-103	291
38P2R3A13_05754	38P2R3A13_05754	100.000	475	0	0	1	475	1	475	0.0	979
38P2R3A13_05754	38P2R3A13_01843	96.211	475	18	0	1	475	1	475	0.0	950
38P2R3A13_05755	38P2R3A13_05755	100.000	268	0	0	1	268	1	268	0.0	541
38P2R3A13_05757	38P2R3A13_05757	100.000	505	0	0	1	505	1	505	0.0	1033
38P2R3A13_05757	38P2R3A13_01846	96.238	505	19	0	1	505	1	505	0.0	998
38P2R3A13_05757	18P3R3A11_01645	95.248	505	24	0	1	505	1	505	0.0	993
38P2R3A13_05759	38P2R3A13_05759	100.000	186	0	0	1	186	1	186	2.49e-135	375
38P2R3A13_05760	38P2R3A13_05760	100.000	168	0	0	1	168	1	168	7.28e-125	348
38P2R3A13_05761	38P2R3A13_05761	100.000	448	0	0	1	448	1	448	0.0	903
38P2R3A13_05761	38P2R3A13_01849	97.545	448	11	0	1	448	1	448	0.0	883
38P2R3A13_05761	18P3R3A11_01641	95.982	448	18	0	1	448	1	448	0.0	847
38P2R3A13_05763	38P2R3A13_05763	100.000	213	0	0	1	213	1	213	6.67e-160	440
38P2R3A13_05763	18P3R3A11_01639	97.653	213	5	0	1	213	1	213	7.90e-157	432
38P2R3A13_05764	38P2R3A13_05764	100.000	712	0	0	1	712	1	712	0.0	1465
38P2R3A13_05765	38P2R3A13_05765	100.000	113	0	0	1	113	1	113	4.89e-81	232
38P2R3A13_05766	38P2R3A13_05766	100.000	166	0	0	1	166	1	166	1.40e-123	344
38P2R3A13_05766	38P2R3A13_01852	95.783	166	7	0	1	166	1	166	2.24e-118	331
38P2R3A13_05767	38P2R3A13_05767	100.000	114	0	0	1	114	1	114	6.87e-84	239
38P2R3A13_05768	38P2R3A13_05768	100.000	404	0	0	1	404	1	404	0.0	796
38P2R3A13_05768	38P2R3A13_01854	95.276	381	18	0	24	404	1	381	0.0	676
38P2R3A13_05769	38P2R3A13_05769	100.000	223	0	0	1	223	1	223	1.20e-168	463
38P2R3A13_05770	38P2R3A13_05770	100.000	374	0	0	1	374	1	374	0.0	769
38P2R3A13_05770	18P3R3A11_01634	97.326	374	10	0	1	374	1	374	0.0	747
38P2R3A13_05771	38P2R3A13_05771	100.000	306	0	0	1	306	1	306	0.0	598
38P2R3A13_05771	38P2R3A13_01857	97.377	305	8	0	2	306	1	305	0.0	586
38P2R3A13_05771	18P3R3A11_01633	97.049	305	9	0	2	306	1	305	0.0	586
38P2R3A13_05773	38P2R3A13_05773	100.000	292	0	0	1	292	1	292	0.0	604
38P2R3A13_05774	38P2R3A13_05774	100.000	239	0	0	1	239	1	239	1.80e-176	484
38P2R3A13_05774	38P2R3A13_01860	96.234	239	9	0	1	239	1	239	1.89e-169	466
38P2R3A13_05774	37P2R3-2A1_03016	95.397	239	11	0	1	239	1	239	3.62e-169	466
38P2R3A13_05775	38P2R3A13_05775	100.000	73	0	0	1	73	1	73	3.67e-48	146
38P2R3A13_05776	38P2R3A13_05776	100.000	76	0	0	1	76	1	76	1.32e-51	155
38P2R3A13_05777	38P2R3A13_05777	100.000	196	0	0	1	196	1	196	4.71e-145	401
38P2R3A13_05778	38P2R3A13_05778	100.000	78	0	0	1	78	1	78	3.81e-53	159
38P2R3A13_05780	38P2R3A13_05780	100.000	243	0	0	1	243	1	243	0.0	501
38P2R3A13_05781	38P2R3A13_05781	100.000	407	0	0	1	407	1	407	0.0	842
38P2R3A13_05782	38P2R3A13_05782	100.000	80	0	0	1	80	1	80	4.46e-55	164
38P2R3A13_05783	38P2R3A13_05783	100.000	93	0	0	1	93	1	93	2.91e-65	191
38P2R3A13_05783	38P2R3A13_00532	95.699	93	4	0	1	93	1	93	1.90e-62	184
38P2R3A13_05784	38P2R3A13_05784	100.000	717	0	0	1	717	1	717	0.0	1498
38P2R3A13_05784	38P2R3A13_00533	95.258	717	34	0	1	717	1	717	0.0	1436
38P2R3A13_05784	18P3R3A11_00420	95.258	717	34	0	1	717	1	717	0.0	1436
38P2R3A13_05785	38P2R3A13_05785	100.000	406	0	0	1	406	1	406	0.0	847
38P2R3A13_05786	38P2R3A13_05786	100.000	221	0	0	1	221	1	221	9.24e-169	463
38P2R3A13_05787	38P2R3A13_05787	100.000	172	0	0	1	172	1	172	1.69e-123	344
38P2R3A13_05788	38P2R3A13_05788	100.000	316	0	0	1	316	1	316	0.0	625
38P2R3A13_05789	38P2R3A13_05789	100.000	842	0	0	1	842	1	842	0.0	1725
38P2R3A13_05790	38P2R3A13_05790	100.000	226	0	0	1	226	1	226	1.23e-167	461
38P2R3A13_05791	38P2R3A13_05791	100.000	178	0	0	1	178	1	178	1.33e-125	350
38P2R3A13_05792	38P2R3A13_05792	100.000	31	0	0	1	31	1	31	2.47e-14	58.2
38P2R3A13_05793	38P2R3A13_05793	100.000	220	0	0	1	220	1	220	3.47e-164	451
38P2R3A13_05794	38P2R3A13_05794	100.000	210	0	0	1	210	1	210	8.06e-158	434
38P2R3A13_05796	38P2R3A13_05796	100.000	137	0	0	1	137	1	137	2.92e-98	278
38P2R3A13_05796	18P3R3A11_00431	97.080	137	4	0	1	137	1	137	7.63e-96	272
38P2R3A13_05796	38P2R3A13_00535	97.080	137	4	0	1	137	1	137	1.63e-95	271
38P2R3A13_05797	38P2R3A13_05797	100.000	1019	0	0	1	1019	1	1019	0.0	2115
38P2R3A13_05797	18P3R3A11_00432	95.682	1019	44	0	1	1019	1	1019	0.0	2037
38P2R3A13_05797	38P2R3A13_00536	95.584	1019	45	0	1	1019	1	1019	0.0	2035
38P2R3A13_05798	38P2R3A13_05798	100.000	372	0	0	1	372	1	372	0.0	724
38P2R3A13_05798	18P3R3A11_00433	95.430	372	17	0	1	372	1	372	0.0	640
38P2R3A13_05798	38P2R3A13_00537	95.699	372	16	0	1	372	1	372	0.0	624
38P2R3A13_05799	38P2R3A13_05799	100.000	792	0	0	1	792	1	792	0.0	1625
38P2R3A13_05800	38P2R3A13_05800	100.000	467	0	0	1	467	1	467	0.0	944
38P2R3A13_05801	38P2R3A13_05801	100.000	776	0	0	1	776	1	776	0.0	1605
38P2R3A13_05801	18P3R3A11_00436	98.067	776	15	0	1	776	18	793	0.0	1574
38P2R3A13_05802	38P2R3A13_05802	100.000	149	0	0	1	149	1	149	5.71e-109	306
38P2R3A13_05802	18P3R3A11_03169	97.315	149	4	0	1	149	58	206	1.62e-106	302
38P2R3A13_05802	51P2R2A10_00709	95.973	149	6	0	1	149	58	206	5.12e-105	298
38P2R3A13_05802	42P1R1A12_02842	95.973	149	6	0	1	149	58	206	5.47e-105	298
38P2R3A13_05803	38P2R3A13_05803	100.000	285	0	0	1	285	1	285	0.0	560
38P2R3A13_05804	38P2R3A13_05804	100.000	205	0	0	1	205	1	205	8.64e-149	411
38P2R3A13_05805	38P2R3A13_05805	100.000	600	0	0	1	600	1	600	0.0	1210
38P2R3A13_05806	38P2R3A13_05806	100.000	1201	0	0	1	1201	1	1201	0.0	2454
38P2R3A13_05807	38P2R3A13_05807	100.000	211	0	0	1	211	1	211	2.83e-160	441
38P2R3A13_05808	38P2R3A13_05808	100.000	239	0	0	1	239	1	239	0.0	496
38P2R3A13_05809	38P2R3A13_05809	100.000	259	0	0	1	259	1	259	0.0	529
38P2R3A13_05810	38P2R3A13_05810	100.000	272	0	0	1	272	1	272	0.0	532
38P2R3A13_05811	38P2R3A13_05811	100.000	353	0	0	1	353	1	353	0.0	719
38P2R3A13_05812	38P2R3A13_05812	100.000	151	0	0	1	151	1	151	1.39e-108	305
38P2R3A13_05813	38P2R3A13_05813	100.000	97	0	0	1	97	1	97	1.76e-66	194
38P2R3A13_05814	38P2R3A13_05814	100.000	208	0	0	1	208	1	208	1.58e-156	431
38P2R3A13_05815	38P2R3A13_05815	100.000	266	0	0	1	266	1	266	0.0	529
38P2R3A13_05816	38P2R3A13_05816	100.000	237	0	0	1	237	1	237	8.82e-167	459
38P2R3A13_05816	18P3R3A11_00281	95.359	237	11	0	1	237	1	237	1.06e-159	441
38P2R3A13_05817	38P2R3A13_05817	100.000	300	0	0	1	300	1	300	0.0	622
38P2R3A13_05817	38P2R3A13_00399	96.333	300	11	0	1	300	1	300	0.0	602
38P2R3A13_05817	18P3R3A11_00282	96.333	300	11	0	1	300	1	300	0.0	601
38P2R3A13_05819	38P2R3A13_05819	100.000	383	0	0	1	383	1	383	0.0	790
38P2R3A13_05819	18P3R3A11_00284	96.867	383	12	0	1	383	1	383	0.0	770
38P2R3A13_05820	38P2R3A13_05820	100.000	437	0	0	1	437	1	437	0.0	847
38P2R3A13_05821	38P2R3A13_05821	100.000	232	0	0	1	232	1	232	2.13e-169	466
38P2R3A13_05821	38P2R3A13_00403	95.690	232	10	0	1	232	1	232	2.40e-162	447
38P2R3A13_05823	38P2R3A13_05823	100.000	311	0	0	1	311	1	311	0.0	629
38P2R3A13_05824	38P2R3A13_05824	100.000	418	0	0	1	418	1	418	0.0	823
38P2R3A13_05825	38P2R3A13_05825	100.000	121	0	0	1	121	1	121	1.52e-88	252
38P2R3A13_05826	38P2R3A13_05826	100.000	496	0	0	1	496	1	496	0.0	1030
38P2R3A13_05826	18P3R3A11_00290	95.547	494	22	0	3	496	2	495	0.0	995
38P2R3A13_05827	38P2R3A13_05827	100.000	107	0	0	1	107	1	107	1.34e-64	190
38P2R3A13_05828	38P2R3A13_05828	100.000	104	0	0	1	104	1	104	2.88e-69	202
38P2R3A13_05828	18P3R3A11_02873	98.058	103	2	0	1	103	1	103	8.89e-68	202
38P2R3A13_05828	31P2R1A5_01748	95.146	103	5	0	1	103	1	103	4.87e-66	198
38P2R3A13_05829	38P2R3A13_05829	100.000	74	0	0	1	74	1	74	6.06e-47	143
38P2R3A13_05829	18P3R3A11_02873	100.000	74	0	0	1	74	147	220	4.69e-45	143
38P2R3A13_05829	31P2R1A5_01748	97.297	74	2	0	1	74	147	220	1.69e-44	142
38P2R3A13_05829	10P3R2A13_02638	97.297	74	2	0	1	74	147	220	5.14e-44	140
38P2R3A13_05831	38P2R3A13_05831	100.000	737	0	0	1	737	1	737	0.0	1494
38P2R3A13_05832	38P2R3A13_05832	100.000	304	0	0	1	304	1	304	0.0	636
38P2R3A13_05833	38P2R3A13_05833	100.000	89	0	0	1	89	1	89	4.33e-60	177
38P2R3A13_05834	38P2R3A13_05834	100.000	89	0	0	1	89	1	89	3.10e-61	181
38P2R3A13_05835	38P2R3A13_05835	100.000	87	0	0	1	87	1	87	4.65e-55	165
38P2R3A13_05836	38P2R3A13_05836	100.000	321	0	0	1	321	1	321	0.0	658
38P2R3A13_05837	38P2R3A13_05837	100.000	179	0	0	1	179	1	179	1.02e-126	353
38P2R3A13_05838	38P2R3A13_05838	100.000	225	0	0	1	225	1	225	7.05e-168	461
38P2R3A13_05839	38P2R3A13_05839	100.000	848	0	0	1	848	1	848	0.0	1763
38P2R3A13_05840	38P2R3A13_05840	100.000	330	0	0	1	330	1	330	0.0	669
38P2R3A13_05841	38P2R3A13_05841	100.000	168	0	0	1	168	1	168	3.32e-122	341
38P2R3A13_05842	38P2R3A13_05842	100.000	726	0	0	1	726	1	726	0.0	1496
38P2R3A13_05842	56P2R2A4_01131	95.455	726	33	0	1	726	1	726	0.0	1441
38P2R3A13_05843	38P2R3A13_05843	100.000	463	0	0	1	463	1	463	0.0	931
38P2R3A13_05844	38P2R3A13_05844	100.000	226	0	0	1	226	1	226	2.57e-168	462
38P2R3A13_05845	38P2R3A13_05845	100.000	332	0	0	1	332	1	332	0.0	675
38P2R3A13_05845	38P2R3A13_01022	96.084	332	13	0	1	332	1	332	0.0	655
38P2R3A13_05845	56P2R2A4_01128	96.084	332	13	0	1	332	1	332	0.0	655
38P2R3A13_05845	18P3R3A11_04493	96.386	332	12	0	1	332	1	332	0.0	650
38P2R3A13_05846	38P2R3A13_05846	100.000	580	0	0	1	580	1	580	0.0	1188
38P2R3A13_05846	56P2R2A4_01127	96.379	580	21	0	1	580	1	580	0.0	1150
38P2R3A13_05846	18P3R3A11_04492	96.034	580	23	0	1	580	1	580	0.0	1125
38P2R3A13_05847	38P2R3A13_05847	100.000	378	0	0	1	378	1	378	0.0	761
38P2R3A13_05849	38P2R3A13_05849	100.000	137	0	0	1	137	1	137	6.36e-94	267
38P2R3A13_05849	56P2R2A4_01124	97.080	137	4	0	1	137	1	137	5.49e-91	259
38P2R3A13_05849	18P3R3A11_04489	96.350	137	5	0	1	137	1	137	1.85e-68	202
38P2R3A13_05850	38P2R3A13_05850	100.000	254	0	0	1	254	1	254	0.0	525
38P2R3A13_05850	38P2R3A13_01027	97.244	254	7	0	1	254	1	254	0.0	513
38P2R3A13_05850	18P3R3A11_04488	95.669	254	11	0	1	254	1	254	0.0	509
38P2R3A13_05851	38P2R3A13_05851	100.000	414	0	0	1	414	1	414	0.0	853
38P2R3A13_05851	38P2R3A13_01028	96.618	414	13	1	1	414	1	413	0.0	818
38P2R3A13_05852	38P2R3A13_05852	100.000	321	0	0	1	321	1	321	0.0	637
38P2R3A13_05852	38P2R3A13_01029	96.262	321	12	0	1	321	1	321	0.0	620
38P2R3A13_05852	18P3R3A11_04486	95.639	321	14	0	1	321	1	321	0.0	595
38P2R3A13_05853	38P2R3A13_05853	100.000	215	0	0	1	215	1	215	2.52e-150	416
38P2R3A13_05853	47P2R3A6_02999	99.070	215	2	0	1	215	22	236	1.80e-148	412
38P2R3A13_05853	56P2R2A4_01120	97.209	215	6	0	1	215	22	236	4.88e-146	406
38P2R3A13_05853	18P3R3A11_01365	95.349	215	10	0	1	215	22	236	9.12e-144	400
38P2R3A13_05854	38P2R3A13_05854	100.000	281	0	0	1	281	1	281	0.0	584
38P2R3A13_05854	47P2R3A6_03022	99.644	281	1	0	1	281	54	334	0.0	582
38P2R3A13_05855	38P2R3A13_05855	100.000	229	0	0	1	229	1	229	9.85e-172	471
38P2R3A13_05856	38P2R3A13_05856	100.000	101	0	0	1	101	1	101	6.30e-68	198
38P2R3A13_05857	38P2R3A13_05857	100.000	203	0	0	1	203	1	203	1.51e-149	413
38P2R3A13_05858	38P2R3A13_05858	100.000	152	0	0	1	152	1	152	6.10e-112	313
38P2R3A13_05859	38P2R3A13_05859	100.000	151	0	0	1	151	1	151	3.24e-111	311
38P2R3A13_05860	38P2R3A13_05860	100.000	90	0	0	1	90	1	90	6.79e-59	175
38P2R3A13_05861	38P2R3A13_05861	100.000	1177	0	0	1	1177	1	1177	0.0	2398
38P2R3A13_05861	47P2R3A6_03029	100.000	1124	0	0	54	1177	1	1124	0.0	2295
38P2R3A13_05861	18P3R3A11_00617	95.031	1147	55	1	33	1177	33	1179	0.0	2227
38P2R3A13_05863	38P2R3A13_05863	100.000	185	0	0	1	185	1	185	1.12e-135	376
38P2R3A13_05864	38P2R3A13_05864	100.000	821	0	0	1	821	1	821	0.0	1657
38P2R3A13_05864	18P3R3A11_00620	97.320	821	22	0	1	821	1	821	0.0	1613
38P2R3A13_05866	38P2R3A13_05866	100.000	169	0	0	1	169	1	169	1.53e-119	334
38P2R3A13_05866	18P3R3A11_00622	97.041	169	5	0	1	169	1	169	2.44e-116	326
38P2R3A13_05870	38P2R3A13_05870	100.000	609	0	0	1	609	1	609	0.0	1232
38P2R3A13_05870	18P3R3A11_00626	97.701	609	14	0	1	609	1	609	0.0	1205
38P2R3A13_05871	38P2R3A13_05871	100.000	497	0	0	1	497	1	497	0.0	1028
38P2R3A13_05871	18P3R3A11_00627	96.378	497	18	0	1	497	1	497	0.0	995
38P2R3A13_05872	38P2R3A13_05872	100.000	181	0	0	1	181	1	181	2.22e-133	370
38P2R3A13_05873	38P2R3A13_05873	100.000	618	0	0	1	618	1	618	0.0	1292
38P2R3A13_05874	38P2R3A13_05874	100.000	191	0	0	1	191	1	191	2.23e-140	389
38P2R3A13_05874	47P2R3A6_03042	100.000	185	0	0	7	191	1	185	1.31e-135	376
38P2R3A13_05875	38P2R3A13_05875	100.000	225	0	0	1	225	1	225	6.44e-169	464
38P2R3A13_05876	38P2R3A13_05876	100.000	105	0	0	1	105	1	105	6.50e-75	216
38P2R3A13_05879	38P2R3A13_05879	100.000	159	0	0	1	159	1	159	7.54e-112	314
38P2R3A13_05879	18P3R3A11_04455	96.855	159	5	0	1	159	1	159	1.94e-109	308
38P2R3A13_05879	38P2R3A13_08552	96.855	159	5	0	1	159	1	159	6.36e-109	306
38P2R3A13_05880	38P2R3A13_05880	100.000	158	0	0	1	158	1	158	3.12e-109	307
38P2R3A13_05880	56P2R2A4_04160	96.835	158	5	0	1	158	1	158	3.00e-106	300
38P2R3A13_05904	38P2R3A13_05904	100.000	127	0	0	1	127	1	127	6.40e-91	258
38P2R3A13_05904	47P2R3A6_04551	97.638	127	3	0	1	127	1	127	1.08e-88	253
38P2R3A13_05904	18P3R3A11_04430	97.638	127	3	0	1	127	1	127	2.68e-88	252
38P2R3A13_05908	38P2R3A13_05908	100.000	123	0	0	1	123	1	123	2.82e-85	244
38P2R3A13_05908	56P2R2A4_04132	96.748	123	4	0	1	123	1	123	2.78e-82	236
38P2R3A13_05910	38P2R3A13_05910	100.000	72	0	0	1	72	1	72	6.55e-50	150
38P2R3A13_05911	38P2R3A13_05911	100.000	137	0	0	1	137	1	137	1.51e-94	268
38P2R3A13_05913	38P2R3A13_05913	100.000	421	0	0	1	421	1	421	0.0	864
38P2R3A13_05913	56P2R2A4_04127	97.862	421	9	0	1	421	1	421	0.0	842
38P2R3A13_05914	38P2R3A13_05914	100.000	316	0	0	1	316	1	316	0.0	643
38P2R3A13_05916	38P2R3A13_05916	100.000	380	0	0	1	380	1	380	0.0	770
38P2R3A13_05917	38P2R3A13_05917	100.000	158	0	0	1	158	1	158	9.78e-114	318
38P2R3A13_05917	18P3R3A11_04417	97.468	158	4	0	1	158	1	158	2.58e-111	313
38P2R3A13_05918	38P2R3A13_05918	100.000	185	0	0	1	185	1	185	2.51e-137	380
38P2R3A13_05918	18P3R3A11_04416	97.297	185	5	0	1	185	1	185	1.56e-133	371
38P2R3A13_05918	38P2R3A13_08372	95.652	184	8	0	1	184	1	184	3.35e-131	365
38P2R3A13_05919	38P2R3A13_05919	100.000	191	0	0	1	191	1	191	3.95e-140	388
38P2R3A13_05919	18P3R3A11_04415	97.906	191	4	0	1	191	1	191	3.15e-137	381
38P2R3A13_05920	38P2R3A13_05920	100.000	273	0	0	1	273	1	273	0.0	555
38P2R3A13_05921	38P2R3A13_05921	100.000	83	0	0	1	83	1	83	1.59e-57	171
38P2R3A13_05921	56P2R2A4_04119	97.590	83	2	0	1	83	1	83	1.15e-56	169
38P2R3A13_05922	38P2R3A13_05922	100.000	185	0	0	1	185	1	185	2.42e-134	373
38P2R3A13_05923	38P2R3A13_05923	100.000	196	0	0	1	196	1	196	8.26e-144	398
38P2R3A13_05923	18P3R3A11_01001	96.429	196	7	0	1	196	311	506	1.29e-133	384
38P2R3A13_05924	38P2R3A13_05924	100.000	181	0	0	1	181	1	181	1.12e-134	374
38P2R3A13_05925	38P2R3A13_05925	100.000	247	0	0	1	247	1	247	0.0	501
38P2R3A13_05927	38P2R3A13_05927	100.000	49	0	0	1	49	1	49	1.06e-27	93.2
38P2R3A13_05928	38P2R3A13_05928	100.000	181	0	0	1	181	1	181	1.80e-135	375
38P2R3A13_05929	38P2R3A13_05929	100.000	70	0	0	1	70	1	70	1.07e-47	145
38P2R3A13_05930	38P2R3A13_05930	100.000	347	0	0	1	347	1	347	0.0	708
38P2R3A13_05931	38P2R3A13_05931	100.000	302	0	0	1	302	1	302	0.0	619
38P2R3A13_05932	38P2R3A13_05932	100.000	103	0	0	1	103	1	103	3.24e-71	207
38P2R3A13_05933	38P2R3A13_05933	100.000	441	0	0	1	441	1	441	0.0	886
38P2R3A13_05934	38P2R3A13_05934	100.000	104	0	0	1	104	1	104	2.79e-72	209
38P2R3A13_05934	18P3R3A11_04069	97.115	104	3	0	1	104	1	104	4.59e-71	206
38P2R3A13_05935	38P2R3A13_05935	100.000	424	0	0	1	424	1	424	0.0	848
38P2R3A13_05936	38P2R3A13_05936	100.000	33	0	0	1	33	1	33	3.76e-17	65.5
38P2R3A13_05937	38P2R3A13_05937	100.000	446	0	0	1	446	1	446	0.0	914
38P2R3A13_05938	38P2R3A13_05938	100.000	732	0	0	1	732	1	732	0.0	1522
38P2R3A13_05939	38P2R3A13_05939	100.000	473	0	0	1	473	1	473	0.0	989
38P2R3A13_05940	38P2R3A13_05940	100.000	389	0	0	1	389	1	389	0.0	804
38P2R3A13_05941	38P2R3A13_05941	100.000	357	0	0	1	357	1	357	0.0	725
38P2R3A13_05941	38P2R3A13_02129	96.078	357	14	0	1	357	1	357	0.0	700
38P2R3A13_05942	38P2R3A13_05942	100.000	590	0	0	1	590	1	590	0.0	1160
38P2R3A13_05942	38P2R3A13_02128	96.102	590	23	0	1	590	1	590	0.0	1118
38P2R3A13_05943	38P2R3A13_05943	100.000	363	0	0	1	363	1	363	0.0	740
38P2R3A13_05944	38P2R3A13_05944	100.000	234	0	0	1	234	1	234	9.37e-177	484
38P2R3A13_05945	38P2R3A13_05945	100.000	546	0	0	1	546	1	546	0.0	1115
38P2R3A13_05946	38P2R3A13_05946	100.000	77	0	0	1	77	1	77	2.29e-53	160
38P2R3A13_05947	38P2R3A13_05947	100.000	91	0	0	1	91	1	91	5.95e-64	187
38P2R3A13_05947	18P3R3A11_00970	97.802	91	2	0	1	91	1	91	5.93e-62	182
38P2R3A13_05947	38P2R3A13_02123	95.604	91	4	0	1	91	1	91	1.63e-60	179
38P2R3A13_05948	38P2R3A13_05948	100.000	204	0	0	1	204	1	204	2.03e-143	397
38P2R3A13_05949	38P2R3A13_05949	100.000	172	0	0	1	172	1	172	1.58e-125	350
38P2R3A13_05949	56P2R2A4_02628	95.513	156	7	0	15	170	1	156	5.52e-108	305
38P2R3A13_05949	38P2R3A13_02121	97.333	150	4	0	15	164	1	150	2.44e-105	298
38P2R3A13_05950	38P2R3A13_05950	100.000	410	0	0	1	410	1	410	0.0	821
38P2R3A13_05950	18P3R3A11_00969	97.805	410	9	0	1	410	1	410	0.0	804
38P2R3A13_05950	38P2R3A13_02120	97.073	410	12	0	1	410	1	410	0.0	799
38P2R3A13_05951	38P2R3A13_05951	100.000	244	0	0	1	244	1	244	5.31e-179	491
38P2R3A13_05951	18P3R3A11_01113	95.902	244	10	0	1	244	1	244	2.46e-173	476
38P2R3A13_05951	38P2R3A13_04609	95.902	244	10	0	1	244	1	244	1.85e-172	474
38P2R3A13_05952	38P2R3A13_05952	100.000	142	0	0	1	142	1	142	8.42e-102	287
38P2R3A13_05952	18P3R3A11_01112	97.887	142	3	0	1	142	1	142	3.80e-100	283
38P2R3A13_05952	38P2R3A13_04608	96.479	142	5	0	1	142	1	142	1.08e-98	279
38P2R3A13_05953	38P2R3A13_05953	100.000	151	0	0	1	151	1	151	3.68e-108	304
38P2R3A13_05954	38P2R3A13_05954	100.000	135	0	0	1	135	1	135	2.28e-97	275
38P2R3A13_05955	38P2R3A13_05955	100.000	168	0	0	1	168	1	168	2.74e-125	348
38P2R3A13_05955	38P2R3A13_04605	96.429	168	6	0	1	168	1	168	1.53e-120	337
38P2R3A13_05955	18P3R3A11_01109	96.429	168	6	0	1	168	1	168	2.96e-120	336
38P2R3A13_05957	38P2R3A13_05957	100.000	347	0	0	1	347	1	347	0.0	715
38P2R3A13_05958	38P2R3A13_05958	100.000	516	0	0	1	516	1	516	0.0	1033
38P2R3A13_05958	38P2R3A13_04603	96.124	516	20	0	1	516	1	516	0.0	971
38P2R3A13_05959	38P2R3A13_05959	100.000	111	0	0	1	111	1	111	6.10e-66	194
38P2R3A13_05960	38P2R3A13_05960	100.000	290	0	0	1	290	1	290	0.0	601
38P2R3A13_05960	18P3R3A11_01103	96.207	290	10	1	1	290	1	289	0.0	576
38P2R3A13_05961	38P2R3A13_05961	100.000	621	0	0	1	621	1	621	0.0	1290
38P2R3A13_05961	18P3R3A11_01102	96.769	619	20	0	1	619	1	619	0.0	1254
38P2R3A13_05962	38P2R3A13_05962	100.000	144	0	0	1	144	1	144	1.32e-103	292
38P2R3A13_05963	38P2R3A13_05963	100.000	444	0	0	1	444	1	444	0.0	901
38P2R3A13_05964	38P2R3A13_05964	100.000	668	0	0	1	668	1	668	0.0	1372
38P2R3A13_05965	38P2R3A13_05965	100.000	813	0	0	1	813	1	813	0.0	1649
38P2R3A13_05966	38P2R3A13_05966	100.000	193	0	0	1	193	1	193	1.01e-141	392
38P2R3A13_05967	38P2R3A13_05967	100.000	102	0	0	1	102	1	102	1.69e-70	205
38P2R3A13_05969	38P2R3A13_05969	100.000	238	0	0	1	238	1	238	4.27e-168	462
38P2R3A13_05969	18P3R3A11_01089	97.479	238	6	0	1	238	1	238	1.31e-163	451
38P2R3A13_05969	56P2R2A4_03297	96.234	239	8	1	1	238	1	239	1.49e-160	444
38P2R3A13_05969	38P2R3A13_04849	95.816	239	9	1	1	238	1	239	2.26e-160	443
38P2R3A13_05970	38P2R3A13_05970	100.000	712	0	0	1	712	1	712	0.0	1484
38P2R3A13_05970	38P2R3A13_04848	95.225	712	34	0	1	712	1	712	0.0	1415
38P2R3A13_05971	38P2R3A13_05971	100.000	231	0	0	1	231	1	231	1.42e-175	481
38P2R3A13_05971	38P2R3A13_04847	96.104	231	9	0	1	231	1	231	4.16e-170	467
38P2R3A13_05972	38P2R3A13_05972	100.000	542	0	0	1	542	1	542	0.0	1098
38P2R3A13_05973	38P2R3A13_05973	100.000	454	0	0	1	454	1	454	0.0	905
38P2R3A13_05973	18P3R3A11_01085	97.357	454	12	0	1	454	1	454	0.0	885
38P2R3A13_05975	38P2R3A13_05975	100.000	193	0	0	1	193	1	193	8.01e-143	395
38P2R3A13_05975	18P3R3A11_01024	97.409	193	5	0	1	193	3	195	7.67e-140	387
38P2R3A13_05975	47P2R3A6_01675	97.409	193	5	0	1	193	3	195	1.97e-139	387
38P2R3A13_05975	38P2R3A13_07956	98.750	80	1	0	114	193	1	80	1.21e-51	160
38P2R3A13_05976	38P2R3A13_05976	100.000	440	0	0	1	440	1	440	0.0	907
38P2R3A13_05976	18P3R3A11_01023	95.682	440	19	0	1	440	1	440	0.0	873
38P2R3A13_05976	38P2R3A13_07957	95.455	440	20	0	1	440	1	440	0.0	871
38P2R3A13_05977	38P2R3A13_05977	100.000	393	0	0	1	393	1	393	0.0	798
38P2R3A13_05977	18P3R3A11_01022	96.183	393	15	0	1	393	1	393	0.0	775
38P2R3A13_05977	56P2R2A4_03349	96.183	393	15	0	1	393	1	393	0.0	771
38P2R3A13_05978	38P2R3A13_05978	100.000	401	0	0	1	401	1	401	0.0	821
38P2R3A13_05978	18P3R3A11_01021	97.257	401	11	0	1	401	1	401	0.0	802
38P2R3A13_05978	38P2R3A13_07959	95.761	401	17	0	1	401	1	401	0.0	790
38P2R3A13_05982	38P2R3A13_05982	100.000	248	0	0	1	248	1	248	0.0	501
38P2R3A13_05982	38P2R3A13_07696	95.565	248	11	0	1	248	1	248	1.73e-174	479
38P2R3A13_05983	38P2R3A13_05983	100.000	478	0	0	1	478	1	478	0.0	1001
38P2R3A13_05983	38P2R3A13_07695	97.699	478	11	0	1	478	1	478	0.0	980
38P2R3A13_05983	18P3R3A11_01012	97.490	478	12	0	1	478	1	478	0.0	980
