10P3R2A13_03992	10P3R2A13_03992	100.000	335	0	0	1	335	1	335	0.0	688
10P3R2A13_03992	15P1R1A16_04816	100.000	238	0	0	98	335	1	238	1.14e-177	491
10P3R2A13_03993	10P3R2A13_03993	100.000	259	0	0	1	259	1	259	0.0	515
10P3R2A13_03993	18P3R3A11_03919	95.349	258	12	0	2	259	1	258	4.54e-170	469
10P3R2A13_03994	10P3R2A13_03994	100.000	458	0	0	1	458	1	458	0.0	936
10P3R2A13_03994	42P1R1A12_03292	95.833	456	19	0	1	456	1	456	0.0	896
10P3R2A13_03994	34P3R2A10_04017	100.000	84	0	0	375	458	1	84	5.58e-52	170
10P3R2A13_03995	10P3R2A13_03995	100.000	405	0	0	1	405	1	405	0.0	848
10P3R2A13_03996	10P3R2A13_03996	100.000	428	0	0	1	428	1	428	0.0	859
10P3R2A13_03997	10P3R2A13_03997	100.000	306	0	0	1	306	1	306	0.0	623
10P3R2A13_03997	18P3R3A11_03917	96.078	306	12	0	1	306	1	306	0.0	600
10P3R2A13_03997	42P1R1A12_03293	95.098	306	15	0	1	306	1	306	0.0	600
10P3R2A13_03997	31P2R1A5_04613	95.425	306	14	0	1	306	1	306	0.0	597
10P3R2A13_03997	38P2R3A13_08511	95.339	236	11	0	71	306	1	236	4.97e-166	460
10P3R2A13_03998	10P3R2A13_03998	100.000	467	0	0	1	467	1	467	0.0	972
10P3R2A13_03998	18P3R3A11_03916	96.360	467	17	0	1	467	1	467	0.0	941
10P3R2A13_03998	38P2R3A13_08510	96.360	467	17	0	1	467	1	467	0.0	939
10P3R2A13_03999	10P3R2A13_03999	100.000	235	0	0	1	235	1	235	1.86e-172	473
10P3R2A13_03999	18P3R3A11_03915	98.068	207	4	0	19	225	1	207	5.89e-147	408
10P3R2A13_03999	31P2R1A5_04611	99.512	205	1	0	19	223	1	205	7.90e-147	408
10P3R2A13_04000	10P3R2A13_04000	100.000	120	0	0	1	120	1	120	9.81e-85	242
10P3R2A13_04000	27P2R2A12_03719	96.774	124	0	1	1	120	1	124	2.96e-82	236
10P3R2A13_04001	10P3R2A13_04001	100.000	367	0	0	1	367	1	367	0.0	768
10P3R2A13_04001	43P2R2A2_03747	100.000	103	0	0	265	367	1	103	1.69e-72	221
10P3R2A13_04002	10P3R2A13_04002	100.000	615	0	0	1	615	1	615	0.0	1251
10P3R2A13_04003	10P3R2A13_04003	100.000	286	0	0	1	286	1	286	0.0	580
10P3R2A13_04005	10P3R2A13_04005	100.000	336	0	0	1	336	1	336	0.0	691
10P3R2A13_04005	43P2R2A2_04781	100.000	86	0	0	251	336	1	86	1.16e-54	173
10P3R2A13_04006	10P3R2A13_04006	100.000	379	0	0	1	379	1	379	0.0	786
10P3R2A13_04006	14P1R2A4_04994	100.000	55	0	0	325	379	1	55	1.16e-31	114
10P3R2A13_04007	10P3R2A13_04007	100.000	198	0	0	1	198	1	198	1.28e-144	400
10P3R2A13_04007	15P1R1A16_04494	97.980	198	4	0	1	198	1	198	6.44e-142	393
10P3R2A13_04007	25P2R1A13_02228	97.475	198	5	0	1	198	1	198	1.13e-141	392
10P3R2A13_04008	10P3R2A13_04008	100.000	97	0	0	1	97	1	97	6.88e-66	193
10P3R2A13_04009	10P3R2A13_04009	100.000	189	0	0	1	189	1	189	4.19e-131	365
10P3R2A13_04010	10P3R2A13_04010	100.000	235	0	0	1	235	1	235	4.13e-176	483
10P3R2A13_04011	10P3R2A13_04011	100.000	327	0	0	1	327	1	327	0.0	660
10P3R2A13_04011	27P2R2A12_00817	97.859	327	7	0	1	327	1	327	0.0	647
10P3R2A13_04011	14P1R2A4_00656	100.000	54	0	0	274	327	1	54	1.15e-30	110
10P3R2A13_04012	10P3R2A13_04012	100.000	139	0	0	1	139	1	139	2.57e-100	283
10P3R2A13_04013	10P3R2A13_04013	100.000	212	0	0	1	212	1	212	5.44e-157	432
10P3R2A13_04014	10P3R2A13_04014	100.000	317	0	0	1	317	1	317	0.0	652
10P3R2A13_04015	10P3R2A13_04015	100.000	244	0	0	1	244	1	244	0.0	500
10P3R2A13_04016	10P3R2A13_04016	100.000	236	0	0	1	236	1	236	1.23e-180	494
10P3R2A13_04017	10P3R2A13_04017	100.000	152	0	0	1	152	1	152	5.02e-111	311
10P3R2A13_04018	10P3R2A13_04018	100.000	465	0	0	1	465	1	465	0.0	939
10P3R2A13_04018	18P3R3A11_01057	96.137	466	17	1	1	465	1	466	0.0	908
10P3R2A13_04019	10P3R2A13_04019	100.000	385	0	0	1	385	1	385	0.0	795
10P3R2A13_04019	18P3R3A11_01056	97.922	385	8	0	1	385	1	385	0.0	784
10P3R2A13_04019	42P1R1A12_03815	97.403	385	10	0	1	385	1	385	0.0	780
10P3R2A13_04020	10P3R2A13_04020	100.000	84	0	0	1	84	1	84	1.69e-57	171
10P3R2A13_04021	10P3R2A13_04021	100.000	659	0	0	1	659	1	659	0.0	1369
10P3R2A13_04021	42P1R1A12_03816	95.144	659	32	0	1	659	1	659	0.0	1313
10P3R2A13_04021	31P2R1A5_03377	95.144	659	32	0	1	659	1	659	0.0	1304
10P3R2A13_04021	15P1R1A16_04800	99.614	259	1	0	401	659	1	259	0.0	541
10P3R2A13_04022	10P3R2A13_04022	100.000	244	0	0	1	244	1	244	0.0	499
10P3R2A13_04024	10P3R2A13_04024	100.000	947	0	0	1	947	1	947	0.0	1941
10P3R2A13_04024	32P3R2A9_03328	100.000	842	0	0	106	947	1	842	0.0	1724
10P3R2A13_04024	32P3R2A9_03329	100.000	82	0	0	1	82	1	82	2.56e-50	171
10P3R2A13_04025	10P3R2A13_04025	100.000	143	0	0	1	143	1	143	3.90e-102	288
10P3R2A13_04026	10P3R2A13_04026	100.000	162	0	0	1	162	1	162	1.27e-116	326
10P3R2A13_04026	42P1R1A12_03858	95.062	162	8	0	1	162	1	162	1.95e-111	313
10P3R2A13_04027	10P3R2A13_04027	100.000	250	0	0	1	250	1	250	0.0	496
10P3R2A13_04027	42P1R1A12_03857	96.400	250	9	0	1	250	1	250	7.27e-175	481
10P3R2A13_04028	10P3R2A13_04028	100.000	286	0	0	1	286	1	286	0.0	572
10P3R2A13_04028	42P1R1A12_03856	96.503	286	10	0	1	286	1	286	0.0	555
10P3R2A13_04029	10P3R2A13_04029	100.000	370	0	0	1	370	1	370	0.0	751
10P3R2A13_04030	10P3R2A13_04030	100.000	248	0	0	1	248	1	248	0.0	509
10P3R2A13_04031	10P3R2A13_04031	100.000	253	0	0	1	253	1	253	0.0	518
10P3R2A13_04031	15P1R1A16_03543	100.000	198	0	0	56	253	1	198	8.78e-147	408
10P3R2A13_04032	10P3R2A13_04032	100.000	664	0	0	1	664	1	664	0.0	1376
10P3R2A13_04032	18P3R3A11_01036	96.084	664	26	0	1	664	1	664	0.0	1331
10P3R2A13_04032	42P1R1A12_03819	95.783	664	28	0	1	664	1	664	0.0	1330
10P3R2A13_04032	31P2R1A5_05321	95.378	649	30	0	16	664	1	649	0.0	1297
10P3R2A13_04032	38P2R3A13_08686	97.596	208	5	0	457	664	1	208	3.14e-143	415
10P3R2A13_04033	10P3R2A13_04033	100.000	148	0	0	1	148	1	148	7.56e-107	300
10P3R2A13_04033	28P2R1A12_00174	100.000	138	0	0	1	138	1	138	4.84e-100	283
10P3R2A13_04033	33P3R2A2_02056	100.000	138	0	0	1	138	1	138	1.67e-99	282
10P3R2A13_04034	10P3R2A13_04034	100.000	463	0	0	1	463	1	463	0.0	925
10P3R2A13_04035	10P3R2A13_04035	100.000	426	0	0	1	426	1	426	0.0	875
10P3R2A13_04035	16_1P2R1A8-1_01237	100.000	330	0	0	97	426	1	330	0.0	676
10P3R2A13_04035	16_1P2R1A8-1_01236	100.000	88	0	0	1	88	1	88	8.82e-59	187
10P3R2A13_04036	10P3R2A13_04036	100.000	322	0	0	1	322	1	322	0.0	655
10P3R2A13_04037	10P3R2A13_04037	100.000	170	0	0	1	170	1	170	8.76e-125	347
10P3R2A13_04037	25P2R1A13_02206	97.059	170	5	0	1	170	1	170	9.02e-121	337
10P3R2A13_04037	34P3R2A10_03656	97.802	91	2	0	80	170	1	91	2.17e-61	184
10P3R2A13_04037	34P3R2A10_05119	95.604	91	4	0	80	170	1	91	1.40e-51	160
10P3R2A13_04038	10P3R2A13_04038	100.000	238	0	0	1	238	1	238	7.18e-180	493
10P3R2A13_04038	3P1R3A2_00336	97.899	238	5	0	1	238	1	238	1.63e-176	484
10P3R2A13_04038	12_1P1R2A2-1_00933	97.899	238	5	0	1	238	1	238	5.50e-176	483
10P3R2A13_04038	34P3R2A10_03655	96.218	238	9	0	1	238	1	238	7.43e-173	475
10P3R2A13_04038	1P1R1A1_00202	95.798	238	10	0	1	238	1	238	3.90e-171	470
10P3R2A13_04039	10P3R2A13_04039	100.000	226	0	0	1	226	1	226	1.15e-169	466
10P3R2A13_04040	10P3R2A13_04040	100.000	226	0	0	1	226	1	226	1.53e-169	465
10P3R2A13_04041	10P3R2A13_04041	100.000	236	0	0	1	236	1	236	1.21e-170	469
10P3R2A13_04042	10P3R2A13_04042	100.000	193	0	0	1	193	1	193	5.20e-132	368
10P3R2A13_04043	10P3R2A13_04043	100.000	144	0	0	1	144	1	144	2.26e-104	294
10P3R2A13_04044	10P3R2A13_04044	100.000	340	0	0	1	340	1	340	0.0	698
10P3R2A13_04044	18P3R3A11_01035	95.294	340	16	0	1	340	1	340	0.0	668
10P3R2A13_04045	10P3R2A13_04045	100.000	388	0	0	1	388	1	388	0.0	776
10P3R2A13_04045	47P2R3A6_01665	96.392	388	14	0	1	388	1	388	0.0	754
10P3R2A13_04045	31P2R1A5_02421	95.619	388	17	0	1	388	1	388	0.0	748
10P3R2A13_04045	18P3R3A11_01034	95.876	388	16	0	1	388	1	388	0.0	748
10P3R2A13_04046	10P3R2A13_04046	100.000	360	0	0	1	360	1	360	0.0	747
10P3R2A13_04046	18P3R3A11_01033	95.556	360	16	0	1	360	1	360	0.0	723
10P3R2A13_04047	10P3R2A13_04047	100.000	508	0	0	1	508	1	508	0.0	1048
10P3R2A13_04047	28P2R1A12_04966	100.000	449	0	0	60	508	1	449	0.0	930
10P3R2A13_04048	10P3R2A13_04048	100.000	129	0	0	1	129	1	129	1.70e-92	263
10P3R2A13_04048	28P2R1A12_04467	96.124	129	5	0	1	129	168	296	4.31e-85	250
10P3R2A13_04049	10P3R2A13_04049	100.000	100	0	0	1	100	1	100	5.07e-72	209
10P3R2A13_04050	10P3R2A13_04050	100.000	181	0	0	1	181	1	181	5.55e-130	362
10P3R2A13_04051	10P3R2A13_04051	100.000	815	0	0	1	815	1	815	0.0	1644
10P3R2A13_04051	43P2R2A2_05657	98.760	242	3	0	574	815	1	242	6.64e-166	479
10P3R2A13_04052	10P3R2A13_04052	100.000	259	0	0	1	259	1	259	0.0	531
10P3R2A13_04052	14P1R2A4_04180	95.565	248	11	0	1	248	1	248	2.85e-178	491
10P3R2A13_04052	21P1R1A8_04323	95.565	248	11	0	1	248	1	248	1.71e-177	490
10P3R2A13_04052	43P2R2A2_05129	100.000	185	0	0	75	259	1	185	2.19e-135	379
10P3R2A13_04053	10P3R2A13_04053	100.000	164	0	0	1	164	1	164	2.78e-115	323
10P3R2A13_04054	10P3R2A13_04054	100.000	258	0	0	1	258	1	258	0.0	518
10P3R2A13_04055	10P3R2A13_04055	100.000	266	0	0	1	266	1	266	0.0	540
10P3R2A13_04055	43P2R2A2_05393	100.000	151	0	0	116	266	1	151	1.09e-103	298
10P3R2A13_04056	10P3R2A13_04056	100.000	256	0	0	1	256	1	256	0.0	513
10P3R2A13_04057	10P3R2A13_04057	100.000	258	0	0	1	258	1	258	0.0	520
10P3R2A13_04057	14P1R2A4_04185	97.287	258	7	0	1	258	1	258	0.0	509
10P3R2A13_04057	28P2R1A12_04655	95.736	258	11	0	1	258	1	258	0.0	503
10P3R2A13_04058	10P3R2A13_04058	100.000	41	0	0	1	41	1	41	9.42e-22	77.8
10P3R2A13_04059	10P3R2A13_04059	100.000	194	0	0	1	194	1	194	5.40e-143	395
10P3R2A13_04059	14P1R2A4_04186	96.907	194	6	0	1	194	35	228	3.23e-138	385
10P3R2A13_04060	10P3R2A13_04060	100.000	253	0	0	1	253	1	253	0.0	521
10P3R2A13_04060	14P1R2A4_04187	96.591	88	3	0	1	88	1	88	3.28e-57	177
10P3R2A13_04061	10P3R2A13_04061	100.000	76	0	0	1	76	1	76	3.07e-49	149
10P3R2A13_04062	10P3R2A13_04062	100.000	567	0	0	1	567	1	567	0.0	1148
10P3R2A13_04063	10P3R2A13_04063	100.000	377	0	0	1	377	1	377	0.0	764
10P3R2A13_04064	10P3R2A13_04064	100.000	689	0	0	1	689	1	689	0.0	1378
10P3R2A13_04065	10P3R2A13_04065	100.000	431	0	0	1	431	1	431	0.0	876
10P3R2A13_04066	10P3R2A13_04066	100.000	156	0	0	1	156	1	156	3.16e-109	307
10P3R2A13_04067	10P3R2A13_04067	100.000	269	0	0	1	269	1	269	0.0	550
10P3R2A13_04068	10P3R2A13_04068	100.000	300	0	0	1	300	1	300	0.0	603
10P3R2A13_04069	10P3R2A13_04069	100.000	221	0	0	1	221	1	221	1.80e-162	447
10P3R2A13_04070	10P3R2A13_04070	100.000	87	0	0	1	87	1	87	3.59e-57	170
10P3R2A13_04071	10P3R2A13_04071	100.000	258	0	0	1	258	1	258	0.0	510
10P3R2A13_04072	10P3R2A13_04072	100.000	312	0	0	1	312	1	312	0.0	641
10P3R2A13_04073	10P3R2A13_04073	100.000	167	0	0	1	167	1	167	2.40e-125	349
10P3R2A13_04074	10P3R2A13_04074	100.000	576	0	0	1	576	1	576	0.0	1158
10P3R2A13_04075	10P3R2A13_04075	100.000	323	0	0	1	323	1	323	0.0	643
10P3R2A13_04076	10P3R2A13_04076	100.000	328	0	0	1	328	1	328	0.0	677
10P3R2A13_04077	10P3R2A13_04077	100.000	394	0	0	1	394	1	394	0.0	820
10P3R2A13_04078	10P3R2A13_04078	100.000	82	0	0	1	82	1	82	1.83e-55	165
10P3R2A13_04079	10P3R2A13_04079	100.000	100	0	0	1	100	1	100	4.78e-70	204
10P3R2A13_04080	10P3R2A13_04080	100.000	251	0	0	1	251	1	251	0.0	513
10P3R2A13_04081	10P3R2A13_04081	100.000	202	0	0	1	202	1	202	4.87e-145	401
10P3R2A13_04082	10P3R2A13_04082	100.000	233	0	0	1	233	1	233	7.28e-177	484
10P3R2A13_04083	10P3R2A13_04083	100.000	307	0	0	1	307	1	307	0.0	630
10P3R2A13_04084	10P3R2A13_04084	100.000	130	0	0	1	130	1	130	1.64e-93	265
10P3R2A13_04085	10P3R2A13_04085	100.000	101	0	0	1	101	1	101	2.44e-69	202
10P3R2A13_04086	10P3R2A13_04086	100.000	237	0	0	1	237	1	237	3.23e-179	491
10P3R2A13_04087	10P3R2A13_04087	100.000	61	0	0	1	61	1	61	2.47e-39	123
10P3R2A13_04088	10P3R2A13_04088	100.000	384	0	0	1	384	1	384	0.0	785
10P3R2A13_04088	5P3R2A4_03896	95.312	384	2	1	1	384	1	368	0.0	741
10P3R2A13_04089	10P3R2A13_04089	100.000	85	0	0	1	85	1	85	1.02e-57	171
10P3R2A13_04090	10P3R2A13_04090	100.000	149	0	0	1	149	1	149	5.34e-105	296
10P3R2A13_04090	32P3R2A9_04447	100.000	20	0	0	130	149	202	221	4.98e-07	47.4
10P3R2A13_04091	10P3R2A13_04091	100.000	67	0	0	1	67	1	67	1.94e-44	136
10P3R2A13_04091	10P3R2A13_04761	98.485	66	1	0	1	66	1	66	5.35e-40	133
10P3R2A13_04091	5P3R2A4_04828	98.305	59	1	0	8	66	1	59	1.04e-34	119
10P3R2A13_04091	28P2R1A12_03827	97.778	45	1	0	1	45	1	45	7.81e-27	91.7
10P3R2A13_04092	10P3R2A13_04092	100.000	144	0	0	1	144	1	144	1.40e-103	292
10P3R2A13_04093	10P3R2A13_04093	100.000	99	0	0	1	99	1	99	5.86e-69	201
10P3R2A13_04094	10P3R2A13_04094	100.000	274	0	0	1	274	1	274	0.0	569
10P3R2A13_04094	17P1R1A4_02993	97.810	274	6	0	1	274	1	274	0.0	559
10P3R2A13_04094	32P3R2A9_04082	98.515	202	3	0	1	202	1	202	1.06e-149	416
10P3R2A13_04094	3P1R3A2_04038	98.758	161	2	0	1	161	1	161	1.97e-116	331
10P3R2A13_04094	3P1R3A2_04037	95.283	106	5	0	169	274	1	106	1.91e-69	209
10P3R2A13_04095	10P3R2A13_04095	100.000	170	0	0	1	170	1	170	1.04e-127	355
10P3R2A13_04096	10P3R2A13_04096	100.000	128	0	0	1	128	1	128	3.65e-91	259
10P3R2A13_04096	33P3R2A2_04081	96.875	128	4	0	1	128	1	128	1.74e-88	252
10P3R2A13_04097	10P3R2A13_04097	100.000	216	0	0	1	216	1	216	8.86e-161	442
10P3R2A13_04097	12_1P1R2A2-1_02319	96.296	216	8	0	1	216	1	216	1.34e-154	427
10P3R2A13_04098	10P3R2A13_04098	100.000	72	0	0	1	72	1	72	3.32e-47	144
10P3R2A13_04098	12_1P1R2A2-1_02320	97.222	72	2	0	1	72	1	72	6.23e-46	140
10P3R2A13_04099	10P3R2A13_04099	100.000	120	0	0	1	120	1	120	9.08e-81	232
10P3R2A13_04100	10P3R2A13_04100	100.000	104	0	0	1	104	1	104	3.82e-74	214
10P3R2A13_04100	12_1P1R2A2-1_02322	97.115	104	3	0	1	104	1	104	3.72e-72	209
10P3R2A13_04101	10P3R2A13_04101	100.000	189	0	0	1	189	1	189	1.16e-140	389
10P3R2A13_04101	28P2R1A12_04569	96.825	189	6	0	1	189	1	189	2.36e-135	376
10P3R2A13_04102	10P3R2A13_04102	100.000	243	0	0	1	243	1	243	3.00e-179	491
10P3R2A13_04102	28P2R1A12_04570	97.942	243	5	0	1	243	1	243	4.33e-175	481
10P3R2A13_04102	12_1P1R2A2-1_02324	97.119	243	7	0	1	243	1	243	1.60e-173	477
10P3R2A13_04103	10P3R2A13_04103	100.000	476	0	0	1	476	1	476	0.0	969
10P3R2A13_04103	28P2R1A12_04571	95.597	477	20	1	1	476	1	477	0.0	899
10P3R2A13_04104	10P3R2A13_04104	100.000	196	0	0	1	196	1	196	2.30e-148	409
10P3R2A13_04105	10P3R2A13_04105	100.000	123	0	0	1	123	1	123	1.99e-87	249
10P3R2A13_04106	10P3R2A13_04106	100.000	172	0	0	1	172	1	172	1.19e-125	350
10P3R2A13_04106	17P1R1A4_03006	97.674	172	4	0	1	172	1	172	8.40e-123	343
10P3R2A13_04106	12_1P1R2A2-1_02329	97.093	172	5	0	1	172	1	172	5.93e-122	340
10P3R2A13_04107	10P3R2A13_04107	100.000	158	0	0	1	158	1	158	2.95e-115	322
10P3R2A13_04108	10P3R2A13_04108	100.000	41	0	0	1	41	1	41	7.28e-25	85.5
10P3R2A13_04109	10P3R2A13_04109	100.000	104	0	0	1	104	1	104	1.85e-70	205
10P3R2A13_04110	10P3R2A13_04110	100.000	121	0	0	1	121	1	121	6.55e-87	248
10P3R2A13_04111	10P3R2A13_04111	100.000	877	0	0	1	877	1	877	0.0	1826
10P3R2A13_04111	12_1P1R2A2-1_02331	97.371	875	23	0	3	877	2	876	0.0	1779
10P3R2A13_04112	10P3R2A13_04112	100.000	129	0	0	1	129	1	129	8.16e-93	263
10P3R2A13_04112	12_1P1R2A2-1_02332	96.899	129	4	0	1	129	1	129	9.46e-91	258
10P3R2A13_04113	10P3R2A13_04113	100.000	211	0	0	1	211	1	211	4.78e-156	430
10P3R2A13_04113	28P2R1A12_04579	97.630	211	5	0	1	211	1	211	2.46e-152	421
10P3R2A13_04114	10P3R2A13_04114	100.000	331	0	0	1	331	1	331	0.0	688
10P3R2A13_04114	17P1R1A4_03011	97.885	331	7	0	1	331	1	331	0.0	678
10P3R2A13_04115	10P3R2A13_04115	100.000	213	0	0	1	213	1	213	1.09e-159	439
10P3R2A13_04115	1P1R1A1_04229	95.775	213	9	0	1	213	1	213	2.55e-151	418
10P3R2A13_04116	10P3R2A13_04116	100.000	603	0	0	1	603	1	603	0.0	1256
10P3R2A13_04116	28P2R1A12_04422	97.015	603	18	0	1	603	1	603	0.0	1221
10P3R2A13_04116	1P1R1A1_04226	99.488	586	3	0	18	603	3	588	0.0	1216
10P3R2A13_04117	10P3R2A13_04117	100.000	248	0	0	1	248	1	248	0.0	512
10P3R2A13_04117	12_1P1R2A2-1_02338	97.984	248	5	0	1	248	1	248	0.0	503
10P3R2A13_04118	10P3R2A13_04118	100.000	94	0	0	1	94	1	94	2.85e-64	189
10P3R2A13_04118	1P1R1A1_04223	97.872	94	2	0	1	94	1	94	5.64e-63	185
10P3R2A13_04119	10P3R2A13_04119	100.000	182	0	0	1	182	1	182	1.40e-134	373
10P3R2A13_04119	17P1R1A4_03019	97.253	182	5	0	1	182	1	182	1.79e-131	365
10P3R2A13_04119	28P2R1A12_04416	97.500	160	4	0	18	177	18	177	1.77e-108	307
10P3R2A13_04120	10P3R2A13_04120	100.000	108	0	0	1	108	1	108	4.13e-73	212
10P3R2A13_04121	10P3R2A13_04121	100.000	131	0	0	1	131	1	131	4.42e-95	269
10P3R2A13_04123	10P3R2A13_04123	100.000	941	0	0	1	941	1	941	0.0	1950
10P3R2A13_04123	40P3R1A10_03944	97.343	941	25	0	1	941	1	941	0.0	1905
10P3R2A13_04124	10P3R2A13_04124	100.000	160	0	0	1	160	1	160	8.46e-119	332
10P3R2A13_04126	10P3R2A13_04126	100.000	739	0	0	1	739	1	739	0.0	1535
10P3R2A13_04126	12_1P1R2A2-1_02348	97.023	739	19	1	1	739	1	736	0.0	1494
10P3R2A13_04126	2P1R1A2_04651	97.015	67	2	0	673	739	1	67	1.87e-37	134
10P3R2A13_04127	10P3R2A13_04127	100.000	1757	0	0	1	1757	1	1757	0.0	3569
10P3R2A13_04127	17P1R1A4_03029	95.959	1757	71	0	1	1757	1	1757	0.0	3435
10P3R2A13_04127	40P3R1A10_03938	95.959	1757	71	0	1	1757	1	1757	0.0	3428
10P3R2A13_04127	1P1R1A1_04214	95.788	1757	74	0	1	1757	1	1757	0.0	3424
10P3R2A13_04127	33P3R2A2_04022	95.902	1757	72	0	1	1757	1	1757	0.0	3420
10P3R2A13_04127	28P2R1A12_04406	95.674	1757	76	0	1	1757	1	1757	0.0	3414
10P3R2A13_04127	12_1P1R2A2-1_02351	95.618	1757	77	0	1	1757	1	1757	0.0	3412
10P3R2A13_04128	10P3R2A13_04128	100.000	249	0	0	1	249	1	249	0.0	497
10P3R2A13_04129	10P3R2A13_04129	100.000	187	0	0	1	187	1	187	1.35e-135	376
10P3R2A13_04129	19P1R1A6_04687	97.326	187	5	0	1	187	1	187	1.05e-132	369
10P3R2A13_04129	1P1R1A1_04212	95.187	187	9	0	1	187	1	187	6.46e-121	339
10P3R2A13_04130	10P3R2A13_04130	100.000	200	0	0	1	200	1	200	1.32e-150	415
10P3R2A13_04131	10P3R2A13_04131	100.000	85	0	0	1	85	1	85	1.48e-58	173
10P3R2A13_04132	10P3R2A13_04132	100.000	341	0	0	1	341	1	341	0.0	692
10P3R2A13_04132	1P1R1A1_04594	97.947	341	7	0	1	341	1	341	0.0	682
10P3R2A13_04132	5P3R2A4_04570	97.067	341	10	0	1	341	1	341	0.0	675
10P3R2A13_04132	8P2R1A11_03538	96.386	332	12	0	10	341	28	359	0.0	654
10P3R2A13_04133	10P3R2A13_04133	100.000	512	0	0	1	512	1	512	0.0	1022
10P3R2A13_04134	10P3R2A13_04134	100.000	440	0	0	1	440	1	440	0.0	906
10P3R2A13_04134	32P3R2A9_04194	99.740	385	1	0	56	440	1	385	0.0	790
10P3R2A13_04135	10P3R2A13_04135	100.000	461	0	0	1	461	1	461	0.0	939
10P3R2A13_04135	34P3R2A10_01962	100.000	252	0	0	210	461	1	252	0.0	516
10P3R2A13_04136	10P3R2A13_04136	100.000	800	0	0	1	800	1	800	0.0	1655
10P3R2A13_04136	5P3R2A4_03932	100.000	640	0	0	1	640	1	640	0.0	1328
10P3R2A13_04136	5P3R2A4_03933	100.000	147	0	0	654	800	1	147	1.88e-98	301
10P3R2A13_04137	10P3R2A13_04137	100.000	194	0	0	1	194	1	194	4.45e-146	403
10P3R2A13_04138	10P3R2A13_04138	100.000	517	0	0	1	517	1	517	0.0	1062
10P3R2A13_04138	16_1P2R1A8-1_03737	98.710	465	6	0	1	465	1	465	0.0	946
10P3R2A13_04138	40P3R1A10_04184	99.730	370	1	0	148	517	1	370	0.0	759
10P3R2A13_04138	28P2R1A12_04194	99.666	299	1	0	1	299	1	299	0.0	607
10P3R2A13_04138	28P2R1A12_04193	99.526	211	1	0	307	517	1	211	2.65e-154	438
10P3R2A13_04138	40P3R1A10_04183	95.588	136	6	0	1	136	1	136	6.57e-88	266
10P3R2A13_04139	10P3R2A13_04139	100.000	341	0	0	1	341	1	341	0.0	669
10P3R2A13_04140	10P3R2A13_04140	100.000	299	0	0	1	299	1	299	0.0	594
10P3R2A13_04141	10P3R2A13_04141	100.000	329	0	0	1	329	1	329	0.0	677
10P3R2A13_04141	28P2R1A12_04190	97.872	329	7	0	1	329	1	329	0.0	667
10P3R2A13_04141	12_1P1R2A2-1_03922	97.568	329	8	0	1	329	1	329	0.0	661
10P3R2A13_04142	10P3R2A13_04142	100.000	309	0	0	1	309	1	309	0.0	630
10P3R2A13_04142	32P3R2A9_04186	97.735	309	7	0	1	309	1	309	0.0	616
10P3R2A13_04143	10P3R2A13_04143	100.000	144	0	0	1	144	1	144	1.92e-104	294
10P3R2A13_04144	10P3R2A13_04144	100.000	72	0	0	1	72	1	72	8.47e-49	148
10P3R2A13_04145	10P3R2A13_04145	100.000	46	0	0	1	46	1	46	8.29e-28	93.2
10P3R2A13_04145	16_1P2R1A8-1_03744	97.826	46	1	0	1	46	1	46	1.02e-26	90.5
10P3R2A13_04146	10P3R2A13_04146	100.000	566	0	0	1	566	1	566	0.0	1170
10P3R2A13_04146	15P1R1A16_01856	100.000	211	0	0	356	566	1	211	7.49e-152	434
10P3R2A13_04147	10P3R2A13_04147	100.000	337	0	0	1	337	1	337	0.0	683
10P3R2A13_04147	34P3R2A10_04907	98.643	221	3	0	117	337	1	221	5.16e-154	431
10P3R2A13_04148	10P3R2A13_04148	100.000	95	0	0	1	95	1	95	9.05e-65	190
10P3R2A13_04149	10P3R2A13_04149	100.000	218	0	0	1	218	1	218	1.08e-161	445
10P3R2A13_04149	34P3R2A10_04909	100.000	90	0	0	129	218	1	90	1.26e-59	182
10P3R2A13_04150	10P3R2A13_04150	100.000	295	0	0	1	295	1	295	0.0	614
10P3R2A13_04151	10P3R2A13_04151	100.000	804	0	0	1	804	1	804	0.0	1677
10P3R2A13_04152	10P3R2A13_04152	100.000	196	0	0	1	196	1	196	1.09e-147	407
10P3R2A13_04152	18P3R3A11_00882	96.429	196	7	0	1	196	1	196	1.45e-142	395
10P3R2A13_04153	10P3R2A13_04153	100.000	275	0	0	1	275	1	275	0.0	541
10P3R2A13_04153	33P3R2A2_04060	98.837	258	3	0	1	258	1	258	0.0	502
10P3R2A13_04153	34P3R2A10_04685	100.000	198	0	0	78	275	1	198	1.23e-140	393
10P3R2A13_04154	10P3R2A13_04154	100.000	97	0	0	1	97	1	97	1.19e-66	195
10P3R2A13_04154	3P1R3A2_04198	97.938	97	2	0	1	97	1	97	2.08e-65	192
10P3R2A13_04154	34P3R2A10_04684	97.938	97	2	0	1	97	1	97	5.36e-65	191
10P3R2A13_04155	10P3R2A13_04155	100.000	432	0	0	1	432	1	432	0.0	859
10P3R2A13_04155	40P3R1A10_04201	98.113	371	7	0	1	371	1	371	0.0	721
10P3R2A13_04155	25P2R1A13_04452	99.344	305	2	0	1	305	1	305	0.0	595
10P3R2A13_04155	11P3R3A1_04264	98.833	257	3	0	176	432	1	257	0.0	509
10P3R2A13_04155	11P3R3A1_04263	98.780	164	2	0	1	164	13	176	2.67e-109	319
10P3R2A13_04155	25P2R1A13_04451	99.107	112	1	0	321	432	1	112	1.35e-76	233
10P3R2A13_04155	33P3R2A2_04221	100.000	115	0	0	191	305	9	123	3.19e-72	223
10P3R2A13_04156	10P3R2A13_04156	100.000	463	0	0	1	463	1	463	0.0	915
10P3R2A13_04157	10P3R2A13_04157	100.000	1247	0	0	1	1247	1	1247	0.0	2603
10P3R2A13_04158	10P3R2A13_04158	100.000	515	0	0	1	515	1	515	0.0	1076
10P3R2A13_04158	42P1R1A12_02753	95.922	515	21	0	1	515	1	515	0.0	1043
10P3R2A13_04158	34P3R2A10_04580	100.000	146	0	0	370	515	1	146	1.72e-101	301
10P3R2A13_04159	10P3R2A13_04159	100.000	232	0	0	1	232	1	232	1.36e-171	471
10P3R2A13_04160	10P3R2A13_04160	100.000	227	0	0	1	227	1	227	3.46e-167	459
10P3R2A13_04160	42P1R1A12_02755	96.035	227	9	0	1	227	1	227	2.59e-162	447
10P3R2A13_04161	10P3R2A13_04161	100.000	298	0	0	1	298	1	298	0.0	613
10P3R2A13_04161	17P1R1A4_04201	97.987	298	6	0	1	298	1	298	0.0	603
10P3R2A13_04161	25P2R1A13_04445	97.315	298	8	0	1	298	1	298	0.0	599
10P3R2A13_04161	27P2R2A12_04222	96.980	298	9	0	1	298	1	298	0.0	595
10P3R2A13_04162	10P3R2A13_04162	100.000	282	0	0	1	282	1	282	0.0	584
10P3R2A13_04163	10P3R2A13_04163	100.000	190	0	0	1	190	1	190	4.30e-142	393
10P3R2A13_04163	15P1R1A16_04652	97.368	190	5	0	1	190	1	190	2.00e-139	386
10P3R2A13_04163	25P2R1A13_04443	96.316	190	7	0	1	190	1	190	1.15e-137	382
10P3R2A13_04164	10P3R2A13_04164	100.000	76	0	0	1	76	1	76	1.71e-50	152
10P3R2A13_04164	25P2R1A13_04442	100.000	75	0	0	1	75	1	75	1.79e-50	152
10P3R2A13_04165	10P3R2A13_04165	100.000	171	0	0	1	171	1	171	8.62e-127	353
10P3R2A13_04165	1P1R1A1_04322	100.000	171	0	0	1	171	63	233	2.48e-125	352
10P3R2A13_04165	16_1P2R1A8-1_03764	100.000	171	0	0	1	171	94	264	5.17e-125	352
10P3R2A13_04165	12_1P1R2A2-1_03750	96.970	165	5	0	1	165	1	165	1.33e-117	334
10P3R2A13_04165	19P1R1A6_04705	97.576	165	4	0	1	165	94	258	1.98e-115	332
10P3R2A13_04165	25P2R1A13_01390	96.364	165	6	0	1	165	63	227	9.46e-115	329
10P3R2A13_04165	14P1R2A4_02174	96.875	160	5	0	1	160	1	160	6.10e-114	320
10P3R2A13_04165	12_1P1R2A2-1_03414	96.875	160	5	0	1	160	63	222	2.35e-111	316
10P3R2A13_04165	25P2R1A13_03925	96.939	98	3	0	68	165	1	98	4.88e-67	203
10P3R2A13_04165	4P1R1A3_04048	95.699	93	4	0	68	160	1	93	2.53e-62	187
10P3R2A13_04165	1P1R1A1_04544	96.471	85	3	0	81	165	1	85	4.46e-57	177
10P3R2A13_04165	17P1R1A4_04459	100.000	33	0	0	1	33	94	126	6.03e-16	70.5
10P3R2A13_04166	10P3R2A13_04166	100.000	237	0	0	1	237	1	237	3.90e-178	488
10P3R2A13_04167	10P3R2A13_04167	100.000	565	0	0	1	565	1	565	0.0	1152
10P3R2A13_04168	10P3R2A13_04168	100.000	457	0	0	1	457	1	457	0.0	934
10P3R2A13_04169	10P3R2A13_04169	100.000	292	0	0	1	292	1	292	0.0	603
10P3R2A13_04170	10P3R2A13_04170	100.000	179	0	0	1	179	1	179	8.40e-132	366
10P3R2A13_04170	17P1R1A4_00513	97.207	179	5	0	1	179	1	179	1.75e-126	353
10P3R2A13_04171	10P3R2A13_04171	100.000	393	0	0	1	393	1	393	0.0	798
10P3R2A13_04171	1P1R1A1_00160	97.964	393	8	0	1	393	1	393	0.0	777
10P3R2A13_04171	12_1P1R2A2-1_03434	96.947	393	12	0	1	393	1	393	0.0	771
10P3R2A13_04172	10P3R2A13_04172	100.000	326	0	0	1	326	1	326	0.0	660
10P3R2A13_04172	43P2R2A2_05326	100.000	101	0	0	226	326	1	101	1.28e-68	209
10P3R2A13_04172	30P2R3A4_04179	98.990	99	1	0	228	326	26	124	8.13e-67	205
10P3R2A13_04173	10P3R2A13_04173	100.000	148	0	0	1	148	1	148	5.63e-106	298
10P3R2A13_04173	25P2R1A13_02629	100.000	130	0	0	19	148	71	200	1.34e-92	266
10P3R2A13_04173	12_1P1R2A2-1_03436	99.225	129	1	0	19	147	71	199	6.97e-92	265
10P3R2A13_04173	28P2R1A12_00209	97.674	129	3	0	19	147	71	199	3.49e-91	263
10P3R2A13_04174	10P3R2A13_04174	100.000	356	0	0	1	356	1	356	0.0	708
10P3R2A13_04174	11P3R3A1_00109	99.157	356	3	0	1	356	53	408	0.0	702
10P3R2A13_04175	10P3R2A13_04175	100.000	128	0	0	1	128	1	128	1.65e-91	260
10P3R2A13_04176	10P3R2A13_04176	100.000	561	0	0	1	561	1	561	0.0	1092
10P3R2A13_04177	10P3R2A13_04177	100.000	724	0	0	1	724	1	724	0.0	1503
10P3R2A13_04178	10P3R2A13_04178	100.000	135	0	0	1	135	1	135	2.18e-94	268
10P3R2A13_04179	10P3R2A13_04179	100.000	408	0	0	1	408	1	408	0.0	835
10P3R2A13_04180	10P3R2A13_04180	100.000	351	0	0	1	351	1	351	0.0	717
10P3R2A13_04181	10P3R2A13_04181	100.000	500	0	0	1	500	1	500	0.0	1011
10P3R2A13_04181	16_1P2R1A8-1_04808	100.000	235	0	0	266	500	1	235	2.23e-173	487
10P3R2A13_04182	10P3R2A13_04182	100.000	255	0	0	1	255	1	255	0.0	518
10P3R2A13_04183	10P3R2A13_04183	100.000	381	0	0	1	381	1	381	0.0	788
10P3R2A13_04184	10P3R2A13_04184	100.000	574	0	0	1	574	1	574	0.0	1186
10P3R2A13_04184	16_1P2R1A8-1_04801	100.000	75	0	0	500	574	1	75	7.54e-44	150
10P3R2A13_04185	10P3R2A13_04185	100.000	305	0	0	1	305	1	305	0.0	631
10P3R2A13_04185	12_1P1R2A2-1_03456	96.393	305	11	0	1	305	1	305	0.0	609
10P3R2A13_04185	25P2R1A13_02649	96.393	305	11	0	1	305	1	305	0.0	606
10P3R2A13_04186	10P3R2A13_04186	100.000	83	0	0	1	83	1	83	3.71e-53	160
10P3R2A13_04187	10P3R2A13_04187	100.000	391	0	0	1	391	1	391	0.0	792
10P3R2A13_04187	15P1R1A16_05183	100.000	91	0	0	301	391	1	91	1.43e-59	188
10P3R2A13_04188	10P3R2A13_04188	100.000	360	0	0	1	360	1	360	0.0	725
10P3R2A13_04188	11P3R3A1_00090	97.222	360	10	0	1	360	1	360	0.0	706
10P3R2A13_04188	32P3R2A9_03948	95.556	360	16	0	1	360	1	360	0.0	655
10P3R2A13_04188	15P1R1A16_05184	100.000	259	0	0	102	360	1	259	0.0	527
10P3R2A13_04189	10P3R2A13_04189	100.000	357	0	0	1	357	1	357	0.0	723
10P3R2A13_04190	10P3R2A13_04190	100.000	187	0	0	1	187	1	187	1.55e-137	381
10P3R2A13_04191	10P3R2A13_04191	100.000	275	0	0	1	275	1	275	0.0	568
10P3R2A13_04192	10P3R2A13_04192	100.000	450	0	0	1	450	1	450	0.0	899
10P3R2A13_04193	10P3R2A13_04193	100.000	253	0	0	1	253	1	253	0.0	517
10P3R2A13_04194	10P3R2A13_04194	100.000	233	0	0	1	233	1	233	1.46e-174	479
10P3R2A13_04194	17P1R1A4_00545	97.425	233	6	0	1	233	1	233	9.06e-171	469
10P3R2A13_04195	10P3R2A13_04195	100.000	231	0	0	1	231	1	231	3.79e-173	475
10P3R2A13_04195	43P2R2A2_04333	100.000	104	0	0	128	231	1	104	2.46e-73	218
10P3R2A13_04196	10P3R2A13_04196	100.000	500	0	0	1	500	1	500	0.0	1011
10P3R2A13_04196	16_1P2R1A8-1_04699	98.701	77	1	0	1	77	1	77	1.15e-43	149
10P3R2A13_04197	10P3R2A13_04197	100.000	620	0	0	1	620	1	620	0.0	1290
10P3R2A13_04198	10P3R2A13_04198	100.000	289	0	0	1	289	1	289	0.0	599
10P3R2A13_04199	10P3R2A13_04199	100.000	103	0	0	1	103	1	103	3.39e-67	197
10P3R2A13_04199	25P2R1A13_02366	100.000	103	0	0	1	103	310	412	3.27e-64	199
10P3R2A13_04199	11P3R3A1_02382	100.000	103	0	0	1	103	329	431	5.03e-64	199
10P3R2A13_04200	10P3R2A13_04200	100.000	355	0	0	1	355	1	355	0.0	740
10P3R2A13_04200	43P2R2A2_05594	100.000	330	0	0	26	355	1	330	0.0	691
10P3R2A13_04200	33P3R2A2_03323	99.015	203	2	0	1	203	1	203	2.82e-152	426
10P3R2A13_04200	33P3R2A2_03322	97.059	136	4	0	220	355	1	136	3.18e-92	271
10P3R2A13_04201	10P3R2A13_04201	100.000	405	0	0	1	405	1	405	0.0	835
10P3R2A13_04201	34P3R2A10_01303	99.225	258	2	0	148	405	1	258	0.0	530
10P3R2A13_04202	10P3R2A13_04202	100.000	87	0	0	1	87	1	87	1.57e-60	179
10P3R2A13_04203	10P3R2A13_04203	100.000	138	0	0	1	138	1	138	1.53e-98	279
10P3R2A13_04203	31P2R1A5_04728	97.101	138	4	0	1	138	1	138	1.02e-94	269
10P3R2A13_04204	10P3R2A13_04204	100.000	143	0	0	1	143	1	143	4.28e-104	293
10P3R2A13_04205	10P3R2A13_04205	100.000	554	0	0	1	554	1	554	0.0	1093
10P3R2A13_04206	10P3R2A13_04206	100.000	239	0	0	1	239	1	239	2.97e-177	486
10P3R2A13_04207	10P3R2A13_04207	100.000	539	0	0	1	539	1	539	0.0	1090
10P3R2A13_04207	16_1P2R1A8-1_03114	99.371	477	3	0	63	539	1	477	0.0	959
10P3R2A13_04207	16_1P2R1A8-1_03115	100.000	39	0	0	1	39	1	39	3.28e-18	78.2
10P3R2A13_04208	10P3R2A13_04208	100.000	213	0	0	1	213	1	213	7.76e-161	442
10P3R2A13_04208	27P2R2A12_03242	97.115	208	4	1	1	206	1	208	1.84e-149	422
10P3R2A13_04209	10P3R2A13_04209	100.000	59	0	0	1	59	1	59	9.59e-37	116
10P3R2A13_04209	27P2R2A12_03242	100.000	59	0	0	1	59	383	441	3.88e-34	119
10P3R2A13_04210	10P3R2A13_04210	100.000	298	0	0	1	298	1	298	0.0	624
10P3R2A13_04210	16_1P2R1A8-1_04149	100.000	219	0	0	1	219	1	219	1.18e-165	459
10P3R2A13_04210	16_1P2R1A8-1_03111	98.780	82	1	0	217	298	1	82	1.32e-55	174
10P3R2A13_04211	10P3R2A13_04211	100.000	572	0	0	1	572	1	572	0.0	1144
10P3R2A13_04212	10P3R2A13_04212	100.000	498	0	0	1	498	1	498	0.0	1046
10P3R2A13_04213	10P3R2A13_04213	100.000	150	0	0	1	150	1	150	4.74e-103	291
10P3R2A13_04214	10P3R2A13_04214	100.000	116	0	0	1	116	1	116	4.83e-79	228
10P3R2A13_04215	10P3R2A13_04215	100.000	121	0	0	1	121	1	121	2.96e-85	244
10P3R2A13_04216	10P3R2A13_04216	100.000	166	0	0	1	166	1	166	5.30e-125	348
10P3R2A13_04216	15P1R1A16_04071	100.000	107	0	0	60	166	1	107	3.80e-78	227
10P3R2A13_04217	10P3R2A13_04217	100.000	395	0	0	1	395	1	395	0.0	775
10P3R2A13_04218	10P3R2A13_04218	100.000	30	0	0	1	30	1	30	2.31e-11	50.8
10P3R2A13_04218	25P2R1A13_02347	96.667	30	1	0	1	30	1	30	7.33e-11	49.3
10P3R2A13_04219	10P3R2A13_04219	100.000	33	0	0	1	33	1	33	3.68e-15	60.5
10P3R2A13_04220	10P3R2A13_04220	100.000	563	0	0	1	563	1	563	0.0	1156
10P3R2A13_04221	10P3R2A13_04221	100.000	97	0	0	1	97	1	97	1.08e-68	200
10P3R2A13_04222	10P3R2A13_04222	100.000	197	0	0	1	197	1	197	2.24e-143	397
10P3R2A13_04222	34P3R2A10_02177	100.000	171	0	0	27	197	1	171	1.31e-123	346
10P3R2A13_04223	10P3R2A13_04223	100.000	501	0	0	1	501	1	501	0.0	993
10P3R2A13_04223	15P1R1A16_05158	99.722	360	1	0	142	501	1	360	0.0	711
10P3R2A13_04224	10P3R2A13_04224	100.000	440	0	0	1	440	1	440	0.0	882
10P3R2A13_04225	10P3R2A13_04225	100.000	464	0	0	1	464	1	464	0.0	934
10P3R2A13_04225	42P1R1A12_03582	95.043	464	23	0	1	464	1	464	0.0	868
10P3R2A13_04225	31P2R1A5_04706	95.259	464	22	0	1	464	1	464	0.0	865
10P3R2A13_04225	43P2R2A2_02923	100.000	409	0	0	56	464	1	409	0.0	816
10P3R2A13_04226	10P3R2A13_04226	100.000	589	0	0	1	589	1	589	0.0	1213
10P3R2A13_04227	10P3R2A13_04227	100.000	445	0	0	1	445	1	445	0.0	876
10P3R2A13_04228	10P3R2A13_04228	100.000	151	0	0	1	151	1	151	3.51e-109	306
10P3R2A13_04229	10P3R2A13_04229	100.000	413	0	0	1	413	1	413	0.0	811
10P3R2A13_04229	34P3R2A10_04982	100.000	250	0	0	164	413	1	250	6.46e-175	488
10P3R2A13_04230	10P3R2A13_04230	100.000	98	0	0	1	98	1	98	2.44e-70	204
10P3R2A13_04231	10P3R2A13_04231	100.000	273	0	0	1	273	1	273	0.0	553
10P3R2A13_04231	27P2R2A12_02784	97.802	273	6	0	1	273	1	273	0.0	544
10P3R2A13_04231	33P3R2A2_02998	99.548	221	1	0	53	273	1	221	1.01e-162	450
10P3R2A13_04232	10P3R2A13_04232	100.000	308	0	0	1	308	1	308	0.0	604
10P3R2A13_04233	10P3R2A13_04233	100.000	395	0	0	1	395	1	395	0.0	798
10P3R2A13_04234	10P3R2A13_04234	100.000	324	0	0	1	324	1	324	0.0	670
10P3R2A13_04234	15P1R1A16_04545	99.468	188	1	0	137	324	1	188	3.25e-137	386
10P3R2A13_04234	34P3R2A10_03967	97.872	188	4	0	137	324	1	188	1.51e-134	380
10P3R2A13_04235	10P3R2A13_04235	100.000	248	0	0	1	248	1	248	0.0	516
10P3R2A13_04236	10P3R2A13_04236	100.000	132	0	0	1	132	1	132	4.79e-93	264
10P3R2A13_04237	10P3R2A13_04237	100.000	273	0	0	1	273	1	273	0.0	564
10P3R2A13_04237	25P2R1A13_03608	99.587	242	1	0	32	273	1	242	3.75e-179	492
10P3R2A13_04237	27P2R2A12_01386	99.482	193	1	0	81	273	1	193	1.32e-139	390
10P3R2A13_04237	43P2R2A2_05105	100.000	186	0	0	88	273	1	186	4.42e-136	381
10P3R2A13_04238	10P3R2A13_04238	100.000	189	0	0	1	189	1	189	5.44e-139	385
10P3R2A13_04238	34P3R2A10_04223	99.281	139	1	0	51	189	1	139	2.02e-99	283
10P3R2A13_04239	10P3R2A13_04239	100.000	591	0	0	1	591	1	591	0.0	1217
10P3R2A13_04239	43P2R2A2_05104	100.000	201	0	0	391	591	1	201	4.34e-144	414
10P3R2A13_04240	10P3R2A13_04240	100.000	170	0	0	1	170	1	170	4.18e-127	353
10P3R2A13_04240	19P1R1A6_03230	100.000	146	0	0	25	170	3	148	1.42e-107	303
10P3R2A13_04241	10P3R2A13_04241	100.000	247	0	0	1	247	1	247	0.0	501
10P3R2A13_04241	38P2R3A13_07172	95.142	247	12	0	1	247	1	247	1.11e-175	483
10P3R2A13_04242	10P3R2A13_04242	100.000	174	0	0	1	174	1	174	6.61e-127	353
10P3R2A13_04242	18P3R3A11_01688	97.701	174	4	0	1	174	1	174	8.45e-125	348
10P3R2A13_04242	31P2R1A5_01006	95.977	174	7	0	1	174	1	174	5.03e-113	318
10P3R2A13_04242	42P1R1A12_00368	96.552	174	6	0	1	174	1	174	6.69e-113	318
10P3R2A13_04243	10P3R2A13_04243	100.000	201	0	0	1	201	1	201	7.89e-151	416
10P3R2A13_04244	10P3R2A13_04244	100.000	204	0	0	1	204	1	204	5.17e-148	409
10P3R2A13_04244	31P2R1A5_01007	95.588	204	9	0	1	204	1	204	1.14e-142	395
10P3R2A13_04244	34P3R2A10_05087	100.000	188	0	0	17	204	1	188	5.68e-136	378
10P3R2A13_04245	10P3R2A13_04245	100.000	337	0	0	1	337	1	337	0.0	675
10P3R2A13_04246	10P3R2A13_04246	100.000	262	0	0	1	262	1	262	0.0	506
10P3R2A13_04246	15P1R1A16_03279	100.000	112	0	0	151	262	1	112	5.81e-72	216
10P3R2A13_04247	10P3R2A13_04247	100.000	252	0	0	1	252	1	252	0.0	503
10P3R2A13_04248	10P3R2A13_04248	100.000	329	0	0	1	329	1	329	0.0	680
10P3R2A13_04249	10P3R2A13_04249	100.000	441	0	0	1	441	1	441	0.0	905
10P3R2A13_04250	10P3R2A13_04250	100.000	324	0	0	1	324	1	324	0.0	670
10P3R2A13_04251	10P3R2A13_04251	100.000	1025	0	0	1	1025	1	1025	0.0	2137
10P3R2A13_04252	10P3R2A13_04252	100.000	623	0	0	1	623	1	623	0.0	1308
10P3R2A13_04253	10P3R2A13_04253	100.000	270	0	0	1	270	1	270	0.0	551
10P3R2A13_04254	10P3R2A13_04254	100.000	376	0	0	1	376	1	376	0.0	775
10P3R2A13_04255	10P3R2A13_04255	100.000	163	0	0	1	163	1	163	1.31e-119	334
10P3R2A13_04256	10P3R2A13_04256	100.000	319	0	0	1	319	1	319	0.0	643
10P3R2A13_04257	10P3R2A13_04257	100.000	346	0	0	1	346	1	346	0.0	711
10P3R2A13_04258	10P3R2A13_04258	100.000	411	0	0	1	411	1	411	0.0	846
10P3R2A13_04258	40P3R1A10_03469	99.595	247	1	0	1	247	1	247	0.0	506
10P3R2A13_04258	40P3R1A10_03921	98.864	88	1	0	324	411	1	88	1.06e-55	178
10P3R2A13_04259	10P3R2A13_04259	100.000	430	0	0	1	430	1	430	0.0	865
10P3R2A13_04260	10P3R2A13_04260	100.000	278	0	0	1	278	1	278	0.0	553
10P3R2A13_04261	10P3R2A13_04261	100.000	600	0	0	1	600	1	600	0.0	1249
10P3R2A13_04262	10P3R2A13_04262	100.000	266	0	0	1	266	1	266	0.0	555
10P3R2A13_04263	10P3R2A13_04263	100.000	168	0	0	1	168	1	168	6.20e-123	343
10P3R2A13_04264	10P3R2A13_04264	100.000	530	0	0	1	530	1	530	0.0	1093
10P3R2A13_04265	10P3R2A13_04265	100.000	430	0	0	1	430	1	430	0.0	878
10P3R2A13_04266	10P3R2A13_04266	100.000	442	0	0	1	442	1	442	0.0	897
10P3R2A13_04267	10P3R2A13_04267	100.000	459	0	0	1	459	1	459	0.0	936
10P3R2A13_04267	34P3R2A10_03322	99.134	231	2	0	229	459	1	231	8.15e-165	463
10P3R2A13_04268	10P3R2A13_04268	100.000	43	0	0	1	43	1	43	3.53e-26	89.0
10P3R2A13_04270	10P3R2A13_04270	100.000	212	0	0	1	212	1	212	1.81e-159	439
10P3R2A13_04271	10P3R2A13_04271	100.000	91	0	0	1	91	1	91	1.51e-60	179
10P3R2A13_04271	18P3R3A11_04365	96.703	91	3	0	1	91	1	91	8.99e-59	174
10P3R2A13_04271	42P1R1A12_05494	95.604	91	4	0	1	91	1	91	6.21e-58	172
10P3R2A13_04272	10P3R2A13_04272	100.000	197	0	0	1	197	1	197	2.99e-147	407
10P3R2A13_04273	10P3R2A13_04273	100.000	224	0	0	1	224	1	224	2.33e-166	457
10P3R2A13_04274	10P3R2A13_04274	100.000	355	0	0	1	355	1	355	0.0	734
10P3R2A13_04274	42P1R1A12_05491	96.338	355	13	0	1	355	1	355	0.0	708
10P3R2A13_04274	54P2R2A3_04864	95.493	355	16	0	1	355	1	355	0.0	701
10P3R2A13_04275	10P3R2A13_04275	100.000	258	0	0	1	258	1	258	0.0	535
10P3R2A13_04276	10P3R2A13_04276	100.000	159	0	0	1	159	1	159	4.09e-116	325
10P3R2A13_04277	10P3R2A13_04277	100.000	632	0	0	1	632	1	632	0.0	1318
10P3R2A13_04278	10P3R2A13_04278	100.000	212	0	0	1	212	1	212	8.68e-153	422
10P3R2A13_04279	10P3R2A13_04279	100.000	252	0	0	1	252	1	252	0.0	505
10P3R2A13_04280	10P3R2A13_04280	100.000	67	0	0	1	67	1	67	1.92e-42	131
10P3R2A13_04280	25P2R1A13_04194	97.015	67	2	0	1	67	1	67	1.60e-40	127
10P3R2A13_04281	10P3R2A13_04281	100.000	257	0	0	1	257	1	257	0.0	516
10P3R2A13_04282	10P3R2A13_04282	100.000	378	0	0	1	378	1	378	0.0	786
10P3R2A13_04283	10P3R2A13_04283	100.000	180	0	0	1	180	1	180	6.26e-136	377
10P3R2A13_04283	12_1P1R2A2-1_04061	100.000	90	0	0	1	90	1	90	6.78e-66	197
10P3R2A13_04284	10P3R2A13_04284	100.000	1408	0	0	1	1408	1	1408	0.0	2886
10P3R2A13_04284	31P2R1A5_05154	97.443	1408	36	0	1	1408	1	1408	0.0	2826
10P3R2A13_04284	18P3R3A11_04350	97.301	1408	38	0	1	1408	1	1408	0.0	2825
10P3R2A13_04285	10P3R2A13_04285	100.000	1343	0	0	1	1343	1	1343	0.0	2743
10P3R2A13_04285	18P3R3A11_04349	97.990	1343	27	0	1	1343	1	1343	0.0	2697
10P3R2A13_04285	51P2R2A10_05268	97.394	1343	35	0	1	1343	1	1343	0.0	2690
10P3R2A13_04286	10P3R2A13_04286	100.000	122	0	0	1	122	1	122	8.73e-76	220
10P3R2A13_04286	31P2R1A5_05152	97.541	122	3	0	1	122	1	122	5.89e-75	218
10P3R2A13_04286	42P1R1A12_05476	96.721	122	4	0	1	122	1	122	5.36e-61	182
10P3R2A13_04287	10P3R2A13_04287	100.000	166	0	0	1	166	1	166	1.15e-116	327
10P3R2A13_04287	38P2R3A13_05555	96.988	166	5	0	1	166	1	166	2.49e-112	316
10P3R2A13_04288	10P3R2A13_04288	100.000	235	0	0	1	235	1	235	2.11e-169	466
10P3R2A13_04288	18P3R3A11_04346	97.447	235	6	0	1	235	1	235	2.92e-165	455
10P3R2A13_04288	42P1R1A12_05474	97.021	235	7	0	1	235	1	235	8.18e-165	454
10P3R2A13_04289	10P3R2A13_04289	100.000	143	0	0	1	143	1	143	3.04e-101	286
10P3R2A13_04289	42P1R1A12_05473	97.902	143	3	0	1	143	1	143	7.82e-100	282
10P3R2A13_04291	10P3R2A13_04291	100.000	128	0	0	1	128	1	128	1.24e-85	245
10P3R2A13_04291	18P3R3A11_04343	96.875	128	4	0	1	128	1	128	1.86e-83	240
10P3R2A13_04292	10P3R2A13_04292	100.000	46	0	0	1	46	1	46	1.61e-26	90.1
10P3R2A13_04292	51P2R2A10_05275	97.826	46	1	0	1	46	42	87	1.86e-25	88.6
10P3R2A13_04293	10P3R2A13_04293	100.000	492	0	0	1	492	1	492	0.0	1003
10P3R2A13_04293	3P1R3A2_03330	95.935	492	20	0	1	492	1	492	0.0	967
10P3R2A13_04293	19P1R1A6_04586	99.143	467	4	0	26	492	1	467	0.0	949
10P3R2A13_04294	10P3R2A13_04294	100.000	173	0	0	1	173	1	173	1.32e-126	352
10P3R2A13_04294	3P1R3A2_03331	97.688	173	4	0	1	173	1	173	2.30e-124	347
10P3R2A13_04295	10P3R2A13_04295	100.000	101	0	0	1	101	1	101	1.08e-71	208
10P3R2A13_04295	3P1R3A2_03332	97.030	101	3	0	1	101	1	101	8.80e-70	203
10P3R2A13_04296	10P3R2A13_04296	100.000	551	0	0	1	551	1	551	0.0	1118
10P3R2A13_04296	3P1R3A2_03333	95.826	551	23	0	1	551	1	551	0.0	1043
10P3R2A13_04297	10P3R2A13_04297	100.000	163	0	0	1	163	1	163	9.00e-120	334
10P3R2A13_04297	3P1R3A2_03334	96.933	163	5	0	1	163	1	163	9.56e-117	327
10P3R2A13_04298	10P3R2A13_04298	100.000	73	0	0	1	73	1	73	2.64e-50	152
10P3R2A13_04298	19P1R1A6_04723	97.260	73	2	0	1	73	1	73	2.49e-49	149
10P3R2A13_04299	10P3R2A13_04299	100.000	363	0	0	1	363	1	363	0.0	750
10P3R2A13_04300	10P3R2A13_04300	100.000	1046	0	0	1	1046	1	1046	0.0	2149
10P3R2A13_04301	10P3R2A13_04301	100.000	192	0	0	1	192	1	192	1.07e-142	395
10P3R2A13_04302	10P3R2A13_04302	100.000	288	0	0	1	288	1	288	0.0	567
10P3R2A13_04303	10P3R2A13_04303	100.000	379	0	0	1	379	1	379	0.0	780
10P3R2A13_04305	10P3R2A13_04305	100.000	374	0	0	1	374	1	374	0.0	763
10P3R2A13_04305	15P1R1A16_04559	99.153	118	1	0	257	374	1	118	1.18e-78	237
10P3R2A13_04305	34P3R2A10_03787	100.000	71	0	0	304	374	1	71	2.41e-42	142
10P3R2A13_04306	10P3R2A13_04306	100.000	487	0	0	1	487	1	487	0.0	996
10P3R2A13_04306	34P3R2A10_04821	99.780	454	1	0	34	487	1	454	0.0	931
10P3R2A13_04306	43P2R2A2_05592	100.000	134	0	0	354	487	1	134	1.15e-94	282
10P3R2A13_04307	10P3R2A13_04307	100.000	224	0	0	1	224	1	224	8.82e-165	453
10P3R2A13_04308	10P3R2A13_04308	100.000	457	0	0	1	457	1	457	0.0	945
10P3R2A13_04309	10P3R2A13_04309	100.000	214	0	0	1	214	1	214	7.66e-156	430
10P3R2A13_04310	10P3R2A13_04310	100.000	369	0	0	1	369	1	369	0.0	761
10P3R2A13_04311	10P3R2A13_04311	100.000	154	0	0	1	154	1	154	1.71e-114	320
10P3R2A13_04312	10P3R2A13_04312	100.000	218	0	0	1	218	1	218	3.05e-162	446
10P3R2A13_04312	28P2R1A12_03280	97.706	218	5	0	1	218	1	218	1.33e-159	439
10P3R2A13_04313	10P3R2A13_04313	100.000	417	0	0	1	417	1	417	0.0	852
10P3R2A13_04313	18P3R3A11_00527	96.403	417	15	0	1	417	1	417	0.0	828
10P3R2A13_04313	31P2R1A5_04012	95.444	417	19	0	1	417	1	417	0.0	824
10P3R2A13_04313	38P2R3A13_07484	96.196	184	7	0	234	417	1	184	1.16e-126	363
10P3R2A13_04313	34P3R2A10_04785	98.276	116	2	0	302	417	1	116	7.17e-77	234
10P3R2A13_04313	15P1R1A16_03458	100.000	56	0	0	362	417	1	56	2.80e-32	116
10P3R2A13_04313	32P3R2A9_00929	100.000	51	0	0	367	417	1	51	4.98e-28	105
10P3R2A13_04314	10P3R2A13_04314	100.000	135	0	0	1	135	1	135	9.65e-100	281
10P3R2A13_04314	34P3R2A10_04784	100.000	126	0	0	10	135	1	126	1.87e-92	263
10P3R2A13_04315	10P3R2A13_04315	100.000	244	0	0	1	244	1	244	0.0	499
10P3R2A13_04316	10P3R2A13_04316	100.000	404	0	0	1	404	1	404	0.0	831
10P3R2A13_04317	10P3R2A13_04317	100.000	79	0	0	1	79	1	79	4.65e-54	162
10P3R2A13_04317	12_1P1R2A2-1_03214	97.468	79	2	0	1	79	1	79	3.93e-52	157
10P3R2A13_04318	10P3R2A13_04318	100.000	89	0	0	1	89	1	89	1.05e-58	174
10P3R2A13_04319	10P3R2A13_04319	100.000	83	0	0	1	83	1	83	2.26e-56	168
10P3R2A13_04319	32P3R2A9_00935	100.000	59	0	0	25	83	1	59	5.10e-36	115
10P3R2A13_04320	10P3R2A13_04320	100.000	508	0	0	1	508	1	508	0.0	1038
10P3R2A13_04321	10P3R2A13_04321	100.000	73	0	0	1	73	1	73	3.78e-46	141
10P3R2A13_04322	10P3R2A13_04322	100.000	466	0	0	1	466	1	466	0.0	971
10P3R2A13_04322	27P2R2A12_04319	99.481	385	2	0	82	466	1	385	0.0	798
10P3R2A13_04322	27P2R2A12_04019	100.000	78	0	0	1	78	1	78	8.68e-51	167
10P3R2A13_04323	10P3R2A13_04323	100.000	550	0	0	1	550	1	550	0.0	1132
10P3R2A13_04324	10P3R2A13_04324	100.000	201	0	0	1	201	1	201	3.31e-151	417
10P3R2A13_04325	10P3R2A13_04325	100.000	324	0	0	1	324	1	324	0.0	664
10P3R2A13_04325	27P2R2A12_04022	99.667	300	1	0	25	324	1	300	0.0	611
10P3R2A13_04326	10P3R2A13_04326	100.000	338	0	0	1	338	1	338	0.0	690
10P3R2A13_04327	10P3R2A13_04327	100.000	441	0	0	1	441	1	441	0.0	865
10P3R2A13_04327	34P3R2A10_05124	100.000	218	0	0	224	441	1	218	1.26e-148	421
10P3R2A13_04329	10P3R2A13_04329	100.000	256	0	0	1	256	1	256	0.0	525
10P3R2A13_04330	10P3R2A13_04330	100.000	310	0	0	1	310	1	310	0.0	641
10P3R2A13_04330	15P1R1A16_01780	100.000	124	0	0	187	310	1	124	2.67e-85	252
10P3R2A13_04331	10P3R2A13_04331	100.000	499	0	0	1	499	1	499	0.0	1017
10P3R2A13_04332	10P3R2A13_04332	100.000	429	0	0	1	429	1	429	0.0	848
10P3R2A13_04333	10P3R2A13_04333	100.000	650	0	0	1	650	1	650	0.0	1321
10P3R2A13_04334	10P3R2A13_04334	100.000	1158	0	0	1	1158	1	1158	0.0	2360
10P3R2A13_04335	10P3R2A13_04335	100.000	369	0	0	1	369	1	369	0.0	760
10P3R2A13_04335	33P3R2A2_02549	99.412	340	2	0	1	340	1	340	0.0	693
10P3R2A13_04335	34P3R2A10_01341	100.000	248	0	0	93	340	1	248	0.0	509
10P3R2A13_04336	10P3R2A13_04336	100.000	770	0	0	1	770	1	770	0.0	1571
10P3R2A13_04336	8P2R1A11_03456	100.000	478	0	0	293	770	1	478	0.0	976
10P3R2A13_04336	8P2R1A11_03457	98.723	235	3	0	1	235	1	235	1.24e-164	477
10P3R2A13_04336	43P2R2A2_01310	100.000	160	0	0	611	770	1	160	1.63e-108	327
10P3R2A13_04337	10P3R2A13_04337	100.000	873	0	0	1	873	1	873	0.0	1804
10P3R2A13_04337	25P2R1A13_02729	100.000	605	0	0	269	873	1	605	0.0	1252
10P3R2A13_04337	12_1P1R2A2-1_04108	100.000	518	0	0	356	873	1	518	0.0	1070
10P3R2A13_04337	25P2R1A13_02730	99.603	252	1	0	1	252	1	252	5.39e-180	518
10P3R2A13_04338	10P3R2A13_04338	100.000	251	0	0	1	251	1	251	0.0	510
10P3R2A13_04338	27P2R2A12_04035	98.785	247	3	0	5	251	6	252	0.0	498
10P3R2A13_04338	33P3R2A2_02552	99.441	179	1	0	73	251	1	179	8.51e-129	362
10P3R2A13_04338	33P3R2A2_02553	100.000	67	0	0	1	67	1	67	6.41e-42	137
10P3R2A13_04339	10P3R2A13_04339	100.000	110	0	0	1	110	1	110	2.96e-76	220
10P3R2A13_04340	10P3R2A13_04340	100.000	613	0	0	1	613	1	613	0.0	1238
10P3R2A13_04341	10P3R2A13_04341	100.000	165	0	0	1	165	1	165	1.01e-116	327
10P3R2A13_04341	1P1R1A1_03326	98.788	165	2	0	1	165	25	189	5.61e-116	326
10P3R2A13_04342	10P3R2A13_04342	100.000	148	0	0	1	148	1	148	7.93e-110	308
10P3R2A13_04343	10P3R2A13_04343	100.000	161	0	0	1	161	1	161	4.57e-119	332
10P3R2A13_04344	10P3R2A13_04344	100.000	84	0	0	1	84	1	84	7.71e-56	166
10P3R2A13_04345	10P3R2A13_04345	100.000	51	0	0	1	51	1	51	6.67e-30	99.0
10P3R2A13_04346	10P3R2A13_04346	100.000	61	0	0	1	61	1	61	8.91e-40	124
10P3R2A13_04347	10P3R2A13_04347	100.000	297	0	0	1	297	1	297	0.0	620
10P3R2A13_04348	10P3R2A13_04348	100.000	686	0	0	1	686	1	686	0.0	1395
10P3R2A13_04349	10P3R2A13_04349	100.000	386	0	0	1	386	1	386	0.0	797
10P3R2A13_04349	3P1R3A2_02852	97.911	383	8	0	1	383	1	383	0.0	780
10P3R2A13_04351	10P3R2A13_04351	100.000	311	0	0	1	311	1	311	0.0	634
10P3R2A13_04351	34P3R2A10_03042	100.000	151	0	0	161	311	1	151	2.47e-108	311
10P3R2A13_04352	10P3R2A13_04352	100.000	252	0	0	1	252	1	252	0.0	519
10P3R2A13_04353	10P3R2A13_04353	100.000	353	0	0	1	353	1	353	0.0	720
10P3R2A13_04353	33P3R2A2_03459	97.450	353	9	0	1	353	1	353	0.0	703
10P3R2A13_04353	28P2R1A12_00652	96.444	225	8	0	129	353	1	225	2.81e-161	450
10P3R2A13_04354	10P3R2A13_04354	100.000	447	0	0	1	447	1	447	0.0	910
10P3R2A13_04354	34P3R2A10_04893	100.000	432	0	0	16	447	1	432	0.0	881
10P3R2A13_04355	10P3R2A13_04355	100.000	95	0	0	1	95	1	95	1.69e-65	192
10P3R2A13_04355	11P3R3A1_00498	97.895	95	2	0	1	95	1	95	3.17e-64	189
10P3R2A13_04356	10P3R2A13_04356	100.000	437	0	0	1	437	1	437	0.0	887
10P3R2A13_04357	10P3R2A13_04357	100.000	715	0	0	1	715	1	715	0.0	1455
10P3R2A13_04358	10P3R2A13_04358	100.000	162	0	0	1	162	1	162	1.78e-118	331
10P3R2A13_04359	10P3R2A13_04359	100.000	188	0	0	1	188	1	188	6.03e-137	380
10P3R2A13_04359	29P3R3A9_00049	97.872	188	4	0	1	188	1	188	3.58e-134	373
10P3R2A13_04361	10P3R2A13_04361	100.000	251	0	0	1	251	1	251	0.0	514
10P3R2A13_04362	10P3R2A13_04362	100.000	169	0	0	1	169	1	169	9.93e-123	342
10P3R2A13_04363	10P3R2A13_04363	100.000	157	0	0	1	157	1	157	7.84e-115	321
10P3R2A13_04364	10P3R2A13_04364	100.000	175	0	0	1	175	1	175	5.20e-126	351
10P3R2A13_04365	10P3R2A13_04365	100.000	256	0	0	1	256	1	256	0.0	522
10P3R2A13_04366	10P3R2A13_04366	100.000	56	0	0	1	56	1	56	1.12e-36	116
10P3R2A13_04366	11P3R3A1_04099	100.000	56	0	0	1	56	152	207	6.30e-36	119
10P3R2A13_04366	38P2R3A13_08439	96.429	56	2	0	1	56	129	184	1.31e-34	115
10P3R2A13_04367	10P3R2A13_04367	100.000	328	0	0	1	328	1	328	0.0	636
10P3R2A13_04368	10P3R2A13_04368	100.000	225	0	0	1	225	1	225	1.38e-170	468
10P3R2A13_04369	10P3R2A13_04369	100.000	458	0	0	1	458	1	458	0.0	926
10P3R2A13_04370	10P3R2A13_04370	100.000	233	0	0	1	233	1	233	4.03e-170	468
10P3R2A13_04370	18P3R3A11_03955	95.708	233	10	0	1	233	1	233	2.35e-152	422
10P3R2A13_04371	10P3R2A13_04371	100.000	167	0	0	1	167	1	167	5.90e-121	338
10P3R2A13_04372	10P3R2A13_04372	100.000	301	0	0	1	301	1	301	0.0	606
10P3R2A13_04373	10P3R2A13_04373	100.000	35	0	0	1	35	1	35	1.03e-19	72.0
10P3R2A13_04374	10P3R2A13_04374	100.000	321	0	0	1	321	1	321	0.0	651
10P3R2A13_04374	34P3R2A10_03274	100.000	75	0	0	247	321	1	75	2.64e-49	159
10P3R2A13_04375	10P3R2A13_04375	100.000	330	0	0	1	330	1	330	0.0	676
10P3R2A13_04376	10P3R2A13_04376	100.000	252	0	0	1	252	1	252	0.0	523
10P3R2A13_04377	10P3R2A13_04377	100.000	256	0	0	1	256	1	256	0.0	519
10P3R2A13_04378	10P3R2A13_04378	100.000	200	0	0	1	200	1	200	3.77e-147	407
10P3R2A13_04379	10P3R2A13_04379	100.000	147	0	0	1	147	1	147	5.02e-104	293
10P3R2A13_04380	10P3R2A13_04380	100.000	100	0	0	1	100	1	100	1.90e-67	197
10P3R2A13_04381	10P3R2A13_04381	100.000	143	0	0	1	143	1	143	2.32e-104	294
10P3R2A13_04382	10P3R2A13_04382	100.000	249	0	0	1	249	1	249	0.0	514
10P3R2A13_04383	10P3R2A13_04383	100.000	337	0	0	1	337	1	337	0.0	672
10P3R2A13_04383	32P3R2A9_03269	99.703	337	1	0	1	337	44	380	0.0	671
10P3R2A13_04384	10P3R2A13_04384	100.000	503	0	0	1	503	1	503	0.0	1042
10P3R2A13_04385	10P3R2A13_04385	100.000	282	0	0	1	282	1	282	0.0	566
10P3R2A13_04386	10P3R2A13_04386	100.000	80	0	0	1	80	1	80	6.18e-50	151
10P3R2A13_04387	10P3R2A13_04387	100.000	162	0	0	1	162	1	162	3.18e-114	320
10P3R2A13_04388	10P3R2A13_04388	100.000	309	0	0	1	309	1	309	0.0	619
10P3R2A13_04388	15P1R1A16_02838	100.000	72	0	0	238	309	1	72	7.72e-44	144
10P3R2A13_04389	10P3R2A13_04389	100.000	444	0	0	1	444	1	444	0.0	902
10P3R2A13_04389	38P2R3A13_07567	95.495	444	20	0	1	444	1	444	0.0	872
10P3R2A13_04390	10P3R2A13_04390	100.000	177	0	0	1	177	1	177	1.36e-128	358
10P3R2A13_04390	31P2R1A5_04635	96.045	177	7	0	1	177	1	177	2.73e-123	344
10P3R2A13_04391	10P3R2A13_04391	100.000	285	0	0	1	285	1	285	0.0	574
10P3R2A13_04392	10P3R2A13_04392	100.000	342	0	0	1	342	1	342	0.0	705
10P3R2A13_04393	10P3R2A13_04393	100.000	733	0	0	1	733	1	733	0.0	1501
10P3R2A13_04393	43P2R2A2_01256	100.000	107	0	0	627	733	1	107	2.08e-68	219
10P3R2A13_04394	10P3R2A13_04394	100.000	71	0	0	1	71	1	71	6.84e-49	148
10P3R2A13_04396	10P3R2A13_04396	100.000	65	0	0	1	65	1	65	2.00e-43	134
10P3R2A13_04397	10P3R2A13_04397	100.000	159	0	0	1	159	1	159	8.05e-112	314
10P3R2A13_04397	31P2R1A5_05206	96.855	159	5	0	1	159	1	159	3.22e-109	307
10P3R2A13_04397	38P2R3A13_08552	96.855	159	5	0	1	159	1	159	1.42e-108	306
10P3R2A13_04397	42P1R1A12_05680	96.855	159	5	0	1	159	1	159	5.01e-108	304
10P3R2A13_04398	10P3R2A13_04398	100.000	156	0	0	1	156	1	156	8.88e-109	306
10P3R2A13_04405	10P3R2A13_04405	100.000	111	0	0	1	111	1	111	1.86e-75	218
10P3R2A13_04405	18P3R3A11_04447	97.297	111	3	0	1	111	1	111	7.37e-74	214
10P3R2A13_04405	24P1R3A1_07582	95.495	111	5	0	1	111	1	111	2.20e-71	208
10P3R2A13_04407	10P3R2A13_04407	100.000	137	0	0	1	137	1	137	9.48e-97	274
10P3R2A13_04407	18P3R3A11_04445	97.080	137	4	0	1	137	1	137	1.30e-93	266
10P3R2A13_04407	24P1R3A1_07584	95.620	137	6	0	1	137	1	137	1.34e-92	263
10P3R2A13_04408	10P3R2A13_04408	100.000	64	0	0	1	64	1	64	7.92e-39	122
10P3R2A13_04409	10P3R2A13_04409	100.000	85	0	0	1	85	1	85	1.35e-57	171
10P3R2A13_04409	31P2R1A5_05218	97.647	85	2	0	1	85	1	85	1.90e-56	168
10P3R2A13_04409	18P3R3A11_04443	97.647	85	2	0	1	85	1	85	1.36e-55	166
10P3R2A13_04410	10P3R2A13_04410	100.000	124	0	0	1	124	1	124	1.64e-86	247
10P3R2A13_04410	18P3R3A11_04442	97.581	124	3	0	1	124	1	124	3.74e-85	244
10P3R2A13_04410	24P1R3A1_07587	96.774	124	4	0	1	124	1	124	6.36e-83	238
10P3R2A13_04413	10P3R2A13_04413	100.000	102	0	0	1	102	1	102	5.22e-71	206
10P3R2A13_04414	10P3R2A13_04414	100.000	131	0	0	1	131	1	131	7.12e-93	264
10P3R2A13_04414	18P3R3A11_04438	97.710	131	3	0	1	131	1	131	3.18e-91	259
10P3R2A13_04414	24P1R3A1_07591	95.420	131	6	0	1	131	1	131	8.65e-90	256
10P3R2A13_04415	10P3R2A13_04415	100.000	178	0	0	1	178	1	178	5.22e-129	359
10P3R2A13_04415	31P2R1A5_05224	95.506	178	8	0	1	178	1	178	1.98e-124	347
10P3R2A13_04416	10P3R2A13_04416	100.000	118	0	0	1	118	1	118	4.19e-81	233
10P3R2A13_04416	18P3R3A11_04436	96.610	118	4	0	1	118	1	118	7.21e-79	227
10P3R2A13_04417	10P3R2A13_04417	100.000	168	0	0	1	168	1	168	2.46e-119	333
10P3R2A13_04417	54P2R2A3_04897	97.024	168	5	0	1	168	1	168	1.74e-115	324
10P3R2A13_04418	10P3R2A13_04418	100.000	60	0	0	1	60	1	60	8.87e-38	119
10P3R2A13_04419	10P3R2A13_04419	100.000	145	0	0	1	145	1	145	1.99e-97	276
10P3R2A13_04419	18P3R3A11_04433	97.931	145	3	0	1	145	1	145	4.44e-96	273
10P3R2A13_04420	10P3R2A13_04420	100.000	444	0	0	1	444	1	444	0.0	887
10P3R2A13_04420	31P2R1A5_05229	97.973	444	9	0	1	444	1	444	0.0	874
10P3R2A13_04421	10P3R2A13_04421	100.000	39	0	0	1	39	1	39	2.60e-21	76.3
10P3R2A13_04422	10P3R2A13_04422	100.000	119	0	0	1	119	1	119	4.65e-82	235
10P3R2A13_04423	10P3R2A13_04423	100.000	130	0	0	1	130	1	130	1.14e-92	263
10P3R2A13_04424	10P3R2A13_04424	100.000	207	0	0	1	207	1	207	2.78e-152	420
10P3R2A13_04424	18P3R3A11_04429	97.585	207	5	0	1	207	1	207	1.28e-148	411
10P3R2A13_04427	10P3R2A13_04427	100.000	123	0	0	1	123	1	123	5.37e-86	246
10P3R2A13_04428	10P3R2A13_04428	100.000	142	0	0	1	142	1	142	4.26e-102	288
10P3R2A13_04429	10P3R2A13_04429	100.000	73	0	0	1	73	1	73	3.60e-50	151
10P3R2A13_04429	16_1P2R1A8-1_04136	97.260	73	2	0	1	73	1	73	5.86e-49	148
10P3R2A13_04430	10P3R2A13_04430	100.000	137	0	0	1	137	1	137	7.82e-95	269
10P3R2A13_04430	18P3R3A11_04423	95.652	138	5	1	1	137	1	138	2.14e-90	258
10P3R2A13_04431	10P3R2A13_04431	100.000	459	0	0	1	459	1	459	0.0	925
10P3R2A13_04431	18P3R3A11_04422	97.603	459	11	0	1	459	1	459	0.0	908
10P3R2A13_04431	31P2R1A5_05238	96.732	459	15	0	1	459	1	459	0.0	901
10P3R2A13_04432	10P3R2A13_04432	100.000	430	0	0	1	430	1	430	0.0	885
10P3R2A13_04433	10P3R2A13_04433	100.000	316	0	0	1	316	1	316	0.0	641
10P3R2A13_04434	10P3R2A13_04434	100.000	170	0	0	1	170	1	170	1.02e-120	337
10P3R2A13_04434	42P1R1A12_05716	97.059	170	5	0	1	170	1	170	3.24e-117	328
10P3R2A13_04435	10P3R2A13_04435	100.000	375	0	0	1	375	1	375	0.0	758
10P3R2A13_04435	27P2R2A12_03633	97.867	375	8	0	1	375	1	375	0.0	744
10P3R2A13_04435	15P1R1A16_04400	99.091	330	3	0	46	375	1	330	0.0	661
10P3R2A13_04436	10P3R2A13_04436	100.000	158	0	0	1	158	1	158	4.70e-113	317
10P3R2A13_04437	10P3R2A13_04437	100.000	181	0	0	1	181	1	181	5.27e-134	372
10P3R2A13_04438	10P3R2A13_04438	100.000	191	0	0	1	191	1	191	9.93e-140	387
10P3R2A13_04439	10P3R2A13_04439	100.000	273	0	0	1	273	1	273	0.0	557
10P3R2A13_04440	10P3R2A13_04440	100.000	86	0	0	1	86	1	86	3.26e-60	177
10P3R2A13_04441	10P3R2A13_04441	100.000	185	0	0	1	185	1	185	4.62e-134	372
10P3R2A13_04442	10P3R2A13_04442	100.000	71	0	0	1	71	1	71	1.87e-46	142
10P3R2A13_04442	28P2R1A12_04134	95.775	71	3	0	1	71	1	71	5.99e-44	135
10P3R2A13_04443	10P3R2A13_04443	100.000	206	0	0	1	206	1	206	1.11e-154	426
10P3R2A13_04443	27P2R2A12_04140	96.602	206	1	1	1	206	1	200	1.38e-146	405
10P3R2A13_04444	10P3R2A13_04444	100.000	500	0	0	1	500	1	500	0.0	1008
10P3R2A13_04444	34P3R2A10_04586	99.281	139	1	0	362	500	1	139	2.49e-92	277
10P3R2A13_04445	10P3R2A13_04445	100.000	354	0	0	1	354	1	354	0.0	720
10P3R2A13_04446	10P3R2A13_04446	100.000	701	0	0	1	701	1	701	0.0	1446
10P3R2A13_04446	34P3R2A10_01804	99.830	587	1	0	115	701	1	587	0.0	1216
10P3R2A13_04447	10P3R2A13_04447	100.000	222	0	0	1	222	1	222	7.42e-163	448
10P3R2A13_04447	28P2R1A12_04129	95.946	222	9	0	1	222	1	222	1.65e-147	409
10P3R2A13_04448	10P3R2A13_04448	100.000	346	0	0	1	346	1	346	0.0	707
10P3R2A13_04449	10P3R2A13_04449	100.000	173	0	0	1	173	1	173	1.37e-129	360
10P3R2A13_04449	43P2R2A2_05525	100.000	112	0	0	62	173	1	112	8.15e-81	234
10P3R2A13_04450	10P3R2A13_04450	100.000	150	0	0	1	150	1	150	1.01e-100	285
10P3R2A13_04451	10P3R2A13_04451	100.000	78	0	0	1	78	1	78	9.25e-51	153
10P3R2A13_04452	10P3R2A13_04452	100.000	58	0	0	1	58	1	58	1.49e-35	113
10P3R2A13_04453	10P3R2A13_04453	100.000	270	0	0	1	270	1	270	0.0	556
10P3R2A13_04454	10P3R2A13_04454	100.000	475	0	0	1	475	1	475	0.0	977
10P3R2A13_04455	10P3R2A13_04455	100.000	265	0	0	1	265	1	265	0.0	520
10P3R2A13_04456	10P3R2A13_04456	100.000	314	0	0	1	314	1	314	0.0	613
10P3R2A13_04457	10P3R2A13_04457	100.000	338	0	0	1	338	1	338	0.0	693
10P3R2A13_04458	10P3R2A13_04458	100.000	382	0	0	1	382	1	382	0.0	793
10P3R2A13_04460	10P3R2A13_04460	100.000	146	0	0	1	146	1	146	5.91e-105	295
10P3R2A13_04461	10P3R2A13_04461	100.000	59	0	0	1	59	1	59	1.48e-38	121
10P3R2A13_04462	10P3R2A13_04462	100.000	57	0	0	1	57	1	57	1.09e-36	116
10P3R2A13_04463	10P3R2A13_04463	100.000	654	0	0	1	654	1	654	0.0	1360
10P3R2A13_04463	28P2R1A12_04113	99.388	654	4	0	1	654	15	668	0.0	1355
10P3R2A13_04463	27P2R2A12_04122	99.083	436	4	0	219	654	1	436	0.0	907
10P3R2A13_04463	43P2R2A2_04943	100.000	354	0	0	301	654	1	354	0.0	741
10P3R2A13_04463	27P2R2A12_04121	99.537	216	1	0	1	216	1	216	1.37e-154	444
10P3R2A13_04463	15P1R1A16_02228	99.448	181	1	0	474	654	1	181	1.02e-129	379
10P3R2A13_04464	10P3R2A13_04464	100.000	179	0	0	1	179	1	179	1.80e-134	373
10P3R2A13_04464	27P2R2A12_04120	97.207	179	5	0	1	179	1	179	9.38e-132	366
10P3R2A13_04465	10P3R2A13_04465	100.000	392	0	0	1	392	1	392	0.0	759
10P3R2A13_04466	10P3R2A13_04466	100.000	130	0	0	1	130	1	130	1.33e-94	268
10P3R2A13_04466	12_1P1R2A2-1_00913	97.692	130	3	0	1	130	1	130	7.56e-92	261
10P3R2A13_04466	26P1R3A4_00678	96.923	130	4	0	1	130	1	130	1.20e-90	258
10P3R2A13_04466	11P3R3A1_04582	96.923	130	4	0	1	130	1	130	2.17e-90	257
10P3R2A13_04466	39P2R1A13_04383	96.154	130	5	0	1	130	1	130	1.50e-89	255
10P3R2A13_04466	28P2R1A12_04110	96.154	130	5	0	1	130	254	383	5.64e-88	260
10P3R2A13_04466	1P1R1A1_04567	96.907	97	3	0	34	130	1	97	5.76e-66	194
10P3R2A13_04466	15P1R1A16_04298	95.876	97	4	0	34	130	1	97	1.20e-64	191
10P3R2A13_04466	1P1R1A1_03928	95.876	97	4	0	34	130	1	97	2.01e-64	191
10P3R2A13_04467	10P3R2A13_04467	100.000	99	0	0	1	99	1	99	7.22e-69	201
10P3R2A13_04468	10P3R2A13_04468	100.000	67	0	0	1	67	1	67	1.71e-45	139
10P3R2A13_04468	40P3R1A10_03734	97.015	67	2	0	1	67	1	67	9.97e-44	135
10P3R2A13_04468	8P2R1A11_00339	96.610	59	2	0	1	59	1	59	1.82e-38	121
10P3R2A13_04469	10P3R2A13_04469	100.000	111	0	0	1	111	1	111	8.67e-79	226
10P3R2A13_04469	8P2R1A11_00340	96.396	111	4	0	1	111	1	111	3.09e-75	218
10P3R2A13_04470	10P3R2A13_04470	100.000	232	0	0	1	232	1	232	1.79e-176	483
10P3R2A13_04470	8P2R1A11_00342	99.541	218	1	0	15	232	1	218	2.94e-164	452
10P3R2A13_04470	40P3R1A10_03730	96.789	218	7	0	15	232	1	218	2.06e-159	440
10P3R2A13_04471	10P3R2A13_04471	100.000	72	0	0	1	72	1	72	5.49e-50	151
10P3R2A13_04471	40P3R1A10_03729	97.222	72	2	0	1	72	1	72	8.28e-49	148
10P3R2A13_04472	10P3R2A13_04472	100.000	94	0	0	1	94	1	94	4.76e-65	191
10P3R2A13_04473	10P3R2A13_04473	100.000	282	0	0	1	282	1	282	0.0	582
10P3R2A13_04474	10P3R2A13_04474	100.000	298	0	0	1	298	1	298	0.0	619
10P3R2A13_04475	10P3R2A13_04475	100.000	97	0	0	1	97	1	97	1.08e-68	200
10P3R2A13_04476	10P3R2A13_04476	100.000	33	0	0	1	33	1	33	1.29e-18	69.3
10P3R2A13_04477	10P3R2A13_04477	100.000	71	0	0	1	71	1	71	4.87e-49	148
10P3R2A13_04478	10P3R2A13_04478	100.000	147	0	0	1	147	1	147	1.16e-106	300
10P3R2A13_04478	3P1R3A2_02820	97.279	147	4	0	1	147	1	147	4.12e-104	293
10P3R2A13_04478	1P1R1A1_03299	95.238	147	7	0	1	147	1	147	6.03e-94	268
10P3R2A13_04479	10P3R2A13_04479	100.000	176	0	0	1	176	1	176	7.31e-131	363
10P3R2A13_04480	10P3R2A13_04480	100.000	204	0	0	1	204	1	204	1.34e-150	416
10P3R2A13_04480	5P3R2A4_01811	97.549	204	5	0	1	204	1	204	4.95e-148	409
10P3R2A13_04481	10P3R2A13_04481	100.000	69	0	0	1	69	1	69	6.06e-47	143
10P3R2A13_04482	10P3R2A13_04482	100.000	224	0	0	1	224	1	224	1.91e-169	465
10P3R2A13_04482	5P3R2A4_01809	96.833	221	7	0	1	221	1	221	1.40e-160	442
10P3R2A13_04483	10P3R2A13_04483	100.000	173	0	0	1	173	1	173	1.84e-129	360
10P3R2A13_04484	10P3R2A13_04484	100.000	108	0	0	1	108	1	108	1.04e-74	216
10P3R2A13_04485	10P3R2A13_04485	100.000	159	0	0	1	159	1	159	4.49e-118	330
10P3R2A13_04485	15P1R1A16_04903	100.000	66	0	0	94	159	1	66	1.45e-42	135
10P3R2A13_04486	10P3R2A13_04486	100.000	146	0	0	1	146	1	146	1.40e-103	292
10P3R2A13_04486	30P2R3A4_03878	95.890	146	6	0	1	146	1	146	8.59e-100	282
10P3R2A13_04486	12_1P1R2A2-1_03702	95.890	146	6	0	1	146	1	146	6.41e-98	278
10P3R2A13_04486	16_1P2R1A8-1_04299	95.139	144	7	0	1	144	1	144	1.15e-97	277
10P3R2A13_04487	10P3R2A13_04487	100.000	51	0	0	1	51	1	51	2.62e-30	100
10P3R2A13_04487	16_1P2R1A8-1_04749	96.078	51	2	0	1	51	1	51	3.78e-29	97.1
10P3R2A13_04488	10P3R2A13_04488	100.000	173	0	0	1	173	1	173	4.33e-130	361
10P3R2A13_04489	10P3R2A13_04489	100.000	81	0	0	1	81	1	81	2.23e-54	162
10P3R2A13_04489	5P3R2A4_01801	97.531	81	2	0	1	81	1	81	7.38e-54	161
10P3R2A13_04490	10P3R2A13_04490	100.000	131	0	0	1	131	1	131	2.67e-98	277
10P3R2A13_04491	10P3R2A13_04491	100.000	46	0	0	1	46	1	46	1.97e-23	82.4
10P3R2A13_04492	10P3R2A13_04492	100.000	148	0	0	1	148	1	148	5.97e-109	306
10P3R2A13_04493	10P3R2A13_04493	100.000	493	0	0	1	493	1	493	0.0	1032
10P3R2A13_04494	10P3R2A13_04494	100.000	733	0	0	1	733	1	733	0.0	1524
10P3R2A13_04495	10P3R2A13_04495	100.000	298	0	0	1	298	1	298	0.0	598
10P3R2A13_04496	10P3R2A13_04496	100.000	418	0	0	1	418	1	418	0.0	864
10P3R2A13_04497	10P3R2A13_04497	100.000	59	0	0	1	59	1	59	4.86e-39	122
10P3R2A13_04497	1P1R1A1_03318	98.276	58	1	0	1	58	1	58	4.81e-38	120
10P3R2A13_04498	10P3R2A13_04498	100.000	154	0	0	1	154	1	154	1.18e-111	313
10P3R2A13_04499	10P3R2A13_04499	100.000	473	0	0	1	473	1	473	0.0	975
10P3R2A13_04499	1P1R1A1_03320	97.463	473	12	0	1	473	1	473	0.0	955
10P3R2A13_04499	3P1R3A2_02844	95.560	473	21	0	1	473	1	473	0.0	936
10P3R2A13_04499	3P1R3A2_02842	96.774	31	1	0	1	31	1	31	8.08e-16	71.2
10P3R2A13_04500	10P3R2A13_04500	100.000	283	0	0	1	283	1	283	0.0	572
10P3R2A13_04500	1P1R1A1_03321	97.527	283	7	0	1	283	1	283	0.0	560
10P3R2A13_04501	10P3R2A13_04501	100.000	156	0	0	1	156	1	156	2.06e-115	323
10P3R2A13_04501	5P3R2A4_01791	97.403	154	4	0	1	154	1	154	3.14e-111	312
10P3R2A13_04502	10P3R2A13_04502	100.000	220	0	0	1	220	1	220	9.08e-152	420
10P3R2A13_04503	10P3R2A13_04503	100.000	283	0	0	1	283	1	283	0.0	573
10P3R2A13_04504	10P3R2A13_04504	100.000	215	0	0	1	215	1	215	3.72e-161	443
10P3R2A13_04505	10P3R2A13_04505	100.000	249	0	0	1	249	1	249	0.0	503
10P3R2A13_04506	10P3R2A13_04506	100.000	699	0	0	1	699	1	699	0.0	1446
10P3R2A13_04507	10P3R2A13_04507	100.000	380	0	0	1	380	1	380	0.0	777
10P3R2A13_04508	10P3R2A13_04508	100.000	149	0	0	1	149	1	149	5.82e-110	308
10P3R2A13_04509	10P3R2A13_04509	100.000	727	0	0	1	727	1	727	0.0	1486
10P3R2A13_04509	16_1P2R1A8-1_01993	99.841	630	1	0	98	727	1	630	0.0	1287
10P3R2A13_04509	16_1P2R1A8-1_01994	100.000	87	0	0	1	87	1	87	2.29e-54	181
10P3R2A13_04510	10P3R2A13_04510	100.000	433	0	0	1	433	1	433	0.0	883
10P3R2A13_04510	43P2R2A2_03909	100.000	78	0	0	356	433	1	78	1.62e-49	162
10P3R2A13_04511	10P3R2A13_04511	100.000	31	0	0	1	31	1	31	8.69e-15	59.3
10P3R2A13_04512	10P3R2A13_04512	100.000	379	0	0	1	379	1	379	0.0	748
10P3R2A13_04512	34P3R2A10_02019	100.000	168	0	0	212	379	1	168	4.50e-115	332
10P3R2A13_04513	10P3R2A13_04513	100.000	515	0	0	1	515	1	515	0.0	1047
10P3R2A13_04513	34P3R2A10_04903	99.231	260	2	0	256	515	1	260	0.0	528
10P3R2A13_04514	10P3R2A13_04514	100.000	286	0	0	1	286	1	286	0.0	579
10P3R2A13_04515	10P3R2A13_04515	100.000	133	0	0	1	133	1	133	3.03e-95	270
10P3R2A13_04516	10P3R2A13_04516	100.000	196	0	0	1	196	1	196	2.95e-143	396
10P3R2A13_04517	10P3R2A13_04517	100.000	236	0	0	1	236	1	236	4.17e-176	483
10P3R2A13_04518	10P3R2A13_04518	100.000	598	0	0	1	598	1	598	0.0	1245
10P3R2A13_04519	10P3R2A13_04519	100.000	373	0	0	1	373	1	373	0.0	780
10P3R2A13_04521	10P3R2A13_04521	100.000	195	0	0	1	195	1	195	9.60e-146	402
10P3R2A13_04522	10P3R2A13_04522	100.000	846	0	0	1	846	1	846	0.0	1736
10P3R2A13_04523	10P3R2A13_04523	100.000	182	0	0	1	182	1	182	1.85e-135	375
10P3R2A13_04524	10P3R2A13_04524	100.000	89	0	0	1	89	1	89	8.16e-61	179
10P3R2A13_04525	10P3R2A13_04525	100.000	158	0	0	1	158	1	158	4.69e-114	320
10P3R2A13_04526	10P3R2A13_04526	100.000	283	0	0	1	283	1	283	0.0	586
10P3R2A13_04527	10P3R2A13_04527	100.000	333	0	0	1	333	1	333	0.0	687
10P3R2A13_04527	34P3R2A10_03889	99.225	129	1	0	205	333	1	129	3.65e-88	260
10P3R2A13_04528	10P3R2A13_04528	100.000	156	0	0	1	156	1	156	2.46e-114	320
10P3R2A13_04528	25P2R1A13_02776	96.154	156	6	0	1	156	1	156	7.92e-111	311
10P3R2A13_04528	12_1P1R2A2-1_03873	100.000	88	0	0	1	88	1	88	2.36e-61	184
10P3R2A13_04529	10P3R2A13_04529	100.000	158	0	0	1	158	1	158	1.95e-113	318
10P3R2A13_04530	10P3R2A13_04530	100.000	426	0	0	1	426	1	426	0.0	825
10P3R2A13_04531	10P3R2A13_04531	100.000	329	0	0	1	329	1	329	0.0	675
10P3R2A13_04531	12_1P1R2A2-1_04212	100.000	276	0	0	1	276	1	276	0.0	571
10P3R2A13_04531	12_1P1R2A2-1_04213	100.000	48	0	0	282	329	1	48	3.32e-25	95.9
10P3R2A13_04532	10P3R2A13_04532	100.000	499	0	0	1	499	1	499	0.0	1033
10P3R2A13_04532	27P2R2A12_03573	97.996	499	10	0	1	499	1	499	0.0	1014
10P3R2A13_04532	15P1R1A16_03574	100.000	148	0	0	352	499	1	148	6.08e-104	307
10P3R2A13_04533	10P3R2A13_04533	100.000	221	0	0	1	221	1	221	1.07e-160	442
10P3R2A13_04533	28P2R1A12_04075	97.738	221	5	0	1	221	1	221	1.09e-156	432
10P3R2A13_04534	10P3R2A13_04534	100.000	287	0	0	1	287	1	287	0.0	592
10P3R2A13_04534	43P2R2A2_05561	100.000	226	0	0	62	287	1	226	1.11e-169	468
10P3R2A13_04535	10P3R2A13_04535	100.000	232	0	0	1	232	1	232	2.18e-176	483
10P3R2A13_04535	28P2R1A12_04073	97.414	232	6	0	1	232	1	232	7.02e-172	472
10P3R2A13_04536	10P3R2A13_04536	100.000	247	0	0	1	247	1	247	0.0	506
10P3R2A13_04536	25P2R1A13_02784	97.976	247	5	0	1	247	1	247	0.0	500
10P3R2A13_04536	43P2R2A2_04395	96.296	54	2	0	194	247	1	54	2.43e-31	110
10P3R2A13_04537	10P3R2A13_04537	100.000	325	0	0	1	325	1	325	0.0	677
10P3R2A13_04537	15P1R1A16_05017	99.623	265	1	0	61	325	1	265	0.0	556
10P3R2A13_04538	10P3R2A13_04538	100.000	379	0	0	1	379	1	379	0.0	775
10P3R2A13_04538	43P2R2A2_05166	100.000	364	0	0	16	379	1	364	0.0	744
10P3R2A13_04538	15P1R1A16_05018	99.634	273	1	0	107	379	1	273	0.0	553
10P3R2A13_04538	29P3R3A9_03498	96.137	233	7	1	1	233	1	231	1.34e-161	454
10P3R2A13_04539	10P3R2A13_04539	100.000	108	0	0	1	108	1	108	1.25e-75	218
10P3R2A13_04540	10P3R2A13_04540	100.000	71	0	0	1	71	1	71	7.95e-47	143
10P3R2A13_04541	10P3R2A13_04541	100.000	513	0	0	1	513	1	513	0.0	1065
10P3R2A13_04541	34P3R2A10_02431	100.000	112	0	0	402	513	1	112	1.74e-77	238
10P3R2A13_04542	10P3R2A13_04542	100.000	384	0	0	1	384	1	384	0.0	783
10P3R2A13_04543	10P3R2A13_04543	100.000	615	0	0	1	615	1	615	0.0	1251
10P3R2A13_04543	34P3R2A10_04014	99.550	222	1	0	394	615	1	222	1.82e-159	456
10P3R2A13_04544	10P3R2A13_04544	100.000	464	0	0	1	464	1	464	0.0	939
10P3R2A13_04544	15P1R1A16_03908	99.545	220	1	0	245	464	1	220	4.24e-156	441
10P3R2A13_04545	10P3R2A13_04545	100.000	203	0	0	1	203	1	203	2.47e-149	412
10P3R2A13_04546	10P3R2A13_04546	100.000	240	0	0	1	240	1	240	9.89e-180	492
10P3R2A13_04547	10P3R2A13_04547	100.000	109	0	0	1	109	1	109	2.01e-77	223
10P3R2A13_04548	10P3R2A13_04548	100.000	240	0	0	1	240	1	240	0.0	495
10P3R2A13_04549	10P3R2A13_04549	100.000	351	0	0	1	351	1	351	0.0	728
10P3R2A13_04550	10P3R2A13_04550	100.000	92	0	0	1	92	1	92	2.92e-65	191
10P3R2A13_04551	10P3R2A13_04551	100.000	360	0	0	1	360	1	360	0.0	744
10P3R2A13_04552	10P3R2A13_04552	100.000	419	0	0	1	419	1	419	0.0	844
10P3R2A13_04552	34P3R2A10_03843	100.000	163	0	0	257	419	1	163	2.22e-114	331
10P3R2A13_04553	10P3R2A13_04553	100.000	712	0	0	1	712	1	712	0.0	1481
10P3R2A13_04554	10P3R2A13_04554	100.000	236	0	0	1	236	1	236	2.67e-166	458
10P3R2A13_04556	10P3R2A13_04556	100.000	334	0	0	1	334	1	334	0.0	698
10P3R2A13_04557	10P3R2A13_04557	100.000	548	0	0	1	548	1	548	0.0	1130
10P3R2A13_04558	10P3R2A13_04558	100.000	503	0	0	1	503	1	503	0.0	1045
10P3R2A13_04559	10P3R2A13_04559	100.000	228	0	0	1	228	1	228	7.98e-173	474
10P3R2A13_04560	10P3R2A13_04560	100.000	311	0	0	1	311	1	311	0.0	641
10P3R2A13_04561	10P3R2A13_04561	100.000	329	0	0	1	329	1	329	0.0	687
10P3R2A13_04562	10P3R2A13_04562	100.000	116	0	0	1	116	1	116	7.72e-84	239
10P3R2A13_04563	10P3R2A13_04563	100.000	201	0	0	1	201	1	201	2.76e-150	414
10P3R2A13_04564	10P3R2A13_04564	100.000	216	0	0	1	216	1	216	3.56e-162	446
10P3R2A13_04566	10P3R2A13_04566	100.000	268	0	0	1	268	1	268	0.0	546
10P3R2A13_04566	17P1R1A4_04206	97.761	268	6	0	1	268	1	268	0.0	537
10P3R2A13_04566	15P1R1A16_03610	98.246	57	1	0	212	268	1	57	9.93e-34	117
10P3R2A13_04567	10P3R2A13_04567	100.000	305	0	0	1	305	1	305	0.0	621
10P3R2A13_04567	12_1P1R2A2-1_04356	95.082	305	1	1	1	305	1	291	0.0	584
10P3R2A13_04568	10P3R2A13_04568	100.000	260	0	0	1	260	1	260	0.0	533
10P3R2A13_04569	10P3R2A13_04569	100.000	257	0	0	1	257	1	257	0.0	530
10P3R2A13_04569	34P3R2A10_02624	97.665	257	6	0	1	257	1	257	0.0	516
10P3R2A13_04569	15P1R1A16_03613	96.887	257	8	0	1	257	1	257	0.0	516
10P3R2A13_04569	11P3R3A1_04302	96.887	257	8	0	1	257	1	257	0.0	514
10P3R2A13_04570	24P1R3A1_06832	99.754	407	1	0	1	407	47	453	0.0	833
10P3R2A13_04570	10P3R2A13_04570	100.000	407	0	0	1	407	1	407	0.0	833
10P3R2A13_04571	10P3R2A13_04571	100.000	252	0	0	1	252	1	252	0.0	526
10P3R2A13_04571	43P2R2A2_04844	100.000	81	0	0	172	252	1	81	1.77e-53	167
10P3R2A13_04572	10P3R2A13_04572	100.000	241	0	0	1	241	1	241	0.0	495
10P3R2A13_04573	10P3R2A13_04573	100.000	156	0	0	1	156	1	156	7.16e-117	327
10P3R2A13_04574	10P3R2A13_04574	100.000	247	0	0	1	247	1	247	0.0	511
10P3R2A13_04574	34P3R2A10_05121	98.930	187	2	0	61	247	1	187	7.19e-138	385
10P3R2A13_04574	43P2R2A2_02807	100.000	67	0	0	181	247	1	67	1.42e-41	136
10P3R2A13_04574	15P1R1A16_00880	100.000	60	0	0	188	247	1	60	5.41e-36	122
10P3R2A13_04576	10P3R2A13_04576	100.000	262	0	0	1	262	1	262	0.0	543
10P3R2A13_04576	34P3R2A10_00603	100.000	252	0	0	11	262	1	252	0.0	520
10P3R2A13_04577	10P3R2A13_04577	100.000	160	0	0	1	160	1	160	1.58e-114	321
10P3R2A13_04578	10P3R2A13_04578	100.000	305	0	0	1	305	1	305	0.0	630
10P3R2A13_04579	10P3R2A13_04579	100.000	161	0	0	1	161	1	161	8.25e-120	334
10P3R2A13_04580	10P3R2A13_04580	100.000	451	0	0	1	451	1	451	0.0	920
10P3R2A13_04580	30P2R3A4_04446	100.000	103	0	0	349	451	1	103	7.71e-67	209
10P3R2A13_04581	10P3R2A13_04581	100.000	1129	0	0	1	1129	1	1129	0.0	2319
10P3R2A13_04581	27P2R2A12_04175	99.286	420	2	1	710	1129	191	609	0.0	858
10P3R2A13_04581	29P3R3A9_04295	99.286	420	2	1	710	1129	10	428	0.0	857
10P3R2A13_04581	11P3R3A1_04290	97.619	420	9	1	710	1129	757	1175	0.0	842
10P3R2A13_04581	11P3R3A1_04290	98.588	354	5	0	365	718	270	623	0.0	723
10P3R2A13_04581	34P3R2A10_00611	96.325	381	10	1	1	381	1	377	0.0	751
10P3R2A13_04582	10P3R2A13_04582	100.000	254	0	0	1	254	1	254	0.0	524
10P3R2A13_04582	15P1R1A16_00891	97.244	254	7	0	1	254	1	254	0.0	512
10P3R2A13_04583	10P3R2A13_04583	100.000	172	0	0	1	172	1	172	6.35e-126	350
10P3R2A13_04583	11P3R3A1_04285	100.000	143	0	0	30	172	302	444	1.15e-98	291
10P3R2A13_04584	10P3R2A13_04584	100.000	175	0	0	1	175	1	175	3.80e-129	359
10P3R2A13_04585	10P3R2A13_04585	100.000	339	0	0	1	339	1	339	0.0	691
10P3R2A13_04585	11P3R3A1_04283	97.959	245	5	0	95	339	183	427	3.21e-173	488
10P3R2A13_04585	5P3R2A4_04322	96.735	245	8	0	95	339	74	318	9.61e-173	482
10P3R2A13_04585	15P1R1A16_00894	96.735	245	8	0	95	339	183	427	6.60e-171	482
10P3R2A13_04586	10P3R2A13_04586	100.000	197	0	0	1	197	1	197	2.78e-146	404
10P3R2A13_04586	5P3R2A4_04409	97.970	197	4	0	1	197	1	197	6.35e-144	398
10P3R2A13_04587	10P3R2A13_04587	100.000	361	0	0	1	361	1	361	0.0	734
10P3R2A13_04588	10P3R2A13_04588	100.000	138	0	0	1	138	1	138	4.69e-97	275
10P3R2A13_04588	5P3R2A4_04411	97.101	138	4	0	1	138	1	138	8.54e-94	266
10P3R2A13_04589	10P3R2A13_04589	100.000	178	0	0	1	178	1	178	6.98e-132	366
10P3R2A13_04589	19P1R1A6_04699	97.191	178	5	0	1	178	1	178	3.29e-129	359
10P3R2A13_04589	5P3R2A4_04412	96.629	178	6	0	1	178	1	178	1.53e-127	355
10P3R2A13_04590	10P3R2A13_04590	100.000	352	0	0	1	352	1	352	0.0	714
10P3R2A13_04590	19P1R1A6_04700	100.000	199	0	0	154	352	1	199	3.05e-144	405
10P3R2A13_04591	10P3R2A13_04591	100.000	464	0	0	1	464	1	464	0.0	940
10P3R2A13_04591	5P3R2A4_04414	97.629	464	11	0	1	464	1	464	0.0	920
10P3R2A13_04592	10P3R2A13_04592	100.000	638	0	0	1	638	1	638	0.0	1285
10P3R2A13_04593	10P3R2A13_04593	100.000	110	0	0	1	110	1	110	3.84e-77	222
10P3R2A13_04594	10P3R2A13_04594	100.000	119	0	0	1	119	1	119	4.48e-87	248
10P3R2A13_04595	10P3R2A13_04595	100.000	499	0	0	1	499	1	499	0.0	1020
10P3R2A13_04596	10P3R2A13_04596	100.000	54	0	0	1	54	1	54	1.71e-33	108
10P3R2A13_04596	5P3R2A4_04420	96.296	54	2	0	1	54	1	54	2.21e-32	105
10P3R2A13_04597	10P3R2A13_04597	100.000	188	0	0	1	188	1	188	6.71e-139	385
10P3R2A13_04597	5P3R2A4_04421	97.872	188	4	0	1	188	1	188	6.46e-136	377
10P3R2A13_04598	10P3R2A13_04598	100.000	175	0	0	1	175	1	175	2.46e-128	357
10P3R2A13_04599	10P3R2A13_04599	100.000	139	0	0	1	139	1	139	1.97e-101	286
10P3R2A13_04600	10P3R2A13_04600	100.000	108	0	0	1	108	1	108	6.42e-76	219
10P3R2A13_04601	10P3R2A13_04601	100.000	408	0	0	1	408	1	408	0.0	827
10P3R2A13_04601	15P1R1A16_00996	96.059	406	16	0	3	408	4	409	0.0	797
10P3R2A13_04602	10P3R2A13_04602	100.000	217	0	0	1	217	1	217	2.14e-159	439
10P3R2A13_04603	10P3R2A13_04603	100.000	414	0	0	1	414	1	414	0.0	862
10P3R2A13_04603	15P1R1A16_00994	97.585	414	10	0	1	414	1	414	0.0	845
10P3R2A13_04604	10P3R2A13_04604	100.000	61	0	0	1	61	1	61	1.58e-36	116
10P3R2A13_04604	40P3R1A10_04420	95.082	61	3	0	1	61	1	61	6.62e-27	92.0
10P3R2A13_04605	10P3R2A13_04605	100.000	577	0	0	1	577	1	577	0.0	1210
10P3R2A13_04606	10P3R2A13_04606	100.000	157	0	0	1	157	1	157	5.62e-117	327
10P3R2A13_04607	10P3R2A13_04607	100.000	117	0	0	1	117	1	117	7.89e-83	237
10P3R2A13_04608	10P3R2A13_04608	100.000	67	0	0	1	67	1	67	7.56e-42	130
10P3R2A13_04609	10P3R2A13_04609	100.000	68	0	0	1	68	1	68	2.63e-46	141
10P3R2A13_04610	10P3R2A13_04610	100.000	46	0	0	1	46	1	46	1.03e-27	93.2
10P3R2A13_04611	10P3R2A13_04611	100.000	52	0	0	1	52	1	52	1.43e-31	103
10P3R2A13_04612	10P3R2A13_04612	100.000	66	0	0	1	66	1	66	1.54e-44	137
10P3R2A13_04612	3P1R3A2_02609	95.455	66	3	0	1	66	61	126	7.37e-44	137
10P3R2A13_04612	28P2R1A12_04909	96.970	66	2	0	1	66	61	126	1.13e-43	136
10P3R2A13_04612	15P1R1A16_00987	96.970	66	2	0	1	66	61	126	2.97e-43	135
10P3R2A13_04612	10P3R2A13_04662	96.970	66	2	0	1	66	1	66	7.58e-43	132
10P3R2A13_04613	10P3R2A13_04613	100.000	116	0	0	1	116	1	116	3.00e-80	231
10P3R2A13_04614	10P3R2A13_04614	100.000	253	0	0	1	253	1	253	0.0	501
10P3R2A13_04615	10P3R2A13_04615	100.000	700	0	0	1	700	1	700	0.0	1433
10P3R2A13_04616	10P3R2A13_04616	100.000	163	0	0	1	163	1	163	1.22e-119	334
10P3R2A13_04617	10P3R2A13_04617	100.000	191	0	0	1	191	1	191	1.58e-136	379
10P3R2A13_04618	10P3R2A13_04618	100.000	178	0	0	1	178	1	178	7.36e-127	353
10P3R2A13_04619	10P3R2A13_04619	100.000	212	0	0	1	212	1	212	8.00e-156	429
10P3R2A13_04620	10P3R2A13_04620	100.000	241	0	0	1	241	1	241	0.0	496
10P3R2A13_04621	10P3R2A13_04621	100.000	253	0	0	1	253	1	253	0.0	499
10P3R2A13_04622	10P3R2A13_04622	100.000	222	0	0	1	222	1	222	6.33e-159	438
10P3R2A13_04623	10P3R2A13_04623	100.000	146	0	0	1	146	1	146	2.41e-104	294
10P3R2A13_04624	10P3R2A13_04624	100.000	179	0	0	1	179	1	179	2.71e-132	367
10P3R2A13_04625	10P3R2A13_04625	100.000	157	0	0	1	157	1	157	8.64e-116	324
10P3R2A13_04626	10P3R2A13_04626	100.000	674	0	0	1	674	1	674	0.0	1393
10P3R2A13_04627	10P3R2A13_04627	100.000	185	0	0	1	185	1	185	4.73e-138	382
10P3R2A13_04628	10P3R2A13_04628	100.000	238	0	0	1	238	1	238	2.04e-179	491
10P3R2A13_04629	10P3R2A13_04629	100.000	350	0	0	1	350	1	350	0.0	716
10P3R2A13_04630	10P3R2A13_04630	100.000	83	0	0	1	83	1	83	3.76e-58	172
10P3R2A13_04631	10P3R2A13_04631	100.000	196	0	0	1	196	1	196	1.67e-142	394
10P3R2A13_04632	10P3R2A13_04632	100.000	340	0	0	1	340	1	340	0.0	704
10P3R2A13_04632	20P1R1A7_04547	97.321	336	9	0	1	336	1	336	0.0	681
10P3R2A13_04632	14P1R2A4_04946	97.619	336	8	0	1	336	1	336	0.0	681
10P3R2A13_04633	10P3R2A13_04633	100.000	273	0	0	1	273	1	273	0.0	569
10P3R2A13_04633	43P2R2A2_03646	96.703	273	9	0	1	273	1	273	0.0	553
10P3R2A13_04633	14P1R2A4_04947	96.392	194	7	0	80	273	1	194	7.59e-140	391
10P3R2A13_04633	14P1R2A4_05068	96.392	194	7	0	80	273	1	194	8.56e-140	391
10P3R2A13_04633	20P1R1A7_04510	95.361	194	9	0	80	273	1	194	4.48e-139	389
10P3R2A13_04634	10P3R2A13_04634	100.000	348	0	0	1	348	1	348	0.0	731
10P3R2A13_04634	15P1R1A16_05172	98.270	289	5	0	60	348	1	289	0.0	596
10P3R2A13_04635	10P3R2A13_04635	100.000	294	0	0	1	294	1	294	0.0	610
10P3R2A13_04636	10P3R2A13_04636	100.000	253	0	0	1	253	1	253	0.0	527
10P3R2A13_04637	10P3R2A13_04637	100.000	411	0	0	1	411	1	411	0.0	846
10P3R2A13_04638	10P3R2A13_04638	100.000	1275	0	0	1	1275	1	1275	0.0	2636
10P3R2A13_04638	5P3R2A4_04829	100.000	171	0	0	1105	1275	3	173	8.63e-116	358
10P3R2A13_04639	10P3R2A13_04639	100.000	139	0	0	1	139	1	139	1.66e-100	284
10P3R2A13_04639	31P2R1A5_03869	96.183	131	5	0	6	136	1	131	6.07e-92	262
10P3R2A13_04640	10P3R2A13_04640	100.000	77	0	0	1	77	1	77	8.33e-51	153
10P3R2A13_04641	5P3R2A4_04789	100.000	247	0	0	1	247	22	268	0.0	500
10P3R2A13_04641	10P3R2A13_04641	100.000	247	0	0	1	247	1	247	0.0	500
10P3R2A13_04642	10P3R2A13_04642	100.000	40	0	0	1	40	1	40	8.75e-24	82.8
10P3R2A13_04642	3P1R3A2_04555	97.500	40	1	0	1	40	1	40	5.79e-23	80.5
10P3R2A13_04643	10P3R2A13_04643	100.000	326	0	0	1	326	1	326	0.0	662
10P3R2A13_04643	11P3R3A1_03439	97.546	326	8	0	1	326	1	326	0.0	649
10P3R2A13_04644	10P3R2A13_04644	100.000	197	0	0	1	197	1	197	3.33e-149	411
10P3R2A13_04645	10P3R2A13_04645	100.000	305	0	0	1	305	1	305	0.0	615
10P3R2A13_04645	19P1R1A6_04567	95.738	305	13	0	1	305	1	305	0.0	590
10P3R2A13_04646	10P3R2A13_04646	100.000	119	0	0	1	119	1	119	4.75e-82	235
10P3R2A13_04646	19P1R1A6_04568	97.479	119	3	0	1	119	1	119	3.88e-80	231
10P3R2A13_04647	10P3R2A13_04647	100.000	208	0	0	1	208	1	208	7.89e-151	417
10P3R2A13_04648	10P3R2A13_04648	100.000	184	0	0	1	184	1	184	1.38e-134	374
10P3R2A13_04648	3P1R3A2_02623	95.055	182	9	0	1	182	6	187	6.50e-127	354
10P3R2A13_04648	19P1R1A6_04570	98.319	119	2	0	64	182	1	119	1.58e-82	239
10P3R2A13_04648	19P1R1A6_04571	98.305	59	1	0	1	59	1	59	1.04e-36	122
10P3R2A13_04649	10P3R2A13_04649	100.000	241	0	0	1	241	1	241	9.25e-174	477
10P3R2A13_04649	19P1R1A6_04572	99.531	213	1	0	29	241	1	213	1.85e-152	422
10P3R2A13_04650	10P3R2A13_04650	100.000	134	0	0	1	134	1	134	3.60e-96	272
10P3R2A13_04651	10P3R2A13_04651	100.000	122	0	0	1	122	1	122	7.20e-84	240
10P3R2A13_04651	19P1R1A6_04596	97.541	122	3	0	1	122	1	122	3.83e-82	236
10P3R2A13_04652	10P3R2A13_04652	100.000	343	0	0	1	343	1	343	0.0	711
10P3R2A13_04652	28P2R1A12_04943	95.833	144	6	0	200	343	1	144	1.99e-99	290
10P3R2A13_04653	10P3R2A13_04653	100.000	112	0	0	1	112	1	112	9.92e-77	221
10P3R2A13_04653	3P1R3A2_02618	95.536	112	5	0	1	112	1	112	2.55e-72	210
10P3R2A13_04654	10P3R2A13_04654	100.000	539	0	0	1	539	1	539	0.0	1081
10P3R2A13_04654	3P1R3A2_02617	96.104	539	21	0	1	539	1	539	0.0	986
10P3R2A13_04654	19P1R1A6_04599	97.727	440	10	0	100	539	1	440	0.0	857
10P3R2A13_04654	19P1R1A6_04593	97.561	41	1	0	1	41	1	41	3.93e-21	87.8
10P3R2A13_04655	10P3R2A13_04655	100.000	524	0	0	1	524	1	524	0.0	1085
10P3R2A13_04655	28P2R1A12_04948	97.980	495	10	0	30	524	1	495	0.0	1007
10P3R2A13_04655	28P2R1A12_04947	96.970	495	15	0	30	524	1	495	0.0	1002
10P3R2A13_04655	19P1R1A6_04594	99.259	270	2	0	255	524	1	270	0.0	546
10P3R2A13_04656	10P3R2A13_04656	100.000	70	0	0	1	70	1	70	4.51e-45	138
10P3R2A13_04657	10P3R2A13_04657	100.000	639	0	0	1	639	1	639	0.0	1326
10P3R2A13_04657	19P1R1A6_04635	99.132	576	5	0	64	639	1	576	0.0	1191
10P3R2A13_04657	28P2R1A12_04939	95.679	486	21	0	154	639	1	486	0.0	973
10P3R2A13_04658	10P3R2A13_04658	100.000	183	0	0	1	183	1	183	5.52e-133	369
10P3R2A13_04659	10P3R2A13_04659	100.000	261	0	0	1	261	1	261	0.0	517
10P3R2A13_04660	10P3R2A13_04660	100.000	36	0	0	1	36	1	36	9.64e-21	74.7
10P3R2A13_04660	5P3R2A4_04217	97.222	36	1	0	1	36	1	36	2.83e-20	73.6
10P3R2A13_04661	10P3R2A13_04661	100.000	52	0	0	1	52	1	52	9.87e-33	106
10P3R2A13_04661	11P3R3A1_02635	96.154	52	2	0	1	52	10	61	4.34e-31	102
10P3R2A13_04662	15P1R1A16_00987	100.000	66	0	0	1	66	61	126	1.26e-44	139
10P3R2A13_04662	10P3R2A13_04662	100.000	66	0	0	1	66	1	66	8.24e-44	135
10P3R2A13_04662	3P1R3A2_02609	95.455	66	3	0	1	66	61	126	1.50e-43	136
10P3R2A13_04662	28P2R1A12_04909	96.970	66	2	0	1	66	61	126	2.46e-43	135
10P3R2A13_04662	10P3R2A13_04612	96.970	66	2	0	1	66	1	66	7.58e-43	132
10P3R2A13_04662	3P1R3A2_04611	96.875	64	2	0	1	64	61	124	4.35e-42	132
10P3R2A13_04663	10P3R2A13_04663	100.000	144	0	0	1	144	1	144	2.62e-102	289
10P3R2A13_04663	28P2R1A12_04449	95.139	144	7	0	1	144	361	504	7.76e-94	280
10P3R2A13_04664	10P3R2A13_04664	100.000	185	0	0	1	185	1	185	7.76e-138	382
10P3R2A13_04665	10P3R2A13_04665	100.000	649	0	0	1	649	1	649	0.0	1333
10P3R2A13_04666	10P3R2A13_04666	100.000	194	0	0	1	194	1	194	1.24e-144	400
10P3R2A13_04667	10P3R2A13_04667	100.000	238	0	0	1	238	1	238	8.78e-178	487
10P3R2A13_04668	10P3R2A13_04668	100.000	192	0	0	1	192	1	192	3.74e-140	388
10P3R2A13_04669	10P3R2A13_04669	100.000	566	0	0	1	566	1	566	0.0	1165
10P3R2A13_04669	3P1R3A2_04625	95.406	566	26	0	1	566	1	566	0.0	1057
10P3R2A13_04670	10P3R2A13_04670	100.000	47	0	0	1	47	1	47	1.94e-28	95.1
10P3R2A13_04670	17P1R1A4_03431	97.872	47	1	0	1	47	1	47	8.02e-28	93.6
10P3R2A13_04670	16_1P2R1A8-1_02296	95.745	47	2	0	1	47	1	47	3.70e-27	91.7
10P3R2A13_04671	10P3R2A13_04671	100.000	247	0	0	1	247	1	247	0.0	505
10P3R2A13_04672	10P3R2A13_04672	100.000	332	0	0	1	332	1	332	0.0	659
10P3R2A13_04672	43P2R2A2_05662	100.000	184	0	0	149	332	1	184	1.22e-128	365
10P3R2A13_04673	10P3R2A13_04673	100.000	393	0	0	1	393	1	393	0.0	756
10P3R2A13_04673	43P2R2A2_05663	100.000	144	0	0	250	393	1	144	1.27e-91	271
10P3R2A13_04674	10P3R2A13_04674	100.000	407	0	0	1	407	1	407	0.0	835
10P3R2A13_04674	31P2R1A5_02943	96.278	403	15	0	1	403	1	403	0.0	803
10P3R2A13_04674	34P3R2A10_03300	100.000	223	0	0	185	407	1	223	3.01e-163	457
10P3R2A13_04675	10P3R2A13_04675	100.000	669	0	0	1	669	1	669	0.0	1390
10P3R2A13_04676	10P3R2A13_04676	100.000	303	0	0	1	303	1	303	0.0	622
10P3R2A13_04676	5P3R2A4_03612	99.333	300	2	0	1	300	1	300	0.0	618
10P3R2A13_04677	10P3R2A13_04677	100.000	182	0	0	1	182	1	182	1.07e-135	376
10P3R2A13_04678	10P3R2A13_04678	100.000	91	0	0	1	91	1	91	8.37e-64	187
10P3R2A13_04679	10P3R2A13_04679	100.000	79	0	0	1	79	1	79	1.91e-54	162
10P3R2A13_04679	5P3R2A4_03615	97.468	79	2	0	1	79	1	79	1.87e-51	155
10P3R2A13_04680	10P3R2A13_04680	100.000	110	0	0	1	110	1	110	1.21e-78	226
10P3R2A13_04681	10P3R2A13_04681	100.000	72	0	0	1	72	1	72	2.57e-48	147
10P3R2A13_04681	5P3R2A4_03617	95.833	72	3	0	1	72	1	72	5.94e-47	143
10P3R2A13_04682	10P3R2A13_04682	100.000	82	0	0	1	82	1	82	5.22e-54	162
10P3R2A13_04682	5P3R2A4_03618	97.561	82	2	0	1	82	1	82	4.65e-53	159
10P3R2A13_04683	10P3R2A13_04683	100.000	108	0	0	1	108	1	108	2.21e-77	223
10P3R2A13_04684	10P3R2A13_04684	100.000	94	0	0	1	94	1	94	5.69e-64	188
10P3R2A13_04685	10P3R2A13_04685	100.000	84	0	0	1	84	1	84	3.93e-57	170
10P3R2A13_04685	1P1R1A1_03870	95.238	84	4	0	1	84	1	84	3.01e-55	165
10P3R2A13_04686	10P3R2A13_04686	100.000	279	0	0	1	279	1	279	0.0	570
10P3R2A13_04687	10P3R2A13_04687	100.000	149	0	0	1	149	1	149	1.98e-107	302
10P3R2A13_04688	10P3R2A13_04688	100.000	119	0	0	1	119	1	119	7.79e-82	235
10P3R2A13_04689	10P3R2A13_04689	100.000	198	0	0	1	198	1	198	1.06e-141	393
10P3R2A13_04690	10P3R2A13_04690	100.000	92	0	0	1	92	1	92	4.47e-63	185
10P3R2A13_04691	10P3R2A13_04691	100.000	52	0	0	1	52	1	52	1.11e-33	108
10P3R2A13_04692	10P3R2A13_04692	100.000	104	0	0	1	104	1	104	2.23e-70	205
10P3R2A13_04693	10P3R2A13_04693	100.000	77	0	0	1	77	1	77	5.97e-52	156
10P3R2A13_04694	10P3R2A13_04694	100.000	207	0	0	1	207	1	207	7.59e-148	409
10P3R2A13_04695	10P3R2A13_04695	100.000	215	0	0	1	215	1	215	7.86e-160	440
10P3R2A13_04696	10P3R2A13_04696	100.000	55	0	0	1	55	1	55	4.10e-36	114
10P3R2A13_04697	10P3R2A13_04697	100.000	493	0	0	1	493	1	493	0.0	992
10P3R2A13_04697	42P1R1A12_05469	96.755	493	16	0	1	493	1	493	0.0	967
10P3R2A13_04698	10P3R2A13_04698	100.000	282	0	0	1	282	1	282	0.0	572
10P3R2A13_04699	10P3R2A13_04699	100.000	59	0	0	1	59	1	59	1.20e-36	116
10P3R2A13_04699	17P1R1A4_03055	96.491	57	2	0	1	57	1	57	3.36e-35	113
10P3R2A13_04700	10P3R2A13_04700	100.000	238	0	0	1	238	1	238	0.0	498
10P3R2A13_04700	17P1R1A4_04056	100.000	226	0	0	1	226	1	226	1.25e-172	474
10P3R2A13_04700	25P2R1A13_03601	95.575	226	10	0	1	226	1	226	6.54e-166	457
10P3R2A13_04700	16_1P2R1A8-1_04720	100.000	75	0	0	1	75	1	75	3.22e-50	159
10P3R2A13_04701	10P3R2A13_04701	100.000	123	0	0	1	123	1	123	2.86e-88	251
10P3R2A13_04702	10P3R2A13_04702	100.000	1430	0	0	1	1430	1	1430	0.0	2921
10P3R2A13_04702	8P2R1A11_04482	96.140	855	30	1	1	855	1	852	0.0	1659
10P3R2A13_04702	1P1R1A1_04107	100.000	565	0	0	866	1430	1	565	0.0	1175
10P3R2A13_04702	16_1P2R1A8-1_04722	100.000	328	0	0	1103	1430	1	328	0.0	691
10P3R2A13_04702	25P2R1A13_03603	100.000	306	0	0	1125	1430	1	306	0.0	647
10P3R2A13_04702	28P2R1A12_03872	99.569	232	1	0	1199	1430	1	232	5.24e-163	488
10P3R2A13_04702	27P2R2A12_04308	100.000	143	0	0	555	697	36	178	6.59e-90	289
10P3R2A13_04703	10P3R2A13_04703	100.000	805	0	0	1	805	1	805	0.0	1603
10P3R2A13_04703	34P3R2A10_04727	99.798	494	1	0	312	805	1	494	0.0	975
10P3R2A13_04703	43P2R2A2_04052	100.000	72	0	0	734	805	1	72	2.49e-40	142
10P3R2A13_04704	10P3R2A13_04704	100.000	229	0	0	1	229	1	229	4.33e-165	454
10P3R2A13_04705	10P3R2A13_04705	100.000	198	0	0	1	198	1	198	6.13e-145	401
10P3R2A13_04706	15P1R1A16_00467	99.611	257	1	0	1	257	14	270	0.0	531
10P3R2A13_04706	10P3R2A13_04706	100.000	257	0	0	1	257	1	257	0.0	531
10P3R2A13_04707	10P3R2A13_04707	100.000	285	0	0	1	285	1	285	0.0	570
10P3R2A13_04708	10P3R2A13_04708	100.000	260	0	0	1	260	1	260	0.0	520
10P3R2A13_04709	10P3R2A13_04709	100.000	226	0	0	1	226	1	226	6.30e-170	466
10P3R2A13_04710	10P3R2A13_04710	100.000	101	0	0	1	101	1	101	8.59e-71	206
10P3R2A13_04710	27P2R2A12_04218	99.010	101	1	0	1	101	55	155	3.23e-70	206
10P3R2A13_04710	10P3R2A13_03392	99.010	101	1	0	1	101	55	155	2.57e-69	204
10P3R2A13_04710	25P2R1A13_04279	98.020	101	2	0	1	101	106	206	9.23e-69	204
10P3R2A13_04710	1P1R1A1_04696	99.010	101	1	0	1	101	203	303	1.35e-68	207
10P3R2A13_04710	1P1R1A1_04544	98.020	101	2	0	1	101	106	206	2.03e-68	203
10P3R2A13_04710	25P2R1A13_01390	100.000	101	0	0	1	101	248	348	2.95e-68	207
10P3R2A13_04710	28P2R1A12_03914	96.040	101	4	0	1	101	55	155	3.61e-68	201
10P3R2A13_04710	17P1R1A4_03158	97.030	101	3	0	1	101	1	101	5.23e-68	199
10P3R2A13_04710	19P1R1A6_04705	100.000	101	0	0	1	101	279	379	7.31e-68	207
10P3R2A13_04710	12_1P1R2A2-1_03750	98.020	101	2	0	1	101	186	286	3.18e-67	203
10P3R2A13_04710	25P2R1A13_03925	97.030	101	3	0	1	101	119	219	1.11e-65	197
10P3R2A13_04710	11P3R3A1_04727	98.413	63	1	0	39	101	1	63	1.35e-39	125
10P3R2A13_04712	10P3R2A13_04712	100.000	991	0	0	1	991	1	991	0.0	2025
10P3R2A13_04712	25P2R1A13_03562	98.844	692	8	0	1	692	1	692	0.0	1373
10P3R2A13_04712	5P3R2A4_04600	100.000	602	0	0	390	991	1	602	0.0	1244
10P3R2A13_04712	17P1R1A4_04094	100.000	573	0	0	419	991	1	573	0.0	1187
10P3R2A13_04712	17P1R1A4_04095	99.744	390	1	0	1	390	1	390	0.0	782
10P3R2A13_04712	25P2R1A13_03563	99.662	296	1	0	696	991	1	296	0.0	626
10P3R2A13_04713	10P3R2A13_04713	100.000	297	0	0	1	297	1	297	0.0	606
10P3R2A13_04714	10P3R2A13_04714	100.000	73	0	0	1	73	1	73	5.53e-47	143
10P3R2A13_04714	11P3R3A1_01063	98.571	70	1	0	1	70	1	70	6.59e-43	139
10P3R2A13_04715	10P3R2A13_04715	100.000	115	0	0	1	115	1	115	6.39e-82	235
10P3R2A13_04715	11P3R3A1_01063	100.000	115	0	0	1	115	140	254	5.36e-81	238
10P3R2A13_04715	34P3R2A10_03158	100.000	56	0	0	60	115	1	56	5.50e-36	117
10P3R2A13_04716	10P3R2A13_04716	100.000	318	0	0	1	318	1	318	0.0	650
10P3R2A13_04717	10P3R2A13_04717	100.000	250	0	0	1	250	1	250	0.0	506
10P3R2A13_04718	34P3R2A10_03155	100.000	61	0	0	1	61	1	61	2.51e-40	127
10P3R2A13_04718	10P3R2A13_04718	100.000	62	0	0	1	62	1	62	5.16e-40	125
10P3R2A13_04718	29P3R3A9_03422	96.721	61	2	0	1	61	1	61	1.03e-38	123
10P3R2A13_04720	10P3R2A13_04720	100.000	83	0	0	1	83	1	83	6.57e-56	167
10P3R2A13_04721	10P3R2A13_04721	100.000	114	0	0	1	114	1	114	5.30e-79	227
10P3R2A13_04722	10P3R2A13_04722	100.000	163	0	0	1	163	1	163	8.22e-121	337
10P3R2A13_04723	10P3R2A13_04723	100.000	165	0	0	1	165	1	165	5.54e-115	322
10P3R2A13_04724	10P3R2A13_04724	100.000	568	0	0	1	568	1	568	0.0	1178
10P3R2A13_04724	15P1R1A16_04752	100.000	452	0	0	117	568	1	452	0.0	936
10P3R2A13_04724	34P3R2A10_04860	100.000	204	0	0	365	568	1	204	1.12e-147	423
