42P1R1A12_02324	42P1R1A12_02324	100.000	138	0	0	1	138	1	138	3.02e-97	275
42P1R1A12_02325	42P1R1A12_02325	100.000	110	0	0	1	110	1	110	2.34e-74	215
42P1R1A12_02326	42P1R1A12_02326	100.000	32	0	0	1	32	1	32	2.32e-18	68.6
42P1R1A12_02327	42P1R1A12_02327	100.000	463	0	0	1	463	1	463	0.0	965
42P1R1A12_02328	42P1R1A12_02328	100.000	419	0	0	1	419	1	419	0.0	826
42P1R1A12_02329	42P1R1A12_02329	100.000	336	0	0	1	336	1	336	0.0	692
42P1R1A12_02329	51P2R2A10_04726	97.917	336	7	0	1	336	1	336	0.0	677
42P1R1A12_02330	42P1R1A12_02330	100.000	466	0	0	1	466	1	466	0.0	964
42P1R1A12_02330	51P2R2A10_04725	97.854	466	10	0	1	466	1	466	0.0	949
42P1R1A12_02331	42P1R1A12_02331	100.000	356	0	0	1	356	1	356	0.0	704
42P1R1A12_02332	42P1R1A12_02332	100.000	910	0	0	1	910	1	910	0.0	1855
42P1R1A12_02332	51P2R2A10_04723	97.802	910	20	0	1	910	1	910	0.0	1818
42P1R1A12_02332	42P1R1A12_05664	96.703	910	30	0	1	910	1	910	0.0	1806
42P1R1A12_02333	42P1R1A12_02333	100.000	375	0	0	1	375	1	375	0.0	751
42P1R1A12_02333	31P2R1A5_04984	95.200	375	18	0	1	375	1	375	0.0	697
42P1R1A12_02334	42P1R1A12_02334	100.000	106	0	0	1	106	1	106	4.26e-72	209
42P1R1A12_02334	51P2R2A10_04721	95.283	106	5	0	1	106	1	106	8.87e-69	201
42P1R1A12_02336	42P1R1A12_02336	100.000	142	0	0	1	142	1	142	7.08e-101	285
42P1R1A12_02336	31P2R1A5_03076	97.183	142	4	0	1	142	1	142	3.12e-99	281
42P1R1A12_02337	42P1R1A12_02337	100.000	360	0	0	1	360	1	360	0.0	754
42P1R1A12_02338	42P1R1A12_02338	100.000	74	0	0	1	74	1	74	2.27e-51	154
42P1R1A12_02339	42P1R1A12_02339	100.000	277	0	0	1	277	1	277	0.0	574
42P1R1A12_02340	42P1R1A12_02340	100.000	352	0	0	1	352	1	352	0.0	728
42P1R1A12_02341	42P1R1A12_02341	100.000	175	0	0	1	175	1	175	5.72e-128	356
42P1R1A12_02342	42P1R1A12_02342	100.000	277	0	0	1	277	1	277	0.0	576
42P1R1A12_02343	42P1R1A12_02343	100.000	133	0	0	1	133	1	133	5.11e-97	274
42P1R1A12_02344	42P1R1A12_02344	100.000	159	0	0	1	159	1	159	1.62e-117	328
42P1R1A12_02345	42P1R1A12_02345	100.000	661	0	0	1	661	1	661	0.0	1359
42P1R1A12_02346	42P1R1A12_02346	100.000	318	0	0	1	318	1	318	0.0	659
42P1R1A12_02347	42P1R1A12_02347	100.000	153	0	0	1	153	1	153	1.17e-112	315
42P1R1A12_02348	42P1R1A12_02348	100.000	304	0	0	1	304	1	304	0.0	628
42P1R1A12_02349	42P1R1A12_02349	100.000	60	0	0	1	60	1	60	8.78e-40	124
42P1R1A12_02350	42P1R1A12_02350	100.000	183	0	0	1	183	1	183	2.30e-136	378
42P1R1A12_02351	42P1R1A12_02351	100.000	108	0	0	1	108	1	108	9.88e-75	216
42P1R1A12_02352	42P1R1A12_02352	100.000	68	0	0	1	68	1	68	1.66e-46	142
42P1R1A12_02353	42P1R1A12_02353	100.000	211	0	0	1	211	1	211	1.22e-154	426
42P1R1A12_02354	42P1R1A12_02354	100.000	177	0	0	1	177	1	177	2.26e-130	362
42P1R1A12_02355	42P1R1A12_02355	100.000	124	0	0	1	124	1	124	3.63e-88	251
42P1R1A12_02356	42P1R1A12_02356	100.000	277	0	0	1	277	1	277	0.0	573
42P1R1A12_02357	42P1R1A12_02357	100.000	176	0	0	1	176	1	176	1.31e-130	363
42P1R1A12_02357	31P2R1A5_03055	96.023	176	7	0	1	176	1	176	9.82e-126	350
42P1R1A12_02358	42P1R1A12_02358	100.000	67	0	0	1	67	1	67	2.71e-43	134
42P1R1A12_02358	31P2R1A5_03054	97.015	67	2	0	1	67	1	67	5.94e-42	130
42P1R1A12_02359	42P1R1A12_02359	100.000	267	0	0	1	267	1	267	0.0	540
42P1R1A12_02360	42P1R1A12_02360	100.000	45	0	0	1	45	1	45	2.32e-26	89.7
42P1R1A12_02361	42P1R1A12_02361	100.000	248	0	0	1	248	1	248	0.0	517
42P1R1A12_02362	42P1R1A12_02362	100.000	73	0	0	1	73	1	73	4.26e-49	149
42P1R1A12_02364	42P1R1A12_02364	100.000	393	0	0	1	393	1	393	0.0	815
42P1R1A12_02364	31P2R1A5_03044	96.154	390	15	0	1	390	1	390	0.0	786
42P1R1A12_02365	42P1R1A12_02365	100.000	351	0	0	1	351	1	351	0.0	718
42P1R1A12_02366	42P1R1A12_02366	100.000	369	0	0	1	369	1	369	0.0	731
42P1R1A12_02367	42P1R1A12_02367	100.000	164	0	0	1	164	1	164	1.08e-121	339
42P1R1A12_02368	42P1R1A12_02368	100.000	545	0	0	1	545	1	545	0.0	1127
42P1R1A12_02369	42P1R1A12_02369	100.000	416	0	0	1	416	1	416	0.0	808
42P1R1A12_02369	51P2R2A10_03549	95.913	416	17	0	1	416	1	416	0.0	781
42P1R1A12_02370	42P1R1A12_02370	100.000	479	0	0	1	479	1	479	0.0	961
42P1R1A12_02371	42P1R1A12_02371	100.000	548	0	0	1	548	1	548	0.0	1105
42P1R1A12_02372	42P1R1A12_02372	100.000	217	0	0	1	217	1	217	6.28e-163	448
42P1R1A12_02372	51P2R2A10_03552	95.853	217	9	0	1	217	1	217	6.64e-147	407
42P1R1A12_02373	42P1R1A12_02373	100.000	355	0	0	1	355	1	355	0.0	720
42P1R1A12_02373	51P2R2A10_03553	95.493	355	16	0	1	355	1	355	0.0	692
42P1R1A12_02374	42P1R1A12_02374	100.000	351	0	0	1	351	1	351	0.0	723
42P1R1A12_02374	51P2R2A10_03554	96.581	351	12	0	1	351	1	351	0.0	705
42P1R1A12_02375	42P1R1A12_02375	100.000	365	0	0	1	365	1	365	0.0	729
42P1R1A12_02376	42P1R1A12_02376	100.000	887	0	0	1	887	1	887	0.0	1818
42P1R1A12_02376	51P2R2A10_03556	97.182	887	25	0	1	887	1	887	0.0	1773
42P1R1A12_02378	42P1R1A12_02378	100.000	949	0	0	1	949	1	949	0.0	1962
42P1R1A12_02378	51P2R2A10_03558	96.523	949	33	0	1	949	1	949	0.0	1890
42P1R1A12_02379	42P1R1A12_02379	100.000	878	0	0	1	878	1	878	0.0	1775
42P1R1A12_02379	31P2R1A5_03021	96.355	878	32	0	1	878	1	878	0.0	1724
42P1R1A12_02379	18P3R3A11_02440	96.296	864	32	0	1	864	1	864	0.0	1700
42P1R1A12_02379	38P2R3A13_07870	95.142	597	29	0	268	864	1	597	0.0	1148
42P1R1A12_02379	38P2R3A13_07871	96.226	265	10	0	1	265	1	265	0.0	538
42P1R1A12_02380	42P1R1A12_02380	100.000	243	0	0	1	243	1	243	0.0	501
42P1R1A12_02380	51P2R2A10_03560	97.942	243	5	0	1	243	1	243	1.33e-180	494
42P1R1A12_02381	42P1R1A12_02381	100.000	762	0	0	1	762	1	762	0.0	1588
42P1R1A12_02381	31P2R1A5_03019	97.113	762	22	0	1	762	1	762	0.0	1546
42P1R1A12_02382	42P1R1A12_02382	100.000	377	0	0	1	377	1	377	0.0	784
42P1R1A12_02382	10P3R2A13_02766	96.552	377	13	0	1	377	1	377	0.0	766
42P1R1A12_02382	31P2R1A5_03018	97.082	377	11	0	1	377	1	377	0.0	764
42P1R1A12_02382	18P3R3A11_02437	95.225	377	18	0	1	377	1	377	0.0	756
42P1R1A12_02382	34P3R2A10_05161	95.775	284	12	0	94	377	1	284	0.0	572
42P1R1A12_02383	42P1R1A12_02383	100.000	85	0	0	1	85	1	85	5.00e-59	174
42P1R1A12_02383	31P2R1A5_03017	97.647	85	2	0	1	85	1	85	3.61e-58	172
42P1R1A12_02384	42P1R1A12_02384	100.000	515	0	0	1	515	1	515	0.0	1049
42P1R1A12_02385	42P1R1A12_02385	100.000	319	0	0	1	319	1	319	0.0	646
42P1R1A12_02386	42P1R1A12_02386	100.000	356	0	0	1	356	1	356	0.0	741
42P1R1A12_02388	42P1R1A12_02388	100.000	541	0	0	1	541	1	541	0.0	1100
42P1R1A12_02389	42P1R1A12_02389	100.000	420	0	0	1	420	1	420	0.0	838
42P1R1A12_02390	42P1R1A12_02390	100.000	393	0	0	1	393	1	393	0.0	818
42P1R1A12_02391	42P1R1A12_02391	100.000	268	0	0	1	268	1	268	0.0	543
42P1R1A12_02392	42P1R1A12_02392	100.000	135	0	0	1	135	1	135	1.24e-90	258
42P1R1A12_02392	51P2R2A10_03570	97.761	134	3	0	2	135	297	430	1.83e-84	253
42P1R1A12_02393	42P1R1A12_02393	100.000	244	0	0	1	244	1	244	3.18e-178	489
42P1R1A12_02393	51P2R2A10_03570	99.574	235	1	0	1	235	1	235	1.91e-169	474
42P1R1A12_02394	42P1R1A12_02394	100.000	402	0	0	1	402	1	402	0.0	840
42P1R1A12_02394	25P2R1A13_00132	96.517	402	14	0	1	402	1	402	0.0	816
42P1R1A12_02394	31P2R1A5_03009	95.274	402	19	0	1	402	1	402	0.0	809
42P1R1A12_02395	42P1R1A12_02395	100.000	261	0	0	1	261	1	261	0.0	533
42P1R1A12_02396	42P1R1A12_02396	100.000	399	0	0	1	399	1	399	0.0	809
42P1R1A12_02396	51P2R2A10_03573	96.992	399	12	0	1	399	1	399	0.0	786
42P1R1A12_02397	42P1R1A12_02397	100.000	181	0	0	1	181	1	181	1.68e-129	360
42P1R1A12_02398	42P1R1A12_02398	100.000	483	0	0	1	483	1	483	0.0	1004
42P1R1A12_02398	51P2R2A10_03575	96.066	483	19	0	1	483	1	483	0.0	974
42P1R1A12_02399	42P1R1A12_02399	100.000	225	0	0	1	225	1	225	1.08e-165	456
42P1R1A12_02400	42P1R1A12_02400	100.000	142	0	0	1	142	1	142	3.52e-104	293
42P1R1A12_02400	51P2R2A10_03577	95.070	142	7	0	1	142	1	142	2.56e-100	283
42P1R1A12_02401	42P1R1A12_02401	100.000	472	0	0	1	472	1	472	0.0	942
42P1R1A12_02401	51P2R2A10_03578	96.610	472	16	0	1	472	1	472	0.0	910
42P1R1A12_02403	42P1R1A12_02403	100.000	327	0	0	1	327	1	327	0.0	668
42P1R1A12_02403	51P2R2A10_03580	95.413	327	15	0	1	327	1	327	0.0	638
42P1R1A12_02404	42P1R1A12_02404	100.000	144	0	0	1	144	1	144	2.99e-97	276
42P1R1A12_02404	51P2R2A10_03581	95.833	144	6	0	1	144	1	144	7.74e-85	244
42P1R1A12_02405	42P1R1A12_02405	100.000	507	0	0	1	507	1	507	0.0	997
42P1R1A12_02405	51P2R2A10_03582	96.647	507	17	0	1	507	1	507	0.0	965
42P1R1A12_02406	42P1R1A12_02406	100.000	208	0	0	1	208	1	208	1.12e-150	416
42P1R1A12_02406	51P2R2A10_03583	95.673	208	9	0	1	208	1	208	3.57e-145	402
42P1R1A12_02407	42P1R1A12_02407	100.000	464	0	0	1	464	1	464	0.0	919
42P1R1A12_02408	42P1R1A12_02408	100.000	322	0	0	1	322	1	322	0.0	640
42P1R1A12_02409	42P1R1A12_02409	100.000	286	0	0	1	286	1	286	0.0	596
42P1R1A12_02409	31P2R1A5_03000	97.902	286	6	0	1	286	1	286	0.0	588
42P1R1A12_02409	38P2R3A13_05608	95.804	286	12	0	1	286	1	286	0.0	577
42P1R1A12_02409	18P3R3A11_02421	95.105	286	14	0	1	286	1	286	0.0	575
42P1R1A12_02409	10P3R2A13_02742	95.105	286	14	0	1	286	1	286	0.0	573
42P1R1A12_02410	42P1R1A12_02410	100.000	253	0	0	1	253	1	253	0.0	516
42P1R1A12_02411	42P1R1A12_02411	100.000	557	0	0	1	557	1	557	0.0	1127
42P1R1A12_02412	42P1R1A12_02412	100.000	442	0	0	1	442	1	442	0.0	900
42P1R1A12_02413	42P1R1A12_02413	100.000	154	0	0	1	154	1	154	6.63e-113	316
42P1R1A12_02414	42P1R1A12_02414	100.000	307	0	0	1	307	1	307	0.0	633
42P1R1A12_02415	42P1R1A12_02415	100.000	177	0	0	1	177	1	177	1.16e-131	365
42P1R1A12_02416	42P1R1A12_02416	100.000	170	0	0	1	170	1	170	7.49e-126	350
42P1R1A12_02417	42P1R1A12_02417	100.000	347	0	0	1	347	1	347	0.0	710
42P1R1A12_02418	42P1R1A12_02418	100.000	850	0	0	1	850	1	850	0.0	1736
42P1R1A12_02419	42P1R1A12_02419	100.000	221	0	0	1	221	1	221	3.29e-163	449
42P1R1A12_02420	42P1R1A12_02420	100.000	179	0	0	1	179	1	179	9.98e-128	356
42P1R1A12_02421	42P1R1A12_02421	100.000	184	0	0	1	184	1	184	1.05e-138	384
42P1R1A12_02422	42P1R1A12_02422	100.000	486	0	0	1	486	1	486	0.0	944
42P1R1A12_02422	31P2R1A5_02994	97.737	486	11	0	1	486	1	486	0.0	927
42P1R1A12_02423	42P1R1A12_02423	100.000	510	0	0	1	510	1	510	0.0	1015
42P1R1A12_02423	31P2R1A5_02993	97.451	510	13	0	1	510	1	510	0.0	996
42P1R1A12_02423	18P3R3A11_02412	95.098	510	25	0	1	510	1	510	0.0	958
42P1R1A12_02424	42P1R1A12_02424	100.000	614	0	0	1	614	1	614	0.0	1214
42P1R1A12_02424	31P2R1A5_02992	95.840	601	25	0	1	601	1	601	0.0	1131
42P1R1A12_02425	42P1R1A12_02425	100.000	101	0	0	1	101	1	101	5.62e-66	193
42P1R1A12_02425	31P2R1A5_02991	96.040	101	4	0	1	101	1	101	8.48e-64	188
42P1R1A12_02426	42P1R1A12_02426	100.000	185	0	0	1	185	1	185	1.54e-129	361
42P1R1A12_02426	31P2R1A5_02990	96.757	185	6	0	1	185	1	185	8.94e-126	351
42P1R1A12_02429	42P1R1A12_02429	100.000	909	0	0	1	909	1	909	0.0	1889
42P1R1A12_02429	31P2R1A5_02987	96.590	909	31	0	1	909	1	909	0.0	1847
42P1R1A12_02430	42P1R1A12_02430	100.000	446	0	0	1	446	1	446	0.0	918
42P1R1A12_02430	31P2R1A5_02986	97.982	446	9	0	1	446	1	446	0.0	903
42P1R1A12_02430	18P3R3A11_02405	95.740	446	19	0	1	446	1	446	0.0	887
42P1R1A12_02430	10P3R2A13_02725	95.067	446	22	0	1	446	1	446	0.0	876
42P1R1A12_02431	42P1R1A12_02431	100.000	167	0	0	1	167	1	167	6.24e-125	348
42P1R1A12_02431	31P2R1A5_02985	96.407	167	6	0	1	167	1	167	2.95e-121	338
42P1R1A12_02434	42P1R1A12_02434	100.000	149	0	0	1	149	1	149	6.26e-107	301
42P1R1A12_02434	31P2R1A5_02982	99.167	120	1	0	30	149	1	120	4.41e-83	239
42P1R1A12_02435	42P1R1A12_02435	100.000	309	0	0	1	309	1	309	0.0	634
42P1R1A12_02436	42P1R1A12_02436	100.000	406	0	0	1	406	1	406	0.0	841
42P1R1A12_02436	31P2R1A5_02980	97.291	406	11	0	1	406	1	406	0.0	823
42P1R1A12_02436	38P2R3A13_02826	97.277	404	11	0	1	404	1	404	0.0	822
42P1R1A12_02436	10P3R2A13_02718	95.320	406	19	0	1	406	1	406	0.0	813
42P1R1A12_02437	42P1R1A12_02437	100.000	200	0	0	1	200	1	200	2.56e-149	412
42P1R1A12_02437	51P2R2A10_03614	97.500	200	5	0	1	200	1	200	2.91e-145	402
42P1R1A12_02437	31P2R1A5_02979	97.000	200	6	0	1	200	1	200	3.21e-145	402
42P1R1A12_02438	42P1R1A12_02438	100.000	611	0	0	1	611	1	611	0.0	1216
42P1R1A12_02439	42P1R1A12_02439	100.000	224	0	0	1	224	1	224	1.73e-162	447
42P1R1A12_02439	51P2R2A10_03616	95.089	224	11	0	1	224	1	224	3.83e-146	406
42P1R1A12_02440	42P1R1A12_02440	100.000	165	0	0	1	165	1	165	6.68e-125	347
42P1R1A12_02440	31P2R1A5_02976	95.758	165	7	0	1	165	1	165	6.29e-122	340
42P1R1A12_02441	42P1R1A12_02441	100.000	152	0	0	1	152	1	152	2.44e-110	310
42P1R1A12_02442	42P1R1A12_02442	100.000	401	0	0	1	401	1	401	0.0	825
42P1R1A12_02442	31P2R1A5_02974	97.506	401	10	0	1	401	1	401	0.0	810
42P1R1A12_02442	18P3R3A11_02393	97.257	401	11	0	1	401	1	401	0.0	807
42P1R1A12_02442	38P2R3A13_02820	96.758	401	13	0	1	401	1	401	0.0	804
42P1R1A12_02442	10P3R2A13_02712	95.262	401	19	0	1	401	1	401	0.0	795
42P1R1A12_02443	42P1R1A12_02443	100.000	715	0	0	1	715	1	715	0.0	1459
42P1R1A12_02443	18P3R3A11_02392	97.195	713	20	0	1	713	1	713	0.0	1423
42P1R1A12_02443	31P2R1A5_02973	97.059	714	20	1	1	713	1	714	0.0	1419
42P1R1A12_02443	10P3R2A13_02711	95.658	714	30	1	1	713	1	714	0.0	1399
42P1R1A12_02444	42P1R1A12_02444	100.000	318	0	0	1	318	1	318	0.0	657
42P1R1A12_02444	18P3R3A11_02391	96.855	318	10	0	1	318	1	318	0.0	636
42P1R1A12_02445	42P1R1A12_02445	100.000	277	0	0	1	277	1	277	0.0	571
42P1R1A12_02446	42P1R1A12_02446	100.000	464	0	0	1	464	1	464	0.0	908
42P1R1A12_02446	38P2R3A13_06489	96.121	464	18	0	1	464	1	464	0.0	853
42P1R1A12_02446	18P3R3A11_02389	95.259	464	22	0	1	464	1	464	0.0	852
42P1R1A12_02447	42P1R1A12_02447	100.000	91	0	0	1	91	1	91	1.11e-61	182
42P1R1A12_02447	18P3R3A11_02388	96.703	91	3	0	1	91	1	91	3.20e-59	176
42P1R1A12_02448	42P1R1A12_02448	100.000	148	0	0	1	148	1	148	2.49e-107	301
42P1R1A12_02449	42P1R1A12_02449	100.000	340	0	0	1	340	1	340	0.0	699
42P1R1A12_02450	42P1R1A12_02450	100.000	185	0	0	1	185	1	185	7.33e-139	384
42P1R1A12_02451	42P1R1A12_02451	100.000	184	0	0	1	184	1	184	3.01e-134	373
42P1R1A12_02451	51P2R2A10_03628	97.826	184	4	0	1	184	1	184	3.09e-131	365
42P1R1A12_02452	42P1R1A12_02452	100.000	215	0	0	1	215	1	215	8.23e-159	437
42P1R1A12_02452	51P2R2A10_03629	95.814	215	9	0	1	215	1	215	1.11e-152	422
42P1R1A12_02453	42P1R1A12_02453	100.000	210	0	0	1	210	1	210	6.20e-157	432
42P1R1A12_02453	51P2R2A10_03630	95.238	210	10	0	1	210	1	210	2.67e-149	413
42P1R1A12_02454	42P1R1A12_02454	100.000	121	0	0	1	121	1	121	1.95e-85	244
42P1R1A12_02455	42P1R1A12_02455	100.000	298	0	0	1	298	1	298	0.0	610
42P1R1A12_02455	51P2R2A10_03632	97.315	298	8	0	1	298	1	298	0.0	593
42P1R1A12_02456	42P1R1A12_02456	100.000	85	0	0	1	85	1	85	2.84e-60	178
42P1R1A12_02457	42P1R1A12_02457	100.000	189	0	0	1	189	1	189	8.95e-137	379
42P1R1A12_02458	42P1R1A12_02458	100.000	166	0	0	1	166	1	166	7.02e-122	340
42P1R1A12_02458	51P2R2A10_03635	95.181	166	8	0	1	166	1	166	5.05e-117	328
42P1R1A12_02459	42P1R1A12_02459	100.000	258	0	0	1	258	1	258	0.0	525
42P1R1A12_02459	31P2R1A5_02965	96.512	258	9	0	1	258	1	258	0.0	508
42P1R1A12_02461	42P1R1A12_02461	100.000	229	0	0	1	229	1	229	8.84e-164	451
42P1R1A12_02461	31P2R1A5_02963	95.197	229	11	0	1	229	1	229	4.98e-158	436
42P1R1A12_02462	42P1R1A12_02462	100.000	261	0	0	1	261	1	261	0.0	531
42P1R1A12_02462	31P2R1A5_02962	97.318	261	7	0	1	261	1	261	0.0	521
42P1R1A12_02463	42P1R1A12_02463	100.000	261	0	0	1	261	1	261	0.0	525
42P1R1A12_02464	42P1R1A12_02464	100.000	190	0	0	1	190	1	190	4.52e-138	383
42P1R1A12_02464	51P2R2A10_03641	97.368	190	5	0	1	190	1	190	4.91e-135	375
42P1R1A12_02466	42P1R1A12_02466	100.000	163	0	0	1	163	1	163	3.11e-114	320
42P1R1A12_02467	42P1R1A12_02467	100.000	228	0	0	1	228	1	228	2.41e-160	442
42P1R1A12_02467	51P2R2A10_03644	96.957	230	3	2	1	228	1	228	2.37e-153	424
42P1R1A12_02468	42P1R1A12_02468	100.000	423	0	0	1	423	1	423	0.0	860
42P1R1A12_02469	42P1R1A12_02469	100.000	326	0	0	1	326	1	326	0.0	667
42P1R1A12_02469	31P2R1A5_02955	96.341	328	10	1	1	326	1	328	0.0	636
42P1R1A12_02469	10P3R2A13_02692	97.377	305	8	0	22	326	1	305	0.0	605
42P1R1A12_02469	18P3R3A11_02368	95.738	305	10	1	22	326	1	302	0.0	594
42P1R1A12_02470	42P1R1A12_02470	100.000	220	0	0	1	220	1	220	4.76e-159	438
42P1R1A12_02470	31P2R1A5_02954	96.818	220	7	0	1	220	1	220	3.92e-156	431
42P1R1A12_02471	42P1R1A12_02471	100.000	271	0	0	1	271	1	271	0.0	563
42P1R1A12_02472	42P1R1A12_02472	100.000	338	0	0	1	338	1	338	0.0	680
42P1R1A12_02472	51P2R2A10_03649	95.562	338	15	0	1	338	1	338	0.0	657
42P1R1A12_02473	42P1R1A12_02473	100.000	379	0	0	1	379	1	379	0.0	768
42P1R1A12_02473	51P2R2A10_03650	97.098	379	11	0	1	379	1	379	0.0	751
42P1R1A12_02474	42P1R1A12_02474	100.000	320	0	0	1	320	1	320	0.0	628
42P1R1A12_02475	42P1R1A12_02475	100.000	392	0	0	1	392	1	392	0.0	760
42P1R1A12_02475	51P2R2A10_03652	97.704	392	9	0	1	392	1	392	0.0	744
42P1R1A12_02476	42P1R1A12_02476	100.000	406	0	0	1	406	1	406	0.0	835
42P1R1A12_02476	47P2R3A6_00196	95.074	406	20	0	1	406	1	406	0.0	791
42P1R1A12_02476	34P3R2A10_03300	95.023	221	11	0	184	404	1	221	2.34e-154	434
42P1R1A12_02477	42P1R1A12_02477	100.000	663	0	0	1	663	1	663	0.0	1367
42P1R1A12_02478	42P1R1A12_02478	100.000	93	0	0	1	93	1	93	5.06e-64	188
42P1R1A12_02478	51P2R2A10_03655	95.699	93	4	0	1	93	1	93	5.50e-62	182
42P1R1A12_02479	42P1R1A12_02479	100.000	189	0	0	1	189	1	189	1.81e-142	394
42P1R1A12_02479	51P2R2A10_03656	97.268	183	5	0	7	189	1	183	9.98e-135	374
42P1R1A12_02480	42P1R1A12_02480	100.000	270	0	0	1	270	1	270	0.0	528
42P1R1A12_02481	42P1R1A12_02481	100.000	275	0	0	1	275	1	275	0.0	560
42P1R1A12_02482	42P1R1A12_02482	100.000	363	0	0	1	363	1	363	0.0	740
42P1R1A12_02483	42P1R1A12_02483	100.000	335	0	0	1	335	1	335	0.0	690
42P1R1A12_02484	42P1R1A12_02484	100.000	184	0	0	1	184	1	184	5.97e-137	379
42P1R1A12_02484	31P2R1A5_02935	96.196	184	7	0	1	184	1	184	1.58e-132	368
42P1R1A12_02484	54P2R2A3_00663	95.652	184	8	0	1	184	1	184	2.96e-131	365
42P1R1A12_02485	42P1R1A12_02485	100.000	129	0	0	1	129	1	129	9.94e-93	263
42P1R1A12_02486	42P1R1A12_02486	100.000	715	0	0	1	715	1	715	0.0	1453
42P1R1A12_02487	42P1R1A12_02487	100.000	437	0	0	1	437	1	437	0.0	885
42P1R1A12_02488	42P1R1A12_02488	100.000	95	0	0	1	95	1	95	1.61e-65	192
42P1R1A12_02488	51P2R2A10_03665	97.895	95	2	0	1	95	1	95	2.13e-64	189
42P1R1A12_02489	42P1R1A12_02489	100.000	455	0	0	1	455	1	455	0.0	926
42P1R1A12_02490	42P1R1A12_02490	100.000	254	0	0	1	254	1	254	0.0	520
42P1R1A12_02491	42P1R1A12_02491	100.000	299	0	0	1	299	1	299	0.0	604
42P1R1A12_02491	51P2R2A10_03668	96.990	299	9	0	1	299	1	299	0.0	589
42P1R1A12_02493	42P1R1A12_02493	100.000	112	0	0	1	112	1	112	1.15e-81	234
42P1R1A12_02494	42P1R1A12_02494	100.000	85	0	0	1	85	1	85	5.11e-49	149
42P1R1A12_02495	42P1R1A12_02495	100.000	152	0	0	1	152	1	152	4.57e-109	306
42P1R1A12_02496	42P1R1A12_02496	100.000	254	0	0	1	254	1	254	0.0	531
42P1R1A12_02497	42P1R1A12_02497	100.000	134	0	0	1	134	1	134	1.11e-97	276
42P1R1A12_02497	51P2R2A10_00930	95.050	101	5	0	1	101	1	101	1.29e-67	199
42P1R1A12_02498	42P1R1A12_02498	100.000	272	0	0	1	272	1	272	0.0	565
42P1R1A12_02498	33P3R2A2_04487	97.059	272	8	0	1	272	1	272	0.0	552
42P1R1A12_02499	42P1R1A12_02499	100.000	298	0	0	1	298	1	298	0.0	611
42P1R1A12_02500	42P1R1A12_02500	100.000	386	0	0	1	386	1	386	0.0	794
42P1R1A12_02501	42P1R1A12_02501	100.000	394	0	0	1	394	1	394	0.0	775
42P1R1A12_02502	42P1R1A12_02502	100.000	166	0	0	1	166	1	166	2.53e-122	341
42P1R1A12_02503	42P1R1A12_02503	100.000	137	0	0	1	137	1	137	2.19e-99	281
42P1R1A12_02503	51P2R2A10_00929	96.324	136	5	0	1	136	60	195	1.45e-94	271
42P1R1A12_02504	42P1R1A12_02504	100.000	247	0	0	1	247	1	247	0.0	508
42P1R1A12_02504	51P2R2A10_00928	97.166	247	7	0	1	247	15	261	8.21e-180	494
42P1R1A12_02505	42P1R1A12_02505	100.000	341	0	0	1	341	1	341	0.0	701
42P1R1A12_02506	42P1R1A12_02506	100.000	243	0	0	1	243	1	243	9.28e-180	493
42P1R1A12_02507	42P1R1A12_02507	100.000	219	0	0	1	219	1	219	2.83e-155	429
42P1R1A12_02508	42P1R1A12_02508	100.000	251	0	0	1	251	1	251	0.0	507
42P1R1A12_02508	51P2R2A10_00924	97.211	251	7	0	1	251	1	251	1.82e-180	495
42P1R1A12_02509	42P1R1A12_02509	100.000	184	0	0	1	184	1	184	1.56e-135	376
42P1R1A12_02509	51P2R2A10_00923	97.826	184	4	0	1	184	1	184	3.37e-133	370
42P1R1A12_02510	42P1R1A12_02510	100.000	448	0	0	1	448	1	448	0.0	910
42P1R1A12_02511	42P1R1A12_02511	100.000	286	0	0	1	286	1	286	0.0	582
42P1R1A12_02512	42P1R1A12_02512	100.000	147	0	0	1	147	1	147	7.48e-107	300
42P1R1A12_02513	42P1R1A12_02513	100.000	456	0	0	1	456	1	456	0.0	944
42P1R1A12_02513	51P2R2A10_00919	97.368	456	12	0	1	456	1	456	0.0	919
42P1R1A12_02514	42P1R1A12_02514	100.000	428	0	0	1	428	1	428	0.0	853
42P1R1A12_02515	42P1R1A12_02515	100.000	418	0	0	1	418	1	418	0.0	863
42P1R1A12_02516	42P1R1A12_02516	100.000	670	0	0	1	670	1	670	0.0	1356
42P1R1A12_02516	51P2R2A10_00916	97.612	670	16	0	1	670	1	670	0.0	1326
42P1R1A12_02517	42P1R1A12_02517	100.000	418	0	0	1	418	1	418	0.0	847
42P1R1A12_02518	42P1R1A12_02518	100.000	464	0	0	1	464	1	464	0.0	942
42P1R1A12_02518	54P2R2A3_00360	96.336	464	17	0	1	464	1	464	0.0	914
42P1R1A12_02519	42P1R1A12_02519	100.000	437	0	0	1	437	1	437	0.0	902
42P1R1A12_02520	42P1R1A12_02520	100.000	427	0	0	1	427	1	427	0.0	820
42P1R1A12_02521	42P1R1A12_02521	100.000	601	0	0	1	601	1	601	0.0	1208
42P1R1A12_02522	42P1R1A12_02522	100.000	601	0	0	1	601	1	601	0.0	1214
42P1R1A12_02523	42P1R1A12_02523	100.000	320	0	0	1	320	1	320	0.0	664
42P1R1A12_02523	10P3R2A13_02803	96.845	317	10	0	1	317	1	317	0.0	642
42P1R1A12_02524	42P1R1A12_02524	100.000	2033	0	0	1	2033	1	2033	0.0	4135
42P1R1A12_02525	42P1R1A12_02525	100.000	3159	0	0	1	3159	1	3159	0.0	6464
42P1R1A12_02526	42P1R1A12_02526	100.000	366	0	0	1	366	1	366	0.0	742
42P1R1A12_02527	42P1R1A12_02527	100.000	267	0	0	1	267	1	267	0.0	542
42P1R1A12_02528	42P1R1A12_02528	100.000	526	0	0	1	526	1	526	0.0	1073
42P1R1A12_02529	42P1R1A12_02529	100.000	674	0	0	1	674	1	674	0.0	1380
42P1R1A12_02530	42P1R1A12_02530	100.000	150	0	0	1	150	1	150	7.21e-107	301
42P1R1A12_02531	42P1R1A12_02531	100.000	187	0	0	1	187	1	187	6.63e-139	385
42P1R1A12_02532	42P1R1A12_02532	100.000	215	0	0	1	215	1	215	3.72e-161	443
42P1R1A12_02533	42P1R1A12_02533	100.000	282	0	0	1	282	1	282	0.0	570
42P1R1A12_02533	31P2R1A5_00508	96.809	282	9	0	1	282	1	282	0.0	553
42P1R1A12_02534	42P1R1A12_02534	100.000	291	0	0	1	291	1	291	0.0	591
42P1R1A12_02539	42P1R1A12_02539	100.000	360	0	0	1	360	1	360	0.0	737
42P1R1A12_02539	31P2R1A5_00514	97.778	360	8	0	1	360	1	360	0.0	725
42P1R1A12_02540	42P1R1A12_02540	100.000	252	0	0	1	252	1	252	0.0	520
42P1R1A12_02540	31P2R1A5_00515	97.619	252	6	0	1	252	1	252	0.0	510
42P1R1A12_02541	42P1R1A12_02541	100.000	371	0	0	1	371	1	371	0.0	759
42P1R1A12_02542	42P1R1A12_02542	100.000	143	0	0	1	143	1	143	5.95e-104	293
42P1R1A12_02543	42P1R1A12_02543	100.000	664	0	0	1	664	1	664	0.0	1381
42P1R1A12_02544	42P1R1A12_02544	100.000	353	0	0	1	353	1	353	0.0	707
42P1R1A12_02545	42P1R1A12_02545	100.000	196	0	0	1	196	1	196	1.07e-142	395
42P1R1A12_02546	42P1R1A12_02546	100.000	591	0	0	1	591	1	591	0.0	1189
42P1R1A12_02547	42P1R1A12_02547	100.000	243	0	0	1	243	1	243	0.0	499
42P1R1A12_02548	42P1R1A12_02548	100.000	341	0	0	1	341	1	341	0.0	672
42P1R1A12_02549	42P1R1A12_02549	100.000	1022	0	0	1	1022	1	1022	0.0	2098
42P1R1A12_02550	42P1R1A12_02550	100.000	285	0	0	1	285	1	285	0.0	568
42P1R1A12_02551	42P1R1A12_02551	100.000	173	0	0	1	173	1	173	4.09e-126	351
42P1R1A12_02552	42P1R1A12_02552	100.000	162	0	0	1	162	1	162	1.02e-117	329
42P1R1A12_02553	42P1R1A12_02553	100.000	176	0	0	1	176	1	176	1.04e-126	353
42P1R1A12_02554	42P1R1A12_02554	100.000	252	0	0	1	252	1	252	0.0	516
42P1R1A12_02555	42P1R1A12_02555	100.000	325	0	0	1	325	1	325	0.0	678
42P1R1A12_02556	42P1R1A12_02556	100.000	357	0	0	1	357	1	357	0.0	725
42P1R1A12_02557	42P1R1A12_02557	100.000	84	0	0	1	84	1	84	1.34e-57	171
42P1R1A12_02558	42P1R1A12_02558	100.000	176	0	0	1	176	1	176	1.05e-129	360
42P1R1A12_02559	42P1R1A12_02559	100.000	198	0	0	1	198	1	198	2.44e-145	402
42P1R1A12_02560	42P1R1A12_02560	100.000	245	0	0	1	245	1	245	0.0	506
42P1R1A12_02561	42P1R1A12_02561	100.000	834	0	0	1	834	1	834	0.0	1712
42P1R1A12_02562	42P1R1A12_02562	100.000	178	0	0	1	178	1	178	1.04e-130	363
42P1R1A12_02563	42P1R1A12_02563	100.000	182	0	0	1	182	1	182	3.26e-133	370
42P1R1A12_02564	42P1R1A12_02564	100.000	441	0	0	1	441	1	441	0.0	907
42P1R1A12_02564	51P2R2A10_00881	95.465	441	20	0	1	441	1	441	0.0	870
42P1R1A12_02565	42P1R1A12_02565	100.000	260	0	0	1	260	1	260	0.0	537
42P1R1A12_02565	51P2R2A10_00880	97.308	260	7	0	1	260	1	260	0.0	524
42P1R1A12_02567	42P1R1A12_02567	100.000	156	0	0	1	156	1	156	5.71e-115	322
42P1R1A12_02568	42P1R1A12_02568	100.000	77	0	0	1	77	1	77	2.74e-52	157
42P1R1A12_02568	51P2R2A10_00877	100.000	74	0	0	1	74	1	74	1.04e-50	153
42P1R1A12_02569	42P1R1A12_02569	100.000	293	0	0	1	293	1	293	0.0	597
42P1R1A12_02570	42P1R1A12_02570	100.000	436	0	0	1	436	1	436	0.0	900
42P1R1A12_02571	42P1R1A12_02571	100.000	70	0	0	1	70	1	70	2.38e-46	141
42P1R1A12_02572	42P1R1A12_02572	100.000	223	0	0	1	223	1	223	2.15e-169	465
42P1R1A12_02573	42P1R1A12_02573	100.000	296	0	0	1	296	1	296	0.0	591
42P1R1A12_02574	42P1R1A12_02574	100.000	352	0	0	1	352	1	352	0.0	723
42P1R1A12_02575	42P1R1A12_02575	100.000	368	0	0	1	368	1	368	0.0	744
42P1R1A12_02576	42P1R1A12_02576	100.000	115	0	0	1	115	1	115	1.36e-78	226
42P1R1A12_02577	42P1R1A12_02577	100.000	178	0	0	1	178	1	178	7.73e-124	346
42P1R1A12_02578	42P1R1A12_02578	100.000	69	0	0	1	69	1	69	2.65e-45	139
42P1R1A12_02579	42P1R1A12_02579	100.000	252	0	0	1	252	1	252	0.0	516
42P1R1A12_02580	42P1R1A12_02580	100.000	247	0	0	1	247	1	247	0.0	500
42P1R1A12_02581	42P1R1A12_02581	100.000	437	0	0	1	437	1	437	0.0	859
42P1R1A12_02582	42P1R1A12_02582	100.000	96	0	0	1	96	1	96	1.49e-64	189
42P1R1A12_02583	42P1R1A12_02583	100.000	148	0	0	1	148	1	148	6.55e-107	301
42P1R1A12_02583	51P2R2A10_00869	95.270	148	7	0	1	148	1	148	2.58e-101	286
42P1R1A12_02584	42P1R1A12_02584	100.000	247	0	0	1	247	1	247	0.0	509
42P1R1A12_02585	42P1R1A12_02585	100.000	324	0	0	1	324	1	324	0.0	674
42P1R1A12_02586	42P1R1A12_02586	100.000	83	0	0	1	83	1	83	1.68e-56	168
42P1R1A12_02586	51P2R2A10_00866	96.386	83	3	0	1	83	1	83	1.07e-53	161
42P1R1A12_02587	42P1R1A12_02587	100.000	298	0	0	1	298	1	298	0.0	591
42P1R1A12_02587	51P2R2A10_00865	95.302	298	14	0	1	298	1	298	0.0	572
42P1R1A12_02588	42P1R1A12_02588	100.000	73	0	0	1	73	1	73	3.39e-48	146
42P1R1A12_02588	51P2R2A10_00864	97.183	71	2	0	1	71	1	71	5.09e-46	141
42P1R1A12_02589	42P1R1A12_02589	100.000	279	0	0	1	279	1	279	0.0	574
42P1R1A12_02590	42P1R1A12_02590	100.000	143	0	0	1	143	1	143	3.34e-102	288
42P1R1A12_02591	42P1R1A12_02591	100.000	240	0	0	1	240	1	240	1.14e-174	479
42P1R1A12_02592	42P1R1A12_02592	100.000	199	0	0	1	199	1	199	1.27e-149	413
42P1R1A12_02593	42P1R1A12_02593	100.000	303	0	0	1	303	1	303	0.0	613
42P1R1A12_02593	51P2R2A10_00859	95.050	303	15	0	1	303	1	303	0.0	589
42P1R1A12_02594	42P1R1A12_02594	100.000	200	0	0	1	200	1	200	1.20e-149	413
42P1R1A12_02595	42P1R1A12_02595	100.000	191	0	0	1	191	1	191	2.89e-142	394
42P1R1A12_02596	42P1R1A12_02596	100.000	131	0	0	1	131	1	131	7.22e-96	271
42P1R1A12_02597	42P1R1A12_02597	100.000	203	0	0	1	203	1	203	2.34e-150	415
42P1R1A12_02598	42P1R1A12_02598	100.000	209	0	0	1	209	1	209	1.98e-152	421
42P1R1A12_02599	42P1R1A12_02599	100.000	340	0	0	1	340	1	340	0.0	698
42P1R1A12_02600	42P1R1A12_02600	100.000	318	0	0	1	318	1	318	0.0	637
42P1R1A12_02600	51P2R2A10_00850	95.912	318	13	0	1	318	1	318	0.0	600
42P1R1A12_02601	42P1R1A12_02601	100.000	511	0	0	1	511	1	511	0.0	1030
42P1R1A12_02601	51P2R2A10_00849	96.282	511	19	0	1	511	1	511	0.0	993
42P1R1A12_02602	42P1R1A12_02602	100.000	340	0	0	1	340	1	340	0.0	657
42P1R1A12_02603	42P1R1A12_02603	100.000	457	0	0	1	457	1	457	0.0	946
42P1R1A12_02604	42P1R1A12_02604	100.000	307	0	0	1	307	1	307	0.0	623
42P1R1A12_02605	42P1R1A12_02605	100.000	47	0	0	1	47	1	47	2.12e-26	89.7
42P1R1A12_02606	42P1R1A12_02606	100.000	264	0	0	1	264	1	264	0.0	542
42P1R1A12_02607	42P1R1A12_02607	100.000	184	0	0	1	184	1	184	1.15e-134	374
42P1R1A12_02607	51P2R2A10_00843	96.196	184	7	0	1	184	26	209	1.37e-129	362
42P1R1A12_02607	38P2R3A13_02145	95.109	184	9	0	1	184	1	184	7.72e-129	359
42P1R1A12_02608	42P1R1A12_02608	100.000	513	0	0	1	513	1	513	0.0	1063
42P1R1A12_02609	42P1R1A12_02609	100.000	254	0	0	1	254	1	254	0.0	526
42P1R1A12_02610	42P1R1A12_02610	100.000	332	0	0	1	332	1	332	0.0	673
42P1R1A12_02610	51P2R2A10_00840	95.482	332	15	0	1	332	1	332	0.0	629
42P1R1A12_02611	42P1R1A12_02611	100.000	421	0	0	1	421	1	421	0.0	828
42P1R1A12_02611	51P2R2A10_00839	97.862	421	9	0	1	421	1	421	0.0	816
42P1R1A12_02611	38P2R3A13_02149	96.437	421	15	0	1	421	1	421	0.0	783
42P1R1A12_02612	42P1R1A12_02612	100.000	362	0	0	1	362	1	362	0.0	728
42P1R1A12_02613	42P1R1A12_02613	100.000	159	0	0	1	159	1	159	3.30e-118	330
42P1R1A12_02614	42P1R1A12_02614	100.000	169	0	0	1	169	1	169	1.32e-123	345
42P1R1A12_02615	42P1R1A12_02615	100.000	336	0	0	1	336	1	336	0.0	647
42P1R1A12_02615	51P2R2A10_00836	96.131	336	13	0	1	336	1	336	0.0	624
42P1R1A12_02616	42P1R1A12_02616	100.000	319	0	0	1	319	1	319	0.0	662
42P1R1A12_02617	42P1R1A12_02617	100.000	270	0	0	1	270	1	270	0.0	538
42P1R1A12_02618	42P1R1A12_02618	100.000	110	0	0	1	110	1	110	2.22e-80	231
42P1R1A12_02619	42P1R1A12_02619	100.000	274	0	0	1	274	1	274	0.0	562
42P1R1A12_02620	42P1R1A12_02620	100.000	440	0	0	1	440	1	440	0.0	883
42P1R1A12_02621	42P1R1A12_02621	100.000	318	0	0	1	318	1	318	0.0	656
42P1R1A12_02622	42P1R1A12_02622	100.000	486	0	0	1	486	1	486	0.0	978
42P1R1A12_02623	42P1R1A12_02623	100.000	400	0	0	1	400	1	400	0.0	761
42P1R1A12_02624	42P1R1A12_02624	100.000	319	0	0	1	319	1	319	0.0	653
42P1R1A12_02624	51P2R2A10_00827	97.152	316	9	0	1	316	1	316	0.0	632
42P1R1A12_02625	42P1R1A12_02625	100.000	263	0	0	1	263	1	263	0.0	520
42P1R1A12_02626	42P1R1A12_02626	100.000	252	0	0	1	252	1	252	0.0	504
42P1R1A12_02627	42P1R1A12_02627	100.000	180	0	0	1	180	1	180	2.45e-133	370
42P1R1A12_02629	42P1R1A12_02629	100.000	251	0	0	1	251	1	251	0.0	497
42P1R1A12_02630	42P1R1A12_02630	100.000	233	0	0	1	233	1	233	1.09e-165	456
42P1R1A12_02630	31P2R1A5_03038	96.137	233	9	0	1	233	1	233	1.19e-143	400
42P1R1A12_02631	42P1R1A12_02631	100.000	247	0	0	1	247	1	247	0.0	502
42P1R1A12_02631	31P2R1A5_03037	97.166	247	7	0	1	247	1	247	2.73e-178	489
42P1R1A12_02631	51P2R2A10_00820	95.142	247	12	0	1	247	1	247	6.95e-176	483
42P1R1A12_02633	42P1R1A12_02633	100.000	63	0	0	1	63	1	63	3.19e-40	125
42P1R1A12_02634	42P1R1A12_02634	100.000	92	0	0	1	92	1	92	1.64e-64	189
42P1R1A12_02635	42P1R1A12_02635	100.000	138	0	0	1	138	1	138	2.55e-100	283
42P1R1A12_02636	42P1R1A12_02636	100.000	200	0	0	1	200	1	200	7.45e-146	403
42P1R1A12_02636	51P2R2A10_00816	99.000	200	2	0	1	200	144	343	7.28e-142	399
42P1R1A12_02637	42P1R1A12_02637	100.000	270	0	0	1	270	1	270	0.0	538
42P1R1A12_02637	31P2R1A5_00432	95.167	269	13	0	2	270	1	269	4.33e-177	488
42P1R1A12_02638	42P1R1A12_02638	100.000	264	0	0	1	264	1	264	0.0	530
42P1R1A12_02639	42P1R1A12_02639	100.000	224	0	0	1	224	1	224	2.64e-157	434
42P1R1A12_02640	42P1R1A12_02640	100.000	349	0	0	1	349	1	349	0.0	703
42P1R1A12_02641	42P1R1A12_02641	100.000	279	0	0	1	279	1	279	0.0	564
42P1R1A12_02642	42P1R1A12_02642	100.000	396	0	0	1	396	1	396	0.0	765
42P1R1A12_02643	42P1R1A12_02643	100.000	207	0	0	1	207	1	207	2.15e-148	410
42P1R1A12_02644	42P1R1A12_02644	100.000	130	0	0	1	130	1	130	4.60e-97	274
42P1R1A12_02645	42P1R1A12_02645	100.000	73	0	0	1	73	1	73	1.64e-48	147
42P1R1A12_02646	42P1R1A12_02646	100.000	149	0	0	1	149	1	149	7.53e-108	303
42P1R1A12_02647	42P1R1A12_02647	100.000	918	0	0	1	918	1	918	0.0	1868
42P1R1A12_02647	51P2R2A10_00931	95.969	918	31	1	1	918	1	912	0.0	1780
42P1R1A12_02648	42P1R1A12_02648	100.000	320	0	0	1	320	1	320	0.0	651
42P1R1A12_02649	42P1R1A12_02649	100.000	340	0	0	1	340	1	340	0.0	687
42P1R1A12_02649	31P2R1A5_03150	97.941	340	7	0	1	340	1	340	0.0	677
42P1R1A12_02650	42P1R1A12_02650	100.000	510	0	0	1	510	1	510	0.0	1016
42P1R1A12_02650	51P2R2A10_00934	97.255	510	14	0	1	510	1	510	0.0	987
42P1R1A12_02651	42P1R1A12_02651	100.000	466	0	0	1	466	1	466	0.0	940
42P1R1A12_02651	51P2R2A10_00935	96.781	466	15	0	1	466	1	466	0.0	915
42P1R1A12_02652	42P1R1A12_02652	100.000	690	0	0	1	690	1	690	0.0	1420
42P1R1A12_02653	42P1R1A12_02653	100.000	848	0	0	1	848	1	848	0.0	1721
42P1R1A12_02654	42P1R1A12_02654	100.000	596	0	0	1	596	1	596	0.0	1215
42P1R1A12_02655	42P1R1A12_02655	100.000	176	0	0	1	176	1	176	6.46e-132	366
42P1R1A12_02656	42P1R1A12_02656	100.000	295	0	0	1	295	1	295	0.0	600
42P1R1A12_02656	51P2R2A10_00939	96.271	295	11	0	1	295	1	295	0.0	581
42P1R1A12_02657	42P1R1A12_02657	100.000	77	0	0	1	77	1	77	9.93e-51	153
42P1R1A12_02658	42P1R1A12_02658	100.000	54	0	0	1	54	1	54	1.48e-31	103
42P1R1A12_02659	42P1R1A12_02659	100.000	147	0	0	1	147	1	147	5.03e-108	303
42P1R1A12_02660	42P1R1A12_02660	100.000	200	0	0	1	200	1	200	3.96e-143	396
42P1R1A12_02660	51P2R2A10_00943	97.500	200	5	0	1	200	13	212	8.04e-140	389
42P1R1A12_02661	42P1R1A12_02661	100.000	512	0	0	1	512	1	512	0.0	1058
42P1R1A12_02662	42P1R1A12_02662	100.000	443	0	0	1	443	1	443	0.0	909
42P1R1A12_02662	51P2R2A10_00945	97.285	442	12	0	2	443	1	442	0.0	886
42P1R1A12_02663	42P1R1A12_02663	100.000	151	0	0	1	151	1	151	8.40e-112	313
42P1R1A12_02663	51P2R2A10_00946	96.026	151	6	0	1	151	1	151	1.09e-108	305
42P1R1A12_02664	42P1R1A12_02664	100.000	141	0	0	1	141	1	141	1.08e-103	292
42P1R1A12_02665	42P1R1A12_02665	100.000	1036	0	0	1	1036	1	1036	0.0	2082
42P1R1A12_02666	42P1R1A12_02666	100.000	206	0	0	1	206	1	206	2.32e-149	412
42P1R1A12_02667	42P1R1A12_02667	100.000	187	0	0	1	187	1	187	9.73e-134	372
42P1R1A12_02668	42P1R1A12_02668	100.000	142	0	0	1	142	1	142	2.22e-100	283
42P1R1A12_02669	42P1R1A12_02669	100.000	50	0	0	1	50	1	50	2.21e-31	102
42P1R1A12_02670	42P1R1A12_02670	100.000	34	0	0	1	34	1	34	2.57e-17	65.9
42P1R1A12_02671	42P1R1A12_02671	100.000	381	0	0	1	381	1	381	0.0	770
42P1R1A12_02672	42P1R1A12_02672	100.000	345	0	0	1	345	1	345	0.0	706
42P1R1A12_02673	42P1R1A12_02673	100.000	308	0	0	1	308	1	308	0.0	636
42P1R1A12_02673	51P2R2A10_00955	97.078	308	9	0	1	308	1	308	0.0	625
42P1R1A12_02674	42P1R1A12_02674	100.000	391	0	0	1	391	1	391	0.0	810
42P1R1A12_02674	51P2R2A10_00956	97.187	391	11	0	1	391	1	391	0.0	792
42P1R1A12_02675	42P1R1A12_02675	100.000	232	0	0	1	232	1	232	1.67e-171	471
42P1R1A12_02676	42P1R1A12_02676	100.000	243	0	0	1	243	1	243	1.38e-175	482
42P1R1A12_02676	51P2R2A10_00958	95.062	243	12	0	1	243	1	243	5.05e-166	458
42P1R1A12_02677	42P1R1A12_02677	100.000	247	0	0	1	247	1	247	4.16e-174	479
42P1R1A12_02677	51P2R2A10_00959	95.142	247	12	0	1	247	1	247	1.00e-155	432
42P1R1A12_02678	42P1R1A12_02678	100.000	312	0	0	1	312	1	312	0.0	631
42P1R1A12_02679	42P1R1A12_02679	100.000	461	0	0	1	461	1	461	0.0	944
42P1R1A12_02679	31P2R1A5_00603	96.312	461	17	0	1	461	1	461	0.0	913
42P1R1A12_02680	42P1R1A12_02680	100.000	491	0	0	1	491	1	491	0.0	1010
42P1R1A12_02681	42P1R1A12_02681	100.000	263	0	0	1	263	1	263	0.0	526
42P1R1A12_02681	51P2R2A10_00963	97.297	259	7	0	1	259	1	259	0.0	503
42P1R1A12_02682	42P1R1A12_02682	100.000	183	0	0	1	183	1	183	9.12e-134	371
42P1R1A12_02683	42P1R1A12_02683	100.000	248	0	0	1	248	1	248	0.0	503
42P1R1A12_02683	51P2R2A10_00965	96.774	248	8	0	1	248	1	248	1.38e-177	488
42P1R1A12_02684	42P1R1A12_02684	100.000	640	0	0	1	640	1	640	0.0	1324
42P1R1A12_02685	42P1R1A12_02685	100.000	599	0	0	1	599	1	599	0.0	1201
42P1R1A12_02686	42P1R1A12_02686	100.000	1202	0	0	1	1202	1	1202	0.0	2436
42P1R1A12_02686	51P2R2A10_00968	95.674	1202	52	0	1	1202	1	1202	0.0	2286
42P1R1A12_02687	42P1R1A12_02687	100.000	212	0	0	1	212	1	212	1.97e-160	441
42P1R1A12_02688	42P1R1A12_02688	100.000	243	0	0	1	243	1	243	0.0	503
42P1R1A12_02688	51P2R2A10_00970	97.531	243	6	0	1	243	1	243	6.53e-180	493
42P1R1A12_02689	42P1R1A12_02689	100.000	259	0	0	1	259	1	259	0.0	530
42P1R1A12_02690	42P1R1A12_02690	100.000	272	0	0	1	272	1	272	0.0	530
42P1R1A12_02690	51P2R2A10_00972	97.794	272	6	0	1	272	1	272	0.0	522
42P1R1A12_02690	31P2R1A5_00539	95.956	272	11	0	1	272	1	272	0.0	516
42P1R1A12_02691	42P1R1A12_02691	100.000	352	0	0	1	352	1	352	0.0	716
42P1R1A12_02691	51P2R2A10_00973	96.884	353	10	1	1	352	1	353	0.0	696
42P1R1A12_02692	42P1R1A12_02692	100.000	201	0	0	1	201	1	201	9.05e-148	408
42P1R1A12_02693	42P1R1A12_02693	100.000	231	0	0	1	231	1	231	2.43e-169	465
42P1R1A12_02694	42P1R1A12_02694	100.000	211	0	0	1	211	1	211	1.82e-149	413
42P1R1A12_02694	51P2R2A10_00976	95.735	211	9	0	1	211	1	211	2.63e-143	398
42P1R1A12_02695	42P1R1A12_02695	100.000	156	0	0	1	156	1	156	8.59e-109	306
42P1R1A12_02696	42P1R1A12_02696	100.000	145	0	0	1	145	1	145	1.26e-95	272
42P1R1A12_02696	51P2R2A10_00978	95.862	145	6	0	1	145	1	145	9.74e-92	262
42P1R1A12_02697	42P1R1A12_02697	100.000	311	0	0	1	311	1	311	0.0	634
42P1R1A12_02698	42P1R1A12_02698	100.000	728	0	0	1	728	1	728	0.0	1491
42P1R1A12_02699	42P1R1A12_02699	100.000	31	0	0	1	31	1	31	4.18e-14	57.8
42P1R1A12_02700	42P1R1A12_02700	100.000	911	0	0	1	911	1	911	0.0	1861
42P1R1A12_02701	42P1R1A12_02701	100.000	228	0	0	1	228	1	228	1.19e-165	456
42P1R1A12_02702	42P1R1A12_02702	100.000	176	0	0	1	176	1	176	9.01e-125	348
42P1R1A12_02703	42P1R1A12_02703	100.000	470	0	0	1	470	1	470	0.0	952
42P1R1A12_02703	51P2R2A10_00985	97.447	470	12	0	1	470	1	470	0.0	931
42P1R1A12_02704	42P1R1A12_02704	100.000	388	0	0	1	388	1	388	0.0	762
42P1R1A12_02705	42P1R1A12_02705	100.000	300	0	0	1	300	1	300	0.0	612
42P1R1A12_02706	42P1R1A12_02706	100.000	302	0	0	1	302	1	302	0.0	625
42P1R1A12_02706	51P2R2A10_00988	96.013	301	11	1	1	300	1	301	0.0	575
42P1R1A12_02707	42P1R1A12_02707	100.000	253	0	0	1	253	1	253	0.0	516
42P1R1A12_02708	42P1R1A12_02708	100.000	206	0	0	1	206	1	206	2.26e-145	402
42P1R1A12_02709	42P1R1A12_02709	100.000	767	0	0	1	767	1	767	0.0	1591
42P1R1A12_02709	51P2R2A10_00991	96.089	767	30	0	1	767	1	767	0.0	1529
42P1R1A12_02710	42P1R1A12_02710	100.000	306	0	0	1	306	1	306	0.0	624
42P1R1A12_02711	42P1R1A12_02711	100.000	303	0	0	1	303	1	303	0.0	602
42P1R1A12_02712	42P1R1A12_02712	100.000	290	0	0	1	290	1	290	0.0	597
42P1R1A12_02712	51P2R2A10_00995	95.862	290	12	0	1	290	1	290	0.0	571
42P1R1A12_02713	42P1R1A12_02713	100.000	144	0	0	1	144	1	144	2.42e-104	294
42P1R1A12_02714	42P1R1A12_02714	100.000	160	0	0	1	160	1	160	1.86e-118	331
42P1R1A12_02715	42P1R1A12_02715	100.000	301	0	0	1	301	1	301	0.0	614
42P1R1A12_02715	51P2R2A10_00998	97.342	301	8	0	1	301	1	301	0.0	597
42P1R1A12_02716	42P1R1A12_02716	100.000	284	0	0	1	284	1	284	0.0	583
42P1R1A12_02716	51P2R2A10_00999	95.775	284	12	0	1	284	1	284	0.0	561
42P1R1A12_02717	42P1R1A12_02717	100.000	47	0	0	1	47	1	47	4.68e-28	94.0
42P1R1A12_02718	42P1R1A12_02718	100.000	566	0	0	1	566	1	566	0.0	1172
42P1R1A12_02718	31P2R1A5_00644	95.760	566	24	0	1	566	1	566	0.0	1108
42P1R1A12_02719	42P1R1A12_02719	100.000	571	0	0	1	571	1	571	0.0	1145
42P1R1A12_02720	42P1R1A12_02720	100.000	176	0	0	1	176	1	176	1.01e-131	365
42P1R1A12_02722	42P1R1A12_02722	100.000	231	0	0	1	231	1	231	4.83e-173	474
42P1R1A12_02723	42P1R1A12_02723	100.000	152	0	0	1	152	1	152	6.63e-109	306
42P1R1A12_02724	42P1R1A12_02724	100.000	200	0	0	1	200	1	200	1.38e-146	405
42P1R1A12_02724	51P2R2A10_01006	95.500	200	9	0	1	200	1	200	1.13e-130	365
42P1R1A12_02725	42P1R1A12_02725	100.000	337	0	0	1	337	1	337	0.0	687
42P1R1A12_02726	42P1R1A12_02726	100.000	190	0	0	1	190	1	190	7.12e-142	392
42P1R1A12_02727	42P1R1A12_02727	100.000	541	0	0	1	541	1	541	0.0	1096
42P1R1A12_02727	51P2R2A10_01008	96.858	541	17	0	1	541	1	541	0.0	1068
42P1R1A12_02728	42P1R1A12_02728	100.000	315	0	0	1	315	1	315	0.0	603
42P1R1A12_02728	51P2R2A10_01009	96.825	315	10	0	1	315	1	315	0.0	587
42P1R1A12_02729	42P1R1A12_02729	100.000	284	0	0	1	284	1	284	0.0	545
42P1R1A12_02729	51P2R2A10_01010	95.745	282	12	0	1	282	1	282	1.82e-175	485
42P1R1A12_02730	42P1R1A12_02730	100.000	535	0	0	1	535	1	535	0.0	1060
42P1R1A12_02730	51P2R2A10_01011	97.570	535	13	0	1	535	1	535	0.0	1035
42P1R1A12_02731	42P1R1A12_02731	100.000	330	0	0	1	330	1	330	0.0	657
42P1R1A12_02731	51P2R2A10_01012	95.758	330	14	0	1	330	1	330	0.0	634
42P1R1A12_02732	42P1R1A12_02732	100.000	364	0	0	1	364	1	364	0.0	729
42P1R1A12_02733	42P1R1A12_02733	100.000	384	0	0	1	384	1	384	0.0	742
42P1R1A12_02734	42P1R1A12_02734	100.000	63	0	0	1	63	1	63	1.17e-41	129
42P1R1A12_02735	42P1R1A12_02735	100.000	108	0	0	1	108	1	108	8.67e-78	224
42P1R1A12_02736	42P1R1A12_02736	100.000	219	0	0	1	219	1	219	4.20e-162	446
42P1R1A12_02737	42P1R1A12_02737	100.000	295	0	0	1	295	1	295	0.0	613
42P1R1A12_02737	51P2R2A10_01018	97.966	295	6	0	1	295	1	295	0.0	604
42P1R1A12_02737	54P2R2A3_00216	95.070	284	14	0	1	284	1	284	0.0	570
42P1R1A12_02737	44P3R3A6_00577	95.053	283	14	0	1	283	1	283	0.0	568
42P1R1A12_02738	42P1R1A12_02738	100.000	804	0	0	1	804	1	804	0.0	1674
42P1R1A12_02738	51P2R2A10_01019	96.269	804	30	0	1	804	1	804	0.0	1617
42P1R1A12_02738	31P2R1A5_00662	95.398	804	37	0	1	804	1	804	0.0	1603
42P1R1A12_02738	18P3R3A11_00883	95.274	804	38	0	1	804	1	804	0.0	1603
42P1R1A12_02739	42P1R1A12_02739	100.000	196	0	0	1	196	1	196	7.03e-148	408
42P1R1A12_02739	31P2R1A5_00663	97.449	196	5	0	1	196	1	196	9.94e-145	400
42P1R1A12_02739	18P3R3A11_00882	95.918	196	8	0	1	196	1	196	2.24e-143	397
42P1R1A12_02739	51P2R2A10_01020	95.408	196	9	0	1	196	1	196	1.34e-142	395
42P1R1A12_02740	42P1R1A12_02740	100.000	293	0	0	1	293	1	293	0.0	569
42P1R1A12_02740	51P2R2A10_01021	95.904	293	12	0	1	293	1	293	0.0	524
42P1R1A12_02741	42P1R1A12_02741	100.000	258	0	0	1	258	1	258	0.0	521
42P1R1A12_02742	42P1R1A12_02742	100.000	339	0	0	1	339	1	339	0.0	690
42P1R1A12_02743	42P1R1A12_02743	100.000	162	0	0	1	162	1	162	5.62e-120	335
42P1R1A12_02743	51P2R2A10_01024	95.679	162	7	0	1	162	1	162	2.60e-115	323
42P1R1A12_02744	42P1R1A12_02744	100.000	461	0	0	1	461	1	461	0.0	969
42P1R1A12_02745	42P1R1A12_02745	100.000	309	0	0	1	309	1	309	0.0	639
42P1R1A12_02746	42P1R1A12_02746	100.000	97	0	0	1	97	1	97	5.06e-69	201
42P1R1A12_02746	51P2R2A10_01027	97.938	97	2	0	1	97	1	97	2.73e-67	196
42P1R1A12_02747	42P1R1A12_02747	100.000	373	0	0	1	373	1	373	0.0	748
42P1R1A12_02747	51P2R2A10_01028	95.979	373	15	0	1	373	1	373	0.0	725
42P1R1A12_02748	42P1R1A12_02748	100.000	266	0	0	1	266	1	266	0.0	530
42P1R1A12_02748	51P2R2A10_01029	95.113	266	13	0	1	266	1	266	5.66e-176	485
42P1R1A12_02749	42P1R1A12_02749	100.000	497	0	0	1	497	1	497	0.0	954
42P1R1A12_02749	51P2R2A10_01030	97.586	497	12	0	1	497	1	497	0.0	934
42P1R1A12_02750	42P1R1A12_02750	100.000	192	0	0	1	192	1	192	7.45e-141	390
42P1R1A12_02751	42P1R1A12_02751	100.000	463	0	0	1	463	1	463	0.0	917
42P1R1A12_02751	51P2R2A10_01032	97.192	463	13	0	1	463	1	463	0.0	897
42P1R1A12_02752	42P1R1A12_02752	100.000	1247	0	0	1	1247	1	1247	0.0	2603
42P1R1A12_02753	42P1R1A12_02753	100.000	515	0	0	1	515	1	515	0.0	1076
42P1R1A12_02753	10P3R2A13_04158	95.922	515	21	0	1	515	1	515	0.0	1043
42P1R1A12_02753	34P3R2A10_04580	95.890	146	6	0	370	515	1	146	3.55e-97	290
42P1R1A12_02754	42P1R1A12_02754	100.000	232	0	0	1	232	1	232	2.48e-172	473
42P1R1A12_02755	42P1R1A12_02755	100.000	227	0	0	1	227	1	227	4.51e-167	459
42P1R1A12_02755	10P3R2A13_04160	96.035	227	9	0	1	227	1	227	2.59e-162	447
42P1R1A12_02756	42P1R1A12_02756	100.000	282	0	0	1	282	1	282	0.0	580
42P1R1A12_02756	51P2R2A10_01037	96.809	282	9	0	1	282	1	282	0.0	566
42P1R1A12_02757	42P1R1A12_02757	100.000	552	0	0	1	552	1	552	0.0	1056
42P1R1A12_02758	42P1R1A12_02758	100.000	323	0	0	1	323	1	323	0.0	652
42P1R1A12_02759	42P1R1A12_02759	100.000	234	0	0	1	234	1	234	1.36e-170	469
42P1R1A12_02760	42P1R1A12_02760	100.000	194	0	0	1	194	1	194	1.92e-145	402
42P1R1A12_02761	42P1R1A12_02761	100.000	274	0	0	1	274	1	274	0.0	570
42P1R1A12_02761	51P2R2A10_01042	95.620	274	12	0	1	274	1	274	0.0	545
42P1R1A12_02762	42P1R1A12_02762	100.000	524	0	0	1	524	1	524	0.0	1079
42P1R1A12_02763	42P1R1A12_02763	100.000	461	0	0	1	461	1	461	0.0	926
42P1R1A12_02763	51P2R2A10_01045	98.615	361	5	0	101	461	1	361	0.0	716
42P1R1A12_02763	51P2R2A10_01044	98.990	99	1	0	1	99	1	99	2.11e-64	202
42P1R1A12_02764	42P1R1A12_02764	100.000	535	0	0	1	535	1	535	0.0	1106
42P1R1A12_02764	51P2R2A10_01046	97.944	535	11	0	1	535	1	535	0.0	1086
42P1R1A12_02765	42P1R1A12_02765	100.000	137	0	0	1	137	1	137	1.24e-98	279
42P1R1A12_02766	42P1R1A12_02766	100.000	99	0	0	1	99	1	99	1.11e-68	200
42P1R1A12_02767	42P1R1A12_02767	100.000	106	0	0	1	106	1	106	1.99e-74	215
42P1R1A12_02768	42P1R1A12_02768	100.000	76	0	0	1	76	1	76	1.17e-51	155
42P1R1A12_02768	51P2R2A10_01050	96.053	76	3	0	1	76	1	76	5.30e-50	151
42P1R1A12_02769	42P1R1A12_02769	100.000	206	0	0	1	206	1	206	9.90e-153	421
42P1R1A12_02769	51P2R2A10_01051	96.117	206	8	0	1	206	1	206	2.38e-147	407
42P1R1A12_02770	42P1R1A12_02770	100.000	312	0	0	1	312	1	312	0.0	625
42P1R1A12_02770	51P2R2A10_01052	98.718	312	4	0	1	312	24	335	0.0	616
42P1R1A12_02771	42P1R1A12_02771	100.000	399	0	0	1	399	1	399	0.0	820
42P1R1A12_02771	31P2R1A5_00688	97.744	399	9	0	1	399	1	399	0.0	804
42P1R1A12_02772	42P1R1A12_02772	100.000	437	0	0	1	437	1	437	0.0	880
42P1R1A12_02772	51P2R2A10_01054	97.941	437	9	0	1	437	1	437	0.0	867
42P1R1A12_02772	31P2R1A5_00689	95.195	437	21	0	1	437	1	437	0.0	831
42P1R1A12_02773	42P1R1A12_02773	100.000	298	0	0	1	298	1	298	0.0	591
42P1R1A12_02774	42P1R1A12_02774	100.000	260	0	0	1	260	1	260	0.0	527
42P1R1A12_02775	42P1R1A12_02775	100.000	309	0	0	1	309	1	309	0.0	602
42P1R1A12_02776	42P1R1A12_02776	100.000	170	0	0	1	170	1	170	4.66e-122	341
42P1R1A12_02777	42P1R1A12_02777	100.000	314	0	0	1	314	1	314	0.0	624
42P1R1A12_02778	42P1R1A12_02778	100.000	439	0	0	1	439	1	439	0.0	897
42P1R1A12_02778	51P2R2A10_01060	97.950	439	9	0	1	439	1	439	0.0	883
42P1R1A12_02779	42P1R1A12_02779	100.000	374	0	0	1	374	1	374	0.0	755
42P1R1A12_02780	42P1R1A12_02780	100.000	334	0	0	1	334	1	334	0.0	667
42P1R1A12_02780	51P2R2A10_01062	95.509	334	15	0	1	334	1	334	0.0	622
42P1R1A12_02781	42P1R1A12_02781	100.000	224	0	0	1	224	1	224	2.55e-120	341
42P1R1A12_02782	42P1R1A12_02782	100.000	138	0	0	1	138	1	138	1.78e-98	278
42P1R1A12_02783	42P1R1A12_02783	100.000	158	0	0	1	158	1	158	2.03e-116	325
42P1R1A12_02783	51P2R2A10_01535	97.468	158	4	0	1	158	1	158	3.90e-113	317
42P1R1A12_02784	42P1R1A12_02784	100.000	678	0	0	1	678	1	678	0.0	1390
42P1R1A12_02784	51P2R2A10_01534	97.345	678	18	0	1	678	1	678	0.0	1361
42P1R1A12_02785	42P1R1A12_02785	100.000	149	0	0	1	149	1	149	3.88e-105	296
42P1R1A12_02785	51P2R2A10_01533	99.329	149	1	0	1	149	33	181	7.80e-105	296
42P1R1A12_02786	42P1R1A12_02786	100.000	712	0	0	1	712	1	712	0.0	1446
42P1R1A12_02786	51P2R2A10_01532	97.753	712	16	0	1	712	1	712	0.0	1415
42P1R1A12_02787	42P1R1A12_02787	100.000	208	0	0	1	208	1	208	8.82e-156	429
42P1R1A12_02788	42P1R1A12_02788	100.000	127	0	0	1	127	1	127	8.67e-88	251
42P1R1A12_02788	51P2R2A10_01530	98.425	127	2	0	1	127	44	170	6.30e-87	250
42P1R1A12_02789	42P1R1A12_02789	100.000	357	0	0	1	357	1	357	0.0	732
42P1R1A12_02789	54P2R2A3_04329	96.639	357	12	0	1	357	1	357	0.0	712
42P1R1A12_02789	43P2R2A2_02573	95.833	48	2	0	310	357	1	48	2.17e-25	97.1
42P1R1A12_02790	42P1R1A12_02790	100.000	151	0	0	1	151	1	151	3.55e-109	306
42P1R1A12_02791	42P1R1A12_02791	100.000	586	0	0	1	586	1	586	0.0	1187
42P1R1A12_02791	51P2R2A10_01527	97.952	586	12	0	1	586	1	586	0.0	1166
42P1R1A12_02792	42P1R1A12_02792	100.000	173	0	0	1	173	1	173	8.26e-126	350
42P1R1A12_02792	18P3R3A11_03122	95.954	173	7	0	1	173	1	173	2.60e-123	344
42P1R1A12_02792	10P3R2A13_01541	95.376	173	8	0	1	173	37	209	2.85e-123	345
42P1R1A12_02792	31P2R1A5_01609	95.376	173	8	0	1	173	1	173	4.65e-122	341
42P1R1A12_02793	42P1R1A12_02793	100.000	188	0	0	1	188	1	188	1.67e-138	384
42P1R1A12_02794	42P1R1A12_02794	100.000	546	0	0	1	546	1	546	0.0	1112
42P1R1A12_02795	42P1R1A12_02795	100.000	423	0	0	1	423	1	423	0.0	861
42P1R1A12_02796	42P1R1A12_02796	100.000	636	0	0	1	636	1	636	0.0	1301
42P1R1A12_02797	42P1R1A12_02797	100.000	702	0	0	1	702	1	702	0.0	1452
42P1R1A12_02797	31P2R1A5_01614	95.014	702	35	0	1	702	1	702	0.0	1342
42P1R1A12_02798	42P1R1A12_02798	100.000	370	0	0	1	370	1	370	0.0	763
42P1R1A12_02798	51P2R2A10_01520	95.135	370	18	0	1	370	1	370	0.0	731
42P1R1A12_02799	42P1R1A12_02799	100.000	181	0	0	1	181	1	181	4.32e-135	374
42P1R1A12_02800	42P1R1A12_02800	100.000	337	0	0	1	337	1	337	0.0	686
42P1R1A12_02800	31P2R1A5_01617	96.142	337	13	0	1	337	1	337	0.0	664
42P1R1A12_02801	42P1R1A12_02801	100.000	192	0	0	1	192	1	192	6.46e-141	390
42P1R1A12_02802	42P1R1A12_02802	100.000	264	0	0	1	264	1	264	0.0	514
42P1R1A12_02802	31P2R1A5_01621	95.122	246	12	0	19	264	19	264	9.18e-169	466
42P1R1A12_02803	42P1R1A12_02803	100.000	258	0	0	1	258	1	258	0.0	506
42P1R1A12_02803	51P2R2A10_01515	97.287	258	7	0	1	258	1	258	4.68e-180	494
42P1R1A12_02804	42P1R1A12_02804	100.000	872	0	0	1	872	1	872	0.0	1816
42P1R1A12_02805	42P1R1A12_02805	100.000	401	0	0	1	401	1	401	0.0	832
42P1R1A12_02807	42P1R1A12_02807	100.000	362	0	0	1	362	1	362	0.0	728
42P1R1A12_02807	51P2R2A10_01511	96.961	362	9	1	1	362	1	360	0.0	706
42P1R1A12_02808	42P1R1A12_02808	100.000	397	0	0	1	397	1	397	0.0	822
42P1R1A12_02808	31P2R1A5_01627	96.725	397	13	0	1	397	1	397	0.0	797
42P1R1A12_02809	42P1R1A12_02809	100.000	216	0	0	1	216	1	216	9.67e-161	442
42P1R1A12_02810	42P1R1A12_02810	100.000	184	0	0	1	184	1	184	9.08e-136	377
42P1R1A12_02810	31P2R1A5_01629	96.196	184	7	0	1	184	26	209	3.05e-131	366
42P1R1A12_02810	54P2R2A3_04816	95.652	184	8	0	1	184	29	212	4.03e-118	333
42P1R1A12_02811	42P1R1A12_02811	100.000	598	0	0	1	598	1	598	0.0	1218
42P1R1A12_02811	51P2R2A10_01507	97.492	598	15	0	1	598	1	598	0.0	1194
42P1R1A12_02812	42P1R1A12_02812	100.000	1483	0	0	1	1483	1	1483	0.0	3016
42P1R1A12_02812	31P2R1A5_01632	95.887	1483	61	0	1	1483	1	1483	0.0	2850
42P1R1A12_02812	34P3R2A10_03140	95.022	462	23	0	1020	1481	1	462	0.0	905
42P1R1A12_02813	42P1R1A12_02813	100.000	235	0	0	1	235	1	235	7.49e-174	477
42P1R1A12_02813	31P2R1A5_01633	97.021	235	7	0	1	235	1	235	1.90e-168	463
42P1R1A12_02813	10P3R2A13_01573	95.319	235	11	0	1	235	1	235	6.48e-167	459
42P1R1A12_02814	42P1R1A12_02814	100.000	441	0	0	1	441	1	441	0.0	900
42P1R1A12_02814	31P2R1A5_01634	95.238	441	21	0	1	441	1	441	0.0	865
42P1R1A12_02815	42P1R1A12_02815	100.000	260	0	0	1	260	1	260	0.0	540
42P1R1A12_02816	42P1R1A12_02816	100.000	260	0	0	1	260	1	260	0.0	516
42P1R1A12_02816	51P2R2A10_01502	96.538	260	9	0	1	260	1	260	0.0	499
42P1R1A12_02817	42P1R1A12_02817	100.000	298	0	0	1	298	1	298	0.0	607
42P1R1A12_02817	51P2R2A10_01501	97.987	298	6	0	1	298	1	298	0.0	598
42P1R1A12_02818	42P1R1A12_02818	100.000	249	0	0	1	249	1	249	0.0	504
42P1R1A12_02818	31P2R1A5_01638	95.984	249	10	0	1	249	1	249	2.37e-177	487
42P1R1A12_02818	54P2R2A3_04825	95.984	249	10	0	1	249	1	249	2.98e-177	487
42P1R1A12_02819	42P1R1A12_02819	100.000	61	0	0	1	61	1	61	2.37e-39	123
42P1R1A12_02820	42P1R1A12_02820	100.000	410	0	0	1	410	1	410	0.0	835
42P1R1A12_02821	42P1R1A12_02821	100.000	327	0	0	1	327	1	327	0.0	650
42P1R1A12_02822	42P1R1A12_02822	100.000	583	0	0	1	583	1	583	0.0	1194
42P1R1A12_02822	31P2R1A5_01642	96.902	581	18	0	1	581	1	581	0.0	1158
42P1R1A12_02823	42P1R1A12_02823	100.000	752	0	0	1	752	1	752	0.0	1494
42P1R1A12_02826	42P1R1A12_02826	100.000	228	0	0	1	228	1	228	9.21e-166	456
42P1R1A12_02827	42P1R1A12_02827	100.000	428	0	0	1	428	1	428	0.0	880
42P1R1A12_02827	31P2R1A5_01647	95.327	428	20	0	1	428	1	428	0.0	826
42P1R1A12_02827	18P3R3A11_03159	95.093	428	21	0	1	428	1	428	0.0	825
42P1R1A12_02828	42P1R1A12_02828	100.000	363	0	0	1	363	1	363	0.0	751
42P1R1A12_02829	42P1R1A12_02829	100.000	231	0	0	1	231	1	231	2.37e-171	470
42P1R1A12_02830	42P1R1A12_02830	100.000	587	0	0	1	587	1	587	0.0	1211
42P1R1A12_02830	31P2R1A5_01650	96.252	587	22	0	1	587	1	587	0.0	1166
42P1R1A12_02831	42P1R1A12_02831	100.000	272	0	0	1	272	1	272	0.0	549
42P1R1A12_02831	38P2R3A13_00900	95.956	272	11	0	1	272	15	286	0.0	534
42P1R1A12_02831	18P3R3A11_03163	96.324	272	10	0	1	272	1	272	0.0	533
42P1R1A12_02833	42P1R1A12_02833	100.000	277	0	0	1	277	1	277	0.0	578
42P1R1A12_02833	31P2R1A5_01653	98.381	247	4	0	31	277	1	247	0.0	508
42P1R1A12_02833	27P2R2A12_02967	96.341	246	9	0	32	277	21	266	0.0	502
42P1R1A12_02833	10P3R2A13_01594	96.356	247	9	0	31	277	1	247	0.0	502
42P1R1A12_02833	18P3R3A11_03165	95.547	247	11	0	31	277	1	247	0.0	497
42P1R1A12_02834	42P1R1A12_02834	100.000	286	0	0	1	286	1	286	0.0	583
42P1R1A12_02834	51P2R2A10_01483	96.853	286	9	0	1	286	1	286	0.0	564
42P1R1A12_02835	42P1R1A12_02835	100.000	92	0	0	1	92	1	92	8.83e-63	184
42P1R1A12_02836	42P1R1A12_02836	100.000	422	0	0	1	422	1	422	0.0	822
42P1R1A12_02837	42P1R1A12_02837	100.000	266	0	0	1	266	1	266	0.0	552
42P1R1A12_02837	51P2R2A10_01480	96.992	266	8	0	1	266	1	266	0.0	538
42P1R1A12_02838	42P1R1A12_02838	100.000	304	0	0	1	304	1	304	0.0	622
42P1R1A12_02838	51P2R2A10_01479	96.382	304	11	0	1	304	1	304	0.0	603
42P1R1A12_02839	42P1R1A12_02839	100.000	146	0	0	1	146	1	146	9.46e-106	298
42P1R1A12_02840	42P1R1A12_02840	100.000	383	0	0	1	383	1	383	0.0	761
42P1R1A12_02841	42P1R1A12_02841	100.000	288	0	0	1	288	1	288	0.0	560
42P1R1A12_02841	51P2R2A10_01476	96.875	288	9	0	1	288	1	288	0.0	547
42P1R1A12_02842	42P1R1A12_02842	100.000	206	0	0	1	206	1	206	1.94e-156	431
42P1R1A12_02842	18P3R3A11_03169	95.631	206	9	0	1	206	1	206	2.01e-150	415
42P1R1A12_02842	31P2R1A5_00333	95.146	206	10	0	1	206	1	206	7.40e-150	414
42P1R1A12_02842	38P2R3A13_05802	95.973	149	6	0	58	206	1	149	7.56e-105	298
42P1R1A12_02843	42P1R1A12_02843	100.000	813	0	0	1	813	1	813	0.0	1696
42P1R1A12_02844	42P1R1A12_02844	100.000	431	0	0	1	431	1	431	0.0	890
42P1R1A12_02844	31P2R1A5_01658	97.912	431	9	0	1	431	1	431	0.0	879
42P1R1A12_02845	42P1R1A12_02845	100.000	448	0	0	1	448	1	448	0.0	924
42P1R1A12_02845	31P2R1A5_01659	95.982	448	18	0	1	448	1	448	0.0	893
42P1R1A12_02845	38P2R3A13_07874	95.089	448	22	0	1	448	1	448	0.0	879
42P1R1A12_02845	18P3R3A11_03172	95.312	448	21	0	1	448	1	448	0.0	878
42P1R1A12_02846	42P1R1A12_02846	100.000	204	0	0	1	204	1	204	3.39e-151	417
42P1R1A12_02846	31P2R1A5_01660	96.569	204	7	0	1	204	1	204	1.48e-146	405
42P1R1A12_02847	42P1R1A12_02847	100.000	1373	0	0	1	1373	1	1373	0.0	2773
42P1R1A12_02847	1P1R1A1_01495	95.331	514	24	0	860	1373	869	1382	0.0	998
42P1R1A12_02847	11P3R3A1_01378	95.331	514	24	0	860	1373	856	1369	0.0	998
42P1R1A12_02847	25P2R1A13_03937	95.331	514	24	0	860	1373	817	1330	0.0	998
42P1R1A12_02847	15P1R1A16_04827	95.850	506	21	0	868	1373	1	506	0.0	992
42P1R1A12_02847	18P3R3A11_03174	96.109	514	20	0	860	1373	709	1222	0.0	964
42P1R1A12_02847	47P2R3A6_02862	96.498	514	18	0	860	1373	742	1255	0.0	961
42P1R1A12_02847	38P2R3A13_07872	96.304	514	19	0	860	1373	705	1218	0.0	960
42P1R1A12_02849	42P1R1A12_02849	100.000	323	0	0	1	323	1	323	0.0	665
42P1R1A12_02849	31P2R1A5_01663	96.904	323	10	0	1	323	10	332	0.0	645
42P1R1A12_02849	10P3R2A13_01608	95.938	320	13	0	1	320	1	320	0.0	639
42P1R1A12_02849	47P2R3A6_02864	95.356	323	15	0	1	323	10	332	0.0	637
42P1R1A12_02849	18P3R3A11_03176	95.356	323	15	0	1	323	10	332	0.0	636
42P1R1A12_02850	42P1R1A12_02850	100.000	589	0	0	1	589	1	589	0.0	1182
42P1R1A12_02850	51P2R2A10_01467	97.284	589	16	0	1	589	1	589	0.0	1157
42P1R1A12_02851	42P1R1A12_02851	100.000	574	0	0	1	574	1	574	0.0	1141
42P1R1A12_02851	51P2R2A10_01466	95.296	574	27	0	1	574	1	574	0.0	1092
42P1R1A12_02852	42P1R1A12_02852	100.000	235	0	0	1	235	1	235	9.91e-177	484
42P1R1A12_02852	51P2R2A10_01465	96.596	235	8	0	1	235	1	235	9.67e-172	472
42P1R1A12_02854	42P1R1A12_02854	100.000	761	0	0	1	761	1	761	0.0	1558
42P1R1A12_02854	10P3R2A13_01614	97.240	761	19	2	1	761	1	759	0.0	1509
42P1R1A12_02854	18P3R3A11_02762	95.664	761	32	1	1	761	1	760	0.0	1493
42P1R1A12_02854	38P2R3A13_08378	96.616	591	20	0	171	761	1	591	0.0	1178
42P1R1A12_02854	34P3R2A10_04956	96.915	389	12	0	373	761	1	389	0.0	773
42P1R1A12_02855	42P1R1A12_02855	100.000	106	0	0	1	106	1	106	2.20e-76	220
42P1R1A12_02856	42P1R1A12_02856	100.000	77	0	0	1	77	1	77	1.12e-53	160
42P1R1A12_02856	31P2R1A5_01670	100.000	70	0	0	1	70	1	70	1.64e-49	150
42P1R1A12_02856	18P3R3A11_02764	97.143	70	2	0	1	70	1	70	9.28e-49	148
42P1R1A12_02856	47P2R3A6_02872	95.714	70	3	0	1	70	1	70	1.36e-48	147
42P1R1A12_02857	42P1R1A12_02857	100.000	649	0	0	1	649	1	649	0.0	1312
42P1R1A12_02857	51P2R2A10_01460	97.689	649	15	0	1	649	1	649	0.0	1290
42P1R1A12_02858	42P1R1A12_02858	100.000	372	0	0	1	372	1	372	0.0	738
42P1R1A12_02859	42P1R1A12_02859	100.000	553	0	0	1	553	1	553	0.0	1125
42P1R1A12_02860	42P1R1A12_02860	100.000	232	0	0	1	232	1	232	4.64e-163	449
42P1R1A12_02860	31P2R1A5_01674	96.552	232	8	0	1	232	1	232	3.04e-158	437
42P1R1A12_02861	42P1R1A12_02861	100.000	300	0	0	1	300	1	300	0.0	584
42P1R1A12_02861	51P2R2A10_01456	97.667	300	7	0	1	300	1	300	0.0	575
42P1R1A12_02862	42P1R1A12_02862	100.000	563	0	0	1	563	1	563	0.0	1167
42P1R1A12_02862	51P2R2A10_01455	99.093	551	5	0	13	563	1	551	0.0	1133
42P1R1A12_02862	44P3R3A6_01305	95.915	563	22	1	1	563	1	562	0.0	1125
42P1R1A12_02862	10P3R2A13_01623	95.463	551	25	0	13	563	1	551	0.0	1101
42P1R1A12_02862	43P2R2A2_03583	96.438	365	13	0	199	563	1	365	0.0	735
42P1R1A12_02863	42P1R1A12_02863	100.000	323	0	0	1	323	1	323	0.0	673
42P1R1A12_02864	42P1R1A12_02864	100.000	145	0	0	1	145	1	145	1.97e-97	276
42P1R1A12_02864	51P2R2A10_01453	97.931	145	3	0	1	145	1	145	2.68e-96	273
42P1R1A12_02865	42P1R1A12_02865	100.000	573	0	0	1	573	1	573	0.0	1188
42P1R1A12_02865	31P2R1A5_01679	95.637	573	25	0	1	573	1	573	0.0	1118
42P1R1A12_02866	42P1R1A12_02866	100.000	334	0	0	1	334	1	334	0.0	683
42P1R1A12_02866	51P2R2A10_01451	95.509	334	15	0	1	334	1	334	0.0	655
42P1R1A12_02867	42P1R1A12_02867	100.000	478	0	0	1	478	1	478	0.0	975
42P1R1A12_02867	51P2R2A10_01450	95.397	478	22	0	1	478	1	478	0.0	920
42P1R1A12_02868	42P1R1A12_02868	100.000	338	0	0	1	338	1	338	0.0	705
42P1R1A12_02868	51P2R2A10_01449	97.337	338	9	0	1	338	1	338	0.0	691
42P1R1A12_02869	42P1R1A12_02869	100.000	277	0	0	1	277	1	277	0.0	565
42P1R1A12_02869	51P2R2A10_01448	96.029	277	11	0	1	277	1	277	0.0	546
42P1R1A12_02870	42P1R1A12_02870	100.000	108	0	0	1	108	1	108	8.75e-75	216
42P1R1A12_02871	42P1R1A12_02871	100.000	172	0	0	1	172	1	172	8.34e-127	353
42P1R1A12_02872	42P1R1A12_02872	100.000	249	0	0	1	249	1	249	0.0	516
42P1R1A12_02872	44P3R3A6_01316	97.984	248	5	0	2	249	18	265	0.0	504
42P1R1A12_02872	51P2R2A10_01445	99.177	243	2	0	7	249	1	243	0.0	499
42P1R1A12_02872	31P2R1A5_01687	97.942	243	5	0	7	249	1	243	5.26e-180	493
42P1R1A12_02872	18P3R3A11_02800	95.885	243	10	0	7	249	1	243	1.73e-176	484
42P1R1A12_02872	10P3R2A13_01632	95.473	243	11	0	7	249	1	243	3.02e-175	481
42P1R1A12_02873	42P1R1A12_02873	100.000	244	0	0	1	244	1	244	0.0	502
42P1R1A12_02874	42P1R1A12_02874	100.000	239	0	0	1	239	1	239	5.65e-173	475
42P1R1A12_02874	31P2R1A5_01689	97.071	239	7	0	1	239	1	239	2.37e-167	461
42P1R1A12_02875	42P1R1A12_02875	100.000	223	0	0	1	223	1	223	1.07e-161	445
42P1R1A12_02875	31P2R1A5_01690	95.964	223	9	0	1	223	1	223	2.80e-155	429
42P1R1A12_02876	42P1R1A12_02876	100.000	244	0	0	1	244	1	244	0.0	501
42P1R1A12_02876	54P2R2A3_03630	95.902	244	10	0	1	244	1	244	2.27e-176	484
42P1R1A12_02876	31P2R1A5_01691	95.082	244	12	0	1	244	1	244	8.13e-172	473
42P1R1A12_02877	42P1R1A12_02877	100.000	491	0	0	1	491	1	491	0.0	983
42P1R1A12_02877	51P2R2A10_01440	97.352	491	13	0	1	491	1	491	0.0	959
42P1R1A12_02878	42P1R1A12_02878	100.000	239	0	0	1	239	1	239	1.80e-175	481
42P1R1A12_02879	42P1R1A12_02879	100.000	377	0	0	1	377	1	377	0.0	775
42P1R1A12_02880	42P1R1A12_02880	100.000	163	0	0	1	163	1	163	3.35e-115	323
42P1R1A12_02881	42P1R1A12_02881	100.000	282	0	0	1	282	1	282	0.0	556
42P1R1A12_02881	31P2R1A5_01696	97.518	282	7	0	1	282	1	282	0.0	547
42P1R1A12_02882	42P1R1A12_02882	100.000	318	0	0	1	318	1	318	0.0	632
42P1R1A12_02882	31P2R1A5_01697	95.283	318	15	0	1	318	1	318	0.0	609
42P1R1A12_02883	51P2R2A10_01434	100.000	393	0	0	1	393	12	404	0.0	811
42P1R1A12_02883	42P1R1A12_02883	100.000	393	0	0	1	393	1	393	0.0	810
42P1R1A12_02883	31P2R1A5_01698	95.238	378	18	0	16	393	12	389	0.0	749
42P1R1A12_02884	42P1R1A12_02884	100.000	371	0	0	1	371	1	371	0.0	756
42P1R1A12_02884	31P2R1A5_01699	96.765	371	12	0	1	371	1	371	0.0	738
42P1R1A12_02885	42P1R1A12_02885	100.000	160	0	0	1	160	1	160	2.52e-115	323
42P1R1A12_02886	42P1R1A12_02886	100.000	301	0	0	1	301	1	301	0.0	606
42P1R1A12_02887	42P1R1A12_02887	100.000	241	0	0	1	241	1	241	0.0	497
42P1R1A12_02887	51P2R2A10_01430	97.510	241	6	0	1	241	1	241	9.70e-179	490
42P1R1A12_02888	42P1R1A12_02888	100.000	97	0	0	1	97	1	97	5.15e-64	188
42P1R1A12_02888	51P2R2A10_01429	96.907	97	3	0	1	97	1	97	6.38e-62	183
42P1R1A12_02889	42P1R1A12_02889	100.000	88	0	0	1	88	1	88	1.06e-62	184
42P1R1A12_02889	31P2R1A5_01704	97.727	88	2	0	1	88	1	88	4.56e-62	182
42P1R1A12_02890	42P1R1A12_02890	100.000	128	0	0	1	128	1	128	2.99e-87	249
42P1R1A12_02890	51P2R2A10_01427	95.312	128	6	0	1	128	1	128	8.60e-73	213
42P1R1A12_02892	42P1R1A12_02892	100.000	181	0	0	1	181	1	181	2.09e-135	375
42P1R1A12_02892	51P2R2A10_01425	97.765	179	4	0	1	179	7	185	4.13e-132	367
42P1R1A12_02893	42P1R1A12_02893	100.000	374	0	0	1	374	1	374	0.0	725
42P1R1A12_02894	42P1R1A12_02894	100.000	272	0	0	1	272	1	272	0.0	562
42P1R1A12_02894	51P2R2A10_01423	97.059	272	8	0	1	272	1	272	0.0	547
42P1R1A12_02895	42P1R1A12_02895	100.000	412	0	0	1	412	1	412	0.0	818
42P1R1A12_02896	42P1R1A12_02896	100.000	198	0	0	1	198	1	198	2.05e-144	399
42P1R1A12_02896	51P2R2A10_01421	95.960	198	8	0	1	198	1	198	1.01e-138	385
42P1R1A12_02897	42P1R1A12_02897	100.000	253	0	0	1	253	1	253	0.0	523
42P1R1A12_02898	42P1R1A12_02898	100.000	404	0	0	1	404	1	404	0.0	829
42P1R1A12_02898	54P2R2A3_03608	95.545	404	18	0	1	404	1	404	0.0	799
42P1R1A12_02898	51P2R2A10_01419	99.440	357	2	0	48	404	1	357	0.0	730
42P1R1A12_02898	31P2R1A5_01713	96.359	357	13	0	48	404	1	357	0.0	710
42P1R1A12_02899	42P1R1A12_02899	100.000	118	0	0	1	118	1	118	9.31e-82	234
42P1R1A12_02900	42P1R1A12_02900	100.000	36	0	0	1	36	1	36	5.78e-20	72.8
42P1R1A12_02901	42P1R1A12_02901	100.000	346	0	0	1	346	1	346	0.0	691
42P1R1A12_02902	42P1R1A12_02902	100.000	62	0	0	1	62	1	62	2.07e-40	126
42P1R1A12_02903	42P1R1A12_02903	100.000	639	0	0	1	639	1	639	0.0	1310
42P1R1A12_02904	42P1R1A12_02904	100.000	357	0	0	1	357	1	357	0.0	731
42P1R1A12_02905	42P1R1A12_02905	100.000	222	0	0	1	222	1	222	9.66e-169	463
42P1R1A12_02906	42P1R1A12_02906	100.000	304	0	0	1	304	1	304	0.0	624
42P1R1A12_02907	42P1R1A12_02907	100.000	132	0	0	1	132	1	132	1.83e-95	270
42P1R1A12_02908	42P1R1A12_02908	100.000	261	0	0	1	261	1	261	0.0	537
42P1R1A12_02909	42P1R1A12_02909	100.000	230	0	0	1	230	1	230	8.43e-174	476
42P1R1A12_02910	42P1R1A12_02910	100.000	463	0	0	1	463	1	463	0.0	913
42P1R1A12_02911	42P1R1A12_02911	100.000	81	0	0	1	81	1	81	2.09e-54	162
42P1R1A12_02912	42P1R1A12_02912	100.000	457	0	0	1	457	1	457	0.0	938
42P1R1A12_02913	42P1R1A12_02913	100.000	382	0	0	1	382	1	382	0.0	773
42P1R1A12_02914	42P1R1A12_02914	100.000	300	0	0	1	300	1	300	0.0	609
42P1R1A12_02914	51P2R2A10_02225	96.000	300	12	0	1	300	1	300	0.0	590
42P1R1A12_02915	42P1R1A12_02915	100.000	201	0	0	1	201	1	201	1.77e-145	402
42P1R1A12_02915	51P2R2A10_02224	95.522	201	9	0	1	201	1	201	3.94e-140	389
42P1R1A12_02916	42P1R1A12_02916	100.000	113	0	0	1	113	1	113	1.43e-82	236
42P1R1A12_02916	51P2R2A10_02223	97.273	110	3	0	1	110	1	110	5.87e-79	227
42P1R1A12_02917	42P1R1A12_02917	100.000	640	0	0	1	640	1	640	0.0	1281
42P1R1A12_02918	42P1R1A12_02918	100.000	30	0	0	1	30	1	30	7.46e-14	57.0
42P1R1A12_02919	42P1R1A12_02919	100.000	394	0	0	1	394	1	394	0.0	813
42P1R1A12_02920	42P1R1A12_02920	100.000	624	0	0	1	624	1	624	0.0	1300
42P1R1A12_02920	31P2R1A5_03425	95.961	619	25	0	1	619	1	619	0.0	1247
42P1R1A12_02921	42P1R1A12_02921	100.000	187	0	0	1	187	1	187	1.75e-140	389
42P1R1A12_02922	42P1R1A12_02922	100.000	289	0	0	1	289	1	289	0.0	596
42P1R1A12_02923	42P1R1A12_02923	100.000	96	0	0	1	96	1	96	6.21e-68	198
42P1R1A12_02923	51P2R2A10_02216	95.833	96	4	0	1	96	1	96	5.58e-64	188
42P1R1A12_02924	42P1R1A12_02924	100.000	296	0	0	1	296	1	296	0.0	607
42P1R1A12_02924	51P2R2A10_02215	96.284	296	11	0	1	296	1	296	0.0	587
42P1R1A12_02924	31P2R1A5_03429	95.608	296	13	0	1	296	1	296	0.0	562
42P1R1A12_02925	42P1R1A12_02925	100.000	165	0	0	1	165	1	165	3.40e-118	330
42P1R1A12_02925	31P2R1A5_03430	95.758	165	7	0	1	165	1	165	2.90e-114	320
42P1R1A12_02926	42P1R1A12_02926	100.000	142	0	0	1	142	1	142	7.63e-102	287
42P1R1A12_02927	42P1R1A12_02927	100.000	244	0	0	1	244	1	244	5.33e-177	486
42P1R1A12_02927	31P2R1A5_03432	95.902	244	10	0	1	244	1	244	2.14e-170	469
42P1R1A12_02928	42P1R1A12_02928	100.000	396	0	0	1	396	1	396	0.0	818
42P1R1A12_02929	42P1R1A12_02929	100.000	220	0	0	1	220	1	220	7.96e-160	440
42P1R1A12_02929	31P2R1A5_03434	95.455	220	10	0	1	220	1	220	1.52e-138	387
42P1R1A12_02930	42P1R1A12_02930	100.000	300	0	0	1	300	1	300	0.0	620
42P1R1A12_02931	42P1R1A12_02931	100.000	388	0	0	1	388	1	388	0.0	792
42P1R1A12_02931	51P2R2A10_02208	97.938	388	8	0	1	388	1	388	0.0	778
42P1R1A12_02932	42P1R1A12_02932	100.000	276	0	0	1	276	1	276	0.0	565
42P1R1A12_02933	42P1R1A12_02933	100.000	152	0	0	1	152	1	152	8.82e-114	318
42P1R1A12_02934	42P1R1A12_02934	100.000	728	0	0	1	728	1	728	0.0	1518
42P1R1A12_02934	31P2R1A5_03438	97.390	728	19	0	1	728	1	728	0.0	1484
42P1R1A12_02934	54P2R2A3_01009	95.868	726	29	1	1	725	1	726	0.0	1455
42P1R1A12_02935	42P1R1A12_02935	100.000	471	0	0	1	471	1	471	0.0	950
42P1R1A12_02936	42P1R1A12_02936	100.000	246	0	0	1	246	1	246	0.0	506
42P1R1A12_02937	42P1R1A12_02937	100.000	753	0	0	1	753	1	753	0.0	1538
42P1R1A12_02937	31P2R1A5_03441	95.219	753	36	0	1	753	1	753	0.0	1475
42P1R1A12_02938	42P1R1A12_02938	100.000	290	0	0	1	290	1	290	0.0	600
42P1R1A12_02939	42P1R1A12_02939	100.000	136	0	0	1	136	1	136	4.47e-96	272
42P1R1A12_02939	51P2R2A10_02202	96.241	133	5	0	1	133	1	133	4.68e-90	257
42P1R1A12_02940	42P1R1A12_02940	100.000	220	0	0	1	220	1	220	3.11e-158	436
42P1R1A12_02940	51P2R2A10_02201	96.818	220	7	0	1	220	1	220	5.59e-154	426
42P1R1A12_02941	42P1R1A12_02941	100.000	450	0	0	1	450	1	450	0.0	899
42P1R1A12_02942	42P1R1A12_02942	100.000	194	0	0	1	194	1	194	1.46e-145	402
42P1R1A12_02942	51P2R2A10_02199	95.876	194	8	0	1	194	1	194	4.08e-140	388
42P1R1A12_02943	42P1R1A12_02943	100.000	105	0	0	1	105	1	105	1.01e-74	216
42P1R1A12_02944	42P1R1A12_02944	100.000	632	0	0	1	632	1	632	0.0	1304
42P1R1A12_02944	31P2R1A5_03448	97.619	630	15	0	1	630	1	630	0.0	1279
42P1R1A12_02944	34P3R2A10_03213	95.506	356	16	0	275	630	1	356	0.0	704
42P1R1A12_02945	42P1R1A12_02945	100.000	192	0	0	1	192	1	192	2.83e-143	396
42P1R1A12_02945	51P2R2A10_02192	97.917	192	4	0	1	192	1	192	1.44e-140	389
42P1R1A12_02946	42P1R1A12_02946	100.000	276	0	0	1	276	1	276	0.0	568
42P1R1A12_02947	42P1R1A12_02947	100.000	141	0	0	1	141	1	141	4.72e-106	298
42P1R1A12_02947	31P2R1A5_03451	97.163	141	4	0	1	141	1	141	3.10e-103	291
42P1R1A12_02948	42P1R1A12_02948	100.000	211	0	0	1	211	1	211	4.29e-155	427
42P1R1A12_02949	42P1R1A12_02949	100.000	483	0	0	1	483	1	483	0.0	969
42P1R1A12_02949	51P2R2A10_02188	96.687	483	16	0	1	483	1	483	0.0	937
42P1R1A12_02950	42P1R1A12_02950	100.000	223	0	0	1	223	1	223	1.37e-165	455
42P1R1A12_02951	42P1R1A12_02951	100.000	387	0	0	1	387	1	387	0.0	800
42P1R1A12_02951	51P2R2A10_02186	97.933	387	8	0	1	387	1	387	0.0	790
42P1R1A12_02951	31P2R1A5_03455	95.866	387	16	0	1	387	1	387	0.0	777
42P1R1A12_02952	42P1R1A12_02952	100.000	264	0	0	1	264	1	264	0.0	538
42P1R1A12_02952	51P2R2A10_02185	96.591	264	9	0	1	264	1	264	0.0	521
42P1R1A12_02953	42P1R1A12_02953	100.000	258	0	0	1	258	1	258	0.0	497
42P1R1A12_02954	42P1R1A12_02954	100.000	191	0	0	1	191	1	191	2.94e-139	386
42P1R1A12_02955	42P1R1A12_02955	100.000	811	0	0	1	811	1	811	0.0	1678
42P1R1A12_02956	42P1R1A12_02956	100.000	246	0	0	1	246	1	246	0.0	504
42P1R1A12_02957	42P1R1A12_02957	100.000	351	0	0	1	351	1	351	0.0	724
42P1R1A12_02958	42P1R1A12_02958	100.000	218	0	0	1	218	1	218	5.97e-161	443
42P1R1A12_02958	31P2R1A5_03458	97.248	218	6	0	1	218	1	218	5.81e-157	433
42P1R1A12_02959	42P1R1A12_02959	100.000	94	0	0	1	94	1	94	7.21e-62	182
42P1R1A12_02959	51P2R2A10_02179	95.652	92	4	0	1	92	1	92	2.21e-57	171
42P1R1A12_02960	42P1R1A12_02960	100.000	70	0	0	1	70	1	70	3.44e-49	149
42P1R1A12_02960	51P2R2A10_02178	95.714	70	3	0	1	70	1	70	6.29e-47	143
42P1R1A12_02961	42P1R1A12_02961	100.000	478	0	0	1	478	1	478	0.0	969
42P1R1A12_02961	31P2R1A5_03461	95.816	478	20	0	1	478	1	478	0.0	936
42P1R1A12_02962	42P1R1A12_02962	100.000	945	0	0	1	945	1	945	0.0	1919
42P1R1A12_02962	51P2R2A10_02176	97.249	945	26	0	1	945	1	945	0.0	1865
42P1R1A12_02963	42P1R1A12_02963	100.000	469	0	0	1	469	1	469	0.0	947
42P1R1A12_02963	51P2R2A10_02175	96.802	469	15	0	1	469	1	469	0.0	922
42P1R1A12_02964	42P1R1A12_02964	100.000	207	0	0	1	207	1	207	2.00e-151	418
42P1R1A12_02965	42P1R1A12_02965	100.000	414	0	0	1	414	1	414	0.0	841
