42P1R1A12_03650	42P1R1A12_03650	100.000	128	0	0	1	128	1	128	5.64e-92	261
42P1R1A12_03651	42P1R1A12_03651	100.000	118	0	0	1	118	1	118	3.21e-82	236
42P1R1A12_03652	42P1R1A12_03652	100.000	494	0	0	1	494	1	494	0.0	998
42P1R1A12_03653	42P1R1A12_03653	100.000	77	0	0	1	77	1	77	1.25e-50	153
42P1R1A12_03654	42P1R1A12_03654	100.000	204	0	0	1	204	1	204	1.15e-149	413
42P1R1A12_03655	42P1R1A12_03655	100.000	181	0	0	1	181	1	181	6.04e-132	367
42P1R1A12_03656	42P1R1A12_03656	100.000	147	0	0	1	147	1	147	1.16e-105	297
42P1R1A12_03657	42P1R1A12_03657	100.000	207	0	0	1	207	1	207	1.38e-149	413
42P1R1A12_03658	42P1R1A12_03658	100.000	301	0	0	1	301	1	301	0.0	624
42P1R1A12_03659	42P1R1A12_03659	100.000	324	0	0	1	324	1	324	0.0	668
42P1R1A12_03660	42P1R1A12_03660	100.000	281	0	0	1	281	1	281	0.0	582
42P1R1A12_03661	42P1R1A12_03661	100.000	146	0	0	1	146	1	146	5.42e-109	306
42P1R1A12_03662	42P1R1A12_03662	100.000	524	0	0	1	524	1	524	0.0	1067
42P1R1A12_03663	42P1R1A12_03663	100.000	529	0	0	1	529	1	529	0.0	1094
42P1R1A12_03664	42P1R1A12_03664	100.000	193	0	0	1	193	1	193	7.15e-139	385
42P1R1A12_03665	42P1R1A12_03665	100.000	93	0	0	1	93	1	93	7.52e-64	187
42P1R1A12_03666	42P1R1A12_03666	100.000	96	0	0	1	96	1	96	1.68e-65	192
42P1R1A12_03667	42P1R1A12_03667	100.000	101	0	0	1	101	1	101	6.28e-69	201
42P1R1A12_03668	42P1R1A12_03668	100.000	77	0	0	1	77	1	77	3.47e-53	159
42P1R1A12_03669	42P1R1A12_03669	100.000	204	0	0	1	204	1	204	6.06e-151	416
42P1R1A12_03670	42P1R1A12_03670	100.000	135	0	0	1	135	1	135	4.32e-92	262
42P1R1A12_03671	42P1R1A12_03671	100.000	194	0	0	1	194	1	194	4.41e-145	401
42P1R1A12_03672	42P1R1A12_03672	100.000	166	0	0	1	166	1	166	4.52e-122	340
42P1R1A12_03673	42P1R1A12_03673	100.000	130	0	0	1	130	1	130	1.09e-93	266
42P1R1A12_03674	42P1R1A12_03674	100.000	185	0	0	1	185	1	185	1.58e-138	384
42P1R1A12_03675	42P1R1A12_03675	100.000	166	0	0	1	166	1	166	6.22e-122	340
42P1R1A12_03676	42P1R1A12_03676	100.000	166	0	0	1	166	1	166	2.53e-122	341
42P1R1A12_03677	42P1R1A12_03677	100.000	206	0	0	1	206	1	206	3.16e-153	422
42P1R1A12_03678	42P1R1A12_03678	100.000	96	0	0	1	96	1	96	1.13e-68	200
42P1R1A12_03679	42P1R1A12_03679	100.000	80	0	0	1	80	1	80	1.99e-53	160
42P1R1A12_03680	42P1R1A12_03680	100.000	316	0	0	1	316	1	316	0.0	648
42P1R1A12_03681	42P1R1A12_03681	100.000	692	0	0	1	692	1	692	0.0	1434
42P1R1A12_03682	42P1R1A12_03682	100.000	75	0	0	1	75	1	75	3.55e-50	151
42P1R1A12_03683	42P1R1A12_03683	100.000	198	0	0	1	198	1	198	6.19e-146	403
42P1R1A12_03684	42P1R1A12_03684	100.000	335	0	0	1	335	1	335	0.0	678
42P1R1A12_03685	42P1R1A12_03685	100.000	265	0	0	1	265	1	265	0.0	548
42P1R1A12_03686	42P1R1A12_03686	100.000	258	0	0	1	258	1	258	0.0	528
42P1R1A12_03687	42P1R1A12_03687	100.000	307	0	0	1	307	1	307	0.0	622
42P1R1A12_03688	42P1R1A12_03688	100.000	259	0	0	1	259	1	259	0.0	526
42P1R1A12_03688	51P2R2A10_02679	96.525	259	9	0	1	259	1	259	0.0	509
42P1R1A12_03689	42P1R1A12_03689	100.000	398	0	0	1	398	1	398	0.0	778
42P1R1A12_03689	51P2R2A10_02680	95.213	376	18	0	1	376	1	376	0.0	669
42P1R1A12_03690	42P1R1A12_03690	100.000	465	0	0	1	465	1	465	0.0	970
42P1R1A12_03691	42P1R1A12_03691	100.000	215	0	0	1	215	1	215	1.61e-158	437
42P1R1A12_03692	42P1R1A12_03692	100.000	219	0	0	1	219	1	219	1.41e-148	412
42P1R1A12_03693	42P1R1A12_03693	100.000	246	0	0	1	246	1	246	5.10e-177	486
42P1R1A12_03694	42P1R1A12_03694	100.000	68	0	0	1	68	1	68	1.90e-42	131
42P1R1A12_03695	42P1R1A12_03695	100.000	160	0	0	1	160	1	160	7.96e-117	327
42P1R1A12_03696	42P1R1A12_03696	100.000	646	0	0	1	646	1	646	0.0	1274
42P1R1A12_03697	42P1R1A12_03697	100.000	186	0	0	1	186	1	186	2.06e-137	381
42P1R1A12_03698	42P1R1A12_03698	100.000	353	0	0	1	353	1	353	0.0	715
42P1R1A12_03699	42P1R1A12_03699	100.000	311	0	0	1	311	1	311	0.0	637
42P1R1A12_03700	42P1R1A12_03700	100.000	243	0	0	1	243	1	243	0.0	503
42P1R1A12_03701	42P1R1A12_03701	100.000	507	0	0	1	507	1	507	0.0	1030
42P1R1A12_03701	51P2R2A10_02686	97.436	507	13	0	1	507	1	507	0.0	1011
42P1R1A12_03702	42P1R1A12_03702	100.000	268	0	0	1	268	1	268	0.0	538
42P1R1A12_03703	42P1R1A12_03703	100.000	359	0	0	1	359	1	359	0.0	741
42P1R1A12_03703	51P2R2A10_02688	97.214	359	10	0	1	359	1	359	0.0	728
42P1R1A12_03704	42P1R1A12_03704	100.000	283	0	0	1	283	1	283	0.0	580
42P1R1A12_03705	42P1R1A12_03705	100.000	317	0	0	1	317	1	317	0.0	650
42P1R1A12_03705	31P2R1A5_02047	96.825	315	10	0	1	315	1	315	0.0	629
42P1R1A12_03706	42P1R1A12_03706	100.000	304	0	0	1	304	1	304	0.0	625
42P1R1A12_03706	31P2R1A5_02046	95.364	302	14	0	1	302	1	302	0.0	595
42P1R1A12_03707	42P1R1A12_03707	100.000	135	0	0	1	135	1	135	3.23e-95	270
42P1R1A12_03708	42P1R1A12_03708	100.000	638	0	0	1	638	1	638	0.0	1263
42P1R1A12_03709	42P1R1A12_03709	100.000	43	0	0	1	43	1	43	4.72e-25	86.3
42P1R1A12_03710	42P1R1A12_03710	100.000	525	0	0	1	525	1	525	0.0	1048
42P1R1A12_03711	42P1R1A12_03711	100.000	160	0	0	1	160	1	160	2.39e-120	335
42P1R1A12_03713	42P1R1A12_03713	100.000	269	0	0	1	269	1	269	0.0	552
42P1R1A12_03714	42P1R1A12_03714	100.000	194	0	0	1	194	1	194	5.72e-147	405
42P1R1A12_03715	42P1R1A12_03715	100.000	253	0	0	1	253	1	253	0.0	529
42P1R1A12_03716	42P1R1A12_03716	100.000	436	0	0	1	436	1	436	0.0	891
42P1R1A12_03717	42P1R1A12_03717	100.000	719	0	0	1	719	1	719	0.0	1483
42P1R1A12_03718	42P1R1A12_03718	100.000	560	0	0	1	560	1	560	0.0	1153
42P1R1A12_03719	42P1R1A12_03719	100.000	509	0	0	1	509	1	509	0.0	1020
42P1R1A12_03720	42P1R1A12_03720	100.000	281	0	0	1	281	1	281	0.0	581
42P1R1A12_03721	42P1R1A12_03721	100.000	189	0	0	1	189	1	189	1.36e-134	374
42P1R1A12_03722	42P1R1A12_03722	100.000	212	0	0	1	212	1	212	3.62e-151	418
42P1R1A12_03723	42P1R1A12_03723	100.000	503	0	0	1	503	1	503	0.0	1029
42P1R1A12_03724	42P1R1A12_03724	100.000	1909	0	0	1	1909	1	1909	0.0	3958
42P1R1A12_03725	42P1R1A12_03725	100.000	342	0	0	1	342	1	342	0.0	708
42P1R1A12_03726	42P1R1A12_03726	100.000	327	0	0	1	327	1	327	0.0	644
42P1R1A12_03726	42P1R1A12_04292	95.719	327	14	0	1	327	1	327	0.0	614
42P1R1A12_03727	42P1R1A12_03727	100.000	125	0	0	1	125	1	125	9.08e-89	253
42P1R1A12_03727	42P1R1A12_04291	96.800	125	4	0	1	125	1	125	3.47e-87	249
42P1R1A12_03728	42P1R1A12_03728	100.000	174	0	0	1	174	1	174	1.66e-120	337
42P1R1A12_03728	42P1R1A12_04290	95.977	174	7	0	1	174	1	174	2.80e-116	327
42P1R1A12_03729	42P1R1A12_03729	100.000	95	0	0	1	95	1	95	6.88e-65	190
42P1R1A12_03730	42P1R1A12_03730	100.000	690	0	0	1	690	1	690	0.0	1411
42P1R1A12_03731	42P1R1A12_03731	100.000	72	0	0	1	72	1	72	8.79e-48	145
42P1R1A12_03732	42P1R1A12_03732	100.000	271	0	0	1	271	1	271	0.0	555
42P1R1A12_03733	42P1R1A12_03733	100.000	380	0	0	1	380	1	380	0.0	787
42P1R1A12_03734	42P1R1A12_03734	100.000	213	0	0	1	213	1	213	1.52e-157	434
42P1R1A12_03735	42P1R1A12_03735	100.000	416	0	0	1	416	1	416	0.0	853
42P1R1A12_03738	42P1R1A12_03738	100.000	146	0	0	1	146	1	146	1.44e-107	302
42P1R1A12_03738	31P2R1A5_01999	95.890	146	6	0	1	146	1	146	8.90e-104	293
42P1R1A12_03739	42P1R1A12_03739	100.000	97	0	0	1	97	1	97	6.46e-65	190
42P1R1A12_03740	42P1R1A12_03740	100.000	114	0	0	1	114	1	114	9.17e-83	237
42P1R1A12_03741	42P1R1A12_03741	100.000	554	0	0	1	554	1	554	0.0	1126
42P1R1A12_03741	51P2R2A10_02717	97.653	554	13	0	1	554	1	554	0.0	1102
42P1R1A12_03743	42P1R1A12_03743	100.000	197	0	0	1	197	1	197	9.68e-141	390
42P1R1A12_03743	31P2R1A5_01994	96.954	197	6	0	1	197	1	197	1.30e-136	380
42P1R1A12_03744	42P1R1A12_03744	100.000	430	0	0	1	430	1	430	0.0	862
42P1R1A12_03745	42P1R1A12_03745	100.000	264	0	0	1	264	1	264	0.0	531
42P1R1A12_03745	31P2R1A5_01992	95.076	264	13	0	1	264	1	264	0.0	514
42P1R1A12_03746	42P1R1A12_03746	100.000	456	0	0	1	456	1	456	0.0	914
42P1R1A12_03746	31P2R1A5_01991	98.013	453	9	0	1	453	1	453	0.0	895
42P1R1A12_03746	18P3R3A11_04293	97.351	453	11	1	1	453	1	452	0.0	884
42P1R1A12_03746	10P3R2A13_02144	97.130	453	12	1	1	453	1	452	0.0	884
42P1R1A12_03746	34P3R2A10_04395	96.815	157	4	1	297	453	1	156	2.86e-101	299
42P1R1A12_03747	42P1R1A12_03747	100.000	83	0	0	1	83	1	83	9.75e-56	166
42P1R1A12_03747	31P2R1A5_01990	96.386	83	3	0	1	83	1	83	3.71e-53	160
42P1R1A12_03748	42P1R1A12_03748	100.000	183	0	0	1	183	1	183	9.81e-136	376
42P1R1A12_03748	31P2R1A5_01989	95.628	183	8	0	1	183	1	183	2.43e-131	365
42P1R1A12_03749	42P1R1A12_03749	100.000	256	0	0	1	256	1	256	0.0	523
42P1R1A12_03749	10P3R2A13_02147	96.875	256	8	0	1	256	1	256	0.0	509
42P1R1A12_03751	42P1R1A12_03751	100.000	146	0	0	1	146	1	146	2.31e-104	294
42P1R1A12_03752	42P1R1A12_03752	100.000	457	0	0	1	457	1	457	0.0	916
42P1R1A12_03753	42P1R1A12_03753	100.000	161	0	0	1	161	1	161	1.20e-119	334
42P1R1A12_03753	51P2R2A10_02729	96.273	161	6	0	1	161	1	161	2.75e-115	323
42P1R1A12_03754	42P1R1A12_03754	100.000	408	0	0	1	408	1	408	0.0	834
42P1R1A12_03754	51P2R2A10_02730	95.588	408	18	0	1	408	1	408	0.0	796
42P1R1A12_03755	42P1R1A12_03755	100.000	170	0	0	1	170	1	170	7.43e-125	348
42P1R1A12_03756	42P1R1A12_03756	100.000	357	0	0	1	357	1	357	0.0	743
42P1R1A12_03756	31P2R1A5_01981	96.359	357	13	0	1	357	1	357	0.0	717
42P1R1A12_03757	42P1R1A12_03757	100.000	374	0	0	1	374	1	374	0.0	760
42P1R1A12_03757	31P2R1A5_01980	96.257	374	14	0	1	374	1	374	0.0	736
42P1R1A12_03758	42P1R1A12_03758	100.000	291	0	0	1	291	1	291	0.0	605
42P1R1A12_03758	51P2R2A10_02734	96.907	291	9	0	1	291	1	291	0.0	590
42P1R1A12_03759	42P1R1A12_03759	100.000	387	0	0	1	387	1	387	0.0	799
42P1R1A12_03759	31P2R1A5_01978	95.349	387	18	0	1	387	1	387	0.0	766
42P1R1A12_03761	42P1R1A12_03761	100.000	47	0	0	1	47	1	47	4.29e-28	94.0
42P1R1A12_03761	5P3R2A4_04852	100.000	47	0	0	1	47	262	308	2.96e-26	96.3
42P1R1A12_03762	42P1R1A12_03762	100.000	59	0	0	1	59	1	59	1.62e-37	118
42P1R1A12_03763	42P1R1A12_03763	100.000	190	0	0	1	190	1	190	1.47e-141	392
42P1R1A12_03764	42P1R1A12_03764	100.000	80	0	0	1	80	1	80	5.74e-55	164
42P1R1A12_03765	42P1R1A12_03765	100.000	141	0	0	1	141	1	141	3.16e-104	293
42P1R1A12_03765	31P2R1A5_04997	95.455	22	1	0	1	22	1	22	3.91e-08	48.5
42P1R1A12_03766	42P1R1A12_03766	100.000	139	0	0	1	139	1	139	8.05e-104	292
42P1R1A12_03767	42P1R1A12_03767	100.000	136	0	0	1	136	1	136	1.90e-99	281
42P1R1A12_03768	42P1R1A12_03768	100.000	133	0	0	1	133	1	133	6.38e-96	271
42P1R1A12_03769	42P1R1A12_03769	100.000	170	0	0	1	170	1	170	2.38e-123	344
42P1R1A12_03770	42P1R1A12_03770	100.000	221	0	0	1	221	1	221	4.36e-165	454
42P1R1A12_03770	10P3R2A13_04760	96.833	221	7	0	1	221	40	260	8.55e-161	444
42P1R1A12_03770	10P3R2A13_03875	96.833	221	7	0	1	221	40	260	3.30e-160	443
42P1R1A12_03770	25P2R1A13_04795	96.032	126	5	0	1	126	40	165	9.47e-87	254
42P1R1A12_03770	32P3R2A9_05871	97.260	73	2	0	124	196	1	73	1.59e-47	151
42P1R1A12_03771	42P1R1A12_03771	100.000	341	0	0	1	341	1	341	0.0	713
42P1R1A12_03772	42P1R1A12_03772	100.000	119	0	0	1	119	1	119	8.11e-83	237
42P1R1A12_03773	42P1R1A12_03773	100.000	152	0	0	1	152	1	152	8.05e-111	311
42P1R1A12_03774	42P1R1A12_03774	100.000	168	0	0	1	168	1	168	6.04e-125	348
42P1R1A12_03775	42P1R1A12_03775	100.000	523	0	0	1	523	1	523	0.0	1082
42P1R1A12_03776	42P1R1A12_03776	100.000	405	0	0	1	405	1	405	0.0	816
42P1R1A12_03777	42P1R1A12_03777	100.000	242	0	0	1	242	1	242	1.44e-179	492
42P1R1A12_03778	42P1R1A12_03778	100.000	656	0	0	1	656	1	656	0.0	1347
42P1R1A12_03779	42P1R1A12_03779	100.000	340	0	0	1	340	1	340	0.0	691
42P1R1A12_03780	42P1R1A12_03780	100.000	905	0	0	1	905	1	905	0.0	1865
42P1R1A12_03781	42P1R1A12_03781	100.000	1023	0	0	1	1023	1	1023	0.0	2119
42P1R1A12_03782	42P1R1A12_03782	100.000	483	0	0	1	483	1	483	0.0	983
42P1R1A12_03783	42P1R1A12_03783	100.000	382	0	0	1	382	1	382	0.0	783
42P1R1A12_03784	42P1R1A12_03784	100.000	161	0	0	1	161	1	161	1.62e-113	318
42P1R1A12_03785	42P1R1A12_03785	100.000	151	0	0	1	151	1	151	1.78e-104	295
42P1R1A12_03786	42P1R1A12_03786	100.000	168	0	0	1	168	1	168	7.20e-125	348
42P1R1A12_03786	16_1P2R1A8-1_01455	95.714	70	3	0	99	168	1	70	1.24e-42	136
42P1R1A12_03787	42P1R1A12_03787	100.000	418	0	0	1	418	1	418	0.0	865
42P1R1A12_03789	42P1R1A12_03789	100.000	239	0	0	1	239	1	239	1.72e-169	466
42P1R1A12_03790	42P1R1A12_03790	100.000	713	0	0	1	713	1	713	0.0	1481
42P1R1A12_03790	51P2R2A10_02232	98.738	713	9	0	1	713	17	729	0.0	1466
42P1R1A12_03791	42P1R1A12_03791	100.000	419	0	0	1	419	1	419	0.0	845
42P1R1A12_03792	42P1R1A12_03792	100.000	362	0	0	1	362	1	362	0.0	748
42P1R1A12_03794	42P1R1A12_03794	100.000	353	0	0	1	353	1	353	0.0	734
42P1R1A12_03794	51P2R2A10_02236	97.734	353	8	0	1	353	1	353	0.0	719
42P1R1A12_03795	42P1R1A12_03795	100.000	240	0	0	1	240	1	240	0.0	496
42P1R1A12_03795	31P2R1A5_03409	96.667	240	8	0	1	240	1	240	8.35e-176	482
42P1R1A12_03796	42P1R1A12_03796	100.000	109	0	0	1	109	1	109	2.96e-77	223
42P1R1A12_03797	42P1R1A12_03797	100.000	239	0	0	1	239	1	239	2.11e-177	486
42P1R1A12_03798	42P1R1A12_03798	100.000	434	0	0	1	434	1	434	0.0	838
42P1R1A12_03798	31P2R1A5_03406	97.235	434	12	0	1	434	1	434	0.0	819
42P1R1A12_03799	42P1R1A12_03799	100.000	169	0	0	1	169	1	169	3.08e-121	338
42P1R1A12_03799	51P2R2A10_02241	95.858	169	7	0	1	169	1	169	8.61e-117	327
42P1R1A12_03800	42P1R1A12_03800	100.000	329	0	0	1	329	1	329	0.0	676
42P1R1A12_03800	51P2R2A10_02242	97.264	329	9	0	1	329	1	329	0.0	661
42P1R1A12_03801	42P1R1A12_03801	100.000	379	0	0	1	379	1	379	0.0	784
42P1R1A12_03802	42P1R1A12_03802	100.000	198	0	0	1	198	1	198	7.08e-144	398
42P1R1A12_03802	51P2R2A10_02244	97.980	198	4	0	1	198	1	198	1.71e-141	392
42P1R1A12_03803	42P1R1A12_03803	100.000	97	0	0	1	97	1	97	9.05e-66	192
42P1R1A12_03804	42P1R1A12_03804	100.000	189	0	0	1	189	1	189	3.33e-131	365
42P1R1A12_03804	31P2R1A5_03399	95.238	189	9	0	1	189	1	189	4.75e-128	357
42P1R1A12_03805	42P1R1A12_03805	100.000	235	0	0	1	235	1	235	8.22e-177	484
42P1R1A12_03805	51P2R2A10_02247	95.299	234	11	0	1	234	1	234	2.09e-168	463
42P1R1A12_03806	42P1R1A12_03806	100.000	327	0	0	1	327	1	327	0.0	659
42P1R1A12_03806	51P2R2A10_02248	97.248	327	9	0	1	327	1	327	0.0	640
42P1R1A12_03807	42P1R1A12_03807	100.000	218	0	0	1	218	1	218	1.37e-162	447
42P1R1A12_03808	42P1R1A12_03808	100.000	139	0	0	1	139	1	139	2.68e-100	283
42P1R1A12_03808	31P2R1A5_03385	95.683	139	6	0	1	139	2	140	2.62e-97	276
42P1R1A12_03808	51P2R2A10_02250	96.403	139	5	0	1	139	1	139	6.51e-97	275
42P1R1A12_03809	42P1R1A12_03809	100.000	188	0	0	1	188	1	188	4.93e-139	385
42P1R1A12_03810	42P1R1A12_03810	100.000	316	0	0	1	316	1	316	0.0	648
42P1R1A12_03810	31P2R1A5_03383	95.584	317	13	1	1	316	1	317	0.0	620
42P1R1A12_03811	42P1R1A12_03811	100.000	244	0	0	1	244	1	244	0.0	497
42P1R1A12_03811	51P2R2A10_02253	97.541	244	6	0	1	244	1	244	5.88e-177	486
42P1R1A12_03812	42P1R1A12_03812	100.000	236	0	0	1	236	1	236	0.0	495
42P1R1A12_03813	42P1R1A12_03813	100.000	153	0	0	1	153	1	153	3.51e-113	317
42P1R1A12_03814	42P1R1A12_03814	100.000	465	0	0	1	465	1	465	0.0	934
42P1R1A12_03814	31P2R1A5_03379	96.989	465	14	0	1	465	1	465	0.0	915
42P1R1A12_03815	42P1R1A12_03815	100.000	385	0	0	1	385	1	385	0.0	796
42P1R1A12_03815	18P3R3A11_01056	97.922	385	8	0	1	385	1	385	0.0	784
42P1R1A12_03815	10P3R2A13_04019	97.403	385	10	0	1	385	1	385	0.0	780
42P1R1A12_03816	42P1R1A12_03816	100.000	659	0	0	1	659	1	659	0.0	1369
42P1R1A12_03816	31P2R1A5_03377	97.876	659	14	0	1	659	1	659	0.0	1342
42P1R1A12_03816	10P3R2A13_04021	95.144	659	32	0	1	659	1	659	0.0	1313
42P1R1A12_03818	42P1R1A12_03818	100.000	253	0	0	1	253	1	253	0.0	515
42P1R1A12_03818	31P2R1A5_03374	96.047	253	10	0	1	253	1	253	0.0	499
42P1R1A12_03819	42P1R1A12_03819	100.000	664	0	0	1	664	1	664	0.0	1375
42P1R1A12_03819	18P3R3A11_01036	97.440	664	17	0	1	664	1	664	0.0	1348
42P1R1A12_03819	10P3R2A13_04032	95.783	664	28	0	1	664	1	664	0.0	1330
42P1R1A12_03819	31P2R1A5_05321	97.227	649	18	0	16	664	1	649	0.0	1315
42P1R1A12_03820	42P1R1A12_03820	100.000	219	0	0	1	219	1	219	2.68e-161	444
42P1R1A12_03821	42P1R1A12_03821	100.000	226	0	0	1	226	1	226	8.06e-167	458
42P1R1A12_03822	42P1R1A12_03822	100.000	236	0	0	1	236	1	236	1.37e-166	459
42P1R1A12_03823	42P1R1A12_03823	100.000	193	0	0	1	193	1	193	1.03e-129	362
42P1R1A12_03824	42P1R1A12_03824	100.000	142	0	0	1	142	1	142	6.89e-103	290
42P1R1A12_03825	42P1R1A12_03825	100.000	340	0	0	1	340	1	340	0.0	697
42P1R1A12_03828	42P1R1A12_03828	100.000	286	0	0	1	286	1	286	0.0	560
42P1R1A12_03829	42P1R1A12_03829	100.000	198	0	0	1	198	1	198	1.61e-139	387
42P1R1A12_03829	51P2R2A10_02271	95.455	198	9	0	1	198	1	198	2.21e-127	357
42P1R1A12_03830	42P1R1A12_03830	100.000	259	0	0	1	259	1	259	0.0	519
42P1R1A12_03831	42P1R1A12_03831	100.000	299	0	0	1	299	1	299	0.0	617
42P1R1A12_03831	51P2R2A10_02273	97.324	299	8	0	1	299	1	299	0.0	603
42P1R1A12_03832	42P1R1A12_03832	100.000	489	0	0	1	489	1	489	0.0	999
42P1R1A12_03833	42P1R1A12_03833	100.000	262	0	0	1	262	1	262	0.0	539
42P1R1A12_03834	42P1R1A12_03834	100.000	332	0	0	1	332	1	332	0.0	675
42P1R1A12_03834	51P2R2A10_02276	96.386	332	12	0	1	332	1	332	0.0	656
42P1R1A12_03835	42P1R1A12_03835	100.000	715	0	0	1	715	1	715	0.0	1474
42P1R1A12_03835	51P2R2A10_02277	96.084	715	28	0	1	715	1	715	0.0	1418
42P1R1A12_03837	42P1R1A12_03837	100.000	220	0	0	1	220	1	220	3.39e-158	436
42P1R1A12_03837	31P2R1A5_02415	97.273	220	6	0	1	220	1	220	2.68e-153	424
42P1R1A12_03837	38P2R3A13_07821	96.364	220	8	0	1	220	1	220	5.07e-153	423
42P1R1A12_03837	18P3R3A11_01028	96.364	220	8	0	1	220	1	220	6.24e-153	423
42P1R1A12_03838	42P1R1A12_03838	100.000	411	0	0	1	411	1	411	0.0	836
42P1R1A12_03838	31P2R1A5_02414	97.324	411	11	0	1	411	1	411	0.0	820
42P1R1A12_03839	42P1R1A12_03839	100.000	199	0	0	1	199	1	199	5.87e-145	401
42P1R1A12_03839	51P2R2A10_02281	96.482	199	7	0	1	199	1	199	5.74e-128	358
42P1R1A12_03840	42P1R1A12_03840	100.000	110	0	0	1	110	1	110	1.40e-76	221
42P1R1A12_03840	31P2R1A5_02412	97.273	110	3	0	1	110	1	110	8.99e-75	216
42P1R1A12_03840	18P3R3A11_01025	95.455	110	5	0	1	110	1	110	2.48e-72	210
42P1R1A12_03841	42P1R1A12_03841	100.000	195	0	0	1	195	1	195	2.07e-144	399
42P1R1A12_03842	42P1R1A12_03842	100.000	439	0	0	1	439	1	439	0.0	904
42P1R1A12_03843	42P1R1A12_03843	100.000	393	0	0	1	393	1	393	0.0	794
42P1R1A12_03844	42P1R1A12_03844	100.000	401	0	0	1	401	1	401	0.0	816
42P1R1A12_03844	51P2R2A10_02286	96.758	401	13	0	1	401	1	401	0.0	793
42P1R1A12_03845	42P1R1A12_03845	100.000	365	0	0	1	365	1	365	0.0	749
42P1R1A12_03846	42P1R1A12_03846	100.000	130	0	0	1	130	1	130	3.45e-90	257
42P1R1A12_03846	31P2R1A5_02406	96.154	130	5	0	1	130	1	130	1.11e-86	248
42P1R1A12_03847	42P1R1A12_03847	100.000	958	0	0	1	958	1	958	0.0	1988
42P1R1A12_03847	31P2R1A5_02405	97.390	958	25	0	1	958	1	958	0.0	1943
42P1R1A12_03848	42P1R1A12_03848	100.000	248	0	0	1	248	1	248	0.0	498
42P1R1A12_03848	51P2R2A10_02290	95.968	248	10	0	1	248	1	248	1.85e-174	479
42P1R1A12_03849	42P1R1A12_03849	100.000	164	0	0	1	164	1	164	1.33e-117	329
42P1R1A12_03850	42P1R1A12_03850	100.000	478	0	0	1	478	1	478	0.0	1003
42P1R1A12_03850	31P2R1A5_02399	96.444	478	17	0	1	478	1	478	0.0	971
42P1R1A12_03850	54P2R2A3_04461	95.397	478	22	0	1	478	1	478	0.0	965
42P1R1A12_03851	42P1R1A12_03851	100.000	252	0	0	1	252	1	252	0.0	524
42P1R1A12_03851	31P2R1A5_02398	97.222	252	7	0	1	252	1	252	0.0	516
42P1R1A12_03851	54P2R2A3_04462	96.708	243	8	0	10	252	1	243	3.96e-180	494
42P1R1A12_03852	42P1R1A12_03852	100.000	104	0	0	1	104	1	104	1.52e-73	213
42P1R1A12_03853	42P1R1A12_03853	100.000	220	0	0	1	220	1	220	1.64e-154	427
42P1R1A12_03853	31P2R1A5_02396	95.413	218	10	0	1	218	1	218	2.91e-149	414
42P1R1A12_03854	42P1R1A12_03854	100.000	248	0	0	1	248	1	248	0.0	509
42P1R1A12_03854	51P2R2A10_02296	95.968	248	10	0	1	248	1	248	1.32e-166	460
42P1R1A12_03855	42P1R1A12_03855	100.000	370	0	0	1	370	1	370	0.0	754
42P1R1A12_03856	42P1R1A12_03856	100.000	286	0	0	1	286	1	286	0.0	572
42P1R1A12_03856	10P3R2A13_04028	96.503	286	10	0	1	286	1	286	0.0	555
42P1R1A12_03857	42P1R1A12_03857	100.000	250	0	0	1	250	1	250	0.0	497
42P1R1A12_03857	10P3R2A13_04027	96.400	250	9	0	1	250	1	250	7.27e-175	481
42P1R1A12_03858	42P1R1A12_03858	100.000	162	0	0	1	162	1	162	1.85e-117	328
42P1R1A12_03858	10P3R2A13_04026	95.062	162	8	0	1	162	1	162	1.95e-111	313
42P1R1A12_03859	42P1R1A12_03859	100.000	142	0	0	1	142	1	142	1.63e-100	284
42P1R1A12_03860	42P1R1A12_03860	100.000	933	0	0	1	933	1	933	0.0	1907
42P1R1A12_03861	42P1R1A12_03861	100.000	328	0	0	1	328	1	328	0.0	670
42P1R1A12_03861	51P2R2A10_02303	98.160	326	6	0	1	326	1	326	0.0	658
42P1R1A12_03862	42P1R1A12_03862	100.000	89	0	0	1	89	1	89	1.30e-62	184
42P1R1A12_03863	42P1R1A12_03863	100.000	137	0	0	1	137	1	137	1.48e-94	268
42P1R1A12_03864	42P1R1A12_03864	100.000	174	0	0	1	174	1	174	3.00e-127	354
42P1R1A12_03864	31P2R1A5_02392	96.552	174	6	0	1	174	1	174	2.68e-124	347
42P1R1A12_03865	42P1R1A12_03865	100.000	299	0	0	1	299	1	299	0.0	600
42P1R1A12_03865	31P2R1A5_02391	96.990	299	9	0	1	299	1	299	0.0	586
42P1R1A12_03866	42P1R1A12_03866	100.000	238	0	0	1	238	1	238	1.00e-178	489
42P1R1A12_03867	42P1R1A12_03867	100.000	578	0	0	1	578	1	578	0.0	1163
42P1R1A12_03867	31P2R1A5_02389	95.502	578	26	0	1	578	1	578	0.0	1099
42P1R1A12_03868	42P1R1A12_03868	100.000	294	0	0	1	294	1	294	0.0	604
42P1R1A12_03868	31P2R1A5_02388	98.639	294	4	0	1	294	7	300	0.0	596
42P1R1A12_03868	54P2R2A3_04472	97.619	294	7	0	1	294	28	321	0.0	593
42P1R1A12_03868	38P2R3A13_05994	97.619	294	7	0	1	294	1	294	0.0	593
42P1R1A12_03868	44P3R3A6_02543	97.619	294	7	0	1	294	1	294	0.0	593
42P1R1A12_03868	18P3R3A11_01002	96.939	294	9	0	1	294	1	294	0.0	589
42P1R1A12_03868	10P3R2A13_01803	96.939	294	9	0	1	294	1	294	0.0	587
42P1R1A12_03869	42P1R1A12_03869	100.000	506	0	0	1	506	1	506	0.0	1038
42P1R1A12_03869	31P2R1A5_02387	97.431	506	13	0	1	506	1	506	0.0	1013
42P1R1A12_03869	10P3R2A13_01802	95.257	506	24	0	1	506	1	506	0.0	993
42P1R1A12_03869	42P1R1A12_04763	95.059	506	25	0	1	506	1	506	0.0	992
42P1R1A12_03869	34P3R2A10_04791	96.429	196	7	0	311	506	1	196	3.53e-134	386
42P1R1A12_03870	42P1R1A12_03870	100.000	1903	0	0	1	1903	1	1903	0.0	3252
42P1R1A12_03871	42P1R1A12_03871	100.000	479	0	0	1	479	1	479	0.0	972
42P1R1A12_03871	51P2R2A10_01538	96.868	479	15	0	1	479	1	479	0.0	948
42P1R1A12_03872	42P1R1A12_03872	100.000	716	0	0	1	716	1	716	0.0	1456
42P1R1A12_03872	51P2R2A10_01539	97.207	716	20	0	1	716	1	716	0.0	1426
42P1R1A12_03873	42P1R1A12_03873	100.000	402	0	0	1	402	1	402	0.0	810
42P1R1A12_03874	42P1R1A12_03874	100.000	1048	0	0	1	1048	1	1048	0.0	2182
42P1R1A12_03875	42P1R1A12_03875	100.000	313	0	0	1	313	1	313	0.0	647
42P1R1A12_03876	42P1R1A12_03876	100.000	234	0	0	1	234	1	234	4.60e-176	483
42P1R1A12_03877	42P1R1A12_03877	100.000	106	0	0	1	106	1	106	4.38e-74	214
42P1R1A12_03877	31P2R1A5_01598	95.283	106	5	0	1	106	1	106	2.08e-70	205
42P1R1A12_03878	42P1R1A12_03878	100.000	450	0	0	1	450	1	450	0.0	920
42P1R1A12_03878	51P2R2A10_01544	98.504	401	6	0	50	450	1	401	0.0	813
42P1R1A12_03879	42P1R1A12_03879	100.000	185	0	0	1	185	1	185	2.85e-134	373
42P1R1A12_03880	42P1R1A12_03880	100.000	263	0	0	1	263	1	263	0.0	537
42P1R1A12_03881	42P1R1A12_03881	100.000	94	0	0	1	94	1	94	2.20e-66	194
42P1R1A12_03881	51P2R2A10_01547	97.872	94	2	0	1	94	1	94	1.11e-64	189
42P1R1A12_03882	42P1R1A12_03882	100.000	110	0	0	1	110	1	110	3.06e-79	228
42P1R1A12_03884	42P1R1A12_03884	100.000	543	0	0	1	543	1	543	0.0	1123
42P1R1A12_03884	51P2R2A10_01550	97.606	543	13	0	1	543	1	543	0.0	1105
42P1R1A12_03886	42P1R1A12_03886	100.000	264	0	0	1	264	1	264	0.0	546
42P1R1A12_03887	42P1R1A12_03887	100.000	153	0	0	1	153	1	153	2.44e-109	307
42P1R1A12_03887	51P2R2A10_01553	97.386	153	4	0	1	153	1	153	1.57e-106	300
42P1R1A12_03888	42P1R1A12_03888	100.000	261	0	0	1	261	1	261	0.0	543
42P1R1A12_03888	51P2R2A10_01554	98.084	261	5	0	1	261	171	431	0.0	535
42P1R1A12_03889	42P1R1A12_03889	100.000	171	0	0	1	171	1	171	2.86e-124	346
42P1R1A12_03889	51P2R2A10_01554	98.193	166	3	0	1	166	1	166	4.07e-116	335
42P1R1A12_03890	42P1R1A12_03890	100.000	471	0	0	1	471	1	471	0.0	971
42P1R1A12_03891	42P1R1A12_03891	100.000	253	0	0	1	253	1	253	0.0	520
42P1R1A12_03892	42P1R1A12_03892	100.000	389	0	0	1	389	1	389	0.0	807
42P1R1A12_03893	42P1R1A12_03893	100.000	235	0	0	1	235	1	235	1.64e-177	486
42P1R1A12_03894	42P1R1A12_03894	100.000	164	0	0	1	164	1	164	3.28e-119	333
42P1R1A12_03895	42P1R1A12_03895	100.000	260	0	0	1	260	1	260	0.0	513
42P1R1A12_03896	42P1R1A12_03896	100.000	261	0	0	1	261	1	261	0.0	508
42P1R1A12_03897	42P1R1A12_03897	100.000	146	0	0	1	146	1	146	8.72e-103	290
42P1R1A12_03898	42P1R1A12_03898	100.000	244	0	0	1	244	1	244	0.0	509
42P1R1A12_03899	42P1R1A12_03899	100.000	403	0	0	1	403	1	403	0.0	825
42P1R1A12_03899	51P2R2A10_01564	95.285	403	19	0	1	403	1	403	0.0	788
42P1R1A12_03900	42P1R1A12_03900	100.000	366	0	0	1	366	1	366	0.0	731
42P1R1A12_03901	42P1R1A12_03901	100.000	308	0	0	1	308	1	308	0.0	624
42P1R1A12_03901	51P2R2A10_01566	97.078	308	9	0	1	308	1	308	0.0	607
42P1R1A12_03901	31P2R1A5_04127	95.455	308	14	0	1	308	1	308	0.0	599
42P1R1A12_03902	42P1R1A12_03902	100.000	390	0	0	1	390	1	390	0.0	799
42P1R1A12_03902	31P2R1A5_04128	97.436	390	10	0	1	390	1	390	0.0	782
42P1R1A12_03902	51P2R2A10_01567	97.436	390	10	0	1	390	1	390	0.0	780
42P1R1A12_03903	42P1R1A12_03903	100.000	367	0	0	1	367	1	367	0.0	740
42P1R1A12_03904	42P1R1A12_03904	100.000	392	0	0	1	392	1	392	0.0	805
42P1R1A12_03904	31P2R1A5_04130	95.663	392	17	0	1	392	1	392	0.0	767
42P1R1A12_03904	51P2R2A10_01569	95.918	392	16	0	1	392	1	392	0.0	766
42P1R1A12_03905	42P1R1A12_03905	100.000	247	0	0	1	247	1	247	0.0	505
42P1R1A12_03905	31P2R1A5_04131	96.761	247	8	0	1	247	1	247	9.01e-179	490
42P1R1A12_03906	42P1R1A12_03906	100.000	242	0	0	1	242	1	242	1.94e-175	481
42P1R1A12_03906	51P2R2A10_01571	97.521	242	6	0	1	242	1	242	3.38e-171	471
42P1R1A12_03906	31P2R1A5_04132	95.868	242	10	0	1	242	1	242	3.41e-161	446
42P1R1A12_03907	42P1R1A12_03907	100.000	271	0	0	1	271	1	271	0.0	551
42P1R1A12_03907	51P2R2A10_01572	96.679	271	9	0	1	271	1	271	0.0	535
42P1R1A12_03908	42P1R1A12_03908	100.000	299	0	0	1	299	1	299	0.0	609
42P1R1A12_03908	51P2R2A10_01573	96.321	299	11	0	1	299	1	299	0.0	587
42P1R1A12_03909	42P1R1A12_03909	100.000	262	0	0	1	262	1	262	0.0	514
42P1R1A12_03910	42P1R1A12_03910	100.000	479	0	0	1	479	1	479	0.0	942
42P1R1A12_03911	42P1R1A12_03911	100.000	197	0	0	1	197	1	197	5.81e-144	398
42P1R1A12_03912	42P1R1A12_03912	100.000	121	0	0	1	121	1	121	2.69e-88	251
42P1R1A12_03912	51P2R2A10_01577	95.495	111	5	0	1	111	1	111	5.77e-77	223
42P1R1A12_03913	42P1R1A12_03913	100.000	436	0	0	1	436	1	436	0.0	909
42P1R1A12_03913	51P2R2A10_01579	95.642	436	19	0	1	436	1	436	0.0	853
42P1R1A12_03914	42P1R1A12_03914	100.000	280	0	0	1	280	1	280	0.0	587
42P1R1A12_03915	42P1R1A12_03915	100.000	205	0	0	1	205	1	205	2.84e-152	420
42P1R1A12_03915	51P2R2A10_01581	95.122	205	10	0	1	205	1	205	1.02e-146	406
42P1R1A12_03916	42P1R1A12_03916	100.000	370	0	0	1	370	1	370	0.0	730
42P1R1A12_03917	42P1R1A12_03917	100.000	1027	0	0	1	1027	1	1027	0.0	2075
42P1R1A12_03918	42P1R1A12_03918	100.000	410	0	0	1	410	1	410	0.0	848
42P1R1A12_03918	31P2R1A5_03839	96.829	410	13	0	1	410	1	410	0.0	823
42P1R1A12_03919	42P1R1A12_03919	100.000	380	0	0	1	380	1	380	0.0	739
42P1R1A12_03920	42P1R1A12_03920	100.000	301	0	0	1	301	1	301	0.0	596
42P1R1A12_03921	42P1R1A12_03921	100.000	364	0	0	1	364	1	364	0.0	758
42P1R1A12_03922	42P1R1A12_03922	100.000	193	0	0	1	193	1	193	3.01e-144	399
42P1R1A12_03923	42P1R1A12_03923	100.000	322	0	0	1	322	1	322	0.0	665
42P1R1A12_03923	51P2R2A10_01587	96.584	322	11	0	1	322	1	322	0.0	642
42P1R1A12_03924	42P1R1A12_03924	100.000	260	0	0	1	260	1	260	0.0	527
42P1R1A12_03925	42P1R1A12_03925	100.000	222	0	0	1	222	1	222	2.05e-158	437
42P1R1A12_03926	42P1R1A12_03926	100.000	224	0	0	1	224	1	224	7.46e-159	438
42P1R1A12_03927	42P1R1A12_03927	100.000	470	0	0	1	470	1	470	0.0	949
42P1R1A12_03927	51P2R2A10_01591	97.021	470	14	0	1	470	1	470	0.0	924
42P1R1A12_03928	42P1R1A12_03928	100.000	275	0	0	1	275	1	275	0.0	560
42P1R1A12_03929	42P1R1A12_03929	100.000	309	0	0	1	309	1	309	0.0	637
42P1R1A12_03930	42P1R1A12_03930	100.000	363	0	0	1	363	1	363	0.0	733
42P1R1A12_03931	42P1R1A12_03931	100.000	413	0	0	1	413	1	413	0.0	814
42P1R1A12_03932	42P1R1A12_03932	100.000	301	0	0	1	301	1	301	0.0	627
42P1R1A12_03933	42P1R1A12_03933	100.000	358	0	0	1	358	1	358	0.0	753
42P1R1A12_03934	42P1R1A12_03934	100.000	97	0	0	1	97	1	97	8.45e-67	195
42P1R1A12_03935	42P1R1A12_03935	100.000	293	0	0	1	293	1	293	0.0	594
42P1R1A12_03936	42P1R1A12_03936	100.000	507	0	0	1	507	1	507	0.0	1036
42P1R1A12_03937	42P1R1A12_03937	100.000	183	0	0	1	183	1	183	7.95e-137	379
42P1R1A12_03938	42P1R1A12_03938	100.000	291	0	0	1	291	1	291	0.0	597
42P1R1A12_03939	42P1R1A12_03939	100.000	189	0	0	1	189	1	189	1.28e-140	389
42P1R1A12_03940	42P1R1A12_03940	100.000	867	0	0	1	867	1	867	0.0	1787
42P1R1A12_03941	42P1R1A12_03941	100.000	478	0	0	1	478	1	478	0.0	937
42P1R1A12_03942	42P1R1A12_03942	100.000	71	0	0	1	71	1	71	4.13e-46	141
42P1R1A12_03942	51P2R2A10_01593	97.183	71	2	0	1	71	1	71	2.45e-45	139
42P1R1A12_03943	42P1R1A12_03943	100.000	74	0	0	1	74	1	74	2.95e-51	154
42P1R1A12_03943	51P2R2A10_01594	97.297	74	2	0	1	74	1	74	7.80e-50	150
42P1R1A12_03944	42P1R1A12_03944	100.000	87	0	0	1	87	1	87	2.60e-58	173
42P1R1A12_03944	51P2R2A10_01595	96.552	87	3	0	1	87	1	87	1.87e-55	166
42P1R1A12_03945	42P1R1A12_03945	100.000	126	0	0	1	126	1	126	8.09e-90	256
42P1R1A12_03946	42P1R1A12_03946	100.000	343	0	0	1	343	1	343	0.0	700
42P1R1A12_03947	42P1R1A12_03947	100.000	112	0	0	1	112	1	112	3.50e-80	230
42P1R1A12_03947	51P2R2A10_01598	97.321	112	3	0	1	112	1	112	4.74e-78	225
42P1R1A12_03948	42P1R1A12_03948	100.000	253	0	0	1	253	1	253	0.0	519
42P1R1A12_03948	51P2R2A10_01599	95.257	253	12	0	1	253	1	253	0.0	500
42P1R1A12_03949	42P1R1A12_03949	100.000	241	0	0	1	241	1	241	1.60e-180	494
42P1R1A12_03950	42P1R1A12_03950	100.000	675	0	0	1	675	1	675	0.0	1349
42P1R1A12_03951	42P1R1A12_03951	100.000	127	0	0	1	127	1	127	7.56e-90	256
42P1R1A12_03953	42P1R1A12_03953	100.000	69	0	0	1	69	1	69	8.91e-44	135
42P1R1A12_03954	42P1R1A12_03954	100.000	316	0	0	1	316	1	316	0.0	654
42P1R1A12_03954	51P2R2A10_01605	96.519	316	11	0	1	316	1	316	0.0	628
42P1R1A12_03955	42P1R1A12_03955	100.000	175	0	0	1	175	1	175	4.93e-131	364
42P1R1A12_03955	51P2R2A10_01606	95.429	175	8	0	1	175	1	175	1.04e-126	353
42P1R1A12_03956	42P1R1A12_03956	100.000	339	0	0	1	339	1	339	0.0	696
42P1R1A12_03957	42P1R1A12_03957	100.000	525	0	0	1	525	1	525	0.0	1014
42P1R1A12_03958	42P1R1A12_03958	100.000	343	0	0	1	343	1	343	0.0	689
42P1R1A12_03959	42P1R1A12_03959	100.000	323	0	0	1	323	1	323	0.0	660
42P1R1A12_03960	42P1R1A12_03960	100.000	346	0	0	1	346	1	346	0.0	714
42P1R1A12_03961	42P1R1A12_03961	100.000	311	0	0	1	311	1	311	0.0	628
42P1R1A12_03961	51P2R2A10_01612	96.452	310	11	0	1	310	1	310	0.0	607
42P1R1A12_03962	42P1R1A12_03962	100.000	93	0	0	1	93	1	93	1.68e-66	194
42P1R1A12_03963	42P1R1A12_03963	100.000	80	0	0	1	80	1	80	1.32e-55	166
42P1R1A12_03964	42P1R1A12_03964	100.000	88	0	0	1	88	1	88	8.82e-62	182
42P1R1A12_03964	42P1R1A12_05101	97.015	67	2	0	21	87	10	76	1.91e-44	138
42P1R1A12_03965	42P1R1A12_03965	100.000	68	0	0	1	68	1	68	1.73e-44	137
42P1R1A12_03965	54P2R2A3_02389	95.588	68	3	0	1	68	1	68	8.07e-43	132
42P1R1A12_03966	42P1R1A12_03966	100.000	119	0	0	1	119	1	119	2.96e-83	238
42P1R1A12_03967	42P1R1A12_03967	100.000	245	0	0	1	245	1	245	0.0	508
42P1R1A12_03968	42P1R1A12_03968	100.000	118	0	0	1	118	1	118	3.78e-82	236
42P1R1A12_03969	42P1R1A12_03969	100.000	336	0	0	1	336	1	336	0.0	701
42P1R1A12_03973	42P1R1A12_03973	100.000	183	0	0	1	183	1	183	1.81e-130	363
42P1R1A12_03973	31P2R1A5_00972	97.268	183	5	0	1	183	1	183	3.80e-126	352
42P1R1A12_03974	42P1R1A12_03974	100.000	611	0	0	1	611	1	611	0.0	1258
42P1R1A12_03974	31P2R1A5_00971	95.581	611	27	0	1	611	1	611	0.0	1212
42P1R1A12_03975	42P1R1A12_03975	100.000	219	0	0	1	219	1	219	5.70e-163	448
42P1R1A12_03975	31P2R1A5_00970	97.717	219	5	0	1	219	1	219	6.54e-159	438
42P1R1A12_03977	42P1R1A12_03977	100.000	260	0	0	1	260	1	260	0.0	546
42P1R1A12_03977	51P2R2A10_00228	97.510	241	6	0	20	260	1	241	1.36e-180	495
42P1R1A12_03978	42P1R1A12_03978	100.000	251	0	0	1	251	1	251	0.0	505
42P1R1A12_03978	51P2R2A10_00227	97.610	251	6	0	1	251	1	251	1.07e-180	496
42P1R1A12_03979	42P1R1A12_03979	100.000	223	0	0	1	223	1	223	3.98e-161	444
42P1R1A12_03979	31P2R1A5_00966	97.758	223	5	0	1	223	1	223	8.62e-158	435
42P1R1A12_03980	42P1R1A12_03980	100.000	329	0	0	1	329	1	329	0.0	661
42P1R1A12_03980	51P2R2A10_00225	97.872	329	7	0	1	329	1	329	0.0	649
42P1R1A12_03981	42P1R1A12_03981	100.000	267	0	0	1	267	1	267	0.0	533
42P1R1A12_03981	54P2R2A3_02407	95.703	256	11	0	12	267	1	256	0.0	498
42P1R1A12_03982	42P1R1A12_03982	100.000	496	0	0	1	496	1	496	0.0	1031
42P1R1A12_03982	51P2R2A10_00223	97.782	496	11	0	1	496	1	496	0.0	1013
42P1R1A12_03983	42P1R1A12_03983	100.000	138	0	0	1	138	1	138	6.61e-100	282
42P1R1A12_03984	42P1R1A12_03984	100.000	208	0	0	1	208	1	208	1.05e-155	429
42P1R1A12_03984	51P2R2A10_00221	96.635	208	7	0	1	208	1	208	6.06e-151	417
42P1R1A12_03985	42P1R1A12_03985	100.000	63	0	0	1	63	1	63	2.00e-41	129
42P1R1A12_03986	42P1R1A12_03986	100.000	72	0	0	1	72	1	72	1.07e-48	147
42P1R1A12_03987	42P1R1A12_03987	100.000	556	0	0	1	556	1	556	0.0	1145
42P1R1A12_03988	42P1R1A12_03988	100.000	60	0	0	1	60	1	60	8.21e-38	119
42P1R1A12_03989	42P1R1A12_03989	100.000	304	0	0	1	304	1	304	0.0	590
42P1R1A12_03989	51P2R2A10_00216	97.039	304	9	0	1	304	1	304	0.0	573
42P1R1A12_03990	42P1R1A12_03990	100.000	304	0	0	1	304	1	304	0.0	587
42P1R1A12_03991	42P1R1A12_03991	100.000	165	0	0	1	165	1	165	6.16e-122	340
42P1R1A12_03992	42P1R1A12_03992	100.000	491	0	0	1	491	1	491	0.0	1010
42P1R1A12_03993	42P1R1A12_03993	100.000	232	0	0	1	232	1	232	2.45e-171	470
42P1R1A12_03994	42P1R1A12_03994	100.000	94	0	0	1	94	1	94	5.86e-65	190
42P1R1A12_03995	42P1R1A12_03995	100.000	357	0	0	1	357	1	357	0.0	719
42P1R1A12_03995	51P2R2A10_00210	97.759	357	8	0	1	357	1	357	0.0	706
42P1R1A12_03996	42P1R1A12_03996	100.000	331	0	0	1	331	1	331	0.0	681
42P1R1A12_03996	51P2R2A10_00209	96.979	331	10	0	1	331	1	331	0.0	662
42P1R1A12_03997	42P1R1A12_03997	100.000	486	0	0	1	486	1	486	0.0	981
42P1R1A12_03998	42P1R1A12_03998	100.000	89	0	0	1	89	1	89	8.46e-60	177
42P1R1A12_04000	42P1R1A12_04000	100.000	178	0	0	1	178	1	178	1.66e-132	368
42P1R1A12_04001	42P1R1A12_04001	100.000	425	0	0	1	425	1	425	0.0	871
42P1R1A12_04003	42P1R1A12_04003	100.000	266	0	0	1	266	1	266	0.0	540
42P1R1A12_04005	42P1R1A12_04005	100.000	320	0	0	1	320	1	320	0.0	635
42P1R1A12_04006	42P1R1A12_04006	100.000	132	0	0	1	132	1	132	6.70e-95	269
42P1R1A12_04006	51P2R2A10_00134	97.674	129	3	0	1	129	1	129	4.60e-91	259
42P1R1A12_04006	44P3R3A6_04394	95.349	129	6	0	1	129	1	129	6.64e-89	254
42P1R1A12_04007	42P1R1A12_04007	100.000	307	0	0	1	307	1	307	0.0	623
42P1R1A12_04008	42P1R1A12_04008	100.000	300	0	0	1	300	1	300	0.0	609
42P1R1A12_04009	42P1R1A12_04009	100.000	136	0	0	1	136	1	136	1.30e-99	281
42P1R1A12_04009	51P2R2A10_00131	96.296	135	5	0	1	135	1	135	1.83e-96	273
42P1R1A12_04010	42P1R1A12_04010	100.000	310	0	0	1	310	1	310	0.0	633
42P1R1A12_04011	42P1R1A12_04011	100.000	896	0	0	1	896	1	896	0.0	1823
42P1R1A12_04012	42P1R1A12_04012	100.000	144	0	0	1	144	1	144	1.93e-102	289
42P1R1A12_04013	42P1R1A12_04013	100.000	37	0	0	1	37	1	37	1.36e-18	69.3
42P1R1A12_04014	42P1R1A12_04014	100.000	362	0	0	1	362	1	362	0.0	729
42P1R1A12_04014	51P2R2A10_00126	96.685	362	12	0	1	362	1	362	0.0	707
42P1R1A12_04015	42P1R1A12_04015	100.000	1021	0	0	1	1021	1	1021	0.0	2055
42P1R1A12_04015	51P2R2A10_00125	96.768	1021	33	0	1	1021	1	1021	0.0	1998
42P1R1A12_04016	42P1R1A12_04016	100.000	322	0	0	1	322	1	322	0.0	646
42P1R1A12_04017	42P1R1A12_04017	100.000	192	0	0	1	192	1	192	7.93e-143	395
42P1R1A12_04018	42P1R1A12_04018	100.000	311	0	0	1	311	1	311	0.0	611
42P1R1A12_04018	51P2R2A10_00122	97.106	311	9	0	1	311	1	311	0.0	597
42P1R1A12_04019	42P1R1A12_04019	100.000	514	0	0	1	514	1	514	0.0	1053
42P1R1A12_04019	51P2R2A10_00121	95.720	514	22	0	1	514	1	514	0.0	1014
42P1R1A12_04020	42P1R1A12_04020	100.000	86	0	0	1	86	1	86	3.66e-59	175
42P1R1A12_04021	42P1R1A12_04021	100.000	485	0	0	1	485	1	485	0.0	1009
42P1R1A12_04022	42P1R1A12_04022	100.000	182	0	0	1	182	1	182	3.52e-133	370
42P1R1A12_04023	42P1R1A12_04023	100.000	72	0	0	1	72	1	72	2.28e-48	147
42P1R1A12_04024	42P1R1A12_04024	100.000	104	0	0	1	104	1	104	1.09e-71	208
42P1R1A12_04025	42P1R1A12_04025	100.000	127	0	0	1	127	1	127	1.88e-89	255
42P1R1A12_04026	42P1R1A12_04026	100.000	100	0	0	1	100	1	100	3.00e-68	199
42P1R1A12_04027	42P1R1A12_04027	100.000	98	0	0	1	98	1	98	2.78e-67	196
42P1R1A12_04028	42P1R1A12_04028	100.000	132	0	0	1	132	1	132	2.24e-94	268
42P1R1A12_04029	42P1R1A12_04029	100.000	98	0	0	1	98	1	98	7.48e-66	193
42P1R1A12_04030	42P1R1A12_04030	100.000	267	0	0	1	267	1	267	0.0	537
42P1R1A12_04031	42P1R1A12_04031	100.000	241	0	0	1	241	1	241	1.59e-179	492
42P1R1A12_04032	42P1R1A12_04032	100.000	655	0	0	1	655	1	655	0.0	1342
42P1R1A12_04033	42P1R1A12_04033	100.000	515	0	0	1	515	1	515	0.0	1065
42P1R1A12_04034	42P1R1A12_04034	100.000	161	0	0	1	161	1	161	2.29e-115	323
42P1R1A12_04035	42P1R1A12_04035	100.000	199	0	0	1	199	1	199	4.84e-148	409
42P1R1A12_04036	42P1R1A12_04036	100.000	108	0	0	1	108	1	108	1.14e-74	216
42P1R1A12_04037	42P1R1A12_04037	100.000	190	0	0	1	190	1	190	5.09e-133	370
42P1R1A12_04038	42P1R1A12_04038	100.000	514	0	0	1	514	1	514	0.0	1041
42P1R1A12_04039	42P1R1A12_04039	100.000	72	0	0	1	72	1	72	1.49e-47	145
42P1R1A12_04040	42P1R1A12_04040	100.000	987	0	0	1	987	1	987	0.0	2049
42P1R1A12_04041	42P1R1A12_04041	100.000	629	0	0	1	629	1	629	0.0	1305
42P1R1A12_04042	42P1R1A12_04042	100.000	463	0	0	1	463	1	463	0.0	937
42P1R1A12_04043	42P1R1A12_04043	100.000	425	0	0	1	425	1	425	0.0	885
42P1R1A12_04045	42P1R1A12_04045	100.000	486	0	0	1	486	1	486	0.0	962
42P1R1A12_04047	42P1R1A12_04047	100.000	81	0	0	1	81	1	81	8.36e-56	166
42P1R1A12_04048	42P1R1A12_04048	100.000	305	0	0	1	305	1	305	0.0	625
42P1R1A12_04049	42P1R1A12_04049	100.000	333	0	0	1	333	1	333	0.0	685
42P1R1A12_04050	42P1R1A12_04050	100.000	309	0	0	1	309	1	309	0.0	633
42P1R1A12_04051	42P1R1A12_04051	100.000	202	0	0	1	202	1	202	3.75e-150	414
42P1R1A12_04052	42P1R1A12_04052	100.000	314	0	0	1	314	1	314	0.0	637
42P1R1A12_04052	51P2R2A10_00105	96.497	314	11	0	1	314	1	314	0.0	617
42P1R1A12_04054	42P1R1A12_04054	100.000	306	0	0	1	306	1	306	0.0	612
42P1R1A12_04054	31P2R1A5_00918	96.732	306	10	0	1	306	1	306	0.0	593
42P1R1A12_04056	42P1R1A12_04056	100.000	162	0	0	1	162	1	162	2.01e-119	333
42P1R1A12_04057	42P1R1A12_04057	100.000	274	0	0	1	274	1	274	0.0	568
42P1R1A12_04058	42P1R1A12_04058	100.000	173	0	0	1	173	1	173	3.13e-123	344
42P1R1A12_04059	42P1R1A12_04059	100.000	181	0	0	1	181	1	181	2.84e-125	350
42P1R1A12_04060	42P1R1A12_04060	100.000	180	0	0	1	180	1	180	2.20e-133	370
42P1R1A12_04060	51P2R2A10_00099	95.556	180	7	1	1	180	13	191	8.61e-127	354
42P1R1A12_04061	42P1R1A12_04061	100.000	244	0	0	1	244	1	244	2.69e-180	494
42P1R1A12_04062	42P1R1A12_04062	100.000	322	0	0	1	322	1	322	0.0	608
42P1R1A12_04063	42P1R1A12_04063	100.000	235	0	0	1	235	1	235	1.68e-174	479
42P1R1A12_04064	42P1R1A12_04064	100.000	354	0	0	1	354	1	354	0.0	705
42P1R1A12_04064	31P2R1A5_03632	96.045	354	13	1	1	354	1	353	0.0	677
42P1R1A12_04065	42P1R1A12_04065	100.000	456	0	0	1	456	1	456	0.0	889
42P1R1A12_04067	42P1R1A12_04067	100.000	378	0	0	1	378	1	378	0.0	781
42P1R1A12_04067	51P2R2A10_02008	97.090	378	11	0	1	378	1	378	0.0	762
42P1R1A12_04071	42P1R1A12_04071	100.000	164	0	0	1	164	1	164	9.25e-117	327
42P1R1A12_04072	42P1R1A12_04072	100.000	226	0	0	1	226	1	226	8.03e-162	446
42P1R1A12_04073	42P1R1A12_04073	100.000	237	0	0	1	237	1	237	1.82e-175	481
42P1R1A12_04074	42P1R1A12_04074	100.000	805	0	0	1	805	1	805	0.0	1658
42P1R1A12_04075	42P1R1A12_04075	100.000	187	0	0	1	187	1	187	1.37e-139	386
42P1R1A12_04076	42P1R1A12_04076	100.000	473	0	0	1	473	1	473	0.0	975
42P1R1A12_04076	31P2R1A5_03623	97.674	473	11	0	1	473	1	473	0.0	957
42P1R1A12_04076	18P3R3A11_02696	96.406	473	17	0	1	473	1	473	0.0	948
42P1R1A12_04077	42P1R1A12_04077	100.000	1487	0	0	1	1487	1	1487	0.0	3075
42P1R1A12_04077	31P2R1A5_03622	97.310	1487	40	0	1	1487	1	1487	0.0	3001
42P1R1A12_04077	18P3R3A11_02695	95.427	1487	68	0	1	1487	1	1487	0.0	2932
42P1R1A12_04077	10P3R2A13_00200	95.293	1487	70	0	1	1487	32	1518	0.0	2917
42P1R1A12_04078	42P1R1A12_04078	100.000	312	0	0	1	312	1	312	0.0	647
42P1R1A12_04079	42P1R1A12_04079	100.000	780	0	0	1	780	1	780	0.0	1590
42P1R1A12_04080	42P1R1A12_04080	100.000	218	0	0	1	218	1	218	8.16e-158	435
42P1R1A12_04080	51P2R2A10_02017	97.248	218	6	0	1	218	1	218	4.59e-154	426
42P1R1A12_04081	42P1R1A12_04081	100.000	242	0	0	1	242	1	242	3.69e-180	493
42P1R1A12_04082	42P1R1A12_04082	100.000	91	0	0	1	91	1	91	1.32e-61	182
42P1R1A12_04082	31P2R1A5_03614	95.604	91	4	0	1	91	1	91	6.68e-59	175
42P1R1A12_04083	42P1R1A12_04083	100.000	285	0	0	1	285	1	285	0.0	583
42P1R1A12_04083	18P3R3A11_02680	97.193	285	8	0	1	285	1	285	0.0	570
42P1R1A12_04083	10P3R2A13_00193	97.527	283	7	0	1	283	1	283	0.0	568
42P1R1A12_04083	38P2R3A13_03039	96.491	285	10	0	1	285	1	285	0.0	564
42P1R1A12_04083	24P1R3A1_08872	95.357	280	13	0	4	283	1	280	0.0	553
42P1R1A12_04083	38P2R3A13_07833	98.148	54	1	0	232	285	1	54	2.85e-31	110
42P1R1A12_04084	42P1R1A12_04084	100.000	163	0	0	1	163	1	163	2.08e-118	331
42P1R1A12_04084	31P2R1A5_03612	95.706	163	7	0	1	163	1	163	2.81e-114	320
42P1R1A12_04086	42P1R1A12_04086	100.000	478	0	0	1	478	1	478	0.0	972
42P1R1A12_04087	42P1R1A12_04087	100.000	242	0	0	1	242	1	242	1.13e-176	484
42P1R1A12_04087	18P3R3A11_02676	97.934	242	5	0	1	242	1	242	5.41e-173	475
42P1R1A12_04087	10P3R2A13_00189	96.281	242	9	0	1	242	1	242	1.46e-170	469
42P1R1A12_04087	38P2R3A13_03035	96.281	242	9	0	1	242	1	242	1.81e-170	469
42P1R1A12_04087	38P2R3A13_08614	95.455	242	11	0	1	242	1	242	2.94e-169	466
42P1R1A12_04088	42P1R1A12_04088	100.000	182	0	0	1	182	1	182	1.67e-132	368
42P1R1A12_04089	42P1R1A12_04089	100.000	192	0	0	1	192	1	192	2.74e-142	394
42P1R1A12_04089	38P2R3A13_08612	96.471	85	3	0	108	192	1	85	7.18e-55	169
42P1R1A12_04090	42P1R1A12_04090	100.000	189	0	0	1	189	1	189	1.03e-135	377
42P1R1A12_04090	51P2R2A10_02027	97.354	189	5	0	1	189	1	189	1.68e-132	369
42P1R1A12_04091	42P1R1A12_04091	100.000	335	0	0	1	335	1	335	0.0	673
42P1R1A12_04092	42P1R1A12_04092	100.000	326	0	0	1	326	1	326	0.0	627
42P1R1A12_04093	42P1R1A12_04093	100.000	271	0	0	1	271	1	271	0.0	546
42P1R1A12_04093	31P2R1A5_03603	95.941	271	11	0	1	271	1	271	0.0	503
42P1R1A12_04095	42P1R1A12_04095	100.000	184	0	0	1	184	1	184	1.94e-135	375
42P1R1A12_04096	42P1R1A12_04096	100.000	212	0	0	1	212	1	212	5.26e-157	432
42P1R1A12_04096	31P2R1A5_03600	97.170	212	6	0	1	212	1	212	7.20e-153	422
42P1R1A12_04097	42P1R1A12_04097	100.000	97	0	0	1	97	1	97	4.21e-65	191
42P1R1A12_04098	42P1R1A12_04098	100.000	85	0	0	1	85	1	85	5.32e-60	177
42P1R1A12_04098	38P2R3A13_03024	95.294	85	4	0	1	85	1	85	3.53e-58	172
42P1R1A12_04098	31P2R1A5_03598	95.294	85	4	0	1	85	1	85	6.82e-58	172
42P1R1A12_04099	42P1R1A12_04099	100.000	420	0	0	1	420	1	420	0.0	851
42P1R1A12_04099	31P2R1A5_03597	97.857	420	9	0	1	420	1	420	0.0	839
42P1R1A12_04100	42P1R1A12_04100	100.000	91	0	0	1	91	1	91	4.99e-64	187
42P1R1A12_04100	51P2R2A10_02037	97.802	91	2	0	1	91	1	91	2.94e-62	183
42P1R1A12_04101	42P1R1A12_04101	100.000	324	0	0	1	324	1	324	0.0	661
42P1R1A12_04102	42P1R1A12_04102	100.000	104	0	0	1	104	1	104	1.55e-70	205
42P1R1A12_04102	10P3R2A13_00174	96.154	104	4	0	1	104	1	104	4.33e-69	201
42P1R1A12_04104	42P1R1A12_04104	100.000	322	0	0	1	322	1	322	0.0	636
42P1R1A12_04105	42P1R1A12_04105	100.000	391	0	0	1	391	1	391	0.0	798
42P1R1A12_04105	31P2R1A5_03591	97.455	393	8	1	1	391	1	393	0.0	778
42P1R1A12_04105	56P2R2A4_02947	96.173	392	14	1	1	391	1	392	0.0	768
42P1R1A12_04106	42P1R1A12_04106	100.000	478	0	0	1	478	1	478	0.0	981
42P1R1A12_04106	31P2R1A5_03590	96.444	478	17	0	1	478	1	478	0.0	948
42P1R1A12_04107	42P1R1A12_04107	100.000	159	0	0	1	159	1	159	1.97e-114	320
42P1R1A12_04107	31P2R1A5_03589	96.855	159	5	0	1	159	1	159	7.14e-112	314
42P1R1A12_04107	18P3R3A11_02654	96.855	159	5	0	1	159	1	159	3.83e-111	312
42P1R1A12_04108	42P1R1A12_04108	100.000	111	0	0	1	111	1	111	1.85e-77	223
42P1R1A12_04108	18P3R3A11_02653	96.396	111	4	0	1	111	1	111	1.14e-74	216
42P1R1A12_04108	31P2R1A5_03588	96.396	111	4	0	1	111	1	111	1.13e-73	214
42P1R1A12_04108	10P3R2A13_00168	96.939	98	3	0	14	111	1	98	9.53e-65	191
42P1R1A12_04111	42P1R1A12_04111	100.000	283	0	0	1	283	1	283	0.0	578
42P1R1A12_04112	42P1R1A12_04112	100.000	446	0	0	1	446	1	446	0.0	907
42P1R1A12_04112	31P2R1A5_03584	97.758	446	10	0	1	446	1	446	0.0	887
42P1R1A12_04113	42P1R1A12_04113	100.000	110	0	0	1	110	1	110	1.44e-75	218
42P1R1A12_04113	31P2R1A5_03583	97.273	110	3	0	1	110	1	110	2.39e-74	215
42P1R1A12_04115	42P1R1A12_04115	100.000	448	0	0	1	448	1	448	0.0	927
42P1R1A12_04115	31P2R1A5_03578	97.098	448	13	0	1	448	1	448	0.0	908
42P1R1A12_04117	42P1R1A12_04117	100.000	151	0	0	1	151	1	151	4.98e-110	309
42P1R1A12_04117	10P3R2A13_00158	95.364	151	7	0	1	151	1	151	1.79e-106	300
42P1R1A12_04117	51P2R2A10_02054	99.291	141	1	0	11	151	1	141	4.89e-102	288
42P1R1A12_04117	31P2R1A5_03576	97.163	141	4	0	11	151	1	141	8.97e-101	285
42P1R1A12_04117	24P1R3A1_02529	95.035	141	7	0	11	151	1	141	4.32e-99	281
42P1R1A12_04118	42P1R1A12_04118	100.000	496	0	0	1	496	1	496	0.0	992
42P1R1A12_04118	31P2R1A5_03575	97.782	496	11	0	1	496	1	496	0.0	977
42P1R1A12_04118	10P3R2A13_00157	95.161	496	24	0	1	496	1	496	0.0	954
42P1R1A12_04119	42P1R1A12_04119	100.000	897	0	0	1	897	1	897	0.0	1811
42P1R1A12_04119	31P2R1A5_03574	96.656	897	30	0	1	897	1	897	0.0	1758
42P1R1A12_04119	18P3R3A11_02642	95.084	895	43	1	1	895	1	894	0.0	1637
42P1R1A12_04119	43P2R2A2_04162	96.718	579	19	0	317	895	1	579	0.0	1146
42P1R1A12_04121	42P1R1A12_04121	100.000	315	0	0	1	315	1	315	0.0	640
42P1R1A12_04121	51P2R2A10_02058	97.460	315	8	0	1	315	1	315	0.0	630
42P1R1A12_04122	42P1R1A12_04122	100.000	40	0	0	1	40	1	40	8.23e-23	80.1
42P1R1A12_04124	42P1R1A12_04124	100.000	713	0	0	1	713	1	713	0.0	1437
42P1R1A12_04124	38P2R3A13_02996	96.634	713	24	0	1	713	1	713	0.0	1395
42P1R1A12_04124	10P3R2A13_00152	95.552	697	31	0	1	697	1	697	0.0	1358
42P1R1A12_04124	43P2R2A2_04048	95.652	161	7	0	537	697	1	161	7.82e-102	309
42P1R1A12_04125	42P1R1A12_04125	100.000	295	0	0	1	295	1	295	0.0	597
42P1R1A12_04125	31P2R1A5_03569	96.949	295	9	0	1	295	1	295	0.0	582
42P1R1A12_04126	42P1R1A12_04126	100.000	654	0	0	1	654	1	654	0.0	1297
42P1R1A12_04126	31P2R1A5_03568	95.872	654	17	3	1	654	1	644	0.0	1231
42P1R1A12_04127	42P1R1A12_04127	100.000	415	0	0	1	415	1	415	0.0	818
42P1R1A12_04128	42P1R1A12_04128	100.000	336	0	0	1	336	1	336	0.0	691
42P1R1A12_04128	51P2R2A10_02078	97.619	336	8	0	1	336	1	336	0.0	677
42P1R1A12_04129	42P1R1A12_04129	100.000	293	0	0	1	293	1	293	0.0	603
42P1R1A12_04129	51P2R2A10_02079	96.587	293	10	0	1	293	1	293	0.0	585
42P1R1A12_04131	42P1R1A12_04131	100.000	175	0	0	1	175	1	175	1.18e-125	350
42P1R1A12_04132	42P1R1A12_04132	100.000	168	0	0	1	168	1	168	7.61e-119	332
42P1R1A12_04133	42P1R1A12_04133	100.000	95	0	0	1	95	1	95	1.55e-64	189
42P1R1A12_04134	42P1R1A12_04134	100.000	148	0	0	1	148	1	148	6.43e-110	308
42P1R1A12_04134	51P2R2A10_02084	95.270	148	7	0	1	148	1	148	1.33e-105	297
42P1R1A12_04135	42P1R1A12_04135	100.000	173	0	0	1	173	1	173	7.93e-124	345
42P1R1A12_04136	42P1R1A12_04136	100.000	217	0	0	1	217	1	217	1.71e-159	439
42P1R1A12_04137	42P1R1A12_04137	100.000	347	0	0	1	347	1	347	0.0	677
42P1R1A12_04137	51P2R2A10_02087	95.101	347	17	0	1	347	1	347	0.0	644
42P1R1A12_04138	42P1R1A12_04138	100.000	192	0	0	1	192	1	192	7.26e-137	380
42P1R1A12_04138	31P2R1A5_03556	97.917	192	4	0	1	192	1	192	1.22e-133	372
42P1R1A12_04140	42P1R1A12_04140	100.000	129	0	0	1	129	1	129	3.05e-92	262
42P1R1A12_04141	42P1R1A12_04141	100.000	694	0	0	1	694	1	694	0.0	1397
42P1R1A12_04141	51P2R2A10_02091	97.695	694	16	0	1	694	1	694	0.0	1367
42P1R1A12_04142	42P1R1A12_04142	100.000	287	0	0	1	287	1	287	0.0	583
42P1R1A12_04142	31P2R1A5_03552	96.853	286	9	0	1	286	1	286	0.0	570
42P1R1A12_04143	42P1R1A12_04143	100.000	630	0	0	1	630	1	630	0.0	1298
42P1R1A12_04144	42P1R1A12_04144	100.000	291	0	0	1	291	1	291	0.0	600
42P1R1A12_04144	51P2R2A10_02094	96.220	291	11	0	1	291	1	291	0.0	578
42P1R1A12_04145	42P1R1A12_04145	100.000	385	0	0	1	385	1	385	0.0	794
42P1R1A12_04146	42P1R1A12_04146	100.000	378	0	0	1	378	1	378	0.0	766
42P1R1A12_04147	42P1R1A12_04147	100.000	145	0	0	1	145	1	145	7.97e-100	282
42P1R1A12_04147	51P2R2A10_02097	96.552	145	5	0	1	145	1	145	6.97e-95	270
42P1R1A12_04148	42P1R1A12_04148	100.000	293	0	0	1	293	1	293	0.0	596
42P1R1A12_04148	51P2R2A10_02098	96.928	293	9	0	1	293	1	293	0.0	582
42P1R1A12_04148	38P2R3A13_02970	96.587	293	10	0	1	293	1	293	0.0	577
42P1R1A12_04149	42P1R1A12_04149	100.000	260	0	0	1	260	1	260	0.0	508
42P1R1A12_04149	38P2R3A13_06435	97.692	260	6	0	1	260	1	260	0.0	499
42P1R1A12_04149	38P2R3A13_02969	96.154	260	10	0	1	260	1	260	1.01e-178	491
42P1R1A12_04149	10P3R2A13_00120	95.769	260	11	0	1	260	1	260	2.97e-167	462
42P1R1A12_04150	42P1R1A12_04150	100.000	158	0	0	1	158	1	158	5.34e-115	322
42P1R1A12_04150	51P2R2A10_02100	97.468	158	4	0	1	158	1	158	1.00e-111	313
42P1R1A12_04151	42P1R1A12_04151	100.000	434	0	0	1	434	1	434	0.0	899
42P1R1A12_04152	42P1R1A12_04152	100.000	270	0	0	1	270	1	270	0.0	546
42P1R1A12_04153	42P1R1A12_04153	100.000	524	0	0	1	524	1	524	0.0	1070
42P1R1A12_04153	31P2R1A5_03551	96.183	524	20	0	1	524	1	524	0.0	1032
42P1R1A12_04154	42P1R1A12_04154	100.000	445	0	0	1	445	1	445	0.0	899
42P1R1A12_04154	10P3R2A13_00113	95.281	445	21	0	1	445	1	445	0.0	860
42P1R1A12_04155	42P1R1A12_04155	100.000	257	0	0	1	257	1	257	0.0	522
42P1R1A12_04156	42P1R1A12_04156	100.000	297	0	0	1	297	1	297	0.0	589
42P1R1A12_04156	10P3R2A13_00111	97.980	297	6	0	1	297	1	297	0.0	582
42P1R1A12_04156	31P2R1A5_03549	96.296	297	11	0	1	297	1	297	0.0	574
42P1R1A12_04156	34P3R2A10_04409	97.044	203	6	0	1	203	1	203	1.21e-138	389
42P1R1A12_04156	34P3R2A10_04410	100.000	82	0	0	216	297	1	82	3.81e-54	171
42P1R1A12_04157	42P1R1A12_04157	100.000	382	0	0	1	382	1	382	0.0	766
42P1R1A12_04158	42P1R1A12_04158	100.000	178	0	0	1	178	1	178	3.53e-127	354
42P1R1A12_04158	51P2R2A10_02108	96.067	178	7	0	1	178	1	178	1.35e-119	335
42P1R1A12_04159	42P1R1A12_04159	100.000	453	0	0	1	453	1	453	0.0	913
42P1R1A12_04159	18P3R3A11_03382	97.351	453	12	0	1	453	1	453	0.0	897
42P1R1A12_04160	42P1R1A12_04160	100.000	297	0	0	1	297	1	297	0.0	603
42P1R1A12_04161	42P1R1A12_04161	100.000	275	0	0	1	275	1	275	0.0	563
42P1R1A12_04162	42P1R1A12_04162	100.000	300	0	0	1	300	1	300	0.0	604
42P1R1A12_04162	31P2R1A5_00849	97.333	300	8	0	1	300	1	300	0.0	593
42P1R1A12_04163	42P1R1A12_04163	100.000	435	0	0	1	435	1	435	0.0	882
42P1R1A12_04164	42P1R1A12_04164	100.000	354	0	0	1	354	1	354	0.0	722
42P1R1A12_04165	42P1R1A12_04165	100.000	356	0	0	1	356	1	356	0.0	734
42P1R1A12_04166	42P1R1A12_04166	100.000	197	0	0	1	197	1	197	1.86e-148	410
42P1R1A12_04167	42P1R1A12_04167	100.000	246	0	0	1	246	1	246	2.34e-179	492
42P1R1A12_04167	51P2R2A10_00041	97.154	246	7	0	1	246	1	246	1.99e-174	479
42P1R1A12_04168	42P1R1A12_04168	100.000	259	0	0	1	259	1	259	0.0	528
42P1R1A12_04168	31P2R1A5_00843	96.911	259	8	0	1	259	1	259	0.0	516
42P1R1A12_04168	38P2R3A13_01506	96.525	259	9	0	1	259	1	259	0.0	512
42P1R1A12_04169	42P1R1A12_04169	100.000	200	0	0	1	200	1	200	1.54e-150	415
42P1R1A12_04170	42P1R1A12_04170	100.000	440	0	0	1	440	1	440	0.0	901
42P1R1A12_04171	42P1R1A12_04171	100.000	378	0	0	1	378	1	378	0.0	774
42P1R1A12_04172	42P1R1A12_04172	100.000	298	0	0	1	298	1	298	0.0	617
42P1R1A12_04173	42P1R1A12_04173	100.000	385	0	0	1	385	1	385	0.0	812
42P1R1A12_04173	51P2R2A10_00035	96.364	385	14	0	1	385	1	385	0.0	783
42P1R1A12_04174	42P1R1A12_04174	100.000	631	0	0	1	631	1	631	0.0	1314
42P1R1A12_04174	51P2R2A10_00034	96.672	631	21	0	1	631	1	631	0.0	1278
42P1R1A12_04175	42P1R1A12_04175	100.000	247	0	0	1	247	1	247	0.0	500
42P1R1A12_04176	42P1R1A12_04176	100.000	256	0	0	1	256	1	256	0.0	509
42P1R1A12_04177	42P1R1A12_04177	100.000	335	0	0	1	335	1	335	0.0	698
42P1R1A12_04177	51P2R2A10_00031	97.910	335	7	0	1	335	1	335	0.0	687
42P1R1A12_04178	42P1R1A12_04178	100.000	389	0	0	1	389	1	389	0.0	790
42P1R1A12_04178	12_1P1R2A2-1_04441	95.887	389	16	0	1	389	1	389	0.0	769
42P1R1A12_04178	31P2R1A5_00832	95.373	389	18	0	1	389	1	389	0.0	763
42P1R1A12_04179	42P1R1A12_04179	100.000	185	0	0	1	185	1	185	6.71e-139	384
42P1R1A12_04180	42P1R1A12_04180	100.000	297	0	0	1	297	1	297	0.0	606
42P1R1A12_04181	42P1R1A12_04181	100.000	290	0	0	1	290	1	290	0.0	594
42P1R1A12_04182	42P1R1A12_04182	100.000	355	0	0	1	355	1	355	0.0	738
42P1R1A12_04183	42P1R1A12_04183	100.000	469	0	0	1	469	1	469	0.0	961
42P1R1A12_04183	12_1P1R2A2-1_03091	97.868	469	10	0	1	469	1	469	0.0	942
42P1R1A12_04183	38P2R3A13_05327	95.192	208	10	0	1	208	1	208	5.31e-143	407
42P1R1A12_04183	33P3R2A2_04177	95.652	23	1	0	1	23	1	23	2.56e-07	47.0
42P1R1A12_04184	42P1R1A12_04184	100.000	473	0	0	1	473	1	473	0.0	931
42P1R1A12_04185	42P1R1A12_04185	100.000	278	0	0	1	278	1	278	0.0	568
42P1R1A12_04186	42P1R1A12_04186	100.000	347	0	0	1	347	1	347	0.0	708
42P1R1A12_04187	42P1R1A12_04187	100.000	403	0	0	1	403	1	403	0.0	793
42P1R1A12_04188	42P1R1A12_04188	100.000	372	0	0	1	372	1	372	0.0	755
42P1R1A12_04189	42P1R1A12_04189	100.000	312	0	0	1	312	1	312	0.0	638
42P1R1A12_04190	42P1R1A12_04190	100.000	364	0	0	1	364	1	364	0.0	733
42P1R1A12_04191	42P1R1A12_04191	100.000	303	0	0	1	303	1	303	0.0	630
42P1R1A12_04192	42P1R1A12_04192	100.000	476	0	0	1	476	1	476	0.0	969
42P1R1A12_04193	42P1R1A12_04193	100.000	721	0	0	1	721	1	721	0.0	1467
42P1R1A12_04194	42P1R1A12_04194	100.000	380	0	0	1	380	1	380	0.0	778
42P1R1A12_04194	33P3R2A2_04395	96.561	378	13	0	1	378	1	378	0.0	754
42P1R1A12_04195	42P1R1A12_04195	100.000	478	0	0	1	478	1	478	0.0	978
42P1R1A12_04195	51P2R2A10_00011	95.833	480	18	1	1	478	1	480	0.0	942
42P1R1A12_04196	42P1R1A12_04196	100.000	210	0	0	1	210	1	210	3.79e-150	415
42P1R1A12_04197	42P1R1A12_04197	100.000	283	0	0	1	283	1	283	0.0	582
42P1R1A12_04198	42P1R1A12_04198	100.000	529	0	0	1	529	1	529	0.0	1066
42P1R1A12_04198	51P2R2A10_00008	96.219	529	20	0	1	529	1	529	0.0	1028
42P1R1A12_04199	42P1R1A12_04199	100.000	616	0	0	1	616	1	616	0.0	1250
42P1R1A12_04200	42P1R1A12_04200	100.000	194	0	0	1	194	1	194	2.54e-141	391
42P1R1A12_04200	31P2R1A5_00815	96.907	194	6	0	1	194	1	194	4.58e-136	378
42P1R1A12_04201	42P1R1A12_04201	100.000	214	0	0	1	214	1	214	1.29e-159	439
42P1R1A12_04201	31P2R1A5_00814	95.794	214	9	0	1	214	1	214	1.89e-154	426
42P1R1A12_04202	42P1R1A12_04202	100.000	283	0	0	1	283	1	283	0.0	569
42P1R1A12_04203	42P1R1A12_04203	100.000	451	0	0	1	451	1	451	0.0	919
42P1R1A12_04204	42P1R1A12_04204	100.000	428	0	0	1	428	1	428	0.0	891
42P1R1A12_04204	51P2R2A10_00002	96.721	427	14	0	1	427	1	427	0.0	863
42P1R1A12_04205	42P1R1A12_04205	100.000	657	0	0	1	657	1	657	0.0	1331
42P1R1A12_04206	42P1R1A12_04206	100.000	233	0	0	1	233	1	233	3.73e-170	468
42P1R1A12_04207	42P1R1A12_04207	100.000	206	0	0	1	206	1	206	2.31e-151	418
42P1R1A12_04208	42P1R1A12_04208	100.000	425	0	0	1	425	1	425	0.0	839
42P1R1A12_04208	51P2R2A10_03411	97.882	425	9	0	1	425	1	425	0.0	822
42P1R1A12_04209	42P1R1A12_04209	100.000	505	0	0	1	505	1	505	0.0	1035
42P1R1A12_04209	51P2R2A10_03412	97.822	505	11	0	1	505	1	505	0.0	1014
42P1R1A12_04209	44P3R3A6_05049	96.040	505	20	0	1	505	1	505	0.0	1002
42P1R1A12_04210	42P1R1A12_04210	100.000	345	0	0	1	345	1	345	0.0	696
42P1R1A12_04210	51P2R2A10_03413	97.101	345	10	0	1	345	1	345	0.0	679
42P1R1A12_04211	42P1R1A12_04211	100.000	325	0	0	1	325	1	325	0.0	652
42P1R1A12_04212	42P1R1A12_04212	100.000	282	0	0	1	282	1	282	0.0	549
42P1R1A12_04212	51P2R2A10_03415	96.429	280	10	0	1	280	1	280	0.0	530
42P1R1A12_04213	42P1R1A12_04213	100.000	313	0	0	1	313	1	313	0.0	608
42P1R1A12_04213	44P3R3A6_05045	97.764	313	7	0	1	313	1	313	0.0	595
42P1R1A12_04214	42P1R1A12_04214	100.000	300	0	0	1	300	1	300	0.0	622
42P1R1A12_04214	51P2R2A10_03417	96.333	300	11	0	1	300	1	300	0.0	603
42P1R1A12_04215	42P1R1A12_04215	100.000	251	0	0	1	251	1	251	0.0	523
42P1R1A12_04216	42P1R1A12_04216	100.000	299	0	0	1	299	1	299	0.0	619
42P1R1A12_04217	42P1R1A12_04217	100.000	373	0	0	1	373	1	373	0.0	751
42P1R1A12_04218	42P1R1A12_04218	100.000	152	0	0	1	152	1	152	3.27e-111	312
42P1R1A12_04218	51P2R2A10_03421	97.368	152	4	0	1	152	1	152	4.33e-108	304
42P1R1A12_04219	42P1R1A12_04219	100.000	242	0	0	1	242	1	242	1.11e-175	482
42P1R1A12_04219	51P2R2A10_03422	96.694	242	8	0	1	242	1	242	1.87e-171	471
42P1R1A12_04220	42P1R1A12_04220	100.000	231	0	0	1	231	1	231	4.25e-163	449
42P1R1A12_04221	42P1R1A12_04221	100.000	258	0	0	1	258	1	258	0.0	522
42P1R1A12_04222	42P1R1A12_04222	100.000	254	0	0	1	254	1	254	0.0	518
42P1R1A12_04223	42P1R1A12_04223	100.000	418	0	0	1	418	1	418	0.0	837
42P1R1A12_04223	51P2R2A10_03426	95.215	418	17	1	1	418	1	415	0.0	792
42P1R1A12_04224	42P1R1A12_04224	100.000	1041	0	0	1	1041	1	1041	0.0	2080
42P1R1A12_04225	42P1R1A12_04225	100.000	1026	0	0	1	1026	1	1026	0.0	2068
42P1R1A12_04225	31P2R1A5_00805	95.322	1026	48	0	1	1026	1	1026	0.0	1932
42P1R1A12_04226	42P1R1A12_04226	100.000	472	0	0	1	472	1	472	0.0	936
42P1R1A12_04227	42P1R1A12_04227	100.000	512	0	0	1	512	1	512	0.0	1032
42P1R1A12_04229	42P1R1A12_04229	100.000	454	0	0	1	454	1	454	0.0	954
42P1R1A12_04229	31P2R1A5_00801	95.374	454	21	0	1	454	1	454	0.0	908
42P1R1A12_04230	42P1R1A12_04230	100.000	298	0	0	1	298	1	298	0.0	597
42P1R1A12_04230	51P2R2A10_03433	97.315	298	8	0	1	298	1	298	0.0	586
42P1R1A12_04230	31P2R1A5_00800	95.638	298	13	0	1	298	2	299	0.0	577
42P1R1A12_04231	42P1R1A12_04231	100.000	375	0	0	1	375	1	375	0.0	766
42P1R1A12_04231	51P2R2A10_04534	97.333	375	10	0	1	375	1	375	0.0	749
42P1R1A12_04232	42P1R1A12_04232	100.000	292	0	0	1	292	1	292	0.0	598
42P1R1A12_04232	51P2R2A10_04533	96.918	292	9	0	1	292	1	292	0.0	585
42P1R1A12_04233	42P1R1A12_04233	100.000	260	0	0	1	260	1	260	0.0	530
42P1R1A12_04234	42P1R1A12_04234	100.000	438	0	0	1	438	1	438	0.0	907
42P1R1A12_04234	51P2R2A10_04531	98.858	438	5	0	1	438	11	448	0.0	895
42P1R1A12_04235	42P1R1A12_04235	100.000	456	0	0	1	456	1	456	0.0	919
42P1R1A12_04236	42P1R1A12_04236	100.000	550	0	0	1	550	1	550	0.0	1138
42P1R1A12_04237	42P1R1A12_04237	100.000	484	0	0	1	484	1	484	0.0	981
42P1R1A12_04238	42P1R1A12_04238	100.000	368	0	0	1	368	1	368	0.0	748
42P1R1A12_04239	42P1R1A12_04239	100.000	276	0	0	1	276	1	276	0.0	563
42P1R1A12_04240	42P1R1A12_04240	100.000	304	0	0	1	304	1	304	0.0	615
42P1R1A12_04241	42P1R1A12_04241	100.000	144	0	0	1	144	1	144	5.20e-100	283
42P1R1A12_04242	42P1R1A12_04242	100.000	338	0	0	1	338	1	338	0.0	700
42P1R1A12_04243	42P1R1A12_04243	100.000	344	0	0	1	344	1	344	0.0	693
42P1R1A12_04243	51P2R2A10_04522	96.802	344	11	0	1	344	1	344	0.0	671
42P1R1A12_04244	42P1R1A12_04244	100.000	265	0	0	1	265	1	265	0.0	541
42P1R1A12_04245	42P1R1A12_04245	100.000	108	0	0	1	108	1	108	4.29e-75	217
42P1R1A12_04245	51P2R2A10_04520	97.222	108	3	0	1	108	1	108	2.04e-73	213
42P1R1A12_04246	42P1R1A12_04246	100.000	145	0	0	1	145	1	145	3.31e-105	296
42P1R1A12_04247	42P1R1A12_04247	100.000	248	0	0	1	248	1	248	0.0	505
42P1R1A12_04247	51P2R2A10_04518	95.238	231	11	0	1	231	1	231	3.93e-163	451
42P1R1A12_04248	42P1R1A12_04248	100.000	141	0	0	1	141	1	141	1.80e-104	294
42P1R1A12_04249	42P1R1A12_04249	100.000	433	0	0	1	433	1	433	0.0	896
42P1R1A12_04250	42P1R1A12_04250	100.000	85	0	0	1	85	1	85	2.72e-57	170
42P1R1A12_04251	42P1R1A12_04251	100.000	1034	0	0	1	1034	1	1034	0.0	2131
42P1R1A12_04252	42P1R1A12_04252	100.000	229	0	0	1	229	1	229	1.74e-171	471
42P1R1A12_04253	42P1R1A12_04253	100.000	369	0	0	1	369	1	369	0.0	768
42P1R1A12_04254	42P1R1A12_04254	100.000	632	0	0	1	632	1	632	0.0	1305
42P1R1A12_04255	42P1R1A12_04255	100.000	232	0	0	1	232	1	232	2.60e-170	468
42P1R1A12_04256	42P1R1A12_04256	100.000	1098	0	0	1	1098	1	1098	0.0	2264
42P1R1A12_04257	42P1R1A12_04257	100.000	372	0	0	1	372	1	372	0.0	766
42P1R1A12_04258	42P1R1A12_04258	100.000	1172	0	0	1	1172	1	1172	0.0	2435
42P1R1A12_04259	42P1R1A12_04259	100.000	260	0	0	1	260	1	260	0.0	535
42P1R1A12_04259	14P1R2A4_03826	96.341	82	3	0	1	82	1	82	2.48e-53	167
42P1R1A12_04262	42P1R1A12_04262	100.000	428	0	0	1	428	1	428	0.0	869
42P1R1A12_04262	14P1R2A4_03823	95.794	428	18	0	1	428	1	428	0.0	786
42P1R1A12_04264	42P1R1A12_04264	100.000	290	0	0	1	290	1	290	0.0	589
42P1R1A12_04265	42P1R1A12_04265	100.000	204	0	0	1	204	1	204	2.57e-147	407
42P1R1A12_04265	14P1R2A4_03820	97.059	204	6	0	1	204	1	204	3.51e-143	397
42P1R1A12_04266	42P1R1A12_04266	100.000	142	0	0	1	142	1	142	3.88e-100	283
42P1R1A12_04267	42P1R1A12_04267	100.000	602	0	0	1	602	1	602	0.0	1231
42P1R1A12_04268	42P1R1A12_04268	100.000	78	0	0	1	78	1	78	2.75e-52	157
42P1R1A12_04269	42P1R1A12_04269	100.000	148	0	0	1	148	1	148	1.37e-109	307
42P1R1A12_04269	14P1R2A4_03815	97.297	148	4	0	1	148	1	148	3.74e-107	301
42P1R1A12_04270	42P1R1A12_04270	100.000	128	0	0	1	128	1	128	5.28e-92	261
42P1R1A12_04271	42P1R1A12_04271	100.000	220	0	0	1	220	1	220	3.23e-161	444
42P1R1A12_04272	42P1R1A12_04272	100.000	225	0	0	1	225	1	225	8.34e-166	456
42P1R1A12_04273	42P1R1A12_04273	100.000	173	0	0	1	173	1	173	7.68e-124	345
42P1R1A12_04273	14P1R2A4_03811	95.376	173	8	0	1	173	1	173	1.91e-107	304
42P1R1A12_04274	42P1R1A12_04274	100.000	738	0	0	1	738	1	738	0.0	1506
42P1R1A12_04274	14P1R2A4_03810	95.217	669	32	0	1	669	1	669	0.0	1300
42P1R1A12_04275	42P1R1A12_04275	100.000	153	0	0	1	153	1	153	2.88e-108	305
42P1R1A12_04276	42P1R1A12_04276	100.000	63	0	0	1	63	1	63	5.71e-40	125
42P1R1A12_04277	42P1R1A12_04277	100.000	534	0	0	1	534	1	534	0.0	1093
42P1R1A12_04278	42P1R1A12_04278	100.000	103	0	0	1	103	1	103	2.12e-70	205
42P1R1A12_04279	42P1R1A12_04279	100.000	78	0	0	1	78	1	78	4.70e-47	144
42P1R1A12_04280	42P1R1A12_04280	100.000	106	0	0	1	106	1	106	2.16e-72	210
42P1R1A12_04281	42P1R1A12_04281	100.000	118	0	0	1	118	1	118	1.30e-79	229
42P1R1A12_04282	42P1R1A12_04282	100.000	220	0	0	1	220	1	220	1.70e-165	454
42P1R1A12_04282	14P1R2A4_03912	97.706	218	5	0	1	218	1	218	2.57e-160	441
42P1R1A12_04283	42P1R1A12_04283	100.000	256	0	0	1	256	1	256	0.0	503
42P1R1A12_04284	42P1R1A12_04284	100.000	432	0	0	1	432	1	432	0.0	876
42P1R1A12_04284	14P1R2A4_03910	95.370	432	20	0	1	432	1	432	0.0	839
42P1R1A12_04285	42P1R1A12_04285	100.000	120	0	0	1	120	1	120	1.25e-83	239
42P1R1A12_04286	42P1R1A12_04286	100.000	880	0	0	1	880	1	880	0.0	1810
42P1R1A12_04286	14P1R2A4_03908	95.094	530	26	0	350	879	1	530	0.0	1045
42P1R1A12_04287	42P1R1A12_04287	100.000	332	0	0	1	332	1	332	0.0	676
42P1R1A12_04288	42P1R1A12_04288	100.000	88	0	0	1	88	1	88	1.01e-60	179
42P1R1A12_04289	42P1R1A12_04289	100.000	92	0	0	1	92	1	92	1.09e-62	184
42P1R1A12_04290	42P1R1A12_04290	100.000	174	0	0	1	174	1	174	7.22e-121	338
42P1R1A12_04290	42P1R1A12_03728	95.977	174	7	0	1	174	1	174	2.80e-116	327
42P1R1A12_04291	42P1R1A12_04291	100.000	125	0	0	1	125	1	125	8.41e-89	253
42P1R1A12_04291	42P1R1A12_03727	96.800	125	4	0	1	125	1	125	3.47e-87	249
42P1R1A12_04292	42P1R1A12_04292	100.000	327	0	0	1	327	1	327	0.0	640
42P1R1A12_04292	42P1R1A12_03726	95.719	327	14	0	1	327	1	327	0.0	614
42P1R1A12_04293	42P1R1A12_04293	100.000	339	0	0	1	339	1	339	0.0	701
42P1R1A12_04294	42P1R1A12_04294	100.000	347	0	0	1	347	1	347	0.0	717
42P1R1A12_04295	42P1R1A12_04295	100.000	320	0	0	1	320	1	320	0.0	649
42P1R1A12_04296	42P1R1A12_04296	100.000	335	0	0	1	335	1	335	0.0	685
42P1R1A12_04297	42P1R1A12_04297	100.000	844	0	0	1	844	1	844	0.0	1726
42P1R1A12_04298	42P1R1A12_04298	100.000	227	0	0	1	227	1	227	6.61e-167	459
42P1R1A12_04299	42P1R1A12_04299	100.000	171	0	0	1	171	1	171	1.49e-121	340
42P1R1A12_04300	42P1R1A12_04300	100.000	197	0	0	1	197	1	197	2.60e-146	404
42P1R1A12_04301	42P1R1A12_04301	100.000	311	0	0	1	311	1	311	0.0	642
42P1R1A12_04302	42P1R1A12_04302	100.000	454	0	0	1	454	1	454	0.0	928
42P1R1A12_04302	14P1R2A4_03889	96.476	454	16	0	1	454	1	454	0.0	897
42P1R1A12_04303	42P1R1A12_04303	100.000	501	0	0	1	501	1	501	0.0	1022
42P1R1A12_04303	14P1R2A4_03888	95.400	500	23	0	1	500	1	500	0.0	979
42P1R1A12_04304	42P1R1A12_04304	100.000	67	0	0	1	67	1	67	4.71e-45	138
42P1R1A12_04304	14P1R2A4_03886	97.015	67	2	0	1	67	1	67	1.24e-43	134
42P1R1A12_04305	42P1R1A12_04305	100.000	97	0	0	1	97	1	97	3.69e-68	199
42P1R1A12_04306	42P1R1A12_04306	100.000	302	0	0	1	302	1	302	0.0	628
42P1R1A12_04306	14P1R2A4_03884	97.682	302	7	0	1	302	1	302	0.0	612
42P1R1A12_04308	42P1R1A12_04308	100.000	183	0	0	1	183	1	183	5.30e-131	364
42P1R1A12_04309	42P1R1A12_04309	100.000	532	0	0	1	532	1	532	0.0	1088
42P1R1A12_04309	14P1R2A4_03882	95.825	527	22	0	1	527	1	527	0.0	1038
42P1R1A12_04310	42P1R1A12_04310	100.000	162	0	0	1	162	1	162	7.74e-119	332
42P1R1A12_04311	42P1R1A12_04311	100.000	89	0	0	1	89	1	89	8.40e-62	182
42P1R1A12_04311	14P1R2A4_03880	96.629	89	3	0	1	89	1	89	3.03e-59	176
42P1R1A12_04312	42P1R1A12_04312	100.000	256	0	0	1	256	1	256	0.0	520
42P1R1A12_04313	42P1R1A12_04313	100.000	356	0	0	1	356	1	356	0.0	719
42P1R1A12_04314	42P1R1A12_04314	100.000	587	0	0	1	587	1	587	0.0	1203
42P1R1A12_04315	42P1R1A12_04315	100.000	362	0	0	1	362	1	362	0.0	737
42P1R1A12_04316	42P1R1A12_04316	100.000	166	0	0	1	166	1	166	1.15e-120	337
42P1R1A12_04317	42P1R1A12_04317	100.000	152	0	0	1	152	1	152	1.13e-109	308
42P1R1A12_04318	42P1R1A12_04318	100.000	445	0	0	1	445	1	445	0.0	897
42P1R1A12_04319	42P1R1A12_04319	100.000	560	0	0	1	560	1	560	0.0	1155
42P1R1A12_04320	42P1R1A12_04320	100.000	485	0	0	1	485	1	485	0.0	984
42P1R1A12_04321	42P1R1A12_04321	100.000	56	0	0	1	56	1	56	7.35e-36	114
42P1R1A12_04322	42P1R1A12_04322	100.000	320	0	0	1	320	1	320	0.0	665
42P1R1A12_04322	51P2R2A10_01251	96.562	320	11	0	1	320	1	320	0.0	647
42P1R1A12_04323	42P1R1A12_04323	100.000	178	0	0	1	178	1	178	2.36e-131	365
42P1R1A12_04324	42P1R1A12_04324	100.000	408	0	0	1	408	1	408	0.0	836
42P1R1A12_04324	51P2R2A10_01247	95.074	406	20	0	1	406	1	406	0.0	771
42P1R1A12_04325	42P1R1A12_04325	100.000	241	0	0	1	241	1	241	1.87e-180	494
42P1R1A12_04326	42P1R1A12_04326	100.000	420	0	0	1	420	1	420	0.0	868
42P1R1A12_04326	51P2R2A10_01245	95.476	420	19	0	1	420	1	420	0.0	832
42P1R1A12_04327	42P1R1A12_04327	100.000	240	0	0	1	240	1	240	3.24e-177	486
42P1R1A12_04328	42P1R1A12_04328	100.000	145	0	0	1	145	1	145	8.10e-107	300
42P1R1A12_04329	42P1R1A12_04329	100.000	243	0	0	1	243	1	243	9.38e-180	493
42P1R1A12_04330	42P1R1A12_04330	100.000	116	0	0	1	116	1	116	2.38e-81	233
42P1R1A12_04331	42P1R1A12_04331	100.000	396	0	0	1	396	1	396	0.0	766
42P1R1A12_04332	42P1R1A12_04332	100.000	353	0	0	1	353	1	353	0.0	731
42P1R1A12_04333	42P1R1A12_04333	100.000	295	0	0	1	295	1	295	0.0	600
42P1R1A12_04333	51P2R2A10_01234	97.288	295	8	0	1	295	1	295	0.0	588
