44P3R3A6_04935	44P3R3A6_04935	100.000	501	0	0	1	501	1	501	0.0	1021
44P3R3A6_04936	44P3R3A6_04936	100.000	71	0	0	1	71	1	71	2.90e-47	144
44P3R3A6_04937	44P3R3A6_04937	100.000	701	0	0	1	701	1	701	0.0	1445
44P3R3A6_04938	44P3R3A6_04938	100.000	163	0	0	1	163	1	163	1.97e-116	326
44P3R3A6_04939	44P3R3A6_04939	100.000	140	0	0	1	140	1	140	5.01e-100	283
44P3R3A6_04940	44P3R3A6_04940	100.000	103	0	0	1	103	1	103	2.35e-72	209
44P3R3A6_04941	44P3R3A6_04941	100.000	85	0	0	1	85	1	85	9.83e-54	161
44P3R3A6_04942	44P3R3A6_04942	100.000	177	0	0	1	177	1	177	4.17e-132	367
44P3R3A6_04943	44P3R3A6_04943	100.000	79	0	0	1	79	1	79	4.67e-53	159
44P3R3A6_04944	44P3R3A6_04944	100.000	311	0	0	1	311	1	311	0.0	642
44P3R3A6_04944	40P3R1A10_04555	95.820	311	13	0	1	311	1	311	0.0	601
44P3R3A6_04945	44P3R3A6_04945	100.000	81	0	0	1	81	1	81	8.64e-53	159
44P3R3A6_04946	44P3R3A6_04946	100.000	327	0	0	1	327	1	327	0.0	673
44P3R3A6_04947	44P3R3A6_04947	100.000	270	0	0	1	270	1	270	0.0	565
44P3R3A6_04948	44P3R3A6_04948	100.000	305	0	0	1	305	1	305	0.0	634
44P3R3A6_04949	44P3R3A6_04949	100.000	152	0	0	1	152	1	152	2.16e-110	310
44P3R3A6_04950	44P3R3A6_04950	100.000	71	0	0	1	71	1	71	1.65e-48	147
44P3R3A6_04951	44P3R3A6_04951	100.000	209	0	0	1	209	1	209	1.17e-153	424
44P3R3A6_04952	44P3R3A6_04952	100.000	205	0	0	1	205	1	205	2.44e-150	415
44P3R3A6_04953	44P3R3A6_04953	100.000	375	0	0	1	375	1	375	0.0	741
44P3R3A6_04954	44P3R3A6_04954	100.000	100	0	0	1	100	1	100	8.77e-69	200
44P3R3A6_04955	44P3R3A6_04955	100.000	262	0	0	1	262	1	262	0.0	529
44P3R3A6_04956	44P3R3A6_04956	100.000	64	0	0	1	64	1	64	1.21e-42	132
44P3R3A6_04957	44P3R3A6_04957	100.000	345	0	0	1	345	1	345	0.0	718
44P3R3A6_04988	44P3R3A6_04988	100.000	341	0	0	1	341	1	341	0.0	698
44P3R3A6_04999	44P3R3A6_04999	100.000	115	0	0	1	115	1	115	3.49e-82	235
44P3R3A6_05000	44P3R3A6_05000	100.000	168	0	0	1	168	1	168	3.94e-124	346
44P3R3A6_05001	44P3R3A6_05001	100.000	774	0	0	1	774	1	774	0.0	1603
44P3R3A6_05024	44P3R3A6_05024	100.000	153	0	0	1	153	1	153	8.91e-109	306
44P3R3A6_05024	31P2R1A5_01986	96.078	153	6	0	1	153	1	153	3.07e-104	294
44P3R3A6_05024	54P2R2A3_01885	96.078	153	6	0	1	153	1	153	1.08e-83	242
44P3R3A6_05038	44P3R3A6_05038	100.000	207	0	0	1	207	1	207	2.99e-153	422
44P3R3A6_05039	44P3R3A6_05039	100.000	84	0	0	1	84	1	84	1.17e-57	171
44P3R3A6_05040	44P3R3A6_05040	100.000	109	0	0	1	109	1	109	7.36e-77	221
44P3R3A6_05041	44P3R3A6_05041	100.000	122	0	0	1	122	1	122	2.48e-88	251
44P3R3A6_05042	44P3R3A6_05042	100.000	301	0	0	1	301	1	301	0.0	624
44P3R3A6_05043	44P3R3A6_05043	100.000	251	0	0	1	251	1	251	0.0	522
44P3R3A6_05044	44P3R3A6_05044	100.000	300	0	0	1	300	1	300	0.0	624
44P3R3A6_05045	44P3R3A6_05045	100.000	313	0	0	1	313	1	313	0.0	605
44P3R3A6_05045	42P1R1A12_04213	97.764	313	7	0	1	313	1	313	0.0	595
44P3R3A6_05046	44P3R3A6_05046	100.000	282	0	0	1	282	1	282	0.0	552
44P3R3A6_05047	44P3R3A6_05047	100.000	327	0	0	1	327	1	327	0.0	657
44P3R3A6_05048	44P3R3A6_05048	100.000	339	0	0	1	339	1	339	0.0	689
44P3R3A6_05049	44P3R3A6_05049	100.000	505	0	0	1	505	1	505	0.0	1035
44P3R3A6_05049	42P1R1A12_04209	96.040	505	20	0	1	505	1	505	0.0	1002
44P3R3A6_05049	51P2R2A10_03412	95.842	505	21	0	1	505	1	505	0.0	998
44P3R3A6_05050	44P3R3A6_05050	100.000	62	0	0	1	62	1	62	1.19e-37	119
44P3R3A6_05051	44P3R3A6_05051	100.000	81	0	0	1	81	1	81	9.71e-54	161
44P3R3A6_05052	44P3R3A6_05052	100.000	32	0	0	1	32	1	32	1.72e-14	58.9
44P3R3A6_05053	44P3R3A6_05053	100.000	149	0	0	1	149	1	149	4.95e-109	306
44P3R3A6_05054	44P3R3A6_05054	100.000	261	0	0	1	261	1	261	0.0	544
44P3R3A6_05055	44P3R3A6_05055	100.000	165	0	0	1	165	1	165	7.16e-118	330
44P3R3A6_05056	44P3R3A6_05056	100.000	268	0	0	1	268	1	268	0.0	542
44P3R3A6_05057	44P3R3A6_05057	100.000	704	0	0	1	704	1	704	0.0	1444
44P3R3A6_05058	44P3R3A6_05058	100.000	824	0	0	1	824	1	824	0.0	1671
44P3R3A6_05059	44P3R3A6_05059	100.000	1351	0	0	1	1351	1	1351	0.0	2738
44P3R3A6_05060	44P3R3A6_05060	100.000	91	0	0	1	91	1	91	2.82e-64	188
44P3R3A6_05061	44P3R3A6_05061	100.000	43	0	0	1	43	1	43	9.03e-23	80.5
44P3R3A6_05062	44P3R3A6_05062	100.000	65	0	0	1	65	1	65	4.87e-43	133
44P3R3A6_05063	44P3R3A6_05063	100.000	409	0	0	1	409	1	409	0.0	832
44P3R3A6_05064	44P3R3A6_05064	100.000	208	0	0	1	208	1	208	1.66e-152	421
44P3R3A6_05065	44P3R3A6_05065	100.000	417	0	0	1	417	1	417	0.0	870
44P3R3A6_05066	44P3R3A6_05066	100.000	565	0	0	1	565	1	565	0.0	1164
44P3R3A6_05067	44P3R3A6_05067	100.000	315	0	0	1	315	1	315	0.0	625
44P3R3A6_05068	44P3R3A6_05068	100.000	381	0	0	1	381	1	381	0.0	790
44P3R3A6_05071	44P3R3A6_05071	100.000	444	0	0	1	444	1	444	0.0	907
44P3R3A6_05071	31P2R1A5_05174	96.396	444	16	0	1	444	1	444	0.0	879
44P3R3A6_05071	54P2R2A3_04871	95.045	444	22	0	1	444	1	444	0.0	861
44P3R3A6_05073	44P3R3A6_05073	100.000	146	0	0	1	146	1	146	7.02e-107	300
44P3R3A6_05073	31P2R1A5_05172	95.890	146	6	0	1	146	1	146	2.86e-101	286
44P3R3A6_05100	44P3R3A6_05100	100.000	76	0	0	1	76	1	76	8.69e-53	158
44P3R3A6_05101	44P3R3A6_05101	100.000	338	0	0	1	338	1	338	0.0	692
44P3R3A6_05102	44P3R3A6_05102	100.000	480	0	0	1	480	1	480	0.0	984
44P3R3A6_05103	44P3R3A6_05103	100.000	368	0	0	1	368	1	368	0.0	760
44P3R3A6_05104	44P3R3A6_05104	100.000	360	0	0	1	360	1	360	0.0	749
44P3R3A6_05105	44P3R3A6_05105	100.000	607	0	0	1	607	1	607	0.0	1199
44P3R3A6_05106	44P3R3A6_05106	100.000	431	0	0	1	431	1	431	0.0	892
44P3R3A6_05107	44P3R3A6_05107	100.000	216	0	0	1	216	1	216	2.47e-158	436
44P3R3A6_05108	44P3R3A6_05108	100.000	240	0	0	1	240	1	240	0.0	495
44P3R3A6_05109	44P3R3A6_05109	100.000	110	0	0	1	110	1	110	6.61e-75	217
44P3R3A6_05110	44P3R3A6_05110	100.000	309	0	0	1	309	1	309	0.0	634
44P3R3A6_05111	44P3R3A6_05111	100.000	484	0	0	1	484	1	484	0.0	994
44P3R3A6_05112	44P3R3A6_05112	100.000	317	0	0	1	317	1	317	0.0	644
44P3R3A6_05113	44P3R3A6_05113	100.000	1115	0	0	1	1115	1	1115	0.0	2292
44P3R3A6_05114	44P3R3A6_05114	100.000	804	0	0	1	804	1	804	0.0	1639
44P3R3A6_05115	44P3R3A6_05115	100.000	294	0	0	1	294	1	294	0.0	614
44P3R3A6_05116	44P3R3A6_05116	100.000	254	0	0	1	254	1	254	0.0	530
44P3R3A6_05117	44P3R3A6_05117	100.000	367	0	0	1	367	1	367	0.0	741
44P3R3A6_05118	44P3R3A6_05118	100.000	393	0	0	1	393	1	393	0.0	786
44P3R3A6_05119	44P3R3A6_05119	100.000	342	0	0	1	342	1	342	0.0	703
44P3R3A6_05120	44P3R3A6_05120	100.000	60	0	0	1	60	1	60	5.85e-40	124
44P3R3A6_05122	44P3R3A6_05122	100.000	89	0	0	1	89	1	89	2.24e-60	178
44P3R3A6_05122	31P2R1A5_03848	97.753	89	2	0	1	89	1	89	8.87e-59	174
44P3R3A6_05123	44P3R3A6_05123	100.000	328	0	0	1	328	1	328	0.0	677
44P3R3A6_05124	44P3R3A6_05124	100.000	391	0	0	1	391	1	391	0.0	805
44P3R3A6_05125	44P3R3A6_05125	100.000	150	0	0	1	150	1	150	6.28e-110	308
44P3R3A6_05126	44P3R3A6_05126	100.000	153	0	0	1	153	1	153	1.28e-103	293
44P3R3A6_05127	44P3R3A6_05127	100.000	256	0	0	1	256	1	256	0.0	514
44P3R3A6_05128	44P3R3A6_05128	100.000	140	0	0	1	140	1	140	3.42e-99	280
44P3R3A6_05129	44P3R3A6_05129	100.000	74	0	0	1	74	1	74	3.37e-48	146
44P3R3A6_05130	44P3R3A6_05130	100.000	234	0	0	1	234	1	234	8.99e-176	482
44P3R3A6_05131	44P3R3A6_05131	100.000	77	0	0	1	77	1	77	1.13e-49	150
44P3R3A6_05132	44P3R3A6_05132	100.000	224	0	0	1	224	1	224	1.05e-162	448
44P3R3A6_05134	44P3R3A6_05134	100.000	144	0	0	1	144	1	144	5.61e-105	295
44P3R3A6_05134	38P2R3A13_07054	97.222	144	4	0	1	144	1	144	1.47e-102	289
44P3R3A6_05135	44P3R3A6_05135	100.000	424	0	0	1	424	1	424	0.0	886
44P3R3A6_05135	54P2R2A3_04993	97.406	424	11	0	1	424	1	424	0.0	863
44P3R3A6_05136	44P3R3A6_05136	100.000	325	0	0	1	325	1	325	0.0	652
44P3R3A6_05137	44P3R3A6_05137	100.000	402	0	0	1	402	1	402	0.0	830
44P3R3A6_05139	44P3R3A6_05139	100.000	32	0	0	1	32	1	32	1.82e-16	63.5
44P3R3A6_05140	44P3R3A6_05140	100.000	86	0	0	1	86	1	86	5.01e-60	177
44P3R3A6_05141	44P3R3A6_05141	100.000	260	0	0	1	260	1	260	0.0	529
44P3R3A6_05141	54P2R2A3_04987	95.257	253	9	1	8	260	10	259	3.44e-177	488
44P3R3A6_05141	1P1R1A1_04667	95.349	43	2	0	203	245	1	43	5.62e-22	86.7
44P3R3A6_05142	44P3R3A6_05142	100.000	335	0	0	1	335	1	335	0.0	685
44P3R3A6_05143	44P3R3A6_05143	100.000	68	0	0	1	68	1	68	3.31e-46	141
44P3R3A6_05144	44P3R3A6_05144	100.000	185	0	0	1	185	1	185	2.21e-139	385
44P3R3A6_05145	44P3R3A6_05145	100.000	138	0	0	1	138	1	138	2.42e-102	288
44P3R3A6_05146	44P3R3A6_05146	100.000	117	0	0	1	117	1	117	6.88e-85	243
44P3R3A6_05147	44P3R3A6_05147	100.000	101	0	0	1	101	1	101	1.92e-73	212
44P3R3A6_05148	44P3R3A6_05148	100.000	1070	0	0	1	1070	1	1070	0.0	2203
44P3R3A6_05149	44P3R3A6_05149	100.000	68	0	0	1	68	1	68	2.18e-44	136
44P3R3A6_05150	44P3R3A6_05150	100.000	95	0	0	1	95	1	95	2.32e-65	191
44P3R3A6_05151	44P3R3A6_05151	100.000	340	0	0	1	340	1	340	0.0	704
44P3R3A6_05152	44P3R3A6_05152	100.000	83	0	0	1	83	1	83	1.31e-58	173
44P3R3A6_05153	44P3R3A6_05153	100.000	407	0	0	1	407	1	407	0.0	807
44P3R3A6_05154	44P3R3A6_05154	100.000	164	0	0	1	164	1	164	1.52e-120	336
44P3R3A6_05155	44P3R3A6_05155	100.000	68	0	0	1	68	1	68	1.09e-46	142
44P3R3A6_05155	54P2R2A3_04767	95.588	68	3	0	1	68	1	68	8.74e-45	137
44P3R3A6_05156	44P3R3A6_05156	100.000	77	0	0	1	77	1	77	4.29e-52	156
44P3R3A6_05157	44P3R3A6_05157	100.000	85	0	0	1	85	1	85	1.21e-59	176
44P3R3A6_05158	44P3R3A6_05158	100.000	78	0	0	1	78	1	78	5.56e-52	156
44P3R3A6_05159	44P3R3A6_05159	100.000	342	0	0	1	342	1	342	0.0	686
44P3R3A6_05160	44P3R3A6_05160	100.000	86	0	0	1	86	1	86	1.61e-58	173
44P3R3A6_05161	44P3R3A6_05161	100.000	77	0	0	1	77	1	77	1.12e-52	158
44P3R3A6_05162	44P3R3A6_05162	100.000	182	0	0	1	182	1	182	4.87e-129	359
44P3R3A6_05163	44P3R3A6_05163	100.000	234	0	0	1	234	1	234	1.07e-173	476
44P3R3A6_05164	44P3R3A6_05164	100.000	854	0	0	1	854	1	854	0.0	1757
44P3R3A6_05165	44P3R3A6_05165	100.000	386	0	0	1	386	1	386	0.0	788
44P3R3A6_05176	44P3R3A6_05176	100.000	131	0	0	1	131	1	131	1.61e-96	273
44P3R3A6_05176	31P2R1A5_00878	98.990	99	1	0	1	99	1	99	1.41e-69	206
44P3R3A6_05176	54P2R2A3_02459	95.960	99	4	0	1	99	1	99	2.79e-67	200
44P3R3A6_05192	44P3R3A6_05192	100.000	192	0	0	1	192	1	192	6.57e-130	362
44P3R3A6_05192	31P2R1A5_00894	97.396	192	5	0	1	192	1	192	9.58e-127	354
44P3R3A6_05196	44P3R3A6_05196	100.000	181	0	0	1	181	1	181	2.00e-131	365
44P3R3A6_05196	44P3R3A6_05426	96.133	181	7	0	1	181	1	181	6.57e-128	356
44P3R3A6_05197	44P3R3A6_05197	100.000	78	0	0	1	78	1	78	1.86e-54	162
44P3R3A6_05198	44P3R3A6_05198	100.000	256	0	0	1	256	1	256	0.0	519
44P3R3A6_05199	44P3R3A6_05199	100.000	256	0	0	1	256	1	256	0.0	525
44P3R3A6_05200	44P3R3A6_05200	100.000	319	0	0	1	319	1	319	0.0	608
44P3R3A6_05201	44P3R3A6_05201	100.000	333	0	0	1	333	1	333	0.0	636
44P3R3A6_05202	44P3R3A6_05202	100.000	301	0	0	1	301	1	301	0.0	608
44P3R3A6_05203	44P3R3A6_05203	100.000	775	0	0	1	775	1	775	0.0	1596
44P3R3A6_05203	11P3R3A1_03444	96.000	775	31	0	1	775	1	775	0.0	1542
44P3R3A6_05203	42P1R1A12_05401	96.748	615	18	1	1	615	1	613	0.0	1233
44P3R3A6_05204	44P3R3A6_05204	100.000	318	0	0	1	318	1	318	0.0	644
44P3R3A6_05205	44P3R3A6_05205	100.000	174	0	0	1	174	1	174	8.80e-127	353
44P3R3A6_05206	44P3R3A6_05206	100.000	206	0	0	1	206	1	206	9.77e-148	409
44P3R3A6_05207	44P3R3A6_05207	100.000	168	0	0	1	168	1	168	4.15e-126	351
44P3R3A6_05208	44P3R3A6_05208	100.000	97	0	0	1	97	1	97	1.88e-69	202
44P3R3A6_05209	44P3R3A6_05209	100.000	144	0	0	1	144	1	144	6.49e-99	280
44P3R3A6_05210	44P3R3A6_05210	100.000	545	0	0	1	545	1	545	0.0	1110
44P3R3A6_05211	44P3R3A6_05211	100.000	832	0	0	1	832	1	832	0.0	1705
44P3R3A6_05212	44P3R3A6_05212	100.000	337	0	0	1	337	1	337	0.0	688
44P3R3A6_05213	44P3R3A6_05213	100.000	185	0	0	1	185	1	185	2.99e-137	380
44P3R3A6_05214	44P3R3A6_05214	100.000	454	0	0	1	454	1	454	0.0	911
44P3R3A6_05215	44P3R3A6_05215	100.000	308	0	0	1	308	1	308	0.0	638
44P3R3A6_05215	24P1R3A1_09009	95.455	308	14	0	1	308	1	308	0.0	607
44P3R3A6_05216	44P3R3A6_05216	100.000	719	0	0	1	719	1	719	0.0	1481
44P3R3A6_05217	44P3R3A6_05217	100.000	439	0	0	1	439	1	439	0.0	901
44P3R3A6_05217	14P1R2A4_04430	96.128	439	17	0	1	439	1	439	0.0	868
44P3R3A6_05218	44P3R3A6_05218	100.000	732	0	0	1	732	1	732	0.0	1521
44P3R3A6_05219	44P3R3A6_05219	100.000	89	0	0	1	89	1	89	1.19e-60	179
44P3R3A6_05220	44P3R3A6_05220	100.000	162	0	0	1	162	1	162	1.72e-120	336
44P3R3A6_05221	44P3R3A6_05221	100.000	162	0	0	1	162	1	162	1.20e-118	332
44P3R3A6_05222	44P3R3A6_05222	100.000	91	0	0	1	91	1	91	1.48e-64	189
44P3R3A6_05223	44P3R3A6_05223	100.000	117	0	0	1	117	1	117	2.58e-83	238
44P3R3A6_05224	44P3R3A6_05224	100.000	1196	0	0	1	1196	1	1196	0.0	2484
44P3R3A6_05225	44P3R3A6_05225	100.000	205	0	0	1	205	1	205	3.89e-153	422
44P3R3A6_05226	44P3R3A6_05226	100.000	388	0	0	1	388	1	388	0.0	795
44P3R3A6_05227	44P3R3A6_05227	100.000	516	0	0	1	516	1	516	0.0	1033
44P3R3A6_05228	44P3R3A6_05228	100.000	181	0	0	1	181	1	181	7.25e-134	371
44P3R3A6_05229	44P3R3A6_05229	100.000	107	0	0	1	107	1	107	5.10e-77	222
44P3R3A6_05230	44P3R3A6_05230	100.000	482	0	0	1	482	1	482	0.0	958
44P3R3A6_05231	44P3R3A6_05231	100.000	425	0	0	1	425	1	425	0.0	894
44P3R3A6_05232	44P3R3A6_05232	100.000	104	0	0	1	104	1	104	1.29e-71	208
44P3R3A6_05233	44P3R3A6_05233	100.000	95	0	0	1	95	1	95	2.20e-68	199
44P3R3A6_05234	44P3R3A6_05234	100.000	318	0	0	1	318	1	318	0.0	649
44P3R3A6_05235	44P3R3A6_05235	100.000	259	0	0	1	259	1	259	0.0	530
44P3R3A6_05236	44P3R3A6_05236	100.000	260	0	0	1	260	1	260	0.0	538
44P3R3A6_05237	44P3R3A6_05237	100.000	105	0	0	1	105	1	105	9.24e-78	223
44P3R3A6_05238	44P3R3A6_05238	100.000	255	0	0	1	255	1	255	0.0	521
44P3R3A6_05239	44P3R3A6_05239	100.000	94	0	0	1	94	1	94	1.57e-58	174
44P3R3A6_05240	44P3R3A6_05240	100.000	425	0	0	1	425	1	425	0.0	869
44P3R3A6_05241	44P3R3A6_05241	100.000	706	0	0	1	706	1	706	0.0	1448
44P3R3A6_05242	44P3R3A6_05242	100.000	362	0	0	1	362	1	362	0.0	731
44P3R3A6_05243	44P3R3A6_05243	100.000	51	0	0	1	51	1	51	3.06e-32	104
44P3R3A6_05248	44P3R3A6_05248	100.000	139	0	0	1	139	1	139	1.88e-102	288
44P3R3A6_05248	31P2R1A5_04483	95.683	139	6	0	1	139	1	139	7.49e-98	277
44P3R3A6_05259	44P3R3A6_05259	100.000	181	0	0	1	181	1	181	4.05e-134	372
44P3R3A6_05259	31P2R1A5_04472	99.438	178	1	0	1	178	1	178	3.38e-131	365
44P3R3A6_05259	54P2R2A3_04701	98.876	178	2	0	1	178	1	178	1.30e-130	364
44P3R3A6_05260	44P3R3A6_05260	100.000	121	0	0	1	121	1	121	2.82e-86	246
44P3R3A6_05261	44P3R3A6_05261	100.000	101	0	0	1	101	1	101	3.21e-70	204
44P3R3A6_05309	44P3R3A6_05309	100.000	162	0	0	1	162	1	162	3.63e-113	318
44P3R3A6_05313	44P3R3A6_05313	100.000	386	0	0	1	386	1	386	0.0	770
44P3R3A6_05315	44P3R3A6_05315	100.000	175	0	0	1	175	1	175	2.49e-126	352
44P3R3A6_05316	44P3R3A6_05316	100.000	948	0	0	1	948	1	948	0.0	1961
44P3R3A6_05316	31P2R1A5_03963	96.730	948	31	0	1	948	1	948	0.0	1903
44P3R3A6_05317	44P3R3A6_05317	100.000	457	0	0	1	457	1	457	0.0	941
44P3R3A6_05317	31P2R1A5_03962	96.896	451	14	0	5	455	12	462	0.0	903
44P3R3A6_05318	44P3R3A6_05318	100.000	139	0	0	1	139	1	139	1.85e-99	281
44P3R3A6_05319	44P3R3A6_05319	100.000	191	0	0	1	191	1	191	1.01e-141	392
44P3R3A6_05319	31P2R1A5_03960	95.676	185	8	0	1	185	1	185	7.39e-132	367
44P3R3A6_05319	54P2R2A3_04947	95.676	185	8	0	1	185	1	185	1.70e-122	343
44P3R3A6_05320	44P3R3A6_05320	100.000	80	0	0	1	80	1	80	8.94e-54	161
44P3R3A6_05320	31P2R1A5_03959	97.500	80	2	0	1	80	1	80	1.13e-51	155
44P3R3A6_05322	44P3R3A6_05322	100.000	109	0	0	1	109	1	109	1.74e-78	226
44P3R3A6_05322	31P2R1A5_03956	97.248	109	3	0	1	109	1	109	3.65e-76	220
44P3R3A6_05323	44P3R3A6_05323	100.000	76	0	0	1	76	1	76	8.66e-51	153
44P3R3A6_05324	44P3R3A6_05324	100.000	94	0	0	1	94	1	94	5.28e-63	185
44P3R3A6_05324	31P2R1A5_03954	97.872	94	2	0	1	94	1	94	1.46e-61	182
44P3R3A6_05325	44P3R3A6_05325	100.000	652	0	0	1	652	1	652	0.0	1346
44P3R3A6_05325	31P2R1A5_03953	97.086	652	19	0	1	652	1	652	0.0	1313
44P3R3A6_05325	54P2R2A3_04941	96.319	652	24	0	1	652	1	652	0.0	1307
44P3R3A6_05326	44P3R3A6_05326	100.000	213	0	0	1	213	1	213	4.91e-159	437
44P3R3A6_05326	54P2R2A3_04940	96.482	199	7	0	15	213	15	213	5.08e-143	397
44P3R3A6_05327	44P3R3A6_05327	100.000	330	0	0	1	330	1	330	0.0	686
44P3R3A6_05327	31P2R1A5_03946	95.385	325	15	0	6	330	7	331	0.0	625
44P3R3A6_05328	44P3R3A6_05328	100.000	130	0	0	1	130	1	130	2.28e-92	262
44P3R3A6_05329	44P3R3A6_05329	100.000	209	0	0	1	209	1	209	4.84e-154	425
44P3R3A6_05329	31P2R1A5_03944	97.573	206	5	0	1	206	1	206	1.67e-148	411
44P3R3A6_05330	44P3R3A6_05330	100.000	130	0	0	1	130	1	130	6.98e-93	264
44P3R3A6_05330	54P2R2A3_04936	97.674	129	3	0	1	129	1	129	8.77e-90	256
44P3R3A6_05331	44P3R3A6_05331	100.000	880	0	0	1	880	1	880	0.0	1838
44P3R3A6_05332	44P3R3A6_05332	100.000	131	0	0	1	131	1	131	6.43e-90	256
44P3R3A6_05333	44P3R3A6_05333	100.000	97	0	0	1	97	1	97	5.01e-69	201
44P3R3A6_05334	44P3R3A6_05334	100.000	135	0	0	1	135	1	135	1.64e-98	278
44P3R3A6_05335	44P3R3A6_05335	100.000	104	0	0	1	104	1	104	1.29e-69	203
44P3R3A6_05335	54P2R2A3_04932	96.154	104	4	0	1	104	1	104	6.34e-66	194
44P3R3A6_05336	44P3R3A6_05336	100.000	73	0	0	1	73	1	73	8.05e-49	148
44P3R3A6_05336	54P2R2A3_04931	95.890	73	3	0	1	73	1	73	2.68e-47	144
44P3R3A6_05337	44P3R3A6_05337	100.000	97	0	0	1	97	1	97	3.08e-70	204
44P3R3A6_05338	44P3R3A6_05338	100.000	190	0	0	1	190	1	190	1.01e-138	384
44P3R3A6_05338	31P2R1A5_03934	97.849	186	4	0	5	190	1	186	7.73e-133	369
44P3R3A6_05339	44P3R3A6_05339	100.000	142	0	0	1	142	1	142	2.74e-103	291
44P3R3A6_05339	31P2R1A5_03933	96.377	138	5	0	1	138	1	138	4.81e-97	276
44P3R3A6_05361	44P3R3A6_05361	100.000	186	0	0	1	186	1	186	2.04e-136	378
44P3R3A6_05362	44P3R3A6_05362	100.000	83	0	0	1	83	1	83	6.64e-59	174
44P3R3A6_05362	31P2R1A5_03906	96.386	83	3	0	1	83	1	83	2.23e-57	170
44P3R3A6_05363	44P3R3A6_05363	100.000	566	0	0	1	566	1	566	0.0	1146
44P3R3A6_05364	44P3R3A6_05364	100.000	144	0	0	1	144	1	144	1.44e-106	299
44P3R3A6_05365	44P3R3A6_05365	100.000	243	0	0	1	243	1	243	2.26e-178	489
44P3R3A6_05366	44P3R3A6_05366	100.000	99	0	0	1	99	1	99	3.23e-70	204
44P3R3A6_05367	44P3R3A6_05367	100.000	146	0	0	1	146	1	146	2.66e-108	304
44P3R3A6_05368	44P3R3A6_05368	100.000	406	0	0	1	406	1	406	0.0	787
44P3R3A6_05369	44P3R3A6_05369	100.000	785	0	0	1	785	1	785	0.0	1593
44P3R3A6_05370	44P3R3A6_05370	100.000	327	0	0	1	327	1	327	0.0	665
44P3R3A6_05371	44P3R3A6_05371	100.000	172	0	0	1	172	1	172	1.90e-126	352
44P3R3A6_05372	44P3R3A6_05372	100.000	212	0	0	1	212	1	212	7.37e-159	437
44P3R3A6_05373	44P3R3A6_05373	100.000	76	0	0	1	76	1	76	2.01e-51	155
44P3R3A6_05374	44P3R3A6_05374	100.000	78	0	0	1	78	1	78	1.72e-52	157
44P3R3A6_05375	44P3R3A6_05375	100.000	292	0	0	1	292	1	292	0.0	603
44P3R3A6_05376	44P3R3A6_05376	100.000	113	0	0	1	113	1	113	4.41e-79	228
44P3R3A6_05377	44P3R3A6_05377	100.000	116	0	0	1	116	1	116	1.35e-86	247
44P3R3A6_05378	44P3R3A6_05378	100.000	77	0	0	1	77	1	77	5.41e-52	156
44P3R3A6_05379	44P3R3A6_05379	100.000	278	0	0	1	278	1	278	0.0	571
44P3R3A6_05380	44P3R3A6_05380	100.000	181	0	0	1	181	1	181	8.22e-137	379
44P3R3A6_05381	44P3R3A6_05381	100.000	133	0	0	1	133	1	133	7.26e-97	274
44P3R3A6_05382	44P3R3A6_05382	100.000	131	0	0	1	131	1	131	3.76e-94	267
44P3R3A6_05383	44P3R3A6_05383	100.000	77	0	0	1	77	1	77	1.74e-50	152
44P3R3A6_05388	44P3R3A6_05388	100.000	115	0	0	1	115	1	115	9.69e-82	234
44P3R3A6_05389	44P3R3A6_05389	100.000	421	0	0	1	421	1	421	0.0	861
44P3R3A6_05389	31P2R1A5_05283	97.387	421	11	0	1	421	1	421	0.0	837
44P3R3A6_05389	54P2R2A3_05002	96.912	421	13	0	1	421	1	421	0.0	836
44P3R3A6_05401	44P3R3A6_05401	100.000	184	0	0	1	184	1	184	6.52e-137	379
44P3R3A6_05412	44P3R3A6_05412	100.000	267	0	0	1	267	1	267	0.0	528
44P3R3A6_05412	31P2R1A5_00858	97.753	267	6	0	1	267	1	267	0.0	519
44P3R3A6_05418	44P3R3A6_05418	100.000	268	0	0	1	268	1	268	0.0	542
44P3R3A6_05419	44P3R3A6_05419	100.000	704	0	0	1	704	1	704	0.0	1442
44P3R3A6_05420	44P3R3A6_05420	100.000	764	0	0	1	764	1	764	0.0	1545
44P3R3A6_05421	44P3R3A6_05421	100.000	1351	0	0	1	1351	1	1351	0.0	2732
44P3R3A6_05422	44P3R3A6_05422	100.000	158	0	0	1	158	1	158	1.07e-116	326
44P3R3A6_05423	44P3R3A6_05423	100.000	332	0	0	1	332	1	332	0.0	676
44P3R3A6_05424	44P3R3A6_05424	100.000	56	0	0	1	56	1	56	3.80e-36	115
44P3R3A6_05425	44P3R3A6_05425	100.000	47	0	0	1	47	1	47	4.79e-28	94.0
44P3R3A6_05426	44P3R3A6_05426	100.000	181	0	0	1	181	1	181	1.02e-131	366
44P3R3A6_05426	44P3R3A6_05196	96.133	181	7	0	1	181	1	181	6.57e-128	356
44P3R3A6_05426	54P2R2A3_05064	96.133	181	7	0	1	181	1	181	1.99e-127	355
44P3R3A6_05427	44P3R3A6_05427	100.000	83	0	0	1	83	1	83	4.09e-59	175
44P3R3A6_05428	44P3R3A6_05428	100.000	667	0	0	1	667	1	667	0.0	1365
44P3R3A6_05428	31P2R1A5_03907	95.202	667	32	0	1	667	1	667	0.0	1278
44P3R3A6_05429	44P3R3A6_05429	100.000	144	0	0	1	144	1	144	3.13e-106	298
44P3R3A6_05429	31P2R1A5_03908	96.528	144	5	0	1	144	1	144	2.15e-102	289
44P3R3A6_05430	44P3R3A6_05430	100.000	211	0	0	1	211	1	211	9.12e-156	429
44P3R3A6_05430	31P2R1A5_03909	95.745	188	6	1	1	186	1	188	5.82e-129	363
44P3R3A6_05431	44P3R3A6_05431	100.000	107	0	0	1	107	1	107	7.53e-75	216
44P3R3A6_05432	44P3R3A6_05432	100.000	53	0	0	1	53	1	53	8.47e-33	106
44P3R3A6_05433	44P3R3A6_05433	100.000	127	0	0	1	127	1	127	3.46e-91	259
44P3R3A6_05434	44P3R3A6_05434	100.000	116	0	0	1	116	1	116	7.10e-86	245
44P3R3A6_05435	44P3R3A6_05435	100.000	77	0	0	1	77	1	77	2.83e-52	157
44P3R3A6_05436	44P3R3A6_05436	100.000	278	0	0	1	278	1	278	0.0	573
44P3R3A6_05437	44P3R3A6_05437	100.000	336	0	0	1	336	1	336	0.0	694
44P3R3A6_05438	44P3R3A6_05438	100.000	110	0	0	1	110	1	110	4.57e-81	232
44P3R3A6_05440	44P3R3A6_05440	100.000	136	0	0	1	136	1	136	1.48e-98	278
44P3R3A6_05440	31P2R1A5_03924	98.529	136	2	0	1	136	25	160	3.97e-97	276
44P3R3A6_05441	44P3R3A6_05441	100.000	131	0	0	1	131	1	131	6.65e-94	266
44P3R3A6_05442	44P3R3A6_05442	100.000	232	0	0	1	232	1	232	8.54e-173	474
44P3R3A6_05443	44P3R3A6_05443	100.000	266	0	0	1	266	1	266	0.0	553
44P3R3A6_05444	44P3R3A6_05444	100.000	124	0	0	1	124	1	124	1.42e-90	257
44P3R3A6_05445	44P3R3A6_05445	100.000	304	0	0	1	304	1	304	0.0	614
44P3R3A6_05446	44P3R3A6_05446	100.000	377	0	0	1	377	1	377	0.0	756
44P3R3A6_05447	44P3R3A6_05447	100.000	559	0	0	1	559	1	559	0.0	1123
44P3R3A6_05449	44P3R3A6_05449	100.000	84	0	0	1	84	1	84	7.24e-58	172
44P3R3A6_05450	44P3R3A6_05450	100.000	187	0	0	1	187	1	187	5.21e-139	385
44P3R3A6_05451	44P3R3A6_05451	100.000	60	0	0	1	60	1	60	2.44e-37	118
44P3R3A6_05451	28P2R1A12_04689	96.552	58	2	0	1	58	26	83	1.16e-34	112
44P3R3A6_05451	20P1R1A7_04602	96.552	58	2	0	1	58	35	92	1.35e-34	112
44P3R3A6_05452	44P3R3A6_05452	100.000	271	0	0	1	271	1	271	0.0	563
44P3R3A6_05453	44P3R3A6_05453	100.000	339	0	0	1	339	1	339	0.0	702
44P3R3A6_05454	44P3R3A6_05454	100.000	199	0	0	1	199	1	199	3.08e-143	397
44P3R3A6_05454	31P2R1A5_03970	95.477	199	9	0	1	199	1	199	1.03e-116	330
44P3R3A6_05455	44P3R3A6_05455	100.000	242	0	0	1	242	1	242	2.17e-176	484
44P3R3A6_05455	31P2R1A5_03969	95.868	242	10	0	1	242	1	242	1.78e-168	464
44P3R3A6_05456	44P3R3A6_05456	100.000	96	0	0	1	96	1	96	1.30e-62	184
44P3R3A6_05456	44P3R3A6_05498	97.917	96	2	0	1	96	1	96	1.76e-61	182
44P3R3A6_05456	54P2R2A3_05029	98.958	96	1	0	1	96	1659	1754	3.44e-56	186
44P3R3A6_05456	31P2R1A5_03968	97.917	96	2	0	1	96	1659	1754	1.33e-55	184
44P3R3A6_05457	44P3R3A6_05457	100.000	318	0	0	1	318	1	318	0.0	645
44P3R3A6_05458	44P3R3A6_05458	100.000	424	0	0	1	424	1	424	0.0	871
44P3R3A6_05459	44P3R3A6_05459	100.000	441	0	0	1	441	1	441	0.0	903
44P3R3A6_05460	44P3R3A6_05460	100.000	300	0	0	1	300	1	300	0.0	610
44P3R3A6_05461	44P3R3A6_05461	100.000	305	0	0	1	305	1	305	0.0	636
44P3R3A6_05462	44P3R3A6_05462	100.000	449	0	0	1	449	1	449	0.0	875
44P3R3A6_05463	44P3R3A6_05463	100.000	513	0	0	1	513	1	513	0.0	1051
44P3R3A6_05464	44P3R3A6_05464	100.000	116	0	0	1	116	1	116	8.41e-81	232
44P3R3A6_05464	16_1P2R1A8-1_04812	97.414	116	3	0	1	116	1	116	4.01e-79	228
44P3R3A6_05464	16_1P2R1A8-1_01450	97.414	116	3	0	1	116	1	116	7.41e-79	227
44P3R3A6_05464	28P2R1A12_04818	97.414	116	3	0	1	116	1	116	3.80e-78	225
44P3R3A6_05464	30P2R3A4_02559	98.246	114	2	0	3	116	9	122	5.70e-78	225
44P3R3A6_05464	42P1R1A12_05396	97.590	83	2	0	34	116	2	84	1.44e-53	162
44P3R3A6_05464	30P2R3A4_04048	100.000	78	0	0	39	116	1	78	2.84e-51	156
44P3R3A6_05464	30P2R3A4_04049	100.000	30	0	0	1	30	1	30	5.97e-15	63.5
44P3R3A6_05465	44P3R3A6_05465	100.000	135	0	0	1	135	1	135	1.74e-96	273
44P3R3A6_05466	44P3R3A6_05466	100.000	187	0	0	1	187	1	187	2.12e-138	383
44P3R3A6_05467	44P3R3A6_05467	100.000	69	0	0	1	69	1	69	8.51e-47	142
44P3R3A6_05467	42P1R1A12_05422	95.652	23	1	0	1	23	1	23	5.52e-09	48.9
44P3R3A6_05469	44P3R3A6_05469	100.000	336	0	0	1	336	1	336	0.0	662
44P3R3A6_05473	44P3R3A6_05473	100.000	290	0	0	1	290	1	290	0.0	595
44P3R3A6_05473	33P3R2A2_04369	97.931	290	6	0	1	290	1	290	0.0	585
44P3R3A6_05474	44P3R3A6_05474	100.000	369	0	0	1	369	1	369	0.0	765
44P3R3A6_05474	33P3R2A2_04370	98.592	355	5	0	15	369	1	355	0.0	724
44P3R3A6_05475	44P3R3A6_05475	100.000	242	0	0	1	242	1	242	3.61e-179	491
44P3R3A6_05476	44P3R3A6_05476	100.000	2093	0	0	1	2093	1	2093	0.0	4317
44P3R3A6_05477	44P3R3A6_05477	100.000	421	0	0	1	421	1	421	0.0	870
44P3R3A6_05478	44P3R3A6_05478	100.000	77	0	0	1	77	1	77	1.02e-49	150
44P3R3A6_05478	42P1R1A12_05814	97.403	77	2	0	1	77	1	77	8.77e-49	148
44P3R3A6_05480	44P3R3A6_05480	100.000	239	0	0	1	239	1	239	5.46e-180	493
44P3R3A6_05480	31P2R1A5_03884	98.319	238	4	0	1	238	1	238	5.44e-174	480
44P3R3A6_05480	42P1R1A12_05812	98.739	238	3	0	1	238	1	238	4.29e-173	483
44P3R3A6_05481	44P3R3A6_05481	100.000	161	0	0	1	161	1	161	1.00e-121	339
44P3R3A6_05481	42P1R1A12_05812	98.758	161	2	0	1	161	264	424	2.47e-117	338
44P3R3A6_05481	31P2R1A5_03883	98.291	117	2	0	45	161	1	117	2.18e-83	241
44P3R3A6_05482	44P3R3A6_05482	100.000	51	0	0	1	51	1	51	6.14e-31	101
44P3R3A6_05483	44P3R3A6_05483	100.000	85	0	0	1	85	1	85	9.07e-61	179
44P3R3A6_05483	31P2R1A5_03881	97.647	85	2	0	1	85	1	85	1.89e-58	173
44P3R3A6_05484	44P3R3A6_05484	100.000	212	0	0	1	212	1	212	5.97e-154	425
44P3R3A6_05489	44P3R3A6_05489	100.000	528	0	0	1	528	1	528	0.0	1090
44P3R3A6_05489	44P3R3A6_05585	95.294	255	12	0	274	528	1	255	7.79e-179	503
44P3R3A6_05490	44P3R3A6_05490	100.000	227	0	0	1	227	1	227	1.90e-165	455
44P3R3A6_05491	44P3R3A6_05491	100.000	173	0	0	1	173	1	173	8.28e-130	360
44P3R3A6_05493	44P3R3A6_05493	100.000	87	0	0	1	87	1	87	5.77e-59	174
44P3R3A6_05494	44P3R3A6_05494	100.000	179	0	0	1	179	1	179	1.04e-131	366
44P3R3A6_05495	44P3R3A6_05495	100.000	263	0	0	1	263	1	263	0.0	545
44P3R3A6_05496	44P3R3A6_05496	100.000	195	0	0	1	195	1	195	1.62e-141	392
44P3R3A6_05497	44P3R3A6_05497	100.000	241	0	0	1	241	1	241	1.66e-177	487
44P3R3A6_05498	44P3R3A6_05498	100.000	96	0	0	1	96	1	96	1.05e-62	185
44P3R3A6_05498	44P3R3A6_05456	97.917	96	2	0	1	96	1	96	1.76e-61	182
44P3R3A6_05498	54P2R2A3_05029	96.875	96	3	0	1	96	1659	1754	4.72e-55	182
44P3R3A6_05498	31P2R1A5_03968	95.833	96	4	0	1	96	1659	1754	1.75e-54	181
44P3R3A6_05499	44P3R3A6_05499	100.000	154	0	0	1	154	1	154	1.89e-110	310
44P3R3A6_05500	44P3R3A6_05500	100.000	108	0	0	1	108	1	108	8.31e-74	214
44P3R3A6_05501	44P3R3A6_05501	100.000	369	0	0	1	369	1	369	0.0	716
44P3R3A6_05502	44P3R3A6_05502	100.000	878	0	0	1	878	1	878	0.0	1828
44P3R3A6_05503	44P3R3A6_05503	100.000	637	0	0	1	637	1	637	0.0	1325
44P3R3A6_05504	44P3R3A6_05504	100.000	393	0	0	1	393	1	393	0.0	805
44P3R3A6_05505	44P3R3A6_05505	100.000	308	0	0	1	308	1	308	0.0	626
44P3R3A6_05506	44P3R3A6_05506	100.000	125	0	0	1	125	1	125	2.24e-91	259
44P3R3A6_05507	44P3R3A6_05507	100.000	426	0	0	1	426	1	426	0.0	875
44P3R3A6_05508	44P3R3A6_05508	100.000	246	0	0	1	246	1	246	0.0	501
44P3R3A6_05509	44P3R3A6_05509	100.000	215	0	0	1	215	1	215	4.70e-152	420
44P3R3A6_05510	44P3R3A6_05510	100.000	246	0	0	1	246	1	246	3.30e-175	481
44P3R3A6_05511	44P3R3A6_05511	100.000	279	0	0	1	279	1	279	0.0	574
44P3R3A6_05512	44P3R3A6_05512	100.000	131	0	0	1	131	1	131	4.97e-96	272
44P3R3A6_05513	44P3R3A6_05513	100.000	251	0	0	1	251	1	251	0.0	519
44P3R3A6_05514	44P3R3A6_05514	100.000	107	0	0	1	107	1	107	1.58e-75	218
44P3R3A6_05515	44P3R3A6_05515	100.000	206	0	0	1	206	1	206	2.72e-151	417
44P3R3A6_05516	44P3R3A6_05516	100.000	293	0	0	1	293	1	293	0.0	598
44P3R3A6_05517	44P3R3A6_05517	100.000	230	0	0	1	230	1	230	4.37e-173	474
44P3R3A6_05518	44P3R3A6_05518	100.000	285	0	0	1	285	1	285	0.0	592
44P3R3A6_05519	44P3R3A6_05519	100.000	85	0	0	1	85	1	85	2.36e-57	170
44P3R3A6_05520	44P3R3A6_05520	100.000	437	0	0	1	437	1	437	0.0	882
44P3R3A6_05521	44P3R3A6_05521	100.000	418	0	0	1	418	1	418	0.0	864
44P3R3A6_05522	44P3R3A6_05522	100.000	256	0	0	1	256	1	256	0.0	518
44P3R3A6_05523	44P3R3A6_05523	100.000	454	0	0	1	454	1	454	0.0	918
44P3R3A6_05524	44P3R3A6_05524	100.000	348	0	0	1	348	1	348	0.0	715
44P3R3A6_05525	44P3R3A6_05525	100.000	240	0	0	1	240	1	240	0.0	495
44P3R3A6_05536	44P3R3A6_05536	100.000	289	0	0	1	289	1	289	0.0	594
44P3R3A6_05536	31P2R1A5_05312	100.000	289	0	0	1	289	21	309	0.0	592
44P3R3A6_05536	42P1R1A12_06109	96.540	289	10	0	1	289	29	317	0.0	578
44P3R3A6_05541	44P3R3A6_05541	100.000	131	0	0	1	131	1	131	3.05e-94	267
44P3R3A6_05542	44P3R3A6_05542	100.000	76	0	0	1	76	1	76	5.84e-45	138
44P3R3A6_05543	44P3R3A6_05543	100.000	266	0	0	1	266	1	266	0.0	550
44P3R3A6_05544	44P3R3A6_05544	100.000	84	0	0	1	84	1	84	3.71e-58	172
44P3R3A6_05545	44P3R3A6_05545	100.000	221	0	0	1	221	1	221	3.39e-165	454
44P3R3A6_05546	44P3R3A6_05546	100.000	131	0	0	1	131	1	131	2.31e-96	273
44P3R3A6_05547	44P3R3A6_05547	100.000	77	0	0	1	77	1	77	7.25e-53	158
44P3R3A6_05547	31P2R1A5_03992	100.000	77	0	0	1	77	175	251	1.08e-51	161
44P3R3A6_05547	54P2R2A3_02901	97.403	77	2	0	1	77	290	366	4.22e-50	160
44P3R3A6_05548	44P3R3A6_05548	100.000	647	0	0	1	647	1	647	0.0	1323
44P3R3A6_05549	44P3R3A6_05549	100.000	182	0	0	1	182	1	182	2.97e-130	362
44P3R3A6_05550	44P3R3A6_05550	100.000	31	0	0	1	31	1	31	2.16e-16	63.5
44P3R3A6_05551	44P3R3A6_05551	100.000	94	0	0	1	94	1	94	4.55e-65	191
44P3R3A6_05552	44P3R3A6_05552	100.000	38	0	0	1	38	1	38	4.19e-21	75.9
44P3R3A6_05553	44P3R3A6_05553	100.000	371	0	0	1	371	1	371	0.0	760
44P3R3A6_05554	44P3R3A6_05554	100.000	102	0	0	1	102	1	102	2.01e-71	207
44P3R3A6_05555	44P3R3A6_05555	100.000	172	0	0	1	172	1	172	1.93e-124	347
44P3R3A6_05555	42P1R1A12_05659	95.349	172	8	0	1	172	1	172	2.25e-116	327
44P3R3A6_05556	44P3R3A6_05556	100.000	42	0	0	1	42	1	42	1.30e-24	85.1
44P3R3A6_05557	44P3R3A6_05557	100.000	681	0	0	1	681	1	681	0.0	1377
44P3R3A6_05558	44P3R3A6_05558	100.000	333	0	0	1	333	1	333	0.0	690
44P3R3A6_05559	44P3R3A6_05559	100.000	341	0	0	1	341	1	341	0.0	701
44P3R3A6_05560	44P3R3A6_05560	100.000	49	0	0	1	49	1	49	2.27e-28	94.7
44P3R3A6_05561	44P3R3A6_05561	100.000	53	0	0	1	53	1	53	6.37e-33	106
44P3R3A6_05562	44P3R3A6_05562	100.000	135	0	0	1	135	1	135	8.89e-98	276
44P3R3A6_05563	44P3R3A6_05563	100.000	107	0	0	1	107	1	107	1.29e-74	216
44P3R3A6_05564	44P3R3A6_05564	100.000	93	0	0	1	93	1	93	6.64e-65	190
44P3R3A6_05565	44P3R3A6_05565	100.000	119	0	0	1	119	1	119	2.14e-85	244
44P3R3A6_05566	44P3R3A6_05566	100.000	71	0	0	1	71	1	71	1.27e-48	147
44P3R3A6_05566	54P2R2A3_05159	97.183	71	2	0	1	71	1	71	4.30e-47	143
44P3R3A6_05567	44P3R3A6_05567	100.000	75	0	0	1	75	1	75	6.36e-50	151
44P3R3A6_05567	54P2R2A3_05160	96.000	75	3	0	1	75	1	75	5.36e-49	149
44P3R3A6_05568	44P3R3A6_05568	100.000	107	0	0	1	107	1	107	1.49e-74	216
44P3R3A6_05569	44P3R3A6_05569	100.000	93	0	0	1	93	1	93	3.83e-65	191
44P3R3A6_05570	44P3R3A6_05570	100.000	140	0	0	1	140	1	140	2.27e-101	286
44P3R3A6_05571	44P3R3A6_05571	100.000	59	0	0	1	59	1	59	1.02e-38	121
44P3R3A6_05573	44P3R3A6_05573	100.000	177	0	0	1	177	1	177	7.62e-132	366
44P3R3A6_05574	44P3R3A6_05574	100.000	176	0	0	1	176	1	176	1.61e-131	365
44P3R3A6_05575	44P3R3A6_05575	100.000	183	0	0	1	183	1	183	9.90e-137	379
44P3R3A6_05576	44P3R3A6_05576	100.000	331	0	0	1	331	1	331	0.0	634
44P3R3A6_05576	13P1R2A5_04427	95.468	331	15	0	1	331	1	331	0.0	610
44P3R3A6_05577	44P3R3A6_05577	100.000	437	0	0	1	437	1	437	0.0	911
44P3R3A6_05577	31P2R1A5_00834	100.000	437	0	0	1	437	36	472	0.0	909
44P3R3A6_05577	12_1P1R2A2-1_04425	98.169	437	8	0	1	437	19	455	0.0	895
44P3R3A6_05577	27P2R2A12_04311	97.025	437	13	0	1	437	1	437	0.0	885
44P3R3A6_05577	32P3R2A9_00376	96.796	437	14	0	1	437	36	472	0.0	881
44P3R3A6_05577	33P3R2A2_04469	95.556	90	4	0	1	90	36	125	4.78e-54	176
44P3R3A6_05578	44P3R3A6_05578	100.000	590	0	0	1	590	1	590	0.0	1196
44P3R3A6_05578	54P2R2A3_01216	95.763	590	25	0	1	590	1	590	0.0	1128
44P3R3A6_05578	31P2R1A5_05326	98.433	319	5	0	272	590	1	319	0.0	621
44P3R3A6_05578	31P2R1A5_05324	95.925	319	13	0	272	590	1	319	0.0	567
44P3R3A6_05580	44P3R3A6_05580	100.000	288	0	0	1	288	1	288	0.0	598
44P3R3A6_05581	44P3R3A6_05581	100.000	50	0	0	1	50	1	50	2.94e-31	102
44P3R3A6_05581	31P2R1A5_03991	95.122	41	2	0	1	41	1	41	1.21e-22	81.6
44P3R3A6_05581	54P2R2A3_02901	97.436	39	1	0	1	39	1	39	2.49e-20	80.9
44P3R3A6_05582	44P3R3A6_05582	100.000	339	0	0	1	339	1	339	0.0	702
44P3R3A6_05583	44P3R3A6_05583	100.000	216	0	0	1	216	1	216	2.70e-156	431
44P3R3A6_05585	44P3R3A6_05585	100.000	255	0	0	1	255	1	255	0.0	523
44P3R3A6_05585	44P3R3A6_05489	95.294	255	12	0	1	255	274	528	3.76e-179	503
44P3R3A6_05586	44P3R3A6_05586	100.000	262	0	0	1	262	1	262	0.0	534
44P3R3A6_05587	44P3R3A6_05587	100.000	240	0	0	1	240	1	240	4.12e-178	488
44P3R3A6_05588	44P3R3A6_05588	100.000	110	0	0	1	110	1	110	1.24e-78	226
44P3R3A6_05589	44P3R3A6_05589	100.000	218	0	0	1	218	1	218	5.39e-156	431
44P3R3A6_05590	44P3R3A6_05590	100.000	216	0	0	1	216	1	216	1.10e-154	427
44P3R3A6_05591	44P3R3A6_05591	100.000	96	0	0	1	96	1	96	2.02e-62	184
44P3R3A6_05591	44P3R3A6_05594	96.842	95	3	0	1	95	1	95	2.33e-60	179
44P3R3A6_05592	44P3R3A6_05592	100.000	87	0	0	1	87	1	87	6.35e-60	177
44P3R3A6_05593	44P3R3A6_05593	100.000	64	0	0	1	64	1	64	1.46e-42	131
44P3R3A6_05593	44P3R3A6_05596	96.721	61	2	0	1	61	1	61	5.73e-40	125
44P3R3A6_05594	44P3R3A6_05594	100.000	106	0	0	1	106	1	106	3.04e-71	207
44P3R3A6_05594	44P3R3A6_05591	96.842	95	3	0	1	95	1	95	2.58e-60	179
44P3R3A6_05595	44P3R3A6_05595	100.000	52	0	0	1	52	1	52	6.75e-32	103
44P3R3A6_05596	44P3R3A6_05596	100.000	64	0	0	1	64	1	64	6.97e-43	132
44P3R3A6_05596	44P3R3A6_05593	96.721	61	2	0	1	61	1	61	5.73e-40	125
44P3R3A6_05598	44P3R3A6_05598	100.000	308	0	0	1	308	1	308	0.0	638
47P2R3A6_00008	47P2R3A6_00008	100.000	362	0	0	1	362	1	362	0.0	743
47P2R3A6_00016	47P2R3A6_00016	100.000	318	0	0	1	318	1	318	0.0	647
47P2R3A6_00016	18P3R3A11_03253	97.799	318	7	0	1	318	1	318	0.0	637
47P2R3A6_00016	38P2R3A13_08616	100.000	285	0	0	34	318	1	285	0.0	581
47P2R3A6_00032	47P2R3A6_00032	100.000	1296	0	0	1	1296	1	1296	0.0	2673
47P2R3A6_00032	18P3R3A11_03237	97.762	1296	29	0	1	1296	1	1296	0.0	2628
47P2R3A6_00032	38P2R3A13_07363	100.000	1187	0	0	110	1296	1	1187	0.0	2448
47P2R3A6_00064	47P2R3A6_00064	100.000	339	0	0	1	339	1	339	0.0	689
47P2R3A6_00068	47P2R3A6_00068	100.000	393	0	0	1	393	1	393	0.0	791
47P2R3A6_00068	18P3R3A11_03201	96.438	393	14	0	1	393	1	393	0.0	772
47P2R3A6_00068	38P2R3A13_03470	95.801	381	16	0	13	393	13	393	0.0	748
47P2R3A6_00101	47P2R3A6_00101	100.000	477	0	0	1	477	1	477	0.0	999
47P2R3A6_00101	18P3R3A11_03089	96.017	477	19	0	1	477	1	477	0.0	967
47P2R3A6_00101	38P2R3A13_06927	99.548	442	2	0	36	477	1	442	0.0	924
47P2R3A6_00115	47P2R3A6_00115	100.000	345	0	0	1	345	1	345	0.0	701
47P2R3A6_00115	38P2R3A13_03424	97.681	345	8	0	1	345	1	345	0.0	689
47P2R3A6_00115	18P3R3A11_03075	95.652	345	15	0	1	345	1	345	0.0	679
47P2R3A6_00148	47P2R3A6_00148	100.000	329	0	0	1	329	1	329	0.0	658
47P2R3A6_00148	38P2R3A13_04953	99.306	144	1	0	186	329	185	328	5.67e-100	297
47P2R3A6_00148	37P2R3-2A1_01951	97.917	144	3	0	186	329	185	328	2.31e-99	296
47P2R3A6_00162	47P2R3A6_00162	100.000	131	0	0	1	131	1	131	1.69e-93	265
47P2R3A6_00162	38P2R3A13_08449	100.000	124	0	0	8	131	1	124	8.02e-88	251
47P2R3A6_00176	47P2R3A6_00176	100.000	43	0	0	1	43	1	43	1.65e-26	89.7
47P2R3A6_00176	38P2R3A13_06735	97.674	43	1	0	1	43	1	43	2.52e-25	86.7
47P2R3A6_00196	47P2R3A6_00196	100.000	406	0	0	1	406	1	406	0.0	832
47P2R3A6_00196	38P2R3A13_02788	97.783	406	9	0	1	406	1	406	0.0	815
47P2R3A6_00196	18P3R3A11_02998	96.798	406	13	0	1	406	1	406	0.0	807
47P2R3A6_00196	42P1R1A12_02476	95.074	406	20	0	1	406	1	406	0.0	791
47P2R3A6_00196	38P2R3A13_07832	98.561	139	2	0	268	406	1	139	3.93e-94	278
47P2R3A6_00204	47P2R3A6_00204	100.000	423	0	0	1	423	1	423	0.0	864
47P2R3A6_00204	38P2R3A13_02796	96.454	423	15	0	1	423	1	423	0.0	835
47P2R3A6_00204	18P3R3A11_02369	95.745	423	18	0	1	423	1	423	0.0	809
47P2R3A6_00204	38P2R3A13_08670	100.000	79	0	0	345	423	1	79	5.80e-51	166
47P2R3A6_00235	47P2R3A6_00235	100.000	305	0	0	1	305	1	305	0.0	629
47P2R3A6_00235	38P2R3A13_02827	96.721	305	10	0	1	305	1	305	0.0	613
47P2R3A6_00235	18P3R3A11_02400	96.721	305	10	0	1	305	1	305	0.0	613
47P2R3A6_00235	38P2R3A13_08673	100.000	221	0	0	85	305	1	221	1.10e-165	459
47P2R3A6_00241	47P2R3A6_00241	100.000	909	0	0	1	909	1	909	0.0	1892
47P2R3A6_00241	38P2R3A13_08474	99.843	637	1	0	273	909	1	637	0.0	1291
47P2R3A6_00278	47P2R3A6_00278	100.000	891	0	0	1	891	1	891	0.0	1833
47P2R3A6_00278	38P2R3A13_02865	97.980	891	18	0	1	891	1	891	0.0	1801
47P2R3A6_00278	18P3R3A11_02443	95.511	891	40	0	1	891	1	891	0.0	1673
47P2R3A6_00286	47P2R3A6_00286	100.000	551	0	0	1	551	1	551	0.0	1135
47P2R3A6_00286	18P3R3A11_02451	97.096	551	15	1	1	551	1	550	0.0	1103
47P2R3A6_00286	38P2R3A13_07483	100.000	532	0	0	20	551	1	532	0.0	1099
47P2R3A6_00292	47P2R3A6_00292	100.000	73	0	0	1	73	1	73	7.14e-49	148
47P2R3A6_00299	47P2R3A6_00299	100.000	95	0	0	1	95	1	95	9.02e-66	192
47P2R3A6_00301	47P2R3A6_00301	100.000	236	0	0	1	236	1	236	3.46e-177	486
47P2R3A6_00301	38P2R3A13_07032	97.881	236	5	0	1	236	1	236	1.23e-172	474
47P2R3A6_00301	38P2R3A13_02883	96.186	236	9	0	1	236	1	236	2.62e-171	471
47P2R3A6_00301	18P3R3A11_02461	96.186	236	9	0	1	236	1	236	1.00e-169	467
47P2R3A6_00309	47P2R3A6_00309	100.000	190	0	0	1	190	1	190	1.09e-142	394
47P2R3A6_00309	18P3R3A11_02469	97.207	179	5	0	12	190	1	179	3.35e-130	362
47P2R3A6_00309	38P2R3A13_02891	99.355	155	1	0	36	190	1	155	4.63e-114	321
47P2R3A6_00361	47P2R3A6_00361	100.000	678	0	0	1	678	1	678	0.0	1417
47P2R3A6_00361	37P2R3-2A1_01736	97.050	678	20	0	1	678	1	678	0.0	1390
47P2R3A6_00361	31P2R1A5_00777	96.608	678	23	0	1	678	4	681	0.0	1379
47P2R3A6_00361	42P1R1A12_03499	95.280	678	32	0	1	678	4	681	0.0	1366
47P2R3A6_00361	24P1R3A1_00120	95.133	678	33	0	1	678	4	681	0.0	1365
47P2R3A6_00361	38P2R3A13_05444	99.632	544	2	0	135	678	1	544	0.0	1124
47P2R3A6_00361	18P3R3A11_04165	100.000	87	0	0	592	678	1	87	1.04e-54	181
47P2R3A6_00422	47P2R3A6_00422	100.000	161	0	0	1	161	1	161	2.01e-118	331
47P2R3A6_00422	56P2R2A4_01804	96.875	160	5	0	2	161	1	160	1.20e-114	321
47P2R3A6_00422	38P2R3A13_05347	100.000	109	0	0	53	161	1	109	2.82e-77	225
47P2R3A6_00432	47P2R3A6_00432	100.000	48	0	0	1	48	1	48	5.56e-31	101
47P2R3A6_00563	47P2R3A6_00563	100.000	81	0	0	1	81	1	81	3.55e-53	159
47P2R3A6_00563	38P2R3A13_01584	98.684	76	1	0	6	81	1	76	3.48e-48	147
47P2R3A6_00563	18P3R3A11_01593	96.053	76	3	0	6	81	1	76	1.61e-46	142
47P2R3A6_00578	47P2R3A6_00578	100.000	560	0	0	1	560	1	560	0.0	1138
47P2R3A6_00578	38P2R3A13_08549	100.000	519	0	0	42	560	1	519	0.0	1058
47P2R3A6_00578	38P2R3A13_01599	95.357	560	26	0	1	560	1	560	0.0	1044
47P2R3A6_00605	47P2R3A6_00605	100.000	267	0	0	1	267	1	267	0.0	533
47P2R3A6_00605	18P3R3A11_01618	97.753	267	6	0	1	267	1	267	0.0	523
47P2R3A6_00605	38P2R3A13_08156	100.000	176	0	0	92	267	1	176	3.02e-123	348
47P2R3A6_00643	47P2R3A6_00643	100.000	117	0	0	1	117	1	117	7.72e-83	237
47P2R3A6_00643	18P3R3A11_01650	96.581	117	4	0	1	117	1	117	4.58e-81	233
47P2R3A6_00643	38P2R3A13_01841	97.436	117	3	0	1	117	1	117	3.77e-80	231
47P2R3A6_00647	47P2R3A6_00647	100.000	678	0	0	1	678	1	678	0.0	1363
47P2R3A6_00647	38P2R3A13_01837	96.760	679	21	1	1	678	1	679	0.0	1321
47P2R3A6_00647	38P2R3A13_08562	100.000	610	0	0	69	678	1	610	0.0	1219
47P2R3A6_00666	47P2R3A6_00666	100.000	578	0	0	1	578	1	578	0.0	1195
47P2R3A6_00666	38P2R3A13_01814	97.578	578	14	0	1	578	1	578	0.0	1170
47P2R3A6_00666	18P3R3A11_01677	97.232	578	16	0	1	578	1	578	0.0	1165
47P2R3A6_00666	38P2R3A13_07408	100.000	534	0	0	45	578	1	534	0.0	1105
47P2R3A6_00671	47P2R3A6_00671	100.000	132	0	0	1	132	1	132	3.05e-93	265
47P2R3A6_00671	18P3R3A11_01682	96.970	132	4	0	1	132	1	132	9.09e-91	258
47P2R3A6_00671	38P2R3A13_07937	97.727	132	3	0	1	132	1	132	4.05e-90	257
47P2R3A6_00671	38P2R3A13_01809	95.455	132	6	0	1	132	1	132	1.09e-88	253
47P2R3A6_00672	47P2R3A6_00672	100.000	259	0	0	1	259	1	259	0.0	538
47P2R3A6_00672	38P2R3A13_07938	100.000	259	0	0	1	259	15	273	0.0	536
47P2R3A6_00674	47P2R3A6_00674	100.000	596	0	0	1	596	1	596	0.0	1226
47P2R3A6_00674	18P3R3A11_01685	97.114	589	17	0	1	589	1	589	0.0	1187
47P2R3A6_00674	38P2R3A13_08629	99.307	433	3	0	164	596	1	433	0.0	882
47P2R3A6_00675	47P2R3A6_00675	100.000	148	0	0	1	148	1	148	2.16e-108	304
47P2R3A6_00675	38P2R3A13_01805	95.946	148	6	0	1	148	1	148	1.28e-102	290
47P2R3A6_00675	18P3R3A11_01686	95.270	148	7	0	1	148	1	148	9.31e-102	288
47P2R3A6_00675	38P2R3A13_07171	100.000	73	0	0	76	148	1	73	2.35e-49	152
47P2R3A6_00725	47P2R3A6_00725	100.000	455	0	0	1	455	1	455	0.0	942
47P2R3A6_00725	18P3R3A11_01747	96.703	455	15	0	1	455	1	455	0.0	910
47P2R3A6_00734	47P2R3A6_00734	100.000	385	0	0	1	385	1	385	0.0	788
47P2R3A6_00734	38P2R3A13_01691	96.364	385	14	0	1	385	1	385	0.0	764
47P2R3A6_00734	52P2R3A10_01573	96.543	376	13	0	10	385	1	376	0.0	749
47P2R3A6_00734	38P2R3A13_08660	100.000	325	0	0	61	385	1	325	0.0	662
47P2R3A6_00738	47P2R3A6_00738	100.000	92	0	0	1	92	1	92	7.80e-64	187
47P2R3A6_00738	38P2R3A13_01687	95.652	92	4	0	1	92	1	92	5.29e-62	182
47P2R3A6_00738	18P3R3A11_01760	96.739	92	3	0	1	92	1	92	1.89e-61	181
47P2R3A6_00743	47P2R3A6_00743	100.000	240	0	0	1	240	1	240	0.0	495
47P2R3A6_00743	18P3R3A11_01765	96.667	240	8	0	1	240	1	240	3.63e-175	481
47P2R3A6_00743	38P2R3A13_06066	100.000	190	0	0	51	240	1	190	6.32e-142	395
47P2R3A6_00763	47P2R3A6_00763	100.000	165	0	0	1	165	1	165	6.13e-124	345
47P2R3A6_00764	47P2R3A6_00764	100.000	168	0	0	1	168	1	168	7.62e-124	345
47P2R3A6_00764	38P2R3A13_01662	95.833	168	7	0	1	168	1	168	6.26e-118	330
47P2R3A6_00764	38P2R3A13_07070	100.000	76	0	0	93	168	1	76	7.15e-52	160
47P2R3A6_00789	47P2R3A6_00789	100.000	150	0	0	1	150	1	150	1.81e-102	290
47P2R3A6_00789	38P2R3A13_05585	100.000	145	0	0	6	150	1	145	8.22e-99	280
47P2R3A6_00796	47P2R3A6_00796	100.000	87	0	0	1	87	1	87	3.80e-59	175
47P2R3A6_00871	47P2R3A6_00871	100.000	135	0	0	1	135	1	135	2.51e-99	280
47P2R3A6_00873	47P2R3A6_00873	100.000	69	0	0	1	69	1	69	1.31e-46	142
47P2R3A6_00914	47P2R3A6_00914	100.000	300	0	0	1	300	1	300	0.0	620
47P2R3A6_00914	38P2R3A13_04377	100.000	291	0	0	10	300	1	291	0.0	603
47P2R3A6_00939	47P2R3A6_00939	100.000	43	0	0	1	43	1	43	1.23e-24	85.1
47P2R3A6_00939	37P2R3-2A1_01116	97.674	43	1	0	1	43	1	43	3.09e-24	84.0
47P2R3A6_00939	18P3R3A11_00725	95.349	43	2	0	1	43	1	43	7.05e-24	83.2
47P2R3A6_00939	38P2R3A13_08347	95.349	43	2	0	1	43	1	43	8.32e-24	82.8
47P2R3A6_00940	47P2R3A6_00940	100.000	892	0	0	1	892	1	892	0.0	1834
47P2R3A6_00940	38P2R3A13_02697	97.646	892	21	0	1	892	1	892	0.0	1794
47P2R3A6_00940	18P3R3A11_00726	97.197	892	25	0	1	892	1	892	0.0	1787
47P2R3A6_00967	47P2R3A6_00967	100.000	75	0	0	1	75	1	75	4.73e-50	151
47P2R3A6_00996	47P2R3A6_00996	100.000	61	0	0	1	61	1	61	1.71e-35	113
47P2R3A6_00996	38P2R3A13_03689	96.721	61	2	0	1	61	1	61	3.60e-34	110
47P2R3A6_01135	47P2R3A6_01135	100.000	87	0	0	1	87	1	87	7.91e-63	184
47P2R3A6_01202	47P2R3A6_01202	100.000	68	0	0	1	68	1	68	3.74e-43	133
47P2R3A6_01202	38P2R3A13_00233	97.059	68	2	0	1	68	1	68	2.56e-42	131
47P2R3A6_01202	56P2R2A4_04067	97.059	68	2	0	1	68	1	68	6.80e-42	130
47P2R3A6_01226	47P2R3A6_01226	100.000	6002	0	0	1	6002	1	6002	0.0	11552
47P2R3A6_01226	38P2R3A13_05121	99.932	2954	2	0	3049	6002	1	2954	0.0	5711
47P2R3A6_01294	47P2R3A6_01294	100.000	330	0	0	1	330	1	330	0.0	681
47P2R3A6_01294	18P3R3A11_00224	97.879	330	7	0	1	330	1	330	0.0	668
47P2R3A6_01294	38P2R3A13_05409	100.000	279	0	0	52	330	1	279	0.0	573
47P2R3A6_01358	47P2R3A6_01358	100.000	198	0	0	1	198	1	198	1.83e-146	405
47P2R3A6_01358	18P3R3A11_02723	97.475	198	5	0	1	198	1	198	6.02e-143	396
47P2R3A6_01358	38P2R3A13_04495	95.455	198	9	0	1	198	1	198	5.86e-139	386
47P2R3A6_01372	47P2R3A6_01372	100.000	313	0	0	1	313	1	313	0.0	624
47P2R3A6_01372	18P3R3A11_02710	97.764	313	7	0	1	313	1	313	0.0	608
47P2R3A6_01372	38P2R3A13_07945	99.265	272	2	0	42	313	1	272	0.0	540
47P2R3A6_01377	47P2R3A6_01377	100.000	143	0	0	1	143	1	143	3.12e-104	293
47P2R3A6_01377	10P3R2A13_00214	97.902	143	3	0	1	143	1	143	2.46e-102	288
47P2R3A6_01377	31P2R1A5_03628	97.203	143	4	0	1	143	1	143	2.26e-101	286
47P2R3A6_01380	47P2R3A6_01380	100.000	166	0	0	1	166	1	166	3.91e-119	333
47P2R3A6_01380	38P2R3A13_08031	100.000	105	0	0	62	166	1	105	1.40e-70	208
47P2R3A6_01403	47P2R3A6_01403	100.000	96	0	0	1	96	1	96	3.42e-66	194
47P2R3A6_01403	38P2R3A13_03037	97.917	96	2	0	1	96	1	96	5.15e-65	191
47P2R3A6_01403	18P3R3A11_02678	95.833	96	4	0	1	96	1	96	3.12e-64	189
47P2R3A6_01404	47P2R3A6_01404	100.000	478	0	0	1	478	1	478	0.0	972
47P2R3A6_01404	18P3R3A11_02677	96.653	478	16	0	1	478	1	478	0.0	947
47P2R3A6_01408	47P2R3A6_01408	100.000	189	0	0	1	189	1	189	1.45e-137	381
47P2R3A6_01408	38P2R3A13_03032	97.884	189	4	0	1	189	1	189	6.32e-135	375
47P2R3A6_01422	47P2R3A6_01422	100.000	322	0	0	1	322	1	322	0.0	638
47P2R3A6_01422	18P3R3A11_02659	97.516	322	8	0	1	322	1	322	0.0	626
47P2R3A6_01422	31P2R1A5_03592	95.031	322	16	0	1	322	1	322	0.0	610
47P2R3A6_01422	38P2R3A13_08078	100.000	83	0	0	240	322	1	83	1.92e-53	169
47P2R3A6_01443	47P2R3A6_01443	100.000	30	0	0	1	30	1	30	5.46e-15	59.7
47P2R3A6_01443	38P2R3A13_02997	96.667	30	1	0	1	30	1	30	1.06e-13	56.6
47P2R3A6_01446	47P2R3A6_01446	100.000	635	0	0	1	635	1	635	0.0	1266
47P2R3A6_01446	38P2R3A13_07334	100.000	215	0	0	421	635	1	215	7.40e-146	421
47P2R3A6_01492	47P2R3A6_01492	100.000	329	0	0	1	329	1	329	0.0	682
47P2R3A6_01492	38P2R3A13_02952	97.872	329	7	0	1	329	1	329	0.0	672
47P2R3A6_01492	18P3R3A11_04135	97.872	329	7	0	1	329	1	329	0.0	672
47P2R3A6_01492	38P2R3A13_06903	100.000	50	0	0	280	329	1	50	1.33e-29	107
47P2R3A6_01493	47P2R3A6_01493	100.000	131	0	0	1	131	1	131	1.60e-89	255
47P2R3A6_01493	38P2R3A13_02951	96.947	131	4	0	1	131	1	131	4.70e-88	251
47P2R3A6_01493	18P3R3A11_04134	96.947	131	4	0	1	131	1	131	1.36e-87	250
47P2R3A6_01493	31P2R1A5_03540	95.420	131	6	0	1	131	1	131	2.00e-86	248
47P2R3A6_01497	47P2R3A6_01497	100.000	123	0	0	1	123	1	123	1.13e-83	240
47P2R3A6_01497	38P2R3A13_08414	100.000	122	0	0	1	122	1	122	5.40e-83	239
47P2R3A6_01497	38P2R3A13_02947	96.748	123	4	0	1	123	1	123	1.00e-80	233
47P2R3A6_01497	56P2R2A4_03005	95.935	123	5	0	1	123	1	123	4.33e-80	231
47P2R3A6_01537	47P2R3A6_01537	100.000	338	0	0	1	338	1	338	0.0	689
47P2R3A6_01537	18P3R3A11_03640	96.154	338	13	0	1	338	1	338	0.0	667
47P2R3A6_01537	38P2R3A13_07616	100.000	306	0	0	33	338	1	306	0.0	622
47P2R3A6_01559	47P2R3A6_01559	100.000	387	0	0	1	387	1	387	0.0	805
47P2R3A6_01559	38P2R3A13_06958	96.382	387	14	0	1	387	1	387	0.0	779
47P2R3A6_01559	18P3R3A11_04578	96.382	387	14	0	1	387	1	387	0.0	778
47P2R3A6_01561	47P2R3A6_01561	100.000	493	0	0	1	493	1	493	0.0	987
47P2R3A6_01561	52P2R3A10_03767	97.566	493	12	0	1	493	1	493	0.0	966
47P2R3A6_01561	38P2R3A13_05120	99.789	475	1	0	19	493	1	475	0.0	947
47P2R3A6_01561	38P2R3A13_06960	97.474	475	12	0	19	493	1	475	0.0	929
47P2R3A6_01561	18P3R3A11_04580	95.740	493	17	1	1	493	1	489	0.0	924
47P2R3A6_01615	47P2R3A6_01615	100.000	288	0	0	1	288	1	288	0.0	600
47P2R3A6_01615	18P3R3A11_01084	96.528	288	10	0	1	288	1	288	0.0	583
47P2R3A6_01615	56P2R2A4_03302	96.181	288	11	0	1	288	1	288	0.0	582
47P2R3A6_01616	47P2R3A6_01616	100.000	342	0	0	1	342	1	342	0.0	709
47P2R3A6_01616	37P2R3-2A1_02583	95.029	342	16	1	1	342	1	341	0.0	672
47P2R3A6_01616	38P2R3A13_08021	100.000	291	0	0	52	342	1	291	0.0	602
47P2R3A6_01626	47P2R3A6_01626	100.000	240	0	0	1	240	1	240	0.0	499
47P2R3A6_01626	38P2R3A13_04833	97.500	240	6	0	1	240	1	240	1.39e-178	489
47P2R3A6_01626	18P3R3A11_01073	95.833	240	10	0	1	240	1	240	2.14e-176	484
47P2R3A6_01626	38P2R3A13_08292	100.000	123	0	0	118	240	1	123	1.71e-89	259
47P2R3A6_01631	47P2R3A6_01631	100.000	198	0	0	1	198	1	198	1.06e-144	400
47P2R3A6_01631	38P2R3A13_08297	99.387	163	1	0	36	198	1	163	2.97e-117	330
47P2R3A6_01633	47P2R3A6_01633	100.000	189	0	0	1	189	1	189	8.65e-131	364
47P2R3A6_01633	18P3R3A11_01066	96.825	189	6	0	1	189	1	189	1.60e-128	358
47P2R3A6_01633	56P2R2A4_03320	96.825	189	6	0	1	189	1	189	2.52e-128	358
47P2R3A6_01641	47P2R3A6_01641	100.000	166	0	0	1	166	1	166	1.10e-121	339
47P2R3A6_01641	18P3R3A11_01058	98.026	152	3	0	15	166	1	152	1.58e-109	308
47P2R3A6_01641	38P2R3A13_04818	96.711	152	5	0	15	166	1	152	1.65e-108	306
47P2R3A6_01665	47P2R3A6_01665	100.000	388	0	0	1	388	1	388	0.0	775
47P2R3A6_01665	31P2R1A5_02421	97.938	388	8	0	1	388	1	388	0.0	764
47P2R3A6_01665	18P3R3A11_01034	97.680	388	9	0	1	388	1	388	0.0	761
47P2R3A6_01665	10P3R2A13_04045	96.392	388	14	0	1	388	1	388	0.0	754
47P2R3A6_01673	47P2R3A6_01673	100.000	199	0	0	1	199	1	199	6.18e-147	406
47P2R3A6_01673	38P2R3A13_07819	100.000	159	0	0	41	199	1	159	5.91e-117	328
47P2R3A6_01675	47P2R3A6_01675	100.000	195	0	0	1	195	1	195	1.05e-144	400
47P2R3A6_01675	38P2R3A13_05975	97.409	193	5	0	3	195	1	193	1.99e-139	387
47P2R3A6_01675	18P3R3A11_01024	95.385	195	9	0	1	195	1	195	8.82e-130	362
47P2R3A6_01675	38P2R3A13_07956	100.000	80	0	0	116	195	1	80	1.10e-52	163
47P2R3A6_01680	47P2R3A6_01680	100.000	130	0	0	1	130	1	130	9.97e-91	258
47P2R3A6_01680	18P3R3A11_01019	96.154	130	5	0	1	130	1	130	8.80e-88	251
47P2R3A6_01735	47P2R3A6_01735	100.000	120	0	0	1	120	1	120	4.28e-87	248
47P2R3A6_01735	38P2R3A13_05487	100.000	108	0	0	13	120	1	108	1.61e-76	221
47P2R3A6_01776	47P2R3A6_01776	100.000	456	0	0	1	456	1	456	0.0	941
47P2R3A6_01776	18P3R3A11_00913	97.368	456	12	0	1	456	1	456	0.0	921
47P2R3A6_01776	38P2R3A13_08132	99.309	434	3	0	23	456	1	434	0.0	888
47P2R3A6_01776	43P2R2A2_03367	95.849	265	11	0	192	456	1	265	0.0	523
47P2R3A6_01777	47P2R3A6_01777	100.000	432	0	0	1	432	1	432	0.0	865
47P2R3A6_01777	38P2R3A13_02074	96.296	432	16	0	1	432	1	432	0.0	841
47P2R3A6_01777	18P3R3A11_00912	95.338	429	20	0	1	429	1	429	0.0	800
47P2R3A6_01788	47P2R3A6_01788	100.000	920	0	0	1	920	1	920	0.0	1887
47P2R3A6_01788	38P2R3A13_02063	97.603	918	22	0	1	918	1	918	0.0	1845
47P2R3A6_01788	18P3R3A11_04238	96.957	920	28	0	1	920	1	920	0.0	1843
47P2R3A6_01815	47P2R3A6_01815	100.000	375	0	0	1	375	1	375	0.0	759
47P2R3A6_01815	38P2R3A13_02036	96.533	375	13	0	1	375	1	375	0.0	692
47P2R3A6_01815	15P1R1A16_04973	95.575	113	5	0	263	375	1	113	7.23e-75	227
47P2R3A6_01863	47P2R3A6_01863	100.000	353	0	0	1	353	1	353	0.0	714
47P2R3A6_01863	18P3R3A11_02550	97.734	353	8	0	1	353	1	353	0.0	699
47P2R3A6_01863	31P2R1A5_02105	96.884	353	11	0	1	353	1	353	0.0	694
47P2R3A6_01864	47P2R3A6_01864	100.000	167	0	0	1	167	1	167	4.67e-122	340
47P2R3A6_01864	18P3R3A11_02551	97.605	167	4	0	1	167	1	167	1.83e-119	334
47P2R3A6_01864	38P2R3A13_01986	97.006	167	5	0	1	167	1	167	6.75e-119	332
47P2R3A6_01922	47P2R3A6_01922	100.000	463	0	0	1	463	1	463	0.0	927
47P2R3A6_01922	38P2R3A13_00442	97.598	458	11	0	6	463	1	458	0.0	899
47P2R3A6_01922	38P2R3A13_08481	99.000	100	1	0	364	463	1	100	6.27e-66	206
47P2R3A6_01950	47P2R3A6_01950	100.000	503	0	0	1	503	1	503	0.0	1012
47P2R3A6_01950	38P2R3A13_00470	96.819	503	16	0	1	503	1	503	0.0	989
47P2R3A6_01950	18P3R3A11_00353	95.626	503	22	0	1	503	1	503	0.0	980
47P2R3A6_01950	38P2R3A13_08243	100.000	433	0	0	71	503	1	433	0.0	869
47P2R3A6_02002	47P2R3A6_02002	100.000	36	0	0	1	36	1	36	8.22e-20	72.4
47P2R3A6_02055	47P2R3A6_02055	100.000	796	0	0	1	796	1	796	0.0	1621
47P2R3A6_02055	18P3R3A11_00451	96.985	796	24	0	1	796	1	796	0.0	1581
47P2R3A6_02064	47P2R3A6_02064	100.000	311	0	0	1	311	1	311	0.0	627
47P2R3A6_02064	38P2R3A13_08060	100.000	234	0	0	78	311	1	234	4.63e-170	471
47P2R3A6_02080	47P2R3A6_02080	100.000	115	0	0	1	115	1	115	4.58e-83	238
47P2R3A6_02080	18P3R3A11_00476	97.391	115	3	0	1	115	1	115	3.35e-81	233
47P2R3A6_02124	47P2R3A6_02124	100.000	102	0	0	1	102	1	102	2.49e-72	209
47P2R3A6_02124	38P2R3A13_07602	98.936	94	1	0	9	102	1	94	7.97e-66	193
47P2R3A6_02180	47P2R3A6_02180	100.000	414	0	0	1	414	1	414	0.0	846
47P2R3A6_02180	18P3R3A11_00567	97.343	414	11	0	1	414	1	414	0.0	827
47P2R3A6_02180	10P3R2A13_02911	95.894	414	17	0	1	414	1	414	0.0	758
47P2R3A6_02180	38P2R3A13_07998	100.000	292	0	0	123	414	1	292	0.0	600
47P2R3A6_02187	47P2R3A6_02187	100.000	174	0	0	1	174	1	174	1.44e-126	352
47P2R3A6_02187	18P3R3A11_00574	97.701	174	4	0	1	174	1	174	4.42e-125	348
47P2R3A6_02190	47P2R3A6_02190	100.000	1037	0	0	1	1037	1	1037	0.0	2091
47P2R3A6_02190	38P2R3A13_06308	99.879	825	1	0	213	1037	1	825	0.0	1648
47P2R3A6_02208	47P2R3A6_02208	100.000	75	0	0	1	75	1	75	1.90e-50	152
47P2R3A6_02232	47P2R3A6_02232	100.000	152	0	0	1	152	1	152	4.74e-107	301
47P2R3A6_02232	38P2R3A13_08189	100.000	152	0	0	1	152	13	164	6.02e-107	301
47P2R3A6_02234	47P2R3A6_02234	100.000	130	0	0	1	130	1	130	3.31e-93	265
47P2R3A6_02246	47P2R3A6_02246	100.000	355	0	0	1	355	1	355	0.0	734
47P2R3A6_02246	38P2R3A13_00742	96.056	355	14	0	1	355	1	355	0.0	701
47P2R3A6_02246	18P3R3A11_03906	96.056	355	14	0	1	355	1	355	0.0	701
47P2R3A6_02246	31P2R1A5_01538	95.057	263	13	0	93	355	1	263	0.0	523
47P2R3A6_02253	47P2R3A6_02253	100.000	1321	0	0	1	1321	1	1321	0.0	2703
47P2R3A6_02253	18P3R3A11_03899	97.653	1321	31	0	1	1321	1	1321	0.0	2648
47P2R3A6_02253	38P2R3A13_04160	99.693	976	3	0	346	1321	1	976	0.0	1992
47P2R3A6_02297	47P2R3A6_02297	100.000	439	0	0	1	439	1	439	0.0	914
47P2R3A6_02297	38P2R3A13_04115	100.000	304	0	0	136	439	1	304	0.0	634
47P2R3A6_02297	38P2R3A13_04116	97.895	95	2	0	1	95	1	95	3.70e-62	196
47P2R3A6_02335	47P2R3A6_02335	100.000	263	0	0	1	263	1	263	0.0	534
47P2R3A6_02335	38P2R3A13_06831	99.588	243	1	0	21	263	1	243	3.35e-178	489
47P2R3A6_02370	47P2R3A6_02370	100.000	184	0	0	1	184	1	184	2.44e-135	375
47P2R3A6_02370	56P2R2A4_01275	97.826	184	4	0	1	184	1	184	8.92e-134	371
47P2R3A6_02370	18P3R3A11_03142	97.283	184	5	0	1	184	1	184	9.34e-133	369
47P2R3A6_02375	47P2R3A6_02375	100.000	260	0	0	1	260	1	260	0.0	547
47P2R3A6_02375	38P2R3A13_00884	96.154	260	10	0	1	260	1	260	0.0	530
47P2R3A6_02386	47P2R3A6_02386	100.000	228	0	0	1	228	1	228	1.56e-165	455
47P2R3A6_02386	18P3R3A11_03158	96.491	228	8	0	1	228	1	228	1.81e-160	442
47P2R3A6_02386	10P3R2A13_01586	96.053	228	9	0	1	228	1	228	3.61e-160	442
47P2R3A6_02388	47P2R3A6_02388	100.000	363	0	0	1	363	1	363	0.0	753
47P2R3A6_02388	38P2R3A13_08344	100.000	346	0	0	18	363	1	346	0.0	718
47P2R3A6_02388	38P2R3A13_00897	96.296	351	13	0	13	363	1	351	0.0	710
47P2R3A6_02398	47P2R3A6_02398	100.000	189	0	0	1	189	1	189	1.77e-142	394
47P2R3A6_02398	38P2R3A13_03582	95.767	189	8	0	1	189	1	189	6.79e-138	382
47P2R3A6_02398	18P3R3A11_03465	95.767	189	8	0	1	189	1	189	2.27e-137	381
47P2R3A6_02404	47P2R3A6_02404	100.000	573	0	0	1	573	1	573	0.0	1178
47P2R3A6_02404	38P2R3A13_03576	97.906	573	12	0	1	573	1	573	0.0	1158
47P2R3A6_02404	18P3R3A11_03471	96.859	573	18	0	1	573	1	573	0.0	1150
47P2R3A6_02404	38P2R3A13_08321	100.000	527	0	0	47	573	1	527	0.0	1083
47P2R3A6_02408	47P2R3A6_02408	100.000	67	0	0	1	67	1	67	8.91e-42	130
47P2R3A6_02408	18P3R3A11_03475	95.522	67	3	0	1	67	1	67	4.45e-40	125
47P2R3A6_02414	47P2R3A6_02414	100.000	1161	0	0	1	1161	1	1161	0.0	2390
47P2R3A6_02414	18P3R3A11_03481	96.469	1161	41	0	1	1161	1	1161	0.0	2316
47P2R3A6_02414	42P1R1A12_01448	95.607	1161	51	0	1	1161	1	1161	0.0	2289
47P2R3A6_02414	15P1R1A16_04225	95.521	960	43	0	202	1161	1	960	0.0	1898
47P2R3A6_02416	47P2R3A6_02416	100.000	383	0	0	1	383	1	383	0.0	781
47P2R3A6_02416	18P3R3A11_03483	96.084	383	15	0	1	383	1	383	0.0	731
47P2R3A6_02416	38P2R3A13_08594	100.000	338	0	0	46	383	1	338	0.0	693
47P2R3A6_02417	47P2R3A6_02417	100.000	263	0	0	1	263	1	263	0.0	531
47P2R3A6_02417	18P3R3A11_03484	96.958	263	8	0	1	263	1	263	0.0	519
47P2R3A6_02419	47P2R3A6_02419	100.000	342	0	0	1	342	1	342	0.0	694
47P2R3A6_02419	38P2R3A13_03561	97.368	342	9	0	1	342	1	342	0.0	676
47P2R3A6_02419	18P3R3A11_03486	96.491	342	12	0	1	342	1	342	0.0	675
47P2R3A6_02425	47P2R3A6_02425	100.000	400	0	0	1	400	1	400	0.0	829
47P2R3A6_02425	38P2R3A13_03555	95.250	400	19	0	1	400	1	400	0.0	771
47P2R3A6_02425	38P2R3A13_08658	100.000	371	0	0	30	400	1	371	0.0	766
47P2R3A6_02452	47P2R3A6_02452	100.000	297	0	0	1	297	1	297	0.0	613
47P2R3A6_02452	38P2R3A13_07439	100.000	121	0	0	177	297	1	121	1.87e-85	251
47P2R3A6_02463	47P2R3A6_02463	100.000	183	0	0	1	183	1	183	1.07e-132	369
47P2R3A6_02463	18P3R3A11_03542	97.814	183	4	0	1	183	1	183	8.31e-131	364
47P2R3A6_02463	24P1R3A1_02349	96.175	183	7	0	1	183	1	183	7.57e-128	356
47P2R3A6_02463	42P1R1A12_01516	95.628	183	8	0	1	183	8	190	5.25e-127	355
47P2R3A6_02463	38P2R3A13_03517	97.765	179	4	0	5	183	1	179	2.20e-126	352
47P2R3A6_02463	10P3R2A13_02449	97.207	179	5	0	5	183	1	179	2.62e-126	352
47P2R3A6_02463	31P2R1A5_03717	95.531	179	8	0	5	183	1	179	9.70e-125	348
47P2R3A6_02463	38P2R3A13_07450	100.000	172	0	0	12	183	1	172	7.19e-124	346
47P2R3A6_02464	47P2R3A6_02464	100.000	797	0	0	1	797	1	797	0.0	1632
47P2R3A6_02464	18P3R3A11_03543	97.365	797	21	0	1	797	1	797	0.0	1598
47P2R3A6_02464	38P2R3A13_08171	99.307	722	5	0	76	797	1	722	0.0	1470
47P2R3A6_02464	14P1R2A4_05009	95.930	172	7	0	626	797	1	172	1.32e-103	316
47P2R3A6_02467	47P2R3A6_02467	100.000	290	0	0	1	290	1	290	0.0	604
47P2R3A6_02467	38P2R3A13_03513	97.931	290	6	0	1	290	1	290	0.0	593
47P2R3A6_02467	18P3R3A11_03546	95.517	290	13	0	1	290	1	290	0.0	584
47P2R3A6_02467	38P2R3A13_08206	99.625	267	1	0	24	290	1	267	0.0	552
47P2R3A6_02471	47P2R3A6_02471	100.000	91	0	0	1	91	1	91	9.20e-65	189
47P2R3A6_02499	47P2R3A6_02499	100.000	492	0	0	1	492	1	492	0.0	1004
47P2R3A6_02499	18P3R3A11_03709	97.154	492	14	0	1	492	1	492	0.0	982
47P2R3A6_02499	38P2R3A13_08501	100.000	461	0	0	32	492	1	461	0.0	941
47P2R3A6_02502	47P2R3A6_02502	100.000	439	0	0	1	439	1	439	0.0	897
47P2R3A6_02502	38P2R3A13_02597	97.039	439	13	0	1	439	1	439	0.0	881
47P2R3A6_02502	18P3R3A11_03712	95.672	439	19	0	1	439	1	439	0.0	845
47P2R3A6_02502	38P2R3A13_08491	100.000	365	0	0	75	439	1	365	0.0	746
47P2R3A6_02505	47P2R3A6_02505	100.000	496	0	0	1	496	1	496	0.0	1012
47P2R3A6_02505	18P3R3A11_03715	96.976	496	15	0	1	496	1	496	0.0	984
47P2R3A6_02505	38P2R3A13_08373	100.000	193	0	0	304	496	1	193	9.84e-138	395
47P2R3A6_02506	47P2R3A6_02506	100.000	589	0	0	1	589	1	589	0.0	1201
47P2R3A6_02506	18P3R3A11_03716	97.963	589	12	0	1	589	1	589	0.0	1184
47P2R3A6_02506	31P2R1A5_03762	95.416	589	27	0	1	589	1	589	0.0	1160
47P2R3A6_02556	47P2R3A6_02556	100.000	167	0	0	1	167	1	167	4.97e-119	333
47P2R3A6_02556	38P2R3A13_07246	100.000	149	0	0	19	167	1	149	6.01e-105	296
47P2R3A6_02557	47P2R3A6_02557	100.000	939	0	0	1	939	1	939	0.0	1944
47P2R3A6_02557	18P3R3A11_01535	97.764	939	21	0	1	939	1	939	0.0	1910
47P2R3A6_02557	38P2R3A13_07245	99.200	125	1	0	815	939	1	125	2.98e-78	250
47P2R3A6_02567	47P2R3A6_02567	100.000	318	0	0	1	318	1	318	0.0	650
47P2R3A6_02567	18P3R3A11_01525	97.799	318	7	0	1	318	1	318	0.0	637
47P2R3A6_02567	38P2R3A13_08696	100.000	295	0	0	24	318	1	295	0.0	604
47P2R3A6_02596	47P2R3A6_02596	100.000	248	0	0	1	248	1	248	0.0	506
47P2R3A6_02596	38P2R3A13_06480	100.000	235	0	0	14	248	1	235	1.16e-173	477
47P2R3A6_02710	47P2R3A6_02710	100.000	243	0	0	1	243	1	243	0.0	499
47P2R3A6_02711	47P2R3A6_02711	100.000	253	0	0	1	253	1	253	0.0	517
47P2R3A6_02711	37P2R3-2A1_02170	95.257	253	12	0	1	253	1	253	1.05e-179	493
47P2R3A6_02750	47P2R3A6_02750	100.000	121	0	0	1	121	1	121	1.24e-83	239
47P2R3A6_02750	18P3R3A11_02067	96.694	121	4	0	1	121	1	121	5.35e-81	233
47P2R3A6_02754	47P2R3A6_02754	100.000	184	0	0	1	184	1	184	7.24e-128	357
47P2R3A6_02754	18P3R3A11_02062	96.196	184	7	0	1	184	1	184	4.59e-124	347
47P2R3A6_02754	38P2R3A13_08528	100.000	139	0	0	46	184	1	139	6.07e-94	269
47P2R3A6_02774	47P2R3A6_02774	100.000	446	0	0	1	446	1	446	0.0	904
47P2R3A6_02774	18P3R3A11_02039	95.067	446	22	0	1	446	1	446	0.0	870
47P2R3A6_02774	34P3R2A10_04567	95.255	274	13	0	169	442	1	274	0.0	538
47P2R3A6_02790	47P2R3A6_02790	100.000	150	0	0	1	150	1	150	6.72e-104	293
47P2R3A6_02790	18P3R3A11_02024	98.000	150	3	0	1	150	1	150	4.12e-102	289
47P2R3A6_02790	42P1R1A12_04688	96.000	150	6	0	1	150	1	150	3.29e-91	261
47P2R3A6_02792	47P2R3A6_02792	100.000	105	0	0	1	105	1	105	1.01e-74	216
47P2R3A6_02792	18P3R3A11_02022	96.190	105	4	0	1	105	1	105	3.36e-72	209
47P2R3A6_02792	10P3R2A13_01499	95.238	105	5	0	1	105	1	105	4.18e-72	209
47P2R3A6_02792	42P1R1A12_04686	95.238	105	5	0	1	105	1	105	5.34e-71	206
47P2R3A6_02816	47P2R3A6_02816	100.000	427	0	0	1	427	1	427	0.0	863
47P2R3A6_02816	18P3R3A11_01998	97.658	427	10	0	1	427	1	427	0.0	847
47P2R3A6_02816	38P2R3A13_08676	100.000	386	0	0	42	427	1	386	0.0	779
47P2R3A6_02817	47P2R3A6_02817	100.000	104	0	0	1	104	1	104	2.61e-73	212
47P2R3A6_02817	18P3R3A11_01997	95.192	104	5	0	1	104	1	104	1.98e-70	205
47P2R3A6_02819	47P2R3A6_02819	100.000	615	0	0	1	615	1	615	0.0	1253
47P2R3A6_02862	47P2R3A6_02862	100.000	1255	0	0	1	1255	1	1255	0.0	2537
47P2R3A6_02862	38P2R3A13_07872	99.918	1218	1	0	38	1255	1	1218	0.0	2465
47P2R3A6_02862	1P1R1A1_01495	96.109	514	20	0	742	1255	869	1382	0.0	999
47P2R3A6_02862	25P2R1A13_03937	96.109	514	20	0	742	1255	817	1330	0.0	999
47P2R3A6_02862	15P1R1A16_04827	96.640	506	17	0	750	1255	1	506	0.0	991
47P2R3A6_02862	51P2R2A10_01470	96.498	514	18	0	742	1255	860	1373	0.0	972
47P2R3A6_02864	47P2R3A6_02864	100.000	332	0	0	1	332	1	332	0.0	683
47P2R3A6_02864	18P3R3A11_03176	97.590	332	8	0	1	332	1	332	0.0	671
47P2R3A6_02864	42P1R1A12_02849	95.356	323	15	0	10	332	1	323	0.0	637
47P2R3A6_02872	47P2R3A6_02872	100.000	74	0	0	1	74	1	74	9.96e-52	155
47P2R3A6_02872	18P3R3A11_02764	97.297	74	2	0	1	74	1	74	7.43e-51	153
47P2R3A6_02872	42P1R1A12_02856	95.522	67	3	0	1	67	1	67	6.49e-46	141
47P2R3A6_02894	38P2R3A13_05291	100.000	117	0	0	1	117	11	127	4.47e-82	236
47P2R3A6_02894	47P2R3A6_02894	100.000	117	0	0	1	117	1	117	4.94e-82	235
47P2R3A6_02908	47P2R3A6_02908	100.000	244	0	0	1	244	1	244	0.0	501
47P2R3A6_02908	18P3R3A11_02801	97.541	244	6	0	1	244	1	244	3.95e-179	491
47P2R3A6_02958	47P2R3A6_02958	100.000	329	0	0	1	329	1	329	0.0	677
47P2R3A6_02958	38P2R3A13_00995	99.023	307	3	0	23	329	1	307	0.0	624
47P2R3A6_02958	18P3R3A11_02857	96.417	307	11	0	23	329	1	307	0.0	612
47P2R3A6_02958	38P2R3A13_07089	99.293	283	2	0	47	329	1	283	0.0	574
47P2R3A6_02968	47P2R3A6_02968	100.000	44	0	0	1	44	1	44	8.17e-27	90.5
47P2R3A6_02968	38P2R3A13_01005	95.455	44	1	1	1	44	1	43	1.70e-23	82.4
47P2R3A6_02970	47P2R3A6_02970	100.000	173	0	0	1	173	1	173	2.05e-125	349
47P2R3A6_02970	18P3R3A11_02869	96.532	173	6	0	1	173	1	173	1.77e-122	342
47P2R3A6_02970	38P2R3A13_01007	97.688	173	4	0	1	173	1	173	1.11e-121	340
47P2R3A6_02970	38P2R3A13_08509	99.107	112	1	0	62	173	1	112	2.64e-77	226
47P2R3A6_02973	47P2R3A6_02973	100.000	53	0	0	1	53	1	53	6.30e-35	111
47P2R3A6_02999	47P2R3A6_02999	100.000	236	0	0	1	236	1	236	6.07e-168	462
47P2R3A6_02999	56P2R2A4_01120	97.881	236	5	0	1	236	1	236	7.10e-165	454
47P2R3A6_02999	18P3R3A11_01365	96.186	236	9	0	1	236	1	236	1.24e-162	449
47P2R3A6_02999	38P2R3A13_05853	99.070	215	2	0	22	236	1	215	1.97e-148	412
47P2R3A6_03022	47P2R3A6_03022	100.000	334	0	0	1	334	1	334	0.0	699
47P2R3A6_03022	38P2R3A13_05854	99.644	281	1	0	54	334	1	281	0.0	582
47P2R3A6_03029	38P2R3A13_05861	100.000	1124	0	0	1	1124	54	1177	0.0	2295
47P2R3A6_03029	47P2R3A6_03029	100.000	1124	0	0	1	1124	1	1124	0.0	2289
47P2R3A6_03042	38P2R3A13_05874	100.000	185	0	0	1	185	7	191	1.27e-135	376
47P2R3A6_03042	47P2R3A6_03042	100.000	185	0	0	1	185	1	185	2.60e-135	375
47P2R3A6_03043	47P2R3A6_03043	100.000	126	0	0	1	126	1	126	2.05e-91	259
47P2R3A6_03046	47P2R3A6_03046	100.000	234	0	0	1	234	1	234	1.19e-169	466
47P2R3A6_03049	47P2R3A6_03049	100.000	157	0	0	1	157	1	157	6.38e-114	319
47P2R3A6_03049	18P3R3A11_00636	97.452	157	4	0	1	157	1	157	2.59e-110	310
47P2R3A6_03049	38P2R3A13_04752	97.452	157	4	0	1	157	1	157	7.34e-110	309
47P2R3A6_03050	47P2R3A6_03050	100.000	158	0	0	1	158	1	158	4.10e-115	322
47P2R3A6_03050	18P3R3A11_00637	96.835	158	5	0	1	158	1	158	1.02e-112	316
47P2R3A6_03050	38P2R3A13_04753	95.570	158	7	0	1	158	1	158	3.47e-111	312
47P2R3A6_03051	47P2R3A6_03051	100.000	58	0	0	1	58	1	58	2.11e-34	110
47P2R3A6_03051	18P3R3A11_00638	96.552	58	2	0	1	58	1	58	9.39e-34	108
47P2R3A6_03051	38P2R3A13_04754	96.552	58	2	0	1	58	1	58	1.96e-33	108
47P2R3A6_03052	47P2R3A6_03052	100.000	56	0	0	1	56	1	56	3.38e-33	107
47P2R3A6_03054	47P2R3A6_03054	100.000	605	0	0	1	605	1	605	0.0	1251
47P2R3A6_03054	38P2R3A13_04756	98.692	535	7	0	71	605	1	535	0.0	1087
47P2R3A6_03055	47P2R3A6_03055	100.000	203	0	0	1	203	1	203	1.68e-152	420
47P2R3A6_03055	38P2R3A13_07144	99.507	203	1	0	1	203	15	217	2.49e-151	418
47P2R3A6_03055	52P2R3A10_01064	96.059	203	8	0	1	203	1	203	1.06e-147	408
47P2R3A6_03055	38P2R3A13_04757	96.059	203	8	0	1	203	15	217	1.48e-147	408
47P2R3A6_03055	56P2R2A4_01098	95.567	203	9	0	1	203	71	273	1.82e-146	408
47P2R3A6_03055	18P3R3A11_01342	96.059	203	8	0	1	203	71	273	1.44e-145	405
47P2R3A6_03077	47P2R3A6_03077	100.000	265	0	0	1	265	1	265	0.0	533
47P2R3A6_03077	38P2R3A13_04779	96.255	267	6	2	1	265	1	265	0.0	510
47P2R3A6_03077	18P3R3A11_01320	95.849	265	11	0	1	265	1	265	9.71e-152	424
47P2R3A6_03085	47P2R3A6_03085	100.000	38	0	0	1	38	1	38	1.67e-21	77.0
47P2R3A6_03086	47P2R3A6_03086	100.000	380	0	0	1	380	1	380	0.0	769
47P2R3A6_03086	18P3R3A11_01311	96.842	380	12	0	1	380	1	380	0.0	754
47P2R3A6_03094	47P2R3A6_03094	100.000	936	0	0	1	936	1	936	0.0	1958
47P2R3A6_03094	18P3R3A11_01303	97.222	936	26	0	1	936	1	936	0.0	1918
47P2R3A6_03115	47P2R3A6_03115	100.000	183	0	0	1	183	1	183	3.84e-138	382
47P2R3A6_03115	38P2R3A13_04304	96.175	183	7	0	1	183	1	183	4.25e-132	367
47P2R3A6_03115	18P3R3A11_01282	95.628	183	8	0	1	183	1	183	2.65e-131	365
47P2R3A6_03117	47P2R3A6_03117	100.000	96	0	0	1	96	1	96	1.87e-62	184
47P2R3A6_03117	38P2R3A13_04302	97.917	96	2	0	1	96	1	96	3.55e-61	181
47P2R3A6_03117	18P3R3A11_01280	96.875	96	3	0	1	96	1	96	2.30e-60	179
47P2R3A6_03117	56P2R2A4_01039	95.833	96	4	0	1	96	1	96	4.95e-60	178
47P2R3A6_03120	47P2R3A6_03120	100.000	111	0	0	1	111	1	111	3.56e-79	228
47P2R3A6_03120	38P2R3A13_08261	100.000	111	0	0	1	111	16	126	9.13e-79	227
47P2R3A6_03122	47P2R3A6_03122	100.000	556	0	0	1	556	1	556	0.0	1162
47P2R3A6_03122	56P2R2A4_01034	97.662	556	13	0	1	556	1	556	0.0	1143
47P2R3A6_03122	18P3R3A11_01275	96.942	556	17	0	1	556	1	556	0.0	1139
47P2R3A6_03122	38P2R3A13_08259	100.000	378	0	0	179	556	1	378	0.0	791
47P2R3A6_03125	47P2R3A6_03125	100.000	383	0	0	1	383	1	383	0.0	783
47P2R3A6_03125	18P3R3A11_01272	96.084	383	15	0	1	383	1	383	0.0	759
47P2R3A6_03125	56P2R2A4_01031	95.300	383	18	0	1	383	1	383	0.0	751
47P2R3A6_03167	47P2R3A6_03167	100.000	38	0	0	1	38	1	38	1.29e-21	77.0
47P2R3A6_03217	47P2R3A6_03217	100.000	678	0	0	1	678	1	678	0.0	1389
47P2R3A6_03217	18P3R3A11_01171	97.935	678	14	0	1	678	1	678	0.0	1367
47P2R3A6_03217	31P2R1A5_05039	96.746	676	22	0	1	676	1	676	0.0	1349
47P2R3A6_03217	10P3R2A13_00998	95.280	678	32	0	1	678	1	678	0.0	1330
47P2R3A6_03217	38P2R3A13_05029	99.523	629	3	0	50	678	1	629	0.0	1280
47P2R3A6_03234	47P2R3A6_03234	100.000	125	0	0	1	125	1	125	2.76e-91	259
47P2R3A6_03248	47P2R3A6_03248	100.000	332	0	0	1	332	1	332	0.0	689
47P2R3A6_03248	38P2R3A13_04031	100.000	305	0	0	28	332	1	305	0.0	634
47P2R3A6_03255	47P2R3A6_03255	100.000	233	0	0	1	233	1	233	4.47e-173	475
47P2R3A6_03255	38P2R3A13_04038	100.000	233	0	0	1	233	29	261	2.48e-172	474
47P2R3A6_03264	47P2R3A6_03264	100.000	179	0	0	1	179	1	179	1.07e-132	368
47P2R3A6_03264	38P2R3A13_04047	100.000	179	0	0	1	179	61	239	1.31e-132	370
47P2R3A6_03265	47P2R3A6_03265	100.000	305	0	0	1	305	1	305	0.0	619
47P2R3A6_03306	47P2R3A6_03306	100.000	455	0	0	1	455	1	455	0.0	932
47P2R3A6_03306	18P3R3A11_04544	95.385	455	21	0	1	455	1	455	0.0	896
47P2R3A6_03306	38P2R3A13_01364	97.975	395	8	0	61	455	1	395	0.0	792
47P2R3A6_03306	38P2R3A13_07892	99.640	278	1	0	178	455	1	278	0.0	560
47P2R3A6_03321	47P2R3A6_03321	100.000	193	0	0	1	193	1	193	3.60e-142	393
47P2R3A6_03321	18P3R3A11_03312	97.409	193	5	0	1	193	1	193	9.52e-139	385
47P2R3A6_03321	10P3R2A13_03396	96.891	193	6	0	1	193	1	193	8.01e-137	380
47P2R3A6_03322	47P2R3A6_03322	100.000	256	0	0	1	256	1	256	0.0	536
47P2R3A6_03322	18P3R3A11_03311	96.094	256	10	0	1	256	1	256	0.0	523
47P2R3A6_03323	47P2R3A6_03323	100.000	247	0	0	1	247	1	247	0.0	513
47P2R3A6_03323	38P2R3A13_01347	97.166	247	7	0	1	247	1	247	0.0	504
47P2R3A6_03323	18P3R3A11_03310	96.356	247	9	0	1	247	1	247	0.0	501
47P2R3A6_03384	47P2R3A6_03384	100.000	453	0	0	1	453	1	453	0.0	903
47P2R3A6_03384	38P2R3A13_01294	98.272	405	7	0	49	453	1	405	0.0	781
47P2R3A6_03384	18P3R3A11_02350	95.802	405	17	0	49	453	1	405	0.0	770
47P2R3A6_03413	47P2R3A6_03413	100.000	324	0	0	1	324	1	324	0.0	653
47P2R3A6_03413	38P2R3A13_01266	96.296	324	12	0	1	324	1	324	0.0	636
47P2R3A6_03413	18P3R3A11_02322	95.062	324	16	0	1	324	1	324	0.0	634
47P2R3A6_03413	38P2R3A13_08048	98.870	177	2	0	148	324	1	177	2.40e-119	341
47P2R3A6_03413	34P3R2A10_02822	97.368	152	4	0	173	324	1	152	7.33e-102	295
47P2R3A6_03425	47P2R3A6_03425	100.000	300	0	0	1	300	1	300	0.0	601
47P2R3A6_03425	38P2R3A13_07152	97.333	300	8	0	1	300	1	300	0.0	586
47P2R3A6_03425	18P3R3A11_02310	97.667	300	7	0	1	300	1	300	0.0	585
47P2R3A6_03425	38P2R3A13_01254	97.000	300	9	0	1	300	1	300	0.0	583
47P2R3A6_03434	47P2R3A6_03434	100.000	172	0	0	1	172	1	172	1.91e-124	347
47P2R3A6_03434	18P3R3A11_02300	98.256	172	3	0	1	172	35	206	8.88e-123	344
47P2R3A6_03434	31P2R1A5_03276	97.093	172	5	0	1	172	33	204	1.77e-120	338
47P2R3A6_03434	38P2R3A13_08648	99.355	155	1	0	18	172	1	155	4.91e-110	310
47P2R3A6_03488	47P2R3A6_03488	100.000	625	0	0	1	625	1	625	0.0	1282
47P2R3A6_03488	18P3R3A11_02245	97.920	625	13	0	1	625	1	625	0.0	1262
47P2R3A6_03513	47P2R3A6_03513	100.000	241	0	0	1	241	1	241	2.02e-180	494
47P2R3A6_03513	38P2R3A13_06524	100.000	233	0	0	9	241	1	233	8.58e-175	479
47P2R3A6_03595	47P2R3A6_03595	100.000	237	0	0	1	237	1	237	6.28e-175	480
47P2R3A6_03595	38P2R3A13_03951	97.468	237	6	0	1	237	1	237	2.60e-171	471
47P2R3A6_03595	18P3R3A11_02108	95.781	237	10	0	1	237	1	237	3.38e-170	468
47P2R3A6_03610	47P2R3A6_03610	100.000	275	0	0	1	275	1	275	0.0	570
47P2R3A6_03610	38P2R3A13_07020	100.000	191	0	0	85	275	1	191	2.16e-144	402
47P2R3A6_03610	38P2R3A13_03966	96.859	191	6	0	85	275	1	191	4.46e-141	394
47P2R3A6_03610	18P3R3A11_03593	95.288	191	9	0	85	275	1	191	3.69e-139	389
47P2R3A6_03640	47P2R3A6_03640	100.000	258	0	0	1	258	1	258	0.0	527
47P2R3A6_03640	38P2R3A13_03987	97.287	258	7	0	1	258	1	258	0.0	514
47P2R3A6_03640	18P3R3A11_03563	96.512	258	9	0	1	258	1	258	0.0	514
47P2R3A6_03640	38P2R3A13_08010	99.438	178	1	0	1	178	1	178	7.71e-130	365
47P2R3A6_03640	38P2R3A13_08009	100.000	74	0	0	185	258	1	74	6.71e-48	153
47P2R3A6_03645	47P2R3A6_03645	100.000	340	0	0	1	340	1	340	0.0	694
47P2R3A6_03645	18P3R3A11_02171	97.059	340	10	0	1	340	1	340	0.0	676
47P2R3A6_03645	38P2R3A13_08004	96.053	76	3	0	265	340	1	76	1.15e-44	147
47P2R3A6_03647	47P2R3A6_03647	100.000	84	0	0	1	84	1	84	1.07e-58	174
47P2R3A6_03647	18P3R3A11_02173	97.619	84	2	0	1	84	1	84	1.24e-57	171
47P2R3A6_03674	47P2R3A6_03674	100.000	405	0	0	1	405	1	405	0.0	827
47P2R3A6_03674	18P3R3A11_02200	97.037	405	12	0	1	405	1	405	0.0	806
47P2R3A6_03674	38P2R3A13_04666	96.790	405	13	0	1	405	1	405	0.0	803
47P2R3A6_03676	47P2R3A6_03676	100.000	199	0	0	1	199	1	199	8.43e-145	400
47P2R3A6_03676	18P3R3A11_02202	97.990	199	4	0	1	199	1	199	6.37e-142	393
47P2R3A6_03676	10P3R2A13_03180	96.985	199	6	0	1	199	1	199	2.65e-141	392
47P2R3A6_03676	31P2R1A5_02477	95.980	199	8	0	1	199	1	199	2.46e-132	369
47P2R3A6_03676	38P2R3A13_08574	100.000	85	0	0	115	199	1	85	1.98e-57	176
47P2R3A6_03679	47P2R3A6_03679	100.000	288	0	0	1	288	1	288	0.0	579
47P2R3A6_03679	18P3R3A11_02205	96.181	288	11	0	1	288	1	288	0.0	561
47P2R3A6_03679	38P2R3A13_08286	100.000	251	0	0	38	288	1	251	0.0	499
47P2R3A6_03685	47P2R3A6_03685	100.000	230	0	0	1	230	1	230	7.79e-175	479
47P2R3A6_03685	38P2R3A13_07082	100.000	219	0	0	12	230	1	219	4.36e-165	454
47P2R3A6_03721	47P2R3A6_03721	100.000	460	0	0	1	460	1	460	0.0	954
47P2R3A6_03721	18P3R3A11_02965	97.174	460	13	0	1	460	1	460	0.0	937
47P2R3A6_03721	38P2R3A13_08531	99.408	169	1	0	292	460	1	169	4.91e-123	355
47P2R3A6_03721	38P2R3A13_08530	99.301	143	1	0	143	285	1	143	8.76e-102	300
47P2R3A6_03723	47P2R3A6_03723	100.000	397	0	0	1	397	1	397	0.0	774
47P2R3A6_03723	18P3R3A11_02963	96.474	397	14	0	1	397	1	397	0.0	753
47P2R3A6_03744	47P2R3A6_03744	100.000	249	0	0	1	249	1	249	0.0	511
47P2R3A6_03744	18P3R3A11_02937	97.189	249	7	0	1	249	1	249	0.0	499
47P2R3A6_03744	38P2R3A13_06837	100.000	116	0	0	134	249	1	116	2.39e-82	241
47P2R3A6_03758	47P2R3A6_03758	100.000	804	0	0	1	804	1	804	0.0	1666
47P2R3A6_03758	18P3R3A11_02923	96.891	804	25	0	1	804	1	804	0.0	1623
47P2R3A6_03758	38P2R3A13_06851	99.792	480	1	0	325	804	1	480	0.0	984
47P2R3A6_03758	43P2R2A2_04869	98.734	79	1	0	726	804	1	79	7.08e-47	161
47P2R3A6_03759	47P2R3A6_03759	100.000	358	0	0	1	358	1	358	0.0	738
47P2R3A6_03759	18P3R3A11_02922	97.765	358	8	0	1	358	1	358	0.0	723
47P2R3A6_03759	10P3R2A13_03278	96.369	358	13	0	1	358	1	358	0.0	709
47P2R3A6_03761	47P2R3A6_03761	100.000	466	0	0	1	466	1	466	0.0	960
47P2R3A6_03761	10P3R2A13_03280	95.940	468	17	1	1	466	1	468	0.0	919
47P2R3A6_03762	47P2R3A6_03762	100.000	109	0	0	1	109	1	109	1.33e-76	221
47P2R3A6_03762	18P3R3A11_02919	97.248	109	3	0	1	109	1	109	2.82e-74	215
47P2R3A6_03762	10P3R2A13_03282	96.330	109	4	0	1	109	1	109	3.22e-74	215
47P2R3A6_03762	42P1R1A12_03545	96.330	109	4	0	1	109	1	109	4.75e-73	212
47P2R3A6_03762	38P2R3A13_03346	96.330	109	4	0	1	109	1	109	6.82e-73	211
47P2R3A6_03763	47P2R3A6_03763	100.000	548	0	0	1	548	1	548	0.0	1129
47P2R3A6_03763	18P3R3A11_02918	97.628	548	13	0	1	548	1	548	0.0	1110
47P2R3A6_03772	47P2R3A6_03772	100.000	258	0	0	1	258	1	258	0.0	538
47P2R3A6_03772	10P3R2A13_03302	96.512	258	9	0	1	258	1	258	0.0	525
47P2R3A6_03772	18P3R3A11_02909	96.512	258	9	0	1	258	1	258	0.0	523
47P2R3A6_03780	47P2R3A6_03780	100.000	288	0	0	1	288	1	288	0.0	592
47P2R3A6_03780	18P3R3A11_02897	97.917	288	6	0	1	288	1	288	0.0	583
47P2R3A6_03810	47P2R3A6_03810	100.000	274	0	0	1	274	1	274	0.0	541
47P2R3A6_03810	18P3R3A11_01929	97.761	268	6	0	1	268	1	268	0.0	519
47P2R3A6_03811	47P2R3A6_03811	100.000	73	0	0	1	73	1	73	1.04e-47	145
47P2R3A6_03815	47P2R3A6_03815	100.000	184	0	0	1	184	1	184	3.97e-138	382
47P2R3A6_03815	18P3R3A11_01924	97.283	184	5	0	1	184	1	184	7.64e-135	374
47P2R3A6_03815	38P2R3A13_06656	100.000	122	0	0	63	184	1	122	6.71e-89	256
47P2R3A6_03815	38P2R3A13_06657	100.000	53	0	0	1	53	1	53	1.33e-32	111
47P2R3A6_03847	47P2R3A6_03847	100.000	440	0	0	1	440	1	440	0.0	873
47P2R3A6_03847	38P2R3A13_08647	100.000	371	0	0	70	440	1	371	0.0	723
47P2R3A6_03848	47P2R3A6_03848	100.000	363	0	0	1	363	1	363	0.0	737
47P2R3A6_03848	38P2R3A13_02346	97.521	363	9	0	1	363	1	363	0.0	720
47P2R3A6_03848	18P3R3A11_01892	96.694	363	12	0	1	363	1	363	0.0	711
47P2R3A6_03857	47P2R3A6_03857	100.000	228	0	0	1	228	1	228	2.82e-172	473
47P2R3A6_03857	38P2R3A13_02355	97.368	228	6	0	1	228	1	228	9.39e-168	461
47P2R3A6_03857	18P3R3A11_01883	96.053	228	9	0	1	228	1	228	2.91e-166	457
47P2R3A6_03858	47P2R3A6_03858	100.000	134	0	0	1	134	1	134	3.37e-96	272
47P2R3A6_03858	38P2R3A13_02356	96.269	134	5	0	1	134	1	134	1.70e-93	266
47P2R3A6_03860	47P2R3A6_03860	100.000	540	0	0	1	540	1	540	0.0	1119
47P2R3A6_03860	18P3R3A11_01880	97.778	540	12	0	1	540	1	540	0.0	1101
47P2R3A6_03860	38P2R3A13_08393	99.744	391	1	0	150	540	1	391	0.0	806
47P2R3A6_03877	47P2R3A6_03877	100.000	277	0	0	1	277	1	277	0.0	564
47P2R3A6_03877	38P2R3A13_02375	96.029	277	11	0	1	277	1	277	0.0	544
47P2R3A6_03877	18P3R3A11_01864	95.668	277	12	0	1	277	1	277	0.0	541
47P2R3A6_03877	38P2R3A13_07258	99.612	258	1	0	20	277	1	258	0.0	522
47P2R3A6_03878	47P2R3A6_03878	100.000	111	0	0	1	111	1	111	1.06e-81	234
47P2R3A6_03878	18P3R3A11_01863	97.297	111	3	0	1	111	1	111	5.21e-80	229
47P2R3A6_03879	47P2R3A6_03879	100.000	503	0	0	1	503	1	503	0.0	1033
47P2R3A6_03879	18P3R3A11_01862	97.018	503	15	0	1	503	1	503	0.0	1005
47P2R3A6_03879	56P2R2A4_03140	95.825	503	21	0	1	503	1	503	0.0	967
47P2R3A6_03879	38P2R3A13_08012	100.000	427	0	0	77	503	1	427	0.0	884
47P2R3A6_03883	47P2R3A6_03883	100.000	658	0	0	1	658	1	658	0.0	1361
47P2R3A6_03883	38P2R3A13_02381	97.112	658	19	0	1	658	1	658	0.0	1330
47P2R3A6_03883	18P3R3A11_01858	95.289	658	31	0	1	658	1	658	0.0	1305
47P2R3A6_03899	47P2R3A6_03899	100.000	439	0	0	1	439	1	439	0.0	912
47P2R3A6_03899	18P3R3A11_01841	97.494	439	11	0	1	439	1	439	0.0	894
47P2R3A6_03899	38P2R3A13_07512	100.000	407	0	0	33	439	1	407	0.0	845
47P2R3A6_03905	47P2R3A6_03905	100.000	131	0	0	1	131	1	131	9.12e-95	268
47P2R3A6_03905	38P2R3A13_03086	97.656	128	3	0	1	128	1	128	9.94e-91	258
47P2R3A6_03905	38P2R3A13_08281	100.000	123	0	0	9	131	1	123	5.82e-89	253
47P2R3A6_03905	18P3R3A11_01835	95.276	127	6	0	1	127	1	127	1.73e-87	250
47P2R3A6_03911	47P2R3A6_03911	100.000	489	0	0	1	489	1	489	0.0	964
47P2R3A6_03911	34P3R2A10_01916	96.190	105	4	0	385	489	1	105	3.56e-66	208
47P2R3A6_03960	47P2R3A6_03960	100.000	231	0	0	1	231	1	231	5.81e-166	457
47P2R3A6_03960	38P2R3A13_02426	97.835	231	5	0	1	231	1	231	3.65e-162	447
47P2R3A6_03960	56P2R2A4_03092	97.403	231	6	0	1	231	1	231	6.18e-161	444
47P2R3A6_03961	47P2R3A6_03961	100.000	313	0	0	1	313	1	313	0.0	635
47P2R3A6_03961	38P2R3A13_02427	95.847	313	13	0	1	313	1	313	0.0	608
47P2R3A6_03962	47P2R3A6_03962	100.000	427	0	0	1	427	1	427	0.0	880
47P2R3A6_03962	38P2R3A13_02428	96.992	399	12	0	29	427	1	399	0.0	801
47P2R3A6_03962	18P3R3A11_01781	97.222	396	11	0	29	424	1	396	0.0	799
47P2R3A6_03963	47P2R3A6_03963	100.000	500	0	0	1	500	1	500	0.0	1006
47P2R3A6_03963	18P3R3A11_01780	97.800	500	11	0	1	500	1	500	0.0	991
47P2R3A6_03984	47P2R3A6_03984	100.000	669	0	0	1	669	1	669	0.0	1360
47P2R3A6_03984	38P2R3A13_02448	96.114	669	26	0	1	669	1	669	0.0	1313
47P2R3A6_03984	38P2R3A13_08313	100.000	617	0	0	53	669	1	617	0.0	1258
47P2R3A6_03988	47P2R3A6_03988	100.000	872	0	0	1	872	1	872	0.0	1795
47P2R3A6_03988	38P2R3A13_02452	97.133	872	25	0	1	872	1	872	0.0	1751
47P2R3A6_03988	18P3R3A11_04402	95.298	872	41	0	1	872	1	872	0.0	1726
47P2R3A6_03988	38P2R3A13_06547	99.844	642	1	0	231	872	1	642	0.0	1321
47P2R3A6_03988	38P2R3A13_06548	100.000	214	0	0	1	214	1	214	5.38e-149	437
47P2R3A6_04001	47P2R3A6_04001	100.000	515	0	0	1	515	1	515	0.0	1066
47P2R3A6_04001	38P2R3A13_01975	97.476	515	13	0	1	515	1	515	0.0	1048
47P2R3A6_04001	18P3R3A11_02562	96.893	515	16	0	1	515	1	515	0.0	1042
47P2R3A6_04001	38P2R3A13_07975	100.000	260	0	0	256	515	1	260	0.0	528
47P2R3A6_04006	47P2R3A6_04006	100.000	391	0	0	1	391	1	391	0.0	787
47P2R3A6_04006	38P2R3A13_01970	97.954	391	8	0	1	391	1	391	0.0	777
47P2R3A6_04006	18P3R3A11_02567	96.419	391	14	0	1	391	1	391	0.0	764
47P2R3A6_04027	47P2R3A6_04027	100.000	472	0	0	1	472	1	472	0.0	971
47P2R3A6_04027	18P3R3A11_02588	96.186	472	18	0	1	472	1	472	0.0	944
47P2R3A6_04027	38P2R3A13_05383	100.000	61	0	0	412	472	1	61	3.45e-35	125
47P2R3A6_04049	47P2R3A6_04049	100.000	177	0	0	1	177	1	177	1.54e-129	360
47P2R3A6_04049	38P2R3A13_05405	100.000	177	0	0	1	177	21	197	4.21e-129	360
47P2R3A6_04053	47P2R3A6_04053	100.000	119	0	0	1	119	1	119	1.19e-78	227
47P2R3A6_04061	47P2R3A6_04061	100.000	240	0	0	1	240	1	240	5.79e-179	490
47P2R3A6_04092	47P2R3A6_04092	100.000	83	0	0	1	83	1	83	1.40e-56	168
47P2R3A6_04092	18P3R3A11_04292	96.386	83	3	0	1	83	1	83	3.53e-55	165
47P2R3A6_04092	54P2R2A3_01881	96.386	83	3	0	1	83	1	83	1.12e-54	164
47P2R3A6_04092	31P2R1A5_01990	96.386	83	3	0	1	83	1	83	4.55e-54	162
47P2R3A6_04093	47P2R3A6_04093	100.000	179	0	0	1	179	1	179	1.19e-132	368
47P2R3A6_04093	18P3R3A11_04291	97.207	179	5	0	1	179	1	179	2.67e-130	362
47P2R3A6_04108	47P2R3A6_04108	100.000	327	0	0	1	327	1	327	0.0	664
47P2R3A6_04108	18P3R3A11_04276	97.859	327	7	0	1	327	1	327	0.0	654
47P2R3A6_04108	38P2R3A13_08589	100.000	301	0	0	27	327	1	301	0.0	613
47P2R3A6_04218	47P2R3A6_04218	100.000	120	0	0	1	120	1	120	3.66e-84	241
47P2R3A6_04218	18P3R3A11_03914	97.500	120	3	0	1	120	1	120	3.37e-82	236
47P2R3A6_04255	47P2R3A6_04255	100.000	298	0	0	1	298	1	298	0.0	603
47P2R3A6_04255	38P2R3A13_03894	97.987	298	6	0	1	298	1	298	0.0	593
47P2R3A6_04255	18P3R3A11_03952	95.302	298	14	0	1	298	1	298	0.0	581
47P2R3A6_04257	47P2R3A6_04257	100.000	169	0	0	1	169	1	169	1.20e-121	340
47P2R3A6_04302	47P2R3A6_04302	100.000	172	0	0	1	172	1	172	6.33e-122	340
47P2R3A6_04302	38P2R3A13_03855	95.930	172	7	0	1	172	1	172	1.64e-91	264
47P2R3A6_04352	47P2R3A6_04352	100.000	275	0	0	1	275	1	275	0.0	565
47P2R3A6_04352	10P3R2A13_02993	97.455	275	7	0	1	275	1	275	0.0	556
47P2R3A6_04352	18P3R3A11_02140	97.455	275	7	0	1	275	1	275	0.0	556
47P2R3A6_04352	31P2R1A5_04829	96.364	275	10	0	1	275	1	275	0.0	546
47P2R3A6_04352	38P2R3A13_08036	100.000	172	0	0	104	275	1	172	2.26e-124	351
47P2R3A6_04366	47P2R3A6_04366	100.000	300	0	0	1	300	1	300	0.0	598
47P2R3A6_04366	18P3R3A11_02126	97.333	300	8	0	1	300	1	300	0.0	583
47P2R3A6_04366	38P2R3A13_04182	97.000	300	9	0	1	300	1	300	0.0	582
47P2R3A6_04367	47P2R3A6_04367	100.000	318	0	0	1	318	1	318	0.0	649
47P2R3A6_04367	18P3R3A11_02125	97.799	318	7	0	1	318	1	318	0.0	636
47P2R3A6_04367	56P2R2A4_03837	96.855	318	10	0	1	318	1	318	0.0	631
47P2R3A6_04466	47P2R3A6_04466	100.000	271	0	0	1	271	1	271	0.0	565
47P2R3A6_04466	1P1R1A1_04603	95.610	205	9	0	67	271	1	205	4.02e-147	410
47P2R3A6_04466	38P2R3A13_08198	97.790	181	4	0	91	271	1	181	1.27e-131	370
47P2R3A6_04466	42P1R1A12_06128	96.685	181	6	0	91	271	1	181	1.43e-130	367
47P2R3A6_04551	47P2R3A6_04551	100.000	127	0	0	1	127	1	127	4.86e-91	259
47P2R3A6_04551	38P2R3A13_05904	97.638	127	3	0	1	127	1	127	1.08e-88	253
47P2R3A6_04551	18P3R3A11_04430	96.850	127	4	0	1	127	1	127	3.20e-87	249
47P2R3A6_04575	47P2R3A6_04575	100.000	224	0	0	1	224	1	224	5.36e-167	459
47P2R3A6_04575	38P2R3A13_04856	100.000	179	0	0	46	224	1	179	1.03e-131	368
4P1R1A3_00001	4P1R1A3_00001	100.000	78	0	0	1	78	1	78	1.76e-54	162
4P1R1A3_00001	12_1P1R2A2-1_00034	98.718	78	1	0	1	78	83	160	4.27e-53	162
4P1R1A3_00001	30P2R3A4_03960	97.436	78	2	0	1	78	85	162	4.58e-52	159
4P1R1A3_00001	14P1R2A4_04984	97.436	78	2	0	1	78	85	162	6.09e-52	159
4P1R1A3_00001	26P1R3A4_04648	97.436	78	2	0	1	78	85	162	6.29e-52	159
4P1R1A3_00001	25P2R1A13_04310	97.436	78	2	0	1	78	81	158	7.64e-52	159
4P1R1A3_00001	16_1P2R1A8-1_01433	97.436	78	2	0	1	78	85	162	9.13e-52	159
4P1R1A3_00001	25P2R1A13_04807	96.154	78	3	0	1	78	83	160	3.42e-42	134
4P1R1A3_00001	3P1R3A2_03080	96.154	78	3	0	1	78	78	155	5.32e-42	134
4P1R1A3_00001	15P1R1A16_03390	95.714	70	3	0	9	78	93	162	5.43e-42	134
4P1R1A3_00001	32P3R2A9_07200	98.333	60	1	0	19	78	1	60	8.52e-39	122
4P1R1A3_00411	4P1R1A3_00411	100.000	78	0	0	1	78	1	78	1.71e-53	160
4P1R1A3_02094	4P1R1A3_02094	100.000	191	0	0	1	191	1	191	3.51e-138	383
4P1R1A3_02094	15P1R1A16_05030	100.000	191	0	0	1	191	50	240	1.93e-137	383
4P1R1A3_02094	16_1P2R1A8-1_01566	100.000	191	0	0	1	191	89	279	5.82e-137	384
4P1R1A3_02094	40P3R1A10_04631	100.000	191	0	0	1	191	126	316	5.15e-136	382
4P1R1A3_02094	26P1R3A4_01607	100.000	191	0	0	1	191	126	316	7.00e-136	382
4P1R1A3_02435	4P1R1A3_02435	100.000	316	0	0	1	316	1	316	0.0	648
4P1R1A3_02435	10P3R2A13_02814	99.367	316	2	0	1	316	20	335	0.0	646
4P1R1A3_02435	34P3R2A10_03953	100.000	216	0	0	101	316	1	216	3.04e-161	448
4P1R1A3_03929	14P1R2A4_03731	100.000	295	0	0	1	295	218	512	0.0	613
4P1R1A3_03929	4P1R1A3_03929	100.000	295	0	0	1	295	1	295	0.0	611
4P1R1A3_03929	15P1R1A16_05135	96.587	293	10	0	1	293	1	293	0.0	589
4P1R1A3_03929	26P1R3A4_01331	97.255	255	7	0	39	293	1	255	0.0	513
4P1R1A3_04048	4P1R1A3_04048	100.000	94	0	0	1	94	1	94	2.40e-66	194
4P1R1A3_04048	14P1R2A4_02174	100.000	94	0	0	1	94	68	161	3.07e-66	196
4P1R1A3_04048	11P3R3A1_04195	98.936	94	1	0	1	94	27	120	7.70e-66	193
4P1R1A3_04048	25P2R1A13_03925	98.925	93	1	0	1	93	1	93	3.09e-65	195
4P1R1A3_04048	12_1P1R2A2-1_03414	100.000	94	0	0	1	94	130	223	5.99e-65	195
4P1R1A3_04048	12_1P1R2A2-1_03750	98.925	93	1	0	1	93	68	160	2.59e-64	195
4P1R1A3_04048	4P1R1A3_04652	96.774	93	3	0	1	93	85	177	1.42e-63	191
4P1R1A3_04048	27P2R2A12_01795	97.872	94	2	0	1	94	140	233	3.74e-63	191
4P1R1A3_04048	25P2R1A13_01389	97.872	94	2	0	1	94	161	254	4.66e-63	191
4P1R1A3_04048	19P1R1A6_04705	98.925	93	1	0	1	93	161	253	7.87e-63	194
4P1R1A3_04048	25P2R1A13_01390	97.849	93	2	0	1	93	130	222	9.79e-63	193
4P1R1A3_04048	1P1R1A1_04696	96.774	93	3	0	1	93	85	177	1.37e-62	191
4P1R1A3_04048	10P3R2A13_04165	95.699	93	4	0	1	93	68	160	1.39e-62	187
4P1R1A3_04048	1P1R1A1_04322	95.699	93	4	0	1	93	130	222	1.19e-61	187
4P1R1A3_04048	16_1P2R1A8-1_03764	95.699	93	4	0	1	93	161	253	2.01e-61	187
4P1R1A3_04048	10P3R2A13_02531	98.765	81	1	0	14	94	1	81	5.90e-56	167
4P1R1A3_04048	1P1R1A1_04544	98.750	80	1	0	14	93	1	80	1.99e-55	170
4P1R1A3_04048	25P2R1A13_04279	96.250	80	3	0	14	93	1	80	1.41e-54	168
4P1R1A3_04048	17P1R1A4_04097	95.062	81	4	0	14	94	1	81	8.47e-53	159
4P1R1A3_04048	11P3R3A1_03052	96.154	26	1	0	1	26	161	186	1.99e-09	52.0
4P1R1A3_04412	4P1R1A3_04412	100.000	139	0	0	1	139	1	139	2.98e-98	278
4P1R1A3_04436	4P1R1A3_04436	100.000	131	0	0	1	131	1	131	3.53e-88	252
4P1R1A3_04436	10P3R2A13_04945	97.710	131	3	0	1	131	1	131	4.63e-85	244
4P1R1A3_04436	10P3R2A13_04930	96.183	131	5	0	1	131	1	131	2.71e-83	239
4P1R1A3_04436	3P1R3A2_04613	95.420	131	6	0	1	131	1	131	5.41e-83	239
4P1R1A3_04436	28P2R1A12_04931	95.420	131	6	0	1	131	1	131	4.51e-70	206
4P1R1A3_04436	5P3R2A4_04221	97.727	88	2	0	44	131	1	88	7.94e-55	166
4P1R1A3_04450	4P1R1A3_04450	100.000	217	0	0	1	217	1	217	5.09e-158	436
4P1R1A3_04450	26P1R3A4_04316	100.000	176	0	0	42	217	1	176	3.66e-125	351
4P1R1A3_04450	3P1R3A2_04210	95.294	170	8	0	42	211	1	170	6.84e-113	325
4P1R1A3_04450	3P1R3A2_04460	98.936	94	1	0	118	211	1	94	9.02e-59	185
4P1R1A3_04539	4P1R1A3_04539	100.000	373	0	0	1	373	1	373	0.0	760
4P1R1A3_04539	14P1R2A4_04533	100.000	373	0	0	1	373	27	399	0.0	760
4P1R1A3_04643	4P1R1A3_04643	100.000	108	0	0	1	108	1	108	1.07e-77	224
4P1R1A3_04643	14P1R2A4_04829	99.074	108	1	0	1	108	25	132	7.10e-77	222
4P1R1A3_04652	4P1R1A3_04652	100.000	213	0	0	1	213	1	213	1.12e-158	437
4P1R1A3_04652	1P1R1A1_04696	96.552	203	7	0	1	203	1	203	1.42e-146	410
4P1R1A3_04652	12_1P1R2A2-1_03750	96.599	147	5	0	57	203	40	186	4.65e-103	299
4P1R1A3_04652	25P2R1A13_01390	97.279	147	4	0	57	203	102	248	9.04e-102	298
4P1R1A3_04652	19P1R1A6_04705	97.279	147	4	0	57	203	133	279	4.64e-101	297
4P1R1A3_04652	19P1R1A6_04705	98.214	56	1	0	1	56	1	56	5.36e-31	116
4P1R1A3_04652	25P2R1A13_03925	97.479	119	3	0	85	203	1	119	2.15e-83	246
4P1R1A3_04652	14P1R2A4_02174	95.868	121	5	0	57	177	40	160	2.23e-83	244
4P1R1A3_04652	12_1P1R2A2-1_03414	95.868	121	5	0	57	177	102	222	2.02e-81	242
4P1R1A3_04652	27P2R2A12_01795	100.000	35	0	0	22	56	1	35	6.41e-17	76.6
4P1R1A3_04652	25P2R1A13_01389	100.000	56	0	0	1	56	1	56	2.78e-33	120
4P1R1A3_04652	1P1R1A1_04544	98.113	106	2	0	98	203	1	106	9.19e-74	222
4P1R1A3_04652	25P2R1A13_04279	97.170	106	3	0	98	203	1	106	2.99e-73	220
4P1R1A3_04652	4P1R1A3_04048	96.774	93	3	0	85	177	1	93	3.21e-63	191
4P1R1A3_04652	10P3R2A13_02531	96.250	80	3	0	98	177	1	80	3.31e-53	165
4P1R1A3_04652	5P3R2A4_04814	98.214	56	1	0	1	56	1	56	7.23e-35	118
4P1R1A3_04652	28P2R1A12_04015	98.214	56	1	0	1	56	1	56	2.05e-34	117
4P1R1A3_04652	10P3R2A13_03392	98.182	55	1	0	149	203	1	55	5.50e-33	116
4P1R1A3_04652	28P2R1A12_03914	98.182	55	1	0	149	203	1	55	6.00e-33	116
4P1R1A3_04652	17P1R1A4_04459	96.429	56	2	0	1	56	1	56	2.36e-32	114
4P1R1A3_04652	55P3R1A11_04451	96.429	56	2	0	1	56	1	56	4.12e-32	113
4P1R1A3_04652	32P3R2A9_05485	95.349	43	2	0	1	43	1	43	9.75e-22	84.0
4P1R1A3_04652	12_1P1R2A2-1_04444	96.970	33	1	0	24	56	2	34	1.59e-15	68.6
4P1R1A3_04706	14P1R2A4_04671	100.000	374	0	0	1	374	122	495	0.0	775
4P1R1A3_04706	4P1R1A3_04706	100.000	374	0	0	1	374	1	374	0.0	773
4P1R1A3_04706	26P1R3A4_04688	100.000	341	0	0	34	374	1	341	0.0	710
4P1R1A3_04711	4P1R1A3_04711	100.000	381	0	0	1	381	1	381	0.0	788
4P1R1A3_04711	26P1R3A4_04621	99.738	381	1	0	1	381	122	502	0.0	788
4P1R1A3_04711	15P1R1A16_04855	99.688	320	1	0	62	381	1	320	0.0	663
4P1R1A3_04746	4P1R1A3_04746	100.000	190	0	0	1	190	1	190	5.18e-128	357
4P1R1A3_04747	4P1R1A3_04747	100.000	111	0	0	1	111	1	111	1.15e-78	226
4P1R1A3_04747	26P1R3A4_04767	95.745	94	4	0	18	111	1	94	4.80e-61	181
50P1R3A15_04471	50P1R3A15_04471	100.000	88	0	0	1	88	1	88	8.82e-62	182
50P1R3A15_04471	26P1R3A4_04205	100.000	88	0	0	1	88	45	132	4.03e-61	182
50P1R3A15_04607	50P1R3A15_04607	100.000	160	0	0	1	160	1	160	2.62e-113	318
50P1R3A15_04607	14P1R2A4_04910	99.351	154	1	0	7	160	12	165	4.32e-108	305
50P1R3A15_04607	19P1R1A6_04664	100.000	133	0	0	28	160	1	133	5.65e-93	265
50P1R3A15_04625	50P1R3A15_04625	100.000	197	0	0	1	197	1	197	7.59e-148	408
50P1R3A15_04625	14P1R2A4_04205	98.985	197	2	0	1	197	332	528	1.90e-142	407
50P1R3A15_04625	23P1R2A1_04588	98.985	197	2	0	1	197	354	550	3.05e-142	407
50P1R3A15_04625	19P1R1A6_04481	97.970	197	4	0	1	197	439	635	6.43e-140	404
50P1R3A15_04625	7P1R3A5_04608	97.970	197	4	0	1	197	459	655	8.51e-140	404
50P1R3A15_04625	15P1R1A16_03064	98.477	197	3	0	1	197	537	733	2.27e-139	406
51P2R2A10_00001	51P2R2A10_00001	100.000	115	0	0	1	115	1	115	2.29e-80	231
51P2R2A10_00001	51P2R2A10_05244	95.575	113	5	0	1	113	1	113	6.01e-76	220
51P2R2A10_00001	42P1R1A12_03198	95.575	113	5	0	1	113	96	208	2.07e-74	219
51P2R2A10_00002	51P2R2A10_00002	100.000	429	0	0	1	429	1	429	0.0	894
51P2R2A10_00002	42P1R1A12_04204	96.721	427	14	0	1	427	1	427	0.0	863
51P2R2A10_00004	51P2R2A10_00004	100.000	283	0	0	1	283	1	283	0.0	571
51P2R2A10_00007	51P2R2A10_00007	100.000	616	0	0	1	616	1	616	0.0	1249
51P2R2A10_00008	51P2R2A10_00008	100.000	529	0	0	1	529	1	529	0.0	1067
51P2R2A10_00008	42P1R1A12_04198	96.219	529	20	0	1	529	1	529	0.0	1028
51P2R2A10_00010	51P2R2A10_00010	100.000	210	0	0	1	210	1	210	2.24e-150	416
51P2R2A10_00011	51P2R2A10_00011	100.000	480	0	0	1	480	1	480	0.0	982
51P2R2A10_00011	42P1R1A12_04195	95.833	480	18	1	1	480	1	478	0.0	942
51P2R2A10_00012	51P2R2A10_00012	100.000	356	0	0	1	356	1	356	0.0	728
51P2R2A10_00013	51P2R2A10_00013	100.000	721	0	0	1	721	1	721	0.0	1464
51P2R2A10_00014	51P2R2A10_00014	100.000	477	0	0	1	477	1	477	0.0	972
51P2R2A10_00015	51P2R2A10_00015	100.000	387	0	0	1	387	1	387	0.0	783
51P2R2A10_00016	51P2R2A10_00016	100.000	330	0	0	1	330	1	330	0.0	674
51P2R2A10_00017	51P2R2A10_00017	100.000	385	0	0	1	385	1	385	0.0	793
51P2R2A10_00018	51P2R2A10_00018	100.000	419	0	0	1	419	1	419	0.0	815
51P2R2A10_00019	51P2R2A10_00019	100.000	367	0	0	1	367	1	367	0.0	732
51P2R2A10_00020	51P2R2A10_00020	100.000	202	0	0	1	202	1	202	1.26e-136	380
51P2R2A10_00021	51P2R2A10_00021	100.000	326	0	0	1	326	1	326	0.0	653
51P2R2A10_00022	51P2R2A10_00022	100.000	337	0	0	1	337	1	337	0.0	699
51P2R2A10_00024	51P2R2A10_00024	100.000	472	0	0	1	472	1	472	0.0	984
51P2R2A10_00025	51P2R2A10_00025	100.000	457	0	0	1	457	1	457	0.0	946
51P2R2A10_00031	51P2R2A10_00031	100.000	335	0	0	1	335	1	335	0.0	698
51P2R2A10_00031	42P1R1A12_04177	97.910	335	7	0	1	335	1	335	0.0	687
51P2R2A10_00034	51P2R2A10_00034	100.000	631	0	0	1	631	1	631	0.0	1316
51P2R2A10_00034	42P1R1A12_04174	96.672	631	21	0	1	631	1	631	0.0	1278
51P2R2A10_00035	51P2R2A10_00035	100.000	385	0	0	1	385	1	385	0.0	811
51P2R2A10_00035	42P1R1A12_04173	96.364	385	14	0	1	385	1	385	0.0	783
51P2R2A10_00036	51P2R2A10_00036	100.000	298	0	0	1	298	1	298	0.0	615
51P2R2A10_00038	51P2R2A10_00038	100.000	440	0	0	1	440	1	440	0.0	899
51P2R2A10_00041	51P2R2A10_00041	100.000	246	0	0	1	246	1	246	3.74e-179	491
51P2R2A10_00041	42P1R1A12_04167	97.154	246	7	0	1	246	1	246	1.99e-174	479
51P2R2A10_00041	31P2R1A5_00844	95.528	246	11	0	1	246	1	246	3.87e-170	469
51P2R2A10_00048	51P2R2A10_00048	100.000	297	0	0	1	297	1	297	0.0	605
51P2R2A10_00050	51P2R2A10_00050	100.000	168	0	0	1	168	1	168	4.93e-122	340
51P2R2A10_00050	42P1R1A12_04989	95.238	168	8	0	1	168	1	168	7.93e-107	302
51P2R2A10_00052	51P2R2A10_00052	100.000	525	0	0	1	525	1	525	0.0	1073
51P2R2A10_00052	42P1R1A12_04991	97.714	525	12	0	1	525	1	525	0.0	1051
51P2R2A10_00054	51P2R2A10_00054	100.000	177	0	0	1	177	1	177	2.15e-129	360
51P2R2A10_00055	51P2R2A10_00055	100.000	267	0	0	1	267	1	267	0.0	535
51P2R2A10_00056	51P2R2A10_00056	100.000	149	0	0	1	149	1	149	3.39e-107	301
