51P2R2A10_01011	51P2R2A10_01011	100.000	535	0	0	1	535	1	535	0.0	1059
51P2R2A10_01011	42P1R1A12_02730	97.570	535	13	0	1	535	1	535	0.0	1035
51P2R2A10_01012	51P2R2A10_01012	100.000	330	0	0	1	330	1	330	0.0	653
51P2R2A10_01012	42P1R1A12_02731	95.758	330	14	0	1	330	1	330	0.0	634
51P2R2A10_01013	51P2R2A10_01013	100.000	364	0	0	1	364	1	364	0.0	726
51P2R2A10_01014	51P2R2A10_01014	100.000	384	0	0	1	384	1	384	0.0	748
51P2R2A10_01015	51P2R2A10_01015	100.000	63	0	0	1	63	1	63	1.36e-42	131
51P2R2A10_01016	51P2R2A10_01016	100.000	108	0	0	1	108	1	108	1.77e-77	223
51P2R2A10_01018	51P2R2A10_01018	100.000	295	0	0	1	295	1	295	0.0	614
51P2R2A10_01018	42P1R1A12_02737	97.966	295	6	0	1	295	1	295	0.0	604
51P2R2A10_01019	51P2R2A10_01019	100.000	804	0	0	1	804	1	804	0.0	1672
51P2R2A10_01019	42P1R1A12_02738	96.269	804	30	0	1	804	1	804	0.0	1617
51P2R2A10_01020	51P2R2A10_01020	100.000	196	0	0	1	196	1	196	6.51e-148	408
51P2R2A10_01020	31P2R1A5_00663	95.408	196	9	0	1	196	1	196	1.01e-142	395
51P2R2A10_01020	42P1R1A12_02739	95.408	196	9	0	1	196	1	196	1.34e-142	395
51P2R2A10_01021	51P2R2A10_01021	100.000	293	0	0	1	293	1	293	0.0	571
51P2R2A10_01021	42P1R1A12_02740	95.904	293	12	0	1	293	1	293	0.0	526
51P2R2A10_01022	51P2R2A10_01022	100.000	258	0	0	1	258	1	258	0.0	521
51P2R2A10_01023	51P2R2A10_01023	100.000	339	0	0	1	339	1	339	0.0	689
51P2R2A10_01024	51P2R2A10_01024	100.000	162	0	0	1	162	1	162	2.94e-120	335
51P2R2A10_01024	42P1R1A12_02743	95.679	162	7	0	1	162	1	162	2.60e-115	323
51P2R2A10_01025	51P2R2A10_01025	100.000	461	0	0	1	461	1	461	0.0	969
51P2R2A10_01026	51P2R2A10_01026	100.000	309	0	0	1	309	1	309	0.0	641
51P2R2A10_01027	51P2R2A10_01027	100.000	97	0	0	1	97	1	97	3.64e-69	201
51P2R2A10_01027	42P1R1A12_02746	97.938	97	2	0	1	97	1	97	2.73e-67	196
51P2R2A10_01028	51P2R2A10_01028	100.000	373	0	0	1	373	1	373	0.0	748
51P2R2A10_01028	42P1R1A12_02747	95.979	373	15	0	1	373	1	373	0.0	725
51P2R2A10_01029	51P2R2A10_01029	100.000	266	0	0	1	266	1	266	0.0	530
51P2R2A10_01029	42P1R1A12_02748	95.113	266	13	0	1	266	1	266	5.91e-176	485
51P2R2A10_01030	51P2R2A10_01030	100.000	497	0	0	1	497	1	497	0.0	958
51P2R2A10_01030	42P1R1A12_02749	97.586	497	12	0	1	497	1	497	0.0	934
51P2R2A10_01031	51P2R2A10_01031	100.000	192	0	0	1	192	1	192	3.49e-142	393
51P2R2A10_01032	51P2R2A10_01032	100.000	463	0	0	1	463	1	463	0.0	919
51P2R2A10_01032	42P1R1A12_02751	97.192	463	13	0	1	463	1	463	0.0	897
51P2R2A10_01035	51P2R2A10_01035	100.000	232	0	0	1	232	1	232	1.97e-171	471
51P2R2A10_01037	51P2R2A10_01037	100.000	282	0	0	1	282	1	282	0.0	580
51P2R2A10_01037	42P1R1A12_02756	96.809	282	9	0	1	282	1	282	0.0	566
51P2R2A10_01038	51P2R2A10_01038	100.000	552	0	0	1	552	1	552	0.0	1058
51P2R2A10_01039	51P2R2A10_01039	100.000	323	0	0	1	323	1	323	0.0	654
51P2R2A10_01040	51P2R2A10_01040	100.000	234	0	0	1	234	1	234	4.85e-171	470
51P2R2A10_01042	51P2R2A10_01042	100.000	274	0	0	1	274	1	274	0.0	571
51P2R2A10_01042	42P1R1A12_02761	95.620	274	12	0	1	274	1	274	0.0	545
51P2R2A10_01043	51P2R2A10_01043	100.000	524	0	0	1	524	1	524	0.0	1078
51P2R2A10_01044	51P2R2A10_01044	100.000	100	0	0	1	100	1	100	4.17e-68	199
51P2R2A10_01044	42P1R1A12_02763	98.990	99	1	0	1	99	1	99	4.57e-65	202
51P2R2A10_01044	31P2R1A5_00683	98.990	99	1	0	1	99	1	99	1.67e-64	201
51P2R2A10_01044	54P2R2A3_00190	97.980	99	2	0	1	99	1	99	6.97e-64	199
51P2R2A10_01045	51P2R2A10_01045	100.000	361	0	0	1	361	1	361	0.0	727
51P2R2A10_01045	42P1R1A12_02763	98.615	361	5	0	1	361	101	461	0.0	716
51P2R2A10_01046	51P2R2A10_01046	100.000	535	0	0	1	535	1	535	0.0	1107
51P2R2A10_01046	42P1R1A12_02764	97.944	535	11	0	1	535	1	535	0.0	1086
51P2R2A10_01047	51P2R2A10_01047	100.000	149	0	0	1	149	1	149	2.57e-108	304
51P2R2A10_01050	51P2R2A10_01050	100.000	76	0	0	1	76	1	76	7.00e-52	156
51P2R2A10_01050	42P1R1A12_02768	96.053	76	3	0	1	76	1	76	5.30e-50	151
51P2R2A10_01051	51P2R2A10_01051	100.000	206	0	0	1	206	1	206	6.60e-153	422
51P2R2A10_01051	42P1R1A12_02769	96.117	206	8	0	1	206	1	206	2.38e-147	407
51P2R2A10_01052	51P2R2A10_01052	100.000	335	0	0	1	335	1	335	0.0	671
51P2R2A10_01052	42P1R1A12_02770	98.718	312	4	0	24	335	1	312	0.0	616
51P2R2A10_01054	51P2R2A10_01054	100.000	437	0	0	1	437	1	437	0.0	883
51P2R2A10_01054	42P1R1A12_02772	97.941	437	9	0	1	437	1	437	0.0	867
51P2R2A10_01054	31P2R1A5_00689	95.423	437	20	0	1	437	1	437	0.0	839
51P2R2A10_01057	51P2R2A10_01057	100.000	309	0	0	1	309	1	309	0.0	603
51P2R2A10_01060	51P2R2A10_01060	100.000	439	0	0	1	439	1	439	0.0	897
51P2R2A10_01060	42P1R1A12_02778	97.950	439	9	0	1	439	1	439	0.0	883
51P2R2A10_01062	51P2R2A10_01062	100.000	334	0	0	1	334	1	334	0.0	666
51P2R2A10_01062	42P1R1A12_02780	95.509	334	15	0	1	334	1	334	0.0	605
51P2R2A10_01063	51P2R2A10_01063	100.000	180	0	0	1	180	1	180	4.45e-131	364
51P2R2A10_01063	42P1R1A12_03301	96.667	180	6	0	1	180	1	180	4.44e-127	354
51P2R2A10_01064	51P2R2A10_01064	100.000	486	0	0	1	486	1	486	0.0	976
51P2R2A10_01064	42P1R1A12_03302	99.587	484	2	0	1	484	30	513	0.0	972
51P2R2A10_01064	31P2R1A5_00702	95.248	484	23	0	1	484	1	484	0.0	901
51P2R2A10_01065	51P2R2A10_01065	100.000	74	0	0	1	74	1	74	9.71e-50	150
51P2R2A10_01065	42P1R1A12_03303	97.297	74	2	0	1	74	1	74	3.09e-48	146
51P2R2A10_01068	51P2R2A10_01068	100.000	100	0	0	1	100	1	100	4.91e-68	199
51P2R2A10_01068	42P1R1A12_03306	98.000	100	2	0	1	100	1	100	3.33e-66	194
51P2R2A10_01069	51P2R2A10_01069	100.000	312	0	0	1	312	1	312	0.0	635
51P2R2A10_01069	42P1R1A12_03307	96.474	312	11	0	1	312	1	312	0.0	616
51P2R2A10_01070	51P2R2A10_01070	100.000	346	0	0	1	346	1	346	0.0	703
51P2R2A10_01070	42P1R1A12_03308	97.977	346	7	0	1	346	1	346	0.0	694
51P2R2A10_01071	51P2R2A10_01071	100.000	192	0	0	1	192	1	192	8.86e-142	392
51P2R2A10_01071	42P1R1A12_03309	97.917	192	4	0	1	192	1	192	7.56e-139	385
51P2R2A10_01072	51P2R2A10_01072	100.000	173	0	0	1	173	1	173	5.29e-129	358
51P2R2A10_01073	51P2R2A10_01073	100.000	150	0	0	1	150	1	150	8.78e-102	288
51P2R2A10_01073	42P1R1A12_03312	96.667	150	5	0	1	150	1	150	2.37e-99	281
51P2R2A10_01074	51P2R2A10_01074	100.000	78	0	0	1	78	1	78	1.18e-49	150
51P2R2A10_01074	42P1R1A12_03313	96.154	78	3	0	1	78	1	78	2.23e-47	145
51P2R2A10_01075	51P2R2A10_01075	100.000	533	0	0	1	533	1	533	0.0	1102
51P2R2A10_01075	42P1R1A12_03314	96.060	533	21	0	1	533	1	533	0.0	1068
51P2R2A10_01076	51P2R2A10_01076	100.000	478	0	0	1	478	1	478	0.0	962
51P2R2A10_01076	42P1R1A12_03315	95.397	478	22	0	1	478	1	478	0.0	835
51P2R2A10_01077	51P2R2A10_01077	100.000	419	0	0	1	419	1	419	0.0	860
51P2R2A10_01078	51P2R2A10_01078	100.000	257	0	0	1	257	1	257	0.0	516
51P2R2A10_01079	51P2R2A10_01079	100.000	58	0	0	1	58	1	58	5.31e-36	114
51P2R2A10_01081	51P2R2A10_01081	100.000	41	0	0	1	41	1	41	3.24e-22	79.0
51P2R2A10_01081	42P1R1A12_03321	97.561	41	1	0	1	41	1	41	2.34e-11	51.6
51P2R2A10_01082	51P2R2A10_01082	100.000	476	0	0	1	476	1	476	0.0	979
51P2R2A10_01082	42P1R1A12_03322	95.588	476	21	0	1	476	1	476	0.0	943
51P2R2A10_01083	51P2R2A10_01083	100.000	269	0	0	1	269	1	269	0.0	525
51P2R2A10_01083	42P1R1A12_03323	97.026	269	8	0	1	269	1	269	0.0	514
51P2R2A10_01084	51P2R2A10_01084	100.000	310	0	0	1	310	1	310	0.0	603
51P2R2A10_01084	42P1R1A12_03324	96.129	310	12	0	1	310	1	310	0.0	587
51P2R2A10_01085	51P2R2A10_01085	100.000	337	0	0	1	337	1	337	0.0	683
51P2R2A10_01086	51P2R2A10_01086	100.000	382	0	0	1	382	1	382	0.0	791
51P2R2A10_01086	42P1R1A12_03326	97.906	382	8	0	1	382	1	382	0.0	777
51P2R2A10_01087	51P2R2A10_01087	100.000	471	0	0	1	471	1	471	0.0	968
51P2R2A10_01087	42P1R1A12_03327	96.815	471	15	0	1	471	1	471	0.0	941
51P2R2A10_01089	51P2R2A10_01089	100.000	337	0	0	1	337	1	337	0.0	660
51P2R2A10_01089	42P1R1A12_03329	97.033	337	10	0	1	337	1	337	0.0	644
51P2R2A10_01090	51P2R2A10_01090	100.000	42	0	0	1	42	1	42	6.06e-22	78.2
51P2R2A10_01090	42P1R1A12_03330	95.238	42	2	0	1	42	1	42	7.84e-21	75.5
51P2R2A10_01091	51P2R2A10_01091	100.000	78	0	0	1	78	1	78	4.44e-53	159
51P2R2A10_01093	51P2R2A10_01093	100.000	179	0	0	1	179	1	179	3.06e-132	367
51P2R2A10_01093	42P1R1A12_03333	95.455	176	8	0	1	176	1	176	4.59e-124	347
51P2R2A10_01094	51P2R2A10_01094	100.000	142	0	0	1	142	1	142	2.69e-102	288
51P2R2A10_01095	51P2R2A10_01095	100.000	389	0	0	1	389	1	389	0.0	740
51P2R2A10_01096	51P2R2A10_01096	100.000	289	0	0	1	289	1	289	0.0	605
51P2R2A10_01096	42P1R1A12_03335	95.848	289	12	0	1	289	4	292	0.0	578
51P2R2A10_01097	51P2R2A10_01097	100.000	303	0	0	1	303	1	303	0.0	598
51P2R2A10_01097	42P1R1A12_03336	98.344	302	5	0	1	302	36	337	0.0	585
51P2R2A10_01098	51P2R2A10_01098	100.000	223	0	0	1	223	1	223	1.44e-166	457
51P2R2A10_01098	42P1R1A12_03337	97.758	223	5	0	1	223	1	223	1.37e-162	447
51P2R2A10_01100	51P2R2A10_01100	100.000	410	0	0	1	410	1	410	0.0	847
51P2R2A10_01101	51P2R2A10_01101	100.000	199	0	0	1	199	1	199	2.70e-149	412
51P2R2A10_01102	51P2R2A10_01102	100.000	333	0	0	1	333	1	333	0.0	657
51P2R2A10_01102	42P1R1A12_03341	96.697	333	11	0	1	333	1	333	0.0	642
51P2R2A10_01103	51P2R2A10_01103	100.000	327	0	0	1	327	1	327	0.0	664
51P2R2A10_01104	51P2R2A10_01104	100.000	195	0	0	1	195	1	195	5.47e-147	406
51P2R2A10_01106	51P2R2A10_01106	100.000	208	0	0	1	208	1	208	8.37e-155	427
51P2R2A10_01106	42P1R1A12_03345	97.596	208	5	0	1	208	1	208	2.38e-152	421
51P2R2A10_01107	51P2R2A10_01107	100.000	503	0	0	1	503	1	503	0.0	1032
51P2R2A10_01107	42P1R1A12_03346	97.018	503	15	0	1	503	1	503	0.0	1007
51P2R2A10_01108	51P2R2A10_01108	100.000	448	0	0	1	448	1	448	0.0	916
51P2R2A10_01108	42P1R1A12_03347	97.991	448	9	0	1	448	1	448	0.0	900
51P2R2A10_01110	51P2R2A10_01110	100.000	207	0	0	1	207	1	207	5.29e-154	424
51P2R2A10_01110	42P1R1A12_03349	96.618	207	7	0	1	207	1	207	2.14e-150	415
51P2R2A10_01112	51P2R2A10_01112	100.000	791	0	0	1	791	1	791	0.0	1619
51P2R2A10_01112	42P1R1A12_03351	97.724	791	18	0	1	791	1	791	0.0	1592
51P2R2A10_01113	51P2R2A10_01113	100.000	93	0	0	1	93	1	93	6.01e-65	190
51P2R2A10_01116	51P2R2A10_01116	100.000	176	0	0	1	176	1	176	1.62e-127	355
51P2R2A10_01116	42P1R1A12_03355	96.591	176	6	0	1	176	1	176	1.37e-123	345
51P2R2A10_01118	51P2R2A10_01118	100.000	55	0	0	1	55	1	55	1.34e-31	103
51P2R2A10_01119	51P2R2A10_01119	100.000	66	0	0	1	66	1	66	1.19e-40	127
51P2R2A10_01120	51P2R2A10_01120	100.000	68	0	0	1	68	1	68	1.22e-44	137
51P2R2A10_01120	42P1R1A12_03359	97.059	68	2	0	1	68	1	68	2.05e-43	134
51P2R2A10_01121	51P2R2A10_01121	100.000	324	0	0	1	324	1	324	0.0	666
51P2R2A10_01121	42P1R1A12_03360	95.988	324	13	0	1	324	1	324	0.0	648
51P2R2A10_01122	51P2R2A10_01122	100.000	309	0	0	1	309	1	309	0.0	629
51P2R2A10_01123	51P2R2A10_01123	100.000	165	0	0	1	165	1	165	1.12e-120	337
51P2R2A10_01124	51P2R2A10_01124	100.000	333	0	0	1	333	1	333	0.0	681
51P2R2A10_01124	42P1R1A12_03363	97.598	333	8	0	1	333	1	333	0.0	667
51P2R2A10_01126	51P2R2A10_01126	100.000	264	0	0	1	264	1	264	0.0	538
51P2R2A10_01128	51P2R2A10_01128	100.000	144	0	0	1	144	1	144	1.21e-100	285
51P2R2A10_01128	42P1R1A12_03367	95.833	144	6	0	1	144	1	144	9.78e-97	275
51P2R2A10_01130	51P2R2A10_01130	100.000	362	0	0	1	362	1	362	0.0	726
51P2R2A10_01130	42P1R1A12_03369	97.790	362	8	0	1	362	1	362	0.0	711
51P2R2A10_01131	51P2R2A10_01131	100.000	460	0	0	1	460	1	460	0.0	916
51P2R2A10_01131	42P1R1A12_03370	96.739	460	15	0	1	460	1	460	0.0	885
51P2R2A10_01132	51P2R2A10_01132	100.000	220	0	0	1	220	1	220	6.75e-160	441
51P2R2A10_01132	42P1R1A12_03371	96.364	220	8	0	1	220	1	220	2.48e-154	426
51P2R2A10_01136	51P2R2A10_01136	100.000	199	0	0	1	199	1	199	1.27e-147	408
51P2R2A10_01136	42P1R1A12_03375	97.990	199	4	0	1	199	1	199	4.42e-144	399
51P2R2A10_01137	51P2R2A10_01137	100.000	312	0	0	1	312	1	312	0.0	628
51P2R2A10_01137	42P1R1A12_03376	97.756	312	7	0	1	312	1	312	0.0	617
51P2R2A10_01139	51P2R2A10_01139	100.000	402	0	0	1	402	1	402	0.0	807
51P2R2A10_01140	51P2R2A10_01140	100.000	141	0	0	1	141	1	141	3.76e-104	293
51P2R2A10_01140	42P1R1A12_03379	95.035	141	7	0	1	141	1	141	1.73e-99	281
51P2R2A10_01141	51P2R2A10_01141	100.000	474	0	0	1	474	1	474	0.0	959
51P2R2A10_01142	51P2R2A10_01142	100.000	263	0	0	1	263	1	263	0.0	527
51P2R2A10_01142	42P1R1A12_03381	97.719	263	6	0	1	263	1	263	0.0	517
51P2R2A10_01143	51P2R2A10_01143	100.000	256	0	0	1	256	1	256	0.0	510
51P2R2A10_01143	42P1R1A12_03382	95.703	256	11	0	1	256	1	256	3.76e-178	489
51P2R2A10_01144	51P2R2A10_01144	100.000	357	0	0	1	357	1	357	0.0	724
51P2R2A10_01145	51P2R2A10_01145	100.000	166	0	0	1	166	1	166	1.17e-122	342
51P2R2A10_01146	51P2R2A10_01146	100.000	252	0	0	1	252	1	252	0.0	506
51P2R2A10_01147	51P2R2A10_01147	100.000	96	0	0	1	96	1	96	9.47e-70	202
51P2R2A10_01147	42P1R1A12_03386	95.833	96	4	0	1	96	1	96	1.81e-66	194
51P2R2A10_01147	31P2R1A5_00215	95.833	96	4	0	1	96	1	96	5.73e-66	193
51P2R2A10_01148	51P2R2A10_01148	100.000	310	0	0	1	310	1	310	0.0	645
51P2R2A10_01148	42P1R1A12_03387	96.452	310	11	0	1	310	1	310	0.0	625
51P2R2A10_01149	51P2R2A10_01149	100.000	682	0	0	1	682	1	682	0.0	1395
51P2R2A10_01149	42P1R1A12_03388	96.628	682	23	0	1	682	1	682	0.0	1353
51P2R2A10_01151	51P2R2A10_01151	100.000	111	0	0	1	111	1	111	3.87e-77	223
51P2R2A10_01151	42P1R1A12_03390	95.495	111	5	0	1	111	1	111	1.32e-73	213
51P2R2A10_01152	51P2R2A10_01152	100.000	292	0	0	1	292	1	292	0.0	585
51P2R2A10_01152	42P1R1A12_03396	95.890	292	12	0	1	292	1	292	0.0	541
51P2R2A10_01153	51P2R2A10_01153	100.000	202	0	0	1	202	1	202	5.82e-149	411
51P2R2A10_01153	42P1R1A12_03397	96.535	202	7	0	1	202	1	202	8.53e-144	398
51P2R2A10_01154	51P2R2A10_01154	100.000	59	0	0	1	59	1	59	4.60e-39	122
51P2R2A10_01155	51P2R2A10_01155	100.000	304	0	0	1	304	1	304	0.0	617
51P2R2A10_01156	51P2R2A10_01156	100.000	95	0	0	1	95	1	95	6.03e-65	190
51P2R2A10_01157	51P2R2A10_01157	100.000	132	0	0	1	132	1	132	5.38e-99	279
51P2R2A10_01158	51P2R2A10_01158	100.000	207	0	0	1	207	1	207	7.82e-156	429
51P2R2A10_01159	51P2R2A10_01159	100.000	330	0	0	1	330	1	330	0.0	674
51P2R2A10_01160	51P2R2A10_01160	100.000	304	0	0	1	304	1	304	0.0	620
51P2R2A10_01161	51P2R2A10_01161	100.000	307	0	0	1	307	1	307	0.0	632
51P2R2A10_01162	51P2R2A10_01162	100.000	565	0	0	1	565	1	565	0.0	1154
51P2R2A10_01162	31P2R1A5_00349	96.814	565	18	0	1	565	1	565	0.0	1118
51P2R2A10_01163	51P2R2A10_01163	100.000	267	0	0	1	267	1	267	0.0	543
51P2R2A10_01164	51P2R2A10_01164	100.000	323	0	0	1	323	1	323	0.0	645
51P2R2A10_01165	51P2R2A10_01165	100.000	256	0	0	1	256	1	256	0.0	530
51P2R2A10_01166	51P2R2A10_01166	100.000	499	0	0	1	499	1	499	0.0	985
51P2R2A10_01167	51P2R2A10_01167	100.000	327	0	0	1	327	1	327	0.0	671
51P2R2A10_01167	42P1R1A12_03407	95.719	327	14	0	1	327	1	327	0.0	640
51P2R2A10_01168	51P2R2A10_01168	100.000	337	0	0	1	337	1	337	0.0	684
51P2R2A10_01169	51P2R2A10_01169	100.000	479	0	0	1	479	1	479	0.0	922
51P2R2A10_01170	51P2R2A10_01170	100.000	290	0	0	1	290	1	290	0.0	585
51P2R2A10_01174	51P2R2A10_01174	100.000	132	0	0	1	132	1	132	1.30e-95	271
51P2R2A10_01175	51P2R2A10_01175	100.000	274	0	0	1	274	1	274	0.0	563
51P2R2A10_01175	42P1R1A12_05946	95.833	264	11	0	1	264	1	264	0.0	523
51P2R2A10_01176	51P2R2A10_01176	100.000	680	0	0	1	680	1	680	0.0	1372
51P2R2A10_01178	51P2R2A10_01178	100.000	308	0	0	1	308	1	308	0.0	617
51P2R2A10_01179	51P2R2A10_01179	100.000	87	0	0	1	87	1	87	5.04e-60	177
51P2R2A10_01181	51P2R2A10_01181	100.000	179	0	0	1	179	1	179	2.03e-129	360
51P2R2A10_01182	51P2R2A10_01182	100.000	272	0	0	1	272	1	272	0.0	561
51P2R2A10_01182	42P1R1A12_04390	95.588	272	12	0	1	272	1	272	0.0	542
51P2R2A10_01183	51P2R2A10_01183	100.000	390	0	0	1	390	1	390	0.0	801
51P2R2A10_01184	51P2R2A10_01184	100.000	225	0	0	1	225	1	225	8.39e-162	446
51P2R2A10_01184	42P1R1A12_04388	97.333	225	6	0	1	225	1	225	8.08e-157	433
51P2R2A10_01186	51P2R2A10_01186	100.000	420	0	0	1	420	1	420	0.0	861
51P2R2A10_01186	42P1R1A12_04386	97.381	420	11	0	1	420	1	420	0.0	842
51P2R2A10_01189	51P2R2A10_01189	100.000	291	0	0	1	291	1	291	0.0	598
51P2R2A10_01189	42P1R1A12_04383	95.876	291	12	0	1	291	1	291	0.0	576
51P2R2A10_01190	51P2R2A10_01190	100.000	277	0	0	1	277	1	277	0.0	566
51P2R2A10_01190	42P1R1A12_04382	96.751	277	9	0	1	277	1	277	0.0	548
51P2R2A10_01191	51P2R2A10_01191	100.000	244	0	0	1	244	1	244	0.0	501
51P2R2A10_01191	42P1R1A12_04381	95.902	244	10	0	1	244	1	244	1.27e-168	464
51P2R2A10_01192	51P2R2A10_01192	100.000	500	0	0	1	500	1	500	0.0	1023
51P2R2A10_01192	42P1R1A12_04380	97.400	500	13	0	1	500	1	500	0.0	997
51P2R2A10_01193	51P2R2A10_01193	100.000	37	0	0	1	37	1	37	6.42e-20	72.8
51P2R2A10_01194	51P2R2A10_01194	100.000	41	0	0	1	41	1	41	2.17e-23	81.6
51P2R2A10_01195	51P2R2A10_01195	100.000	93	0	0	1	93	1	93	8.60e-63	185
51P2R2A10_01196	51P2R2A10_01196	100.000	448	0	0	1	448	1	448	0.0	893
51P2R2A10_01197	51P2R2A10_01197	100.000	428	0	0	1	428	1	428	0.0	893
51P2R2A10_01199	51P2R2A10_01199	100.000	108	0	0	1	108	1	108	2.60e-74	215
51P2R2A10_01199	42P1R1A12_04378	97.222	108	3	0	1	108	1	108	9.12e-72	209
51P2R2A10_01201	51P2R2A10_01201	100.000	880	0	0	1	880	1	880	0.0	1783
51P2R2A10_01201	42P1R1A12_04376	96.591	880	30	0	1	880	1	880	0.0	1729
51P2R2A10_01202	51P2R2A10_01202	100.000	166	0	0	1	166	1	166	8.61e-113	317
51P2R2A10_01204	51P2R2A10_01204	100.000	147	0	0	1	147	1	147	1.78e-107	302
51P2R2A10_01204	42P1R1A12_04373	96.599	147	5	0	1	147	1	147	3.87e-103	291
51P2R2A10_01206	51P2R2A10_01206	100.000	91	0	0	1	91	1	91	3.58e-62	183
51P2R2A10_01207	51P2R2A10_01207	100.000	242	0	0	1	242	1	242	0.0	495
51P2R2A10_01208	51P2R2A10_01208	100.000	181	0	0	1	181	1	181	1.47e-135	376
51P2R2A10_01209	51P2R2A10_01209	100.000	131	0	0	1	131	1	131	1.79e-88	253
51P2R2A10_01209	42P1R1A12_04361	95.420	131	6	0	1	131	1	131	6.93e-86	246
51P2R2A10_01210	51P2R2A10_01210	100.000	121	0	0	1	121	1	121	2.39e-87	249
51P2R2A10_01213	51P2R2A10_01213	100.000	383	0	0	1	383	1	383	0.0	771
51P2R2A10_01214	51P2R2A10_01214	100.000	71	0	0	1	71	1	71	2.45e-48	147
51P2R2A10_01216	51P2R2A10_01216	100.000	312	0	0	1	312	1	312	0.0	646
51P2R2A10_01216	42P1R1A12_04351	97.436	312	8	0	1	312	1	312	0.0	635
51P2R2A10_01216	31P2R1A5_00186	97.115	312	9	0	1	312	1	312	0.0	632
51P2R2A10_01217	51P2R2A10_01217	100.000	463	0	0	1	463	1	463	0.0	942
51P2R2A10_01219	51P2R2A10_01219	100.000	203	0	0	1	203	1	203	1.46e-148	410
51P2R2A10_01220	51P2R2A10_01220	100.000	248	0	0	1	248	1	248	0.0	501
51P2R2A10_01221	51P2R2A10_01221	100.000	356	0	0	1	356	1	356	0.0	724
51P2R2A10_01221	42P1R1A12_04346	95.787	356	15	0	1	356	1	356	0.0	699
51P2R2A10_01222	51P2R2A10_01222	100.000	422	0	0	1	422	1	422	0.0	877
51P2R2A10_01223	51P2R2A10_01223	100.000	141	0	0	1	141	1	141	2.84e-103	291
51P2R2A10_01223	42P1R1A12_04344	95.745	141	6	0	1	141	1	141	5.25e-98	278
51P2R2A10_01225	51P2R2A10_01225	100.000	64	0	0	1	64	1	64	3.80e-41	128
51P2R2A10_01225	42P1R1A12_04342	96.875	64	2	0	1	64	1	64	3.57e-40	125
51P2R2A10_01226	51P2R2A10_01226	100.000	101	0	0	1	101	1	101	1.77e-70	205
51P2R2A10_01227	51P2R2A10_01227	100.000	192	0	0	1	192	1	192	6.19e-140	388
51P2R2A10_01227	42P1R1A12_04340	97.340	188	5	0	5	192	1	188	2.81e-134	373
51P2R2A10_01229	51P2R2A10_01229	100.000	210	0	0	1	210	1	210	6.93e-156	429
51P2R2A10_01229	42P1R1A12_04338	97.143	210	6	0	1	210	1	210	6.89e-153	422
51P2R2A10_01230	51P2R2A10_01230	100.000	302	0	0	1	302	1	302	0.0	615
51P2R2A10_01231	51P2R2A10_01231	100.000	310	0	0	1	310	1	310	0.0	632
51P2R2A10_01232	51P2R2A10_01232	100.000	327	0	0	1	327	1	327	0.0	649
51P2R2A10_01233	51P2R2A10_01233	100.000	304	0	0	1	304	1	304	0.0	624
51P2R2A10_01234	51P2R2A10_01234	100.000	295	0	0	1	295	1	295	0.0	598
51P2R2A10_01234	42P1R1A12_04333	97.288	295	8	0	1	295	1	295	0.0	588
51P2R2A10_01235	51P2R2A10_01235	100.000	353	0	0	1	353	1	353	0.0	729
51P2R2A10_01236	51P2R2A10_01236	100.000	396	0	0	1	396	1	396	0.0	756
51P2R2A10_01237	51P2R2A10_01237	100.000	115	0	0	1	115	1	115	8.71e-81	232
51P2R2A10_01239	51P2R2A10_01239	100.000	304	0	0	1	304	1	304	0.0	624
51P2R2A10_01240	51P2R2A10_01240	100.000	465	0	0	1	465	1	465	0.0	928
51P2R2A10_01241	51P2R2A10_01241	100.000	472	0	0	1	472	1	472	0.0	985
51P2R2A10_01242	51P2R2A10_01242	100.000	360	0	0	1	360	1	360	0.0	726
51P2R2A10_01243	51P2R2A10_01243	100.000	145	0	0	1	145	1	145	9.53e-108	302
51P2R2A10_01244	51P2R2A10_01244	100.000	240	0	0	1	240	1	240	2.41e-178	489
51P2R2A10_01245	51P2R2A10_01245	100.000	420	0	0	1	420	1	420	0.0	867
51P2R2A10_01245	42P1R1A12_04326	95.476	420	19	0	1	420	1	420	0.0	832
51P2R2A10_01246	51P2R2A10_01246	100.000	241	0	0	1	241	1	241	0.0	497
51P2R2A10_01247	51P2R2A10_01247	100.000	407	0	0	1	407	1	407	0.0	829
51P2R2A10_01247	42P1R1A12_04324	95.074	406	20	0	1	406	1	406	0.0	791
51P2R2A10_01248	51P2R2A10_01248	100.000	162	0	0	1	162	1	162	1.72e-108	306
51P2R2A10_01249	51P2R2A10_01249	100.000	175	0	0	1	175	1	175	2.98e-124	347
51P2R2A10_01250	51P2R2A10_01250	100.000	178	0	0	1	178	1	178	3.46e-131	364
51P2R2A10_01251	51P2R2A10_01251	100.000	320	0	0	1	320	1	320	0.0	663
51P2R2A10_01251	42P1R1A12_04322	96.562	320	11	0	1	320	1	320	0.0	647
51P2R2A10_01252	51P2R2A10_01252	100.000	41	0	0	1	41	1	41	1.15e-24	85.1
51P2R2A10_01252	42P1R1A12_03594	100.000	41	0	0	1	41	420	460	3.16e-22	86.3
51P2R2A10_01252	51P2R2A10_05371	100.000	41	0	0	1	41	385	425	3.37e-22	86.3
51P2R2A10_01253	51P2R2A10_01253	100.000	39	0	0	1	39	1	39	2.27e-22	79.0
51P2R2A10_01253	51P2R2A10_02004	97.436	39	1	0	1	39	1	39	6.59e-22	77.8
51P2R2A10_01255	51P2R2A10_01255	100.000	348	0	0	1	348	1	348	0.0	717
51P2R2A10_01255	42P1R1A12_01023	97.126	348	10	0	1	348	1	348	0.0	698
51P2R2A10_01259	51P2R2A10_01259	100.000	492	0	0	1	492	1	492	0.0	1001
51P2R2A10_01259	42P1R1A12_01019	96.319	489	18	0	1	489	1	489	0.0	962
51P2R2A10_01260	51P2R2A10_01260	100.000	263	0	0	1	263	1	263	0.0	527
51P2R2A10_01260	42P1R1A12_01018	95.437	263	12	0	1	263	1	263	1.47e-176	486
51P2R2A10_01261	51P2R2A10_01261	100.000	71	0	0	1	71	1	71	2.69e-46	141
51P2R2A10_01261	42P1R1A12_01017	98.000	50	1	0	22	71	1	50	2.62e-29	98.2
51P2R2A10_01262	51P2R2A10_01262	100.000	258	0	0	1	258	1	258	0.0	519
51P2R2A10_01262	42P1R1A12_01016	96.124	258	10	0	1	258	1	258	0.0	499
51P2R2A10_01264	51P2R2A10_01264	100.000	353	0	0	1	353	1	353	0.0	714
51P2R2A10_01264	42P1R1A12_01014	96.884	353	11	0	1	353	1	353	0.0	692
51P2R2A10_01265	51P2R2A10_01265	100.000	273	0	0	1	273	1	273	0.0	565
51P2R2A10_01265	42P1R1A12_01013	97.802	273	6	0	1	273	1	273	0.0	554
51P2R2A10_01266	51P2R2A10_01266	100.000	332	0	0	1	332	1	332	0.0	689
51P2R2A10_01266	42P1R1A12_01012	97.879	330	7	0	1	330	1	330	0.0	673
51P2R2A10_01267	51P2R2A10_01267	100.000	159	0	0	1	159	1	159	1.43e-120	336
51P2R2A10_01268	51P2R2A10_01268	100.000	490	0	0	1	490	1	490	0.0	1006
51P2R2A10_01269	51P2R2A10_01269	100.000	89	0	0	1	89	1	89	3.22e-60	178
51P2R2A10_01269	42P1R1A12_01009	97.753	89	2	0	1	89	1	89	2.52e-58	173
51P2R2A10_01270	51P2R2A10_01270	100.000	82	0	0	1	82	1	82	1.30e-56	168
51P2R2A10_01271	51P2R2A10_01271	100.000	408	0	0	1	408	1	408	0.0	840
51P2R2A10_01272	51P2R2A10_01272	100.000	244	0	0	1	244	1	244	0.0	495
51P2R2A10_01272	42P1R1A12_01005	95.902	244	10	0	1	244	1	244	1.01e-173	478
51P2R2A10_01273	51P2R2A10_01273	100.000	185	0	0	1	185	1	185	2.10e-138	383
51P2R2A10_01273	42P1R1A12_01004	96.216	185	7	0	1	185	1	185	2.21e-134	373
51P2R2A10_01274	51P2R2A10_01274	100.000	73	0	0	1	73	1	73	5.50e-48	146
51P2R2A10_01275	51P2R2A10_01275	100.000	428	0	0	1	428	1	428	0.0	874
51P2R2A10_01275	42P1R1A12_01002	97.430	428	11	0	1	428	1	428	0.0	858
51P2R2A10_01276	51P2R2A10_01276	100.000	406	0	0	1	406	1	406	0.0	827
51P2R2A10_01276	42P1R1A12_01001	95.320	406	19	0	1	406	1	406	0.0	793
51P2R2A10_01277	51P2R2A10_01277	100.000	319	0	0	1	319	1	319	0.0	639
51P2R2A10_01278	51P2R2A10_01278	100.000	242	0	0	1	242	1	242	0.0	496
51P2R2A10_01278	42P1R1A12_01000	96.694	242	8	0	1	242	1	242	3.44e-176	483
51P2R2A10_01283	51P2R2A10_01283	100.000	436	0	0	1	436	1	436	0.0	903
51P2R2A10_01283	42P1R1A12_00995	95.413	436	20	0	1	436	1	436	0.0	870
51P2R2A10_01285	51P2R2A10_01285	100.000	386	0	0	1	386	1	386	0.0	768
51P2R2A10_01285	42P1R1A12_00993	95.855	386	16	0	1	386	1	386	0.0	635
51P2R2A10_01286	51P2R2A10_01286	100.000	252	0	0	1	252	1	252	0.0	509
51P2R2A10_01286	42P1R1A12_00992	95.635	252	11	0	1	252	1	252	6.70e-168	463
51P2R2A10_01287	51P2R2A10_01287	100.000	241	0	0	1	241	1	241	2.47e-177	486
51P2R2A10_01288	51P2R2A10_01288	100.000	241	0	0	1	241	1	241	4.44e-180	493
51P2R2A10_01288	42P1R1A12_00990	97.095	241	7	0	1	241	1	241	3.40e-175	481
51P2R2A10_01291	51P2R2A10_01291	100.000	366	0	0	1	366	1	366	0.0	737
51P2R2A10_01291	42P1R1A12_00987	96.721	366	12	0	1	366	1	366	0.0	715
51P2R2A10_01293	51P2R2A10_01293	100.000	548	0	0	1	548	1	548	0.0	1135
51P2R2A10_01293	42P1R1A12_00985	97.263	548	15	0	1	548	1	548	0.0	1111
51P2R2A10_01295	51P2R2A10_01295	100.000	330	0	0	1	330	1	330	0.0	684
51P2R2A10_01295	42P1R1A12_00982	97.879	330	7	0	1	330	1	330	0.0	669
51P2R2A10_01297	51P2R2A10_01297	100.000	163	0	0	1	163	1	163	1.98e-119	333
51P2R2A10_01297	42P1R1A12_00980	96.319	163	6	0	1	163	1	163	4.08e-115	323
51P2R2A10_01297	54P2R2A3_03547	96.319	163	6	0	1	163	1	163	7.73e-114	319
51P2R2A10_01297	31P2R1A5_01776	95.092	163	8	0	1	163	1	163	2.39e-113	318
51P2R2A10_01298	51P2R2A10_01298	100.000	83	0	0	1	83	1	83	2.51e-55	165
51P2R2A10_01298	42P1R1A12_00979	96.386	83	3	0	1	83	1	83	7.01e-53	159
51P2R2A10_01301	51P2R2A10_01301	100.000	323	0	0	1	323	1	323	0.0	639
51P2R2A10_01302	51P2R2A10_01302	100.000	312	0	0	1	312	1	312	0.0	639
51P2R2A10_01302	42P1R1A12_00975	99.359	312	2	0	1	312	104	415	0.0	639
51P2R2A10_01303	51P2R2A10_01303	100.000	118	0	0	1	118	1	118	2.13e-84	241
51P2R2A10_01303	42P1R1A12_00975	100.000	92	0	0	1	92	1	92	2.68e-63	197
51P2R2A10_01305	51P2R2A10_01305	100.000	137	0	0	1	137	1	137	3.37e-94	268
51P2R2A10_01305	42P1R1A12_00973	99.194	124	1	0	1	124	1	124	4.59e-84	242
51P2R2A10_01308	51P2R2A10_01308	100.000	580	0	0	1	580	1	580	0.0	1186
51P2R2A10_01308	42P1R1A12_00970	97.759	580	13	0	1	580	1	580	0.0	1160
51P2R2A10_01310	51P2R2A10_01310	100.000	226	0	0	1	226	1	226	1.58e-169	465
51P2R2A10_01310	42P1R1A12_00968	96.903	226	7	0	1	226	1	226	5.16e-164	451
51P2R2A10_01311	51P2R2A10_01311	100.000	308	0	0	1	308	1	308	0.0	635
51P2R2A10_01311	42P1R1A12_00967	97.403	308	8	0	1	308	1	308	0.0	619
51P2R2A10_01312	51P2R2A10_01312	100.000	444	0	0	1	444	1	444	0.0	889
51P2R2A10_01312	42P1R1A12_00966	97.072	444	13	0	1	444	1	444	0.0	869
51P2R2A10_01313	51P2R2A10_01313	100.000	250	0	0	1	250	1	250	6.70e-180	493
51P2R2A10_01313	31P2R1A5_01761	97.600	250	6	0	1	250	1	250	4.95e-176	484
51P2R2A10_01314	51P2R2A10_01314	100.000	282	0	0	1	282	1	282	0.0	582
51P2R2A10_01315	51P2R2A10_01315	100.000	331	0	0	1	331	1	331	0.0	672
51P2R2A10_01315	42P1R1A12_00963	97.583	331	8	0	1	331	1	331	0.0	654
51P2R2A10_01315	31P2R1A5_01759	95.468	331	15	0	1	331	1	331	0.0	647
51P2R2A10_01316	51P2R2A10_01316	100.000	451	0	0	1	451	1	451	0.0	909
51P2R2A10_01318	51P2R2A10_01318	100.000	323	0	0	1	323	1	323	0.0	660
51P2R2A10_01321	51P2R2A10_01321	100.000	226	0	0	1	226	1	226	3.93e-170	467
51P2R2A10_01321	42P1R1A12_00957	95.575	226	10	0	1	226	1	226	3.30e-162	447
51P2R2A10_01322	51P2R2A10_01322	100.000	763	0	0	1	763	1	763	0.0	1564
51P2R2A10_01322	42P1R1A12_00956	97.379	763	20	0	1	763	1	763	0.0	1532
51P2R2A10_01323	51P2R2A10_01323	100.000	205	0	0	1	205	1	205	1.09e-153	424
51P2R2A10_01323	42P1R1A12_00955	97.561	205	5	0	1	205	1	205	3.21e-151	417
51P2R2A10_01332	51P2R2A10_01332	100.000	526	0	0	1	526	1	526	0.0	1092
51P2R2A10_01332	42P1R1A12_00945	97.909	526	11	0	1	526	1	526	0.0	1076
51P2R2A10_01333	51P2R2A10_01333	100.000	42	0	0	1	42	1	42	2.05e-25	87.0
51P2R2A10_01333	42P1R1A12_00944	97.619	42	1	0	1	42	1	42	1.79e-24	84.7
51P2R2A10_01335	51P2R2A10_01335	100.000	369	0	0	1	369	1	369	0.0	722
51P2R2A10_01335	42P1R1A12_00942	96.477	369	13	0	1	369	1	369	0.0	699
51P2R2A10_01336	51P2R2A10_01336	100.000	347	0	0	1	347	1	347	0.0	704
51P2R2A10_01336	42P1R1A12_00941	97.118	347	10	0	1	347	1	347	0.0	689
51P2R2A10_01337	51P2R2A10_01337	100.000	459	0	0	1	459	1	459	0.0	962
51P2R2A10_01337	42P1R1A12_00940	96.950	459	14	0	1	459	1	459	0.0	937
51P2R2A10_01338	51P2R2A10_01338	100.000	239	0	0	1	239	1	239	1.01e-180	494
51P2R2A10_01338	42P1R1A12_00939	96.653	239	8	0	1	239	1	239	4.23e-176	483
51P2R2A10_01340	51P2R2A10_01340	100.000	261	0	0	1	261	1	261	0.0	536
51P2R2A10_01340	42P1R1A12_00937	96.169	261	10	0	1	261	1	261	0.0	516
51P2R2A10_01342	51P2R2A10_01342	100.000	788	0	0	1	788	1	788	0.0	1639
51P2R2A10_01342	42P1R1A12_05355	95.685	788	34	0	1	788	1	788	0.0	1569
51P2R2A10_01344	51P2R2A10_01344	100.000	358	0	0	1	358	1	358	0.0	729
51P2R2A10_01344	42P1R1A12_05353	97.207	358	10	0	1	358	10	367	0.0	710
51P2R2A10_01345	51P2R2A10_01345	100.000	422	0	0	1	422	1	422	0.0	871
51P2R2A10_01345	42P1R1A12_05352	95.498	422	19	0	1	422	1	422	0.0	840
51P2R2A10_01346	51P2R2A10_01346	100.000	272	0	0	1	272	1	272	0.0	560
51P2R2A10_01346	42P1R1A12_05351	96.691	272	9	0	1	272	1	272	0.0	545
51P2R2A10_01348	51P2R2A10_01348	100.000	300	0	0	1	300	1	300	0.0	624
51P2R2A10_01348	42P1R1A12_05349	97.333	300	8	0	1	300	1	300	0.0	609
51P2R2A10_01349	51P2R2A10_01349	100.000	252	0	0	1	252	1	252	0.0	515
51P2R2A10_01349	42P1R1A12_05347	96.429	252	9	0	1	252	1	252	0.0	497
51P2R2A10_01350	51P2R2A10_01350	100.000	412	0	0	1	412	1	412	0.0	837
51P2R2A10_01350	42P1R1A12_05346	96.359	412	15	0	1	412	1	412	0.0	808
51P2R2A10_01351	51P2R2A10_01351	100.000	314	0	0	1	314	1	314	0.0	633
51P2R2A10_01352	51P2R2A10_01352	100.000	618	0	0	1	618	1	618	0.0	1243
51P2R2A10_01352	42P1R1A12_05344	96.931	619	18	1	1	618	1	619	0.0	1209
51P2R2A10_01357	51P2R2A10_01357	100.000	173	0	0	1	173	1	173	1.40e-128	357
51P2R2A10_01357	42P1R1A12_05339	97.110	173	5	0	1	173	1	173	3.08e-125	349
51P2R2A10_01358	51P2R2A10_01358	100.000	415	0	0	1	415	1	415	0.0	835
51P2R2A10_01358	42P1R1A12_05338	97.831	415	9	0	1	415	1	415	0.0	827
51P2R2A10_01359	51P2R2A10_01359	100.000	128	0	0	1	128	1	128	6.60e-91	258
51P2R2A10_01359	42P1R1A12_05337	96.094	128	5	0	1	128	1	128	1.22e-86	248
51P2R2A10_01360	51P2R2A10_01360	100.000	371	0	0	1	371	1	371	0.0	747
51P2R2A10_01361	51P2R2A10_01361	100.000	209	0	0	1	209	1	209	7.02e-155	427
51P2R2A10_01361	42P1R1A12_05335	96.172	209	8	0	1	209	1	209	9.21e-150	414
51P2R2A10_01364	51P2R2A10_01364	100.000	115	0	0	1	115	1	115	4.35e-82	235
51P2R2A10_01365	51P2R2A10_01365	100.000	75	0	0	1	75	1	75	1.48e-49	150
51P2R2A10_01365	42P1R1A12_05331	97.333	75	2	0	1	75	1	75	4.15e-47	144
51P2R2A10_01366	51P2R2A10_01366	100.000	114	0	0	1	114	1	114	3.78e-82	235
51P2R2A10_01367	51P2R2A10_01367	100.000	125	0	0	1	125	1	125	5.59e-90	256
51P2R2A10_01368	51P2R2A10_01368	100.000	84	0	0	1	84	1	84	4.39e-57	169
51P2R2A10_01369	51P2R2A10_01369	100.000	300	0	0	1	300	1	300	0.0	607
51P2R2A10_01370	51P2R2A10_01370	100.000	86	0	0	1	86	1	86	1.35e-59	176
51P2R2A10_01371	51P2R2A10_01371	100.000	84	0	0	1	84	1	84	8.86e-57	169
51P2R2A10_01372	51P2R2A10_01372	100.000	138	0	0	1	138	1	138	4.33e-98	278
51P2R2A10_01373	51P2R2A10_01373	100.000	85	0	0	1	85	1	85	4.66e-60	177
51P2R2A10_01373	42P1R1A12_05327	95.294	85	4	0	1	85	1	85	1.17e-56	169
51P2R2A10_01374	51P2R2A10_01374	100.000	169	0	0	1	169	1	169	5.38e-127	353
51P2R2A10_01375	51P2R2A10_01375	100.000	141	0	0	1	141	1	141	5.47e-104	293
51P2R2A10_01376	51P2R2A10_01376	100.000	98	0	0	1	98	1	98	2.44e-69	202
51P2R2A10_01377	51P2R2A10_01377	100.000	71	0	0	1	71	1	71	1.07e-49	150
51P2R2A10_01377	42P1R1A12_05324	95.238	42	2	0	30	71	5	46	1.13e-23	84.0
51P2R2A10_01378	51P2R2A10_01378	100.000	263	0	0	1	263	1	263	0.0	531
51P2R2A10_01379	51P2R2A10_01379	100.000	359	0	0	1	359	1	359	0.0	752
51P2R2A10_01380	51P2R2A10_01380	100.000	85	0	0	1	85	1	85	5.76e-59	174
51P2R2A10_01381	51P2R2A10_01381	100.000	149	0	0	1	149	1	149	2.07e-107	302
51P2R2A10_01382	51P2R2A10_01382	100.000	132	0	0	1	132	1	132	1.78e-94	268
51P2R2A10_01383	51P2R2A10_01383	100.000	90	0	0	1	90	1	90	3.62e-63	186
51P2R2A10_01384	51P2R2A10_01384	100.000	198	0	0	1	198	1	198	2.74e-148	409
51P2R2A10_01386	51P2R2A10_01386	100.000	47	0	0	1	47	1	47	9.41e-29	95.9
51P2R2A10_01386	42P1R1A12_05314	97.872	47	1	0	1	47	1	47	3.80e-28	94.4
51P2R2A10_01387	51P2R2A10_01387	100.000	203	0	0	1	203	1	203	9.92e-152	418
51P2R2A10_01388	51P2R2A10_01388	100.000	137	0	0	1	137	1	137	3.88e-99	280
51P2R2A10_01391	51P2R2A10_01391	100.000	209	0	0	1	209	1	209	7.79e-158	434
51P2R2A10_01392	51P2R2A10_01392	100.000	92	0	0	1	92	1	92	1.38e-60	179
51P2R2A10_01393	51P2R2A10_01393	100.000	66	0	0	1	66	1	66	6.13e-44	135
51P2R2A10_01394	51P2R2A10_01394	100.000	67	0	0	1	67	1	67	3.42e-45	138
51P2R2A10_01394	42P1R1A12_05851	97.015	67	2	0	1	67	1	67	4.59e-43	133
51P2R2A10_01395	51P2R2A10_01395	100.000	82	0	0	1	82	1	82	5.00e-54	162
51P2R2A10_01395	42P1R1A12_05852	95.946	74	3	0	1	74	1	74	2.63e-46	142
51P2R2A10_01396	51P2R2A10_01396	100.000	105	0	0	1	105	1	105	5.71e-74	214
51P2R2A10_01397	51P2R2A10_01397	100.000	97	0	0	1	97	1	97	7.80e-71	205
51P2R2A10_01398	51P2R2A10_01398	100.000	145	0	0	1	145	1	145	1.31e-104	295
51P2R2A10_01399	51P2R2A10_01399	100.000	511	0	0	1	511	1	511	0.0	1059
51P2R2A10_01400	51P2R2A10_01400	100.000	426	0	0	1	426	1	426	0.0	885
51P2R2A10_01401	51P2R2A10_01401	100.000	223	0	0	1	223	1	223	3.36e-165	454
51P2R2A10_01402	51P2R2A10_01402	100.000	388	0	0	1	388	1	388	0.0	794
51P2R2A10_01403	51P2R2A10_01403	100.000	109	0	0	1	109	1	109	1.91e-76	221
51P2R2A10_01404	51P2R2A10_01404	100.000	66	0	0	1	66	1	66	2.68e-42	131
51P2R2A10_01405	51P2R2A10_01405	100.000	111	0	0	1	111	1	111	3.42e-78	225
51P2R2A10_01406	51P2R2A10_01406	100.000	180	0	0	1	180	1	180	8.43e-130	361
51P2R2A10_01406	42P1R1A12_05860	96.111	180	7	0	1	180	1	180	2.12e-123	345
51P2R2A10_01407	51P2R2A10_01407	100.000	122	0	0	1	122	1	122	1.75e-87	249
51P2R2A10_01407	42P1R1A12_05861	96.721	122	4	0	1	122	1	122	1.28e-85	244
51P2R2A10_01409	51P2R2A10_01409	100.000	128	0	0	1	128	1	128	1.10e-91	260
51P2R2A10_01410	51P2R2A10_01410	100.000	88	0	0	1	88	1	88	6.14e-62	182
51P2R2A10_01411	51P2R2A10_01411	100.000	808	0	0	1	808	1	808	0.0	1617
51P2R2A10_01412	51P2R2A10_01412	100.000	160	0	0	1	160	1	160	5.24e-117	327
51P2R2A10_01413	51P2R2A10_01413	100.000	161	0	0	1	161	1	161	1.22e-117	329
51P2R2A10_01414	51P2R2A10_01414	100.000	127	0	0	1	127	1	127	9.37e-92	261
51P2R2A10_01414	42P1R1A12_05868	95.276	127	6	0	1	127	1	127	1.03e-87	250
51P2R2A10_01415	51P2R2A10_01415	100.000	1023	0	0	1	1023	1	1023	0.0	2086
51P2R2A10_01416	51P2R2A10_01416	100.000	754	0	0	1	754	1	754	0.0	1553
51P2R2A10_01417	51P2R2A10_01417	100.000	258	0	0	1	258	1	258	0.0	517
51P2R2A10_01418	51P2R2A10_01418	100.000	109	0	0	1	109	1	109	1.39e-75	218
51P2R2A10_01419	51P2R2A10_01419	100.000	357	0	0	1	357	1	357	0.0	732
51P2R2A10_01419	42P1R1A12_02898	99.440	357	2	0	1	357	48	404	0.0	730
51P2R2A10_01419	31P2R1A5_01713	96.078	357	14	0	1	357	1	357	0.0	707
51P2R2A10_01419	54P2R2A3_03608	95.238	357	17	0	1	357	48	404	0.0	705
51P2R2A10_01421	51P2R2A10_01421	100.000	198	0	0	1	198	1	198	6.93e-144	398
51P2R2A10_01421	42P1R1A12_02896	95.960	198	8	0	1	198	1	198	1.01e-138	385
51P2R2A10_01423	51P2R2A10_01423	100.000	272	0	0	1	272	1	272	0.0	561
51P2R2A10_01423	42P1R1A12_02894	97.059	272	8	0	1	272	1	272	0.0	547
51P2R2A10_01425	51P2R2A10_01425	100.000	187	0	0	1	187	1	187	6.68e-141	390
51P2R2A10_01425	42P1R1A12_02892	97.765	179	4	0	7	185	1	179	4.27e-132	367
51P2R2A10_01427	51P2R2A10_01427	100.000	128	0	0	1	128	1	128	8.75e-88	251
51P2R2A10_01427	42P1R1A12_02890	95.312	128	6	0	1	128	1	128	5.03e-73	213
51P2R2A10_01429	51P2R2A10_01429	100.000	97	0	0	1	97	1	97	3.39e-64	189
51P2R2A10_01429	42P1R1A12_02888	96.907	97	3	0	1	97	1	97	6.38e-62	183
51P2R2A10_01430	51P2R2A10_01430	100.000	241	0	0	1	241	1	241	0.0	497
51P2R2A10_01430	42P1R1A12_02887	97.510	241	6	0	1	241	1	241	9.70e-179	490
51P2R2A10_01434	51P2R2A10_01434	100.000	404	0	0	1	404	1	404	0.0	833
51P2R2A10_01434	42P1R1A12_02883	100.000	393	0	0	12	404	1	393	0.0	811
51P2R2A10_01434	31P2R1A5_01698	95.238	378	18	0	27	404	12	389	0.0	749
51P2R2A10_01438	51P2R2A10_01438	100.000	377	0	0	1	377	1	377	0.0	777
51P2R2A10_01440	51P2R2A10_01440	100.000	491	0	0	1	491	1	491	0.0	984
51P2R2A10_01440	42P1R1A12_02877	97.352	491	13	0	1	491	1	491	0.0	959
51P2R2A10_01445	51P2R2A10_01445	100.000	243	0	0	1	243	1	243	0.0	503
51P2R2A10_01445	42P1R1A12_02872	99.177	243	2	0	1	243	7	249	0.0	499
51P2R2A10_01445	31P2R1A5_01687	97.119	243	7	0	1	243	1	243	3.58e-178	489
51P2R2A10_01445	44P3R3A6_01316	97.119	243	7	0	1	243	23	265	3.67e-178	489
51P2R2A10_01445	18P3R3A11_02800	95.062	243	12	0	1	243	1	243	9.24e-175	480
51P2R2A10_01445	10P3R2A13_01632	95.062	243	12	0	1	243	1	243	4.29e-174	478
51P2R2A10_01448	51P2R2A10_01448	100.000	277	0	0	1	277	1	277	0.0	567
51P2R2A10_01448	42P1R1A12_02869	96.029	277	11	0	1	277	1	277	0.0	546
51P2R2A10_01449	51P2R2A10_01449	100.000	338	0	0	1	338	1	338	0.0	707
51P2R2A10_01449	42P1R1A12_02868	97.337	338	9	0	1	338	1	338	0.0	691
51P2R2A10_01450	51P2R2A10_01450	100.000	478	0	0	1	478	1	478	0.0	976
51P2R2A10_01450	42P1R1A12_02867	95.397	478	22	0	1	478	1	478	0.0	911
51P2R2A10_01451	51P2R2A10_01451	100.000	334	0	0	1	334	1	334	0.0	683
51P2R2A10_01451	42P1R1A12_02866	95.509	334	15	0	1	334	1	334	0.0	655
51P2R2A10_01453	51P2R2A10_01453	100.000	145	0	0	1	145	1	145	1.84e-97	276
51P2R2A10_01453	42P1R1A12_02864	97.931	145	3	0	1	145	1	145	2.68e-96	273
51P2R2A10_01454	51P2R2A10_01454	100.000	323	0	0	1	323	1	323	0.0	672
51P2R2A10_01455	51P2R2A10_01455	100.000	551	0	0	1	551	1	551	0.0	1142
51P2R2A10_01455	42P1R1A12_02862	99.093	551	5	0	1	551	13	563	0.0	1133
51P2R2A10_01455	44P3R3A6_01305	96.189	551	21	0	1	551	12	562	0.0	1108
51P2R2A10_01455	10P3R2A13_01623	95.463	551	25	0	1	551	1	551	0.0	1099
51P2R2A10_01455	43P2R2A2_03583	96.438	365	13	0	187	551	1	365	0.0	735
51P2R2A10_01456	51P2R2A10_01456	100.000	300	0	0	1	300	1	300	0.0	586
51P2R2A10_01456	42P1R1A12_02861	97.667	300	7	0	1	300	1	300	0.0	575
51P2R2A10_01460	51P2R2A10_01460	100.000	649	0	0	1	649	1	649	0.0	1312
51P2R2A10_01460	42P1R1A12_02857	97.689	649	15	0	1	649	1	649	0.0	1290
51P2R2A10_01465	51P2R2A10_01465	100.000	235	0	0	1	235	1	235	3.35e-176	483
51P2R2A10_01465	42P1R1A12_02852	96.596	235	8	0	1	235	1	235	9.67e-172	472
51P2R2A10_01466	51P2R2A10_01466	100.000	574	0	0	1	574	1	574	0.0	1144
51P2R2A10_01466	42P1R1A12_02851	95.296	574	27	0	1	574	1	574	0.0	1092
51P2R2A10_01467	51P2R2A10_01467	100.000	589	0	0	1	589	1	589	0.0	1181
51P2R2A10_01467	42P1R1A12_02850	97.284	589	16	0	1	589	1	589	0.0	1157
51P2R2A10_01470	51P2R2A10_01470	100.000	1373	0	0	1	1373	1	1373	0.0	2763
51P2R2A10_01470	11P3R3A1_01378	95.331	514	24	0	860	1373	856	1369	0.0	999
51P2R2A10_01470	25P2R1A13_03937	95.331	514	24	0	860	1373	817	1330	0.0	998
51P2R2A10_01470	1P1R1A1_01495	95.331	514	24	0	860	1373	869	1382	0.0	998
51P2R2A10_01470	15P1R1A16_04827	95.850	506	21	0	868	1373	1	506	0.0	992
51P2R2A10_01470	47P2R3A6_02862	96.498	514	18	0	860	1373	742	1255	0.0	961
51P2R2A10_01470	38P2R3A13_07872	96.304	514	19	0	860	1373	705	1218	0.0	961
51P2R2A10_01476	51P2R2A10_01476	100.000	288	0	0	1	288	1	288	0.0	561
51P2R2A10_01476	42P1R1A12_02841	96.875	288	9	0	1	288	1	288	0.0	547
51P2R2A10_01478	51P2R2A10_01478	100.000	146	0	0	1	146	1	146	7.68e-106	298
51P2R2A10_01479	51P2R2A10_01479	100.000	304	0	0	1	304	1	304	0.0	621
51P2R2A10_01479	42P1R1A12_02838	96.382	304	11	0	1	304	1	304	0.0	603
51P2R2A10_01480	51P2R2A10_01480	100.000	266	0	0	1	266	1	266	0.0	550
51P2R2A10_01480	42P1R1A12_02837	96.992	266	8	0	1	266	1	266	0.0	538
51P2R2A10_01483	51P2R2A10_01483	100.000	286	0	0	1	286	1	286	0.0	582
51P2R2A10_01483	42P1R1A12_02834	96.853	286	9	0	1	286	1	286	0.0	564
51P2R2A10_01491	51P2R2A10_01491	100.000	256	0	0	1	256	1	256	0.0	524
51P2R2A10_01495	51P2R2A10_01495	100.000	752	0	0	1	752	1	752	0.0	1499
51P2R2A10_01497	51P2R2A10_01497	100.000	327	0	0	1	327	1	327	0.0	653
51P2R2A10_01498	51P2R2A10_01498	100.000	410	0	0	1	410	1	410	0.0	834
51P2R2A10_01501	51P2R2A10_01501	100.000	298	0	0	1	298	1	298	0.0	609
51P2R2A10_01501	42P1R1A12_02817	97.987	298	6	0	1	298	1	298	0.0	598
51P2R2A10_01502	51P2R2A10_01502	100.000	260	0	0	1	260	1	260	0.0	518
51P2R2A10_01502	42P1R1A12_02816	96.538	260	9	0	1	260	1	260	0.0	499
51P2R2A10_01507	51P2R2A10_01507	100.000	598	0	0	1	598	1	598	0.0	1219
51P2R2A10_01507	42P1R1A12_02811	97.492	598	15	0	1	598	1	598	0.0	1194
51P2R2A10_01511	51P2R2A10_01511	100.000	360	0	0	1	360	1	360	0.0	724
51P2R2A10_01511	42P1R1A12_02807	96.961	362	9	1	1	360	1	362	0.0	706
51P2R2A10_01515	51P2R2A10_01515	100.000	258	0	0	1	258	1	258	0.0	505
51P2R2A10_01515	42P1R1A12_02803	97.287	258	7	0	1	258	1	258	4.68e-180	494
51P2R2A10_01520	51P2R2A10_01520	100.000	370	0	0	1	370	1	370	0.0	761
51P2R2A10_01520	42P1R1A12_02798	95.135	370	18	0	1	370	1	370	0.0	731
51P2R2A10_01527	51P2R2A10_01527	100.000	586	0	0	1	586	1	586	0.0	1187
51P2R2A10_01527	42P1R1A12_02791	97.952	586	12	0	1	586	1	586	0.0	1166
51P2R2A10_01530	51P2R2A10_01530	100.000	170	0	0	1	170	1	170	9.71e-123	342
51P2R2A10_01530	42P1R1A12_02788	98.425	127	2	0	44	170	1	127	8.44e-87	250
51P2R2A10_01531	51P2R2A10_01531	100.000	208	0	0	1	208	1	208	4.76e-157	432
51P2R2A10_01532	51P2R2A10_01532	100.000	712	0	0	1	712	1	712	0.0	1445
51P2R2A10_01532	42P1R1A12_02786	97.753	712	16	0	1	712	1	712	0.0	1415
51P2R2A10_01533	51P2R2A10_01533	100.000	181	0	0	1	181	1	181	5.14e-130	362
51P2R2A10_01533	42P1R1A12_02785	99.329	149	1	0	33	181	1	149	9.47e-105	296
51P2R2A10_01534	51P2R2A10_01534	100.000	678	0	0	1	678	1	678	0.0	1393
51P2R2A10_01534	42P1R1A12_02784	97.345	678	18	0	1	678	1	678	0.0	1361
51P2R2A10_01535	51P2R2A10_01535	100.000	158	0	0	1	158	1	158	1.08e-116	326
51P2R2A10_01535	42P1R1A12_02783	97.468	158	4	0	1	158	1	158	3.90e-113	317
51P2R2A10_01537	51P2R2A10_01537	100.000	3468	0	0	1	3468	1	3468	0.0	5637
51P2R2A10_01538	51P2R2A10_01538	100.000	479	0	0	1	479	1	479	0.0	974
51P2R2A10_01538	42P1R1A12_03871	96.868	479	15	0	1	479	1	479	0.0	948
51P2R2A10_01539	51P2R2A10_01539	100.000	716	0	0	1	716	1	716	0.0	1456
51P2R2A10_01539	42P1R1A12_03872	97.207	716	20	0	1	716	1	716	0.0	1426
51P2R2A10_01541	51P2R2A10_01541	100.000	1048	0	0	1	1048	1	1048	0.0	2184
51P2R2A10_01544	51P2R2A10_01544	100.000	401	0	0	1	401	1	401	0.0	820
51P2R2A10_01544	42P1R1A12_03878	98.504	401	6	0	1	401	50	450	0.0	813
51P2R2A10_01545	51P2R2A10_01545	100.000	185	0	0	1	185	1	185	2.98e-134	373
51P2R2A10_01546	51P2R2A10_01546	100.000	263	0	0	1	263	1	263	0.0	538
51P2R2A10_01547	51P2R2A10_01547	100.000	94	0	0	1	94	1	94	5.65e-66	193
51P2R2A10_01547	42P1R1A12_03881	97.872	94	2	0	1	94	1	94	1.11e-64	189
51P2R2A10_01547	31P2R1A5_01594	95.745	94	4	0	1	94	1	94	2.76e-64	189
51P2R2A10_01550	51P2R2A10_01550	100.000	543	0	0	1	543	1	543	0.0	1123
51P2R2A10_01550	42P1R1A12_03884	97.606	543	13	0	1	543	1	543	0.0	1105
51P2R2A10_01553	51P2R2A10_01553	100.000	153	0	0	1	153	1	153	2.97e-109	307
51P2R2A10_01553	42P1R1A12_03887	97.386	153	4	0	1	153	1	153	1.57e-106	300
51P2R2A10_01554	51P2R2A10_01554	100.000	431	0	0	1	431	1	431	0.0	890
51P2R2A10_01554	42P1R1A12_03888	98.084	261	5	0	171	431	1	261	0.0	535
51P2R2A10_01554	42P1R1A12_03889	98.193	166	3	0	1	166	1	166	1.03e-115	335
51P2R2A10_01564	51P2R2A10_01564	100.000	403	0	0	1	403	1	403	0.0	823
51P2R2A10_01564	42P1R1A12_03899	95.285	403	19	0	1	403	1	403	0.0	753
51P2R2A10_01565	51P2R2A10_01565	100.000	366	0	0	1	366	1	366	0.0	733
51P2R2A10_01566	51P2R2A10_01566	100.000	308	0	0	1	308	1	308	0.0	623
51P2R2A10_01566	42P1R1A12_03901	97.078	308	9	0	1	308	1	308	0.0	607
51P2R2A10_01567	51P2R2A10_01567	100.000	390	0	0	1	390	1	390	0.0	800
51P2R2A10_01567	42P1R1A12_03902	97.436	390	10	0	1	390	1	390	0.0	780
51P2R2A10_01567	31P2R1A5_04128	96.923	390	12	0	1	390	1	390	0.0	778
51P2R2A10_01568	51P2R2A10_01568	100.000	367	0	0	1	367	1	367	0.0	741
51P2R2A10_01569	51P2R2A10_01569	100.000	392	0	0	1	392	1	392	0.0	803
51P2R2A10_01569	31P2R1A5_04130	96.939	392	12	0	1	392	1	392	0.0	781
51P2R2A10_01569	42P1R1A12_03904	95.918	392	16	0	1	392	1	392	0.0	766
51P2R2A10_01571	51P2R2A10_01571	100.000	242	0	0	1	242	1	242	2.92e-175	481
51P2R2A10_01571	42P1R1A12_03906	97.521	242	6	0	1	242	1	242	3.38e-171	471
51P2R2A10_01571	31P2R1A5_04132	95.455	242	11	0	1	242	1	242	1.95e-159	441
51P2R2A10_01572	51P2R2A10_01572	100.000	271	0	0	1	271	1	271	0.0	552
51P2R2A10_01572	42P1R1A12_03907	96.679	271	9	0	1	271	1	271	0.0	535
51P2R2A10_01573	51P2R2A10_01573	100.000	299	0	0	1	299	1	299	0.0	610
51P2R2A10_01573	42P1R1A12_03908	96.321	299	11	0	1	299	1	299	0.0	587
51P2R2A10_01573	31P2R1A5_04134	95.062	243	12	0	57	299	1	243	2.19e-172	476
51P2R2A10_01574	51P2R2A10_01574	100.000	262	0	0	1	262	1	262	0.0	513
51P2R2A10_01575	51P2R2A10_01575	100.000	479	0	0	1	479	1	479	0.0	945
51P2R2A10_01576	51P2R2A10_01576	100.000	199	0	0	1	199	1	199	1.15e-146	405
51P2R2A10_01577	51P2R2A10_01577	100.000	115	0	0	1	115	1	115	1.75e-82	236
51P2R2A10_01577	42P1R1A12_03912	95.495	111	5	0	1	111	1	111	5.48e-77	223
51P2R2A10_01578	51P2R2A10_01578	100.000	431	0	0	1	431	1	431	0.0	868
51P2R2A10_01579	51P2R2A10_01579	100.000	436	0	0	1	436	1	436	0.0	909
51P2R2A10_01579	42P1R1A12_03913	95.642	436	19	0	1	436	1	436	0.0	878
51P2R2A10_01580	51P2R2A10_01580	100.000	280	0	0	1	280	1	280	0.0	588
51P2R2A10_01581	51P2R2A10_01581	100.000	205	0	0	1	205	1	205	7.61e-153	421
51P2R2A10_01581	42P1R1A12_03915	95.122	205	10	0	1	205	1	205	1.15e-138	385
51P2R2A10_01582	51P2R2A10_01582	100.000	73	0	0	1	73	1	73	9.92e-49	148
51P2R2A10_01583	51P2R2A10_01583	100.000	218	0	0	1	218	1	218	3.71e-156	431
51P2R2A10_01584	51P2R2A10_01584	100.000	300	0	0	1	300	1	300	0.0	593
51P2R2A10_01585	51P2R2A10_01585	100.000	364	0	0	1	364	1	364	0.0	757
51P2R2A10_01586	51P2R2A10_01586	100.000	193	0	0	1	193	1	193	2.02e-145	402
51P2R2A10_01587	51P2R2A10_01587	100.000	322	0	0	1	322	1	322	0.0	666
51P2R2A10_01587	42P1R1A12_03923	96.584	322	11	0	1	322	1	322	0.0	642
51P2R2A10_01591	51P2R2A10_01591	100.000	470	0	0	1	470	1	470	0.0	948
51P2R2A10_01591	42P1R1A12_03927	97.021	470	14	0	1	470	1	470	0.0	924
51P2R2A10_01593	51P2R2A10_01593	100.000	71	0	0	1	71	1	71	6.11e-47	143
51P2R2A10_01593	42P1R1A12_03942	97.183	71	2	0	1	71	1	71	2.45e-45	139
51P2R2A10_01594	51P2R2A10_01594	100.000	74	0	0	1	74	1	74	1.86e-51	155
51P2R2A10_01594	42P1R1A12_03943	97.297	74	2	0	1	74	1	74	7.80e-50	150
51P2R2A10_01595	51P2R2A10_01595	100.000	87	0	0	1	87	1	87	3.73e-58	172
51P2R2A10_01595	42P1R1A12_03944	96.552	87	3	0	1	87	1	87	1.87e-55	166
51P2R2A10_01596	51P2R2A10_01596	100.000	126	0	0	1	126	1	126	3.40e-90	256
51P2R2A10_01598	51P2R2A10_01598	100.000	112	0	0	1	112	1	112	1.62e-80	231
51P2R2A10_01598	42P1R1A12_03947	97.321	112	3	0	1	112	1	112	4.74e-78	225
51P2R2A10_01599	51P2R2A10_01599	100.000	253	0	0	1	253	1	253	0.0	519
51P2R2A10_01599	42P1R1A12_03948	95.257	253	12	0	1	253	1	253	0.0	500
51P2R2A10_01600	51P2R2A10_01600	100.000	241	0	0	1	241	1	241	1.16e-180	494
51P2R2A10_01601	51P2R2A10_01601	100.000	675	0	0	1	675	1	675	0.0	1358
51P2R2A10_01602	51P2R2A10_01602	100.000	132	0	0	1	132	1	132	7.33e-94	266
51P2R2A10_01605	51P2R2A10_01605	100.000	316	0	0	1	316	1	316	0.0	650
51P2R2A10_01605	42P1R1A12_03954	96.519	316	11	0	1	316	1	316	0.0	628
51P2R2A10_01606	51P2R2A10_01606	100.000	175	0	0	1	175	1	175	1.84e-130	362
51P2R2A10_01606	42P1R1A12_03955	95.429	175	8	0	1	175	1	175	1.04e-126	353
51P2R2A10_01609	51P2R2A10_01609	100.000	343	0	0	1	343	1	343	0.0	689
51P2R2A10_01610	51P2R2A10_01610	100.000	323	0	0	1	323	1	323	0.0	662
51P2R2A10_01612	51P2R2A10_01612	100.000	313	0	0	1	313	1	313	0.0	632
51P2R2A10_01612	42P1R1A12_03961	96.452	310	11	0	1	310	1	310	0.0	607
51P2R2A10_01613	51P2R2A10_01613	100.000	385	0	0	1	385	1	385	0.0	788
51P2R2A10_01613	42P1R1A12_05604	96.623	385	13	0	1	385	1	385	0.0	766
51P2R2A10_01615	51P2R2A10_01615	100.000	167	0	0	1	167	1	167	2.51e-114	321
51P2R2A10_01616	51P2R2A10_01616	100.000	109	0	0	1	109	1	109	3.18e-75	218
51P2R2A10_01617	51P2R2A10_01617	100.000	441	0	0	1	441	1	441	0.0	912
51P2R2A10_01617	42P1R1A12_05608	97.959	441	9	0	1	441	1	441	0.0	897
51P2R2A10_01619	51P2R2A10_01619	100.000	239	0	0	1	239	1	239	4.08e-177	486
51P2R2A10_01619	42P1R1A12_05610	97.908	239	5	0	1	239	1	239	1.08e-173	477
51P2R2A10_01620	51P2R2A10_01620	100.000	248	0	0	1	248	1	248	2.98e-179	492
51P2R2A10_01620	42P1R1A12_05611	97.581	248	6	0	1	248	1	248	2.06e-174	479
51P2R2A10_01621	51P2R2A10_01621	100.000	311	0	0	1	311	1	311	0.0	652
51P2R2A10_01621	42P1R1A12_05612	96.785	311	10	0	1	311	1	311	0.0	633
51P2R2A10_01622	51P2R2A10_01622	100.000	129	0	0	1	129	1	129	1.59e-93	265
51P2R2A10_01623	51P2R2A10_01623	100.000	466	0	0	1	466	1	466	0.0	944
51P2R2A10_01623	42P1R1A12_05614	96.781	466	15	0	1	466	1	466	0.0	920
51P2R2A10_01625	51P2R2A10_01625	100.000	528	0	0	1	528	1	528	0.0	1055
51P2R2A10_01625	42P1R1A12_05616	95.076	528	26	0	1	528	1	528	0.0	979
51P2R2A10_01632	51P2R2A10_01632	100.000	421	0	0	1	421	1	421	0.0	846
51P2R2A10_01633	51P2R2A10_01633	100.000	570	0	0	1	570	1	570	0.0	1164
51P2R2A10_01633	42P1R1A12_05624	97.719	570	13	0	1	570	1	570	0.0	1144
51P2R2A10_01634	51P2R2A10_01634	100.000	234	0	0	1	234	1	234	4.87e-175	480
51P2R2A10_01634	42P1R1A12_05625	97.436	234	6	0	1	234	1	234	1.73e-171	471
51P2R2A10_01635	51P2R2A10_01635	100.000	183	0	0	1	183	1	183	1.32e-136	379
51P2R2A10_01636	51P2R2A10_01636	100.000	99	0	0	1	99	1	99	1.99e-67	197
51P2R2A10_01636	42P1R1A12_05627	95.876	97	4	0	1	97	1	97	1.22e-63	187
51P2R2A10_01637	51P2R2A10_01637	100.000	355	0	0	1	355	1	355	0.0	743
51P2R2A10_01638	51P2R2A10_01638	100.000	191	0	0	1	191	1	191	7.56e-139	385
51P2R2A10_01639	51P2R2A10_01639	100.000	358	0	0	1	358	1	358	0.0	738
51P2R2A10_01640	51P2R2A10_01640	100.000	301	0	0	1	301	1	301	0.0	616
51P2R2A10_01641	51P2R2A10_01641	100.000	278	0	0	1	278	1	278	0.0	572
51P2R2A10_01641	42P1R1A12_05630	97.842	278	6	0	1	278	1	278	0.0	565
51P2R2A10_01642	51P2R2A10_01642	100.000	256	0	0	1	256	1	256	0.0	523
51P2R2A10_01642	42P1R1A12_05631	97.638	254	6	0	1	254	1	254	0.0	507
51P2R2A10_01643	51P2R2A10_01643	100.000	114	0	0	1	114	1	114	4.15e-80	230
51P2R2A10_01644	51P2R2A10_01644	100.000	292	0	0	1	292	1	292	0.0	603
51P2R2A10_01645	51P2R2A10_01645	100.000	766	0	0	1	766	1	766	0.0	1583
51P2R2A10_01645	42P1R1A12_05995	96.867	766	24	0	1	766	1	766	0.0	1541
51P2R2A10_01648	51P2R2A10_01648	100.000	834	0	0	1	834	1	834	0.0	1711
51P2R2A10_01648	42P1R1A12_05998	96.763	834	27	0	1	834	1	834	0.0	1662
51P2R2A10_01649	51P2R2A10_01649	100.000	373	0	0	1	373	1	373	0.0	771
51P2R2A10_01649	42P1R1A12_01985	97.796	363	8	0	1	363	1	363	0.0	739
51P2R2A10_01650	51P2R2A10_01650	100.000	319	0	0	1	319	1	319	0.0	648
51P2R2A10_01650	42P1R1A12_01986	95.098	306	14	1	1	305	1	306	0.0	568
51P2R2A10_01652	51P2R2A10_01652	100.000	496	0	0	1	496	1	496	0.0	1014
51P2R2A10_01652	42P1R1A12_01988	96.371	496	18	0	1	496	1	496	0.0	982
51P2R2A10_01657	51P2R2A10_01657	100.000	41	0	0	1	41	1	41	1.81e-22	79.3
51P2R2A10_01657	42P1R1A12_01994	97.561	41	1	0	1	41	1	41	5.94e-22	78.2
51P2R2A10_01658	51P2R2A10_01658	100.000	75	0	0	1	75	1	75	5.00e-50	151
51P2R2A10_01659	51P2R2A10_01659	100.000	416	0	0	1	416	1	416	0.0	866
51P2R2A10_01659	42P1R1A12_01996	96.635	416	14	0	1	416	1	416	0.0	843
51P2R2A10_01665	51P2R2A10_01665	100.000	197	0	0	1	197	1	197	6.04e-147	406
51P2R2A10_01666	51P2R2A10_01666	100.000	268	0	0	1	268	1	268	0.0	536
51P2R2A10_01666	42P1R1A12_02003	96.642	268	9	0	1	268	1	268	0.0	499
51P2R2A10_01668	51P2R2A10_01668	100.000	237	0	0	1	237	1	237	2.71e-178	488
51P2R2A10_01668	42P1R1A12_02005	97.046	237	7	0	1	237	1	237	3.15e-173	476
51P2R2A10_01673	51P2R2A10_01673	100.000	503	0	0	1	503	1	503	0.0	1002
51P2R2A10_01673	42P1R1A12_02010	97.614	503	12	0	1	503	1	503	0.0	987
51P2R2A10_01673	31P2R1A5_01544	96.620	503	17	0	1	503	1	503	0.0	977
51P2R2A10_01674	51P2R2A10_01674	100.000	145	0	0	1	145	1	145	4.02e-106	298
51P2R2A10_01674	42P1R1A12_02011	95.862	145	6	0	1	145	1	145	1.23e-94	269
51P2R2A10_01678	51P2R2A10_01678	100.000	427	0	0	1	427	1	427	0.0	880
51P2R2A10_01678	42P1R1A12_02015	97.190	427	12	0	1	427	1	427	0.0	858
51P2R2A10_01680	51P2R2A10_01680	100.000	98	0	0	1	98	1	98	4.70e-67	196
51P2R2A10_01681	51P2R2A10_01681	100.000	263	0	0	1	263	1	263	0.0	536
51P2R2A10_01682	51P2R2A10_01682	100.000	232	0	0	1	232	1	232	1.57e-167	461
51P2R2A10_01683	51P2R2A10_01683	100.000	399	0	0	1	399	1	399	0.0	815
51P2R2A10_01684	51P2R2A10_01684	100.000	383	0	0	1	383	1	383	0.0	760
51P2R2A10_01685	51P2R2A10_01685	100.000	1025	0	0	1	1025	1	1025	0.0	2055
51P2R2A10_01688	51P2R2A10_01688	100.000	287	0	0	1	287	1	287	0.0	587
51P2R2A10_01688	42P1R1A12_02025	96.167	287	11	0	1	287	1	287	0.0	545
51P2R2A10_01691	51P2R2A10_01691	100.000	313	0	0	1	313	1	313	0.0	638
51P2R2A10_01692	51P2R2A10_01692	100.000	246	0	0	1	246	1	246	0.0	505
51P2R2A10_01692	42P1R1A12_02029	97.967	246	5	0	1	246	1	246	0.0	496
51P2R2A10_01693	51P2R2A10_01693	100.000	185	0	0	1	185	1	185	1.70e-135	376
51P2R2A10_01694	51P2R2A10_01694	100.000	165	0	0	1	165	1	165	1.02e-115	324
51P2R2A10_01694	42P1R1A12_02031	95.706	163	7	0	1	163	1	163	3.00e-110	310
51P2R2A10_01695	51P2R2A10_01695	100.000	102	0	0	1	102	1	102	7.81e-72	208
51P2R2A10_01696	51P2R2A10_01696	100.000	185	0	0	1	185	1	185	1.31e-134	374
51P2R2A10_01697	51P2R2A10_01697	100.000	197	0	0	1	197	1	197	1.96e-145	402
51P2R2A10_01701	51P2R2A10_01701	100.000	76	0	0	1	76	1	76	5.46e-51	154
51P2R2A10_01701	42P1R1A12_02038	96.053	76	3	0	1	76	1	76	7.96e-50	150
51P2R2A10_01704	51P2R2A10_01704	100.000	307	0	0	1	307	1	307	0.0	633
51P2R2A10_01704	42P1R1A12_02041	97.394	307	8	0	1	307	1	307	0.0	619
51P2R2A10_01706	42P1R1A12_02043	100.000	38	0	0	1	38	6	43	2.36e-19	71.6
51P2R2A10_01706	51P2R2A10_01706	100.000	38	0	0	1	38	1	38	2.47e-19	71.2
51P2R2A10_01707	51P2R2A10_01707	100.000	373	0	0	1	373	1	373	0.0	764
51P2R2A10_01707	42P1R1A12_02044	95.418	371	17	0	1	371	1	371	0.0	734
51P2R2A10_01708	51P2R2A10_01708	100.000	85	0	0	1	85	1	85	8.81e-60	176
51P2R2A10_01708	42P1R1A12_02045	97.647	85	2	0	1	85	1	85	1.97e-58	173
51P2R2A10_01708	31P2R1A5_01514	95.294	85	4	0	1	85	1	85	1.15e-56	169
51P2R2A10_01712	51P2R2A10_01712	100.000	216	0	0	1	216	1	216	1.20e-161	444
51P2R2A10_01712	42P1R1A12_02049	96.759	216	7	0	1	216	1	216	7.40e-157	432
51P2R2A10_01715	51P2R2A10_01715	100.000	216	0	0	1	216	1	216	6.96e-161	442
51P2R2A10_01715	42P1R1A12_02052	97.222	216	6	0	1	216	1	216	2.42e-157	434
51P2R2A10_01716	51P2R2A10_01716	100.000	308	0	0	1	308	1	308	0.0	632
51P2R2A10_01716	42P1R1A12_02053	96.753	308	10	0	1	308	1	308	0.0	614
51P2R2A10_01719	51P2R2A10_01719	100.000	312	0	0	1	312	1	312	0.0	633
51P2R2A10_01720	51P2R2A10_01720	100.000	1083	0	0	1	1083	1	1083	0.0	2170
51P2R2A10_01722	51P2R2A10_01722	100.000	382	0	0	1	382	1	382	0.0	780
51P2R2A10_01723	51P2R2A10_01723	100.000	195	0	0	1	195	1	195	2.03e-144	399
51P2R2A10_01723	42P1R1A12_02060	97.436	195	5	0	1	195	1	195	1.07e-140	390
51P2R2A10_01726	51P2R2A10_01726	100.000	384	0	0	1	384	1	384	0.0	774
51P2R2A10_01726	42P1R1A12_02063	98.571	280	4	0	105	384	1	280	0.0	564
51P2R2A10_01732	51P2R2A10_01732	100.000	270	0	0	1	270	1	270	0.0	553
51P2R2A10_01733	51P2R2A10_01733	100.000	341	0	0	1	341	1	341	0.0	706
51P2R2A10_01733	42P1R1A12_02070	97.654	341	8	0	1	341	1	341	0.0	692
51P2R2A10_01738	51P2R2A10_01738	100.000	728	0	0	1	728	1	728	0.0	1496
51P2R2A10_01740	51P2R2A10_01740	100.000	125	0	0	1	125	1	125	1.93e-89	254
51P2R2A10_01740	42P1R1A12_02077	96.000	125	5	0	1	125	1	125	1.26e-85	245
51P2R2A10_01742	51P2R2A10_01742	100.000	273	0	0	1	273	1	273	0.0	548
51P2R2A10_01742	42P1R1A12_02079	95.238	273	13	0	1	273	1	273	0.0	524
51P2R2A10_01747	51P2R2A10_01747	100.000	726	0	0	1	726	1	726	0.0	1476
51P2R2A10_01747	42P1R1A12_02084	98.760	726	9	0	1	726	26	751	0.0	1465
51P2R2A10_01748	51P2R2A10_01748	100.000	212	0	0	1	212	1	212	1.35e-158	436
51P2R2A10_01748	42P1R1A12_02085	97.642	212	5	0	1	212	1	212	3.22e-155	428
51P2R2A10_01750	51P2R2A10_01750	100.000	320	0	0	1	320	1	320	0.0	650
51P2R2A10_01750	42P1R1A12_02087	97.188	320	9	0	1	320	1	320	0.0	635
51P2R2A10_01751	51P2R2A10_01751	100.000	1189	0	0	1	1189	1	1189	0.0	2443
51P2R2A10_01751	31P2R1A5_01474	95.300	1149	54	0	41	1189	1	1149	0.0	2241
51P2R2A10_01755	51P2R2A10_01755	100.000	304	0	0	1	304	1	304	0.0	617
51P2R2A10_01755	42P1R1A12_02092	97.697	304	7	0	1	304	1	304	0.0	608
51P2R2A10_01756	51P2R2A10_01756	100.000	282	0	0	1	282	1	282	0.0	580
51P2R2A10_01756	42P1R1A12_02093	96.679	271	9	0	1	271	1	271	0.0	544
51P2R2A10_01757	51P2R2A10_01757	100.000	102	0	0	1	102	1	102	2.01e-70	205
51P2R2A10_01761	51P2R2A10_01761	100.000	379	0	0	1	379	1	379	0.0	781
51P2R2A10_01761	42P1R1A12_02103	96.834	379	12	0	1	379	1	379	0.0	758
51P2R2A10_01762	51P2R2A10_01762	100.000	410	0	0	1	410	1	410	0.0	843
51P2R2A10_01762	42P1R1A12_02104	97.561	410	10	0	1	410	1	410	0.0	829
51P2R2A10_01762	31P2R1A5_05299	96.560	407	14	0	1	407	1	407	0.0	819
51P2R2A10_01763	51P2R2A10_01763	100.000	164	0	0	1	164	1	164	1.34e-121	339
51P2R2A10_01767	51P2R2A10_01767	100.000	149	0	0	1	149	1	149	1.16e-109	308
51P2R2A10_01768	51P2R2A10_01768	100.000	410	0	0	1	410	1	410	0.0	788
51P2R2A10_01769	51P2R2A10_01769	100.000	269	0	0	1	269	1	269	0.0	550
51P2R2A10_01769	42P1R1A12_02112	95.167	269	13	0	1	269	1	269	0.0	500
51P2R2A10_01770	51P2R2A10_01770	100.000	121	0	0	1	121	1	121	4.00e-87	248
51P2R2A10_01770	42P1R1A12_02113	96.694	121	4	0	1	121	1	121	3.73e-84	241
51P2R2A10_01777	51P2R2A10_01777	100.000	129	0	0	1	129	1	129	8.76e-95	268
51P2R2A10_01778	51P2R2A10_01778	100.000	101	0	0	1	101	1	101	4.41e-70	204
51P2R2A10_01779	51P2R2A10_01779	100.000	295	0	0	1	295	1	295	0.0	593
51P2R2A10_01780	51P2R2A10_01780	100.000	590	0	0	1	590	1	590	0.0	1206
51P2R2A10_01780	42P1R1A12_02121	95.593	590	26	0	1	590	1	590	0.0	1157
51P2R2A10_01781	51P2R2A10_01781	100.000	396	0	0	1	396	1	396	0.0	809
51P2R2A10_01782	51P2R2A10_01782	100.000	349	0	0	1	349	1	349	0.0	703
51P2R2A10_01782	42P1R1A12_02123	97.708	349	8	0	1	349	1	349	0.0	689
51P2R2A10_01783	51P2R2A10_01783	100.000	256	0	0	1	256	1	256	0.0	512
51P2R2A10_01784	51P2R2A10_01784	100.000	318	0	0	1	318	1	318	0.0	598
51P2R2A10_01785	51P2R2A10_01785	100.000	333	0	0	1	333	1	333	0.0	625
51P2R2A10_01786	51P2R2A10_01786	100.000	301	0	0	1	301	1	301	0.0	607
51P2R2A10_01787	51P2R2A10_01787	100.000	777	0	0	1	777	1	777	0.0	1597
51P2R2A10_01787	42P1R1A12_02128	95.122	779	36	1	1	777	1	779	0.0	1494
51P2R2A10_01788	51P2R2A10_01788	100.000	316	0	0	1	316	1	316	0.0	632
51P2R2A10_01789	51P2R2A10_01789	100.000	174	0	0	1	174	1	174	5.86e-127	353
51P2R2A10_01789	42P1R1A12_02130	95.977	174	7	0	1	174	1	174	1.35e-120	337
51P2R2A10_01793	51P2R2A10_01793	100.000	338	0	0	1	338	1	338	0.0	695
51P2R2A10_01794	51P2R2A10_01794	100.000	338	0	0	1	338	1	338	0.0	699
51P2R2A10_01795	51P2R2A10_01795	100.000	93	0	0	1	93	1	93	5.90e-64	187
51P2R2A10_01796	51P2R2A10_01796	100.000	73	0	0	1	73	1	73	3.05e-50	151
51P2R2A10_01797	51P2R2A10_01797	100.000	126	0	0	1	126	1	126	5.54e-92	261
51P2R2A10_01798	51P2R2A10_01798	100.000	91	0	0	1	91	1	91	8.90e-65	189
51P2R2A10_01799	51P2R2A10_01799	100.000	75	0	0	1	75	1	75	9.45e-50	150
51P2R2A10_01800	51P2R2A10_01800	100.000	189	0	0	1	189	1	189	7.87e-141	390
51P2R2A10_01800	54P2R2A3_02385	96.296	189	7	0	1	189	1	189	1.56e-134	374
51P2R2A10_01801	51P2R2A10_01801	100.000	76	0	0	1	76	1	76	1.64e-52	157
51P2R2A10_01802	51P2R2A10_01802	100.000	339	0	0	1	339	1	339	0.0	707
51P2R2A10_01803	51P2R2A10_01803	100.000	849	0	0	1	849	1	849	0.0	1764
51P2R2A10_01804	51P2R2A10_01804	100.000	173	0	0	1	173	1	173	8.31e-128	355
51P2R2A10_01805	51P2R2A10_01805	100.000	293	0	0	1	293	1	293	0.0	601
51P2R2A10_01806	51P2R2A10_01806	100.000	432	0	0	1	432	1	432	0.0	877
51P2R2A10_01807	51P2R2A10_01807	100.000	351	0	0	1	351	1	351	0.0	731
51P2R2A10_01807	54P2R2A3_02379	95.322	342	16	0	10	351	1	342	0.0	657
51P2R2A10_01808	51P2R2A10_01808	100.000	576	0	0	1	576	1	576	0.0	1192
51P2R2A10_01808	54P2R2A3_02378	95.660	576	25	0	1	576	1	576	0.0	1129
51P2R2A10_01809	51P2R2A10_01809	100.000	280	0	0	1	280	1	280	0.0	572
51P2R2A10_01810	51P2R2A10_01810	100.000	345	0	0	1	345	1	345	0.0	719
51P2R2A10_01811	51P2R2A10_01811	100.000	289	0	0	1	289	1	289	0.0	591
51P2R2A10_01811	54P2R2A3_02375	95.896	268	11	0	1	268	1	268	0.0	512
51P2R2A10_01812	51P2R2A10_01812	100.000	172	0	0	1	172	1	172	6.88e-124	345
51P2R2A10_01812	54P2R2A3_02374	97.674	172	4	0	1	172	1	172	5.26e-121	338
51P2R2A10_01813	51P2R2A10_01813	100.000	67	0	0	1	67	1	67	3.24e-45	138
51P2R2A10_01814	51P2R2A10_01814	100.000	93	0	0	1	93	1	93	1.51e-62	184
51P2R2A10_01814	54P2R2A3_02372	97.849	93	2	0	1	93	1	93	7.42e-61	180
51P2R2A10_01815	51P2R2A10_01815	100.000	182	0	0	1	182	1	182	3.50e-136	377
51P2R2A10_01815	54P2R2A3_02371	95.604	182	8	0	1	182	1	182	5.02e-131	364
51P2R2A10_01816	51P2R2A10_01816	100.000	92	0	0	1	92	1	92	4.90e-62	183
51P2R2A10_01817	51P2R2A10_01817	100.000	156	0	0	1	156	1	156	5.29e-115	322
51P2R2A10_01818	51P2R2A10_01818	100.000	212	0	0	1	212	1	212	1.11e-154	427
51P2R2A10_01818	54P2R2A3_02368	97.170	212	6	0	1	212	1	212	4.41e-151	417
51P2R2A10_01819	51P2R2A10_01819	100.000	196	0	0	1	196	1	196	3.59e-144	399
51P2R2A10_01820	51P2R2A10_01820	100.000	117	0	0	1	117	1	117	1.42e-81	234
51P2R2A10_01820	54P2R2A3_02366	96.581	117	4	0	1	117	1	117	4.13e-79	228
51P2R2A10_01821	51P2R2A10_01821	100.000	308	0	0	1	308	1	308	0.0	612
51P2R2A10_01822	51P2R2A10_01822	100.000	1010	0	0	1	1010	1	1010	0.0	2062
51P2R2A10_01822	54P2R2A3_02364	96.634	1010	34	0	1	1010	1	1010	0.0	1995
51P2R2A10_01823	51P2R2A10_01823	100.000	72	0	0	1	72	1	72	2.14e-49	149
51P2R2A10_01823	54P2R2A3_02363	97.222	72	2	0	1	72	1	72	1.47e-47	145
51P2R2A10_01824	51P2R2A10_01824	100.000	366	0	0	1	366	1	366	0.0	738
51P2R2A10_01825	51P2R2A10_01825	100.000	197	0	0	1	197	1	197	8.20e-148	408
51P2R2A10_01826	51P2R2A10_01826	100.000	438	0	0	1	438	1	438	0.0	880
51P2R2A10_01827	51P2R2A10_01827	100.000	164	0	0	1	164	1	164	1.74e-119	333
51P2R2A10_01827	54P2R2A3_02360	95.092	163	8	0	1	163	1	163	2.19e-114	321
51P2R2A10_01828	51P2R2A10_01828	100.000	992	0	0	1	992	1	992	0.0	1972
51P2R2A10_01829	51P2R2A10_01829	100.000	106	0	0	1	106	1	106	4.20e-73	212
51P2R2A10_01830	51P2R2A10_01830	100.000	172	0	0	1	172	1	172	3.68e-124	346
51P2R2A10_01830	54P2R2A3_02357	95.349	172	8	0	1	172	1	172	1.04e-119	335
51P2R2A10_01831	51P2R2A10_01831	100.000	391	0	0	1	391	1	391	0.0	804
51P2R2A10_01832	51P2R2A10_01832	100.000	380	0	0	1	380	1	380	0.0	775
51P2R2A10_01833	51P2R2A10_01833	100.000	80	0	0	1	80	1	80	9.73e-55	163
51P2R2A10_01834	51P2R2A10_01834	100.000	115	0	0	1	115	1	115	6.16e-83	237
51P2R2A10_01835	51P2R2A10_01835	100.000	170	0	0	1	170	1	170	6.43e-126	350
51P2R2A10_01837	51P2R2A10_01837	100.000	395	0	0	1	395	1	395	0.0	758
51P2R2A10_01838	51P2R2A10_01838	100.000	264	0	0	1	264	1	264	0.0	542
51P2R2A10_01838	42P1R1A12_02142	97.348	264	7	0	1	264	1	264	0.0	528
51P2R2A10_01840	51P2R2A10_01840	100.000	167	0	0	1	167	1	167	1.22e-119	334
51P2R2A10_01841	51P2R2A10_01841	100.000	501	0	0	1	501	1	501	0.0	1037
51P2R2A10_01842	51P2R2A10_01842	100.000	386	0	0	1	386	1	386	0.0	796
51P2R2A10_01846	51P2R2A10_01846	100.000	285	0	0	1	285	1	285	0.0	576
51P2R2A10_01847	51P2R2A10_01847	100.000	295	0	0	1	295	1	295	0.0	611
51P2R2A10_01847	42P1R1A12_02152	96.610	295	10	0	1	295	1	295	0.0	594
51P2R2A10_01853	51P2R2A10_01853	100.000	359	0	0	1	359	1	359	0.0	736
51P2R2A10_01854	51P2R2A10_01854	100.000	460	0	0	1	460	1	460	0.0	918
51P2R2A10_01855	51P2R2A10_01855	100.000	348	0	0	1	348	1	348	0.0	712
51P2R2A10_01856	51P2R2A10_01856	100.000	279	0	0	1	279	1	279	0.0	575
51P2R2A10_01857	51P2R2A10_01857	100.000	316	0	0	1	316	1	316	0.0	640
51P2R2A10_01858	51P2R2A10_01858	100.000	313	0	0	1	313	1	313	0.0	639
51P2R2A10_01859	51P2R2A10_01859	100.000	253	0	0	1	253	1	253	0.0	519
51P2R2A10_01860	51P2R2A10_01860	100.000	452	0	0	1	452	1	452	0.0	899
51P2R2A10_01861	51P2R2A10_01861	100.000	214	0	0	1	214	1	214	1.80e-161	444
51P2R2A10_01869	51P2R2A10_01869	100.000	140	0	0	1	140	1	140	8.58e-100	282
51P2R2A10_01871	51P2R2A10_01871	100.000	436	0	0	1	436	1	436	0.0	891
51P2R2A10_01871	42P1R1A12_05563	95.622	434	19	0	1	434	1	434	0.0	820
51P2R2A10_01872	51P2R2A10_01872	100.000	211	0	0	1	211	1	211	5.61e-152	420
51P2R2A10_01873	51P2R2A10_01873	100.000	512	0	0	1	512	1	512	0.0	957
51P2R2A10_01874	51P2R2A10_01874	100.000	387	0	0	1	387	1	387	0.0	780
51P2R2A10_01876	51P2R2A10_01876	100.000	248	0	0	1	248	1	248	1.63e-179	492
51P2R2A10_01876	42P1R1A12_05558	95.708	233	10	0	16	248	1	233	1.21e-152	424
51P2R2A10_01877	51P2R2A10_01877	100.000	246	0	0	1	246	1	246	8.10e-176	483
51P2R2A10_01878	51P2R2A10_01878	100.000	269	0	0	1	269	1	269	0.0	561
51P2R2A10_01878	42P1R1A12_05556	96.654	269	9	0	1	269	1	269	0.0	550
51P2R2A10_01879	51P2R2A10_01879	100.000	407	0	0	1	407	1	407	0.0	838
51P2R2A10_01879	42P1R1A12_05555	96.806	407	13	0	1	407	1	407	0.0	818
51P2R2A10_01881	51P2R2A10_01881	100.000	493	0	0	1	493	1	493	0.0	997
51P2R2A10_01881	42P1R1A12_05553	97.566	493	12	0	1	493	1	493	0.0	977
51P2R2A10_01882	51P2R2A10_01882	100.000	442	0	0	1	442	1	442	0.0	900
51P2R2A10_01882	42P1R1A12_05552	96.833	442	14	0	1	442	1	442	0.0	871
51P2R2A10_01883	51P2R2A10_01883	100.000	322	0	0	1	322	1	322	0.0	652
51P2R2A10_01884	51P2R2A10_01884	100.000	161	0	0	1	161	1	161	5.24e-117	327
51P2R2A10_01884	42P1R1A12_05550	97.516	161	4	0	1	161	1	161	1.63e-113	318
51P2R2A10_01885	51P2R2A10_01885	100.000	181	0	0	1	181	1	181	2.57e-131	365
51P2R2A10_01885	42P1R1A12_05549	97.238	181	5	0	1	181	1	181	5.22e-128	357
51P2R2A10_01886	51P2R2A10_01886	100.000	681	0	0	1	681	1	681	0.0	1392
51P2R2A10_01887	51P2R2A10_01887	100.000	287	0	0	1	287	1	287	0.0	587
51P2R2A10_01887	42P1R1A12_05547	96.167	287	11	0	1	287	1	287	0.0	564
51P2R2A10_01889	51P2R2A10_01889	100.000	113	0	0	1	113	1	113	2.67e-82	236
51P2R2A10_01889	42P1R1A12_05545	95.575	113	5	0	1	113	1	113	3.00e-79	228
51P2R2A10_01892	51P2R2A10_01892	100.000	116	0	0	1	116	1	116	2.53e-78	226
51P2R2A10_01892	42P1R1A12_05542	97.414	116	3	0	1	116	1	116	1.61e-76	221
51P2R2A10_01895	51P2R2A10_01895	100.000	253	0	0	1	253	1	253	0.0	521
51P2R2A10_01896	51P2R2A10_01896	100.000	753	0	0	1	753	1	753	0.0	1547
51P2R2A10_01896	42P1R1A12_05538	97.078	753	22	0	1	753	1	753	0.0	1513
51P2R2A10_01897	51P2R2A10_01897	100.000	113	0	0	1	113	1	113	7.35e-81	232
51P2R2A10_01900	51P2R2A10_01900	100.000	254	0	0	1	254	1	254	0.0	512
51P2R2A10_01900	42P1R1A12_04777	95.669	254	11	0	1	254	1	254	3.29e-179	492
51P2R2A10_01901	51P2R2A10_01901	100.000	223	0	0	1	223	1	223	2.74e-162	447
51P2R2A10_01901	42P1R1A12_04778	95.964	223	9	0	1	223	1	223	3.26e-154	426
51P2R2A10_01903	51P2R2A10_01903	100.000	133	0	0	1	133	1	133	9.98e-97	274
51P2R2A10_01903	42P1R1A12_04780	97.692	130	3	0	1	130	1	130	1.88e-93	265
51P2R2A10_01903	31P2R1A5_00038	95.833	120	5	0	12	131	1	120	8.88e-84	241
51P2R2A10_01904	51P2R2A10_01904	100.000	728	0	0	1	728	1	728	0.0	1479
51P2R2A10_01904	42P1R1A12_04781	96.703	728	23	1	1	728	1	727	0.0	1432
51P2R2A10_01909	51P2R2A10_01909	100.000	235	0	0	1	235	1	235	1.17e-175	481
51P2R2A10_01910	51P2R2A10_01910	100.000	300	0	0	1	300	1	300	0.0	596
51P2R2A10_01911	51P2R2A10_01911	100.000	316	0	0	1	316	1	316	0.0	628
51P2R2A10_01912	51P2R2A10_01912	100.000	150	0	0	1	150	1	150	9.89e-108	303
51P2R2A10_01915	51P2R2A10_01915	100.000	453	0	0	1	453	1	453	0.0	932
51P2R2A10_01915	42P1R1A12_04795	95.585	453	20	0	1	453	1	453	0.0	895
51P2R2A10_01920	51P2R2A10_01920	100.000	633	0	0	1	633	1	633	0.0	1290
51P2R2A10_01923	51P2R2A10_01923	100.000	786	0	0	1	786	1	786	0.0	1614
51P2R2A10_01923	42P1R1A12_04802	95.924	785	32	0	1	785	1	785	0.0	1553
51P2R2A10_01924	51P2R2A10_01924	100.000	325	0	0	1	325	1	325	0.0	674
51P2R2A10_01925	51P2R2A10_01925	100.000	197	0	0	1	197	1	197	5.24e-147	406
51P2R2A10_01925	42P1R1A12_04804	97.462	197	5	0	1	197	1	197	6.01e-144	398
51P2R2A10_01927	51P2R2A10_01927	100.000	349	0	0	1	349	1	349	0.0	709
51P2R2A10_01927	42P1R1A12_04806	97.708	349	8	0	1	349	16	364	0.0	697
51P2R2A10_01934	51P2R2A10_01934	100.000	256	0	0	1	256	1	256	0.0	503
51P2R2A10_01934	42P1R1A12_04813	95.312	256	12	0	1	256	1	256	1.34e-176	486
51P2R2A10_01937	51P2R2A10_01937	100.000	246	0	0	1	246	1	246	0.0	499
51P2R2A10_01937	42P1R1A12_04816	96.748	246	8	0	1	246	1	246	2.65e-176	484
51P2R2A10_01938	51P2R2A10_01938	100.000	109	0	0	1	109	1	109	1.39e-72	211
51P2R2A10_01938	42P1R1A12_04817	97.248	109	3	0	1	109	1	109	5.76e-70	204
51P2R2A10_01940	51P2R2A10_01940	100.000	250	0	0	1	250	1	250	0.0	516
51P2R2A10_01940	42P1R1A12_04819	97.917	240	5	0	11	250	1	240	1.37e-176	485
51P2R2A10_01943	51P2R2A10_01943	100.000	386	0	0	1	386	1	386	0.0	781
51P2R2A10_01945	51P2R2A10_01945	100.000	181	0	0	1	181	1	181	4.68e-127	354
51P2R2A10_01949	51P2R2A10_01949	100.000	276	0	0	1	276	1	276	0.0	551
51P2R2A10_01950	51P2R2A10_01950	100.000	218	0	0	1	218	1	218	4.65e-160	441
51P2R2A10_01952	51P2R2A10_01952	100.000	548	0	0	1	548	1	548	0.0	1133
51P2R2A10_01952	42P1R1A12_05149	97.628	548	13	0	1	548	1	548	0.0	1107
51P2R2A10_01953	51P2R2A10_01953	100.000	95	0	0	1	95	1	95	7.14e-67	195
51P2R2A10_01953	42P1R1A12_05148	96.842	95	3	0	1	95	1	95	3.49e-64	188
51P2R2A10_01954	51P2R2A10_01954	100.000	769	0	0	1	769	1	769	0.0	1548
51P2R2A10_01954	42P1R1A12_05147	95.385	195	9	0	575	769	1	195	6.80e-129	381
51P2R2A10_01955	51P2R2A10_01955	100.000	390	0	0	1	390	1	390	0.0	805
51P2R2A10_01955	42P1R1A12_05145	97.949	390	8	0	1	390	1	390	0.0	793
51P2R2A10_01962	51P2R2A10_01962	100.000	105	0	0	1	105	1	105	1.30e-74	216
51P2R2A10_01962	42P1R1A12_05138	96.190	105	4	0	1	105	1	105	5.62e-72	209
51P2R2A10_01964	51P2R2A10_01964	100.000	354	0	0	1	354	1	354	0.0	707
51P2R2A10_01964	42P1R1A12_05136	95.480	354	16	0	1	354	1	354	0.0	587
51P2R2A10_01966	51P2R2A10_01966	100.000	352	0	0	1	352	1	352	0.0	674
51P2R2A10_01966	42P1R1A12_05134	96.023	352	14	0	1	352	1	352	0.0	602
51P2R2A10_01967	51P2R2A10_01967	100.000	170	0	0	1	170	1	170	1.05e-121	340
51P2R2A10_01967	31P2R1A5_00106	95.625	160	7	0	1	160	1	160	4.57e-103	293
51P2R2A10_01968	51P2R2A10_01968	100.000	322	0	0	1	322	1	322	0.0	647
51P2R2A10_01968	42P1R1A12_05132	96.894	322	10	0	1	322	1	322	0.0	628
51P2R2A10_01969	51P2R2A10_01969	100.000	238	0	0	1	238	1	238	1.52e-177	486
51P2R2A10_01969	42P1R1A12_05131	97.059	238	7	0	1	238	1	238	8.58e-172	472
51P2R2A10_01971	51P2R2A10_01971	100.000	189	0	0	1	189	1	189	1.72e-140	389
51P2R2A10_01971	42P1R1A12_04934	96.023	176	7	0	14	189	9	184	6.32e-127	354
51P2R2A10_01972	51P2R2A10_01972	100.000	164	0	0	1	164	1	164	2.02e-115	323
51P2R2A10_01972	54P2R2A3_02913	97.959	49	1	0	116	164	1	49	2.11e-25	92.0
51P2R2A10_01973	51P2R2A10_01973	100.000	512	0	0	1	512	1	512	0.0	1063
51P2R2A10_01973	18P3R3A11_00778	95.117	512	25	0	1	512	1	512	0.0	1020
51P2R2A10_01973	42P1R1A12_06030	96.296	162	6	0	351	512	1	162	9.59e-112	328
51P2R2A10_01974	51P2R2A10_01974	100.000	450	0	0	1	450	1	450	0.0	908
51P2R2A10_01975	51P2R2A10_01975	100.000	230	0	0	1	230	1	230	2.74e-171	470
51P2R2A10_01976	51P2R2A10_01976	100.000	560	0	0	1	560	1	560	0.0	1143
51P2R2A10_01978	51P2R2A10_01978	100.000	887	0	0	1	887	1	887	0.0	1801
51P2R2A10_01979	51P2R2A10_01979	100.000	274	0	0	1	274	1	274	0.0	561
51P2R2A10_01980	51P2R2A10_01980	100.000	786	0	0	1	786	1	786	0.0	1629
51P2R2A10_01981	51P2R2A10_01981	100.000	889	0	0	1	889	1	889	0.0	1856
51P2R2A10_01982	51P2R2A10_01982	100.000	224	0	0	1	224	1	224	7.84e-163	448
51P2R2A10_01983	51P2R2A10_01983	100.000	316	0	0	1	316	1	316	0.0	657
51P2R2A10_01984	51P2R2A10_01984	100.000	293	0	0	1	293	1	293	0.0	591
51P2R2A10_01985	51P2R2A10_01985	100.000	33	0	0	1	33	1	33	1.15e-17	67.0
51P2R2A10_01986	51P2R2A10_01986	100.000	197	0	0	1	197	1	197	2.98e-144	399
51P2R2A10_01987	51P2R2A10_01987	100.000	88	0	0	1	88	1	88	1.16e-59	176
51P2R2A10_01988	51P2R2A10_01988	100.000	403	0	0	1	403	1	403	0.0	819
51P2R2A10_01989	51P2R2A10_01989	100.000	1123	0	0	1	1123	1	1123	0.0	2287
51P2R2A10_01990	51P2R2A10_01990	100.000	120	0	0	1	120	1	120	6.25e-85	243
51P2R2A10_01991	51P2R2A10_01991	100.000	536	0	0	1	536	1	536	0.0	1080
51P2R2A10_01992	51P2R2A10_01992	100.000	590	0	0	1	590	1	590	0.0	1215
51P2R2A10_01992	38P2R3A13_04100	96.610	590	20	0	1	590	1	590	0.0	1183
51P2R2A10_01993	51P2R2A10_01993	100.000	361	0	0	1	361	1	361	0.0	733
51P2R2A10_01994	51P2R2A10_01994	100.000	175	0	0	1	175	1	175	1.47e-126	352
51P2R2A10_01994	38P2R3A13_04102	95.429	175	8	0	1	175	1	175	7.62e-121	338
51P2R2A10_01995	51P2R2A10_01995	100.000	911	0	0	1	911	1	911	0.0	1890
51P2R2A10_01996	51P2R2A10_01996	100.000	812	0	0	1	812	1	812	0.0	1704
51P2R2A10_01997	51P2R2A10_01997	100.000	402	0	0	1	402	1	402	0.0	836
51P2R2A10_01998	51P2R2A10_01998	100.000	267	0	0	1	267	1	267	0.0	538
51P2R2A10_01999	51P2R2A10_01999	100.000	252	0	0	1	252	1	252	0.0	516
51P2R2A10_02000	51P2R2A10_02000	100.000	150	0	0	1	150	1	150	2.36e-106	299
51P2R2A10_02001	51P2R2A10_02001	100.000	447	0	0	1	447	1	447	0.0	900
51P2R2A10_02002	51P2R2A10_02002	100.000	560	0	0	1	560	1	560	0.0	1154
51P2R2A10_02004	51P2R2A10_02004	100.000	39	0	0	1	39	1	39	4.54e-22	78.2
51P2R2A10_02004	51P2R2A10_01253	97.436	39	1	0	1	39	1	39	6.59e-22	77.8
51P2R2A10_02007	51P2R2A10_02007	100.000	133	0	0	1	133	1	133	3.41e-96	272
51P2R2A10_02007	31P2R1A5_03630	97.744	133	3	0	1	133	1	133	6.14e-94	266
51P2R2A10_02008	51P2R2A10_02008	100.000	378	0	0	1	378	1	378	0.0	781
51P2R2A10_02008	42P1R1A12_04067	97.090	378	11	0	1	378	1	378	0.0	762
51P2R2A10_02015	51P2R2A10_02015	100.000	298	0	0	1	298	1	298	0.0	617
51P2R2A10_02017	51P2R2A10_02017	100.000	218	0	0	1	218	1	218	8.81e-158	435
51P2R2A10_02017	42P1R1A12_04080	97.248	218	6	0	1	218	1	218	4.59e-154	426
51P2R2A10_02018	51P2R2A10_02018	100.000	242	0	0	1	242	1	242	4.60e-179	491
51P2R2A10_02027	51P2R2A10_02027	100.000	189	0	0	1	189	1	189	9.35e-137	379
51P2R2A10_02027	42P1R1A12_04090	97.354	189	5	0	1	189	1	189	1.68e-132	369
51P2R2A10_02037	51P2R2A10_02037	100.000	91	0	0	1	91	1	91	2.82e-64	188
51P2R2A10_02037	42P1R1A12_04100	97.802	91	2	0	1	91	1	91	2.94e-62	183
