51P2R2A10_04448	51P2R2A10_04448	100.000	182	0	0	1	182	1	182	7.71e-136	377
51P2R2A10_04450	51P2R2A10_04450	100.000	381	0	0	1	381	1	381	0.0	790
51P2R2A10_04450	42P1R1A12_04458	96.325	381	14	0	1	381	1	381	0.0	763
51P2R2A10_04454	51P2R2A10_04454	100.000	129	0	0	1	129	1	129	1.21e-89	255
51P2R2A10_04454	42P1R1A12_04454	97.674	129	3	0	1	129	1	129	1.03e-87	251
51P2R2A10_04454	31P2R1A5_04901	96.899	129	4	0	1	129	1	129	2.32e-87	249
51P2R2A10_04455	51P2R2A10_04455	100.000	113	0	0	1	113	1	113	5.03e-79	227
51P2R2A10_04455	42P1R1A12_04453	100.000	113	0	0	1	113	40	152	8.75e-79	228
51P2R2A10_04460	51P2R2A10_04460	100.000	378	0	0	1	378	1	378	0.0	769
51P2R2A10_04460	42P1R1A12_04448	96.032	378	15	0	1	378	1	378	0.0	743
51P2R2A10_04462	51P2R2A10_04462	100.000	247	0	0	1	247	1	247	0.0	504
51P2R2A10_04462	42P1R1A12_04446	97.976	247	5	0	1	247	1	247	2.55e-180	494
51P2R2A10_04463	51P2R2A10_04463	100.000	384	0	0	1	384	1	384	0.0	780
51P2R2A10_04463	42P1R1A12_04445	95.312	384	18	0	1	384	1	384	0.0	718
51P2R2A10_04464	51P2R2A10_04464	100.000	637	0	0	1	637	1	637	0.0	1312
51P2R2A10_04464	42P1R1A12_04443	96.145	415	16	0	223	637	1	415	0.0	829
51P2R2A10_04464	42P1R1A12_04444	96.610	177	6	0	1	177	1	177	4.46e-118	350
51P2R2A10_04465	51P2R2A10_04465	100.000	131	0	0	1	131	1	131	1.40e-88	253
51P2R2A10_04466	51P2R2A10_04466	100.000	162	0	0	1	162	1	162	2.81e-120	335
51P2R2A10_04467	51P2R2A10_04467	100.000	573	0	0	1	573	1	573	0.0	1188
51P2R2A10_04471	51P2R2A10_04471	100.000	38	0	0	1	38	1	38	1.03e-22	79.7
51P2R2A10_04472	51P2R2A10_04472	100.000	103	0	0	1	103	1	103	1.22e-70	205
51P2R2A10_04472	42P1R1A12_04435	97.087	103	3	0	1	103	1	103	5.86e-68	199
51P2R2A10_04473	51P2R2A10_04473	100.000	436	0	0	1	436	1	436	0.0	892
51P2R2A10_04473	42P1R1A12_04434	96.330	436	16	0	1	436	1	436	0.0	863
51P2R2A10_04475	51P2R2A10_04475	100.000	552	0	0	1	552	1	552	0.0	1154
51P2R2A10_04475	42P1R1A12_04432	96.196	552	21	0	1	552	1	552	0.0	1114
51P2R2A10_04477	51P2R2A10_04477	100.000	316	0	0	1	316	1	316	0.0	647
51P2R2A10_04477	42P1R1A12_04430	97.468	316	8	0	1	316	1	316	0.0	631
51P2R2A10_04479	51P2R2A10_04479	100.000	129	0	0	1	129	1	129	1.07e-90	258
51P2R2A10_04479	42P1R1A12_04428	97.674	129	3	0	1	129	1	129	7.47e-89	253
51P2R2A10_04479	10P3R2A13_03360	95.349	129	6	0	1	129	1	129	9.34e-87	248
51P2R2A10_04482	51P2R2A10_04482	100.000	151	0	0	1	151	1	151	2.09e-111	312
51P2R2A10_04482	42P1R1A12_04424	97.351	151	4	0	1	151	1	151	2.51e-107	302
51P2R2A10_04485	51P2R2A10_04485	100.000	253	0	0	1	253	1	253	0.0	518
51P2R2A10_04485	42P1R1A12_04421	97.233	253	7	0	1	253	1	253	0.0	503
51P2R2A10_04486	51P2R2A10_04486	100.000	168	0	0	1	168	1	168	1.12e-124	347
51P2R2A10_04486	42P1R1A12_04419	95.833	168	7	0	1	168	1	168	3.28e-110	310
51P2R2A10_04489	51P2R2A10_04489	100.000	504	0	0	1	504	1	504	0.0	1040
51P2R2A10_04489	31P2R1A5_04872	97.817	504	11	0	1	504	1	504	0.0	1023
51P2R2A10_04489	18P3R3A11_02687	97.024	504	15	0	1	504	1	504	0.0	1016
51P2R2A10_04489	10P3R2A13_03375	95.833	504	21	0	1	504	1	504	0.0	986
51P2R2A10_04509	51P2R2A10_04509	100.000	434	0	0	1	434	1	434	0.0	902
51P2R2A10_04510	51P2R2A10_04510	100.000	533	0	0	1	533	1	533	0.0	1091
51P2R2A10_04511	51P2R2A10_04511	100.000	452	0	0	1	452	1	452	0.0	931
51P2R2A10_04512	51P2R2A10_04512	100.000	1683	0	0	1	1683	1	1683	0.0	3487
51P2R2A10_04513	51P2R2A10_04513	100.000	120	0	0	1	120	1	120	1.46e-86	247
51P2R2A10_04514	51P2R2A10_04514	100.000	667	0	0	1	667	1	667	0.0	1356
51P2R2A10_04515	51P2R2A10_04515	100.000	545	0	0	1	545	1	545	0.0	1126
51P2R2A10_04515	3P1R3A2_00244	96.881	545	17	0	1	545	1	545	0.0	1097
51P2R2A10_04516	51P2R2A10_04516	100.000	362	0	0	1	362	1	362	0.0	749
51P2R2A10_04517	51P2R2A10_04517	100.000	203	0	0	1	203	1	203	7.50e-142	394
51P2R2A10_04518	51P2R2A10_04518	100.000	238	0	0	1	238	1	238	1.02e-177	487
51P2R2A10_04518	42P1R1A12_04247	95.238	231	11	0	1	231	1	231	3.77e-163	451
51P2R2A10_04520	51P2R2A10_04520	100.000	108	0	0	1	108	1	108	4.34e-75	217
51P2R2A10_04520	42P1R1A12_04245	97.222	108	3	0	1	108	1	108	2.04e-73	213
51P2R2A10_04521	51P2R2A10_04521	100.000	170	0	0	1	170	1	170	6.11e-124	345
51P2R2A10_04522	51P2R2A10_04522	100.000	344	0	0	1	344	1	344	0.0	694
51P2R2A10_04522	42P1R1A12_04243	96.802	344	11	0	1	344	1	344	0.0	671
51P2R2A10_04524	51P2R2A10_04524	100.000	156	0	0	1	156	1	156	5.06e-110	309
51P2R2A10_04531	51P2R2A10_04531	100.000	448	0	0	1	448	1	448	0.0	928
51P2R2A10_04531	42P1R1A12_04234	98.858	438	5	0	11	448	1	438	0.0	895
51P2R2A10_04533	51P2R2A10_04533	100.000	292	0	0	1	292	1	292	0.0	597
51P2R2A10_04533	42P1R1A12_04232	96.918	292	9	0	1	292	1	292	0.0	585
51P2R2A10_04534	51P2R2A10_04534	100.000	375	0	0	1	375	1	375	0.0	766
51P2R2A10_04534	42P1R1A12_04231	97.333	375	10	0	1	375	1	375	0.0	749
51P2R2A10_04540	51P2R2A10_04540	100.000	236	0	0	1	236	1	236	9.40e-176	482
51P2R2A10_04540	42P1R1A12_01435	95.763	236	10	0	1	236	1	236	7.23e-168	462
51P2R2A10_04542	51P2R2A10_04542	100.000	233	0	0	1	233	1	233	4.39e-178	488
51P2R2A10_04543	51P2R2A10_04543	100.000	138	0	0	1	138	1	138	2.90e-96	273
51P2R2A10_04543	42P1R1A12_01439	97.101	138	4	0	1	138	1	138	6.29e-93	265
51P2R2A10_04544	51P2R2A10_04544	100.000	182	0	0	1	182	1	182	2.71e-132	367
51P2R2A10_04544	42P1R1A12_01440	97.253	182	5	0	1	182	1	182	7.24e-129	359
51P2R2A10_04546	51P2R2A10_04546	100.000	87	0	0	1	87	1	87	6.49e-60	177
51P2R2A10_04546	42P1R1A12_01442	96.552	87	3	0	1	87	1	87	4.45e-58	172
51P2R2A10_04547	51P2R2A10_04547	100.000	436	0	0	1	436	1	436	0.0	880
51P2R2A10_04549	51P2R2A10_04549	100.000	724	0	0	1	724	1	724	0.0	1511
51P2R2A10_04549	31P2R1A5_03650	95.297	723	34	0	1	723	2	724	0.0	1449
51P2R2A10_04552	51P2R2A10_04552	100.000	199	0	0	1	199	1	199	4.46e-145	401
51P2R2A10_04552	42P1R1A12_01449	97.487	199	5	0	1	199	1	199	6.09e-142	393
51P2R2A10_04562	51P2R2A10_04562	100.000	400	0	0	1	400	1	400	0.0	825
51P2R2A10_04562	42P1R1A12_01459	97.500	400	10	0	1	400	1	400	0.0	805
51P2R2A10_04575	51P2R2A10_04575	100.000	267	0	0	1	267	1	267	0.0	536
51P2R2A10_04575	42P1R1A12_01473	97.753	267	6	0	1	267	1	267	0.0	525
51P2R2A10_04578	51P2R2A10_04578	100.000	504	0	0	1	504	1	504	0.0	994
51P2R2A10_04578	42P1R1A12_01476	98.776	490	6	0	15	504	1	490	0.0	960
51P2R2A10_04580	51P2R2A10_04580	100.000	661	0	0	1	661	1	661	0.0	1254
51P2R2A10_04580	42P1R1A12_01479	97.731	661	15	0	1	661	1	661	0.0	1232
51P2R2A10_04581	51P2R2A10_04581	100.000	297	0	0	1	297	1	297	0.0	601
51P2R2A10_04581	42P1R1A12_01480	97.643	297	7	0	1	297	1	297	0.0	588
51P2R2A10_04582	51P2R2A10_04582	100.000	266	0	0	1	266	1	266	0.0	537
51P2R2A10_04582	42P1R1A12_01481	97.368	266	7	0	1	266	1	266	0.0	523
51P2R2A10_04582	54P2R2A3_04217	95.113	266	13	0	1	266	1	266	0.0	516
51P2R2A10_04584	51P2R2A10_04584	100.000	852	0	0	1	852	1	852	0.0	1741
51P2R2A10_04585	51P2R2A10_04585	100.000	60	0	0	1	60	1	60	3.32e-39	123
51P2R2A10_04585	42P1R1A12_01484	96.667	60	2	0	1	60	1	60	3.72e-38	120
51P2R2A10_04586	51P2R2A10_04586	100.000	126	0	0	1	126	1	126	5.78e-89	253
51P2R2A10_04586	42P1R1A12_01485	96.825	126	4	0	1	126	1	126	2.10e-85	244
51P2R2A10_04587	51P2R2A10_04587	100.000	175	0	0	1	175	1	175	5.94e-125	348
51P2R2A10_04589	51P2R2A10_04589	100.000	280	0	0	1	280	1	280	0.0	566
51P2R2A10_04591	51P2R2A10_04591	100.000	498	0	0	1	498	1	498	0.0	1000
51P2R2A10_04591	42P1R1A12_01490	96.787	498	16	0	1	498	1	498	0.0	970
51P2R2A10_04592	51P2R2A10_04592	100.000	402	0	0	1	402	1	402	0.0	791
51P2R2A10_04594	51P2R2A10_04594	100.000	171	0	0	1	171	1	171	8.08e-121	338
51P2R2A10_04595	51P2R2A10_04595	100.000	122	0	0	1	122	1	122	5.45e-85	243
51P2R2A10_04596	51P2R2A10_04596	100.000	199	0	0	1	199	1	199	1.67e-142	395
51P2R2A10_04597	51P2R2A10_04597	100.000	327	0	0	1	327	1	327	0.0	655
51P2R2A10_04598	51P2R2A10_04598	100.000	399	0	0	1	399	1	399	0.0	802
51P2R2A10_04599	51P2R2A10_04599	100.000	162	0	0	1	162	1	162	5.70e-113	317
51P2R2A10_04600	51P2R2A10_04600	100.000	253	0	0	1	253	1	253	1.16e-180	496
51P2R2A10_04601	51P2R2A10_04601	100.000	277	0	0	1	277	1	277	0.0	535
51P2R2A10_04602	51P2R2A10_04602	100.000	810	0	0	1	810	1	810	0.0	1603
51P2R2A10_04602	42P1R1A12_01501	97.037	810	24	0	1	810	1	810	0.0	1563
51P2R2A10_04603	51P2R2A10_04603	100.000	179	0	0	1	179	1	179	9.61e-131	363
51P2R2A10_04604	51P2R2A10_04604	100.000	239	0	0	1	239	1	239	0.0	496
51P2R2A10_04604	42P1R1A12_01503	97.490	239	6	0	1	239	1	239	3.38e-178	488
51P2R2A10_04606	51P2R2A10_04606	100.000	294	0	0	1	294	1	294	0.0	601
51P2R2A10_04606	42P1R1A12_01505	95.918	294	12	0	1	294	1	294	0.0	581
51P2R2A10_04608	51P2R2A10_04608	100.000	160	0	0	1	160	1	160	1.44e-115	323
51P2R2A10_04610	51P2R2A10_04610	100.000	285	0	0	1	285	1	285	0.0	578
51P2R2A10_04610	42P1R1A12_01509	96.140	285	11	0	1	285	1	285	0.0	556
51P2R2A10_04612	51P2R2A10_04612	100.000	418	0	0	1	418	1	418	0.0	863
51P2R2A10_04612	42P1R1A12_01511	96.651	418	14	0	1	418	1	418	0.0	838
51P2R2A10_04613	51P2R2A10_04613	100.000	147	0	0	1	147	1	147	5.17e-110	308
51P2R2A10_04613	42P1R1A12_01512	96.599	147	5	0	1	147	1	147	2.15e-106	299
51P2R2A10_04619	51P2R2A10_04619	100.000	528	0	0	1	528	1	528	0.0	1089
51P2R2A10_04619	42P1R1A12_01518	96.629	534	12	1	1	528	1	534	0.0	1058
51P2R2A10_04621	51P2R2A10_04621	100.000	570	0	0	1	570	1	570	0.0	1122
51P2R2A10_04622	51P2R2A10_04622	100.000	288	0	0	1	288	1	288	0.0	602
51P2R2A10_04622	42P1R1A12_01522	97.917	288	6	0	1	288	1	288	0.0	592
51P2R2A10_04623	51P2R2A10_04623	100.000	265	0	0	1	265	1	265	0.0	550
51P2R2A10_04623	42P1R1A12_01523	97.358	265	7	0	1	265	1	265	0.0	540
51P2R2A10_04623	31P2R1A5_03724	96.226	265	10	0	1	265	1	265	0.0	535
51P2R2A10_04624	51P2R2A10_04624	100.000	121	0	0	1	121	1	121	2.12e-86	246
51P2R2A10_04624	31P2R1A5_03725	97.521	121	3	0	1	121	1	121	1.00e-84	242
51P2R2A10_04626	51P2R2A10_04626	100.000	505	0	0	1	505	1	505	0.0	1028
51P2R2A10_04627	51P2R2A10_04627	100.000	265	0	0	1	265	1	265	0.0	536
51P2R2A10_04628	51P2R2A10_04628	100.000	95	0	0	1	95	1	95	3.02e-65	191
51P2R2A10_04635	51P2R2A10_04635	100.000	317	0	0	1	317	1	317	0.0	663
51P2R2A10_04637	51P2R2A10_04637	100.000	184	0	0	1	184	1	184	1.05e-136	379
51P2R2A10_04637	42P1R1A12_01541	97.283	184	5	0	1	184	1	184	1.42e-132	369
51P2R2A10_04639	51P2R2A10_04639	100.000	144	0	0	1	144	1	144	1.35e-105	297
51P2R2A10_04639	42P1R1A12_01543	96.528	144	5	0	1	144	1	144	1.68e-101	286
51P2R2A10_04640	51P2R2A10_04640	100.000	462	0	0	1	462	1	462	0.0	936
51P2R2A10_04640	42P1R1A12_01544	96.753	462	15	0	1	462	1	462	0.0	907
51P2R2A10_04641	51P2R2A10_04641	100.000	402	0	0	1	402	1	402	0.0	798
51P2R2A10_04641	42P1R1A12_01545	95.771	402	17	0	1	402	1	402	0.0	769
51P2R2A10_04643	51P2R2A10_04643	100.000	207	0	0	1	207	1	207	5.42e-152	419
51P2R2A10_04643	42P1R1A12_01547	97.101	207	6	0	1	207	1	207	1.53e-147	408
51P2R2A10_04644	51P2R2A10_04644	100.000	248	0	0	1	248	1	248	0.0	507
51P2R2A10_04644	42P1R1A12_01548	97.984	248	5	0	1	248	1	248	0.0	497
51P2R2A10_04646	51P2R2A10_04646	100.000	136	0	0	1	136	1	136	4.13e-97	275
51P2R2A10_04648	51P2R2A10_04648	100.000	170	0	0	1	170	1	170	1.01e-122	342
51P2R2A10_04648	42P1R1A12_01552	96.471	170	6	0	1	170	1	170	9.91e-118	330
51P2R2A10_04653	51P2R2A10_04653	100.000	307	0	0	1	307	1	307	0.0	624
51P2R2A10_04653	42P1R1A12_01557	97.394	307	8	0	1	307	1	307	0.0	608
51P2R2A10_04655	51P2R2A10_04655	100.000	349	0	0	1	349	1	349	0.0	702
51P2R2A10_04655	42P1R1A12_01559	97.135	349	10	0	1	349	1	349	0.0	682
51P2R2A10_04655	31P2R1A5_03756	95.415	349	16	0	1	349	1	349	0.0	669
51P2R2A10_04659	51P2R2A10_04659	100.000	453	0	0	1	453	1	453	0.0	919
51P2R2A10_04659	42P1R1A12_01563	95.806	453	19	0	1	453	1	453	0.0	823
51P2R2A10_04675	51P2R2A10_04675	100.000	405	0	0	1	405	1	405	0.0	805
51P2R2A10_04678	51P2R2A10_04678	100.000	437	0	0	1	437	1	437	0.0	880
51P2R2A10_04678	42P1R1A12_01582	95.652	437	19	0	1	437	1	437	0.0	823
51P2R2A10_04680	51P2R2A10_04680	100.000	51	0	0	1	51	1	51	2.65e-32	105
51P2R2A10_04681	51P2R2A10_04681	100.000	552	0	0	1	552	1	552	0.0	1137
51P2R2A10_04681	42P1R1A12_01585	96.920	552	17	0	1	552	1	552	0.0	1112
51P2R2A10_04683	51P2R2A10_04683	100.000	537	0	0	1	537	1	537	0.0	1052
51P2R2A10_04683	42P1R1A12_01587	95.345	537	25	0	1	537	1	537	0.0	950
51P2R2A10_04684	51P2R2A10_04684	100.000	234	0	0	1	234	1	234	3.23e-171	470
51P2R2A10_04685	51P2R2A10_04685	100.000	256	0	0	1	256	1	256	0.0	501
51P2R2A10_04685	42P1R1A12_01589	96.484	256	9	0	1	256	1	256	2.65e-177	488
51P2R2A10_04686	51P2R2A10_04686	100.000	282	0	0	1	282	1	282	0.0	587
51P2R2A10_04686	31P2R1A5_03787	97.518	282	7	0	1	282	1	282	0.0	576
51P2R2A10_04689	51P2R2A10_04689	100.000	232	0	0	1	232	1	232	5.72e-176	482
51P2R2A10_04689	42P1R1A12_01593	97.414	232	6	0	1	232	1	232	4.63e-172	472
51P2R2A10_04690	51P2R2A10_04690	100.000	786	0	0	1	786	1	786	0.0	1624
51P2R2A10_04690	42P1R1A12_01594	97.455	786	20	0	1	786	1	786	0.0	1586
51P2R2A10_04692	51P2R2A10_04692	100.000	220	0	0	1	220	1	220	2.52e-166	457
51P2R2A10_04692	42P1R1A12_01596	97.727	220	5	0	1	220	1	220	2.19e-163	449
51P2R2A10_04694	51P2R2A10_04694	100.000	452	0	0	1	452	1	452	0.0	901
51P2R2A10_04694	42P1R1A12_01598	97.124	452	13	0	1	452	1	452	0.0	879
51P2R2A10_04695	51P2R2A10_04695	100.000	542	0	0	1	542	1	542	0.0	1109
51P2R2A10_04695	42P1R1A12_01599	97.232	542	15	0	1	542	1	542	0.0	1081
51P2R2A10_04696	51P2R2A10_04696	100.000	233	0	0	1	233	1	233	9.27e-177	484
51P2R2A10_04696	42P1R1A12_01600	97.425	233	6	0	1	233	1	233	1.31e-172	474
51P2R2A10_04702	51P2R2A10_04702	100.000	126	0	0	1	126	1	126	4.02e-89	254
51P2R2A10_04702	42P1R1A12_01606	96.825	126	4	0	1	126	1	126	2.33e-87	249
51P2R2A10_04702	31P2R1A5_03803	96.032	126	5	0	1	126	1	126	5.80e-87	248
51P2R2A10_04707	51P2R2A10_04707	100.000	519	0	0	1	519	1	519	0.0	1068
51P2R2A10_04708	51P2R2A10_04708	100.000	78	0	0	1	78	1	78	1.93e-53	160
51P2R2A10_04709	51P2R2A10_04709	100.000	295	0	0	1	295	1	295	0.0	607
51P2R2A10_04713	51P2R2A10_04713	100.000	303	0	0	1	303	1	303	0.0	613
51P2R2A10_04714	51P2R2A10_04714	100.000	509	0	0	1	509	1	509	0.0	1044
51P2R2A10_04714	42P1R1A12_01616	95.874	509	21	0	1	509	1	509	0.0	1001
51P2R2A10_04715	51P2R2A10_04715	100.000	290	0	0	1	290	1	290	0.0	585
51P2R2A10_04715	42P1R1A12_01617	97.931	290	6	0	1	290	1	290	0.0	573
51P2R2A10_04715	31P2R1A5_03820	95.862	290	12	0	1	290	1	290	0.0	548
51P2R2A10_04716	51P2R2A10_04716	100.000	98	0	0	1	98	1	98	3.02e-65	191
51P2R2A10_04716	42P1R1A12_01618	95.918	98	4	0	1	98	1	98	1.37e-50	154
51P2R2A10_04717	51P2R2A10_04717	100.000	343	0	0	1	343	1	343	0.0	707
51P2R2A10_04719	51P2R2A10_04719	100.000	84	0	0	1	84	1	84	9.88e-54	161
51P2R2A10_04721	51P2R2A10_04721	100.000	106	0	0	1	106	1	106	1.29e-71	208
51P2R2A10_04721	42P1R1A12_02334	95.283	106	5	0	1	106	1	106	8.87e-69	201
51P2R2A10_04723	51P2R2A10_04723	100.000	910	0	0	1	910	1	910	0.0	1858
51P2R2A10_04723	42P1R1A12_02332	97.802	910	20	0	1	910	1	910	0.0	1818
51P2R2A10_04723	42P1R1A12_05664	96.044	910	36	0	1	910	1	910	0.0	1761
51P2R2A10_04725	51P2R2A10_04725	100.000	466	0	0	1	466	1	466	0.0	962
51P2R2A10_04725	42P1R1A12_02330	97.854	466	10	0	1	466	1	466	0.0	949
51P2R2A10_04726	51P2R2A10_04726	100.000	336	0	0	1	336	1	336	0.0	691
51P2R2A10_04726	42P1R1A12_02329	97.917	336	7	0	1	336	1	336	0.0	677
51P2R2A10_04732	51P2R2A10_04732	100.000	234	0	0	1	234	1	234	1.26e-172	474
51P2R2A10_04734	51P2R2A10_04734	100.000	143	0	0	1	143	1	143	2.91e-96	273
51P2R2A10_04734	42P1R1A12_02321	96.503	143	3	1	1	143	1	141	8.95e-92	262
51P2R2A10_04735	51P2R2A10_04735	100.000	327	0	0	1	327	1	327	0.0	681
51P2R2A10_04735	42P1R1A12_02320	97.152	316	9	0	12	327	1	316	0.0	644
51P2R2A10_04736	51P2R2A10_04736	100.000	1129	0	0	1	1129	1	1129	0.0	2352
51P2R2A10_04736	42P1R1A12_02319	97.963	1129	23	0	1	1129	1	1129	0.0	2305
51P2R2A10_04736	31P2R1A5_04973	95.571	1129	50	0	1	1129	1	1129	0.0	2245
51P2R2A10_04737	51P2R2A10_04737	100.000	381	0	0	1	381	1	381	0.0	775
51P2R2A10_04737	42P1R1A12_02318	96.053	380	15	0	1	380	1	380	0.0	744
51P2R2A10_04744	51P2R2A10_04744	100.000	267	0	0	1	267	1	267	0.0	558
51P2R2A10_04744	42P1R1A12_02311	97.378	267	7	0	1	267	1	267	0.0	543
51P2R2A10_04745	51P2R2A10_04745	100.000	195	0	0	1	195	1	195	1.70e-144	399
51P2R2A10_04745	42P1R1A12_02310	97.949	195	4	0	1	195	1	195	1.26e-141	392
51P2R2A10_04746	51P2R2A10_04746	100.000	261	0	0	1	261	1	261	0.0	536
51P2R2A10_04746	42P1R1A12_02309	95.785	261	11	0	1	261	1	261	0.0	517
51P2R2A10_04748	51P2R2A10_04748	100.000	197	0	0	1	197	1	197	4.93e-144	399
51P2R2A10_04750	51P2R2A10_04750	100.000	304	0	0	1	304	1	304	0.0	616
51P2R2A10_04750	42P1R1A12_02303	96.711	304	10	0	1	304	1	304	0.0	600
51P2R2A10_04753	51P2R2A10_04753	100.000	155	0	0	1	155	1	155	8.54e-112	313
51P2R2A10_04753	42P1R1A12_02293	97.419	155	4	0	1	155	1	155	1.59e-109	308
51P2R2A10_04760	51P2R2A10_04760	100.000	85	0	0	1	85	1	85	3.44e-59	175
51P2R2A10_04761	51P2R2A10_04761	100.000	256	0	0	1	256	1	256	0.0	512
51P2R2A10_04761	42P1R1A12_02285	96.484	256	9	0	1	256	1	256	0.0	497
51P2R2A10_04763	51P2R2A10_04763	100.000	80	0	0	1	80	1	80	4.01e-54	162
51P2R2A10_04763	42P1R1A12_02283	96.250	80	3	0	1	80	1	80	1.05e-51	155
51P2R2A10_04766	51P2R2A10_04766	100.000	414	0	0	1	414	1	414	0.0	819
51P2R2A10_04766	42P1R1A12_02280	97.585	414	10	0	1	414	1	414	0.0	802
51P2R2A10_04768	51P2R2A10_04768	100.000	145	0	0	1	145	1	145	2.97e-105	296
51P2R2A10_04769	51P2R2A10_04769	100.000	214	0	0	1	214	1	214	8.37e-147	407
51P2R2A10_04770	51P2R2A10_04770	100.000	272	0	0	1	272	1	272	0.0	558
51P2R2A10_04771	51P2R2A10_04771	100.000	93	0	0	1	93	1	93	7.90e-62	182
51P2R2A10_04773	51P2R2A10_04773	100.000	107	0	0	1	107	1	107	6.03e-76	219
51P2R2A10_04773	42P1R1A12_02274	95.327	107	5	0	1	107	1	107	1.58e-64	190
51P2R2A10_04775	51P2R2A10_04775	100.000	319	0	0	1	319	1	319	0.0	655
51P2R2A10_04775	42P1R1A12_02272	95.925	319	13	0	1	319	1	319	0.0	607
51P2R2A10_04780	51P2R2A10_04780	100.000	297	0	0	1	297	1	297	0.0	614
51P2R2A10_04780	42P1R1A12_02267	95.960	297	12	0	1	297	1	297	0.0	596
51P2R2A10_04784	51P2R2A10_04784	100.000	127	0	0	1	127	1	127	2.19e-93	265
51P2R2A10_04784	42P1R1A12_02263	96.850	127	4	0	1	127	1	127	2.97e-90	257
51P2R2A10_04785	51P2R2A10_04785	100.000	286	0	0	1	286	1	286	0.0	599
51P2R2A10_04785	42P1R1A12_02262	97.203	286	8	0	1	286	1	286	0.0	585
51P2R2A10_04785	31P2R1A5_04309	96.853	286	9	0	1	286	1	286	0.0	583
51P2R2A10_04785	43P2R2A2_05518	96.429	56	2	0	227	282	1	56	2.50e-34	119
51P2R2A10_04787	51P2R2A10_04787	100.000	255	0	0	1	255	1	255	0.0	528
51P2R2A10_04787	42P1R1A12_02260	96.078	255	10	0	1	255	1	255	0.0	512
51P2R2A10_04788	51P2R2A10_04788	100.000	211	0	0	1	211	1	211	3.88e-155	427
51P2R2A10_04788	42P1R1A12_02259	97.156	211	6	0	1	211	1	211	2.26e-152	421
51P2R2A10_04789	51P2R2A10_04789	100.000	146	0	0	1	146	1	146	7.59e-106	298
51P2R2A10_04789	42P1R1A12_02258	97.945	146	3	0	1	146	1	146	2.76e-103	291
51P2R2A10_04790	51P2R2A10_04790	100.000	405	0	0	1	405	1	405	0.0	830
51P2R2A10_04790	42P1R1A12_02257	96.049	405	16	0	1	405	1	405	0.0	802
51P2R2A10_04791	51P2R2A10_04791	100.000	480	0	0	1	480	1	480	0.0	993
51P2R2A10_04791	42P1R1A12_02256	97.708	480	11	0	1	480	1	480	0.0	975
51P2R2A10_04792	51P2R2A10_04792	100.000	131	0	0	1	131	1	131	3.36e-95	270
51P2R2A10_04793	51P2R2A10_04793	100.000	496	0	0	1	496	1	496	0.0	978
51P2R2A10_04793	42P1R1A12_02254	97.379	496	12	1	1	496	1	495	0.0	952
51P2R2A10_04793	54P2R2A3_02674	95.161	496	23	1	1	496	1	495	0.0	914
51P2R2A10_04794	51P2R2A10_04794	100.000	291	0	0	1	291	1	291	0.0	591
51P2R2A10_04795	51P2R2A10_04795	100.000	201	0	0	1	201	1	201	1.68e-144	400
51P2R2A10_04796	51P2R2A10_04796	100.000	288	0	0	1	288	1	288	0.0	577
51P2R2A10_04796	42P1R1A12_02251	98.264	288	5	0	1	288	15	302	0.0	566
51P2R2A10_04796	54P2R2A3_02671	95.833	288	12	0	1	288	1	288	0.0	550
51P2R2A10_04797	51P2R2A10_04797	100.000	178	0	0	1	178	1	178	2.01e-128	357
51P2R2A10_04798	51P2R2A10_04798	100.000	279	0	0	1	279	1	279	0.0	560
51P2R2A10_04799	51P2R2A10_04799	100.000	454	0	0	1	454	1	454	0.0	922
51P2R2A10_04799	42P1R1A12_02248	97.577	454	11	0	1	454	1	454	0.0	905
51P2R2A10_04799	31P2R1A5_04325	95.815	454	19	0	1	454	1	454	0.0	890
51P2R2A10_04800	51P2R2A10_04800	100.000	305	0	0	1	305	1	305	0.0	620
51P2R2A10_04800	42P1R1A12_02247	96.393	305	11	0	1	305	1	305	0.0	600
51P2R2A10_04800	31P2R1A5_04326	95.082	305	15	0	1	305	1	305	0.0	592
51P2R2A10_04801	51P2R2A10_04801	100.000	341	0	0	1	341	1	341	0.0	704
51P2R2A10_04801	31P2R1A5_04327	95.015	341	17	0	1	341	1	341	0.0	650
51P2R2A10_04802	51P2R2A10_04802	100.000	482	0	0	1	482	1	482	0.0	986
51P2R2A10_04803	51P2R2A10_04803	100.000	922	0	0	1	922	1	922	0.0	1898
51P2R2A10_04804	51P2R2A10_04804	100.000	141	0	0	1	141	1	141	3.08e-101	286
51P2R2A10_04804	42P1R1A12_02243	95.745	141	6	0	1	141	1	141	2.24e-97	276
51P2R2A10_04805	51P2R2A10_04805	100.000	157	0	0	1	157	1	157	1.36e-112	316
51P2R2A10_04807	51P2R2A10_04807	100.000	284	0	0	1	284	1	284	0.0	575
51P2R2A10_04807	42P1R1A12_02240	97.535	284	7	0	1	284	1	284	0.0	563
51P2R2A10_04807	31P2R1A5_04333	97.535	284	7	0	1	284	1	284	0.0	560
51P2R2A10_04808	51P2R2A10_04808	100.000	354	0	0	1	354	1	354	0.0	723
51P2R2A10_04808	42P1R1A12_02239	95.198	354	17	0	1	354	1	354	0.0	690
51P2R2A10_04809	51P2R2A10_04809	100.000	337	0	0	1	337	1	337	0.0	702
51P2R2A10_04809	42P1R1A12_02238	97.329	337	9	0	1	337	1	337	0.0	685
51P2R2A10_04809	54P2R2A3_02662	96.439	337	12	0	1	337	1	337	0.0	676
51P2R2A10_04809	31P2R1A5_04335	95.846	337	14	0	1	337	1	337	0.0	670
51P2R2A10_04810	51P2R2A10_04810	100.000	309	0	0	1	309	1	309	0.0	639
51P2R2A10_04811	51P2R2A10_04811	100.000	764	0	0	1	764	1	764	0.0	1575
51P2R2A10_04811	42P1R1A12_02236	97.513	764	19	0	1	764	1	764	0.0	1547
51P2R2A10_04812	51P2R2A10_04812	100.000	165	0	0	1	165	1	165	3.90e-114	320
51P2R2A10_04812	42P1R1A12_02235	95.152	165	8	0	1	165	1	165	1.28e-100	286
51P2R2A10_04814	51P2R2A10_04814	100.000	180	0	0	1	180	1	180	2.09e-131	365
51P2R2A10_04814	42P1R1A12_02233	97.778	180	4	0	1	180	1	180	9.64e-129	358
51P2R2A10_04815	51P2R2A10_04815	100.000	158	0	0	1	158	1	158	1.02e-111	313
51P2R2A10_04815	42P1R1A12_02232	97.468	158	4	0	1	158	1	158	3.98e-108	305
51P2R2A10_04817	51P2R2A10_04817	100.000	395	0	0	1	395	1	395	0.0	811
51P2R2A10_04817	42P1R1A12_02230	95.443	395	18	0	1	395	1	395	0.0	750
51P2R2A10_04818	51P2R2A10_04818	100.000	290	0	0	1	290	1	290	0.0	596
51P2R2A10_04819	51P2R2A10_04819	100.000	241	0	0	1	241	1	241	1.06e-180	495
51P2R2A10_04819	42P1R1A12_02228	96.266	241	9	0	1	241	1	241	3.06e-173	476
51P2R2A10_04820	51P2R2A10_04820	100.000	227	0	0	1	227	1	227	8.95e-170	466
51P2R2A10_04821	51P2R2A10_04821	100.000	153	0	0	1	153	1	153	1.26e-110	310
51P2R2A10_04821	42P1R1A12_02226	96.732	153	5	0	1	153	1	153	4.43e-107	301
51P2R2A10_04823	51P2R2A10_04823	100.000	263	0	0	1	263	1	263	0.0	540
51P2R2A10_04824	51P2R2A10_04824	100.000	349	0	0	1	349	1	349	0.0	716
51P2R2A10_04824	42P1R1A12_02223	96.848	349	11	0	1	349	1	349	0.0	697
51P2R2A10_04825	51P2R2A10_04825	100.000	80	0	0	1	80	1	80	2.51e-50	152
51P2R2A10_04829	51P2R2A10_04829	100.000	343	0	0	1	343	1	343	0.0	709
51P2R2A10_04829	42P1R1A12_02218	96.501	343	12	0	1	343	1	343	0.0	691
51P2R2A10_04830	51P2R2A10_04830	100.000	138	0	0	1	138	1	138	4.02e-97	275
51P2R2A10_04830	42P1R1A12_02217	95.652	138	6	0	1	138	1	138	8.10e-93	264
51P2R2A10_04831	51P2R2A10_04831	100.000	149	0	0	1	149	1	149	1.75e-107	302
51P2R2A10_04831	42P1R1A12_02216	97.315	149	4	0	1	149	1	149	1.04e-104	295
51P2R2A10_04834	51P2R2A10_04834	100.000	204	0	0	1	204	1	204	2.70e-142	395
51P2R2A10_04834	42P1R1A12_02213	97.059	204	6	0	1	204	1	204	2.93e-138	384
51P2R2A10_04837	51P2R2A10_04837	100.000	260	0	0	1	260	1	260	0.0	528
51P2R2A10_04840	51P2R2A10_04840	100.000	441	0	0	1	441	1	441	0.0	895
51P2R2A10_04840	42P1R1A12_02207	97.732	441	10	0	1	441	1	441	0.0	878
51P2R2A10_04843	51P2R2A10_04843	100.000	339	0	0	1	339	1	339	0.0	704
51P2R2A10_04843	42P1R1A12_02204	95.870	339	14	0	1	339	1	339	0.0	675
51P2R2A10_04845	51P2R2A10_04845	100.000	324	0	0	1	324	1	324	0.0	657
51P2R2A10_04845	42P1R1A12_02202	97.840	324	7	0	1	324	1	324	0.0	642
51P2R2A10_04845	31P2R1A5_04370	95.679	324	14	0	1	324	1	324	0.0	630
51P2R2A10_04850	51P2R2A10_04850	100.000	111	0	0	1	111	1	111	2.24e-76	221
51P2R2A10_04850	42P1R1A12_02197	96.396	111	4	0	1	111	1	111	1.14e-73	214
51P2R2A10_04851	51P2R2A10_04851	100.000	174	0	0	1	174	1	174	1.81e-127	355
51P2R2A10_04854	51P2R2A10_04854	100.000	158	0	0	1	158	1	158	3.37e-115	322
51P2R2A10_04854	42P1R1A12_02193	96.835	158	5	0	1	158	1	158	1.72e-111	313
51P2R2A10_04855	51P2R2A10_04855	100.000	230	0	0	1	230	1	230	7.84e-171	469
51P2R2A10_04855	42P1R1A12_02192	97.391	230	6	0	1	230	1	230	6.34e-167	459
51P2R2A10_04856	51P2R2A10_04856	100.000	475	0	0	1	475	1	475	0.0	960
51P2R2A10_04857	51P2R2A10_04857	100.000	453	0	0	1	453	1	453	0.0	920
51P2R2A10_04859	51P2R2A10_04859	100.000	229	0	0	1	229	1	229	5.47e-170	467
51P2R2A10_04864	51P2R2A10_04864	100.000	477	0	0	1	477	1	477	0.0	960
51P2R2A10_04867	51P2R2A10_04867	100.000	437	0	0	1	437	1	437	0.0	865
51P2R2A10_04867	42P1R1A12_02180	97.483	437	11	0	1	437	1	437	0.0	843
51P2R2A10_04869	51P2R2A10_04869	100.000	250	0	0	1	250	1	250	0.0	517
51P2R2A10_04870	51P2R2A10_04870	100.000	135	0	0	1	135	1	135	3.93e-95	270
51P2R2A10_04870	42P1R1A12_02177	95.556	135	6	0	1	135	1	135	9.42e-92	261
51P2R2A10_04873	51P2R2A10_04873	100.000	392	0	0	1	392	1	392	0.0	764
51P2R2A10_04873	42P1R1A12_05650	95.663	392	17	0	1	392	1	392	0.0	734
51P2R2A10_04881	51P2R2A10_04881	100.000	305	0	0	1	305	1	305	0.0	622
51P2R2A10_04881	42P1R1A12_05642	97.705	305	7	0	1	305	1	305	0.0	610
51P2R2A10_04882	51P2R2A10_04882	100.000	313	0	0	1	313	1	313	0.0	643
51P2R2A10_04883	51P2R2A10_04883	100.000	352	0	0	1	352	1	352	0.0	712
51P2R2A10_04884	51P2R2A10_04884	100.000	478	0	0	1	478	1	478	0.0	926
51P2R2A10_04885	51P2R2A10_04885	100.000	420	0	0	1	420	1	420	0.0	824
51P2R2A10_04886	51P2R2A10_04886	100.000	764	0	0	1	764	1	764	0.0	1593
51P2R2A10_04887	51P2R2A10_04887	100.000	121	0	0	1	121	1	121	3.65e-84	241
51P2R2A10_04888	51P2R2A10_04888	100.000	315	0	0	1	315	1	315	0.0	649
51P2R2A10_04889	51P2R2A10_04889	100.000	210	0	0	1	210	1	210	1.27e-155	429
51P2R2A10_04890	51P2R2A10_04890	100.000	233	0	0	1	233	1	233	9.63e-174	476
51P2R2A10_04890	42P1R1A12_05633	97.854	233	5	0	1	233	1	233	3.94e-170	468
51P2R2A10_04891	51P2R2A10_04891	100.000	548	0	0	1	548	1	548	0.0	1128
51P2R2A10_04891	42P1R1A12_05632	97.628	548	13	0	1	548	1	548	0.0	1104
51P2R2A10_04893	51P2R2A10_04893	100.000	394	0	0	1	394	1	394	0.0	763
51P2R2A10_04893	42P1R1A12_03586	97.716	394	9	0	1	394	1	394	0.0	751
51P2R2A10_04894	51P2R2A10_04894	100.000	100	0	0	1	100	1	100	4.70e-68	199
51P2R2A10_04895	51P2R2A10_04895	100.000	114	0	0	1	114	1	114	2.35e-83	238
51P2R2A10_04896	51P2R2A10_04896	100.000	151	0	0	1	151	1	151	1.67e-108	305
51P2R2A10_04896	42P1R1A12_03583	97.351	151	4	0	1	151	1	151	3.14e-106	299
51P2R2A10_04899	51P2R2A10_04899	100.000	501	0	0	1	501	1	501	0.0	986
51P2R2A10_04899	42P1R1A12_03580	97.405	501	13	0	1	501	1	501	0.0	964
51P2R2A10_04901	51P2R2A10_04901	100.000	291	0	0	1	291	1	291	0.0	606
51P2R2A10_04903	51P2R2A10_04903	100.000	563	0	0	1	563	1	563	0.0	1151
51P2R2A10_04903	42P1R1A12_03577	97.513	563	14	0	1	563	1	563	0.0	1121
51P2R2A10_04906	51P2R2A10_04906	100.000	149	0	0	1	149	1	149	2.80e-109	306
51P2R2A10_04907	51P2R2A10_04907	100.000	278	0	0	1	278	1	278	0.0	547
51P2R2A10_04907	42P1R1A12_03573	95.683	278	12	0	1	278	1	278	2.48e-173	479
51P2R2A10_04909	51P2R2A10_04909	100.000	310	0	0	1	310	1	310	0.0	644
51P2R2A10_04909	42P1R1A12_03571	95.806	310	13	0	1	310	1	310	0.0	617
51P2R2A10_04911	51P2R2A10_04911	100.000	443	0	0	1	443	1	443	0.0	909
51P2R2A10_04911	42P1R1A12_03569	96.614	443	15	0	1	443	1	443	0.0	882
51P2R2A10_04912	51P2R2A10_04912	100.000	177	0	0	1	177	1	177	6.32e-132	366
51P2R2A10_04913	51P2R2A10_04913	100.000	121	0	0	1	121	1	121	6.22e-86	245
51P2R2A10_04917	51P2R2A10_04917	100.000	249	0	0	1	249	1	249	0.0	508
51P2R2A10_04917	42P1R1A12_03563	96.787	249	8	0	1	249	1	249	0.0	496
51P2R2A10_04919	51P2R2A10_04919	100.000	276	0	0	1	276	1	276	0.0	572
51P2R2A10_04922	51P2R2A10_04922	100.000	182	0	0	1	182	1	182	2.63e-136	378
51P2R2A10_04922	42P1R1A12_03559	96.063	127	5	0	56	182	25	151	2.20e-85	248
51P2R2A10_04923	51P2R2A10_04923	100.000	409	0	0	1	409	1	409	0.0	840
51P2R2A10_04924	51P2R2A10_04924	100.000	315	0	0	1	315	1	315	0.0	637
51P2R2A10_04925	51P2R2A10_04925	100.000	437	0	0	1	437	1	437	0.0	869
51P2R2A10_04928	51P2R2A10_04928	100.000	292	0	0	1	292	1	292	0.0	593
51P2R2A10_04931	51P2R2A10_04931	100.000	342	0	0	1	342	1	342	0.0	692
51P2R2A10_04931	42P1R1A12_03551	97.076	342	10	0	1	342	1	342	0.0	672
51P2R2A10_04932	51P2R2A10_04932	100.000	312	0	0	1	312	1	312	0.0	637
51P2R2A10_04932	42P1R1A12_03550	95.833	312	13	0	1	312	1	312	0.0	609
51P2R2A10_04940	51P2R2A10_04940	100.000	136	0	0	1	136	1	136	4.03e-98	277
51P2R2A10_04941	51P2R2A10_04941	100.000	299	0	0	1	299	1	299	0.0	618
51P2R2A10_04942	51P2R2A10_04942	100.000	294	0	0	1	294	1	294	0.0	599
51P2R2A10_04943	51P2R2A10_04943	100.000	497	0	0	1	497	1	497	0.0	996
51P2R2A10_04944	51P2R2A10_04944	100.000	230	0	0	1	230	1	230	1.12e-168	463
51P2R2A10_04945	51P2R2A10_04945	100.000	292	0	0	1	292	1	292	0.0	580
51P2R2A10_04946	51P2R2A10_04946	100.000	155	0	0	1	155	1	155	4.08e-114	319
51P2R2A10_04947	51P2R2A10_04947	100.000	394	0	0	1	394	1	394	0.0	778
51P2R2A10_04947	42P1R1A12_03536	95.443	395	17	1	1	394	1	395	0.0	747
51P2R2A10_04949	51P2R2A10_04949	100.000	246	0	0	1	246	1	246	0.0	507
51P2R2A10_04949	42P1R1A12_03534	95.122	246	12	0	1	246	1	246	5.46e-175	481
51P2R2A10_04952	51P2R2A10_04952	100.000	222	0	0	1	222	1	222	2.17e-169	464
51P2R2A10_04952	42P1R1A12_03531	96.396	222	8	0	1	222	1	222	8.45e-164	451
51P2R2A10_04953	51P2R2A10_04953	100.000	246	0	0	1	246	1	246	0.0	504
51P2R2A10_04954	51P2R2A10_04954	100.000	389	0	0	1	389	1	389	0.0	802
51P2R2A10_04954	42P1R1A12_03528	96.401	389	14	0	1	389	1	389	0.0	745
51P2R2A10_04955	51P2R2A10_04955	100.000	549	0	0	1	549	1	549	0.0	1133
51P2R2A10_04955	42P1R1A12_03527	97.890	237	5	0	313	549	1	237	1.17e-169	479
51P2R2A10_04962	51P2R2A10_04962	100.000	457	0	0	1	457	1	457	0.0	928
51P2R2A10_04962	42P1R1A12_05363	96.937	457	14	0	1	457	1	457	0.0	904
51P2R2A10_04963	51P2R2A10_04963	100.000	724	0	0	1	724	1	724	0.0	1489
51P2R2A10_04972	51P2R2A10_04972	100.000	127	0	0	1	127	1	127	1.64e-83	240
51P2R2A10_04972	42P1R1A12_05373	97.638	127	3	0	1	127	1	127	7.29e-82	236
51P2R2A10_04973	51P2R2A10_04973	100.000	208	0	0	1	208	1	208	6.88e-154	424
51P2R2A10_04973	42P1R1A12_05374	96.635	208	7	0	1	208	1	208	3.09e-148	410
51P2R2A10_04975	51P2R2A10_04975	100.000	147	0	0	1	147	1	147	1.59e-104	295
51P2R2A10_04975	42P1R1A12_05376	95.238	147	7	0	1	147	1	147	1.20e-99	282
51P2R2A10_04977	51P2R2A10_04977	100.000	331	0	0	1	331	1	331	0.0	677
51P2R2A10_04977	42P1R1A12_05378	97.583	331	8	0	1	331	1	331	0.0	660
51P2R2A10_04985	51P2R2A10_04985	100.000	344	0	0	1	344	1	344	0.0	692
51P2R2A10_04985	42P1R1A12_05386	96.802	344	11	0	1	344	1	344	0.0	672
51P2R2A10_04988	51P2R2A10_04988	100.000	237	0	0	1	237	1	237	6.17e-179	490
51P2R2A10_04991	51P2R2A10_04991	100.000	205	0	0	1	205	1	205	6.21e-150	414
51P2R2A10_04991	42P1R1A12_04624	97.561	205	5	0	1	205	1	205	1.12e-145	403
51P2R2A10_04992	51P2R2A10_04992	100.000	444	0	0	1	444	1	444	0.0	923
51P2R2A10_04992	42P1R1A12_04623	97.748	444	10	0	1	444	1	444	0.0	909
51P2R2A10_04993	51P2R2A10_04993	100.000	730	0	0	1	730	1	730	0.0	1491
51P2R2A10_04993	42P1R1A12_04622	97.534	730	18	0	1	730	1	730	0.0	1464
51P2R2A10_04995	51P2R2A10_04995	100.000	104	0	0	1	104	1	104	2.28e-74	215
51P2R2A10_04999	51P2R2A10_04999	100.000	261	0	0	1	261	1	261	0.0	534
51P2R2A10_05001	51P2R2A10_05001	100.000	180	0	0	1	180	1	180	9.14e-128	356
51P2R2A10_05001	42P1R1A12_04614	96.667	180	6	0	1	180	1	180	1.19e-122	343
51P2R2A10_05002	51P2R2A10_05002	100.000	84	0	0	1	84	1	84	3.22e-54	162
51P2R2A10_05002	42P1R1A12_04613	97.619	84	2	0	1	84	1	84	4.16e-53	159
51P2R2A10_05004	51P2R2A10_05004	100.000	202	0	0	1	202	1	202	2.98e-143	397
51P2R2A10_05004	42P1R1A12_04611	97.030	202	6	0	1	202	1	202	2.71e-140	389
51P2R2A10_05006	51P2R2A10_05006	100.000	483	0	0	1	483	1	483	0.0	980
51P2R2A10_05008	51P2R2A10_05008	100.000	271	0	0	1	271	1	271	0.0	560
51P2R2A10_05008	42P1R1A12_04607	97.048	271	8	0	1	271	1	271	0.0	545
51P2R2A10_05009	51P2R2A10_05009	100.000	230	0	0	1	230	1	230	3.78e-174	477
51P2R2A10_05010	51P2R2A10_05010	100.000	795	0	0	1	795	1	795	0.0	1634
51P2R2A10_05012	51P2R2A10_05012	100.000	300	0	0	1	300	1	300	0.0	599
51P2R2A10_05012	42P1R1A12_04603	96.667	300	10	0	1	300	1	300	0.0	580
51P2R2A10_05015	51P2R2A10_05015	100.000	207	0	0	1	207	1	207	1.39e-147	408
51P2R2A10_05015	42P1R1A12_04600	97.585	207	5	0	1	207	1	207	1.47e-145	403
51P2R2A10_05015	38P2R3A13_07494	95.169	207	10	0	1	207	1	207	5.56e-143	397
51P2R2A10_05016	51P2R2A10_05016	100.000	47	0	0	1	47	1	47	3.82e-27	91.7
51P2R2A10_05024	51P2R2A10_05024	100.000	239	0	0	1	239	1	239	1.16e-177	487
51P2R2A10_05024	42P1R1A12_04591	97.490	239	6	0	1	239	1	239	2.37e-174	479
51P2R2A10_05025	51P2R2A10_05025	100.000	301	0	0	1	301	1	301	0.0	608
51P2R2A10_05025	42P1R1A12_04590	96.678	301	10	0	1	301	1	301	0.0	589
51P2R2A10_05026	51P2R2A10_05026	100.000	236	0	0	1	236	1	236	1.03e-173	477
51P2R2A10_05026	42P1R1A12_04589	97.034	236	7	0	1	236	1	236	1.25e-168	464
51P2R2A10_05028	51P2R2A10_05028	100.000	75	0	0	1	75	1	75	1.55e-49	150
51P2R2A10_05031	51P2R2A10_05031	100.000	319	0	0	1	319	1	319	0.0	637
51P2R2A10_05031	42P1R1A12_04581	97.492	319	8	0	1	319	1	319	0.0	625
51P2R2A10_05032	51P2R2A10_05032	100.000	247	0	0	1	247	1	247	3.43e-180	494
51P2R2A10_05032	42P1R1A12_04580	97.571	247	6	0	1	247	1	247	2.12e-176	484
51P2R2A10_05033	51P2R2A10_05033	100.000	390	0	0	1	390	1	390	0.0	778
51P2R2A10_05033	42P1R1A12_04579	95.970	397	9	1	1	390	1	397	0.0	754
51P2R2A10_05035	51P2R2A10_05035	100.000	551	0	0	1	551	1	551	0.0	1144
51P2R2A10_05036	51P2R2A10_05036	100.000	412	0	0	1	412	1	412	0.0	862
51P2R2A10_05042	51P2R2A10_05042	100.000	247	0	0	1	247	1	247	0.0	501
51P2R2A10_05042	42P1R1A12_04572	97.976	247	5	0	1	247	1	247	5.61e-180	493
51P2R2A10_05044	51P2R2A10_05044	100.000	360	0	0	1	360	1	360	0.0	736
51P2R2A10_05044	42P1R1A12_04570	95.833	360	15	0	1	360	1	360	0.0	707
51P2R2A10_05047	51P2R2A10_05047	100.000	225	0	0	1	225	1	225	5.85e-161	444
51P2R2A10_05047	42P1R1A12_04567	95.495	222	10	0	4	225	4	225	5.33e-143	398
51P2R2A10_05048	51P2R2A10_05048	100.000	294	0	0	1	294	1	294	0.0	599
51P2R2A10_05049	51P2R2A10_05049	100.000	356	0	0	1	356	1	356	0.0	736
51P2R2A10_05056	51P2R2A10_05056	100.000	422	0	0	1	422	1	422	0.0	871
51P2R2A10_05056	31P2R1A5_04802	97.867	422	9	0	1	422	1	422	0.0	855
51P2R2A10_05056	10P3R2A13_02963	95.972	422	17	0	1	422	1	422	0.0	845
51P2R2A10_05056	18P3R3A11_02166	95.035	423	20	1	1	422	1	423	0.0	830
51P2R2A10_05056	38P2R3A13_06875	95.195	333	16	0	90	422	1	333	0.0	658
51P2R2A10_05057	51P2R2A10_05057	100.000	500	0	0	1	500	1	500	0.0	1019
51P2R2A10_05057	42P1R1A12_04559	98.178	494	9	0	1	494	1	494	0.0	991
51P2R2A10_05058	51P2R2A10_05058	100.000	307	0	0	1	307	1	307	0.0	632
51P2R2A10_05059	51P2R2A10_05059	100.000	333	0	0	1	333	1	333	0.0	696
51P2R2A10_05060	51P2R2A10_05060	100.000	241	0	0	1	241	1	241	6.54e-170	468
51P2R2A10_05061	51P2R2A10_05061	100.000	262	0	0	1	262	1	262	0.0	532
51P2R2A10_05061	42P1R1A12_04558	96.748	246	8	0	1	246	1	246	7.04e-177	486
51P2R2A10_05062	51P2R2A10_05062	100.000	339	0	0	1	339	1	339	0.0	692
51P2R2A10_05063	51P2R2A10_05063	100.000	472	0	0	1	472	1	472	0.0	923
51P2R2A10_05063	42P1R1A12_04556	96.822	472	15	0	1	472	1	472	0.0	896
51P2R2A10_05064	51P2R2A10_05064	100.000	321	0	0	1	321	1	321	0.0	652
51P2R2A10_05067	51P2R2A10_05067	100.000	250	0	0	1	250	1	250	0.0	507
51P2R2A10_05067	42P1R1A12_04552	97.600	250	6	0	1	250	1	250	0.0	496
51P2R2A10_05068	51P2R2A10_05068	100.000	261	0	0	1	261	1	261	0.0	538
51P2R2A10_05068	42P1R1A12_04551	96.170	235	9	0	27	261	1	235	1.73e-169	467
51P2R2A10_05070	51P2R2A10_05070	100.000	94	0	0	1	94	1	94	9.26e-66	192
51P2R2A10_05070	31P2R1A5_04796	97.872	94	2	0	1	94	1	94	1.13e-64	189
51P2R2A10_05070	42P1R1A12_04549	97.872	94	2	0	1	94	1	94	4.57e-64	188
51P2R2A10_05070	38P2R3A13_06872	96.809	94	3	0	1	94	1	94	8.82e-64	187
51P2R2A10_05070	38P2R3A13_04226	96.809	94	3	0	1	94	1	94	1.54e-63	187
51P2R2A10_05070	28P2R1A12_03614	95.745	94	4	0	1	94	1	94	4.68e-63	186
51P2R2A10_05070	18P3R3A11_02169	95.745	94	4	0	1	94	1	94	1.85e-62	184
51P2R2A10_05070	10P3R2A13_02959	95.745	94	4	0	1	94	1	94	1.10e-54	164
51P2R2A10_05076	51P2R2A10_05076	100.000	86	0	0	1	86	1	86	4.10e-58	172
51P2R2A10_05076	42P1R1A12_05907	97.674	86	2	0	1	86	1	86	5.49e-56	167
51P2R2A10_05076	44P3R3A6_04716	95.349	86	4	0	1	86	1	86	1.32e-55	166
51P2R2A10_05076	31P2R1A5_04790	95.349	86	4	0	1	86	1	86	7.41e-55	164
51P2R2A10_05076	54P2R2A3_04360	95.349	86	4	0	1	86	1	86	8.54e-55	164
51P2R2A10_05078	51P2R2A10_05078	100.000	507	0	0	1	507	1	507	0.0	1026
51P2R2A10_05078	42P1R1A12_05909	95.464	507	23	0	1	507	1	507	0.0	974
51P2R2A10_05085	51P2R2A10_05085	100.000	279	0	0	1	279	1	279	0.0	575
51P2R2A10_05085	42P1R1A12_03202	98.456	259	4	0	21	279	1	259	0.0	526
51P2R2A10_05087	51P2R2A10_05087	100.000	504	0	0	1	504	1	504	0.0	1035
51P2R2A10_05088	51P2R2A10_05088	100.000	233	0	0	1	233	1	233	6.73e-178	487
51P2R2A10_05088	42P1R1A12_03205	97.854	233	5	0	1	233	1	233	1.07e-174	479
51P2R2A10_05092	51P2R2A10_05092	100.000	393	0	0	1	393	1	393	0.0	805
51P2R2A10_05093	51P2R2A10_05093	100.000	161	0	0	1	161	1	161	3.59e-119	333
51P2R2A10_05094	51P2R2A10_05094	100.000	868	0	0	1	868	1	868	0.0	1789
51P2R2A10_05095	51P2R2A10_05095	100.000	72	0	0	1	72	1	72	5.81e-47	143
51P2R2A10_05096	51P2R2A10_05096	100.000	327	0	0	1	327	1	327	0.0	665
51P2R2A10_05096	42P1R1A12_03212	97.859	327	7	0	1	327	1	327	0.0	657
51P2R2A10_05099	51P2R2A10_05099	100.000	283	0	0	1	283	1	283	0.0	586
51P2R2A10_05099	42P1R1A12_03215	97.880	283	6	0	1	283	1	283	0.0	575
51P2R2A10_05100	51P2R2A10_05100	100.000	90	0	0	1	90	1	90	3.33e-62	183
51P2R2A10_05101	51P2R2A10_05101	100.000	146	0	0	1	146	1	146	7.94e-106	298
51P2R2A10_05101	42P1R1A12_03217	95.890	146	6	0	1	146	1	146	1.78e-101	286
51P2R2A10_05102	51P2R2A10_05102	100.000	185	0	0	1	185	1	185	3.73e-137	380
51P2R2A10_05103	51P2R2A10_05103	100.000	108	0	0	1	108	1	108	1.75e-69	203
51P2R2A10_05103	42P1R1A12_03219	97.222	108	3	0	1	108	1	108	3.79e-68	199
51P2R2A10_05106	51P2R2A10_05106	100.000	307	0	0	1	307	1	307	0.0	622
51P2R2A10_05107	51P2R2A10_05107	100.000	308	0	0	1	308	1	308	0.0	632
51P2R2A10_05108	51P2R2A10_05108	100.000	164	0	0	1	164	1	164	6.67e-121	337
51P2R2A10_05109	51P2R2A10_05109	100.000	426	0	0	1	426	1	426	0.0	847
51P2R2A10_05109	44P3R3A6_04504	97.418	426	11	0	1	426	1	426	0.0	830
51P2R2A10_05110	51P2R2A10_05110	100.000	332	0	0	1	332	1	332	0.0	674
51P2R2A10_05110	42P1R1A12_03227	96.687	332	11	0	1	332	1	332	0.0	656
51P2R2A10_05111	51P2R2A10_05111	100.000	708	0	0	1	708	1	708	0.0	1458
51P2R2A10_05111	42P1R1A12_03228	97.316	708	19	0	1	708	1	708	0.0	1423
51P2R2A10_05112	51P2R2A10_05112	100.000	422	0	0	1	422	1	422	0.0	851
51P2R2A10_05112	42P1R1A12_03229	99.289	422	3	0	1	422	15	436	0.0	847
51P2R2A10_05112	31P2R1A5_04658	96.445	422	15	0	1	422	1	422	0.0	832
51P2R2A10_05113	51P2R2A10_05113	100.000	197	0	0	1	197	1	197	7.76e-148	408
51P2R2A10_05114	51P2R2A10_05114	100.000	460	0	0	1	460	1	460	0.0	952
51P2R2A10_05115	51P2R2A10_05115	100.000	337	0	0	1	337	1	337	0.0	693
51P2R2A10_05115	42P1R1A12_03245	95.252	337	16	0	1	337	1	337	0.0	667
51P2R2A10_05116	51P2R2A10_05116	100.000	463	0	0	1	463	1	463	0.0	932
51P2R2A10_05116	42P1R1A12_03246	97.186	462	13	0	1	462	1	462	0.0	917
51P2R2A10_05116	54P2R2A3_04040	96.976	463	14	0	1	463	1	463	0.0	913
51P2R2A10_05117	51P2R2A10_05117	100.000	455	0	0	1	455	1	455	0.0	939
51P2R2A10_05118	51P2R2A10_05118	100.000	105	0	0	1	105	1	105	2.42e-75	217
51P2R2A10_05119	51P2R2A10_05119	100.000	383	0	0	1	383	1	383	0.0	778
51P2R2A10_05119	42P1R1A12_03251	96.606	383	13	0	1	383	1	383	0.0	756
51P2R2A10_05119	31P2R1A5_04656	95.039	383	19	0	1	383	1	383	0.0	744
51P2R2A10_05121	51P2R2A10_05121	100.000	335	0	0	1	335	1	335	0.0	654
51P2R2A10_05121	42P1R1A12_03253	97.015	335	10	0	1	335	1	335	0.0	636
51P2R2A10_05121	31P2R1A5_04654	95.758	330	14	0	6	335	7	336	0.0	599
51P2R2A10_05126	51P2R2A10_05126	100.000	489	0	0	1	489	1	489	0.0	1009
51P2R2A10_05126	42P1R1A12_03258	96.933	489	15	0	1	489	1	489	0.0	982
51P2R2A10_05127	51P2R2A10_05127	100.000	279	0	0	1	279	1	279	0.0	577
51P2R2A10_05127	42P1R1A12_03259	97.491	279	7	0	1	279	1	279	0.0	565
51P2R2A10_05128	51P2R2A10_05128	100.000	294	0	0	1	294	1	294	0.0	609
51P2R2A10_05128	42P1R1A12_03260	99.293	283	2	0	12	294	1	283	0.0	583
51P2R2A10_05131	51P2R2A10_05131	100.000	225	0	0	1	225	1	225	1.90e-170	468
51P2R2A10_05131	42P1R1A12_03263	96.889	225	7	0	1	225	1	225	8.82e-165	453
51P2R2A10_05138	51P2R2A10_05138	100.000	309	0	0	1	309	1	309	0.0	618
51P2R2A10_05138	42P1R1A12_03270	97.735	309	7	0	1	309	1	309	0.0	606
51P2R2A10_05141	51P2R2A10_05141	100.000	287	0	0	1	287	1	287	0.0	575
51P2R2A10_05141	42P1R1A12_03273	95.502	289	7	2	1	287	1	285	0.0	545
51P2R2A10_05148	51P2R2A10_05148	100.000	124	0	0	1	124	1	124	6.14e-88	251
51P2R2A10_05148	42P1R1A12_03280	95.968	124	5	0	1	124	1	124	4.37e-84	241
51P2R2A10_05149	51P2R2A10_05149	100.000	302	0	0	1	302	1	302	0.0	598
51P2R2A10_05151	51P2R2A10_05151	100.000	250	0	0	1	250	1	250	0.0	506
51P2R2A10_05152	51P2R2A10_05152	100.000	368	0	0	1	368	1	368	0.0	749
51P2R2A10_05152	42P1R1A12_03284	97.554	368	9	0	1	368	1	368	0.0	733
51P2R2A10_05154	51P2R2A10_05154	100.000	288	0	0	1	288	1	288	0.0	602
51P2R2A10_05155	51P2R2A10_05155	100.000	216	0	0	1	216	1	216	2.81e-164	451
51P2R2A10_05166	51P2R2A10_05166	100.000	673	0	0	1	673	1	673	0.0	1386
51P2R2A10_05166	42P1R1A12_03299	98.234	623	11	0	51	673	1	623	0.0	1259
51P2R2A10_05166	42P1R1A12_03298	100.000	50	0	0	1	50	1	50	1.91e-29	110
51P2R2A10_05171	51P2R2A10_05171	100.000	74	0	0	1	74	1	74	4.19e-49	149
51P2R2A10_05173	51P2R2A10_05173	100.000	380	0	0	1	380	1	380	0.0	769
51P2R2A10_05173	42P1R1A12_05240	96.316	380	14	0	1	380	1	380	0.0	744
51P2R2A10_05174	51P2R2A10_05174	100.000	217	0	0	1	217	1	217	7.98e-164	450
51P2R2A10_05177	51P2R2A10_05177	100.000	247	0	0	1	247	1	247	0.0	513
51P2R2A10_05177	42P1R1A12_05244	95.142	247	12	0	1	247	1	247	2.92e-175	481
51P2R2A10_05178	51P2R2A10_05178	100.000	294	0	0	1	294	1	294	0.0	598
51P2R2A10_05178	42P1R1A12_05245	96.939	294	9	0	1	294	1	294	0.0	541
51P2R2A10_05179	51P2R2A10_05179	100.000	484	0	0	1	484	1	484	0.0	957
51P2R2A10_05180	51P2R2A10_05180	100.000	81	0	0	1	81	1	81	2.87e-54	162
51P2R2A10_05180	31P2R1A5_05134	95.062	81	4	0	1	81	1	81	3.66e-34	112
51P2R2A10_05183	51P2R2A10_05183	100.000	200	0	0	1	200	1	200	6.88e-141	391
51P2R2A10_05183	42P1R1A12_05250	97.000	200	6	0	1	200	1	200	1.21e-137	382
51P2R2A10_05185	51P2R2A10_05185	100.000	325	0	0	1	325	1	325	0.0	663
51P2R2A10_05185	42P1R1A12_05252	97.538	325	8	0	1	325	1	325	0.0	650
51P2R2A10_05190	51P2R2A10_05190	100.000	194	0	0	1	194	1	194	9.48e-141	390
51P2R2A10_05190	42P1R1A12_05257	97.938	194	4	0	1	194	1	194	4.38e-137	380
51P2R2A10_05192	51P2R2A10_05192	100.000	1266	0	0	1	1266	1	1266	0.0	2563
51P2R2A10_05192	42P1R1A12_05259	96.998	1266	38	0	1	1266	1	1266	0.0	2499
51P2R2A10_05194	51P2R2A10_05194	100.000	249	0	0	1	249	1	249	0.0	511
51P2R2A10_05197	51P2R2A10_05197	100.000	311	0	0	1	311	1	311	0.0	628
51P2R2A10_05197	42P1R1A12_05264	96.141	311	12	0	1	311	1	311	0.0	607
51P2R2A10_05199	51P2R2A10_05199	100.000	92	0	0	1	92	1	92	1.93e-62	184
51P2R2A10_05199	42P1R1A12_05266	95.652	92	4	0	1	92	1	92	1.43e-59	176
51P2R2A10_05204	51P2R2A10_05204	100.000	215	0	0	1	215	1	215	4.61e-158	436
51P2R2A10_05206	51P2R2A10_05206	100.000	423	0	0	1	423	1	423	0.0	829
51P2R2A10_05206	42P1R1A12_05273	97.872	423	9	0	1	423	1	423	0.0	819
51P2R2A10_05206	31P2R1A5_05109	95.981	423	17	0	1	423	1	423	0.0	803
51P2R2A10_05206	54P2R2A3_01220	95.272	423	20	0	1	423	1	423	0.0	795
51P2R2A10_05209	51P2R2A10_05209	100.000	83	0	0	1	83	1	83	2.22e-52	157
51P2R2A10_05210	51P2R2A10_05210	100.000	227	0	0	1	227	1	227	2.86e-154	427
51P2R2A10_05211	51P2R2A10_05211	100.000	169	0	0	1	169	1	169	2.94e-122	341
51P2R2A10_05212	51P2R2A10_05212	100.000	194	0	0	1	194	1	194	1.90e-144	399
51P2R2A10_05213	51P2R2A10_05213	100.000	90	0	0	1	90	1	90	3.13e-61	181
51P2R2A10_05213	42P1R1A12_03179	96.667	90	3	0	1	90	1	90	1.10e-59	177
51P2R2A10_05213	31P2R1A5_04697	95.556	90	4	0	1	90	1	90	4.47e-59	175
51P2R2A10_05216	51P2R2A10_05216	100.000	300	0	0	1	300	1	300	0.0	621
51P2R2A10_05219	51P2R2A10_05219	100.000	169	0	0	1	169	1	169	1.36e-119	334
51P2R2A10_05219	42P1R1A12_03185	98.750	80	1	0	90	169	1	80	1.42e-48	152
51P2R2A10_05220	51P2R2A10_05220	100.000	458	0	0	1	458	1	458	0.0	951
51P2R2A10_05220	42P1R1A12_03186	97.817	458	10	0	1	458	1	458	0.0	931
51P2R2A10_05221	51P2R2A10_05221	100.000	37	0	0	1	37	1	37	2.80e-19	71.2
51P2R2A10_05221	42P1R1A12_03187	97.297	37	1	0	1	37	1	37	8.60e-19	70.1
51P2R2A10_05226	51P2R2A10_05226	100.000	231	0	0	1	231	1	231	2.66e-174	478
51P2R2A10_05227	51P2R2A10_05227	100.000	464	0	0	1	464	1	464	0.0	947
51P2R2A10_05228	51P2R2A10_05228	100.000	461	0	0	1	461	1	461	0.0	928
51P2R2A10_05229	51P2R2A10_05229	100.000	679	0	0	1	679	1	679	0.0	1420
51P2R2A10_05230	51P2R2A10_05230	100.000	292	0	0	1	292	1	292	0.0	604
51P2R2A10_05231	51P2R2A10_05231	100.000	414	0	0	1	414	1	414	0.0	858
51P2R2A10_05232	51P2R2A10_05232	100.000	293	0	0	1	293	1	293	0.0	597
51P2R2A10_05233	51P2R2A10_05233	100.000	297	0	0	1	297	1	297	0.0	603
51P2R2A10_05234	51P2R2A10_05234	100.000	299	0	0	1	299	1	299	0.0	607
51P2R2A10_05235	51P2R2A10_05235	100.000	262	0	0	1	262	1	262	0.0	536
51P2R2A10_05236	51P2R2A10_05236	100.000	200	0	0	1	200	1	200	3.57e-152	419
51P2R2A10_05236	42P1R1A12_03192	98.000	200	4	0	1	200	1	200	6.56e-150	414
51P2R2A10_05238	51P2R2A10_05238	100.000	146	0	0	1	146	1	146	1.52e-105	297
51P2R2A10_05238	42P1R1A12_03194	97.945	146	3	0	1	146	1	146	1.34e-103	292
51P2R2A10_05238	38P2R3A13_03863	95.205	146	7	0	1	146	1	146	2.13e-101	286
51P2R2A10_05238	38P2R3A13_06622	95.205	146	7	0	1	146	1	146	5.06e-101	286
51P2R2A10_05240	51P2R2A10_05240	100.000	306	0	0	1	306	1	306	0.0	630
51P2R2A10_05241	51P2R2A10_05241	100.000	80	0	0	1	80	1	80	4.59e-53	159
51P2R2A10_05242	51P2R2A10_05242	100.000	125	0	0	1	125	1	125	1.14e-90	258
51P2R2A10_05244	51P2R2A10_05244	100.000	117	0	0	1	117	1	117	3.08e-82	236
51P2R2A10_05244	42P1R1A12_03198	98.291	117	2	0	1	117	96	212	1.28e-79	233
51P2R2A10_05244	51P2R2A10_00001	95.575	113	5	0	1	113	1	113	6.11e-76	220
51P2R2A10_05246	51P2R2A10_05246	100.000	431	0	0	1	431	1	431	0.0	880
51P2R2A10_05246	42P1R1A12_05500	97.680	431	10	0	1	431	1	431	0.0	859
51P2R2A10_05247	51P2R2A10_05247	100.000	444	0	0	1	444	1	444	0.0	898
51P2R2A10_05247	42P1R1A12_05499	95.056	445	21	1	1	444	1	445	0.0	854
51P2R2A10_05248	51P2R2A10_05248	100.000	463	0	0	1	463	1	463	0.0	949
51P2R2A10_05249	51P2R2A10_05249	100.000	141	0	0	1	141	1	141	3.09e-104	293
51P2R2A10_05253	51P2R2A10_05253	100.000	224	0	0	1	224	1	224	3.71e-164	451
51P2R2A10_05253	42P1R1A12_05492	97.748	222	5	0	1	222	1	222	2.93e-160	442
51P2R2A10_05257	51P2R2A10_05257	100.000	632	0	0	1	632	1	632	0.0	1320
51P2R2A10_05257	42P1R1A12_05488	97.468	632	16	0	1	632	1	632	0.0	1291
51P2R2A10_05259	51P2R2A10_05259	100.000	252	0	0	1	252	1	252	0.0	503
51P2R2A10_05260	51P2R2A10_05260	100.000	67	0	0	1	67	1	67	3.98e-43	133
51P2R2A10_05263	51P2R2A10_05263	100.000	511	0	0	1	511	1	511	0.0	1061
51P2R2A10_05268	51P2R2A10_05268	100.000	1343	0	0	1	1343	1	1343	0.0	2747
51P2R2A10_05268	18P3R3A11_04349	97.990	1343	27	0	1	1343	1	1343	0.0	2702
51P2R2A10_05268	10P3R2A13_04285	97.394	1343	35	0	1	1343	1	1343	0.0	2690
51P2R2A10_05275	51P2R2A10_05275	100.000	87	0	0	1	87	1	87	1.15e-58	174
51P2R2A10_05275	24P1R3A1_09222	95.402	87	4	0	1	87	218	304	1.99e-54	170
51P2R2A10_05275	10P3R2A13_04292	97.826	46	1	0	42	87	1	46	3.52e-25	88.6
51P2R2A10_05276	51P2R2A10_05276	100.000	201	0	0	1	201	1	201	1.63e-150	415
51P2R2A10_05277	51P2R2A10_05277	100.000	551	0	0	1	551	1	551	0.0	1146
51P2R2A10_05277	42P1R1A12_01054	96.552	551	19	0	1	551	1	551	0.0	1113
51P2R2A10_05278	51P2R2A10_05278	100.000	334	0	0	1	334	1	334	0.0	685
51P2R2A10_05280	51P2R2A10_05280	100.000	106	0	0	1	106	1	106	8.13e-76	219
51P2R2A10_05280	42P1R1A12_01051	96.226	106	4	0	1	106	1	106	5.90e-73	211
51P2R2A10_05281	51P2R2A10_05281	100.000	457	0	0	1	457	1	457	0.0	939
51P2R2A10_05281	42P1R1A12_01050	97.155	457	13	0	1	457	1	457	0.0	914
51P2R2A10_05284	51P2R2A10_05284	100.000	463	0	0	1	463	1	463	0.0	955
51P2R2A10_05284	42P1R1A12_01047	96.976	463	14	0	1	463	1	463	0.0	924
51P2R2A10_05293	51P2R2A10_05293	100.000	446	0	0	1	446	1	446	0.0	817
51P2R2A10_05293	31P2R1A5_01841	95.495	111	5	0	1	111	1	111	8.22e-38	142
51P2R2A10_05302	51P2R2A10_05302	100.000	348	0	0	1	348	1	348	0.0	721
51P2R2A10_05302	42P1R1A12_01029	97.989	348	7	0	1	348	1	348	0.0	709
51P2R2A10_05303	51P2R2A10_05303	100.000	240	0	0	1	240	1	240	8.45e-175	480
51P2R2A10_05303	42P1R1A12_01028	97.500	240	6	0	1	240	1	240	4.50e-171	470
51P2R2A10_05304	51P2R2A10_05304	100.000	315	0	0	1	315	1	315	0.0	632
51P2R2A10_05304	42P1R1A12_01027	96.508	315	11	0	1	315	1	315	0.0	611
51P2R2A10_05305	51P2R2A10_05305	100.000	124	0	0	1	124	1	124	5.36e-86	246
51P2R2A10_05305	42P1R1A12_01026	97.581	124	3	0	1	124	1	124	3.67e-84	241
51P2R2A10_05307	51P2R2A10_05307	100.000	181	0	0	1	181	1	181	2.53e-134	372
51P2R2A10_05308	51P2R2A10_05308	100.000	282	0	0	1	282	1	282	0.0	579
51P2R2A10_05309	51P2R2A10_05309	100.000	297	0	0	1	297	1	297	0.0	607
51P2R2A10_05310	51P2R2A10_05310	100.000	309	0	0	1	309	1	309	0.0	639
51P2R2A10_05311	51P2R2A10_05311	100.000	423	0	0	1	423	1	423	0.0	833
51P2R2A10_05312	51P2R2A10_05312	100.000	83	0	0	1	83	1	83	1.71e-52	158
51P2R2A10_05313	51P2R2A10_05313	100.000	185	0	0	1	185	1	185	8.24e-135	374
51P2R2A10_05313	42P1R1A12_05723	96.216	185	7	0	1	185	1	185	8.33e-129	359
51P2R2A10_05314	51P2R2A10_05314	100.000	86	0	0	1	86	1	86	4.31e-59	175
51P2R2A10_05315	51P2R2A10_05315	100.000	273	0	0	1	273	1	273	0.0	555
51P2R2A10_05315	42P1R1A12_05721	96.703	273	9	0	1	273	1	273	0.0	539
51P2R2A10_05316	51P2R2A10_05316	100.000	191	0	0	1	191	1	191	2.78e-141	391
51P2R2A10_05316	42P1R1A12_05720	97.382	191	5	0	1	191	1	191	1.34e-137	382
51P2R2A10_05319	51P2R2A10_05319	100.000	375	0	0	1	375	1	375	0.0	749
51P2R2A10_05319	42P1R1A12_05717	95.467	375	17	0	1	375	1	375	0.0	718
51P2R2A10_05321	51P2R2A10_05321	100.000	316	0	0	1	316	1	316	0.0	638
51P2R2A10_05321	42P1R1A12_05715	96.203	316	12	0	1	316	1	316	0.0	618
51P2R2A10_05322	51P2R2A10_05322	100.000	456	0	0	1	456	1	456	0.0	933
51P2R2A10_05322	42P1R1A12_05714	96.279	430	16	0	27	456	1	430	0.0	851
51P2R2A10_05324	51P2R2A10_05324	100.000	138	0	0	1	138	1	138	2.69e-96	273
51P2R2A10_05324	31P2R1A5_05237	97.826	138	3	0	1	138	1	138	8.90e-95	269
51P2R2A10_05325	51P2R2A10_05325	100.000	87	0	0	1	87	1	87	4.18e-60	177
51P2R2A10_05326	51P2R2A10_05326	100.000	142	0	0	1	142	1	142	9.88e-104	292
51P2R2A10_05326	42P1R1A12_05710	96.479	142	5	0	1	142	1	142	4.63e-100	283
51P2R2A10_05326	31P2R1A5_05235	95.070	142	7	0	1	142	1	142	6.81e-99	280
51P2R2A10_05327	51P2R2A10_05327	100.000	123	0	0	1	123	1	123	4.27e-85	243
51P2R2A10_05355	51P2R2A10_05355	100.000	159	0	0	1	159	1	159	1.29e-111	313
51P2R2A10_05365	51P2R2A10_05365	100.000	352	0	0	1	352	1	352	0.0	731
51P2R2A10_05368	51P2R2A10_05368	100.000	62	0	0	1	62	1	62	2.29e-40	126
51P2R2A10_05370	51P2R2A10_05370	100.000	125	0	0	1	125	1	125	5.73e-84	241
51P2R2A10_05371	51P2R2A10_05371	100.000	425	0	0	1	425	1	425	0.0	877
51P2R2A10_05371	42P1R1A12_03594	99.294	425	3	0	1	425	36	460	0.0	875
51P2R2A10_05371	44P3R3A6_04639	95.506	89	4	0	337	425	1	89	1.34e-57	184
51P2R2A10_05371	54P2R2A3_05185	95.506	89	4	0	337	425	1	89	3.38e-57	182
51P2R2A10_05371	51P2R2A10_01252	100.000	41	0	0	385	425	1	41	3.49e-21	86.3
51P2R2A10_05373	51P2R2A10_05373	100.000	325	0	0	1	325	1	325	0.0	640
52P2R3A10_00177	52P2R3A10_00177	100.000	196	0	0	1	196	1	196	2.39e-138	384
52P2R3A10_00177	56P2R2A4_00687	95.918	196	8	0	1	196	1	196	1.59e-131	367
52P2R3A10_00177	38P2R3A13_00177	100.000	96	0	0	101	196	1	96	4.69e-61	185
52P2R3A10_00383	52P2R3A10_00383	100.000	75	0	0	1	75	1	75	4.75e-49	149
52P2R3A10_00383	38P2R3A13_00384	100.000	75	0	0	1	75	57	131	1.95e-48	149
52P2R3A10_00480	52P2R3A10_00480	100.000	285	0	0	1	285	1	285	0.0	587
52P2R3A10_00480	38P2R3A13_00481	100.000	285	0	0	1	285	15	299	0.0	587
52P2R3A10_00480	56P2R2A4_02015	98.596	285	4	0	1	285	15	299	0.0	578
52P2R3A10_00681	52P2R3A10_00681	100.000	181	0	0	1	181	1	181	7.02e-134	372
52P2R3A10_00681	38P2R3A13_00685	100.000	181	0	0	1	181	15	195	7.19e-134	372
52P2R3A10_00692	52P2R3A10_00692	100.000	252	0	0	1	252	1	252	0.0	504
52P2R3A10_00692	18P3R3A11_00586	97.619	252	6	0	1	252	1	252	1.00e-180	496
52P2R3A10_00692	25P2R1A13_03005	98.795	83	1	0	1	83	1	83	6.02e-53	166
52P2R3A10_00719	52P2R3A10_00719	100.000	361	0	0	1	361	1	361	0.0	719
52P2R3A10_00719	38P2R3A13_00723	100.000	361	0	0	1	361	20	380	0.0	719
52P2R3A10_00719	38P2R3A13_08184	95.845	361	15	0	1	361	20	380	0.0	656
52P2R3A10_00776	52P2R3A10_00776	100.000	131	0	0	1	131	1	131	1.80e-95	270
52P2R3A10_00776	18P3R3A11_03859	96.875	128	4	0	1	128	1	128	6.48e-91	259
52P2R3A10_00776	37P2R3-2A1_00226	96.850	127	4	0	1	127	1	127	1.61e-90	258
52P2R3A10_00813	38P2R3A13_00817	100.000	117	0	0	1	117	8	124	1.74e-82	236
52P2R3A10_00813	52P2R3A10_00813	100.000	117	0	0	1	117	1	117	2.85e-82	236
52P2R3A10_01064	38P2R3A13_04757	100.000	203	0	0	1	203	15	217	1.08e-152	421
52P2R3A10_01064	52P2R3A10_01064	100.000	203	0	0	1	203	1	203	1.95e-152	420
52P2R3A10_01064	56P2R2A4_01098	98.522	203	3	0	1	203	71	273	4.57e-149	414
52P2R3A10_01064	47P2R3A6_03055	96.059	203	8	0	1	203	1	203	1.06e-147	408
52P2R3A10_01064	38P2R3A13_07144	95.567	203	9	0	1	203	15	217	1.43e-146	406
52P2R3A10_01064	18P3R3A11_01342	95.074	203	10	0	1	203	71	273	3.25e-144	402
52P2R3A10_01131	52P2R3A10_01131	100.000	32	0	0	1	32	1	32	4.07e-16	62.8
52P2R3A10_01190	52P2R3A10_01190	100.000	387	0	0	1	387	1	387	0.0	798
52P2R3A10_01190	56P2R2A4_00976	97.158	387	11	0	1	387	1	387	0.0	784
52P2R3A10_01190	37P2R3-2A1_01548	95.607	387	17	0	1	387	1	387	0.0	769
52P2R3A10_01190	18P3R3A11_01217	95.349	387	18	0	1	387	1	387	0.0	767
52P2R3A10_01506	52P2R3A10_01506	100.000	82	0	0	1	82	1	82	8.75e-51	154
52P2R3A10_01506	38P2R3A13_01623	100.000	82	0	0	1	82	134	215	4.24e-49	154
52P2R3A10_01512	52P2R3A10_01512	100.000	105	0	0	1	105	1	105	5.18e-74	214
52P2R3A10_01512	38P2R3A13_01629	100.000	105	0	0	1	105	23	127	8.97e-74	214
52P2R3A10_01573	38P2R3A13_01691	100.000	376	0	0	1	376	10	385	0.0	767
52P2R3A10_01573	52P2R3A10_01573	100.000	376	0	0	1	376	1	376	0.0	766
52P2R3A10_01573	47P2R3A6_00734	96.543	376	13	0	1	376	10	385	0.0	749
52P2R3A10_01573	38P2R3A13_08660	96.000	325	13	0	52	376	1	325	0.0	639
52P2R3A10_01961	38P2R3A13_02870	100.000	548	0	0	1	548	20	567	0.0	1105
52P2R3A10_01961	52P2R3A10_01961	100.000	548	0	0	1	548	1	548	0.0	1104
52P2R3A10_01961	56P2R2A4_01684	98.175	548	10	0	1	548	20	567	0.0	1087
52P2R3A10_01961	18P3R3A11_02448	97.080	548	16	0	1	548	1	548	0.0	1075
52P2R3A10_02096	52P2R3A10_02096	100.000	316	0	0	1	316	1	316	0.0	652
52P2R3A10_02096	38P2R3A13_01485	100.000	290	0	0	27	316	1	290	0.0	600
52P2R3A10_02574	52P2R3A10_02574	100.000	399	0	0	1	399	1	399	0.0	812
52P2R3A10_02574	18P3R3A11_00926	99.248	399	3	0	1	399	20	418	0.0	806
52P2R3A10_02574	38P2R3A13_06258	97.243	399	11	0	1	399	20	418	0.0	794
52P2R3A10_02621	38P2R3A13_02137	100.000	251	0	0	1	251	37	287	0.0	513
52P2R3A10_02621	52P2R3A10_02621	100.000	251	0	0	1	251	1	251	0.0	509
52P2R3A10_02865	52P2R3A10_02865	100.000	169	0	0	1	169	1	169	2.32e-126	352
52P2R3A10_02865	38P2R3A13_04932	100.000	169	0	0	1	169	12	180	6.81e-126	351
52P2R3A10_02865	18P3R3A11_03239	97.633	169	4	0	1	169	1	169	7.30e-123	343
52P2R3A10_02865	38P2R3A13_07502	95.266	169	8	0	1	169	12	180	3.34e-120	336
52P2R3A10_02929	38P2R3A13_03444	100.000	57	0	0	1	57	7	63	9.56e-37	116
52P2R3A10_02929	52P2R3A10_02929	100.000	57	0	0	1	57	1	57	1.22e-36	116
52P2R3A10_02929	38P2R3A13_05710	96.491	57	2	0	1	57	1	57	1.39e-35	113
52P2R3A10_02933	52P2R3A10_02933	100.000	214	0	0	1	214	1	214	6.61e-159	437
52P2R3A10_02933	18P3R3A11_03091	97.664	214	5	0	1	214	1	214	3.80e-155	428
52P2R3A10_02983	38P2R3A13_04954	100.000	648	0	0	1	648	25	672	0.0	1307
52P2R3A10_02983	52P2R3A10_02983	100.000	648	0	0	1	648	1	648	0.0	1306
52P2R3A10_02983	18P3R3A11_03041	97.994	648	13	0	1	648	1	648	0.0	1284
52P2R3A10_03302	38P2R3A13_02420	100.000	146	0	0	1	146	4	149	7.93e-108	303
52P2R3A10_03302	52P2R3A10_03302	100.000	146	0	0	1	146	1	146	1.12e-107	302
52P2R3A10_03433	52P2R3A10_03433	100.000	246	0	0	1	246	1	246	0.0	501
52P2R3A10_03433	38P2R3A13_02702	100.000	246	0	0	1	246	32	277	0.0	498
52P2R3A10_03433	38P2R3A13_07116	96.341	246	9	0	1	246	1	246	9.14e-176	483
52P2R3A10_03767	52P2R3A10_03767	100.000	493	0	0	1	493	1	493	0.0	987
52P2R3A10_03767	47P2R3A6_01561	97.566	493	12	0	1	493	1	493	0.0	966
52P2R3A10_03767	38P2R3A13_06960	100.000	475	0	0	19	493	1	475	0.0	949
52P2R3A10_03767	18P3R3A11_04580	96.146	493	15	1	1	493	1	489	0.0	944
52P2R3A10_03767	38P2R3A13_05120	97.263	475	13	0	19	493	1	475	0.0	926
52P2R3A10_03822	52P2R3A10_03822	100.000	128	0	0	1	128	1	128	1.00e-89	256
52P2R3A10_03822	38P2R3A13_04581	100.000	128	0	0	1	128	11	138	1.07e-89	256
52P2R3A10_03927	52P2R3A10_03927	100.000	145	0	0	1	145	1	145	9.45e-107	300
52P2R3A10_03927	38P2R3A13_03940	100.000	145	0	0	1	145	89	233	1.92e-106	302
52P2R3A10_03927	56P2R2A4_03490	97.241	145	4	0	1	145	1	145	1.05e-103	292
52P2R3A10_04315	52P2R3A10_04315	100.000	211	0	0	1	211	1	211	5.84e-160	440
52P2R3A10_04315	38P2R3A13_06115	100.000	211	0	0	1	211	112	322	2.09e-159	443
52P2R3A10_04329	52P2R3A10_04329	100.000	474	0	0	1	474	1	474	0.0	936
52P2R3A10_04329	38P2R3A13_01523	100.000	474	0	0	1	474	12	485	0.0	936
52P2R3A10_04329	56P2R2A4_04165	99.783	460	1	0	13	472	2	461	0.0	909
52P2R3A10_04329	38P2R3A13_03678	98.690	458	6	0	13	470	2	459	0.0	897
52P2R3A10_04329	18P3R3A11_03463	97.391	460	12	0	13	472	2	461	0.0	890
52P2R3A10_04388	52P2R3A10_04388	100.000	353	0	0	1	353	1	353	0.0	732
52P2R3A10_04388	38P2R3A13_07932	100.000	296	0	0	58	353	1	296	0.0	617
52P2R3A10_04394	52P2R3A10_04394	100.000	117	0	0	1	117	1	117	4.95e-72	210
54P2R2A3_00001	54P2R2A3_00001	100.000	159	0	0	1	159	1	159	2.90e-118	330
54P2R2A3_00002	54P2R2A3_00002	100.000	130	0	0	1	130	1	130	6.22e-95	269
54P2R2A3_00003	54P2R2A3_00003	100.000	121	0	0	1	121	1	121	2.49e-87	249
54P2R2A3_00003	31P2R1A5_01343	97.521	121	3	0	1	121	1	121	1.09e-84	242
54P2R2A3_00004	54P2R2A3_00004	100.000	212	0	0	1	212	1	212	1.05e-158	437
54P2R2A3_00004	31P2R1A5_01344	98.095	210	4	0	1	210	1	210	5.78e-152	425
54P2R2A3_00005	54P2R2A3_00005	100.000	77	0	0	1	77	1	77	6.81e-52	156
54P2R2A3_00006	54P2R2A3_00006	100.000	312	0	0	1	312	1	312	0.0	644
54P2R2A3_00007	54P2R2A3_00007	100.000	354	0	0	1	354	1	354	0.0	726
54P2R2A3_00008	54P2R2A3_00008	100.000	246	0	0	1	246	1	246	0.0	498
54P2R2A3_00009	54P2R2A3_00009	100.000	130	0	0	1	130	1	130	5.07e-89	254
54P2R2A3_00010	54P2R2A3_00010	100.000	295	0	0	1	295	1	295	0.0	601
54P2R2A3_00011	54P2R2A3_00011	100.000	1039	0	0	1	1039	1	1039	0.0	2110
54P2R2A3_00012	54P2R2A3_00012	100.000	179	0	0	1	179	1	179	5.21e-135	374
54P2R2A3_00013	54P2R2A3_00013	100.000	214	0	0	1	214	1	214	2.09e-157	434
54P2R2A3_00020	54P2R2A3_00020	100.000	308	0	0	1	308	1	308	0.0	616
54P2R2A3_00020	44P3R3A6_00785	96.429	308	11	0	1	308	1	308	0.0	592
54P2R2A3_00020	31P2R1A5_01354	95.779	308	13	0	1	308	1	308	0.0	587
54P2R2A3_00021	54P2R2A3_00021	100.000	394	0	0	1	394	1	394	0.0	786
54P2R2A3_00021	31P2R1A5_01355	97.208	394	11	0	1	394	1	394	0.0	761
54P2R2A3_00026	54P2R2A3_00026	100.000	303	0	0	1	303	1	303	0.0	625
54P2R2A3_00026	31P2R1A5_01361	95.710	303	13	0	1	303	1	303	0.0	603
54P2R2A3_00030	54P2R2A3_00030	100.000	282	0	0	1	282	1	282	0.0	538
54P2R2A3_00030	31P2R1A5_01365	98.221	281	5	0	1	281	1	281	0.0	528
54P2R2A3_00031	54P2R2A3_00031	100.000	111	0	0	1	111	1	111	7.96e-74	214
54P2R2A3_00031	31P2R1A5_01365	98.198	111	2	0	1	111	283	393	1.43e-70	215
54P2R2A3_00034	54P2R2A3_00034	100.000	473	0	0	1	473	1	473	0.0	968
54P2R2A3_00034	31P2R1A5_01371	97.040	473	14	0	1	473	2	474	0.0	943
54P2R2A3_00040	54P2R2A3_00040	100.000	196	0	0	1	196	1	196	1.73e-142	394
54P2R2A3_00040	31P2R1A5_01377	98.980	196	2	0	1	196	233	428	1.67e-138	393
54P2R2A3_00041	54P2R2A3_00041	100.000	237	0	0	1	237	1	237	4.04e-168	462
54P2R2A3_00042	54P2R2A3_00042	100.000	323	0	0	1	323	1	323	0.0	661
54P2R2A3_00042	31P2R1A5_01378	96.594	323	11	0	1	323	1	323	0.0	640
54P2R2A3_00047	54P2R2A3_00047	100.000	301	0	0	1	301	1	301	0.0	617
54P2R2A3_00048	54P2R2A3_00048	100.000	331	0	0	1	331	1	331	0.0	669
54P2R2A3_00049	54P2R2A3_00049	100.000	312	0	0	1	312	1	312	0.0	626
54P2R2A3_00049	31P2R1A5_01388	96.066	305	12	0	1	305	1	305	0.0	590
54P2R2A3_00050	54P2R2A3_00050	100.000	511	0	0	1	511	1	511	0.0	989
54P2R2A3_00050	44P3R3A6_00750	95.303	511	24	0	1	511	1	511	0.0	926
54P2R2A3_00050	31P2R1A5_01389	95.874	509	21	0	1	509	1	509	0.0	924
54P2R2A3_00052	54P2R2A3_00052	100.000	174	0	0	1	174	1	174	2.89e-124	347
54P2R2A3_00052	31P2R1A5_01392	95.455	176	3	2	1	174	1	173	1.81e-115	324
54P2R2A3_00053	54P2R2A3_00053	100.000	324	0	0	1	324	1	324	0.0	660
54P2R2A3_00053	31P2R1A5_01393	95.679	324	14	0	1	324	1	324	0.0	627
54P2R2A3_00054	54P2R2A3_00054	100.000	327	0	0	1	327	1	327	0.0	658
54P2R2A3_00054	31P2R1A5_01394	97.248	327	9	0	1	327	1	327	0.0	640
54P2R2A3_00058	54P2R2A3_00058	100.000	228	0	0	1	228	1	228	2.22e-171	470
54P2R2A3_00058	31P2R1A5_01402	95.175	228	11	0	1	228	1	228	5.82e-155	429
54P2R2A3_00059	54P2R2A3_00059	100.000	128	0	0	1	128	1	128	1.64e-91	260
54P2R2A3_00060	54P2R2A3_00060	100.000	257	0	0	1	257	1	257	0.0	521
54P2R2A3_00060	31P2R1A5_01404	97.276	257	7	0	1	257	1	257	0.0	509
54P2R2A3_00063	54P2R2A3_00063	100.000	70	0	0	1	70	1	70	5.98e-43	133
54P2R2A3_00064	54P2R2A3_00064	100.000	239	0	0	1	239	1	239	3.41e-179	491
54P2R2A3_00065	54P2R2A3_00065	100.000	145	0	0	1	145	1	145	1.60e-106	299
54P2R2A3_00066	54P2R2A3_00066	100.000	50	0	0	1	50	1	50	1.06e-30	100
54P2R2A3_00066	31P2R1A5_01411	96.000	50	2	0	1	50	1	50	4.71e-29	96.7
54P2R2A3_00067	54P2R2A3_00067	100.000	279	0	0	1	279	1	279	0.0	558
54P2R2A3_00068	54P2R2A3_00068	100.000	172	0	0	1	172	1	172	4.41e-127	353
54P2R2A3_00069	54P2R2A3_00069	100.000	295	0	0	1	295	1	295	0.0	595
54P2R2A3_00069	31P2R1A5_01414	95.593	295	13	0	1	295	1	295	0.0	545
54P2R2A3_00074	54P2R2A3_00074	100.000	109	0	0	1	109	1	109	1.33e-65	193
54P2R2A3_00076	54P2R2A3_00076	100.000	212	0	0	1	212	1	212	2.58e-157	433
54P2R2A3_00076	31P2R1A5_01424	97.642	212	5	0	1	212	1	212	5.29e-154	425
54P2R2A3_00078	54P2R2A3_00078	100.000	412	0	0	1	412	1	412	0.0	815
54P2R2A3_00078	31P2R1A5_01426	98.985	394	4	0	19	412	1	394	0.0	769
54P2R2A3_00079	54P2R2A3_00079	100.000	335	0	0	1	335	1	335	0.0	685
54P2R2A3_00079	31P2R1A5_01427	98.350	303	5	0	1	303	1	303	0.0	614
54P2R2A3_00081	54P2R2A3_00081	100.000	31	0	0	1	31	1	31	2.69e-14	58.2
54P2R2A3_00081	31P2R1A5_01429	96.774	31	1	0	1	31	1	31	4.05e-14	57.8
54P2R2A3_00084	54P2R2A3_00084	100.000	162	0	0	1	162	1	162	5.19e-121	337
54P2R2A3_00089	54P2R2A3_00089	100.000	366	0	0	1	366	1	366	0.0	744
54P2R2A3_00089	31P2R1A5_01437	97.268	366	10	0	1	366	1	366	0.0	726
54P2R2A3_00090	54P2R2A3_00090	100.000	200	0	0	1	200	1	200	1.17e-149	413
54P2R2A3_00090	31P2R1A5_01438	97.000	200	6	0	1	200	1	200	4.98e-145	401
54P2R2A3_00093	54P2R2A3_00093	100.000	174	0	0	1	174	1	174	3.22e-124	347
54P2R2A3_00093	31P2R1A5_01441	96.552	174	6	0	1	174	1	174	1.04e-119	335
54P2R2A3_00094	54P2R2A3_00094	100.000	675	0	0	1	675	1	675	0.0	1373
54P2R2A3_00094	31P2R1A5_01442	97.926	675	14	0	1	675	1	675	0.0	1347
54P2R2A3_00095	54P2R2A3_00095	100.000	299	0	0	1	299	1	299	0.0	604
54P2R2A3_00095	31P2R1A5_01443	95.987	299	12	0	1	299	1	299	0.0	534
54P2R2A3_00098	54P2R2A3_00098	100.000	454	0	0	1	454	1	454	0.0	936
54P2R2A3_00100	54P2R2A3_00100	100.000	375	0	0	1	375	1	375	0.0	759
54P2R2A3_00100	31P2R1A5_01448	96.000	375	15	0	1	375	1	375	0.0	716
54P2R2A3_00101	54P2R2A3_00101	100.000	120	0	0	1	120	1	120	4.66e-88	251
54P2R2A3_00101	31P2R1A5_01449	95.833	120	5	0	1	120	1	120	3.85e-86	246
54P2R2A3_00102	54P2R2A3_00102	100.000	221	0	0	1	221	1	221	1.00e-165	455
54P2R2A3_00102	31P2R1A5_01450	97.738	221	5	0	1	221	1	221	2.76e-163	449
54P2R2A3_00105	54P2R2A3_00105	100.000	202	0	0	1	202	1	202	1.71e-148	410
54P2R2A3_00105	31P2R1A5_01453	95.545	202	9	0	1	202	1	202	1.68e-123	347
54P2R2A3_00107	54P2R2A3_00107	100.000	86	0	0	1	86	1	86	2.88e-58	173
54P2R2A3_00111	54P2R2A3_00111	100.000	351	0	0	1	351	1	351	0.0	691
54P2R2A3_00111	31P2R1A5_01458	97.151	351	10	0	1	351	1	351	0.0	677
54P2R2A3_00112	54P2R2A3_00112	100.000	754	0	0	1	754	1	754	0.0	1499
54P2R2A3_00113	54P2R2A3_00113	100.000	193	0	0	1	193	1	193	1.09e-140	390
54P2R2A3_00113	31P2R1A5_00764	96.891	193	6	0	1	193	1	193	7.92e-137	380
54P2R2A3_00115	54P2R2A3_00115	100.000	147	0	0	1	147	1	147	1.50e-98	280
54P2R2A3_00117	54P2R2A3_00117	100.000	457	0	0	1	457	1	457	0.0	942
54P2R2A3_00117	31P2R1A5_00760	97.374	457	12	0	1	457	1	457	0.0	917
54P2R2A3_00118	54P2R2A3_00118	100.000	347	0	0	1	347	1	347	0.0	709
54P2R2A3_00119	54P2R2A3_00119	100.000	334	0	0	1	334	1	334	0.0	677
54P2R2A3_00119	31P2R1A5_00757	97.605	334	8	0	1	334	1	334	0.0	660
54P2R2A3_00120	54P2R2A3_00120	100.000	406	0	0	1	406	1	406	0.0	791
54P2R2A3_00121	54P2R2A3_00121	100.000	155	0	0	1	155	1	155	2.20e-114	320
54P2R2A3_00122	54P2R2A3_00122	100.000	62	0	0	1	62	1	62	5.71e-37	117
54P2R2A3_00122	31P2R1A5_00754	96.774	62	2	0	1	62	1	62	2.54e-36	115
54P2R2A3_00123	54P2R2A3_00123	100.000	121	0	0	1	121	1	121	4.45e-84	241
54P2R2A3_00124	54P2R2A3_00124	100.000	176	0	0	1	176	1	176	8.30e-128	356
54P2R2A3_00124	31P2R1A5_00752	96.591	176	6	0	1	176	1	176	3.84e-124	347
54P2R2A3_00125	54P2R2A3_00125	100.000	92	0	0	1	92	1	92	2.45e-62	184
54P2R2A3_00125	31P2R1A5_00751	97.826	92	2	0	1	92	1	92	4.45e-61	180
54P2R2A3_00129	54P2R2A3_00129	100.000	207	0	0	1	207	1	207	3.12e-154	425
54P2R2A3_00129	31P2R1A5_00747	97.101	207	6	0	1	207	1	207	4.27e-151	417
54P2R2A3_00131	54P2R2A3_00131	100.000	448	0	0	1	448	1	448	0.0	916
54P2R2A3_00131	31P2R1A5_00745	97.098	448	13	0	1	448	1	448	0.0	894
54P2R2A3_00132	54P2R2A3_00132	100.000	502	0	0	1	502	1	502	0.0	1022
54P2R2A3_00132	31P2R1A5_00744	96.414	502	18	0	1	502	1	502	0.0	972
54P2R2A3_00133	54P2R2A3_00133	100.000	363	0	0	1	363	1	363	0.0	728
54P2R2A3_00133	31P2R1A5_00743	97.245	363	10	0	1	363	1	363	0.0	711
54P2R2A3_00134	54P2R2A3_00134	100.000	615	0	0	1	615	1	615	0.0	1280
54P2R2A3_00134	31P2R1A5_00742	99.094	552	5	0	64	615	1	552	0.0	1141
54P2R2A3_00135	54P2R2A3_00135	100.000	193	0	0	1	193	1	193	2.88e-144	399
54P2R2A3_00136	54P2R2A3_00136	100.000	327	0	0	1	327	1	327	0.0	664
54P2R2A3_00136	31P2R1A5_00740	95.413	327	15	0	1	327	1	327	0.0	629
54P2R2A3_00137	54P2R2A3_00137	100.000	335	0	0	1	335	1	335	0.0	659
54P2R2A3_00137	31P2R1A5_00739	95.224	335	16	0	1	335	1	335	0.0	590
54P2R2A3_00138	54P2R2A3_00138	100.000	197	0	0	1	197	1	197	6.51e-148	408
54P2R2A3_00140	54P2R2A3_00140	100.000	299	0	0	1	299	1	299	0.0	589
54P2R2A3_00140	31P2R1A5_00736	97.993	299	6	0	1	299	1	299	0.0	581
54P2R2A3_00141	54P2R2A3_00141	100.000	290	0	0	1	290	1	290	0.0	603
54P2R2A3_00141	31P2R1A5_00735	97.586	290	7	0	1	290	1	290	0.0	593
54P2R2A3_00142	54P2R2A3_00142	100.000	389	0	0	1	389	1	389	0.0	732
54P2R2A3_00143	54P2R2A3_00143	100.000	190	0	0	1	190	1	190	4.40e-141	390
54P2R2A3_00143	31P2R1A5_00733	96.316	190	7	0	1	190	1	190	1.89e-135	376
54P2R2A3_00144	54P2R2A3_00144	100.000	654	0	0	1	654	1	654	0.0	1364
54P2R2A3_00144	31P2R1A5_00732	98.165	654	12	0	1	654	22	675	0.0	1338
54P2R2A3_00145	54P2R2A3_00145	100.000	77	0	0	1	77	1	77	2.07e-50	152
54P2R2A3_00146	54P2R2A3_00146	100.000	102	0	0	1	102	1	102	1.48e-67	197
54P2R2A3_00147	54P2R2A3_00147	100.000	42	0	0	1	42	1	42	1.88e-21	77.0
54P2R2A3_00147	31P2R1A5_00729	97.619	42	1	0	1	42	1	42	7.59e-21	75.5
54P2R2A3_00148	54P2R2A3_00148	100.000	337	0	0	1	337	1	337	0.0	659
54P2R2A3_00148	31P2R1A5_00728	96.439	337	12	0	1	337	1	337	0.0	640
54P2R2A3_00149	54P2R2A3_00149	100.000	466	0	0	1	466	1	466	0.0	937
54P2R2A3_00149	31P2R1A5_00727	97.639	466	11	0	1	466	1	466	0.0	918
54P2R2A3_00150	54P2R2A3_00150	100.000	33	0	0	1	33	1	33	8.25e-16	62.0
54P2R2A3_00150	31P2R1A5_00726	96.970	33	1	0	1	33	1	33	2.08e-15	61.2
54P2R2A3_00151	54P2R2A3_00151	100.000	471	0	0	1	471	1	471	0.0	962
54P2R2A3_00151	31P2R1A5_00725	97.665	471	11	0	1	471	1	471	0.0	943
54P2R2A3_00152	54P2R2A3_00152	100.000	382	0	0	1	382	1	382	0.0	793
54P2R2A3_00152	31P2R1A5_00724	95.550	382	17	0	1	382	1	382	0.0	764
54P2R2A3_00153	54P2R2A3_00153	100.000	338	0	0	1	338	1	338	0.0	687
54P2R2A3_00153	31P2R1A5_00723	97.337	338	9	0	1	338	1	338	0.0	669
54P2R2A3_00156	54P2R2A3_00156	100.000	476	0	0	1	476	1	476	0.0	977
54P2R2A3_00156	31P2R1A5_00720	97.479	476	12	0	1	476	1	476	0.0	959
54P2R2A3_00158	54P2R2A3_00158	100.000	31	0	0	1	31	1	31	2.04e-15	60.8
54P2R2A3_00160	54P2R2A3_00160	100.000	250	0	0	1	250	1	250	0.0	509
54P2R2A3_00161	54P2R2A3_00161	100.000	478	0	0	1	478	1	478	0.0	961
54P2R2A3_00161	31P2R1A5_00714	95.397	478	22	0	1	478	1	478	0.0	852
54P2R2A3_00163	54P2R2A3_00163	100.000	78	0	0	1	78	1	78	3.06e-50	152
54P2R2A3_00163	31P2R1A5_00712	96.154	78	3	0	1	78	1	78	2.22e-48	147
54P2R2A3_00164	54P2R2A3_00164	100.000	150	0	0	1	150	1	150	2.16e-100	284
54P2R2A3_00164	31P2R1A5_00711	97.333	150	4	0	1	150	1	150	2.95e-98	279
54P2R2A3_00165	54P2R2A3_00165	100.000	173	0	0	1	173	1	173	4.49e-129	358
54P2R2A3_00165	31P2R1A5_00710	97.688	173	4	0	1	173	1	173	2.00e-126	352
54P2R2A3_00166	54P2R2A3_00166	100.000	194	0	0	1	194	1	194	2.34e-143	396
54P2R2A3_00166	31P2R1A5_00709	97.423	194	5	0	1	194	1	194	1.79e-139	387
54P2R2A3_00169	54P2R2A3_00169	100.000	100	0	0	1	100	1	100	8.60e-68	198
54P2R2A3_00169	31P2R1A5_00706	97.000	100	3	0	1	100	1	100	3.52e-66	194
54P2R2A3_00169	44P3R3A6_00621	96.000	100	4	0	1	100	1	100	2.01e-51	157
54P2R2A3_00170	54P2R2A3_00170	100.000	569	0	0	1	569	1	569	0.0	1170
54P2R2A3_00172	54P2R2A3_00172	100.000	354	0	0	1	354	1	354	0.0	719
54P2R2A3_00172	31P2R1A5_00704	97.458	354	9	0	1	354	1	354	0.0	706
54P2R2A3_00175	54P2R2A3_00175	100.000	296	0	0	1	296	1	296	0.0	597
54P2R2A3_00176	54P2R2A3_00176	100.000	184	0	0	1	184	1	184	4.18e-134	372
54P2R2A3_00181	54P2R2A3_00181	100.000	170	0	0	1	170	1	170	6.98e-123	343
54P2R2A3_00181	31P2R1A5_00693	97.647	170	4	0	1	170	1	170	5.45e-121	338
54P2R2A3_00185	54P2R2A3_00185	100.000	206	0	0	1	206	1	206	5.03e-151	417
54P2R2A3_00185	31P2R1A5_00686	97.573	206	5	0	1	206	1	206	8.85e-148	409
54P2R2A3_00187	54P2R2A3_00187	100.000	99	0	0	1	99	1	99	7.71e-69	201
54P2R2A3_00188	54P2R2A3_00188	100.000	66	0	0	1	66	1	66	5.93e-44	135
54P2R2A3_00190	54P2R2A3_00190	100.000	461	0	0	1	461	1	461	0.0	924
54P2R2A3_00190	31P2R1A5_00683	95.879	461	17	1	1	461	1	459	0.0	885
54P2R2A3_00190	51P2R2A10_01044	97.980	99	2	0	1	99	1	99	3.21e-63	199
54P2R2A3_00191	54P2R2A3_00191	100.000	523	0	0	1	523	1	523	0.0	1079
54P2R2A3_00196	54P2R2A3_00196	100.000	552	0	0	1	552	1	552	0.0	1055
54P2R2A3_00196	31P2R1A5_00677	97.464	552	14	0	1	552	1	552	0.0	1020
54P2R2A3_00197	54P2R2A3_00197	100.000	282	0	0	1	282	1	282	0.0	583
54P2R2A3_00197	31P2R1A5_00676	97.163	282	8	0	1	282	1	282	0.0	569
54P2R2A3_00198	54P2R2A3_00198	100.000	227	0	0	1	227	1	227	1.33e-167	461
54P2R2A3_00199	54P2R2A3_00199	100.000	232	0	0	1	232	1	232	2.71e-171	470
54P2R2A3_00200	54P2R2A3_00200	100.000	515	0	0	1	515	1	515	0.0	1076
54P2R2A3_00201	54P2R2A3_00201	100.000	1247	0	0	1	1247	1	1247	0.0	2596
54P2R2A3_00202	54P2R2A3_00202	100.000	461	0	0	1	461	1	461	0.0	912
54P2R2A3_00203	54P2R2A3_00203	100.000	179	0	0	1	179	1	179	1.92e-129	360
54P2R2A3_00204	54P2R2A3_00204	100.000	500	0	0	1	500	1	500	0.0	951
54P2R2A3_00204	31P2R1A5_00673	95.400	500	23	0	1	500	1	500	0.0	820
54P2R2A3_00205	54P2R2A3_00205	100.000	266	0	0	1	266	1	266	0.0	528
54P2R2A3_00205	31P2R1A5_00672	95.489	266	12	0	1	266	1	266	5.60e-176	485
54P2R2A3_00206	54P2R2A3_00206	100.000	373	0	0	1	373	1	373	0.0	747
54P2R2A3_00206	31P2R1A5_00671	96.226	371	14	0	1	371	1	371	0.0	720
54P2R2A3_00207	54P2R2A3_00207	100.000	97	0	0	1	97	1	97	1.20e-69	202
54P2R2A3_00208	54P2R2A3_00208	100.000	309	0	0	1	309	1	309	0.0	637
54P2R2A3_00209	54P2R2A3_00209	100.000	461	0	0	1	461	1	461	0.0	971
54P2R2A3_00209	31P2R1A5_00668	95.662	461	20	0	1	461	1	461	0.0	934
54P2R2A3_00211	54P2R2A3_00211	100.000	339	0	0	1	339	1	339	0.0	699
54P2R2A3_00211	31P2R1A5_00666	96.460	339	12	0	1	339	1	339	0.0	676
54P2R2A3_00212	54P2R2A3_00212	100.000	258	0	0	1	258	1	258	0.0	521
54P2R2A3_00213	54P2R2A3_00213	100.000	293	0	0	1	293	1	293	0.0	572
54P2R2A3_00216	54P2R2A3_00216	100.000	295	0	0	1	295	1	295	0.0	613
54P2R2A3_00216	44P3R3A6_00577	97.627	295	7	0	1	295	1	295	0.0	602
54P2R2A3_00216	31P2R1A5_00661	97.627	295	7	0	1	295	1	295	0.0	598
54P2R2A3_00216	42P1R1A12_02737	95.070	284	14	0	1	284	1	284	0.0	569
54P2R2A3_00219	54P2R2A3_00219	100.000	147	0	0	1	147	1	147	1.48e-106	300
54P2R2A3_00219	31P2R1A5_00657	96.503	143	5	0	1	143	1	143	2.08e-100	284
54P2R2A3_00220	54P2R2A3_00220	100.000	385	0	0	1	385	1	385	0.0	754
54P2R2A3_00220	31P2R1A5_00656	96.345	383	14	0	1	383	1	383	0.0	731
54P2R2A3_00221	54P2R2A3_00221	100.000	364	0	0	1	364	1	364	0.0	728
54P2R2A3_00221	31P2R1A5_00655	96.703	364	12	0	1	364	1	364	0.0	705
54P2R2A3_00223	54P2R2A3_00223	100.000	539	0	0	1	539	1	539	0.0	1065
54P2R2A3_00223	31P2R1A5_00653	97.217	539	15	0	1	539	1	539	0.0	1037
54P2R2A3_00224	54P2R2A3_00224	100.000	283	0	0	1	283	1	283	0.0	545
54P2R2A3_00224	31P2R1A5_00652	97.527	283	7	0	1	283	1	283	0.0	533
54P2R2A3_00228	54P2R2A3_00228	100.000	200	0	0	1	200	1	200	4.69e-147	406
54P2R2A3_00228	31P2R1A5_00648	96.000	200	8	0	1	200	1	200	2.40e-141	392
54P2R2A3_00229	54P2R2A3_00229	100.000	318	0	0	1	318	1	318	0.0	650
54P2R2A3_00229	31P2R1A5_00647	97.799	318	7	0	1	318	1	318	0.0	639
54P2R2A3_00230	54P2R2A3_00230	100.000	572	0	0	1	572	1	572	0.0	1142
54P2R2A3_00230	31P2R1A5_00646	96.678	572	19	0	1	572	1	572	0.0	1107
54P2R2A3_00231	54P2R2A3_00231	100.000	229	0	0	1	229	1	229	2.73e-171	470
54P2R2A3_00232	54P2R2A3_00232	100.000	232	0	0	1	232	1	232	1.09e-175	481
54P2R2A3_00234	54P2R2A3_00234	100.000	47	0	0	1	47	1	47	2.61e-28	94.7
54P2R2A3_00234	31P2R1A5_00643	95.745	47	2	0	1	47	1	47	2.78e-27	92.0
54P2R2A3_00235	54P2R2A3_00235	100.000	284	0	0	1	284	1	284	0.0	581
54P2R2A3_00235	31P2R1A5_00642	95.070	284	14	0	1	284	1	284	0.0	560
54P2R2A3_00236	54P2R2A3_00236	100.000	298	0	0	1	298	1	298	0.0	600
54P2R2A3_00237	54P2R2A3_00237	100.000	82	0	0	1	82	1	82	8.47e-54	161
54P2R2A3_00239	54P2R2A3_00239	100.000	72	0	0	1	72	1	72	2.39e-47	144
54P2R2A3_00240	54P2R2A3_00240	100.000	169	0	0	1	169	1	169	4.55e-124	346
54P2R2A3_00241	54P2R2A3_00241	100.000	61	0	0	1	61	1	61	4.32e-37	117
54P2R2A3_00242	54P2R2A3_00242	100.000	542	0	0	1	542	1	542	0.0	1107
54P2R2A3_00242	31P2R1A5_00635	95.203	542	26	0	1	542	1	542	0.0	1040
54P2R2A3_00243	54P2R2A3_00243	100.000	332	0	0	1	332	1	332	0.0	679
54P2R2A3_00243	31P2R1A5_00634	96.988	332	10	0	1	332	1	332	0.0	659
54P2R2A3_00244	54P2R2A3_00244	100.000	32	0	0	1	32	1	32	8.54e-17	64.7
54P2R2A3_00245	54P2R2A3_00245	100.000	149	0	0	1	149	1	149	6.37e-104	293
54P2R2A3_00246	54P2R2A3_00246	100.000	168	0	0	1	168	1	168	3.20e-124	346
54P2R2A3_00247	54P2R2A3_00247	100.000	135	0	0	1	135	1	135	2.81e-97	275
54P2R2A3_00248	54P2R2A3_00248	100.000	49	0	0	1	49	1	49	2.07e-29	97.4
54P2R2A3_00250	54P2R2A3_00250	100.000	290	0	0	1	290	1	290	0.0	591
54P2R2A3_00251	54P2R2A3_00251	100.000	229	0	0	1	229	1	229	4.16e-170	467
54P2R2A3_00252	54P2R2A3_00252	100.000	308	0	0	1	308	1	308	0.0	618
54P2R2A3_00253	54P2R2A3_00253	100.000	306	0	0	1	306	1	306	0.0	623
54P2R2A3_00253	31P2R1A5_00624	97.712	306	7	0	1	306	1	306	0.0	611
54P2R2A3_00254	54P2R2A3_00254	100.000	767	0	0	1	767	1	767	0.0	1591
54P2R2A3_00254	31P2R1A5_00623	97.914	767	16	0	1	767	1	767	0.0	1558
54P2R2A3_00255	54P2R2A3_00255	100.000	294	0	0	1	294	1	294	0.0	603
54P2R2A3_00255	31P2R1A5_00622	96.259	294	11	0	1	294	1	294	0.0	583
54P2R2A3_00256	54P2R2A3_00256	100.000	105	0	0	1	105	1	105	1.12e-71	208
54P2R2A3_00258	54P2R2A3_00258	100.000	227	0	0	1	227	1	227	9.52e-166	456
54P2R2A3_00259	54P2R2A3_00259	100.000	354	0	0	1	354	1	354	0.0	723
54P2R2A3_00261	54P2R2A3_00261	100.000	311	0	0	1	311	1	311	0.0	632
54P2R2A3_00262	54P2R2A3_00262	100.000	145	0	0	1	145	1	145	1.21e-95	272
54P2R2A3_00263	54P2R2A3_00263	100.000	159	0	0	1	159	1	159	3.43e-110	310
54P2R2A3_00265	54P2R2A3_00265	100.000	246	0	0	1	246	1	246	5.43e-180	493
54P2R2A3_00266	54P2R2A3_00266	100.000	762	0	0	1	762	1	762	0.0	1493
54P2R2A3_00267	54P2R2A3_00267	100.000	381	0	0	1	381	1	381	0.0	795
54P2R2A3_00267	31P2R1A5_00614	97.638	381	9	0	1	381	1	381	0.0	780
54P2R2A3_00268	54P2R2A3_00268	100.000	85	0	0	1	85	1	85	1.43e-58	173
54P2R2A3_00268	31P2R1A5_00613	97.619	84	2	0	1	84	1	84	3.14e-57	170
54P2R2A3_00270	54P2R2A3_00270	100.000	309	0	0	1	309	1	309	0.0	635
54P2R2A3_00270	31P2R1A5_00611	97.735	309	7	0	1	309	1	309	0.0	622
54P2R2A3_00271	54P2R2A3_00271	100.000	340	0	0	1	340	1	340	0.0	694
54P2R2A3_00272	54P2R2A3_00272	100.000	331	0	0	1	331	1	331	0.0	675
54P2R2A3_00272	31P2R1A5_00609	97.583	331	8	0	1	331	1	331	0.0	661
54P2R2A3_00274	54P2R2A3_00274	100.000	448	0	0	1	448	1	448	0.0	898
54P2R2A3_00274	31P2R1A5_00607	97.098	448	13	0	1	448	1	448	0.0	872
54P2R2A3_00275	54P2R2A3_00275	100.000	397	0	0	1	397	1	397	0.0	785
54P2R2A3_00275	31P2R1A5_00606	97.481	397	10	0	1	397	1	397	0.0	761
54P2R2A3_00276	54P2R2A3_00276	100.000	294	0	0	1	294	1	294	0.0	584
54P2R2A3_00279	54P2R2A3_00279	100.000	312	0	0	1	312	1	312	0.0	634
54P2R2A3_00279	31P2R1A5_00602	96.795	312	10	0	1	312	1	312	0.0	617
54P2R2A3_00281	54P2R2A3_00281	100.000	243	0	0	1	243	1	243	7.85e-174	478
54P2R2A3_00281	31P2R1A5_00600	97.119	243	7	0	1	243	1	243	6.02e-166	457
54P2R2A3_00282	54P2R2A3_00282	100.000	232	0	0	1	232	1	232	1.27e-171	471
54P2R2A3_00283	54P2R2A3_00283	100.000	369	0	0	1	369	1	369	0.0	756
54P2R2A3_00284	54P2R2A3_00284	100.000	391	0	0	1	391	1	391	0.0	805
54P2R2A3_00284	31P2R1A5_00595	96.419	391	14	0	1	391	1	391	0.0	784
54P2R2A3_00285	54P2R2A3_00285	100.000	308	0	0	1	308	1	308	0.0	632
54P2R2A3_00285	31P2R1A5_00594	95.455	308	14	0	1	308	1	308	0.0	600
54P2R2A3_00286	54P2R2A3_00286	100.000	347	0	0	1	347	1	347	0.0	703
54P2R2A3_00287	54P2R2A3_00287	100.000	380	0	0	1	380	1	380	0.0	789
54P2R2A3_00289	54P2R2A3_00289	100.000	625	0	0	1	625	1	625	0.0	1300
54P2R2A3_00290	54P2R2A3_00290	100.000	220	0	0	1	220	1	220	1.39e-166	457
54P2R2A3_00291	54P2R2A3_00291	100.000	437	0	0	1	437	1	437	0.0	903
54P2R2A3_00291	31P2R1A5_00590	97.254	437	12	0	1	437	1	437	0.0	878
54P2R2A3_00296	54P2R2A3_00296	100.000	264	0	0	1	264	1	264	0.0	511
54P2R2A3_00296	31P2R1A5_00585	96.212	264	10	0	1	264	1	264	0.0	497
54P2R2A3_00297	54P2R2A3_00297	100.000	256	0	0	1	256	1	256	0.0	521
54P2R2A3_00297	31P2R1A5_00584	97.656	256	6	0	1	256	1	256	0.0	510
54P2R2A3_00298	54P2R2A3_00298	100.000	75	0	0	1	75	1	75	1.12e-47	145
54P2R2A3_00298	44P3R3A6_00500	97.333	75	2	0	1	75	1	75	1.93e-46	142
54P2R2A3_00299	54P2R2A3_00299	100.000	48	0	0	1	48	1	48	2.86e-30	99.8
54P2R2A3_00300	54P2R2A3_00300	100.000	206	0	0	1	206	1	206	9.12e-156	429
54P2R2A3_00301	54P2R2A3_00301	100.000	248	0	0	1	248	1	248	0.0	506
54P2R2A3_00302	54P2R2A3_00302	100.000	242	0	0	1	242	1	242	0.0	503
54P2R2A3_00302	31P2R1A5_00581	97.521	242	6	0	1	242	1	242	3.07e-179	491
54P2R2A3_00305	54P2R2A3_00305	100.000	137	0	0	1	137	1	137	3.25e-99	280
54P2R2A3_00307	54P2R2A3_00307	100.000	186	0	0	1	186	1	186	4.18e-140	387
54P2R2A3_00307	31P2R1A5_00566	97.312	186	5	0	1	186	1	186	3.82e-135	375
54P2R2A3_00308	54P2R2A3_00308	100.000	373	0	0	1	373	1	373	0.0	759
54P2R2A3_00308	31P2R1A5_00565	97.319	373	10	0	1	373	1	373	0.0	742
54P2R2A3_00309	54P2R2A3_00309	100.000	141	0	0	1	141	1	141	1.43e-101	286
54P2R2A3_00309	31P2R1A5_00564	95.035	141	7	0	1	141	1	141	6.55e-97	275
54P2R2A3_00320	54P2R2A3_00320	100.000	420	0	0	1	420	1	420	0.0	841
54P2R2A3_00320	31P2R1A5_00553	97.857	420	9	0	1	420	1	420	0.0	825
54P2R2A3_00323	54P2R2A3_00323	100.000	161	0	0	1	161	1	161	5.19e-104	294
54P2R2A3_00323	31P2R1A5_00550	97.516	161	4	0	1	161	1	161	2.34e-101	288
54P2R2A3_00324	54P2R2A3_00324	100.000	367	0	0	1	367	1	367	0.0	743
54P2R2A3_00324	31P2R1A5_00549	97.003	367	11	0	1	367	1	367	0.0	724
54P2R2A3_00325	54P2R2A3_00325	100.000	536	0	0	1	536	1	536	0.0	1087
54P2R2A3_00326	54P2R2A3_00326	100.000	411	0	0	1	411	1	411	0.0	819
54P2R2A3_00326	31P2R1A5_00547	97.567	411	10	0	1	411	1	411	0.0	800
54P2R2A3_00327	54P2R2A3_00327	100.000	305	0	0	1	305	1	305	0.0	605
54P2R2A3_00327	31P2R1A5_00546	95.082	305	15	0	1	305	1	305	0.0	555
54P2R2A3_00328	54P2R2A3_00328	100.000	367	0	0	1	367	1	367	0.0	757
54P2R2A3_00328	31P2R1A5_00545	96.730	367	12	0	1	367	1	367	0.0	733
54P2R2A3_00329	54P2R2A3_00329	100.000	193	0	0	1	193	1	193	2.01e-144	399
54P2R2A3_00329	31P2R1A5_00544	97.409	193	5	0	1	193	1	193	7.94e-142	392
54P2R2A3_00330	54P2R2A3_00330	100.000	179	0	0	1	179	1	179	4.70e-132	367
54P2R2A3_00330	44P3R3A6_00456	95.758	165	7	0	15	179	15	179	4.23e-115	324
54P2R2A3_00330	31P2R1A5_00542	96.319	163	6	0	15	177	15	177	4.67e-115	324
54P2R2A3_00331	54P2R2A3_00331	100.000	223	0	0	1	223	1	223	3.38e-167	459
54P2R2A3_00332	54P2R2A3_00332	100.000	752	0	0	1	752	1	752	0.0	1570
54P2R2A3_00334	54P2R2A3_00334	100.000	353	0	0	1	353	1	353	0.0	726
54P2R2A3_00334	31P2R1A5_00530	97.167	353	10	0	1	353	1	353	0.0	704
54P2R2A3_00335	54P2R2A3_00335	100.000	146	0	0	1	146	1	146	4.79e-106	298
54P2R2A3_00336	54P2R2A3_00336	100.000	89	0	0	1	89	1	89	7.09e-57	169
54P2R2A3_00336	31P2R1A5_00528	95.506	89	4	0	1	89	1	89	1.53e-53	161
54P2R2A3_00338	54P2R2A3_00338	100.000	227	0	0	1	227	1	227	1.34e-172	473
54P2R2A3_00338	31P2R1A5_00526	97.797	227	5	0	1	227	1	227	1.22e-169	466
54P2R2A3_00339	54P2R2A3_00339	100.000	152	0	0	1	152	1	152	1.58e-109	308
54P2R2A3_00340	54P2R2A3_00340	100.000	104	0	0	1	104	1	104	1.27e-68	200
54P2R2A3_00340	31P2R1A5_00524	97.115	104	3	0	1	104	1	104	1.11e-66	196
