54P2R2A3_00341	54P2R2A3_00341	100.000	369	0	0	1	369	1	369	0.0	723
54P2R2A3_00341	31P2R1A5_00523	97.832	369	8	0	1	369	1	369	0.0	710
54P2R2A3_00342	54P2R2A3_00342	100.000	207	0	0	1	207	1	207	9.98e-148	409
54P2R2A3_00342	44P3R3A6_00435	97.101	207	6	0	1	207	1	207	2.64e-143	397
54P2R2A3_00342	31P2R1A5_00522	95.169	207	10	0	1	207	1	207	9.94e-132	368
54P2R2A3_00343	54P2R2A3_00343	100.000	403	0	0	1	403	1	403	0.0	801
54P2R2A3_00343	31P2R1A5_00521	96.774	403	13	0	1	403	1	403	0.0	777
54P2R2A3_00345	54P2R2A3_00345	100.000	296	0	0	1	296	1	296	0.0	600
54P2R2A3_00345	31P2R1A5_00519	96.959	296	9	0	1	296	1	296	0.0	586
54P2R2A3_00346	54P2R2A3_00346	100.000	174	0	0	1	174	1	174	3.07e-131	364
54P2R2A3_00346	31P2R1A5_00518	99.419	172	1	0	2	173	1	172	9.00e-129	362
54P2R2A3_00347	54P2R2A3_00347	100.000	143	0	0	1	143	1	143	3.44e-104	293
54P2R2A3_00347	31P2R1A5_00517	97.902	143	3	0	1	143	1	143	1.07e-100	285
54P2R2A3_00357	54P2R2A3_00357	100.000	215	0	0	1	215	1	215	2.18e-160	441
54P2R2A3_00357	44P3R3A6_00412	97.209	215	6	0	1	215	1	215	1.05e-155	429
54P2R2A3_00357	31P2R1A5_00507	97.209	215	6	0	1	215	1	215	3.76e-155	428
54P2R2A3_00358	54P2R2A3_00358	100.000	291	0	0	1	291	1	291	0.0	598
54P2R2A3_00359	54P2R2A3_00359	100.000	150	0	0	1	150	1	150	1.57e-107	302
54P2R2A3_00360	54P2R2A3_00360	100.000	464	0	0	1	464	1	464	0.0	941
54P2R2A3_00360	42P1R1A12_02518	96.336	464	17	0	1	464	1	464	0.0	914
54P2R2A3_00361	54P2R2A3_00361	100.000	407	0	0	1	407	1	407	0.0	826
54P2R2A3_00362	54P2R2A3_00362	100.000	665	0	0	1	665	1	665	0.0	1345
54P2R2A3_00363	54P2R2A3_00363	100.000	417	0	0	1	417	1	417	0.0	860
54P2R2A3_00364	54P2R2A3_00364	100.000	173	0	0	1	173	1	173	1.81e-128	357
54P2R2A3_00365	54P2R2A3_00365	100.000	303	0	0	1	303	1	303	0.0	612
54P2R2A3_00366	54P2R2A3_00366	100.000	329	0	0	1	329	1	329	0.0	677
54P2R2A3_00367	54P2R2A3_00367	100.000	394	0	0	1	394	1	394	0.0	809
54P2R2A3_00368	54P2R2A3_00368	100.000	315	0	0	1	315	1	315	0.0	636
54P2R2A3_00369	54P2R2A3_00369	100.000	346	0	0	1	346	1	346	0.0	715
54P2R2A3_00372	54P2R2A3_00372	100.000	124	0	0	1	124	1	124	2.38e-89	254
54P2R2A3_00372	31P2R1A5_00498	95.968	124	5	0	1	124	1	124	1.36e-85	245
54P2R2A3_00374	54P2R2A3_00374	100.000	80	0	0	1	80	1	80	1.36e-55	166
54P2R2A3_00375	54P2R2A3_00375	100.000	310	0	0	1	310	1	310	0.0	635
54P2R2A3_00375	31P2R1A5_00494	96.721	305	10	0	6	310	1	305	0.0	603
54P2R2A3_00377	54P2R2A3_00377	100.000	502	0	0	1	502	1	502	0.0	1035
54P2R2A3_00378	54P2R2A3_00378	100.000	238	0	0	1	238	1	238	6.61e-177	485
54P2R2A3_00378	42P1R1A12_04485	98.319	238	4	0	1	238	13	250	1.90e-174	479
54P2R2A3_00378	51P2R2A10_02348	97.479	238	6	0	1	238	1	238	5.64e-173	475
54P2R2A3_00379	54P2R2A3_00379	100.000	267	0	0	1	267	1	267	0.0	536
54P2R2A3_00379	51P2R2A10_02347	95.506	267	12	0	1	267	1	267	0.0	515
54P2R2A3_00380	54P2R2A3_00380	100.000	230	0	0	1	230	1	230	1.94e-172	473
54P2R2A3_00381	54P2R2A3_00381	100.000	314	0	0	1	314	1	314	0.0	634
54P2R2A3_00382	54P2R2A3_00382	100.000	445	0	0	1	445	1	445	0.0	893
54P2R2A3_00382	42P1R1A12_04489	96.854	445	14	0	1	445	1	445	0.0	871
54P2R2A3_00383	54P2R2A3_00383	100.000	130	0	0	1	130	1	130	1.92e-92	263
54P2R2A3_00383	51P2R2A10_02343	96.923	130	4	0	1	130	1	130	1.70e-88	253
54P2R2A3_00383	42P1R1A12_04490	96.154	130	5	0	1	130	1	130	3.00e-88	252
54P2R2A3_00384	54P2R2A3_00384	100.000	519	0	0	1	519	1	519	0.0	1068
54P2R2A3_00384	42P1R1A12_04491	96.917	519	16	0	1	519	1	519	0.0	1033
54P2R2A3_00384	51P2R2A10_02342	96.146	519	20	0	1	519	1	519	0.0	1024
54P2R2A3_00385	54P2R2A3_00385	100.000	531	0	0	1	531	1	531	0.0	1090
54P2R2A3_00385	51P2R2A10_02341	96.604	530	18	0	1	530	1	530	0.0	1056
54P2R2A3_00386	54P2R2A3_00386	100.000	245	0	0	1	245	1	245	6.32e-180	493
54P2R2A3_00386	42P1R1A12_04493	97.143	245	7	0	1	245	1	245	5.58e-176	483
54P2R2A3_00387	54P2R2A3_00387	100.000	397	0	0	1	397	1	397	0.0	809
54P2R2A3_00387	42P1R1A12_04494	97.733	397	9	0	1	397	1	397	0.0	795
54P2R2A3_00388	54P2R2A3_00388	100.000	446	0	0	1	446	1	446	0.0	886
54P2R2A3_00388	42P1R1A12_04495	97.534	446	11	0	1	446	1	446	0.0	870
54P2R2A3_00388	51P2R2A10_02338	96.188	446	17	0	1	446	1	446	0.0	823
54P2R2A3_00389	54P2R2A3_00389	100.000	293	0	0	1	293	1	293	0.0	602
54P2R2A3_00389	51P2R2A10_02337	97.952	293	6	0	1	293	1	293	0.0	591
54P2R2A3_00389	42P1R1A12_04496	97.952	293	6	0	1	293	1	293	0.0	589
54P2R2A3_00390	54P2R2A3_00390	100.000	457	0	0	1	457	1	457	0.0	922
54P2R2A3_00390	42P1R1A12_04497	97.593	457	11	0	1	457	1	457	0.0	903
54P2R2A3_00390	51P2R2A10_02336	97.534	446	11	0	12	457	1	446	0.0	882
54P2R2A3_00391	54P2R2A3_00391	100.000	392	0	0	1	392	1	392	0.0	788
54P2R2A3_00392	54P2R2A3_00392	100.000	386	0	0	1	386	1	386	0.0	787
54P2R2A3_00393	54P2R2A3_00393	100.000	292	0	0	1	292	1	292	0.0	585
54P2R2A3_00394	54P2R2A3_00394	100.000	295	0	0	1	295	1	295	0.0	589
54P2R2A3_00395	54P2R2A3_00395	100.000	248	0	0	1	248	1	248	9.94e-169	465
54P2R2A3_00396	54P2R2A3_00396	100.000	233	0	0	1	233	1	233	1.13e-174	479
54P2R2A3_00396	31P2R1A5_00469	98.283	233	4	0	1	233	42	274	3.37e-172	474
54P2R2A3_00397	54P2R2A3_00397	100.000	511	0	0	1	511	1	511	0.0	1027
54P2R2A3_00398	54P2R2A3_00398	100.000	443	0	0	1	443	1	443	0.0	924
54P2R2A3_00398	31P2R1A5_00467	97.968	443	9	0	1	443	1	443	0.0	911
54P2R2A3_00399	54P2R2A3_00399	100.000	482	0	0	1	482	1	482	0.0	968
54P2R2A3_00399	31P2R1A5_00466	97.925	482	10	0	1	482	1	482	0.0	952
54P2R2A3_00400	54P2R2A3_00400	100.000	148	0	0	1	148	1	148	1.78e-106	300
54P2R2A3_00400	31P2R1A5_00465	97.973	148	3	0	1	148	1	148	1.41e-103	292
54P2R2A3_00401	54P2R2A3_00401	100.000	80	0	0	1	80	1	80	6.25e-53	159
54P2R2A3_00402	54P2R2A3_00402	100.000	47	0	0	1	47	1	47	1.36e-23	82.8
54P2R2A3_00403	54P2R2A3_00403	100.000	310	0	0	1	310	1	310	0.0	625
54P2R2A3_00404	54P2R2A3_00404	100.000	552	0	0	1	552	1	552	0.0	1140
54P2R2A3_00404	31P2R1A5_00461	98.358	548	9	0	1	548	1	548	0.0	1115
54P2R2A3_00408	54P2R2A3_00408	100.000	96	0	0	1	96	1	96	2.92e-67	196
54P2R2A3_00410	54P2R2A3_00410	100.000	232	0	0	1	232	1	232	5.94e-174	477
54P2R2A3_00410	31P2R1A5_00451	95.259	232	11	0	1	232	1	232	5.82e-166	457
54P2R2A3_00411	54P2R2A3_00411	100.000	834	0	0	1	834	1	834	0.0	1706
54P2R2A3_00412	54P2R2A3_00412	100.000	335	0	0	1	335	1	335	0.0	676
54P2R2A3_00413	54P2R2A3_00413	100.000	431	0	0	1	431	1	431	0.0	885
54P2R2A3_00413	31P2R1A5_00448	97.912	431	9	0	1	431	1	431	0.0	871
54P2R2A3_00414	54P2R2A3_00414	100.000	441	0	0	1	441	1	441	0.0	905
54P2R2A3_00414	31P2R1A5_00447	95.692	441	19	0	1	441	1	441	0.0	872
54P2R2A3_00416	54P2R2A3_00416	100.000	109	0	0	1	109	1	109	4.70e-76	219
54P2R2A3_00417	54P2R2A3_00417	100.000	167	0	0	1	167	1	167	3.14e-118	331
54P2R2A3_00417	31P2R1A5_00444	95.210	167	8	0	1	167	1	167	2.52e-112	316
54P2R2A3_00422	54P2R2A3_00422	100.000	325	0	0	1	325	1	325	0.0	660
54P2R2A3_00422	31P2R1A5_00439	97.231	325	9	0	1	325	1	325	0.0	644
54P2R2A3_00424	54P2R2A3_00424	100.000	315	0	0	1	315	1	315	0.0	642
54P2R2A3_00424	31P2R1A5_00437	97.778	315	7	0	1	315	1	315	0.0	627
54P2R2A3_00425	54P2R2A3_00425	100.000	252	0	0	1	252	1	252	0.0	504
54P2R2A3_00427	54P2R2A3_00427	100.000	88	0	0	1	88	1	88	5.88e-62	182
54P2R2A3_00427	31P2R1A5_00434	97.727	88	2	0	1	88	1	88	3.65e-60	177
54P2R2A3_00432	54P2R2A3_00432	100.000	353	0	0	1	353	1	353	0.0	708
54P2R2A3_00432	31P2R1A5_00429	96.034	353	14	0	1	353	1	353	0.0	664
54P2R2A3_00433	54P2R2A3_00433	100.000	282	0	0	1	282	1	282	0.0	566
54P2R2A3_00433	31P2R1A5_00428	97.872	282	6	0	1	282	1	282	0.0	553
54P2R2A3_00434	54P2R2A3_00434	100.000	390	0	0	1	390	1	390	0.0	749
54P2R2A3_00434	31P2R1A5_00427	97.150	386	11	0	5	390	1	386	0.0	722
54P2R2A3_00435	54P2R2A3_00435	100.000	141	0	0	1	141	1	141	8.94e-105	295
54P2R2A3_00436	54P2R2A3_00436	100.000	396	0	0	1	396	1	396	0.0	771
54P2R2A3_00436	31P2R1A5_00424	95.929	393	16	0	1	393	1	393	0.0	728
54P2R2A3_00438	54P2R2A3_00438	100.000	254	0	0	1	254	1	254	0.0	515
54P2R2A3_00439	54P2R2A3_00439	100.000	107	0	0	1	107	1	107	7.78e-75	216
54P2R2A3_00440	54P2R2A3_00440	100.000	127	0	0	1	127	1	127	8.58e-92	261
54P2R2A3_00441	54P2R2A3_00441	100.000	33	0	0	1	33	1	33	8.39e-17	64.7
54P2R2A3_00442	54P2R2A3_00442	100.000	149	0	0	1	149	1	149	2.03e-110	310
54P2R2A3_00443	54P2R2A3_00443	100.000	484	0	0	1	484	1	484	0.0	991
54P2R2A3_00443	31P2R1A5_00417	95.248	484	23	0	1	484	1	484	0.0	946
54P2R2A3_00444	54P2R2A3_00444	100.000	177	0	0	1	177	1	177	3.78e-131	364
54P2R2A3_00445	54P2R2A3_00445	100.000	475	0	0	1	475	1	475	0.0	954
54P2R2A3_00445	31P2R1A5_00415	97.053	475	14	0	1	475	1	475	0.0	934
54P2R2A3_00446	54P2R2A3_00446	100.000	123	0	0	1	123	1	123	9.19e-90	255
54P2R2A3_00448	54P2R2A3_00448	100.000	463	0	0	1	463	1	463	0.0	943
54P2R2A3_00450	54P2R2A3_00450	100.000	161	0	0	1	161	1	161	6.10e-118	330
54P2R2A3_00450	31P2R1A5_00410	96.894	161	5	0	1	161	1	161	7.73e-115	322
54P2R2A3_00451	54P2R2A3_00451	100.000	315	0	0	1	315	1	315	0.0	642
54P2R2A3_00451	31P2R1A5_00409	97.778	315	7	0	1	315	1	315	0.0	630
54P2R2A3_00453	54P2R2A3_00453	100.000	329	0	0	1	329	1	329	0.0	667
54P2R2A3_00453	31P2R1A5_00407	97.568	329	8	0	1	329	1	329	0.0	655
54P2R2A3_00454	54P2R2A3_00454	100.000	412	0	0	1	412	1	412	0.0	834
54P2R2A3_00455	54P2R2A3_00455	100.000	383	0	0	1	383	1	383	0.0	761
54P2R2A3_00456	54P2R2A3_00456	100.000	295	0	0	1	295	1	295	0.0	602
54P2R2A3_00456	31P2R1A5_00404	97.966	295	6	0	1	295	1	295	0.0	591
54P2R2A3_00461	54P2R2A3_00461	100.000	264	0	0	1	264	1	264	0.0	547
54P2R2A3_00462	54P2R2A3_00462	100.000	400	0	0	1	400	1	400	0.0	781
54P2R2A3_00462	31P2R1A5_00398	97.000	400	12	0	1	400	1	400	0.0	757
54P2R2A3_00466	54P2R2A3_00466	100.000	73	0	0	1	73	1	73	4.84e-50	151
54P2R2A3_00466	31P2R1A5_00394	95.890	73	3	0	1	73	1	73	9.57e-41	127
54P2R2A3_00467	54P2R2A3_00467	100.000	300	0	0	1	300	1	300	0.0	572
54P2R2A3_00467	31P2R1A5_00393	98.000	300	6	0	1	300	1	300	0.0	561
54P2R2A3_00468	54P2R2A3_00468	100.000	399	0	0	1	399	1	399	0.0	787
54P2R2A3_00468	31P2R1A5_00392	95.489	399	17	1	1	399	1	398	0.0	735
54P2R2A3_00477	54P2R2A3_00477	100.000	366	0	0	1	366	1	366	0.0	744
54P2R2A3_00477	31P2R1A5_00383	96.721	366	12	0	1	366	1	366	0.0	719
54P2R2A3_00479	54P2R2A3_00479	100.000	147	0	0	1	147	1	147	1.92e-106	299
54P2R2A3_00479	31P2R1A5_00381	97.959	147	3	0	1	147	1	147	2.28e-104	294
54P2R2A3_00481	54P2R2A3_00481	100.000	1036	0	0	1	1036	1	1036	0.0	2132
54P2R2A3_00481	31P2R1A5_00379	97.104	1036	30	0	1	1036	1	1036	0.0	2081
54P2R2A3_00482	54P2R2A3_00482	100.000	422	0	0	1	422	1	422	0.0	840
54P2R2A3_00482	31P2R1A5_00378	97.393	422	11	0	1	422	1	422	0.0	822
54P2R2A3_00484	54P2R2A3_00484	100.000	87	0	0	1	87	1	87	5.21e-60	177
54P2R2A3_00484	31P2R1A5_00376	96.552	87	3	0	1	87	1	87	6.68e-58	172
54P2R2A3_00485	54P2R2A3_00485	100.000	287	0	0	1	287	1	287	0.0	581
54P2R2A3_00488	54P2R2A3_00488	100.000	422	0	0	1	422	1	422	0.0	857
54P2R2A3_00488	31P2R1A5_00372	97.867	422	9	0	1	422	1	422	0.0	842
54P2R2A3_00490	54P2R2A3_00490	100.000	261	0	0	1	261	1	261	0.0	538
54P2R2A3_00492	54P2R2A3_00492	100.000	314	0	0	1	314	1	314	0.0	641
54P2R2A3_00493	54P2R2A3_00493	100.000	204	0	0	1	204	1	204	5.89e-155	427
54P2R2A3_00494	54P2R2A3_00494	100.000	406	0	0	1	406	1	406	0.0	829
54P2R2A3_00495	54P2R2A3_00495	100.000	171	0	0	1	171	1	171	2.38e-123	344
54P2R2A3_00496	54P2R2A3_00496	100.000	158	0	0	1	158	1	158	2.64e-115	323
54P2R2A3_00497	54P2R2A3_00497	100.000	35	0	0	1	35	1	35	2.36e-18	68.6
54P2R2A3_00498	54P2R2A3_00498	100.000	193	0	0	1	193	1	193	3.75e-144	398
54P2R2A3_00499	54P2R2A3_00499	100.000	41	0	0	1	41	1	41	4.59e-21	75.9
54P2R2A3_00500	54P2R2A3_00500	100.000	225	0	0	1	225	1	225	1.47e-167	460
54P2R2A3_00501	54P2R2A3_00501	100.000	281	0	0	1	281	1	281	0.0	574
54P2R2A3_00502	54P2R2A3_00502	100.000	129	0	0	1	129	1	129	2.24e-92	262
54P2R2A3_00503	54P2R2A3_00503	100.000	682	0	0	1	682	1	682	0.0	1389
54P2R2A3_00504	54P2R2A3_00504	100.000	250	0	0	1	250	1	250	0.0	510
54P2R2A3_00504	31P2R1A5_00344	98.000	250	5	0	1	250	1	250	0.0	502
54P2R2A3_00505	54P2R2A3_00505	100.000	229	0	0	1	229	1	229	3.16e-170	467
54P2R2A3_00505	31P2R1A5_00343	95.633	229	10	0	1	229	1	229	1.10e-164	453
54P2R2A3_00506	54P2R2A3_00506	100.000	144	0	0	1	144	1	144	4.16e-102	288
54P2R2A3_00506	31P2R1A5_00342	96.528	144	5	0	1	144	1	144	2.31e-99	281
54P2R2A3_00507	54P2R2A3_00507	100.000	488	0	0	1	488	1	488	0.0	1002
54P2R2A3_00509	54P2R2A3_00509	100.000	109	0	0	1	109	1	109	1.47e-71	208
54P2R2A3_00509	31P2R1A5_00339	96.330	109	4	0	1	109	1	109	1.18e-69	203
54P2R2A3_00510	54P2R2A3_00510	100.000	114	0	0	1	114	1	114	5.04e-81	233
54P2R2A3_00510	31P2R1A5_00338	97.368	114	3	0	1	114	1	114	2.25e-79	228
54P2R2A3_00512	54P2R2A3_00512	100.000	237	0	0	1	237	1	237	6.03e-179	490
54P2R2A3_00512	31P2R1A5_00336	95.781	237	10	0	1	237	1	237	9.77e-173	474
54P2R2A3_00513	54P2R2A3_00513	100.000	90	0	0	1	90	1	90	1.80e-62	184
54P2R2A3_00513	31P2R1A5_00335	97.778	90	2	0	1	90	1	90	8.49e-61	179
54P2R2A3_00514	54P2R2A3_00514	100.000	812	0	0	1	812	1	812	0.0	1687
54P2R2A3_00514	31P2R1A5_00334	97.167	812	23	0	1	812	1	812	0.0	1645
54P2R2A3_00520	54P2R2A3_00520	100.000	490	0	0	1	490	1	490	0.0	971
54P2R2A3_00520	31P2R1A5_05075	97.959	490	10	0	1	490	132	621	0.0	961
54P2R2A3_00521	54P2R2A3_00521	100.000	125	0	0	1	125	1	125	2.07e-88	252
54P2R2A3_00521	31P2R1A5_05075	98.387	124	2	0	1	124	1	124	9.47e-81	248
54P2R2A3_00523	54P2R2A3_00523	100.000	455	0	0	1	455	1	455	0.0	941
54P2R2A3_00523	31P2R1A5_05077	97.582	455	11	0	1	455	1	455	0.0	921
54P2R2A3_00525	54P2R2A3_00525	100.000	133	0	0	1	133	1	133	1.03e-91	261
54P2R2A3_00525	31P2R1A5_05079	96.970	132	4	0	1	132	1	132	1.31e-88	253
54P2R2A3_00527	54P2R2A3_00527	100.000	295	0	0	1	295	1	295	0.0	600
54P2R2A3_00527	31P2R1A5_05081	97.966	295	6	0	1	295	1	295	0.0	587
54P2R2A3_00528	54P2R2A3_00528	100.000	239	0	0	1	239	1	239	1.23e-178	489
54P2R2A3_00528	31P2R1A5_05082	99.156	237	2	0	1	237	1	237	3.10e-176	483
54P2R2A3_00535	54P2R2A3_00535	100.000	278	0	0	1	278	1	278	0.0	578
54P2R2A3_00535	31P2R1A5_05091	95.324	278	13	0	1	278	1	278	0.0	558
54P2R2A3_00541	54P2R2A3_00541	100.000	565	0	0	1	565	1	565	0.0	1108
54P2R2A3_00541	31P2R1A5_05097	96.637	565	19	0	1	565	1	565	0.0	1071
54P2R2A3_00544	54P2R2A3_00544	100.000	394	0	0	1	394	1	394	0.0	788
54P2R2A3_00544	31P2R1A5_05100	96.447	394	14	0	1	394	1	394	0.0	764
54P2R2A3_00545	54P2R2A3_00545	100.000	260	0	0	1	260	1	260	0.0	534
54P2R2A3_00547	54P2R2A3_00547	100.000	444	0	0	1	444	1	444	0.0	930
54P2R2A3_00547	31P2R1A5_05203	98.992	397	4	0	48	444	1	397	0.0	820
54P2R2A3_00548	54P2R2A3_00548	100.000	489	0	0	1	489	1	489	0.0	1002
54P2R2A3_00548	31P2R1A5_05202	96.728	489	16	0	1	489	1	489	0.0	972
54P2R2A3_00549	54P2R2A3_00549	100.000	326	0	0	1	326	1	326	0.0	655
54P2R2A3_00550	54P2R2A3_00550	100.000	236	0	0	1	236	1	236	1.34e-171	471
54P2R2A3_00552	54P2R2A3_00552	100.000	521	0	0	1	521	1	521	0.0	1071
54P2R2A3_00553	54P2R2A3_00553	100.000	602	0	0	1	602	1	602	0.0	1230
54P2R2A3_00553	31P2R1A5_05197	97.841	602	13	0	1	602	1	602	0.0	1211
54P2R2A3_00556	54P2R2A3_00556	100.000	530	0	0	1	530	1	530	0.0	1062
54P2R2A3_00556	31P2R1A5_05194	96.981	530	16	0	1	530	1	530	0.0	1027
54P2R2A3_00556	44P3R3A6_01855	97.044	406	12	0	125	530	1	406	0.0	785
54P2R2A3_00556	44P3R3A6_01854	97.391	115	3	0	1	115	1	115	2.73e-73	228
54P2R2A3_00559	54P2R2A3_00559	100.000	240	0	0	1	240	1	240	0.0	495
54P2R2A3_00559	31P2R1A5_05191	97.083	240	7	0	1	240	1	240	1.04e-175	482
54P2R2A3_00560	54P2R2A3_00560	100.000	586	0	0	1	586	1	586	0.0	1214
54P2R2A3_00560	31P2R1A5_05190	97.782	586	13	0	1	586	1	586	0.0	1192
54P2R2A3_00560	42P1R1A12_03429	95.222	586	28	0	1	586	1	586	0.0	1164
54P2R2A3_00561	54P2R2A3_00561	100.000	95	0	0	1	95	1	95	4.62e-66	193
54P2R2A3_00562	54P2R2A3_00562	100.000	296	0	0	1	296	1	296	0.0	601
54P2R2A3_00563	54P2R2A3_00563	100.000	429	0	0	1	429	1	429	0.0	883
54P2R2A3_00564	54P2R2A3_00564	100.000	199	0	0	1	199	1	199	1.41e-146	405
54P2R2A3_00564	31P2R1A5_05186	97.990	199	4	0	1	199	1	199	6.63e-144	398
54P2R2A3_00565	54P2R2A3_00565	100.000	254	0	0	1	254	1	254	0.0	501
54P2R2A3_00565	31P2R1A5_05185	96.850	254	8	0	1	254	1	254	1.02e-178	491
54P2R2A3_00570	54P2R2A3_00570	100.000	370	0	0	1	370	1	370	0.0	733
54P2R2A3_00570	31P2R1A5_03034	97.297	370	10	0	1	370	1	370	0.0	719
54P2R2A3_00571	54P2R2A3_00571	100.000	164	0	0	1	164	1	164	1.19e-121	339
54P2R2A3_00571	31P2R1A5_03033	96.341	164	6	0	1	164	1	164	2.56e-117	328
54P2R2A3_00573	54P2R2A3_00573	100.000	413	0	0	1	413	1	413	0.0	803
54P2R2A3_00573	31P2R1A5_03031	96.126	413	16	0	1	413	1	413	0.0	772
54P2R2A3_00576	54P2R2A3_00576	100.000	218	0	0	1	218	1	218	2.80e-162	446
54P2R2A3_00576	31P2R1A5_03028	95.413	218	10	0	1	218	1	218	2.07e-148	411
54P2R2A3_00577	54P2R2A3_00577	100.000	355	0	0	1	355	1	355	0.0	715
54P2R2A3_00578	54P2R2A3_00578	100.000	351	0	0	1	351	1	351	0.0	720
54P2R2A3_00578	31P2R1A5_03026	97.721	351	8	0	1	351	1	351	0.0	706
54P2R2A3_00579	54P2R2A3_00579	100.000	368	0	0	1	368	1	368	0.0	731
54P2R2A3_00579	31P2R1A5_03025	95.380	368	13	2	1	368	1	364	0.0	686
54P2R2A3_00580	54P2R2A3_00580	100.000	886	0	0	1	886	1	886	0.0	1819
54P2R2A3_00580	31P2R1A5_03024	97.291	886	24	0	1	886	1	886	0.0	1778
54P2R2A3_00582	54P2R2A3_00582	100.000	947	0	0	1	947	1	947	0.0	1962
54P2R2A3_00582	31P2R1A5_03022	97.360	947	25	0	1	947	1	947	0.0	1917
54P2R2A3_00588	54P2R2A3_00588	100.000	357	0	0	1	357	1	357	0.0	746
54P2R2A3_00588	44P3R3A6_01895	97.199	357	10	0	1	357	1	357	0.0	729
54P2R2A3_00590	54P2R2A3_00590	100.000	541	0	0	1	541	1	541	0.0	1100
54P2R2A3_00590	31P2R1A5_03014	97.782	541	12	0	1	541	1	541	0.0	1083
54P2R2A3_00591	54P2R2A3_00591	100.000	420	0	0	1	420	1	420	0.0	839
54P2R2A3_00592	54P2R2A3_00592	100.000	393	0	0	1	393	1	393	0.0	816
54P2R2A3_00592	31P2R1A5_03012	96.692	393	13	0	1	393	1	393	0.0	791
54P2R2A3_00593	54P2R2A3_00593	100.000	268	0	0	1	268	1	268	0.0	545
54P2R2A3_00593	31P2R1A5_03011	97.761	268	6	0	1	268	1	268	0.0	534
54P2R2A3_00597	54P2R2A3_00597	100.000	399	0	0	1	399	1	399	0.0	806
54P2R2A3_00597	31P2R1A5_03007	97.995	399	8	0	1	399	1	399	0.0	792
54P2R2A3_00599	54P2R2A3_00599	100.000	318	0	0	1	318	1	318	0.0	645
54P2R2A3_00599	31P2R1A5_03004	95.312	128	6	0	1	128	1	128	8.27e-85	251
54P2R2A3_00600	54P2R2A3_00600	100.000	141	0	0	1	141	1	141	3.12e-104	293
54P2R2A3_00601	54P2R2A3_00601	100.000	459	0	0	1	459	1	459	0.0	918
54P2R2A3_00602	54P2R2A3_00602	100.000	322	0	0	1	322	1	322	0.0	639
54P2R2A3_00602	31P2R1A5_03001	95.031	322	16	0	1	322	1	322	0.0	610
54P2R2A3_00604	54P2R2A3_00604	100.000	253	0	0	1	253	1	253	0.0	513
54P2R2A3_00606	54P2R2A3_00606	100.000	430	0	0	1	430	1	430	0.0	870
54P2R2A3_00606	31P2R1A5_02997	97.442	430	11	0	1	430	1	430	0.0	849
54P2R2A3_00607	54P2R2A3_00607	100.000	154	0	0	1	154	1	154	1.38e-113	318
54P2R2A3_00607	44P3R3A6_01914	96.078	153	6	0	2	154	1	153	6.32e-109	306
54P2R2A3_00607	31P2R1A5_02996	96.026	151	6	0	2	152	1	151	1.38e-107	303
54P2R2A3_00622	54P2R2A3_00622	100.000	309	0	0	1	309	1	309	0.0	630
54P2R2A3_00626	54P2R2A3_00626	100.000	220	0	0	1	220	1	220	1.06e-160	442
54P2R2A3_00631	54P2R2A3_00631	100.000	184	0	0	1	184	1	184	5.52e-138	382
54P2R2A3_00632	54P2R2A3_00632	100.000	184	0	0	1	184	1	184	2.60e-135	375
54P2R2A3_00632	31P2R1A5_02971	97.283	184	5	0	1	184	1	184	4.53e-132	367
54P2R2A3_00633	54P2R2A3_00633	100.000	213	0	0	1	213	1	213	3.71e-157	433
54P2R2A3_00634	54P2R2A3_00634	100.000	210	0	0	1	210	1	210	4.76e-158	435
54P2R2A3_00636	54P2R2A3_00636	100.000	298	0	0	1	298	1	298	0.0	605
54P2R2A3_00636	31P2R1A5_02967	97.987	298	6	0	1	298	1	298	0.0	595
54P2R2A3_00637	54P2R2A3_00637	100.000	176	0	0	1	176	1	176	1.37e-130	363
54P2R2A3_00643	54P2R2A3_00643	100.000	190	0	0	1	190	1	190	1.34e-138	384
54P2R2A3_00643	31P2R1A5_02960	96.825	189	6	0	1	189	1	189	4.52e-134	373
54P2R2A3_00647	54P2R2A3_00647	100.000	423	0	0	1	423	1	423	0.0	853
54P2R2A3_00647	31P2R1A5_02956	96.927	423	13	0	1	423	1	423	0.0	823
54P2R2A3_00652	54P2R2A3_00652	100.000	379	0	0	1	379	1	379	0.0	767
54P2R2A3_00652	31P2R1A5_02951	96.570	379	13	0	1	379	1	379	0.0	746
54P2R2A3_00653	54P2R2A3_00653	100.000	326	0	0	1	326	1	326	0.0	646
54P2R2A3_00653	31P2R1A5_02950	95.146	309	15	0	1	309	1	309	0.0	592
54P2R2A3_00656	54P2R2A3_00656	100.000	663	0	0	1	663	1	663	0.0	1363
54P2R2A3_00656	31P2R1A5_02942	96.078	663	26	0	1	663	1	663	0.0	1264
54P2R2A3_00657	54P2R2A3_00657	100.000	94	0	0	1	94	1	94	1.07e-64	189
54P2R2A3_00657	31P2R1A5_02941	96.809	94	3	0	1	94	1	94	9.77e-63	185
54P2R2A3_00658	54P2R2A3_00658	100.000	183	0	0	1	183	1	183	1.37e-137	381
54P2R2A3_00658	31P2R1A5_02940	96.721	183	6	0	1	183	1	183	2.70e-134	373
54P2R2A3_00663	54P2R2A3_00663	100.000	184	0	0	1	184	1	184	3.23e-137	380
54P2R2A3_00663	31P2R1A5_02935	97.826	184	4	0	1	184	1	184	3.82e-135	375
54P2R2A3_00663	42P1R1A12_02484	95.652	184	8	0	1	184	1	184	2.96e-131	365
54P2R2A3_00665	54P2R2A3_00665	100.000	715	0	0	1	715	1	715	0.0	1447
54P2R2A3_00665	31P2R1A5_02933	95.664	715	31	0	1	715	1	715	0.0	1360
54P2R2A3_00667	54P2R2A3_00667	100.000	95	0	0	1	95	1	95	5.94e-66	193
54P2R2A3_00667	31P2R1A5_02931	96.842	95	3	0	1	95	1	95	9.36e-65	190
54P2R2A3_00670	54P2R2A3_00670	100.000	310	0	0	1	310	1	310	0.0	629
54P2R2A3_00670	31P2R1A5_02928	95.806	310	13	0	1	310	1	310	0.0	603
54P2R2A3_00672	54P2R2A3_00672	100.000	161	0	0	1	161	1	161	2.45e-119	333
54P2R2A3_00672	31P2R1A5_02926	96.894	161	5	0	1	161	1	161	9.29e-116	324
54P2R2A3_00673	54P2R2A3_00673	100.000	294	0	0	1	294	1	294	0.0	608
54P2R2A3_00674	54P2R2A3_00674	100.000	303	0	0	1	303	1	303	0.0	605
54P2R2A3_00675	54P2R2A3_00675	100.000	153	0	0	1	153	1	153	1.95e-112	315
54P2R2A3_00676	54P2R2A3_00676	100.000	399	0	0	1	399	1	399	0.0	761
54P2R2A3_00679	54P2R2A3_00679	100.000	246	0	0	1	246	1	246	0.0	510
54P2R2A3_00679	31P2R1A5_02919	97.967	246	5	0	1	246	1	246	0.0	502
54P2R2A3_00681	54P2R2A3_00681	100.000	412	0	0	1	412	1	412	0.0	784
54P2R2A3_00681	31P2R1A5_02917	95.874	412	17	0	1	412	1	412	0.0	667
54P2R2A3_00682	54P2R2A3_00682	100.000	554	0	0	1	554	1	554	0.0	1132
54P2R2A3_00682	31P2R1A5_02916	96.751	554	18	0	1	554	1	554	0.0	1092
54P2R2A3_00683	54P2R2A3_00683	100.000	331	0	0	1	331	1	331	0.0	685
54P2R2A3_00684	54P2R2A3_00684	100.000	120	0	0	1	120	1	120	7.96e-81	233
54P2R2A3_00685	54P2R2A3_00685	100.000	414	0	0	1	414	1	414	0.0	816
54P2R2A3_00685	31P2R1A5_02913	98.058	412	8	0	1	412	1	412	0.0	798
54P2R2A3_00687	54P2R2A3_00687	100.000	724	0	0	1	724	1	724	0.0	1481
54P2R2A3_00691	54P2R2A3_00691	100.000	131	0	0	1	131	1	131	2.59e-93	265
54P2R2A3_00701	54P2R2A3_00701	100.000	354	0	0	1	354	1	354	0.0	702
54P2R2A3_00701	31P2R1A5_02897	95.493	355	11	2	1	354	1	351	0.0	663
54P2R2A3_00701	51P2R2A10_03698	95.425	153	6	1	202	354	181	332	1.52e-100	300
54P2R2A3_00707	54P2R2A3_00707	100.000	80	0	0	1	80	1	80	9.55e-54	161
54P2R2A3_00708	54P2R2A3_00708	100.000	289	0	0	1	289	1	289	0.0	583
54P2R2A3_00708	31P2R1A5_02890	95.819	287	12	0	1	287	1	287	0.0	540
54P2R2A3_00709	54P2R2A3_00709	100.000	433	0	0	1	433	1	433	0.0	865
54P2R2A3_00709	31P2R1A5_02889	95.150	433	21	0	1	433	1	433	0.0	808
54P2R2A3_00710	54P2R2A3_00710	100.000	132	0	0	1	132	1	132	3.31e-96	272
54P2R2A3_00710	31P2R1A5_02888	97.727	132	3	0	1	132	1	132	1.31e-93	266
54P2R2A3_00717	54P2R2A3_00717	100.000	192	0	0	1	192	1	192	2.10e-144	399
54P2R2A3_00717	31P2R1A5_02881	97.396	192	5	0	1	192	1	192	6.90e-141	390
54P2R2A3_00718	54P2R2A3_00718	100.000	150	0	0	1	150	1	150	4.58e-104	293
54P2R2A3_00718	31P2R1A5_02880	96.667	150	5	0	1	150	1	150	2.44e-100	284
54P2R2A3_00722	54P2R2A3_00722	100.000	351	0	0	1	351	1	351	0.0	725
54P2R2A3_00722	31P2R1A5_02876	97.436	351	9	0	1	351	1	351	0.0	714
54P2R2A3_00723	54P2R2A3_00723	100.000	162	0	0	1	162	1	162	8.17e-114	319
54P2R2A3_00723	31P2R1A5_02875	96.296	162	6	0	1	162	1	162	9.18e-110	309
54P2R2A3_00724	54P2R2A3_00724	100.000	220	0	0	1	220	1	220	1.06e-160	442
54P2R2A3_00724	31P2R1A5_02874	97.727	220	5	0	1	220	1	220	5.75e-157	433
54P2R2A3_00724	42P1R1A12_01754	96.364	220	8	0	1	220	1	220	2.01e-155	429
54P2R2A3_00725	54P2R2A3_00725	100.000	300	0	0	1	300	1	300	0.0	610
54P2R2A3_00725	31P2R1A5_02873	95.681	301	12	1	1	300	1	301	0.0	585
54P2R2A3_00727	54P2R2A3_00727	100.000	468	0	0	1	468	1	468	0.0	933
54P2R2A3_00727	31P2R1A5_02871	96.581	468	16	0	1	468	1	468	0.0	902
54P2R2A3_00729	54P2R2A3_00729	100.000	396	0	0	1	396	1	396	0.0	799
54P2R2A3_00730	54P2R2A3_00730	100.000	280	0	0	1	280	1	280	0.0	572
54P2R2A3_00730	31P2R1A5_02868	95.357	280	13	0	1	280	1	280	0.0	541
54P2R2A3_00732	54P2R2A3_00732	100.000	96	0	0	1	96	1	96	3.14e-65	191
54P2R2A3_00732	31P2R1A5_02866	97.917	96	2	0	1	96	1	96	6.37e-64	188
54P2R2A3_00734	54P2R2A3_00734	100.000	339	0	0	1	339	1	339	0.0	676
54P2R2A3_00734	31P2R1A5_02864	97.640	339	8	0	1	339	1	339	0.0	661
54P2R2A3_00735	54P2R2A3_00735	100.000	269	0	0	1	269	1	269	0.0	544
54P2R2A3_00735	31P2R1A5_02863	95.556	270	11	1	1	269	1	270	0.0	521
54P2R2A3_00742	54P2R2A3_00742	100.000	349	0	0	1	349	1	349	0.0	718
54P2R2A3_00742	31P2R1A5_02856	97.421	349	9	0	1	349	1	349	0.0	701
54P2R2A3_00744	54P2R2A3_00744	100.000	661	0	0	1	661	1	661	0.0	1362
54P2R2A3_00744	31P2R1A5_02854	96.974	661	20	0	1	661	1	661	0.0	1322
54P2R2A3_00746	54P2R2A3_00746	100.000	118	0	0	1	118	1	118	5.93e-86	245
54P2R2A3_00746	31P2R1A5_02852	97.458	118	3	0	1	118	1	118	5.46e-84	240
54P2R2A3_00749	54P2R2A3_00749	100.000	232	0	0	1	232	1	232	1.27e-172	474
54P2R2A3_00749	31P2R1A5_02849	97.845	232	5	0	1	232	1	232	1.87e-169	466
54P2R2A3_00750	54P2R2A3_00750	100.000	668	0	0	1	668	1	668	0.0	1323
54P2R2A3_00751	54P2R2A3_00751	100.000	292	0	0	1	292	1	292	0.0	603
54P2R2A3_00759	54P2R2A3_00759	100.000	120	0	0	1	120	1	120	2.76e-83	239
54P2R2A3_00760	54P2R2A3_00760	100.000	304	0	0	1	304	1	304	0.0	611
54P2R2A3_00760	31P2R1A5_02838	95.395	304	14	0	1	304	1	304	0.0	563
54P2R2A3_00765	54P2R2A3_00765	100.000	298	0	0	1	298	1	298	0.0	612
54P2R2A3_00767	54P2R2A3_00767	100.000	214	0	0	1	214	1	214	3.13e-159	438
54P2R2A3_00767	31P2R1A5_02831	97.196	214	6	0	1	214	1	214	8.55e-156	429
54P2R2A3_00770	54P2R2A3_00770	100.000	743	0	0	1	743	1	743	0.0	1521
54P2R2A3_00770	31P2R1A5_02828	95.020	743	37	0	1	743	1	743	0.0	1412
54P2R2A3_00772	54P2R2A3_00772	100.000	296	0	0	1	296	1	296	0.0	590
54P2R2A3_00773	54P2R2A3_00773	100.000	411	0	0	1	411	1	411	0.0	810
54P2R2A3_00774	54P2R2A3_00774	100.000	356	0	0	1	356	1	356	0.0	744
54P2R2A3_00775	54P2R2A3_00775	100.000	623	0	0	1	623	1	623	0.0	1304
54P2R2A3_00780	54P2R2A3_00780	100.000	360	0	0	1	360	1	360	0.0	716
54P2R2A3_00781	54P2R2A3_00781	100.000	158	0	0	1	158	1	158	1.41e-117	328
54P2R2A3_00782	54P2R2A3_00782	100.000	127	0	0	1	127	1	127	1.25e-89	255
54P2R2A3_00783	54P2R2A3_00783	100.000	120	0	0	1	120	1	120	7.81e-84	240
54P2R2A3_00784	54P2R2A3_00784	100.000	64	0	0	1	64	1	64	1.46e-42	131
54P2R2A3_00785	54P2R2A3_00785	100.000	146	0	0	1	146	1	146	1.66e-108	305
54P2R2A3_00786	54P2R2A3_00786	100.000	153	0	0	1	153	1	153	1.39e-114	320
54P2R2A3_00787	54P2R2A3_00787	100.000	244	0	0	1	244	1	244	0.0	496
54P2R2A3_00788	54P2R2A3_00788	100.000	86	0	0	1	86	1	86	5.97e-60	177
54P2R2A3_00789	54P2R2A3_00789	100.000	355	0	0	1	355	1	355	0.0	735
54P2R2A3_00790	54P2R2A3_00790	100.000	102	0	0	1	102	1	102	8.69e-73	211
54P2R2A3_00791	54P2R2A3_00791	100.000	197	0	0	1	197	1	197	2.05e-143	397
54P2R2A3_00792	54P2R2A3_00792	100.000	667	0	0	1	667	1	667	0.0	1346
54P2R2A3_00793	54P2R2A3_00793	100.000	62	0	0	1	62	1	62	1.93e-39	123
54P2R2A3_00794	54P2R2A3_00794	100.000	90	0	0	1	90	1	90	3.66e-60	178
54P2R2A3_00795	54P2R2A3_00795	100.000	222	0	0	1	222	1	222	2.31e-166	457
54P2R2A3_00796	54P2R2A3_00796	100.000	897	0	0	1	897	1	897	0.0	1850
54P2R2A3_00797	54P2R2A3_00797	100.000	191	0	0	1	191	1	191	2.71e-142	394
54P2R2A3_00798	54P2R2A3_00798	100.000	74	0	0	1	74	1	74	3.76e-51	154
54P2R2A3_00799	54P2R2A3_00799	100.000	74	0	0	1	74	1	74	1.34e-48	147
54P2R2A3_00800	54P2R2A3_00800	100.000	88	0	0	1	88	1	88	9.67e-61	179
54P2R2A3_00801	54P2R2A3_00801	100.000	60	0	0	1	60	1	60	3.87e-39	122
54P2R2A3_00802	54P2R2A3_00802	100.000	73	0	0	1	73	1	73	8.48e-47	143
54P2R2A3_00803	54P2R2A3_00803	100.000	60	0	0	1	60	1	60	1.44e-36	116
54P2R2A3_00804	54P2R2A3_00804	100.000	270	0	0	1	270	1	270	0.0	557
54P2R2A3_00805	54P2R2A3_00805	100.000	144	0	0	1	144	1	144	2.15e-107	301
54P2R2A3_00806	54P2R2A3_00806	100.000	72	0	0	1	72	1	72	8.88e-48	145
54P2R2A3_00807	54P2R2A3_00807	100.000	217	0	0	1	217	1	217	1.05e-161	445
54P2R2A3_00808	54P2R2A3_00808	100.000	454	0	0	1	454	1	454	0.0	932
54P2R2A3_00814	54P2R2A3_00814	100.000	332	0	0	1	332	1	332	0.0	673
54P2R2A3_00814	31P2R1A5_02814	96.084	332	12	1	1	332	1	331	0.0	644
54P2R2A3_00817	54P2R2A3_00817	100.000	775	0	0	1	775	1	775	0.0	1534
54P2R2A3_00818	54P2R2A3_00818	100.000	1650	0	0	1	1650	1	1650	0.0	3328
54P2R2A3_00818	31P2R1A5_02810	98.000	1650	33	0	1	1650	1	1650	0.0	3276
54P2R2A3_00820	54P2R2A3_00820	100.000	281	0	0	1	281	1	281	0.0	555
54P2R2A3_00821	54P2R2A3_00821	100.000	259	0	0	1	259	1	259	0.0	525
54P2R2A3_00821	31P2R1A5_02807	97.297	259	7	0	1	259	1	259	0.0	513
54P2R2A3_00822	54P2R2A3_00822	100.000	429	0	0	1	429	1	429	0.0	879
54P2R2A3_00822	31P2R1A5_02806	96.970	429	13	0	1	429	1	429	0.0	858
54P2R2A3_00826	54P2R2A3_00826	100.000	172	0	0	1	172	1	172	9.67e-124	345
54P2R2A3_00826	31P2R1A5_02802	97.674	172	4	0	1	172	1	172	1.32e-120	337
54P2R2A3_00833	54P2R2A3_00833	100.000	279	0	0	1	279	1	279	0.0	551
54P2R2A3_00834	54P2R2A3_00834	100.000	327	0	0	1	327	1	327	0.0	630
54P2R2A3_00835	54P2R2A3_00835	100.000	213	0	0	1	213	1	213	3.19e-161	443
54P2R2A3_00835	31P2R1A5_02793	97.653	213	5	0	1	213	1	213	6.47e-158	435
54P2R2A3_00837	54P2R2A3_00837	100.000	379	0	0	1	379	1	379	0.0	744
54P2R2A3_00837	31P2R1A5_02791	96.834	379	12	0	1	379	1	379	0.0	726
54P2R2A3_00838	54P2R2A3_00838	100.000	278	0	0	1	278	1	278	0.0	575
54P2R2A3_00839	54P2R2A3_00839	100.000	479	0	0	1	479	1	479	0.0	957
54P2R2A3_00839	51P2R2A10_03810	97.286	479	13	0	1	479	1	479	0.0	937
54P2R2A3_00839	42P1R1A12_01662	95.198	479	23	0	1	479	1	479	0.0	922
54P2R2A3_00840	54P2R2A3_00840	100.000	1092	0	0	1	1092	1	1092	0.0	2262
54P2R2A3_00841	54P2R2A3_00841	100.000	399	0	0	1	399	1	399	0.0	827
54P2R2A3_00842	54P2R2A3_00842	100.000	156	0	0	1	156	1	156	2.71e-110	310
54P2R2A3_00842	42P1R1A12_01659	95.513	156	7	0	1	156	1	156	9.39e-108	303
54P2R2A3_00842	31P2R1A5_02790	97.872	141	3	0	16	156	1	141	9.72e-96	273
54P2R2A3_00842	51P2R2A10_03813	95.035	141	7	0	16	156	1	141	1.19e-94	270
54P2R2A3_00844	54P2R2A3_00844	100.000	397	0	0	1	397	1	397	0.0	825
54P2R2A3_00844	31P2R1A5_02788	97.229	397	11	0	1	397	1	397	0.0	806
54P2R2A3_00850	54P2R2A3_00850	100.000	539	0	0	1	539	1	539	0.0	1113
54P2R2A3_00850	31P2R1A5_02782	97.403	539	14	0	1	539	1	539	0.0	1089
54P2R2A3_00851	54P2R2A3_00851	100.000	170	0	0	1	170	1	170	9.86e-126	350
54P2R2A3_00851	31P2R1A5_02781	96.471	170	6	0	1	170	1	170	2.64e-121	339
54P2R2A3_00852	54P2R2A3_00852	100.000	212	0	0	1	212	1	212	4.19e-155	427
54P2R2A3_00852	31P2R1A5_02780	96.698	212	7	0	1	212	1	212	9.00e-151	417
54P2R2A3_00862	54P2R2A3_00862	100.000	160	0	0	1	160	1	160	5.22e-114	320
54P2R2A3_00862	31P2R1A5_02769	96.250	160	6	0	1	160	1	160	6.00e-110	309
54P2R2A3_00867	54P2R2A3_00867	100.000	246	0	0	1	246	1	246	0.0	507
54P2R2A3_00867	31P2R1A5_02764	95.935	246	10	0	1	246	1	246	8.01e-176	483
54P2R2A3_00868	54P2R2A3_00868	100.000	444	0	0	1	444	1	444	0.0	905
54P2R2A3_00868	31P2R1A5_02763	95.270	444	21	0	1	444	1	444	0.0	781
54P2R2A3_00873	54P2R2A3_00873	100.000	233	0	0	1	233	1	233	6.85e-174	477
54P2R2A3_00873	31P2R1A5_02758	96.567	233	8	0	1	233	1	233	2.81e-168	462
54P2R2A3_00876	54P2R2A3_00876	100.000	108	0	0	1	108	1	108	3.84e-75	217
54P2R2A3_00876	31P2R1A5_02755	96.296	108	4	0	1	108	1	108	2.57e-73	213
54P2R2A3_00876	37P2R3-2A1_02099	96.629	89	3	0	18	106	1	89	1.57e-59	177
54P2R2A3_00879	54P2R2A3_00879	100.000	423	0	0	1	423	1	423	0.0	859
54P2R2A3_00879	31P2R1A5_03375	95.508	423	19	0	1	423	1	423	0.0	804
54P2R2A3_00880	54P2R2A3_00880	100.000	547	0	0	1	547	1	547	0.0	1110
54P2R2A3_00881	54P2R2A3_00881	100.000	490	0	0	1	490	1	490	0.0	997
54P2R2A3_00882	54P2R2A3_00882	100.000	255	0	0	1	255	1	255	0.0	512
54P2R2A3_00883	54P2R2A3_00883	100.000	265	0	0	1	265	1	265	0.0	539
54P2R2A3_00884	54P2R2A3_00884	100.000	257	0	0	1	257	1	257	0.0	514
54P2R2A3_00885	54P2R2A3_00885	100.000	177	0	0	1	177	1	177	2.50e-134	372
54P2R2A3_00885	38P2R3A13_06355	95.480	177	8	0	1	177	1	177	8.29e-128	356
54P2R2A3_00886	54P2R2A3_00886	100.000	419	0	0	1	419	1	419	0.0	831
54P2R2A3_00887	54P2R2A3_00887	100.000	399	0	0	1	399	1	399	0.0	809
54P2R2A3_00888	54P2R2A3_00888	100.000	309	0	0	1	309	1	309	0.0	639
54P2R2A3_00889	54P2R2A3_00889	100.000	263	0	0	1	263	1	263	0.0	537
54P2R2A3_00890	54P2R2A3_00890	100.000	250	0	0	1	250	1	250	0.0	508
54P2R2A3_00891	54P2R2A3_00891	100.000	341	0	0	1	341	1	341	0.0	711
54P2R2A3_00891	38P2R3A13_06361	95.308	341	16	0	1	341	1	341	0.0	686
54P2R2A3_00891	18P3R3A11_01050	95.308	341	16	0	1	341	1	341	0.0	684
54P2R2A3_00892	54P2R2A3_00892	100.000	103	0	0	1	103	1	103	1.24e-72	210
54P2R2A3_00893	54P2R2A3_00893	100.000	108	0	0	1	108	1	108	2.28e-77	223
54P2R2A3_00894	54P2R2A3_00894	100.000	407	0	0	1	407	1	407	0.0	794
54P2R2A3_00899	54P2R2A3_00899	100.000	153	0	0	1	153	1	153	8.02e-112	313
54P2R2A3_00899	31P2R1A5_03380	96.078	153	6	0	1	153	1	153	4.48e-107	301
54P2R2A3_00900	54P2R2A3_00900	100.000	236	0	0	1	236	1	236	2.29e-180	493
54P2R2A3_00900	31P2R1A5_03381	97.458	236	6	0	1	236	1	236	2.25e-177	486
54P2R2A3_00906	54P2R2A3_00906	100.000	327	0	0	1	327	1	327	0.0	654
54P2R2A3_00906	44P3R3A6_03458	95.413	327	15	0	1	327	1	327	0.0	622
54P2R2A3_00906	31P2R1A5_03387	97.458	236	6	0	92	327	1	236	1.46e-163	455
54P2R2A3_00912	54P2R2A3_00912	100.000	239	0	0	1	239	1	239	4.31e-177	486
54P2R2A3_00912	31P2R1A5_03407	97.908	239	5	0	1	239	1	239	1.22e-173	477
54P2R2A3_00915	54P2R2A3_00915	100.000	353	0	0	1	353	1	353	0.0	733
54P2R2A3_00915	31P2R1A5_03410	97.167	353	10	0	1	353	1	353	0.0	716
54P2R2A3_00922	54P2R2A3_00922	100.000	316	0	0	1	316	1	316	0.0	655
54P2R2A3_00923	54P2R2A3_00923	100.000	430	0	0	1	430	1	430	0.0	888
54P2R2A3_00924	54P2R2A3_00924	100.000	327	0	0	1	327	1	327	0.0	676
54P2R2A3_00925	54P2R2A3_00925	100.000	202	0	0	1	202	1	202	1.11e-151	418
54P2R2A3_00926	54P2R2A3_00926	100.000	116	0	0	1	116	1	116	2.20e-82	236
54P2R2A3_00927	54P2R2A3_00927	100.000	133	0	0	1	133	1	133	7.34e-97	274
54P2R2A3_00928	54P2R2A3_00928	100.000	93	0	0	1	93	1	93	9.86e-65	189
54P2R2A3_00929	54P2R2A3_00929	100.000	318	0	0	1	318	1	318	0.0	644
54P2R2A3_00930	54P2R2A3_00930	100.000	298	0	0	1	298	1	298	0.0	610
54P2R2A3_00931	54P2R2A3_00931	100.000	397	0	0	1	397	1	397	0.0	780
54P2R2A3_00932	54P2R2A3_00932	100.000	87	0	0	1	87	1	87	3.50e-58	172
54P2R2A3_00933	54P2R2A3_00933	100.000	57	0	0	1	57	1	57	2.08e-36	115
54P2R2A3_00934	54P2R2A3_00934	100.000	152	0	0	1	152	1	152	2.55e-110	310
54P2R2A3_00935	54P2R2A3_00935	100.000	82	0	0	1	82	1	82	9.08e-53	159
54P2R2A3_00936	54P2R2A3_00936	100.000	84	0	0	1	84	1	84	4.24e-57	170
54P2R2A3_00937	54P2R2A3_00937	100.000	100	0	0	1	100	1	100	7.35e-69	201
54P2R2A3_00938	54P2R2A3_00938	100.000	510	0	0	1	510	1	510	0.0	1045
54P2R2A3_00939	54P2R2A3_00939	100.000	114	0	0	1	114	1	114	2.44e-73	213
54P2R2A3_00940	54P2R2A3_00940	100.000	474	0	0	1	474	1	474	0.0	973
54P2R2A3_00941	54P2R2A3_00941	100.000	314	0	0	1	314	1	314	0.0	650
54P2R2A3_00942	54P2R2A3_00942	100.000	132	0	0	1	132	1	132	8.88e-92	261
54P2R2A3_00943	54P2R2A3_00943	100.000	533	0	0	1	533	1	533	0.0	1095
54P2R2A3_00944	54P2R2A3_00944	100.000	337	0	0	1	337	1	337	0.0	692
54P2R2A3_00945	54P2R2A3_00945	100.000	98	0	0	1	98	1	98	1.20e-68	200
54P2R2A3_00946	54P2R2A3_00946	100.000	372	0	0	1	372	1	372	0.0	756
54P2R2A3_00947	54P2R2A3_00947	100.000	456	0	0	1	456	1	456	0.0	944
54P2R2A3_00948	54P2R2A3_00948	100.000	235	0	0	1	235	1	235	1.94e-176	483
54P2R2A3_00949	54P2R2A3_00949	100.000	925	0	0	1	925	1	925	0.0	1911
54P2R2A3_00950	54P2R2A3_00950	100.000	133	0	0	1	133	1	133	3.23e-96	272
54P2R2A3_00951	54P2R2A3_00951	100.000	494	0	0	1	494	1	494	0.0	1003
54P2R2A3_00952	54P2R2A3_00952	100.000	282	0	0	1	282	1	282	0.0	565
54P2R2A3_00953	54P2R2A3_00953	100.000	218	0	0	1	218	1	218	1.02e-162	447
54P2R2A3_00954	54P2R2A3_00954	100.000	124	0	0	1	124	1	124	4.47e-84	241
54P2R2A3_00955	54P2R2A3_00955	100.000	118	0	0	1	118	1	118	4.21e-79	228
54P2R2A3_00956	54P2R2A3_00956	100.000	79	0	0	1	79	1	79	7.88e-51	153
54P2R2A3_00957	54P2R2A3_00957	100.000	106	0	0	1	106	1	106	2.60e-75	217
54P2R2A3_00958	54P2R2A3_00958	100.000	265	0	0	1	265	1	265	0.0	548
54P2R2A3_00959	54P2R2A3_00959	100.000	159	0	0	1	159	1	159	1.11e-116	326
54P2R2A3_00960	54P2R2A3_00960	100.000	253	0	0	1	253	1	253	0.0	510
54P2R2A3_00961	54P2R2A3_00961	100.000	88	0	0	1	88	1	88	1.71e-60	179
54P2R2A3_00962	54P2R2A3_00962	100.000	700	0	0	1	700	1	700	0.0	1436
54P2R2A3_00963	54P2R2A3_00963	100.000	171	0	0	1	171	1	171	1.11e-121	340
54P2R2A3_00964	54P2R2A3_00964	100.000	190	0	0	1	190	1	190	3.31e-141	391
54P2R2A3_00965	54P2R2A3_00965	100.000	206	0	0	1	206	1	206	8.31e-153	421
54P2R2A3_00966	54P2R2A3_00966	100.000	247	0	0	1	247	1	247	3.59e-178	489
54P2R2A3_00967	54P2R2A3_00967	100.000	190	0	0	1	190	1	190	1.40e-139	387
54P2R2A3_00968	54P2R2A3_00968	100.000	151	0	0	1	151	1	151	9.58e-112	313
54P2R2A3_00969	54P2R2A3_00969	100.000	241	0	0	1	241	1	241	0.0	498
54P2R2A3_00970	54P2R2A3_00970	100.000	355	0	0	1	355	1	355	0.0	733
54P2R2A3_00971	54P2R2A3_00971	100.000	288	0	0	1	288	1	288	0.0	589
54P2R2A3_00972	54P2R2A3_00972	100.000	252	0	0	1	252	1	252	0.0	527
54P2R2A3_00973	54P2R2A3_00973	100.000	443	0	0	1	443	1	443	0.0	902
54P2R2A3_00974	54P2R2A3_00974	100.000	292	0	0	1	292	1	292	0.0	607
54P2R2A3_00975	54P2R2A3_00975	100.000	406	0	0	1	406	1	406	0.0	837
54P2R2A3_00976	54P2R2A3_00976	100.000	195	0	0	1	195	1	195	1.26e-141	392
54P2R2A3_00977	54P2R2A3_00977	100.000	541	0	0	1	541	1	541	0.0	1101
54P2R2A3_00978	54P2R2A3_00978	100.000	456	0	0	1	456	1	456	0.0	935
54P2R2A3_00979	54P2R2A3_00979	100.000	129	0	0	1	129	1	129	2.88e-93	265
54P2R2A3_00980	54P2R2A3_00980	100.000	291	0	0	1	291	1	291	0.0	595
54P2R2A3_00981	54P2R2A3_00981	100.000	51	0	0	1	51	1	51	1.06e-30	100
54P2R2A3_00982	54P2R2A3_00982	100.000	198	0	0	1	198	1	198	5.51e-149	411
54P2R2A3_00983	54P2R2A3_00983	100.000	162	0	0	1	162	1	162	4.14e-119	333
54P2R2A3_00984	54P2R2A3_00984	100.000	98	0	0	1	98	1	98	4.63e-65	191
54P2R2A3_00989	54P2R2A3_00989	100.000	115	0	0	1	115	1	115	1.58e-83	239
54P2R2A3_00990	54P2R2A3_00990	100.000	63	0	0	1	63	1	63	1.38e-39	124
54P2R2A3_00991	54P2R2A3_00991	100.000	30	0	0	1	30	1	30	4.97e-14	57.4
54P2R2A3_00992	54P2R2A3_00992	100.000	394	0	0	1	394	1	394	0.0	810
54P2R2A3_00992	31P2R1A5_03424	97.716	394	9	0	1	394	1	394	0.0	793
54P2R2A3_00999	54P2R2A3_00999	100.000	508	0	0	1	508	1	508	0.0	1039
54P2R2A3_01000	54P2R2A3_01000	100.000	473	0	0	1	473	1	473	0.0	963
54P2R2A3_01005	54P2R2A3_01005	100.000	300	0	0	1	300	1	300	0.0	618
54P2R2A3_01005	31P2R1A5_03435	96.333	300	11	0	1	300	1	300	0.0	601
54P2R2A3_01006	54P2R2A3_01006	100.000	388	0	0	1	388	1	388	0.0	794
54P2R2A3_01006	31P2R1A5_03436	97.680	388	9	0	1	388	1	388	0.0	778
54P2R2A3_01007	54P2R2A3_01007	100.000	276	0	0	1	276	1	276	0.0	564
54P2R2A3_01007	31P2R1A5_03437	97.464	276	7	0	1	276	1	276	0.0	552
54P2R2A3_01008	54P2R2A3_01008	100.000	176	0	0	1	176	1	176	9.10e-131	363
54P2R2A3_01009	54P2R2A3_01009	100.000	728	0	0	1	728	1	728	0.0	1518
54P2R2A3_01009	31P2R1A5_03438	97.658	726	16	1	1	726	1	725	0.0	1477
54P2R2A3_01009	42P1R1A12_02934	95.868	726	29	1	1	726	1	725	0.0	1455
54P2R2A3_01011	54P2R2A3_01011	100.000	246	0	0	1	246	1	246	0.0	508
54P2R2A3_01011	31P2R1A5_03440	97.154	246	7	0	1	246	1	246	1.13e-180	495
54P2R2A3_01014	54P2R2A3_01014	100.000	132	0	0	1	132	1	132	1.06e-92	263
54P2R2A3_01016	54P2R2A3_01016	100.000	450	0	0	1	450	1	450	0.0	904
54P2R2A3_01018	54P2R2A3_01018	100.000	105	0	0	1	105	1	105	1.75e-73	213
54P2R2A3_01018	31P2R1A5_03447	97.143	105	3	0	1	105	1	105	6.56e-72	209
54P2R2A3_01020	54P2R2A3_01020	100.000	192	0	0	1	192	1	192	5.70e-143	395
54P2R2A3_01020	31P2R1A5_03449	96.842	190	6	0	1	190	1	190	1.75e-129	361
54P2R2A3_01021	54P2R2A3_01021	100.000	276	0	0	1	276	1	276	0.0	564
54P2R2A3_01021	31P2R1A5_03450	97.464	276	7	0	1	276	1	276	0.0	551
54P2R2A3_01024	54P2R2A3_01024	100.000	490	0	0	1	490	1	490	0.0	979
54P2R2A3_01024	31P2R1A5_03453	96.741	491	15	1	1	490	1	491	0.0	944
54P2R2A3_01027	54P2R2A3_01027	100.000	264	0	0	1	264	1	264	0.0	539
54P2R2A3_01027	31P2R1A5_03456	96.212	264	10	0	1	264	1	264	0.0	518
54P2R2A3_01030	54P2R2A3_01030	100.000	91	0	0	1	91	1	91	5.84e-60	177
54P2R2A3_01030	31P2R1A5_03459	98.876	89	1	0	1	89	1	89	1.30e-57	171
54P2R2A3_01031	54P2R2A3_01031	100.000	66	0	0	1	66	1	66	1.06e-45	139
54P2R2A3_01031	31P2R1A5_03460	96.970	66	2	0	1	66	1	66	3.28e-44	136
54P2R2A3_01033	54P2R2A3_01033	100.000	946	0	0	1	946	1	946	0.0	1919
54P2R2A3_01033	31P2R1A5_03462	97.463	946	24	0	1	946	1	946	0.0	1877
54P2R2A3_01034	54P2R2A3_01034	100.000	433	0	0	1	433	1	433	0.0	861
54P2R2A3_01034	31P2R1A5_03463	96.305	433	16	0	1	433	1	433	0.0	832
54P2R2A3_01040	54P2R2A3_01040	100.000	275	0	0	1	275	1	275	0.0	553
54P2R2A3_01040	31P2R1A5_03469	96.364	275	10	0	1	275	1	275	0.0	533
54P2R2A3_01042	54P2R2A3_01042	100.000	107	0	0	1	107	1	107	2.25e-75	218
54P2R2A3_01042	31P2R1A5_03471	97.196	107	3	0	1	107	1	107	1.20e-73	213
54P2R2A3_01045	54P2R2A3_01045	100.000	237	0	0	1	237	1	237	2.06e-173	476
54P2R2A3_01045	31P2R1A5_03474	97.890	237	5	0	1	237	1	237	2.52e-169	466
54P2R2A3_01054	54P2R2A3_01054	100.000	91	0	0	1	91	1	91	3.06e-63	186
54P2R2A3_01055	54P2R2A3_01055	100.000	97	0	0	1	97	1	97	5.02e-68	198
54P2R2A3_01055	31P2R1A5_03488	96.154	78	3	0	20	97	1	78	1.12e-51	156
54P2R2A3_01056	54P2R2A3_01056	100.000	205	0	0	1	205	1	205	1.26e-152	421
54P2R2A3_01056	31P2R1A5_03489	97.073	205	6	0	1	205	1	205	4.24e-149	412
54P2R2A3_01057	54P2R2A3_01057	100.000	1081	0	0	1	1081	1	1081	0.0	2220
54P2R2A3_01057	31P2R1A5_03490	95.282	1081	51	0	1	1081	1	1081	0.0	2122
54P2R2A3_01058	54P2R2A3_01058	100.000	214	0	0	1	214	1	214	7.20e-153	422
54P2R2A3_01059	54P2R2A3_01059	100.000	192	0	0	1	192	1	192	2.37e-137	381
54P2R2A3_01059	31P2R1A5_03492	96.354	192	7	0	1	192	1	192	8.24e-133	370
54P2R2A3_01060	54P2R2A3_01060	100.000	102	0	0	1	102	1	102	3.13e-73	212
54P2R2A3_01060	31P2R1A5_03493	97.059	102	3	0	1	102	1	102	9.84e-72	208
54P2R2A3_01061	54P2R2A3_01061	100.000	268	0	0	1	268	1	268	0.0	529
54P2R2A3_01061	31P2R1A5_03494	97.761	268	6	0	1	268	1	268	0.0	518
54P2R2A3_01066	54P2R2A3_01066	100.000	143	0	0	1	143	1	143	3.04e-101	286
54P2R2A3_01066	31P2R1A5_03499	97.203	143	4	0	1	143	1	143	2.13e-98	279
54P2R2A3_01074	54P2R2A3_01074	100.000	474	0	0	1	474	1	474	0.0	944
54P2R2A3_01074	31P2R1A5_03507	95.781	474	20	0	1	474	1	474	0.0	860
54P2R2A3_01075	54P2R2A3_01075	100.000	550	0	0	1	550	1	550	0.0	1110
54P2R2A3_01075	44P3R3A6_03556	97.091	550	16	0	1	550	1	550	0.0	1080
54P2R2A3_01075	31P2R1A5_03508	96.727	550	18	0	1	550	1	550	0.0	1077
54P2R2A3_01081	54P2R2A3_01081	100.000	334	0	0	1	334	1	334	0.0	678
54P2R2A3_01081	31P2R1A5_03514	97.892	332	7	0	3	334	7	338	0.0	662
54P2R2A3_01081	42P1R1A12_03004	95.210	334	16	0	1	334	1	334	0.0	629
54P2R2A3_01082	54P2R2A3_01082	100.000	333	0	0	1	333	1	333	0.0	639
54P2R2A3_01082	31P2R1A5_03515	97.892	332	7	0	1	332	1	332	0.0	625
54P2R2A3_01084	54P2R2A3_01084	100.000	496	0	0	1	496	1	496	0.0	1004
54P2R2A3_01084	31P2R1A5_03517	97.782	496	11	0	1	496	1	496	0.0	976
54P2R2A3_01089	54P2R2A3_01089	100.000	236	0	0	1	236	1	236	1.27e-171	471
54P2R2A3_01090	54P2R2A3_01090	100.000	201	0	0	1	201	1	201	5.47e-147	406
54P2R2A3_01091	54P2R2A3_01091	100.000	167	0	0	1	167	1	167	9.79e-125	347
54P2R2A3_01091	31P2R1A5_03525	95.808	167	7	0	1	167	1	167	3.27e-119	333
54P2R2A3_01101	54P2R2A3_01101	100.000	129	0	0	1	129	1	129	8.57e-91	258
54P2R2A3_01102	54P2R2A3_01102	100.000	123	0	0	1	123	1	123	1.34e-84	242
54P2R2A3_01102	31P2R1A5_03536	97.561	123	3	0	1	123	1	123	5.91e-83	238
54P2R2A3_01104	54P2R2A3_01104	100.000	133	0	0	1	133	1	133	6.54e-90	256
54P2R2A3_01104	31P2R1A5_03538	97.744	133	3	0	1	133	1	133	6.09e-88	251
54P2R2A3_01105	54P2R2A3_01105	100.000	99	0	0	1	99	1	99	1.28e-65	192
54P2R2A3_01107	54P2R2A3_01107	100.000	329	0	0	1	329	1	329	0.0	686
54P2R2A3_01107	31P2R1A5_03541	95.441	329	15	0	1	329	1	329	0.0	635
54P2R2A3_01110	54P2R2A3_01110	100.000	234	0	0	1	234	1	234	1.24e-175	481
54P2R2A3_01110	31P2R1A5_03544	95.726	234	10	0	1	234	1	234	2.70e-167	460
54P2R2A3_01111	54P2R2A3_01111	100.000	56	0	0	1	56	1	56	4.33e-34	109
54P2R2A3_01112	54P2R2A3_01112	100.000	137	0	0	1	137	1	137	1.53e-97	276
54P2R2A3_01114	54P2R2A3_01114	100.000	382	0	0	1	382	1	382	0.0	768
54P2R2A3_01114	31P2R1A5_03548	95.288	382	18	0	1	382	1	382	0.0	709
54P2R2A3_01118	54P2R2A3_01118	100.000	50	0	0	1	50	1	50	5.93e-29	96.3
54P2R2A3_01121	54P2R2A3_01121	100.000	280	0	0	1	280	1	280	0.0	565
54P2R2A3_01121	44P3R3A6_03599	96.786	280	9	0	1	280	1	280	0.0	548
54P2R2A3_01123	54P2R2A3_01123	100.000	305	0	0	1	305	1	305	0.0	627
54P2R2A3_01123	44P3R3A6_03601	96.721	305	10	0	1	305	1	305	0.0	606
54P2R2A3_01125	54P2R2A3_01125	100.000	272	0	0	1	272	1	272	0.0	556
54P2R2A3_01125	44P3R3A6_03603	96.324	272	10	0	1	272	1	272	0.0	535
54P2R2A3_01127	54P2R2A3_01127	100.000	156	0	0	1	156	1	156	3.52e-110	310
54P2R2A3_01127	44P3R3A6_03605	95.513	156	7	0	1	156	1	156	1.34e-105	298
54P2R2A3_01130	54P2R2A3_01130	100.000	348	0	0	1	348	1	348	0.0	714
54P2R2A3_01130	44P3R3A6_03608	97.989	348	7	0	1	348	1	348	0.0	700
54P2R2A3_01132	54P2R2A3_01132	100.000	334	0	0	1	334	1	334	0.0	678
54P2R2A3_01132	44P3R3A6_03610	95.858	338	10	1	1	334	1	338	0.0	659
54P2R2A3_01134	54P2R2A3_01134	100.000	706	0	0	1	706	1	706	0.0	1422
54P2R2A3_01134	31P2R1A5_03553	95.184	706	31	1	1	706	1	703	0.0	1283
54P2R2A3_01138	54P2R2A3_01138	100.000	347	0	0	1	347	1	347	0.0	677
54P2R2A3_01138	31P2R1A5_03557	95.965	347	14	0	1	347	1	347	0.0	650
54P2R2A3_01139	54P2R2A3_01139	100.000	216	0	0	1	216	1	216	4.03e-159	438
54P2R2A3_01141	54P2R2A3_01141	100.000	148	0	0	1	148	1	148	4.73e-110	308
54P2R2A3_01141	31P2R1A5_03560	97.297	148	4	0	1	148	1	148	1.07e-107	303
54P2R2A3_01142	54P2R2A3_01142	100.000	107	0	0	1	107	1	107	6.44e-76	219
54P2R2A3_01142	31P2R1A5_03561	97.196	107	3	0	1	107	1	107	2.76e-73	212
54P2R2A3_01143	54P2R2A3_01143	100.000	168	0	0	1	168	1	168	6.46e-119	333
54P2R2A3_01143	31P2R1A5_03562	97.619	168	4	0	1	168	1	168	4.23e-116	325
54P2R2A3_01146	54P2R2A3_01146	100.000	293	0	0	1	293	1	293	0.0	607
54P2R2A3_01146	31P2R1A5_03565	97.952	293	6	0	1	293	1	293	0.0	593
54P2R2A3_01148	54P2R2A3_01148	100.000	415	0	0	1	415	1	415	0.0	821
54P2R2A3_01148	31P2R1A5_03567	96.386	415	15	0	1	415	1	415	0.0	795
54P2R2A3_01160	54P2R2A3_01160	100.000	210	0	0	1	210	1	210	7.49e-156	429
54P2R2A3_01161	54P2R2A3_01161	100.000	184	0	0	1	184	1	184	5.65e-132	367
54P2R2A3_01162	54P2R2A3_01162	100.000	134	0	0	1	134	1	134	3.83e-97	275
54P2R2A3_01177	54P2R2A3_01177	100.000	91	0	0	1	91	1	91	9.23e-64	187
54P2R2A3_01177	31P2R1A5_03596	97.802	91	2	0	1	91	1	91	1.29e-62	184
54P2R2A3_01180	54P2R2A3_01180	100.000	97	0	0	1	97	1	97	4.12e-65	191
54P2R2A3_01185	54P2R2A3_01185	100.000	326	0	0	1	326	1	326	0.0	625
54P2R2A3_01185	31P2R1A5_03604	97.546	326	8	0	1	326	1	326	0.0	614
54P2R2A3_01187	54P2R2A3_01187	100.000	189	0	0	1	189	1	189	2.04e-137	381
54P2R2A3_01187	31P2R1A5_03606	96.825	189	6	0	1	189	1	189	7.32e-133	370
54P2R2A3_01196	54P2R2A3_01196	100.000	242	0	0	1	242	1	242	9.40e-178	488
54P2R2A3_01196	31P2R1A5_03615	97.934	242	5	0	1	242	1	242	3.30e-174	478
54P2R2A3_01197	54P2R2A3_01197	100.000	218	0	0	1	218	1	218	4.56e-158	436
54P2R2A3_01199	54P2R2A3_01199	100.000	355	0	0	1	355	1	355	0.0	734
54P2R2A3_01199	31P2R1A5_03618	97.183	355	10	0	1	355	1	355	0.0	719
54P2R2A3_01200	54P2R2A3_01200	100.000	339	0	0	1	339	1	339	0.0	693
54P2R2A3_01200	31P2R1A5_03619	96.165	339	13	0	1	339	1	339	0.0	671
54P2R2A3_01201	54P2R2A3_01201	100.000	428	0	0	1	428	1	428	0.0	850
54P2R2A3_01201	31P2R1A5_03620	96.262	428	16	0	1	428	1	428	0.0	827
54P2R2A3_01202	54P2R2A3_01202	100.000	311	0	0	1	311	1	311	0.0	643
54P2R2A3_01202	31P2R1A5_03621	95.484	310	14	0	1	310	9	318	0.0	622
54P2R2A3_01205	54P2R2A3_01205	100.000	235	0	0	1	235	1	235	9.48e-170	467
54P2R2A3_01215	54P2R2A3_01215	100.000	434	0	0	1	434	1	434	0.0	842
54P2R2A3_01215	42P1R1A12_06144	95.622	434	19	0	1	434	1	434	0.0	733
54P2R2A3_01215	31P2R1A5_03634	100.000	126	0	0	309	434	1	126	4.77e-80	243
54P2R2A3_01215	31P2R1A5_04419	96.032	126	5	0	309	434	1	126	1.24e-75	231
54P2R2A3_01216	54P2R2A3_01216	100.000	590	0	0	1	590	1	590	0.0	1195
54P2R2A3_01216	44P3R3A6_05578	95.763	590	25	0	1	590	1	590	0.0	1125
54P2R2A3_01218	54P2R2A3_01218	100.000	206	0	0	1	206	1	206	2.00e-151	418
54P2R2A3_01218	31P2R1A5_05107	97.087	206	6	0	1	206	1	206	3.52e-148	410
54P2R2A3_01218	42P1R1A12_05275	96.602	206	7	0	1	206	1	206	1.59e-146	405
54P2R2A3_01220	54P2R2A3_01220	100.000	423	0	0	1	423	1	423	0.0	827
54P2R2A3_01220	31P2R1A5_05109	97.872	423	9	0	1	423	1	423	0.0	815
54P2R2A3_01220	51P2R2A10_05206	95.272	423	20	0	1	423	1	423	0.0	795
54P2R2A3_01221	54P2R2A3_01221	100.000	222	0	0	1	222	1	222	2.24e-164	452
54P2R2A3_01221	31P2R1A5_05110	96.847	222	7	0	1	222	1	222	1.66e-159	440
54P2R2A3_01222	54P2R2A3_01222	100.000	210	0	0	1	210	1	210	7.43e-154	424
54P2R2A3_01227	54P2R2A3_01227	100.000	92	0	0	1	92	1	92	1.93e-62	184
54P2R2A3_01227	31P2R1A5_05116	97.826	92	2	0	1	92	1	92	4.60e-61	180
54P2R2A3_01233	54P2R2A3_01233	100.000	1266	0	0	1	1266	1	1266	0.0	2558
54P2R2A3_01233	31P2R1A5_05122	95.735	1266	54	0	1	1266	1	1266	0.0	2465
54P2R2A3_01235	54P2R2A3_01235	100.000	194	0	0	1	194	1	194	7.04e-142	393
54P2R2A3_01235	31P2R1A5_05124	95.361	194	9	0	1	194	1	194	9.78e-135	375
54P2R2A3_01241	54P2R2A3_01241	100.000	203	0	0	1	203	1	203	2.05e-143	397
54P2R2A3_01242	54P2R2A3_01242	100.000	151	0	0	1	151	1	151	4.99e-109	306
54P2R2A3_01242	31P2R1A5_05131	96.026	151	6	0	1	151	1	151	5.05e-104	293
54P2R2A3_01245	54P2R2A3_01245	100.000	81	0	0	1	81	1	81	2.88e-53	160
54P2R2A3_01246	54P2R2A3_01246	100.000	484	0	0	1	484	1	484	0.0	951
54P2R2A3_01247	54P2R2A3_01247	100.000	294	0	0	1	294	1	294	0.0	597
54P2R2A3_01247	31P2R1A5_05136	97.619	294	7	0	1	294	1	294	0.0	586
54P2R2A3_01247	10P3R2A13_00240	95.918	294	12	0	1	294	1	294	0.0	530
54P2R2A3_01250	54P2R2A3_01250	100.000	217	0	0	1	217	1	217	4.01e-162	446
54P2R2A3_01260	54P2R2A3_01260	100.000	96	0	0	1	96	1	96	2.19e-64	189
54P2R2A3_01260	31P2R1A5_02749	95.833	96	4	0	1	96	1	96	1.31e-61	182
54P2R2A3_01261	54P2R2A3_01261	100.000	120	0	0	1	120	1	120	1.99e-83	239
54P2R2A3_01261	31P2R1A5_02748	96.667	120	4	0	1	120	1	120	1.52e-81	234
54P2R2A3_01262	54P2R2A3_01262	100.000	129	0	0	1	129	1	129	3.51e-92	262
54P2R2A3_01262	31P2R1A5_02747	96.899	129	4	0	1	129	1	129	1.22e-88	253
54P2R2A3_01264	54P2R2A3_01264	100.000	277	0	0	1	277	1	277	0.0	545
54P2R2A3_01264	31P2R1A5_02745	97.112	277	8	0	1	277	1	277	0.0	531
54P2R2A3_01269	54P2R2A3_01269	100.000	187	0	0	1	187	1	187	6.20e-140	387
54P2R2A3_01269	31P2R1A5_02740	96.791	187	6	0	1	187	1	187	3.73e-136	378
54P2R2A3_01278	54P2R2A3_01278	100.000	188	0	0	1	188	1	188	4.00e-140	388
54P2R2A3_01278	31P2R1A5_02731	96.809	188	6	0	1	188	1	188	5.73e-135	375
54P2R2A3_01285	54P2R2A3_01285	100.000	109	0	0	1	109	1	109	1.65e-77	223
54P2R2A3_01285	31P2R1A5_02724	96.330	109	4	0	1	109	1	109	7.40e-75	216
54P2R2A3_01291	54P2R2A3_01291	100.000	420	0	0	1	420	1	420	0.0	842
54P2R2A3_01292	54P2R2A3_01292	100.000	365	0	0	1	365	1	365	0.0	745
54P2R2A3_01292	31P2R1A5_02717	97.534	365	9	0	1	365	1	365	0.0	729
54P2R2A3_01294	54P2R2A3_01294	100.000	415	0	0	1	415	1	415	0.0	826
54P2R2A3_01294	31P2R1A5_02715	95.411	414	18	1	2	415	1	413	0.0	744
54P2R2A3_01295	54P2R2A3_01295	100.000	143	0	0	1	143	1	143	3.30e-98	278
54P2R2A3_01296	54P2R2A3_01296	100.000	178	0	0	1	178	1	178	9.75e-123	343
54P2R2A3_01297	54P2R2A3_01297	100.000	267	0	0	1	267	1	267	0.0	526
54P2R2A3_01300	54P2R2A3_01300	100.000	710	0	0	1	710	1	710	0.0	1459
54P2R2A3_01300	31P2R1A5_02708	96.620	710	24	0	1	710	1	710	0.0	1411
54P2R2A3_01302	54P2R2A3_01302	100.000	134	0	0	1	134	1	134	4.84e-96	272
54P2R2A3_01302	31P2R1A5_02706	96.269	134	5	0	1	134	1	134	3.96e-93	265
54P2R2A3_01303	54P2R2A3_01303	100.000	293	0	0	1	293	1	293	0.0	604
54P2R2A3_01303	31P2R1A5_02705	97.952	293	6	0	1	293	1	293	0.0	595
54P2R2A3_01311	54P2R2A3_01311	100.000	80	0	0	1	80	1	80	1.32e-52	158
54P2R2A3_01311	31P2R1A5_02697	97.500	80	2	0	1	80	1	80	3.37e-51	154
54P2R2A3_01313	54P2R2A3_01313	100.000	258	0	0	1	258	1	258	0.0	518
54P2R2A3_01313	31P2R1A5_02695	96.512	258	9	0	1	258	1	258	0.0	501
54P2R2A3_01314	54P2R2A3_01314	100.000	225	0	0	1	225	1	225	2.43e-161	444
54P2R2A3_01314	31P2R1A5_02694	95.111	225	11	0	1	225	1	225	2.44e-146	407
54P2R2A3_01324	54P2R2A3_01324	100.000	100	0	0	1	100	1	100	8.86e-69	200
54P2R2A3_01324	31P2R1A5_02684	98.000	100	2	0	1	100	1	100	1.21e-66	195
54P2R2A3_01329	54P2R2A3_01329	100.000	659	0	0	1	659	1	659	0.0	1355
54P2R2A3_01329	31P2R1A5_02679	96.662	659	22	0	1	659	1	659	0.0	1314
54P2R2A3_01332	54P2R2A3_01332	100.000	422	0	0	1	422	1	422	0.0	826
54P2R2A3_01332	31P2R1A5_02676	98.341	422	7	0	1	422	26	447	0.0	821
54P2R2A3_01332	51P2R2A10_03917	97.630	422	10	0	1	422	26	447	0.0	810
54P2R2A3_01332	18P3R3A11_01854	96.919	422	13	0	1	422	26	447	0.0	810
54P2R2A3_01332	10P3R2A13_01263	95.735	422	18	0	1	422	26	447	0.0	752
54P2R2A3_01332	28P2R1A12_02934	95.722	374	16	0	49	422	1	374	0.0	662
54P2R2A3_01336	54P2R2A3_01336	100.000	346	0	0	1	346	1	346	0.0	720
54P2R2A3_01336	31P2R1A5_02672	95.665	346	15	0	1	346	1	346	0.0	694
54P2R2A3_01337	54P2R2A3_01337	100.000	218	0	0	1	218	1	218	1.60e-161	444
54P2R2A3_01340	54P2R2A3_01340	100.000	107	0	0	1	107	1	107	2.10e-68	200
54P2R2A3_01340	31P2R1A5_02668	97.196	107	3	0	1	107	1	107	6.84e-66	194
54P2R2A3_01353	54P2R2A3_01353	100.000	128	0	0	1	128	1	128	2.32e-92	262
54P2R2A3_01353	31P2R1A5_02655	97.656	128	3	0	1	128	1	128	8.80e-90	256
54P2R2A3_01361	54P2R2A3_01361	100.000	508	0	0	1	508	1	508	0.0	997
54P2R2A3_01361	31P2R1A5_02647	95.866	508	21	0	1	508	1	508	0.0	866
54P2R2A3_01361	34P3R2A10_01916	96.190	105	4	0	404	508	1	105	2.21e-65	206
54P2R2A3_01370	54P2R2A3_01370	100.000	407	0	0	1	407	1	407	0.0	786
54P2R2A3_01370	31P2R1A5_02638	97.052	407	12	0	1	407	1	407	0.0	764
54P2R2A3_01372	54P2R2A3_01372	100.000	127	0	0	1	127	1	127	3.96e-85	244
54P2R2A3_01372	31P2R1A5_02636	97.638	127	3	0	1	127	1	127	2.83e-83	239
54P2R2A3_01376	54P2R2A3_01376	100.000	662	0	0	1	662	1	662	0.0	1368
54P2R2A3_01376	31P2R1A5_02632	96.979	662	20	0	1	662	1	662	0.0	1330
54P2R2A3_01380	54P2R2A3_01380	100.000	287	0	0	1	287	1	287	0.0	572
54P2R2A3_01380	31P2R1A5_02628	97.213	287	8	0	1	287	1	287	0.0	558
54P2R2A3_01381	54P2R2A3_01381	100.000	523	0	0	1	523	1	523	0.0	1064
54P2R2A3_01381	31P2R1A5_02627	96.750	523	17	0	1	523	1	523	0.0	1033
54P2R2A3_01387	54P2R2A3_01387	100.000	338	0	0	1	338	1	338	0.0	682
54P2R2A3_01387	31P2R1A5_02619	97.041	338	10	0	1	338	1	338	0.0	662
54P2R2A3_01395	54P2R2A3_01395	100.000	424	0	0	1	424	1	424	0.0	863
54P2R2A3_01395	31P2R1A5_02605	96.698	424	14	0	1	424	1	424	0.0	836
54P2R2A3_01399	54P2R2A3_01399	100.000	398	0	0	1	398	1	398	0.0	786
54P2R2A3_01399	31P2R1A5_02601	96.482	398	14	0	1	398	1	398	0.0	761
54P2R2A3_01402	54P2R2A3_01402	100.000	253	0	0	1	253	1	253	0.0	505
54P2R2A3_01402	31P2R1A5_02598	97.628	253	6	0	1	253	1	253	9.12e-180	493
54P2R2A3_01412	54P2R2A3_01412	100.000	370	0	0	1	370	1	370	0.0	753
54P2R2A3_01412	31P2R1A5_02588	97.568	370	9	0	1	370	1	370	0.0	736
54P2R2A3_01415	54P2R2A3_01415	100.000	244	0	0	1	244	1	244	8.61e-179	490
54P2R2A3_01415	31P2R1A5_02585	95.492	244	11	0	1	244	1	244	8.84e-164	452
54P2R2A3_01417	54P2R2A3_01417	100.000	518	0	0	1	518	1	518	0.0	1072
54P2R2A3_01417	31P2R1A5_02583	95.174	518	25	0	1	518	1	518	0.0	1026
54P2R2A3_01418	54P2R2A3_01418	100.000	66	0	0	1	66	1	66	1.13e-42	132
54P2R2A3_01418	31P2R1A5_02582	96.970	66	2	0	1	66	1	66	9.49e-42	129
54P2R2A3_01419	54P2R2A3_01419	100.000	560	0	0	1	560	1	560	0.0	1144
54P2R2A3_01419	31P2R1A5_02581	97.857	560	12	0	1	560	1	560	0.0	1123
54P2R2A3_01420	54P2R2A3_01420	100.000	334	0	0	1	334	1	334	0.0	674
54P2R2A3_01420	31P2R1A5_02580	97.305	334	9	0	1	334	1	334	0.0	657
54P2R2A3_01421	54P2R2A3_01421	100.000	159	0	0	1	159	1	159	4.80e-118	330
54P2R2A3_01421	31P2R1A5_02579	96.226	159	6	0	1	159	1	159	2.42e-115	323
54P2R2A3_01423	54P2R2A3_01423	100.000	812	0	0	1	812	1	812	0.0	1643
54P2R2A3_01423	31P2R1A5_02577	95.062	810	40	0	1	810	1	810	0.0	1530
54P2R2A3_01426	54P2R2A3_01426	100.000	180	0	0	1	180	1	180	1.39e-126	353
54P2R2A3_01433	54P2R2A3_01433	100.000	465	0	0	1	465	1	465	0.0	937
54P2R2A3_01433	31P2R1A5_02566	95.269	465	22	0	1	465	1	465	0.0	869
54P2R2A3_01435	54P2R2A3_01435	100.000	402	0	0	1	402	1	402	0.0	795
54P2R2A3_01435	31P2R1A5_02564	97.761	402	9	0	1	402	1	402	0.0	781
54P2R2A3_01435	42P1R1A12_00216	95.025	402	19	1	1	402	1	401	0.0	716
54P2R2A3_01436	54P2R2A3_01436	100.000	215	0	0	1	215	1	215	7.21e-159	437
54P2R2A3_01437	54P2R2A3_01437	100.000	194	0	0	1	194	1	194	6.23e-148	408
54P2R2A3_01438	54P2R2A3_01438	100.000	147	0	0	1	147	1	147	6.84e-108	303
54P2R2A3_01438	31P2R1A5_02561	95.862	145	6	0	1	145	1	145	1.18e-102	290
54P2R2A3_01439	54P2R2A3_01439	100.000	777	0	0	1	777	1	777	0.0	1607
54P2R2A3_01439	31P2R1A5_02560	97.297	777	21	0	1	777	1	777	0.0	1573
54P2R2A3_01442	54P2R2A3_01442	100.000	250	0	0	1	250	1	250	0.0	509
54P2R2A3_01442	31P2R1A5_02557	96.400	250	9	0	1	250	1	250	2.72e-180	494
54P2R2A3_01447	54P2R2A3_01447	100.000	452	0	0	1	452	1	452	0.0	890
54P2R2A3_01447	31P2R1A5_02552	96.903	452	14	0	1	452	1	452	0.0	864
54P2R2A3_01450	54P2R2A3_01450	100.000	540	0	0	1	540	1	540	0.0	1085
54P2R2A3_01451	54P2R2A3_01451	100.000	51	0	0	1	51	1	51	1.50e-31	103
54P2R2A3_01451	31P2R1A5_02548	98.039	51	1	0	1	51	21	71	1.64e-30	100
54P2R2A3_01454	54P2R2A3_01454	100.000	101	0	0	1	101	1	101	7.16e-73	211
54P2R2A3_01454	31P2R1A5_02545	97.030	101	3	0	1	101	1	101	9.66e-72	208
54P2R2A3_01455	54P2R2A3_01455	100.000	332	0	0	1	332	1	332	0.0	667
54P2R2A3_01455	31P2R1A5_02544	97.289	332	9	0	1	332	1	332	0.0	654
54P2R2A3_01456	54P2R2A3_01456	100.000	149	0	0	1	149	1	149	2.16e-107	302
54P2R2A3_01457	54P2R2A3_01457	100.000	124	0	0	1	124	1	124	1.02e-88	253
54P2R2A3_01457	31P2R1A5_02542	96.774	124	4	0	1	124	1	124	1.61e-85	244
54P2R2A3_01464	54P2R2A3_01464	100.000	188	0	0	1	188	1	188	1.75e-142	394
54P2R2A3_01464	31P2R1A5_02535	97.872	188	4	0	1	188	1	188	1.56e-140	389
54P2R2A3_01467	54P2R2A3_01467	100.000	162	0	0	1	162	1	162	7.13e-116	324
54P2R2A3_01467	31P2R1A5_02532	96.914	162	5	0	1	162	1	162	1.60e-112	316
54P2R2A3_01469	54P2R2A3_01469	100.000	463	0	0	1	463	1	463	0.0	937
54P2R2A3_01469	31P2R1A5_02521	96.328	463	17	0	1	463	1	463	0.0	876
54P2R2A3_01490	54P2R2A3_01490	100.000	263	0	0	1	263	1	263	0.0	550
54P2R2A3_01490	31P2R1A5_02500	97.719	263	6	0	1	263	1	263	0.0	540
54P2R2A3_01494	54P2R2A3_01494	100.000	340	0	0	1	340	1	340	0.0	701
54P2R2A3_01494	31P2R1A5_02496	98.235	340	6	0	1	340	14	353	0.0	691
54P2R2A3_01495	54P2R2A3_01495	100.000	324	0	0	1	324	1	324	0.0	656
54P2R2A3_01495	31P2R1A5_02495	97.840	324	7	0	1	324	1	324	0.0	644
54P2R2A3_01498	54P2R2A3_01498	100.000	360	0	0	1	360	1	360	0.0	740
54P2R2A3_01498	31P2R1A5_02492	97.222	360	10	0	1	360	1	360	0.0	717
54P2R2A3_01500	54P2R2A3_01500	100.000	359	0	0	1	359	1	359	0.0	737
54P2R2A3_01500	31P2R1A5_02490	97.772	359	8	0	1	359	1	359	0.0	723
54P2R2A3_01501	54P2R2A3_01501	100.000	376	0	0	1	376	1	376	0.0	777
54P2R2A3_01501	31P2R1A5_02489	97.606	376	9	0	1	376	1	376	0.0	756
54P2R2A3_01502	54P2R2A3_01502	100.000	365	0	0	1	365	1	365	0.0	745
54P2R2A3_01502	31P2R1A5_02488	97.534	365	9	0	1	365	1	365	0.0	729
54P2R2A3_01503	54P2R2A3_01503	100.000	330	0	0	1	330	1	330	0.0	691
54P2R2A3_01503	31P2R1A5_02487	98.171	328	6	0	1	328	1	328	0.0	678
54P2R2A3_01505	54P2R2A3_01505	100.000	259	0	0	1	259	1	259	0.0	533
54P2R2A3_01510	54P2R2A3_01510	100.000	222	0	0	1	222	1	222	2.64e-164	452
54P2R2A3_01510	31P2R1A5_02480	96.847	222	7	0	1	222	1	222	6.69e-159	438
54P2R2A3_01511	54P2R2A3_01511	100.000	406	0	0	1	406	1	406	0.0	830
54P2R2A3_01511	31P2R1A5_02479	97.783	406	9	0	1	406	1	406	0.0	817
54P2R2A3_01514	54P2R2A3_01514	100.000	339	0	0	1	339	1	339	0.0	702
54P2R2A3_01517	54P2R2A3_01517	100.000	365	0	0	1	365	1	365	0.0	728
54P2R2A3_01517	31P2R1A5_02474	97.534	365	9	0	1	365	16	380	0.0	716
54P2R2A3_01518	54P2R2A3_01518	100.000	306	0	0	1	306	1	306	0.0	638
54P2R2A3_01519	54P2R2A3_01519	100.000	322	0	0	1	322	1	322	0.0	649
54P2R2A3_01520	54P2R2A3_01520	100.000	567	0	0	1	567	1	567	0.0	1182
54P2R2A3_01522	54P2R2A3_01522	100.000	249	0	0	1	249	1	249	0.0	514
54P2R2A3_01523	54P2R2A3_01523	100.000	353	0	0	1	353	1	353	0.0	731
54P2R2A3_01523	31P2R1A5_02468	96.601	353	12	0	1	353	1	353	0.0	706
54P2R2A3_01524	54P2R2A3_01524	100.000	417	0	0	1	417	1	417	0.0	815
54P2R2A3_01524	44P3R3A6_02433	96.635	416	14	0	1	416	1	416	0.0	787
54P2R2A3_01526	54P2R2A3_01526	100.000	559	0	0	1	559	1	559	0.0	1122
54P2R2A3_01535	54P2R2A3_01535	100.000	201	0	0	1	201	1	201	4.89e-148	409
54P2R2A3_01538	54P2R2A3_01538	100.000	255	0	0	1	255	1	255	0.0	524
54P2R2A3_01538	31P2R1A5_02453	97.255	255	7	0	1	255	1	255	0.0	513
54P2R2A3_01545	54P2R2A3_01545	100.000	572	0	0	1	572	1	572	0.0	1141
54P2R2A3_01545	31P2R1A5_02446	97.518	564	14	0	1	564	1	564	0.0	1104
54P2R2A3_01549	54P2R2A3_01549	100.000	773	0	0	1	773	1	773	0.0	1612
54P2R2A3_01549	31P2R1A5_02442	97.801	773	17	0	1	773	1	773	0.0	1581
54P2R2A3_01555	54P2R2A3_01555	100.000	233	0	0	1	233	1	233	2.31e-174	478
54P2R2A3_01555	44P3R3A6_02473	99.142	233	2	0	1	233	17	249	1.62e-172	474
54P2R2A3_01559	54P2R2A3_01559	100.000	187	0	0	1	187	1	187	3.34e-137	380
54P2R2A3_01559	31P2R1A5_02432	97.326	187	5	0	1	187	1	187	9.02e-133	369
54P2R2A3_01564	54P2R2A3_01564	100.000	157	0	0	1	157	1	157	1.41e-116	326
54P2R2A3_01564	31P2R1A5_02427	97.452	157	4	0	1	157	1	157	4.07e-114	320
54P2R2A3_01565	54P2R2A3_01565	100.000	209	0	0	1	209	1	209	5.50e-157	432
54P2R2A3_01565	31P2R1A5_02426	97.596	208	5	0	1	208	1	208	6.98e-154	424
54P2R2A3_01568	54P2R2A3_01568	100.000	216	0	0	1	216	1	216	1.73e-160	442
54P2R2A3_01568	31P2R1A5_02423	97.222	216	6	0	1	216	1	216	8.27e-156	430
54P2R2A3_01569	54P2R2A3_01569	100.000	191	0	0	1	191	1	191	3.51e-138	383
54P2R2A3_01570	54P2R2A3_01570	100.000	235	0	0	1	235	1	235	3.66e-175	480
54P2R2A3_01570	31P2R1A5_02336	97.872	235	5	0	1	235	1	235	4.95e-172	473
54P2R2A3_01571	54P2R2A3_01571	100.000	293	0	0	1	293	1	293	0.0	592
54P2R2A3_01571	31P2R1A5_02335	95.189	291	14	0	1	291	1	291	0.0	568
54P2R2A3_01573	54P2R2A3_01573	100.000	154	0	0	1	154	1	154	1.12e-109	308
54P2R2A3_01573	31P2R1A5_02333	96.104	154	6	0	1	154	1	154	6.89e-105	296
54P2R2A3_01574	54P2R2A3_01574	100.000	290	0	0	1	290	1	290	0.0	581
54P2R2A3_01574	31P2R1A5_02332	96.552	290	10	0	1	290	1	290	0.0	564
54P2R2A3_01577	54P2R2A3_01577	100.000	392	0	0	1	392	1	392	0.0	818
54P2R2A3_01577	31P2R1A5_02329	96.939	392	12	0	1	392	1	392	0.0	796
54P2R2A3_01582	54P2R2A3_01582	100.000	479	0	0	1	479	1	479	0.0	995
54P2R2A3_01582	31P2R1A5_02324	96.660	479	16	0	1	479	1	479	0.0	965
54P2R2A3_01584	54P2R2A3_01584	100.000	429	0	0	1	429	1	429	0.0	883
54P2R2A3_01584	31P2R1A5_02322	96.503	429	15	0	1	429	1	429	0.0	860
54P2R2A3_01585	54P2R2A3_01585	100.000	376	0	0	1	376	1	376	0.0	776
54P2R2A3_01585	31P2R1A5_02321	97.340	376	10	0	1	376	1	376	0.0	756
54P2R2A3_01588	54P2R2A3_01588	100.000	109	0	0	1	109	1	109	7.58e-78	224
54P2R2A3_01588	31P2R1A5_02318	97.196	107	3	0	1	107	1	107	1.52e-75	218
54P2R2A3_01596	54P2R2A3_01596	100.000	160	0	0	1	160	1	160	8.33e-116	324
54P2R2A3_01596	31P2R1A5_02310	97.500	160	4	0	1	160	1	160	3.85e-113	317
54P2R2A3_01608	54P2R2A3_01608	100.000	184	0	0	1	184	1	184	6.71e-134	372
54P2R2A3_01608	31P2R1A5_02298	97.826	184	4	0	1	184	1	184	8.02e-132	367
54P2R2A3_01609	54P2R2A3_01609	100.000	186	0	0	1	186	1	186	1.68e-133	371
54P2R2A3_01609	31P2R1A5_02297	97.312	186	5	0	1	186	1	186	4.08e-129	360
54P2R2A3_01610	54P2R2A3_01610	100.000	136	0	0	1	136	1	136	2.81e-93	265
54P2R2A3_01610	31P2R1A5_02296	95.588	136	6	0	1	136	1	136	2.85e-73	214
54P2R2A3_01611	54P2R2A3_01611	100.000	108	0	0	1	108	1	108	1.52e-74	216
54P2R2A3_01611	31P2R1A5_02295	97.222	108	3	0	1	108	1	108	5.95e-72	209
54P2R2A3_01616	54P2R2A3_01616	100.000	107	0	0	1	107	1	107	2.03e-73	213
54P2R2A3_01619	54P2R2A3_01619	100.000	359	0	0	1	359	1	359	0.0	724
54P2R2A3_01619	31P2R1A5_02287	95.822	359	15	0	1	359	1	359	0.0	696
54P2R2A3_01622	54P2R2A3_01622	100.000	147	0	0	1	147	1	147	2.09e-107	302
54P2R2A3_01622	31P2R1A5_02284	95.918	147	6	0	1	147	1	147	3.00e-103	291
54P2R2A3_01622	44P3R3A6_02653	96.599	147	5	0	1	147	1	147	4.46e-103	291
54P2R2A3_01625	54P2R2A3_01625	100.000	451	0	0	1	451	1	451	0.0	894
54P2R2A3_01625	31P2R1A5_02281	96.452	451	16	0	1	451	1	451	0.0	866
54P2R2A3_01626	54P2R2A3_01626	100.000	371	0	0	1	371	1	371	0.0	751
54P2R2A3_01626	31P2R1A5_02280	96.765	371	12	0	1	371	1	371	0.0	734
54P2R2A3_01626	44P3R3A6_02657	96.226	371	14	0	1	371	1	371	0.0	733
54P2R2A3_01627	54P2R2A3_01627	100.000	463	0	0	1	463	1	463	0.0	940
54P2R2A3_01627	31P2R1A5_02279	96.976	463	13	1	1	463	1	462	0.0	905
54P2R2A3_01628	54P2R2A3_01628	100.000	339	0	0	1	339	1	339	0.0	686
54P2R2A3_01628	44P3R3A6_02659	95.870	339	14	0	1	339	1	339	0.0	636
54P2R2A3_01628	31P2R1A5_02278	95.575	339	15	0	1	339	1	339	0.0	636
54P2R2A3_01629	54P2R2A3_01629	100.000	92	0	0	1	92	1	92	1.16e-59	177
54P2R2A3_01629	44P3R3A6_02660	96.739	92	3	0	1	92	1	92	7.63e-57	170
54P2R2A3_01630	54P2R2A3_01630	100.000	164	0	0	1	164	1	164	1.03e-112	317
54P2R2A3_01630	31P2R1A5_02276	95.122	164	8	0	1	164	1	164	2.69e-96	275
54P2R2A3_01632	54P2R2A3_01632	100.000	149	0	0	1	149	1	149	4.01e-105	296
54P2R2A3_01634	54P2R2A3_01634	100.000	117	0	0	1	117	1	117	7.35e-85	242
54P2R2A3_01636	54P2R2A3_01636	100.000	175	0	0	1	175	1	175	7.54e-127	353
54P2R2A3_01636	31P2R1A5_02270	97.714	175	4	0	1	175	1	175	1.30e-124	347
54P2R2A3_01641	54P2R2A3_01641	100.000	270	0	0	1	270	1	270	0.0	538
54P2R2A3_01641	31P2R1A5_02265	97.407	270	7	0	1	270	1	270	0.0	525
54P2R2A3_01643	54P2R2A3_01643	100.000	459	0	0	1	459	1	459	0.0	942
54P2R2A3_01643	31P2R1A5_02263	97.155	457	13	0	1	457	1	457	0.0	915
54P2R2A3_01644	54P2R2A3_01644	100.000	320	0	0	1	320	1	320	0.0	632
54P2R2A3_01644	31P2R1A5_02262	97.812	320	7	0	1	320	1	320	0.0	623
54P2R2A3_01647	54P2R2A3_01647	100.000	202	0	0	1	202	1	202	5.72e-147	406
54P2R2A3_01647	31P2R1A5_02259	97.030	202	6	0	1	202	1	202	5.64e-142	394
54P2R2A3_01650	54P2R2A3_01650	100.000	352	0	0	1	352	1	352	0.0	706
54P2R2A3_01650	31P2R1A5_02256	97.727	352	8	0	1	352	1	352	0.0	691
54P2R2A3_01652	54P2R2A3_01652	100.000	262	0	0	1	262	1	262	0.0	531
54P2R2A3_01652	31P2R1A5_02254	96.947	262	8	0	1	262	1	262	0.0	516
54P2R2A3_01653	54P2R2A3_01653	100.000	265	0	0	1	265	1	265	0.0	550
54P2R2A3_01653	31P2R1A5_02253	97.358	265	7	0	1	265	1	265	0.0	538
54P2R2A3_01656	54P2R2A3_01656	100.000	94	0	0	1	94	1	94	8.79e-65	190
54P2R2A3_01656	31P2R1A5_02250	97.872	94	2	0	1	94	1	94	5.11e-63	185
54P2R2A3_01666	54P2R2A3_01666	100.000	274	0	0	1	274	1	274	0.0	557
54P2R2A3_01666	42P1R1A12_01265	97.770	269	6	0	1	269	1	269	0.0	538
54P2R2A3_01667	54P2R2A3_01667	100.000	144	0	0	1	144	1	144	2.99e-102	288
54P2R2A3_01667	31P2R1A5_02239	97.887	142	3	0	1	142	1	142	1.18e-98	280
54P2R2A3_01667	44P3R3A6_02698	95.070	142	7	0	1	142	1	142	2.76e-95	271
54P2R2A3_01675	54P2R2A3_01675	100.000	473	0	0	1	473	1	473	0.0	968
54P2R2A3_01675	31P2R1A5_02231	97.674	473	11	0	1	473	1	473	0.0	947
54P2R2A3_01694	54P2R2A3_01694	100.000	282	0	0	1	282	1	282	0.0	584
54P2R2A3_01694	31P2R1A5_02212	97.518	282	7	0	1	282	1	282	0.0	572
54P2R2A3_01695	54P2R2A3_01695	100.000	182	0	0	1	182	1	182	2.73e-134	372
54P2R2A3_01695	31P2R1A5_02211	95.055	182	9	0	1	182	1	182	4.94e-128	357
54P2R2A3_01697	54P2R2A3_01697	100.000	265	0	0	1	265	1	265	0.0	543
54P2R2A3_01697	31P2R1A5_02209	96.981	265	8	0	1	265	1	265	0.0	528
54P2R2A3_01698	54P2R2A3_01698	100.000	148	0	0	1	148	1	148	1.90e-107	302
54P2R2A3_01698	31P2R1A5_02208	98.630	146	2	0	1	146	1	146	2.83e-105	296
54P2R2A3_01702	54P2R2A3_01702	100.000	380	0	0	1	380	1	380	0.0	752
54P2R2A3_01702	31P2R1A5_02204	96.316	380	14	0	1	380	1	380	0.0	725
54P2R2A3_01704	54P2R2A3_01704	100.000	435	0	0	1	435	1	435	0.0	892
54P2R2A3_01704	31P2R1A5_02202	97.471	435	11	0	1	435	1	435	0.0	870
54P2R2A3_01706	54P2R2A3_01706	100.000	264	0	0	1	264	1	264	0.0	538
54P2R2A3_01706	31P2R1A5_02200	96.970	264	8	0	1	264	1	264	0.0	525
54P2R2A3_01706	42P1R1A12_01299	96.591	264	9	0	1	264	1	264	0.0	523
54P2R2A3_01706	51P2R2A10_02509	95.455	264	12	0	1	264	1	264	0.0	519
54P2R2A3_01709	54P2R2A3_01709	100.000	370	0	0	1	370	1	370	0.0	767
54P2R2A3_01709	31P2R1A5_02197	97.838	370	8	0	1	370	1	370	0.0	749
54P2R2A3_01712	54P2R2A3_01712	100.000	600	0	0	1	600	1	600	0.0	1224
54P2R2A3_01712	31P2R1A5_02194	97.667	600	14	0	1	600	1	600	0.0	1199
54P2R2A3_01714	54P2R2A3_01714	100.000	245	0	0	1	245	1	245	0.0	503
54P2R2A3_01714	18P3R3A11_04224	97.959	245	5	0	1	245	1	245	6.76e-180	493
54P2R2A3_01714	56P2R2A4_02701	97.143	245	7	0	1	245	1	245	1.04e-178	490
54P2R2A3_01714	38P2R3A13_07625	97.143	245	7	0	1	245	1	245	3.18e-178	489
54P2R2A3_01714	31P2R1A5_02192	96.327	245	9	0	1	245	1	245	1.11e-177	488
54P2R2A3_01715	54P2R2A3_01715	100.000	349	0	0	1	349	1	349	0.0	725
54P2R2A3_01722	54P2R2A3_01722	100.000	237	0	0	1	237	1	237	1.07e-175	482
54P2R2A3_01722	31P2R1A5_02184	97.468	237	6	0	1	237	1	237	2.81e-170	468
54P2R2A3_01727	54P2R2A3_01727	100.000	379	0	0	1	379	1	379	0.0	761
54P2R2A3_01727	31P2R1A5_02179	97.625	379	9	0	1	379	1	379	0.0	747
54P2R2A3_01729	54P2R2A3_01729	100.000	126	0	0	1	126	1	126	7.79e-92	261
54P2R2A3_01730	54P2R2A3_01730	100.000	401	0	0	1	401	1	401	0.0	781
54P2R2A3_01730	31P2R1A5_02176	96.259	401	15	0	1	401	1	401	0.0	756
54P2R2A3_01731	54P2R2A3_01731	100.000	296	0	0	1	296	1	296	0.0	593
54P2R2A3_01731	31P2R1A5_02175	95.270	296	14	0	1	296	1	296	0.0	541
54P2R2A3_01732	54P2R2A3_01732	100.000	136	0	0	1	136	1	136	9.90e-98	276
54P2R2A3_01741	54P2R2A3_01741	100.000	332	0	0	1	332	1	332	0.0	620
54P2R2A3_01741	31P2R1A5_02166	97.892	332	7	0	1	332	1	332	0.0	610
54P2R2A3_01743	54P2R2A3_01743	100.000	344	0	0	1	344	1	344	0.0	712
54P2R2A3_01743	31P2R1A5_02164	97.384	344	9	0	1	344	1	344	0.0	694
54P2R2A3_01748	54P2R2A3_01748	100.000	296	0	0	1	296	1	296	0.0	606
54P2R2A3_01748	31P2R1A5_02159	95.608	296	13	0	1	296	1	296	0.0	560
54P2R2A3_01749	54P2R2A3_01749	100.000	114	0	0	1	114	1	114	1.66e-81	234
54P2R2A3_01749	31P2R1A5_02158	95.614	114	5	0	1	114	1	114	5.51e-77	222
54P2R2A3_01765	54P2R2A3_01765	100.000	374	0	0	1	374	1	374	0.0	770
54P2R2A3_01765	31P2R1A5_02142	97.594	374	9	0	1	374	1	374	0.0	755
54P2R2A3_01777	54P2R2A3_01777	100.000	157	0	0	1	157	1	157	3.50e-113	317
54P2R2A3_01777	31P2R1A5_02130	95.541	157	7	0	1	157	1	157	1.68e-108	305
54P2R2A3_01778	54P2R2A3_01778	100.000	103	0	0	1	103	1	103	1.16e-71	208
54P2R2A3_01778	31P2R1A5_02129	95.146	103	5	0	1	103	1	103	1.51e-67	197
54P2R2A3_01781	54P2R2A3_01781	100.000	338	0	0	1	338	1	338	0.0	695
54P2R2A3_01781	31P2R1A5_02126	97.929	338	7	0	1	338	1	338	0.0	682
54P2R2A3_01783	54P2R2A3_01783	100.000	745	0	0	1	745	1	745	0.0	1496
54P2R2A3_01783	31P2R1A5_02124	95.020	743	37	0	1	743	1	743	0.0	1361
54P2R2A3_01785	54P2R2A3_01785	100.000	378	0	0	1	378	1	378	0.0	769
54P2R2A3_01785	31P2R1A5_02122	97.074	376	11	0	1	376	1	376	0.0	746
54P2R2A3_01787	54P2R2A3_01787	100.000	517	0	0	1	517	1	517	0.0	1036
54P2R2A3_01787	31P2R1A5_02120	97.679	517	12	0	1	517	1	517	0.0	1011
54P2R2A3_01789	54P2R2A3_01789	100.000	258	0	0	1	258	1	258	0.0	532
54P2R2A3_01789	31P2R1A5_02118	97.674	258	6	0	1	258	1	258	0.0	517
54P2R2A3_01790	54P2R2A3_01790	100.000	120	0	0	1	120	1	120	4.97e-85	243
54P2R2A3_01792	54P2R2A3_01792	100.000	121	0	0	1	121	1	121	6.50e-86	245
54P2R2A3_01793	54P2R2A3_01793	100.000	327	0	0	1	327	1	327	0.0	650
54P2R2A3_01796	54P2R2A3_01796	100.000	36	0	0	1	36	1	36	2.52e-17	66.2
54P2R2A3_01797	54P2R2A3_01797	100.000	237	0	0	1	237	1	237	4.34e-172	473
54P2R2A3_01797	31P2R1A5_02109	95.575	226	10	0	12	237	1	226	1.00e-156	433
54P2R2A3_01798	54P2R2A3_01798	100.000	288	0	0	1	288	1	288	0.0	545
54P2R2A3_01798	31P2R1A5_02108	96.875	288	9	0	1	288	1	288	0.0	525
54P2R2A3_01799	54P2R2A3_01799	100.000	293	0	0	1	293	1	293	0.0	592
54P2R2A3_01799	31P2R1A5_02107	95.904	293	12	0	1	293	1	293	0.0	572
54P2R2A3_01802	54P2R2A3_01802	100.000	167	0	0	1	167	1	167	5.21e-122	340
54P2R2A3_01802	31P2R1A5_02104	96.407	167	6	0	1	167	1	167	1.54e-117	329
54P2R2A3_01810	54P2R2A3_01810	100.000	105	0	0	1	105	1	105	2.19e-72	210
54P2R2A3_01810	31P2R1A5_02096	97.143	105	3	0	1	105	1	105	1.99e-70	205
54P2R2A3_01815	54P2R2A3_01815	100.000	256	0	0	1	256	1	256	0.0	522
54P2R2A3_01815	31P2R1A5_02091	96.443	253	9	0	1	253	1	253	0.0	503
54P2R2A3_01817	54P2R2A3_01817	100.000	513	0	0	1	513	1	513	0.0	1026
54P2R2A3_01817	31P2R1A5_02089	97.661	513	12	0	1	513	1	513	0.0	1009
54P2R2A3_01820	54P2R2A3_01820	100.000	112	0	0	1	112	1	112	5.10e-75	217
54P2R2A3_01820	31P2R1A5_02086	95.536	112	5	0	1	112	1	112	4.37e-71	207
54P2R2A3_01822	54P2R2A3_01822	100.000	333	0	0	1	333	1	333	0.0	689
54P2R2A3_01822	31P2R1A5_02084	97.898	333	7	0	1	333	1	333	0.0	679
54P2R2A3_01826	54P2R2A3_01826	100.000	714	0	0	1	714	1	714	0.0	1481
54P2R2A3_01826	31P2R1A5_02080	95.798	714	30	0	1	714	1	714	0.0	1427
54P2R2A3_01827	54P2R2A3_01827	100.000	137	0	0	1	137	1	137	3.22e-99	280
54P2R2A3_01827	31P2R1A5_02079	96.350	137	5	0	1	137	1	137	6.40e-96	272
54P2R2A3_01829	54P2R2A3_01829	100.000	144	0	0	1	144	1	144	9.51e-105	295
54P2R2A3_01829	31P2R1A5_02077	95.139	144	7	0	1	144	1	144	7.31e-100	282
54P2R2A3_01830	54P2R2A3_01830	100.000	451	0	0	1	451	1	451	0.0	902
54P2R2A3_01834	54P2R2A3_01834	100.000	134	0	0	1	134	1	134	3.55e-97	275
54P2R2A3_01835	54P2R2A3_01835	100.000	60	0	0	1	60	1	60	3.91e-37	117
54P2R2A3_01837	54P2R2A3_01837	100.000	182	0	0	1	182	1	182	8.61e-130	361
54P2R2A3_01839	54P2R2A3_01839	100.000	202	0	0	1	202	1	202	9.79e-147	405
54P2R2A3_01839	31P2R1A5_02067	95.545	202	9	0	1	202	1	202	3.99e-139	386
54P2R2A3_01840	54P2R2A3_01840	100.000	303	0	0	1	303	1	303	0.0	607
54P2R2A3_01841	54P2R2A3_01841	100.000	596	0	0	1	596	1	596	0.0	1204
54P2R2A3_01841	31P2R1A5_02064	96.141	596	23	0	1	596	1	596	0.0	1162
54P2R2A3_01843	54P2R2A3_01843	100.000	194	0	0	1	194	1	194	1.41e-140	389
54P2R2A3_01844	54P2R2A3_01844	100.000	221	0	0	1	221	1	221	1.43e-165	455
54P2R2A3_01844	44P3R3A6_04898	96.575	146	5	0	1	146	1	146	2.98e-102	292
54P2R2A3_01845	54P2R2A3_01845	100.000	852	0	0	1	852	1	852	0.0	1743
54P2R2A3_01846	54P2R2A3_01846	100.000	365	0	0	1	365	1	365	0.0	738
54P2R2A3_01847	54P2R2A3_01847	100.000	343	0	0	1	343	1	343	0.0	700
54P2R2A3_01848	54P2R2A3_01848	100.000	846	0	0	1	846	1	846	0.0	1739
54P2R2A3_01849	54P2R2A3_01849	100.000	223	0	0	1	223	1	223	1.70e-165	455
54P2R2A3_01850	54P2R2A3_01850	100.000	183	0	0	1	183	1	183	3.44e-133	370
54P2R2A3_01851	54P2R2A3_01851	100.000	234	0	0	1	234	1	234	1.09e-170	469
54P2R2A3_01852	54P2R2A3_01852	100.000	254	0	0	1	254	1	254	0.0	525
54P2R2A3_01852	31P2R1A5_02056	95.276	254	12	0	1	254	26	279	0.0	506
54P2R2A3_01853	54P2R2A3_01853	100.000	207	0	0	1	207	1	207	1.65e-148	410
54P2R2A3_01853	31P2R1A5_02055	96.618	207	7	0	1	207	1	207	1.63e-143	398
54P2R2A3_01860	54P2R2A3_01860	100.000	288	0	0	1	288	1	288	0.0	587
54P2R2A3_01860	31P2R1A5_02048	97.222	288	8	0	1	288	1	288	0.0	575
54P2R2A3_01863	54P2R2A3_01863	100.000	160	0	0	1	160	1	160	5.35e-118	330
54P2R2A3_01863	31P2R1A5_02025	98.101	158	3	0	1	158	1	158	3.79e-115	322
54P2R2A3_01866	54P2R2A3_01866	100.000	122	0	0	1	122	1	122	1.09e-87	250
54P2R2A3_01867	54P2R2A3_01867	100.000	191	0	0	1	191	1	191	1.15e-142	394
54P2R2A3_01867	31P2R1A5_02021	96.335	191	7	0	1	191	1	191	5.11e-137	380
54P2R2A3_01869	54P2R2A3_01869	100.000	267	0	0	1	267	1	267	0.0	543
54P2R2A3_01869	31P2R1A5_02019	96.629	267	9	0	1	267	1	267	0.0	526
54P2R2A3_01873	54P2R2A3_01873	100.000	97	0	0	1	97	1	97	8.79e-65	190
54P2R2A3_01873	31P2R1A5_01998	97.938	97	2	0	1	97	1	97	5.74e-64	188
54P2R2A3_01881	54P2R2A3_01881	100.000	83	0	0	1	83	1	83	3.83e-56	167
54P2R2A3_01881	47P2R3A6_04092	96.386	83	3	0	1	83	1	83	1.12e-54	164
54P2R2A3_01881	31P2R1A5_01990	97.590	83	2	0	1	83	1	83	2.41e-54	162
54P2R2A3_01881	18P3R3A11_04292	96.386	83	3	0	1	83	1	83	4.08e-54	162
54P2R2A3_01885	54P2R2A3_01885	100.000	153	0	0	1	153	1	153	2.91e-109	307
54P2R2A3_01885	44P3R3A6_05024	96.078	153	6	0	1	153	1	153	1.42e-83	242
54P2R2A3_01886	54P2R2A3_01886	100.000	457	0	0	1	457	1	457	0.0	916
54P2R2A3_01892	54P2R2A3_01892	100.000	291	0	0	1	291	1	291	0.0	602
54P2R2A3_01892	31P2R1A5_01979	97.232	289	8	0	1	289	1	289	0.0	588
54P2R2A3_01897	54P2R2A3_01897	100.000	244	0	0	1	244	1	244	0.0	505
54P2R2A3_01897	31P2R1A5_01974	96.721	244	8	0	1	244	1	244	1.08e-178	490
54P2R2A3_01902	54P2R2A3_01902	100.000	397	0	0	1	397	1	397	0.0	761
54P2R2A3_01902	31P2R1A5_03107	96.977	397	12	0	1	397	1	397	0.0	745
54P2R2A3_01904	54P2R2A3_01904	100.000	257	0	0	1	257	1	257	0.0	528
54P2R2A3_01904	31P2R1A5_03109	95.720	257	11	0	1	257	1	257	0.0	509
54P2R2A3_01911	54P2R2A3_01911	100.000	294	0	0	1	294	1	294	0.0	603
54P2R2A3_01911	31P2R1A5_03116	95.578	294	13	0	1	294	1	294	0.0	578
54P2R2A3_01912	54P2R2A3_01912	100.000	197	0	0	1	197	1	197	1.35e-137	382
54P2R2A3_01913	54P2R2A3_01913	100.000	257	0	0	1	257	1	257	0.0	531
54P2R2A3_01913	31P2R1A5_03119	95.720	257	11	0	1	257	1	257	0.0	515
54P2R2A3_01918	54P2R2A3_01918	100.000	448	0	0	1	448	1	448	0.0	914
54P2R2A3_01918	31P2R1A5_03124	95.759	448	19	0	1	448	1	448	0.0	878
54P2R2A3_01920	54P2R2A3_01920	100.000	265	0	0	1	265	1	265	0.0	539
54P2R2A3_01920	31P2R1A5_03126	95.094	265	13	0	1	265	1	265	6.04e-178	490
54P2R2A3_01923	54P2R2A3_01923	100.000	408	0	0	1	408	1	408	0.0	843
54P2R2A3_01923	31P2R1A5_03129	97.549	408	10	0	1	408	1	408	0.0	831
54P2R2A3_01923	42P1R1A12_04891	96.078	408	16	0	1	408	1	408	0.0	760
54P2R2A3_01924	54P2R2A3_01924	100.000	72	0	0	1	72	1	72	7.08e-47	143
54P2R2A3_01924	31P2R1A5_03130	97.222	72	2	0	1	72	1	72	2.83e-46	141
54P2R2A3_01925	54P2R2A3_01925	100.000	287	0	0	1	287	1	287	0.0	590
