54P2R2A3_01927	54P2R2A3_01927	100.000	151	0	0	1	151	1	151	6.92e-110	308
54P2R2A3_01927	44P3R3A6_04831	96.026	151	6	0	1	151	1	151	5.61e-106	298
54P2R2A3_01927	31P2R1A5_03133	95.364	151	7	0	1	151	1	151	2.12e-104	295
54P2R2A3_01932	54P2R2A3_01932	100.000	231	0	0	1	231	1	231	7.85e-171	469
54P2R2A3_01932	31P2R1A5_03138	97.835	231	5	0	1	231	1	231	1.07e-166	459
54P2R2A3_01939	54P2R2A3_01939	100.000	250	0	0	1	250	1	250	0.0	512
54P2R2A3_01939	31P2R1A5_03145	96.800	250	8	0	1	250	1	250	0.0	500
54P2R2A3_01940	54P2R2A3_01940	100.000	213	0	0	1	213	1	213	3.91e-158	436
54P2R2A3_01940	44P3R3A6_04818	95.775	213	9	0	1	213	1	213	2.94e-151	418
54P2R2A3_01942	54P2R2A3_01942	100.000	466	0	0	1	466	1	466	0.0	942
54P2R2A3_01943	54P2R2A3_01943	100.000	512	0	0	1	512	1	512	0.0	1020
54P2R2A3_01947	54P2R2A3_01947	100.000	382	0	0	1	382	1	382	0.0	786
54P2R2A3_01948	54P2R2A3_01948	100.000	161	0	0	1	161	1	161	4.11e-118	330
54P2R2A3_01949	54P2R2A3_01949	100.000	266	0	0	1	266	1	266	0.0	543
54P2R2A3_01950	54P2R2A3_01950	100.000	179	0	0	1	179	1	179	4.68e-128	357
54P2R2A3_01951	54P2R2A3_01951	100.000	179	0	0	1	179	1	179	1.75e-132	368
54P2R2A3_01952	54P2R2A3_01952	100.000	853	0	0	1	853	1	853	0.0	1763
54P2R2A3_01953	54P2R2A3_01953	100.000	261	0	0	1	261	1	261	0.0	531
54P2R2A3_01954	54P2R2A3_01954	100.000	223	0	0	1	223	1	223	7.40e-165	453
54P2R2A3_01955	54P2R2A3_01955	100.000	166	0	0	1	166	1	166	1.16e-122	342
54P2R2A3_01956	54P2R2A3_01956	100.000	135	0	0	1	135	1	135	2.04e-98	278
54P2R2A3_01957	54P2R2A3_01957	100.000	266	0	0	1	266	1	266	0.0	540
54P2R2A3_01958	54P2R2A3_01958	100.000	297	0	0	1	297	1	297	0.0	608
54P2R2A3_01959	54P2R2A3_01959	100.000	183	0	0	1	183	1	183	2.40e-132	368
54P2R2A3_01960	54P2R2A3_01960	100.000	107	0	0	1	107	1	107	7.89e-74	214
54P2R2A3_01961	54P2R2A3_01961	100.000	394	0	0	1	394	1	394	0.0	820
54P2R2A3_01961	51P2R2A10_03319	96.915	389	12	0	1	389	1	389	0.0	793
54P2R2A3_01961	31P2R1A5_03161	95.420	393	18	0	1	393	1	393	0.0	780
54P2R2A3_01967	54P2R2A3_01967	100.000	290	0	0	1	290	1	290	0.0	551
54P2R2A3_01967	31P2R1A5_03167	96.897	290	9	0	1	290	1	290	0.0	540
54P2R2A3_01969	54P2R2A3_01969	100.000	295	0	0	1	295	1	295	0.0	583
54P2R2A3_01969	31P2R1A5_03169	97.966	295	6	0	1	295	1	295	0.0	573
54P2R2A3_01971	54P2R2A3_01971	100.000	313	0	0	1	313	1	313	0.0	643
54P2R2A3_01971	31P2R1A5_03171	98.722	313	4	0	1	313	16	328	0.0	638
54P2R2A3_01972	54P2R2A3_01972	100.000	281	0	0	1	281	1	281	0.0	575
54P2R2A3_01972	31P2R1A5_03172	96.085	281	11	0	1	281	1	281	0.0	555
54P2R2A3_01973	54P2R2A3_01973	100.000	181	0	0	1	181	1	181	1.08e-130	363
54P2R2A3_01973	31P2R1A5_03173	97.238	181	5	0	1	181	1	181	7.93e-127	353
54P2R2A3_01974	54P2R2A3_01974	100.000	196	0	0	1	196	1	196	1.74e-137	382
54P2R2A3_01974	31P2R1A5_03174	97.449	196	5	0	1	196	1	196	4.59e-134	373
54P2R2A3_01974	10P3R2A13_00974	95.918	196	8	0	1	196	1	196	2.69e-132	369
54P2R2A3_01974	27P2R2A12_04082	95.385	195	9	0	2	196	18	212	2.13e-130	365
54P2R2A3_01983	31P2R1A5_03183	100.000	57	0	0	1	57	3	59	1.22e-37	119
54P2R2A3_01983	54P2R2A3_01983	100.000	57	0	0	1	57	1	57	1.61e-37	118
54P2R2A3_01989	54P2R2A3_01989	100.000	259	0	0	1	259	1	259	0.0	508
54P2R2A3_01989	31P2R1A5_03189	97.287	258	7	0	1	258	1	258	5.72e-180	494
54P2R2A3_01993	54P2R2A3_01993	100.000	311	0	0	1	311	1	311	0.0	629
54P2R2A3_01993	31P2R1A5_03193	97.749	311	7	0	1	311	1	311	0.0	616
54P2R2A3_02003	54P2R2A3_02003	100.000	369	0	0	1	369	1	369	0.0	766
54P2R2A3_02003	31P2R1A5_03204	97.561	369	9	0	1	369	1	369	0.0	749
54P2R2A3_02004	54P2R2A3_02004	100.000	101	0	0	1	101	1	101	5.14e-70	204
54P2R2A3_02004	31P2R1A5_03205	96.040	101	4	0	1	101	1	101	4.02e-68	199
54P2R2A3_02005	54P2R2A3_02005	100.000	68	0	0	1	68	1	68	3.38e-44	136
54P2R2A3_02007	54P2R2A3_02007	100.000	228	0	0	1	228	1	228	4.97e-167	459
54P2R2A3_02007	31P2R1A5_03208	96.053	228	9	0	1	228	1	228	6.11e-161	444
54P2R2A3_02011	54P2R2A3_02011	100.000	106	0	0	1	106	1	106	5.73e-72	209
54P2R2A3_02014	54P2R2A3_02014	100.000	237	0	0	1	237	1	237	1.87e-172	474
54P2R2A3_02017	54P2R2A3_02017	100.000	222	0	0	1	222	1	222	2.97e-160	441
54P2R2A3_02021	54P2R2A3_02021	100.000	1046	0	0	1	1046	1	1046	0.0	2070
54P2R2A3_02028	54P2R2A3_02028	100.000	301	0	0	1	301	1	301	0.0	616
54P2R2A3_02028	31P2R1A5_03229	97.674	301	7	0	1	301	1	301	0.0	598
54P2R2A3_02032	54P2R2A3_02032	100.000	287	0	0	1	287	1	287	0.0	593
54P2R2A3_02032	31P2R1A5_03233	95.470	287	13	0	1	287	1	287	0.0	574
54P2R2A3_02033	54P2R2A3_02033	100.000	321	0	0	1	321	1	321	0.0	666
54P2R2A3_02033	31P2R1A5_03234	97.819	321	7	0	1	321	1	321	0.0	652
54P2R2A3_02035	54P2R2A3_02035	100.000	96	0	0	1	96	1	96	1.08e-65	192
54P2R2A3_02035	31P2R1A5_03236	95.833	96	4	0	1	96	1	96	4.44e-63	186
54P2R2A3_02038	54P2R2A3_02038	100.000	194	0	0	1	194	1	194	2.92e-143	396
54P2R2A3_02038	31P2R1A5_03239	96.907	194	6	0	1	194	1	194	3.25e-139	386
54P2R2A3_02044	54P2R2A3_02044	100.000	122	0	0	1	122	1	122	6.31e-88	251
54P2R2A3_02044	31P2R1A5_03245	96.721	122	4	0	1	122	1	122	4.27e-86	246
54P2R2A3_02045	54P2R2A3_02045	100.000	232	0	0	1	232	1	232	2.28e-170	468
54P2R2A3_02056	54P2R2A3_02056	100.000	300	0	0	1	300	1	300	0.0	599
54P2R2A3_02056	31P2R1A5_03257	98.000	300	6	0	1	300	1	300	0.0	585
54P2R2A3_02059	54P2R2A3_02059	100.000	159	0	0	1	159	1	159	4.96e-118	330
54P2R2A3_02060	54P2R2A3_02060	100.000	198	0	0	1	198	1	198	3.39e-145	401
54P2R2A3_02060	31P2R1A5_03261	96.970	198	6	0	1	198	1	198	7.96e-140	388
54P2R2A3_02060	42P1R1A12_00802	95.408	196	9	0	1	196	1	196	3.25e-136	379
54P2R2A3_02061	54P2R2A3_02061	100.000	304	0	0	1	304	1	304	0.0	627
54P2R2A3_02061	31P2R1A5_03262	96.382	304	11	0	1	304	1	304	0.0	602
54P2R2A3_02062	54P2R2A3_02062	100.000	164	0	0	1	164	1	164	6.81e-116	325
54P2R2A3_02062	31P2R1A5_03263	100.000	164	0	0	1	164	62	225	1.71e-115	326
54P2R2A3_02062	18P3R3A11_02304	95.732	164	7	0	1	164	1	164	1.20e-111	314
54P2R2A3_02065	54P2R2A3_02065	100.000	455	0	0	1	455	1	455	0.0	897
54P2R2A3_02065	31P2R1A5_03266	97.802	455	10	0	1	455	1	455	0.0	879
54P2R2A3_02066	54P2R2A3_02066	100.000	273	0	0	1	273	1	273	0.0	540
54P2R2A3_02066	31P2R1A5_03267	96.703	273	9	0	1	273	1	273	0.0	525
54P2R2A3_02067	54P2R2A3_02067	100.000	560	0	0	1	560	1	560	0.0	1125
54P2R2A3_02067	31P2R1A5_03268	95.528	559	25	0	1	559	1	559	0.0	1074
54P2R2A3_02069	54P2R2A3_02069	100.000	559	0	0	1	559	1	559	0.0	1138
54P2R2A3_02069	31P2R1A5_03270	96.422	559	20	0	1	559	1	559	0.0	1097
54P2R2A3_02070	54P2R2A3_02070	100.000	274	0	0	1	274	1	274	0.0	548
54P2R2A3_02070	31P2R1A5_03271	95.255	274	13	0	1	274	1	274	0.0	526
54P2R2A3_02071	54P2R2A3_02071	100.000	253	0	0	1	253	1	253	0.0	518
54P2R2A3_02071	31P2R1A5_03272	97.628	253	6	0	1	253	1	253	0.0	506
54P2R2A3_02072	54P2R2A3_02072	100.000	111	0	0	1	111	1	111	2.80e-71	207
54P2R2A3_02087	54P2R2A3_02087	100.000	123	0	0	1	123	1	123	7.75e-84	240
54P2R2A3_02087	31P2R1A5_03288	95.122	123	6	0	1	123	1	123	2.58e-80	231
54P2R2A3_02090	54P2R2A3_02090	100.000	567	0	0	1	567	1	567	0.0	1156
54P2R2A3_02090	31P2R1A5_03291	97.354	567	15	0	1	567	1	567	0.0	1127
54P2R2A3_02091	54P2R2A3_02091	100.000	273	0	0	1	273	1	273	0.0	563
54P2R2A3_02091	31P2R1A5_03292	97.802	273	6	0	1	273	1	273	0.0	553
54P2R2A3_02092	54P2R2A3_02092	100.000	351	0	0	1	351	1	351	0.0	728
54P2R2A3_02092	31P2R1A5_03293	97.151	351	10	0	1	351	1	351	0.0	707
54P2R2A3_02099	54P2R2A3_02099	100.000	164	0	0	1	164	1	164	7.12e-116	325
54P2R2A3_02099	31P2R1A5_03300	97.561	164	4	0	1	164	1	164	1.43e-112	316
54P2R2A3_02100	54P2R2A3_02100	100.000	104	0	0	1	104	1	104	1.99e-72	210
54P2R2A3_02100	31P2R1A5_03301	97.115	104	3	0	1	104	1	104	3.14e-70	204
54P2R2A3_02101	54P2R2A3_02101	100.000	136	0	0	1	136	1	136	6.02e-95	270
54P2R2A3_02101	31P2R1A5_03302	95.588	136	6	0	1	136	1	136	1.08e-89	256
54P2R2A3_02102	54P2R2A3_02102	100.000	57	0	0	1	57	1	57	2.23e-36	115
54P2R2A3_02103	54P2R2A3_02103	100.000	273	0	0	1	273	1	273	0.0	559
54P2R2A3_02104	54P2R2A3_02104	100.000	178	0	0	1	178	1	178	8.63e-135	374
54P2R2A3_02105	54P2R2A3_02105	100.000	143	0	0	1	143	1	143	8.08e-105	295
54P2R2A3_02106	54P2R2A3_02106	100.000	45	0	0	1	45	1	45	3.09e-28	94.4
54P2R2A3_02107	54P2R2A3_02107	100.000	270	0	0	1	270	1	270	0.0	552
54P2R2A3_02108	54P2R2A3_02108	100.000	68	0	0	1	68	1	68	4.85e-44	135
54P2R2A3_02111	54P2R2A3_02111	100.000	476	0	0	1	476	1	476	0.0	950
54P2R2A3_02111	31P2R1A5_03305	96.218	476	18	0	1	476	1	476	0.0	918
54P2R2A3_02112	54P2R2A3_02112	100.000	205	0	0	1	205	1	205	7.41e-142	394
54P2R2A3_02112	31P2R1A5_03306	96.098	205	8	0	1	205	1	205	1.96e-136	380
54P2R2A3_02113	54P2R2A3_02113	100.000	288	0	0	1	288	1	288	0.0	573
54P2R2A3_02114	54P2R2A3_02114	100.000	91	0	0	1	91	1	91	7.97e-62	182
54P2R2A3_02114	31P2R1A5_03308	96.703	91	3	0	1	91	17	107	8.51e-60	177
54P2R2A3_02115	54P2R2A3_02115	100.000	520	0	0	1	520	1	520	0.0	1059
54P2R2A3_02115	31P2R1A5_03309	96.346	520	19	0	1	520	1	520	0.0	1024
54P2R2A3_02120	54P2R2A3_02120	100.000	401	0	0	1	401	1	401	0.0	832
54P2R2A3_02120	31P2R1A5_03314	97.007	401	12	0	1	401	1	401	0.0	813
54P2R2A3_02121	54P2R2A3_02121	100.000	686	0	0	1	686	1	686	0.0	1439
54P2R2A3_02121	31P2R1A5_03315	96.064	686	27	0	1	686	1	686	0.0	1390
54P2R2A3_02122	54P2R2A3_02122	100.000	105	0	0	1	105	1	105	6.35e-72	209
54P2R2A3_02122	31P2R1A5_03316	96.190	105	4	0	1	105	1	105	2.90e-70	204
54P2R2A3_02125	54P2R2A3_02125	100.000	88	0	0	1	88	1	88	2.83e-61	181
54P2R2A3_02125	31P2R1A5_03319	97.727	88	2	0	1	88	1	88	8.23e-60	177
54P2R2A3_02127	54P2R2A3_02127	100.000	233	0	0	1	233	1	233	3.14e-175	480
54P2R2A3_02128	54P2R2A3_02128	100.000	484	0	0	1	484	1	484	0.0	976
54P2R2A3_02130	54P2R2A3_02130	100.000	189	0	0	1	189	1	189	4.35e-141	390
54P2R2A3_02134	54P2R2A3_02134	100.000	398	0	0	1	398	1	398	0.0	799
54P2R2A3_02134	31P2R1A5_03328	98.619	362	5	0	37	398	1	362	0.0	716
54P2R2A3_02139	54P2R2A3_02139	100.000	176	0	0	1	176	1	176	8.75e-123	343
54P2R2A3_02139	31P2R1A5_03333	97.159	176	5	0	1	176	1	176	1.96e-118	332
54P2R2A3_02147	54P2R2A3_02147	100.000	321	0	0	1	321	1	321	0.0	659
54P2R2A3_02147	31P2R1A5_03341	97.508	321	8	0	1	321	1	321	0.0	644
54P2R2A3_02158	54P2R2A3_02158	100.000	226	0	0	1	226	1	226	1.71e-169	465
54P2R2A3_02158	31P2R1A5_03352	95.133	226	11	0	1	226	1	226	1.45e-161	445
54P2R2A3_02162	54P2R2A3_02162	100.000	198	0	0	1	198	1	198	2.00e-146	404
54P2R2A3_02162	31P2R1A5_03356	97.838	185	4	0	14	198	1	185	4.02e-133	370
54P2R2A3_02164	54P2R2A3_02164	100.000	805	0	0	1	805	1	805	0.0	1576
54P2R2A3_02164	31P2R1A5_03358	96.646	805	27	0	1	805	1	805	0.0	1535
54P2R2A3_02165	54P2R2A3_02165	100.000	382	0	0	1	382	1	382	0.0	778
54P2R2A3_02165	31P2R1A5_03359	96.597	382	13	0	1	382	1	382	0.0	759
54P2R2A3_02169	54P2R2A3_02169	100.000	113	0	0	1	113	1	113	5.32e-79	227
54P2R2A3_02170	54P2R2A3_02170	100.000	241	0	0	1	241	1	241	1.89e-180	494
54P2R2A3_02170	31P2R1A5_03364	97.510	241	6	0	1	241	1	241	1.35e-175	482
54P2R2A3_02179	54P2R2A3_02179	100.000	102	0	0	1	102	1	102	1.07e-69	203
54P2R2A3_02179	31P2R1A5_04425	96.078	102	4	0	1	102	1	102	2.33e-66	194
54P2R2A3_02180	54P2R2A3_02180	100.000	221	0	0	1	221	1	221	4.33e-163	449
54P2R2A3_02180	31P2R1A5_04426	97.738	221	5	0	1	221	1	221	9.91e-160	440
54P2R2A3_02181	54P2R2A3_02181	100.000	187	0	0	1	187	1	187	1.47e-135	376
54P2R2A3_02181	31P2R1A5_04427	96.791	187	6	0	1	187	1	187	2.99e-131	365
54P2R2A3_02182	54P2R2A3_02182	100.000	232	0	0	1	232	1	232	7.26e-172	472
54P2R2A3_02183	54P2R2A3_02183	100.000	812	0	0	1	812	1	812	0.0	1669
54P2R2A3_02183	31P2R1A5_04429	96.182	812	31	0	1	812	1	812	0.0	1609
54P2R2A3_02185	54P2R2A3_02185	100.000	289	0	0	1	289	1	289	0.0	604
54P2R2A3_02185	31P2R1A5_04431	97.924	289	6	0	1	289	1	289	0.0	592
54P2R2A3_02188	54P2R2A3_02188	100.000	523	0	0	1	523	1	523	0.0	1075
54P2R2A3_02193	54P2R2A3_02193	100.000	142	0	0	1	142	1	142	8.95e-104	292
54P2R2A3_02194	54P2R2A3_02194	100.000	307	0	0	1	307	1	307	0.0	624
54P2R2A3_02194	31P2R1A5_04441	95.440	307	14	0	1	307	1	307	0.0	578
54P2R2A3_02196	54P2R2A3_02196	100.000	344	0	0	1	344	1	344	0.0	707
54P2R2A3_02196	31P2R1A5_04443	96.802	344	11	0	1	344	1	344	0.0	687
54P2R2A3_02202	54P2R2A3_02202	100.000	214	0	0	1	214	1	214	7.71e-152	419
54P2R2A3_02204	54P2R2A3_02204	100.000	467	0	0	1	467	1	467	0.0	962
54P2R2A3_02204	31P2R1A5_04451	95.914	465	19	0	1	465	1	465	0.0	926
54P2R2A3_02209	54P2R2A3_02209	100.000	115	0	0	1	115	1	115	3.80e-79	228
54P2R2A3_02209	31P2R1A5_04456	96.522	115	4	0	1	115	1	115	3.25e-76	220
54P2R2A3_02216	54P2R2A3_02216	100.000	393	0	0	1	393	1	393	0.0	807
54P2R2A3_02216	31P2R1A5_04464	97.710	393	9	0	1	393	1	393	0.0	790
54P2R2A3_02219	54P2R2A3_02219	100.000	829	0	0	1	829	1	829	0.0	1713
54P2R2A3_02220	54P2R2A3_02220	100.000	566	0	0	1	566	1	566	0.0	1133
54P2R2A3_02220	31P2R1A5_01136	95.583	566	25	0	1	566	1	566	0.0	1053
54P2R2A3_02221	54P2R2A3_02221	100.000	218	0	0	1	218	1	218	3.27e-160	441
54P2R2A3_02221	31P2R1A5_01135	95.413	218	10	0	1	218	1	218	5.29e-154	426
54P2R2A3_02222	54P2R2A3_02222	100.000	447	0	0	1	447	1	447	0.0	887
54P2R2A3_02222	31P2R1A5_01134	97.987	447	9	0	1	447	1	447	0.0	872
54P2R2A3_02225	54P2R2A3_02225	100.000	233	0	0	1	233	1	233	2.64e-173	475
54P2R2A3_02225	31P2R1A5_01125	95.708	233	10	0	1	233	24	256	3.72e-166	458
54P2R2A3_02228	54P2R2A3_02228	100.000	269	0	0	1	269	1	269	0.0	539
54P2R2A3_02228	31P2R1A5_01122	97.770	269	6	0	1	269	1	269	0.0	526
54P2R2A3_02229	54P2R2A3_02229	100.000	432	0	0	1	432	1	432	0.0	860
54P2R2A3_02229	31P2R1A5_01121	98.843	432	5	0	1	432	33	464	0.0	849
54P2R2A3_02230	54P2R2A3_02230	100.000	309	0	0	1	309	1	309	0.0	627
54P2R2A3_02230	31P2R1A5_01120	97.727	308	7	0	1	308	1	308	0.0	614
54P2R2A3_02236	54P2R2A3_02236	100.000	429	0	0	1	429	1	429	0.0	832
54P2R2A3_02236	31P2R1A5_01114	97.436	429	11	0	1	429	1	429	0.0	810
54P2R2A3_02240	54P2R2A3_02240	100.000	403	0	0	1	403	1	403	0.0	810
54P2R2A3_02240	31P2R1A5_01110	97.744	399	9	0	1	399	1	399	0.0	786
54P2R2A3_02243	54P2R2A3_02243	100.000	314	0	0	1	314	1	314	0.0	649
54P2R2A3_02244	54P2R2A3_02244	100.000	267	0	0	1	267	1	267	0.0	543
54P2R2A3_02244	31P2R1A5_01101	95.131	267	13	0	1	267	1	267	0.0	514
54P2R2A3_02245	54P2R2A3_02245	100.000	336	0	0	1	336	1	336	0.0	677
54P2R2A3_02245	31P2R1A5_01100	96.154	338	11	1	1	336	1	338	0.0	654
54P2R2A3_02250	54P2R2A3_02250	100.000	582	0	0	1	582	1	582	0.0	1197
54P2R2A3_02250	31P2R1A5_01088	96.564	582	16	1	1	582	1	578	0.0	1153
54P2R2A3_02253	54P2R2A3_02253	100.000	305	0	0	1	305	1	305	0.0	619
54P2R2A3_02253	31P2R1A5_01083	97.377	305	8	0	1	305	1	305	0.0	605
54P2R2A3_02259	54P2R2A3_02259	100.000	517	0	0	1	517	1	517	0.0	1030
54P2R2A3_02259	31P2R1A5_01077	96.518	517	18	0	1	517	1	517	0.0	1007
54P2R2A3_02262	54P2R2A3_02262	100.000	149	0	0	1	149	1	149	1.54e-111	312
54P2R2A3_02262	31P2R1A5_01074	97.315	149	4	0	1	149	1	149	1.01e-108	305
54P2R2A3_02265	54P2R2A3_02265	100.000	233	0	0	1	233	1	233	2.42e-172	473
54P2R2A3_02265	31P2R1A5_01071	97.436	234	5	1	1	233	1	234	8.45e-168	461
54P2R2A3_02268	54P2R2A3_02268	100.000	372	0	0	1	372	1	372	0.0	756
54P2R2A3_02268	31P2R1A5_01068	97.043	372	11	0	1	372	1	372	0.0	734
54P2R2A3_02270	54P2R2A3_02270	100.000	194	0	0	1	194	1	194	1.06e-138	385
54P2R2A3_02270	31P2R1A5_01066	97.938	194	4	0	1	194	1	194	4.11e-136	378
54P2R2A3_02273	31P2R1A5_01063	100.000	115	0	0	1	115	17	131	1.04e-81	235
54P2R2A3_02273	54P2R2A3_02273	100.000	115	0	0	1	115	1	115	1.36e-81	234
54P2R2A3_02274	54P2R2A3_02274	100.000	62	0	0	1	62	1	62	1.14e-38	121
54P2R2A3_02274	31P2R1A5_01062	96.721	61	2	0	1	61	1	61	1.36e-37	119
54P2R2A3_02274	44P3R3A6_01074	96.721	61	2	0	1	61	1	61	1.49e-37	119
54P2R2A3_02275	54P2R2A3_02275	100.000	452	0	0	1	452	1	452	0.0	927
54P2R2A3_02278	54P2R2A3_02278	100.000	528	0	0	1	528	1	528	0.0	1075
54P2R2A3_02279	54P2R2A3_02279	100.000	520	0	0	1	520	1	520	0.0	1032
54P2R2A3_02279	31P2R1A5_01057	96.731	520	17	0	1	520	1	520	0.0	1007
54P2R2A3_02283	54P2R2A3_02283	100.000	153	0	0	1	153	1	153	5.82e-108	304
54P2R2A3_02283	31P2R1A5_01053	96.732	153	5	0	1	153	1	153	8.30e-106	298
54P2R2A3_02284	54P2R2A3_02284	100.000	189	0	0	1	189	1	189	3.92e-132	368
54P2R2A3_02284	31P2R1A5_01051	96.296	189	7	0	1	189	1	189	9.91e-128	357
54P2R2A3_02285	54P2R2A3_02285	100.000	265	0	0	1	265	1	265	0.0	550
54P2R2A3_02285	31P2R1A5_01050	95.094	265	13	0	1	265	1	265	0.0	524
54P2R2A3_02289	54P2R2A3_02289	100.000	80	0	0	1	80	1	80	8.34e-52	156
54P2R2A3_02291	54P2R2A3_02291	100.000	457	0	0	1	457	1	457	0.0	890
54P2R2A3_02291	31P2R1A5_01044	98.031	457	9	0	1	457	18	474	0.0	877
54P2R2A3_02295	54P2R2A3_02295	100.000	185	0	0	1	185	1	185	1.53e-136	379
54P2R2A3_02295	31P2R1A5_01040	97.838	185	4	0	1	185	1	185	5.23e-132	367
54P2R2A3_02296	54P2R2A3_02296	100.000	428	0	0	1	428	1	428	0.0	868
54P2R2A3_02296	31P2R1A5_01039	97.430	428	11	0	1	428	1	428	0.0	850
54P2R2A3_02297	54P2R2A3_02297	100.000	878	0	0	1	878	1	878	0.0	1779
54P2R2A3_02297	31P2R1A5_01038	97.608	878	21	0	1	878	1	878	0.0	1745
54P2R2A3_02298	54P2R2A3_02298	100.000	463	0	0	1	463	1	463	0.0	944
54P2R2A3_02298	31P2R1A5_01037	95.032	463	23	0	1	463	1	463	0.0	884
54P2R2A3_02301	54P2R2A3_02301	100.000	218	0	0	1	218	1	218	1.16e-161	445
54P2R2A3_02302	54P2R2A3_02302	100.000	337	0	0	1	337	1	337	0.0	689
54P2R2A3_02303	54P2R2A3_02303	100.000	64	0	0	1	64	1	64	1.28e-41	129
54P2R2A3_02305	54P2R2A3_02305	100.000	290	0	0	1	290	1	290	0.0	559
54P2R2A3_02306	54P2R2A3_02306	100.000	125	0	0	1	125	1	125	8.45e-87	248
54P2R2A3_02308	54P2R2A3_02308	100.000	220	0	0	1	220	1	220	6.05e-166	456
54P2R2A3_02308	31P2R1A5_01027	96.818	220	7	0	1	220	1	220	1.77e-160	442
54P2R2A3_02310	54P2R2A3_02310	100.000	220	0	0	1	220	1	220	1.32e-159	440
54P2R2A3_02311	54P2R2A3_02311	100.000	116	0	0	1	116	1	116	5.88e-79	227
54P2R2A3_02318	54P2R2A3_02318	100.000	325	0	0	1	325	1	325	0.0	673
54P2R2A3_02318	42P1R1A12_00375	96.296	324	12	0	1	324	1	324	0.0	654
54P2R2A3_02320	54P2R2A3_02320	100.000	315	0	0	1	315	1	315	0.0	649
54P2R2A3_02320	44P3R3A6_01125	97.143	315	9	0	1	315	6	320	0.0	634
54P2R2A3_02329	54P2R2A3_02329	100.000	189	0	0	1	189	1	189	6.48e-140	387
54P2R2A3_02329	31P2R1A5_01002	97.884	189	4	0	1	189	1	189	2.20e-137	381
54P2R2A3_02330	54P2R2A3_02330	100.000	273	0	0	1	273	1	273	0.0	564
54P2R2A3_02330	31P2R1A5_01001	95.971	273	11	0	1	273	1	273	0.0	546
54P2R2A3_02334	54P2R2A3_02334	100.000	248	0	0	1	248	1	248	0.0	506
54P2R2A3_02334	31P2R1A5_00997	95.968	248	10	0	1	248	1	248	3.76e-177	486
54P2R2A3_02335	54P2R2A3_02335	100.000	190	0	0	1	190	1	190	4.31e-141	390
54P2R2A3_02335	31P2R1A5_00996	97.895	190	4	0	1	190	1	190	1.28e-138	384
54P2R2A3_02337	54P2R2A3_02337	100.000	380	0	0	1	380	1	380	0.0	790
54P2R2A3_02337	31P2R1A5_00994	97.895	380	8	0	1	380	1	380	0.0	773
54P2R2A3_02338	54P2R2A3_02338	100.000	528	0	0	1	528	1	528	0.0	1073
54P2R2A3_02338	31P2R1A5_00993	97.159	528	15	0	1	528	1	528	0.0	1047
54P2R2A3_02339	54P2R2A3_02339	100.000	143	0	0	1	143	1	143	6.41e-105	295
54P2R2A3_02341	54P2R2A3_02341	100.000	263	0	0	1	263	1	263	0.0	535
54P2R2A3_02341	31P2R1A5_00990	97.719	263	6	0	1	263	1	263	0.0	527
54P2R2A3_02345	54P2R2A3_02345	100.000	170	0	0	1	170	1	170	7.90e-127	353
54P2R2A3_02348	54P2R2A3_02348	100.000	449	0	0	1	449	1	449	0.0	883
54P2R2A3_02348	31P2R1A5_00983	96.659	449	15	0	1	449	26	474	0.0	861
54P2R2A3_02349	54P2R2A3_02349	100.000	213	0	0	1	213	1	213	1.36e-159	439
54P2R2A3_02349	31P2R1A5_00982	97.653	213	5	0	1	213	1	213	5.51e-156	430
54P2R2A3_02349	42P1R1A12_00343	96.244	213	8	0	1	213	1	213	2.40e-153	423
54P2R2A3_02352	54P2R2A3_02352	100.000	381	0	0	1	381	1	381	0.0	743
54P2R2A3_02353	54P2R2A3_02353	100.000	223	0	0	1	223	1	223	2.72e-165	454
54P2R2A3_02353	31P2R1A5_03748	95.238	21	1	0	198	218	876	896	1.38e-07	51.6
54P2R2A3_02353	42P1R1A12_01551	95.238	21	1	0	198	218	876	896	1.62e-07	51.6
54P2R2A3_02353	10P3R2A13_02474	95.238	21	1	0	198	218	876	896	1.64e-07	51.6
54P2R2A3_02354	54P2R2A3_02354	100.000	294	0	0	1	294	1	294	0.0	588
54P2R2A3_02355	54P2R2A3_02355	100.000	378	0	0	1	378	1	378	0.0	774
54P2R2A3_02356	54P2R2A3_02356	100.000	390	0	0	1	390	1	390	0.0	801
54P2R2A3_02357	54P2R2A3_02357	100.000	172	0	0	1	172	1	172	1.22e-123	345
54P2R2A3_02357	51P2R2A10_01830	95.349	172	8	0	1	172	1	172	1.04e-119	335
54P2R2A3_02358	54P2R2A3_02358	100.000	104	0	0	1	104	1	104	1.29e-71	208
54P2R2A3_02359	54P2R2A3_02359	100.000	1002	0	0	1	1002	1	1002	0.0	1975
54P2R2A3_02360	54P2R2A3_02360	100.000	170	0	0	1	170	1	170	8.49e-124	345
54P2R2A3_02360	51P2R2A10_01827	95.092	163	8	0	1	163	1	163	2.27e-114	321
54P2R2A3_02361	54P2R2A3_02361	100.000	349	0	0	1	349	1	349	0.0	725
54P2R2A3_02362	54P2R2A3_02362	100.000	366	0	0	1	366	1	366	0.0	744
54P2R2A3_02363	54P2R2A3_02363	100.000	72	0	0	1	72	1	72	4.63e-49	148
54P2R2A3_02363	51P2R2A10_01823	97.222	72	2	0	1	72	1	72	1.47e-47	145
54P2R2A3_02364	54P2R2A3_02364	100.000	1010	0	0	1	1010	1	1010	0.0	2060
54P2R2A3_02364	51P2R2A10_01822	96.634	1010	34	0	1	1010	1	1010	0.0	1995
54P2R2A3_02366	54P2R2A3_02366	100.000	117	0	0	1	117	1	117	1.30e-81	234
54P2R2A3_02366	51P2R2A10_01820	96.581	117	4	0	1	117	1	117	4.13e-79	228
54P2R2A3_02367	54P2R2A3_02367	100.000	196	0	0	1	196	1	196	2.44e-144	399
54P2R2A3_02368	54P2R2A3_02368	100.000	212	0	0	1	212	1	212	5.51e-156	430
54P2R2A3_02368	51P2R2A10_01818	97.170	212	6	0	1	212	1	212	4.41e-151	417
54P2R2A3_02371	54P2R2A3_02371	100.000	182	0	0	1	182	1	182	3.57e-137	380
54P2R2A3_02371	51P2R2A10_01815	95.604	182	8	0	1	182	1	182	5.02e-131	364
54P2R2A3_02372	54P2R2A3_02372	100.000	93	0	0	1	93	1	93	3.14e-62	183
54P2R2A3_02372	51P2R2A10_01814	97.849	93	2	0	1	93	1	93	7.42e-61	180
54P2R2A3_02374	54P2R2A3_02374	100.000	172	0	0	1	172	1	172	6.24e-124	345
54P2R2A3_02374	51P2R2A10_01812	97.674	172	4	0	1	172	1	172	5.26e-121	338
54P2R2A3_02375	54P2R2A3_02375	100.000	289	0	0	1	289	1	289	0.0	590
54P2R2A3_02375	51P2R2A10_01811	95.896	268	11	0	1	268	1	268	0.0	504
54P2R2A3_02377	54P2R2A3_02377	100.000	280	0	0	1	280	1	280	0.0	571
54P2R2A3_02378	54P2R2A3_02378	100.000	576	0	0	1	576	1	576	0.0	1193
54P2R2A3_02378	51P2R2A10_01808	95.660	576	25	0	1	576	1	576	0.0	1147
54P2R2A3_02379	54P2R2A3_02379	100.000	342	0	0	1	342	1	342	0.0	712
54P2R2A3_02379	51P2R2A10_01807	95.322	342	16	0	1	342	10	351	0.0	682
54P2R2A3_02380	54P2R2A3_02380	100.000	611	0	0	1	611	1	611	0.0	1235
54P2R2A3_02381	54P2R2A3_02381	100.000	478	0	0	1	478	1	478	0.0	978
54P2R2A3_02382	54P2R2A3_02382	100.000	846	0	0	1	846	1	846	0.0	1762
54P2R2A3_02383	54P2R2A3_02383	100.000	312	0	0	1	312	1	312	0.0	648
54P2R2A3_02385	54P2R2A3_02385	100.000	189	0	0	1	189	1	189	4.45e-141	390
54P2R2A3_02385	51P2R2A10_01800	96.296	189	7	0	1	189	1	189	1.56e-134	374
54P2R2A3_02386	54P2R2A3_02386	100.000	75	0	0	1	75	1	75	8.37e-50	150
54P2R2A3_02387	54P2R2A3_02387	100.000	92	0	0	1	92	1	92	1.65e-65	191
54P2R2A3_02388	54P2R2A3_02388	100.000	80	0	0	1	80	1	80	1.41e-55	166
54P2R2A3_02389	54P2R2A3_02389	100.000	68	0	0	1	68	1	68	4.54e-44	135
54P2R2A3_02389	42P1R1A12_03965	95.588	68	3	0	1	68	1	68	8.07e-43	132
54P2R2A3_02390	54P2R2A3_02390	100.000	81	0	0	1	81	1	81	2.36e-54	162
54P2R2A3_02391	54P2R2A3_02391	100.000	204	0	0	1	204	1	204	4.43e-149	412
54P2R2A3_02392	54P2R2A3_02392	100.000	216	0	0	1	216	1	216	1.25e-162	447
54P2R2A3_02393	54P2R2A3_02393	100.000	109	0	0	1	109	1	109	5.62e-75	217
54P2R2A3_02394	54P2R2A3_02394	100.000	294	0	0	1	294	1	294	0.0	613
54P2R2A3_02395	54P2R2A3_02395	100.000	244	0	0	1	244	1	244	0.0	506
54P2R2A3_02402	54P2R2A3_02402	100.000	75	0	0	1	75	1	75	4.49e-49	149
54P2R2A3_02402	31P2R1A5_00969	97.333	75	2	0	1	75	1	75	5.94e-48	146
54P2R2A3_02403	54P2R2A3_02403	100.000	241	0	0	1	241	1	241	0.0	505
54P2R2A3_02403	31P2R1A5_00968	95.436	241	11	0	1	241	1	241	4.98e-168	463
54P2R2A3_02406	54P2R2A3_02406	100.000	329	0	0	1	329	1	329	0.0	664
54P2R2A3_02406	31P2R1A5_00965	96.353	329	12	0	1	329	1	329	0.0	640
54P2R2A3_02407	54P2R2A3_02407	100.000	256	0	0	1	256	1	256	0.0	511
54P2R2A3_02407	31P2R1A5_00964	97.266	256	7	0	1	256	1	256	0.0	504
54P2R2A3_02407	42P1R1A12_03981	95.703	256	11	0	1	256	12	267	0.0	498
54P2R2A3_02408	54P2R2A3_02408	100.000	496	0	0	1	496	1	496	0.0	1030
54P2R2A3_02408	31P2R1A5_00963	97.984	496	10	0	1	496	1	496	0.0	1015
54P2R2A3_02408	44P3R3A6_04367	96.573	496	17	0	1	496	1	496	0.0	1000
54P2R2A3_02409	54P2R2A3_02409	100.000	144	0	0	1	144	1	144	1.02e-105	297
54P2R2A3_02410	54P2R2A3_02410	100.000	208	0	0	1	208	1	208	1.37e-155	429
54P2R2A3_02410	31P2R1A5_00961	95.673	208	9	0	1	208	1	208	9.52e-150	414
54P2R2A3_02412	54P2R2A3_02412	100.000	75	0	0	1	75	1	75	3.12e-50	152
54P2R2A3_02413	54P2R2A3_02413	100.000	560	0	0	1	560	1	560	0.0	1149
54P2R2A3_02414	54P2R2A3_02414	100.000	304	0	0	1	304	1	304	0.0	587
54P2R2A3_02415	54P2R2A3_02415	100.000	304	0	0	1	304	1	304	0.0	579
54P2R2A3_02415	31P2R1A5_00956	97.368	304	8	0	1	304	1	304	0.0	567
54P2R2A3_02416	54P2R2A3_02416	100.000	166	0	0	1	166	1	166	3.05e-122	341
54P2R2A3_02417	54P2R2A3_02417	100.000	467	0	0	1	467	1	467	0.0	959
54P2R2A3_02417	31P2R1A5_00954	95.503	467	21	0	1	467	1	467	0.0	900
54P2R2A3_02418	54P2R2A3_02418	100.000	236	0	0	1	236	1	236	3.26e-173	475
54P2R2A3_02419	54P2R2A3_02419	100.000	94	0	0	1	94	1	94	5.94e-64	188
54P2R2A3_02419	31P2R1A5_00952	95.745	94	4	0	1	94	1	94	2.36e-61	181
54P2R2A3_02420	54P2R2A3_02420	100.000	382	0	0	1	382	1	382	0.0	775
54P2R2A3_02420	31P2R1A5_00951	96.597	382	13	0	1	382	1	382	0.0	749
54P2R2A3_02422	54P2R2A3_02422	100.000	266	0	0	1	266	1	266	0.0	544
54P2R2A3_02422	31P2R1A5_00949	95.865	266	11	0	1	266	1	266	0.0	522
54P2R2A3_02424	54P2R2A3_02424	100.000	232	0	0	1	232	1	232	2.13e-171	471
54P2R2A3_02425	54P2R2A3_02425	100.000	79	0	0	1	79	1	79	9.61e-51	153
54P2R2A3_02426	54P2R2A3_02426	100.000	314	0	0	1	314	1	314	0.0	640
54P2R2A3_02426	31P2R1A5_00920	97.771	314	7	0	1	314	1	314	0.0	629
54P2R2A3_02430	54P2R2A3_02430	100.000	545	0	0	1	545	1	545	0.0	1081
54P2R2A3_02430	31P2R1A5_00909	95.963	545	22	0	1	545	1	545	0.0	1001
54P2R2A3_02431	54P2R2A3_02431	100.000	235	0	0	1	235	1	235	5.67e-176	482
54P2R2A3_02432	54P2R2A3_02432	100.000	326	0	0	1	326	1	326	0.0	657
54P2R2A3_02432	31P2R1A5_00907	95.399	326	15	0	1	326	1	326	0.0	631
54P2R2A3_02433	54P2R2A3_02433	100.000	311	0	0	1	311	1	311	0.0	608
54P2R2A3_02433	31P2R1A5_00906	97.749	311	7	0	1	311	1	311	0.0	596
54P2R2A3_02434	54P2R2A3_02434	100.000	541	0	0	1	541	1	541	0.0	1105
54P2R2A3_02435	54P2R2A3_02435	100.000	82	0	0	1	82	1	82	6.02e-57	169
54P2R2A3_02440	54P2R2A3_02440	100.000	368	0	0	1	368	1	368	0.0	754
54P2R2A3_02443	54P2R2A3_02443	100.000	192	0	0	1	192	1	192	1.02e-128	359
54P2R2A3_02444	54P2R2A3_02444	100.000	305	0	0	1	305	1	305	0.0	615
54P2R2A3_02445	54P2R2A3_02445	100.000	112	0	0	1	112	1	112	2.84e-80	230
54P2R2A3_02447	54P2R2A3_02447	100.000	596	0	0	1	596	1	596	0.0	1226
54P2R2A3_02447	31P2R1A5_00890	98.322	596	10	0	1	596	42	637	0.0	1205
54P2R2A3_02448	54P2R2A3_02448	100.000	127	0	0	1	127	1	127	2.63e-91	259
54P2R2A3_02449	54P2R2A3_02449	100.000	440	0	0	1	440	1	440	0.0	878
54P2R2A3_02449	31P2R1A5_00888	96.818	440	14	0	1	440	1	440	0.0	845
54P2R2A3_02450	54P2R2A3_02450	100.000	247	0	0	1	247	1	247	5.14e-180	494
54P2R2A3_02451	54P2R2A3_02451	100.000	319	0	0	1	319	1	319	0.0	647
54P2R2A3_02451	31P2R1A5_00886	97.179	319	9	0	1	319	1	319	0.0	630
54P2R2A3_02452	54P2R2A3_02452	100.000	130	0	0	1	130	1	130	4.30e-94	267
54P2R2A3_02452	31P2R1A5_00885	95.385	130	6	0	1	130	1	130	3.40e-91	259
54P2R2A3_02453	54P2R2A3_02453	100.000	244	0	0	1	244	1	244	1.23e-174	480
54P2R2A3_02453	31P2R1A5_00884	97.951	244	5	0	1	244	1	244	5.08e-170	468
54P2R2A3_02454	54P2R2A3_02454	100.000	370	0	0	1	370	1	370	0.0	762
54P2R2A3_02454	31P2R1A5_00883	97.838	370	8	0	1	370	1	370	0.0	751
54P2R2A3_02455	54P2R2A3_02455	100.000	356	0	0	1	356	1	356	0.0	699
54P2R2A3_02455	31P2R1A5_00882	96.629	356	12	0	1	356	1	356	0.0	679
54P2R2A3_02456	54P2R2A3_02456	100.000	247	0	0	1	247	1	247	9.71e-171	470
54P2R2A3_02456	31P2R1A5_00881	97.571	247	6	0	1	247	1	247	1.41e-167	462
54P2R2A3_02459	54P2R2A3_02459	100.000	158	0	0	1	158	1	158	2.40e-118	330
54P2R2A3_02459	44P3R3A6_05176	95.960	99	4	0	1	99	1	99	3.37e-67	200
54P2R2A3_02463	54P2R2A3_02463	100.000	104	0	0	1	104	1	104	2.76e-72	209
54P2R2A3_02463	31P2R1A5_00873	98.020	101	2	0	1	101	1	101	1.56e-68	200
54P2R2A3_02465	54P2R2A3_02465	100.000	297	0	0	1	297	1	297	0.0	594
54P2R2A3_02469	54P2R2A3_02469	100.000	354	0	0	1	354	1	354	0.0	720
54P2R2A3_02469	31P2R1A5_00847	96.610	354	12	0	1	354	1	354	0.0	698
54P2R2A3_02477	54P2R2A3_02477	100.000	799	0	0	1	799	1	799	0.0	1655
54P2R2A3_02478	54P2R2A3_02478	100.000	694	0	0	1	694	1	694	0.0	1441
54P2R2A3_02479	54P2R2A3_02479	100.000	432	0	0	1	432	1	432	0.0	892
54P2R2A3_02479	12_1P1R2A2-1_00002	96.528	432	15	0	1	432	1	432	0.0	864
54P2R2A3_02486	54P2R2A3_02486	100.000	1148	0	0	1	1148	1	1148	0.0	2360
54P2R2A3_02487	54P2R2A3_02487	100.000	480	0	0	1	480	1	480	0.0	981
54P2R2A3_02488	54P2R2A3_02488	100.000	344	0	0	1	344	1	344	0.0	708
54P2R2A3_02489	54P2R2A3_02489	100.000	253	0	0	1	253	1	253	0.0	516
54P2R2A3_02490	54P2R2A3_02490	100.000	434	0	0	1	434	1	434	0.0	863
54P2R2A3_02491	54P2R2A3_02491	100.000	293	0	0	1	293	1	293	0.0	606
54P2R2A3_02492	54P2R2A3_02492	100.000	282	0	0	1	282	1	282	0.0	579
54P2R2A3_02493	54P2R2A3_02493	100.000	410	0	0	1	410	1	410	0.0	817
54P2R2A3_02494	54P2R2A3_02494	100.000	476	0	0	1	476	1	476	0.0	965
54P2R2A3_02495	54P2R2A3_02495	100.000	646	0	0	1	646	1	646	0.0	1313
54P2R2A3_02496	54P2R2A3_02496	100.000	258	0	0	1	258	1	258	0.0	521
54P2R2A3_02501	54P2R2A3_02501	100.000	536	0	0	1	536	1	536	0.0	1090
54P2R2A3_02502	54P2R2A3_02502	100.000	269	0	0	1	269	1	269	0.0	546
54P2R2A3_02503	54P2R2A3_02503	100.000	95	0	0	1	95	1	95	8.92e-66	192
54P2R2A3_02506	54P2R2A3_02506	100.000	888	0	0	1	888	1	888	0.0	1842
54P2R2A3_02506	31P2R1A5_03732	97.297	888	24	0	1	888	1	888	0.0	1798
54P2R2A3_02510	54P2R2A3_02510	100.000	317	0	0	1	317	1	317	0.0	664
54P2R2A3_02510	31P2R1A5_03736	97.161	317	9	0	1	317	1	317	0.0	647
54P2R2A3_02511	54P2R2A3_02511	100.000	285	0	0	1	285	1	285	0.0	573
54P2R2A3_02511	31P2R1A5_03737	97.895	285	6	0	1	285	1	285	0.0	564
54P2R2A3_02512	54P2R2A3_02512	100.000	188	0	0	1	188	1	188	3.87e-140	388
54P2R2A3_02512	31P2R1A5_03738	96.277	188	7	0	1	188	1	188	2.77e-136	378
54P2R2A3_02515	54P2R2A3_02515	100.000	462	0	0	1	462	1	462	0.0	933
54P2R2A3_02515	31P2R1A5_03741	97.835	462	10	0	1	462	1	462	0.0	920
54P2R2A3_02516	54P2R2A3_02516	100.000	402	0	0	1	402	1	402	0.0	789
54P2R2A3_02517	54P2R2A3_02517	100.000	348	0	0	1	348	1	348	0.0	715
54P2R2A3_02517	31P2R1A5_03743	97.414	348	9	0	1	348	1	348	0.0	699
54P2R2A3_02517	34P3R2A10_01126	95.413	109	5	0	240	348	1	109	3.90e-70	214
54P2R2A3_02518	54P2R2A3_02518	100.000	207	0	0	1	207	1	207	4.36e-151	417
54P2R2A3_02518	31P2R1A5_03744	96.135	207	8	0	1	207	1	207	7.13e-146	404
54P2R2A3_02519	54P2R2A3_02519	100.000	248	0	0	1	248	1	248	0.0	504
54P2R2A3_02519	31P2R1A5_03745	96.774	248	8	0	1	248	1	248	4.28e-178	489
54P2R2A3_02521	54P2R2A3_02521	100.000	131	0	0	1	131	1	131	1.40e-93	266
54P2R2A3_02523	54P2R2A3_02523	100.000	166	0	0	1	166	1	166	5.08e-119	333
54P2R2A3_02528	54P2R2A3_02528	100.000	307	0	0	1	307	1	307	0.0	622
54P2R2A3_02528	31P2R1A5_03754	96.743	307	10	0	1	307	1	307	0.0	601
54P2R2A3_02547	54P2R2A3_02547	100.000	202	0	0	1	202	1	202	6.46e-152	419
54P2R2A3_02547	31P2R1A5_03773	97.030	202	6	0	1	202	1	202	8.38e-148	408
54P2R2A3_02548	54P2R2A3_02548	100.000	678	0	0	1	678	1	678	0.0	1405
54P2R2A3_02548	31P2R1A5_03774	97.345	678	18	0	1	678	1	678	0.0	1377
54P2R2A3_02551	54P2R2A3_02551	100.000	252	0	0	1	252	1	252	0.0	513
54P2R2A3_02551	31P2R1A5_03777	97.619	252	6	0	1	252	1	252	0.0	503
54P2R2A3_02552	54P2R2A3_02552	100.000	299	0	0	1	299	1	299	0.0	616
54P2R2A3_02552	31P2R1A5_03778	97.324	299	8	0	1	299	1	299	0.0	603
54P2R2A3_02553	54P2R2A3_02553	100.000	437	0	0	1	437	1	437	0.0	874
54P2R2A3_02553	31P2R1A5_03779	97.025	437	13	0	1	437	1	437	0.0	853
54P2R2A3_02555	54P2R2A3_02555	100.000	51	0	0	1	51	1	51	7.45e-32	103
54P2R2A3_02557	54P2R2A3_02557	100.000	328	0	0	1	328	1	328	0.0	667
54P2R2A3_02557	31P2R1A5_03783	96.646	328	11	0	1	328	1	328	0.0	649
54P2R2A3_02558	54P2R2A3_02558	100.000	537	0	0	1	537	1	537	0.0	1054
54P2R2A3_02558	31P2R1A5_03784	97.020	537	16	0	1	537	1	537	0.0	1029
54P2R2A3_02559	54P2R2A3_02559	100.000	234	0	0	1	234	1	234	1.53e-170	469
54P2R2A3_02559	31P2R1A5_03785	96.581	234	8	0	1	234	1	234	5.22e-165	454
54P2R2A3_02560	54P2R2A3_02560	100.000	256	0	0	1	256	1	256	0.0	502
54P2R2A3_02560	31P2R1A5_03786	97.656	256	6	0	1	256	1	256	2.03e-178	490
54P2R2A3_02564	54P2R2A3_02564	100.000	232	0	0	1	232	1	232	6.89e-177	484
54P2R2A3_02564	31P2R1A5_03790	96.983	232	7	0	1	232	1	232	1.26e-171	471
54P2R2A3_02570	54P2R2A3_02570	100.000	542	0	0	1	542	1	542	0.0	1107
54P2R2A3_02570	31P2R1A5_03796	97.232	542	15	0	1	542	1	542	0.0	1075
54P2R2A3_02571	54P2R2A3_02571	100.000	233	0	0	1	233	1	233	1.26e-175	481
54P2R2A3_02571	31P2R1A5_03797	96.137	233	9	0	1	233	1	233	4.45e-169	465
54P2R2A3_02573	54P2R2A3_02573	100.000	783	0	0	1	783	1	783	0.0	1620
54P2R2A3_02574	54P2R2A3_02574	100.000	429	0	0	1	429	1	429	0.0	876
54P2R2A3_02574	31P2R1A5_03800	97.203	429	12	0	1	429	1	429	0.0	858
54P2R2A3_02576	54P2R2A3_02576	100.000	274	0	0	1	274	1	274	0.0	567
54P2R2A3_02576	31P2R1A5_03802	97.080	274	8	0	1	274	1	274	0.0	554
54P2R2A3_02585	54P2R2A3_02585	100.000	274	0	0	1	274	1	274	0.0	546
54P2R2A3_02585	31P2R1A5_03817	97.810	274	6	0	1	274	1	274	0.0	534
54P2R2A3_02586	54P2R2A3_02586	100.000	210	0	0	1	210	1	210	3.68e-154	425
54P2R2A3_02587	54P2R2A3_02587	100.000	310	0	0	1	310	1	310	0.0	641
54P2R2A3_02588	54P2R2A3_02588	100.000	122	0	0	1	122	1	122	1.34e-84	242
54P2R2A3_02588	31P2R1A5_04414	95.902	122	5	0	1	122	1	122	1.28e-70	207
54P2R2A3_02596	54P2R2A3_02596	100.000	299	0	0	1	299	1	299	0.0	622
54P2R2A3_02596	31P2R1A5_04401	99.331	299	2	0	1	299	12	310	0.0	620
54P2R2A3_02596	42P1R1A12_05649	95.302	298	14	0	1	298	1	298	0.0	595
54P2R2A3_02600	54P2R2A3_02600	100.000	135	0	0	1	135	1	135	7.00e-97	274
54P2R2A3_02601	54P2R2A3_02601	100.000	250	0	0	1	250	1	250	0.0	511
54P2R2A3_02602	54P2R2A3_02602	100.000	189	0	0	1	189	1	189	3.11e-132	368
54P2R2A3_02602	31P2R1A5_04395	97.354	189	5	0	1	189	1	189	2.62e-129	360
54P2R2A3_02602	42P1R1A12_02179	96.296	189	7	0	1	189	1	189	6.75e-128	357
54P2R2A3_02606	54P2R2A3_02606	100.000	477	0	0	1	477	1	477	0.0	951
54P2R2A3_02606	31P2R1A5_04391	97.275	477	13	0	1	477	1	477	0.0	929
54P2R2A3_02607	54P2R2A3_02607	100.000	258	0	0	1	258	1	258	0.0	528
54P2R2A3_02607	31P2R1A5_04390	96.899	258	8	0	1	258	1	258	0.0	513
54P2R2A3_02608	54P2R2A3_02608	100.000	126	0	0	1	126	1	126	5.74e-91	258
54P2R2A3_02608	44P3R3A6_04225	97.619	126	3	0	1	126	1	126	1.23e-88	253
54P2R2A3_02612	54P2R2A3_02612	100.000	229	0	0	1	229	1	229	4.31e-168	462
54P2R2A3_02616	54P2R2A3_02616	100.000	230	0	0	1	230	1	230	8.48e-170	466
54P2R2A3_02616	31P2R1A5_04380	96.957	230	7	0	1	230	1	230	1.48e-164	453
54P2R2A3_02620	54P2R2A3_02620	100.000	172	0	0	1	172	1	172	1.88e-125	349
54P2R2A3_02628	54P2R2A3_02628	100.000	339	0	0	1	339	1	339	0.0	702
54P2R2A3_02628	31P2R1A5_04368	97.640	339	8	0	1	339	1	339	0.0	689
54P2R2A3_02631	54P2R2A3_02631	100.000	441	0	0	1	441	1	441	0.0	894
54P2R2A3_02631	31P2R1A5_04365	97.732	441	10	0	1	441	1	441	0.0	875
54P2R2A3_02631	18P3R3A11_01497	95.918	441	18	0	1	441	1	441	0.0	861
54P2R2A3_02631	38P2R3A13_06468	95.011	441	22	0	1	441	1	441	0.0	855
54P2R2A3_02631	10P3R2A13_02241	95.465	441	20	0	1	441	1	441	0.0	839
54P2R2A3_02633	54P2R2A3_02633	100.000	426	0	0	1	426	1	426	0.0	833
54P2R2A3_02634	54P2R2A3_02634	100.000	265	0	0	1	265	1	265	0.0	534
54P2R2A3_02636	54P2R2A3_02636	100.000	75	0	0	1	75	1	75	4.43e-47	144
54P2R2A3_02636	18P3R3A11_01491	98.148	54	1	0	22	75	1	54	7.02e-28	95.1
54P2R2A3_02636	10P3R2A13_02235	96.296	54	2	0	22	75	1	54	8.18e-28	94.7
54P2R2A3_02639	54P2R2A3_02639	100.000	226	0	0	1	226	1	226	1.63e-170	468
54P2R2A3_02639	31P2R1A5_04358	96.460	226	8	0	1	226	1	226	3.75e-165	454
54P2R2A3_02640	54P2R2A3_02640	100.000	149	0	0	1	149	1	149	2.35e-109	307
54P2R2A3_02642	54P2R2A3_02642	100.000	343	0	0	1	343	1	343	0.0	706
54P2R2A3_02642	31P2R1A5_04355	97.085	343	10	0	1	343	1	343	0.0	690
54P2R2A3_02646	54P2R2A3_02646	100.000	118	0	0	1	118	1	118	9.54e-81	232
54P2R2A3_02647	54P2R2A3_02647	100.000	349	0	0	1	349	1	349	0.0	717
54P2R2A3_02647	31P2R1A5_04350	95.989	349	14	0	1	349	1	349	0.0	675
54P2R2A3_02648	54P2R2A3_02648	100.000	263	0	0	1	263	1	263	0.0	531
54P2R2A3_02651	54P2R2A3_02651	100.000	225	0	0	1	225	1	225	1.45e-169	465
54P2R2A3_02653	54P2R2A3_02653	100.000	294	0	0	1	294	1	294	0.0	610
54P2R2A3_02653	31P2R1A5_04344	95.548	292	13	0	1	292	1	292	0.0	579
54P2R2A3_02659	54P2R2A3_02659	100.000	164	0	0	1	164	1	164	9.98e-111	311
54P2R2A3_02660	54P2R2A3_02660	100.000	764	0	0	1	764	1	764	0.0	1583
54P2R2A3_02660	31P2R1A5_04337	97.644	764	18	0	1	764	1	764	0.0	1553
54P2R2A3_02661	54P2R2A3_02661	100.000	313	0	0	1	313	1	313	0.0	648
54P2R2A3_02661	31P2R1A5_04336	96.129	310	12	0	1	310	1	310	0.0	622
54P2R2A3_02661	44P3R3A6_04175	95.833	168	7	0	143	310	21	188	2.54e-114	328
54P2R2A3_02662	54P2R2A3_02662	100.000	337	0	0	1	337	1	337	0.0	702
54P2R2A3_02662	31P2R1A5_04335	97.626	337	8	0	1	337	1	337	0.0	687
54P2R2A3_02662	42P1R1A12_02238	96.142	337	13	0	1	337	1	337	0.0	677
54P2R2A3_02662	51P2R2A10_04809	96.439	337	12	0	1	337	1	337	0.0	676
54P2R2A3_02663	54P2R2A3_02663	100.000	354	0	0	1	354	1	354	0.0	725
54P2R2A3_02665	54P2R2A3_02665	100.000	260	0	0	1	260	1	260	0.0	499
54P2R2A3_02665	31P2R1A5_04332	97.308	260	7	0	1	260	1	260	1.10e-177	489
54P2R2A3_02666	54P2R2A3_02666	100.000	157	0	0	1	157	1	157	1.42e-112	316
54P2R2A3_02666	31P2R1A5_04331	97.452	157	4	0	1	157	1	157	4.34e-109	307
54P2R2A3_02667	54P2R2A3_02667	100.000	141	0	0	1	141	1	141	2.09e-102	289
54P2R2A3_02667	31P2R1A5_04330	96.454	141	5	0	1	141	1	141	3.53e-99	280
54P2R2A3_02668	54P2R2A3_02668	100.000	922	0	0	1	922	1	922	0.0	1899
54P2R2A3_02669	54P2R2A3_02669	100.000	277	0	0	1	277	1	277	0.0	552
54P2R2A3_02670	54P2R2A3_02670	100.000	178	0	0	1	178	1	178	2.67e-129	360
54P2R2A3_02671	54P2R2A3_02671	100.000	288	0	0	1	288	1	288	0.0	575
54P2R2A3_02671	42P1R1A12_02251	96.875	288	9	0	1	288	15	302	0.0	560
54P2R2A3_02671	51P2R2A10_04796	95.833	288	12	0	1	288	1	288	0.0	543
54P2R2A3_02672	54P2R2A3_02672	100.000	200	0	0	1	200	1	200	4.36e-145	401
54P2R2A3_02673	54P2R2A3_02673	100.000	291	0	0	1	291	1	291	0.0	592
54P2R2A3_02674	54P2R2A3_02674	100.000	495	0	0	1	495	1	495	0.0	979
54P2R2A3_02674	42P1R1A12_02254	96.364	495	18	0	1	495	1	495	0.0	951
54P2R2A3_02674	51P2R2A10_04793	95.161	496	23	1	1	495	1	496	0.0	914
54P2R2A3_02675	54P2R2A3_02675	100.000	131	0	0	1	131	1	131	2.76e-95	270
54P2R2A3_02675	42P1R1A12_02255	96.183	131	5	0	1	131	1	131	3.63e-86	247
54P2R2A3_02676	54P2R2A3_02676	100.000	480	0	0	1	480	1	480	0.0	994
54P2R2A3_02677	54P2R2A3_02677	100.000	407	0	0	1	407	1	407	0.0	830
54P2R2A3_02678	54P2R2A3_02678	100.000	339	0	0	1	339	1	339	0.0	679
54P2R2A3_02678	31P2R1A5_04322	96.418	335	12	0	1	335	1	335	0.0	650
54P2R2A3_02679	54P2R2A3_02679	100.000	96	0	0	1	96	1	96	2.43e-63	186
54P2R2A3_02680	54P2R2A3_02680	100.000	85	0	0	1	85	1	85	3.08e-56	167
54P2R2A3_02682	54P2R2A3_02682	100.000	211	0	0	1	211	1	211	4.10e-156	430
54P2R2A3_02682	31P2R1A5_04312	97.630	211	5	0	1	211	1	211	4.21e-153	422
54P2R2A3_02686	54P2R2A3_02686	100.000	127	0	0	1	127	1	127	1.17e-93	265
54P2R2A3_02686	31P2R1A5_04308	97.638	127	3	0	1	127	1	127	2.23e-91	259
54P2R2A3_02688	54P2R2A3_02688	100.000	266	0	0	1	266	1	266	0.0	541
54P2R2A3_02689	54P2R2A3_02689	100.000	452	0	0	1	452	1	452	0.0	913
54P2R2A3_02690	54P2R2A3_02690	100.000	297	0	0	1	297	1	297	0.0	616
54P2R2A3_02690	31P2R1A5_04304	97.980	297	6	0	1	297	1	297	0.0	605
54P2R2A3_02694	54P2R2A3_02694	100.000	208	0	0	1	208	1	208	3.29e-156	430
54P2R2A3_02694	44P3R3A6_04139	97.596	208	5	0	1	208	1	208	2.33e-153	423
54P2R2A3_02700	54P2R2A3_02700	100.000	301	0	0	1	301	1	301	0.0	618
54P2R2A3_02701	54P2R2A3_02701	100.000	272	0	0	1	272	1	272	0.0	555
54P2R2A3_02701	31P2R1A5_04944	95.221	272	13	0	1	272	1	272	0.0	502
54P2R2A3_02702	54P2R2A3_02702	100.000	221	0	0	1	221	1	221	4.76e-151	418
54P2R2A3_02702	31P2R1A5_04945	96.833	221	7	0	1	221	1	221	1.35e-147	409
54P2R2A3_02703	54P2R2A3_02703	100.000	431	0	0	1	431	1	431	0.0	865
54P2R2A3_02703	31P2R1A5_04946	95.360	431	20	0	1	431	1	431	0.0	797
54P2R2A3_02705	54P2R2A3_02705	100.000	80	0	0	1	80	1	80	2.32e-54	162
54P2R2A3_02707	54P2R2A3_02707	100.000	256	0	0	1	256	1	256	0.0	516
54P2R2A3_02707	31P2R1A5_04950	96.875	256	8	0	1	256	1	256	0.0	500
54P2R2A3_02708	54P2R2A3_02708	100.000	85	0	0	1	85	1	85	4.84e-59	175
54P2R2A3_02712	54P2R2A3_02712	100.000	55	0	0	1	55	1	55	2.00e-34	110
54P2R2A3_02712	31P2R1A5_04959	96.364	55	2	0	1	55	1	55	2.83e-33	107
54P2R2A3_02714	54P2R2A3_02714	100.000	140	0	0	1	140	1	140	4.32e-102	288
54P2R2A3_02714	31P2R1A5_04961	97.143	140	4	0	1	140	1	140	5.61e-99	280
54P2R2A3_02715	54P2R2A3_02715	100.000	303	0	0	1	303	1	303	0.0	600
54P2R2A3_02715	31P2R1A5_04962	97.030	303	9	0	1	303	1	303	0.0	581
54P2R2A3_02715	44P3R3A6_04113	95.380	303	14	0	1	303	1	303	0.0	572
54P2R2A3_02716	54P2R2A3_02716	100.000	261	0	0	1	261	1	261	0.0	536
54P2R2A3_02716	31P2R1A5_04963	97.701	261	6	0	1	261	1	261	0.0	528
54P2R2A3_02717	54P2R2A3_02717	100.000	319	0	0	1	319	1	319	0.0	617
54P2R2A3_02718	54P2R2A3_02718	100.000	324	0	0	1	324	1	324	0.0	632
54P2R2A3_02719	54P2R2A3_02719	100.000	495	0	0	1	495	1	495	0.0	1013
54P2R2A3_02720	54P2R2A3_02720	100.000	328	0	0	1	328	1	328	0.0	669
54P2R2A3_02721	54P2R2A3_02721	100.000	336	0	0	1	336	1	336	0.0	690
54P2R2A3_02721	31P2R1A5_04980	97.321	336	9	0	1	336	1	336	0.0	672
54P2R2A3_02722	54P2R2A3_02722	100.000	356	0	0	1	356	1	356	0.0	702
54P2R2A3_02722	31P2R1A5_04982	97.753	356	8	0	1	356	1	356	0.0	688
54P2R2A3_02723	54P2R2A3_02723	100.000	915	0	0	1	915	1	915	0.0	1862
54P2R2A3_02723	31P2R1A5_04983	97.158	915	26	0	1	915	1	915	0.0	1809
54P2R2A3_02723	44P3R3A6_04092	95.652	920	35	2	1	915	1	920	0.0	1740
54P2R2A3_02727	54P2R2A3_02727	100.000	286	0	0	1	286	1	286	0.0	556
54P2R2A3_02728	54P2R2A3_02728	100.000	203	0	0	1	203	1	203	9.82e-145	400
54P2R2A3_02729	54P2R2A3_02729	100.000	432	0	0	1	432	1	432	0.0	848
54P2R2A3_02732	54P2R2A3_02732	100.000	301	0	0	1	301	1	301	0.0	605
54P2R2A3_02732	31P2R1A5_00327	97.674	301	7	0	1	301	1	301	0.0	594
54P2R2A3_02734	54P2R2A3_02734	100.000	496	0	0	1	496	1	496	0.0	1019
54P2R2A3_02734	31P2R1A5_00325	96.169	496	19	0	1	496	1	496	0.0	985
54P2R2A3_02735	54P2R2A3_02735	100.000	124	0	0	1	124	1	124	8.04e-76	220
54P2R2A3_02736	54P2R2A3_02736	100.000	35	0	0	1	35	1	35	2.10e-17	66.2
54P2R2A3_02736	31P2R1A5_00323	97.143	35	1	0	1	35	1	35	1.06e-16	64.7
54P2R2A3_02737	54P2R2A3_02737	100.000	271	0	0	1	271	1	271	0.0	548
54P2R2A3_02737	31P2R1A5_00322	97.048	271	8	0	1	271	1	271	0.0	535
54P2R2A3_02738	54P2R2A3_02738	100.000	39	0	0	1	39	1	39	3.72e-22	78.6
54P2R2A3_02739	54P2R2A3_02739	100.000	110	0	0	1	110	1	110	7.79e-71	206
54P2R2A3_02739	31P2R1A5_00320	97.273	110	3	0	1	110	1	110	5.32e-70	204
54P2R2A3_02740	54P2R2A3_02740	100.000	121	0	0	1	121	1	121	1.04e-77	224
54P2R2A3_02740	31P2R1A5_00319	96.694	121	4	0	1	121	1	121	4.20e-76	221
54P2R2A3_02743	54P2R2A3_02743	100.000	281	0	0	1	281	1	281	0.0	552
54P2R2A3_02743	31P2R1A5_00316	96.441	281	10	0	1	281	1	281	0.0	533
54P2R2A3_02746	54P2R2A3_02746	100.000	267	0	0	1	267	1	267	0.0	536
54P2R2A3_02746	31P2R1A5_00313	95.880	267	11	0	1	267	1	267	2.27e-178	491
54P2R2A3_02748	54P2R2A3_02748	100.000	206	0	0	1	206	1	206	9.15e-148	409
54P2R2A3_02748	31P2R1A5_00311	97.573	206	5	0	1	206	1	206	2.31e-144	400
54P2R2A3_02749	54P2R2A3_02749	100.000	301	0	0	1	301	1	301	0.0	597
54P2R2A3_02749	31P2R1A5_00310	97.342	301	8	0	1	301	1	301	0.0	586
54P2R2A3_02749	44P3R3A6_00225	97.674	301	7	0	1	301	1	301	0.0	585
54P2R2A3_02750	54P2R2A3_02750	100.000	309	0	0	1	309	1	309	0.0	631
54P2R2A3_02750	31P2R1A5_00309	96.764	309	10	0	1	309	1	309	0.0	615
54P2R2A3_02751	54P2R2A3_02751	100.000	393	0	0	1	393	1	393	0.0	821
54P2R2A3_02753	54P2R2A3_02753	100.000	307	0	0	1	307	1	307	0.0	618
54P2R2A3_02754	54P2R2A3_02754	100.000	119	0	0	1	119	1	119	3.62e-85	243
54P2R2A3_02755	54P2R2A3_02755	100.000	539	0	0	1	539	1	539	0.0	1103
54P2R2A3_02755	31P2R1A5_00305	96.475	539	19	0	1	539	1	539	0.0	1061
54P2R2A3_02757	54P2R2A3_02757	100.000	317	0	0	1	317	1	317	0.0	652
54P2R2A3_02757	31P2R1A5_00303	95.584	317	14	0	1	317	1	317	0.0	623
54P2R2A3_02759	54P2R2A3_02759	100.000	478	0	0	1	478	1	478	0.0	930
54P2R2A3_02759	31P2R1A5_00301	97.908	478	10	0	1	478	27	504	0.0	919
54P2R2A3_02759	42P1R1A12_01825	96.862	478	15	0	1	478	25	502	0.0	912
54P2R2A3_02761	54P2R2A3_02761	100.000	539	0	0	1	539	1	539	0.0	1079
54P2R2A3_02761	31P2R1A5_00299	96.104	539	21	0	1	539	1	539	0.0	993
54P2R2A3_02763	54P2R2A3_02763	100.000	255	0	0	1	255	1	255	0.0	521
54P2R2A3_02763	31P2R1A5_00297	96.457	254	9	0	1	254	1	254	0.0	504
54P2R2A3_02770	54P2R2A3_02770	100.000	303	0	0	1	303	1	303	0.0	620
54P2R2A3_02770	44P3R3A6_00205	96.370	303	11	0	1	303	7	309	0.0	600
54P2R2A3_02771	54P2R2A3_02771	100.000	437	0	0	1	437	1	437	0.0	887
54P2R2A3_02771	31P2R1A5_00289	97.483	437	11	0	1	437	1	437	0.0	872
54P2R2A3_02772	54P2R2A3_02772	100.000	482	0	0	1	482	1	482	0.0	989
54P2R2A3_02772	31P2R1A5_00288	96.888	482	15	0	1	482	1	482	0.0	959
54P2R2A3_02775	54P2R2A3_02775	100.000	172	0	0	1	172	1	172	2.05e-127	354
54P2R2A3_02775	31P2R1A5_00285	97.674	172	4	0	1	172	1	172	1.26e-124	347
54P2R2A3_02778	54P2R2A3_02778	100.000	74	0	0	1	74	1	74	3.68e-48	146
54P2R2A3_02778	31P2R1A5_00282	100.000	63	0	0	12	74	1	63	2.88e-39	124
54P2R2A3_02781	54P2R2A3_02781	100.000	317	0	0	1	317	1	317	0.0	644
54P2R2A3_02781	31P2R1A5_00279	97.792	317	7	0	1	317	1	317	0.0	630
54P2R2A3_02782	54P2R2A3_02782	100.000	461	0	0	1	461	1	461	0.0	901
54P2R2A3_02782	31P2R1A5_00278	97.614	461	11	0	1	461	1	461	0.0	885
54P2R2A3_02783	54P2R2A3_02783	100.000	241	0	0	1	241	1	241	3.65e-180	493
54P2R2A3_02783	31P2R1A5_00277	95.436	241	11	0	1	241	1	241	1.66e-171	471
54P2R2A3_02784	54P2R2A3_02784	100.000	112	0	0	1	112	1	112	1.18e-73	214
54P2R2A3_02785	54P2R2A3_02785	100.000	240	0	0	1	240	1	240	3.54e-177	486
54P2R2A3_02785	31P2R1A5_00275	96.266	241	8	1	1	240	1	241	1.92e-170	469
54P2R2A3_02786	54P2R2A3_02786	100.000	121	0	0	1	121	1	121	1.07e-88	252
54P2R2A3_02786	31P2R1A5_00274	97.521	121	3	0	1	121	1	121	8.34e-87	248
54P2R2A3_02788	54P2R2A3_02788	100.000	311	0	0	1	311	1	311	0.0	634
54P2R2A3_02791	54P2R2A3_02791	100.000	393	0	0	1	393	1	393	0.0	794
54P2R2A3_02791	31P2R1A5_00268	97.964	393	8	0	1	393	1	393	0.0	781
54P2R2A3_02792	54P2R2A3_02792	100.000	509	0	0	1	509	1	509	0.0	1022
54P2R2A3_02792	31P2R1A5_00267	97.839	509	11	0	1	509	12	520	0.0	1006
54P2R2A3_02793	54P2R2A3_02793	100.000	343	0	0	1	343	1	343	0.0	692
54P2R2A3_02793	31P2R1A5_00266	97.085	343	10	0	1	343	1	343	0.0	676
54P2R2A3_02795	54P2R2A3_02795	100.000	391	0	0	1	391	1	391	0.0	811
54P2R2A3_02798	54P2R2A3_02798	100.000	173	0	0	1	173	1	173	1.50e-129	360
54P2R2A3_02798	31P2R1A5_00261	97.110	173	5	0	1	173	1	173	4.51e-127	353
54P2R2A3_02799	54P2R2A3_02799	100.000	118	0	0	1	118	1	118	5.00e-76	220
54P2R2A3_02799	31P2R1A5_00260	98.020	101	2	0	1	101	1	101	1.21e-64	191
54P2R2A3_02799	44P3R3A6_00110	97.030	101	3	0	1	101	1	101	6.35e-64	189
54P2R2A3_02800	54P2R2A3_02800	100.000	403	0	0	1	403	1	403	0.0	796
54P2R2A3_02800	31P2R1A5_00259	97.525	404	9	1	1	403	1	404	0.0	780
54P2R2A3_02802	54P2R2A3_02802	100.000	131	0	0	1	131	1	131	1.61e-96	273
54P2R2A3_02806	54P2R2A3_02806	100.000	267	0	0	1	267	1	267	0.0	538
54P2R2A3_02807	54P2R2A3_02807	100.000	442	0	0	1	442	1	442	0.0	876
54P2R2A3_02807	31P2R1A5_00252	97.738	442	10	0	1	442	1	442	0.0	858
54P2R2A3_02809	54P2R2A3_02809	100.000	332	0	0	1	332	1	332	0.0	669
54P2R2A3_02809	31P2R1A5_00250	96.988	332	10	0	1	332	1	332	0.0	652
54P2R2A3_02811	54P2R2A3_02811	100.000	489	0	0	1	489	1	489	0.0	994
54P2R2A3_02811	31P2R1A5_00248	97.342	489	13	0	1	489	1	489	0.0	971
54P2R2A3_02812	54P2R2A3_02812	100.000	341	0	0	1	341	1	341	0.0	693
54P2R2A3_02812	31P2R1A5_00247	96.481	341	12	0	1	341	1	341	0.0	672
54P2R2A3_02815	54P2R2A3_02815	100.000	313	0	0	1	313	1	313	0.0	641
54P2R2A3_02816	54P2R2A3_02816	100.000	316	0	0	1	316	1	316	0.0	650
54P2R2A3_02817	54P2R2A3_02817	100.000	144	0	0	1	144	1	144	6.68e-101	285
54P2R2A3_02820	54P2R2A3_02820	100.000	460	0	0	1	460	1	460	0.0	912
54P2R2A3_02820	31P2R1A5_00233	95.395	456	21	0	1	456	1	456	0.0	833
54P2R2A3_02821	54P2R2A3_02821	100.000	220	0	0	1	220	1	220	3.89e-162	446
54P2R2A3_02824	54P2R2A3_02824	100.000	136	0	0	1	136	1	136	1.16e-98	279
54P2R2A3_02824	42P1R1A12_03374	96.324	136	5	0	1	136	1	136	6.65e-95	269
54P2R2A3_02825	54P2R2A3_02825	100.000	199	0	0	1	199	1	199	2.41e-146	404
54P2R2A3_02825	31P2R1A5_00226	97.959	196	4	0	1	196	1	196	4.29e-142	394
54P2R2A3_02830	54P2R2A3_02830	100.000	474	0	0	1	474	1	474	0.0	964
54P2R2A3_02832	54P2R2A3_02832	100.000	256	0	0	1	256	1	256	0.0	509
54P2R2A3_02832	31P2R1A5_00219	96.875	256	8	0	1	256	1	256	0.0	496
54P2R2A3_02834	54P2R2A3_02834	100.000	166	0	0	1	166	1	166	1.64e-123	344
54P2R2A3_02834	31P2R1A5_00217	96.988	166	5	0	1	166	1	166	3.99e-119	333
54P2R2A3_02838	54P2R2A3_02838	100.000	682	0	0	1	682	1	682	0.0	1395
54P2R2A3_02838	31P2R1A5_00213	97.654	682	16	0	1	682	1	682	0.0	1368
54P2R2A3_02840	54P2R2A3_02840	100.000	317	0	0	1	317	1	317	0.0	629
54P2R2A3_02840	31P2R1A5_00211	97.161	317	9	0	1	317	1	317	0.0	613
54P2R2A3_02843	54P2R2A3_02843	100.000	225	0	0	1	225	1	225	1.17e-159	440
54P2R2A3_02849	54P2R2A3_02849	100.000	277	0	0	1	277	1	277	0.0	568
54P2R2A3_02849	31P2R1A5_00202	97.834	277	6	0	1	277	1	277	0.0	558
54P2R2A3_02851	54P2R2A3_02851	100.000	297	0	0	1	297	1	297	0.0	589
54P2R2A3_02851	31P2R1A5_00200	97.306	297	8	0	1	297	1	297	0.0	572
54P2R2A3_02853	54P2R2A3_02853	100.000	244	0	0	1	244	1	244	0.0	498
54P2R2A3_02854	54P2R2A3_02854	100.000	108	0	0	1	108	1	108	1.21e-72	211
54P2R2A3_02854	31P2R1A5_00197	96.296	108	4	0	1	108	1	108	1.14e-69	203
54P2R2A3_02855	54P2R2A3_02855	100.000	62	0	0	1	62	1	62	5.01e-39	122
54P2R2A3_02855	31P2R1A5_00196	96.774	62	2	0	1	62	1	62	1.78e-37	119
54P2R2A3_02855	42P1R1A12_04377	97.872	47	1	0	16	62	16	62	3.69e-28	95.5
54P2R2A3_02856	54P2R2A3_02856	100.000	880	0	0	1	880	1	880	0.0	1771
54P2R2A3_02856	31P2R1A5_00195	97.045	880	26	0	1	880	1	880	0.0	1732
54P2R2A3_02857	54P2R2A3_02857	100.000	167	0	0	1	167	1	167	4.18e-111	313
54P2R2A3_02859	54P2R2A3_02859	100.000	147	0	0	1	147	1	147	8.35e-107	300
54P2R2A3_02859	31P2R1A5_00192	97.959	147	3	0	1	147	1	147	8.88e-104	293
54P2R2A3_02860	54P2R2A3_02860	100.000	88	0	0	1	88	1	88	5.54e-57	170
54P2R2A3_02860	31P2R1A5_00191	97.727	88	2	0	1	88	1	88	4.82e-56	167
54P2R2A3_02862	54P2R2A3_02862	100.000	385	0	0	1	385	1	385	0.0	777
54P2R2A3_02863	54P2R2A3_02863	100.000	71	0	0	1	71	1	71	1.15e-47	145
54P2R2A3_02863	31P2R1A5_00188	95.775	71	3	0	1	71	1	71	6.73e-45	138
54P2R2A3_02868	54P2R2A3_02868	100.000	248	0	0	1	248	1	248	3.75e-178	489
54P2R2A3_02869	54P2R2A3_02869	100.000	373	0	0	1	373	1	373	0.0	759
54P2R2A3_02869	31P2R1A5_00182	95.442	373	17	0	1	373	1	373	0.0	729
54P2R2A3_02870	54P2R2A3_02870	100.000	65	0	0	1	65	1	65	2.03e-44	136
54P2R2A3_02870	31P2R1A5_00181	95.385	65	3	0	1	65	1	65	1.88e-42	131
54P2R2A3_02871	54P2R2A3_02871	100.000	249	0	0	1	249	1	249	1.81e-180	495
54P2R2A3_02872	54P2R2A3_02872	100.000	460	0	0	1	460	1	460	0.0	922
54P2R2A3_02872	31P2R1A5_00179	96.499	457	16	0	1	457	1	457	0.0	884
54P2R2A3_02873	54P2R2A3_02873	100.000	160	0	0	1	160	1	160	5.43e-116	325
54P2R2A3_02873	31P2R1A5_00178	97.500	160	4	0	1	160	1	160	6.44e-113	317
54P2R2A3_02875	54P2R2A3_02875	100.000	400	0	0	1	400	1	400	0.0	815
54P2R2A3_02875	31P2R1A5_00176	96.250	400	15	0	1	400	1	400	0.0	786
54P2R2A3_02877	54P2R2A3_02877	100.000	342	0	0	1	342	1	342	0.0	692
54P2R2A3_02877	31P2R1A5_00174	97.953	342	7	0	1	342	1	342	0.0	680
54P2R2A3_02878	54P2R2A3_02878	100.000	269	0	0	1	269	1	269	0.0	547
54P2R2A3_02878	31P2R1A5_00173	96.654	269	9	0	1	269	1	269	0.0	530
54P2R2A3_02880	54P2R2A3_02880	100.000	345	0	0	1	345	1	345	0.0	683
54P2R2A3_02880	31P2R1A5_00171	96.210	343	13	0	1	343	1	343	0.0	659
54P2R2A3_02880	44P3R3A6_00020	95.335	343	16	0	1	343	1	343	0.0	649
54P2R2A3_02881	54P2R2A3_02881	100.000	183	0	0	1	183	1	183	4.83e-127	354
54P2R2A3_02881	31P2R1A5_00170	96.721	183	6	0	1	183	1	183	2.26e-122	342
54P2R2A3_02882	54P2R2A3_02882	100.000	304	0	0	1	304	1	304	0.0	605
54P2R2A3_02882	31P2R1A5_00169	96.382	304	11	0	1	304	1	304	0.0	587
54P2R2A3_02883	54P2R2A3_02883	100.000	289	0	0	1	289	1	289	0.0	598
54P2R2A3_02884	54P2R2A3_02884	100.000	308	0	0	1	308	1	308	0.0	627
54P2R2A3_02884	31P2R1A5_00167	97.727	308	7	0	1	308	1	308	0.0	612
54P2R2A3_02885	54P2R2A3_02885	100.000	302	0	0	1	302	1	302	0.0	616
54P2R2A3_02885	31P2R1A5_00166	97.020	302	9	0	1	302	1	302	0.0	599
54P2R2A3_02892	54P2R2A3_02892	100.000	165	0	0	1	165	1	165	2.30e-121	338
54P2R2A3_02892	31P2R1A5_00159	95.152	165	8	0	1	165	1	165	4.21e-115	323
54P2R2A3_02893	54P2R2A3_02893	100.000	181	0	0	1	181	1	181	6.23e-133	369
54P2R2A3_02893	44P3R3A6_00007	96.685	181	6	0	1	181	1	181	1.38e-128	358
54P2R2A3_02894	54P2R2A3_02894	100.000	362	0	0	1	362	1	362	0.0	729
54P2R2A3_02894	31P2R1A5_00157	96.961	362	11	0	1	362	1	362	0.0	707
54P2R2A3_02895	54P2R2A3_02895	100.000	585	0	0	1	585	1	585	0.0	1205
54P2R2A3_02895	31P2R1A5_00156	97.949	585	12	0	1	585	1	585	0.0	1184
54P2R2A3_02896	54P2R2A3_02896	100.000	352	0	0	1	352	1	352	0.0	740
54P2R2A3_02897	54P2R2A3_02897	100.000	533	0	0	1	533	1	533	0.0	1061
54P2R2A3_02898	54P2R2A3_02898	100.000	1153	0	0	1	1153	1	1153	0.0	2347
54P2R2A3_02898	44P3R3A6_00003	95.498	1044	47	0	110	1153	100	1143	0.0	1995
54P2R2A3_02898	31P2R1A5_00154	95.577	1040	46	0	114	1153	93	1132	0.0	1991
54P2R2A3_02899	54P2R2A3_02899	100.000	403	0	0	1	403	1	403	0.0	827
54P2R2A3_02900	54P2R2A3_02900	100.000	77	0	0	1	77	1	77	2.97e-51	154
54P2R2A3_02901	54P2R2A3_02901	100.000	366	0	0	1	366	1	366	0.0	757
54P2R2A3_02901	31P2R1A5_03992	98.008	251	5	0	116	366	1	251	0.0	519
54P2R2A3_02901	44P3R3A6_05547	97.403	77	2	0	290	366	1	77	2.00e-49	160
54P2R2A3_02901	44P3R3A6_05581	97.436	39	1	0	1	39	1	39	1.82e-19	80.9
54P2R2A3_02902	54P2R2A3_02902	100.000	174	0	0	1	174	1	174	5.58e-124	346
54P2R2A3_02903	54P2R2A3_02903	100.000	284	0	0	1	284	1	284	0.0	582
54P2R2A3_02904	54P2R2A3_02904	100.000	498	0	0	1	498	1	498	0.0	1043
54P2R2A3_02905	54P2R2A3_02905	100.000	404	0	0	1	404	1	404	0.0	844
54P2R2A3_02906	54P2R2A3_02906	100.000	840	0	0	1	840	1	840	0.0	1742
54P2R2A3_02910	54P2R2A3_02910	100.000	230	0	0	1	230	1	230	2.93e-169	465
54P2R2A3_02911	54P2R2A3_02911	100.000	448	0	0	1	448	1	448	0.0	910
54P2R2A3_02911	31P2R1A5_00145	97.098	448	13	0	1	448	1	448	0.0	886
54P2R2A3_02913	54P2R2A3_02913	100.000	49	0	0	1	49	1	49	1.57e-27	92.8
54P2R2A3_02913	31P2R1A5_00143	100.000	49	0	0	1	49	116	164	1.00e-26	94.0
54P2R2A3_02913	18P3R3A11_00777	97.959	49	1	0	1	49	116	164	4.85e-26	92.4
54P2R2A3_02913	51P2R2A10_01972	97.959	49	1	0	1	49	116	164	6.30e-26	92.0
54P2R2A3_02914	54P2R2A3_02914	100.000	105	0	0	1	105	1	105	9.02e-72	208
54P2R2A3_02914	31P2R1A5_00143	99.038	104	1	0	1	104	1	104	1.97e-71	209
54P2R2A3_02916	54P2R2A3_02916	100.000	511	0	0	1	511	1	511	0.0	1048
54P2R2A3_02916	31P2R1A5_00141	97.500	160	4	0	352	511	4	163	2.82e-108	319
54P2R2A3_02917	54P2R2A3_02917	100.000	254	0	0	1	254	1	254	0.0	510
54P2R2A3_02917	31P2R1A5_00139	95.669	254	11	0	1	254	1	254	2.62e-177	487
54P2R2A3_02918	54P2R2A3_02918	100.000	305	0	0	1	305	1	305	0.0	608
54P2R2A3_02918	31P2R1A5_00138	96.066	305	12	0	1	305	1	305	0.0	584
54P2R2A3_02919	54P2R2A3_02919	100.000	63	0	0	1	63	1	63	4.57e-43	132
54P2R2A3_02920	54P2R2A3_02920	100.000	97	0	0	1	97	1	97	3.86e-65	191
54P2R2A3_02921	54P2R2A3_02921	100.000	290	0	0	1	290	1	290	0.0	603
54P2R2A3_02922	54P2R2A3_02922	100.000	401	0	0	1	401	1	401	0.0	765
54P2R2A3_02923	54P2R2A3_02923	100.000	353	0	0	1	353	1	353	0.0	728
54P2R2A3_02923	31P2R1A5_00122	96.601	353	12	0	1	353	1	353	0.0	708
54P2R2A3_02925	54P2R2A3_02925	100.000	278	0	0	1	278	1	278	0.0	558
54P2R2A3_02926	54P2R2A3_02926	100.000	129	0	0	1	129	1	129	1.89e-94	268
54P2R2A3_02926	31P2R1A5_00120	96.124	129	5	0	1	129	1	129	1.62e-91	260
54P2R2A3_02929	54P2R2A3_02929	100.000	322	0	0	1	322	1	322	0.0	644
54P2R2A3_02929	31P2R1A5_00107	96.273	322	12	0	1	322	1	322	0.0	593
54P2R2A3_02931	54P2R2A3_02931	100.000	351	0	0	1	351	1	351	0.0	676
54P2R2A3_02931	31P2R1A5_00105	97.436	351	9	0	1	351	1	351	0.0	660
54P2R2A3_02933	54P2R2A3_02933	100.000	438	0	0	1	438	1	438	0.0	897
54P2R2A3_02934	54P2R2A3_02934	100.000	300	0	0	1	300	1	300	0.0	617
54P2R2A3_02941	54P2R2A3_02941	100.000	325	0	0	1	325	1	325	0.0	656
54P2R2A3_02941	44P3R3A6_02906	96.923	325	10	0	1	325	6	330	0.0	639
54P2R2A3_02943	54P2R2A3_02943	100.000	390	0	0	1	390	1	390	0.0	802
54P2R2A3_02943	31P2R1A5_00095	97.692	390	9	0	1	390	1	390	0.0	786
54P2R2A3_02944	54P2R2A3_02944	100.000	774	0	0	1	774	1	774	0.0	1553
54P2R2A3_02945	54P2R2A3_02945	100.000	281	0	0	1	281	1	281	0.0	570
54P2R2A3_02945	31P2R1A5_00093	96.390	277	10	0	1	277	1	277	0.0	542
54P2R2A3_02946	54P2R2A3_02946	100.000	302	0	0	1	302	1	302	0.0	606
54P2R2A3_02949	54P2R2A3_02949	100.000	138	0	0	1	138	1	138	9.53e-99	279
54P2R2A3_02950	54P2R2A3_02950	100.000	303	0	0	1	303	1	303	0.0	627
54P2R2A3_02951	54P2R2A3_02951	100.000	422	0	0	1	422	1	422	0.0	882
54P2R2A3_02951	42P1R1A12_03419	97.156	422	12	0	1	422	1	422	0.0	862
54P2R2A3_02951	31P2R1A5_05179	97.156	422	12	0	1	422	1	422	0.0	862
54P2R2A3_02951	44P3R3A6_03107	97.990	398	8	0	1	398	1	398	0.0	818
54P2R2A3_02952	54P2R2A3_02952	100.000	140	0	0	1	140	1	140	2.59e-101	286
54P2R2A3_02952	31P2R1A5_05178	97.857	140	3	0	1	140	1	140	1.45e-99	281
54P2R2A3_02953	54P2R2A3_02953	100.000	136	0	0	1	136	1	136	2.56e-95	270
54P2R2A3_02953	31P2R1A5_01799	98.529	136	2	0	1	136	761	896	2.16e-89	277
54P2R2A3_02954	54P2R2A3_02954	100.000	308	0	0	1	308	1	308	0.0	616
54P2R2A3_02955	54P2R2A3_02955	100.000	169	0	0	1	169	1	169	4.34e-125	348
54P2R2A3_02956	54P2R2A3_02956	100.000	71	0	0	1	71	1	71	2.86e-47	144
54P2R2A3_02959	54P2R2A3_02959	100.000	404	0	0	1	404	1	404	0.0	837
54P2R2A3_02959	31P2R1A5_01809	96.287	404	15	0	1	404	1	404	0.0	805
54P2R2A3_02961	54P2R2A3_02961	100.000	102	0	0	1	102	1	102	4.11e-70	204
54P2R2A3_02962	54P2R2A3_02962	100.000	89	0	0	1	89	1	89	1.61e-60	179
54P2R2A3_02962	31P2R1A5_01812	96.629	89	3	0	1	89	1	89	6.20e-58	172
54P2R2A3_02963	54P2R2A3_02963	100.000	332	0	0	1	332	1	332	0.0	689
54P2R2A3_02963	31P2R1A5_01813	96.084	332	13	0	1	332	1	332	0.0	666
54P2R2A3_02964	54P2R2A3_02964	100.000	273	0	0	1	273	1	273	0.0	562
54P2R2A3_02964	31P2R1A5_01814	95.971	273	11	0	1	273	1	273	0.0	542
54P2R2A3_02969	54P2R2A3_02969	100.000	263	0	0	1	263	1	263	0.0	525
54P2R2A3_02969	31P2R1A5_01819	97.719	263	6	0	1	263	1	263	0.0	516
54P2R2A3_02974	54P2R2A3_02974	100.000	348	0	0	1	348	1	348	0.0	716
54P2R2A3_02974	31P2R1A5_01824	97.110	346	10	0	1	346	1	346	0.0	696
54P2R2A3_02977	54P2R2A3_02977	100.000	122	0	0	1	122	1	122	6.25e-83	238
54P2R2A3_02978	54P2R2A3_02978	100.000	315	0	0	1	315	1	315	0.0	625
54P2R2A3_02978	31P2R1A5_01828	97.143	315	9	0	1	315	1	315	0.0	609
54P2R2A3_02988	54P2R2A3_02988	100.000	265	0	0	1	265	1	265	0.0	535
54P2R2A3_02988	31P2R1A5_01838	97.015	268	5	1	1	265	1	268	0.0	521
54P2R2A3_02995	54P2R2A3_02995	100.000	97	0	0	1	97	1	97	8.95e-66	192
54P2R2A3_02995	31P2R1A5_01845	96.809	94	3	0	4	97	2	95	1.40e-61	182
54P2R2A3_02996	54P2R2A3_02996	100.000	39	0	0	1	39	1	39	1.59e-21	77.0
54P2R2A3_03008	54P2R2A3_03008	100.000	264	0	0	1	264	1	264	0.0	543
54P2R2A3_03009	54P2R2A3_03009	100.000	215	0	0	1	215	1	215	2.67e-157	434
54P2R2A3_03010	54P2R2A3_03010	100.000	332	0	0	1	332	1	332	0.0	657
54P2R2A3_03011	54P2R2A3_03011	100.000	242	0	0	1	242	1	242	1.58e-173	477
54P2R2A3_03012	54P2R2A3_03012	100.000	248	0	0	1	248	1	248	0.0	502
54P2R2A3_03013	54P2R2A3_03013	100.000	311	0	0	1	311	1	311	0.0	637
54P2R2A3_03014	54P2R2A3_03014	100.000	219	0	0	1	219	1	219	1.58e-157	434
54P2R2A3_03017	54P2R2A3_03017	100.000	481	0	0	1	481	1	481	0.0	988
54P2R2A3_03017	31P2R1A5_01865	96.258	481	18	0	1	481	1	481	0.0	954
54P2R2A3_03021	54P2R2A3_03021	100.000	192	0	0	1	192	1	192	2.30e-135	376
54P2R2A3_03021	31P2R1A5_01869	97.917	192	4	0	1	192	1	192	2.84e-133	371
54P2R2A3_03024	54P2R2A3_03024	100.000	146	0	0	1	146	1	146	5.72e-100	283
54P2R2A3_03024	31P2R1A5_01872	95.890	146	6	0	1	146	1	146	1.88e-96	274
54P2R2A3_03026	54P2R2A3_03026	100.000	231	0	0	1	231	1	231	1.50e-176	483
54P2R2A3_03026	31P2R1A5_01874	97.403	231	6	0	1	231	1	231	1.16e-172	474
54P2R2A3_03026	44P3R3A6_01545	96.721	183	6	0	49	231	1	183	3.99e-132	369
54P2R2A3_03028	54P2R2A3_03028	100.000	98	0	0	1	98	1	98	5.40e-65	191
54P2R2A3_03028	31P2R1A5_01876	96.939	98	3	0	1	98	1	98	6.47e-63	186
54P2R2A3_03031	54P2R2A3_03031	100.000	175	0	0	1	175	1	175	1.43e-125	350
54P2R2A3_03032	54P2R2A3_03032	100.000	111	0	0	1	111	1	111	3.51e-80	230
54P2R2A3_03032	31P2R1A5_01883	97.297	111	3	0	1	111	1	111	1.83e-78	226
54P2R2A3_03034	54P2R2A3_03034	100.000	103	0	0	1	103	1	103	1.40e-70	205
54P2R2A3_03049	54P2R2A3_03049	100.000	392	0	0	1	392	1	392	0.0	794
54P2R2A3_03049	31P2R1A5_01899	96.173	392	15	0	1	392	1	392	0.0	766
54P2R2A3_03055	54P2R2A3_03055	100.000	304	0	0	1	304	1	304	0.0	625
54P2R2A3_03055	31P2R1A5_01905	97.697	304	7	0	1	304	1	304	0.0	612
54P2R2A3_03059	54P2R2A3_03059	100.000	557	0	0	1	557	1	557	0.0	1141
54P2R2A3_03059	31P2R1A5_01909	97.487	557	14	0	1	557	1	557	0.0	1116
54P2R2A3_03060	54P2R2A3_03060	100.000	598	0	0	1	598	1	598	0.0	1164
54P2R2A3_03063	54P2R2A3_03063	100.000	197	0	0	1	197	1	197	1.75e-146	405
54P2R2A3_03063	31P2R1A5_01913	96.954	197	6	0	1	197	1	197	5.40e-142	393
54P2R2A3_03064	54P2R2A3_03064	100.000	345	0	0	1	345	1	345	0.0	688
54P2R2A3_03064	31P2R1A5_01914	97.971	345	7	0	1	345	1	345	0.0	679
54P2R2A3_03065	54P2R2A3_03065	100.000	217	0	0	1	217	1	217	8.43e-164	450
54P2R2A3_03066	54P2R2A3_03066	100.000	210	0	0	1	210	1	210	3.59e-156	430
54P2R2A3_03071	54P2R2A3_03071	100.000	383	0	0	1	383	1	383	0.0	762
54P2R2A3_03072	54P2R2A3_03072	100.000	424	0	0	1	424	1	424	0.0	874
54P2R2A3_03072	51P2R2A10_02818	97.406	424	11	0	1	424	1	424	0.0	859
54P2R2A3_03072	31P2R1A5_01922	99.750	400	1	0	25	424	1	400	0.0	826
54P2R2A3_03072	42P1R1A12_01143	98.250	400	7	0	25	424	1	400	0.0	818
54P2R2A3_03074	54P2R2A3_03074	100.000	215	0	0	1	215	1	215	1.15e-160	442
54P2R2A3_03074	31P2R1A5_01924	95.349	215	10	0	1	215	1	215	6.88e-146	405
54P2R2A3_03075	54P2R2A3_03075	100.000	299	0	0	1	299	1	299	0.0	613
54P2R2A3_03077	54P2R2A3_03077	100.000	69	0	0	1	69	1	69	3.80e-43	133
54P2R2A3_03078	54P2R2A3_03078	100.000	263	0	0	1	263	1	263	0.0	528
54P2R2A3_03079	54P2R2A3_03079	100.000	128	0	0	1	128	1	128	5.78e-87	249
54P2R2A3_03079	31P2R1A5_01929	97.656	128	3	0	1	128	1	128	4.56e-85	244
54P2R2A3_03081	54P2R2A3_03081	100.000	173	0	0	1	173	1	173	4.91e-128	356
54P2R2A3_03081	31P2R1A5_01931	97.688	173	4	0	1	173	18	190	1.28e-124	348
54P2R2A3_03083	54P2R2A3_03083	100.000	266	0	0	1	266	1	266	0.0	557
54P2R2A3_03083	31P2R1A5_01933	97.368	266	7	0	1	266	1	266	0.0	544
54P2R2A3_03084	54P2R2A3_03084	100.000	137	0	0	1	137	1	137	3.10e-97	275
54P2R2A3_03084	31P2R1A5_01934	97.810	137	3	0	1	137	1	137	3.55e-95	270
54P2R2A3_03088	54P2R2A3_03088	100.000	250	0	0	1	250	1	250	0.0	514
54P2R2A3_03088	31P2R1A5_01938	95.359	237	11	0	14	250	14	250	2.63e-171	472
54P2R2A3_03089	54P2R2A3_03089	100.000	311	0	0	1	311	1	311	0.0	642
54P2R2A3_03090	54P2R2A3_03090	100.000	408	0	0	1	408	1	408	0.0	857
54P2R2A3_03090	31P2R1A5_01940	97.304	408	11	0	1	408	1	408	0.0	840
54P2R2A3_03091	54P2R2A3_03091	100.000	209	0	0	1	209	1	209	2.49e-158	436
54P2R2A3_03091	31P2R1A5_01941	95.694	209	9	0	1	209	1	209	1.28e-150	416
54P2R2A3_03092	54P2R2A3_03092	100.000	387	0	0	1	387	1	387	0.0	796
54P2R2A3_03092	31P2R1A5_01942	97.933	387	8	0	1	387	1	387	0.0	781
54P2R2A3_03095	54P2R2A3_03095	100.000	770	0	0	1	770	1	770	0.0	1583
54P2R2A3_03095	31P2R1A5_01945	97.143	770	22	0	1	770	1	770	0.0	1539
54P2R2A3_03097	54P2R2A3_03097	100.000	517	0	0	1	517	1	517	0.0	1024
54P2R2A3_03097	31P2R1A5_01947	97.864	515	11	0	1	515	1	515	0.0	1005
54P2R2A3_03099	54P2R2A3_03099	100.000	335	0	0	1	335	1	335	0.0	648
54P2R2A3_03099	31P2R1A5_01949	97.910	335	7	0	1	335	1	335	0.0	632
54P2R2A3_03100	54P2R2A3_03100	100.000	314	0	0	1	314	1	314	0.0	629
54P2R2A3_03100	31P2R1A5_01950	97.452	314	8	0	1	314	1	314	0.0	612
54P2R2A3_03113	54P2R2A3_03113	100.000	414	0	0	1	414	1	414	0.0	842
54P2R2A3_03113	31P2R1A5_01963	97.826	414	9	0	1	414	1	414	0.0	827
54P2R2A3_03119	54P2R2A3_03119	100.000	101	0	0	1	101	1	101	1.45e-71	207
54P2R2A3_03119	31P2R1A5_01969	97.030	101	3	0	1	101	1	101	2.17e-68	199
54P2R2A3_03120	54P2R2A3_03120	100.000	135	0	0	1	135	1	135	1.44e-96	273
54P2R2A3_03120	31P2R1A5_01970	97.778	135	3	0	1	135	1	135	7.27e-95	269
54P2R2A3_03123	54P2R2A3_03123	100.000	138	0	0	1	138	1	138	1.43e-98	279
54P2R2A3_03123	31P2R1A5_05068	97.826	138	3	0	1	138	1	138	1.53e-96	273
54P2R2A3_03124	54P2R2A3_03124	100.000	252	0	0	1	252	1	252	0.0	506
54P2R2A3_03124	31P2R1A5_05067	96.429	252	9	0	1	252	1	252	9.03e-178	488
54P2R2A3_03127	54P2R2A3_03127	100.000	392	0	0	1	392	1	392	0.0	796
54P2R2A3_03127	31P2R1A5_05064	96.429	392	14	0	1	392	1	392	0.0	747
54P2R2A3_03135	54P2R2A3_03135	100.000	403	0	0	1	403	1	403	0.0	812
54P2R2A3_03135	31P2R1A5_05056	95.285	403	19	0	1	403	1	403	0.0	770
54P2R2A3_03137	54P2R2A3_03137	100.000	210	0	0	1	210	1	210	5.65e-154	425
54P2R2A3_03139	54P2R2A3_03139	100.000	277	0	0	1	277	1	277	0.0	572
54P2R2A3_03139	31P2R1A5_05052	97.834	277	6	0	1	277	1	277	0.0	563
54P2R2A3_03139	42P1R1A12_05206	95.307	277	13	0	1	277	1	277	0.0	553
54P2R2A3_03147	54P2R2A3_03147	100.000	262	0	0	1	262	1	262	0.0	536
54P2R2A3_03147	31P2R1A5_05044	97.328	262	7	0	1	262	1	262	0.0	525
54P2R2A3_03148	54P2R2A3_03148	100.000	202	0	0	1	202	1	202	3.71e-149	412
54P2R2A3_03148	31P2R1A5_05043	96.500	200	7	0	1	200	1	200	4.33e-133	371
54P2R2A3_03149	54P2R2A3_03149	100.000	298	0	0	1	298	1	298	0.0	598
54P2R2A3_03149	31P2R1A5_05042	97.315	298	8	0	1	298	1	298	0.0	579
54P2R2A3_03151	54P2R2A3_03151	100.000	149	0	0	1	149	1	149	9.05e-109	305
54P2R2A3_03151	31P2R1A5_05040	98.639	147	2	0	1	147	1	147	7.55e-107	300
54P2R2A3_03161	54P2R2A3_03161	100.000	235	0	0	1	235	1	235	4.94e-173	475
54P2R2A3_03161	31P2R1A5_05026	97.872	235	5	0	1	235	1	235	1.68e-168	463
54P2R2A3_03162	54P2R2A3_03162	100.000	31	0	0	1	31	1	31	7.58e-16	62.0
54P2R2A3_03163	54P2R2A3_03163	100.000	297	0	0	1	297	1	297	0.0	609
54P2R2A3_03164	54P2R2A3_03164	100.000	97	0	0	1	97	1	97	3.64e-69	201
54P2R2A3_03165	54P2R2A3_03165	100.000	89	0	0	1	89	1	89	8.59e-59	174
54P2R2A3_03166	54P2R2A3_03166	100.000	386	0	0	1	386	1	386	0.0	784
54P2R2A3_03167	54P2R2A3_03167	100.000	1137	0	0	1	1137	1	1137	0.0	2306
54P2R2A3_03168	54P2R2A3_03168	100.000	588	0	0	1	588	1	588	0.0	1207
54P2R2A3_03168	31P2R1A5_01144	97.619	588	14	0	1	588	1	588	0.0	1177
54P2R2A3_03169	54P2R2A3_03169	100.000	349	0	0	1	349	1	349	0.0	712
54P2R2A3_03169	31P2R1A5_01145	96.848	349	11	0	1	349	1	349	0.0	693
54P2R2A3_03172	54P2R2A3_03172	100.000	472	0	0	1	472	1	472	0.0	934
54P2R2A3_03174	54P2R2A3_03174	100.000	110	0	0	1	110	1	110	3.93e-76	220
54P2R2A3_03175	54P2R2A3_03175	100.000	364	0	0	1	364	1	364	0.0	740
54P2R2A3_03178	54P2R2A3_03178	100.000	349	0	0	1	349	1	349	0.0	703
54P2R2A3_03178	31P2R1A5_01154	97.708	349	8	0	1	349	1	349	0.0	691
54P2R2A3_03185	54P2R2A3_03185	100.000	283	0	0	1	283	1	283	0.0	566
54P2R2A3_03185	31P2R1A5_01161	95.406	283	13	0	1	283	1	283	0.0	536
54P2R2A3_03190	54P2R2A3_03190	100.000	77	0	0	1	77	1	77	1.83e-51	155
54P2R2A3_03190	31P2R1A5_01166	97.403	77	2	0	1	77	1	77	5.16e-50	151
54P2R2A3_03194	54P2R2A3_03194	100.000	394	0	0	1	394	1	394	0.0	789
54P2R2A3_03195	54P2R2A3_03195	100.000	419	0	0	1	419	1	419	0.0	853
54P2R2A3_03195	31P2R1A5_01171	98.329	419	7	0	1	419	30	448	0.0	842
54P2R2A3_03198	54P2R2A3_03198	100.000	1356	0	0	1	1356	1	1356	0.0	2754
54P2R2A3_03198	31P2R1A5_01174	96.755	1356	44	0	1	1356	1	1356	0.0	2678
54P2R2A3_03199	54P2R2A3_03199	100.000	867	0	0	1	867	1	867	0.0	1758
54P2R2A3_03199	31P2R1A5_01175	95.838	865	36	0	1	865	1	865	0.0	1696
54P2R2A3_03208	54P2R2A3_03208	100.000	299	0	0	1	299	1	299	0.0	582
54P2R2A3_03208	31P2R1A5_01184	96.321	299	11	0	1	299	1	299	0.0	557
54P2R2A3_03214	54P2R2A3_03214	100.000	301	0	0	1	301	1	301	0.0	616
54P2R2A3_03214	31P2R1A5_01190	97.674	301	7	0	1	301	1	301	0.0	606
54P2R2A3_03215	54P2R2A3_03215	100.000	338	0	0	1	338	1	338	0.0	689
54P2R2A3_03215	31P2R1A5_01191	97.337	338	9	0	1	338	1	338	0.0	669
54P2R2A3_03218	54P2R2A3_03218	100.000	176	0	0	1	176	1	176	2.12e-131	365
54P2R2A3_03218	31P2R1A5_01195	95.455	176	8	0	1	176	1	176	4.62e-125	349
54P2R2A3_03229	54P2R2A3_03229	100.000	69	0	0	1	69	1	69	3.40e-43	133
54P2R2A3_03229	31P2R1A5_01206	97.101	69	2	0	1	69	1	69	1.79e-41	129
54P2R2A3_03230	54P2R2A3_03230	100.000	216	0	0	1	216	1	216	5.25e-159	438
54P2R2A3_03232	54P2R2A3_03232	100.000	246	0	0	1	246	1	246	2.04e-174	479
54P2R2A3_03233	54P2R2A3_03233	100.000	291	0	0	1	291	1	291	0.0	598
54P2R2A3_03233	31P2R1A5_01211	96.907	291	9	0	1	291	1	291	0.0	585
54P2R2A3_03234	54P2R2A3_03234	100.000	95	0	0	1	95	1	95	9.92e-64	187
54P2R2A3_03236	54P2R2A3_03236	100.000	253	0	0	1	253	1	253	0.0	517
54P2R2A3_03236	31P2R1A5_01214	96.838	253	8	0	1	253	1	253	0.0	507
54P2R2A3_03237	54P2R2A3_03237	100.000	78	0	0	1	78	1	78	3.94e-53	159
54P2R2A3_03239	54P2R2A3_03239	100.000	145	0	0	1	145	1	145	2.32e-102	289
54P2R2A3_03239	10P3R2A13_00895	97.931	145	3	0	1	145	1	145	2.46e-100	284
54P2R2A3_03239	42P1R1A12_00571	97.241	145	4	0	1	145	4	148	1.31e-99	282
54P2R2A3_03239	31P2R1A5_01217	95.862	145	6	0	1	145	12	156	6.59e-88	253
54P2R2A3_03239	18P3R3A11_00455	97.368	114	3	0	32	145	1	114	1.67e-76	223
54P2R2A3_03245	54P2R2A3_03245	100.000	123	0	0	1	123	1	123	8.65e-88	250
54P2R2A3_03246	54P2R2A3_03246	100.000	418	0	0	1	418	1	418	0.0	857
54P2R2A3_03251	54P2R2A3_03251	100.000	184	0	0	1	184	1	184	4.07e-137	380
54P2R2A3_03251	31P2R1A5_01226	97.826	184	4	0	1	184	1	184	7.39e-135	374
54P2R2A3_03252	54P2R2A3_03252	100.000	250	0	0	1	250	1	250	0.0	504
54P2R2A3_03252	31P2R1A5_01227	96.400	250	9	0	1	250	1	250	1.97e-175	482
54P2R2A3_03255	54P2R2A3_03255	100.000	76	0	0	1	76	1	76	5.52e-51	154
54P2R2A3_03255	31P2R1A5_01230	96.667	60	2	0	17	76	1	60	3.99e-38	120
54P2R2A3_03260	54P2R2A3_03260	100.000	1019	0	0	1	1019	1	1019	0.0	2117
54P2R2A3_03260	31P2R1A5_01235	97.841	1019	22	0	1	1019	1	1019	0.0	2084
54P2R2A3_03263	54P2R2A3_03263	100.000	107	0	0	1	107	1	107	1.62e-72	210
54P2R2A3_03264	54P2R2A3_03264	100.000	73	0	0	1	73	1	73	8.02e-50	150
54P2R2A3_03265	54P2R2A3_03265	100.000	327	0	0	1	327	1	327	0.0	682
54P2R2A3_03267	54P2R2A3_03267	100.000	411	0	0	1	411	1	411	0.0	787
54P2R2A3_03267	31P2R1A5_01241	96.107	411	16	0	1	411	1	411	0.0	713
54P2R2A3_03270	54P2R2A3_03270	100.000	333	0	0	1	333	1	333	0.0	685
54P2R2A3_03270	31P2R1A5_01244	97.898	333	7	0	1	333	1	333	0.0	672
54P2R2A3_03272	54P2R2A3_03272	100.000	332	0	0	1	332	1	332	0.0	667
54P2R2A3_03274	54P2R2A3_03274	100.000	370	0	0	1	370	1	370	0.0	719
54P2R2A3_03274	31P2R1A5_01248	95.676	370	16	0	1	370	1	370	0.0	627
54P2R2A3_03275	54P2R2A3_03275	100.000	1031	0	0	1	1031	1	1031	0.0	2069
54P2R2A3_03275	31P2R1A5_01249	96.996	1032	28	1	1	1029	1	1032	0.0	2001
54P2R2A3_03277	54P2R2A3_03277	100.000	211	0	0	1	211	1	211	1.17e-153	424
54P2R2A3_03278	54P2R2A3_03278	100.000	132	0	0	1	132	1	132	8.31e-92	261
54P2R2A3_03280	54P2R2A3_03280	100.000	126	0	0	1	126	1	126	5.99e-92	261
54P2R2A3_03280	31P2R1A5_01252	97.619	126	3	0	1	126	1	126	2.80e-89	254
54P2R2A3_03282	54P2R2A3_03282	100.000	249	0	0	1	249	1	249	0.0	505
54P2R2A3_03282	31P2R1A5_01254	96.787	249	8	0	1	249	1	249	3.40e-179	492
54P2R2A3_03283	54P2R2A3_03283	100.000	425	0	0	1	425	1	425	0.0	868
54P2R2A3_03283	31P2R1A5_01255	96.706	425	14	0	1	425	1	425	0.0	838
54P2R2A3_03284	54P2R2A3_03284	100.000	407	0	0	1	407	1	407	0.0	833
54P2R2A3_03284	31P2R1A5_01256	97.789	407	9	0	1	407	1	407	0.0	815
54P2R2A3_03285	54P2R2A3_03285	100.000	139	0	0	1	139	1	139	4.73e-102	288
54P2R2A3_03285	31P2R1A5_01257	97.842	139	3	0	1	139	1	139	1.52e-99	281
54P2R2A3_03286	54P2R2A3_03286	100.000	329	0	0	1	329	1	329	0.0	671
54P2R2A3_03286	31P2R1A5_01258	96.049	329	13	0	1	329	1	329	0.0	646
54P2R2A3_03289	54P2R2A3_03289	100.000	71	0	0	1	71	1	71	1.73e-47	144
54P2R2A3_03289	31P2R1A5_01261	95.775	71	3	0	1	71	1	71	9.67e-45	137
54P2R2A3_03290	54P2R2A3_03290	100.000	213	0	0	1	213	1	213	5.97e-160	440
54P2R2A3_03290	31P2R1A5_01262	97.653	213	5	0	1	213	1	213	1.53e-156	431
54P2R2A3_03291	54P2R2A3_03291	100.000	618	0	0	1	618	1	618	0.0	1263
54P2R2A3_03291	31P2R1A5_01263	96.278	618	23	0	1	618	1	618	0.0	1223
54P2R2A3_03293	54P2R2A3_03293	100.000	279	0	0	1	279	1	279	0.0	568
54P2R2A3_03293	31P2R1A5_01265	97.849	279	6	0	1	279	1	279	0.0	555
54P2R2A3_03294	54P2R2A3_03294	100.000	248	0	0	1	248	1	248	4.41e-180	494
54P2R2A3_03295	54P2R2A3_03295	100.000	250	0	0	1	250	1	250	1.01e-180	496
54P2R2A3_03296	54P2R2A3_03296	100.000	336	0	0	1	336	1	336	0.0	644
54P2R2A3_03296	31P2R1A5_01268	96.131	336	13	0	1	336	1	336	0.0	622
54P2R2A3_03297	54P2R2A3_03297	100.000	353	0	0	1	353	1	353	0.0	723
54P2R2A3_03297	31P2R1A5_01269	96.884	353	11	0	1	353	1	353	0.0	702
54P2R2A3_03298	54P2R2A3_03298	100.000	271	0	0	1	271	1	271	0.0	548
54P2R2A3_03298	31P2R1A5_01270	97.417	271	7	0	1	271	1	271	0.0	534
54P2R2A3_03299	54P2R2A3_03299	100.000	555	0	0	1	555	1	555	0.0	1143
54P2R2A3_03299	31P2R1A5_01271	96.577	555	19	0	1	555	1	555	0.0	1106
54P2R2A3_03300	54P2R2A3_03300	100.000	315	0	0	1	315	1	315	0.0	638
54P2R2A3_03300	44P3R3A6_00866	97.143	315	9	0	1	315	1	315	0.0	625
54P2R2A3_03300	31P2R1A5_01272	96.825	315	10	0	1	315	1	315	0.0	622
54P2R2A3_03304	54P2R2A3_03304	100.000	339	0	0	1	339	1	339	0.0	687
54P2R2A3_03304	31P2R1A5_01276	97.935	339	7	0	1	339	1	339	0.0	674
54P2R2A3_03306	54P2R2A3_03306	100.000	242	0	0	1	242	1	242	0.0	497
54P2R2A3_03306	31P2R1A5_01278	96.694	242	8	0	1	242	1	242	3.11e-176	484
54P2R2A3_03309	54P2R2A3_03309	100.000	298	0	0	1	298	1	298	0.0	587
54P2R2A3_03309	31P2R1A5_01281	97.651	298	7	0	1	298	1	298	0.0	577
54P2R2A3_03311	54P2R2A3_03311	100.000	384	0	0	1	384	1	384	0.0	768
54P2R2A3_03311	31P2R1A5_01283	97.656	384	9	0	1	384	1	384	0.0	751
54P2R2A3_03316	54P2R2A3_03316	100.000	691	0	0	1	691	1	691	0.0	1419
54P2R2A3_03316	31P2R1A5_01289	98.698	691	9	0	1	691	28	718	0.0	1402
54P2R2A3_03317	54P2R2A3_03317	100.000	274	0	0	1	274	1	274	0.0	558
54P2R2A3_03317	31P2R1A5_01290	98.889	270	3	0	1	270	1	270	0.0	546
54P2R2A3_03318	54P2R2A3_03318	100.000	342	0	0	1	342	1	342	0.0	628
54P2R2A3_03318	44P3R3A6_00848	96.199	342	13	0	1	342	1	342	0.0	538
54P2R2A3_03318	31P2R1A5_01291	95.322	342	16	0	1	342	1	342	0.0	536
54P2R2A3_03319	54P2R2A3_03319	100.000	351	0	0	1	351	1	351	0.0	664
54P2R2A3_03319	31P2R1A5_01292	95.726	351	15	0	1	351	1	351	0.0	621
54P2R2A3_03320	54P2R2A3_03320	100.000	318	0	0	1	318	1	318	0.0	649
54P2R2A3_03320	31P2R1A5_01293	97.799	318	7	0	1	318	1	318	0.0	635
54P2R2A3_03325	54P2R2A3_03325	100.000	205	0	0	1	205	1	205	8.57e-154	424
54P2R2A3_03326	54P2R2A3_03326	100.000	131	0	0	1	131	1	131	1.88e-95	270
54P2R2A3_03327	54P2R2A3_03327	100.000	411	0	0	1	411	1	411	0.0	807
54P2R2A3_03328	54P2R2A3_03328	100.000	145	0	0	1	145	1	145	9.81e-105	295
54P2R2A3_03331	54P2R2A3_03331	100.000	717	0	0	1	717	1	717	0.0	1492
54P2R2A3_03331	31P2R1A5_01319	97.768	717	16	0	1	717	1	717	0.0	1469
54P2R2A3_03336	54P2R2A3_03336	100.000	124	0	0	1	124	1	124	2.45e-87	249
54P2R2A3_03336	31P2R1A5_01326	95.161	124	6	0	1	124	1	124	2.36e-84	242
54P2R2A3_03336	44P3R3A6_00814	95.161	124	6	0	1	124	1	124	2.61e-84	241
54P2R2A3_03348	54P2R2A3_03348	100.000	281	0	0	1	281	1	281	0.0	538
54P2R2A3_03348	44P3R3A6_00802	97.509	281	7	0	1	281	1	281	0.0	523
54P2R2A3_03348	31P2R1A5_01338	96.085	281	11	0	1	281	1	281	0.0	521
54P2R2A3_03349	54P2R2A3_03349	100.000	69	0	0	1	69	1	69	9.65e-46	140
54P2R2A3_03350	54P2R2A3_03350	100.000	89	0	0	1	89	1	89	7.90e-61	179
54P2R2A3_03351	54P2R2A3_03351	100.000	360	0	0	1	360	1	360	0.0	735
54P2R2A3_03352	54P2R2A3_03352	100.000	656	0	0	1	656	1	656	0.0	1350
54P2R2A3_03353	54P2R2A3_03353	100.000	1023	0	0	1	1023	1	1023	0.0	2089
54P2R2A3_03354	54P2R2A3_03354	100.000	127	0	0	1	127	1	127	1.97e-92	262
54P2R2A3_03355	54P2R2A3_03355	100.000	161	0	0	1	161	1	161	8.29e-118	329
54P2R2A3_03356	54P2R2A3_03356	100.000	158	0	0	1	158	1	158	1.46e-116	326
54P2R2A3_03357	54P2R2A3_03357	100.000	112	0	0	1	112	1	112	1.73e-78	226
54P2R2A3_03358	54P2R2A3_03358	100.000	966	0	0	1	966	1	966	0.0	1962
54P2R2A3_03359	54P2R2A3_03359	100.000	228	0	0	1	228	1	228	7.43e-170	466
54P2R2A3_03360	54P2R2A3_03360	100.000	52	0	0	1	52	1	52	7.26e-33	106
54P2R2A3_03361	54P2R2A3_03361	100.000	161	0	0	1	161	1	161	2.56e-118	330
54P2R2A3_03362	54P2R2A3_03362	100.000	391	0	0	1	391	1	391	0.0	780
54P2R2A3_03363	54P2R2A3_03363	100.000	131	0	0	1	131	1	131	4.35e-93	264
54P2R2A3_03364	54P2R2A3_03364	100.000	184	0	0	1	184	1	184	1.87e-136	378
54P2R2A3_03365	54P2R2A3_03365	100.000	128	0	0	1	128	1	128	4.76e-90	256
54P2R2A3_03366	54P2R2A3_03366	100.000	78	0	0	1	78	1	78	6.25e-53	159
54P2R2A3_03367	54P2R2A3_03367	100.000	85	0	0	1	85	1	85	5.50e-60	177
54P2R2A3_03368	54P2R2A3_03368	100.000	132	0	0	1	132	1	132	2.61e-94	268
54P2R2A3_03369	54P2R2A3_03369	100.000	318	0	0	1	318	1	318	0.0	642
54P2R2A3_03370	54P2R2A3_03370	100.000	260	0	0	1	260	1	260	0.0	517
54P2R2A3_03371	54P2R2A3_03371	100.000	371	0	0	1	371	1	371	0.0	766
54P2R2A3_03372	54P2R2A3_03372	100.000	467	0	0	1	467	1	467	0.0	963
54P2R2A3_03373	54P2R2A3_03373	100.000	436	0	0	1	436	1	436	0.0	907
54P2R2A3_03374	54P2R2A3_03374	100.000	335	0	0	1	335	1	335	0.0	691
