54P2R2A3_03375	54P2R2A3_03375	100.000	82	0	0	1	82	1	82	6.18e-53	159
54P2R2A3_03376	54P2R2A3_03376	100.000	75	0	0	1	75	1	75	3.91e-51	154
54P2R2A3_03377	54P2R2A3_03377	100.000	67	0	0	1	67	1	67	2.13e-45	139
54P2R2A3_03378	54P2R2A3_03378	100.000	61	0	0	1	61	1	61	2.27e-39	123
54P2R2A3_03379	54P2R2A3_03379	100.000	92	0	0	1	92	1	92	2.92e-59	176
54P2R2A3_03380	54P2R2A3_03380	100.000	210	0	0	1	210	1	210	1.25e-155	429
54P2R2A3_03381	54P2R2A3_03381	100.000	94	0	0	1	94	1	94	8.29e-63	185
54P2R2A3_03382	54P2R2A3_03382	100.000	132	0	0	1	132	1	132	5.17e-88	251
54P2R2A3_03383	54P2R2A3_03383	100.000	230	0	0	1	230	1	230	4.82e-173	474
54P2R2A3_03384	54P2R2A3_03384	100.000	47	0	0	1	47	1	47	1.78e-28	95.1
54P2R2A3_03385	54P2R2A3_03385	100.000	213	0	0	1	213	1	213	1.74e-156	431
54P2R2A3_03386	54P2R2A3_03386	100.000	59	0	0	1	59	1	59	5.92e-37	117
54P2R2A3_03388	54P2R2A3_03388	100.000	331	0	0	1	331	1	331	0.0	684
54P2R2A3_03389	54P2R2A3_03389	100.000	68	0	0	1	68	1	68	1.22e-44	137
54P2R2A3_03390	54P2R2A3_03390	100.000	52	0	0	1	52	1	52	1.92e-33	107
54P2R2A3_03391	54P2R2A3_03391	100.000	83	0	0	1	83	1	83	1.18e-55	166
54P2R2A3_03392	54P2R2A3_03392	100.000	107	0	0	1	107	1	107	1.64e-74	215
54P2R2A3_03393	54P2R2A3_03393	100.000	98	0	0	1	98	1	98	1.68e-69	202
54P2R2A3_03394	54P2R2A3_03394	100.000	102	0	0	1	102	1	102	7.84e-71	206
54P2R2A3_03395	54P2R2A3_03395	100.000	66	0	0	1	66	1	66	5.45e-43	133
54P2R2A3_03396	54P2R2A3_03396	100.000	94	0	0	1	94	1	94	8.26e-64	187
54P2R2A3_03397	54P2R2A3_03397	100.000	101	0	0	1	101	1	101	2.72e-73	212
54P2R2A3_03398	54P2R2A3_03398	100.000	246	0	0	1	246	1	246	0.0	510
54P2R2A3_03399	54P2R2A3_03399	100.000	347	0	0	1	347	1	347	0.0	727
54P2R2A3_03400	54P2R2A3_03400	100.000	266	0	0	1	266	1	266	0.0	548
54P2R2A3_03402	54P2R2A3_03402	100.000	78	0	0	1	78	1	78	4.49e-53	159
54P2R2A3_03403	54P2R2A3_03403	100.000	162	0	0	1	162	1	162	5.46e-118	330
54P2R2A3_03403	42P1R1A12_00668	96.124	129	5	0	34	162	1	129	5.93e-89	255
54P2R2A3_03404	54P2R2A3_03404	100.000	40	0	0	1	40	1	40	3.36e-20	73.6
54P2R2A3_03405	54P2R2A3_03405	100.000	358	0	0	1	358	1	358	0.0	742
54P2R2A3_03406	54P2R2A3_03406	100.000	68	0	0	1	68	1	68	1.54e-42	132
54P2R2A3_03407	54P2R2A3_03407	100.000	53	0	0	1	53	1	53	8.67e-35	111
54P2R2A3_03407	42P1R1A12_00673	98.113	53	1	0	1	53	13	65	2.49e-34	110
54P2R2A3_03409	54P2R2A3_03409	100.000	249	0	0	1	249	1	249	0.0	521
54P2R2A3_03409	27P2R2A12_01385	97.357	227	6	0	1	227	18	244	5.38e-169	467
54P2R2A3_03410	54P2R2A3_03410	100.000	208	0	0	1	208	1	208	1.13e-158	436
54P2R2A3_03411	54P2R2A3_03411	100.000	176	0	0	1	176	1	176	4.82e-131	364
54P2R2A3_03412	54P2R2A3_03412	100.000	74	0	0	1	74	1	74	2.20e-50	152
54P2R2A3_03413	54P2R2A3_03413	100.000	219	0	0	1	219	1	219	6.91e-165	453
54P2R2A3_03415	54P2R2A3_03415	100.000	406	0	0	1	406	1	406	0.0	843
54P2R2A3_03419	54P2R2A3_03419	100.000	477	0	0	1	477	1	477	0.0	958
54P2R2A3_03420	54P2R2A3_03420	100.000	181	0	0	1	181	1	181	7.16e-129	359
54P2R2A3_03422	54P2R2A3_03422	100.000	386	0	0	1	386	1	386	0.0	777
54P2R2A3_03425	54P2R2A3_03425	100.000	250	0	0	1	250	1	250	0.0	514
54P2R2A3_03425	31P2R1A5_00076	97.600	250	6	0	1	250	1	250	0.0	503
54P2R2A3_03428	54P2R2A3_03428	100.000	246	0	0	1	246	1	246	0.0	499
54P2R2A3_03428	31P2R1A5_00073	96.341	246	9	0	1	246	1	246	2.91e-168	464
54P2R2A3_03429	54P2R2A3_03429	100.000	390	0	0	1	390	1	390	0.0	801
54P2R2A3_03429	31P2R1A5_00072	97.692	390	9	0	1	390	1	390	0.0	788
54P2R2A3_03429	42P1R1A12_04815	95.801	381	16	0	10	390	10	390	0.0	759
54P2R2A3_03431	54P2R2A3_03431	100.000	256	0	0	1	256	1	256	0.0	500
54P2R2A3_03431	31P2R1A5_00070	96.094	256	10	0	1	256	1	256	1.12e-176	486
54P2R2A3_03431	44P3R3A6_02933	95.833	240	10	0	1	240	1	240	1.93e-158	439
54P2R2A3_03433	54P2R2A3_03433	100.000	891	0	0	1	891	1	891	0.0	1831
54P2R2A3_03433	31P2R1A5_00068	97.980	891	18	0	1	891	1	891	0.0	1795
54P2R2A3_03439	54P2R2A3_03439	100.000	267	0	0	1	267	1	267	0.0	553
54P2R2A3_03439	31P2R1A5_00062	97.378	267	7	0	1	267	1	267	0.0	541
54P2R2A3_03442	54P2R2A3_03442	100.000	158	0	0	1	158	1	158	4.01e-115	322
54P2R2A3_03443	54P2R2A3_03443	100.000	459	0	0	1	459	1	459	0.0	943
54P2R2A3_03444	54P2R2A3_03444	100.000	299	0	0	1	299	1	299	0.0	603
54P2R2A3_03445	54P2R2A3_03445	100.000	303	0	0	1	303	1	303	0.0	586
54P2R2A3_03453	54P2R2A3_03453	100.000	161	0	0	1	161	1	161	7.27e-118	329
54P2R2A3_03453	31P2R1A5_00047	98.026	152	3	0	1	152	1	152	1.56e-108	305
54P2R2A3_03454	54P2R2A3_03454	100.000	316	0	0	1	316	1	316	0.0	627
54P2R2A3_03455	54P2R2A3_03455	100.000	91	0	0	1	91	1	91	1.23e-65	192
54P2R2A3_03456	54P2R2A3_03456	100.000	236	0	0	1	236	1	236	1.46e-174	479
54P2R2A3_03457	54P2R2A3_03457	100.000	762	0	0	1	762	1	762	0.0	1558
54P2R2A3_03457	44P3R3A6_02958	98.163	762	14	0	1	762	42	803	0.0	1530
54P2R2A3_03457	31P2R1A5_00045	98.163	762	14	0	1	762	65	826	0.0	1530
54P2R2A3_03457	28P2R1A12_04838	96.194	762	29	0	1	762	12	773	0.0	1480
54P2R2A3_03466	54P2R2A3_03466	100.000	223	0	0	1	223	1	223	2.16e-160	442
54P2R2A3_03466	31P2R1A5_00036	97.309	223	6	0	1	223	1	223	9.13e-156	430
54P2R2A3_03467	54P2R2A3_03467	100.000	254	0	0	1	254	1	254	0.0	512
54P2R2A3_03467	31P2R1A5_00035	96.063	254	10	0	1	254	1	254	2.08e-178	490
54P2R2A3_03471	54P2R2A3_03471	100.000	753	0	0	1	753	1	753	0.0	1543
54P2R2A3_03471	31P2R1A5_00031	97.211	753	21	0	1	753	1	753	0.0	1508
54P2R2A3_03472	54P2R2A3_03472	100.000	253	0	0	1	253	1	253	0.0	520
54P2R2A3_03478	54P2R2A3_03478	100.000	113	0	0	1	113	1	113	1.37e-81	234
54P2R2A3_03478	31P2R1A5_00024	97.345	113	3	0	1	113	1	113	6.98e-80	229
54P2R2A3_03480	54P2R2A3_03480	100.000	288	0	0	1	288	1	288	0.0	583
54P2R2A3_03480	31P2R1A5_00022	97.222	288	8	0	1	288	1	288	0.0	568
54P2R2A3_03482	54P2R2A3_03482	100.000	322	0	0	1	322	1	322	0.0	649
54P2R2A3_03482	31P2R1A5_00020	97.826	322	7	0	1	322	1	322	0.0	635
54P2R2A3_03483	54P2R2A3_03483	100.000	442	0	0	1	442	1	442	0.0	897
54P2R2A3_03483	31P2R1A5_00019	97.285	442	12	0	1	442	1	442	0.0	876
54P2R2A3_03488	54P2R2A3_03488	100.000	219	0	0	1	219	1	219	2.61e-156	431
54P2R2A3_03488	31P2R1A5_00014	95.890	219	9	0	1	219	1	219	9.80e-139	387
54P2R2A3_03489	54P2R2A3_03489	100.000	237	0	0	1	237	1	237	1.76e-167	461
54P2R2A3_03489	31P2R1A5_00013	97.046	237	7	0	1	237	1	237	1.13e-162	449
54P2R2A3_03490	54P2R2A3_03490	100.000	187	0	0	1	187	1	187	5.48e-136	377
54P2R2A3_03490	31P2R1A5_00012	97.861	187	4	0	1	187	1	187	1.74e-133	371
54P2R2A3_03491	54P2R2A3_03491	100.000	393	0	0	1	393	1	393	0.0	787
54P2R2A3_03491	31P2R1A5_00011	95.674	393	17	0	1	393	1	393	0.0	739
54P2R2A3_03492	54P2R2A3_03492	100.000	512	0	0	1	512	1	512	0.0	946
54P2R2A3_03492	31P2R1A5_00010	95.703	512	22	0	1	512	1	512	0.0	772
54P2R2A3_03493	54P2R2A3_03493	100.000	211	0	0	1	211	1	211	4.92e-151	417
54P2R2A3_03494	54P2R2A3_03494	100.000	436	0	0	1	436	1	436	0.0	892
54P2R2A3_03494	31P2R1A5_00008	97.018	436	13	0	1	436	1	436	0.0	869
54P2R2A3_03495	54P2R2A3_03495	100.000	208	0	0	1	208	1	208	4.04e-144	400
54P2R2A3_03495	31P2R1A5_00007	97.059	204	6	0	1	204	1	204	3.99e-138	384
54P2R2A3_03496	54P2R2A3_03496	100.000	137	0	0	1	137	1	137	9.99e-98	276
54P2R2A3_03498	54P2R2A3_03498	100.000	327	0	0	1	327	1	327	0.0	662
54P2R2A3_03498	31P2R1A5_00004	95.413	327	15	0	1	327	1	327	0.0	617
54P2R2A3_03499	54P2R2A3_03499	100.000	649	0	0	1	649	1	649	0.0	1337
54P2R2A3_03499	31P2R1A5_00003	97.689	649	15	0	1	649	1	649	0.0	1314
54P2R2A3_03505	54P2R2A3_03505	100.000	214	0	0	1	214	1	214	9.90e-160	439
54P2R2A3_03505	31P2R1A5_04175	96.729	214	7	0	1	214	1	214	7.10e-155	427
54P2R2A3_03506	54P2R2A3_03506	100.000	418	0	0	1	418	1	418	0.0	851
54P2R2A3_03509	54P2R2A3_03509	100.000	138	0	0	1	138	1	138	7.07e-104	292
54P2R2A3_03509	31P2R1A5_04171	97.826	138	3	0	1	138	1	138	8.38e-102	287
54P2R2A3_03512	54P2R2A3_03512	100.000	285	0	0	1	285	1	285	0.0	581
54P2R2A3_03513	54P2R2A3_03513	100.000	249	0	0	1	249	1	249	0.0	506
54P2R2A3_03513	31P2R1A5_04167	97.590	249	6	0	1	249	1	249	0.0	499
54P2R2A3_03517	54P2R2A3_03517	100.000	161	0	0	1	161	1	161	4.28e-119	332
54P2R2A3_03517	31P2R1A5_04163	96.894	161	5	0	1	161	1	161	8.33e-116	324
54P2R2A3_03518	54P2R2A3_03518	100.000	104	0	0	1	104	1	104	4.45e-74	214
54P2R2A3_03519	54P2R2A3_03519	100.000	294	0	0	1	294	1	294	0.0	590
54P2R2A3_03519	31P2R1A5_04159	95.578	294	13	0	1	294	1	294	0.0	565
54P2R2A3_03520	54P2R2A3_03520	100.000	406	0	0	1	406	1	406	0.0	761
54P2R2A3_03521	54P2R2A3_03521	100.000	250	0	0	1	250	1	250	2.48e-175	482
54P2R2A3_03521	31P2R1A5_04145	97.200	250	7	0	1	250	1	250	1.62e-171	472
54P2R2A3_03522	54P2R2A3_03522	100.000	302	0	0	1	302	1	302	0.0	619
54P2R2A3_03522	31P2R1A5_04144	96.358	302	11	0	1	302	1	302	0.0	598
54P2R2A3_03523	54P2R2A3_03523	100.000	422	0	0	1	422	1	422	0.0	878
54P2R2A3_03524	54P2R2A3_03524	100.000	140	0	0	1	140	1	140	2.65e-100	283
54P2R2A3_03525	54P2R2A3_03525	100.000	428	0	0	1	428	1	428	0.0	874
54P2R2A3_03525	31P2R1A5_01798	96.495	428	15	0	1	428	1	428	0.0	847
54P2R2A3_03526	54P2R2A3_03526	100.000	440	0	0	1	440	1	440	0.0	904
54P2R2A3_03527	54P2R2A3_03527	100.000	319	0	0	1	319	1	319	0.0	642
54P2R2A3_03528	54P2R2A3_03528	100.000	242	0	0	1	242	1	242	1.09e-180	495
54P2R2A3_03530	54P2R2A3_03530	100.000	509	0	0	1	509	1	509	0.0	1024
54P2R2A3_03530	31P2R1A5_01793	97.642	509	12	0	1	509	1	509	0.0	1004
54P2R2A3_03530	42P1R1A12_00998	95.266	507	24	0	1	507	1	507	0.0	983
54P2R2A3_03531	54P2R2A3_03531	100.000	461	0	0	1	461	1	461	0.0	905
54P2R2A3_03531	31P2R1A5_01792	95.228	461	22	0	1	461	1	461	0.0	847
54P2R2A3_03532	54P2R2A3_03532	100.000	159	0	0	1	159	1	159	2.43e-117	328
54P2R2A3_03532	31P2R1A5_01791	97.484	159	4	0	1	159	1	159	3.79e-115	322
54P2R2A3_03533	54P2R2A3_03533	100.000	430	0	0	1	430	1	430	0.0	888
54P2R2A3_03533	31P2R1A5_01790	95.814	430	18	0	1	430	1	430	0.0	858
54P2R2A3_03535	54P2R2A3_03535	100.000	386	0	0	1	386	1	386	0.0	768
54P2R2A3_03536	54P2R2A3_03536	100.000	252	0	0	1	252	1	252	0.0	504
54P2R2A3_03537	54P2R2A3_03537	100.000	241	0	0	1	241	1	241	6.86e-176	483
54P2R2A3_03538	54P2R2A3_03538	100.000	241	0	0	1	241	1	241	3.04e-178	489
54P2R2A3_03538	31P2R1A5_01785	97.071	239	7	0	1	239	1	239	4.26e-171	471
54P2R2A3_03541	54P2R2A3_03541	100.000	366	0	0	1	366	1	366	0.0	733
54P2R2A3_03541	31P2R1A5_01782	97.541	366	9	0	1	366	1	366	0.0	718
54P2R2A3_03543	54P2R2A3_03543	100.000	547	0	0	1	547	1	547	0.0	1135
54P2R2A3_03545	54P2R2A3_03545	100.000	341	0	0	1	341	1	341	0.0	709
54P2R2A3_03545	31P2R1A5_01778	98.788	330	4	0	12	341	1	330	0.0	678
54P2R2A3_03545	42P1R1A12_00982	95.455	330	15	0	12	341	1	330	0.0	661
54P2R2A3_03546	54P2R2A3_03546	100.000	171	0	0	1	171	1	171	5.76e-126	350
54P2R2A3_03546	31P2R1A5_01777	97.661	171	4	0	1	171	1	171	4.17e-123	343
54P2R2A3_03546	42P1R1A12_00981	95.322	171	8	0	1	171	1	171	5.64e-120	335
54P2R2A3_03547	54P2R2A3_03547	100.000	163	0	0	1	163	1	163	7.14e-120	335
54P2R2A3_03547	31P2R1A5_01776	97.546	163	4	0	1	163	1	163	1.11e-115	324
54P2R2A3_03547	42P1R1A12_00980	96.319	163	6	0	1	163	1	163	2.87e-115	323
54P2R2A3_03547	51P2R2A10_01297	96.319	163	6	0	1	163	1	163	7.73e-114	319
54P2R2A3_03548	54P2R2A3_03548	100.000	83	0	0	1	83	1	83	7.86e-55	164
54P2R2A3_03554	54P2R2A3_03554	100.000	146	0	0	1	146	1	146	4.93e-103	291
54P2R2A3_03554	31P2R1A5_01769	99.194	124	1	0	1	124	1	124	1.01e-83	241
54P2R2A3_03556	54P2R2A3_03556	100.000	378	0	0	1	378	1	378	0.0	758
54P2R2A3_03556	31P2R1A5_01767	97.884	378	8	0	1	378	1	378	0.0	745
54P2R2A3_03559	54P2R2A3_03559	100.000	220	0	0	1	220	1	220	5.33e-163	448
54P2R2A3_03559	31P2R1A5_01764	95.909	220	9	0	1	220	1	220	7.31e-149	412
54P2R2A3_03564	54P2R2A3_03564	100.000	331	0	0	1	331	1	331	0.0	669
54P2R2A3_03564	31P2R1A5_01759	97.885	331	7	0	1	331	1	331	0.0	659
54P2R2A3_03567	54P2R2A3_03567	100.000	323	0	0	1	323	1	323	0.0	662
54P2R2A3_03567	31P2R1A5_01756	96.904	323	10	0	1	323	1	323	0.0	639
54P2R2A3_03570	54P2R2A3_03570	100.000	87	0	0	1	87	1	87	1.54e-56	169
54P2R2A3_03572	54P2R2A3_03572	100.000	305	0	0	1	305	1	305	0.0	633
54P2R2A3_03572	31P2R1A5_01751	97.377	305	8	0	1	305	1	305	0.0	620
54P2R2A3_03581	54P2R2A3_03581	100.000	42	0	0	1	42	1	42	2.27e-25	87.0
54P2R2A3_03581	31P2R1A5_01742	95.238	42	2	0	1	42	1	42	2.49e-24	84.3
54P2R2A3_03583	54P2R2A3_03583	100.000	371	0	0	1	371	1	371	0.0	724
54P2R2A3_03583	31P2R1A5_01740	97.035	371	11	0	1	371	1	371	0.0	707
54P2R2A3_03584	54P2R2A3_03584	100.000	459	0	0	1	459	1	459	0.0	963
54P2R2A3_03584	31P2R1A5_01738	95.861	459	19	0	1	459	1	459	0.0	928
54P2R2A3_03585	54P2R2A3_03585	100.000	239	0	0	1	239	1	239	3.64e-180	493
54P2R2A3_03585	31P2R1A5_01737	95.816	239	10	0	1	239	1	239	5.29e-172	473
54P2R2A3_03587	54P2R2A3_03587	100.000	262	0	0	1	262	1	262	0.0	531
54P2R2A3_03589	54P2R2A3_03589	100.000	788	0	0	1	788	1	788	0.0	1637
54P2R2A3_03589	31P2R1A5_01733	96.819	786	25	0	1	786	1	786	0.0	1594
54P2R2A3_03591	54P2R2A3_03591	100.000	415	0	0	1	415	1	415	0.0	850
54P2R2A3_03591	31P2R1A5_01731	97.765	358	8	0	58	415	1	358	0.0	712
54P2R2A3_03592	54P2R2A3_03592	100.000	422	0	0	1	422	1	422	0.0	874
54P2R2A3_03592	31P2R1A5_01730	96.919	422	13	0	1	422	1	422	0.0	848
54P2R2A3_03593	54P2R2A3_03593	100.000	272	0	0	1	272	1	272	0.0	561
54P2R2A3_03593	31P2R1A5_01729	97.426	272	7	0	1	272	1	272	0.0	548
54P2R2A3_03595	54P2R2A3_03595	100.000	300	0	0	1	300	1	300	0.0	622
54P2R2A3_03595	31P2R1A5_01727	97.333	300	8	0	1	300	1	300	0.0	609
54P2R2A3_03596	54P2R2A3_03596	100.000	252	0	0	1	252	1	252	0.0	514
54P2R2A3_03596	31P2R1A5_01726	96.825	252	8	0	1	252	1	252	0.0	503
54P2R2A3_03597	54P2R2A3_03597	100.000	412	0	0	1	412	1	412	0.0	834
54P2R2A3_03597	31P2R1A5_01725	97.330	412	11	0	1	412	1	412	0.0	813
54P2R2A3_03598	54P2R2A3_03598	100.000	314	0	0	1	314	1	314	0.0	636
54P2R2A3_03598	31P2R1A5_01724	97.452	314	8	0	1	314	1	314	0.0	620
54P2R2A3_03599	54P2R2A3_03599	100.000	620	0	0	1	620	1	620	0.0	1249
54P2R2A3_03599	44P3R3A6_01394	97.258	620	17	0	1	620	1	620	0.0	1218
54P2R2A3_03599	31P2R1A5_01723	97.407	617	16	0	1	617	1	617	0.0	1214
54P2R2A3_03604	54P2R2A3_03604	100.000	414	0	0	1	414	1	414	0.0	833
54P2R2A3_03604	31P2R1A5_01717	97.101	414	12	0	1	414	1	414	0.0	812
54P2R2A3_03605	54P2R2A3_03605	100.000	128	0	0	1	128	1	128	9.45e-92	261
54P2R2A3_03606	54P2R2A3_03606	100.000	370	0	0	1	370	1	370	0.0	740
54P2R2A3_03606	31P2R1A5_01715	96.216	370	14	0	1	370	1	370	0.0	684
54P2R2A3_03607	54P2R2A3_03607	100.000	209	0	0	1	209	1	209	1.15e-153	424
54P2R2A3_03608	54P2R2A3_03608	100.000	404	0	0	1	404	1	404	0.0	829
54P2R2A3_03608	42P1R1A12_02898	95.545	404	18	0	1	404	1	404	0.0	771
54P2R2A3_03608	31P2R1A5_01713	98.880	357	4	0	48	404	1	357	0.0	726
54P2R2A3_03608	51P2R2A10_01419	95.238	357	17	0	48	404	1	357	0.0	705
54P2R2A3_03610	54P2R2A3_03610	100.000	198	0	0	1	198	1	198	6.02e-143	396
54P2R2A3_03610	31P2R1A5_01711	96.465	198	7	0	1	198	1	198	3.91e-138	384
54P2R2A3_03612	54P2R2A3_03612	100.000	271	0	0	1	271	1	271	0.0	561
54P2R2A3_03612	31P2R1A5_01709	97.048	271	8	0	1	271	1	271	0.0	546
54P2R2A3_03614	54P2R2A3_03614	100.000	188	0	0	1	188	1	188	6.05e-141	390
54P2R2A3_03618	54P2R2A3_03618	100.000	96	0	0	1	96	1	96	1.80e-64	189
54P2R2A3_03618	31P2R1A5_01703	96.875	96	3	0	1	96	1	96	4.59e-63	186
54P2R2A3_03619	54P2R2A3_03619	100.000	241	0	0	1	241	1	241	2.57e-180	494
54P2R2A3_03619	31P2R1A5_01702	96.266	241	9	0	1	241	1	241	7.52e-173	475
54P2R2A3_03627	54P2R2A3_03627	100.000	376	0	0	1	376	1	376	0.0	772
54P2R2A3_03627	31P2R1A5_01694	97.606	376	9	0	1	376	1	376	0.0	758
54P2R2A3_03628	54P2R2A3_03628	100.000	239	0	0	1	239	1	239	1.72e-177	486
54P2R2A3_03628	31P2R1A5_01693	96.653	239	8	0	1	239	1	239	8.58e-172	472
54P2R2A3_03629	54P2R2A3_03629	100.000	491	0	0	1	491	1	491	0.0	984
54P2R2A3_03629	31P2R1A5_01692	96.334	491	18	0	1	491	1	491	0.0	940
54P2R2A3_03630	54P2R2A3_03630	100.000	244	0	0	1	244	1	244	0.0	503
54P2R2A3_03630	31P2R1A5_01691	97.951	244	5	0	1	244	1	244	3.13e-180	494
54P2R2A3_03630	42P1R1A12_02876	95.902	244	10	0	1	244	1	244	2.27e-176	484
54P2R2A3_03636	54P2R2A3_03636	100.000	55	0	0	1	55	1	55	1.78e-34	110
54P2R2A3_03637	54P2R2A3_03637	100.000	380	0	0	1	380	1	380	0.0	773
54P2R2A3_03638	54P2R2A3_03638	100.000	277	0	0	1	277	1	277	0.0	567
54P2R2A3_03638	31P2R1A5_01683	96.751	277	9	0	1	277	1	277	0.0	555
54P2R2A3_03640	54P2R2A3_03640	100.000	481	0	0	1	481	1	481	0.0	975
54P2R2A3_03640	31P2R1A5_01681	95.842	481	20	0	1	481	1	481	0.0	939
54P2R2A3_03641	54P2R2A3_03641	100.000	334	0	0	1	334	1	334	0.0	683
54P2R2A3_03641	31P2R1A5_01680	97.904	334	7	0	1	334	1	334	0.0	670
54P2R2A3_03643	54P2R2A3_03643	100.000	145	0	0	1	145	1	145	1.72e-98	279
54P2R2A3_03644	54P2R2A3_03644	100.000	323	0	0	1	323	1	323	0.0	672
54P2R2A3_03644	31P2R1A5_01677	97.523	323	8	0	1	323	1	323	0.0	653
54P2R2A3_03646	54P2R2A3_03646	100.000	300	0	0	1	300	1	300	0.0	581
54P2R2A3_03646	31P2R1A5_01675	97.333	300	8	0	1	300	1	300	0.0	563
54P2R2A3_03650	54P2R2A3_03650	100.000	647	0	0	1	647	1	647	0.0	1311
54P2R2A3_03650	31P2R1A5_01671	97.991	647	13	0	1	647	1	647	0.0	1287
54P2R2A3_03655	54P2R2A3_03655	100.000	234	0	0	1	234	1	234	1.12e-175	481
54P2R2A3_03655	31P2R1A5_01666	97.854	233	5	0	1	233	1	233	2.81e-171	470
54P2R2A3_03656	54P2R2A3_03656	100.000	574	0	0	1	574	1	574	0.0	1144
54P2R2A3_03656	31P2R1A5_01665	96.167	574	22	0	1	574	1	574	0.0	1088
54P2R2A3_03657	54P2R2A3_03657	100.000	589	0	0	1	589	1	589	0.0	1180
54P2R2A3_03657	31P2R1A5_01664	97.963	589	12	0	1	589	1	589	0.0	1159
54P2R2A3_03660	54P2R2A3_03660	100.000	1418	0	0	1	1418	1	1418	0.0	2853
54P2R2A3_03660	15P1R1A16_04827	97.233	506	14	0	913	1418	1	506	0.0	999
54P2R2A3_03660	47P2R3A6_02862	98.054	514	10	0	905	1418	742	1255	0.0	975
54P2R2A3_03660	38P2R3A13_07872	97.860	514	11	0	905	1418	705	1218	0.0	973
54P2R2A3_03665	54P2R2A3_03665	100.000	124	0	0	1	124	1	124	1.37e-82	237
54P2R2A3_03665	31P2R1A5_04271	96.774	124	4	0	1	124	1	124	9.84e-79	228
54P2R2A3_03665	44P3R3A6_03806	95.968	124	5	0	1	124	1	124	2.23e-64	191
54P2R2A3_03668	54P2R2A3_03668	100.000	451	0	0	1	451	1	451	0.0	942
54P2R2A3_03668	31P2R1A5_04274	96.896	451	14	0	1	451	1	451	0.0	919
54P2R2A3_03671	54P2R2A3_03671	100.000	112	0	0	1	112	1	112	5.20e-80	230
54P2R2A3_03671	31P2R1A5_04277	97.321	112	3	0	1	112	1	112	1.28e-78	226
54P2R2A3_03671	27P2R2A12_03894	100.000	41	0	0	72	112	1	41	8.56e-23	83.6
54P2R2A3_03673	54P2R2A3_03673	100.000	242	0	0	1	242	1	242	0.0	496
54P2R2A3_03673	31P2R1A5_04279	95.868	242	10	0	1	242	1	242	4.11e-174	478
54P2R2A3_03680	54P2R2A3_03680	100.000	379	0	0	1	379	1	379	0.0	776
54P2R2A3_03680	31P2R1A5_04286	97.098	379	11	0	1	379	1	379	0.0	753
54P2R2A3_03681	54P2R2A3_03681	100.000	188	0	0	1	188	1	188	6.02e-138	382
54P2R2A3_03681	31P2R1A5_04287	96.277	188	7	0	1	188	1	188	7.32e-133	369
54P2R2A3_03682	54P2R2A3_03682	100.000	253	0	0	1	253	1	253	0.0	520
54P2R2A3_03682	31P2R1A5_04288	96.838	253	8	0	1	253	1	253	0.0	507
54P2R2A3_03683	54P2R2A3_03683	100.000	123	0	0	1	123	1	123	7.09e-80	230
54P2R2A3_03683	31P2R1A5_04289	96.610	118	4	0	6	123	1	118	6.31e-73	213
54P2R2A3_03688	54P2R2A3_03688	100.000	336	0	0	1	336	1	336	0.0	682
54P2R2A3_03688	31P2R1A5_04294	96.726	336	11	0	1	336	1	336	0.0	659
54P2R2A3_03689	54P2R2A3_03689	100.000	306	0	0	1	306	1	306	0.0	621
54P2R2A3_03689	44P3R3A6_03782	97.059	306	9	0	1	306	1	306	0.0	606
54P2R2A3_03689	31P2R1A5_04295	95.556	90	4	0	217	306	1	90	2.66e-56	177
54P2R2A3_03690	54P2R2A3_03690	100.000	253	0	0	1	253	1	253	0.0	514
54P2R2A3_03691	54P2R2A3_03691	100.000	243	0	0	1	243	1	243	9.51e-178	488
54P2R2A3_03691	31P2R1A5_04298	95.885	243	10	0	1	243	1	243	9.67e-162	447
54P2R2A3_03694	54P2R2A3_03694	100.000	229	0	0	1	229	1	229	1.83e-169	465
54P2R2A3_03694	31P2R1A5_04518	97.380	229	6	0	1	229	1	229	9.11e-166	456
54P2R2A3_03699	54P2R2A3_03699	100.000	366	0	0	1	366	1	366	0.0	738
54P2R2A3_03700	54P2R2A3_03700	100.000	183	0	0	1	183	1	183	1.02e-132	369
54P2R2A3_03701	54P2R2A3_03701	100.000	860	0	0	1	860	1	860	0.0	1764
54P2R2A3_03701	31P2R1A5_04525	95.581	860	38	0	1	860	1	860	0.0	1678
54P2R2A3_03702	54P2R2A3_03702	100.000	230	0	0	1	230	1	230	1.59e-168	463
54P2R2A3_03702	31P2R1A5_04526	95.964	223	9	0	8	230	2	224	3.05e-156	432
54P2R2A3_03703	54P2R2A3_03703	100.000	180	0	0	1	180	1	180	2.56e-128	357
54P2R2A3_03703	31P2R1A5_04527	96.111	180	7	0	1	180	1	180	3.75e-123	344
54P2R2A3_03704	54P2R2A3_03704	100.000	230	0	0	1	230	1	230	1.01e-163	451
54P2R2A3_03704	31P2R1A5_04529	96.903	226	7	0	5	230	1	226	3.95e-156	432
54P2R2A3_03705	54P2R2A3_03705	100.000	136	0	0	1	136	1	136	1.05e-90	259
54P2R2A3_03706	54P2R2A3_03706	100.000	294	0	0	1	294	1	294	0.0	602
54P2R2A3_03706	31P2R1A5_04531	96.259	294	11	0	1	294	1	294	0.0	579
54P2R2A3_03709	54P2R2A3_03709	100.000	223	0	0	1	223	1	223	2.62e-163	449
54P2R2A3_03709	31P2R1A5_04534	96.413	223	8	0	1	223	1	223	7.71e-159	438
54P2R2A3_03712	54P2R2A3_03712	100.000	535	0	0	1	535	1	535	0.0	1116
54P2R2A3_03712	31P2R1A5_04537	95.514	535	24	0	1	535	1	535	0.0	1073
54P2R2A3_03713	54P2R2A3_03713	100.000	94	0	0	1	94	1	94	2.65e-63	186
54P2R2A3_03713	42P1R1A12_03110	97.872	94	2	0	1	94	1	94	2.02e-62	184
54P2R2A3_03713	31P2R1A5_04538	97.872	94	2	0	1	94	1	94	2.11e-62	184
54P2R2A3_03714	54P2R2A3_03714	100.000	286	0	0	1	286	1	286	0.0	567
54P2R2A3_03714	31P2R1A5_04539	95.105	286	14	0	1	286	1	286	0.0	523
54P2R2A3_03717	54P2R2A3_03717	100.000	344	0	0	1	344	1	344	0.0	699
54P2R2A3_03717	31P2R1A5_04542	97.384	344	9	0	1	344	1	344	0.0	682
54P2R2A3_03718	54P2R2A3_03718	100.000	257	0	0	1	257	1	257	0.0	529
54P2R2A3_03719	54P2R2A3_03719	100.000	338	0	0	1	338	1	338	0.0	684
54P2R2A3_03720	54P2R2A3_03720	100.000	254	0	0	1	254	1	254	0.0	514
54P2R2A3_03721	54P2R2A3_03721	100.000	118	0	0	1	118	1	118	7.31e-86	245
54P2R2A3_03723	54P2R2A3_03723	100.000	587	0	0	1	587	1	587	0.0	1219
54P2R2A3_03723	31P2R1A5_04550	96.763	587	19	0	1	587	1	587	0.0	1184
54P2R2A3_03724	54P2R2A3_03724	100.000	123	0	0	1	123	1	123	6.56e-89	253
54P2R2A3_03724	31P2R1A5_04551	97.561	123	3	0	1	123	1	123	3.50e-86	246
54P2R2A3_03726	54P2R2A3_03726	100.000	527	0	0	1	527	1	527	0.0	1083
54P2R2A3_03729	54P2R2A3_03729	100.000	119	0	0	1	119	1	119	7.07e-85	243
54P2R2A3_03735	54P2R2A3_03735	100.000	328	0	0	1	328	1	328	0.0	667
54P2R2A3_03735	31P2R1A5_04562	97.561	328	8	0	1	328	1	328	0.0	654
54P2R2A3_03736	54P2R2A3_03736	100.000	81	0	0	1	81	1	81	4.00e-50	152
54P2R2A3_03736	31P2R1A5_04563	97.531	81	2	0	1	81	1	81	9.78e-49	148
54P2R2A3_03740	54P2R2A3_03740	100.000	70	0	0	1	70	1	70	3.83e-45	138
54P2R2A3_03740	31P2R1A5_04567	97.143	70	2	0	1	70	1	70	1.09e-43	135
54P2R2A3_03741	54P2R2A3_03741	100.000	439	0	0	1	439	1	439	0.0	844
54P2R2A3_03741	31P2R1A5_04568	97.039	439	13	0	1	439	1	439	0.0	826
54P2R2A3_03743	54P2R2A3_03743	100.000	123	0	0	1	123	1	123	3.45e-83	239
54P2R2A3_03743	31P2R1A5_04570	96.748	123	4	0	1	123	1	123	8.79e-82	235
54P2R2A3_03746	54P2R2A3_03746	100.000	166	0	0	1	166	1	166	2.29e-117	328
54P2R2A3_03746	31P2R1A5_04573	96.386	166	6	0	1	166	1	166	3.24e-113	318
54P2R2A3_03749	54P2R2A3_03749	100.000	370	0	0	1	370	1	370	0.0	754
54P2R2A3_03749	31P2R1A5_04576	96.757	370	12	0	1	370	1	370	0.0	738
54P2R2A3_03749	18P3R3A11_04098	97.027	370	11	0	1	370	1	370	0.0	733
54P2R2A3_03749	38P2R3A13_07799	97.487	199	5	0	172	370	1	199	3.65e-142	401
54P2R2A3_03751	54P2R2A3_03751	100.000	515	0	0	1	515	1	515	0.0	1048
54P2R2A3_03751	31P2R1A5_04578	97.670	515	12	0	1	515	1	515	0.0	1030
54P2R2A3_03751	42P1R1A12_03078	95.146	515	25	0	1	515	1	515	0.0	1005
54P2R2A3_03753	54P2R2A3_03753	100.000	137	0	0	1	137	1	137	1.46e-94	268
54P2R2A3_03754	54P2R2A3_03754	100.000	426	0	0	1	426	1	426	0.0	875
54P2R2A3_03755	54P2R2A3_03755	100.000	247	0	0	1	247	1	247	0.0	495
54P2R2A3_03756	54P2R2A3_03756	100.000	107	0	0	1	107	1	107	4.58e-72	209
54P2R2A3_03756	42P1R1A12_03073	97.196	107	3	0	1	107	1	107	8.91e-70	203
54P2R2A3_03757	54P2R2A3_03757	100.000	127	0	0	1	127	1	127	2.13e-88	252
54P2R2A3_03758	54P2R2A3_03758	100.000	170	0	0	1	170	1	170	6.79e-126	350
54P2R2A3_03759	54P2R2A3_03759	100.000	152	0	0	1	152	1	152	4.87e-110	309
54P2R2A3_03765	54P2R2A3_03765	100.000	230	0	0	1	230	1	230	1.02e-169	466
54P2R2A3_03773	54P2R2A3_03773	100.000	154	0	0	1	154	1	154	6.31e-115	321
54P2R2A3_03778	54P2R2A3_03778	100.000	213	0	0	1	213	1	213	1.91e-159	439
54P2R2A3_03779	54P2R2A3_03779	100.000	290	0	0	1	290	1	290	0.0	603
54P2R2A3_03779	31P2R1A5_04990	97.586	290	7	0	1	290	1	290	0.0	592
54P2R2A3_03780	54P2R2A3_03780	100.000	225	0	0	1	225	1	225	8.35e-165	453
54P2R2A3_03780	44P3R3A6_04261	96.889	225	7	0	1	225	1	225	7.38e-159	438
54P2R2A3_03781	54P2R2A3_03781	100.000	116	0	0	1	116	1	116	6.82e-77	222
54P2R2A3_03781	44P3R3A6_04262	95.690	116	5	0	1	116	1	116	1.14e-74	216
54P2R2A3_03783	54P2R2A3_03783	100.000	250	0	0	1	250	1	250	0.0	515
54P2R2A3_03784	54P2R2A3_03784	100.000	95	0	0	1	95	1	95	5.58e-65	190
54P2R2A3_03785	54P2R2A3_03785	100.000	38	0	0	1	38	1	38	2.20e-20	73.9
54P2R2A3_03786	54P2R2A3_03786	100.000	41	0	0	1	41	1	41	4.04e-24	83.6
54P2R2A3_03787	54P2R2A3_03787	100.000	376	0	0	1	376	1	376	0.0	783
54P2R2A3_03788	54P2R2A3_03788	100.000	88	0	0	1	88	1	88	4.02e-61	180
54P2R2A3_03789	54P2R2A3_03789	100.000	413	0	0	1	413	1	413	0.0	845
54P2R2A3_03790	54P2R2A3_03790	100.000	89	0	0	1	89	1	89	1.08e-61	182
54P2R2A3_03791	54P2R2A3_03791	100.000	295	0	0	1	295	1	295	0.0	611
54P2R2A3_03792	54P2R2A3_03792	100.000	170	0	0	1	170	1	170	9.23e-126	350
54P2R2A3_03793	54P2R2A3_03793	100.000	94	0	0	1	94	1	94	6.85e-64	187
54P2R2A3_03793	44P3R3A6_04422	97.753	89	2	0	6	94	1	89	8.77e-59	174
54P2R2A3_03794	54P2R2A3_03794	100.000	114	0	0	1	114	1	114	2.97e-82	236
54P2R2A3_03795	54P2R2A3_03795	100.000	117	0	0	1	117	1	117	1.80e-86	246
54P2R2A3_03796	54P2R2A3_03796	100.000	74	0	0	1	74	1	74	2.71e-51	154
54P2R2A3_03797	54P2R2A3_03797	100.000	158	0	0	1	158	1	158	6.22e-115	322
54P2R2A3_03798	54P2R2A3_03798	100.000	273	0	0	1	273	1	273	0.0	567
54P2R2A3_03799	54P2R2A3_03799	100.000	226	0	0	1	226	1	226	2.52e-167	460
54P2R2A3_03800	54P2R2A3_03800	100.000	298	0	0	1	298	1	298	0.0	607
54P2R2A3_03801	54P2R2A3_03801	100.000	384	0	0	1	384	1	384	0.0	775
54P2R2A3_03802	54P2R2A3_03802	100.000	80	0	0	1	80	1	80	1.77e-55	165
54P2R2A3_03803	54P2R2A3_03803	100.000	197	0	0	1	197	1	197	1.32e-151	417
54P2R2A3_03804	54P2R2A3_03804	100.000	61	0	0	1	61	1	61	8.52e-40	124
54P2R2A3_03805	54P2R2A3_03805	100.000	683	0	0	1	683	1	683	0.0	1413
54P2R2A3_03806	54P2R2A3_03806	100.000	640	0	0	1	640	1	640	0.0	1313
54P2R2A3_03807	54P2R2A3_03807	100.000	35	0	0	1	35	1	35	1.45e-19	71.6
54P2R2A3_03808	54P2R2A3_03808	100.000	521	0	0	1	521	1	521	0.0	1073
54P2R2A3_03809	54P2R2A3_03809	100.000	290	0	0	1	290	1	290	0.0	590
54P2R2A3_03810	54P2R2A3_03810	100.000	917	0	0	1	917	1	917	0.0	1890
54P2R2A3_03811	54P2R2A3_03811	100.000	1001	0	0	1	1001	1	1001	0.0	2082
54P2R2A3_03812	54P2R2A3_03812	100.000	364	0	0	1	364	1	364	0.0	748
54P2R2A3_03813	54P2R2A3_03813	100.000	1023	0	0	1	1023	1	1023	0.0	2108
54P2R2A3_03814	54P2R2A3_03814	100.000	64	0	0	1	64	1	64	1.51e-41	129
54P2R2A3_03815	54P2R2A3_03815	100.000	419	0	0	1	419	1	419	0.0	865
54P2R2A3_03815	8P2R1A11_02405	96.970	99	3	0	1	99	1	99	1.08e-64	202
54P2R2A3_03817	54P2R2A3_03817	100.000	225	0	0	1	225	1	225	3.14e-166	457
54P2R2A3_03817	31P2R1A5_05012	96.444	225	8	0	1	225	1	225	7.98e-158	436
54P2R2A3_03823	54P2R2A3_03823	100.000	358	0	0	1	358	1	358	0.0	734
54P2R2A3_03823	44P3R3A6_04285	97.486	358	9	0	1	358	1	358	0.0	717
54P2R2A3_03823	31P2R1A5_05018	98.000	350	7	0	1	350	1	350	0.0	706
54P2R2A3_03826	54P2R2A3_03826	100.000	296	0	0	1	296	1	296	0.0	617
54P2R2A3_03826	42P1R1A12_04405	97.627	295	7	0	2	296	1	295	0.0	606
54P2R2A3_03838	54P2R2A3_03838	100.000	148	0	0	1	148	1	148	8.87e-109	305
54P2R2A3_03838	31P2R1A5_04873	97.297	148	4	0	1	148	1	148	4.62e-106	298
54P2R2A3_03838	42P1R1A12_04417	95.270	148	7	0	1	148	1	148	1.35e-103	292
54P2R2A3_03842	54P2R2A3_03842	100.000	141	0	0	1	141	1	141	3.21e-97	276
54P2R2A3_03842	31P2R1A5_04877	96.454	141	5	0	1	141	1	141	1.93e-93	266
54P2R2A3_03842	42P1R1A12_04422	96.639	119	4	0	1	119	1	119	4.14e-68	202
54P2R2A3_03844	54P2R2A3_03844	100.000	242	0	0	1	242	1	242	1.60e-180	494
54P2R2A3_03845	54P2R2A3_03845	100.000	473	0	0	1	473	1	473	0.0	936
54P2R2A3_03846	54P2R2A3_03846	100.000	522	0	0	1	522	1	522	0.0	1083
54P2R2A3_03847	54P2R2A3_03847	100.000	278	0	0	1	278	1	278	0.0	580
54P2R2A3_03848	54P2R2A3_03848	100.000	325	0	0	1	325	1	325	0.0	681
54P2R2A3_03849	54P2R2A3_03849	100.000	151	0	0	1	151	1	151	8.79e-111	311
54P2R2A3_03849	31P2R1A5_04879	96.026	151	6	0	1	151	1	151	4.13e-105	296
54P2R2A3_03853	54P2R2A3_03853	100.000	903	0	0	1	903	1	903	0.0	1847
54P2R2A3_03853	31P2R1A5_04883	97.453	903	23	0	1	903	1	903	0.0	1802
54P2R2A3_03856	54P2R2A3_03856	100.000	552	0	0	1	552	1	552	0.0	1152
54P2R2A3_03856	31P2R1A5_04886	97.101	552	16	0	1	552	1	552	0.0	1126
54P2R2A3_03857	54P2R2A3_03857	100.000	451	0	0	1	451	1	451	0.0	897
54P2R2A3_03858	54P2R2A3_03858	100.000	173	0	0	1	173	1	173	7.82e-126	350
54P2R2A3_03859	54P2R2A3_03859	100.000	259	0	0	1	259	1	259	0.0	526
54P2R2A3_03860	54P2R2A3_03860	100.000	103	0	0	1	103	1	103	9.03e-70	203
54P2R2A3_03861	54P2R2A3_03861	100.000	248	0	0	1	248	1	248	1.01e-177	488
54P2R2A3_03864	54P2R2A3_03864	100.000	95	0	0	1	95	1	95	1.94e-66	194
54P2R2A3_03864	31P2R1A5_04889	96.842	95	3	0	1	95	1	95	2.18e-64	189
54P2R2A3_03866	54P2R2A3_03866	100.000	637	0	0	1	637	1	637	0.0	1312
54P2R2A3_03866	31P2R1A5_04891	96.389	637	23	0	1	637	1	637	0.0	1270
54P2R2A3_03867	54P2R2A3_03867	100.000	385	0	0	1	385	1	385	0.0	784
54P2R2A3_03867	31P2R1A5_04892	96.364	385	14	0	1	385	1	385	0.0	759
54P2R2A3_03870	54P2R2A3_03870	100.000	378	0	0	1	378	1	378	0.0	766
54P2R2A3_03870	31P2R1A5_04895	96.825	378	12	0	1	378	1	378	0.0	744
54P2R2A3_03873	54P2R2A3_03873	100.000	100	0	0	1	100	1	100	8.79e-68	198
54P2R2A3_03873	31P2R1A5_04898	98.000	100	2	0	1	100	1	100	1.90e-66	194
54P2R2A3_03874	54P2R2A3_03874	100.000	121	0	0	1	121	1	121	4.41e-83	238
54P2R2A3_03874	31P2R1A5_04899	96.694	121	4	0	1	121	1	121	1.03e-80	232
54P2R2A3_03874	42P1R1A12_04452	95.868	121	5	0	1	121	1	121	2.00e-79	229
54P2R2A3_03875	54P2R2A3_03875	100.000	152	0	0	1	152	1	152	1.52e-110	310
54P2R2A3_03880	54P2R2A3_03880	100.000	77	0	0	1	77	1	77	1.60e-52	157
54P2R2A3_03882	54P2R2A3_03882	100.000	696	0	0	1	696	1	696	0.0	1430
54P2R2A3_03884	54P2R2A3_03884	100.000	599	0	0	1	599	1	599	0.0	1207
54P2R2A3_03885	54P2R2A3_03885	100.000	108	0	0	1	108	1	108	2.71e-74	215
54P2R2A3_03885	31P2R1A5_04256	97.222	108	3	0	1	108	1	108	2.05e-72	210
54P2R2A3_03885	42P1R1A12_03166	96.296	108	4	0	1	108	1	108	9.02e-72	209
54P2R2A3_03893	54P2R2A3_03893	100.000	288	0	0	1	288	1	288	0.0	590
54P2R2A3_03894	54P2R2A3_03894	100.000	670	0	0	1	670	1	670	0.0	1374
54P2R2A3_03894	31P2R1A5_04247	96.418	670	24	0	1	670	39	708	0.0	1343
54P2R2A3_03895	54P2R2A3_03895	100.000	429	0	0	1	429	1	429	0.0	878
54P2R2A3_03896	54P2R2A3_03896	100.000	117	0	0	1	117	1	117	1.05e-76	222
54P2R2A3_03897	54P2R2A3_03897	100.000	339	0	0	1	339	1	339	0.0	695
54P2R2A3_03898	54P2R2A3_03898	100.000	848	0	0	1	848	1	848	0.0	1724
54P2R2A3_03898	31P2R1A5_04243	97.288	848	23	0	1	848	1	848	0.0	1690
54P2R2A3_03901	54P2R2A3_03901	100.000	225	0	0	1	225	1	225	2.14e-166	457
54P2R2A3_03904	54P2R2A3_03904	100.000	44	0	0	1	44	1	44	9.42e-25	85.5
54P2R2A3_03904	42P1R1A12_04637	96.154	26	1	0	19	44	19	44	1.12e-11	52.4
54P2R2A3_03905	54P2R2A3_03905	100.000	64	0	0	1	64	1	64	7.03e-41	127
54P2R2A3_03905	31P2R1A5_04237	95.312	64	3	0	1	64	1	64	4.78e-39	122
54P2R2A3_03906	54P2R2A3_03906	100.000	106	0	0	1	106	1	106	5.81e-67	196
54P2R2A3_03906	31P2R1A5_04236	96.226	106	4	0	1	106	1	106	5.77e-65	191
54P2R2A3_03907	54P2R2A3_03907	100.000	178	0	0	1	178	1	178	1.13e-131	365
54P2R2A3_03907	31P2R1A5_04235	97.191	178	5	0	1	178	1	178	5.11e-129	359
54P2R2A3_03915	54P2R2A3_03915	100.000	321	0	0	1	321	1	321	0.0	660
54P2R2A3_03915	31P2R1A5_04227	97.819	321	7	0	1	321	1	321	0.0	651
54P2R2A3_03916	54P2R2A3_03916	100.000	354	0	0	1	354	1	354	0.0	725
54P2R2A3_03916	31P2R1A5_04226	97.458	354	9	0	1	354	1	354	0.0	709
54P2R2A3_03918	54P2R2A3_03918	100.000	244	0	0	1	244	1	244	0.0	499
54P2R2A3_03918	31P2R1A5_04224	97.131	244	7	0	1	244	1	244	1.08e-178	490
54P2R2A3_03926	54P2R2A3_03926	100.000	620	0	0	1	620	1	620	0.0	1256
54P2R2A3_03926	31P2R1A5_04216	96.129	620	24	0	1	620	1	620	0.0	1210
54P2R2A3_03932	54P2R2A3_03932	100.000	98	0	0	1	98	1	98	7.65e-62	183
54P2R2A3_03933	31P2R1A5_04209	100.000	66	0	0	1	66	20	85	7.08e-41	128
54P2R2A3_03933	54P2R2A3_03933	100.000	66	0	0	1	66	1	66	1.16e-40	127
54P2R2A3_03939	54P2R2A3_03939	100.000	92	0	0	1	92	1	92	1.22e-63	187
54P2R2A3_03939	31P2R1A5_04203	97.826	92	2	0	1	92	1	92	2.06e-62	184
54P2R2A3_03941	54P2R2A3_03941	100.000	239	0	0	1	239	1	239	9.88e-180	492
54P2R2A3_03941	31P2R1A5_04201	97.490	239	6	0	1	239	1	239	1.05e-174	479
54P2R2A3_03949	54P2R2A3_03949	100.000	229	0	0	1	229	1	229	2.33e-174	478
54P2R2A3_03950	54P2R2A3_03950	100.000	709	0	0	1	709	1	709	0.0	1468
54P2R2A3_03955	54P2R2A3_03955	100.000	150	0	0	1	150	1	150	1.95e-103	292
54P2R2A3_03955	31P2R1A5_04187	98.000	150	3	0	1	150	1	150	2.14e-101	287
54P2R2A3_03956	54P2R2A3_03956	100.000	225	0	0	1	225	1	225	1.11e-163	451
54P2R2A3_03960	54P2R2A3_03960	100.000	324	0	0	1	324	1	324	0.0	630
54P2R2A3_03960	31P2R1A5_04182	97.840	324	7	0	1	324	1	324	0.0	620
54P2R2A3_03963	54P2R2A3_03963	100.000	124	0	0	1	124	1	124	5.61e-89	253
54P2R2A3_03963	31P2R1A5_04179	97.581	124	3	0	1	124	1	124	5.46e-87	248
54P2R2A3_03965	54P2R2A3_03965	100.000	248	0	0	1	248	1	248	0.0	515
54P2R2A3_03965	31P2R1A5_04931	97.177	248	7	0	1	248	1	248	0.0	503
54P2R2A3_03966	54P2R2A3_03966	100.000	186	0	0	1	186	1	186	7.70e-136	377
54P2R2A3_03966	31P2R1A5_04930	97.849	186	4	0	1	186	1	186	8.08e-134	372
54P2R2A3_03969	54P2R2A3_03969	100.000	670	0	0	1	670	1	670	0.0	1397
54P2R2A3_03969	31P2R1A5_04927	97.463	670	17	0	1	670	1	670	0.0	1359
54P2R2A3_03972	54P2R2A3_03972	100.000	213	0	0	1	213	1	213	4.62e-162	445
54P2R2A3_03972	42P1R1A12_04706	95.305	213	10	0	1	213	1	213	1.29e-144	401
54P2R2A3_03976	54P2R2A3_03976	100.000	389	0	0	1	389	1	389	0.0	804
54P2R2A3_03977	54P2R2A3_03977	100.000	32	0	0	1	32	1	32	8.78e-16	62.0
54P2R2A3_03977	44P3R3A6_04339	96.875	32	1	0	1	32	1	32	9.22e-15	59.3
54P2R2A3_03978	54P2R2A3_03978	100.000	396	0	0	1	396	1	396	0.0	817
54P2R2A3_03982	54P2R2A3_03982	100.000	342	0	0	1	342	1	342	0.0	656
54P2R2A3_03982	31P2R1A5_04909	97.953	342	7	0	1	342	1	342	0.0	645
54P2R2A3_03986	54P2R2A3_03986	100.000	176	0	0	1	176	1	176	3.78e-131	364
54P2R2A3_03999	54P2R2A3_03999	100.000	217	0	0	1	217	1	217	6.54e-165	453
54P2R2A3_03999	31P2R1A5_04619	96.313	217	8	0	1	217	1	217	1.53e-160	442
54P2R2A3_04000	54P2R2A3_04000	100.000	329	0	0	1	329	1	329	0.0	689
54P2R2A3_04003	54P2R2A3_04003	100.000	294	0	0	1	294	1	294	0.0	572
54P2R2A3_04005	54P2R2A3_04005	100.000	303	0	0	1	303	1	303	0.0	602
54P2R2A3_04006	54P2R2A3_04006	100.000	124	0	0	1	124	1	124	1.91e-86	247
54P2R2A3_04006	31P2R1A5_04627	95.161	124	6	0	1	124	2	125	2.51e-82	236
54P2R2A3_04007	54P2R2A3_04007	100.000	519	0	0	1	519	1	519	0.0	1065
54P2R2A3_04008	54P2R2A3_04008	100.000	379	0	0	1	379	1	379	0.0	787
54P2R2A3_04012	54P2R2A3_04012	100.000	71	0	0	1	71	1	71	1.24e-48	147
54P2R2A3_04012	31P2R1A5_04631	97.183	71	2	0	1	71	1	71	2.43e-47	144
54P2R2A3_04013	54P2R2A3_04013	100.000	732	0	0	1	732	1	732	0.0	1492
54P2R2A3_04013	31P2R1A5_04632	97.541	732	18	0	1	732	1	732	0.0	1459
54P2R2A3_04015	54P2R2A3_04015	100.000	285	0	0	1	285	1	285	0.0	572
54P2R2A3_04025	54P2R2A3_04025	100.000	225	0	0	1	225	1	225	1.02e-170	468
54P2R2A3_04025	31P2R1A5_04644	96.444	225	8	0	1	225	1	225	2.85e-165	454
54P2R2A3_04030	54P2R2A3_04030	100.000	489	0	0	1	489	1	489	0.0	1005
54P2R2A3_04030	31P2R1A5_04649	96.728	489	16	0	1	489	1	489	0.0	970
54P2R2A3_04039	54P2R2A3_04039	100.000	458	0	0	1	458	1	458	0.0	947
54P2R2A3_04040	54P2R2A3_04040	100.000	463	0	0	1	463	1	463	0.0	932
54P2R2A3_04040	42P1R1A12_03246	96.753	462	15	0	1	462	1	462	0.0	914
54P2R2A3_04040	51P2R2A10_05116	96.976	463	14	0	1	463	1	463	0.0	913
54P2R2A3_04041	54P2R2A3_04041	100.000	337	0	0	1	337	1	337	0.0	691
54P2R2A3_04041	42P1R1A12_03245	96.736	337	11	0	1	337	1	337	0.0	675
54P2R2A3_04048	54P2R2A3_04048	100.000	198	0	0	1	198	1	198	7.14e-146	403
54P2R2A3_04051	54P2R2A3_04051	100.000	281	0	0	1	281	1	281	0.0	581
54P2R2A3_04051	31P2R1A5_04667	97.153	281	8	0	1	281	3	283	0.0	564
54P2R2A3_04055	54P2R2A3_04055	100.000	71	0	0	1	71	1	71	7.82e-43	132
54P2R2A3_04056	54P2R2A3_04056	100.000	279	0	0	1	279	1	279	0.0	572
54P2R2A3_04056	31P2R1A5_04672	96.057	279	11	0	1	279	1	279	0.0	556
54P2R2A3_04064	54P2R2A3_04064	100.000	306	0	0	1	306	1	306	0.0	622
54P2R2A3_04066	54P2R2A3_04066	100.000	146	0	0	1	146	1	146	2.83e-106	299
54P2R2A3_04066	31P2R1A5_04682	97.945	146	3	0	1	146	1	146	1.32e-103	292
54P2R2A3_04066	38P2R3A13_03863	96.575	146	5	0	1	146	1	146	8.01e-102	288
54P2R2A3_04066	18P3R3A11_04314	95.890	146	6	0	1	146	1	146	1.37e-101	287
54P2R2A3_04066	38P2R3A13_06622	95.890	146	6	0	1	146	1	146	3.26e-101	286
54P2R2A3_04068	54P2R2A3_04068	100.000	200	0	0	1	200	1	200	1.83e-151	417
54P2R2A3_04068	31P2R1A5_04684	97.500	200	5	0	1	200	1	200	2.53e-148	409
54P2R2A3_04073	54P2R2A3_04073	100.000	458	0	0	1	458	1	458	0.0	950
54P2R2A3_04073	31P2R1A5_04690	97.380	458	12	0	1	458	1	458	0.0	927
54P2R2A3_04077	54P2R2A3_04077	100.000	300	0	0	1	300	1	300	0.0	619
54P2R2A3_04077	31P2R1A5_04694	97.333	300	8	0	1	300	1	300	0.0	603
54P2R2A3_04081	54P2R2A3_04081	100.000	194	0	0	1	194	1	194	9.74e-144	397
54P2R2A3_04081	31P2R1A5_04698	97.423	194	5	0	1	194	1	194	1.07e-140	390
54P2R2A3_04082	54P2R2A3_04082	100.000	169	0	0	1	169	1	169	9.95e-122	340
54P2R2A3_04084	54P2R2A3_04084	100.000	266	0	0	1	266	1	266	0.0	519
54P2R2A3_04085	54P2R2A3_04085	100.000	287	0	0	1	287	1	287	0.0	559
54P2R2A3_04086	54P2R2A3_04086	100.000	371	0	0	1	371	1	371	0.0	753
54P2R2A3_04087	54P2R2A3_04087	100.000	338	0	0	1	338	1	338	0.0	683
54P2R2A3_04088	54P2R2A3_04088	100.000	240	0	0	1	240	1	240	0.0	496
54P2R2A3_04088	42P1R1A12_03589	96.667	240	8	0	1	240	1	240	2.55e-176	484
54P2R2A3_04089	54P2R2A3_04089	100.000	368	0	0	1	368	1	368	0.0	766
54P2R2A3_04090	54P2R2A3_04090	100.000	270	0	0	1	270	1	270	0.0	544
54P2R2A3_04091	54P2R2A3_04091	100.000	398	0	0	1	398	1	398	0.0	777
54P2R2A3_04091	31P2R1A5_04702	97.739	398	9	0	1	398	1	398	0.0	764
54P2R2A3_04092	54P2R2A3_04092	100.000	83	0	0	1	83	1	83	4.17e-57	169
54P2R2A3_04093	54P2R2A3_04093	100.000	37	0	0	1	37	1	37	1.54e-20	74.3
54P2R2A3_04098	54P2R2A3_04098	100.000	501	0	0	1	501	1	501	0.0	987
54P2R2A3_04098	31P2R1A5_04708	97.410	502	12	1	1	501	1	502	0.0	962
54P2R2A3_04104	54P2R2A3_04104	100.000	149	0	0	1	149	1	149	1.45e-109	307
54P2R2A3_04104	31P2R1A5_04714	97.315	149	4	0	1	149	1	149	9.50e-107	300
54P2R2A3_04105	54P2R2A3_04105	100.000	278	0	0	1	278	1	278	0.0	543
54P2R2A3_04105	31P2R1A5_04715	97.842	278	6	0	1	278	1	278	0.0	535
54P2R2A3_04107	54P2R2A3_04107	100.000	308	0	0	1	308	1	308	0.0	636
54P2R2A3_04107	31P2R1A5_04717	96.753	308	10	0	1	308	1	308	0.0	619
54P2R2A3_04109	54P2R2A3_04109	100.000	443	0	0	1	443	1	443	0.0	908
54P2R2A3_04109	31P2R1A5_04719	97.743	443	10	0	1	443	1	443	0.0	889
54P2R2A3_04115	54P2R2A3_04115	100.000	241	0	0	1	241	1	241	1.00e-179	492
54P2R2A3_04115	31P2R1A5_04725	99.167	240	2	0	1	240	1	240	7.04e-178	488
54P2R2A3_04117	54P2R2A3_04117	100.000	57	0	0	1	57	1	57	2.83e-34	110
54P2R2A3_04118	54P2R2A3_04118	100.000	132	0	0	1	132	1	132	4.38e-98	277
54P2R2A3_04122	54P2R2A3_04122	100.000	409	0	0	1	409	1	409	0.0	839
54P2R2A3_04122	31P2R1A5_04730	95.599	409	18	0	1	409	14	422	0.0	806
54P2R2A3_04123	54P2R2A3_04123	100.000	431	0	0	1	431	1	431	0.0	859
54P2R2A3_04123	18P3R3A11_02931	96.984	431	13	0	1	431	1	431	0.0	843
54P2R2A3_04123	38P2R3A13_06843	96.752	431	14	0	1	431	1	431	0.0	842
54P2R2A3_04124	54P2R2A3_04124	100.000	383	0	0	1	383	1	383	0.0	783
54P2R2A3_04124	42P1R1A12_03556	95.300	383	18	0	1	383	1	383	0.0	756
54P2R2A3_04125	54P2R2A3_04125	100.000	206	0	0	1	206	1	206	2.34e-149	412
54P2R2A3_04126	54P2R2A3_04126	100.000	293	0	0	1	293	1	293	0.0	594
54P2R2A3_04127	54P2R2A3_04127	100.000	230	0	0	1	230	1	230	7.17e-172	471
54P2R2A3_04127	18P3R3A11_02927	95.217	230	11	0	1	230	1	230	2.17e-164	452
54P2R2A3_04128	54P2R2A3_04128	100.000	378	0	0	1	378	1	378	0.0	778
54P2R2A3_04129	54P2R2A3_04129	100.000	354	0	0	1	354	1	354	0.0	731
54P2R2A3_04139	54P2R2A3_04139	100.000	393	0	0	1	393	1	393	0.0	777
54P2R2A3_04141	54P2R2A3_04141	100.000	243	0	0	1	243	1	243	0.0	497
54P2R2A3_04141	31P2R1A5_04744	95.885	243	8	1	1	243	1	241	2.58e-171	471
54P2R2A3_04145	54P2R2A3_04145	100.000	240	0	0	1	240	1	240	5.29e-180	493
54P2R2A3_04145	31P2R1A5_04748	95.798	238	10	0	1	238	1	238	4.39e-172	473
54P2R2A3_04146	54P2R2A3_04146	100.000	389	0	0	1	389	1	389	0.0	803
54P2R2A3_04162	54P2R2A3_04162	100.000	272	0	0	1	272	1	272	0.0	541
54P2R2A3_04162	42P1R1A12_05372	96.691	272	9	0	1	272	1	272	0.0	525
54P2R2A3_04162	31P2R1A5_04765	96.691	272	9	0	1	272	1	272	0.0	523
54P2R2A3_04163	54P2R2A3_04163	100.000	127	0	0	1	127	1	127	2.59e-84	242
54P2R2A3_04163	31P2R1A5_04766	96.850	127	4	0	1	127	1	127	1.83e-82	237
54P2R2A3_04164	54P2R2A3_04164	100.000	208	0	0	1	208	1	208	6.03e-154	424
54P2R2A3_04164	31P2R1A5_04767	96.154	208	8	0	1	208	1	208	3.89e-147	407
54P2R2A3_04166	54P2R2A3_04166	100.000	147	0	0	1	147	1	147	5.18e-105	296
54P2R2A3_04166	31P2R1A5_04769	95.918	147	6	0	1	147	1	147	9.34e-101	285
54P2R2A3_04168	54P2R2A3_04168	100.000	331	0	0	1	331	1	331	0.0	673
54P2R2A3_04168	31P2R1A5_04771	97.885	331	7	0	1	331	1	331	0.0	663
54P2R2A3_04176	54P2R2A3_04176	100.000	311	0	0	1	311	1	311	0.0	617
54P2R2A3_04176	31P2R1A5_04779	97.428	311	8	0	1	311	1	311	0.0	600
54P2R2A3_04180	54P2R2A3_04180	100.000	137	0	0	1	137	1	137	9.18e-97	274
54P2R2A3_04182	54P2R2A3_04182	100.000	533	0	0	1	533	1	533	0.0	1092
54P2R2A3_04188	54P2R2A3_04188	100.000	147	0	0	1	147	1	147	6.80e-110	308
54P2R2A3_04188	31P2R1A5_03713	95.238	147	7	0	1	147	1	147	2.25e-104	294
54P2R2A3_04189	54P2R2A3_04189	100.000	418	0	0	1	418	1	418	0.0	861
54P2R2A3_04189	31P2R1A5_03712	97.368	418	11	0	1	418	1	418	0.0	841
54P2R2A3_04193	54P2R2A3_04193	100.000	160	0	0	1	160	1	160	2.34e-115	323
54P2R2A3_04194	54P2R2A3_04194	100.000	454	0	0	1	454	1	454	0.0	934
54P2R2A3_04194	31P2R1A5_03707	97.797	454	10	0	1	454	1	454	0.0	915
54P2R2A3_04194	42P1R1A12_01506	95.913	416	17	0	18	433	18	433	0.0	828
54P2R2A3_04195	54P2R2A3_04195	100.000	294	0	0	1	294	1	294	0.0	599
54P2R2A3_04195	31P2R1A5_03706	96.259	294	11	0	1	294	1	294	0.0	581
54P2R2A3_04198	54P2R2A3_04198	100.000	179	0	0	1	179	1	179	1.09e-129	361
54P2R2A3_04198	31P2R1A5_03703	96.648	179	6	0	1	179	1	179	9.28e-126	351
54P2R2A3_04199	54P2R2A3_04199	100.000	810	0	0	1	810	1	810	0.0	1596
54P2R2A3_04199	31P2R1A5_03702	97.407	810	21	0	1	810	1	810	0.0	1557
54P2R2A3_04200	54P2R2A3_04200	100.000	267	0	0	1	267	1	267	0.0	512
54P2R2A3_04200	31P2R1A5_03701	97.753	267	6	0	1	267	1	267	0.0	504
54P2R2A3_04201	54P2R2A3_04201	100.000	249	0	0	1	249	1	249	2.64e-178	489
54P2R2A3_04202	54P2R2A3_04202	100.000	162	0	0	1	162	1	162	2.12e-114	321
54P2R2A3_04203	54P2R2A3_04203	100.000	398	0	0	1	398	1	398	0.0	790
54P2R2A3_04204	54P2R2A3_04204	100.000	329	0	0	1	329	1	329	0.0	663
54P2R2A3_04204	31P2R1A5_03697	95.706	326	14	0	1	326	1	326	0.0	605
54P2R2A3_04205	54P2R2A3_04205	100.000	199	0	0	1	199	1	199	1.28e-142	395
54P2R2A3_04205	31P2R1A5_03696	96.985	199	6	0	1	199	1	199	1.13e-137	382
54P2R2A3_04207	54P2R2A3_04207	100.000	172	0	0	1	172	1	172	9.73e-121	337
54P2R2A3_04207	31P2R1A5_03694	95.349	172	8	0	1	172	1	172	1.74e-98	281
54P2R2A3_04209	54P2R2A3_04209	100.000	405	0	0	1	405	1	405	0.0	796
54P2R2A3_04209	31P2R1A5_03692	97.284	405	11	0	1	405	1	405	0.0	773
54P2R2A3_04210	54P2R2A3_04210	100.000	498	0	0	1	498	1	498	0.0	1001
54P2R2A3_04210	31P2R1A5_03691	97.992	498	10	0	1	498	1	498	0.0	979
54P2R2A3_04211	54P2R2A3_04211	100.000	652	0	0	1	652	1	652	0.0	1309
54P2R2A3_04211	31P2R1A5_03690	97.546	652	16	0	1	652	1	652	0.0	1282
54P2R2A3_04212	54P2R2A3_04212	100.000	281	0	0	1	281	1	281	0.0	553
54P2R2A3_04214	54P2R2A3_04214	100.000	186	0	0	1	186	1	186	4.05e-133	370
54P2R2A3_04216	54P2R2A3_04216	100.000	736	0	0	1	736	1	736	0.0	1524
54P2R2A3_04216	31P2R1A5_03684	97.690	736	17	0	1	736	1	736	0.0	1493
54P2R2A3_04217	54P2R2A3_04217	100.000	266	0	0	1	266	1	266	0.0	536
54P2R2A3_04217	31P2R1A5_03683	96.992	266	8	0	1	266	1	266	0.0	521
54P2R2A3_04217	42P1R1A12_01481	96.617	266	9	0	1	266	1	266	0.0	521
54P2R2A3_04217	51P2R2A10_04582	95.113	266	13	0	1	266	1	266	0.0	516
54P2R2A3_04218	54P2R2A3_04218	100.000	297	0	0	1	297	1	297	0.0	599
54P2R2A3_04219	54P2R2A3_04219	100.000	661	0	0	1	661	1	661	0.0	1262
54P2R2A3_04220	54P2R2A3_04220	100.000	427	0	0	1	427	1	427	0.0	873
54P2R2A3_04220	31P2R1A5_03680	97.892	427	9	0	1	427	1	427	0.0	858
54P2R2A3_04220	42P1R1A12_01477	96.721	427	14	0	1	427	1	427	0.0	844
54P2R2A3_04224	54P2R2A3_04224	100.000	267	0	0	1	267	1	267	0.0	533
54P2R2A3_04224	31P2R1A5_03676	97.753	267	6	0	1	267	1	267	0.0	521
54P2R2A3_04225	54P2R2A3_04225	100.000	233	0	0	1	233	1	233	3.34e-171	470
54P2R2A3_04225	31P2R1A5_03675	97.425	233	6	0	1	233	1	233	1.48e-166	458
54P2R2A3_04228	54P2R2A3_04228	100.000	404	0	0	1	404	1	404	0.0	818
54P2R2A3_04228	42P1R1A12_01469	97.409	386	10	0	19	404	1	386	0.0	763
54P2R2A3_04228	38P2R3A13_03546	96.373	386	14	0	19	404	1	386	0.0	755
54P2R2A3_04228	18P3R3A11_03501	95.855	386	16	0	19	404	1	386	0.0	752
54P2R2A3_04237	54P2R2A3_04237	100.000	401	0	0	1	401	1	401	0.0	825
54P2R2A3_04237	31P2R1A5_03663	96.259	401	15	0	1	401	1	401	0.0	796
54P2R2A3_04238	54P2R2A3_04238	100.000	253	0	0	1	253	1	253	0.0	522
54P2R2A3_04238	42P1R1A12_01458	95.257	253	12	0	1	253	1	253	0.0	499
54P2R2A3_04238	31P2R1A5_03662	98.696	230	3	0	24	253	1	230	5.52e-171	470
54P2R2A3_04239	54P2R2A3_04239	100.000	261	0	0	1	261	1	261	0.0	515
54P2R2A3_04239	31P2R1A5_03661	99.234	261	2	0	1	261	26	286	0.0	514
54P2R2A3_04252	54P2R2A3_04252	100.000	438	0	0	1	438	1	438	0.0	877
54P2R2A3_04252	31P2R1A5_03648	96.560	436	15	0	1	436	1	436	0.0	847
54P2R2A3_04255	54P2R2A3_04255	100.000	182	0	0	1	182	1	182	1.55e-130	363
54P2R2A3_04255	31P2R1A5_03645	96.703	182	6	0	1	182	1	182	1.58e-126	353
54P2R2A3_04256	54P2R2A3_04256	100.000	138	0	0	1	138	1	138	2.78e-95	270
54P2R2A3_04256	31P2R1A5_03644	95.652	138	6	0	1	138	1	138	1.18e-91	261
54P2R2A3_04257	54P2R2A3_04257	100.000	233	0	0	1	233	1	233	9.13e-179	489
54P2R2A3_04257	31P2R1A5_03643	98.283	233	4	0	1	233	8	240	8.71e-177	484
54P2R2A3_04258	54P2R2A3_04258	100.000	281	0	0	1	281	1	281	0.0	570
54P2R2A3_04259	54P2R2A3_04259	100.000	573	0	0	1	573	1	573	0.0	1176
54P2R2A3_04259	31P2R1A5_03641	97.731	573	13	0	1	573	1	573	0.0	1155
54P2R2A3_04259	42P1R1A12_01436	97.208	573	16	0	1	573	1	573	0.0	1149
54P2R2A3_04260	54P2R2A3_04260	100.000	236	0	0	1	236	1	236	2.97e-176	483
54P2R2A3_04260	31P2R1A5_03640	97.034	236	7	0	1	236	1	236	1.31e-171	471
54P2R2A3_04261	54P2R2A3_04261	100.000	136	0	0	1	136	1	136	5.56e-96	272
54P2R2A3_04261	31P2R1A5_03639	97.059	136	4	0	1	136	1	136	1.60e-94	268
54P2R2A3_04265	54P2R2A3_04265	100.000	189	0	0	1	189	1	189	4.39e-142	393
54P2R2A3_04265	44P3R3A6_03899	98.942	189	2	0	1	189	18	206	3.25e-141	391
54P2R2A3_04269	54P2R2A3_04269	100.000	287	0	0	1	287	1	287	0.0	585
54P2R2A3_04269	31P2R1A5_01535	97.213	287	8	0	1	287	1	287	0.0	570
54P2R2A3_04273	54P2R2A3_04273	100.000	428	0	0	1	428	1	428	0.0	883
54P2R2A3_04273	31P2R1A5_01539	97.664	428	10	0	1	428	1	428	0.0	863
54P2R2A3_04277	54P2R2A3_04277	100.000	145	0	0	1	145	1	145	3.20e-106	298
54P2R2A3_04277	31P2R1A5_01543	95.862	145	6	0	1	145	1	145	1.22e-101	287
54P2R2A3_04285	54P2R2A3_04285	100.000	268	0	0	1	268	1	268	0.0	536
54P2R2A3_04285	31P2R1A5_01551	95.149	268	13	0	1	268	1	268	2.40e-180	496
54P2R2A3_04289	54P2R2A3_04289	100.000	50	0	0	1	50	1	50	2.02e-29	97.8
54P2R2A3_04290	54P2R2A3_04290	100.000	313	0	0	1	313	1	313	0.0	606
54P2R2A3_04290	31P2R1A5_01555	97.980	297	6	0	17	313	1	297	0.0	565
54P2R2A3_04295	54P2R2A3_04295	100.000	263	0	0	1	263	1	263	0.0	523
54P2R2A3_04295	31P2R1A5_01560	97.338	263	7	0	1	263	1	263	0.0	511
54P2R2A3_04296	54P2R2A3_04296	100.000	74	0	0	1	74	1	74	9.13e-49	148
54P2R2A3_04299	54P2R2A3_04299	100.000	64	0	0	1	64	1	64	1.69e-41	129
54P2R2A3_04303	54P2R2A3_04303	100.000	496	0	0	1	496	1	496	0.0	1017
54P2R2A3_04303	31P2R1A5_01567	97.782	496	11	0	1	496	1	496	0.0	999
54P2R2A3_04303	44P3R3A6_01191	96.169	496	19	0	1	496	1	496	0.0	983
54P2R2A3_04305	54P2R2A3_04305	100.000	314	0	0	1	314	1	314	0.0	642
54P2R2A3_04305	31P2R1A5_01569	97.452	314	8	0	1	314	1	314	0.0	627
54P2R2A3_04306	54P2R2A3_04306	100.000	362	0	0	1	362	1	362	0.0	752
54P2R2A3_04306	31P2R1A5_01570	97.238	362	10	0	1	362	1	362	0.0	733
54P2R2A3_04309	54P2R2A3_04309	100.000	483	0	0	1	483	1	483	0.0	987
54P2R2A3_04309	31P2R1A5_01573	97.723	483	11	0	1	483	1	483	0.0	966
54P2R2A3_04310	54P2R2A3_04310	100.000	322	0	0	1	322	1	322	0.0	671
54P2R2A3_04310	31P2R1A5_01574	97.205	322	9	0	1	322	1	322	0.0	655
54P2R2A3_04311	54P2R2A3_04311	100.000	63	0	0	1	63	1	63	1.87e-42	131
54P2R2A3_04311	31P2R1A5_01584	96.429	28	1	0	36	63	316	343	3.18e-11	56.2
54P2R2A3_04312	54P2R2A3_04312	100.000	207	0	0	1	207	1	207	1.28e-154	426
54P2R2A3_04312	31P2R1A5_01587	95.169	207	10	0	1	207	306	512	5.91e-143	408
54P2R2A3_04314	54P2R2A3_04314	100.000	551	0	0	1	551	1	551	0.0	1137
54P2R2A3_04314	31P2R1A5_01591	95.933	541	22	0	1	541	1	541	0.0	1083
54P2R2A3_04317	54P2R2A3_04317	100.000	94	0	0	1	94	1	94	3.12e-66	193
54P2R2A3_04317	31P2R1A5_01594	97.872	94	2	0	1	94	1	94	3.86e-65	191
54P2R2A3_04318	54P2R2A3_04318	100.000	263	0	0	1	263	1	263	0.0	528
54P2R2A3_04318	31P2R1A5_01595	96.958	263	8	0	1	263	1	263	0.0	514
54P2R2A3_04319	54P2R2A3_04319	100.000	185	0	0	1	185	1	185	3.84e-133	370
54P2R2A3_04319	31P2R1A5_01596	96.216	185	7	0	1	185	1	185	8.25e-128	357
54P2R2A3_04323	54P2R2A3_04323	100.000	158	0	0	1	158	1	158	1.35e-116	326
54P2R2A3_04323	31P2R1A5_01600	97.468	158	4	0	1	158	1	158	1.50e-113	318
54P2R2A3_04324	54P2R2A3_04324	100.000	685	0	0	1	685	1	685	0.0	1407
54P2R2A3_04324	31P2R1A5_01601	96.058	685	27	0	1	685	1	685	0.0	1357
54P2R2A3_04326	54P2R2A3_04326	100.000	712	0	0	1	712	1	712	0.0	1442
54P2R2A3_04326	31P2R1A5_01603	97.612	712	17	0	1	712	1	712	0.0	1415
54P2R2A3_04327	54P2R2A3_04327	100.000	199	0	0	1	199	1	199	1.01e-146	405
54P2R2A3_04328	54P2R2A3_04328	100.000	170	0	0	1	170	1	170	4.79e-125	348
54P2R2A3_04328	31P2R1A5_01605	95.294	170	8	0	1	170	1	170	5.44e-107	303
54P2R2A3_04329	54P2R2A3_04329	100.000	357	0	0	1	357	1	357	0.0	731
54P2R2A3_04329	42P1R1A12_02789	96.639	357	12	0	1	357	1	357	0.0	712
54P2R2A3_04331	54P2R2A3_04331	100.000	586	0	0	1	586	1	586	0.0	1194
54P2R2A3_04333	54P2R2A3_04333	100.000	188	0	0	1	188	1	188	7.76e-137	379
54P2R2A3_04333	31P2R1A5_01610	96.809	188	6	0	1	188	1	188	1.52e-133	371
54P2R2A3_04334	54P2R2A3_04334	100.000	547	0	0	1	547	1	547	0.0	1115
54P2R2A3_04335	54P2R2A3_04335	100.000	423	0	0	1	423	1	423	0.0	864
54P2R2A3_04335	31P2R1A5_01612	97.872	423	9	0	1	423	1	423	0.0	849
54P2R2A3_04338	54P2R2A3_04338	100.000	370	0	0	1	370	1	370	0.0	760
54P2R2A3_04338	31P2R1A5_01615	97.838	370	8	0	1	370	1	370	0.0	748
54P2R2A3_04341	54P2R2A3_04341	100.000	192	0	0	1	192	1	192	7.53e-141	390
54P2R2A3_04341	31P2R1A5_01618	97.917	192	4	0	1	192	1	192	2.61e-138	384
54P2R2A3_04342	54P2R2A3_04342	100.000	321	0	0	1	321	1	321	0.0	647
54P2R2A3_04342	31P2R1A5_01619	97.819	321	7	0	1	321	1	321	0.0	635
54P2R2A3_04347	54P2R2A3_04347	100.000	413	0	0	1	413	1	413	0.0	855
54P2R2A3_04347	31P2R1A5_01624	97.337	413	11	0	1	413	1	413	0.0	833
54P2R2A3_04356	54P2R2A3_04356	100.000	274	0	0	1	274	1	274	0.0	563
54P2R2A3_04358	54P2R2A3_04358	100.000	507	0	0	1	507	1	507	0.0	1023
54P2R2A3_04358	31P2R1A5_04788	96.055	507	20	0	1	507	1	507	0.0	979
54P2R2A3_04359	54P2R2A3_04359	100.000	549	0	0	1	549	1	549	0.0	1125
54P2R2A3_04359	31P2R1A5_04789	97.996	549	11	0	1	549	1	549	0.0	1102
54P2R2A3_04360	54P2R2A3_04360	100.000	86	0	0	1	86	1	86	1.22e-58	174
54P2R2A3_04360	31P2R1A5_04790	96.512	86	3	0	1	86	1	86	1.01e-55	166
54P2R2A3_04360	51P2R2A10_05076	95.349	86	4	0	1	86	1	86	8.54e-55	164
54P2R2A3_04367	54P2R2A3_04367	100.000	94	0	0	1	94	1	94	2.20e-65	191
54P2R2A3_04367	38P2R3A13_04225	95.745	94	4	0	1	94	1	94	3.26e-63	186
54P2R2A3_04367	42P1R1A12_04550	96.809	94	3	0	1	94	1	94	4.20e-63	186
54P2R2A3_04369	54P2R2A3_04369	100.000	241	0	0	1	241	1	241	7.71e-170	467
54P2R2A3_04369	44P3R3A6_04707	97.095	241	7	0	1	241	2	242	4.29e-167	461
54P2R2A3_04369	31P2R1A5_04798	95.851	241	10	0	1	241	2	242	1.55e-164	454
54P2R2A3_04371	54P2R2A3_04371	100.000	309	0	0	1	309	1	309	0.0	630
54P2R2A3_04371	31P2R1A5_04800	95.469	309	14	0	1	309	1	309	0.0	606
54P2R2A3_04372	54P2R2A3_04372	100.000	503	0	0	1	503	1	503	0.0	1019
54P2R2A3_04372	31P2R1A5_04801	97.018	503	15	0	1	503	1	503	0.0	990
54P2R2A3_04380	54P2R2A3_04380	100.000	356	0	0	1	356	1	356	0.0	738
54P2R2A3_04380	31P2R1A5_04809	97.191	356	10	0	1	356	1	356	0.0	719
54P2R2A3_04382	54P2R2A3_04382	100.000	225	0	0	1	225	1	225	2.45e-163	449
54P2R2A3_04382	31P2R1A5_04811	95.556	225	10	0	1	225	1	225	3.15e-156	432
54P2R2A3_04385	54P2R2A3_04385	100.000	359	0	0	1	359	1	359	0.0	739
54P2R2A3_04385	31P2R1A5_04814	96.936	359	11	0	1	359	1	359	0.0	719
54P2R2A3_04387	54P2R2A3_04387	100.000	247	0	0	1	247	1	247	0.0	504
54P2R2A3_04387	31P2R1A5_04816	97.571	247	6	0	1	247	1	247	2.84e-180	494
54P2R2A3_04394	54P2R2A3_04394	100.000	394	0	0	1	394	1	394	0.0	787
54P2R2A3_04394	31P2R1A5_04823	96.701	394	13	0	1	394	1	394	0.0	766
54P2R2A3_04395	54P2R2A3_04395	100.000	247	0	0	1	247	1	247	0.0	497
54P2R2A3_04395	31P2R1A5_04824	96.356	247	9	0	1	247	1	247	1.10e-173	478
54P2R2A3_04396	54P2R2A3_04396	100.000	319	0	0	1	319	1	319	0.0	634
54P2R2A3_04396	31P2R1A5_04825	96.552	319	11	0	1	319	1	319	0.0	615
54P2R2A3_04401	54P2R2A3_04401	100.000	236	0	0	1	236	1	236	2.12e-173	476
54P2R2A3_04401	31P2R1A5_04830	96.610	236	8	0	1	236	1	236	4.46e-169	465
54P2R2A3_04402	54P2R2A3_04402	100.000	301	0	0	1	301	1	301	0.0	607
54P2R2A3_04402	31P2R1A5_04831	95.681	301	13	0	1	301	1	301	0.0	585
54P2R2A3_04403	54P2R2A3_04403	100.000	239	0	0	1	239	1	239	2.54e-179	491
54P2R2A3_04403	31P2R1A5_04832	96.234	239	9	0	1	239	1	239	1.01e-173	477
54P2R2A3_04404	54P2R2A3_04404	100.000	721	0	0	1	721	1	721	0.0	1490
54P2R2A3_04404	42P1R1A12_04592	97.642	721	17	0	1	721	11	731	0.0	1459
54P2R2A3_04404	10P3R2A13_02997	96.255	721	27	0	1	721	1	721	0.0	1449
54P2R2A3_04404	18P3R3A11_02136	95.562	721	32	0	1	721	1	721	0.0	1440
54P2R2A3_04411	54P2R2A3_04411	100.000	307	0	0	1	307	1	307	0.0	628
54P2R2A3_04411	31P2R1A5_04840	96.091	307	12	0	1	307	1	307	0.0	610
54P2R2A3_04420	54P2R2A3_04420	100.000	483	0	0	1	483	1	483	0.0	977
54P2R2A3_04420	31P2R1A5_04849	97.723	483	11	0	1	483	1	483	0.0	957
54P2R2A3_04422	54P2R2A3_04422	100.000	202	0	0	1	202	1	202	4.27e-144	399
54P2R2A3_04422	31P2R1A5_04851	97.030	202	6	0	1	202	1	202	5.40e-141	391
54P2R2A3_04425	54P2R2A3_04425	100.000	179	0	0	1	179	1	179	8.19e-128	356
54P2R2A3_04425	31P2R1A5_04854	97.207	179	5	0	1	179	1	179	1.63e-123	345
54P2R2A3_04427	54P2R2A3_04427	100.000	264	0	0	1	264	1	264	0.0	540
54P2R2A3_04429	54P2R2A3_04429	100.000	492	0	0	1	492	1	492	0.0	1014
54P2R2A3_04429	42P1R1A12_04618	97.955	489	10	0	1	489	1	489	0.0	996
54P2R2A3_04429	10P3R2A13_03025	96.122	490	19	0	1	490	4	493	0.0	983
54P2R2A3_04429	38P2R3A13_07302	95.102	490	24	0	1	490	5	494	0.0	974
54P2R2A3_04429	18P3R3A11_02112	95.306	490	23	0	1	490	5	494	0.0	973
54P2R2A3_04434	54P2R2A3_04434	100.000	205	0	0	1	205	1	205	1.43e-149	413
54P2R2A3_04434	31P2R1A5_04863	96.585	205	7	0	1	205	1	205	2.14e-144	400
54P2R2A3_04437	54P2R2A3_04437	100.000	104	0	0	1	104	1	104	1.29e-70	205
54P2R2A3_04437	31P2R1A5_05321	98.077	104	2	0	1	104	546	649	3.57e-63	202
54P2R2A3_04441	54P2R2A3_04441	100.000	286	0	0	1	286	1	286	0.0	563
54P2R2A3_04441	31P2R1A5_02419	95.804	286	12	0	1	286	1	286	0.0	549
54P2R2A3_04442	54P2R2A3_04442	100.000	212	0	0	1	212	1	212	1.78e-150	416
54P2R2A3_04442	31P2R1A5_02418	96.226	212	8	0	1	212	1	212	9.57e-146	404
54P2R2A3_04443	54P2R2A3_04443	100.000	256	0	0	1	256	1	256	0.0	510
54P2R2A3_04443	31P2R1A5_02417	97.656	256	6	0	1	256	1	256	0.0	499
54P2R2A3_04447	54P2R2A3_04447	100.000	199	0	0	1	199	1	199	6.61e-146	403
54P2R2A3_04447	31P2R1A5_02413	95.980	199	8	0	1	199	1	199	1.01e-130	365
54P2R2A3_04450	54P2R2A3_04450	100.000	439	0	0	1	439	1	439	0.0	906
54P2R2A3_04450	31P2R1A5_02410	97.950	439	9	0	1	439	1	439	0.0	890
54P2R2A3_04451	54P2R2A3_04451	100.000	393	0	0	1	393	1	393	0.0	791
54P2R2A3_04451	31P2R1A5_02409	95.674	393	17	0	1	393	1	393	0.0	761
54P2R2A3_04452	54P2R2A3_04452	100.000	401	0	0	1	401	1	401	0.0	818
54P2R2A3_04452	31P2R1A5_02408	96.509	401	14	0	1	401	1	401	0.0	793
54P2R2A3_04456	54P2R2A3_04456	100.000	248	0	0	1	248	1	248	0.0	499
54P2R2A3_04456	31P2R1A5_02404	97.581	248	6	0	1	248	1	248	6.15e-178	488
54P2R2A3_04457	54P2R2A3_04457	100.000	168	0	0	1	168	1	168	2.90e-118	331
54P2R2A3_04458	54P2R2A3_04458	100.000	204	0	0	1	204	1	204	1.54e-151	418
54P2R2A3_04458	31P2R1A5_02402	96.569	204	7	0	1	204	1	204	9.89e-147	406
54P2R2A3_04459	54P2R2A3_04459	100.000	670	0	0	1	670	1	670	0.0	1333
54P2R2A3_04459	31P2R1A5_02401	96.269	670	25	0	1	670	1	670	0.0	1217
54P2R2A3_04459	44P3R3A6_02529	96.768	557	18	0	114	670	1	557	0.0	1065
54P2R2A3_04460	54P2R2A3_04460	100.000	120	0	0	1	120	1	120	5.23e-82	235
54P2R2A3_04460	31P2R1A5_02400	96.667	120	4	0	1	120	1	120	2.94e-69	203
54P2R2A3_04461	54P2R2A3_04461	100.000	478	0	0	1	478	1	478	0.0	1002
54P2R2A3_04461	31P2R1A5_02399	97.908	478	10	0	1	478	1	478	0.0	989
54P2R2A3_04461	42P1R1A12_03850	95.397	478	22	0	1	478	1	478	0.0	965
54P2R2A3_04462	54P2R2A3_04462	100.000	243	0	0	1	243	1	243	0.0	504
54P2R2A3_04462	31P2R1A5_02398	99.588	243	1	0	1	243	10	252	0.0	501
54P2R2A3_04462	42P1R1A12_03851	96.708	243	8	0	1	243	10	252	3.82e-180	494
54P2R2A3_04463	54P2R2A3_04463	100.000	104	0	0	1	104	1	104	9.82e-74	213
54P2R2A3_04465	54P2R2A3_04465	100.000	328	0	0	1	328	1	328	0.0	669
54P2R2A3_04465	31P2R1A5_02395	96.012	326	13	0	1	326	1	326	0.0	615
54P2R2A3_04472	54P2R2A3_04472	100.000	321	0	0	1	321	1	321	0.0	659
54P2R2A3_04472	31P2R1A5_02388	98.667	300	4	0	22	321	1	300	0.0	608
54P2R2A3_04472	44P3R3A6_02543	100.000	294	0	0	28	321	1	294	0.0	605
54P2R2A3_04472	42P1R1A12_03868	97.619	294	7	0	28	321	1	294	0.0	593
54P2R2A3_04472	38P2R3A13_05994	97.279	294	8	0	28	321	1	294	0.0	593
54P2R2A3_04472	18P3R3A11_01002	96.939	294	9	0	28	321	1	294	0.0	590
54P2R2A3_04472	10P3R2A13_01803	96.939	294	9	0	28	321	1	294	0.0	588
54P2R2A3_04474	54P2R2A3_04474	100.000	185	0	0	1	185	1	185	1.06e-138	384
54P2R2A3_04474	31P2R1A5_02386	95.676	185	8	0	1	185	1	185	2.27e-133	370
54P2R2A3_04475	54P2R2A3_04475	100.000	238	0	0	1	238	1	238	2.23e-177	486
54P2R2A3_04475	31P2R1A5_02385	97.479	238	6	0	1	238	1	238	1.90e-173	476
54P2R2A3_04478	54P2R2A3_04478	100.000	310	0	0	1	310	1	310	0.0	625
54P2R2A3_04478	31P2R1A5_02382	97.097	310	9	0	1	310	1	310	0.0	611
54P2R2A3_04479	54P2R2A3_04479	100.000	268	0	0	1	268	1	268	0.0	539
54P2R2A3_04479	44P3R3A6_02556	95.522	268	12	0	1	268	1	268	0.0	518
54P2R2A3_04480	54P2R2A3_04480	100.000	340	0	0	1	340	1	340	0.0	702
54P2R2A3_04481	54P2R2A3_04481	100.000	186	0	0	1	186	1	186	9.24e-138	382
54P2R2A3_04483	54P2R2A3_04483	100.000	309	0	0	1	309	1	309	0.0	630
54P2R2A3_04484	54P2R2A3_04484	100.000	191	0	0	1	191	1	191	4.84e-143	395
54P2R2A3_04484	31P2R1A5_02375	95.812	191	8	0	1	191	1	191	4.06e-137	380
54P2R2A3_04485	54P2R2A3_04485	100.000	98	0	0	1	98	1	98	4.64e-68	198
54P2R2A3_04486	54P2R2A3_04486	100.000	110	0	0	1	110	1	110	6.10e-76	219
54P2R2A3_04487	54P2R2A3_04487	100.000	431	0	0	1	431	1	431	0.0	835
54P2R2A3_04487	31P2R1A5_02372	97.680	431	10	0	1	431	1	431	0.0	815
54P2R2A3_04488	54P2R2A3_04488	100.000	141	0	0	1	141	1	141	1.27e-101	286
54P2R2A3_04488	31P2R1A5_02371	95.035	141	7	0	1	141	1	141	3.36e-97	275
54P2R2A3_04490	54P2R2A3_04490	100.000	100	0	0	1	100	1	100	3.18e-70	204
54P2R2A3_04492	54P2R2A3_04492	100.000	646	0	0	1	646	1	646	0.0	1280
54P2R2A3_04495	54P2R2A3_04495	100.000	77	0	0	1	77	1	77	1.64e-54	162
54P2R2A3_04495	31P2R1A5_02364	97.403	77	2	0	1	77	1	77	8.64e-53	158
54P2R2A3_04497	54P2R2A3_04497	100.000	441	0	0	1	441	1	441	0.0	896
54P2R2A3_04500	54P2R2A3_04500	100.000	176	0	0	1	176	1	176	7.37e-127	353
54P2R2A3_04501	54P2R2A3_04501	100.000	871	0	0	1	871	1	871	0.0	1786
54P2R2A3_04501	31P2R1A5_02358	97.477	872	21	1	1	871	1	872	0.0	1749
54P2R2A3_04502	54P2R2A3_04502	100.000	235	0	0	1	235	1	235	5.20e-175	480
54P2R2A3_04502	31P2R1A5_02357	95.319	235	11	0	1	235	8	242	4.43e-166	457
54P2R2A3_04503	54P2R2A3_04503	100.000	179	0	0	1	179	1	179	3.53e-132	367
54P2R2A3_04503	31P2R1A5_02356	95.531	179	8	0	1	179	1	179	3.96e-115	324
54P2R2A3_04504	54P2R2A3_04504	100.000	183	0	0	1	183	1	183	2.53e-127	355
54P2R2A3_04504	31P2R1A5_02355	95.628	183	8	0	1	183	1	183	9.48e-100	285
54P2R2A3_04505	54P2R2A3_04505	100.000	203	0	0	1	203	1	203	2.33e-151	417
54P2R2A3_04506	54P2R2A3_04506	100.000	202	0	0	1	202	1	202	8.60e-152	419
54P2R2A3_04506	31P2R1A5_02353	97.525	202	5	0	1	202	1	202	7.86e-147	406
54P2R2A3_04507	54P2R2A3_04507	100.000	319	0	0	1	319	1	319	0.0	629
54P2R2A3_04508	54P2R2A3_04508	100.000	169	0	0	1	169	1	169	1.51e-121	339
54P2R2A3_04509	54P2R2A3_04509	100.000	299	0	0	1	299	1	299	0.0	563
54P2R2A3_04509	31P2R1A5_02345	97.324	299	8	0	1	299	1	299	0.0	550
54P2R2A3_04514	54P2R2A3_04514	100.000	332	0	0	1	332	1	332	0.0	671
54P2R2A3_04514	31P2R1A5_02340	96.687	332	11	0	1	332	1	332	0.0	652
54P2R2A3_04515	54P2R2A3_04515	100.000	212	0	0	1	212	1	212	4.31e-158	435
54P2R2A3_04515	31P2R1A5_02339	97.170	212	6	0	1	212	1	212	1.89e-154	426
54P2R2A3_04516	54P2R2A3_04516	100.000	239	0	0	1	239	1	239	4.20e-180	493
54P2R2A3_04523	54P2R2A3_04523	100.000	246	0	0	1	246	1	246	8.90e-170	468
54P2R2A3_04523	31P2R1A5_00772	97.561	246	6	0	1	246	1	246	4.23e-166	458
54P2R2A3_04527	54P2R2A3_04527	100.000	157	0	0	1	157	1	157	2.88e-116	325
54P2R2A3_04534	54P2R2A3_04534	100.000	604	0	0	1	604	1	604	0.0	1208
54P2R2A3_04534	31P2R1A5_00783	97.185	604	17	0	1	604	1	604	0.0	1177
54P2R2A3_04535	54P2R2A3_04535	100.000	305	0	0	1	305	1	305	0.0	603
54P2R2A3_04535	31P2R1A5_00784	96.382	304	11	0	2	305	1	304	0.0	578
54P2R2A3_04536	54P2R2A3_04536	100.000	141	0	0	1	141	1	141	5.00e-100	283
54P2R2A3_04536	31P2R1A5_00785	96.454	141	5	0	1	141	1	141	2.78e-97	276
54P2R2A3_04540	54P2R2A3_04540	100.000	428	0	0	1	428	1	428	0.0	854
54P2R2A3_04541	54P2R2A3_04541	100.000	536	0	0	1	536	1	536	0.0	1095
54P2R2A3_04542	54P2R2A3_04542	100.000	250	0	0	1	250	1	250	0.0	505
54P2R2A3_04542	42P1R1A12_03512	98.000	250	5	0	1	250	1	250	0.0	498
54P2R2A3_04542	51P2R2A10_03448	96.400	250	9	0	1	250	1	250	6.55e-180	493
54P2R2A3_04543	54P2R2A3_04543	100.000	334	0	0	1	334	1	334	0.0	688
54P2R2A3_04546	54P2R2A3_04546	100.000	488	0	0	1	488	1	488	0.0	999
54P2R2A3_04546	31P2R1A5_00791	97.336	488	13	0	1	488	1	488	0.0	978
54P2R2A3_04548	54P2R2A3_04548	100.000	221	0	0	1	221	1	221	1.48e-163	450
54P2R2A3_04550	54P2R2A3_04550	100.000	557	0	0	1	557	1	557	0.0	1149
54P2R2A3_04550	31P2R1A5_00795	99.076	541	5	0	17	557	1	541	0.0	1107
54P2R2A3_04550	42P1R1A12_03520	96.230	557	21	0	1	557	1	557	0.0	1090
54P2R2A3_04550	51P2R2A10_03440	96.488	541	19	0	17	557	1	541	0.0	1083
54P2R2A3_04554	54P2R2A3_04554	100.000	258	0	0	1	258	1	258	0.0	527
54P2R2A3_04554	31P2R1A5_00799	96.512	258	9	0	1	258	1	258	0.0	510
54P2R2A3_04554	42P1R1A12_03524	95.736	258	11	0	1	258	1	258	0.0	503
54P2R2A3_04562	54P2R2A3_04562	100.000	413	0	0	1	413	1	413	0.0	822
54P2R2A3_04562	31P2R1A5_00807	97.821	413	9	0	1	413	1	413	0.0	807
54P2R2A3_04564	54P2R2A3_04564	100.000	204	0	0	1	204	1	204	3.41e-153	422
54P2R2A3_04565	54P2R2A3_04565	100.000	47	0	0	1	47	1	47	7.51e-28	93.6
54P2R2A3_04566	54P2R2A3_04566	100.000	234	0	0	1	234	1	234	3.30e-172	473
54P2R2A3_04567	54P2R2A3_04567	100.000	619	0	0	1	619	1	619	0.0	1249
54P2R2A3_04567	31P2R1A5_00811	97.092	619	18	0	1	619	1	619	0.0	1217
54P2R2A3_04569	54P2R2A3_04569	100.000	283	0	0	1	283	1	283	0.0	557
54P2R2A3_04569	31P2R1A5_00813	97.173	283	8	0	1	283	1	283	0.0	541
54P2R2A3_04572	54P2R2A3_04572	100.000	616	0	0	1	616	1	616	0.0	1241
54P2R2A3_04572	31P2R1A5_00816	95.779	616	26	0	1	616	1	616	0.0	1174
54P2R2A3_04573	54P2R2A3_04573	100.000	530	0	0	1	530	1	530	0.0	1072
54P2R2A3_04575	54P2R2A3_04575	100.000	210	0	0	1	210	1	210	7.57e-149	412
54P2R2A3_04575	31P2R1A5_00819	96.667	210	7	0	1	210	1	210	8.70e-144	399
54P2R2A3_04576	54P2R2A3_04576	100.000	478	0	0	1	478	1	478	0.0	979
54P2R2A3_04576	44P3R3A6_01735	97.908	478	10	0	1	478	1	478	0.0	962
54P2R2A3_04576	33P3R2A2_04396	97.490	478	12	0	1	478	1	478	0.0	961
54P2R2A3_04576	31P2R1A5_00820	97.699	478	11	0	1	478	1	478	0.0	960
54P2R2A3_04577	54P2R2A3_04577	100.000	379	0	0	1	379	1	379	0.0	775
54P2R2A3_04577	44P3R3A6_01734	96.543	376	13	0	1	376	1	376	0.0	748
54P2R2A3_04578	54P2R2A3_04578	100.000	44	0	0	1	44	1	44	7.16e-27	90.9
54P2R2A3_04581	54P2R2A3_04581	100.000	125	0	0	1	125	1	125	1.05e-90	258
54P2R2A3_04581	44P3R3A6_04726	96.800	125	4	0	1	125	1	125	1.12e-86	248
54P2R2A3_04581	31P2R1A5_01462	96.000	125	5	0	1	125	1	125	1.93e-85	244
54P2R2A3_04585	54P2R2A3_04585	100.000	266	0	0	1	266	1	266	0.0	546
54P2R2A3_04585	31P2R1A5_01466	97.736	265	6	0	2	266	1	265	0.0	530
54P2R2A3_04587	54P2R2A3_04587	100.000	115	0	0	1	115	1	115	2.38e-78	226
54P2R2A3_04594	54P2R2A3_04594	100.000	320	0	0	1	320	1	320	0.0	647
54P2R2A3_04594	31P2R1A5_01475	97.500	320	8	0	1	320	1	320	0.0	632
54P2R2A3_04598	54P2R2A3_04598	100.000	180	0	0	1	180	1	180	1.80e-129	360
54P2R2A3_04598	31P2R1A5_01479	97.778	180	4	0	1	180	1	180	4.54e-126	352
54P2R2A3_04602	54P2R2A3_04602	100.000	276	0	0	1	276	1	276	0.0	558
54P2R2A3_04603	54P2R2A3_04603	100.000	216	0	0	1	216	1	216	3.29e-156	431
54P2R2A3_04603	31P2R1A5_01484	97.685	216	5	0	1	216	1	216	1.77e-153	424
54P2R2A3_04608	54P2R2A3_04608	100.000	335	0	0	1	335	1	335	0.0	670
54P2R2A3_04608	31P2R1A5_01489	97.313	335	9	0	1	335	1	335	0.0	651
54P2R2A3_04611	54P2R2A3_04611	100.000	270	0	0	1	270	1	270	0.0	555
54P2R2A3_04611	31P2R1A5_01492	95.185	270	13	0	1	270	1	270	0.0	530
54P2R2A3_04615	54P2R2A3_04615	100.000	310	0	0	1	310	1	310	0.0	624
54P2R2A3_04615	31P2R1A5_01496	96.774	310	10	0	1	310	1	310	0.0	610
54P2R2A3_04620	54P2R2A3_04620	100.000	195	0	0	1	195	1	195	2.72e-145	401
54P2R2A3_04622	54P2R2A3_04622	100.000	1078	0	0	1	1078	1	1078	0.0	2149
54P2R2A3_04624	54P2R2A3_04624	100.000	405	0	0	1	405	1	405	0.0	774
54P2R2A3_04626	54P2R2A3_04626	100.000	308	0	0	1	308	1	308	0.0	630
54P2R2A3_04626	31P2R1A5_01507	96.753	308	10	0	1	308	1	308	0.0	610
54P2R2A3_04627	54P2R2A3_04627	100.000	218	0	0	1	218	1	218	1.97e-161	444
54P2R2A3_04627	31P2R1A5_01508	96.789	218	7	0	1	218	1	218	1.21e-156	432
54P2R2A3_04628	54P2R2A3_04628	100.000	195	0	0	1	195	1	195	2.08e-148	409
54P2R2A3_04628	31P2R1A5_01509	97.436	195	5	0	1	195	29	223	2.20e-145	403
54P2R2A3_04628	42P1R1A12_02051	96.923	195	6	0	1	195	1	195	1.34e-144	400
54P2R2A3_04631	54P2R2A3_04631	100.000	349	0	0	1	349	1	349	0.0	725
54P2R2A3_04631	31P2R1A5_01512	97.708	349	8	0	1	349	1	349	0.0	710
54P2R2A3_04634	54P2R2A3_04634	100.000	373	0	0	1	373	1	373	0.0	766
54P2R2A3_04634	31P2R1A5_01515	96.247	373	14	0	1	373	1	373	0.0	717
54P2R2A3_04636	54P2R2A3_04636	100.000	355	0	0	1	355	1	355	0.0	743
54P2R2A3_04636	31P2R1A5_01517	97.746	355	8	0	1	355	1	355	0.0	728
54P2R2A3_04638	54P2R2A3_04638	100.000	409	0	0	1	409	1	409	0.0	801
54P2R2A3_04638	31P2R1A5_01519	96.852	413	9	1	1	409	1	413	0.0	783
54P2R2A3_04640	54P2R2A3_04640	100.000	76	0	0	1	76	1	76	4.89e-51	154
54P2R2A3_04640	31P2R1A5_01521	97.368	76	2	0	1	76	1	76	5.08e-50	151
54P2R2A3_04643	54P2R2A3_04643	100.000	387	0	0	1	387	1	387	0.0	778
54P2R2A3_04643	31P2R1A5_01524	97.416	387	10	0	1	387	1	387	0.0	756
54P2R2A3_04644	54P2R2A3_04644	100.000	198	0	0	1	198	1	198	3.40e-143	396
54P2R2A3_04644	31P2R1A5_01525	97.980	198	4	0	1	198	1	198	3.73e-140	389
54P2R2A3_04645	54P2R2A3_04645	100.000	176	0	0	1	176	1	176	2.80e-128	357
54P2R2A3_04645	31P2R1A5_01526	97.159	176	5	0	1	176	1	176	3.51e-125	349
54P2R2A3_04646	54P2R2A3_04646	100.000	161	0	0	1	161	1	161	6.09e-113	317
54P2R2A3_04646	31P2R1A5_01527	95.031	161	8	0	1	161	1	161	8.18e-108	304
54P2R2A3_04649	54P2R2A3_04649	100.000	313	0	0	1	313	1	313	0.0	639
54P2R2A3_04649	31P2R1A5_01530	97.764	313	7	0	1	313	1	313	0.0	620
54P2R2A3_04658	54P2R2A3_04658	100.000	445	0	0	1	445	1	445	0.0	901
54P2R2A3_04658	31P2R1A5_04510	97.303	445	12	0	1	445	1	445	0.0	880
54P2R2A3_04659	54P2R2A3_04659	100.000	308	0	0	1	308	1	308	0.0	583
54P2R2A3_04659	31P2R1A5_04509	95.130	308	15	0	1	308	1	308	0.0	561
54P2R2A3_04669	54P2R2A3_04669	100.000	360	0	0	1	360	1	360	0.0	716
54P2R2A3_04669	31P2R1A5_04499	97.778	360	8	0	1	360	1	360	0.0	702
54P2R2A3_04671	54P2R2A3_04671	100.000	37	0	0	1	37	1	37	2.12e-18	68.9
54P2R2A3_04672	54P2R2A3_04672	100.000	83	0	0	1	83	1	83	9.82e-54	161
54P2R2A3_04672	31P2R1A5_04496	96.386	83	3	0	1	83	1	83	5.92e-39	124
54P2R2A3_04675	54P2R2A3_04675	100.000	194	0	0	1	194	1	194	6.95e-143	395
54P2R2A3_04675	31P2R1A5_04493	97.938	194	4	0	1	194	1	194	2.41e-139	386
54P2R2A3_04683	54P2R2A3_04683	100.000	329	0	0	1	329	1	329	0.0	689
54P2R2A3_04683	44P3R3A6_01719	97.872	329	7	0	1	329	1	329	0.0	678
54P2R2A3_04685	54P2R2A3_04685	100.000	345	0	0	1	345	1	345	0.0	690
54P2R2A3_04685	31P2R1A5_04488	97.067	341	10	0	1	341	1	341	0.0	664
54P2R2A3_04689	54P2R2A3_04689	100.000	327	0	0	1	327	1	327	0.0	662
54P2R2A3_04689	31P2R1A5_04484	97.859	327	7	0	1	327	1	327	0.0	645
54P2R2A3_04692	54P2R2A3_04692	100.000	341	0	0	1	341	1	341	0.0	702
54P2R2A3_04692	31P2R1A5_04481	97.067	341	10	0	1	341	1	341	0.0	685
54P2R2A3_04697	54P2R2A3_04697	100.000	495	0	0	1	495	1	495	0.0	1009
54P2R2A3_04697	31P2R1A5_04476	96.364	495	18	0	1	495	1	495	0.0	977
54P2R2A3_04701	54P2R2A3_04701	100.000	198	0	0	1	198	1	198	5.48e-146	404
54P2R2A3_04701	31P2R1A5_04472	96.465	198	7	0	1	198	1	198	7.13e-140	388
54P2R2A3_04701	44P3R3A6_05259	98.876	178	2	0	1	178	1	178	1.43e-130	364
54P2R2A3_04703	54P2R2A3_04703	100.000	391	0	0	1	391	1	391	0.0	737
54P2R2A3_04703	31P2R1A5_04470	96.164	391	15	0	1	391	1	391	0.0	605
54P2R2A3_04705	54P2R2A3_04705	100.000	396	0	0	1	396	1	396	0.0	822
54P2R2A3_04706	54P2R2A3_04706	100.000	578	0	0	1	578	1	578	0.0	1200
54P2R2A3_04707	54P2R2A3_04707	100.000	259	0	0	1	259	1	259	0.0	516
54P2R2A3_04707	31P2R1A5_04468	96.139	259	10	0	1	259	1	259	2.74e-179	493
54P2R2A3_04708	54P2R2A3_04708	100.000	264	0	0	1	264	1	264	0.0	545
54P2R2A3_04708	31P2R1A5_04467	95.833	264	11	0	1	264	1	264	0.0	524
54P2R2A3_04710	54P2R2A3_04710	100.000	543	0	0	1	543	1	543	0.0	1107
54P2R2A3_04710	31P2R1A5_05305	97.422	543	14	0	1	543	1	543	0.0	1079
54P2R2A3_04711	54P2R2A3_04711	100.000	575	0	0	1	575	1	575	0.0	1159
54P2R2A3_04711	31P2R1A5_05304	97.565	575	14	0	1	575	1	575	0.0	1135
54P2R2A3_04715	54P2R2A3_04715	100.000	379	0	0	1	379	1	379	0.0	780
54P2R2A3_04715	31P2R1A5_05300	98.417	379	6	0	1	379	44	422	0.0	766
54P2R2A3_04717	54P2R2A3_04717	100.000	164	0	0	1	164	1	164	2.68e-122	341
54P2R2A3_04722	54P2R2A3_04722	100.000	121	0	0	1	121	1	121	3.15e-86	246
54P2R2A3_04722	31P2R1A5_04006	96.694	121	4	0	1	121	1	121	1.87e-83	239
54P2R2A3_04727	54P2R2A3_04727	100.000	217	0	0	1	217	1	217	9.17e-160	440
54P2R2A3_04727	31P2R1A5_04011	95.392	217	10	0	1	217	1	217	2.18e-153	424
54P2R2A3_04729	54P2R2A3_04729	100.000	238	0	0	1	238	1	238	2.69e-177	486
54P2R2A3_04730	54P2R2A3_04730	100.000	131	0	0	1	131	1	131	4.06e-94	267
54P2R2A3_04730	31P2R1A5_04077	95.420	131	6	0	1	131	1	131	3.33e-90	257
54P2R2A3_04732	54P2R2A3_04732	100.000	76	0	0	1	76	1	76	1.36e-50	152
54P2R2A3_04732	31P2R1A5_04084	96.053	76	3	0	1	76	1	76	4.90e-48	146
54P2R2A3_04741	54P2R2A3_04741	100.000	35	0	0	1	35	1	35	4.29e-17	65.5
54P2R2A3_04742	54P2R2A3_04742	100.000	211	0	0	1	211	1	211	4.96e-153	422
54P2R2A3_04743	54P2R2A3_04743	100.000	229	0	0	1	229	1	229	4.58e-171	469
54P2R2A3_04744	54P2R2A3_04744	100.000	503	0	0	1	503	1	503	0.0	1031
54P2R2A3_04745	54P2R2A3_04745	100.000	297	0	0	1	297	1	297	0.0	591
54P2R2A3_04745	31P2R1A5_04102	97.306	297	8	0	1	297	1	297	0.0	576
54P2R2A3_04746	54P2R2A3_04746	100.000	595	0	0	1	595	1	595	0.0	1216
54P2R2A3_04746	31P2R1A5_04103	96.627	593	20	0	1	593	1	593	0.0	1172
54P2R2A3_04747	54P2R2A3_04747	100.000	403	0	0	1	403	1	403	0.0	823
54P2R2A3_04751	54P2R2A3_04751	100.000	88	0	0	1	88	1	88	1.48e-60	179
54P2R2A3_04751	31P2R1A5_04108	97.727	88	2	0	1	88	1	88	5.04e-59	175
54P2R2A3_04753	54P2R2A3_04753	100.000	338	0	0	1	338	1	338	0.0	693
54P2R2A3_04753	31P2R1A5_04110	97.337	338	9	0	1	338	1	338	0.0	678
54P2R2A3_04754	54P2R2A3_04754	100.000	80	0	0	1	80	1	80	6.72e-54	161
54P2R2A3_04755	54P2R2A3_04755	100.000	119	0	0	1	119	1	119	6.39e-86	245
54P2R2A3_04755	31P2R1A5_04112	97.479	119	3	0	1	119	1	119	1.20e-83	239
54P2R2A3_04755	44P3R3A6_03069	95.798	119	5	0	1	119	1	119	9.89e-83	237
54P2R2A3_04756	54P2R2A3_04756	100.000	170	0	0	1	170	1	170	6.83e-123	343
54P2R2A3_04756	31P2R1A5_04113	95.294	170	8	0	1	170	1	170	1.52e-109	309
54P2R2A3_04757	54P2R2A3_04757	100.000	231	0	0	1	231	1	231	9.99e-171	469
54P2R2A3_04757	31P2R1A5_04114	96.104	231	9	0	1	231	1	231	1.23e-165	456
54P2R2A3_04760	54P2R2A3_04760	100.000	149	0	0	1	149	1	149	1.93e-97	277
54P2R2A3_04760	31P2R1A5_04117	97.987	149	3	0	1	149	1	149	3.62e-96	273
54P2R2A3_04760	42P1R1A12_02143	95.489	133	6	0	17	149	17	149	3.54e-74	218
54P2R2A3_04761	54P2R2A3_04761	100.000	167	0	0	1	167	1	167	1.49e-119	334
54P2R2A3_04761	31P2R1A5_04118	97.605	167	4	0	1	167	1	167	2.36e-117	328
54P2R2A3_04762	54P2R2A3_04762	100.000	380	0	0	1	380	1	380	0.0	780
54P2R2A3_04762	44P3R3A6_03062	97.619	378	9	0	1	378	1	378	0.0	756
54P2R2A3_04764	54P2R2A3_04764	100.000	120	0	0	1	120	1	120	4.51e-88	251
54P2R2A3_04764	54P2R2A3_05147	98.667	75	1	0	46	120	1	75	2.85e-51	156
54P2R2A3_04764	42P1R1A12_05423	97.143	35	1	0	86	120	58	92	1.18e-17	72.0
54P2R2A3_04765	54P2R2A3_04765	100.000	85	0	0	1	85	1	85	1.37e-59	176
54P2R2A3_04766	54P2R2A3_04766	100.000	77	0	0	1	77	1	77	1.27e-52	158
54P2R2A3_04767	54P2R2A3_04767	100.000	68	0	0	1	68	1	68	2.60e-46	141
54P2R2A3_04767	44P3R3A6_05155	95.588	68	3	0	1	68	1	68	8.74e-45	137
54P2R2A3_04768	54P2R2A3_04768	100.000	123	0	0	1	123	1	123	4.24e-88	251
54P2R2A3_04770	54P2R2A3_04770	100.000	189	0	0	1	189	1	189	1.44e-134	374
54P2R2A3_04770	42P1R1A12_05574	97.354	189	5	0	1	189	1	189	1.47e-130	363
54P2R2A3_04770	31P2R1A5_03857	95.238	189	9	0	1	189	1	189	1.78e-126	353
54P2R2A3_04770	31P2R1A5_05291	96.970	99	3	0	1	99	1	99	2.69e-62	188
54P2R2A3_04772	54P2R2A3_04772	100.000	421	0	0	1	421	1	421	0.0	855
54P2R2A3_04773	54P2R2A3_04773	100.000	41	0	0	1	41	1	41	1.30e-22	79.7
54P2R2A3_04774	54P2R2A3_04774	100.000	214	0	0	1	214	1	214	5.78e-160	440
54P2R2A3_04786	54P2R2A3_04786	100.000	816	0	0	1	816	1	816	0.0	1661
54P2R2A3_04786	10P3R2A13_03870	96.569	816	26	1	1	816	1	814	0.0	1601
54P2R2A3_04787	54P2R2A3_04787	100.000	147	0	0	1	147	1	147	1.88e-107	302
54P2R2A3_04787	10P3R2A13_03869	97.279	147	4	0	1	147	1	147	4.07e-105	296
54P2R2A3_04794	54P2R2A3_04794	100.000	144	0	0	1	144	1	144	2.73e-103	291
54P2R2A3_04794	10P3R2A13_03862	97.917	144	3	0	1	144	1	144	2.04e-101	286
54P2R2A3_04795	54P2R2A3_04795	100.000	117	0	0	1	117	1	117	1.40e-81	234
54P2R2A3_04795	10P3R2A13_03861	95.726	117	5	0	1	117	1	117	3.09e-77	223
54P2R2A3_04796	54P2R2A3_04796	100.000	303	0	0	1	303	1	303	0.0	624
54P2R2A3_04797	54P2R2A3_04797	100.000	325	0	0	1	325	1	325	0.0	673
54P2R2A3_04798	54P2R2A3_04798	100.000	456	0	0	1	456	1	456	0.0	948
54P2R2A3_04799	54P2R2A3_04799	100.000	178	0	0	1	178	1	178	5.71e-128	356
54P2R2A3_04800	54P2R2A3_04800	100.000	737	0	0	1	737	1	737	0.0	1538
54P2R2A3_04801	54P2R2A3_04801	100.000	121	0	0	1	121	1	121	3.81e-89	253
54P2R2A3_04802	54P2R2A3_04802	100.000	270	0	0	1	270	1	270	0.0	555
54P2R2A3_04803	54P2R2A3_04803	100.000	173	0	0	1	173	1	173	7.96e-128	355
54P2R2A3_04808	54P2R2A3_04808	100.000	102	0	0	1	102	1	102	9.35e-74	213
54P2R2A3_04808	31P2R1A5_03881	95.294	85	4	0	18	102	1	85	9.09e-58	172
54P2R2A3_04809	54P2R2A3_04809	100.000	84	0	0	1	84	1	84	2.06e-57	171
54P2R2A3_04809	31P2R1A5_03882	97.619	84	2	0	1	84	1	84	3.34e-56	167
54P2R2A3_04816	54P2R2A3_04816	100.000	212	0	0	1	212	1	212	5.63e-156	430
54P2R2A3_04816	31P2R1A5_01629	99.020	204	2	0	9	212	6	209	8.01e-149	412
54P2R2A3_04816	42P1R1A12_02810	95.652	184	8	0	29	212	1	184	4.21e-120	338
54P2R2A3_04817	54P2R2A3_04817	100.000	72	0	0	1	72	1	72	1.29e-49	150
54P2R2A3_04817	31P2R1A5_01630	97.222	72	2	0	1	72	1	72	1.76e-47	144
54P2R2A3_04818	54P2R2A3_04818	100.000	578	0	0	1	578	1	578	0.0	1182
54P2R2A3_04818	31P2R1A5_01631	98.789	578	7	0	1	578	20	597	0.0	1172
54P2R2A3_04824	54P2R2A3_04824	100.000	298	0	0	1	298	1	298	0.0	605
54P2R2A3_04824	31P2R1A5_01637	95.973	298	12	0	1	298	1	298	0.0	583
54P2R2A3_04825	54P2R2A3_04825	100.000	249	0	0	1	249	1	249	0.0	506
54P2R2A3_04825	31P2R1A5_01638	97.590	249	6	0	1	249	1	249	1.92e-180	495
54P2R2A3_04825	42P1R1A12_02818	95.984	249	10	0	1	249	1	249	2.98e-177	487
54P2R2A3_04826	54P2R2A3_04826	100.000	61	0	0	1	61	1	61	1.54e-39	124
54P2R2A3_04826	31P2R1A5_01639	95.082	61	3	0	1	61	1	61	1.00e-37	119
54P2R2A3_04827	54P2R2A3_04827	100.000	410	0	0	1	410	1	410	0.0	838
54P2R2A3_04827	31P2R1A5_01640	96.341	410	15	0	1	410	1	410	0.0	809
54P2R2A3_04828	54P2R2A3_04828	100.000	327	0	0	1	327	1	327	0.0	652
54P2R2A3_04828	31P2R1A5_01641	96.636	327	11	0	1	327	1	327	0.0	632
54P2R2A3_04830	54P2R2A3_04830	100.000	755	0	0	1	755	1	755	0.0	1479
54P2R2A3_04836	54P2R2A3_04836	100.000	231	0	0	1	231	1	231	4.48e-172	472
54P2R2A3_04836	31P2R1A5_01649	97.835	231	5	0	1	231	1	231	6.39e-169	464
54P2R2A3_04842	54P2R2A3_04842	100.000	288	0	0	1	288	1	288	0.0	558
54P2R2A3_04842	31P2R1A5_01655	95.139	288	14	0	1	288	1	288	0.0	521
54P2R2A3_04853	54P2R2A3_04853	100.000	106	0	0	1	106	1	106	1.97e-73	213
54P2R2A3_04853	42P1R1A12_05480	97.170	106	3	0	1	106	1	106	5.31e-72	209
54P2R2A3_04853	31P2R1A5_05156	97.170	106	3	0	1	106	1	106	9.70e-72	208
54P2R2A3_04855	54P2R2A3_04855	100.000	511	0	0	1	511	1	511	0.0	1055
54P2R2A3_04855	31P2R1A5_05158	96.869	511	16	0	1	511	1	511	0.0	1027
54P2R2A3_04858	54P2R2A3_04858	100.000	67	0	0	1	67	1	67	1.11e-43	134
54P2R2A3_04858	31P2R1A5_05161	97.015	67	2	0	1	67	1	67	2.11e-42	131
54P2R2A3_04859	54P2R2A3_04859	100.000	252	0	0	1	252	1	252	0.0	509
54P2R2A3_04859	31P2R1A5_05162	96.429	252	9	0	1	252	1	252	3.15e-179	492
54P2R2A3_04860	54P2R2A3_04860	100.000	212	0	0	1	212	1	212	3.90e-153	423
54P2R2A3_04860	31P2R1A5_05163	97.642	212	5	0	1	212	1	212	5.50e-150	415
54P2R2A3_04864	54P2R2A3_04864	100.000	355	0	0	1	355	1	355	0.0	734
54P2R2A3_04864	31P2R1A5_05167	97.746	355	8	0	1	355	1	355	0.0	719
54P2R2A3_04864	38P2R3A13_07124	96.338	355	13	0	1	355	1	355	0.0	708
54P2R2A3_04864	42P1R1A12_05491	96.338	355	13	0	1	355	1	355	0.0	707
54P2R2A3_04864	10P3R2A13_04274	95.493	355	16	0	1	355	1	355	0.0	701
54P2R2A3_04866	54P2R2A3_04866	100.000	197	0	0	1	197	1	197	4.69e-147	406
54P2R2A3_04866	31P2R1A5_05169	97.970	197	4	0	1	197	1	197	2.76e-144	399
54P2R2A3_04866	42P1R1A12_05493	95.431	197	9	0	1	197	1	197	3.27e-141	391
54P2R2A3_04868	54P2R2A3_04868	100.000	232	0	0	1	232	1	232	3.18e-174	478
54P2R2A3_04868	31P2R1A5_05171	96.983	232	7	0	1	232	1	232	2.63e-169	465
54P2R2A3_04869	54P2R2A3_04869	100.000	146	0	0	1	146	1	146	3.11e-107	301
54P2R2A3_04870	54P2R2A3_04870	100.000	465	0	0	1	465	1	465	0.0	943
54P2R2A3_04871	54P2R2A3_04871	100.000	444	0	0	1	444	1	444	0.0	904
54P2R2A3_04871	44P3R3A6_05071	95.045	444	22	0	1	444	1	444	0.0	861
54P2R2A3_04872	54P2R2A3_04872	100.000	432	0	0	1	432	1	432	0.0	882
54P2R2A3_04872	31P2R1A5_05175	97.454	432	11	0	1	432	1	432	0.0	864
54P2R2A3_04874	54P2R2A3_04874	100.000	68	0	0	1	68	1	68	1.24e-45	139
54P2R2A3_04876	54P2R2A3_04876	100.000	86	0	0	1	86	1	86	9.44e-58	171
54P2R2A3_04876	31P2R1A5_05247	96.512	86	3	0	1	86	1	86	9.82e-56	166
54P2R2A3_04878	54P2R2A3_04878	100.000	191	0	0	1	191	1	191	1.25e-141	392
54P2R2A3_04878	31P2R1A5_05245	97.382	191	5	0	1	191	1	191	3.59e-139	385
54P2R2A3_04881	54P2R2A3_04881	100.000	375	0	0	1	375	1	375	0.0	751
54P2R2A3_04883	54P2R2A3_04883	100.000	316	0	0	1	316	1	316	0.0	640
54P2R2A3_04883	31P2R1A5_05240	95.886	316	13	0	1	316	1	316	0.0	616
54P2R2A3_04884	54P2R2A3_04884	100.000	432	0	0	1	432	1	432	0.0	888
54P2R2A3_04884	31P2R1A5_05239	96.296	432	16	0	1	432	1	432	0.0	857
54P2R2A3_04887	54P2R2A3_04887	100.000	93	0	0	1	93	1	93	1.60e-64	189
54P2R2A3_04887	31P2R1A5_05236	95.699	93	4	0	1	93	1	93	5.32e-62	183
54P2R2A3_04888	54P2R2A3_04888	100.000	142	0	0	1	142	1	142	2.40e-103	291
54P2R2A3_04888	31P2R1A5_05235	97.887	142	3	0	1	142	1	142	5.15e-101	285
54P2R2A3_04889	54P2R2A3_04889	100.000	123	0	0	1	123	1	123	4.32e-85	243
54P2R2A3_04897	54P2R2A3_04897	100.000	168	0	0	1	168	1	168	6.24e-120	335
54P2R2A3_04897	10P3R2A13_04417	97.024	168	5	0	1	168	1	168	1.74e-115	324
54P2R2A3_04916	54P2R2A3_04916	100.000	174	0	0	1	174	1	174	5.03e-121	338
54P2R2A3_04920	54P2R2A3_04920	100.000	274	0	0	1	274	1	274	0.0	564
54P2R2A3_04921	54P2R2A3_04921	100.000	162	0	0	1	162	1	162	6.77e-120	335
54P2R2A3_04922	54P2R2A3_04922	100.000	131	0	0	1	131	1	131	1.40e-95	271
54P2R2A3_04923	54P2R2A3_04923	100.000	234	0	0	1	234	1	234	1.27e-173	476
54P2R2A3_04924	54P2R2A3_04924	100.000	123	0	0	1	123	1	123	5.65e-83	238
54P2R2A3_04924	31P2R1A5_03928	96.748	123	4	0	1	123	1	123	4.15e-58	175
54P2R2A3_04925	54P2R2A3_04925	100.000	102	0	0	1	102	1	102	3.71e-71	206
54P2R2A3_04925	31P2R1A5_03929	97.059	102	3	0	1	102	1	102	5.59e-70	204
54P2R2A3_04926	54P2R2A3_04926	100.000	189	0	0	1	189	1	189	2.26e-140	389
54P2R2A3_04926	31P2R1A5_03930	97.354	189	5	0	1	189	1	189	1.31e-137	382
54P2R2A3_04929	54P2R2A3_04929	100.000	195	0	0	1	195	1	195	4.00e-144	399
54P2R2A3_04930	54P2R2A3_04930	100.000	137	0	0	1	137	1	137	1.28e-99	281
54P2R2A3_04931	54P2R2A3_04931	100.000	73	0	0	1	73	1	73	7.29e-49	148
54P2R2A3_04931	44P3R3A6_05336	95.890	73	3	0	1	73	1	73	2.68e-47	144
54P2R2A3_04932	54P2R2A3_04932	100.000	104	0	0	1	104	1	104	8.16e-70	203
54P2R2A3_04932	44P3R3A6_05335	96.154	104	4	0	1	104	1	104	6.34e-66	194
54P2R2A3_04933	54P2R2A3_04933	100.000	135	0	0	1	135	1	135	9.89e-99	279
54P2R2A3_04934	54P2R2A3_04934	100.000	131	0	0	1	131	1	131	1.11e-89	256
54P2R2A3_04936	54P2R2A3_04936	100.000	131	0	0	1	131	1	131	1.18e-93	266
54P2R2A3_04936	44P3R3A6_05330	97.674	129	3	0	1	129	1	129	8.83e-90	256
54P2R2A3_04938	54P2R2A3_04938	100.000	134	0	0	1	134	1	134	1.06e-92	263
54P2R2A3_04939	54P2R2A3_04939	100.000	330	0	0	1	330	1	330	0.0	686
54P2R2A3_04939	44P3R3A6_05327	95.208	313	15	0	18	330	18	330	0.0	608
54P2R2A3_04940	54P2R2A3_04940	100.000	213	0	0	1	213	1	213	8.32e-159	437
54P2R2A3_04940	44P3R3A6_05326	95.775	213	9	0	1	213	1	213	2.23e-152	421
54P2R2A3_04941	54P2R2A3_04941	100.000	652	0	0	1	652	1	652	0.0	1347
54P2R2A3_04941	44P3R3A6_05325	96.319	652	24	0	1	652	1	652	0.0	1307
54P2R2A3_04942	54P2R2A3_04942	100.000	85	0	0	1	85	1	85	3.83e-57	170
54P2R2A3_04943	54P2R2A3_04943	100.000	83	0	0	1	83	1	83	8.09e-56	166
54P2R2A3_04944	54P2R2A3_04944	100.000	109	0	0	1	109	1	109	1.20e-78	226
54P2R2A3_04947	54P2R2A3_04947	100.000	186	0	0	1	186	1	186	7.02e-138	382
54P2R2A3_04947	31P2R1A5_03960	97.312	186	5	0	1	186	1	186	3.18e-134	373
54P2R2A3_04947	44P3R3A6_05319	95.676	185	8	0	1	185	1	185	1.00e-122	344
54P2R2A3_04948	54P2R2A3_04948	100.000	148	0	0	1	148	1	148	1.38e-107	302
54P2R2A3_04950	54P2R2A3_04950	100.000	950	0	0	1	950	1	950	0.0	1966
54P2R2A3_04951	54P2R2A3_04951	100.000	178	0	0	1	178	1	178	5.42e-126	351
54P2R2A3_04952	54P2R2A3_04952	100.000	139	0	0	1	139	1	139	5.53e-101	285
54P2R2A3_04952	31P2R1A5_05268	97.842	139	3	0	1	139	1	139	6.06e-99	280
54P2R2A3_04956	54P2R2A3_04956	100.000	388	0	0	1	388	1	388	0.0	751
54P2R2A3_04956	31P2R1A5_05264	97.680	388	9	0	1	388	1	388	0.0	732
54P2R2A3_04958	54P2R2A3_04958	100.000	478	0	0	1	478	1	478	0.0	943
54P2R2A3_04961	54P2R2A3_04961	100.000	288	0	0	1	288	1	288	0.0	586
54P2R2A3_04961	31P2R1A5_05259	97.569	288	7	0	1	288	1	288	0.0	571
54P2R2A3_04972	54P2R2A3_04972	100.000	108	0	0	1	108	1	108	1.95e-75	218
54P2R2A3_04972	10P3R2A13_01329	95.833	96	4	0	1	96	1	96	3.59e-63	187
54P2R2A3_04973	54P2R2A3_04973	100.000	346	0	0	1	346	1	346	0.0	694
54P2R2A3_04974	54P2R2A3_04974	100.000	206	0	0	1	206	1	206	2.01e-154	426
54P2R2A3_04975	54P2R2A3_04975	100.000	519	0	0	1	519	1	519	0.0	1062
54P2R2A3_04976	54P2R2A3_04976	100.000	197	0	0	1	197	1	197	6.47e-139	385
54P2R2A3_04976	30P2R3A4_04045	97.462	197	5	0	1	197	1	197	7.02e-136	378
54P2R2A3_04977	54P2R2A3_04977	100.000	86	0	0	1	86	1	86	1.17e-59	176
54P2R2A3_04977	30P2R3A4_04044	95.349	86	4	0	1	86	1	86	4.95e-57	170
